--2017-03-12 00:00:04--  ftp://ftp.internic.net/*
           => ‘./.listing’
Resolving ftp.internic.net (ftp.internic.net)... 192.0.32.9, 2620:0:2d0:200::9
Connecting to ftp.internic.net (ftp.internic.net)|192.0.32.9|:21... connected.
Logging in as anonymous ... 
220 Internic FTP Server
--> USER anonymous

331 Please specify the password.
--> PASS Turtle Power!

230 Login successful.
--> SYST

215 UNIX Type: L8
--> PWD

257 "/"
--> TYPE I

200 Switching to Binary mode.
==> CWD not needed.
--> PASV

227 Entering Passive Mode (192,0,32,9,42,228)
--> LIST -a

150 Here comes the directory listing.

     0K                                                        1.62M=0s

226 Directory send OK.
drwxr-xr-x    3 ftp      ftp          4096 Apr 04  2012 .
drwxr-xr-x    3 ftp      ftp          4096 Apr 04  2012 ..
drwxr-xr-x    2 ftp      ftp          4096 Sep 09  2015 domain
2017-03-12 00:00:10 (1.62 MB/s) - ‘./.listing’ saved [183]

--2017-03-12 00:00:10--  ftp://ftp.internic.net/domain/*
           => ‘./domain/.listing’
--> CWD /domain

250 Directory successfully changed.
--> PASV

227 Entering Passive Mode (192,0,32,9,41,157)
--> LIST -a

150 Here comes the directory listing.

     0K ...                                                    16.9M=0s

226 Directory send OK.
drwxr-xr-x    2 ftp      ftp          4096 Sep 09  2015 .
drwxr-xr-x    3 ftp      ftp          4096 Apr 04  2012 ..
-rw-r--r--    1 ftp      ftp          1829 Aug 18  2015 .listing
-rw-r--r--    1 ftp      ftp          1224 Mar 11 12:14 INTERNIC_ROOT_ZONE.signatures
-rw-r--r--    1 ftp      ftp          1469 Mar 11 12:14 INTERNIC_ROOT_ZONE.signatures.asc
-rw-r--r--    1 ftp      ftp         15186 Mar 11 12:14 arpa.zone
-rw-r--r--    1 ftp      ftp          6634 Mar 11 12:14 arpa.zone.gz
-rw-r--r--    1 ftp      ftp            33 Mar 11 12:14 arpa.zone.gz.md5
-rw-r--r--    1 ftp      ftp            72 Mar 11 12:14 arpa.zone.gz.sig
-rw-r--r--    1 ftp      ftp          3291 Oct 20 19:35 db.cache
-rw-r--r--    1 ftp      ftp            33 Oct 20 19:35 db.cache.md5
-rw-r--r--    1 ftp      ftp            72 Oct 20 19:35 db.cache.sig
-rw-r--r--    1 ftp      ftp        228015 Mar 11 15:40 in-addr.arpa
-rw-r--r--    1 ftp      ftp         90406 Mar 11 15:40 in-addr.arpa.gz
-rw-r--r--    1 ftp      ftp            55 Mar 11 15:40 in-addr.arpa.gz.md5
-rw-r--r--    1 ftp      ftp            90 Mar 11 15:40 in-addr.arpa.gz.sha256
-rw-r--r--    1 ftp      ftp            52 Mar 11 15:40 in-addr.arpa.md5
-rw-r--r--    1 ftp      ftp            87 Mar 11 15:40 in-addr.arpa.sha256
-rw-r--r--    1 ftp      ftp        228015 Mar 11 15:40 in-addr.arpa.zone
-rw-r--r--    1 ftp      ftp         90406 Mar 11 15:40 in-addr.arpa.zone.gz
-rw-r--r--    1 ftp      ftp            60 Mar 11 15:40 in-addr.arpa.zone.gz.md5
-rw-r--r--    1 ftp      ftp            95 Mar 11 15:40 in-addr.arpa.zone.gz.sha256
-rw-r--r--    1 ftp      ftp            57 Mar 11 15:40 in-addr.arpa.zone.md5
-rw-r--r--    1 ftp      ftp            92 Mar 11 15:40 in-addr.arpa.zone.sha256
-rw-r--r--    1 ftp      ftp         60746 Mar 11 15:40 ip6.arpa
-rw-r--r--    1 ftp      ftp         24339 Mar 11 15:40 ip6.arpa.gz
-rw-r--r--    1 ftp      ftp            51 Mar 11 15:40 ip6.arpa.gz.md5
-rw-r--r--    1 ftp      ftp            86 Mar 11 15:40 ip6.arpa.gz.sha256
-rw-r--r--    1 ftp      ftp            48 Mar 11 15:40 ip6.arpa.md5
-rw-r--r--    1 ftp      ftp            83 Mar 11 15:40 ip6.arpa.sha256
-rw-r--r--    1 ftp      ftp         60746 Mar 11 15:40 ip6.arpa.zone
-rw-r--r--    1 ftp      ftp         24339 Mar 11 15:40 ip6.arpa.zone.gz
-rw-r--r--    1 ftp      ftp            56 Mar 11 15:40 ip6.arpa.zone.gz.md5
-rw-r--r--    1 ftp      ftp            91 Mar 11 15:40 ip6.arpa.zone.gz.sha256
-rw-r--r--    1 ftp      ftp            53 Mar 11 15:40 ip6.arpa.zone.md5
-rw-r--r--    1 ftp      ftp            88 Mar 11 15:40 ip6.arpa.zone.sha256
-rw-r--r--    1 ftp      ftp            21 Mar 11 15:40 last_update.txt
-rw-r--r--    1 ftp      ftp          3291 Oct 20 19:35 named.cache
-rw-r--r--    1 ftp      ftp            33 Oct 20 19:35 named.cache.md5
-rw-r--r--    1 ftp      ftp            72 Oct 20 19:35 named.cache.sig
-rw-r--r--    1 ftp      ftp          3291 Oct 20 19:35 named.root
-rw-r--r--    1 ftp      ftp            33 Oct 20 19:35 named.root.md5
-rw-r--r--    1 ftp      ftp            72 Oct 20 19:35 named.root.sig
-rw-r--r--    1 ftp      ftp          2110 Oct 20 19:35 root-servers.net.zone
-rw-r--r--    1 ftp      ftp           574 Oct 20 19:35 root-servers.net.zone.gz
-rw-r--r--    1 ftp      ftp            33 Oct 20 19:35 root-servers.net.zone.gz.md5
-rw-r--r--    1 ftp      ftp            72 Oct 20 19:35 root-servers.net.zone.gz.sig
-rw-r--r--    1 ftp      ftp       2230823 Mar 11 05:41 root.zone
-rw-r--r--    1 ftp      ftp       1047665 Mar 11 05:41 root.zone.gz
-rw-r--r--    1 ftp      ftp            33 Mar 11 05:41 root.zone.gz.md5
-rw-r--r--    1 ftp      ftp            72 Mar 11 05:41 root.zone.gz.sig
-rw-r--r--    1 ftp      ftp            33 Mar 11 05:41 root.zone.md5
-rw-r--r--    1 ftp      ftp            72 Mar 11 05:41 root.zone.sig
2017-03-12 00:00:11 (16.9 MB/s) - ‘./domain/.listing’ saved [3930]

The sizes do not match (local 3930) -- retrieving.

--2017-03-12 00:00:11--  ftp://ftp.internic.net/domain/.listing
           => ‘./domain/.listing’
==> CWD not required.
--> PASV

227 Entering Passive Mode (192,0,32,9,155,15)
--> RETR .listing

150 Opening BINARY mode data connection for .listing (1829 bytes).
Length: 1829 (1.8K)

     0K .                                                     100% 8.72M=0s

226 Transfer complete.
2017-03-12 00:00:12 (8.72 MB/s) - ‘./domain/.listing’ saved [1829]

Remote file is newer than local file ‘./domain/INTERNIC_ROOT_ZONE.signatures’ -- retrieving.

--2017-03-12 00:00:12--  ftp://ftp.internic.net/domain/INTERNIC_ROOT_ZONE.signatures
           => ‘./domain/INTERNIC_ROOT_ZONE.signatures’
==> CWD not required.
--> PASV

227 Entering Passive Mode (192,0,32,9,188,56)
--> RETR INTERNIC_ROOT_ZONE.signatures

150 Opening BINARY mode data connection for INTERNIC_ROOT_ZONE.signatures (1224 bytes).
Length: 1224 (1.2K)

     0K .                                                     100% 8.46M=0s

226 Transfer complete.
2017-03-12 00:00:13 (8.46 MB/s) - ‘./domain/INTERNIC_ROOT_ZONE.signatures’ saved [1224]

Remote file is newer than local file ‘./domain/INTERNIC_ROOT_ZONE.signatures.asc’ -- retrieving.

--2017-03-12 00:00:13--  ftp://ftp.internic.net/domain/INTERNIC_ROOT_ZONE.signatures.asc
           => ‘./domain/INTERNIC_ROOT_ZONE.signatures.asc’
==> CWD not required.
--> PASV

227 Entering Passive Mode (192,0,32,9,233,247)
--> RETR INTERNIC_ROOT_ZONE.signatures.asc

150 Opening BINARY mode data connection for INTERNIC_ROOT_ZONE.signatures.asc (1469 bytes).
Length: 1469 (1.4K)

     0K .                                                     100% 1.59M=0.001s

226 Transfer complete.
2017-03-12 00:00:14 (1.59 MB/s) - ‘./domain/INTERNIC_ROOT_ZONE.signatures.asc’ saved [1469]

Remote file is newer than local file ‘./domain/arpa.zone’ -- retrieving.

--2017-03-12 00:00:14--  ftp://ftp.internic.net/domain/arpa.zone
           => ‘./domain/arpa.zone’
==> CWD not required.
--> PASV

227 Entering Passive Mode (192,0,32,9,42,203)
--> RETR arpa.zone

150 Opening BINARY mode data connection for arpa.zone (15186 bytes).
Length: 15186 (15K)

     0K .......... ....                                       100% 20.1M=0.001s

226 Transfer complete.
2017-03-12 00:00:15 (20.1 MB/s) - ‘./domain/arpa.zone’ saved [15186]

The sizes do not match (local 6635) -- retrieving.

--2017-03-12 00:00:15--  ftp://ftp.internic.net/domain/arpa.zone.gz
           => ‘./domain/arpa.zone.gz’
==> CWD not required.
--> PASV

227 Entering Passive Mode (192,0,32,9,37,110)
--> RETR arpa.zone.gz

150 Opening BINARY mode data connection for arpa.zone.gz (6634 bytes).
Length: 6634 (6.5K)

     0K ......                                                100% 4.05M=0.002s

226 Transfer complete.
2017-03-12 00:00:16 (4.05 MB/s) - ‘./domain/arpa.zone.gz’ saved [6634]

Remote file is newer than local file ‘./domain/arpa.zone.gz.md5’ -- retrieving.

--2017-03-12 00:00:16--  ftp://ftp.internic.net/domain/arpa.zone.gz.md5
           => ‘./domain/arpa.zone.gz.md5’
==> CWD not required.
--> PASV

227 Entering Passive Mode (192,0,32,9,194,108)
--> RETR arpa.zone.gz.md5

150 Opening BINARY mode data connection for arpa.zone.gz.md5 (33 bytes).
Length: 33

     0K                                                       100%  293K=0s

226 Transfer complete.
2017-03-12 00:00:17 (293 KB/s) - ‘./domain/arpa.zone.gz.md5’ saved [33]

Remote file is newer than local file ‘./domain/arpa.zone.gz.sig’ -- retrieving.

--2017-03-12 00:00:17--  ftp://ftp.internic.net/domain/arpa.zone.gz.sig
           => ‘./domain/arpa.zone.gz.sig’
==> CWD not required.
--> PASV

227 Entering Passive Mode (192,0,32,9,41,168)
--> RETR arpa.zone.gz.sig

150 Opening BINARY mode data connection for arpa.zone.gz.sig (72 bytes).
Length: 72

     0K                                                       100%  633K=0s

226 Transfer complete.
2017-03-12 00:00:18 (633 KB/s) - ‘./domain/arpa.zone.gz.sig’ saved [72]

Remote file no newer than local file ‘./domain/db.cache’ -- not retrieving.
Remote file no newer than local file ‘./domain/db.cache.md5’ -- not retrieving.
Remote file no newer than local file ‘./domain/db.cache.sig’ -- not retrieving.
Remote file is newer than local file ‘./domain/in-addr.arpa’ -- retrieving.

--2017-03-12 00:00:18--  ftp://ftp.internic.net/domain/in-addr.arpa
           => ‘./domain/in-addr.arpa’
==> CWD not required.
--> PASV

227 Entering Passive Mode (192,0,32,9,41,178)
--> RETR in-addr.arpa

150 Opening BINARY mode data connection for in-addr.arpa (228015 bytes).
Length: 228015 (223K)

     0K .......... .......... .......... .......... .......... 22% 76.7K 2s
    50K .......... .......... .......... .......... .......... 44% 76.5K 2s
   100K .......... .......... .......... .......... .......... 67% 76.6K 1s
   150K .......... .......... .......... .......... .......... 89% 75.1K 0s
   200K .......... .......... ..                              100% 35.6K=3.3s

226 Transfer complete.
2017-03-12 00:00:22 (68.3 KB/s) - ‘./domain/in-addr.arpa’ saved [228015]

The sizes do not match (local 90412) -- retrieving.

--2017-03-12 00:00:22--  ftp://ftp.internic.net/domain/in-addr.arpa.gz
           => ‘./domain/in-addr.arpa.gz’
==> CWD not required.
--> PASV

227 Entering Passive Mode (192,0,32,9,41,119)
--> RETR in-addr.arpa.gz

150 Opening BINARY mode data connection for in-addr.arpa.gz (90406 bytes).
Length: 90406 (88K)

     0K .......... .......... .......... .......... .......... 56% 76.6K 1s
    50K .......... .......... .......... ........             100% 58.7K=1.3s

226 Transfer complete.
2017-03-12 00:00:24 (67.6 KB/s) - ‘./domain/in-addr.arpa.gz’ saved [90406]

Remote file is newer than local file ‘./domain/in-addr.arpa.gz.md5’ -- retrieving.

--2017-03-12 00:00:24--  ftp://ftp.internic.net/domain/in-addr.arpa.gz.md5
           => ‘./domain/in-addr.arpa.gz.md5’
==> CWD not required.
--> PASV

227 Entering Passive Mode (192,0,32,9,204,242)
--> RETR in-addr.arpa.gz.md5

150 Opening BINARY mode data connection for in-addr.arpa.gz.md5 (55 bytes).
Length: 55

     0K                                                       100%  270K=0s

226 Transfer complete.
2017-03-12 00:00:25 (270 KB/s) - ‘./domain/in-addr.arpa.gz.md5’ saved [55]

Remote file is newer than local file ‘./domain/in-addr.arpa.gz.sha256’ -- retrieving.

--2017-03-12 00:00:25--  ftp://ftp.internic.net/domain/in-addr.arpa.gz.sha256
           => ‘./domain/in-addr.arpa.gz.sha256’
==> CWD not required.
--> PASV

227 Entering Passive Mode (192,0,32,9,42,30)
--> RETR in-addr.arpa.gz.sha256

150 Opening BINARY mode data connection for in-addr.arpa.gz.sha256 (90 bytes).
Length: 90

     0K                                                       100%  153K=0.001s

226 Transfer complete.
2017-03-12 00:00:26 (153 KB/s) - ‘./domain/in-addr.arpa.gz.sha256’ saved [90]

Remote file is newer than local file ‘./domain/in-addr.arpa.md5’ -- retrieving.

--2017-03-12 00:00:26--  ftp://ftp.internic.net/domain/in-addr.arpa.md5
           => ‘./domain/in-addr.arpa.md5’
==> CWD not required.
--> PASV

227 Entering Passive Mode (192,0,32,9,95,123)
--> RETR in-addr.arpa.md5

150 Opening BINARY mode data connection for in-addr.arpa.md5 (52 bytes).
Length: 52

     0K                                                       100% 36.9K=0.001s

226 Transfer complete.
2017-03-12 00:00:27 (36.9 KB/s) - ‘./domain/in-addr.arpa.md5’ saved [52]

Remote file is newer than local file ‘./domain/in-addr.arpa.sha256’ -- retrieving.

--2017-03-12 00:00:27--  ftp://ftp.internic.net/domain/in-addr.arpa.sha256
           => ‘./domain/in-addr.arpa.sha256’
==> CWD not required.
--> PASV

227 Entering Passive Mode (192,0,32,9,210,60)
--> RETR in-addr.arpa.sha256

150 Opening BINARY mode data connection for in-addr.arpa.sha256 (87 bytes).
Length: 87

     0K                                                       100%  779K=0s

226 Transfer complete.
2017-03-12 00:00:27 (779 KB/s) - ‘./domain/in-addr.arpa.sha256’ saved [87]

Remote file is newer than local file ‘./domain/in-addr.arpa.zone’ -- retrieving.

--2017-03-12 00:00:27--  ftp://ftp.internic.net/domain/in-addr.arpa.zone
           => ‘./domain/in-addr.arpa.zone’
==> CWD not required.
--> PASV

227 Entering Passive Mode (192,0,32,9,123,90)
--> RETR in-addr.arpa.zone

150 Opening BINARY mode data connection for in-addr.arpa.zone (228015 bytes).
Length: 228015 (223K)

     0K .......... .......... .......... .......... .......... 22% 29.4K 6s
    50K .......... .......... .......... .......... .......... 44% 63.8K 3s
   100K .......... .......... .......... .......... .......... 67% 91.1K 1s
   150K .......... .......... .......... .......... .......... 89% 57.4K 0s
   200K .......... .......... ..                              100%  103K=4.1s

226 Transfer complete.
2017-03-12 00:00:32 (54.0 KB/s) - ‘./domain/in-addr.arpa.zone’ saved [228015]

The sizes do not match (local 90412) -- retrieving.

--2017-03-12 00:00:33--  ftp://ftp.internic.net/domain/in-addr.arpa.zone.gz
           => ‘./domain/in-addr.arpa.zone.gz’
==> CWD not required.
--> PASV

227 Entering Passive Mode (192,0,32,9,123,218)
--> RETR in-addr.arpa.zone.gz

150 Opening BINARY mode data connection for in-addr.arpa.zone.gz (90406 bytes).
Length: 90406 (88K)

     0K .......... .......... .......... .......... .......... 56% 41.9K 1s
    50K .......... .......... .......... ........             100% 97.2K=1.6s

226 Transfer complete.
2017-03-12 00:00:35 (55.6 KB/s) - ‘./domain/in-addr.arpa.zone.gz’ saved [90406]

Remote file is newer than local file ‘./domain/in-addr.arpa.zone.gz.md5’ -- retrieving.

--2017-03-12 00:00:35--  ftp://ftp.internic.net/domain/in-addr.arpa.zone.gz.md5
           => ‘./domain/in-addr.arpa.zone.gz.md5’
==> CWD not required.
--> PASV

227 Entering Passive Mode (192,0,32,9,202,68)
--> RETR in-addr.arpa.zone.gz.md5

150 Opening BINARY mode data connection for in-addr.arpa.zone.gz.md5 (60 bytes).
Length: 60

     0K                                                       100%  523K=0s

226 Transfer complete.
2017-03-12 00:00:36 (523 KB/s) - ‘./domain/in-addr.arpa.zone.gz.md5’ saved [60]

Remote file is newer than local file ‘./domain/in-addr.arpa.zone.gz.sha256’ -- retrieving.

--2017-03-12 00:00:36--  ftp://ftp.internic.net/domain/in-addr.arpa.zone.gz.sha256
           => ‘./domain/in-addr.arpa.zone.gz.sha256’
==> CWD not required.
--> PASV

227 Entering Passive Mode (192,0,32,9,228,144)
--> RETR in-addr.arpa.zone.gz.sha256

150 Opening BINARY mode data connection for in-addr.arpa.zone.gz.sha256 (95 bytes).
Length: 95

     0K                                                       100%  800K=0s

226 Transfer complete.
2017-03-12 00:00:38 (800 KB/s) - ‘./domain/in-addr.arpa.zone.gz.sha256’ saved [95]

Remote file is newer than local file ‘./domain/in-addr.arpa.zone.md5’ -- retrieving.

--2017-03-12 00:00:38--  ftp://ftp.internic.net/domain/in-addr.arpa.zone.md5
           => ‘./domain/in-addr.arpa.zone.md5’
==> CWD not required.
--> PASV

227 Entering Passive Mode (192,0,32,9,217,226)
--> RETR in-addr.arpa.zone.md5

150 Opening BINARY mode data connection for in-addr.arpa.zone.md5 (57 bytes).
Length: 57

     0K                                                       100%  506K=0s

226 Transfer complete.
2017-03-12 00:00:39 (506 KB/s) - ‘./domain/in-addr.arpa.zone.md5’ saved [57]

Remote file is newer than local file ‘./domain/in-addr.arpa.zone.sha256’ -- retrieving.

--2017-03-12 00:00:39--  ftp://ftp.internic.net/domain/in-addr.arpa.zone.sha256
           => ‘./domain/in-addr.arpa.zone.sha256’
==> CWD not required.
--> PASV

227 Entering Passive Mode (192,0,32,9,143,203)
--> RETR in-addr.arpa.zone.sha256

150 Opening BINARY mode data connection for in-addr.arpa.zone.sha256 (92 bytes).
Length: 92

     0K                                                       100%  519K=0s

226 Transfer complete.
2017-03-12 00:00:39 (519 KB/s) - ‘./domain/in-addr.arpa.zone.sha256’ saved [92]

Remote file is newer than local file ‘./domain/ip6.arpa’ -- retrieving.

--2017-03-12 00:00:39--  ftp://ftp.internic.net/domain/ip6.arpa
           => ‘./domain/ip6.arpa’
==> CWD not required.
--> PASV

227 Entering Passive Mode (192,0,32,9,96,113)
--> RETR ip6.arpa

150 Opening BINARY mode data connection for ip6.arpa (60746 bytes).
Length: 60746 (59K)

     0K .......... .......... .......... .......... .......... 84% 76.2K 0s
    50K .........                                             100% 5.43K=2.4s

226 Transfer complete.
2017-03-12 00:00:43 (25.0 KB/s) - ‘./domain/ip6.arpa’ saved [60746]

Remote file is newer than local file ‘./domain/ip6.arpa.gz’ -- retrieving.

--2017-03-12 00:00:43--  ftp://ftp.internic.net/domain/ip6.arpa.gz
           => ‘./domain/ip6.arpa.gz’
==> CWD not required.
--> PASV

227 Entering Passive Mode (192,0,32,9,147,103)
--> RETR ip6.arpa.gz

150 Opening BINARY mode data connection for ip6.arpa.gz (24339 bytes).
Length: 24339 (24K)

     0K .......... .......... ...                             100%  112K=0.2s

226 Transfer complete.
2017-03-12 00:00:44 (112 KB/s) - ‘./domain/ip6.arpa.gz’ saved [24339]

Remote file is newer than local file ‘./domain/ip6.arpa.gz.md5’ -- retrieving.

--2017-03-12 00:00:44--  ftp://ftp.internic.net/domain/ip6.arpa.gz.md5
           => ‘./domain/ip6.arpa.gz.md5’
==> CWD not required.
--> PASV

227 Entering Passive Mode (192,0,32,9,42,11)
--> RETR ip6.arpa.gz.md5

150 Opening BINARY mode data connection for ip6.arpa.gz.md5 (51 bytes).
Length: 51

     0K                                                       100%  330K=0s

226 Transfer complete.
2017-03-12 00:00:45 (330 KB/s) - ‘./domain/ip6.arpa.gz.md5’ saved [51]

Remote file is newer than local file ‘./domain/ip6.arpa.gz.sha256’ -- retrieving.

--2017-03-12 00:00:45--  ftp://ftp.internic.net/domain/ip6.arpa.gz.sha256
           => ‘./domain/ip6.arpa.gz.sha256’
==> CWD not required.
--> PASV

227 Entering Passive Mode (192,0,32,9,147,45)
--> RETR ip6.arpa.gz.sha256

150 Opening BINARY mode data connection for ip6.arpa.gz.sha256 (86 bytes).
Length: 86

     0K                                                       100%  770K=0s

226 Transfer complete.
2017-03-12 00:00:46 (770 KB/s) - ‘./domain/ip6.arpa.gz.sha256’ saved [86]

Remote file is newer than local file ‘./domain/ip6.arpa.md5’ -- retrieving.

--2017-03-12 00:00:46--  ftp://ftp.internic.net/domain/ip6.arpa.md5
           => ‘./domain/ip6.arpa.md5’
==> CWD not required.
--> PASV

227 Entering Passive Mode (192,0,32,9,41,88)
--> RETR ip6.arpa.md5

150 Opening BINARY mode data connection for ip6.arpa.md5 (48 bytes).
Length: 48

     0K                                                       100%  231K=0s

226 Transfer complete.
2017-03-12 00:00:46 (231 KB/s) - ‘./domain/ip6.arpa.md5’ saved [48]

Remote file is newer than local file ‘./domain/ip6.arpa.sha256’ -- retrieving.

--2017-03-12 00:00:46--  ftp://ftp.internic.net/domain/ip6.arpa.sha256
           => ‘./domain/ip6.arpa.sha256’
==> CWD not required.
--> PASV

227 Entering Passive Mode (192,0,32,9,165,43)
--> RETR ip6.arpa.sha256

150 Opening BINARY mode data connection for ip6.arpa.sha256 (83 bytes).
Length: 83

     0K                                                       100%  530K=0s

226 Transfer complete.
2017-03-12 00:00:47 (530 KB/s) - ‘./domain/ip6.arpa.sha256’ saved [83]

Remote file is newer than local file ‘./domain/ip6.arpa.zone’ -- retrieving.

--2017-03-12 00:00:47--  ftp://ftp.internic.net/domain/ip6.arpa.zone
           => ‘./domain/ip6.arpa.zone’
==> CWD not required.
--> PASV

227 Entering Passive Mode (192,0,32,9,240,27)
--> RETR ip6.arpa.zone

150 Opening BINARY mode data connection for ip6.arpa.zone (60746 bytes).
Length: 60746 (59K)

     0K .......... .......... .......... .......... .......... 84% 60.7K 0s
    50K .........                                             100%  193K=0.9s

226 Transfer complete.
2017-03-12 00:00:50 (68.1 KB/s) - ‘./domain/ip6.arpa.zone’ saved [60746]

Remote file is newer than local file ‘./domain/ip6.arpa.zone.gz’ -- retrieving.

--2017-03-12 00:00:50--  ftp://ftp.internic.net/domain/ip6.arpa.zone.gz
           => ‘./domain/ip6.arpa.zone.gz’
==> CWD not required.
--> PASV

227 Entering Passive Mode (192,0,32,9,130,252)
--> RETR ip6.arpa.zone.gz

150 Opening BINARY mode data connection for ip6.arpa.zone.gz (24339 bytes).
Length: 24339 (24K)

     0K .......... .......... ...                             100%  108K=0.2s

226 Transfer complete.
2017-03-12 00:00:51 (108 KB/s) - ‘./domain/ip6.arpa.zone.gz’ saved [24339]

Remote file is newer than local file ‘./domain/ip6.arpa.zone.gz.md5’ -- retrieving.

--2017-03-12 00:00:51--  ftp://ftp.internic.net/domain/ip6.arpa.zone.gz.md5
           => ‘./domain/ip6.arpa.zone.gz.md5’
==> CWD not required.
--> PASV

227 Entering Passive Mode (192,0,32,9,47,43)
--> RETR ip6.arpa.zone.gz.md5

150 Opening BINARY mode data connection for ip6.arpa.zone.gz.md5 (56 bytes).
Length: 56

     0K                                                       100%  351K=0s

226 Transfer complete.
2017-03-12 00:00:52 (351 KB/s) - ‘./domain/ip6.arpa.zone.gz.md5’ saved [56]

Remote file is newer than local file ‘./domain/ip6.arpa.zone.gz.sha256’ -- retrieving.

--2017-03-12 00:00:52--  ftp://ftp.internic.net/domain/ip6.arpa.zone.gz.sha256
           => ‘./domain/ip6.arpa.zone.gz.sha256’
==> CWD not required.
--> PASV

227 Entering Passive Mode (192,0,32,9,42,193)
--> RETR ip6.arpa.zone.gz.sha256

150 Opening BINARY mode data connection for ip6.arpa.zone.gz.sha256 (91 bytes).
Length: 91

     0K                                                       100%  793K=0s

226 Transfer complete.
2017-03-12 00:00:53 (793 KB/s) - ‘./domain/ip6.arpa.zone.gz.sha256’ saved [91]

Remote file is newer than local file ‘./domain/ip6.arpa.zone.md5’ -- retrieving.

--2017-03-12 00:00:53--  ftp://ftp.internic.net/domain/ip6.arpa.zone.md5
           => ‘./domain/ip6.arpa.zone.md5’
==> CWD not required.
--> PASV

227 Entering Passive Mode (192,0,32,9,67,125)
--> RETR ip6.arpa.zone.md5

150 Opening BINARY mode data connection for ip6.arpa.zone.md5 (53 bytes).
Length: 53

     0K                                                       100%  475K=0s

226 Transfer complete.
2017-03-12 00:00:54 (475 KB/s) - ‘./domain/ip6.arpa.zone.md5’ saved [53]

Remote file is newer than local file ‘./domain/ip6.arpa.zone.sha256’ -- retrieving.

--2017-03-12 00:00:54--  ftp://ftp.internic.net/domain/ip6.arpa.zone.sha256
           => ‘./domain/ip6.arpa.zone.sha256’
==> CWD not required.
--> PASV

227 Entering Passive Mode (192,0,32,9,238,229)
--> RETR ip6.arpa.zone.sha256

150 Opening BINARY mode data connection for ip6.arpa.zone.sha256 (88 bytes).
Length: 88

     0K                                                       100%  788K=0s

226 Transfer complete.
2017-03-12 00:00:55 (788 KB/s) - ‘./domain/ip6.arpa.zone.sha256’ saved [88]

Remote file is newer than local file ‘./domain/last_update.txt’ -- retrieving.

--2017-03-12 00:00:55--  ftp://ftp.internic.net/domain/last_update.txt
           => ‘./domain/last_update.txt’
==> CWD not required.
--> PASV

227 Entering Passive Mode (192,0,32,9,127,164)
--> RETR last_update.txt

150 Opening BINARY mode data connection for last_update.txt (21 bytes).
Length: 21

     0K                                                       100%  183K=0s

226 Transfer complete.
2017-03-12 00:00:56 (183 KB/s) - ‘./domain/last_update.txt’ saved [21]

Remote file no newer than local file ‘./domain/named.cache’ -- not retrieving.
Remote file no newer than local file ‘./domain/named.cache.md5’ -- not retrieving.
Remote file no newer than local file ‘./domain/named.cache.sig’ -- not retrieving.
Remote file no newer than local file ‘./domain/named.root’ -- not retrieving.
Remote file no newer than local file ‘./domain/named.root.md5’ -- not retrieving.
Remote file no newer than local file ‘./domain/named.root.sig’ -- not retrieving.
Remote file no newer than local file ‘./domain/root-servers.net.zone’ -- not retrieving.
Remote file no newer than local file ‘./domain/root-servers.net.zone.gz’ -- not retrieving.
Remote file no newer than local file ‘./domain/root-servers.net.zone.gz.md5’ -- not retrieving.
Remote file no newer than local file ‘./domain/root-servers.net.zone.gz.sig’ -- not retrieving.
Remote file is newer than local file ‘./domain/root.zone’ -- retrieving.

--2017-03-12 00:00:56--  ftp://ftp.internic.net/domain/root.zone
           => ‘./domain/root.zone’
==> CWD not required.
--> PASV

227 Entering Passive Mode (192,0,32,9,110,96)
--> RETR root.zone

150 Opening BINARY mode data connection for root.zone (2230823 bytes).
Length: 2230823 (2.1M)

     0K .......... .......... .......... .......... ..........  2% 55.8K 38s
    50K .......... .......... .......... .......... ..........  4% 42.7K 43s
   100K .......... .......... .......... .......... ..........  6% 71.3K 37s
   150K .......... .......... .......... .......... ..........  9% 50.1K 37s
   200K .......... .......... .......... .......... .......... 11% 65.0K 35s
   250K .......... .......... .......... .......... .......... 13% 74.4K 33s
   300K .......... .......... .......... .......... .......... 16% 66.1K 31s
   350K .......... .......... .......... .......... .......... 18% 75.2K 29s
   400K .......... .......... .......... .......... .......... 20% 75.3K 28s
   450K .......... .......... .......... .......... .......... 22% 62.7K 27s
   500K .......... .......... .......... .......... .......... 25% 75.4K 26s
   550K .......... .......... .......... .......... .......... 27% 67.5K 25s
   600K .......... .......... .......... .......... .......... 29% 46.3K 25s
   650K .......... .......... .......... .......... .......... 32% 45.2K 25s
   700K .......... .......... .......... .......... .......... 34% 30.5K 25s
   750K .......... .......... .......... .......... .......... 36% 56.2K 24s
   800K .......... .......... .......... .......... .......... 39% 44.8K 24s
   850K .......... .......... .......... .......... .......... 41% 45.8K 23s
   900K .......... .......... .......... .......... .......... 43% 45.3K 23s
   950K .......... .......... .......... .......... .......... 45% 45.1K 22s
  1000K .......... .......... .......... .......... .......... 48% 56.6K 21s
  1050K .......... .......... .......... .......... .......... 50% 75.6K 20s
  1100K .......... .......... .......... .......... .......... 52% 74.8K 19s
  1150K .......... .......... .......... .......... .......... 55%  227K 17s
  1200K .......... .......... .......... .......... .......... 57% 75.3K 16s
  1250K .......... .......... .......... .......... .......... 59% 56.2K 15s
  1300K .......... .......... .......... .......... .......... 61% 76.3K 14s
  1350K .......... .......... .......... .......... .......... 64% 69.3K 13s
  1400K .......... .......... .......... .......... .......... 66% 58.1K 12s
  1450K .......... .......... .......... .......... .......... 68% 54.8K 12s
  1500K .......... .......... .......... .......... .......... 71% 46.1K 11s
  1550K .......... .......... .......... .......... .......... 73% 70.9K 10s
  1600K .......... .......... .......... .......... .......... 75% 59.4K 9s
  1650K .......... .......... .......... .......... .......... 78% 75.9K 8s
  1700K .......... .......... .......... .......... .......... 80% 76.6K 7s
  1750K .......... .......... .......... .......... .......... 82% 69.7K 6s
  1800K .......... .......... .......... .......... .......... 84% 61.2K 6s
  1850K .......... .......... .......... .......... .......... 87% 48.2K 5s
  1900K .......... .......... .......... .......... .......... 89% 52.7K 4s
  1950K .......... .......... .......... .......... .......... 91% 52.6K 3s
  2000K .......... .......... .......... .......... .......... 94% 61.5K 2s
  2050K .......... .......... .......... .......... .......... 96% 53.3K 1s
  2100K .......... .......... .......... .......... .......... 98%  114K 0s
  2150K .......... .......... ........                        100% 64.4K=37s

226 Transfer complete.
2017-03-12 00:01:33 (59.2 KB/s) - ‘./domain/root.zone’ saved [2230823]

The sizes do not match (local 1047776) -- retrieving.

--2017-03-12 00:01:33--  ftp://ftp.internic.net/domain/root.zone.gz
           => ‘./domain/root.zone.gz’
==> CWD not required.
--> PASV

227 Entering Passive Mode (192,0,32,9,42,49)
--> RETR root.zone.gz

150 Opening BINARY mode data connection for root.zone.gz (1047665 bytes).
Length: 1047665 (1023K)

     0K .......... .......... .......... .......... ..........  4% 38.6K 25s
    50K .......... .......... .......... .......... ..........  9%  219K 14s
   100K .......... .......... .......... .......... .......... 14% 56.8K 14s
   150K .......... .......... .......... .......... .......... 19% 56.4K 14s
   200K .......... .......... .......... .......... .......... 24% 76.9K 12s
   250K .......... .......... .......... .......... .......... 29% 74.9K 11s
   300K .......... .......... .......... .......... .......... 34% 58.7K 10s
   350K .......... .......... .......... .......... .......... 39%  173K 9s
   400K .......... .......... .......... .......... .......... 43% 84.2K 8s
   450K .......... .......... .......... .......... .......... 48%  103K 7s
   500K .......... .......... .......... .......... .......... 53% 83.7K 6s
   550K .......... .......... .......... .......... .......... 58% 76.5K 6s
   600K .......... .......... .......... .......... .......... 63%  103K 5s
   650K .......... .......... .......... .......... .......... 68% 61.3K 4s
   700K .......... .......... .......... .......... .......... 73% 46.4K 4s
   750K .......... .......... .......... .......... .......... 78% 57.8K 3s
   800K .......... .......... .......... .......... .......... 83% 45.8K 3s
   850K .......... .......... .......... .......... .......... 87% 46.5K 2s
   900K .......... .......... .......... .......... .......... 92% 52.1K 1s
   950K .......... .......... .......... .......... .......... 97% 40.5K 0s
  1000K .......... .......... ...                             100% 85.3K=16s

226 Transfer complete.
2017-03-12 00:01:51 (64.1 KB/s) - ‘./domain/root.zone.gz’ saved [1047665]

Remote file is newer than local file ‘./domain/root.zone.gz.md5’ -- retrieving.

--2017-03-12 00:01:51--  ftp://ftp.internic.net/domain/root.zone.gz.md5
           => ‘./domain/root.zone.gz.md5’
==> CWD not required.
--> PASV

227 Entering Passive Mode (192,0,32,9,41,162)
--> RETR root.zone.gz.md5

150 Opening BINARY mode data connection for root.zone.gz.md5 (33 bytes).
Length: 33

     0K                                                       100%  293K=0s

226 Transfer complete.
2017-03-12 00:01:52 (293 KB/s) - ‘./domain/root.zone.gz.md5’ saved [33]

Remote file is newer than local file ‘./domain/root.zone.gz.sig’ -- retrieving.

--2017-03-12 00:01:52--  ftp://ftp.internic.net/domain/root.zone.gz.sig
           => ‘./domain/root.zone.gz.sig’
==> CWD not required.
--> PASV

227 Entering Passive Mode (192,0,32,9,58,110)
--> RETR root.zone.gz.sig

150 Opening BINARY mode data connection for root.zone.gz.sig (72 bytes).
Length: 72

     0K                                                       100%  639K=0s

226 Transfer complete.
2017-03-12 00:01:56 (639 KB/s) - ‘./domain/root.zone.gz.sig’ saved [72]

Remote file is newer than local file ‘./domain/root.zone.md5’ -- retrieving.

--2017-03-12 00:01:56--  ftp://ftp.internic.net/domain/root.zone.md5
           => ‘./domain/root.zone.md5’
==> CWD not required.
--> PASV

227 Entering Passive Mode (192,0,32,9,41,13)
--> RETR root.zone.md5

150 Opening BINARY mode data connection for root.zone.md5 (33 bytes).
Length: 33

     0K                                                       100%  288K=0s

226 Transfer complete.
2017-03-12 00:01:57 (288 KB/s) - ‘./domain/root.zone.md5’ saved [33]

Remote file is newer than local file ‘./domain/root.zone.sig’ -- retrieving.

--2017-03-12 00:01:57--  ftp://ftp.internic.net/domain/root.zone.sig
           => ‘./domain/root.zone.sig’
==> CWD not required.
--> PASV

227 Entering Passive Mode (192,0,32,9,101,123)
--> RETR root.zone.sig

150 Opening BINARY mode data connection for root.zone.sig (72 bytes).
Length: 72

     0K                                                       100%  457K=0s

226 Transfer complete.
2017-03-12 00:01:58 (457 KB/s) - ‘./domain/root.zone.sig’ saved [72]

FINISHED --2017-03-12 00:01:58--
Total wall clock time: 1m 54s
Downloaded: 40 files, 3.9M in 1m 7s (60.3 KB/s)
