--2017-07-15 00:00:02--  ftp://ftp.internic.net/*
           => ‘./.listing’
Resolving ftp.internic.net (ftp.internic.net)... 192.0.32.9, 2620:0:2d0:200::9
Connecting to ftp.internic.net (ftp.internic.net)|192.0.32.9|:21... connected.
Logging in as anonymous ... 
220 Internic FTP Server
--> USER anonymous

331 Please specify the password.
--> PASS Turtle Power!

230 Login successful.
--> SYST

215 UNIX Type: L8
--> PWD

257 "/"
--> TYPE I

200 Switching to Binary mode.
==> CWD not needed.
--> PASV

227 Entering Passive Mode (192,0,32,9,48,247)
--> LIST -a

150 Here comes the directory listing.

     0K                                                        1.54M=0s

226 Directory send OK.
drwxr-xr-x    3 ftp      ftp          4096 Apr 04  2012 .
drwxr-xr-x    3 ftp      ftp          4096 Apr 04  2012 ..
drwxr-xr-x    2 ftp      ftp          4096 Sep 09  2015 domain
2017-07-15 00:00:05 (1.54 MB/s) - ‘./.listing’ saved [183]

--2017-07-15 00:00:06--  ftp://ftp.internic.net/domain/*
           => ‘./domain/.listing’
--> CWD /domain

250 Directory successfully changed.
--> PASV

227 Entering Passive Mode (192,0,32,9,213,50)
--> LIST -a

150 Here comes the directory listing.

     0K ...                                                     531K=0.007s

226 Directory send OK.
drwxr-xr-x    2 ftp      ftp          4096 Sep 09  2015 .
drwxr-xr-x    3 ftp      ftp          4096 Apr 04  2012 ..
-rw-r--r--    1 ftp      ftp          1829 Aug 18  2015 .listing
-rw-r--r--    1 ftp      ftp          1224 Jul 14 13:05 INTERNIC_ROOT_ZONE.signatures
-rw-r--r--    1 ftp      ftp          1469 Jul 14 13:05 INTERNIC_ROOT_ZONE.signatures.asc
-rw-r--r--    1 ftp      ftp         15228 Jul 14 13:05 arpa.zone
-rw-r--r--    1 ftp      ftp          6638 Jul 14 13:05 arpa.zone.gz
-rw-r--r--    1 ftp      ftp            33 Jul 14 13:05 arpa.zone.gz.md5
-rw-r--r--    1 ftp      ftp            72 Jul 14 13:05 arpa.zone.gz.sig
-rw-r--r--    1 ftp      ftp          3289 Jun 01 15:27 db.cache
-rw-r--r--    1 ftp      ftp            33 Jun 01 15:27 db.cache.md5
-rw-r--r--    1 ftp      ftp            72 Jun 01 15:27 db.cache.sig
-rw-r--r--    1 ftp      ftp        228558 Jul 14 15:41 in-addr.arpa
-rw-r--r--    1 ftp      ftp         90731 Jul 14 15:41 in-addr.arpa.gz
-rw-r--r--    1 ftp      ftp            55 Jul 14 15:41 in-addr.arpa.gz.md5
-rw-r--r--    1 ftp      ftp            90 Jul 14 15:41 in-addr.arpa.gz.sha256
-rw-r--r--    1 ftp      ftp            52 Jul 14 15:41 in-addr.arpa.md5
-rw-r--r--    1 ftp      ftp            87 Jul 14 15:41 in-addr.arpa.sha256
-rw-r--r--    1 ftp      ftp        228558 Jul 14 15:41 in-addr.arpa.zone
-rw-r--r--    1 ftp      ftp         90731 Jul 14 15:41 in-addr.arpa.zone.gz
-rw-r--r--    1 ftp      ftp            60 Jul 14 15:41 in-addr.arpa.zone.gz.md5
-rw-r--r--    1 ftp      ftp            95 Jul 14 15:41 in-addr.arpa.zone.gz.sha256
-rw-r--r--    1 ftp      ftp            57 Jul 14 15:41 in-addr.arpa.zone.md5
-rw-r--r--    1 ftp      ftp            92 Jul 14 15:41 in-addr.arpa.zone.sha256
-rw-r--r--    1 ftp      ftp         61264 Jul 14 15:41 ip6.arpa
-rw-r--r--    1 ftp      ftp         24332 Jul 14 15:41 ip6.arpa.gz
-rw-r--r--    1 ftp      ftp            51 Jul 14 15:41 ip6.arpa.gz.md5
-rw-r--r--    1 ftp      ftp            86 Jul 14 15:41 ip6.arpa.gz.sha256
-rw-r--r--    1 ftp      ftp            48 Jul 14 15:41 ip6.arpa.md5
-rw-r--r--    1 ftp      ftp            83 Jul 14 15:41 ip6.arpa.sha256
-rw-r--r--    1 ftp      ftp         61264 Jul 14 15:41 ip6.arpa.zone
-rw-r--r--    1 ftp      ftp         24332 Jul 14 15:41 ip6.arpa.zone.gz
-rw-r--r--    1 ftp      ftp            56 Jul 14 15:41 ip6.arpa.zone.gz.md5
-rw-r--r--    1 ftp      ftp            91 Jul 14 15:41 ip6.arpa.zone.gz.sha256
-rw-r--r--    1 ftp      ftp            53 Jul 14 15:41 ip6.arpa.zone.md5
-rw-r--r--    1 ftp      ftp            88 Jul 14 15:41 ip6.arpa.zone.sha256
-rw-r--r--    1 ftp      ftp            21 Jul 14 15:41 last_update.txt
-rw-r--r--    1 ftp      ftp          3289 Jun 01 15:27 named.cache
-rw-r--r--    1 ftp      ftp            33 Jun 01 15:27 named.cache.md5
-rw-r--r--    1 ftp      ftp            72 Jun 01 15:27 named.cache.sig
-rw-r--r--    1 ftp      ftp          3289 Jun 01 15:27 named.root
-rw-r--r--    1 ftp      ftp            33 Jun 01 15:27 named.root.md5
-rw-r--r--    1 ftp      ftp            72 Jun 01 15:27 named.root.sig
-rw-r--r--    1 ftp      ftp          2111 Jun 01 15:27 root-servers.net.zone
-rw-r--r--    1 ftp      ftp           575 Jun 01 15:27 root-servers.net.zone.gz
-rw-r--r--    1 ftp      ftp            33 Jun 01 15:27 root-servers.net.zone.gz.md5
-rw-r--r--    1 ftp      ftp            72 Jun 01 15:27 root-servers.net.zone.gz.sig
-rw-r--r--    1 ftp      ftp       2260710 Jul 14 05:09 root.zone
-rw-r--r--    1 ftp      ftp       1061384 Jul 14 05:09 root.zone.gz
-rw-r--r--    1 ftp      ftp            33 Jul 14 05:09 root.zone.gz.md5
-rw-r--r--    1 ftp      ftp            72 Jul 14 05:09 root.zone.gz.sig
-rw-r--r--    1 ftp      ftp            33 Jul 14 05:09 root.zone.md5
-rw-r--r--    1 ftp      ftp            72 Jul 14 05:09 root.zone.sig
2017-07-15 00:00:07 (531 KB/s) - ‘./domain/.listing’ saved [3930]

The sizes do not match (local 3930) -- retrieving.

--2017-07-15 00:00:07--  ftp://ftp.internic.net/domain/.listing
           => ‘./domain/.listing’
==> CWD not required.
--> PASV

227 Entering Passive Mode (192,0,32,9,4,30)
--> RETR .listing

150 Opening BINARY mode data connection for .listing (1829 bytes).
Length: 1829 (1.8K)

     0K .                                                     100%  183K=0.01s

226 Transfer complete.
2017-07-15 00:00:08 (183 KB/s) - ‘./domain/.listing’ saved [1829]

Remote file is newer than local file ‘./domain/INTERNIC_ROOT_ZONE.signatures’ -- retrieving.

--2017-07-15 00:00:08--  ftp://ftp.internic.net/domain/INTERNIC_ROOT_ZONE.signatures
           => ‘./domain/INTERNIC_ROOT_ZONE.signatures’
==> CWD not required.
--> PASV

227 Entering Passive Mode (192,0,32,9,74,151)
--> RETR INTERNIC_ROOT_ZONE.signatures

150 Opening BINARY mode data connection for INTERNIC_ROOT_ZONE.signatures (1224 bytes).
Length: 1224 (1.2K)

     0K .                                                     100% 3.77M=0s

226 Transfer complete.
2017-07-15 00:00:09 (3.77 MB/s) - ‘./domain/INTERNIC_ROOT_ZONE.signatures’ saved [1224]

Remote file is newer than local file ‘./domain/INTERNIC_ROOT_ZONE.signatures.asc’ -- retrieving.

--2017-07-15 00:00:09--  ftp://ftp.internic.net/domain/INTERNIC_ROOT_ZONE.signatures.asc
           => ‘./domain/INTERNIC_ROOT_ZONE.signatures.asc’
==> CWD not required.
--> PASV

227 Entering Passive Mode (192,0,32,9,58,202)
--> RETR INTERNIC_ROOT_ZONE.signatures.asc

150 Opening BINARY mode data connection for INTERNIC_ROOT_ZONE.signatures.asc (1469 bytes).
Length: 1469 (1.4K)

     0K .                                                     100% 1.89M=0.001s

226 Transfer complete.
2017-07-15 00:00:10 (1.89 MB/s) - ‘./domain/INTERNIC_ROOT_ZONE.signatures.asc’ saved [1469]

Remote file is newer than local file ‘./domain/arpa.zone’ -- retrieving.

--2017-07-15 00:00:10--  ftp://ftp.internic.net/domain/arpa.zone
           => ‘./domain/arpa.zone’
==> CWD not required.
--> PASV

227 Entering Passive Mode (192,0,32,9,210,216)
--> RETR arpa.zone

150 Opening BINARY mode data connection for arpa.zone (15228 bytes).
Length: 15228 (15K)

     0K .......... ....                                       100% 1.92M=0.008s

226 Transfer complete.
2017-07-15 00:00:11 (1.92 MB/s) - ‘./domain/arpa.zone’ saved [15228]

The sizes do not match (local 6640) -- retrieving.

--2017-07-15 00:00:11--  ftp://ftp.internic.net/domain/arpa.zone.gz
           => ‘./domain/arpa.zone.gz’
==> CWD not required.
--> PASV

227 Entering Passive Mode (192,0,32,9,129,1)
--> RETR arpa.zone.gz

150 Opening BINARY mode data connection for arpa.zone.gz (6638 bytes).
Length: 6638 (6.5K)

     0K ......                                                100% 3.90M=0.002s

226 Transfer complete.
2017-07-15 00:00:12 (3.90 MB/s) - ‘./domain/arpa.zone.gz’ saved [6638]

Remote file is newer than local file ‘./domain/arpa.zone.gz.md5’ -- retrieving.

--2017-07-15 00:00:12--  ftp://ftp.internic.net/domain/arpa.zone.gz.md5
           => ‘./domain/arpa.zone.gz.md5’
==> CWD not required.
--> PASV

227 Entering Passive Mode (192,0,32,9,101,136)
--> RETR arpa.zone.gz.md5

150 Opening BINARY mode data connection for arpa.zone.gz.md5 (33 bytes).
Length: 33

     0K                                                       100%  806K=0s

226 Transfer complete.
2017-07-15 00:00:13 (806 KB/s) - ‘./domain/arpa.zone.gz.md5’ saved [33]

Remote file is newer than local file ‘./domain/arpa.zone.gz.sig’ -- retrieving.

--2017-07-15 00:00:13--  ftp://ftp.internic.net/domain/arpa.zone.gz.sig
           => ‘./domain/arpa.zone.gz.sig’
==> CWD not required.
--> PASV

227 Entering Passive Mode (192,0,32,9,114,117)
--> RETR arpa.zone.gz.sig

150 Opening BINARY mode data connection for arpa.zone.gz.sig (72 bytes).
Length: 72

     0K                                                       100%  617K=0s

226 Transfer complete.
2017-07-15 00:00:13 (617 KB/s) - ‘./domain/arpa.zone.gz.sig’ saved [72]

Remote file no newer than local file ‘./domain/db.cache’ -- not retrieving.
Remote file no newer than local file ‘./domain/db.cache.md5’ -- not retrieving.
Remote file no newer than local file ‘./domain/db.cache.sig’ -- not retrieving.
Remote file is newer than local file ‘./domain/in-addr.arpa’ -- retrieving.

--2017-07-15 00:00:13--  ftp://ftp.internic.net/domain/in-addr.arpa
           => ‘./domain/in-addr.arpa’
==> CWD not required.
--> PASV

227 Entering Passive Mode (192,0,32,9,135,26)
--> RETR in-addr.arpa

150 Opening BINARY mode data connection for in-addr.arpa (228558 bytes).
Length: 228558 (223K)

     0K .......... .......... .......... .......... .......... 22%  110K 2s
    50K .......... .......... .......... .......... .......... 44%  228K 1s
   100K .......... .......... .......... .......... .......... 67%  226K 0s
   150K .......... .......... .......... .......... .......... 89% 1.12M 0s
   200K .......... .......... ...                             100%  125K=1.1s

226 Transfer complete.
2017-07-15 00:00:15 (199 KB/s) - ‘./domain/in-addr.arpa’ saved [228558]

The sizes do not match (local 90672) -- retrieving.

--2017-07-15 00:00:15--  ftp://ftp.internic.net/domain/in-addr.arpa.gz
           => ‘./domain/in-addr.arpa.gz’
==> CWD not required.
--> PASV

227 Entering Passive Mode (192,0,32,9,41,100)
--> RETR in-addr.arpa.gz

150 Opening BINARY mode data connection for in-addr.arpa.gz (90726 bytes).
Length: 90731 (89K)

     0K .......... .......... .......... .......... .......... 56%  111K 0s
    50K .......... .......... .......... ........              99% 1.55M=0.5s

226 Transfer complete.
2017-07-15 00:00:17 (186 KB/s) - ‘./domain/in-addr.arpa.gz’ saved [90726]

Remote file is newer than local file ‘./domain/in-addr.arpa.gz.md5’ -- retrieving.

--2017-07-15 00:00:17--  ftp://ftp.internic.net/domain/in-addr.arpa.gz.md5
           => ‘./domain/in-addr.arpa.gz.md5’
==> CWD not required.
--> PASV

227 Entering Passive Mode (192,0,32,9,45,167)
--> RETR in-addr.arpa.gz.md5

150 Opening BINARY mode data connection for in-addr.arpa.gz.md5 (55 bytes).
Length: 55

     0K                                                       100%  471K=0s

226 Transfer complete.
2017-07-15 00:00:18 (471 KB/s) - ‘./domain/in-addr.arpa.gz.md5’ saved [55]

Remote file is newer than local file ‘./domain/in-addr.arpa.gz.sha256’ -- retrieving.

--2017-07-15 00:00:18--  ftp://ftp.internic.net/domain/in-addr.arpa.gz.sha256
           => ‘./domain/in-addr.arpa.gz.sha256’
==> CWD not required.
--> PASV

227 Entering Passive Mode (192,0,32,9,60,220)
--> RETR in-addr.arpa.gz.sha256

150 Opening BINARY mode data connection for in-addr.arpa.gz.sha256 (90 bytes).
Length: 90

     0K                                                       100%  175K=0.001s

226 Transfer complete.
2017-07-15 00:00:19 (175 KB/s) - ‘./domain/in-addr.arpa.gz.sha256’ saved [90]

Remote file is newer than local file ‘./domain/in-addr.arpa.md5’ -- retrieving.

--2017-07-15 00:00:19--  ftp://ftp.internic.net/domain/in-addr.arpa.md5
           => ‘./domain/in-addr.arpa.md5’
==> CWD not required.
--> PASV

227 Entering Passive Mode (192,0,32,9,13,55)
--> RETR in-addr.arpa.md5

150 Opening BINARY mode data connection for in-addr.arpa.md5 (52 bytes).
Length: 52

     0K                                                       100%  891K=0s

226 Transfer complete.
2017-07-15 00:00:20 (891 KB/s) - ‘./domain/in-addr.arpa.md5’ saved [52]

Remote file is newer than local file ‘./domain/in-addr.arpa.sha256’ -- retrieving.

--2017-07-15 00:00:20--  ftp://ftp.internic.net/domain/in-addr.arpa.sha256
           => ‘./domain/in-addr.arpa.sha256’
==> CWD not required.
--> PASV

227 Entering Passive Mode (192,0,32,9,146,85)
--> RETR in-addr.arpa.sha256

150 Opening BINARY mode data connection for in-addr.arpa.sha256 (87 bytes).
Length: 87

     0K                                                       100%  739K=0s

226 Transfer complete.
2017-07-15 00:00:21 (739 KB/s) - ‘./domain/in-addr.arpa.sha256’ saved [87]

Remote file is newer than local file ‘./domain/in-addr.arpa.zone’ -- retrieving.

--2017-07-15 00:00:21--  ftp://ftp.internic.net/domain/in-addr.arpa.zone
           => ‘./domain/in-addr.arpa.zone’
==> CWD not required.
--> PASV

227 Entering Passive Mode (192,0,32,9,209,108)
--> RETR in-addr.arpa.zone

150 Opening BINARY mode data connection for in-addr.arpa.zone (228558 bytes).
Length: 228558 (223K)

     0K .......... .......... .......... .......... .......... 22%  111K 2s
    50K .......... .......... .......... .......... .......... 44%  225K 1s
   100K .......... .......... .......... .......... .......... 67%  224K 0s
   150K .......... .......... .......... .......... .......... 89% 1.37M 0s
   200K .......... .......... ...                             100%  116K=1.1s

226 Transfer complete.
2017-07-15 00:00:23 (198 KB/s) - ‘./domain/in-addr.arpa.zone’ saved [228558]

The sizes do not match (local 90672) -- retrieving.

--2017-07-15 00:00:23--  ftp://ftp.internic.net/domain/in-addr.arpa.zone.gz
           => ‘./domain/in-addr.arpa.zone.gz’
==> CWD not required.
--> PASV

227 Entering Passive Mode (192,0,32,9,42,125)
--> RETR in-addr.arpa.zone.gz

150 Opening BINARY mode data connection for in-addr.arpa.zone.gz (90726 bytes).
Length: 90731 (89K)

     0K .......... .......... .......... .......... .......... 56%  109K 0s
    50K .......... .......... .......... ........              99% 1.56M=0.5s

226 Transfer complete.
2017-07-15 00:00:24 (184 KB/s) - ‘./domain/in-addr.arpa.zone.gz’ saved [90726]

Remote file is newer than local file ‘./domain/in-addr.arpa.zone.gz.md5’ -- retrieving.

--2017-07-15 00:00:24--  ftp://ftp.internic.net/domain/in-addr.arpa.zone.gz.md5
           => ‘./domain/in-addr.arpa.zone.gz.md5’
==> CWD not required.
--> PASV

227 Entering Passive Mode (192,0,32,9,230,182)
--> RETR in-addr.arpa.zone.gz.md5

150 Opening BINARY mode data connection for in-addr.arpa.zone.gz.md5 (60 bytes).
Length: 60

     0K                                                       100% 1.43M=0s

226 Transfer complete.
2017-07-15 00:00:25 (1.43 MB/s) - ‘./domain/in-addr.arpa.zone.gz.md5’ saved [60]

Remote file is newer than local file ‘./domain/in-addr.arpa.zone.gz.sha256’ -- retrieving.

--2017-07-15 00:00:25--  ftp://ftp.internic.net/domain/in-addr.arpa.zone.gz.sha256
           => ‘./domain/in-addr.arpa.zone.gz.sha256’
==> CWD not required.
--> PASV

227 Entering Passive Mode (192,0,32,9,209,43)
--> RETR in-addr.arpa.zone.gz.sha256

150 Opening BINARY mode data connection for in-addr.arpa.zone.gz.sha256 (95 bytes).
Length: 95

     0K                                                       100%  807K=0s

226 Transfer complete.
2017-07-15 00:00:26 (807 KB/s) - ‘./domain/in-addr.arpa.zone.gz.sha256’ saved [95]

Remote file is newer than local file ‘./domain/in-addr.arpa.zone.md5’ -- retrieving.

--2017-07-15 00:00:26--  ftp://ftp.internic.net/domain/in-addr.arpa.zone.md5
           => ‘./domain/in-addr.arpa.zone.md5’
==> CWD not required.
--> PASV

227 Entering Passive Mode (192,0,32,9,184,200)
--> RETR in-addr.arpa.zone.md5

150 Opening BINARY mode data connection for in-addr.arpa.zone.md5 (57 bytes).
Length: 57

     0K                                                       100%  784K=0s

226 Transfer complete.
2017-07-15 00:00:27 (784 KB/s) - ‘./domain/in-addr.arpa.zone.md5’ saved [57]

Remote file is newer than local file ‘./domain/in-addr.arpa.zone.sha256’ -- retrieving.

--2017-07-15 00:00:27--  ftp://ftp.internic.net/domain/in-addr.arpa.zone.sha256
           => ‘./domain/in-addr.arpa.zone.sha256’
==> CWD not required.
--> PASV

227 Entering Passive Mode (192,0,32,9,215,176)
--> RETR in-addr.arpa.zone.sha256

150 Opening BINARY mode data connection for in-addr.arpa.zone.sha256 (92 bytes).
Length: 92

     0K                                                       100% 1.17M=0s

226 Transfer complete.
2017-07-15 00:00:28 (1.17 MB/s) - ‘./domain/in-addr.arpa.zone.sha256’ saved [92]

Remote file is newer than local file ‘./domain/ip6.arpa’ -- retrieving.

--2017-07-15 00:00:28--  ftp://ftp.internic.net/domain/ip6.arpa
           => ‘./domain/ip6.arpa’
==> CWD not required.
--> PASV

227 Entering Passive Mode (192,0,32,9,211,83)
--> RETR ip6.arpa

150 Opening BINARY mode data connection for ip6.arpa (61264 bytes).
Length: 61264 (60K)

     0K .......... .......... .......... .......... .......... 83%  113K 0s
    50K .........                                             100% 2.01M=0.4s

226 Transfer complete.
2017-07-15 00:00:29 (134 KB/s) - ‘./domain/ip6.arpa’ saved [61264]

The sizes do not match (local 24336) -- retrieving.

--2017-07-15 00:00:29--  ftp://ftp.internic.net/domain/ip6.arpa.gz
           => ‘./domain/ip6.arpa.gz’
==> CWD not required.
--> PASV

227 Entering Passive Mode (192,0,32,9,236,241)
--> RETR ip6.arpa.gz

150 Opening BINARY mode data connection for ip6.arpa.gz (24332 bytes).
Length: 24332 (24K)

     0K .......... .......... ...                             100%  103K=0.2s

226 Transfer complete.
2017-07-15 00:00:30 (103 KB/s) - ‘./domain/ip6.arpa.gz’ saved [24332]

Remote file is newer than local file ‘./domain/ip6.arpa.gz.md5’ -- retrieving.

--2017-07-15 00:00:30--  ftp://ftp.internic.net/domain/ip6.arpa.gz.md5
           => ‘./domain/ip6.arpa.gz.md5’
==> CWD not required.
--> PASV

227 Entering Passive Mode (192,0,32,9,241,204)
--> RETR ip6.arpa.gz.md5

150 Opening BINARY mode data connection for ip6.arpa.gz.md5 (51 bytes).
Length: 51

     0K                                                       100% 1.22M=0s

226 Transfer complete.
2017-07-15 00:00:31 (1.22 MB/s) - ‘./domain/ip6.arpa.gz.md5’ saved [51]

Remote file is newer than local file ‘./domain/ip6.arpa.gz.sha256’ -- retrieving.

--2017-07-15 00:00:31--  ftp://ftp.internic.net/domain/ip6.arpa.gz.sha256
           => ‘./domain/ip6.arpa.gz.sha256’
==> CWD not required.
--> PASV

227 Entering Passive Mode (192,0,32,9,236,150)
--> RETR ip6.arpa.gz.sha256

150 Opening BINARY mode data connection for ip6.arpa.gz.sha256 (86 bytes).
Length: 86

     0K                                                       100%  168K=0s

226 Transfer complete.
2017-07-15 00:00:32 (168 KB/s) - ‘./domain/ip6.arpa.gz.sha256’ saved [86]

Remote file is newer than local file ‘./domain/ip6.arpa.md5’ -- retrieving.

--2017-07-15 00:00:32--  ftp://ftp.internic.net/domain/ip6.arpa.md5
           => ‘./domain/ip6.arpa.md5’
==> CWD not required.
--> PASV

227 Entering Passive Mode (192,0,32,9,113,43)
--> RETR ip6.arpa.md5

150 Opening BINARY mode data connection for ip6.arpa.md5 (48 bytes).
Length: 48

     0K                                                       100%  258K=0s

226 Transfer complete.
2017-07-15 00:00:33 (258 KB/s) - ‘./domain/ip6.arpa.md5’ saved [48]

Remote file is newer than local file ‘./domain/ip6.arpa.sha256’ -- retrieving.

--2017-07-15 00:00:33--  ftp://ftp.internic.net/domain/ip6.arpa.sha256
           => ‘./domain/ip6.arpa.sha256’
==> CWD not required.
--> PASV

227 Entering Passive Mode (192,0,32,9,41,206)
--> RETR ip6.arpa.sha256

150 Opening BINARY mode data connection for ip6.arpa.sha256 (83 bytes).
Length: 83

     0K                                                       100%  140K=0.001s

226 Transfer complete.
2017-07-15 00:00:34 (140 KB/s) - ‘./domain/ip6.arpa.sha256’ saved [83]

Remote file is newer than local file ‘./domain/ip6.arpa.zone’ -- retrieving.

--2017-07-15 00:00:34--  ftp://ftp.internic.net/domain/ip6.arpa.zone
           => ‘./domain/ip6.arpa.zone’
==> CWD not required.
--> PASV

227 Entering Passive Mode (192,0,32,9,42,218)
--> RETR ip6.arpa.zone

150 Opening BINARY mode data connection for ip6.arpa.zone (61264 bytes).
Length: 61264 (60K)

     0K .......... .......... .......... .......... .......... 83%  109K 0s
    50K .........                                             100% 2.17M=0.5s

226 Transfer complete.
2017-07-15 00:00:35 (130 KB/s) - ‘./domain/ip6.arpa.zone’ saved [61264]

The sizes do not match (local 24336) -- retrieving.

--2017-07-15 00:00:35--  ftp://ftp.internic.net/domain/ip6.arpa.zone.gz
           => ‘./domain/ip6.arpa.zone.gz’
==> CWD not required.
--> PASV

227 Entering Passive Mode (192,0,32,9,184,101)
--> RETR ip6.arpa.zone.gz

150 Opening BINARY mode data connection for ip6.arpa.zone.gz (24332 bytes).
Length: 24332 (24K)

     0K .......... .......... ...                             100%  104K=0.2s

226 Transfer complete.
2017-07-15 00:00:36 (104 KB/s) - ‘./domain/ip6.arpa.zone.gz’ saved [24332]

Remote file is newer than local file ‘./domain/ip6.arpa.zone.gz.md5’ -- retrieving.

--2017-07-15 00:00:36--  ftp://ftp.internic.net/domain/ip6.arpa.zone.gz.md5
           => ‘./domain/ip6.arpa.zone.gz.md5’
==> CWD not required.
--> PASV

227 Entering Passive Mode (192,0,32,9,134,43)
--> RETR ip6.arpa.zone.gz.md5

150 Opening BINARY mode data connection for ip6.arpa.zone.gz.md5 (56 bytes).
Length: 56

     0K                                                       100%  480K=0s

226 Transfer complete.
2017-07-15 00:00:37 (480 KB/s) - ‘./domain/ip6.arpa.zone.gz.md5’ saved [56]

Remote file is newer than local file ‘./domain/ip6.arpa.zone.gz.sha256’ -- retrieving.

--2017-07-15 00:00:37--  ftp://ftp.internic.net/domain/ip6.arpa.zone.gz.sha256
           => ‘./domain/ip6.arpa.zone.gz.sha256’
==> CWD not required.
--> PASV

227 Entering Passive Mode (192,0,32,9,25,164)
--> RETR ip6.arpa.zone.gz.sha256

150 Opening BINARY mode data connection for ip6.arpa.zone.gz.sha256 (91 bytes).
Length: 91

     0K                                                       100%  773K=0s

226 Transfer complete.
2017-07-15 00:00:38 (773 KB/s) - ‘./domain/ip6.arpa.zone.gz.sha256’ saved [91]

Remote file is newer than local file ‘./domain/ip6.arpa.zone.md5’ -- retrieving.

--2017-07-15 00:00:38--  ftp://ftp.internic.net/domain/ip6.arpa.zone.md5
           => ‘./domain/ip6.arpa.zone.md5’
==> CWD not required.
--> PASV

227 Entering Passive Mode (192,0,32,9,252,155)
--> RETR ip6.arpa.zone.md5

150 Opening BINARY mode data connection for ip6.arpa.zone.md5 (53 bytes).
Length: 53

     0K                                                       100%  458K=0s

226 Transfer complete.
2017-07-15 00:00:39 (458 KB/s) - ‘./domain/ip6.arpa.zone.md5’ saved [53]

Remote file is newer than local file ‘./domain/ip6.arpa.zone.sha256’ -- retrieving.

--2017-07-15 00:00:39--  ftp://ftp.internic.net/domain/ip6.arpa.zone.sha256
           => ‘./domain/ip6.arpa.zone.sha256’
==> CWD not required.
--> PASV

227 Entering Passive Mode (192,0,32,9,95,194)
--> RETR ip6.arpa.zone.sha256

150 Opening BINARY mode data connection for ip6.arpa.zone.sha256 (88 bytes).
Length: 88

     0K                                                       100%  761K=0s

226 Transfer complete.
2017-07-15 00:00:40 (761 KB/s) - ‘./domain/ip6.arpa.zone.sha256’ saved [88]

Remote file is newer than local file ‘./domain/last_update.txt’ -- retrieving.

--2017-07-15 00:00:40--  ftp://ftp.internic.net/domain/last_update.txt
           => ‘./domain/last_update.txt’
==> CWD not required.
--> PASV

227 Entering Passive Mode (192,0,32,9,255,210)
--> RETR last_update.txt

150 Opening BINARY mode data connection for last_update.txt (21 bytes).
Length: 21

     0K                                                       100%  281K=0s

226 Transfer complete.
2017-07-15 00:00:41 (281 KB/s) - ‘./domain/last_update.txt’ saved [21]

Remote file no newer than local file ‘./domain/named.cache’ -- not retrieving.
Remote file no newer than local file ‘./domain/named.cache.md5’ -- not retrieving.
Remote file no newer than local file ‘./domain/named.cache.sig’ -- not retrieving.
Remote file no newer than local file ‘./domain/named.root’ -- not retrieving.
Remote file no newer than local file ‘./domain/named.root.md5’ -- not retrieving.
Remote file no newer than local file ‘./domain/named.root.sig’ -- not retrieving.
Remote file no newer than local file ‘./domain/root-servers.net.zone’ -- not retrieving.
Remote file no newer than local file ‘./domain/root-servers.net.zone.gz’ -- not retrieving.
Remote file no newer than local file ‘./domain/root-servers.net.zone.gz.md5’ -- not retrieving.
Remote file no newer than local file ‘./domain/root-servers.net.zone.gz.sig’ -- not retrieving.
The sizes do not match (local 2260732) -- retrieving.

--2017-07-15 00:00:41--  ftp://ftp.internic.net/domain/root.zone
           => ‘./domain/root.zone’
==> CWD not required.
--> PASV

227 Entering Passive Mode (192,0,32,9,132,57)
--> RETR root.zone

150 Opening BINARY mode data connection for root.zone (2260710 bytes).
Length: 2260710 (2.2M)

     0K .......... .......... .......... .......... ..........  2%  110K 20s
    50K .......... .......... .......... .......... ..........  4%  227K 14s
   100K .......... .......... .......... .......... ..........  6%  225K 12s
   150K .......... .......... .......... .......... ..........  9% 1.48M 9s
   200K .......... .......... .......... .......... .......... 11%  228K 9s
   250K .......... .......... .......... .......... .......... 13%  231K 9s
   300K .......... .......... .......... .......... .......... 15%  231K 8s
   350K .......... .......... .......... .......... .......... 18% 1.37M 7s
   400K .......... .......... .......... .......... .......... 20%  231K 7s
   450K .......... .......... .......... .......... .......... 22%  237K 7s
   500K .......... .......... .......... .......... .......... 24%  240K 7s
   550K .......... .......... .......... .......... .......... 27% 1.45M 6s
   600K .......... .......... .......... .......... .......... 29%  243K 6s
   650K .......... .......... .......... .......... .......... 31% 1.42M 5s
   700K .......... .......... .......... .......... .......... 33%  243K 5s
   750K .......... .......... .......... .......... .......... 36%  250K 5s
   800K .......... .......... .......... .......... .......... 38% 1.39M 5s
   850K .......... .......... .......... .......... .......... 40%  261K 5s
   900K .......... .......... .......... .......... .......... 43% 1.40M 4s
   950K .......... .......... .......... .......... .......... 45%  272K 4s
  1000K .......... .......... .......... .......... .......... 47% 1.28M 4s
  1050K .......... .......... .......... .......... .......... 49%  272K 4s
  1100K .......... .......... .......... .......... .......... 52% 1.49M 3s
  1150K .......... .......... .......... .......... .......... 54%  272K 3s
  1200K .......... .......... .......... .......... .......... 56% 1.04M 3s
  1250K .......... .......... .......... .......... .......... 58%  298K 3s
  1300K .......... .......... .......... .......... .......... 61% 1.10M 3s
  1350K .......... .......... .......... .......... .......... 63%  309K 2s
  1400K .......... .......... .......... .......... .......... 65% 1.02M 2s
  1450K .......... .......... .......... .......... .......... 67% 1.38M 2s
  1500K .......... .......... .......... .......... .......... 70%  272K 2s
  1550K .......... .......... .......... .......... .......... 72% 1.44M 2s
  1600K .......... .......... .......... .......... .......... 74%  350K 2s
  1650K .......... .......... .......... .......... .......... 77%  898K 1s
  1700K .......... .......... .......... .......... .......... 79% 1.33M 1s
  1750K .......... .......... .......... .......... .......... 81%  362K 1s
  1800K .......... .......... .......... .......... .......... 83%  866K 1s
  1850K .......... .......... .......... .......... .......... 86% 1.37M 1s
  1900K .......... .......... .......... .......... .......... 88%  316K 1s
  1950K .......... .......... .......... .......... .......... 90% 1.08M 1s
  2000K .......... .......... .......... .......... .......... 92%  408K 0s
  2050K .......... .......... .......... .......... .......... 95%  949K 0s
  2100K .......... .......... .......... .......... .......... 97% 1015K 0s
  2150K .......... .......... .......... .......... .......... 99%  557K 0s
  2200K .......                                               100%  278K=5.6s

226 Transfer complete.
2017-07-15 00:00:47 (398 KB/s) - ‘./domain/root.zone’ saved [2260710]

The sizes do not match (local 1061382) -- retrieving.

--2017-07-15 00:00:47--  ftp://ftp.internic.net/domain/root.zone.gz
           => ‘./domain/root.zone.gz’
==> CWD not required.
--> PASV

227 Entering Passive Mode (192,0,32,9,42,151)
--> RETR root.zone.gz

150 Opening BINARY mode data connection for root.zone.gz (1061384 bytes).
Length: 1061384 (1.0M)

     0K .......... .......... .......... .......... ..........  4%  109K 9s
    50K .......... .......... .......... .......... ..........  9%  243K 6s
   100K .......... .......... .......... .......... .......... 14% 1.14M 4s
   150K .......... .......... .......... .......... .......... 19%  227K 4s
   200K .......... .......... .......... .......... .......... 24%  241K 4s
   250K .......... .......... .......... .......... .......... 28%  253K 3s
   300K .......... .......... .......... .......... .......... 33% 1.24M 3s
   350K .......... .......... .......... .......... .......... 38%  250K 3s
   400K .......... .......... .......... .......... .......... 43% 1.50M 2s
   450K .......... .......... .......... .......... .......... 48%  260K 2s
   500K .......... .......... .......... .......... .......... 53% 1.32M 2s
   550K .......... .......... .......... .......... .......... 57%  263K 1s
   600K .......... .......... .......... .......... .......... 62% 1.35M 1s
   650K .......... .......... .......... .......... .......... 67%  260K 1s
   700K .......... .......... .......... .......... .......... 72% 1.40M 1s
   750K .......... .......... .......... .......... .......... 77%  268K 1s
   800K .......... .......... .......... .......... .......... 82% 1000K 1s
   850K .......... .......... .......... .......... .......... 86%  293K 0s
   900K .......... .......... .......... .......... .......... 91%  939K 0s
   950K .......... .......... .......... .......... .......... 96%  308K 0s
  1000K .......... .......... .......... ......               100% 1.53M=2.9s

226 Transfer complete.
2017-07-15 00:00:51 (353 KB/s) - ‘./domain/root.zone.gz’ saved [1061384]

Remote file is newer than local file ‘./domain/root.zone.gz.md5’ -- retrieving.

--2017-07-15 00:00:51--  ftp://ftp.internic.net/domain/root.zone.gz.md5
           => ‘./domain/root.zone.gz.md5’
==> CWD not required.
--> PASV

227 Entering Passive Mode (192,0,32,9,42,176)
--> RETR root.zone.gz.md5

150 Opening BINARY mode data connection for root.zone.gz.md5 (33 bytes).
Length: 33

     0K                                                       100%  278K=0s

226 Transfer complete.
2017-07-15 00:00:52 (278 KB/s) - ‘./domain/root.zone.gz.md5’ saved [33]

Remote file is newer than local file ‘./domain/root.zone.gz.sig’ -- retrieving.

--2017-07-15 00:00:52--  ftp://ftp.internic.net/domain/root.zone.gz.sig
           => ‘./domain/root.zone.gz.sig’
==> CWD not required.
--> PASV

227 Entering Passive Mode (192,0,32,9,12,150)
--> RETR root.zone.gz.sig

150 Opening BINARY mode data connection for root.zone.gz.sig (72 bytes).
Length: 72

     0K                                                       100%  611K=0s

226 Transfer complete.
2017-07-15 00:00:53 (611 KB/s) - ‘./domain/root.zone.gz.sig’ saved [72]

Remote file is newer than local file ‘./domain/root.zone.md5’ -- retrieving.

--2017-07-15 00:00:53--  ftp://ftp.internic.net/domain/root.zone.md5
           => ‘./domain/root.zone.md5’
==> CWD not required.
--> PASV

227 Entering Passive Mode (192,0,32,9,249,20)
--> RETR root.zone.md5

150 Opening BINARY mode data connection for root.zone.md5 (33 bytes).
Length: 33

     0K                                                       100%  273K=0s

226 Transfer complete.
2017-07-15 00:00:54 (273 KB/s) - ‘./domain/root.zone.md5’ saved [33]

Remote file is newer than local file ‘./domain/root.zone.sig’ -- retrieving.

--2017-07-15 00:00:54--  ftp://ftp.internic.net/domain/root.zone.sig
           => ‘./domain/root.zone.sig’
==> CWD not required.
--> PASV

227 Entering Passive Mode (192,0,32,9,239,181)
--> RETR root.zone.sig

150 Opening BINARY mode data connection for root.zone.sig (72 bytes).
Length: 72

     0K                                                       100%  376K=0s

226 Transfer complete.
2017-07-15 00:00:55 (376 KB/s) - ‘./domain/root.zone.sig’ saved [72]

FINISHED --2017-07-15 00:00:55--
Total wall clock time: 52s
Downloaded: 40 files, 4.0M in 13s (310 KB/s)
