--2017-03-15 00:00:04--  ftp://ftp.internic.net/*
           => ‘./.listing’
Resolving ftp.internic.net (ftp.internic.net)... 192.0.32.9, 2620:0:2d0:200::9
Connecting to ftp.internic.net (ftp.internic.net)|192.0.32.9|:21... connected.
Logging in as anonymous ... 
220 Internic FTP Server
--> USER anonymous

331 Please specify the password.
--> PASS Turtle Power!

230 Login successful.
--> SYST

215 UNIX Type: L8
--> PWD

257 "/"
--> TYPE I

200 Switching to Binary mode.
==> CWD not needed.
--> PASV

227 Entering Passive Mode (192,0,32,9,176,117)
--> LIST -a

150 Here comes the directory listing.

     0K                                                        1.60M=0s

226 Directory send OK.
drwxr-xr-x    3 ftp      ftp          4096 Apr 04  2012 .
drwxr-xr-x    3 ftp      ftp          4096 Apr 04  2012 ..
drwxr-xr-x    2 ftp      ftp          4096 Sep 09  2015 domain
2017-03-15 00:00:07 (1.60 MB/s) - ‘./.listing’ saved [183]

--2017-03-15 00:00:07--  ftp://ftp.internic.net/domain/*
           => ‘./domain/.listing’
--> CWD /domain

250 Directory successfully changed.
--> PASV

227 Entering Passive Mode (192,0,32,9,207,0)
--> LIST -a

150 Here comes the directory listing.

     0K ...                                                     824K=0.005s

226 Directory send OK.
drwxr-xr-x    2 ftp      ftp          4096 Sep 09  2015 .
drwxr-xr-x    3 ftp      ftp          4096 Apr 04  2012 ..
-rw-r--r--    1 ftp      ftp          1829 Aug 18  2015 .listing
-rw-r--r--    1 ftp      ftp          1224 Mar 14 12:24 INTERNIC_ROOT_ZONE.signatures
-rw-r--r--    1 ftp      ftp          1469 Mar 14 12:24 INTERNIC_ROOT_ZONE.signatures.asc
-rw-r--r--    1 ftp      ftp         15186 Mar 14 12:24 arpa.zone
-rw-r--r--    1 ftp      ftp          6638 Mar 14 12:24 arpa.zone.gz
-rw-r--r--    1 ftp      ftp            33 Mar 14 12:24 arpa.zone.gz.md5
-rw-r--r--    1 ftp      ftp            72 Mar 14 12:24 arpa.zone.gz.sig
-rw-r--r--    1 ftp      ftp          3291 Oct 20 19:35 db.cache
-rw-r--r--    1 ftp      ftp            33 Oct 20 19:35 db.cache.md5
-rw-r--r--    1 ftp      ftp            72 Oct 20 19:35 db.cache.sig
-rw-r--r--    1 ftp      ftp        228015 Mar 14 15:40 in-addr.arpa
-rw-r--r--    1 ftp      ftp         90406 Mar 14 15:40 in-addr.arpa.gz
-rw-r--r--    1 ftp      ftp            55 Mar 14 15:40 in-addr.arpa.gz.md5
-rw-r--r--    1 ftp      ftp            90 Mar 14 15:40 in-addr.arpa.gz.sha256
-rw-r--r--    1 ftp      ftp            52 Mar 14 15:40 in-addr.arpa.md5
-rw-r--r--    1 ftp      ftp            87 Mar 14 15:40 in-addr.arpa.sha256
-rw-r--r--    1 ftp      ftp        228015 Mar 14 15:40 in-addr.arpa.zone
-rw-r--r--    1 ftp      ftp         90406 Mar 14 15:40 in-addr.arpa.zone.gz
-rw-r--r--    1 ftp      ftp            60 Mar 14 15:40 in-addr.arpa.zone.gz.md5
-rw-r--r--    1 ftp      ftp            95 Mar 14 15:40 in-addr.arpa.zone.gz.sha256
-rw-r--r--    1 ftp      ftp            57 Mar 14 15:40 in-addr.arpa.zone.md5
-rw-r--r--    1 ftp      ftp            92 Mar 14 15:40 in-addr.arpa.zone.sha256
-rw-r--r--    1 ftp      ftp         60746 Mar 14 15:40 ip6.arpa
-rw-r--r--    1 ftp      ftp         24337 Mar 14 15:40 ip6.arpa.gz
-rw-r--r--    1 ftp      ftp            51 Mar 14 15:40 ip6.arpa.gz.md5
-rw-r--r--    1 ftp      ftp            86 Mar 14 15:40 ip6.arpa.gz.sha256
-rw-r--r--    1 ftp      ftp            48 Mar 14 15:40 ip6.arpa.md5
-rw-r--r--    1 ftp      ftp            83 Mar 14 15:40 ip6.arpa.sha256
-rw-r--r--    1 ftp      ftp         60746 Mar 14 15:40 ip6.arpa.zone
-rw-r--r--    1 ftp      ftp         24337 Mar 14 15:40 ip6.arpa.zone.gz
-rw-r--r--    1 ftp      ftp            56 Mar 14 15:40 ip6.arpa.zone.gz.md5
-rw-r--r--    1 ftp      ftp            91 Mar 14 15:40 ip6.arpa.zone.gz.sha256
-rw-r--r--    1 ftp      ftp            53 Mar 14 15:40 ip6.arpa.zone.md5
-rw-r--r--    1 ftp      ftp            88 Mar 14 15:40 ip6.arpa.zone.sha256
-rw-r--r--    1 ftp      ftp            21 Mar 14 15:40 last_update.txt
-rw-r--r--    1 ftp      ftp          3291 Oct 20 19:35 named.cache
-rw-r--r--    1 ftp      ftp            33 Oct 20 19:35 named.cache.md5
-rw-r--r--    1 ftp      ftp            72 Oct 20 19:35 named.cache.sig
-rw-r--r--    1 ftp      ftp          3291 Oct 20 19:35 named.root
-rw-r--r--    1 ftp      ftp            33 Oct 20 19:35 named.root.md5
-rw-r--r--    1 ftp      ftp            72 Oct 20 19:35 named.root.sig
-rw-r--r--    1 ftp      ftp          2110 Oct 20 19:35 root-servers.net.zone
-rw-r--r--    1 ftp      ftp           574 Oct 20 19:35 root-servers.net.zone.gz
-rw-r--r--    1 ftp      ftp            33 Oct 20 19:35 root-servers.net.zone.gz.md5
-rw-r--r--    1 ftp      ftp            72 Oct 20 19:35 root-servers.net.zone.gz.sig
-rw-r--r--    1 ftp      ftp       2230823 Mar 14 05:36 root.zone
-rw-r--r--    1 ftp      ftp       1047782 Mar 14 05:36 root.zone.gz
-rw-r--r--    1 ftp      ftp            33 Mar 14 05:36 root.zone.gz.md5
-rw-r--r--    1 ftp      ftp            72 Mar 14 05:36 root.zone.gz.sig
-rw-r--r--    1 ftp      ftp            33 Mar 14 05:36 root.zone.md5
-rw-r--r--    1 ftp      ftp            72 Mar 14 05:36 root.zone.sig
2017-03-15 00:00:08 (824 KB/s) - ‘./domain/.listing’ saved [3930]

The sizes do not match (local 3930) -- retrieving.

--2017-03-15 00:00:08--  ftp://ftp.internic.net/domain/.listing
           => ‘./domain/.listing’
==> CWD not required.
--> PASV

227 Entering Passive Mode (192,0,32,9,65,62)
--> RETR .listing

150 Opening BINARY mode data connection for .listing (1829 bytes).
Length: 1829 (1.8K)

     0K .                                                     100% 15.0M=0s

226 Transfer complete.
2017-03-15 00:00:09 (15.0 MB/s) - ‘./domain/.listing’ saved [1829]

Remote file no newer than local file ‘./domain/INTERNIC_ROOT_ZONE.signatures’ -- not retrieving.
Remote file no newer than local file ‘./domain/INTERNIC_ROOT_ZONE.signatures.asc’ -- not retrieving.
Remote file no newer than local file ‘./domain/arpa.zone’ -- not retrieving.
Remote file no newer than local file ‘./domain/arpa.zone.gz’ -- not retrieving.
Remote file no newer than local file ‘./domain/arpa.zone.gz.md5’ -- not retrieving.
Remote file no newer than local file ‘./domain/arpa.zone.gz.sig’ -- not retrieving.
Remote file no newer than local file ‘./domain/db.cache’ -- not retrieving.
Remote file no newer than local file ‘./domain/db.cache.md5’ -- not retrieving.
Remote file no newer than local file ‘./domain/db.cache.sig’ -- not retrieving.
Remote file is newer than local file ‘./domain/in-addr.arpa’ -- retrieving.

--2017-03-15 00:00:09--  ftp://ftp.internic.net/domain/in-addr.arpa
           => ‘./domain/in-addr.arpa’
==> CWD not required.
--> PASV

227 Entering Passive Mode (192,0,32,9,171,116)
--> RETR in-addr.arpa

150 Opening BINARY mode data connection for in-addr.arpa (228015 bytes).
Length: 228015 (223K)

     0K .......... .......... .......... .......... .......... 22%  115K 2s
    50K .......... .......... .......... .......... .......... 44%  228K 1s
   100K .......... .......... .......... .......... .......... 67%  115K 1s
   150K .......... .......... .......... .......... .......... 89%  230K 0s
   200K .......... .......... ..                              100%  104K=1.5s

226 Transfer complete.
2017-03-15 00:00:11 (146 KB/s) - ‘./domain/in-addr.arpa’ saved [228015]

Remote file is newer than local file ‘./domain/in-addr.arpa.gz’ -- retrieving.

--2017-03-15 00:00:12--  ftp://ftp.internic.net/domain/in-addr.arpa.gz
           => ‘./domain/in-addr.arpa.gz’
==> CWD not required.
--> PASV

227 Entering Passive Mode (192,0,32,9,244,1)
--> RETR in-addr.arpa.gz

150 Opening BINARY mode data connection for in-addr.arpa.gz (90406 bytes).
Length: 90406 (88K)

     0K .......... .......... .......... .......... .......... 56% 76.3K 1s
    50K .......... .......... .......... ........             100% 59.4K=1.3s

226 Transfer complete.
2017-03-15 00:00:14 (67.9 KB/s) - ‘./domain/in-addr.arpa.gz’ saved [90406]

Remote file is newer than local file ‘./domain/in-addr.arpa.gz.md5’ -- retrieving.

--2017-03-15 00:00:14--  ftp://ftp.internic.net/domain/in-addr.arpa.gz.md5
           => ‘./domain/in-addr.arpa.gz.md5’
==> CWD not required.
--> PASV

227 Entering Passive Mode (192,0,32,9,198,132)
--> RETR in-addr.arpa.gz.md5

150 Opening BINARY mode data connection for in-addr.arpa.gz.md5 (55 bytes).
Length: 55

     0K                                                       100%  484K=0s

226 Transfer complete.
2017-03-15 00:00:15 (484 KB/s) - ‘./domain/in-addr.arpa.gz.md5’ saved [55]

Remote file is newer than local file ‘./domain/in-addr.arpa.gz.sha256’ -- retrieving.

--2017-03-15 00:00:15--  ftp://ftp.internic.net/domain/in-addr.arpa.gz.sha256
           => ‘./domain/in-addr.arpa.gz.sha256’
==> CWD not required.
--> PASV

227 Entering Passive Mode (192,0,32,9,76,249)
--> RETR in-addr.arpa.gz.sha256

150 Opening BINARY mode data connection for in-addr.arpa.gz.sha256 (90 bytes).
Length: 90

     0K                                                       100%  594K=0s

226 Transfer complete.
2017-03-15 00:00:15 (594 KB/s) - ‘./domain/in-addr.arpa.gz.sha256’ saved [90]

Remote file is newer than local file ‘./domain/in-addr.arpa.md5’ -- retrieving.

--2017-03-15 00:00:15--  ftp://ftp.internic.net/domain/in-addr.arpa.md5
           => ‘./domain/in-addr.arpa.md5’
==> CWD not required.
--> PASV

227 Entering Passive Mode (192,0,32,9,124,228)
--> RETR in-addr.arpa.md5

150 Opening BINARY mode data connection for in-addr.arpa.md5 (52 bytes).
Length: 52

     0K                                                       100%  267K=0s

226 Transfer complete.
2017-03-15 00:00:16 (267 KB/s) - ‘./domain/in-addr.arpa.md5’ saved [52]

Remote file is newer than local file ‘./domain/in-addr.arpa.sha256’ -- retrieving.

--2017-03-15 00:00:16--  ftp://ftp.internic.net/domain/in-addr.arpa.sha256
           => ‘./domain/in-addr.arpa.sha256’
==> CWD not required.
--> PASV

227 Entering Passive Mode (192,0,32,9,234,229)
--> RETR in-addr.arpa.sha256

150 Opening BINARY mode data connection for in-addr.arpa.sha256 (87 bytes).
Length: 87

     0K                                                       100%  440K=0s

226 Transfer complete.
2017-03-15 00:00:17 (440 KB/s) - ‘./domain/in-addr.arpa.sha256’ saved [87]

Remote file is newer than local file ‘./domain/in-addr.arpa.zone’ -- retrieving.

--2017-03-15 00:00:17--  ftp://ftp.internic.net/domain/in-addr.arpa.zone
           => ‘./domain/in-addr.arpa.zone’
==> CWD not required.
--> PASV

227 Entering Passive Mode (192,0,32,9,199,165)
--> RETR in-addr.arpa.zone

150 Opening BINARY mode data connection for in-addr.arpa.zone (228015 bytes).
Length: 228015 (223K)

     0K .......... .......... .......... .......... .......... 22%  117K 1s
    50K .......... .......... .......... .......... .......... 44%  115K 1s
   100K .......... .......... .......... .......... .......... 67%  117K 1s
   150K .......... .......... .......... .......... .......... 89%  215K 0s
   200K .......... .......... ..                              100%  112K=1.7s

226 Transfer complete.
2017-03-15 00:00:20 (129 KB/s) - ‘./domain/in-addr.arpa.zone’ saved [228015]

Remote file is newer than local file ‘./domain/in-addr.arpa.zone.gz’ -- retrieving.

--2017-03-15 00:00:20--  ftp://ftp.internic.net/domain/in-addr.arpa.zone.gz
           => ‘./domain/in-addr.arpa.zone.gz’
==> CWD not required.
--> PASV

227 Entering Passive Mode (192,0,32,9,41,102)
--> RETR in-addr.arpa.zone.gz

150 Opening BINARY mode data connection for in-addr.arpa.zone.gz (90406 bytes).
Length: 90406 (88K)

     0K .......... .......... .......... .......... .......... 56% 75.6K 1s
    50K .......... .......... .......... ........             100% 56.3K=1.3s

226 Transfer complete.
2017-03-15 00:00:22 (65.8 KB/s) - ‘./domain/in-addr.arpa.zone.gz’ saved [90406]

Remote file is newer than local file ‘./domain/in-addr.arpa.zone.gz.md5’ -- retrieving.

--2017-03-15 00:00:22--  ftp://ftp.internic.net/domain/in-addr.arpa.zone.gz.md5
           => ‘./domain/in-addr.arpa.zone.gz.md5’
==> CWD not required.
--> PASV

227 Entering Passive Mode (192,0,32,9,104,167)
--> RETR in-addr.arpa.zone.gz.md5

150 Opening BINARY mode data connection for in-addr.arpa.zone.gz.md5 (60 bytes).
Length: 60

     0K                                                       100%  410K=0s

226 Transfer complete.
2017-03-15 00:00:23 (410 KB/s) - ‘./domain/in-addr.arpa.zone.gz.md5’ saved [60]

Remote file is newer than local file ‘./domain/in-addr.arpa.zone.gz.sha256’ -- retrieving.

--2017-03-15 00:00:23--  ftp://ftp.internic.net/domain/in-addr.arpa.zone.gz.sha256
           => ‘./domain/in-addr.arpa.zone.gz.sha256’
==> CWD not required.
--> PASV

227 Entering Passive Mode (192,0,32,9,39,18)
--> RETR in-addr.arpa.zone.gz.sha256

150 Opening BINARY mode data connection for in-addr.arpa.zone.gz.sha256 (95 bytes).
Length: 95

     0K                                                       100%  677K=0s

226 Transfer complete.
2017-03-15 00:00:24 (677 KB/s) - ‘./domain/in-addr.arpa.zone.gz.sha256’ saved [95]

Remote file is newer than local file ‘./domain/in-addr.arpa.zone.md5’ -- retrieving.

--2017-03-15 00:00:24--  ftp://ftp.internic.net/domain/in-addr.arpa.zone.md5
           => ‘./domain/in-addr.arpa.zone.md5’
==> CWD not required.
--> PASV

227 Entering Passive Mode (192,0,32,9,242,144)
--> RETR in-addr.arpa.zone.md5

150 Opening BINARY mode data connection for in-addr.arpa.zone.md5 (57 bytes).
Length: 57

     0K                                                       100%  326K=0s

226 Transfer complete.
2017-03-15 00:00:25 (326 KB/s) - ‘./domain/in-addr.arpa.zone.md5’ saved [57]

Remote file is newer than local file ‘./domain/in-addr.arpa.zone.sha256’ -- retrieving.

--2017-03-15 00:00:25--  ftp://ftp.internic.net/domain/in-addr.arpa.zone.sha256
           => ‘./domain/in-addr.arpa.zone.sha256’
==> CWD not required.
--> PASV

227 Entering Passive Mode (192,0,32,9,239,103)
--> RETR in-addr.arpa.zone.sha256

150 Opening BINARY mode data connection for in-addr.arpa.zone.sha256 (92 bytes).
Length: 92

     0K                                                       100%  713K=0s

226 Transfer complete.
2017-03-15 00:00:26 (713 KB/s) - ‘./domain/in-addr.arpa.zone.sha256’ saved [92]

Remote file is newer than local file ‘./domain/ip6.arpa’ -- retrieving.

--2017-03-15 00:00:26--  ftp://ftp.internic.net/domain/ip6.arpa
           => ‘./domain/ip6.arpa’
==> CWD not required.
--> PASV

227 Entering Passive Mode (192,0,32,9,104,39)
--> RETR ip6.arpa

150 Opening BINARY mode data connection for ip6.arpa (60746 bytes).
Length: 60746 (59K)

     0K .......... .......... .......... .......... .......... 84% 56.7K 0s
    50K .........                                             100% 40.5M=0.9s

226 Transfer complete.
2017-03-15 00:00:27 (67.3 KB/s) - ‘./domain/ip6.arpa’ saved [60746]

Remote file is newer than local file ‘./domain/ip6.arpa.gz’ -- retrieving.

--2017-03-15 00:00:27--  ftp://ftp.internic.net/domain/ip6.arpa.gz
           => ‘./domain/ip6.arpa.gz’
==> CWD not required.
--> PASV

227 Entering Passive Mode (192,0,32,9,235,105)
--> RETR ip6.arpa.gz

150 Opening BINARY mode data connection for ip6.arpa.gz (24337 bytes).
Length: 24337 (24K)

     0K .......... .......... ...                             100%  107K=0.2s

226 Transfer complete.
2017-03-15 00:00:28 (107 KB/s) - ‘./domain/ip6.arpa.gz’ saved [24337]

Remote file is newer than local file ‘./domain/ip6.arpa.gz.md5’ -- retrieving.

--2017-03-15 00:00:28--  ftp://ftp.internic.net/domain/ip6.arpa.gz.md5
           => ‘./domain/ip6.arpa.gz.md5’
==> CWD not required.
--> PASV

227 Entering Passive Mode (192,0,32,9,41,12)
--> RETR ip6.arpa.gz.md5

150 Opening BINARY mode data connection for ip6.arpa.gz.md5 (51 bytes).
Length: 51

     0K                                                       100%  254K=0s

226 Transfer complete.
2017-03-15 00:00:29 (254 KB/s) - ‘./domain/ip6.arpa.gz.md5’ saved [51]

Remote file is newer than local file ‘./domain/ip6.arpa.gz.sha256’ -- retrieving.

--2017-03-15 00:00:29--  ftp://ftp.internic.net/domain/ip6.arpa.gz.sha256
           => ‘./domain/ip6.arpa.gz.sha256’
==> CWD not required.
--> PASV

227 Entering Passive Mode (192,0,32,9,208,72)
--> RETR ip6.arpa.gz.sha256

150 Opening BINARY mode data connection for ip6.arpa.gz.sha256 (86 bytes).
Length: 86

     0K                                                       100%  757K=0s

226 Transfer complete.
2017-03-15 00:00:30 (757 KB/s) - ‘./domain/ip6.arpa.gz.sha256’ saved [86]

Remote file is newer than local file ‘./domain/ip6.arpa.md5’ -- retrieving.

--2017-03-15 00:00:30--  ftp://ftp.internic.net/domain/ip6.arpa.md5
           => ‘./domain/ip6.arpa.md5’
==> CWD not required.
--> PASV

227 Entering Passive Mode (192,0,32,9,251,110)
--> RETR ip6.arpa.md5

150 Opening BINARY mode data connection for ip6.arpa.md5 (48 bytes).
Length: 48

     0K                                                       100%  426K=0s

226 Transfer complete.
2017-03-15 00:00:31 (426 KB/s) - ‘./domain/ip6.arpa.md5’ saved [48]

Remote file is newer than local file ‘./domain/ip6.arpa.sha256’ -- retrieving.

--2017-03-15 00:00:31--  ftp://ftp.internic.net/domain/ip6.arpa.sha256
           => ‘./domain/ip6.arpa.sha256’
==> CWD not required.
--> PASV

227 Entering Passive Mode (192,0,32,9,158,6)
--> RETR ip6.arpa.sha256

150 Opening BINARY mode data connection for ip6.arpa.sha256 (83 bytes).
Length: 83

     0K                                                       100%  461K=0s

226 Transfer complete.
2017-03-15 00:00:32 (461 KB/s) - ‘./domain/ip6.arpa.sha256’ saved [83]

Remote file is newer than local file ‘./domain/ip6.arpa.zone’ -- retrieving.

--2017-03-15 00:00:32--  ftp://ftp.internic.net/domain/ip6.arpa.zone
           => ‘./domain/ip6.arpa.zone’
==> CWD not required.
--> PASV

227 Entering Passive Mode (192,0,32,9,42,5)
--> RETR ip6.arpa.zone

150 Opening BINARY mode data connection for ip6.arpa.zone (60746 bytes).
Length: 60746 (59K)

     0K .......... .......... .......... .......... .......... 84%  116K 0s
    50K .........                                             100% 41.8M=0.4s

226 Transfer complete.
2017-03-15 00:00:33 (138 KB/s) - ‘./domain/ip6.arpa.zone’ saved [60746]

Remote file is newer than local file ‘./domain/ip6.arpa.zone.gz’ -- retrieving.

--2017-03-15 00:00:33--  ftp://ftp.internic.net/domain/ip6.arpa.zone.gz
           => ‘./domain/ip6.arpa.zone.gz’
==> CWD not required.
--> PASV

227 Entering Passive Mode (192,0,32,9,30,54)
--> RETR ip6.arpa.zone.gz

150 Opening BINARY mode data connection for ip6.arpa.zone.gz (24337 bytes).
Length: 24337 (24K)

     0K .......... .......... ...                             100%  111K=0.2s

226 Transfer complete.
2017-03-15 00:00:34 (111 KB/s) - ‘./domain/ip6.arpa.zone.gz’ saved [24337]

Remote file is newer than local file ‘./domain/ip6.arpa.zone.gz.md5’ -- retrieving.

--2017-03-15 00:00:34--  ftp://ftp.internic.net/domain/ip6.arpa.zone.gz.md5
           => ‘./domain/ip6.arpa.zone.gz.md5’
==> CWD not required.
--> PASV

227 Entering Passive Mode (192,0,32,9,201,102)
--> RETR ip6.arpa.zone.gz.md5

150 Opening BINARY mode data connection for ip6.arpa.zone.gz.md5 (56 bytes).
Length: 56

     0K                                                       100%  497K=0s

226 Transfer complete.
2017-03-15 00:00:35 (497 KB/s) - ‘./domain/ip6.arpa.zone.gz.md5’ saved [56]

Remote file is newer than local file ‘./domain/ip6.arpa.zone.gz.sha256’ -- retrieving.

--2017-03-15 00:00:35--  ftp://ftp.internic.net/domain/ip6.arpa.zone.gz.sha256
           => ‘./domain/ip6.arpa.zone.gz.sha256’
==> CWD not required.
--> PASV

227 Entering Passive Mode (192,0,32,9,110,150)
--> RETR ip6.arpa.zone.gz.sha256

150 Opening BINARY mode data connection for ip6.arpa.zone.gz.sha256 (91 bytes).
Length: 91

     0K                                                       100%  711K=0s

226 Transfer complete.
2017-03-15 00:00:36 (711 KB/s) - ‘./domain/ip6.arpa.zone.gz.sha256’ saved [91]

Remote file is newer than local file ‘./domain/ip6.arpa.zone.md5’ -- retrieving.

--2017-03-15 00:00:36--  ftp://ftp.internic.net/domain/ip6.arpa.zone.md5
           => ‘./domain/ip6.arpa.zone.md5’
==> CWD not required.
--> PASV

227 Entering Passive Mode (192,0,32,9,24,16)
--> RETR ip6.arpa.zone.md5

150 Opening BINARY mode data connection for ip6.arpa.zone.md5 (53 bytes).
Length: 53

     0K                                                       100%  299K=0s

226 Transfer complete.
2017-03-15 00:02:37 (299 KB/s) - ‘./domain/ip6.arpa.zone.md5’ saved [53]

Remote file is newer than local file ‘./domain/ip6.arpa.zone.sha256’ -- retrieving.

--2017-03-15 00:02:37--  ftp://ftp.internic.net/domain/ip6.arpa.zone.sha256
           => ‘./domain/ip6.arpa.zone.sha256’
==> CWD not required.
--> PASV

227 Entering Passive Mode (192,0,32,9,88,154)
--> RETR ip6.arpa.zone.sha256

150 Opening BINARY mode data connection for ip6.arpa.zone.sha256 (88 bytes).
Length: 88

     0K                                                       100%  573K=0s

226 Transfer complete.
2017-03-15 00:02:38 (573 KB/s) - ‘./domain/ip6.arpa.zone.sha256’ saved [88]

Remote file is newer than local file ‘./domain/last_update.txt’ -- retrieving.

--2017-03-15 00:02:38--  ftp://ftp.internic.net/domain/last_update.txt
           => ‘./domain/last_update.txt’
==> CWD not required.
--> PASV

227 Entering Passive Mode (192,0,32,9,66,106)
--> RETR last_update.txt

150 Opening BINARY mode data connection for last_update.txt (21 bytes).
Length: 21

     0K                                                       100%  178K=0s

226 Transfer complete.
2017-03-15 00:02:39 (178 KB/s) - ‘./domain/last_update.txt’ saved [21]

Remote file no newer than local file ‘./domain/named.cache’ -- not retrieving.
Remote file no newer than local file ‘./domain/named.cache.md5’ -- not retrieving.
Remote file no newer than local file ‘./domain/named.cache.sig’ -- not retrieving.
Remote file no newer than local file ‘./domain/named.root’ -- not retrieving.
Remote file no newer than local file ‘./domain/named.root.md5’ -- not retrieving.
Remote file no newer than local file ‘./domain/named.root.sig’ -- not retrieving.
Remote file no newer than local file ‘./domain/root-servers.net.zone’ -- not retrieving.
Remote file no newer than local file ‘./domain/root-servers.net.zone.gz’ -- not retrieving.
Remote file no newer than local file ‘./domain/root-servers.net.zone.gz.md5’ -- not retrieving.
Remote file no newer than local file ‘./domain/root-servers.net.zone.gz.sig’ -- not retrieving.
Remote file no newer than local file ‘./domain/root.zone’ -- not retrieving.
Remote file no newer than local file ‘./domain/root.zone.gz’ -- not retrieving.
Remote file no newer than local file ‘./domain/root.zone.gz.md5’ -- not retrieving.
Remote file no newer than local file ‘./domain/root.zone.gz.sig’ -- not retrieving.
Remote file no newer than local file ‘./domain/root.zone.md5’ -- not retrieving.
Remote file no newer than local file ‘./domain/root.zone.sig’ -- not retrieving.
FINISHED --2017-03-15 00:02:39--
Total wall clock time: 2m 35s
Downloaded: 28 files, 795K in 7.6s (104 KB/s)
