--2017-08-24 00:00:02--  ftp://ftp.internic.net/*
           => ‘./.listing’
Resolving ftp.internic.net (ftp.internic.net)... 192.0.32.9, 2620:0:2d0:200::9
Connecting to ftp.internic.net (ftp.internic.net)|192.0.32.9|:21... connected.
Logging in as anonymous ... 
220 Internic FTP Server
--> USER anonymous

331 Please specify the password.
--> PASS Turtle Power!

230 Login successful.
--> SYST

215 UNIX Type: L8
--> PWD

257 "/"
--> TYPE I

200 Switching to Binary mode.
==> CWD not needed.
--> PASV

227 Entering Passive Mode (192,0,32,9,22,203)
--> LIST -a

150 Here comes the directory listing.

     0K                                                        4.16M=0s

226 Directory send OK.
drwxr-xr-x    3 ftp      ftp          4096 Apr 04  2012 .
drwxr-xr-x    3 ftp      ftp          4096 Apr 04  2012 ..
drwxr-xr-x    2 ftp      ftp          4096 Sep 09  2015 domain
2017-08-24 00:00:06 (4.16 MB/s) - ‘./.listing’ saved [183]

--2017-08-24 00:00:06--  ftp://ftp.internic.net/domain/*
           => ‘./domain/.listing’
--> CWD /domain

250 Directory successfully changed.
--> PASV

227 Entering Passive Mode (192,0,32,9,196,179)
--> LIST -a

150 Here comes the directory listing.

     0K ...                                                    55.1M=0s

226 Directory send OK.
drwxr-xr-x    2 ftp      ftp          4096 Sep 09  2015 .
drwxr-xr-x    3 ftp      ftp          4096 Apr 04  2012 ..
-rw-r--r--    1 ftp      ftp          1829 Aug 18  2015 .listing
-rw-r--r--    1 ftp      ftp          1224 Aug 23 12:42 INTERNIC_ROOT_ZONE.signatures
-rw-r--r--    1 ftp      ftp          1469 Aug 23 12:42 INTERNIC_ROOT_ZONE.signatures.asc
-rw-r--r--    1 ftp      ftp         15228 Aug 23 12:42 arpa.zone
-rw-r--r--    1 ftp      ftp          6649 Aug 23 12:42 arpa.zone.gz
-rw-r--r--    1 ftp      ftp            33 Aug 23 12:42 arpa.zone.gz.md5
-rw-r--r--    1 ftp      ftp            72 Aug 23 12:42 arpa.zone.gz.sig
-rw-r--r--    1 ftp      ftp          3314 Jul 26 14:54 db.cache
-rw-r--r--    1 ftp      ftp            33 Jul 26 14:54 db.cache.md5
-rw-r--r--    1 ftp      ftp            72 Jul 26 14:54 db.cache.sig
-rw-r--r--    1 ftp      ftp        228558 Aug 23 15:40 in-addr.arpa
-rw-r--r--    1 ftp      ftp         90805 Aug 23 15:40 in-addr.arpa.gz
-rw-r--r--    1 ftp      ftp            55 Aug 23 15:40 in-addr.arpa.gz.md5
-rw-r--r--    1 ftp      ftp            90 Aug 23 15:40 in-addr.arpa.gz.sha256
-rw-r--r--    1 ftp      ftp            52 Aug 23 15:40 in-addr.arpa.md5
-rw-r--r--    1 ftp      ftp            87 Aug 23 15:40 in-addr.arpa.sha256
-rw-r--r--    1 ftp      ftp        228558 Aug 23 15:40 in-addr.arpa.zone
-rw-r--r--    1 ftp      ftp         90805 Aug 23 15:40 in-addr.arpa.zone.gz
-rw-r--r--    1 ftp      ftp            60 Aug 23 15:40 in-addr.arpa.zone.gz.md5
-rw-r--r--    1 ftp      ftp            95 Aug 23 15:40 in-addr.arpa.zone.gz.sha256
-rw-r--r--    1 ftp      ftp            57 Aug 23 15:40 in-addr.arpa.zone.md5
-rw-r--r--    1 ftp      ftp            92 Aug 23 15:40 in-addr.arpa.zone.sha256
-rw-r--r--    1 ftp      ftp         61151 Aug 23 15:40 ip6.arpa
-rw-r--r--    1 ftp      ftp         24395 Aug 23 15:40 ip6.arpa.gz
-rw-r--r--    1 ftp      ftp            51 Aug 23 15:40 ip6.arpa.gz.md5
-rw-r--r--    1 ftp      ftp            86 Aug 23 15:40 ip6.arpa.gz.sha256
-rw-r--r--    1 ftp      ftp            48 Aug 23 15:40 ip6.arpa.md5
-rw-r--r--    1 ftp      ftp            83 Aug 23 15:40 ip6.arpa.sha256
-rw-r--r--    1 ftp      ftp         61151 Aug 23 15:40 ip6.arpa.zone
-rw-r--r--    1 ftp      ftp         24395 Aug 23 15:40 ip6.arpa.zone.gz
-rw-r--r--    1 ftp      ftp            56 Aug 23 15:40 ip6.arpa.zone.gz.md5
-rw-r--r--    1 ftp      ftp            91 Aug 23 15:40 ip6.arpa.zone.gz.sha256
-rw-r--r--    1 ftp      ftp            53 Aug 23 15:40 ip6.arpa.zone.md5
-rw-r--r--    1 ftp      ftp            88 Aug 23 15:40 ip6.arpa.zone.sha256
-rw-r--r--    1 ftp      ftp            21 Aug 23 15:40 last_update.txt
-rw-r--r--    1 ftp      ftp          3314 Jul 26 14:54 named.cache
-rw-r--r--    1 ftp      ftp            33 Jul 26 14:54 named.cache.md5
-rw-r--r--    1 ftp      ftp            72 Jul 26 14:54 named.cache.sig
-rw-r--r--    1 ftp      ftp          3314 Jul 26 14:54 named.root
-rw-r--r--    1 ftp      ftp            33 Jul 26 14:54 named.root.md5
-rw-r--r--    1 ftp      ftp            72 Jul 26 14:54 named.root.sig
-rw-r--r--    1 ftp      ftp          2111 Jul 26 14:53 root-servers.net.zone
-rw-r--r--    1 ftp      ftp           573 Jul 26 14:53 root-servers.net.zone.gz
-rw-r--r--    1 ftp      ftp            33 Jul 26 14:53 root-servers.net.zone.gz.md5
-rw-r--r--    1 ftp      ftp            72 Jul 26 14:53 root-servers.net.zone.gz.sig
-rw-r--r--    1 ftp      ftp       2263495 Aug 23 05:12 root.zone
-rw-r--r--    1 ftp      ftp       1062997 Aug 23 05:12 root.zone.gz
-rw-r--r--    1 ftp      ftp            33 Aug 23 05:12 root.zone.gz.md5
-rw-r--r--    1 ftp      ftp            72 Aug 23 05:12 root.zone.gz.sig
-rw-r--r--    1 ftp      ftp            33 Aug 23 05:12 root.zone.md5
-rw-r--r--    1 ftp      ftp            72 Aug 23 05:12 root.zone.sig
2017-08-24 00:00:08 (55.1 MB/s) - ‘./domain/.listing’ saved [3930]

The sizes do not match (local 3930) -- retrieving.

--2017-08-24 00:00:08--  ftp://ftp.internic.net/domain/.listing
           => ‘./domain/.listing’
==> CWD not required.
--> PASV

227 Entering Passive Mode (192,0,32,9,204,209)
--> RETR .listing

150 Opening BINARY mode data connection for .listing (1829 bytes).
Length: 1829 (1.8K)

     0K .                                                     100%  700K=0.003s

226 Transfer complete.
2017-08-24 00:00:09 (700 KB/s) - ‘./domain/.listing’ saved [1829]

Remote file is newer than local file ‘./domain/INTERNIC_ROOT_ZONE.signatures’ -- retrieving.

--2017-08-24 00:00:09--  ftp://ftp.internic.net/domain/INTERNIC_ROOT_ZONE.signatures
           => ‘./domain/INTERNIC_ROOT_ZONE.signatures’
==> CWD not required.
--> PASV

227 Entering Passive Mode (192,0,32,9,238,158)
--> RETR INTERNIC_ROOT_ZONE.signatures

150 Opening BINARY mode data connection for INTERNIC_ROOT_ZONE.signatures (1224 bytes).
Length: 1224 (1.2K)

     0K .                                                     100% 9.73M=0s

226 Transfer complete.
2017-08-24 00:00:10 (9.73 MB/s) - ‘./domain/INTERNIC_ROOT_ZONE.signatures’ saved [1224]

Remote file is newer than local file ‘./domain/INTERNIC_ROOT_ZONE.signatures.asc’ -- retrieving.

--2017-08-24 00:00:10--  ftp://ftp.internic.net/domain/INTERNIC_ROOT_ZONE.signatures.asc
           => ‘./domain/INTERNIC_ROOT_ZONE.signatures.asc’
==> CWD not required.
--> PASV

227 Entering Passive Mode (192,0,32,9,134,172)
--> RETR INTERNIC_ROOT_ZONE.signatures.asc

150 Opening BINARY mode data connection for INTERNIC_ROOT_ZONE.signatures.asc (1469 bytes).
Length: 1469 (1.4K)

     0K .                                                     100% 7.74M=0s

226 Transfer complete.
2017-08-24 00:00:11 (7.74 MB/s) - ‘./domain/INTERNIC_ROOT_ZONE.signatures.asc’ saved [1469]

Remote file is newer than local file ‘./domain/arpa.zone’ -- retrieving.

--2017-08-24 00:00:11--  ftp://ftp.internic.net/domain/arpa.zone
           => ‘./domain/arpa.zone’
==> CWD not required.
--> PASV

227 Entering Passive Mode (192,0,32,9,41,89)
--> RETR arpa.zone

150 Opening BINARY mode data connection for arpa.zone (15228 bytes).
Length: 15228 (15K)

     0K .......... ....                                       100% 49.7M=0s

226 Transfer complete.
2017-08-24 00:00:12 (49.7 MB/s) - ‘./domain/arpa.zone’ saved [15228]

The sizes do not match (local 6644) -- retrieving.

--2017-08-24 00:00:12--  ftp://ftp.internic.net/domain/arpa.zone.gz
           => ‘./domain/arpa.zone.gz’
==> CWD not required.
--> PASV

227 Entering Passive Mode (192,0,32,9,42,151)
--> RETR arpa.zone.gz

150 Opening BINARY mode data connection for arpa.zone.gz (6649 bytes).
Length: 6649 (6.5K)

     0K ......                                                100% 46.6M=0s

226 Transfer complete.
2017-08-24 00:00:14 (46.6 MB/s) - ‘./domain/arpa.zone.gz’ saved [6649]

Remote file is newer than local file ‘./domain/arpa.zone.gz.md5’ -- retrieving.

--2017-08-24 00:00:14--  ftp://ftp.internic.net/domain/arpa.zone.gz.md5
           => ‘./domain/arpa.zone.gz.md5’
==> CWD not required.
--> PASV

227 Entering Passive Mode (192,0,32,9,160,48)
--> RETR arpa.zone.gz.md5

150 Opening BINARY mode data connection for arpa.zone.gz.md5 (33 bytes).
Length: 33

     0K                                                       100%  460K=0s

226 Transfer complete.
2017-08-24 00:00:15 (460 KB/s) - ‘./domain/arpa.zone.gz.md5’ saved [33]

Remote file is newer than local file ‘./domain/arpa.zone.gz.sig’ -- retrieving.

--2017-08-24 00:00:15--  ftp://ftp.internic.net/domain/arpa.zone.gz.sig
           => ‘./domain/arpa.zone.gz.sig’
==> CWD not required.
--> PASV

227 Entering Passive Mode (192,0,32,9,41,148)
--> RETR arpa.zone.gz.sig

150 Opening BINARY mode data connection for arpa.zone.gz.sig (72 bytes).
Length: 72

     0K                                                       100%  596K=0s

226 Transfer complete.
2017-08-24 00:00:16 (596 KB/s) - ‘./domain/arpa.zone.gz.sig’ saved [72]

Remote file no newer than local file ‘./domain/db.cache’ -- not retrieving.
Remote file no newer than local file ‘./domain/db.cache.md5’ -- not retrieving.
Remote file no newer than local file ‘./domain/db.cache.sig’ -- not retrieving.
Remote file is newer than local file ‘./domain/in-addr.arpa’ -- retrieving.

--2017-08-24 00:00:16--  ftp://ftp.internic.net/domain/in-addr.arpa
           => ‘./domain/in-addr.arpa’
==> CWD not required.
--> PASV

227 Entering Passive Mode (192,0,32,9,41,99)
--> RETR in-addr.arpa

150 Opening BINARY mode data connection for in-addr.arpa (228558 bytes).
Length: 228558 (223K)

     0K .......... .......... .......... .......... .......... 22%  122K 1s
    50K .......... .......... .......... .......... .......... 44%  248K 1s
   100K .......... .......... .......... .......... .......... 67% 1.79M 0s
   150K .......... .......... .......... .......... .......... 89%  262K 0s
   200K .......... .......... ...                             100% 1.41M=0.8s

226 Transfer complete.
2017-08-24 00:00:18 (264 KB/s) - ‘./domain/in-addr.arpa’ saved [228558]

The sizes do not match (local 90794) -- retrieving.

--2017-08-24 00:00:18--  ftp://ftp.internic.net/domain/in-addr.arpa.gz
           => ‘./domain/in-addr.arpa.gz’
==> CWD not required.
--> PASV

227 Entering Passive Mode (192,0,32,9,210,159)
--> RETR in-addr.arpa.gz

150 Opening BINARY mode data connection for in-addr.arpa.gz (90805 bytes).
Length: 90805 (89K)

     0K .......... .......... .......... .......... .......... 56% 96.6K 0s
    50K .......... .......... .......... ........             100% 1.47M=0.5s

226 Transfer complete.
2017-08-24 00:00:20 (163 KB/s) - ‘./domain/in-addr.arpa.gz’ saved [90805]

Remote file is newer than local file ‘./domain/in-addr.arpa.gz.md5’ -- retrieving.

--2017-08-24 00:00:20--  ftp://ftp.internic.net/domain/in-addr.arpa.gz.md5
           => ‘./domain/in-addr.arpa.gz.md5’
==> CWD not required.
--> PASV

227 Entering Passive Mode (192,0,32,9,133,47)
--> RETR in-addr.arpa.gz.md5

150 Opening BINARY mode data connection for in-addr.arpa.gz.md5 (55 bytes).
Length: 55

     0K                                                       100% 1.19M=0s

226 Transfer complete.
2017-08-24 00:00:21 (1.19 MB/s) - ‘./domain/in-addr.arpa.gz.md5’ saved [55]

Remote file is newer than local file ‘./domain/in-addr.arpa.gz.sha256’ -- retrieving.

--2017-08-24 00:00:21--  ftp://ftp.internic.net/domain/in-addr.arpa.gz.sha256
           => ‘./domain/in-addr.arpa.gz.sha256’
==> CWD not required.
--> PASV

227 Entering Passive Mode (192,0,32,9,241,230)
--> RETR in-addr.arpa.gz.sha256

150 Opening BINARY mode data connection for in-addr.arpa.gz.sha256 (90 bytes).
Length: 90

     0K                                                       100% 1.18M=0s

226 Transfer complete.
2017-08-24 00:00:22 (1.18 MB/s) - ‘./domain/in-addr.arpa.gz.sha256’ saved [90]

Remote file is newer than local file ‘./domain/in-addr.arpa.md5’ -- retrieving.

--2017-08-24 00:00:22--  ftp://ftp.internic.net/domain/in-addr.arpa.md5
           => ‘./domain/in-addr.arpa.md5’
==> CWD not required.
--> PASV

227 Entering Passive Mode (192,0,32,9,92,123)
--> RETR in-addr.arpa.md5

150 Opening BINARY mode data connection for in-addr.arpa.md5 (52 bytes).
Length: 52

     0K                                                       100%  141K=0s

226 Transfer complete.
2017-08-24 00:00:23 (141 KB/s) - ‘./domain/in-addr.arpa.md5’ saved [52]

Remote file is newer than local file ‘./domain/in-addr.arpa.sha256’ -- retrieving.

--2017-08-24 00:00:23--  ftp://ftp.internic.net/domain/in-addr.arpa.sha256
           => ‘./domain/in-addr.arpa.sha256’
==> CWD not required.
--> PASV

227 Entering Passive Mode (192,0,32,9,41,116)
--> RETR in-addr.arpa.sha256

150 Opening BINARY mode data connection for in-addr.arpa.sha256 (87 bytes).
Length: 87

     0K                                                       100% 1.98M=0s

226 Transfer complete.
2017-08-24 00:00:24 (1.98 MB/s) - ‘./domain/in-addr.arpa.sha256’ saved [87]

Remote file is newer than local file ‘./domain/in-addr.arpa.zone’ -- retrieving.

--2017-08-24 00:00:24--  ftp://ftp.internic.net/domain/in-addr.arpa.zone
           => ‘./domain/in-addr.arpa.zone’
==> CWD not required.
--> PASV

227 Entering Passive Mode (192,0,32,9,164,105)
--> RETR in-addr.arpa.zone

150 Opening BINARY mode data connection for in-addr.arpa.zone (228558 bytes).
Length: 228558 (223K)

     0K .......... .......... .......... .......... .......... 22% 94.4K 2s
    50K .......... .......... .......... .......... .......... 44%  167K 1s
   100K .......... .......... .......... .......... .......... 67% 9.90M 0s
   150K .......... .......... .......... .......... .......... 89%  231K 0s
   200K .......... .......... ...                             100% 1.42M=1.1s

226 Transfer complete.
2017-08-24 00:00:26 (209 KB/s) - ‘./domain/in-addr.arpa.zone’ saved [228558]

The sizes do not match (local 90794) -- retrieving.

--2017-08-24 00:00:26--  ftp://ftp.internic.net/domain/in-addr.arpa.zone.gz
           => ‘./domain/in-addr.arpa.zone.gz’
==> CWD not required.
--> PASV

227 Entering Passive Mode (192,0,32,9,10,112)
--> RETR in-addr.arpa.zone.gz

150 Opening BINARY mode data connection for in-addr.arpa.zone.gz (90805 bytes).
Length: 90805 (89K)

     0K .......... .......... .......... .......... .......... 56% 82.9K 0s
    50K .......... .......... .......... ........             100% 11.3M=0.6s

226 Transfer complete.
2017-08-24 00:00:28 (146 KB/s) - ‘./domain/in-addr.arpa.zone.gz’ saved [90805]

Remote file is newer than local file ‘./domain/in-addr.arpa.zone.gz.md5’ -- retrieving.

--2017-08-24 00:00:28--  ftp://ftp.internic.net/domain/in-addr.arpa.zone.gz.md5
           => ‘./domain/in-addr.arpa.zone.gz.md5’
==> CWD not required.
--> PASV

227 Entering Passive Mode (192,0,32,9,42,154)
--> RETR in-addr.arpa.zone.gz.md5

150 Opening BINARY mode data connection for in-addr.arpa.zone.gz.md5 (60 bytes).
Length: 60

     0K                                                       100% 1.43M=0s

226 Transfer complete.
2017-08-24 00:00:29 (1.43 MB/s) - ‘./domain/in-addr.arpa.zone.gz.md5’ saved [60]

Remote file is newer than local file ‘./domain/in-addr.arpa.zone.gz.sha256’ -- retrieving.

--2017-08-24 00:00:29--  ftp://ftp.internic.net/domain/in-addr.arpa.zone.gz.sha256
           => ‘./domain/in-addr.arpa.zone.gz.sha256’
==> CWD not required.
--> PASV

227 Entering Passive Mode (192,0,32,9,121,132)
--> RETR in-addr.arpa.zone.gz.sha256

150 Opening BINARY mode data connection for in-addr.arpa.zone.gz.sha256 (95 bytes).
Length: 95

     0K                                                       100% 1.81M=0s

226 Transfer complete.
2017-08-24 00:00:30 (1.81 MB/s) - ‘./domain/in-addr.arpa.zone.gz.sha256’ saved [95]

Remote file is newer than local file ‘./domain/in-addr.arpa.zone.md5’ -- retrieving.

--2017-08-24 00:00:30--  ftp://ftp.internic.net/domain/in-addr.arpa.zone.md5
           => ‘./domain/in-addr.arpa.zone.md5’
==> CWD not required.
--> PASV

227 Entering Passive Mode (192,0,32,9,240,221)
--> RETR in-addr.arpa.zone.md5

150 Opening BINARY mode data connection for in-addr.arpa.zone.md5 (57 bytes).
Length: 57

     0K                                                       100% 1.18M=0s

226 Transfer complete.
2017-08-24 00:00:31 (1.18 MB/s) - ‘./domain/in-addr.arpa.zone.md5’ saved [57]

Remote file is newer than local file ‘./domain/in-addr.arpa.zone.sha256’ -- retrieving.

--2017-08-24 00:00:31--  ftp://ftp.internic.net/domain/in-addr.arpa.zone.sha256
           => ‘./domain/in-addr.arpa.zone.sha256’
==> CWD not required.
--> PASV

227 Entering Passive Mode (192,0,32,9,42,13)
--> RETR in-addr.arpa.zone.sha256

150 Opening BINARY mode data connection for in-addr.arpa.zone.sha256 (92 bytes).
Length: 92

     0K                                                       100% 1.95M=0s

226 Transfer complete.
2017-08-24 00:00:32 (1.95 MB/s) - ‘./domain/in-addr.arpa.zone.sha256’ saved [92]

Remote file is newer than local file ‘./domain/ip6.arpa’ -- retrieving.

--2017-08-24 00:00:32--  ftp://ftp.internic.net/domain/ip6.arpa
           => ‘./domain/ip6.arpa’
==> CWD not required.
--> PASV

227 Entering Passive Mode (192,0,32,9,234,96)
--> RETR ip6.arpa

150 Opening BINARY mode data connection for ip6.arpa (61151 bytes).
Length: 61151 (60K)

     0K .......... .......... .......... .......... .......... 83% 81.0K 0s
    50K .........                                             100% 21.3M=0.6s

226 Transfer complete.
2017-08-24 00:00:34 (96.6 KB/s) - ‘./domain/ip6.arpa’ saved [61151]

The sizes do not match (local 24384) -- retrieving.

--2017-08-24 00:00:34--  ftp://ftp.internic.net/domain/ip6.arpa.gz
           => ‘./domain/ip6.arpa.gz’
==> CWD not required.
--> PASV

227 Entering Passive Mode (192,0,32,9,49,177)
--> RETR ip6.arpa.gz

150 Opening BINARY mode data connection for ip6.arpa.gz (24395 bytes).
Length: 24395 (24K)

     0K .......... .......... ...                             100% 89.3K=0.3s

226 Transfer complete.
2017-08-24 00:00:36 (89.3 KB/s) - ‘./domain/ip6.arpa.gz’ saved [24395]

Remote file is newer than local file ‘./domain/ip6.arpa.gz.md5’ -- retrieving.

--2017-08-24 00:00:36--  ftp://ftp.internic.net/domain/ip6.arpa.gz.md5
           => ‘./domain/ip6.arpa.gz.md5’
==> CWD not required.
--> PASV

227 Entering Passive Mode (192,0,32,9,143,255)
--> RETR ip6.arpa.gz.md5

150 Opening BINARY mode data connection for ip6.arpa.gz.md5 (51 bytes).
Length: 51

     0K                                                       100%  572K=0s

226 Transfer complete.
2017-08-24 00:00:37 (572 KB/s) - ‘./domain/ip6.arpa.gz.md5’ saved [51]

Remote file is newer than local file ‘./domain/ip6.arpa.gz.sha256’ -- retrieving.

--2017-08-24 00:00:37--  ftp://ftp.internic.net/domain/ip6.arpa.gz.sha256
           => ‘./domain/ip6.arpa.gz.sha256’
==> CWD not required.
--> PASV

227 Entering Passive Mode (192,0,32,9,41,14)
--> RETR ip6.arpa.gz.sha256

150 Opening BINARY mode data connection for ip6.arpa.gz.sha256 (86 bytes).
Length: 86

     0K                                                       100%  933K=0s

226 Transfer complete.
2017-08-24 00:00:38 (933 KB/s) - ‘./domain/ip6.arpa.gz.sha256’ saved [86]

Remote file is newer than local file ‘./domain/ip6.arpa.md5’ -- retrieving.

--2017-08-24 00:00:38--  ftp://ftp.internic.net/domain/ip6.arpa.md5
           => ‘./domain/ip6.arpa.md5’
==> CWD not required.
--> PASV

227 Entering Passive Mode (192,0,32,9,41,41)
--> RETR ip6.arpa.md5

150 Opening BINARY mode data connection for ip6.arpa.md5 (48 bytes).
Length: 48

     0K                                                       100% 42.9K=0.001s

226 Transfer complete.
2017-08-24 00:00:39 (42.9 KB/s) - ‘./domain/ip6.arpa.md5’ saved [48]

Remote file is newer than local file ‘./domain/ip6.arpa.sha256’ -- retrieving.

--2017-08-24 00:00:39--  ftp://ftp.internic.net/domain/ip6.arpa.sha256
           => ‘./domain/ip6.arpa.sha256’
==> CWD not required.
--> PASV

227 Entering Passive Mode (192,0,32,9,218,141)
--> RETR ip6.arpa.sha256

150 Opening BINARY mode data connection for ip6.arpa.sha256 (83 bytes).
Length: 83

     0K                                                       100% 1.76M=0s

226 Transfer complete.
2017-08-24 00:00:40 (1.76 MB/s) - ‘./domain/ip6.arpa.sha256’ saved [83]

Remote file is newer than local file ‘./domain/ip6.arpa.zone’ -- retrieving.

--2017-08-24 00:00:40--  ftp://ftp.internic.net/domain/ip6.arpa.zone
           => ‘./domain/ip6.arpa.zone’
==> CWD not required.
--> PASV

227 Entering Passive Mode (192,0,32,9,186,58)
--> RETR ip6.arpa.zone

150 Opening BINARY mode data connection for ip6.arpa.zone (61151 bytes).
Length: 61151 (60K)

     0K .......... .......... .......... .......... .......... 83% 90.2K 0s
    50K .........                                             100% 25.4M=0.6s

226 Transfer complete.
2017-08-24 00:00:41 (108 KB/s) - ‘./domain/ip6.arpa.zone’ saved [61151]

The sizes do not match (local 24384) -- retrieving.

--2017-08-24 00:00:41--  ftp://ftp.internic.net/domain/ip6.arpa.zone.gz
           => ‘./domain/ip6.arpa.zone.gz’
==> CWD not required.
--> PASV

227 Entering Passive Mode (192,0,32,9,63,79)
--> RETR ip6.arpa.zone.gz

150 Opening BINARY mode data connection for ip6.arpa.zone.gz (24395 bytes).
Length: 24395 (24K)

     0K .......... .......... ...                             100% 77.9K=0.3s

226 Transfer complete.
2017-08-24 00:00:43 (77.9 KB/s) - ‘./domain/ip6.arpa.zone.gz’ saved [24395]

Remote file is newer than local file ‘./domain/ip6.arpa.zone.gz.md5’ -- retrieving.

--2017-08-24 00:00:43--  ftp://ftp.internic.net/domain/ip6.arpa.zone.gz.md5
           => ‘./domain/ip6.arpa.zone.gz.md5’
==> CWD not required.
--> PASV

227 Entering Passive Mode (192,0,32,9,208,221)
--> RETR ip6.arpa.zone.gz.md5

150 Opening BINARY mode data connection for ip6.arpa.zone.gz.md5 (56 bytes).
Length: 56

     0K                                                       100%  701K=0s

226 Transfer complete.
2017-08-24 00:00:44 (701 KB/s) - ‘./domain/ip6.arpa.zone.gz.md5’ saved [56]

Remote file is newer than local file ‘./domain/ip6.arpa.zone.gz.sha256’ -- retrieving.

--2017-08-24 00:00:44--  ftp://ftp.internic.net/domain/ip6.arpa.zone.gz.sha256
           => ‘./domain/ip6.arpa.zone.gz.sha256’
==> CWD not required.
--> PASV

227 Entering Passive Mode (192,0,32,9,37,146)
--> RETR ip6.arpa.zone.gz.sha256

150 Opening BINARY mode data connection for ip6.arpa.zone.gz.sha256 (91 bytes).
Length: 91

     0K                                                       100% 1.52M=0s

226 Transfer complete.
2017-08-24 00:00:45 (1.52 MB/s) - ‘./domain/ip6.arpa.zone.gz.sha256’ saved [91]

Remote file is newer than local file ‘./domain/ip6.arpa.zone.md5’ -- retrieving.

--2017-08-24 00:00:45--  ftp://ftp.internic.net/domain/ip6.arpa.zone.md5
           => ‘./domain/ip6.arpa.zone.md5’
==> CWD not required.
--> PASV

227 Entering Passive Mode (192,0,32,9,83,78)
--> RETR ip6.arpa.zone.md5

150 Opening BINARY mode data connection for ip6.arpa.zone.md5 (53 bytes).
Length: 53

     0K                                                       100%  924K=0s

226 Transfer complete.
2017-08-24 00:00:46 (924 KB/s) - ‘./domain/ip6.arpa.zone.md5’ saved [53]

Remote file is newer than local file ‘./domain/ip6.arpa.zone.sha256’ -- retrieving.

--2017-08-24 00:00:46--  ftp://ftp.internic.net/domain/ip6.arpa.zone.sha256
           => ‘./domain/ip6.arpa.zone.sha256’
==> CWD not required.
--> PASV

227 Entering Passive Mode (192,0,32,9,42,247)
--> RETR ip6.arpa.zone.sha256

150 Opening BINARY mode data connection for ip6.arpa.zone.sha256 (88 bytes).
Length: 88

     0K                                                       100% 1.01M=0s

226 Transfer complete.
2017-08-24 00:00:47 (1.01 MB/s) - ‘./domain/ip6.arpa.zone.sha256’ saved [88]

Remote file is newer than local file ‘./domain/last_update.txt’ -- retrieving.

--2017-08-24 00:00:47--  ftp://ftp.internic.net/domain/last_update.txt
           => ‘./domain/last_update.txt’
==> CWD not required.
--> PASV

227 Entering Passive Mode (192,0,32,9,136,66)
--> RETR last_update.txt

150 Opening BINARY mode data connection for last_update.txt (21 bytes).
Length: 21

     0K                                                       100%  250K=0s

226 Transfer complete.
2017-08-24 00:00:48 (250 KB/s) - ‘./domain/last_update.txt’ saved [21]

Remote file no newer than local file ‘./domain/named.cache’ -- not retrieving.
Remote file no newer than local file ‘./domain/named.cache.md5’ -- not retrieving.
Remote file no newer than local file ‘./domain/named.cache.sig’ -- not retrieving.
Remote file no newer than local file ‘./domain/named.root’ -- not retrieving.
Remote file no newer than local file ‘./domain/named.root.md5’ -- not retrieving.
Remote file no newer than local file ‘./domain/named.root.sig’ -- not retrieving.
Remote file no newer than local file ‘./domain/root-servers.net.zone’ -- not retrieving.
Remote file no newer than local file ‘./domain/root-servers.net.zone.gz’ -- not retrieving.
Remote file no newer than local file ‘./domain/root-servers.net.zone.gz.md5’ -- not retrieving.
Remote file no newer than local file ‘./domain/root-servers.net.zone.gz.sig’ -- not retrieving.
Remote file is newer than local file ‘./domain/root.zone’ -- retrieving.

--2017-08-24 00:00:48--  ftp://ftp.internic.net/domain/root.zone
           => ‘./domain/root.zone’
==> CWD not required.
--> PASV

227 Entering Passive Mode (192,0,32,9,135,80)
--> RETR root.zone

150 Opening BINARY mode data connection for root.zone (2263495 bytes).
Length: 2263495 (2.2M)

     0K .......... .......... .......... .......... ..........  2% 79.4K 27s
    50K .......... .......... .......... .......... ..........  4%  163K 20s
   100K .......... .......... .......... .......... ..........  6% 2.76M 13s
   150K .......... .......... .......... .......... ..........  9%  169K 13s
   200K .......... .......... .......... .......... .......... 11%  161K 12s
   250K .......... .......... .......... .......... .......... 13%  167K 12s
   300K .......... .......... .......... .......... .......... 15%  161K 12s
   350K .......... .......... .......... .......... .......... 18% 3.73M 10s
   400K .......... .......... .......... .......... .......... 20%  168K 10s
   450K .......... .......... .......... .......... .......... 22%  161K 10s
   500K .......... .......... .......... .......... .......... 24%  166K 9s
   550K .......... .......... .......... .......... .......... 27%  167K 9s
   600K .......... .......... .......... .......... .......... 29% 14.3M 8s
   650K .......... .......... .......... .......... .......... 31%  160K 8s
   700K .......... .......... .......... .......... .......... 33%  162K 8s
   750K .......... .......... .......... .......... .......... 36%  157K 8s
   800K .......... .......... .......... .......... .......... 38%  169K 7s
   850K .......... .......... .......... .......... .......... 40% 12.3M 7s
   900K .......... .......... .......... .......... .......... 42%  167K 7s
   950K .......... .......... .......... .......... .......... 45%  159K 6s
  1000K .......... .......... .......... .......... .......... 47%  171K 6s
  1050K .......... .......... .......... .......... .......... 49%  159K 6s
  1100K .......... .......... .......... .......... .......... 52% 10.4M 5s
  1150K .......... .......... .......... .......... .......... 54%  164K 5s
  1200K .......... .......... .......... .......... .......... 56%  164K 5s
  1250K .......... .......... .......... .......... .......... 58%  156K 5s
  1300K .......... .......... .......... .......... .......... 61%  176K 5s
  1350K .......... .......... .......... .......... .......... 63% 3.94M 4s
  1400K .......... .......... .......... .......... .......... 65%  163K 4s
  1450K .......... .......... .......... .......... .......... 67%  166K 4s
  1500K .......... .......... .......... .......... .......... 70%  227K 3s
  1550K .......... .......... .......... .......... .......... 72%  245K 3s
  1600K .......... .......... .......... .......... .......... 74% 1.35M 3s
  1650K .......... .......... .......... .......... .......... 76% 87.8K 3s
  1700K .......... .......... .......... .......... .......... 79% 18.3M 2s
  1750K .......... .......... .......... .......... .......... 81% 16.6M 2s
  1800K .......... .......... .......... .......... .......... 83%  169K 2s
  1850K .......... .......... .......... .......... .......... 85%  165K 2s
  1900K .......... .......... .......... .......... .......... 88% 8.86M 1s
  1950K .......... .......... .......... .......... .......... 90%  164K 1s
  2000K .......... .......... .......... .......... .......... 92%  166K 1s
  2050K .......... .......... .......... .......... .......... 95% 2.61M 1s
  2100K .......... .......... .......... .......... .......... 97%  170K 0s
  2150K .......... .......... .......... .......... .......... 99% 3.12M 0s
  2200K ..........                                            100% 20.6M=10s

226 Transfer complete.
2017-08-24 00:01:00 (215 KB/s) - ‘./domain/root.zone’ saved [2263495]

The sizes do not match (local 1063064) -- retrieving.

--2017-08-24 00:01:00--  ftp://ftp.internic.net/domain/root.zone.gz
           => ‘./domain/root.zone.gz’
==> CWD not required.
--> PASV

227 Entering Passive Mode (192,0,32,9,42,71)
--> RETR root.zone.gz

150 Opening BINARY mode data connection for root.zone.gz (1062997 bytes).
Length: 1062997 (1.0M)

     0K .......... .......... .......... .......... ..........  4% 80.7K 12s
    50K .......... .......... .......... .......... ..........  9%  204K 8s
   100K .......... .......... .......... .......... .......... 14% 3.14M 5s
   150K .......... .......... .......... .......... .......... 19%  192K 5s
   200K .......... .......... .......... .......... .......... 24%  169K 5s
   250K .......... .......... .......... .......... .......... 28%  165K 4s
   300K .......... .......... .......... .......... .......... 33%  223K 4s
   350K .......... .......... .......... .......... .......... 38% 1.41M 3s
   400K .......... .......... .......... .......... .......... 43%  229K 3s
   450K .......... .......... .......... .......... .......... 48%  193K 3s
   500K .......... .......... .......... .......... .......... 52% 10.8M 2s
   550K .......... .......... .......... .......... .......... 57%  210K 2s
   600K .......... .......... .......... .......... .......... 62% 1.23M 2s
   650K .......... .......... .......... .......... .......... 67%  230K 1s
   700K .......... .......... .......... .......... .......... 72%  160K 1s
   750K .......... .......... .......... .......... .......... 77% 6.18M 1s
   800K .......... .......... .......... .......... .......... 81% 81.1K 1s
   850K .......... .......... .......... .......... .......... 86% 17.6M 1s
   900K .......... .......... .......... .......... .......... 91% 15.3M 0s
   950K .......... .......... .......... .......... .......... 96%  180K 0s
  1000K .......... .......... .......... ........             100% 4.85M=4.2s

226 Transfer complete.
2017-08-24 00:01:05 (247 KB/s) - ‘./domain/root.zone.gz’ saved [1062997]

Remote file is newer than local file ‘./domain/root.zone.gz.md5’ -- retrieving.

--2017-08-24 00:01:05--  ftp://ftp.internic.net/domain/root.zone.gz.md5
           => ‘./domain/root.zone.gz.md5’
==> CWD not required.
--> PASV

227 Entering Passive Mode (192,0,32,9,120,130)
--> RETR root.zone.gz.md5

150 Opening BINARY mode data connection for root.zone.gz.md5 (33 bytes).
Length: 33

     0K                                                       100%  732K=0s

226 Transfer complete.
2017-08-24 00:01:06 (732 KB/s) - ‘./domain/root.zone.gz.md5’ saved [33]

Remote file is newer than local file ‘./domain/root.zone.gz.sig’ -- retrieving.

--2017-08-24 00:01:06--  ftp://ftp.internic.net/domain/root.zone.gz.sig
           => ‘./domain/root.zone.gz.sig’
==> CWD not required.
--> PASV

227 Entering Passive Mode (192,0,32,9,180,84)
--> RETR root.zone.gz.sig

150 Opening BINARY mode data connection for root.zone.gz.sig (72 bytes).
Length: 72

     0K                                                       100%  717K=0s

226 Transfer complete.
2017-08-24 00:01:07 (717 KB/s) - ‘./domain/root.zone.gz.sig’ saved [72]

Remote file is newer than local file ‘./domain/root.zone.md5’ -- retrieving.

--2017-08-24 00:01:07--  ftp://ftp.internic.net/domain/root.zone.md5
           => ‘./domain/root.zone.md5’
==> CWD not required.
--> PASV

227 Entering Passive Mode (192,0,32,9,41,84)
--> RETR root.zone.md5

150 Opening BINARY mode data connection for root.zone.md5 (33 bytes).
Length: 33

     0K                                                       100%  686K=0s

226 Transfer complete.
2017-08-24 00:01:09 (686 KB/s) - ‘./domain/root.zone.md5’ saved [33]

Remote file is newer than local file ‘./domain/root.zone.sig’ -- retrieving.

--2017-08-24 00:01:09--  ftp://ftp.internic.net/domain/root.zone.sig
           => ‘./domain/root.zone.sig’
==> CWD not required.
--> PASV

227 Entering Passive Mode (192,0,32,9,79,210)
--> RETR root.zone.sig

150 Opening BINARY mode data connection for root.zone.sig (72 bytes).
Length: 72

     0K                                                       100%  781K=0s

226 Transfer complete.
2017-08-24 00:01:10 (781 KB/s) - ‘./domain/root.zone.sig’ saved [72]

FINISHED --2017-08-24 00:01:10--
Total wall clock time: 1m 7s
Downloaded: 40 files, 4.0M in 19s (211 KB/s)
