--2017-08-28 00:00:02--  ftp://ftp.internic.net/*
           => ‘./.listing’
Resolving ftp.internic.net (ftp.internic.net)... 192.0.32.9, 2620:0:2d0:200::9
Connecting to ftp.internic.net (ftp.internic.net)|192.0.32.9|:21... connected.
Logging in as anonymous ... 
220 Internic FTP Server
--> USER anonymous

331 Please specify the password.
--> PASS Turtle Power!

230 Login successful.
--> SYST

215 UNIX Type: L8
--> PWD

257 "/"
--> TYPE I

200 Switching to Binary mode.
==> CWD not needed.
--> PASV

227 Entering Passive Mode (192,0,32,9,72,161)
--> LIST -a

150 Here comes the directory listing.

     0K                                                        2.30M=0s

226 Directory send OK.
drwxr-xr-x    3 ftp      ftp          4096 Apr 04  2012 .
drwxr-xr-x    3 ftp      ftp          4096 Apr 04  2012 ..
drwxr-xr-x    2 ftp      ftp          4096 Sep 09  2015 domain
2017-08-28 00:00:13 (2.30 MB/s) - ‘./.listing’ saved [183]

--2017-08-28 00:00:13--  ftp://ftp.internic.net/domain/*
           => ‘./domain/.listing’
--> CWD /domain

250 Directory successfully changed.
--> PASV

227 Entering Passive Mode (192,0,32,9,232,209)
--> LIST -a

150 Here comes the directory listing.

     0K ...                                                    3.04M=0.001s

226 Directory send OK.
drwxr-xr-x    2 ftp      ftp          4096 Sep 09  2015 .
drwxr-xr-x    3 ftp      ftp          4096 Apr 04  2012 ..
-rw-r--r--    1 ftp      ftp          1829 Aug 18  2015 .listing
-rw-r--r--    1 ftp      ftp          1224 Aug 27 12:30 INTERNIC_ROOT_ZONE.signatures
-rw-r--r--    1 ftp      ftp          1469 Aug 27 12:30 INTERNIC_ROOT_ZONE.signatures.asc
-rw-r--r--    1 ftp      ftp         15228 Aug 27 12:30 arpa.zone
-rw-r--r--    1 ftp      ftp          6646 Aug 27 12:30 arpa.zone.gz
-rw-r--r--    1 ftp      ftp            33 Aug 27 12:30 arpa.zone.gz.md5
-rw-r--r--    1 ftp      ftp            72 Aug 27 12:30 arpa.zone.gz.sig
-rw-r--r--    1 ftp      ftp          3314 Jul 26 14:54 db.cache
-rw-r--r--    1 ftp      ftp            33 Jul 26 14:54 db.cache.md5
-rw-r--r--    1 ftp      ftp            72 Jul 26 14:54 db.cache.sig
-rw-r--r--    1 ftp      ftp        228558 Aug 27 15:40 in-addr.arpa
-rw-r--r--    1 ftp      ftp         90891 Aug 27 15:40 in-addr.arpa.gz
-rw-r--r--    1 ftp      ftp            55 Aug 27 15:40 in-addr.arpa.gz.md5
-rw-r--r--    1 ftp      ftp            90 Aug 27 15:40 in-addr.arpa.gz.sha256
-rw-r--r--    1 ftp      ftp            52 Aug 27 15:40 in-addr.arpa.md5
-rw-r--r--    1 ftp      ftp            87 Aug 27 15:40 in-addr.arpa.sha256
-rw-r--r--    1 ftp      ftp        228558 Aug 27 15:40 in-addr.arpa.zone
-rw-r--r--    1 ftp      ftp         90891 Aug 27 15:40 in-addr.arpa.zone.gz
-rw-r--r--    1 ftp      ftp            60 Aug 27 15:40 in-addr.arpa.zone.gz.md5
-rw-r--r--    1 ftp      ftp            95 Aug 27 15:40 in-addr.arpa.zone.gz.sha256
-rw-r--r--    1 ftp      ftp            57 Aug 27 15:40 in-addr.arpa.zone.md5
-rw-r--r--    1 ftp      ftp            92 Aug 27 15:40 in-addr.arpa.zone.sha256
-rw-r--r--    1 ftp      ftp         61151 Aug 27 15:40 ip6.arpa
-rw-r--r--    1 ftp      ftp         24336 Aug 27 15:40 ip6.arpa.gz
-rw-r--r--    1 ftp      ftp            51 Aug 27 15:40 ip6.arpa.gz.md5
-rw-r--r--    1 ftp      ftp            86 Aug 27 15:40 ip6.arpa.gz.sha256
-rw-r--r--    1 ftp      ftp            48 Aug 27 15:40 ip6.arpa.md5
-rw-r--r--    1 ftp      ftp            83 Aug 27 15:40 ip6.arpa.sha256
-rw-r--r--    1 ftp      ftp         61151 Aug 27 15:40 ip6.arpa.zone
-rw-r--r--    1 ftp      ftp         24336 Aug 27 15:40 ip6.arpa.zone.gz
-rw-r--r--    1 ftp      ftp            56 Aug 27 15:40 ip6.arpa.zone.gz.md5
-rw-r--r--    1 ftp      ftp            91 Aug 27 15:40 ip6.arpa.zone.gz.sha256
-rw-r--r--    1 ftp      ftp            53 Aug 27 15:40 ip6.arpa.zone.md5
-rw-r--r--    1 ftp      ftp            88 Aug 27 15:40 ip6.arpa.zone.sha256
-rw-r--r--    1 ftp      ftp            21 Aug 27 15:40 last_update.txt
-rw-r--r--    1 ftp      ftp          3314 Jul 26 14:54 named.cache
-rw-r--r--    1 ftp      ftp            33 Jul 26 14:54 named.cache.md5
-rw-r--r--    1 ftp      ftp            72 Jul 26 14:54 named.cache.sig
-rw-r--r--    1 ftp      ftp          3314 Jul 26 14:54 named.root
-rw-r--r--    1 ftp      ftp            33 Jul 26 14:54 named.root.md5
-rw-r--r--    1 ftp      ftp            72 Jul 26 14:54 named.root.sig
-rw-r--r--    1 ftp      ftp          2111 Jul 26 14:53 root-servers.net.zone
-rw-r--r--    1 ftp      ftp           573 Jul 26 14:53 root-servers.net.zone.gz
-rw-r--r--    1 ftp      ftp            33 Jul 26 14:53 root-servers.net.zone.gz.md5
-rw-r--r--    1 ftp      ftp            72 Jul 26 14:53 root-servers.net.zone.gz.sig
-rw-r--r--    1 ftp      ftp       2263471 Aug 27 05:52 root.zone
-rw-r--r--    1 ftp      ftp       1063092 Aug 27 05:52 root.zone.gz
-rw-r--r--    1 ftp      ftp            33 Aug 27 05:52 root.zone.gz.md5
-rw-r--r--    1 ftp      ftp            72 Aug 27 05:52 root.zone.gz.sig
-rw-r--r--    1 ftp      ftp            33 Aug 27 05:52 root.zone.md5
-rw-r--r--    1 ftp      ftp            72 Aug 27 05:52 root.zone.sig
2017-08-28 00:00:15 (3.04 MB/s) - ‘./domain/.listing’ saved [3930]

The sizes do not match (local 3930) -- retrieving.

--2017-08-28 00:00:15--  ftp://ftp.internic.net/domain/.listing
           => ‘./domain/.listing’
==> CWD not required.
--> PASV

227 Entering Passive Mode (192,0,32,9,42,172)
--> RETR .listing

150 Opening BINARY mode data connection for .listing (1829 bytes).
Length: 1829 (1.8K)

     0K .                                                     100% 37.1M=0s

226 Transfer complete.
2017-08-28 00:00:17 (37.1 MB/s) - ‘./domain/.listing’ saved [1829]

Remote file is newer than local file ‘./domain/INTERNIC_ROOT_ZONE.signatures’ -- retrieving.

--2017-08-28 00:00:17--  ftp://ftp.internic.net/domain/INTERNIC_ROOT_ZONE.signatures
           => ‘./domain/INTERNIC_ROOT_ZONE.signatures’
==> CWD not required.
--> PASV

227 Entering Passive Mode (192,0,32,9,42,35)
--> RETR INTERNIC_ROOT_ZONE.signatures

150 Opening BINARY mode data connection for INTERNIC_ROOT_ZONE.signatures (1224 bytes).
Length: 1224 (1.2K)

     0K .                                                     100%  725K=0.002s

226 Transfer complete.
2017-08-28 00:00:20 (725 KB/s) - ‘./domain/INTERNIC_ROOT_ZONE.signatures’ saved [1224]

Remote file is newer than local file ‘./domain/INTERNIC_ROOT_ZONE.signatures.asc’ -- retrieving.

--2017-08-28 00:00:20--  ftp://ftp.internic.net/domain/INTERNIC_ROOT_ZONE.signatures.asc
           => ‘./domain/INTERNIC_ROOT_ZONE.signatures.asc’
==> CWD not required.
--> PASV

227 Entering Passive Mode (192,0,32,9,122,204)
--> RETR INTERNIC_ROOT_ZONE.signatures.asc

150 Opening BINARY mode data connection for INTERNIC_ROOT_ZONE.signatures.asc (1469 bytes).
Length: 1469 (1.4K)

     0K .                                                     100% 1.41M=0.001s

226 Transfer complete.
2017-08-28 00:00:22 (1.41 MB/s) - ‘./domain/INTERNIC_ROOT_ZONE.signatures.asc’ saved [1469]

Remote file is newer than local file ‘./domain/arpa.zone’ -- retrieving.

--2017-08-28 00:00:22--  ftp://ftp.internic.net/domain/arpa.zone
           => ‘./domain/arpa.zone’
==> CWD not required.
--> PASV

227 Entering Passive Mode (192,0,32,9,243,159)
--> RETR arpa.zone

150 Opening BINARY mode data connection for arpa.zone (15228 bytes).
Length: 15228 (15K)

     0K .......... ....                                       100% 3.38M=0.004s

226 Transfer complete.
2017-08-28 00:00:26 (3.38 MB/s) - ‘./domain/arpa.zone’ saved [15228]

The sizes do not match (local 6657) -- retrieving.

--2017-08-28 00:00:26--  ftp://ftp.internic.net/domain/arpa.zone.gz
           => ‘./domain/arpa.zone.gz’
==> CWD not required.
--> PASV

227 Entering Passive Mode (192,0,32,9,41,69)
--> RETR arpa.zone.gz

150 Opening BINARY mode data connection for arpa.zone.gz (6646 bytes).
Length: 6646 (6.5K)

     0K ......                                                100% 90.5M=0s

226 Transfer complete.
2017-08-28 00:00:29 (90.5 MB/s) - ‘./domain/arpa.zone.gz’ saved [6646]

Remote file is newer than local file ‘./domain/arpa.zone.gz.md5’ -- retrieving.

--2017-08-28 00:00:29--  ftp://ftp.internic.net/domain/arpa.zone.gz.md5
           => ‘./domain/arpa.zone.gz.md5’
==> CWD not required.
--> PASV

227 Entering Passive Mode (192,0,32,9,200,132)
--> RETR arpa.zone.gz.md5

150 Opening BINARY mode data connection for arpa.zone.gz.md5 (33 bytes).
Length: 33

     0K                                                       100%  138K=0s

226 Transfer complete.
2017-08-28 00:00:31 (138 KB/s) - ‘./domain/arpa.zone.gz.md5’ saved [33]

Remote file is newer than local file ‘./domain/arpa.zone.gz.sig’ -- retrieving.

--2017-08-28 00:00:31--  ftp://ftp.internic.net/domain/arpa.zone.gz.sig
           => ‘./domain/arpa.zone.gz.sig’
==> CWD not required.
--> PASV

227 Entering Passive Mode (192,0,32,9,71,68)
--> RETR arpa.zone.gz.sig

150 Opening BINARY mode data connection for arpa.zone.gz.sig (72 bytes).
Length: 72

     0K                                                       100% 37.4K=0.002s

226 Transfer complete.
2017-08-28 00:00:37 (37.4 KB/s) - ‘./domain/arpa.zone.gz.sig’ saved [72]

Remote file no newer than local file ‘./domain/db.cache’ -- not retrieving.
Remote file no newer than local file ‘./domain/db.cache.md5’ -- not retrieving.
Remote file no newer than local file ‘./domain/db.cache.sig’ -- not retrieving.
Remote file is newer than local file ‘./domain/in-addr.arpa’ -- retrieving.

--2017-08-28 00:00:37--  ftp://ftp.internic.net/domain/in-addr.arpa
           => ‘./domain/in-addr.arpa’
==> CWD not required.
--> PASV

227 Entering Passive Mode (192,0,32,9,108,69)
--> RETR in-addr.arpa

150 Opening BINARY mode data connection for in-addr.arpa (228558 bytes).
Length: 228558 (223K)

     0K .......... .......... .......... .......... .......... 22% 50.6K 3s
    50K .......... .......... .......... .......... .......... 44% 52.6M 1s
   100K .......... .......... .......... .......... .......... 67% 41.0K 1s
   150K .......... .......... .......... .......... .......... 89% 74.3M 0s
   200K .......... .......... ...                             100% 36.5K=2.8s

226 Transfer complete.
2017-08-28 00:00:44 (78.4 KB/s) - ‘./domain/in-addr.arpa’ saved [228558]

The sizes do not match (local 90938) -- retrieving.

--2017-08-28 00:00:44--  ftp://ftp.internic.net/domain/in-addr.arpa.gz
           => ‘./domain/in-addr.arpa.gz’
==> CWD not required.
--> PASV

227 Entering Passive Mode (192,0,32,9,42,35)
--> RETR in-addr.arpa.gz

150 Opening BINARY mode data connection for in-addr.arpa.gz (90891 bytes).
Length: 90891 (89K)

     0K .......... .......... .......... .......... .......... 56% 29.1K 1s
    50K .......... .......... .......... ........             100% 31.5K=2.9s

226 Transfer complete.
2017-08-28 00:00:49 (30.1 KB/s) - ‘./domain/in-addr.arpa.gz’ saved [90891]

Remote file is newer than local file ‘./domain/in-addr.arpa.gz.md5’ -- retrieving.

--2017-08-28 00:00:49--  ftp://ftp.internic.net/domain/in-addr.arpa.gz.md5
           => ‘./domain/in-addr.arpa.gz.md5’
==> CWD not required.
--> PASV

227 Entering Passive Mode (192,0,32,9,229,51)
--> RETR in-addr.arpa.gz.md5

150 Opening BINARY mode data connection for in-addr.arpa.gz.md5 (55 bytes).
Length: 55

     0K                                                       100%  756K=0s

226 Transfer complete.
2017-08-28 00:00:51 (756 KB/s) - ‘./domain/in-addr.arpa.gz.md5’ saved [55]

Remote file is newer than local file ‘./domain/in-addr.arpa.gz.sha256’ -- retrieving.

--2017-08-28 00:00:51--  ftp://ftp.internic.net/domain/in-addr.arpa.gz.sha256
           => ‘./domain/in-addr.arpa.gz.sha256’
==> CWD not required.
--> PASV

227 Entering Passive Mode (192,0,32,9,42,3)
--> RETR in-addr.arpa.gz.sha256

150 Opening BINARY mode data connection for in-addr.arpa.gz.sha256 (90 bytes).
Length: 90

     0K                                                       100% 1.91M=0s

226 Transfer complete.
2017-08-28 00:00:53 (1.91 MB/s) - ‘./domain/in-addr.arpa.gz.sha256’ saved [90]

Remote file is newer than local file ‘./domain/in-addr.arpa.md5’ -- retrieving.

--2017-08-28 00:00:53--  ftp://ftp.internic.net/domain/in-addr.arpa.md5
           => ‘./domain/in-addr.arpa.md5’
==> CWD not required.
--> PASV

227 Entering Passive Mode (192,0,32,9,41,197)
--> RETR in-addr.arpa.md5

150 Opening BINARY mode data connection for in-addr.arpa.md5 (52 bytes).
Length: 52

     0K                                                       100%  524K=0s

226 Transfer complete.
2017-08-28 00:00:55 (524 KB/s) - ‘./domain/in-addr.arpa.md5’ saved [52]

Remote file is newer than local file ‘./domain/in-addr.arpa.sha256’ -- retrieving.

--2017-08-28 00:00:55--  ftp://ftp.internic.net/domain/in-addr.arpa.sha256
           => ‘./domain/in-addr.arpa.sha256’
==> CWD not required.
--> PASV

227 Entering Passive Mode (192,0,32,9,197,70)
--> RETR in-addr.arpa.sha256

150 Opening BINARY mode data connection for in-addr.arpa.sha256 (87 bytes).
Length: 87

     0K                                                       100% 1.48M=0s

226 Transfer complete.
2017-08-28 00:00:56 (1.48 MB/s) - ‘./domain/in-addr.arpa.sha256’ saved [87]

Remote file is newer than local file ‘./domain/in-addr.arpa.zone’ -- retrieving.

--2017-08-28 00:00:56--  ftp://ftp.internic.net/domain/in-addr.arpa.zone
           => ‘./domain/in-addr.arpa.zone’
==> CWD not required.
--> PASV

227 Entering Passive Mode (192,0,32,9,27,50)
--> RETR in-addr.arpa.zone

150 Opening BINARY mode data connection for in-addr.arpa.zone (228558 bytes).
Length: 228558 (223K)

     0K .......... .......... .......... .......... .......... 22% 18.7K 9s
    50K .......... .......... .......... .......... .......... 44% 16.5M 3s
   100K .......... .......... .......... .......... .......... 67% 79.4K 2s
   150K .......... .......... .......... .......... .......... 89% 52.2K 0s
   200K .......... .......... ...                             100% 6.06M=4.3s

226 Transfer complete.
2017-08-28 00:01:05 (52.3 KB/s) - ‘./domain/in-addr.arpa.zone’ saved [228558]

The sizes do not match (local 90938) -- retrieving.

--2017-08-28 00:01:05--  ftp://ftp.internic.net/domain/in-addr.arpa.zone.gz
           => ‘./domain/in-addr.arpa.zone.gz’
==> CWD not required.
--> PASV

227 Entering Passive Mode (192,0,32,9,27,56)
--> RETR in-addr.arpa.zone.gz

150 Opening BINARY mode data connection for in-addr.arpa.zone.gz (90891 bytes).
Length: 90891 (89K)

     0K .......... .......... .......... .......... .......... 56% 63.6K 1s
    50K .......... .......... .......... ........             100% 3.11M=0.8s

226 Transfer complete.
2017-08-28 00:01:08 (111 KB/s) - ‘./domain/in-addr.arpa.zone.gz’ saved [90891]

Remote file is newer than local file ‘./domain/in-addr.arpa.zone.gz.md5’ -- retrieving.

--2017-08-28 00:01:08--  ftp://ftp.internic.net/domain/in-addr.arpa.zone.gz.md5
           => ‘./domain/in-addr.arpa.zone.gz.md5’
==> CWD not required.
--> PASV

227 Entering Passive Mode (192,0,32,9,141,132)
--> RETR in-addr.arpa.zone.gz.md5

150 Opening BINARY mode data connection for in-addr.arpa.zone.gz.md5 (60 bytes).
Length: 60

     0K                                                       100%  492K=0s

226 Transfer complete.
2017-08-28 00:01:09 (492 KB/s) - ‘./domain/in-addr.arpa.zone.gz.md5’ saved [60]

Remote file is newer than local file ‘./domain/in-addr.arpa.zone.gz.sha256’ -- retrieving.

--2017-08-28 00:01:09--  ftp://ftp.internic.net/domain/in-addr.arpa.zone.gz.sha256
           => ‘./domain/in-addr.arpa.zone.gz.sha256’
==> CWD not required.
--> PASV

227 Entering Passive Mode (192,0,32,9,42,115)
--> RETR in-addr.arpa.zone.gz.sha256

150 Opening BINARY mode data connection for in-addr.arpa.zone.gz.sha256 (95 bytes).
Length: 95

     0K                                                       100% 1.93M=0s

226 Transfer complete.
2017-08-28 00:01:11 (1.93 MB/s) - ‘./domain/in-addr.arpa.zone.gz.sha256’ saved [95]

Remote file is newer than local file ‘./domain/in-addr.arpa.zone.md5’ -- retrieving.

--2017-08-28 00:01:11--  ftp://ftp.internic.net/domain/in-addr.arpa.zone.md5
           => ‘./domain/in-addr.arpa.zone.md5’
==> CWD not required.
--> PASV

227 Entering Passive Mode (192,0,32,9,191,137)
--> RETR in-addr.arpa.zone.md5

150 Opening BINARY mode data connection for in-addr.arpa.zone.md5 (57 bytes).
Length: 57

     0K                                                       100%  580K=0s

226 Transfer complete.
2017-08-28 00:01:13 (580 KB/s) - ‘./domain/in-addr.arpa.zone.md5’ saved [57]

Remote file is newer than local file ‘./domain/in-addr.arpa.zone.sha256’ -- retrieving.

--2017-08-28 00:01:13--  ftp://ftp.internic.net/domain/in-addr.arpa.zone.sha256
           => ‘./domain/in-addr.arpa.zone.sha256’
==> CWD not required.
--> PASV

227 Entering Passive Mode (192,0,32,9,136,11)
--> RETR in-addr.arpa.zone.sha256

150 Opening BINARY mode data connection for in-addr.arpa.zone.sha256 (92 bytes).
Length: 92

     0K                                                       100%  707K=0s

226 Transfer complete.
2017-08-28 00:01:16 (707 KB/s) - ‘./domain/in-addr.arpa.zone.sha256’ saved [92]

Remote file is newer than local file ‘./domain/ip6.arpa’ -- retrieving.

--2017-08-28 00:01:16--  ftp://ftp.internic.net/domain/ip6.arpa
           => ‘./domain/ip6.arpa’
==> CWD not required.
--> PASV

227 Entering Passive Mode (192,0,32,9,247,174)
--> RETR ip6.arpa

150 Opening BINARY mode data connection for ip6.arpa (61151 bytes).
Length: 61151 (60K)

     0K .......... .......... .......... .......... .......... 83% 78.2K 0s
    50K .........                                             100% 6.63K=2.1s

226 Transfer complete.
2017-08-28 00:01:20 (28.4 KB/s) - ‘./domain/ip6.arpa’ saved [61151]

The sizes do not match (local 24335) -- retrieving.

--2017-08-28 00:01:20--  ftp://ftp.internic.net/domain/ip6.arpa.gz
           => ‘./domain/ip6.arpa.gz’
==> CWD not required.
--> PASV

227 Entering Passive Mode (192,0,32,9,143,83)
--> RETR ip6.arpa.gz

150 Opening BINARY mode data connection for ip6.arpa.gz (24336 bytes).
Length: 24336 (24K)

     0K .......... .......... ...                             100% 42.0K=0.6s

226 Transfer complete.
2017-08-28 00:01:21 (42.0 KB/s) - ‘./domain/ip6.arpa.gz’ saved [24336]

Remote file is newer than local file ‘./domain/ip6.arpa.gz.md5’ -- retrieving.

--2017-08-28 00:01:21--  ftp://ftp.internic.net/domain/ip6.arpa.gz.md5
           => ‘./domain/ip6.arpa.gz.md5’
==> CWD not required.
--> PASV

227 Entering Passive Mode (192,0,32,9,97,71)
--> RETR ip6.arpa.gz.md5

150 Opening BINARY mode data connection for ip6.arpa.gz.md5 (51 bytes).
Length: 51

     0K                                                       100%  711K=0s

226 Transfer complete.
2017-08-28 00:01:23 (711 KB/s) - ‘./domain/ip6.arpa.gz.md5’ saved [51]

Remote file is newer than local file ‘./domain/ip6.arpa.gz.sha256’ -- retrieving.

--2017-08-28 00:01:23--  ftp://ftp.internic.net/domain/ip6.arpa.gz.sha256
           => ‘./domain/ip6.arpa.gz.sha256’
==> CWD not required.
--> PASV

227 Entering Passive Mode (192,0,32,9,126,226)
--> RETR ip6.arpa.gz.sha256

150 Opening BINARY mode data connection for ip6.arpa.gz.sha256 (86 bytes).
Length: 86

     0K                                                       100% 1.11M=0s

226 Transfer complete.
2017-08-28 00:01:29 (1.11 MB/s) - ‘./domain/ip6.arpa.gz.sha256’ saved [86]

Remote file is newer than local file ‘./domain/ip6.arpa.md5’ -- retrieving.

--2017-08-28 00:01:29--  ftp://ftp.internic.net/domain/ip6.arpa.md5
           => ‘./domain/ip6.arpa.md5’
==> CWD not required.
--> PASV

227 Entering Passive Mode (192,0,32,9,204,255)
--> RETR ip6.arpa.md5

150 Opening BINARY mode data connection for ip6.arpa.md5 (48 bytes).
Length: 48

     0K                                                       100%  155K=0s

226 Transfer complete.
2017-08-28 00:01:30 (155 KB/s) - ‘./domain/ip6.arpa.md5’ saved [48]

Remote file is newer than local file ‘./domain/ip6.arpa.sha256’ -- retrieving.

--2017-08-28 00:01:30--  ftp://ftp.internic.net/domain/ip6.arpa.sha256
           => ‘./domain/ip6.arpa.sha256’
==> CWD not required.
--> PASV

227 Entering Passive Mode (192,0,32,9,41,208)
--> RETR ip6.arpa.sha256

150 Opening BINARY mode data connection for ip6.arpa.sha256 (83 bytes).
Length: 83

     0K                                                       100% 1.41M=0s

226 Transfer complete.
2017-08-28 00:01:34 (1.41 MB/s) - ‘./domain/ip6.arpa.sha256’ saved [83]

Remote file is newer than local file ‘./domain/ip6.arpa.zone’ -- retrieving.

--2017-08-28 00:01:34--  ftp://ftp.internic.net/domain/ip6.arpa.zone
           => ‘./domain/ip6.arpa.zone’
==> CWD not required.
--> PASV

227 Entering Passive Mode (192,0,32,9,49,119)
--> RETR ip6.arpa.zone

150 Opening BINARY mode data connection for ip6.arpa.zone (61151 bytes).
Length: 61151 (60K)

     0K .......... .......... .......... .......... .......... 83% 29.2K 0s
    50K .........                                             100%  105M=1.7s

226 Transfer complete.
2017-08-28 00:01:38 (34.8 KB/s) - ‘./domain/ip6.arpa.zone’ saved [61151]

The sizes do not match (local 24335) -- retrieving.

--2017-08-28 00:01:38--  ftp://ftp.internic.net/domain/ip6.arpa.zone.gz
           => ‘./domain/ip6.arpa.zone.gz’
==> CWD not required.
--> PASV

227 Entering Passive Mode (192,0,32,9,115,79)
--> RETR ip6.arpa.zone.gz

150 Opening BINARY mode data connection for ip6.arpa.zone.gz (24336 bytes).
Length: 24336 (24K)

     0K .......... .......... ...                             100% 44.7K=0.5s

226 Transfer complete.
2017-08-28 00:01:40 (44.7 KB/s) - ‘./domain/ip6.arpa.zone.gz’ saved [24336]

Remote file is newer than local file ‘./domain/ip6.arpa.zone.gz.md5’ -- retrieving.

--2017-08-28 00:01:40--  ftp://ftp.internic.net/domain/ip6.arpa.zone.gz.md5
           => ‘./domain/ip6.arpa.zone.gz.md5’
==> CWD not required.
--> PASV

227 Entering Passive Mode (192,0,32,9,42,198)
--> RETR ip6.arpa.zone.gz.md5

150 Opening BINARY mode data connection for ip6.arpa.zone.gz.md5 (56 bytes).
Length: 56

     0K                                                       100%  185K=0s

226 Transfer complete.
2017-08-28 00:01:43 (185 KB/s) - ‘./domain/ip6.arpa.zone.gz.md5’ saved [56]

Remote file is newer than local file ‘./domain/ip6.arpa.zone.gz.sha256’ -- retrieving.

--2017-08-28 00:01:43--  ftp://ftp.internic.net/domain/ip6.arpa.zone.gz.sha256
           => ‘./domain/ip6.arpa.zone.gz.sha256’
==> CWD not required.
--> PASV

227 Entering Passive Mode (192,0,32,9,166,90)
--> RETR ip6.arpa.zone.gz.sha256

150 Opening BINARY mode data connection for ip6.arpa.zone.gz.sha256 (91 bytes).
Length: 91

     0K                                                       100%  935K=0s

226 Transfer complete.
2017-08-28 00:01:45 (935 KB/s) - ‘./domain/ip6.arpa.zone.gz.sha256’ saved [91]

Remote file is newer than local file ‘./domain/ip6.arpa.zone.md5’ -- retrieving.

--2017-08-28 00:01:45--  ftp://ftp.internic.net/domain/ip6.arpa.zone.md5
           => ‘./domain/ip6.arpa.zone.md5’
==> CWD not required.
--> PASV

227 Entering Passive Mode (192,0,32,9,80,12)
--> RETR ip6.arpa.zone.md5

150 Opening BINARY mode data connection for ip6.arpa.zone.md5 (53 bytes).
Length: 53

     0K                                                       100%  221K=0s

226 Transfer complete.
2017-08-28 00:01:46 (221 KB/s) - ‘./domain/ip6.arpa.zone.md5’ saved [53]

Remote file is newer than local file ‘./domain/ip6.arpa.zone.sha256’ -- retrieving.

--2017-08-28 00:01:46--  ftp://ftp.internic.net/domain/ip6.arpa.zone.sha256
           => ‘./domain/ip6.arpa.zone.sha256’
==> CWD not required.
--> PASV

227 Entering Passive Mode (192,0,32,9,15,57)
--> RETR ip6.arpa.zone.sha256

150 Opening BINARY mode data connection for ip6.arpa.zone.sha256 (88 bytes).
Length: 88

     0K                                                       100%  627K=0s

226 Transfer complete.
2017-08-28 00:01:50 (627 KB/s) - ‘./domain/ip6.arpa.zone.sha256’ saved [88]

Remote file is newer than local file ‘./domain/last_update.txt’ -- retrieving.

--2017-08-28 00:01:50--  ftp://ftp.internic.net/domain/last_update.txt
           => ‘./domain/last_update.txt’
==> CWD not required.
--> PASV

227 Entering Passive Mode (192,0,32,9,181,38)
--> RETR last_update.txt

150 Opening BINARY mode data connection for last_update.txt (21 bytes).
Length: 21

     0K                                                       100%  477K=0s

226 Transfer complete.
2017-08-28 00:01:51 (477 KB/s) - ‘./domain/last_update.txt’ saved [21]

Remote file no newer than local file ‘./domain/named.cache’ -- not retrieving.
Remote file no newer than local file ‘./domain/named.cache.md5’ -- not retrieving.
Remote file no newer than local file ‘./domain/named.cache.sig’ -- not retrieving.
Remote file no newer than local file ‘./domain/named.root’ -- not retrieving.
Remote file no newer than local file ‘./domain/named.root.md5’ -- not retrieving.
Remote file no newer than local file ‘./domain/named.root.sig’ -- not retrieving.
Remote file no newer than local file ‘./domain/root-servers.net.zone’ -- not retrieving.
Remote file no newer than local file ‘./domain/root-servers.net.zone.gz’ -- not retrieving.
Remote file no newer than local file ‘./domain/root-servers.net.zone.gz.md5’ -- not retrieving.
Remote file no newer than local file ‘./domain/root-servers.net.zone.gz.sig’ -- not retrieving.
Remote file is newer than local file ‘./domain/root.zone’ -- retrieving.

--2017-08-28 00:01:51--  ftp://ftp.internic.net/domain/root.zone
           => ‘./domain/root.zone’
==> CWD not required.
--> PASV

227 Entering Passive Mode (192,0,32,9,147,5)
--> RETR root.zone

150 Opening BINARY mode data connection for root.zone (2263471 bytes).
Length: 2263471 (2.2M)

     0K .......... .......... .......... .......... ..........  2% 65.0K 33s
    50K .......... .......... .......... .......... ..........  4% 66.6K 32s
   100K .......... .......... .......... .......... ..........  6% 50.5K 34s
   150K .......... .......... .......... .......... ..........  9% 37.6K 39s
   200K .......... .......... .......... .......... .......... 11% 41.4K 40s
   250K .......... .......... .......... .......... .......... 13% 46.8K 39s
   300K .......... .......... .......... .......... .......... 15% 46.1K 38s
   350K .......... .......... .......... .......... .......... 18% 24.4K 42s
   400K .......... .......... .......... .......... .......... 20% 48.1K 40s
   450K .......... .......... .......... .......... .......... 22% 38.2K 40s
   500K .......... .......... .......... .......... .......... 24% 37.5K 39s
   550K .......... .......... .......... .......... .......... 27% 37.1K 38s
   600K .......... .......... .......... .......... .......... 29% 28.1K 39s
   650K .......... .......... .......... .......... .......... 31% 25.2K 39s
   700K .......... .......... .......... .......... .......... 33% 23.5K 39s
   750K .......... .......... .......... .......... .......... 36% 20.2K 40s
   800K .......... .......... .......... .......... .......... 38% 24.4K 40s
   850K .......... .......... .......... .......... .......... 40% 18.7K 40s
   900K .......... .......... .......... .......... .......... 42% 17.6K 40s
   950K .......... .......... .......... .......... .......... 45% 30.5K 39s
  1000K .......... .......... .......... .......... .......... 47% 37.5K 37s
  1050K .......... .......... .......... .......... .......... 49% 24.4K 36s
  1100K .......... .......... .......... .......... .......... 52% 18.8K 35s
  1150K .......... .......... .......... .......... .......... 54% 28.7K 33s
  1200K .......... .......... .......... .......... .......... 56% 43.3K 31s
  1250K .......... .......... .......... .......... .......... 58% 54.3K 29s
  1300K .......... .......... .......... .......... .......... 61% 36.6K 27s
  1350K .......... .......... .......... .......... .......... 63% 63.3K 25s
  1400K .......... .......... .......... .......... .......... 65% 45.7K 24s
  1450K .......... .......... .......... .......... .......... 67% 44.4K 22s
  1500K .......... .......... .......... .......... .......... 70% 48.9K 20s
  1550K .......... .......... .......... .......... .......... 72% 37.5K 18s
  1600K .......... .......... .......... .......... .......... 74% 24.5K 17s
  1650K .......... .......... .......... .......... .......... 76% 53.9K 15s
  1700K .......... .......... .......... .......... .......... 79% 28.7K 14s
  1750K .......... .......... .......... .......... .......... 81% 40.7K 12s
  1800K .......... .......... .......... .......... .......... 83% 47.3K 11s
  1850K .......... .......... .......... .......... .......... 85% 40.1K 9s
  1900K .......... .......... .......... .......... .......... 88% 39.2K 8s
  1950K .......... .......... .......... .......... .......... 90% 71.6K 6s
  2000K .......... .......... .......... .......... .......... 92% 44.1K 5s
  2050K .......... .......... .......... .......... .......... 95% 50.7K 3s
  2100K .......... .......... .......... .......... .......... 97% 30.4K 2s
  2150K .......... .......... .......... .......... .......... 99% 18.4K 0s
  2200K ..........                                            100% 1.04M=65s

226 Transfer complete.
2017-08-28 00:02:58 (33.9 KB/s) - ‘./domain/root.zone’ saved [2263471]

The sizes do not match (local 1063029) -- retrieving.

--2017-08-28 00:02:58--  ftp://ftp.internic.net/domain/root.zone.gz
           => ‘./domain/root.zone.gz’
==> CWD not required.
--> PASV

227 Entering Passive Mode (192,0,32,9,41,250)
--> RETR root.zone.gz

150 Opening BINARY mode data connection for root.zone.gz (1063092 bytes).
Length: 1063092 (1.0M)

     0K .......... .......... .......... .......... ..........  4% 57.8K 17s
    50K .......... .......... .......... .......... ..........  9% 46.2K 18s
   100K .......... .......... .......... .......... .......... 14% 40.7K 19s
   150K .......... .......... .......... .......... .......... 19% 92.8K 16s
   200K .......... .......... .......... .......... .......... 24% 19.8K 20s
   250K .......... .......... .......... .......... .......... 28% 90.9K 17s
   300K .......... .......... .......... .......... .......... 33% 64.1K 15s
   350K .......... .......... .......... .......... .......... 38% 69.9K 13s
   400K .......... .......... .......... .......... .......... 43% 44.3K 12s
   450K .......... .......... .......... .......... .......... 48% 81.6K 11s
   500K .......... .......... .......... .......... .......... 52% 54.2K 10s
   550K .......... .......... .......... .......... .......... 57% 39.2K 9s
   600K .......... .......... .......... .......... .......... 62% 71.4K 8s
   650K .......... .......... .......... .......... .......... 67% 38.4K 7s
   700K .......... .......... .......... .......... .......... 72% 34.9K 6s
   750K .......... .......... .......... .......... .......... 77% 32.0K 5s
   800K .......... .......... .......... .......... .......... 81% 34.7K 4s
   850K .......... .......... .......... .......... .......... 86% 23.6K 3s
   900K .......... .......... .......... .......... .......... 91% 44.1K 2s
   950K .......... .......... .......... .......... .......... 96% 61.5K 1s
  1000K .......... .......... .......... ........             100% 74.7K=23s

226 Transfer complete.
2017-08-28 00:03:24 (44.7 KB/s) - ‘./domain/root.zone.gz’ saved [1063092]

Remote file is newer than local file ‘./domain/root.zone.gz.md5’ -- retrieving.

--2017-08-28 00:03:24--  ftp://ftp.internic.net/domain/root.zone.gz.md5
           => ‘./domain/root.zone.gz.md5’
==> CWD not required.
--> PASV

227 Entering Passive Mode (192,0,32,9,78,184)
--> RETR root.zone.gz.md5

150 Opening BINARY mode data connection for root.zone.gz.md5 (33 bytes).
Length: 33

     0K                                                       100%  496K=0s

226 Transfer complete.
2017-08-28 00:03:32 (496 KB/s) - ‘./domain/root.zone.gz.md5’ saved [33]

Remote file is newer than local file ‘./domain/root.zone.gz.sig’ -- retrieving.

--2017-08-28 00:03:32--  ftp://ftp.internic.net/domain/root.zone.gz.sig
           => ‘./domain/root.zone.gz.sig’
==> CWD not required.
--> PASV

227 Entering Passive Mode (192,0,32,9,41,47)
--> RETR root.zone.gz.sig

150 Opening BINARY mode data connection for root.zone.gz.sig (72 bytes).
Length: 72

     0K                                                       100% 1.56M=0s

226 Transfer complete.
2017-08-28 00:03:34 (1.56 MB/s) - ‘./domain/root.zone.gz.sig’ saved [72]

Remote file is newer than local file ‘./domain/root.zone.md5’ -- retrieving.

--2017-08-28 00:03:34--  ftp://ftp.internic.net/domain/root.zone.md5
           => ‘./domain/root.zone.md5’
==> CWD not required.
--> PASV

227 Entering Passive Mode (192,0,32,9,41,106)
--> RETR root.zone.md5

150 Opening BINARY mode data connection for root.zone.md5 (33 bytes).
Length: 33

     0K                                                       100%  375K=0s

226 Transfer complete.
2017-08-28 00:03:39 (375 KB/s) - ‘./domain/root.zone.md5’ saved [33]

The sizes do not match (local 71) -- retrieving.

--2017-08-28 00:03:39--  ftp://ftp.internic.net/domain/root.zone.sig
           => ‘./domain/root.zone.sig’
==> CWD not required.
--> PASV

227 Entering Passive Mode (192,0,32,9,193,215)
--> RETR root.zone.sig

150 Opening BINARY mode data connection for root.zone.sig (72 bytes).
Length: 72

     0K                                                       100% 30.4K=0.002s

226 Transfer complete.
2017-08-28 00:03:41 (30.4 KB/s) - ‘./domain/root.zone.sig’ saved [72]

FINISHED --2017-08-28 00:03:41--
Total wall clock time: 3m 39s
Downloaded: 40 files, 4.0M in 1m 44s (39.1 KB/s)
