--2017-05-29 00:00:04--  ftp://ftp.internic.net/*
           => ‘./.listing’
Resolving ftp.internic.net (ftp.internic.net)... 192.0.32.9, 2620:0:2d0:200::9
Connecting to ftp.internic.net (ftp.internic.net)|192.0.32.9|:21... connected.
Logging in as anonymous ... 
220 Internic FTP Server
--> USER anonymous

331 Please specify the password.
--> PASS Turtle Power!

230 Login successful.
--> SYST

215 UNIX Type: L8
--> PWD

257 "/"
--> TYPE I

200 Switching to Binary mode.
==> CWD not needed.
--> PASV

227 Entering Passive Mode (192,0,32,9,19,22)
--> LIST -a

150 Here comes the directory listing.

     0K                                                        3.42M=0s

226 Directory send OK.
drwxr-xr-x    3 ftp      ftp          4096 Apr 04  2012 .
drwxr-xr-x    3 ftp      ftp          4096 Apr 04  2012 ..
drwxr-xr-x    2 ftp      ftp          4096 Sep 09  2015 domain
2017-05-29 00:00:12 (3.42 MB/s) - ‘./.listing’ saved [183]

--2017-05-29 00:00:12--  ftp://ftp.internic.net/domain/*
           => ‘./domain/.listing’
--> CWD /domain

250 Directory successfully changed.
--> PASV

227 Entering Passive Mode (192,0,32,9,193,9)
--> LIST -a

150 Here comes the directory listing.

     0K ...                                                    34.1M=0s

226 Directory send OK.
drwxr-xr-x    2 ftp      ftp          4096 Sep 09  2015 .
drwxr-xr-x    3 ftp      ftp          4096 Apr 04  2012 ..
-rw-r--r--    1 ftp      ftp          1829 Aug 18  2015 .listing
-rw-r--r--    1 ftp      ftp          1224 May 28 12:15 INTERNIC_ROOT_ZONE.signatures
-rw-r--r--    1 ftp      ftp          1469 May 28 12:15 INTERNIC_ROOT_ZONE.signatures.asc
-rw-r--r--    1 ftp      ftp         15228 May 28 12:15 arpa.zone
-rw-r--r--    1 ftp      ftp          6650 May 28 12:15 arpa.zone.gz
-rw-r--r--    1 ftp      ftp            33 May 28 12:15 arpa.zone.gz.md5
-rw-r--r--    1 ftp      ftp            72 May 28 12:15 arpa.zone.gz.sig
-rw-r--r--    1 ftp      ftp          3289 Apr 11 15:01 db.cache
-rw-r--r--    1 ftp      ftp            33 Apr 11 15:01 db.cache.md5
-rw-r--r--    1 ftp      ftp            72 Apr 11 15:01 db.cache.sig
-rw-r--r--    1 ftp      ftp        230669 May 28 15:40 in-addr.arpa
-rw-r--r--    1 ftp      ftp         90382 May 28 15:40 in-addr.arpa.gz
-rw-r--r--    1 ftp      ftp            55 May 28 15:40 in-addr.arpa.gz.md5
-rw-r--r--    1 ftp      ftp            90 May 28 15:40 in-addr.arpa.gz.sha256
-rw-r--r--    1 ftp      ftp            52 May 28 15:40 in-addr.arpa.md5
-rw-r--r--    1 ftp      ftp            87 May 28 15:40 in-addr.arpa.sha256
-rw-r--r--    1 ftp      ftp        230669 May 28 15:40 in-addr.arpa.zone
-rw-r--r--    1 ftp      ftp         90382 May 28 15:40 in-addr.arpa.zone.gz
-rw-r--r--    1 ftp      ftp            60 May 28 15:40 in-addr.arpa.zone.gz.md5
-rw-r--r--    1 ftp      ftp            95 May 28 15:40 in-addr.arpa.zone.gz.sha256
-rw-r--r--    1 ftp      ftp            57 May 28 15:40 in-addr.arpa.zone.md5
-rw-r--r--    1 ftp      ftp            92 May 28 15:40 in-addr.arpa.zone.sha256
-rw-r--r--    1 ftp      ftp         61853 May 28 15:40 ip6.arpa
-rw-r--r--    1 ftp      ftp         24300 May 28 15:40 ip6.arpa.gz
-rw-r--r--    1 ftp      ftp            51 May 28 15:40 ip6.arpa.gz.md5
-rw-r--r--    1 ftp      ftp            86 May 28 15:40 ip6.arpa.gz.sha256
-rw-r--r--    1 ftp      ftp            48 May 28 15:40 ip6.arpa.md5
-rw-r--r--    1 ftp      ftp            83 May 28 15:40 ip6.arpa.sha256
-rw-r--r--    1 ftp      ftp         61853 May 28 15:40 ip6.arpa.zone
-rw-r--r--    1 ftp      ftp         24300 May 28 15:40 ip6.arpa.zone.gz
-rw-r--r--    1 ftp      ftp            56 May 28 15:40 ip6.arpa.zone.gz.md5
-rw-r--r--    1 ftp      ftp            91 May 28 15:40 ip6.arpa.zone.gz.sha256
-rw-r--r--    1 ftp      ftp            53 May 28 15:40 ip6.arpa.zone.md5
-rw-r--r--    1 ftp      ftp            88 May 28 15:40 ip6.arpa.zone.sha256
-rw-r--r--    1 ftp      ftp            21 May 28 15:40 last_update.txt
-rw-r--r--    1 ftp      ftp          3289 Apr 11 15:01 named.cache
-rw-r--r--    1 ftp      ftp            33 Apr 11 15:01 named.cache.md5
-rw-r--r--    1 ftp      ftp            72 Apr 11 15:01 named.cache.sig
-rw-r--r--    1 ftp      ftp          3289 Apr 11 15:01 named.root
-rw-r--r--    1 ftp      ftp            33 Apr 11 15:01 named.root.md5
-rw-r--r--    1 ftp      ftp            72 Apr 11 15:01 named.root.sig
-rw-r--r--    1 ftp      ftp          2110 Apr 11 15:01 root-servers.net.zone
-rw-r--r--    1 ftp      ftp           576 Apr 11 15:01 root-servers.net.zone.gz
-rw-r--r--    1 ftp      ftp            33 Apr 11 15:01 root-servers.net.zone.gz.md5
-rw-r--r--    1 ftp      ftp            72 Apr 11 15:01 root-servers.net.zone.gz.sig
-rw-r--r--    1 ftp      ftp       2235943 May 28 05:30 root.zone
-rw-r--r--    1 ftp      ftp       1049969 May 28 05:30 root.zone.gz
-rw-r--r--    1 ftp      ftp            33 May 28 05:30 root.zone.gz.md5
-rw-r--r--    1 ftp      ftp            72 May 28 05:30 root.zone.gz.sig
-rw-r--r--    1 ftp      ftp            33 May 28 05:30 root.zone.md5
-rw-r--r--    1 ftp      ftp            72 May 28 05:30 root.zone.sig
2017-05-29 00:00:15 (34.1 MB/s) - ‘./domain/.listing’ saved [3930]

The sizes do not match (local 3930) -- retrieving.

--2017-05-29 00:00:15--  ftp://ftp.internic.net/domain/.listing
           => ‘./domain/.listing’
==> CWD not required.
--> PASV

227 Entering Passive Mode (192,0,32,9,41,209)
--> RETR .listing

150 Opening BINARY mode data connection for .listing (1829 bytes).
Length: 1829 (1.8K)

     0K .                                                     100% 25.2K=0.07s

226 Transfer complete.
2017-05-29 00:00:20 (25.2 KB/s) - ‘./domain/.listing’ saved [1829]

Remote file is newer than local file ‘./domain/INTERNIC_ROOT_ZONE.signatures’ -- retrieving.

--2017-05-29 00:00:20--  ftp://ftp.internic.net/domain/INTERNIC_ROOT_ZONE.signatures
           => ‘./domain/INTERNIC_ROOT_ZONE.signatures’
==> CWD not required.
--> PASV

227 Entering Passive Mode (192,0,32,9,207,0)
--> RETR INTERNIC_ROOT_ZONE.signatures

150 Opening BINARY mode data connection for INTERNIC_ROOT_ZONE.signatures (1224 bytes).
Length: 1224 (1.2K)

     0K .                                                     100% 15.4M=0s

226 Transfer complete.
2017-05-29 00:00:22 (15.4 MB/s) - ‘./domain/INTERNIC_ROOT_ZONE.signatures’ saved [1224]

Remote file is newer than local file ‘./domain/INTERNIC_ROOT_ZONE.signatures.asc’ -- retrieving.

--2017-05-29 00:00:22--  ftp://ftp.internic.net/domain/INTERNIC_ROOT_ZONE.signatures.asc
           => ‘./domain/INTERNIC_ROOT_ZONE.signatures.asc’
==> CWD not required.
--> PASV

227 Entering Passive Mode (192,0,32,9,225,147)
--> RETR INTERNIC_ROOT_ZONE.signatures.asc

150 Opening BINARY mode data connection for INTERNIC_ROOT_ZONE.signatures.asc (1469 bytes).
Length: 1469 (1.4K)

     0K .                                                     100% 18.2M=0s

226 Transfer complete.
2017-05-29 00:00:24 (18.2 MB/s) - ‘./domain/INTERNIC_ROOT_ZONE.signatures.asc’ saved [1469]

Remote file is newer than local file ‘./domain/arpa.zone’ -- retrieving.

--2017-05-29 00:00:24--  ftp://ftp.internic.net/domain/arpa.zone
           => ‘./domain/arpa.zone’
==> CWD not required.
--> PASV

227 Entering Passive Mode (192,0,32,9,41,33)
--> RETR arpa.zone

150 Opening BINARY mode data connection for arpa.zone (15228 bytes).
Length: 15228 (15K)

     0K .......... ....                                       100% 51.1M=0s

226 Transfer complete.
2017-05-29 00:00:26 (51.1 MB/s) - ‘./domain/arpa.zone’ saved [15228]

The sizes do not match (local 6644) -- retrieving.

--2017-05-29 00:00:26--  ftp://ftp.internic.net/domain/arpa.zone.gz
           => ‘./domain/arpa.zone.gz’
==> CWD not required.
--> PASV

227 Entering Passive Mode (192,0,32,9,41,118)
--> RETR arpa.zone.gz

150 Opening BINARY mode data connection for arpa.zone.gz (6650 bytes).
Length: 6650 (6.5K)

     0K ......                                                100% 72.1M=0s

226 Transfer complete.
2017-05-29 00:00:29 (72.1 MB/s) - ‘./domain/arpa.zone.gz’ saved [6650]

Remote file is newer than local file ‘./domain/arpa.zone.gz.md5’ -- retrieving.

--2017-05-29 00:00:29--  ftp://ftp.internic.net/domain/arpa.zone.gz.md5
           => ‘./domain/arpa.zone.gz.md5’
==> CWD not required.
--> PASV

227 Entering Passive Mode (192,0,32,9,42,31)
--> RETR arpa.zone.gz.md5

150 Opening BINARY mode data connection for arpa.zone.gz.md5 (33 bytes).
Length: 33

     0K                                                       100%  162K=0s

226 Transfer complete.
2017-05-29 00:00:31 (162 KB/s) - ‘./domain/arpa.zone.gz.md5’ saved [33]

Remote file is newer than local file ‘./domain/arpa.zone.gz.sig’ -- retrieving.

--2017-05-29 00:00:31--  ftp://ftp.internic.net/domain/arpa.zone.gz.sig
           => ‘./domain/arpa.zone.gz.sig’
==> CWD not required.
--> PASV

227 Entering Passive Mode (192,0,32,9,74,104)
--> RETR arpa.zone.gz.sig

150 Opening BINARY mode data connection for arpa.zone.gz.sig (72 bytes).
Length: 72

     0K                                                       100% 1.56M=0s

226 Transfer complete.
2017-05-29 00:00:37 (1.56 MB/s) - ‘./domain/arpa.zone.gz.sig’ saved [72]

Remote file no newer than local file ‘./domain/db.cache’ -- not retrieving.
Remote file no newer than local file ‘./domain/db.cache.md5’ -- not retrieving.
Remote file no newer than local file ‘./domain/db.cache.sig’ -- not retrieving.
Remote file is newer than local file ‘./domain/in-addr.arpa’ -- retrieving.

--2017-05-29 00:00:37--  ftp://ftp.internic.net/domain/in-addr.arpa
           => ‘./domain/in-addr.arpa’
==> CWD not required.
--> PASV

227 Entering Passive Mode (192,0,32,9,41,75)
--> RETR in-addr.arpa

150 Opening BINARY mode data connection for in-addr.arpa (230669 bytes).
Length: 230669 (225K)

     0K .......... .......... .......... .......... .......... 22% 72.2K 2s
    50K .......... .......... .......... .......... .......... 44%  157K 1s
   100K .......... .......... .......... .......... .......... 66%  158K 1s
   150K .......... .......... .......... .......... .......... 88%  157K 0s
   200K .......... .......... .....                           100%  657K=1.7s

226 Transfer complete.
2017-05-29 00:00:40 (134 KB/s) - ‘./domain/in-addr.arpa’ saved [230669]

The sizes do not match (local 90364) -- retrieving.

--2017-05-29 00:00:40--  ftp://ftp.internic.net/domain/in-addr.arpa.gz
           => ‘./domain/in-addr.arpa.gz’
==> CWD not required.
--> PASV

227 Entering Passive Mode (192,0,32,9,244,193)
--> RETR in-addr.arpa.gz

150 Opening BINARY mode data connection for in-addr.arpa.gz (90382 bytes).
Length: 90382 (88K)

     0K .......... .......... .......... .......... .......... 56% 70.1K 1s
    50K .......... .......... .......... ........             100% 26.7M=0.7s

226 Transfer complete.
2017-05-29 00:00:47 (124 KB/s) - ‘./domain/in-addr.arpa.gz’ saved [90382]

Remote file is newer than local file ‘./domain/in-addr.arpa.gz.md5’ -- retrieving.

--2017-05-29 00:00:47--  ftp://ftp.internic.net/domain/in-addr.arpa.gz.md5
           => ‘./domain/in-addr.arpa.gz.md5’
==> CWD not required.
--> PASV

227 Entering Passive Mode (192,0,32,9,138,69)
--> RETR in-addr.arpa.gz.md5

150 Opening BINARY mode data connection for in-addr.arpa.gz.md5 (55 bytes).
Length: 55

     0K                                                       100% 86.1K=0.001s

226 Transfer complete.
2017-05-29 00:00:50 (86.1 KB/s) - ‘./domain/in-addr.arpa.gz.md5’ saved [55]

Remote file is newer than local file ‘./domain/in-addr.arpa.gz.sha256’ -- retrieving.

--2017-05-29 00:00:50--  ftp://ftp.internic.net/domain/in-addr.arpa.gz.sha256
           => ‘./domain/in-addr.arpa.gz.sha256’
==> CWD not required.
--> PASV

227 Entering Passive Mode (192,0,32,9,132,65)
--> RETR in-addr.arpa.gz.sha256

150 Opening BINARY mode data connection for in-addr.arpa.gz.sha256 (90 bytes).
Length: 90

     0K                                                       100% 1.87M=0s

226 Transfer complete.
2017-05-29 00:00:52 (1.87 MB/s) - ‘./domain/in-addr.arpa.gz.sha256’ saved [90]

Remote file is newer than local file ‘./domain/in-addr.arpa.md5’ -- retrieving.

--2017-05-29 00:00:52--  ftp://ftp.internic.net/domain/in-addr.arpa.md5
           => ‘./domain/in-addr.arpa.md5’
==> CWD not required.
--> PASV

227 Entering Passive Mode (192,0,32,9,112,168)
--> RETR in-addr.arpa.md5

150 Opening BINARY mode data connection for in-addr.arpa.md5 (52 bytes).
Length: 52

     0K                                                       100%  256K=0s

226 Transfer complete.
2017-05-29 00:00:55 (256 KB/s) - ‘./domain/in-addr.arpa.md5’ saved [52]

Remote file is newer than local file ‘./domain/in-addr.arpa.sha256’ -- retrieving.

--2017-05-29 00:00:55--  ftp://ftp.internic.net/domain/in-addr.arpa.sha256
           => ‘./domain/in-addr.arpa.sha256’
==> CWD not required.
--> PASV

227 Entering Passive Mode (192,0,32,9,42,197)
--> RETR in-addr.arpa.sha256

150 Opening BINARY mode data connection for in-addr.arpa.sha256 (87 bytes).
Length: 87

     0K                                                       100%  140K=0.001s

226 Transfer complete.
2017-05-29 00:01:00 (140 KB/s) - ‘./domain/in-addr.arpa.sha256’ saved [87]

Remote file is newer than local file ‘./domain/in-addr.arpa.zone’ -- retrieving.

--2017-05-29 00:01:00--  ftp://ftp.internic.net/domain/in-addr.arpa.zone
           => ‘./domain/in-addr.arpa.zone’
==> CWD not required.
--> PASV

227 Entering Passive Mode (192,0,32,9,59,227)
--> RETR in-addr.arpa.zone

150 Opening BINARY mode data connection for in-addr.arpa.zone (230669 bytes).
Length: 230669 (225K)

     0K .......... .......... .......... .......... .......... 22% 73.1K 2s
    50K .......... .......... .......... .......... .......... 44%  167K 1s
   100K .......... .......... .......... .......... .......... 66%  590K 1s
   150K .......... .......... .......... .......... .......... 88%  178K 0s
   200K .......... .......... .....                           100% 1.03M=1.4s

226 Transfer complete.
2017-05-29 00:01:04 (164 KB/s) - ‘./domain/in-addr.arpa.zone’ saved [230669]

The sizes do not match (local 90364) -- retrieving.

--2017-05-29 00:01:04--  ftp://ftp.internic.net/domain/in-addr.arpa.zone.gz
           => ‘./domain/in-addr.arpa.zone.gz’
==> CWD not required.
--> PASV

227 Entering Passive Mode (192,0,32,9,42,130)
--> RETR in-addr.arpa.zone.gz

150 Opening BINARY mode data connection for in-addr.arpa.zone.gz (90382 bytes).
Length: 90382 (88K)

     0K .......... .......... .......... .......... .......... 56% 48.9K 1s
    50K .......... .......... .......... ........             100% 19.4M=1.0s

226 Transfer complete.
2017-05-29 00:01:07 (86.2 KB/s) - ‘./domain/in-addr.arpa.zone.gz’ saved [90382]

Remote file is newer than local file ‘./domain/in-addr.arpa.zone.gz.md5’ -- retrieving.

--2017-05-29 00:01:07--  ftp://ftp.internic.net/domain/in-addr.arpa.zone.gz.md5
           => ‘./domain/in-addr.arpa.zone.gz.md5’
==> CWD not required.
--> PASV

227 Entering Passive Mode (192,0,32,9,207,128)
--> RETR in-addr.arpa.zone.gz.md5

150 Opening BINARY mode data connection for in-addr.arpa.zone.gz.md5 (60 bytes).
Length: 60

     0K                                                       100%  419K=0s

226 Transfer complete.
2017-05-29 00:01:10 (419 KB/s) - ‘./domain/in-addr.arpa.zone.gz.md5’ saved [60]

Remote file is newer than local file ‘./domain/in-addr.arpa.zone.gz.sha256’ -- retrieving.

--2017-05-29 00:01:10--  ftp://ftp.internic.net/domain/in-addr.arpa.zone.gz.sha256
           => ‘./domain/in-addr.arpa.zone.gz.sha256’
==> CWD not required.
--> PASV

227 Entering Passive Mode (192,0,32,9,42,133)
--> RETR in-addr.arpa.zone.gz.sha256

150 Opening BINARY mode data connection for in-addr.arpa.zone.gz.sha256 (95 bytes).
Length: 95

     0K                                                       100% 1.51M=0s

226 Transfer complete.
2017-05-29 00:01:12 (1.51 MB/s) - ‘./domain/in-addr.arpa.zone.gz.sha256’ saved [95]

Remote file is newer than local file ‘./domain/in-addr.arpa.zone.md5’ -- retrieving.

--2017-05-29 00:01:12--  ftp://ftp.internic.net/domain/in-addr.arpa.zone.md5
           => ‘./domain/in-addr.arpa.zone.md5’
==> CWD not required.
--> PASV

227 Entering Passive Mode (192,0,32,9,42,210)
--> RETR in-addr.arpa.zone.md5

150 Opening BINARY mode data connection for in-addr.arpa.zone.md5 (57 bytes).
Length: 57

     0K                                                       100% 1.16M=0s

226 Transfer complete.
2017-05-29 00:01:15 (1.16 MB/s) - ‘./domain/in-addr.arpa.zone.md5’ saved [57]

Remote file is newer than local file ‘./domain/in-addr.arpa.zone.sha256’ -- retrieving.

--2017-05-29 00:01:15--  ftp://ftp.internic.net/domain/in-addr.arpa.zone.sha256
           => ‘./domain/in-addr.arpa.zone.sha256’
==> CWD not required.
--> PASV

227 Entering Passive Mode (192,0,32,9,213,231)
--> RETR in-addr.arpa.zone.sha256

150 Opening BINARY mode data connection for in-addr.arpa.zone.sha256 (92 bytes).
Length: 92

     0K                                                       100% 1009K=0s

226 Transfer complete.
2017-05-29 00:01:17 (1009 KB/s) - ‘./domain/in-addr.arpa.zone.sha256’ saved [92]

Remote file is newer than local file ‘./domain/ip6.arpa’ -- retrieving.

--2017-05-29 00:01:17--  ftp://ftp.internic.net/domain/ip6.arpa
           => ‘./domain/ip6.arpa’
==> CWD not required.
--> PASV

227 Entering Passive Mode (192,0,32,9,251,67)
--> RETR ip6.arpa

150 Opening BINARY mode data connection for ip6.arpa (61853 bytes).
Length: 61853 (60K)

     0K .......... .......... .......... .......... .......... 82% 83.9K 0s
    50K ..........                                            100% 3.06M=0.6s

226 Transfer complete.
2017-05-29 00:01:19 (101 KB/s) - ‘./domain/ip6.arpa’ saved [61853]

The sizes do not match (local 24311) -- retrieving.

--2017-05-29 00:01:19--  ftp://ftp.internic.net/domain/ip6.arpa.gz
           => ‘./domain/ip6.arpa.gz’
==> CWD not required.
--> PASV

227 Entering Passive Mode (192,0,32,9,73,204)
--> RETR ip6.arpa.gz

150 Opening BINARY mode data connection for ip6.arpa.gz (24300 bytes).
Length: 24300 (24K)

     0K .......... .......... ...                             100% 58.0K=0.4s

226 Transfer complete.
2017-05-29 00:01:21 (58.0 KB/s) - ‘./domain/ip6.arpa.gz’ saved [24300]

Remote file is newer than local file ‘./domain/ip6.arpa.gz.md5’ -- retrieving.

--2017-05-29 00:01:21--  ftp://ftp.internic.net/domain/ip6.arpa.gz.md5
           => ‘./domain/ip6.arpa.gz.md5’
==> CWD not required.
--> PASV

227 Entering Passive Mode (192,0,32,9,108,3)
--> RETR ip6.arpa.gz.md5

150 Opening BINARY mode data connection for ip6.arpa.gz.md5 (51 bytes).
Length: 51

     0K                                                       100%  503K=0s

226 Transfer complete.
2017-05-29 00:01:23 (503 KB/s) - ‘./domain/ip6.arpa.gz.md5’ saved [51]

Remote file is newer than local file ‘./domain/ip6.arpa.gz.sha256’ -- retrieving.

--2017-05-29 00:01:23--  ftp://ftp.internic.net/domain/ip6.arpa.gz.sha256
           => ‘./domain/ip6.arpa.gz.sha256’
==> CWD not required.
--> PASV

227 Entering Passive Mode (192,0,32,9,5,237)
--> RETR ip6.arpa.gz.sha256

150 Opening BINARY mode data connection for ip6.arpa.gz.sha256 (86 bytes).
Length: 86

     0K                                                       100%  244K=0s

226 Transfer complete.
2017-05-29 00:01:32 (244 KB/s) - ‘./domain/ip6.arpa.gz.sha256’ saved [86]

Remote file is newer than local file ‘./domain/ip6.arpa.md5’ -- retrieving.

--2017-05-29 00:01:32--  ftp://ftp.internic.net/domain/ip6.arpa.md5
           => ‘./domain/ip6.arpa.md5’
==> CWD not required.
--> PASV

227 Entering Passive Mode (192,0,32,9,42,127)
--> RETR ip6.arpa.md5

150 Opening BINARY mode data connection for ip6.arpa.md5 (48 bytes).
Length: 48

     0K                                                       100%  601K=0s

226 Transfer complete.
2017-05-29 00:01:33 (601 KB/s) - ‘./domain/ip6.arpa.md5’ saved [48]

Remote file is newer than local file ‘./domain/ip6.arpa.sha256’ -- retrieving.

--2017-05-29 00:01:33--  ftp://ftp.internic.net/domain/ip6.arpa.sha256
           => ‘./domain/ip6.arpa.sha256’
==> CWD not required.
--> PASV

227 Entering Passive Mode (192,0,32,9,36,91)
--> RETR ip6.arpa.sha256

150 Opening BINARY mode data connection for ip6.arpa.sha256 (83 bytes).
Length: 83

     0K                                                       100% 1.68M=0s

226 Transfer complete.
2017-05-29 00:01:35 (1.68 MB/s) - ‘./domain/ip6.arpa.sha256’ saved [83]

Remote file is newer than local file ‘./domain/ip6.arpa.zone’ -- retrieving.

--2017-05-29 00:01:35--  ftp://ftp.internic.net/domain/ip6.arpa.zone
           => ‘./domain/ip6.arpa.zone’
==> CWD not required.
--> PASV

227 Entering Passive Mode (192,0,32,9,253,98)
--> RETR ip6.arpa.zone

150 Opening BINARY mode data connection for ip6.arpa.zone (61853 bytes).
Length: 61853 (60K)

     0K .......... .......... .......... .......... .......... 82% 71.4K 0s
    50K ..........                                            100% 40.6M=0.7s

226 Transfer complete.
2017-05-29 00:01:38 (86.2 KB/s) - ‘./domain/ip6.arpa.zone’ saved [61853]

The sizes do not match (local 24311) -- retrieving.

--2017-05-29 00:01:38--  ftp://ftp.internic.net/domain/ip6.arpa.zone.gz
           => ‘./domain/ip6.arpa.zone.gz’
==> CWD not required.
--> PASV

227 Entering Passive Mode (192,0,32,9,69,234)
--> RETR ip6.arpa.zone.gz

150 Opening BINARY mode data connection for ip6.arpa.zone.gz (24300 bytes).
Length: 24300 (24K)

     0K .......... .......... ...                             100% 79.4K=0.3s

226 Transfer complete.
2017-05-29 00:01:41 (79.4 KB/s) - ‘./domain/ip6.arpa.zone.gz’ saved [24300]

Remote file is newer than local file ‘./domain/ip6.arpa.zone.gz.md5’ -- retrieving.

--2017-05-29 00:01:41--  ftp://ftp.internic.net/domain/ip6.arpa.zone.gz.md5
           => ‘./domain/ip6.arpa.zone.gz.md5’
==> CWD not required.
--> PASV

227 Entering Passive Mode (192,0,32,9,181,183)
--> RETR ip6.arpa.zone.gz.md5

150 Opening BINARY mode data connection for ip6.arpa.zone.gz.md5 (56 bytes).
Length: 56

     0K                                                       100%  816K=0s

226 Transfer complete.
2017-05-29 00:01:42 (816 KB/s) - ‘./domain/ip6.arpa.zone.gz.md5’ saved [56]

Remote file is newer than local file ‘./domain/ip6.arpa.zone.gz.sha256’ -- retrieving.

--2017-05-29 00:01:42--  ftp://ftp.internic.net/domain/ip6.arpa.zone.gz.sha256
           => ‘./domain/ip6.arpa.zone.gz.sha256’
==> CWD not required.
--> PASV

227 Entering Passive Mode (192,0,32,9,40,7)
--> RETR ip6.arpa.zone.gz.sha256

150 Opening BINARY mode data connection for ip6.arpa.zone.gz.sha256 (91 bytes).
Length: 91

     0K                                                       100%  684K=0s

226 Transfer complete.
2017-05-29 00:01:45 (684 KB/s) - ‘./domain/ip6.arpa.zone.gz.sha256’ saved [91]

Remote file is newer than local file ‘./domain/ip6.arpa.zone.md5’ -- retrieving.

--2017-05-29 00:01:45--  ftp://ftp.internic.net/domain/ip6.arpa.zone.md5
           => ‘./domain/ip6.arpa.zone.md5’
==> CWD not required.
--> PASV

227 Entering Passive Mode (192,0,32,9,198,78)
--> RETR ip6.arpa.zone.md5

150 Opening BINARY mode data connection for ip6.arpa.zone.md5 (53 bytes).
Length: 53

     0K                                                       100%  112K=0s

226 Transfer complete.
2017-05-29 00:01:49 (112 KB/s) - ‘./domain/ip6.arpa.zone.md5’ saved [53]

Remote file is newer than local file ‘./domain/ip6.arpa.zone.sha256’ -- retrieving.

--2017-05-29 00:01:49--  ftp://ftp.internic.net/domain/ip6.arpa.zone.sha256
           => ‘./domain/ip6.arpa.zone.sha256’
==> CWD not required.
--> PASV

227 Entering Passive Mode (192,0,32,9,121,118)
--> RETR ip6.arpa.zone.sha256

150 Opening BINARY mode data connection for ip6.arpa.zone.sha256 (88 bytes).
Length: 88

     0K                                                       100%  934K=0s

226 Transfer complete.
2017-05-29 00:02:01 (934 KB/s) - ‘./domain/ip6.arpa.zone.sha256’ saved [88]

Remote file is newer than local file ‘./domain/last_update.txt’ -- retrieving.

--2017-05-29 00:02:01--  ftp://ftp.internic.net/domain/last_update.txt
           => ‘./domain/last_update.txt’
==> CWD not required.
--> PASV

227 Entering Passive Mode (192,0,32,9,42,200)
--> RETR last_update.txt

150 Opening BINARY mode data connection for last_update.txt (21 bytes).
Length: 21

     0K                                                       100%  104K=0s

226 Transfer complete.
2017-05-29 00:02:04 (104 KB/s) - ‘./domain/last_update.txt’ saved [21]

Remote file no newer than local file ‘./domain/named.cache’ -- not retrieving.
Remote file no newer than local file ‘./domain/named.cache.md5’ -- not retrieving.
Remote file no newer than local file ‘./domain/named.cache.sig’ -- not retrieving.
Remote file no newer than local file ‘./domain/named.root’ -- not retrieving.
Remote file no newer than local file ‘./domain/named.root.md5’ -- not retrieving.
Remote file no newer than local file ‘./domain/named.root.sig’ -- not retrieving.
Remote file no newer than local file ‘./domain/root-servers.net.zone’ -- not retrieving.
Remote file no newer than local file ‘./domain/root-servers.net.zone.gz’ -- not retrieving.
Remote file no newer than local file ‘./domain/root-servers.net.zone.gz.md5’ -- not retrieving.
Remote file no newer than local file ‘./domain/root-servers.net.zone.gz.sig’ -- not retrieving.
The sizes do not match (local 2236421) -- retrieving.

--2017-05-29 00:02:04--  ftp://ftp.internic.net/domain/root.zone
           => ‘./domain/root.zone’
==> CWD not required.
--> PASV

227 Entering Passive Mode (192,0,32,9,164,171)
--> RETR root.zone

150 Opening BINARY mode data connection for root.zone (2235943 bytes).
Length: 2235943 (2.1M)

     0K .......... .......... .......... .......... ..........  2% 53.6K 40s
    50K .......... .......... .......... .......... ..........  4% 82.6K 32s
   100K .......... .......... .......... .......... ..........  6%  122K 26s
   150K .......... .......... .......... .......... ..........  9%  125K 23s
   200K .......... .......... .......... .......... .......... 11%  152K 21s
   250K .......... .......... .......... .......... .......... 13% 39.7K 25s
   300K .......... .......... .......... .......... .......... 16% 49.5M 21s
   350K .......... .......... .......... .......... .......... 18% 74.2K 21s
   400K .......... .......... .......... .......... .......... 20% 16.3M 18s
   450K .......... .......... .......... .......... .......... 22% 35.0M 16s
   500K .......... .......... .......... .......... .......... 25% 98.4K 15s
   550K .......... .......... .......... .......... .......... 27% 32.5K 18s
   600K .......... .......... .......... .......... .......... 29%  153K 16s
   650K .......... .......... .......... .......... .......... 32% 62.2M 15s
   700K .......... .......... .......... .......... .......... 34% 59.4M 13s
   750K .......... .......... .......... .......... .......... 36%  177K 13s
   800K .......... .......... .......... .......... .......... 38%  655K 12s
   850K .......... .......... .......... .......... .......... 41% 26.7K 13s
   900K .......... .......... .......... .......... .......... 43% 73.1M 12s
   950K .......... .......... .......... .......... .......... 45% 80.2M 11s
  1000K .......... .......... .......... .......... .......... 48% 52.8M 10s
  1050K .......... .......... .......... .......... .......... 50% 97.9K 10s
  1100K .......... .......... .......... .......... .......... 52% 33.7K 10s
  1150K .......... .......... .......... .......... .......... 54%  102M 9s
  1200K .......... .......... .......... .......... .......... 57% 88.8K 9s
  1250K .......... .......... .......... .......... .......... 59% 97.0K 8s
  1300K .......... .......... .......... .......... .......... 61% 97.8K 8s
  1350K .......... .......... .......... .......... .......... 64% 69.7K 8s
  1400K .......... .......... .......... .......... .......... 66%  124K 7s
  1450K .......... .......... .......... .......... .......... 68%  121K 7s
  1500K .......... .......... .......... .......... .......... 70%  143K 6s
  1550K .......... .......... .......... .......... .......... 73% 74.3K 6s
  1600K .......... .......... .......... .......... .......... 75% 97.6K 5s
  1650K .......... .......... .......... .......... .......... 77%  139K 5s
  1700K .......... .......... .......... .......... .......... 80% 47.9K 4s
  1750K .......... .......... .......... .......... .......... 82%  164K 4s
  1800K .......... .......... .......... .......... .......... 84% 38.2K 3s
  1850K .......... .......... .......... .......... .......... 87% 21.9M 3s
  1900K .......... .......... .......... .......... .......... 89%  155K 2s
  1950K .......... .......... .......... .......... .......... 91%  128K 2s
  2000K .......... .......... .......... .......... .......... 93% 77.4K 1s
  2050K .......... .......... .......... .......... .......... 96% 67.7K 1s
  2100K .......... .......... .......... .......... .......... 98% 60.8K 0s
  2150K .......... .......... .......... ...                  100% 91.7M=22s

226 Transfer complete.
2017-05-29 00:02:28 (100 KB/s) - ‘./domain/root.zone’ saved [2235943]

The sizes do not match (local 1050221) -- retrieving.

--2017-05-29 00:02:28--  ftp://ftp.internic.net/domain/root.zone.gz
           => ‘./domain/root.zone.gz’
==> CWD not required.
--> PASV

227 Entering Passive Mode (192,0,32,9,206,139)
--> RETR root.zone.gz

150 Opening BINARY mode data connection for root.zone.gz (1049969 bytes).
Length: 1049969 (1.0M)

     0K .......... .......... .......... .......... ..........  4% 48.9K 20s
    50K .......... .......... .......... .......... ..........  9%  102K 14s
   100K .......... .......... .......... .......... .......... 14% 30.4M 9s
   150K .......... .......... .......... .......... .......... 19% 93.8K 8s
   200K .......... .......... .......... .......... .......... 24% 53.5K 9s
   250K .......... .......... .......... .......... .......... 29%  164K 8s
   300K .......... .......... .......... .......... .......... 34% 44.5K 9s
   350K .......... .......... .......... .......... .......... 39%  167K 7s
   400K .......... .......... .......... .......... .......... 43% 40.5K 8s
   450K .......... .......... .......... .......... .......... 48% 60.0M 6s
   500K .......... .......... .......... .......... .......... 53% 30.5K 7s
   550K .......... .......... .......... .......... .......... 58%  153K 6s
   600K .......... .......... .......... .......... .......... 63% 46.1K 5s
   650K .......... .......... .......... .......... .......... 68% 33.3K 5s
   700K .......... .......... .......... .......... .......... 73%  168K 4s
   750K .......... .......... .......... .......... .......... 78% 51.2K 3s
   800K .......... .......... .......... .......... .......... 82% 48.8K 3s
   850K .......... .......... .......... .......... .......... 87% 97.8K 2s
   900K .......... .......... .......... .......... .......... 92% 28.7K 1s
   950K .......... .......... .......... .......... .......... 97% 38.9K 0s
  1000K ..                                                     97% 5.03K=17s

2017-05-29 00:17:46 (59.5 KB/s) - Data connection: Connection timed out; 
226 Transfer complete.
Retrying.

--2017-05-29 00:17:47--  ftp://ftp.internic.net/domain/root.zone.gz
  (try: 2) => ‘./domain/root.zone.gz’
==> CWD not required.
--> PASV


Write failed, closing control connection.
Retrying.

--2017-05-29 00:17:49--  ftp://ftp.internic.net/domain/root.zone.gz
  (try: 3) => ‘./domain/root.zone.gz’
Connecting to ftp.internic.net (ftp.internic.net)|192.0.32.9|:21... connected.
Logging in as anonymous ... 
220 Internic FTP Server
--> USER anonymous

331 Please specify the password.
--> PASS Turtle Power!

230 Login successful.
--> SYST

215 UNIX Type: L8
--> PWD

257 "/"
--> TYPE I

200 Switching to Binary mode.
--> CWD /domain

250 Directory successfully changed.
--> PASV

227 Entering Passive Mode (192,0,32,9,91,133)
--> REST 1026632

350 Restart position accepted (1026632).
--> RETR root.zone.gz

150 Opening BINARY mode data connection for root.zone.gz (1049969 bytes).
Length: 1049969 (1.0M), 23337 (23K) remaining

        [ skipping 1000K ]
  1000K ,,........ .......... .....                           100% 77.3K=0.3s

226 Transfer complete.
2017-05-29 00:18:02 (77.3 KB/s) - ‘./domain/root.zone.gz’ saved [1049969]

Remote file is newer than local file ‘./domain/root.zone.gz.md5’ -- retrieving.

--2017-05-29 00:18:02--  ftp://ftp.internic.net/domain/root.zone.gz.md5
           => ‘./domain/root.zone.gz.md5’
==> CWD not required.
--> PASV

227 Entering Passive Mode (192,0,32,9,136,249)
--> RETR root.zone.gz.md5

150 Opening BINARY mode data connection for root.zone.gz.md5 (33 bytes).
Length: 33

     0K                                                       100%  575K=0s

226 Transfer complete.
2017-05-29 00:18:04 (575 KB/s) - ‘./domain/root.zone.gz.md5’ saved [33]

Remote file is newer than local file ‘./domain/root.zone.gz.sig’ -- retrieving.

--2017-05-29 00:18:04--  ftp://ftp.internic.net/domain/root.zone.gz.sig
           => ‘./domain/root.zone.gz.sig’
==> CWD not required.
--> PASV

227 Entering Passive Mode (192,0,32,9,41,226)
--> RETR root.zone.gz.sig

150 Opening BINARY mode data connection for root.zone.gz.sig (72 bytes).
Length: 72

     0K                                                       100%  572K=0s

226 Transfer complete.
2017-05-29 00:18:05 (572 KB/s) - ‘./domain/root.zone.gz.sig’ saved [72]

Remote file is newer than local file ‘./domain/root.zone.md5’ -- retrieving.

--2017-05-29 00:18:05--  ftp://ftp.internic.net/domain/root.zone.md5
           => ‘./domain/root.zone.md5’
==> CWD not required.
--> PASV

227 Entering Passive Mode (192,0,32,9,42,11)
--> RETR root.zone.md5

150 Opening BINARY mode data connection for root.zone.md5 (33 bytes).
Length: 33

     0K                                                       100% 1.39K=0.02s

226 Transfer complete.
2017-05-29 00:18:08 (1.39 KB/s) - ‘./domain/root.zone.md5’ saved [33]

Remote file is newer than local file ‘./domain/root.zone.sig’ -- retrieving.

--2017-05-29 00:18:08--  ftp://ftp.internic.net/domain/root.zone.sig
           => ‘./domain/root.zone.sig’
==> CWD not required.
--> PASV

227 Entering Passive Mode (192,0,32,9,42,97)
--> RETR root.zone.sig

150 Opening BINARY mode data connection for root.zone.sig (72 bytes).
Length: 72

     0K                                                       100%  562K=0s

226 Transfer complete.
2017-05-29 00:18:09 (562 KB/s) - ‘./domain/root.zone.sig’ saved [72]

FINISHED --2017-05-29 00:18:09--
Total wall clock time: 18m 6s
Downloaded: 40 files, 3.9M in 46s (88.0 KB/s)
