--2017-06-03 00:00:04--  ftp://ftp.internic.net/*
           => ‘./.listing’
Resolving ftp.internic.net (ftp.internic.net)... 192.0.32.9, 2620:0:2d0:200::9
Connecting to ftp.internic.net (ftp.internic.net)|192.0.32.9|:21... connected.
Logging in as anonymous ... 
220 Internic FTP Server
--> USER anonymous

331 Please specify the password.
--> PASS Turtle Power!

230 Login successful.
--> SYST

215 UNIX Type: L8
--> PWD

257 "/"
--> TYPE I

200 Switching to Binary mode.
==> CWD not needed.
--> PASV

227 Entering Passive Mode (192,0,32,9,185,214)
--> LIST -a

150 Here comes the directory listing.

     0K                                                        1.45M=0s

226 Directory send OK.
drwxr-xr-x    3 ftp      ftp          4096 Apr 04  2012 .
drwxr-xr-x    3 ftp      ftp          4096 Apr 04  2012 ..
drwxr-xr-x    2 ftp      ftp          4096 Sep 09  2015 domain
2017-06-03 00:00:09 (1.45 MB/s) - ‘./.listing’ saved [183]

--2017-06-03 00:00:10--  ftp://ftp.internic.net/domain/*
           => ‘./domain/.listing’
--> CWD /domain

250 Directory successfully changed.
--> PASV

227 Entering Passive Mode (192,0,32,9,41,59)
--> LIST -a

150 Here comes the directory listing.

     0K ...                                                    11.6M=0s

226 Directory send OK.
drwxr-xr-x    2 ftp      ftp          4096 Sep 09  2015 .
drwxr-xr-x    3 ftp      ftp          4096 Apr 04  2012 ..
-rw-r--r--    1 ftp      ftp          1829 Aug 18  2015 .listing
-rw-r--r--    1 ftp      ftp          1224 Jun 02 12:16 INTERNIC_ROOT_ZONE.signatures
-rw-r--r--    1 ftp      ftp          1469 Jun 02 12:16 INTERNIC_ROOT_ZONE.signatures.asc
-rw-r--r--    1 ftp      ftp         15228 Jun 02 12:16 arpa.zone
-rw-r--r--    1 ftp      ftp          6646 Jun 02 12:16 arpa.zone.gz
-rw-r--r--    1 ftp      ftp            33 Jun 02 12:16 arpa.zone.gz.md5
-rw-r--r--    1 ftp      ftp            72 Jun 02 12:16 arpa.zone.gz.sig
-rw-r--r--    1 ftp      ftp          3289 Jun 01 15:27 db.cache
-rw-r--r--    1 ftp      ftp            33 Jun 01 15:27 db.cache.md5
-rw-r--r--    1 ftp      ftp            72 Jun 01 15:27 db.cache.sig
-rw-r--r--    1 ftp      ftp        228369 Jun 02 15:40 in-addr.arpa
-rw-r--r--    1 ftp      ftp         90200 Jun 02 15:40 in-addr.arpa.gz
-rw-r--r--    1 ftp      ftp            55 Jun 02 15:40 in-addr.arpa.gz.md5
-rw-r--r--    1 ftp      ftp            90 Jun 02 15:40 in-addr.arpa.gz.sha256
-rw-r--r--    1 ftp      ftp            52 Jun 02 15:40 in-addr.arpa.md5
-rw-r--r--    1 ftp      ftp            87 Jun 02 15:40 in-addr.arpa.sha256
-rw-r--r--    1 ftp      ftp        228369 Jun 02 15:40 in-addr.arpa.zone
-rw-r--r--    1 ftp      ftp         90200 Jun 02 15:40 in-addr.arpa.zone.gz
-rw-r--r--    1 ftp      ftp            60 Jun 02 15:40 in-addr.arpa.zone.gz.md5
-rw-r--r--    1 ftp      ftp            95 Jun 02 15:40 in-addr.arpa.zone.gz.sha256
-rw-r--r--    1 ftp      ftp            57 Jun 02 15:40 in-addr.arpa.zone.md5
-rw-r--r--    1 ftp      ftp            92 Jun 02 15:40 in-addr.arpa.zone.sha256
-rw-r--r--    1 ftp      ftp         61264 Jun 02 15:40 ip6.arpa
-rw-r--r--    1 ftp      ftp         24255 Jun 02 15:40 ip6.arpa.gz
-rw-r--r--    1 ftp      ftp            51 Jun 02 15:40 ip6.arpa.gz.md5
-rw-r--r--    1 ftp      ftp            86 Jun 02 15:40 ip6.arpa.gz.sha256
-rw-r--r--    1 ftp      ftp            48 Jun 02 15:40 ip6.arpa.md5
-rw-r--r--    1 ftp      ftp            83 Jun 02 15:40 ip6.arpa.sha256
-rw-r--r--    1 ftp      ftp         61264 Jun 02 15:40 ip6.arpa.zone
-rw-r--r--    1 ftp      ftp         24255 Jun 02 15:40 ip6.arpa.zone.gz
-rw-r--r--    1 ftp      ftp            56 Jun 02 15:40 ip6.arpa.zone.gz.md5
-rw-r--r--    1 ftp      ftp            91 Jun 02 15:40 ip6.arpa.zone.gz.sha256
-rw-r--r--    1 ftp      ftp            53 Jun 02 15:40 ip6.arpa.zone.md5
-rw-r--r--    1 ftp      ftp            88 Jun 02 15:40 ip6.arpa.zone.sha256
-rw-r--r--    1 ftp      ftp            21 Jun 02 15:40 last_update.txt
-rw-r--r--    1 ftp      ftp          3289 Jun 01 15:27 named.cache
-rw-r--r--    1 ftp      ftp            33 Jun 01 15:27 named.cache.md5
-rw-r--r--    1 ftp      ftp            72 Jun 01 15:27 named.cache.sig
-rw-r--r--    1 ftp      ftp          3289 Jun 01 15:27 named.root
-rw-r--r--    1 ftp      ftp            33 Jun 01 15:27 named.root.md5
-rw-r--r--    1 ftp      ftp            72 Jun 01 15:27 named.root.sig
-rw-r--r--    1 ftp      ftp          2111 Jun 01 15:27 root-servers.net.zone
-rw-r--r--    1 ftp      ftp           575 Jun 01 15:27 root-servers.net.zone.gz
-rw-r--r--    1 ftp      ftp            33 Jun 01 15:27 root-servers.net.zone.gz.md5
-rw-r--r--    1 ftp      ftp            72 Jun 01 15:27 root-servers.net.zone.gz.sig
-rw-r--r--    1 ftp      ftp       2237478 Jun 02 05:12 root.zone
-rw-r--r--    1 ftp      ftp       1050644 Jun 02 05:13 root.zone.gz
-rw-r--r--    1 ftp      ftp            33 Jun 02 05:12 root.zone.gz.md5
-rw-r--r--    1 ftp      ftp            72 Jun 02 05:13 root.zone.gz.sig
-rw-r--r--    1 ftp      ftp            33 Jun 02 05:13 root.zone.md5
-rw-r--r--    1 ftp      ftp            72 Jun 02 05:13 root.zone.sig
2017-06-03 00:00:13 (11.6 MB/s) - ‘./domain/.listing’ saved [3930]

The sizes do not match (local 3930) -- retrieving.

--2017-06-03 00:00:13--  ftp://ftp.internic.net/domain/.listing
           => ‘./domain/.listing’
==> CWD not required.
--> PASV

227 Entering Passive Mode (192,0,32,9,162,208)
--> RETR .listing

150 Opening BINARY mode data connection for .listing (1829 bytes).
Length: 1829 (1.8K)

     0K .                                                     100% 38.8M=0s

226 Transfer complete.
2017-06-03 00:00:14 (38.8 MB/s) - ‘./domain/.listing’ saved [1829]

Remote file is newer than local file ‘./domain/INTERNIC_ROOT_ZONE.signatures’ -- retrieving.

--2017-06-03 00:00:14--  ftp://ftp.internic.net/domain/INTERNIC_ROOT_ZONE.signatures
           => ‘./domain/INTERNIC_ROOT_ZONE.signatures’
==> CWD not required.
--> PASV

227 Entering Passive Mode (192,0,32,9,42,104)
--> RETR INTERNIC_ROOT_ZONE.signatures

150 Opening BINARY mode data connection for INTERNIC_ROOT_ZONE.signatures (1224 bytes).
Length: 1224 (1.2K)

     0K .                                                     100% 4.36M=0s

226 Transfer complete.
2017-06-03 00:00:16 (4.36 MB/s) - ‘./domain/INTERNIC_ROOT_ZONE.signatures’ saved [1224]

Remote file is newer than local file ‘./domain/INTERNIC_ROOT_ZONE.signatures.asc’ -- retrieving.

--2017-06-03 00:00:16--  ftp://ftp.internic.net/domain/INTERNIC_ROOT_ZONE.signatures.asc
           => ‘./domain/INTERNIC_ROOT_ZONE.signatures.asc’
==> CWD not required.
--> PASV

227 Entering Passive Mode (192,0,32,9,211,251)
--> RETR INTERNIC_ROOT_ZONE.signatures.asc

150 Opening BINARY mode data connection for INTERNIC_ROOT_ZONE.signatures.asc (1469 bytes).
Length: 1469 (1.4K)

     0K .                                                     100% 5.31M=0s

226 Transfer complete.
2017-06-03 00:00:18 (5.31 MB/s) - ‘./domain/INTERNIC_ROOT_ZONE.signatures.asc’ saved [1469]

Remote file is newer than local file ‘./domain/arpa.zone’ -- retrieving.

--2017-06-03 00:00:18--  ftp://ftp.internic.net/domain/arpa.zone
           => ‘./domain/arpa.zone’
==> CWD not required.
--> PASV

227 Entering Passive Mode (192,0,32,9,120,154)
--> RETR arpa.zone

150 Opening BINARY mode data connection for arpa.zone (15228 bytes).
Length: 15228 (15K)

     0K .......... ....                                       100% 3.18M=0.005s

226 Transfer complete.
2017-06-03 00:00:20 (3.18 MB/s) - ‘./domain/arpa.zone’ saved [15228]

The sizes do not match (local 6650) -- retrieving.

--2017-06-03 00:00:20--  ftp://ftp.internic.net/domain/arpa.zone.gz
           => ‘./domain/arpa.zone.gz’
==> CWD not required.
--> PASV

227 Entering Passive Mode (192,0,32,9,20,150)
--> RETR arpa.zone.gz

150 Opening BINARY mode data connection for arpa.zone.gz (6646 bytes).
Length: 6646 (6.5K)

     0K ......                                                100%  135M=0s

226 Transfer complete.
2017-06-03 00:00:24 (135 MB/s) - ‘./domain/arpa.zone.gz’ saved [6646]

Remote file is newer than local file ‘./domain/arpa.zone.gz.md5’ -- retrieving.

--2017-06-03 00:00:24--  ftp://ftp.internic.net/domain/arpa.zone.gz.md5
           => ‘./domain/arpa.zone.gz.md5’
==> CWD not required.
--> PASV

227 Entering Passive Mode (192,0,32,9,168,109)
--> RETR arpa.zone.gz.md5

150 Opening BINARY mode data connection for arpa.zone.gz.md5 (33 bytes).
Length: 33

     0K                                                       100%  237K=0s

226 Transfer complete.
2017-06-03 00:00:29 (237 KB/s) - ‘./domain/arpa.zone.gz.md5’ saved [33]

Remote file is newer than local file ‘./domain/arpa.zone.gz.sig’ -- retrieving.

--2017-06-03 00:00:30--  ftp://ftp.internic.net/domain/arpa.zone.gz.sig
           => ‘./domain/arpa.zone.gz.sig’
==> CWD not required.
--> PASV

227 Entering Passive Mode (192,0,32,9,73,75)
--> RETR arpa.zone.gz.sig

150 Opening BINARY mode data connection for arpa.zone.gz.sig (72 bytes).
Length: 72

     0K                                                       100%  601K=0s

226 Transfer complete.
2017-06-03 00:00:32 (601 KB/s) - ‘./domain/arpa.zone.gz.sig’ saved [72]

Remote file no newer than local file ‘./domain/db.cache’ -- not retrieving.
Remote file no newer than local file ‘./domain/db.cache.md5’ -- not retrieving.
Remote file no newer than local file ‘./domain/db.cache.sig’ -- not retrieving.
Remote file is newer than local file ‘./domain/in-addr.arpa’ -- retrieving.

--2017-06-03 00:00:32--  ftp://ftp.internic.net/domain/in-addr.arpa
           => ‘./domain/in-addr.arpa’
==> CWD not required.
--> PASV

227 Entering Passive Mode (192,0,32,9,120,16)
--> RETR in-addr.arpa

150 Opening BINARY mode data connection for in-addr.arpa (228369 bytes).
Length: 228369 (223K)

     0K .......... .......... .......... .......... .......... 22% 40.5K 4s
    50K .......... .......... .......... .......... .......... 44% 40.8K 3s
   100K .......... .......... .......... .......... .......... 67% 60.5K 2s
   150K .......... .......... .......... .......... .......... 89% 60.9K 0s
   200K .......... .......... ...                             100% 6.94M=4.1s

226 Transfer complete.
2017-06-03 00:00:38 (54.3 KB/s) - ‘./domain/in-addr.arpa’ saved [228369]

Remote file is newer than local file ‘./domain/in-addr.arpa.gz’ -- retrieving.

--2017-06-03 00:00:38--  ftp://ftp.internic.net/domain/in-addr.arpa.gz
           => ‘./domain/in-addr.arpa.gz’
==> CWD not required.
--> PASV

227 Entering Passive Mode (192,0,32,9,79,74)
--> RETR in-addr.arpa.gz

150 Opening BINARY mode data connection for in-addr.arpa.gz (90200 bytes).
Length: 90200 (88K)

     0K .......... .......... .......... .......... .......... 56% 40.5K 1s
    50K .......... .......... .......... ........             100% 93.3K=1.6s

226 Transfer complete.
2017-06-03 00:00:41 (53.6 KB/s) - ‘./domain/in-addr.arpa.gz’ saved [90200]

Remote file is newer than local file ‘./domain/in-addr.arpa.gz.md5’ -- retrieving.

--2017-06-03 00:00:41--  ftp://ftp.internic.net/domain/in-addr.arpa.gz.md5
           => ‘./domain/in-addr.arpa.gz.md5’
==> CWD not required.
--> PASV

227 Entering Passive Mode (192,0,32,9,90,2)
--> RETR in-addr.arpa.gz.md5

150 Opening BINARY mode data connection for in-addr.arpa.gz.md5 (55 bytes).
Length: 55

     0K                                                       100%  152K=0s

226 Transfer complete.
2017-06-03 00:00:44 (152 KB/s) - ‘./domain/in-addr.arpa.gz.md5’ saved [55]

Remote file is newer than local file ‘./domain/in-addr.arpa.gz.sha256’ -- retrieving.

--2017-06-03 00:00:44--  ftp://ftp.internic.net/domain/in-addr.arpa.gz.sha256
           => ‘./domain/in-addr.arpa.gz.sha256’
==> CWD not required.
--> PASV

227 Entering Passive Mode (192,0,32,9,249,33)
--> RETR in-addr.arpa.gz.sha256

150 Opening BINARY mode data connection for in-addr.arpa.gz.sha256 (90 bytes).
Length: 90

     0K                                                       100% 1.24M=0s

226 Transfer complete.
2017-06-03 00:00:46 (1.24 MB/s) - ‘./domain/in-addr.arpa.gz.sha256’ saved [90]

Remote file is newer than local file ‘./domain/in-addr.arpa.md5’ -- retrieving.

--2017-06-03 00:00:46--  ftp://ftp.internic.net/domain/in-addr.arpa.md5
           => ‘./domain/in-addr.arpa.md5’
==> CWD not required.
--> PASV

227 Entering Passive Mode (192,0,32,9,136,135)
--> RETR in-addr.arpa.md5

150 Opening BINARY mode data connection for in-addr.arpa.md5 (52 bytes).
Length: 52

     0K                                                       100% 1.10M=0s

226 Transfer complete.
2017-06-03 00:00:47 (1.10 MB/s) - ‘./domain/in-addr.arpa.md5’ saved [52]

Remote file is newer than local file ‘./domain/in-addr.arpa.sha256’ -- retrieving.

--2017-06-03 00:00:47--  ftp://ftp.internic.net/domain/in-addr.arpa.sha256
           => ‘./domain/in-addr.arpa.sha256’
==> CWD not required.
--> PASV

227 Entering Passive Mode (192,0,32,9,215,194)
--> RETR in-addr.arpa.sha256

150 Opening BINARY mode data connection for in-addr.arpa.sha256 (87 bytes).
Length: 87

     0K                                                       100% 5.38K=0.02s

226 Transfer complete.
2017-06-03 00:00:49 (5.38 KB/s) - ‘./domain/in-addr.arpa.sha256’ saved [87]

Remote file is newer than local file ‘./domain/in-addr.arpa.zone’ -- retrieving.

--2017-06-03 00:00:49--  ftp://ftp.internic.net/domain/in-addr.arpa.zone
           => ‘./domain/in-addr.arpa.zone’
==> CWD not required.
--> PASV

227 Entering Passive Mode (192,0,32,9,42,40)
--> RETR in-addr.arpa.zone

150 Opening BINARY mode data connection for in-addr.arpa.zone (228369 bytes).
Length: 228369 (223K)

     0K .......... .......... .......... .......... .......... 22% 30.5K 6s
    50K .......... .......... .......... .......... .......... 44% 40.7K 4s
   100K .......... .......... .......... .......... .......... 67% 60.9K 2s
   150K .......... .......... .......... .......... .......... 89% 40.8K 1s
   200K .......... .......... ...                             100% 4.86M=4.9s

226 Transfer complete.
2017-06-03 00:00:56 (45.4 KB/s) - ‘./domain/in-addr.arpa.zone’ saved [228369]

Remote file is newer than local file ‘./domain/in-addr.arpa.zone.gz’ -- retrieving.

--2017-06-03 00:00:56--  ftp://ftp.internic.net/domain/in-addr.arpa.zone.gz
           => ‘./domain/in-addr.arpa.zone.gz’
==> CWD not required.
--> PASV

227 Entering Passive Mode (192,0,32,9,83,177)
--> RETR in-addr.arpa.zone.gz

150 Opening BINARY mode data connection for in-addr.arpa.zone.gz (90200 bytes).
Length: 90200 (88K)

     0K .......... .......... .......... .......... .......... 56% 26.0M 0s
    50K .......... .......... .......... ........             100% 43.7M=0.003s

226 Transfer complete.
2017-06-03 00:01:11 (31.5 MB/s) - ‘./domain/in-addr.arpa.zone.gz’ saved [90200]

Remote file is newer than local file ‘./domain/in-addr.arpa.zone.gz.md5’ -- retrieving.

--2017-06-03 00:01:11--  ftp://ftp.internic.net/domain/in-addr.arpa.zone.gz.md5
           => ‘./domain/in-addr.arpa.zone.gz.md5’
==> CWD not required.
--> PASV

227 Entering Passive Mode (192,0,32,9,42,178)
--> RETR in-addr.arpa.zone.gz.md5

150 Opening BINARY mode data connection for in-addr.arpa.zone.gz.md5 (60 bytes).
Length: 60

     0K                                                       100% 1.24M=0s

226 Transfer complete.
2017-06-03 00:01:12 (1.24 MB/s) - ‘./domain/in-addr.arpa.zone.gz.md5’ saved [60]

Remote file is newer than local file ‘./domain/in-addr.arpa.zone.gz.sha256’ -- retrieving.

--2017-06-03 00:01:12--  ftp://ftp.internic.net/domain/in-addr.arpa.zone.gz.sha256
           => ‘./domain/in-addr.arpa.zone.gz.sha256’
==> CWD not required.
--> PASV

227 Entering Passive Mode (192,0,32,9,203,132)
--> RETR in-addr.arpa.zone.gz.sha256

150 Opening BINARY mode data connection for in-addr.arpa.zone.gz.sha256 (95 bytes).
Length: 95

     0K                                                       100% 6.01K=0.02s

226 Transfer complete.
2017-06-03 00:01:15 (6.01 KB/s) - ‘./domain/in-addr.arpa.zone.gz.sha256’ saved [95]

Remote file is newer than local file ‘./domain/in-addr.arpa.zone.md5’ -- retrieving.

--2017-06-03 00:01:15--  ftp://ftp.internic.net/domain/in-addr.arpa.zone.md5
           => ‘./domain/in-addr.arpa.zone.md5’
==> CWD not required.
--> PASV

227 Entering Passive Mode (192,0,32,9,41,108)
--> RETR in-addr.arpa.zone.md5

150 Opening BINARY mode data connection for in-addr.arpa.zone.md5 (57 bytes).
Length: 57

     0K                                                       100%  314K=0s

226 Transfer complete.
2017-06-03 00:01:17 (314 KB/s) - ‘./domain/in-addr.arpa.zone.md5’ saved [57]

Remote file is newer than local file ‘./domain/in-addr.arpa.zone.sha256’ -- retrieving.

--2017-06-03 00:01:17--  ftp://ftp.internic.net/domain/in-addr.arpa.zone.sha256
           => ‘./domain/in-addr.arpa.zone.sha256’
==> CWD not required.
--> PASV

227 Entering Passive Mode (192,0,32,9,140,67)
--> RETR in-addr.arpa.zone.sha256

150 Opening BINARY mode data connection for in-addr.arpa.zone.sha256 (92 bytes).
Length: 92

     0K                                                       100% 1.69M=0s

226 Transfer complete.
2017-06-03 00:01:19 (1.69 MB/s) - ‘./domain/in-addr.arpa.zone.sha256’ saved [92]

Remote file is newer than local file ‘./domain/ip6.arpa’ -- retrieving.

--2017-06-03 00:01:19--  ftp://ftp.internic.net/domain/ip6.arpa
           => ‘./domain/ip6.arpa’
==> CWD not required.
--> PASV

227 Entering Passive Mode (192,0,32,9,41,70)
--> RETR ip6.arpa

150 Opening BINARY mode data connection for ip6.arpa (61264 bytes).
Length: 61264 (60K)

     0K .......... .......... .......... .......... .......... 83% 40.5K 0s
    50K .........                                             100% 5.84M=1.2s

226 Transfer complete.
2017-06-03 00:01:22 (48.4 KB/s) - ‘./domain/ip6.arpa’ saved [61264]

Remote file is newer than local file ‘./domain/ip6.arpa.gz’ -- retrieving.

--2017-06-03 00:01:22--  ftp://ftp.internic.net/domain/ip6.arpa.gz
           => ‘./domain/ip6.arpa.gz’
==> CWD not required.
--> PASV

227 Entering Passive Mode (192,0,32,9,191,218)
--> RETR ip6.arpa.gz

150 Opening BINARY mode data connection for ip6.arpa.gz (24255 bytes).
Length: 24255 (24K)

     0K .......... .......... ...                             100% 58.2K=0.4s

226 Transfer complete.
2017-06-03 00:01:25 (58.2 KB/s) - ‘./domain/ip6.arpa.gz’ saved [24255]

Remote file is newer than local file ‘./domain/ip6.arpa.gz.md5’ -- retrieving.

--2017-06-03 00:01:25--  ftp://ftp.internic.net/domain/ip6.arpa.gz.md5
           => ‘./domain/ip6.arpa.gz.md5’
==> CWD not required.
--> PASV

227 Entering Passive Mode (192,0,32,9,49,132)
--> RETR ip6.arpa.gz.md5

150 Opening BINARY mode data connection for ip6.arpa.gz.md5 (51 bytes).
Length: 51

     0K                                                       100%  453K=0s

226 Transfer complete.
2017-06-03 00:01:27 (453 KB/s) - ‘./domain/ip6.arpa.gz.md5’ saved [51]

Remote file is newer than local file ‘./domain/ip6.arpa.gz.sha256’ -- retrieving.

--2017-06-03 00:01:27--  ftp://ftp.internic.net/domain/ip6.arpa.gz.sha256
           => ‘./domain/ip6.arpa.gz.sha256’
==> CWD not required.
--> PASV

227 Entering Passive Mode (192,0,32,9,42,239)
--> RETR ip6.arpa.gz.sha256

150 Opening BINARY mode data connection for ip6.arpa.gz.sha256 (86 bytes).
Length: 86

     0K                                                       100% 6.61K=0.01s

226 Transfer complete.
2017-06-03 00:01:30 (6.61 KB/s) - ‘./domain/ip6.arpa.gz.sha256’ saved [86]

Remote file is newer than local file ‘./domain/ip6.arpa.md5’ -- retrieving.

--2017-06-03 00:01:30--  ftp://ftp.internic.net/domain/ip6.arpa.md5
           => ‘./domain/ip6.arpa.md5’
==> CWD not required.
--> PASV

227 Entering Passive Mode (192,0,32,9,28,148)
--> RETR ip6.arpa.md5

150 Opening BINARY mode data connection for ip6.arpa.md5 (48 bytes).
Length: 48

     0K                                                       100% 1.12M=0s

226 Transfer complete.
2017-06-03 00:01:32 (1.12 MB/s) - ‘./domain/ip6.arpa.md5’ saved [48]

Remote file is newer than local file ‘./domain/ip6.arpa.sha256’ -- retrieving.

--2017-06-03 00:01:32--  ftp://ftp.internic.net/domain/ip6.arpa.sha256
           => ‘./domain/ip6.arpa.sha256’
==> CWD not required.
--> PASV

227 Entering Passive Mode (192,0,32,9,160,248)
--> RETR ip6.arpa.sha256

150 Opening BINARY mode data connection for ip6.arpa.sha256 (83 bytes).
Length: 83

     0K                                                       100% 1.04M=0s

226 Transfer complete.
2017-06-03 00:01:37 (1.04 MB/s) - ‘./domain/ip6.arpa.sha256’ saved [83]

Remote file is newer than local file ‘./domain/ip6.arpa.zone’ -- retrieving.

--2017-06-03 00:01:37--  ftp://ftp.internic.net/domain/ip6.arpa.zone
           => ‘./domain/ip6.arpa.zone’
==> CWD not required.
--> PASV

227 Entering Passive Mode (192,0,32,9,198,110)
--> RETR ip6.arpa.zone

150 Opening BINARY mode data connection for ip6.arpa.zone (61264 bytes).
Length: 61264 (60K)

     0K .......... .......... .......... .......... .......... 83% 40.8K 0s
    50K .........                                             100% 4.05M=1.2s

226 Transfer complete.
2017-06-03 00:01:44 (48.7 KB/s) - ‘./domain/ip6.arpa.zone’ saved [61264]

Remote file is newer than local file ‘./domain/ip6.arpa.zone.gz’ -- retrieving.

--2017-06-03 00:01:44--  ftp://ftp.internic.net/domain/ip6.arpa.zone.gz
           => ‘./domain/ip6.arpa.zone.gz’
==> CWD not required.
--> PASV

227 Entering Passive Mode (192,0,32,9,42,216)
--> RETR ip6.arpa.zone.gz

150 Opening BINARY mode data connection for ip6.arpa.zone.gz (24255 bytes).
Length: 24255 (24K)

     0K .......... .......... ...                             100% 58.0K=0.4s

226 Transfer complete.
2017-06-03 00:01:47 (58.0 KB/s) - ‘./domain/ip6.arpa.zone.gz’ saved [24255]

Remote file is newer than local file ‘./domain/ip6.arpa.zone.gz.md5’ -- retrieving.

--2017-06-03 00:01:47--  ftp://ftp.internic.net/domain/ip6.arpa.zone.gz.md5
           => ‘./domain/ip6.arpa.zone.gz.md5’
==> CWD not required.
--> PASV

227 Entering Passive Mode (192,0,32,9,42,8)
--> RETR ip6.arpa.zone.gz.md5

150 Opening BINARY mode data connection for ip6.arpa.zone.gz.md5 (56 bytes).
Length: 56

     0K                                                       100%  506K=0s

226 Transfer complete.
2017-06-03 00:01:49 (506 KB/s) - ‘./domain/ip6.arpa.zone.gz.md5’ saved [56]

Remote file is newer than local file ‘./domain/ip6.arpa.zone.gz.sha256’ -- retrieving.

--2017-06-03 00:01:49--  ftp://ftp.internic.net/domain/ip6.arpa.zone.gz.sha256
           => ‘./domain/ip6.arpa.zone.gz.sha256’
==> CWD not required.
--> PASV

227 Entering Passive Mode (192,0,32,9,96,191)
--> RETR ip6.arpa.zone.gz.sha256

150 Opening BINARY mode data connection for ip6.arpa.zone.gz.sha256 (91 bytes).
Length: 91

     0K                                                       100% 1.07M=0s

226 Transfer complete.
2017-06-03 00:01:52 (1.07 MB/s) - ‘./domain/ip6.arpa.zone.gz.sha256’ saved [91]

Remote file is newer than local file ‘./domain/ip6.arpa.zone.md5’ -- retrieving.

--2017-06-03 00:01:52--  ftp://ftp.internic.net/domain/ip6.arpa.zone.md5
           => ‘./domain/ip6.arpa.zone.md5’
==> CWD not required.
--> PASV

227 Entering Passive Mode (192,0,32,9,18,48)
--> RETR ip6.arpa.zone.md5

150 Opening BINARY mode data connection for ip6.arpa.zone.md5 (53 bytes).
Length: 53

     0K                                                       100% 1.08M=0s

226 Transfer complete.
2017-06-03 00:01:53 (1.08 MB/s) - ‘./domain/ip6.arpa.zone.md5’ saved [53]

Remote file is newer than local file ‘./domain/ip6.arpa.zone.sha256’ -- retrieving.

--2017-06-03 00:01:53--  ftp://ftp.internic.net/domain/ip6.arpa.zone.sha256
           => ‘./domain/ip6.arpa.zone.sha256’
==> CWD not required.
--> PASV

227 Entering Passive Mode (192,0,32,9,254,28)
--> RETR ip6.arpa.zone.sha256

150 Opening BINARY mode data connection for ip6.arpa.zone.sha256 (88 bytes).
Length: 88

     0K                                                       100% 1.86M=0s

226 Transfer complete.
2017-06-03 00:01:55 (1.86 MB/s) - ‘./domain/ip6.arpa.zone.sha256’ saved [88]

Remote file is newer than local file ‘./domain/last_update.txt’ -- retrieving.

--2017-06-03 00:01:55--  ftp://ftp.internic.net/domain/last_update.txt
           => ‘./domain/last_update.txt’
==> CWD not required.
--> PASV

227 Entering Passive Mode (192,0,32,9,185,124)
--> RETR last_update.txt

150 Opening BINARY mode data connection for last_update.txt (21 bytes).
Length: 21

     0K                                                       100%  152K=0s

226 Transfer complete.
2017-06-03 00:01:57 (152 KB/s) - ‘./domain/last_update.txt’ saved [21]

Remote file no newer than local file ‘./domain/named.cache’ -- not retrieving.
Remote file no newer than local file ‘./domain/named.cache.md5’ -- not retrieving.
Remote file no newer than local file ‘./domain/named.cache.sig’ -- not retrieving.
Remote file no newer than local file ‘./domain/named.root’ -- not retrieving.
Remote file no newer than local file ‘./domain/named.root.md5’ -- not retrieving.
Remote file no newer than local file ‘./domain/named.root.sig’ -- not retrieving.
Remote file no newer than local file ‘./domain/root-servers.net.zone’ -- not retrieving.
Remote file no newer than local file ‘./domain/root-servers.net.zone.gz’ -- not retrieving.
Remote file no newer than local file ‘./domain/root-servers.net.zone.gz.md5’ -- not retrieving.
Remote file no newer than local file ‘./domain/root-servers.net.zone.gz.sig’ -- not retrieving.
Remote file is newer than local file ‘./domain/root.zone’ -- retrieving.

--2017-06-03 00:01:57--  ftp://ftp.internic.net/domain/root.zone
           => ‘./domain/root.zone’
==> CWD not required.
--> PASV

227 Entering Passive Mode (192,0,32,9,238,156)
--> RETR root.zone

150 Opening BINARY mode data connection for root.zone (2237478 bytes).
Length: 2237478 (2.1M)

     0K .......... .......... .......... .......... ..........  2% 40.8K 52s
    50K .......... .......... .......... .......... ..........  4% 60.6K 43s
   100K .......... .......... .......... .......... ..........  6% 61.2K 39s
   150K .......... .......... .......... .......... ..........  9% 61.3K 37s
   200K .......... .......... .......... .......... .......... 11%  122K 32s
   250K .......... .......... .......... .......... .......... 13%  121K 28s
   300K .......... .......... .......... .......... .......... 16% 40.7K 30s
   350K .......... .......... .......... .......... .......... 18% 29.0M 26s
   400K .......... .......... .......... .......... .......... 20% 36.0M 22s
   450K .......... .......... .......... .......... .......... 22% 41.4M 19s
   500K .......... .......... .......... .......... .......... 25% 41.1K 21s
   550K .......... .......... .......... .......... .......... 27% 11.9M 18s
   600K .......... .......... .......... .......... .......... 29%  119K 17s
   650K .......... .......... .......... .......... .......... 32%  125K 17s
   700K .......... .......... .......... .......... .......... 34%  121K 16s
   750K .......... .......... .......... .......... .......... 36% 40.8K 16s
   800K .......... .......... .......... .......... .......... 38%  123K 15s
   850K .......... .......... .......... .......... .......... 41% 40.8K 16s
   900K .......... .......... .......... .......... .......... 43% 61.2K 15s
   950K .......... .......... .......... .......... .......... 45% 60.7K 15s
  1000K .......... .......... .......... .......... .......... 48% 40.8K 15s
  1050K .......... .......... .......... .......... .......... 50% 34.7K 15s
  1100K .......... .......... .......... .......... .......... 52% 30.6K 15s
  1150K .......... .......... .......... .......... .......... 54% 40.7K 15s
  1200K .......... .......... .......... .......... .......... 57% 24.4K 15s
  1250K .......... .......... .......... .......... .......... 59% 24.4K 15s
  1300K .......... .......... .......... .......... .......... 61% 24.4K 15s
  1350K .......... .......... .......... .......... .......... 64% 30.5K 15s
  1400K .......... .......... .......... .......... .......... 66% 40.7K 14s
  1450K .......... .......... .......... .......... .......... 68% 3.42K 19s
  1500K .......... .......... .......... .......... .......... 70%  148K 17s
  1550K .......... .......... .......... .......... .......... 73% 27.5K 16s
  1600K .......... .......... .......... .......... .......... 75% 37.2K 15s
  1650K .......... .......... .......... .......... .......... 77% 28.8K 13s
  1700K .......... .......... .......... .......... .......... 80% 16.3K 12s
  1750K .......... .......... .......... .......... .......... 82% 40.7K 11s
  1800K .......... .......... .......... .......... .......... 84% 61.2K 9s
  1850K .......... .......... .......... .......... .......... 86% 61.0K 8s
  1900K .......... .......... .......... .......... .......... 89% 60.9K 6s
  1950K .......... .......... .......... .......... .......... 91% 61.0K 5s
  2000K .......... .......... .......... .......... .......... 93% 61.0K 4s
  2050K .......... .......... .......... .......... .......... 96% 40.8K 2s
  2100K .......... .......... .......... .......... .......... 98%  126K 1s
  2150K .......... .......... .......... .....                100% 28.3K=58s

226 Transfer complete.
2017-06-03 00:02:59 (37.4 KB/s) - ‘./domain/root.zone’ saved [2237478]

The sizes do not match (local 1050693) -- retrieving.

--2017-06-03 00:02:59--  ftp://ftp.internic.net/domain/root.zone.gz
           => ‘./domain/root.zone.gz’
==> CWD not required.
--> PASV

227 Entering Passive Mode (192,0,32,9,72,48)
--> RETR root.zone.gz

150 Opening BINARY mode data connection for root.zone.gz (1050644 bytes).
Length: 1050644 (1.0M)

     0K .......... .......... .......... .......... ..........  4% 41.9K 23s
    50K .......... .......... .......... .......... ..........  9% 39.6K 23s
   100K .......... .......... .......... .......... .......... 14% 60.7K 19s
   150K .......... .......... .......... .......... .......... 19% 61.4K 17s
   200K .......... .......... .......... .......... .......... 24%  122K 14s
   250K .......... .......... .......... .......... .......... 29% 4.70M 11s
   300K .......... .......... .......... .......... .......... 34%  122K 10s
   350K .......... .......... .......... .......... .......... 38%  123K 8s
   400K .......... .......... .......... .......... .......... 43% 59.8K 8s
   450K .......... .......... .......... .......... .......... 48% 85.2M 6s
   500K .......... .......... .......... .......... .......... 53%  100M 5s
   550K .......... .......... .......... .......... .......... 58%  104M 4s
   600K .......... .......... .......... .......... .......... 63%  127K 4s
   650K .......... .......... .......... .......... .......... 68%  124K 3s
   700K .......... .......... .......... .......... .......... 73% 3.12M 3s
   750K .......... .......... .......... .......... .......... 77%  127K 2s
   800K .......... .......... .......... .......... .......... 82% 1.85M 2s
   850K .......... .......... .......... .......... .......... 87%  129K 1s
   900K .......... .......... .......... .......... .......... 92% 2.70M 1s
   950K .......... .......... .......... .......... .......... 97%  127K 0s
  1000K .......... .......... ......                          100% 5.78M=8.2s

226 Transfer complete.
2017-06-03 00:03:09 (125 KB/s) - ‘./domain/root.zone.gz’ saved [1050644]

Remote file is newer than local file ‘./domain/root.zone.gz.md5’ -- retrieving.

--2017-06-03 00:03:09--  ftp://ftp.internic.net/domain/root.zone.gz.md5
           => ‘./domain/root.zone.gz.md5’
==> CWD not required.
--> PASV

227 Entering Passive Mode (192,0,32,9,41,118)
--> RETR root.zone.gz.md5

150 Opening BINARY mode data connection for root.zone.gz.md5 (33 bytes).
Length: 33

     0K                                                       100%  218K=0s

226 Transfer complete.
2017-06-03 00:03:10 (218 KB/s) - ‘./domain/root.zone.gz.md5’ saved [33]

Remote file is newer than local file ‘./domain/root.zone.gz.sig’ -- retrieving.

--2017-06-03 00:03:10--  ftp://ftp.internic.net/domain/root.zone.gz.sig
           => ‘./domain/root.zone.gz.sig’
==> CWD not required.
--> PASV

227 Entering Passive Mode (192,0,32,9,234,162)
--> RETR root.zone.gz.sig

150 Opening BINARY mode data connection for root.zone.gz.sig (72 bytes).
Length: 72

     0K                                                       100%  913K=0s

226 Transfer complete.
2017-06-03 00:03:12 (913 KB/s) - ‘./domain/root.zone.gz.sig’ saved [72]

Remote file is newer than local file ‘./domain/root.zone.md5’ -- retrieving.

--2017-06-03 00:03:12--  ftp://ftp.internic.net/domain/root.zone.md5
           => ‘./domain/root.zone.md5’
==> CWD not required.
--> PASV

227 Entering Passive Mode (192,0,32,9,240,88)
--> RETR root.zone.md5

150 Opening BINARY mode data connection for root.zone.md5 (33 bytes).
Length: 33

     0K                                                       100%  145K=0s

226 Transfer complete.
2017-06-03 00:03:14 (145 KB/s) - ‘./domain/root.zone.md5’ saved [33]

Remote file is newer than local file ‘./domain/root.zone.sig’ -- retrieving.

--2017-06-03 00:03:14--  ftp://ftp.internic.net/domain/root.zone.sig
           => ‘./domain/root.zone.sig’
==> CWD not required.
--> PASV

227 Entering Passive Mode (192,0,32,9,234,184)
--> RETR root.zone.sig

150 Opening BINARY mode data connection for root.zone.sig (72 bytes).
Length: 72

     0K                                                       100%  990K=0s

226 Transfer complete.
2017-06-03 00:03:15 (990 KB/s) - ‘./domain/root.zone.sig’ saved [72]

FINISHED --2017-06-03 00:03:15--
Total wall clock time: 3m 11s
Downloaded: 40 files, 3.9M in 1m 21s (50.0 KB/s)
