--2017-06-11 00:00:02--  ftp://ftp.internic.net/*
           => ‘./.listing’
Resolving ftp.internic.net (ftp.internic.net)... 192.0.32.9, 2620:0:2d0:200::9
Connecting to ftp.internic.net (ftp.internic.net)|192.0.32.9|:21... connected.
Logging in as anonymous ... 
220 Internic FTP Server
--> USER anonymous

331 Please specify the password.
--> PASS Turtle Power!

230 Login successful.
--> SYST

215 UNIX Type: L8
--> PWD

257 "/"
--> TYPE I

200 Switching to Binary mode.
==> CWD not needed.
--> PASV

227 Entering Passive Mode (192,0,32,9,233,153)
--> LIST -a

150 Here comes the directory listing.

     0K                                                         682K=0s

226 Directory send OK.
drwxr-xr-x    3 ftp      ftp          4096 Apr 04  2012 .
drwxr-xr-x    3 ftp      ftp          4096 Apr 04  2012 ..
drwxr-xr-x    2 ftp      ftp          4096 Sep 09  2015 domain
2017-06-11 00:00:06 (682 KB/s) - ‘./.listing’ saved [183]

--2017-06-11 00:00:06--  ftp://ftp.internic.net/domain/*
           => ‘./domain/.listing’
--> CWD /domain

250 Directory successfully changed.
--> PASV

227 Entering Passive Mode (192,0,32,9,107,54)
--> LIST -a

150 Here comes the directory listing.

     0K ...                                                    33.5M=0s

226 Directory send OK.
drwxr-xr-x    2 ftp      ftp          4096 Sep 09  2015 .
drwxr-xr-x    3 ftp      ftp          4096 Apr 04  2012 ..
-rw-r--r--    1 ftp      ftp          1829 Aug 18  2015 .listing
-rw-r--r--    1 ftp      ftp          1224 Jun 10 12:27 INTERNIC_ROOT_ZONE.signatures
-rw-r--r--    1 ftp      ftp          1469 Jun 10 12:27 INTERNIC_ROOT_ZONE.signatures.asc
-rw-r--r--    1 ftp      ftp         15228 Jun 10 12:27 arpa.zone
-rw-r--r--    1 ftp      ftp          6657 Jun 10 12:27 arpa.zone.gz
-rw-r--r--    1 ftp      ftp            33 Jun 10 12:27 arpa.zone.gz.md5
-rw-r--r--    1 ftp      ftp            72 Jun 10 12:27 arpa.zone.gz.sig
-rw-r--r--    1 ftp      ftp          3289 Jun 01 15:27 db.cache
-rw-r--r--    1 ftp      ftp            33 Jun 01 15:27 db.cache.md5
-rw-r--r--    1 ftp      ftp            72 Jun 01 15:27 db.cache.sig
-rw-r--r--    1 ftp      ftp        228753 Jun 10 15:41 in-addr.arpa
-rw-r--r--    1 ftp      ftp         90508 Jun 10 15:41 in-addr.arpa.gz
-rw-r--r--    1 ftp      ftp            55 Jun 10 15:41 in-addr.arpa.gz.md5
-rw-r--r--    1 ftp      ftp            90 Jun 10 15:41 in-addr.arpa.gz.sha256
-rw-r--r--    1 ftp      ftp            52 Jun 10 15:41 in-addr.arpa.md5
-rw-r--r--    1 ftp      ftp            87 Jun 10 15:41 in-addr.arpa.sha256
-rw-r--r--    1 ftp      ftp        228753 Jun 10 15:41 in-addr.arpa.zone
-rw-r--r--    1 ftp      ftp         90508 Jun 10 15:41 in-addr.arpa.zone.gz
-rw-r--r--    1 ftp      ftp            60 Jun 10 15:41 in-addr.arpa.zone.gz.md5
-rw-r--r--    1 ftp      ftp            95 Jun 10 15:41 in-addr.arpa.zone.gz.sha256
-rw-r--r--    1 ftp      ftp            57 Jun 10 15:41 in-addr.arpa.zone.md5
-rw-r--r--    1 ftp      ftp            92 Jun 10 15:41 in-addr.arpa.zone.sha256
-rw-r--r--    1 ftp      ftp         61264 Jun 10 15:41 ip6.arpa
-rw-r--r--    1 ftp      ftp         24288 Jun 10 15:41 ip6.arpa.gz
-rw-r--r--    1 ftp      ftp            51 Jun 10 15:41 ip6.arpa.gz.md5
-rw-r--r--    1 ftp      ftp            86 Jun 10 15:41 ip6.arpa.gz.sha256
-rw-r--r--    1 ftp      ftp            48 Jun 10 15:41 ip6.arpa.md5
-rw-r--r--    1 ftp      ftp            83 Jun 10 15:41 ip6.arpa.sha256
-rw-r--r--    1 ftp      ftp         61264 Jun 10 15:41 ip6.arpa.zone
-rw-r--r--    1 ftp      ftp         24288 Jun 10 15:41 ip6.arpa.zone.gz
-rw-r--r--    1 ftp      ftp            56 Jun 10 15:41 ip6.arpa.zone.gz.md5
-rw-r--r--    1 ftp      ftp            91 Jun 10 15:41 ip6.arpa.zone.gz.sha256
-rw-r--r--    1 ftp      ftp            53 Jun 10 15:41 ip6.arpa.zone.md5
-rw-r--r--    1 ftp      ftp            88 Jun 10 15:41 ip6.arpa.zone.sha256
-rw-r--r--    1 ftp      ftp            21 Jun 10 15:41 last_update.txt
-rw-r--r--    1 ftp      ftp          3289 Jun 01 15:27 named.cache
-rw-r--r--    1 ftp      ftp            33 Jun 01 15:27 named.cache.md5
-rw-r--r--    1 ftp      ftp            72 Jun 01 15:27 named.cache.sig
-rw-r--r--    1 ftp      ftp          3289 Jun 01 15:27 named.root
-rw-r--r--    1 ftp      ftp            33 Jun 01 15:27 named.root.md5
-rw-r--r--    1 ftp      ftp            72 Jun 01 15:27 named.root.sig
-rw-r--r--    1 ftp      ftp          2111 Jun 01 15:27 root-servers.net.zone
-rw-r--r--    1 ftp      ftp           575 Jun 01 15:27 root-servers.net.zone.gz
-rw-r--r--    1 ftp      ftp            33 Jun 01 15:27 root-servers.net.zone.gz.md5
-rw-r--r--    1 ftp      ftp            72 Jun 01 15:27 root-servers.net.zone.gz.sig
-rw-r--r--    1 ftp      ftp       2237536 Jun 10 12:08 root.zone
-rw-r--r--    1 ftp      ftp       1050736 Jun 10 12:08 root.zone.gz
-rw-r--r--    1 ftp      ftp            33 Jun 10 12:08 root.zone.gz.md5
-rw-r--r--    1 ftp      ftp            72 Jun 10 12:08 root.zone.gz.sig
-rw-r--r--    1 ftp      ftp            33 Jun 10 12:08 root.zone.md5
-rw-r--r--    1 ftp      ftp            72 Jun 10 12:08 root.zone.sig
2017-06-11 00:00:07 (33.5 MB/s) - ‘./domain/.listing’ saved [3930]

The sizes do not match (local 3930) -- retrieving.

--2017-06-11 00:00:07--  ftp://ftp.internic.net/domain/.listing
           => ‘./domain/.listing’
==> CWD not required.
--> PASV

227 Entering Passive Mode (192,0,32,9,102,155)
--> RETR .listing

150 Opening BINARY mode data connection for .listing (1829 bytes).
Length: 1829 (1.8K)

     0K .                                                     100%  753K=0.002s

226 Transfer complete.
2017-06-11 00:00:08 (753 KB/s) - ‘./domain/.listing’ saved [1829]

Remote file is newer than local file ‘./domain/INTERNIC_ROOT_ZONE.signatures’ -- retrieving.

--2017-06-11 00:00:08--  ftp://ftp.internic.net/domain/INTERNIC_ROOT_ZONE.signatures
           => ‘./domain/INTERNIC_ROOT_ZONE.signatures’
==> CWD not required.
--> PASV

227 Entering Passive Mode (192,0,32,9,249,174)
--> RETR INTERNIC_ROOT_ZONE.signatures

150 Opening BINARY mode data connection for INTERNIC_ROOT_ZONE.signatures (1224 bytes).
Length: 1224 (1.2K)

     0K .                                                     100% 71.6K=0.02s

226 Transfer complete.
2017-06-11 00:00:10 (71.6 KB/s) - ‘./domain/INTERNIC_ROOT_ZONE.signatures’ saved [1224]

Remote file is newer than local file ‘./domain/INTERNIC_ROOT_ZONE.signatures.asc’ -- retrieving.

--2017-06-11 00:00:10--  ftp://ftp.internic.net/domain/INTERNIC_ROOT_ZONE.signatures.asc
           => ‘./domain/INTERNIC_ROOT_ZONE.signatures.asc’
==> CWD not required.
--> PASV

227 Entering Passive Mode (192,0,32,9,19,153)
--> RETR INTERNIC_ROOT_ZONE.signatures.asc

150 Opening BINARY mode data connection for INTERNIC_ROOT_ZONE.signatures.asc (1469 bytes).
Length: 1469 (1.4K)

     0K .                                                     100% 76.9K=0.02s

226 Transfer complete.
2017-06-11 00:00:12 (76.9 KB/s) - ‘./domain/INTERNIC_ROOT_ZONE.signatures.asc’ saved [1469]

Remote file is newer than local file ‘./domain/arpa.zone’ -- retrieving.

--2017-06-11 00:00:12--  ftp://ftp.internic.net/domain/arpa.zone
           => ‘./domain/arpa.zone’
==> CWD not required.
--> PASV

227 Entering Passive Mode (192,0,32,9,224,48)
--> RETR arpa.zone

150 Opening BINARY mode data connection for arpa.zone (15228 bytes).
Length: 15228 (15K)

     0K .......... ....                                       100% 17.5M=0.001s

226 Transfer complete.
2017-06-11 00:00:13 (17.5 MB/s) - ‘./domain/arpa.zone’ saved [15228]

The sizes do not match (local 6646) -- retrieving.

--2017-06-11 00:00:13--  ftp://ftp.internic.net/domain/arpa.zone.gz
           => ‘./domain/arpa.zone.gz’
==> CWD not required.
--> PASV

227 Entering Passive Mode (192,0,32,9,67,228)
--> RETR arpa.zone.gz

150 Opening BINARY mode data connection for arpa.zone.gz (6657 bytes).
Length: 6657 (6.5K)

     0K ......                                                100% 2.50M=0.003s

226 Transfer complete.
2017-06-11 00:00:14 (2.50 MB/s) - ‘./domain/arpa.zone.gz’ saved [6657]

Remote file is newer than local file ‘./domain/arpa.zone.gz.md5’ -- retrieving.

--2017-06-11 00:00:14--  ftp://ftp.internic.net/domain/arpa.zone.gz.md5
           => ‘./domain/arpa.zone.gz.md5’
==> CWD not required.
--> PASV

227 Entering Passive Mode (192,0,32,9,132,9)
--> RETR arpa.zone.gz.md5

150 Opening BINARY mode data connection for arpa.zone.gz.md5 (33 bytes).
Length: 33

     0K                                                       100%  252K=0s

226 Transfer complete.
2017-06-11 00:00:15 (252 KB/s) - ‘./domain/arpa.zone.gz.md5’ saved [33]

Remote file is newer than local file ‘./domain/arpa.zone.gz.sig’ -- retrieving.

--2017-06-11 00:00:15--  ftp://ftp.internic.net/domain/arpa.zone.gz.sig
           => ‘./domain/arpa.zone.gz.sig’
==> CWD not required.
--> PASV

227 Entering Passive Mode (192,0,32,9,141,234)
--> RETR arpa.zone.gz.sig

150 Opening BINARY mode data connection for arpa.zone.gz.sig (72 bytes).
Length: 72

     0K                                                       100%  628K=0s

226 Transfer complete.
2017-06-11 00:00:16 (628 KB/s) - ‘./domain/arpa.zone.gz.sig’ saved [72]

Remote file no newer than local file ‘./domain/db.cache’ -- not retrieving.
Remote file no newer than local file ‘./domain/db.cache.md5’ -- not retrieving.
Remote file no newer than local file ‘./domain/db.cache.sig’ -- not retrieving.
The sizes do not match (local 228369) -- retrieving.

--2017-06-11 00:00:17--  ftp://ftp.internic.net/domain/in-addr.arpa
           => ‘./domain/in-addr.arpa’
==> CWD not required.
--> PASV

227 Entering Passive Mode (192,0,32,9,125,103)
--> RETR in-addr.arpa

150 Opening BINARY mode data connection for in-addr.arpa (228753 bytes).
Length: 228753 (223K)

     0K .......... .......... .......... .......... .......... 22% 94.9K 2s
    50K .......... .......... .......... .......... .......... 44% 96.6K 1s
   100K .......... .......... .......... .......... .......... 67%  208K 1s
   150K .......... .......... .......... .......... .......... 89% 9.19M 0s
   200K .......... .......... ...                             100% 95.0K=1.5s

226 Transfer complete.
2017-06-11 00:00:19 (145 KB/s) - ‘./domain/in-addr.arpa’ saved [228753]

The sizes do not match (local 90191) -- retrieving.

--2017-06-11 00:00:19--  ftp://ftp.internic.net/domain/in-addr.arpa.gz
           => ‘./domain/in-addr.arpa.gz’
==> CWD not required.
--> PASV

227 Entering Passive Mode (192,0,32,9,8,101)
--> RETR in-addr.arpa.gz

150 Opening BINARY mode data connection for in-addr.arpa.gz (90508 bytes).
Length: 90508 (88K)

     0K .......... .......... .......... .......... .......... 56% 98.7K 0s
    50K .......... .......... .......... ........             100% 12.5M=0.5s

226 Transfer complete.
2017-06-11 00:00:21 (173 KB/s) - ‘./domain/in-addr.arpa.gz’ saved [90508]

Remote file is newer than local file ‘./domain/in-addr.arpa.gz.md5’ -- retrieving.

--2017-06-11 00:00:21--  ftp://ftp.internic.net/domain/in-addr.arpa.gz.md5
           => ‘./domain/in-addr.arpa.gz.md5’
==> CWD not required.
--> PASV

227 Entering Passive Mode (192,0,32,9,24,136)
--> RETR in-addr.arpa.gz.md5

150 Opening BINARY mode data connection for in-addr.arpa.gz.md5 (55 bytes).
Length: 55

     0K                                                       100% 30.2K=0.002s

226 Transfer complete.
2017-06-11 00:00:22 (30.2 KB/s) - ‘./domain/in-addr.arpa.gz.md5’ saved [55]

Remote file is newer than local file ‘./domain/in-addr.arpa.gz.sha256’ -- retrieving.

--2017-06-11 00:00:22--  ftp://ftp.internic.net/domain/in-addr.arpa.gz.sha256
           => ‘./domain/in-addr.arpa.gz.sha256’
==> CWD not required.
--> PASV

227 Entering Passive Mode (192,0,32,9,203,22)
--> RETR in-addr.arpa.gz.sha256

150 Opening BINARY mode data connection for in-addr.arpa.gz.sha256 (90 bytes).
Length: 90

     0K                                                       100% 6.16K=0.01s

226 Transfer complete.
2017-06-11 00:00:23 (6.16 KB/s) - ‘./domain/in-addr.arpa.gz.sha256’ saved [90]

Remote file is newer than local file ‘./domain/in-addr.arpa.md5’ -- retrieving.

--2017-06-11 00:00:23--  ftp://ftp.internic.net/domain/in-addr.arpa.md5
           => ‘./domain/in-addr.arpa.md5’
==> CWD not required.
--> PASV

227 Entering Passive Mode (192,0,32,9,41,110)
--> RETR in-addr.arpa.md5

150 Opening BINARY mode data connection for in-addr.arpa.md5 (52 bytes).
Length: 52

     0K                                                       100% 6.35K=0.008s

226 Transfer complete.
2017-06-11 00:00:24 (6.35 KB/s) - ‘./domain/in-addr.arpa.md5’ saved [52]

Remote file is newer than local file ‘./domain/in-addr.arpa.sha256’ -- retrieving.

--2017-06-11 00:00:24--  ftp://ftp.internic.net/domain/in-addr.arpa.sha256
           => ‘./domain/in-addr.arpa.sha256’
==> CWD not required.
--> PASV

227 Entering Passive Mode (192,0,32,9,194,88)
--> RETR in-addr.arpa.sha256

150 Opening BINARY mode data connection for in-addr.arpa.sha256 (87 bytes).
Length: 87

     0K                                                       100% 8.39K=0.01s

226 Transfer complete.
2017-06-11 00:00:25 (8.39 KB/s) - ‘./domain/in-addr.arpa.sha256’ saved [87]

The sizes do not match (local 228369) -- retrieving.

--2017-06-11 00:00:25--  ftp://ftp.internic.net/domain/in-addr.arpa.zone
           => ‘./domain/in-addr.arpa.zone’
==> CWD not required.
--> PASV

227 Entering Passive Mode (192,0,32,9,203,65)
--> RETR in-addr.arpa.zone

150 Opening BINARY mode data connection for in-addr.arpa.zone (228753 bytes).
Length: 228753 (223K)

     0K .......... .......... .......... .......... .......... 22%  104K 2s
    50K .......... .......... .......... .......... .......... 44%  192K 1s
   100K .......... .......... .......... .......... .......... 67% 8.71M 0s
   150K .......... .......... .......... .......... .......... 89%  190K 0s
   200K .......... .......... ...                             100% 90.3K=1.3s

226 Transfer complete.
2017-06-11 00:00:27 (176 KB/s) - ‘./domain/in-addr.arpa.zone’ saved [228753]

The sizes do not match (local 90191) -- retrieving.

--2017-06-11 00:00:27--  ftp://ftp.internic.net/domain/in-addr.arpa.zone.gz
           => ‘./domain/in-addr.arpa.zone.gz’
==> CWD not required.
--> PASV

227 Entering Passive Mode (192,0,32,9,109,58)
--> RETR in-addr.arpa.zone.gz

150 Opening BINARY mode data connection for in-addr.arpa.zone.gz (90508 bytes).
Length: 90508 (88K)

     0K .......... .......... .......... .......... .......... 56% 91.8K 0s
    50K .......... .......... .......... ........             100% 10.2M=0.5s

226 Transfer complete.
2017-06-11 00:00:29 (161 KB/s) - ‘./domain/in-addr.arpa.zone.gz’ saved [90508]

Remote file is newer than local file ‘./domain/in-addr.arpa.zone.gz.md5’ -- retrieving.

--2017-06-11 00:00:29--  ftp://ftp.internic.net/domain/in-addr.arpa.zone.gz.md5
           => ‘./domain/in-addr.arpa.zone.gz.md5’
==> CWD not required.
--> PASV

227 Entering Passive Mode (192,0,32,9,92,49)
--> RETR in-addr.arpa.zone.gz.md5

150 Opening BINARY mode data connection for in-addr.arpa.zone.gz.md5 (60 bytes).
Length: 60

     0K                                                       100% 2.49K=0.02s

226 Transfer complete.
2017-06-11 00:00:30 (2.49 KB/s) - ‘./domain/in-addr.arpa.zone.gz.md5’ saved [60]

Remote file is newer than local file ‘./domain/in-addr.arpa.zone.gz.sha256’ -- retrieving.

--2017-06-11 00:00:30--  ftp://ftp.internic.net/domain/in-addr.arpa.zone.gz.sha256
           => ‘./domain/in-addr.arpa.zone.gz.sha256’
==> CWD not required.
--> PASV

227 Entering Passive Mode (192,0,32,9,171,155)
--> RETR in-addr.arpa.zone.gz.sha256

150 Opening BINARY mode data connection for in-addr.arpa.zone.gz.sha256 (95 bytes).
Length: 95

     0K                                                       100% 41.9K=0.002s

226 Transfer complete.
2017-06-11 00:00:31 (41.9 KB/s) - ‘./domain/in-addr.arpa.zone.gz.sha256’ saved [95]

Remote file is newer than local file ‘./domain/in-addr.arpa.zone.md5’ -- retrieving.

--2017-06-11 00:00:31--  ftp://ftp.internic.net/domain/in-addr.arpa.zone.md5
           => ‘./domain/in-addr.arpa.zone.md5’
==> CWD not required.
--> PASV

227 Entering Passive Mode (192,0,32,9,173,13)
--> RETR in-addr.arpa.zone.md5

150 Opening BINARY mode data connection for in-addr.arpa.zone.md5 (57 bytes).
Length: 57

     0K                                                       100%  493K=0s

226 Transfer complete.
2017-06-11 00:00:32 (493 KB/s) - ‘./domain/in-addr.arpa.zone.md5’ saved [57]

Remote file is newer than local file ‘./domain/in-addr.arpa.zone.sha256’ -- retrieving.

--2017-06-11 00:00:32--  ftp://ftp.internic.net/domain/in-addr.arpa.zone.sha256
           => ‘./domain/in-addr.arpa.zone.sha256’
==> CWD not required.
--> PASV

227 Entering Passive Mode (192,0,32,9,58,109)
--> RETR in-addr.arpa.zone.sha256

150 Opening BINARY mode data connection for in-addr.arpa.zone.sha256 (92 bytes).
Length: 92

     0K                                                       100% 3.98K=0.02s

226 Transfer complete.
2017-06-11 00:00:33 (3.98 KB/s) - ‘./domain/in-addr.arpa.zone.sha256’ saved [92]

Remote file is newer than local file ‘./domain/ip6.arpa’ -- retrieving.

--2017-06-11 00:00:33--  ftp://ftp.internic.net/domain/ip6.arpa
           => ‘./domain/ip6.arpa’
==> CWD not required.
--> PASV

227 Entering Passive Mode (192,0,32,9,41,164)
--> RETR ip6.arpa

150 Opening BINARY mode data connection for ip6.arpa (61264 bytes).
Length: 61264 (60K)

     0K .......... .......... .......... .......... .......... 83% 94.0K 0s
    50K .........                                             100% 31.7M=0.5s

226 Transfer complete.
2017-06-11 00:00:35 (112 KB/s) - ‘./domain/ip6.arpa’ saved [61264]

The sizes do not match (local 24257) -- retrieving.

--2017-06-11 00:00:35--  ftp://ftp.internic.net/domain/ip6.arpa.gz
           => ‘./domain/ip6.arpa.gz’
==> CWD not required.
--> PASV

227 Entering Passive Mode (192,0,32,9,8,117)
--> RETR ip6.arpa.gz

150 Opening BINARY mode data connection for ip6.arpa.gz (24288 bytes).
Length: 24288 (24K)

     0K .......... .......... ...                             100% 81.4K=0.3s

226 Transfer complete.
2017-06-11 00:00:36 (81.4 KB/s) - ‘./domain/ip6.arpa.gz’ saved [24288]

Remote file is newer than local file ‘./domain/ip6.arpa.gz.md5’ -- retrieving.

--2017-06-11 00:00:36--  ftp://ftp.internic.net/domain/ip6.arpa.gz.md5
           => ‘./domain/ip6.arpa.gz.md5’
==> CWD not required.
--> PASV

227 Entering Passive Mode (192,0,32,9,38,91)
--> RETR ip6.arpa.gz.md5

150 Opening BINARY mode data connection for ip6.arpa.gz.md5 (51 bytes).
Length: 51

     0K                                                       100% 9.10K=0.005s

226 Transfer complete.
2017-06-11 00:00:37 (9.10 KB/s) - ‘./domain/ip6.arpa.gz.md5’ saved [51]

Remote file is newer than local file ‘./domain/ip6.arpa.gz.sha256’ -- retrieving.

--2017-06-11 00:00:37--  ftp://ftp.internic.net/domain/ip6.arpa.gz.sha256
           => ‘./domain/ip6.arpa.gz.sha256’
==> CWD not required.
--> PASV

227 Entering Passive Mode (192,0,32,9,94,244)
--> RETR ip6.arpa.gz.sha256

150 Opening BINARY mode data connection for ip6.arpa.gz.sha256 (86 bytes).
Length: 86

     0K                                                       100%  641K=0s

226 Transfer complete.
2017-06-11 00:00:38 (641 KB/s) - ‘./domain/ip6.arpa.gz.sha256’ saved [86]

Remote file is newer than local file ‘./domain/ip6.arpa.md5’ -- retrieving.

--2017-06-11 00:00:38--  ftp://ftp.internic.net/domain/ip6.arpa.md5
           => ‘./domain/ip6.arpa.md5’
==> CWD not required.
--> PASV

227 Entering Passive Mode (192,0,32,9,231,106)
--> RETR ip6.arpa.md5

150 Opening BINARY mode data connection for ip6.arpa.md5 (48 bytes).
Length: 48

     0K                                                       100%  422K=0s

226 Transfer complete.
2017-06-11 00:00:40 (422 KB/s) - ‘./domain/ip6.arpa.md5’ saved [48]

Remote file is newer than local file ‘./domain/ip6.arpa.sha256’ -- retrieving.

--2017-06-11 00:00:40--  ftp://ftp.internic.net/domain/ip6.arpa.sha256
           => ‘./domain/ip6.arpa.sha256’
==> CWD not required.
--> PASV

227 Entering Passive Mode (192,0,32,9,110,243)
--> RETR ip6.arpa.sha256

150 Opening BINARY mode data connection for ip6.arpa.sha256 (83 bytes).
Length: 83

     0K                                                       100% 6.65K=0.01s

226 Transfer complete.
2017-06-11 00:00:41 (6.65 KB/s) - ‘./domain/ip6.arpa.sha256’ saved [83]

Remote file is newer than local file ‘./domain/ip6.arpa.zone’ -- retrieving.

--2017-06-11 00:00:41--  ftp://ftp.internic.net/domain/ip6.arpa.zone
           => ‘./domain/ip6.arpa.zone’
==> CWD not required.
--> PASV

227 Entering Passive Mode (192,0,32,9,41,174)
--> RETR ip6.arpa.zone

150 Opening BINARY mode data connection for ip6.arpa.zone (61264 bytes).
Length: 61264 (60K)

     0K .......... .......... .......... .......... .......... 83% 95.6K 0s
    50K .........                                             100% 6.82M=0.5s

226 Transfer complete.
2017-06-11 00:00:42 (114 KB/s) - ‘./domain/ip6.arpa.zone’ saved [61264]

The sizes do not match (local 24257) -- retrieving.

--2017-06-11 00:00:42--  ftp://ftp.internic.net/domain/ip6.arpa.zone.gz
           => ‘./domain/ip6.arpa.zone.gz’
==> CWD not required.
--> PASV

227 Entering Passive Mode (192,0,32,9,115,73)
--> RETR ip6.arpa.zone.gz

150 Opening BINARY mode data connection for ip6.arpa.zone.gz (24288 bytes).
Length: 24288 (24K)

     0K .......... .......... ...                             100%  109K=0.2s

226 Transfer complete.
2017-06-11 00:00:43 (109 KB/s) - ‘./domain/ip6.arpa.zone.gz’ saved [24288]

Remote file is newer than local file ‘./domain/ip6.arpa.zone.gz.md5’ -- retrieving.

--2017-06-11 00:00:43--  ftp://ftp.internic.net/domain/ip6.arpa.zone.gz.md5
           => ‘./domain/ip6.arpa.zone.gz.md5’
==> CWD not required.
--> PASV

227 Entering Passive Mode (192,0,32,9,252,246)
--> RETR ip6.arpa.zone.gz.md5

150 Opening BINARY mode data connection for ip6.arpa.zone.gz.md5 (56 bytes).
Length: 56

     0K                                                       100%  467K=0s

226 Transfer complete.
2017-06-11 00:00:44 (467 KB/s) - ‘./domain/ip6.arpa.zone.gz.md5’ saved [56]

Remote file is newer than local file ‘./domain/ip6.arpa.zone.gz.sha256’ -- retrieving.

--2017-06-11 00:00:44--  ftp://ftp.internic.net/domain/ip6.arpa.zone.gz.sha256
           => ‘./domain/ip6.arpa.zone.gz.sha256’
==> CWD not required.
--> PASV

227 Entering Passive Mode (192,0,32,9,41,212)
--> RETR ip6.arpa.zone.gz.sha256

150 Opening BINARY mode data connection for ip6.arpa.zone.gz.sha256 (91 bytes).
Length: 91

     0K                                                       100%  793K=0s

226 Transfer complete.
2017-06-11 00:00:45 (793 KB/s) - ‘./domain/ip6.arpa.zone.gz.sha256’ saved [91]

Remote file is newer than local file ‘./domain/ip6.arpa.zone.md5’ -- retrieving.

--2017-06-11 00:00:45--  ftp://ftp.internic.net/domain/ip6.arpa.zone.md5
           => ‘./domain/ip6.arpa.zone.md5’
==> CWD not required.
--> PASV

227 Entering Passive Mode (192,0,32,9,42,231)
--> RETR ip6.arpa.zone.md5

150 Opening BINARY mode data connection for ip6.arpa.zone.md5 (53 bytes).
Length: 53

     0K                                                       100%  616K=0s

226 Transfer complete.
2017-06-11 00:00:47 (616 KB/s) - ‘./domain/ip6.arpa.zone.md5’ saved [53]

Remote file is newer than local file ‘./domain/ip6.arpa.zone.sha256’ -- retrieving.

--2017-06-11 00:00:47--  ftp://ftp.internic.net/domain/ip6.arpa.zone.sha256
           => ‘./domain/ip6.arpa.zone.sha256’
==> CWD not required.
--> PASV

227 Entering Passive Mode (192,0,32,9,155,203)
--> RETR ip6.arpa.zone.sha256

150 Opening BINARY mode data connection for ip6.arpa.zone.sha256 (88 bytes).
Length: 88

     0K                                                       100%  421K=0s

226 Transfer complete.
2017-06-11 00:00:48 (421 KB/s) - ‘./domain/ip6.arpa.zone.sha256’ saved [88]

Remote file is newer than local file ‘./domain/last_update.txt’ -- retrieving.

--2017-06-11 00:00:48--  ftp://ftp.internic.net/domain/last_update.txt
           => ‘./domain/last_update.txt’
==> CWD not required.
--> PASV

227 Entering Passive Mode (192,0,32,9,228,254)
--> RETR last_update.txt

150 Opening BINARY mode data connection for last_update.txt (21 bytes).
Length: 21

     0K                                                       100%  986 =0.02s

226 Transfer complete.
2017-06-11 00:00:49 (986 B/s) - ‘./domain/last_update.txt’ saved [21]

Remote file no newer than local file ‘./domain/named.cache’ -- not retrieving.
Remote file no newer than local file ‘./domain/named.cache.md5’ -- not retrieving.
Remote file no newer than local file ‘./domain/named.cache.sig’ -- not retrieving.
Remote file no newer than local file ‘./domain/named.root’ -- not retrieving.
Remote file no newer than local file ‘./domain/named.root.md5’ -- not retrieving.
Remote file no newer than local file ‘./domain/named.root.sig’ -- not retrieving.
Remote file no newer than local file ‘./domain/root-servers.net.zone’ -- not retrieving.
Remote file no newer than local file ‘./domain/root-servers.net.zone.gz’ -- not retrieving.
Remote file no newer than local file ‘./domain/root-servers.net.zone.gz.md5’ -- not retrieving.
Remote file no newer than local file ‘./domain/root-servers.net.zone.gz.sig’ -- not retrieving.
The sizes do not match (local 2237460) -- retrieving.

--2017-06-11 00:00:49--  ftp://ftp.internic.net/domain/root.zone
           => ‘./domain/root.zone’
==> CWD not required.
--> PASV

227 Entering Passive Mode (192,0,32,9,42,224)
--> RETR root.zone

150 Opening BINARY mode data connection for root.zone (2237536 bytes).
Length: 2237536 (2.1M)

     0K .......... .......... .......... .......... ..........  2%  102K 21s
    50K .......... .......... .......... .......... ..........  4%  190K 16s
   100K .......... .......... .......... .......... ..........  6% 7.91M 10s
   150K .......... .......... .......... .......... ..........  9%  185K 10s
   200K .......... .......... .......... .......... .......... 11%  184K 10s
   250K .......... .......... .......... .......... .......... 13%  187K 10s
   300K .......... .......... .......... .......... .......... 16% 8.89M 8s
   350K .......... .......... .......... .......... .......... 18%  188K 8s
   400K .......... .......... .......... .......... .......... 20%  186K 8s
   450K .......... .......... .......... .......... .......... 22%  187K 8s
   500K .......... .......... .......... .......... .......... 25% 5.44M 7s
   550K .......... .......... .......... .......... .......... 27%  194K 7s
   600K .......... .......... .......... .......... .......... 29% 5.29M 6s
   650K .......... .......... .......... .......... .......... 32%  199K 6s
   700K .......... .......... .......... .......... .......... 34% 5.53M 6s
   750K .......... .......... .......... .......... .......... 36%  195K 5s
   800K .......... .......... .......... .......... .......... 38%  192K 5s
   850K .......... .......... .......... .......... .......... 41% 3.44M 5s
   900K .......... .......... .......... .......... .......... 43%  192K 5s
   950K .......... .......... .......... .......... .......... 45% 4.58M 4s
  1000K .......... .......... .......... .......... .......... 48%  199K 4s
  1050K .......... .......... .......... .......... .......... 50% 2.60M 4s
  1100K .......... .......... .......... .......... .......... 52%  207K 4s
  1150K .......... .......... .......... .......... .......... 54% 2.50M 3s
  1200K .......... .......... .......... .......... .......... 57% 9.24M 3s
  1250K .......... .......... .......... .......... .......... 59%  182K 3s
  1300K .......... .......... .......... .......... .......... 61% 32.5M 3s
  1350K .......... .......... .......... .......... .......... 64%  201K 3s
  1400K .......... .......... .......... .......... .......... 66% 2.55M 2s
  1450K .......... .......... .......... .......... .......... 68% 1.01M 2s
  1500K .......... .......... .......... .......... .......... 70%  252K 2s
  1550K .......... .......... .......... .......... .......... 73% 2.53M 2s
  1600K .......... .......... .......... .......... .......... 75%  216K 2s
  1650K .......... .......... .......... .......... .......... 77% 2.15M 2s
  1700K .......... .......... .......... .......... .......... 80% 6.19M 1s
  1750K .......... .......... .......... .......... .......... 82%  205K 1s
  1800K .......... .......... .......... .......... .......... 84% 2.22M 1s
  1850K .......... .......... .......... .......... .......... 86% 6.58M 1s
  1900K .......... .......... .......... .......... .......... 89%  205K 1s
  1950K .......... .......... .......... .......... .......... 91% 2.26M 1s
  2000K .......... .......... .......... .......... .......... 93% 7.47M 0s
  2050K .......... .......... .......... .......... .......... 96%  210K 0s
  2100K .......... .......... .......... .......... .......... 98% 2.82M 0s
  2150K .......... .......... .......... .....                100% 6.56M=6.1s

226 Transfer complete.
2017-06-11 00:00:56 (357 KB/s) - ‘./domain/root.zone’ saved [2237536]

The sizes do not match (local 1050621) -- retrieving.

--2017-06-11 00:00:56--  ftp://ftp.internic.net/domain/root.zone.gz
           => ‘./domain/root.zone.gz’
==> CWD not required.
--> PASV

227 Entering Passive Mode (192,0,32,9,92,236)
--> RETR root.zone.gz

150 Opening BINARY mode data connection for root.zone.gz (1050736 bytes).
Length: 1050736 (1.0M)

     0K .......... .......... .......... .......... ..........  4% 94.8K 10s
    50K .......... .......... .......... .......... ..........  9%  191K 7s
   100K .......... .......... .......... .......... .......... 14% 7.14M 5s
   150K .......... .......... .......... .......... .......... 19%  201K 4s
   200K .......... .......... .......... .......... .......... 24%  213K 4s
   250K .......... .......... .......... .......... .......... 29% 10.7M 3s
   300K .......... .......... .......... .......... .......... 34%  207K 3s
   350K .......... .......... .......... .......... .......... 38%  200K 3s
   400K .......... .......... .......... .......... .......... 43% 8.29M 2s
   450K .......... .......... .......... .......... .......... 48%  195K 2s
   500K .......... .......... .......... .......... .......... 53% 6.92M 2s
   550K .......... .......... .......... .......... .......... 58%  194K 2s
   600K .......... .......... .......... .......... .......... 63%  187K 1s
   650K .......... .......... .......... .......... .......... 68% 31.3M 1s
   700K .......... .......... .......... .......... .......... 73%  212K 1s
   750K .......... .......... .......... .......... .......... 77% 5.64M 1s
   800K .......... .......... .......... .......... .......... 82%  203K 1s
   850K .......... .......... .......... .......... .......... 87%  192K 0s
   900K .......... .......... .......... .......... .......... 92% 6.82M 0s
   950K .......... .......... .......... .......... .......... 97%  193K 0s
  1000K .......... .......... ......                          100% 12.4M=3.6s

226 Transfer complete.
2017-06-11 00:01:01 (286 KB/s) - ‘./domain/root.zone.gz’ saved [1050736]

Remote file is newer than local file ‘./domain/root.zone.gz.md5’ -- retrieving.

--2017-06-11 00:01:01--  ftp://ftp.internic.net/domain/root.zone.gz.md5
           => ‘./domain/root.zone.gz.md5’
==> CWD not required.
--> PASV

227 Entering Passive Mode (192,0,32,9,180,83)
--> RETR root.zone.gz.md5

150 Opening BINARY mode data connection for root.zone.gz.md5 (33 bytes).
Length: 33

     0K                                                       100%  290K=0s

226 Transfer complete.
2017-06-11 00:01:02 (290 KB/s) - ‘./domain/root.zone.gz.md5’ saved [33]

Remote file is newer than local file ‘./domain/root.zone.gz.sig’ -- retrieving.

--2017-06-11 00:01:02--  ftp://ftp.internic.net/domain/root.zone.gz.sig
           => ‘./domain/root.zone.gz.sig’
==> CWD not required.
--> PASV

227 Entering Passive Mode (192,0,32,9,16,61)
--> RETR root.zone.gz.sig

150 Opening BINARY mode data connection for root.zone.gz.sig (72 bytes).
Length: 72

     0K                                                       100%  633K=0s

226 Transfer complete.
2017-06-11 00:01:04 (633 KB/s) - ‘./domain/root.zone.gz.sig’ saved [72]

Remote file is newer than local file ‘./domain/root.zone.md5’ -- retrieving.

--2017-06-11 00:01:04--  ftp://ftp.internic.net/domain/root.zone.md5
           => ‘./domain/root.zone.md5’
==> CWD not required.
--> PASV

227 Entering Passive Mode (192,0,32,9,77,74)
--> RETR root.zone.md5

150 Opening BINARY mode data connection for root.zone.md5 (33 bytes).
Length: 33

     0K                                                       100% 3.35K=0.01s

226 Transfer complete.
2017-06-11 00:01:05 (3.35 KB/s) - ‘./domain/root.zone.md5’ saved [33]

Remote file is newer than local file ‘./domain/root.zone.sig’ -- retrieving.

--2017-06-11 00:01:05--  ftp://ftp.internic.net/domain/root.zone.sig
           => ‘./domain/root.zone.sig’
==> CWD not required.
--> PASV

227 Entering Passive Mode (192,0,32,9,209,38)
--> RETR root.zone.sig

150 Opening BINARY mode data connection for root.zone.sig (72 bytes).
Length: 72

     0K                                                       100%  617K=0s

226 Transfer complete.
2017-06-11 00:03:06 (617 KB/s) - ‘./domain/root.zone.sig’ saved [72]

FINISHED --2017-06-11 00:03:06--
Total wall clock time: 3m 3s
Downloaded: 40 files, 3.9M in 15s (263 KB/s)
