--2017-03-27 00:00:02--  ftp://ftp.internic.net/*
           => ‘./.listing’
Resolving ftp.internic.net (ftp.internic.net)... 192.0.32.9, 2620:0:2d0:200::9
Connecting to ftp.internic.net (ftp.internic.net)|192.0.32.9|:21... connected.
Logging in as anonymous ... 
220 Internic FTP Server
--> USER anonymous

331 Please specify the password.
--> PASS Turtle Power!

230 Login successful.
--> SYST

215 UNIX Type: L8
--> PWD

257 "/"
--> TYPE I

200 Switching to Binary mode.
==> CWD not needed.
--> PASV

227 Entering Passive Mode (192,0,32,9,79,125)
--> LIST -a

150 Here comes the directory listing.

     0K                                                        1.34M=0s

226 Directory send OK.
drwxr-xr-x    3 ftp      ftp          4096 Apr 04  2012 .
drwxr-xr-x    3 ftp      ftp          4096 Apr 04  2012 ..
drwxr-xr-x    2 ftp      ftp          4096 Sep 09  2015 domain
2017-03-27 00:00:05 (1.34 MB/s) - ‘./.listing’ saved [183]

--2017-03-27 00:00:05--  ftp://ftp.internic.net/domain/*
           => ‘./domain/.listing’
--> CWD /domain

250 Directory successfully changed.
--> PASV

227 Entering Passive Mode (192,0,32,9,91,35)
--> LIST -a

150 Here comes the directory listing.

     0K ...                                                     576K=0.007s

226 Directory send OK.
drwxr-xr-x    2 ftp      ftp          4096 Sep 09  2015 .
drwxr-xr-x    3 ftp      ftp          4096 Apr 04  2012 ..
-rw-r--r--    1 ftp      ftp          1829 Aug 18  2015 .listing
-rw-r--r--    1 ftp      ftp          1224 Mar 26 12:38 INTERNIC_ROOT_ZONE.signatures
-rw-r--r--    1 ftp      ftp          1469 Mar 26 12:38 INTERNIC_ROOT_ZONE.signatures.asc
-rw-r--r--    1 ftp      ftp         15438 Mar 26 12:38 arpa.zone
-rw-r--r--    1 ftp      ftp          6782 Mar 26 12:38 arpa.zone.gz
-rw-r--r--    1 ftp      ftp            33 Mar 26 12:38 arpa.zone.gz.md5
-rw-r--r--    1 ftp      ftp            72 Mar 26 12:38 arpa.zone.gz.sig
-rw-r--r--    1 ftp      ftp          3291 Oct 20 19:35 db.cache
-rw-r--r--    1 ftp      ftp            33 Oct 20 19:35 db.cache.md5
-rw-r--r--    1 ftp      ftp            72 Oct 20 19:35 db.cache.sig
-rw-r--r--    1 ftp      ftp        229869 Mar 26 15:40 in-addr.arpa
-rw-r--r--    1 ftp      ftp         90543 Mar 26 15:40 in-addr.arpa.gz
-rw-r--r--    1 ftp      ftp            55 Mar 26 15:40 in-addr.arpa.gz.md5
-rw-r--r--    1 ftp      ftp            90 Mar 26 15:40 in-addr.arpa.gz.sha256
-rw-r--r--    1 ftp      ftp            52 Mar 26 15:40 in-addr.arpa.md5
-rw-r--r--    1 ftp      ftp            87 Mar 26 15:40 in-addr.arpa.sha256
-rw-r--r--    1 ftp      ftp        229869 Mar 26 15:40 in-addr.arpa.zone
-rw-r--r--    1 ftp      ftp         90543 Mar 26 15:40 in-addr.arpa.zone.gz
-rw-r--r--    1 ftp      ftp            60 Mar 26 15:40 in-addr.arpa.zone.gz.md5
-rw-r--r--    1 ftp      ftp            95 Mar 26 15:40 in-addr.arpa.zone.gz.sha256
-rw-r--r--    1 ftp      ftp            57 Mar 26 15:40 in-addr.arpa.zone.md5
-rw-r--r--    1 ftp      ftp            92 Mar 26 15:40 in-addr.arpa.zone.sha256
-rw-r--r--    1 ftp      ftp         61865 Mar 26 15:40 ip6.arpa
-rw-r--r--    1 ftp      ftp         24404 Mar 26 15:40 ip6.arpa.gz
-rw-r--r--    1 ftp      ftp            51 Mar 26 15:40 ip6.arpa.gz.md5
-rw-r--r--    1 ftp      ftp            86 Mar 26 15:40 ip6.arpa.gz.sha256
-rw-r--r--    1 ftp      ftp            48 Mar 26 15:40 ip6.arpa.md5
-rw-r--r--    1 ftp      ftp            83 Mar 26 15:40 ip6.arpa.sha256
-rw-r--r--    1 ftp      ftp         61865 Mar 26 15:40 ip6.arpa.zone
-rw-r--r--    1 ftp      ftp         24404 Mar 26 15:40 ip6.arpa.zone.gz
-rw-r--r--    1 ftp      ftp            56 Mar 26 15:40 ip6.arpa.zone.gz.md5
-rw-r--r--    1 ftp      ftp            91 Mar 26 15:40 ip6.arpa.zone.gz.sha256
-rw-r--r--    1 ftp      ftp            53 Mar 26 15:40 ip6.arpa.zone.md5
-rw-r--r--    1 ftp      ftp            88 Mar 26 15:40 ip6.arpa.zone.sha256
-rw-r--r--    1 ftp      ftp            21 Mar 26 15:40 last_update.txt
-rw-r--r--    1 ftp      ftp          3291 Oct 20 19:35 named.cache
-rw-r--r--    1 ftp      ftp            33 Oct 20 19:35 named.cache.md5
-rw-r--r--    1 ftp      ftp            72 Oct 20 19:35 named.cache.sig
-rw-r--r--    1 ftp      ftp          3291 Oct 20 19:35 named.root
-rw-r--r--    1 ftp      ftp            33 Oct 20 19:35 named.root.md5
-rw-r--r--    1 ftp      ftp            72 Oct 20 19:35 named.root.sig
-rw-r--r--    1 ftp      ftp          2110 Oct 20 19:35 root-servers.net.zone
-rw-r--r--    1 ftp      ftp           574 Oct 20 19:35 root-servers.net.zone.gz
-rw-r--r--    1 ftp      ftp            33 Oct 20 19:35 root-servers.net.zone.gz.md5
-rw-r--r--    1 ftp      ftp            72 Oct 20 19:35 root-servers.net.zone.gz.sig
-rw-r--r--    1 ftp      ftp       2232132 Mar 26 05:34 root.zone
-rw-r--r--    1 ftp      ftp       1048226 Mar 26 05:34 root.zone.gz
-rw-r--r--    1 ftp      ftp            33 Mar 26 05:34 root.zone.gz.md5
-rw-r--r--    1 ftp      ftp            72 Mar 26 05:34 root.zone.gz.sig
-rw-r--r--    1 ftp      ftp            33 Mar 26 05:34 root.zone.md5
-rw-r--r--    1 ftp      ftp            72 Mar 26 05:34 root.zone.sig
2017-03-27 00:00:06 (576 KB/s) - ‘./domain/.listing’ saved [3930]

The sizes do not match (local 3930) -- retrieving.

--2017-03-27 00:00:06--  ftp://ftp.internic.net/domain/.listing
           => ‘./domain/.listing’
==> CWD not required.
--> PASV

227 Entering Passive Mode (192,0,32,9,111,141)
--> RETR .listing

150 Opening BINARY mode data connection for .listing (1829 bytes).
Length: 1829 (1.8K)

     0K .                                                     100% 2.45M=0.001s

226 Transfer complete.
2017-03-27 00:00:07 (2.45 MB/s) - ‘./domain/.listing’ saved [1829]

Remote file is newer than local file ‘./domain/INTERNIC_ROOT_ZONE.signatures’ -- retrieving.

--2017-03-27 00:00:07--  ftp://ftp.internic.net/domain/INTERNIC_ROOT_ZONE.signatures
           => ‘./domain/INTERNIC_ROOT_ZONE.signatures’
==> CWD not required.
--> PASV

227 Entering Passive Mode (192,0,32,9,149,96)
--> RETR INTERNIC_ROOT_ZONE.signatures

150 Opening BINARY mode data connection for INTERNIC_ROOT_ZONE.signatures (1224 bytes).
Length: 1224 (1.2K)

     0K .                                                     100% 18.2M=0s

226 Transfer complete.
2017-03-27 00:00:08 (18.2 MB/s) - ‘./domain/INTERNIC_ROOT_ZONE.signatures’ saved [1224]

Remote file is newer than local file ‘./domain/INTERNIC_ROOT_ZONE.signatures.asc’ -- retrieving.

--2017-03-27 00:00:08--  ftp://ftp.internic.net/domain/INTERNIC_ROOT_ZONE.signatures.asc
           => ‘./domain/INTERNIC_ROOT_ZONE.signatures.asc’
==> CWD not required.
--> PASV

227 Entering Passive Mode (192,0,32,9,41,166)
--> RETR INTERNIC_ROOT_ZONE.signatures.asc

150 Opening BINARY mode data connection for INTERNIC_ROOT_ZONE.signatures.asc (1469 bytes).
Length: 1469 (1.4K)

     0K .                                                     100% 2.56M=0.001s

226 Transfer complete.
2017-03-27 00:00:08 (2.56 MB/s) - ‘./domain/INTERNIC_ROOT_ZONE.signatures.asc’ saved [1469]

Remote file is newer than local file ‘./domain/arpa.zone’ -- retrieving.

--2017-03-27 00:00:08--  ftp://ftp.internic.net/domain/arpa.zone
           => ‘./domain/arpa.zone’
==> CWD not required.
--> PASV

227 Entering Passive Mode (192,0,32,9,137,187)
--> RETR arpa.zone

150 Opening BINARY mode data connection for arpa.zone (15438 bytes).
Length: 15438 (15K)

     0K .......... .....                                      100% 24.8M=0.001s

226 Transfer complete.
2017-03-27 00:00:09 (24.8 MB/s) - ‘./domain/arpa.zone’ saved [15438]

The sizes do not match (local 6776) -- retrieving.

--2017-03-27 00:00:09--  ftp://ftp.internic.net/domain/arpa.zone.gz
           => ‘./domain/arpa.zone.gz’
==> CWD not required.
--> PASV

227 Entering Passive Mode (192,0,32,9,221,162)
--> RETR arpa.zone.gz

150 Opening BINARY mode data connection for arpa.zone.gz (6782 bytes).
Length: 6782 (6.6K)

     0K ......                                                100%  147M=0s

226 Transfer complete.
2017-03-27 00:00:10 (147 MB/s) - ‘./domain/arpa.zone.gz’ saved [6782]

Remote file is newer than local file ‘./domain/arpa.zone.gz.md5’ -- retrieving.

--2017-03-27 00:00:10--  ftp://ftp.internic.net/domain/arpa.zone.gz.md5
           => ‘./domain/arpa.zone.gz.md5’
==> CWD not required.
--> PASV

227 Entering Passive Mode (192,0,32,9,189,210)
--> RETR arpa.zone.gz.md5

150 Opening BINARY mode data connection for arpa.zone.gz.md5 (33 bytes).
Length: 33

     0K                                                       100%  288K=0s

226 Transfer complete.
2017-03-27 00:00:10 (288 KB/s) - ‘./domain/arpa.zone.gz.md5’ saved [33]

Remote file is newer than local file ‘./domain/arpa.zone.gz.sig’ -- retrieving.

--2017-03-27 00:00:10--  ftp://ftp.internic.net/domain/arpa.zone.gz.sig
           => ‘./domain/arpa.zone.gz.sig’
==> CWD not required.
--> PASV

227 Entering Passive Mode (192,0,32,9,198,41)
--> RETR arpa.zone.gz.sig

150 Opening BINARY mode data connection for arpa.zone.gz.sig (72 bytes).
Length: 72

     0K                                                       100%  963K=0s

226 Transfer complete.
2017-03-27 00:00:11 (963 KB/s) - ‘./domain/arpa.zone.gz.sig’ saved [72]

Remote file no newer than local file ‘./domain/db.cache’ -- not retrieving.
Remote file no newer than local file ‘./domain/db.cache.md5’ -- not retrieving.
Remote file no newer than local file ‘./domain/db.cache.sig’ -- not retrieving.
Remote file is newer than local file ‘./domain/in-addr.arpa’ -- retrieving.

--2017-03-27 00:00:11--  ftp://ftp.internic.net/domain/in-addr.arpa
           => ‘./domain/in-addr.arpa’
==> CWD not required.
--> PASV

227 Entering Passive Mode (192,0,32,9,77,191)
--> RETR in-addr.arpa

150 Opening BINARY mode data connection for in-addr.arpa (229869 bytes).
Length: 229869 (224K)

     0K .......... .......... .......... .......... .......... 22% 98.4K 2s
    50K .......... .......... .......... .......... .......... 44% 98.9K 1s
   100K .......... .......... .......... .......... .......... 66% 74.4K 1s
   150K .......... .......... .......... .......... .......... 89% 98.9K 0s
   200K .......... .......... ....                            100% 33.4K=2.9s

226 Transfer complete.
2017-03-27 00:00:15 (76.8 KB/s) - ‘./domain/in-addr.arpa’ saved [229869]

The sizes do not match (local 90553) -- retrieving.

--2017-03-27 00:00:15--  ftp://ftp.internic.net/domain/in-addr.arpa.gz
           => ‘./domain/in-addr.arpa.gz’
==> CWD not required.
--> PASV

227 Entering Passive Mode (192,0,32,9,42,5)
--> RETR in-addr.arpa.gz

150 Opening BINARY mode data connection for in-addr.arpa.gz (90543 bytes).
Length: 90543 (88K)

     0K .......... .......... .......... .......... .......... 56% 98.6K 0s
    50K .......... .......... .......... ........             100%  114K=0.8s

226 Transfer complete.
2017-03-27 00:00:16 (105 KB/s) - ‘./domain/in-addr.arpa.gz’ saved [90543]

Remote file is newer than local file ‘./domain/in-addr.arpa.gz.md5’ -- retrieving.

--2017-03-27 00:00:16--  ftp://ftp.internic.net/domain/in-addr.arpa.gz.md5
           => ‘./domain/in-addr.arpa.gz.md5’
==> CWD not required.
--> PASV

227 Entering Passive Mode (192,0,32,9,42,181)
--> RETR in-addr.arpa.gz.md5

150 Opening BINARY mode data connection for in-addr.arpa.gz.md5 (55 bytes).
Length: 55

     0K                                                       100%  488K=0s

226 Transfer complete.
2017-03-27 00:00:17 (488 KB/s) - ‘./domain/in-addr.arpa.gz.md5’ saved [55]

Remote file is newer than local file ‘./domain/in-addr.arpa.gz.sha256’ -- retrieving.

--2017-03-27 00:00:17--  ftp://ftp.internic.net/domain/in-addr.arpa.gz.sha256
           => ‘./domain/in-addr.arpa.gz.sha256’
==> CWD not required.
--> PASV

227 Entering Passive Mode (192,0,32,9,42,207)
--> RETR in-addr.arpa.gz.sha256

150 Opening BINARY mode data connection for in-addr.arpa.gz.sha256 (90 bytes).
Length: 90

     0K                                                       100% 1.45M=0s

226 Transfer complete.
2017-03-27 00:00:18 (1.45 MB/s) - ‘./domain/in-addr.arpa.gz.sha256’ saved [90]

Remote file is newer than local file ‘./domain/in-addr.arpa.md5’ -- retrieving.

--2017-03-27 00:00:18--  ftp://ftp.internic.net/domain/in-addr.arpa.md5
           => ‘./domain/in-addr.arpa.md5’
==> CWD not required.
--> PASV

227 Entering Passive Mode (192,0,32,9,70,115)
--> RETR in-addr.arpa.md5

150 Opening BINARY mode data connection for in-addr.arpa.md5 (52 bytes).
Length: 52

     0K                                                       100%  453K=0s

226 Transfer complete.
2017-03-27 00:00:18 (453 KB/s) - ‘./domain/in-addr.arpa.md5’ saved [52]

Remote file is newer than local file ‘./domain/in-addr.arpa.sha256’ -- retrieving.

--2017-03-27 00:00:18--  ftp://ftp.internic.net/domain/in-addr.arpa.sha256
           => ‘./domain/in-addr.arpa.sha256’
==> CWD not required.
--> PASV

227 Entering Passive Mode (192,0,32,9,180,145)
--> RETR in-addr.arpa.sha256

150 Opening BINARY mode data connection for in-addr.arpa.sha256 (87 bytes).
Length: 87

     0K                                                       100% 1.98M=0s

226 Transfer complete.
2017-03-27 00:00:19 (1.98 MB/s) - ‘./domain/in-addr.arpa.sha256’ saved [87]

Remote file is newer than local file ‘./domain/in-addr.arpa.zone’ -- retrieving.

--2017-03-27 00:00:19--  ftp://ftp.internic.net/domain/in-addr.arpa.zone
           => ‘./domain/in-addr.arpa.zone’
==> CWD not required.
--> PASV

227 Entering Passive Mode (192,0,32,9,53,106)
--> RETR in-addr.arpa.zone

150 Opening BINARY mode data connection for in-addr.arpa.zone (229869 bytes).
Length: 229869 (224K)

     0K .......... .......... .......... .......... .......... 22% 93.2K 2s
    50K .......... .......... .......... .......... .......... 44% 75.2K 1s
   100K .......... .......... .......... .......... .......... 66% 40.5K 1s
   150K .......... .......... .......... .......... .......... 89%  145K 0s
   200K .......... .......... ....                            100% 91.5K=3.0s

226 Transfer complete.
2017-03-27 00:00:23 (73.6 KB/s) - ‘./domain/in-addr.arpa.zone’ saved [229869]

The sizes do not match (local 90553) -- retrieving.

--2017-03-27 00:00:23--  ftp://ftp.internic.net/domain/in-addr.arpa.zone.gz
           => ‘./domain/in-addr.arpa.zone.gz’
==> CWD not required.
--> PASV

227 Entering Passive Mode (192,0,32,9,131,134)
--> RETR in-addr.arpa.zone.gz

150 Opening BINARY mode data connection for in-addr.arpa.zone.gz (90543 bytes).
Length: 90543 (88K)

     0K .......... .......... .......... .......... .......... 56% 61.8K 1s
    50K .......... .......... .......... ........             100% 70.9K=1.4s

226 Transfer complete.
2017-03-27 00:00:25 (65.5 KB/s) - ‘./domain/in-addr.arpa.zone.gz’ saved [90543]

Remote file is newer than local file ‘./domain/in-addr.arpa.zone.gz.md5’ -- retrieving.

--2017-03-27 00:00:25--  ftp://ftp.internic.net/domain/in-addr.arpa.zone.gz.md5
           => ‘./domain/in-addr.arpa.zone.gz.md5’
==> CWD not required.
--> PASV

227 Entering Passive Mode (192,0,32,9,69,39)
--> RETR in-addr.arpa.zone.gz.md5

150 Opening BINARY mode data connection for in-addr.arpa.zone.gz.md5 (60 bytes).
Length: 60

     0K                                                       100%  528K=0s

226 Transfer complete.
2017-03-27 00:00:26 (528 KB/s) - ‘./domain/in-addr.arpa.zone.gz.md5’ saved [60]

Remote file is newer than local file ‘./domain/in-addr.arpa.zone.gz.sha256’ -- retrieving.

--2017-03-27 00:00:26--  ftp://ftp.internic.net/domain/in-addr.arpa.zone.gz.sha256
           => ‘./domain/in-addr.arpa.zone.gz.sha256’
==> CWD not required.
--> PASV

227 Entering Passive Mode (192,0,32,9,229,93)
--> RETR in-addr.arpa.zone.gz.sha256

150 Opening BINARY mode data connection for in-addr.arpa.zone.gz.sha256 (95 bytes).
Length: 95

     0K                                                       100%  828K=0s

226 Transfer complete.
2017-03-27 00:00:27 (828 KB/s) - ‘./domain/in-addr.arpa.zone.gz.sha256’ saved [95]

Remote file is newer than local file ‘./domain/in-addr.arpa.zone.md5’ -- retrieving.

--2017-03-27 00:00:28--  ftp://ftp.internic.net/domain/in-addr.arpa.zone.md5
           => ‘./domain/in-addr.arpa.zone.md5’
==> CWD not required.
--> PASV

227 Entering Passive Mode (192,0,32,9,96,248)
--> RETR in-addr.arpa.zone.md5

150 Opening BINARY mode data connection for in-addr.arpa.zone.md5 (57 bytes).
Length: 57

     0K                                                       100% 8.49K=0.007s

226 Transfer complete.
2017-03-27 00:00:29 (8.49 KB/s) - ‘./domain/in-addr.arpa.zone.md5’ saved [57]

Remote file is newer than local file ‘./domain/in-addr.arpa.zone.sha256’ -- retrieving.

--2017-03-27 00:00:29--  ftp://ftp.internic.net/domain/in-addr.arpa.zone.sha256
           => ‘./domain/in-addr.arpa.zone.sha256’
==> CWD not required.
--> PASV

227 Entering Passive Mode (192,0,32,9,201,92)
--> RETR in-addr.arpa.zone.sha256

150 Opening BINARY mode data connection for in-addr.arpa.zone.sha256 (92 bytes).
Length: 92

     0K                                                       100%  809K=0s

226 Transfer complete.
2017-03-27 00:00:30 (809 KB/s) - ‘./domain/in-addr.arpa.zone.sha256’ saved [92]

Remote file is newer than local file ‘./domain/ip6.arpa’ -- retrieving.

--2017-03-27 00:00:30--  ftp://ftp.internic.net/domain/ip6.arpa
           => ‘./domain/ip6.arpa’
==> CWD not required.
--> PASV

227 Entering Passive Mode (192,0,32,9,44,163)
--> RETR ip6.arpa

150 Opening BINARY mode data connection for ip6.arpa (61865 bytes).
Length: 61865 (60K)

     0K .......... .......... .......... .......... .......... 82% 45.9K 0s
    50K ..........                                            100% 33.0M=1.1s

226 Transfer complete.
2017-03-27 00:00:32 (55.4 KB/s) - ‘./domain/ip6.arpa’ saved [61865]

Remote file is newer than local file ‘./domain/ip6.arpa.gz’ -- retrieving.

--2017-03-27 00:00:32--  ftp://ftp.internic.net/domain/ip6.arpa.gz
           => ‘./domain/ip6.arpa.gz’
==> CWD not required.
--> PASV

227 Entering Passive Mode (192,0,32,9,166,174)
--> RETR ip6.arpa.gz

150 Opening BINARY mode data connection for ip6.arpa.gz (24404 bytes).
Length: 24404 (24K)

     0K .......... .......... ...                             100% 44.4K=0.5s

226 Transfer complete.
2017-03-27 00:00:33 (44.4 KB/s) - ‘./domain/ip6.arpa.gz’ saved [24404]

Remote file is newer than local file ‘./domain/ip6.arpa.gz.md5’ -- retrieving.

--2017-03-27 00:00:33--  ftp://ftp.internic.net/domain/ip6.arpa.gz.md5
           => ‘./domain/ip6.arpa.gz.md5’
==> CWD not required.
--> PASV

227 Entering Passive Mode (192,0,32,9,83,161)
--> RETR ip6.arpa.gz.md5

150 Opening BINARY mode data connection for ip6.arpa.gz.md5 (51 bytes).
Length: 51

     0K                                                       100%  437K=0s

226 Transfer complete.
2017-03-27 00:00:35 (437 KB/s) - ‘./domain/ip6.arpa.gz.md5’ saved [51]

Remote file is newer than local file ‘./domain/ip6.arpa.gz.sha256’ -- retrieving.

--2017-03-27 00:00:35--  ftp://ftp.internic.net/domain/ip6.arpa.gz.sha256
           => ‘./domain/ip6.arpa.gz.sha256’
==> CWD not required.
--> PASV

227 Entering Passive Mode (192,0,32,9,164,129)
--> RETR ip6.arpa.gz.sha256

150 Opening BINARY mode data connection for ip6.arpa.gz.sha256 (86 bytes).
Length: 86

     0K                                                       100%  737K=0s

226 Transfer complete.
2017-03-27 00:00:36 (737 KB/s) - ‘./domain/ip6.arpa.gz.sha256’ saved [86]

Remote file is newer than local file ‘./domain/ip6.arpa.md5’ -- retrieving.

--2017-03-27 00:00:36--  ftp://ftp.internic.net/domain/ip6.arpa.md5
           => ‘./domain/ip6.arpa.md5’
==> CWD not required.
--> PASV

227 Entering Passive Mode (192,0,32,9,18,109)
--> RETR ip6.arpa.md5

150 Opening BINARY mode data connection for ip6.arpa.md5 (48 bytes).
Length: 48

     0K                                                       100%  387K=0s

226 Transfer complete.
2017-03-27 00:00:38 (387 KB/s) - ‘./domain/ip6.arpa.md5’ saved [48]

Remote file is newer than local file ‘./domain/ip6.arpa.sha256’ -- retrieving.

--2017-03-27 00:00:38--  ftp://ftp.internic.net/domain/ip6.arpa.sha256
           => ‘./domain/ip6.arpa.sha256’
==> CWD not required.
--> PASV

227 Entering Passive Mode (192,0,32,9,246,158)
--> RETR ip6.arpa.sha256

150 Opening BINARY mode data connection for ip6.arpa.sha256 (83 bytes).
Length: 83

     0K                                                       100% 2.08M=0s

226 Transfer complete.
2017-03-27 00:00:39 (2.08 MB/s) - ‘./domain/ip6.arpa.sha256’ saved [83]

Remote file is newer than local file ‘./domain/ip6.arpa.zone’ -- retrieving.

--2017-03-27 00:00:39--  ftp://ftp.internic.net/domain/ip6.arpa.zone
           => ‘./domain/ip6.arpa.zone’
==> CWD not required.
--> PASV

227 Entering Passive Mode (192,0,32,9,136,23)
--> RETR ip6.arpa.zone

150 Opening BINARY mode data connection for ip6.arpa.zone (61865 bytes).
Length: 61865 (60K)

     0K .......... .......... .......... .......... .......... 82% 70.9K 0s
    50K ..........                                            100% 42.1K=1.0s

226 Transfer complete.
2017-03-27 00:00:41 (63.4 KB/s) - ‘./domain/ip6.arpa.zone’ saved [61865]

Remote file is newer than local file ‘./domain/ip6.arpa.zone.gz’ -- retrieving.

--2017-03-27 00:00:41--  ftp://ftp.internic.net/domain/ip6.arpa.zone.gz
           => ‘./domain/ip6.arpa.zone.gz’
==> CWD not required.
--> PASV

227 Entering Passive Mode (192,0,32,9,145,67)
--> RETR ip6.arpa.zone.gz

150 Opening BINARY mode data connection for ip6.arpa.zone.gz (24404 bytes).
Length: 24404 (24K)

     0K .......... .......... ...                             100%  115K=0.2s

226 Transfer complete.
2017-03-27 00:00:42 (115 KB/s) - ‘./domain/ip6.arpa.zone.gz’ saved [24404]

Remote file is newer than local file ‘./domain/ip6.arpa.zone.gz.md5’ -- retrieving.

--2017-03-27 00:00:42--  ftp://ftp.internic.net/domain/ip6.arpa.zone.gz.md5
           => ‘./domain/ip6.arpa.zone.gz.md5’
==> CWD not required.
--> PASV

227 Entering Passive Mode (192,0,32,9,69,208)
--> RETR ip6.arpa.zone.gz.md5

150 Opening BINARY mode data connection for ip6.arpa.zone.gz.md5 (56 bytes).
Length: 56

     0K                                                       100% 8.53K=0.006s

226 Transfer complete.
2017-03-27 00:00:43 (8.53 KB/s) - ‘./domain/ip6.arpa.zone.gz.md5’ saved [56]

Remote file is newer than local file ‘./domain/ip6.arpa.zone.gz.sha256’ -- retrieving.

--2017-03-27 00:00:43--  ftp://ftp.internic.net/domain/ip6.arpa.zone.gz.sha256
           => ‘./domain/ip6.arpa.zone.gz.sha256’
==> CWD not required.
--> PASV

227 Entering Passive Mode (192,0,32,9,41,166)
--> RETR ip6.arpa.zone.gz.sha256

150 Opening BINARY mode data connection for ip6.arpa.zone.gz.sha256 (91 bytes).
Length: 91

     0K                                                       100% 1.50M=0s

226 Transfer complete.
2017-03-27 00:00:44 (1.50 MB/s) - ‘./domain/ip6.arpa.zone.gz.sha256’ saved [91]

Remote file is newer than local file ‘./domain/ip6.arpa.zone.md5’ -- retrieving.

--2017-03-27 00:00:44--  ftp://ftp.internic.net/domain/ip6.arpa.zone.md5
           => ‘./domain/ip6.arpa.zone.md5’
==> CWD not required.
--> PASV

227 Entering Passive Mode (192,0,32,9,42,162)
--> RETR ip6.arpa.zone.md5

150 Opening BINARY mode data connection for ip6.arpa.zone.md5 (53 bytes).
Length: 53

     0K                                                       100%  466K=0s

226 Transfer complete.
2017-03-27 00:00:45 (466 KB/s) - ‘./domain/ip6.arpa.zone.md5’ saved [53]

Remote file is newer than local file ‘./domain/ip6.arpa.zone.sha256’ -- retrieving.

--2017-03-27 00:00:45--  ftp://ftp.internic.net/domain/ip6.arpa.zone.sha256
           => ‘./domain/ip6.arpa.zone.sha256’
==> CWD not required.
--> PASV

227 Entering Passive Mode (192,0,32,9,42,149)
--> RETR ip6.arpa.zone.sha256

150 Opening BINARY mode data connection for ip6.arpa.zone.sha256 (88 bytes).
Length: 88

     0K                                                       100%  506K=0s

226 Transfer complete.
2017-03-27 00:00:46 (506 KB/s) - ‘./domain/ip6.arpa.zone.sha256’ saved [88]

Remote file is newer than local file ‘./domain/last_update.txt’ -- retrieving.

--2017-03-27 00:00:46--  ftp://ftp.internic.net/domain/last_update.txt
           => ‘./domain/last_update.txt’
==> CWD not required.
--> PASV

227 Entering Passive Mode (192,0,32,9,200,77)
--> RETR last_update.txt

150 Opening BINARY mode data connection for last_update.txt (21 bytes).
Length: 21

     0K                                                       100% 8.24K=0.002s

226 Transfer complete.
2017-03-27 00:00:47 (8.24 KB/s) - ‘./domain/last_update.txt’ saved [21]

Remote file no newer than local file ‘./domain/named.cache’ -- not retrieving.
Remote file no newer than local file ‘./domain/named.cache.md5’ -- not retrieving.
Remote file no newer than local file ‘./domain/named.cache.sig’ -- not retrieving.
Remote file no newer than local file ‘./domain/named.root’ -- not retrieving.
Remote file no newer than local file ‘./domain/named.root.md5’ -- not retrieving.
Remote file no newer than local file ‘./domain/named.root.sig’ -- not retrieving.
Remote file no newer than local file ‘./domain/root-servers.net.zone’ -- not retrieving.
Remote file no newer than local file ‘./domain/root-servers.net.zone.gz’ -- not retrieving.
Remote file no newer than local file ‘./domain/root-servers.net.zone.gz.md5’ -- not retrieving.
Remote file no newer than local file ‘./domain/root-servers.net.zone.gz.sig’ -- not retrieving.
The sizes do not match (local 2231697) -- retrieving.

--2017-03-27 00:00:47--  ftp://ftp.internic.net/domain/root.zone
           => ‘./domain/root.zone’
==> CWD not required.
--> PASV

227 Entering Passive Mode (192,0,32,9,41,76)
--> RETR root.zone

150 Opening BINARY mode data connection for root.zone (2232132 bytes).
Length: 2232132 (2.1M)

     0K .......... .......... .......... .......... ..........  2% 61.1K 35s
    50K .......... .......... .......... .......... ..........  4% 63.1K 34s
   100K .......... .......... .......... .......... ..........  6% 62.0K 33s
   150K .......... .......... .......... .......... ..........  9% 91.1K 29s
   200K .......... .......... .......... .......... .......... 11% 93.2K 27s
   250K .......... .......... .......... .......... .......... 13% 66.9K 27s
   300K .......... .......... .......... .......... .......... 16%  104M 22s
   350K .......... .......... .......... .......... .......... 18%  117K 21s
   400K .......... .......... .......... .......... .......... 20%  106K 20s
   450K .......... .......... .......... .......... .......... 22%  136K 19s
   500K .......... .......... .......... .......... .......... 25% 64.8K 19s
   550K .......... .......... .......... .......... .......... 27%  191K 17s
   600K .......... .......... .......... .......... .......... 29% 94.9K 17s
   650K .......... .......... .......... .......... .......... 32% 92.3K 16s
   700K .......... .......... .......... .......... .......... 34% 92.1K 16s
   750K .......... .......... .......... .......... .......... 36% 65.4K 15s
   800K .......... .......... .......... .......... .......... 38%  135K 15s
   850K .......... .......... .......... .......... .......... 41% 18.1K 17s
   900K .......... .......... .......... .......... .......... 43%  174K 16s
   950K .......... .......... .......... .......... .......... 45% 45.8K 16s
  1000K .......... .......... .......... .......... .......... 48% 91.6K 15s
  1050K .......... .......... .......... .......... .......... 50% 92.0K 14s
  1100K .......... .......... .......... .......... .......... 52% 60.5K 14s
  1150K .......... .......... .......... .......... .......... 55% 60.3K 13s
  1200K .......... .......... .......... .......... .......... 57% 30.6K 13s
  1250K .......... .......... .......... .......... .......... 59% 18.0K 14s
  1300K .......... .......... .......... .......... .......... 61% 17.4K 14s
  1350K .......... .......... .......... .......... .......... 64% 18.4K 15s
  1400K .......... .......... .......... .......... .......... 66% 18.1K 15s
  1450K .......... .......... .......... .......... .......... 68% 45.9K 14s
  1500K .......... .......... .......... .......... .......... 71% 51.2K 13s
  1550K .......... .......... .......... .......... .......... 73% 91.0K 11s
  1600K .......... .......... .......... .......... .......... 75%  132K 10s
  1650K .......... .......... .......... .......... .......... 77%  114K 9s
  1700K .......... .......... .......... .......... .......... 80% 81.3K 8s
  1750K .......... .......... .......... .......... .......... 82% 73.7K 7s
  1800K .......... .......... .......... .......... .......... 84% 39.7M 6s
  1850K .......... .......... .......... .......... .......... 87% 39.4M 5s
  1900K .......... .......... .......... .......... .......... 89%  286K 4s
  1950K .......... .......... .......... .......... .......... 91% 99.7K 3s
  2000K .......... .......... .......... .......... .......... 94%  151K 2s
  2050K .......... .......... .......... .......... .......... 96% 72.7K 1s
  2100K .......... .......... .......... .......... .......... 98%  129K 0s
  2150K .......... .......... .........                       100%  119K=36s

226 Transfer complete.
2017-03-27 00:01:24 (60.5 KB/s) - ‘./domain/root.zone’ saved [2232132]

The sizes do not match (local 1048123) -- retrieving.

--2017-03-27 00:01:24--  ftp://ftp.internic.net/domain/root.zone.gz
           => ‘./domain/root.zone.gz’
==> CWD not required.
--> PASV

227 Entering Passive Mode (192,0,32,9,125,120)
--> RETR root.zone.gz

150 Opening BINARY mode data connection for root.zone.gz (1048226 bytes).
Length: 1048226 (1024K)

     0K .......... .......... .......... .......... ..........  4% 91.6K 11s
    50K .......... .......... .......... .......... ..........  9%  119K 9s
   100K .......... .......... .......... .......... .......... 14%  149K 8s
   150K .......... .......... .......... .......... .......... 19%  293K 6s
   200K .......... .......... .......... .......... .......... 24%  149K 6s
   250K .......... .......... .......... .......... .......... 29%  295K 5s
   300K .......... .......... .......... .......... .......... 34%  295K 4s
   350K .......... .......... .......... .......... .......... 39%  256K 4s
   400K .......... .......... .......... .......... .......... 43%  291K 3s
   450K .......... .......... .......... .......... .......... 48%  159K 3s
   500K .......... .......... .......... .......... .......... 53%  298K 3s
   550K .......... .......... .......... .......... .......... 58%  298K 2s
   600K .......... .......... .......... .......... .......... 63% 2.14M 2s
   650K .......... .......... .......... .......... .......... 68%  298K 2s
   700K .......... .......... .......... .......... .......... 73%  302K 1s
   750K .......... .......... .......... .......... .......... 78%  298K 1s
   800K .......... .......... .......... .......... .......... 83%  299K 1s
   850K .......... .......... .......... .......... .......... 87%  331K 1s
   900K .......... .......... .......... .......... .......... 92% 2.33M 0s
   950K .......... .......... .......... .......... .......... 97%  302K 0s
  1000K .......... .......... ...                             100% 10.9M=4.2s

226 Transfer complete.
2017-03-27 00:01:29 (244 KB/s) - ‘./domain/root.zone.gz’ saved [1048226]

Remote file is newer than local file ‘./domain/root.zone.gz.md5’ -- retrieving.

--2017-03-27 00:01:29--  ftp://ftp.internic.net/domain/root.zone.gz.md5
           => ‘./domain/root.zone.gz.md5’
==> CWD not required.
--> PASV

227 Entering Passive Mode (192,0,32,9,42,229)
--> RETR root.zone.gz.md5

150 Opening BINARY mode data connection for root.zone.gz.md5 (33 bytes).
Length: 33

     0K                                                       100%  280K=0s

226 Transfer complete.
2017-03-27 00:01:30 (280 KB/s) - ‘./domain/root.zone.gz.md5’ saved [33]

Remote file is newer than local file ‘./domain/root.zone.gz.sig’ -- retrieving.

--2017-03-27 00:01:30--  ftp://ftp.internic.net/domain/root.zone.gz.sig
           => ‘./domain/root.zone.gz.sig’
==> CWD not required.
--> PASV

227 Entering Passive Mode (192,0,32,9,139,84)
--> RETR root.zone.gz.sig

150 Opening BINARY mode data connection for root.zone.gz.sig (72 bytes).
Length: 72

     0K                                                       100%  633K=0s

226 Transfer complete.
2017-03-27 00:01:30 (633 KB/s) - ‘./domain/root.zone.gz.sig’ saved [72]

Remote file is newer than local file ‘./domain/root.zone.md5’ -- retrieving.

--2017-03-27 00:01:31--  ftp://ftp.internic.net/domain/root.zone.md5
           => ‘./domain/root.zone.md5’
==> CWD not required.
--> PASV

227 Entering Passive Mode (192,0,32,9,180,22)
--> RETR root.zone.md5

150 Opening BINARY mode data connection for root.zone.md5 (33 bytes).
Length: 33

     0K                                                       100%  556K=0s

226 Transfer complete.
2017-03-27 00:01:31 (556 KB/s) - ‘./domain/root.zone.md5’ saved [33]

Remote file is newer than local file ‘./domain/root.zone.sig’ -- retrieving.

--2017-03-27 00:01:31--  ftp://ftp.internic.net/domain/root.zone.sig
           => ‘./domain/root.zone.sig’
==> CWD not required.
--> PASV

227 Entering Passive Mode (192,0,32,9,203,116)
--> RETR root.zone.sig

150 Opening BINARY mode data connection for root.zone.sig (72 bytes).
Length: 72

     0K                                                       100%  879K=0s

226 Transfer complete.
2017-03-27 00:01:32 (879 KB/s) - ‘./domain/root.zone.sig’ saved [72]

FINISHED --2017-03-27 00:01:32--
Total wall clock time: 1m 31s
Downloaded: 40 files, 3.9M in 51s (78.7 KB/s)
