--2017-09-04 00:00:01--  ftp://ftp.internic.net/*
           => ‘./.listing’
Resolving ftp.internic.net (ftp.internic.net)... 192.0.32.9, 2620:0:2d0:200::9
Connecting to ftp.internic.net (ftp.internic.net)|192.0.32.9|:21... connected.
Logging in as anonymous ... 
220 Internic FTP Server
--> USER anonymous

331 Please specify the password.
--> PASS Turtle Power!

230 Login successful.
--> SYST

215 UNIX Type: L8
--> PWD

257 "/"
--> TYPE I

200 Switching to Binary mode.
==> CWD not needed.
--> PASV

227 Entering Passive Mode (192,0,32,9,97,235)
--> LIST -a

150 Here comes the directory listing.

     0K                                                        2.30M=0s

226 Directory send OK.
drwxr-xr-x    3 ftp      ftp          4096 Apr 04  2012 .
drwxr-xr-x    3 ftp      ftp          4096 Apr 04  2012 ..
drwxr-xr-x    2 ftp      ftp          4096 Sep 09  2015 domain
2017-09-04 00:00:06 (2.30 MB/s) - ‘./.listing’ saved [183]

--2017-09-04 00:00:06--  ftp://ftp.internic.net/domain/*
           => ‘./domain/.listing’
--> CWD /domain

250 Directory successfully changed.
--> PASV

227 Entering Passive Mode (192,0,32,9,204,177)
--> LIST -a

150 Here comes the directory listing.

     0K ...                                                    18.1M=0s

226 Directory send OK.
drwxr-xr-x    2 ftp      ftp          4096 Sep 09  2015 .
drwxr-xr-x    3 ftp      ftp          4096 Apr 04  2012 ..
-rw-r--r--    1 ftp      ftp          1829 Aug 18  2015 .listing
-rw-r--r--    1 ftp      ftp          1224 Sep 03 12:50 INTERNIC_ROOT_ZONE.signatures
-rw-r--r--    1 ftp      ftp          1469 Sep 03 12:50 INTERNIC_ROOT_ZONE.signatures.asc
-rw-r--r--    1 ftp      ftp         15228 Sep 03 12:50 arpa.zone
-rw-r--r--    1 ftp      ftp          6649 Sep 03 12:50 arpa.zone.gz
-rw-r--r--    1 ftp      ftp            33 Sep 03 12:50 arpa.zone.gz.md5
-rw-r--r--    1 ftp      ftp            72 Sep 03 12:50 arpa.zone.gz.sig
-rw-r--r--    1 ftp      ftp          3316 Aug 29 13:58 db.cache
-rw-r--r--    1 ftp      ftp            33 Aug 29 13:59 db.cache.md5
-rw-r--r--    1 ftp      ftp            72 Aug 29 13:59 db.cache.sig
-rw-r--r--    1 ftp      ftp        228558 Sep 03 15:41 in-addr.arpa
-rw-r--r--    1 ftp      ftp         90825 Sep 03 15:41 in-addr.arpa.gz
-rw-r--r--    1 ftp      ftp            55 Sep 03 15:41 in-addr.arpa.gz.md5
-rw-r--r--    1 ftp      ftp            90 Sep 03 15:41 in-addr.arpa.gz.sha256
-rw-r--r--    1 ftp      ftp            52 Sep 03 15:41 in-addr.arpa.md5
-rw-r--r--    1 ftp      ftp            87 Sep 03 15:41 in-addr.arpa.sha256
-rw-r--r--    1 ftp      ftp        228558 Sep 03 15:41 in-addr.arpa.zone
-rw-r--r--    1 ftp      ftp         90825 Sep 03 15:41 in-addr.arpa.zone.gz
-rw-r--r--    1 ftp      ftp            60 Sep 03 15:41 in-addr.arpa.zone.gz.md5
-rw-r--r--    1 ftp      ftp            95 Sep 03 15:41 in-addr.arpa.zone.gz.sha256
-rw-r--r--    1 ftp      ftp            57 Sep 03 15:41 in-addr.arpa.zone.md5
-rw-r--r--    1 ftp      ftp            92 Sep 03 15:41 in-addr.arpa.zone.sha256
-rw-r--r--    1 ftp      ftp         61151 Sep 03 15:41 ip6.arpa
-rw-r--r--    1 ftp      ftp         24319 Sep 03 15:41 ip6.arpa.gz
-rw-r--r--    1 ftp      ftp            51 Sep 03 15:41 ip6.arpa.gz.md5
-rw-r--r--    1 ftp      ftp            86 Sep 03 15:41 ip6.arpa.gz.sha256
-rw-r--r--    1 ftp      ftp            48 Sep 03 15:41 ip6.arpa.md5
-rw-r--r--    1 ftp      ftp            83 Sep 03 15:41 ip6.arpa.sha256
-rw-r--r--    1 ftp      ftp         61151 Sep 03 15:41 ip6.arpa.zone
-rw-r--r--    1 ftp      ftp         24319 Sep 03 15:41 ip6.arpa.zone.gz
-rw-r--r--    1 ftp      ftp            56 Sep 03 15:41 ip6.arpa.zone.gz.md5
-rw-r--r--    1 ftp      ftp            91 Sep 03 15:41 ip6.arpa.zone.gz.sha256
-rw-r--r--    1 ftp      ftp            53 Sep 03 15:41 ip6.arpa.zone.md5
-rw-r--r--    1 ftp      ftp            88 Sep 03 15:41 ip6.arpa.zone.sha256
-rw-r--r--    1 ftp      ftp            21 Sep 03 15:41 last_update.txt
-rw-r--r--    1 ftp      ftp          3316 Aug 29 13:58 named.cache
-rw-r--r--    1 ftp      ftp            33 Aug 29 13:59 named.cache.md5
-rw-r--r--    1 ftp      ftp            72 Aug 29 13:59 named.cache.sig
-rw-r--r--    1 ftp      ftp          3316 Aug 29 13:59 named.root
-rw-r--r--    1 ftp      ftp            33 Aug 29 13:59 named.root.md5
-rw-r--r--    1 ftp      ftp            72 Aug 29 13:59 named.root.sig
-rw-r--r--    1 ftp      ftp          2111 Aug 29 13:59 root-servers.net.zone
-rw-r--r--    1 ftp      ftp           574 Aug 29 13:59 root-servers.net.zone.gz
-rw-r--r--    1 ftp      ftp            33 Aug 29 13:59 root-servers.net.zone.gz.md5
-rw-r--r--    1 ftp      ftp            72 Aug 29 13:59 root-servers.net.zone.gz.sig
-rw-r--r--    1 ftp      ftp       2257002 Sep 03 05:11 root.zone
-rw-r--r--    1 ftp      ftp       1060429 Sep 03 05:11 root.zone.gz
-rw-r--r--    1 ftp      ftp            33 Sep 03 05:11 root.zone.gz.md5
-rw-r--r--    1 ftp      ftp            72 Sep 03 05:11 root.zone.gz.sig
-rw-r--r--    1 ftp      ftp            33 Sep 03 05:11 root.zone.md5
-rw-r--r--    1 ftp      ftp            72 Sep 03 05:11 root.zone.sig
2017-09-04 00:00:08 (18.1 MB/s) - ‘./domain/.listing’ saved [3930]

The sizes do not match (local 3930) -- retrieving.

--2017-09-04 00:00:08--  ftp://ftp.internic.net/domain/.listing
           => ‘./domain/.listing’
==> CWD not required.
--> PASV

227 Entering Passive Mode (192,0,32,9,73,185)
--> RETR .listing

150 Opening BINARY mode data connection for .listing (1829 bytes).
Length: 1829 (1.8K)

     0K .                                                     100%  655K=0.003s

226 Transfer complete.
2017-09-04 00:00:09 (655 KB/s) - ‘./domain/.listing’ saved [1829]

Remote file is newer than local file ‘./domain/INTERNIC_ROOT_ZONE.signatures’ -- retrieving.

--2017-09-04 00:00:09--  ftp://ftp.internic.net/domain/INTERNIC_ROOT_ZONE.signatures
           => ‘./domain/INTERNIC_ROOT_ZONE.signatures’
==> CWD not required.
--> PASV

227 Entering Passive Mode (192,0,32,9,222,206)
--> RETR INTERNIC_ROOT_ZONE.signatures

150 Opening BINARY mode data connection for INTERNIC_ROOT_ZONE.signatures (1224 bytes).
Length: 1224 (1.2K)

     0K .                                                     100% 6.18M=0s

226 Transfer complete.
2017-09-04 00:00:10 (6.18 MB/s) - ‘./domain/INTERNIC_ROOT_ZONE.signatures’ saved [1224]

Remote file is newer than local file ‘./domain/INTERNIC_ROOT_ZONE.signatures.asc’ -- retrieving.

--2017-09-04 00:00:10--  ftp://ftp.internic.net/domain/INTERNIC_ROOT_ZONE.signatures.asc
           => ‘./domain/INTERNIC_ROOT_ZONE.signatures.asc’
==> CWD not required.
--> PASV

227 Entering Passive Mode (192,0,32,9,208,64)
--> RETR INTERNIC_ROOT_ZONE.signatures.asc

150 Opening BINARY mode data connection for INTERNIC_ROOT_ZONE.signatures.asc (1469 bytes).
Length: 1469 (1.4K)

     0K .                                                     100% 6.52M=0s

226 Transfer complete.
2017-09-04 00:00:11 (6.52 MB/s) - ‘./domain/INTERNIC_ROOT_ZONE.signatures.asc’ saved [1469]

Remote file is newer than local file ‘./domain/arpa.zone’ -- retrieving.

--2017-09-04 00:00:11--  ftp://ftp.internic.net/domain/arpa.zone
           => ‘./domain/arpa.zone’
==> CWD not required.
--> PASV

227 Entering Passive Mode (192,0,32,9,215,157)
--> RETR arpa.zone

150 Opening BINARY mode data connection for arpa.zone (15228 bytes).
Length: 15228 (15K)

     0K .......... ....                                       100% 10.6M=0.001s

226 Transfer complete.
2017-09-04 00:00:13 (10.6 MB/s) - ‘./domain/arpa.zone’ saved [15228]

The sizes do not match (local 6639) -- retrieving.

--2017-09-04 00:00:13--  ftp://ftp.internic.net/domain/arpa.zone.gz
           => ‘./domain/arpa.zone.gz’
==> CWD not required.
--> PASV

227 Entering Passive Mode (192,0,32,9,235,12)
--> RETR arpa.zone.gz

150 Opening BINARY mode data connection for arpa.zone.gz (6649 bytes).
Length: 6649 (6.5K)

     0K ......                                                100% 4.14M=0.002s

226 Transfer complete.
2017-09-04 00:00:14 (4.14 MB/s) - ‘./domain/arpa.zone.gz’ saved [6649]

Remote file is newer than local file ‘./domain/arpa.zone.gz.md5’ -- retrieving.

--2017-09-04 00:00:14--  ftp://ftp.internic.net/domain/arpa.zone.gz.md5
           => ‘./domain/arpa.zone.gz.md5’
==> CWD not required.
--> PASV

227 Entering Passive Mode (192,0,32,9,41,25)
--> RETR arpa.zone.gz.md5

150 Opening BINARY mode data connection for arpa.zone.gz.md5 (33 bytes).
Length: 33

     0K                                                       100%  199K=0s

226 Transfer complete.
2017-09-04 00:00:15 (199 KB/s) - ‘./domain/arpa.zone.gz.md5’ saved [33]

Remote file is newer than local file ‘./domain/arpa.zone.gz.sig’ -- retrieving.

--2017-09-04 00:00:15--  ftp://ftp.internic.net/domain/arpa.zone.gz.sig
           => ‘./domain/arpa.zone.gz.sig’
==> CWD not required.
--> PASV

227 Entering Passive Mode (192,0,32,9,167,119)
--> RETR arpa.zone.gz.sig

150 Opening BINARY mode data connection for arpa.zone.gz.sig (72 bytes).
Length: 72

     0K                                                       100%  317K=0s

226 Transfer complete.
2017-09-04 00:00:16 (317 KB/s) - ‘./domain/arpa.zone.gz.sig’ saved [72]

Remote file no newer than local file ‘./domain/db.cache’ -- not retrieving.
Remote file no newer than local file ‘./domain/db.cache.md5’ -- not retrieving.
Remote file no newer than local file ‘./domain/db.cache.sig’ -- not retrieving.
Remote file is newer than local file ‘./domain/in-addr.arpa’ -- retrieving.

--2017-09-04 00:00:16--  ftp://ftp.internic.net/domain/in-addr.arpa
           => ‘./domain/in-addr.arpa’
==> CWD not required.
--> PASV

227 Entering Passive Mode (192,0,32,9,25,36)
--> RETR in-addr.arpa

150 Opening BINARY mode data connection for in-addr.arpa (228558 bytes).
Length: 228558 (223K)

     0K .......... .......... .......... .......... .......... 22% 59.5K 3s
    50K .......... .......... .......... .......... .......... 44% 55.4K 2s
   100K .......... .......... .......... .......... .......... 67% 40.9K 1s
   150K .......... .......... .......... .......... .......... 89% 58.5K 0s
   200K .......... .......... ...                             100% 99.4K=4.1s

226 Transfer complete.
2017-09-04 00:00:21 (55.1 KB/s) - ‘./domain/in-addr.arpa’ saved [228558]

Remote file is newer than local file ‘./domain/in-addr.arpa.gz’ -- retrieving.

--2017-09-04 00:00:21--  ftp://ftp.internic.net/domain/in-addr.arpa.gz
           => ‘./domain/in-addr.arpa.gz’
==> CWD not required.
--> PASV

227 Entering Passive Mode (192,0,32,9,110,36)
--> RETR in-addr.arpa.gz

150 Opening BINARY mode data connection for in-addr.arpa.gz (90825 bytes).
Length: 90825 (89K)

     0K .......... .......... .......... .......... .......... 56% 54.3K 1s
    50K .......... .......... .......... ........             100% 42.0K=1.8s

226 Transfer complete.
2017-09-04 00:00:24 (48.2 KB/s) - ‘./domain/in-addr.arpa.gz’ saved [90825]

Remote file is newer than local file ‘./domain/in-addr.arpa.gz.md5’ -- retrieving.

--2017-09-04 00:00:24--  ftp://ftp.internic.net/domain/in-addr.arpa.gz.md5
           => ‘./domain/in-addr.arpa.gz.md5’
==> CWD not required.
--> PASV

227 Entering Passive Mode (192,0,32,9,164,196)
--> RETR in-addr.arpa.gz.md5

150 Opening BINARY mode data connection for in-addr.arpa.gz.md5 (55 bytes).
Length: 55

     0K                                                       100%  378K=0s

226 Transfer complete.
2017-09-04 00:00:25 (378 KB/s) - ‘./domain/in-addr.arpa.gz.md5’ saved [55]

Remote file is newer than local file ‘./domain/in-addr.arpa.gz.sha256’ -- retrieving.

--2017-09-04 00:00:25--  ftp://ftp.internic.net/domain/in-addr.arpa.gz.sha256
           => ‘./domain/in-addr.arpa.gz.sha256’
==> CWD not required.
--> PASV

227 Entering Passive Mode (192,0,32,9,42,122)
--> RETR in-addr.arpa.gz.sha256

150 Opening BINARY mode data connection for in-addr.arpa.gz.sha256 (90 bytes).
Length: 90

     0K                                                       100%  692K=0s

226 Transfer complete.
2017-09-04 00:00:27 (692 KB/s) - ‘./domain/in-addr.arpa.gz.sha256’ saved [90]

Remote file is newer than local file ‘./domain/in-addr.arpa.md5’ -- retrieving.

--2017-09-04 00:00:27--  ftp://ftp.internic.net/domain/in-addr.arpa.md5
           => ‘./domain/in-addr.arpa.md5’
==> CWD not required.
--> PASV

227 Entering Passive Mode (192,0,32,9,102,86)
--> RETR in-addr.arpa.md5

150 Opening BINARY mode data connection for in-addr.arpa.md5 (52 bytes).
Length: 52

     0K                                                       100%  326K=0s

226 Transfer complete.
2017-09-04 00:00:29 (326 KB/s) - ‘./domain/in-addr.arpa.md5’ saved [52]

Remote file is newer than local file ‘./domain/in-addr.arpa.sha256’ -- retrieving.

--2017-09-04 00:00:29--  ftp://ftp.internic.net/domain/in-addr.arpa.sha256
           => ‘./domain/in-addr.arpa.sha256’
==> CWD not required.
--> PASV

227 Entering Passive Mode (192,0,32,9,184,21)
--> RETR in-addr.arpa.sha256

150 Opening BINARY mode data connection for in-addr.arpa.sha256 (87 bytes).
Length: 87

     0K                                                       100%  582K=0s

226 Transfer complete.
2017-09-04 00:00:30 (582 KB/s) - ‘./domain/in-addr.arpa.sha256’ saved [87]

Remote file is newer than local file ‘./domain/in-addr.arpa.zone’ -- retrieving.

--2017-09-04 00:00:30--  ftp://ftp.internic.net/domain/in-addr.arpa.zone
           => ‘./domain/in-addr.arpa.zone’
==> CWD not required.
--> PASV

227 Entering Passive Mode (192,0,32,9,162,165)
--> RETR in-addr.arpa.zone

150 Opening BINARY mode data connection for in-addr.arpa.zone (228558 bytes).
Length: 228558 (223K)

     0K .......... .......... .......... .......... .......... 22% 62.6K 3s
    50K .......... .......... .......... .......... .......... 44% 54.6K 2s
   100K .......... .......... .......... .......... .......... 67% 40.7K 1s
   150K .......... .......... .......... .......... .......... 89% 61.1K 0s
   200K .......... .......... ...                             100% 74.6K=4.1s

226 Transfer complete.
2017-09-04 00:00:35 (54.8 KB/s) - ‘./domain/in-addr.arpa.zone’ saved [228558]

Remote file is newer than local file ‘./domain/in-addr.arpa.zone.gz’ -- retrieving.

--2017-09-04 00:00:35--  ftp://ftp.internic.net/domain/in-addr.arpa.zone.gz
           => ‘./domain/in-addr.arpa.zone.gz’
==> CWD not required.
--> PASV

227 Entering Passive Mode (192,0,32,9,41,196)
--> RETR in-addr.arpa.zone.gz

150 Opening BINARY mode data connection for in-addr.arpa.zone.gz (90825 bytes).
Length: 90825 (89K)

     0K .......... .......... .......... .......... .......... 56% 17.5K 2s
    50K .......... .......... .......... ........             100% 63.0K=3.5s

226 Transfer complete.
2017-09-04 00:00:39 (25.5 KB/s) - ‘./domain/in-addr.arpa.zone.gz’ saved [90825]

Remote file is newer than local file ‘./domain/in-addr.arpa.zone.gz.md5’ -- retrieving.

--2017-09-04 00:00:39--  ftp://ftp.internic.net/domain/in-addr.arpa.zone.gz.md5
           => ‘./domain/in-addr.arpa.zone.gz.md5’
==> CWD not required.
--> PASV

227 Entering Passive Mode (192,0,32,9,219,86)
--> RETR in-addr.arpa.zone.gz.md5

150 Opening BINARY mode data connection for in-addr.arpa.zone.gz.md5 (60 bytes).
Length: 60

     0K                                                       100%  698K=0s

226 Transfer complete.
2017-09-04 00:00:41 (698 KB/s) - ‘./domain/in-addr.arpa.zone.gz.md5’ saved [60]

Remote file is newer than local file ‘./domain/in-addr.arpa.zone.gz.sha256’ -- retrieving.

--2017-09-04 00:00:41--  ftp://ftp.internic.net/domain/in-addr.arpa.zone.gz.sha256
           => ‘./domain/in-addr.arpa.zone.gz.sha256’
==> CWD not required.
--> PASV

227 Entering Passive Mode (192,0,32,9,146,111)
--> RETR in-addr.arpa.zone.gz.sha256

150 Opening BINARY mode data connection for in-addr.arpa.zone.gz.sha256 (95 bytes).
Length: 95

     0K                                                       100%  524K=0s

226 Transfer complete.
2017-09-04 00:00:42 (524 KB/s) - ‘./domain/in-addr.arpa.zone.gz.sha256’ saved [95]

Remote file is newer than local file ‘./domain/in-addr.arpa.zone.md5’ -- retrieving.

--2017-09-04 00:00:42--  ftp://ftp.internic.net/domain/in-addr.arpa.zone.md5
           => ‘./domain/in-addr.arpa.zone.md5’
==> CWD not required.
--> PASV

227 Entering Passive Mode (192,0,32,9,61,135)
--> RETR in-addr.arpa.zone.md5

150 Opening BINARY mode data connection for in-addr.arpa.zone.md5 (57 bytes).
Length: 57

     0K                                                       100%  235K=0s

226 Transfer complete.
2017-09-04 00:00:43 (235 KB/s) - ‘./domain/in-addr.arpa.zone.md5’ saved [57]

Remote file is newer than local file ‘./domain/in-addr.arpa.zone.sha256’ -- retrieving.

--2017-09-04 00:00:43--  ftp://ftp.internic.net/domain/in-addr.arpa.zone.sha256
           => ‘./domain/in-addr.arpa.zone.sha256’
==> CWD not required.
--> PASV

227 Entering Passive Mode (192,0,32,9,190,73)
--> RETR in-addr.arpa.zone.sha256

150 Opening BINARY mode data connection for in-addr.arpa.zone.sha256 (92 bytes).
Length: 92

     0K                                                       100%  221K=0s

226 Transfer complete.
2017-09-04 00:00:44 (221 KB/s) - ‘./domain/in-addr.arpa.zone.sha256’ saved [92]

Remote file is newer than local file ‘./domain/ip6.arpa’ -- retrieving.

--2017-09-04 00:00:44--  ftp://ftp.internic.net/domain/ip6.arpa
           => ‘./domain/ip6.arpa’
==> CWD not required.
--> PASV

227 Entering Passive Mode (192,0,32,9,41,163)
--> RETR ip6.arpa

150 Opening BINARY mode data connection for ip6.arpa (61151 bytes).
Length: 61151 (60K)

     0K .......... .......... .......... .......... .......... 83% 40.8K 0s
    50K .........                                             100% 35.1M=1.2s

226 Transfer complete.
2017-09-04 00:00:47 (48.7 KB/s) - ‘./domain/ip6.arpa’ saved [61151]

Remote file is newer than local file ‘./domain/ip6.arpa.gz’ -- retrieving.

--2017-09-04 00:00:47--  ftp://ftp.internic.net/domain/ip6.arpa.gz
           => ‘./domain/ip6.arpa.gz’
==> CWD not required.
--> PASV

227 Entering Passive Mode (192,0,32,9,89,137)
--> RETR ip6.arpa.gz

150 Opening BINARY mode data connection for ip6.arpa.gz (24319 bytes).
Length: 24319 (24K)

     0K .......... .......... ...                             100% 77.6K=0.3s

226 Transfer complete.
2017-09-04 00:00:48 (77.6 KB/s) - ‘./domain/ip6.arpa.gz’ saved [24319]

Remote file is newer than local file ‘./domain/ip6.arpa.gz.md5’ -- retrieving.

--2017-09-04 00:00:48--  ftp://ftp.internic.net/domain/ip6.arpa.gz.md5
           => ‘./domain/ip6.arpa.gz.md5’
==> CWD not required.
--> PASV

227 Entering Passive Mode (192,0,32,9,154,10)
--> RETR ip6.arpa.gz.md5

150 Opening BINARY mode data connection for ip6.arpa.gz.md5 (51 bytes).
Length: 51

     0K                                                       100%  647K=0s

226 Transfer complete.
2017-09-04 00:00:49 (647 KB/s) - ‘./domain/ip6.arpa.gz.md5’ saved [51]

Remote file is newer than local file ‘./domain/ip6.arpa.gz.sha256’ -- retrieving.

--2017-09-04 00:00:49--  ftp://ftp.internic.net/domain/ip6.arpa.gz.sha256
           => ‘./domain/ip6.arpa.gz.sha256’
==> CWD not required.
--> PASV

227 Entering Passive Mode (192,0,32,9,133,127)
--> RETR ip6.arpa.gz.sha256

150 Opening BINARY mode data connection for ip6.arpa.gz.sha256 (86 bytes).
Length: 86

     0K                                                         0% 0.00 =0s

2017-09-04 00:15:50 (0.00 B/s) - Data connection: Connection timed out; 
226 Transfer complete.
Retrying.

--2017-09-04 00:15:51--  ftp://ftp.internic.net/domain/ip6.arpa.gz.sha256
  (try: 2) => ‘./domain/ip6.arpa.gz.sha256’
==> CWD not required.
--> PASV


Write failed, closing control connection.
Retrying.

--2017-09-04 00:15:53--  ftp://ftp.internic.net/domain/ip6.arpa.gz.sha256
  (try: 3) => ‘./domain/ip6.arpa.gz.sha256’
Connecting to ftp.internic.net (ftp.internic.net)|192.0.32.9|:21... connected.
Logging in as anonymous ... 
220 Internic FTP Server
--> USER anonymous

331 Please specify the password.
--> PASS Turtle Power!

230 Login successful.
--> SYST

215 UNIX Type: L8
--> PWD

257 "/"
--> TYPE I

200 Switching to Binary mode.
--> CWD /domain

250 Directory successfully changed.
--> PASV

227 Entering Passive Mode (192,0,32,9,102,214)
--> RETR ip6.arpa.gz.sha256

150 Opening BINARY mode data connection for ip6.arpa.gz.sha256 (86 bytes).
Length: 86

     0K                                                       100% 1.00M=0s

226 Transfer complete.
2017-09-04 00:16:00 (1.00 MB/s) - ‘./domain/ip6.arpa.gz.sha256’ saved [86]

Remote file is newer than local file ‘./domain/ip6.arpa.md5’ -- retrieving.

--2017-09-04 00:16:00--  ftp://ftp.internic.net/domain/ip6.arpa.md5
           => ‘./domain/ip6.arpa.md5’
==> CWD not required.
--> PASV

227 Entering Passive Mode (192,0,32,9,210,159)
--> RETR ip6.arpa.md5

150 Opening BINARY mode data connection for ip6.arpa.md5 (48 bytes).
Length: 48

     0K                                                       100%  279K=0s

226 Transfer complete.
2017-09-04 00:16:01 (279 KB/s) - ‘./domain/ip6.arpa.md5’ saved [48]

Remote file is newer than local file ‘./domain/ip6.arpa.sha256’ -- retrieving.

--2017-09-04 00:16:01--  ftp://ftp.internic.net/domain/ip6.arpa.sha256
           => ‘./domain/ip6.arpa.sha256’
==> CWD not required.
--> PASV

227 Entering Passive Mode (192,0,32,9,113,134)
--> RETR ip6.arpa.sha256

150 Opening BINARY mode data connection for ip6.arpa.sha256 (83 bytes).
Length: 83

     0K                                                       100% 1.10M=0s

226 Transfer complete.
2017-09-04 00:16:02 (1.10 MB/s) - ‘./domain/ip6.arpa.sha256’ saved [83]

Remote file is newer than local file ‘./domain/ip6.arpa.zone’ -- retrieving.

--2017-09-04 00:16:02--  ftp://ftp.internic.net/domain/ip6.arpa.zone
           => ‘./domain/ip6.arpa.zone’
==> CWD not required.
--> PASV

227 Entering Passive Mode (192,0,32,9,61,176)
--> RETR ip6.arpa.zone

150 Opening BINARY mode data connection for ip6.arpa.zone (61151 bytes).
Length: 61151 (60K)

     0K .......... .......... .......... .......... .......... 83% 87.2K 0s
    50K .........                                             100% 38.9M=0.6s

226 Transfer complete.
2017-09-04 00:16:04 (104 KB/s) - ‘./domain/ip6.arpa.zone’ saved [61151]

Remote file is newer than local file ‘./domain/ip6.arpa.zone.gz’ -- retrieving.

--2017-09-04 00:16:04--  ftp://ftp.internic.net/domain/ip6.arpa.zone.gz
           => ‘./domain/ip6.arpa.zone.gz’
==> CWD not required.
--> PASV

227 Entering Passive Mode (192,0,32,9,42,106)
--> RETR ip6.arpa.zone.gz

150 Opening BINARY mode data connection for ip6.arpa.zone.gz (24319 bytes).
Length: 24319 (24K)

     0K .......... .......... ...                             100% 77.2K=0.3s

226 Transfer complete.
2017-09-04 00:16:05 (77.2 KB/s) - ‘./domain/ip6.arpa.zone.gz’ saved [24319]

Remote file is newer than local file ‘./domain/ip6.arpa.zone.gz.md5’ -- retrieving.

--2017-09-04 00:16:05--  ftp://ftp.internic.net/domain/ip6.arpa.zone.gz.md5
           => ‘./domain/ip6.arpa.zone.gz.md5’
==> CWD not required.
--> PASV

227 Entering Passive Mode (192,0,32,9,41,217)
--> RETR ip6.arpa.zone.gz.md5

150 Opening BINARY mode data connection for ip6.arpa.zone.gz.md5 (56 bytes).
Length: 56

     0K                                                       100%  516K=0s

226 Transfer complete.
2017-09-04 00:16:06 (516 KB/s) - ‘./domain/ip6.arpa.zone.gz.md5’ saved [56]

Remote file is newer than local file ‘./domain/ip6.arpa.zone.gz.sha256’ -- retrieving.

--2017-09-04 00:16:06--  ftp://ftp.internic.net/domain/ip6.arpa.zone.gz.sha256
           => ‘./domain/ip6.arpa.zone.gz.sha256’
==> CWD not required.
--> PASV

227 Entering Passive Mode (192,0,32,9,18,191)
--> RETR ip6.arpa.zone.gz.sha256

150 Opening BINARY mode data connection for ip6.arpa.zone.gz.sha256 (91 bytes).
Length: 91

     0K                                                       100% 1.03M=0s

226 Transfer complete.
2017-09-04 00:16:08 (1.03 MB/s) - ‘./domain/ip6.arpa.zone.gz.sha256’ saved [91]

Remote file is newer than local file ‘./domain/ip6.arpa.zone.md5’ -- retrieving.

--2017-09-04 00:16:08--  ftp://ftp.internic.net/domain/ip6.arpa.zone.md5
           => ‘./domain/ip6.arpa.zone.md5’
==> CWD not required.
--> PASV

227 Entering Passive Mode (192,0,32,9,41,174)
--> RETR ip6.arpa.zone.md5

150 Opening BINARY mode data connection for ip6.arpa.zone.md5 (53 bytes).
Length: 53

     0K                                                       100%  672K=0s

226 Transfer complete.
2017-09-04 00:16:09 (672 KB/s) - ‘./domain/ip6.arpa.zone.md5’ saved [53]

Remote file is newer than local file ‘./domain/ip6.arpa.zone.sha256’ -- retrieving.

--2017-09-04 00:16:09--  ftp://ftp.internic.net/domain/ip6.arpa.zone.sha256
           => ‘./domain/ip6.arpa.zone.sha256’
==> CWD not required.
--> PASV

227 Entering Passive Mode (192,0,32,9,80,42)
--> RETR ip6.arpa.zone.sha256

150 Opening BINARY mode data connection for ip6.arpa.zone.sha256 (88 bytes).
Length: 88

     0K                                                       100%  110K=0.001s

226 Transfer complete.
2017-09-04 00:16:10 (110 KB/s) - ‘./domain/ip6.arpa.zone.sha256’ saved [88]

Remote file is newer than local file ‘./domain/last_update.txt’ -- retrieving.

--2017-09-04 00:16:10--  ftp://ftp.internic.net/domain/last_update.txt
           => ‘./domain/last_update.txt’
==> CWD not required.
--> PASV

227 Entering Passive Mode (192,0,32,9,198,219)
--> RETR last_update.txt

150 Opening BINARY mode data connection for last_update.txt (21 bytes).
Length: 21

     0K                                                       100%  277K=0s

226 Transfer complete.
2017-09-04 00:16:11 (277 KB/s) - ‘./domain/last_update.txt’ saved [21]

Remote file no newer than local file ‘./domain/named.cache’ -- not retrieving.
Remote file no newer than local file ‘./domain/named.cache.md5’ -- not retrieving.
Remote file no newer than local file ‘./domain/named.cache.sig’ -- not retrieving.
Remote file no newer than local file ‘./domain/named.root’ -- not retrieving.
Remote file no newer than local file ‘./domain/named.root.md5’ -- not retrieving.
Remote file no newer than local file ‘./domain/named.root.sig’ -- not retrieving.
Remote file no newer than local file ‘./domain/root-servers.net.zone’ -- not retrieving.
Remote file no newer than local file ‘./domain/root-servers.net.zone.gz’ -- not retrieving.
Remote file no newer than local file ‘./domain/root-servers.net.zone.gz.md5’ -- not retrieving.
Remote file no newer than local file ‘./domain/root-servers.net.zone.gz.sig’ -- not retrieving.
Remote file is newer than local file ‘./domain/root.zone’ -- retrieving.

--2017-09-04 00:16:11--  ftp://ftp.internic.net/domain/root.zone
           => ‘./domain/root.zone’
==> CWD not required.
--> PASV

227 Entering Passive Mode (192,0,32,9,41,52)
--> RETR root.zone

150 Opening BINARY mode data connection for root.zone (2257002 bytes).
Length: 2257002 (2.2M)

     0K .......... .......... .......... .......... ..........  2% 54.0K 40s
    50K .......... .......... .......... .......... ..........  4% 72.0K 34s
   100K .......... .......... .......... .......... ..........  6% 65.7K 33s
   150K .......... .......... .......... .......... ..........  9% 45.5K 35s
   200K .......... .......... .......... .......... .......... 11% 81.5K 32s
   250K .......... .......... .......... .......... .......... 13% 37.7K 34s
   300K .......... .......... .......... .......... .......... 15% 77.9K 32s
   350K .......... .......... .......... .......... .......... 18% 33.1K 34s
   400K .......... .......... .......... .......... .......... 20% 34.9K 35s
   450K .......... .......... .......... .......... .......... 22% 24.4K 38s
   500K .......... .......... .......... .......... .......... 24% 32.5K 38s
   550K .......... .......... .......... .......... .......... 27% 23.3K 39s
   600K .......... .......... .......... .......... .......... 29% 40.7K 38s
   650K .......... .......... .......... .......... .......... 31% 43.1K 37s
   700K .......... .......... .......... .......... .......... 34% 56.1K 35s
   750K .......... .......... .......... .......... .......... 36% 40.6K 34s
   800K .......... .......... .......... .......... .......... 38% 35.0K 33s
   850K .......... .......... .......... .......... .......... 40% 28.9K 32s
   900K .......... .......... .......... .......... .......... 43% 51.5K 31s
   950K .......... .......... .......... .......... .......... 45% 24.9K 31s
  1000K .......... .......... .......... .......... .......... 47% 27.1K 30s
  1050K .......... .......... .......... .......... .......... 49% 40.7K 29s
  1100K .......... .......... .......... .......... .......... 52% 40.6K 27s
  1150K .......... .......... .......... .......... .......... 54% 28.8K 26s
  1200K .......... .......... .......... .......... .......... 56% 81.0K 24s
  1250K .......... .......... .......... .......... .......... 58% 54.1K 23s
  1300K .......... .......... .......... .......... .......... 61% 61.3K 21s
  1350K .......... .......... .......... .......... .......... 63% 54.0K 20s
  1400K .......... .......... .......... .......... .......... 65% 54.4K 19s
  1450K .......... .......... .......... .......... .......... 68% 61.2K 17s
  1500K .......... .......... .......... .......... .......... 70% 40.5K 16s
  1550K .......... .......... .......... .......... .......... 72% 40.8K 15s
  1600K .......... .......... .......... .......... .......... 74% 40.7K 13s
  1650K .......... .......... .......... .......... .......... 77% 32.6K 12s
  1700K .......... .......... .......... .......... .......... 79% 54.2K 11s
  1750K .......... .......... .......... .......... .......... 81% 35.1K 10s
  1800K .......... .......... .......... .......... .......... 83% 48.2K 9s
  1850K .......... .......... .......... .......... .......... 86% 54.3K 7s
  1900K .......... .......... .......... .......... .......... 88% 44.4K 6s
  1950K .......... .......... .......... .......... .......... 90% 32.5K 5s
  2000K .......... .......... .......... .......... .......... 93% 28.7K 4s
  2050K .......... .......... .......... .......... .......... 95% 32.6K 3s
  2100K .......... .......... .......... .......... .......... 97% 40.6K 1s
  2150K .......... .......... .......... .......... .......... 99% 40.7K 0s
  2200K ....                                                  100% 13.6K=55s

226 Transfer complete.
2017-09-04 00:17:07 (40.3 KB/s) - ‘./domain/root.zone’ saved [2257002]

The sizes do not match (local 1060376) -- retrieving.

--2017-09-04 00:17:07--  ftp://ftp.internic.net/domain/root.zone.gz
           => ‘./domain/root.zone.gz’
==> CWD not required.
--> PASV

227 Entering Passive Mode (192,0,32,9,158,9)
--> RETR root.zone.gz

150 Opening BINARY mode data connection for root.zone.gz (1060429 bytes).
Length: 1060429 (1.0M)

     0K .......... .......... .......... .......... ..........  4% 19.5K 50s
    50K .......... .......... .......... .......... ..........  9% 54.4K 33s
   100K .......... .......... .......... .......... .......... 14% 54.4K 26s
   150K .......... .......... .......... .......... .......... 19% 81.1K 21s
   200K .......... .......... .......... .......... .......... 24% 40.8K 20s
   250K .......... .......... .......... .......... .......... 28% 40.7K 18s
   300K .......... .......... .......... .......... .......... 33% 40.7K 17s
   350K .......... .......... .......... .......... .......... 38% 52.5K 15s
   400K .......... .......... .......... .......... .......... 43% 27.6K 15s
   450K .......... .......... .......... .......... .......... 48% 32.5K 14s
   500K .......... .......... .......... .......... .......... 53% 32.6K 13s
   550K .......... .......... .......... .......... .......... 57% 23.3K 12s
   600K .......... .......... .......... .......... .......... 62% 32.5K 11s
   650K .......... .......... .......... .......... .......... 67% 12.2K 11s
   700K .......... .......... .......... .......... .......... 72% 20.3K 9s
   750K .......... .......... .......... .......... .......... 77% 27.1K 8s
   800K .......... .......... .......... .......... .......... 82% 23.3K 6s
   850K .......... .......... .......... .......... .......... 86% 16.3K 5s
   900K .......... .......... .......... .......... .......... 91% 32.6K 3s
   950K .......... .......... .......... .......... .......... 96% 40.6K 1s
  1000K .......... .......... .......... .....                100% 38.5K=36s

226 Transfer complete.
2017-09-04 00:17:44 (29.1 KB/s) - ‘./domain/root.zone.gz’ saved [1060429]

Remote file is newer than local file ‘./domain/root.zone.gz.md5’ -- retrieving.

--2017-09-04 00:17:44--  ftp://ftp.internic.net/domain/root.zone.gz.md5
           => ‘./domain/root.zone.gz.md5’
==> CWD not required.
--> PASV

227 Entering Passive Mode (192,0,32,9,180,116)
--> RETR root.zone.gz.md5

150 Opening BINARY mode data connection for root.zone.gz.md5 (33 bytes).
Length: 33

     0K                                                       100%  177K=0s

226 Transfer complete.
2017-09-04 00:17:45 (177 KB/s) - ‘./domain/root.zone.gz.md5’ saved [33]

Remote file is newer than local file ‘./domain/root.zone.gz.sig’ -- retrieving.

--2017-09-04 00:17:45--  ftp://ftp.internic.net/domain/root.zone.gz.sig
           => ‘./domain/root.zone.gz.sig’
==> CWD not required.
--> PASV

227 Entering Passive Mode (192,0,32,9,136,149)
--> RETR root.zone.gz.sig

150 Opening BINARY mode data connection for root.zone.gz.sig (72 bytes).
Length: 72

     0K                                                       100%  434K=0s

226 Transfer complete.
2017-09-04 00:17:47 (434 KB/s) - ‘./domain/root.zone.gz.sig’ saved [72]

Remote file is newer than local file ‘./domain/root.zone.md5’ -- retrieving.

--2017-09-04 00:17:47--  ftp://ftp.internic.net/domain/root.zone.md5
           => ‘./domain/root.zone.md5’
==> CWD not required.
--> PASV

227 Entering Passive Mode (192,0,32,9,27,204)
--> RETR root.zone.md5

150 Opening BINARY mode data connection for root.zone.md5 (33 bytes).
Length: 33

     0K                                                       100%  141K=0s

226 Transfer complete.
2017-09-04 00:17:49 (141 KB/s) - ‘./domain/root.zone.md5’ saved [33]

Remote file is newer than local file ‘./domain/root.zone.sig’ -- retrieving.

--2017-09-04 00:17:49--  ftp://ftp.internic.net/domain/root.zone.sig
           => ‘./domain/root.zone.sig’
==> CWD not required.
--> PASV

227 Entering Passive Mode (192,0,32,9,229,197)
--> RETR root.zone.sig

150 Opening BINARY mode data connection for root.zone.sig (72 bytes).
Length: 72

     0K                                                       100%  317K=0s

226 Transfer complete.
2017-09-04 00:17:50 (317 KB/s) - ‘./domain/root.zone.sig’ saved [72]

FINISHED --2017-09-04 00:17:50--
Total wall clock time: 17m 48s
Downloaded: 40 files, 4.0M in 1m 46s (38.3 KB/s)
