--2017-08-20 00:00:03--  ftp://ftp.internic.net/*
           => ‘./.listing’
Resolving ftp.internic.net (ftp.internic.net)... 192.0.32.9, 2620:0:2d0:200::9
Connecting to ftp.internic.net (ftp.internic.net)|192.0.32.9|:21... connected.
Logging in as anonymous ... 
220 Internic FTP Server
--> USER anonymous

331 Please specify the password.
--> PASS Turtle Power!

230 Login successful.
--> SYST

215 UNIX Type: L8
--> PWD

257 "/"
--> TYPE I

200 Switching to Binary mode.
==> CWD not needed.
--> PASV

227 Entering Passive Mode (192,0,32,9,42,251)
--> LIST -a

150 Here comes the directory listing.

     0K                                                        2.01M=0s

226 Directory send OK.
drwxr-xr-x    3 ftp      ftp          4096 Apr 04  2012 .
drwxr-xr-x    3 ftp      ftp          4096 Apr 04  2012 ..
drwxr-xr-x    2 ftp      ftp          4096 Sep 09  2015 domain
2017-08-20 00:00:07 (2.01 MB/s) - ‘./.listing’ saved [183]

--2017-08-20 00:00:08--  ftp://ftp.internic.net/domain/*
           => ‘./domain/.listing’
--> CWD /domain

250 Directory successfully changed.
--> PASV

227 Entering Passive Mode (192,0,32,9,168,67)
--> LIST -a

150 Here comes the directory listing.

     0K ...                                                    34.1M=0s

226 Directory send OK.
drwxr-xr-x    2 ftp      ftp          4096 Sep 09  2015 .
drwxr-xr-x    3 ftp      ftp          4096 Apr 04  2012 ..
-rw-r--r--    1 ftp      ftp          1829 Aug 18  2015 .listing
-rw-r--r--    1 ftp      ftp          1224 Aug 19 12:22 INTERNIC_ROOT_ZONE.signatures
-rw-r--r--    1 ftp      ftp          1469 Aug 19 12:22 INTERNIC_ROOT_ZONE.signatures.asc
-rw-r--r--    1 ftp      ftp         15228 Aug 19 12:22 arpa.zone
-rw-r--r--    1 ftp      ftp          6647 Aug 19 12:22 arpa.zone.gz
-rw-r--r--    1 ftp      ftp            33 Aug 19 12:22 arpa.zone.gz.md5
-rw-r--r--    1 ftp      ftp            72 Aug 19 12:22 arpa.zone.gz.sig
-rw-r--r--    1 ftp      ftp          3314 Jul 26 14:54 db.cache
-rw-r--r--    1 ftp      ftp            33 Jul 26 14:54 db.cache.md5
-rw-r--r--    1 ftp      ftp            72 Jul 26 14:54 db.cache.sig
-rw-r--r--    1 ftp      ftp        228780 Aug 19 15:41 in-addr.arpa
-rw-r--r--    1 ftp      ftp         90913 Aug 19 15:41 in-addr.arpa.gz
-rw-r--r--    1 ftp      ftp            55 Aug 19 15:41 in-addr.arpa.gz.md5
-rw-r--r--    1 ftp      ftp            90 Aug 19 15:41 in-addr.arpa.gz.sha256
-rw-r--r--    1 ftp      ftp            52 Aug 19 15:41 in-addr.arpa.md5
-rw-r--r--    1 ftp      ftp            87 Aug 19 15:41 in-addr.arpa.sha256
-rw-r--r--    1 ftp      ftp        228780 Aug 19 15:41 in-addr.arpa.zone
-rw-r--r--    1 ftp      ftp         90913 Aug 19 15:41 in-addr.arpa.zone.gz
-rw-r--r--    1 ftp      ftp            60 Aug 19 15:41 in-addr.arpa.zone.gz.md5
-rw-r--r--    1 ftp      ftp            95 Aug 19 15:41 in-addr.arpa.zone.gz.sha256
-rw-r--r--    1 ftp      ftp            57 Aug 19 15:41 in-addr.arpa.zone.md5
-rw-r--r--    1 ftp      ftp            92 Aug 19 15:41 in-addr.arpa.zone.sha256
-rw-r--r--    1 ftp      ftp         61369 Aug 19 15:41 ip6.arpa
-rw-r--r--    1 ftp      ftp         24499 Aug 19 15:41 ip6.arpa.gz
-rw-r--r--    1 ftp      ftp            51 Aug 19 15:41 ip6.arpa.gz.md5
-rw-r--r--    1 ftp      ftp            86 Aug 19 15:41 ip6.arpa.gz.sha256
-rw-r--r--    1 ftp      ftp            48 Aug 19 15:41 ip6.arpa.md5
-rw-r--r--    1 ftp      ftp            83 Aug 19 15:41 ip6.arpa.sha256
-rw-r--r--    1 ftp      ftp         61369 Aug 19 15:41 ip6.arpa.zone
-rw-r--r--    1 ftp      ftp         24499 Aug 19 15:41 ip6.arpa.zone.gz
-rw-r--r--    1 ftp      ftp            56 Aug 19 15:41 ip6.arpa.zone.gz.md5
-rw-r--r--    1 ftp      ftp            91 Aug 19 15:41 ip6.arpa.zone.gz.sha256
-rw-r--r--    1 ftp      ftp            53 Aug 19 15:41 ip6.arpa.zone.md5
-rw-r--r--    1 ftp      ftp            88 Aug 19 15:41 ip6.arpa.zone.sha256
-rw-r--r--    1 ftp      ftp            21 Aug 19 15:41 last_update.txt
-rw-r--r--    1 ftp      ftp          3314 Jul 26 14:54 named.cache
-rw-r--r--    1 ftp      ftp            33 Jul 26 14:54 named.cache.md5
-rw-r--r--    1 ftp      ftp            72 Jul 26 14:54 named.cache.sig
-rw-r--r--    1 ftp      ftp          3314 Jul 26 14:54 named.root
-rw-r--r--    1 ftp      ftp            33 Jul 26 14:54 named.root.md5
-rw-r--r--    1 ftp      ftp            72 Jul 26 14:54 named.root.sig
-rw-r--r--    1 ftp      ftp          2111 Jul 26 14:53 root-servers.net.zone
-rw-r--r--    1 ftp      ftp           573 Jul 26 14:53 root-servers.net.zone.gz
-rw-r--r--    1 ftp      ftp            33 Jul 26 14:53 root-servers.net.zone.gz.md5
-rw-r--r--    1 ftp      ftp            72 Jul 26 14:53 root-servers.net.zone.gz.sig
-rw-r--r--    1 ftp      ftp       2263495 Aug 19 05:21 root.zone
-rw-r--r--    1 ftp      ftp       1063025 Aug 19 05:22 root.zone.gz
-rw-r--r--    1 ftp      ftp            33 Aug 19 05:21 root.zone.gz.md5
-rw-r--r--    1 ftp      ftp            72 Aug 19 05:22 root.zone.gz.sig
-rw-r--r--    1 ftp      ftp            33 Aug 19 05:21 root.zone.md5
-rw-r--r--    1 ftp      ftp            72 Aug 19 05:22 root.zone.sig
2017-08-20 00:00:09 (34.1 MB/s) - ‘./domain/.listing’ saved [3930]

The sizes do not match (local 3930) -- retrieving.

--2017-08-20 00:00:09--  ftp://ftp.internic.net/domain/.listing
           => ‘./domain/.listing’
==> CWD not required.
--> PASV

227 Entering Passive Mode (192,0,32,9,133,145)
--> RETR .listing

150 Opening BINARY mode data connection for .listing (1829 bytes).
Length: 1829 (1.8K)

     0K .                                                     100%  745K=0.002s

226 Transfer complete.
2017-08-20 00:00:10 (745 KB/s) - ‘./domain/.listing’ saved [1829]

Remote file is newer than local file ‘./domain/INTERNIC_ROOT_ZONE.signatures’ -- retrieving.

--2017-08-20 00:00:10--  ftp://ftp.internic.net/domain/INTERNIC_ROOT_ZONE.signatures
           => ‘./domain/INTERNIC_ROOT_ZONE.signatures’
==> CWD not required.
--> PASV

227 Entering Passive Mode (192,0,32,9,7,102)
--> RETR INTERNIC_ROOT_ZONE.signatures

150 Opening BINARY mode data connection for INTERNIC_ROOT_ZONE.signatures (1224 bytes).
Length: 1224 (1.2K)

     0K .                                                     100% 9.34M=0s

226 Transfer complete.
2017-08-20 00:00:12 (9.34 MB/s) - ‘./domain/INTERNIC_ROOT_ZONE.signatures’ saved [1224]

Remote file is newer than local file ‘./domain/INTERNIC_ROOT_ZONE.signatures.asc’ -- retrieving.

--2017-08-20 00:00:12--  ftp://ftp.internic.net/domain/INTERNIC_ROOT_ZONE.signatures.asc
           => ‘./domain/INTERNIC_ROOT_ZONE.signatures.asc’
==> CWD not required.
--> PASV

227 Entering Passive Mode (192,0,32,9,193,154)
--> RETR INTERNIC_ROOT_ZONE.signatures.asc

150 Opening BINARY mode data connection for INTERNIC_ROOT_ZONE.signatures.asc (1469 bytes).
Length: 1469 (1.4K)

     0K .                                                     100% 35.0M=0s

226 Transfer complete.
2017-08-20 00:00:13 (35.0 MB/s) - ‘./domain/INTERNIC_ROOT_ZONE.signatures.asc’ saved [1469]

Remote file is newer than local file ‘./domain/arpa.zone’ -- retrieving.

--2017-08-20 00:00:13--  ftp://ftp.internic.net/domain/arpa.zone
           => ‘./domain/arpa.zone’
==> CWD not required.
--> PASV

227 Entering Passive Mode (192,0,32,9,42,1)
--> RETR arpa.zone

150 Opening BINARY mode data connection for arpa.zone (15228 bytes).
Length: 15228 (15K)

     0K .......... ....                                       100% 21.7M=0.001s

226 Transfer complete.
2017-08-20 00:00:14 (21.7 MB/s) - ‘./domain/arpa.zone’ saved [15228]

The sizes do not match (local 6640) -- retrieving.

--2017-08-20 00:00:14--  ftp://ftp.internic.net/domain/arpa.zone.gz
           => ‘./domain/arpa.zone.gz’
==> CWD not required.
--> PASV

227 Entering Passive Mode (192,0,32,9,18,233)
--> RETR arpa.zone.gz

150 Opening BINARY mode data connection for arpa.zone.gz (6647 bytes).
Length: 6647 (6.5K)

     0K ......                                                100% 54.6M=0s

226 Transfer complete.
2017-08-20 00:00:15 (54.6 MB/s) - ‘./domain/arpa.zone.gz’ saved [6647]

Remote file is newer than local file ‘./domain/arpa.zone.gz.md5’ -- retrieving.

--2017-08-20 00:00:15--  ftp://ftp.internic.net/domain/arpa.zone.gz.md5
           => ‘./domain/arpa.zone.gz.md5’
==> CWD not required.
--> PASV

227 Entering Passive Mode (192,0,32,9,157,185)
--> RETR arpa.zone.gz.md5

150 Opening BINARY mode data connection for arpa.zone.gz.md5 (33 bytes).
Length: 33

     0K                                                       100%  332K=0s

226 Transfer complete.
2017-08-20 00:00:17 (332 KB/s) - ‘./domain/arpa.zone.gz.md5’ saved [33]

Remote file is newer than local file ‘./domain/arpa.zone.gz.sig’ -- retrieving.

--2017-08-20 00:00:17--  ftp://ftp.internic.net/domain/arpa.zone.gz.sig
           => ‘./domain/arpa.zone.gz.sig’
==> CWD not required.
--> PASV

227 Entering Passive Mode (192,0,32,9,91,255)
--> RETR arpa.zone.gz.sig

150 Opening BINARY mode data connection for arpa.zone.gz.sig (72 bytes).
Length: 72

     0K                                                       100%  439K=0s

226 Transfer complete.
2017-08-20 00:00:18 (439 KB/s) - ‘./domain/arpa.zone.gz.sig’ saved [72]

Remote file no newer than local file ‘./domain/db.cache’ -- not retrieving.
Remote file no newer than local file ‘./domain/db.cache.md5’ -- not retrieving.
Remote file no newer than local file ‘./domain/db.cache.sig’ -- not retrieving.
Remote file is newer than local file ‘./domain/in-addr.arpa’ -- retrieving.

--2017-08-20 00:00:18--  ftp://ftp.internic.net/domain/in-addr.arpa
           => ‘./domain/in-addr.arpa’
==> CWD not required.
--> PASV

227 Entering Passive Mode (192,0,32,9,73,8)
--> RETR in-addr.arpa

150 Opening BINARY mode data connection for in-addr.arpa (228780 bytes).
Length: 228780 (223K)

     0K .......... .......... .......... .......... .......... 22% 54.2K 3s
    50K .......... .......... .......... .......... .......... 44% 51.7K 2s
   100K .......... .......... .......... .......... .......... 67% 54.9K 1s
   150K .......... .......... .......... .......... .......... 89% 72.7K 0s
   200K .......... .......... ...                             100% 77.7K=3.8s

226 Transfer complete.
2017-08-20 00:00:23 (59.0 KB/s) - ‘./domain/in-addr.arpa’ saved [228780]

Remote file is newer than local file ‘./domain/in-addr.arpa.gz’ -- retrieving.

--2017-08-20 00:00:23--  ftp://ftp.internic.net/domain/in-addr.arpa.gz
           => ‘./domain/in-addr.arpa.gz’
==> CWD not required.
--> PASV

227 Entering Passive Mode (192,0,32,9,41,72)
--> RETR in-addr.arpa.gz

150 Opening BINARY mode data connection for in-addr.arpa.gz (90913 bytes).
Length: 90913 (89K)

     0K .......... .......... .......... .......... .......... 56% 55.2K 1s
    50K .......... .......... .......... ........             100% 62.0K=1.5s

226 Transfer complete.
2017-08-20 00:00:26 (58.0 KB/s) - ‘./domain/in-addr.arpa.gz’ saved [90913]

Remote file is newer than local file ‘./domain/in-addr.arpa.gz.md5’ -- retrieving.

--2017-08-20 00:00:26--  ftp://ftp.internic.net/domain/in-addr.arpa.gz.md5
           => ‘./domain/in-addr.arpa.gz.md5’
==> CWD not required.
--> PASV

227 Entering Passive Mode (192,0,32,9,12,34)
--> RETR in-addr.arpa.gz.md5

150 Opening BINARY mode data connection for in-addr.arpa.gz.md5 (55 bytes).
Length: 55

     0K                                                       100%  767K=0s

226 Transfer complete.
2017-08-20 00:00:27 (767 KB/s) - ‘./domain/in-addr.arpa.gz.md5’ saved [55]

Remote file is newer than local file ‘./domain/in-addr.arpa.gz.sha256’ -- retrieving.

--2017-08-20 00:00:27--  ftp://ftp.internic.net/domain/in-addr.arpa.gz.sha256
           => ‘./domain/in-addr.arpa.gz.sha256’
==> CWD not required.
--> PASV

227 Entering Passive Mode (192,0,32,9,42,123)
--> RETR in-addr.arpa.gz.sha256

150 Opening BINARY mode data connection for in-addr.arpa.gz.sha256 (90 bytes).
Length: 90

     0K                                                       100%  862K=0s

226 Transfer complete.
2017-08-20 00:00:28 (862 KB/s) - ‘./domain/in-addr.arpa.gz.sha256’ saved [90]

Remote file is newer than local file ‘./domain/in-addr.arpa.md5’ -- retrieving.

--2017-08-20 00:00:28--  ftp://ftp.internic.net/domain/in-addr.arpa.md5
           => ‘./domain/in-addr.arpa.md5’
==> CWD not required.
--> PASV

227 Entering Passive Mode (192,0,32,9,41,39)
--> RETR in-addr.arpa.md5

150 Opening BINARY mode data connection for in-addr.arpa.md5 (52 bytes).
Length: 52

     0K                                                       100%  584K=0s

226 Transfer complete.
2017-08-20 00:00:29 (584 KB/s) - ‘./domain/in-addr.arpa.md5’ saved [52]

Remote file is newer than local file ‘./domain/in-addr.arpa.sha256’ -- retrieving.

--2017-08-20 00:00:29--  ftp://ftp.internic.net/domain/in-addr.arpa.sha256
           => ‘./domain/in-addr.arpa.sha256’
==> CWD not required.
--> PASV

227 Entering Passive Mode (192,0,32,9,147,98)
--> RETR in-addr.arpa.sha256

150 Opening BINARY mode data connection for in-addr.arpa.sha256 (87 bytes).
Length: 87

     0K                                                       100% 1.06M=0s

226 Transfer complete.
2017-08-20 00:00:30 (1.06 MB/s) - ‘./domain/in-addr.arpa.sha256’ saved [87]

Remote file is newer than local file ‘./domain/in-addr.arpa.zone’ -- retrieving.

--2017-08-20 00:00:30--  ftp://ftp.internic.net/domain/in-addr.arpa.zone
           => ‘./domain/in-addr.arpa.zone’
==> CWD not required.
--> PASV

227 Entering Passive Mode (192,0,32,9,88,38)
--> RETR in-addr.arpa.zone

150 Opening BINARY mode data connection for in-addr.arpa.zone (228780 bytes).
Length: 228780 (223K)

     0K .......... .......... .......... .......... .......... 22% 56.6K 3s
    50K .......... .......... .......... .......... .......... 44% 54.2K 2s
   100K .......... .......... .......... .......... .......... 67% 81.0K 1s
   150K .......... .......... .......... .......... .......... 89% 53.9K 0s
   200K .......... .......... ...                             100% 28.2M=3.4s

226 Transfer complete.
2017-08-20 00:00:35 (66.7 KB/s) - ‘./domain/in-addr.arpa.zone’ saved [228780]

Remote file is newer than local file ‘./domain/in-addr.arpa.zone.gz’ -- retrieving.

--2017-08-20 00:00:35--  ftp://ftp.internic.net/domain/in-addr.arpa.zone.gz
           => ‘./domain/in-addr.arpa.zone.gz’
==> CWD not required.
--> PASV

227 Entering Passive Mode (192,0,32,9,41,77)
--> RETR in-addr.arpa.zone.gz

150 Opening BINARY mode data connection for in-addr.arpa.zone.gz (90913 bytes).
Length: 90913 (89K)

     0K .......... .......... .......... .......... .......... 56% 81.1K 0s
    50K .......... .......... .......... ........             100% 62.5K=1.2s

226 Transfer complete.
2017-08-20 00:00:37 (71.8 KB/s) - ‘./domain/in-addr.arpa.zone.gz’ saved [90913]

Remote file is newer than local file ‘./domain/in-addr.arpa.zone.gz.md5’ -- retrieving.

--2017-08-20 00:00:37--  ftp://ftp.internic.net/domain/in-addr.arpa.zone.gz.md5
           => ‘./domain/in-addr.arpa.zone.gz.md5’
==> CWD not required.
--> PASV

227 Entering Passive Mode (192,0,32,9,75,85)
--> RETR in-addr.arpa.zone.gz.md5

150 Opening BINARY mode data connection for in-addr.arpa.zone.gz.md5 (60 bytes).
Length: 60

     0K                                                       100%  732K=0s

226 Transfer complete.
2017-08-20 00:00:38 (732 KB/s) - ‘./domain/in-addr.arpa.zone.gz.md5’ saved [60]

Remote file is newer than local file ‘./domain/in-addr.arpa.zone.gz.sha256’ -- retrieving.

--2017-08-20 00:00:38--  ftp://ftp.internic.net/domain/in-addr.arpa.zone.gz.sha256
           => ‘./domain/in-addr.arpa.zone.gz.sha256’
==> CWD not required.
--> PASV

227 Entering Passive Mode (192,0,32,9,208,190)
--> RETR in-addr.arpa.zone.gz.sha256

150 Opening BINARY mode data connection for in-addr.arpa.zone.gz.sha256 (95 bytes).
Length: 95

     0K                                                       100% 1.22M=0s

226 Transfer complete.
2017-08-20 00:00:40 (1.22 MB/s) - ‘./domain/in-addr.arpa.zone.gz.sha256’ saved [95]

Remote file is newer than local file ‘./domain/in-addr.arpa.zone.md5’ -- retrieving.

--2017-08-20 00:00:40--  ftp://ftp.internic.net/domain/in-addr.arpa.zone.md5
           => ‘./domain/in-addr.arpa.zone.md5’
==> CWD not required.
--> PASV

227 Entering Passive Mode (192,0,32,9,41,114)
--> RETR in-addr.arpa.zone.md5

150 Opening BINARY mode data connection for in-addr.arpa.zone.md5 (57 bytes).
Length: 57

     0K                                                       100%  546K=0s

226 Transfer complete.
2017-08-20 00:00:41 (546 KB/s) - ‘./domain/in-addr.arpa.zone.md5’ saved [57]

Remote file is newer than local file ‘./domain/in-addr.arpa.zone.sha256’ -- retrieving.

--2017-08-20 00:00:41--  ftp://ftp.internic.net/domain/in-addr.arpa.zone.sha256
           => ‘./domain/in-addr.arpa.zone.sha256’
==> CWD not required.
--> PASV

227 Entering Passive Mode (192,0,32,9,154,196)
--> RETR in-addr.arpa.zone.sha256

150 Opening BINARY mode data connection for in-addr.arpa.zone.sha256 (92 bytes).
Length: 92

     0K                                                       100%  817K=0s

226 Transfer complete.
2017-08-20 00:00:42 (817 KB/s) - ‘./domain/in-addr.arpa.zone.sha256’ saved [92]

Remote file is newer than local file ‘./domain/ip6.arpa’ -- retrieving.

--2017-08-20 00:00:42--  ftp://ftp.internic.net/domain/ip6.arpa
           => ‘./domain/ip6.arpa’
==> CWD not required.
--> PASV

227 Entering Passive Mode (192,0,32,9,19,173)
--> RETR ip6.arpa

150 Opening BINARY mode data connection for ip6.arpa (61369 bytes).
Length: 61369 (60K)

     0K .......... .......... .......... .......... .......... 83% 78.0K 0s
    50K .........                                             100% 32.4K=0.9s

226 Transfer complete.
2017-08-20 00:00:44 (63.2 KB/s) - ‘./domain/ip6.arpa’ saved [61369]

Remote file is newer than local file ‘./domain/ip6.arpa.gz’ -- retrieving.

--2017-08-20 00:00:44--  ftp://ftp.internic.net/domain/ip6.arpa.gz
           => ‘./domain/ip6.arpa.gz’
==> CWD not required.
--> PASV

227 Entering Passive Mode (192,0,32,9,23,35)
--> RETR ip6.arpa.gz

150 Opening BINARY mode data connection for ip6.arpa.gz (24499 bytes).
Length: 24499 (24K)

     0K .......... .......... ...                             100% 78.7K=0.3s

226 Transfer complete.
2017-08-20 00:00:46 (78.7 KB/s) - ‘./domain/ip6.arpa.gz’ saved [24499]

Remote file is newer than local file ‘./domain/ip6.arpa.gz.md5’ -- retrieving.

--2017-08-20 00:00:46--  ftp://ftp.internic.net/domain/ip6.arpa.gz.md5
           => ‘./domain/ip6.arpa.gz.md5’
==> CWD not required.
--> PASV

227 Entering Passive Mode (192,0,32,9,195,226)
--> RETR ip6.arpa.gz.md5

150 Opening BINARY mode data connection for ip6.arpa.gz.md5 (51 bytes).
Length: 51

     0K                                                       100%  630K=0s

226 Transfer complete.
2017-08-20 00:00:47 (630 KB/s) - ‘./domain/ip6.arpa.gz.md5’ saved [51]

Remote file is newer than local file ‘./domain/ip6.arpa.gz.sha256’ -- retrieving.

--2017-08-20 00:00:47--  ftp://ftp.internic.net/domain/ip6.arpa.gz.sha256
           => ‘./domain/ip6.arpa.gz.sha256’
==> CWD not required.
--> PASV

227 Entering Passive Mode (192,0,32,9,171,255)
--> RETR ip6.arpa.gz.sha256

150 Opening BINARY mode data connection for ip6.arpa.gz.sha256 (86 bytes).
Length: 86

     0K                                                       100% 1.09M=0s

226 Transfer complete.
2017-08-20 00:00:48 (1.09 MB/s) - ‘./domain/ip6.arpa.gz.sha256’ saved [86]

Remote file is newer than local file ‘./domain/ip6.arpa.md5’ -- retrieving.

--2017-08-20 00:00:48--  ftp://ftp.internic.net/domain/ip6.arpa.md5
           => ‘./domain/ip6.arpa.md5’
==> CWD not required.
--> PASV

227 Entering Passive Mode (192,0,32,9,41,232)
--> RETR ip6.arpa.md5

150 Opening BINARY mode data connection for ip6.arpa.md5 (48 bytes).
Length: 48

     0K                                                       100%  593K=0s

226 Transfer complete.
2017-08-20 00:00:49 (593 KB/s) - ‘./domain/ip6.arpa.md5’ saved [48]

Remote file is newer than local file ‘./domain/ip6.arpa.sha256’ -- retrieving.

--2017-08-20 00:00:49--  ftp://ftp.internic.net/domain/ip6.arpa.sha256
           => ‘./domain/ip6.arpa.sha256’
==> CWD not required.
--> PASV

227 Entering Passive Mode (192,0,32,9,14,176)
--> RETR ip6.arpa.sha256

150 Opening BINARY mode data connection for ip6.arpa.sha256 (83 bytes).
Length: 83

     0K                                                       100%  965K=0s

226 Transfer complete.
2017-08-20 00:00:50 (965 KB/s) - ‘./domain/ip6.arpa.sha256’ saved [83]

Remote file is newer than local file ‘./domain/ip6.arpa.zone’ -- retrieving.

--2017-08-20 00:00:50--  ftp://ftp.internic.net/domain/ip6.arpa.zone
           => ‘./domain/ip6.arpa.zone’
==> CWD not required.
--> PASV

227 Entering Passive Mode (192,0,32,9,15,238)
--> RETR ip6.arpa.zone

150 Opening BINARY mode data connection for ip6.arpa.zone (61369 bytes).
Length: 61369 (60K)

     0K .......... .......... .......... .......... .......... 83% 87.6K 0s
    50K .........                                             100% 39.8K=0.8s

226 Transfer complete.
2017-08-20 00:00:53 (73.1 KB/s) - ‘./domain/ip6.arpa.zone’ saved [61369]

Remote file is newer than local file ‘./domain/ip6.arpa.zone.gz’ -- retrieving.

--2017-08-20 00:00:53--  ftp://ftp.internic.net/domain/ip6.arpa.zone.gz
           => ‘./domain/ip6.arpa.zone.gz’
==> CWD not required.
--> PASV

227 Entering Passive Mode (192,0,32,9,81,106)
--> RETR ip6.arpa.zone.gz

150 Opening BINARY mode data connection for ip6.arpa.zone.gz (24499 bytes).
Length: 24499 (24K)

     0K .......... .......... ...                             100% 78.2K=0.3s

226 Transfer complete.
2017-08-20 00:00:54 (78.2 KB/s) - ‘./domain/ip6.arpa.zone.gz’ saved [24499]

Remote file is newer than local file ‘./domain/ip6.arpa.zone.gz.md5’ -- retrieving.

--2017-08-20 00:00:54--  ftp://ftp.internic.net/domain/ip6.arpa.zone.gz.md5
           => ‘./domain/ip6.arpa.zone.gz.md5’
==> CWD not required.
--> PASV

227 Entering Passive Mode (192,0,32,9,240,110)
--> RETR ip6.arpa.zone.gz.md5

150 Opening BINARY mode data connection for ip6.arpa.zone.gz.md5 (56 bytes).
Length: 56

     0K                                                       100%  720K=0s

226 Transfer complete.
2017-08-20 00:00:55 (720 KB/s) - ‘./domain/ip6.arpa.zone.gz.md5’ saved [56]

Remote file is newer than local file ‘./domain/ip6.arpa.zone.gz.sha256’ -- retrieving.

--2017-08-20 00:00:55--  ftp://ftp.internic.net/domain/ip6.arpa.zone.gz.sha256
           => ‘./domain/ip6.arpa.zone.gz.sha256’
==> CWD not required.
--> PASV

227 Entering Passive Mode (192,0,32,9,70,103)
--> RETR ip6.arpa.zone.gz.sha256

150 Opening BINARY mode data connection for ip6.arpa.zone.gz.sha256 (91 bytes).
Length: 91

     0K                                                       100% 1.10M=0s

226 Transfer complete.
2017-08-20 00:00:56 (1.10 MB/s) - ‘./domain/ip6.arpa.zone.gz.sha256’ saved [91]

Remote file is newer than local file ‘./domain/ip6.arpa.zone.md5’ -- retrieving.

--2017-08-20 00:00:56--  ftp://ftp.internic.net/domain/ip6.arpa.zone.md5
           => ‘./domain/ip6.arpa.zone.md5’
==> CWD not required.
--> PASV

227 Entering Passive Mode (192,0,32,9,213,91)
--> RETR ip6.arpa.zone.md5

150 Opening BINARY mode data connection for ip6.arpa.zone.md5 (53 bytes).
Length: 53

     0K                                                       100%  672K=0s

226 Transfer complete.
2017-08-20 00:00:58 (672 KB/s) - ‘./domain/ip6.arpa.zone.md5’ saved [53]

Remote file is newer than local file ‘./domain/ip6.arpa.zone.sha256’ -- retrieving.

--2017-08-20 00:00:58--  ftp://ftp.internic.net/domain/ip6.arpa.zone.sha256
           => ‘./domain/ip6.arpa.zone.sha256’
==> CWD not required.
--> PASV

227 Entering Passive Mode (192,0,32,9,99,55)
--> RETR ip6.arpa.zone.sha256

150 Opening BINARY mode data connection for ip6.arpa.zone.sha256 (88 bytes).
Length: 88

     0K                                                       100% 1.02M=0s

226 Transfer complete.
2017-08-20 00:00:59 (1.02 MB/s) - ‘./domain/ip6.arpa.zone.sha256’ saved [88]

Remote file is newer than local file ‘./domain/last_update.txt’ -- retrieving.

--2017-08-20 00:00:59--  ftp://ftp.internic.net/domain/last_update.txt
           => ‘./domain/last_update.txt’
==> CWD not required.
--> PASV

227 Entering Passive Mode (192,0,32,9,42,49)
--> RETR last_update.txt

150 Opening BINARY mode data connection for last_update.txt (21 bytes).
Length: 21

     0K                                                       100%  488K=0s

226 Transfer complete.
2017-08-20 00:01:00 (488 KB/s) - ‘./domain/last_update.txt’ saved [21]

Remote file no newer than local file ‘./domain/named.cache’ -- not retrieving.
Remote file no newer than local file ‘./domain/named.cache.md5’ -- not retrieving.
Remote file no newer than local file ‘./domain/named.cache.sig’ -- not retrieving.
Remote file no newer than local file ‘./domain/named.root’ -- not retrieving.
Remote file no newer than local file ‘./domain/named.root.md5’ -- not retrieving.
Remote file no newer than local file ‘./domain/named.root.sig’ -- not retrieving.
Remote file no newer than local file ‘./domain/root-servers.net.zone’ -- not retrieving.
Remote file no newer than local file ‘./domain/root-servers.net.zone.gz’ -- not retrieving.
Remote file no newer than local file ‘./domain/root-servers.net.zone.gz.md5’ -- not retrieving.
Remote file no newer than local file ‘./domain/root-servers.net.zone.gz.sig’ -- not retrieving.
The sizes do not match (local 2263323) -- retrieving.

--2017-08-20 00:01:00--  ftp://ftp.internic.net/domain/root.zone
           => ‘./domain/root.zone’
==> CWD not required.
--> PASV

227 Entering Passive Mode (192,0,32,9,41,55)
--> RETR root.zone

150 Opening BINARY mode data connection for root.zone (2263495 bytes).
Length: 2263495 (2.2M)

     0K .......... .......... .......... .......... ..........  2% 80.2K 27s
    50K .......... .......... .......... .......... ..........  4% 56.8K 32s
   100K .......... .......... .......... .......... ..........  6% 99.2K 28s
   150K .......... .......... .......... .......... ..........  9% 90.2K 26s
   200K .......... .......... .......... .......... .......... 11%  177K 22s
   250K .......... .......... .......... .......... .......... 13% 78.1K 22s
   300K .......... .......... .......... .......... .......... 15%  159K 20s
   350K .......... .......... .......... .......... .......... 18%  160K 19s
   400K .......... .......... .......... .......... .......... 20%  167K 17s
   450K .......... .......... .......... .......... .......... 22%  181K 16s
   500K .......... .......... .......... .......... .......... 24% 1.35M 14s
   550K .......... .......... .......... .......... .......... 27%  162K 14s
   600K .......... .......... .......... .......... .......... 29%  153K 13s
   650K .......... .......... .......... .......... .......... 31% 7.62M 12s
   700K .......... .......... .......... .......... .......... 33%  208K 11s
   750K .......... .......... .......... .......... .......... 36% 1.29M 10s
   800K .......... .......... .......... .......... .......... 38% 1.46M 9s
   850K .......... .......... .......... .......... .......... 40% 82.2K 9s
   900K .......... .......... .......... .......... .......... 42% 39.6M 8s
   950K .......... .......... .......... .......... .......... 45% 35.8M 8s
  1000K .......... .......... .......... .......... .......... 47% 36.3M 7s
  1050K .......... .......... .......... .......... .......... 49%  197K 7s
  1100K .......... .......... .......... .......... .......... 52%  199K 6s
  1150K .......... .......... .......... .......... .......... 54% 1.52M 6s
  1200K .......... .......... .......... .......... .......... 56%  208K 5s
  1250K .......... .......... .......... .......... .......... 58% 1.60M 5s
  1300K .......... .......... .......... .......... .......... 61%  174K 5s
  1350K .......... .......... .......... .......... .......... 63% 2.25M 4s
  1400K .......... .......... .......... .......... .......... 65%  179K 4s
  1450K .......... .......... .......... .......... .......... 67% 3.98M 4s
  1500K .......... .......... .......... .......... .......... 70% 1.86M 3s
  1550K .......... .......... .......... .......... .......... 72%  180K 3s
  1600K .......... .......... .......... .......... .......... 74% 2.49M 3s
  1650K .......... .......... .......... .......... .......... 76%  175K 2s
  1700K .......... .......... .......... .......... .......... 79% 4.79M 2s
  1750K .......... .......... .......... .......... .......... 81%  165K 2s
  1800K .......... .......... .......... .......... .......... 83% 10.8M 2s
  1850K .......... .......... .......... .......... .......... 85% 4.97M 1s
  1900K .......... .......... .......... .......... .......... 88%  186K 1s
  1950K .......... .......... .......... .......... .......... 90% 1.31M 1s
  2000K .......... .......... .......... .......... .......... 92% 82.5K 1s
  2050K .......... .......... .......... .......... .......... 95% 39.5M 1s
  2100K .......... .......... .......... .......... .......... 97% 55.9M 0s
  2150K .......... .......... .......... .......... .......... 99% 56.4M 0s
  2200K ..........                                            100% 66.7M=9.5s

226 Transfer complete.
2017-08-20 00:01:11 (231 KB/s) - ‘./domain/root.zone’ saved [2263495]

The sizes do not match (local 1062998) -- retrieving.

--2017-08-20 00:01:11--  ftp://ftp.internic.net/domain/root.zone.gz
           => ‘./domain/root.zone.gz’
==> CWD not required.
--> PASV

227 Entering Passive Mode (192,0,32,9,66,156)
--> RETR root.zone.gz

150 Opening BINARY mode data connection for root.zone.gz (1063025 bytes).
Length: 1063025 (1.0M)

     0K .......... .......... .......... .......... ..........  4% 80.4K 12s
    50K .......... .......... .......... .......... ..........  9%  180K 8s
   100K .......... .......... .......... .......... .......... 14% 1.05M 6s
   150K .......... .......... .......... .......... .......... 19%  170K 5s
   200K .......... .......... .......... .......... .......... 24%  165K 5s
   250K .......... .......... .......... .......... .......... 28%  161K 5s
   300K .......... .......... .......... .......... .......... 33% 8.23M 4s
   350K .......... .......... .......... .......... .......... 38%  189K 3s
   400K .......... .......... .......... .......... .......... 43% 1.40M 3s
   450K .......... .......... .......... .......... .......... 48%  222K 3s
   500K .......... .......... .......... .......... .......... 52%  834K 2s
   550K .......... .......... .......... .......... .......... 57%  215K 2s
   600K .......... .......... .......... .......... .......... 62%  564K 2s
   650K .......... .......... .......... .......... .......... 67%  247K 1s
   700K .......... .......... .......... .......... .......... 72% 1.36M 1s
   750K .......... .......... .......... .......... .......... 77%  160K 1s
   800K .......... .......... .......... .......... .......... 81% 8.90M 1s
   850K .......... .......... .......... .......... .......... 86% 1.64M 1s
   900K .......... .......... .......... .......... .......... 91%  182K 0s
   950K .......... .......... .......... .......... .......... 96% 1.29M 0s
  1000K .......... .......... .......... ........             100%  162K=3.9s

226 Transfer complete.
2017-08-20 00:01:16 (266 KB/s) - ‘./domain/root.zone.gz’ saved [1063025]

Remote file is newer than local file ‘./domain/root.zone.gz.md5’ -- retrieving.

--2017-08-20 00:01:16--  ftp://ftp.internic.net/domain/root.zone.gz.md5
           => ‘./domain/root.zone.gz.md5’
==> CWD not required.
--> PASV

227 Entering Passive Mode (192,0,32,9,41,109)
--> RETR root.zone.gz.md5

150 Opening BINARY mode data connection for root.zone.gz.md5 (33 bytes).
Length: 33

     0K                                                       100%  408K=0s

226 Transfer complete.
2017-08-20 00:01:17 (408 KB/s) - ‘./domain/root.zone.gz.md5’ saved [33]

Remote file is newer than local file ‘./domain/root.zone.gz.sig’ -- retrieving.

--2017-08-20 00:01:17--  ftp://ftp.internic.net/domain/root.zone.gz.sig
           => ‘./domain/root.zone.gz.sig’
==> CWD not required.
--> PASV

227 Entering Passive Mode (192,0,32,9,234,43)
--> RETR root.zone.gz.sig

150 Opening BINARY mode data connection for root.zone.gz.sig (72 bytes).
Length: 72

     0K                                                       100% 16.2K=0.004s

226 Transfer complete.
2017-08-20 00:01:18 (16.2 KB/s) - ‘./domain/root.zone.gz.sig’ saved [72]

Remote file is newer than local file ‘./domain/root.zone.md5’ -- retrieving.

--2017-08-20 00:01:18--  ftp://ftp.internic.net/domain/root.zone.md5
           => ‘./domain/root.zone.md5’
==> CWD not required.
--> PASV

227 Entering Passive Mode (192,0,32,9,45,44)
--> RETR root.zone.md5

150 Opening BINARY mode data connection for root.zone.md5 (33 bytes).
Length: 33

     0K                                                       100%  266K=0s

226 Transfer complete.
2017-08-20 00:01:20 (266 KB/s) - ‘./domain/root.zone.md5’ saved [33]

Remote file is newer than local file ‘./domain/root.zone.sig’ -- retrieving.

--2017-08-20 00:01:20--  ftp://ftp.internic.net/domain/root.zone.sig
           => ‘./domain/root.zone.sig’
==> CWD not required.
--> PASV

227 Entering Passive Mode (192,0,32,9,30,80)
--> RETR root.zone.sig

150 Opening BINARY mode data connection for root.zone.sig (72 bytes).
Length: 72

     0K                                                       100%  434K=0s

226 Transfer complete.
2017-08-20 00:01:21 (434 KB/s) - ‘./domain/root.zone.sig’ saved [72]

FINISHED --2017-08-20 00:01:21--
Total wall clock time: 1m 18s
Downloaded: 40 files, 4.0M in 26s (158 KB/s)
