--2017-08-08 00:00:03--  ftp://ftp.internic.net/*
           => ‘./.listing’
Resolving ftp.internic.net (ftp.internic.net)... 192.0.32.9, 2620:0:2d0:200::9
Connecting to ftp.internic.net (ftp.internic.net)|192.0.32.9|:21... connected.
Logging in as anonymous ... 
220 Internic FTP Server
--> USER anonymous

331 Please specify the password.
--> PASS Turtle Power!

230 Login successful.
--> SYST

215 UNIX Type: L8
--> PWD

257 "/"
--> TYPE I

200 Switching to Binary mode.
==> CWD not needed.
--> PASV

227 Entering Passive Mode (192,0,32,9,252,164)
--> LIST -a

150 Here comes the directory listing.

     0K                                                        74.8K=0.002s

226 Directory send OK.
drwxr-xr-x    3 ftp      ftp          4096 Apr 04  2012 .
drwxr-xr-x    3 ftp      ftp          4096 Apr 04  2012 ..
drwxr-xr-x    2 ftp      ftp          4096 Sep 09  2015 domain
2017-08-08 00:00:06 (74.8 KB/s) - ‘./.listing’ saved [183]

--2017-08-08 00:00:06--  ftp://ftp.internic.net/domain/*
           => ‘./domain/.listing’
--> CWD /domain

250 Directory successfully changed.
--> PASV

227 Entering Passive Mode (192,0,32,9,41,38)
--> LIST -a

150 Here comes the directory listing.

     0K ...                                                     386K=0.01s

226 Directory send OK.
drwxr-xr-x    2 ftp      ftp          4096 Sep 09  2015 .
drwxr-xr-x    3 ftp      ftp          4096 Apr 04  2012 ..
-rw-r--r--    1 ftp      ftp          1829 Aug 18  2015 .listing
-rw-r--r--    1 ftp      ftp          1224 Aug 07 13:09 INTERNIC_ROOT_ZONE.signatures
-rw-r--r--    1 ftp      ftp          1469 Aug 07 13:09 INTERNIC_ROOT_ZONE.signatures.asc
-rw-r--r--    1 ftp      ftp         15228 Aug 07 13:09 arpa.zone
-rw-r--r--    1 ftp      ftp          6636 Aug 07 13:09 arpa.zone.gz
-rw-r--r--    1 ftp      ftp            33 Aug 07 13:09 arpa.zone.gz.md5
-rw-r--r--    1 ftp      ftp            72 Aug 07 13:09 arpa.zone.gz.sig
-rw-r--r--    1 ftp      ftp          3314 Jul 26 14:54 db.cache
-rw-r--r--    1 ftp      ftp            33 Jul 26 14:54 db.cache.md5
-rw-r--r--    1 ftp      ftp            72 Jul 26 14:54 db.cache.sig
-rw-r--r--    1 ftp      ftp        228780 Aug 07 15:40 in-addr.arpa
-rw-r--r--    1 ftp      ftp         90942 Aug 07 15:40 in-addr.arpa.gz
-rw-r--r--    1 ftp      ftp            55 Aug 07 15:40 in-addr.arpa.gz.md5
-rw-r--r--    1 ftp      ftp            90 Aug 07 15:40 in-addr.arpa.gz.sha256
-rw-r--r--    1 ftp      ftp            52 Aug 07 15:40 in-addr.arpa.md5
-rw-r--r--    1 ftp      ftp            87 Aug 07 15:40 in-addr.arpa.sha256
-rw-r--r--    1 ftp      ftp        228780 Aug 07 15:40 in-addr.arpa.zone
-rw-r--r--    1 ftp      ftp         90942 Aug 07 15:40 in-addr.arpa.zone.gz
-rw-r--r--    1 ftp      ftp            60 Aug 07 15:40 in-addr.arpa.zone.gz.md5
-rw-r--r--    1 ftp      ftp            95 Aug 07 15:40 in-addr.arpa.zone.gz.sha256
-rw-r--r--    1 ftp      ftp            57 Aug 07 15:40 in-addr.arpa.zone.md5
-rw-r--r--    1 ftp      ftp            92 Aug 07 15:40 in-addr.arpa.zone.sha256
-rw-r--r--    1 ftp      ftp         61476 Aug 07 15:40 ip6.arpa
-rw-r--r--    1 ftp      ftp         24505 Aug 07 15:40 ip6.arpa.gz
-rw-r--r--    1 ftp      ftp            51 Aug 07 15:40 ip6.arpa.gz.md5
-rw-r--r--    1 ftp      ftp            86 Aug 07 15:40 ip6.arpa.gz.sha256
-rw-r--r--    1 ftp      ftp            48 Aug 07 15:40 ip6.arpa.md5
-rw-r--r--    1 ftp      ftp            83 Aug 07 15:40 ip6.arpa.sha256
-rw-r--r--    1 ftp      ftp         61476 Aug 07 15:40 ip6.arpa.zone
-rw-r--r--    1 ftp      ftp         24505 Aug 07 15:40 ip6.arpa.zone.gz
-rw-r--r--    1 ftp      ftp            56 Aug 07 15:40 ip6.arpa.zone.gz.md5
-rw-r--r--    1 ftp      ftp            91 Aug 07 15:40 ip6.arpa.zone.gz.sha256
-rw-r--r--    1 ftp      ftp            53 Aug 07 15:40 ip6.arpa.zone.md5
-rw-r--r--    1 ftp      ftp            88 Aug 07 15:40 ip6.arpa.zone.sha256
-rw-r--r--    1 ftp      ftp            21 Aug 07 15:40 last_update.txt
-rw-r--r--    1 ftp      ftp          3314 Jul 26 14:54 named.cache
-rw-r--r--    1 ftp      ftp            33 Jul 26 14:54 named.cache.md5
-rw-r--r--    1 ftp      ftp            72 Jul 26 14:54 named.cache.sig
-rw-r--r--    1 ftp      ftp          3314 Jul 26 14:54 named.root
-rw-r--r--    1 ftp      ftp            33 Jul 26 14:54 named.root.md5
-rw-r--r--    1 ftp      ftp            72 Jul 26 14:54 named.root.sig
-rw-r--r--    1 ftp      ftp          2111 Jul 26 14:53 root-servers.net.zone
-rw-r--r--    1 ftp      ftp           573 Jul 26 14:53 root-servers.net.zone.gz
-rw-r--r--    1 ftp      ftp            33 Jul 26 14:53 root-servers.net.zone.gz.md5
-rw-r--r--    1 ftp      ftp            72 Jul 26 14:53 root-servers.net.zone.gz.sig
-rw-r--r--    1 ftp      ftp       2263499 Aug 07 09:21 root.zone
-rw-r--r--    1 ftp      ftp       1063047 Aug 07 09:21 root.zone.gz
-rw-r--r--    1 ftp      ftp            33 Aug 07 09:21 root.zone.gz.md5
-rw-r--r--    1 ftp      ftp            72 Aug 07 09:21 root.zone.gz.sig
-rw-r--r--    1 ftp      ftp            33 Aug 07 09:21 root.zone.md5
-rw-r--r--    1 ftp      ftp            72 Aug 07 09:21 root.zone.sig
2017-08-08 00:00:07 (386 KB/s) - ‘./domain/.listing’ saved [3930]

The sizes do not match (local 3930) -- retrieving.

--2017-08-08 00:00:07--  ftp://ftp.internic.net/domain/.listing
           => ‘./domain/.listing’
==> CWD not required.
--> PASV

227 Entering Passive Mode (192,0,32,9,87,245)
--> RETR .listing

150 Opening BINARY mode data connection for .listing (1829 bytes).
Length: 1829 (1.8K)

     0K .                                                     100% 23.0M=0s

226 Transfer complete.
2017-08-08 00:00:09 (23.0 MB/s) - ‘./domain/.listing’ saved [1829]

Remote file is newer than local file ‘./domain/INTERNIC_ROOT_ZONE.signatures’ -- retrieving.

--2017-08-08 00:00:09--  ftp://ftp.internic.net/domain/INTERNIC_ROOT_ZONE.signatures
           => ‘./domain/INTERNIC_ROOT_ZONE.signatures’
==> CWD not required.
--> PASV

227 Entering Passive Mode (192,0,32,9,146,151)
--> RETR INTERNIC_ROOT_ZONE.signatures

150 Opening BINARY mode data connection for INTERNIC_ROOT_ZONE.signatures (1224 bytes).
Length: 1224 (1.2K)

     0K .                                                     100% 1.72M=0.001s

226 Transfer complete.
2017-08-08 00:00:09 (1.72 MB/s) - ‘./domain/INTERNIC_ROOT_ZONE.signatures’ saved [1224]

Remote file is newer than local file ‘./domain/INTERNIC_ROOT_ZONE.signatures.asc’ -- retrieving.

--2017-08-08 00:00:09--  ftp://ftp.internic.net/domain/INTERNIC_ROOT_ZONE.signatures.asc
           => ‘./domain/INTERNIC_ROOT_ZONE.signatures.asc’
==> CWD not required.
--> PASV

227 Entering Passive Mode (192,0,32,9,236,36)
--> RETR INTERNIC_ROOT_ZONE.signatures.asc

150 Opening BINARY mode data connection for INTERNIC_ROOT_ZONE.signatures.asc (1469 bytes).
Length: 1469 (1.4K)

     0K .                                                     100%  927K=0.002s

226 Transfer complete.
2017-08-08 00:00:10 (927 KB/s) - ‘./domain/INTERNIC_ROOT_ZONE.signatures.asc’ saved [1469]

Remote file is newer than local file ‘./domain/arpa.zone’ -- retrieving.

--2017-08-08 00:00:10--  ftp://ftp.internic.net/domain/arpa.zone
           => ‘./domain/arpa.zone’
==> CWD not required.
--> PASV

227 Entering Passive Mode (192,0,32,9,13,111)
--> RETR arpa.zone

150 Opening BINARY mode data connection for arpa.zone (15228 bytes).
Length: 15228 (15K)

     0K .......... ....                                       100% 1.71M=0.009s

226 Transfer complete.
2017-08-08 00:00:11 (1.71 MB/s) - ‘./domain/arpa.zone’ saved [15228]

The sizes do not match (local 6647) -- retrieving.

--2017-08-08 00:00:11--  ftp://ftp.internic.net/domain/arpa.zone.gz
           => ‘./domain/arpa.zone.gz’
==> CWD not required.
--> PASV

227 Entering Passive Mode (192,0,32,9,41,241)
--> RETR arpa.zone.gz

150 Opening BINARY mode data connection for arpa.zone.gz (6636 bytes).
Length: 6636 (6.5K)

     0K ......                                                100%  119M=0s

226 Transfer complete.
2017-08-08 00:00:12 (119 MB/s) - ‘./domain/arpa.zone.gz’ saved [6636]

Remote file is newer than local file ‘./domain/arpa.zone.gz.md5’ -- retrieving.

--2017-08-08 00:00:12--  ftp://ftp.internic.net/domain/arpa.zone.gz.md5
           => ‘./domain/arpa.zone.gz.md5’
==> CWD not required.
--> PASV

227 Entering Passive Mode (192,0,32,9,163,92)
--> RETR arpa.zone.gz.md5

150 Opening BINARY mode data connection for arpa.zone.gz.md5 (33 bytes).
Length: 33

     0K                                                       100%  520K=0s

226 Transfer complete.
2017-08-08 00:00:14 (520 KB/s) - ‘./domain/arpa.zone.gz.md5’ saved [33]

Remote file is newer than local file ‘./domain/arpa.zone.gz.sig’ -- retrieving.

--2017-08-08 00:00:14--  ftp://ftp.internic.net/domain/arpa.zone.gz.sig
           => ‘./domain/arpa.zone.gz.sig’
==> CWD not required.
--> PASV

227 Entering Passive Mode (192,0,32,9,77,120)
--> RETR arpa.zone.gz.sig

150 Opening BINARY mode data connection for arpa.zone.gz.sig (72 bytes).
Length: 72

     0K                                                       100% 1.56M=0s

226 Transfer complete.
2017-08-08 00:00:15 (1.56 MB/s) - ‘./domain/arpa.zone.gz.sig’ saved [72]

Remote file no newer than local file ‘./domain/db.cache’ -- not retrieving.
Remote file no newer than local file ‘./domain/db.cache.md5’ -- not retrieving.
Remote file no newer than local file ‘./domain/db.cache.sig’ -- not retrieving.
Remote file is newer than local file ‘./domain/in-addr.arpa’ -- retrieving.

--2017-08-08 00:00:15--  ftp://ftp.internic.net/domain/in-addr.arpa
           => ‘./domain/in-addr.arpa’
==> CWD not required.
--> PASV

227 Entering Passive Mode (192,0,32,9,207,109)
--> RETR in-addr.arpa

150 Opening BINARY mode data connection for in-addr.arpa (228780 bytes).
Length: 228780 (223K)

     0K .......... .......... .......... .......... .......... 22% 33.5K 5s
    50K .......... .......... .......... .......... .......... 44% 81.1K 3s
   100K .......... .......... .......... .......... .......... 67% 54.2K 1s
   150K .......... .......... .......... .......... .......... 89% 50.6K 0s
   200K .......... .......... ...                             100%  102K=4.2s

226 Transfer complete.
2017-08-08 00:00:20 (52.6 KB/s) - ‘./domain/in-addr.arpa’ saved [228780]

Remote file is newer than local file ‘./domain/in-addr.arpa.gz’ -- retrieving.

--2017-08-08 00:00:20--  ftp://ftp.internic.net/domain/in-addr.arpa.gz
           => ‘./domain/in-addr.arpa.gz’
==> CWD not required.
--> PASV

227 Entering Passive Mode (192,0,32,9,119,82)
--> RETR in-addr.arpa.gz

150 Opening BINARY mode data connection for in-addr.arpa.gz (90942 bytes).
Length: 90942 (89K)

     0K .......... .......... .......... .......... .......... 56% 68.4K 1s
    50K .......... .......... .......... ........             100% 62.6K=1.4s

226 Transfer complete.
2017-08-08 00:00:22 (65.7 KB/s) - ‘./domain/in-addr.arpa.gz’ saved [90942]

Remote file is newer than local file ‘./domain/in-addr.arpa.gz.md5’ -- retrieving.

--2017-08-08 00:00:22--  ftp://ftp.internic.net/domain/in-addr.arpa.gz.md5
           => ‘./domain/in-addr.arpa.gz.md5’
==> CWD not required.
--> PASV

227 Entering Passive Mode (192,0,32,9,13,101)
--> RETR in-addr.arpa.gz.md5

150 Opening BINARY mode data connection for in-addr.arpa.gz.md5 (55 bytes).
Length: 55

     0K                                                       100% 1.14M=0s

226 Transfer complete.
2017-08-08 00:00:23 (1.14 MB/s) - ‘./domain/in-addr.arpa.gz.md5’ saved [55]

Remote file is newer than local file ‘./domain/in-addr.arpa.gz.sha256’ -- retrieving.

--2017-08-08 00:00:23--  ftp://ftp.internic.net/domain/in-addr.arpa.gz.sha256
           => ‘./domain/in-addr.arpa.gz.sha256’
==> CWD not required.
--> PASV

227 Entering Passive Mode (192,0,32,9,248,13)
--> RETR in-addr.arpa.gz.sha256

150 Opening BINARY mode data connection for in-addr.arpa.gz.sha256 (90 bytes).
Length: 90

     0K                                                       100%  396K=0s

226 Transfer complete.
2017-08-08 00:00:24 (396 KB/s) - ‘./domain/in-addr.arpa.gz.sha256’ saved [90]

Remote file is newer than local file ‘./domain/in-addr.arpa.md5’ -- retrieving.

--2017-08-08 00:00:24--  ftp://ftp.internic.net/domain/in-addr.arpa.md5
           => ‘./domain/in-addr.arpa.md5’
==> CWD not required.
--> PASV

227 Entering Passive Mode (192,0,32,9,134,254)
--> RETR in-addr.arpa.md5

150 Opening BINARY mode data connection for in-addr.arpa.md5 (52 bytes).
Length: 52

     0K                                                       100%  394K=0s

226 Transfer complete.
2017-08-08 00:00:25 (394 KB/s) - ‘./domain/in-addr.arpa.md5’ saved [52]

Remote file is newer than local file ‘./domain/in-addr.arpa.sha256’ -- retrieving.

--2017-08-08 00:00:25--  ftp://ftp.internic.net/domain/in-addr.arpa.sha256
           => ‘./domain/in-addr.arpa.sha256’
==> CWD not required.
--> PASV

227 Entering Passive Mode (192,0,32,9,168,189)
--> RETR in-addr.arpa.sha256

150 Opening BINARY mode data connection for in-addr.arpa.sha256 (87 bytes).
Length: 87

     0K                                                       100%  988K=0s

226 Transfer complete.
2017-08-08 00:00:26 (988 KB/s) - ‘./domain/in-addr.arpa.sha256’ saved [87]

Remote file is newer than local file ‘./domain/in-addr.arpa.zone’ -- retrieving.

--2017-08-08 00:00:26--  ftp://ftp.internic.net/domain/in-addr.arpa.zone
           => ‘./domain/in-addr.arpa.zone’
==> CWD not required.
--> PASV

227 Entering Passive Mode (192,0,32,9,42,197)
--> RETR in-addr.arpa.zone

150 Opening BINARY mode data connection for in-addr.arpa.zone (228780 bytes).
Length: 228780 (223K)

     0K .......... .......... .......... .......... .......... 22% 62.8K 3s
    50K .......... .......... .......... .......... .......... 44% 63.3K 2s
   100K .......... .......... .......... .......... .......... 67% 67.2K 1s
   150K .......... .......... .......... .......... .......... 89%  104K 0s
   200K .......... .......... ...                             100%  107K=3.0s

226 Transfer complete.
2017-08-08 00:00:30 (73.8 KB/s) - ‘./domain/in-addr.arpa.zone’ saved [228780]

Remote file is newer than local file ‘./domain/in-addr.arpa.zone.gz’ -- retrieving.

--2017-08-08 00:00:30--  ftp://ftp.internic.net/domain/in-addr.arpa.zone.gz
           => ‘./domain/in-addr.arpa.zone.gz’
==> CWD not required.
--> PASV

227 Entering Passive Mode (192,0,32,9,78,49)
--> RETR in-addr.arpa.zone.gz

150 Opening BINARY mode data connection for in-addr.arpa.zone.gz (90942 bytes).
Length: 90942 (89K)

     0K .......... .......... .......... .......... .......... 56% 66.9K 1s
    50K .......... .......... .......... ........             100% 83.5K=1.2s

226 Transfer complete.
2017-08-08 00:00:33 (73.3 KB/s) - ‘./domain/in-addr.arpa.zone.gz’ saved [90942]

Remote file is newer than local file ‘./domain/in-addr.arpa.zone.gz.md5’ -- retrieving.

--2017-08-08 00:00:33--  ftp://ftp.internic.net/domain/in-addr.arpa.zone.gz.md5
           => ‘./domain/in-addr.arpa.zone.gz.md5’
==> CWD not required.
--> PASV

227 Entering Passive Mode (192,0,32,9,113,211)
--> RETR in-addr.arpa.zone.gz.md5

150 Opening BINARY mode data connection for in-addr.arpa.zone.gz.md5 (60 bytes).
Length: 60

     0K                                                       100%  901K=0s

226 Transfer complete.
2017-08-08 00:00:34 (901 KB/s) - ‘./domain/in-addr.arpa.zone.gz.md5’ saved [60]

Remote file is newer than local file ‘./domain/in-addr.arpa.zone.gz.sha256’ -- retrieving.

--2017-08-08 00:00:34--  ftp://ftp.internic.net/domain/in-addr.arpa.zone.gz.sha256
           => ‘./domain/in-addr.arpa.zone.gz.sha256’
==> CWD not required.
--> PASV

227 Entering Passive Mode (192,0,32,9,143,186)
--> RETR in-addr.arpa.zone.gz.sha256

150 Opening BINARY mode data connection for in-addr.arpa.zone.gz.sha256 (95 bytes).
Length: 95

     0K                                                       100%  138K=0.001s

226 Transfer complete.
2017-08-08 00:00:35 (138 KB/s) - ‘./domain/in-addr.arpa.zone.gz.sha256’ saved [95]

Remote file is newer than local file ‘./domain/in-addr.arpa.zone.md5’ -- retrieving.

--2017-08-08 00:00:35--  ftp://ftp.internic.net/domain/in-addr.arpa.zone.md5
           => ‘./domain/in-addr.arpa.zone.md5’
==> CWD not required.
--> PASV

227 Entering Passive Mode (192,0,32,9,12,25)
--> RETR in-addr.arpa.zone.md5

150 Opening BINARY mode data connection for in-addr.arpa.zone.md5 (57 bytes).
Length: 57

     0K                                                       100%  274K=0s

226 Transfer complete.
2017-08-08 00:00:36 (274 KB/s) - ‘./domain/in-addr.arpa.zone.md5’ saved [57]

Remote file is newer than local file ‘./domain/in-addr.arpa.zone.sha256’ -- retrieving.

--2017-08-08 00:00:36--  ftp://ftp.internic.net/domain/in-addr.arpa.zone.sha256
           => ‘./domain/in-addr.arpa.zone.sha256’
==> CWD not required.
--> PASV

227 Entering Passive Mode (192,0,32,9,9,65)
--> RETR in-addr.arpa.zone.sha256

150 Opening BINARY mode data connection for in-addr.arpa.zone.sha256 (92 bytes).
Length: 92

     0K                                                       100% 93.1K=0.001s

226 Transfer complete.
2017-08-08 00:00:37 (93.1 KB/s) - ‘./domain/in-addr.arpa.zone.sha256’ saved [92]

The sizes do not match (local 61480) -- retrieving.

--2017-08-08 00:00:37--  ftp://ftp.internic.net/domain/ip6.arpa
           => ‘./domain/ip6.arpa’
==> CWD not required.
--> PASV

227 Entering Passive Mode (192,0,32,9,175,151)
--> RETR ip6.arpa

150 Opening BINARY mode data connection for ip6.arpa (61476 bytes).
Length: 61476 (60K)

     0K .......... .......... .......... .......... .......... 83% 65.6K 0s
    50K ..........                                            100%  223K=0.8s

226 Transfer complete.
2017-08-08 00:00:39 (74.4 KB/s) - ‘./domain/ip6.arpa’ saved [61476]

The sizes do not match (local 24491) -- retrieving.

--2017-08-08 00:00:39--  ftp://ftp.internic.net/domain/ip6.arpa.gz
           => ‘./domain/ip6.arpa.gz’
==> CWD not required.
--> PASV

227 Entering Passive Mode (192,0,32,9,42,24)
--> RETR ip6.arpa.gz

150 Opening BINARY mode data connection for ip6.arpa.gz (24505 bytes).
Length: 24505 (24K)

     0K .......... .......... ...                             100%  102K=0.2s

226 Transfer complete.
2017-08-08 00:00:40 (102 KB/s) - ‘./domain/ip6.arpa.gz’ saved [24505]

Remote file is newer than local file ‘./domain/ip6.arpa.gz.md5’ -- retrieving.

--2017-08-08 00:00:40--  ftp://ftp.internic.net/domain/ip6.arpa.gz.md5
           => ‘./domain/ip6.arpa.gz.md5’
==> CWD not required.
--> PASV

227 Entering Passive Mode (192,0,32,9,236,36)
--> RETR ip6.arpa.gz.md5

150 Opening BINARY mode data connection for ip6.arpa.gz.md5 (51 bytes).
Length: 51

     0K                                                       100%  493K=0s

226 Transfer complete.
2017-08-08 00:00:41 (493 KB/s) - ‘./domain/ip6.arpa.gz.md5’ saved [51]

Remote file is newer than local file ‘./domain/ip6.arpa.gz.sha256’ -- retrieving.

--2017-08-08 00:00:41--  ftp://ftp.internic.net/domain/ip6.arpa.gz.sha256
           => ‘./domain/ip6.arpa.gz.sha256’
==> CWD not required.
--> PASV

227 Entering Passive Mode (192,0,32,9,236,137)
--> RETR ip6.arpa.gz.sha256

150 Opening BINARY mode data connection for ip6.arpa.gz.sha256 (86 bytes).
Length: 86

     0K                                                       100%  848K=0s

226 Transfer complete.
2017-08-08 00:00:42 (848 KB/s) - ‘./domain/ip6.arpa.gz.sha256’ saved [86]

Remote file is newer than local file ‘./domain/ip6.arpa.md5’ -- retrieving.

--2017-08-08 00:00:42--  ftp://ftp.internic.net/domain/ip6.arpa.md5
           => ‘./domain/ip6.arpa.md5’
==> CWD not required.
--> PASV

227 Entering Passive Mode (192,0,32,9,202,159)
--> RETR ip6.arpa.md5

150 Opening BINARY mode data connection for ip6.arpa.md5 (48 bytes).
Length: 48

     0K                                                       100%  837K=0s

226 Transfer complete.
2017-08-08 00:00:43 (837 KB/s) - ‘./domain/ip6.arpa.md5’ saved [48]

Remote file is newer than local file ‘./domain/ip6.arpa.sha256’ -- retrieving.

--2017-08-08 00:00:43--  ftp://ftp.internic.net/domain/ip6.arpa.sha256
           => ‘./domain/ip6.arpa.sha256’
==> CWD not required.
--> PASV

227 Entering Passive Mode (192,0,32,9,75,238)
--> RETR ip6.arpa.sha256

150 Opening BINARY mode data connection for ip6.arpa.sha256 (83 bytes).
Length: 83

     0K                                                       100% 34.8K=0.002s

226 Transfer complete.
2017-08-08 00:00:44 (34.8 KB/s) - ‘./domain/ip6.arpa.sha256’ saved [83]

The sizes do not match (local 61480) -- retrieving.

--2017-08-08 00:00:44--  ftp://ftp.internic.net/domain/ip6.arpa.zone
           => ‘./domain/ip6.arpa.zone’
==> CWD not required.
--> PASV

227 Entering Passive Mode (192,0,32,9,227,54)
--> RETR ip6.arpa.zone

150 Opening BINARY mode data connection for ip6.arpa.zone (61476 bytes).
Length: 61476 (60K)

     0K .......... .......... .......... .......... .......... 83% 58.0K 0s
    50K ..........                                            100% 1.71M=0.9s

226 Transfer complete.
2017-08-08 00:00:46 (69.2 KB/s) - ‘./domain/ip6.arpa.zone’ saved [61476]

The sizes do not match (local 24491) -- retrieving.

--2017-08-08 00:00:46--  ftp://ftp.internic.net/domain/ip6.arpa.zone.gz
           => ‘./domain/ip6.arpa.zone.gz’
==> CWD not required.
--> PASV

227 Entering Passive Mode (192,0,32,9,13,50)
--> RETR ip6.arpa.zone.gz

150 Opening BINARY mode data connection for ip6.arpa.zone.gz (24505 bytes).
Length: 24505 (24K)

     0K .......... .......... ...                             100%  101K=0.2s

226 Transfer complete.
2017-08-08 00:00:47 (101 KB/s) - ‘./domain/ip6.arpa.zone.gz’ saved [24505]

Remote file is newer than local file ‘./domain/ip6.arpa.zone.gz.md5’ -- retrieving.

--2017-08-08 00:00:47--  ftp://ftp.internic.net/domain/ip6.arpa.zone.gz.md5
           => ‘./domain/ip6.arpa.zone.gz.md5’
==> CWD not required.
--> PASV

227 Entering Passive Mode (192,0,32,9,145,51)
--> RETR ip6.arpa.zone.gz.md5

150 Opening BINARY mode data connection for ip6.arpa.zone.gz.md5 (56 bytes).
Length: 56

     0K                                                       100% 95.1K=0.001s

226 Transfer complete.
2017-08-08 00:00:48 (95.1 KB/s) - ‘./domain/ip6.arpa.zone.gz.md5’ saved [56]

Remote file is newer than local file ‘./domain/ip6.arpa.zone.gz.sha256’ -- retrieving.

--2017-08-08 00:00:48--  ftp://ftp.internic.net/domain/ip6.arpa.zone.gz.sha256
           => ‘./domain/ip6.arpa.zone.gz.sha256’
==> CWD not required.
--> PASV

227 Entering Passive Mode (192,0,32,9,42,114)
--> RETR ip6.arpa.zone.gz.sha256

150 Opening BINARY mode data connection for ip6.arpa.zone.gz.sha256 (91 bytes).
Length: 91

     0K                                                       100%  523K=0s

226 Transfer complete.
2017-08-08 00:00:49 (523 KB/s) - ‘./domain/ip6.arpa.zone.gz.sha256’ saved [91]

Remote file is newer than local file ‘./domain/ip6.arpa.zone.md5’ -- retrieving.

--2017-08-08 00:00:49--  ftp://ftp.internic.net/domain/ip6.arpa.zone.md5
           => ‘./domain/ip6.arpa.zone.md5’
==> CWD not required.
--> PASV

227 Entering Passive Mode (192,0,32,9,188,158)
--> RETR ip6.arpa.zone.md5

150 Opening BINARY mode data connection for ip6.arpa.zone.md5 (53 bytes).
Length: 53

     0K                                                       100%  124K=0s

226 Transfer complete.
2017-08-08 00:00:50 (124 KB/s) - ‘./domain/ip6.arpa.zone.md5’ saved [53]

Remote file is newer than local file ‘./domain/ip6.arpa.zone.sha256’ -- retrieving.

--2017-08-08 00:00:50--  ftp://ftp.internic.net/domain/ip6.arpa.zone.sha256
           => ‘./domain/ip6.arpa.zone.sha256’
==> CWD not required.
--> PASV

227 Entering Passive Mode (192,0,32,9,170,120)
--> RETR ip6.arpa.zone.sha256

150 Opening BINARY mode data connection for ip6.arpa.zone.sha256 (88 bytes).
Length: 88

     0K                                                       100% 1.02M=0s

226 Transfer complete.
2017-08-08 00:00:51 (1.02 MB/s) - ‘./domain/ip6.arpa.zone.sha256’ saved [88]

Remote file is newer than local file ‘./domain/last_update.txt’ -- retrieving.

--2017-08-08 00:00:51--  ftp://ftp.internic.net/domain/last_update.txt
           => ‘./domain/last_update.txt’
==> CWD not required.
--> PASV

227 Entering Passive Mode (192,0,32,9,42,56)
--> RETR last_update.txt

150 Opening BINARY mode data connection for last_update.txt (21 bytes).
Length: 21

     0K                                                       100% 28.4K=0.001s

226 Transfer complete.
2017-08-08 00:00:52 (28.4 KB/s) - ‘./domain/last_update.txt’ saved [21]

Remote file no newer than local file ‘./domain/named.cache’ -- not retrieving.
Remote file no newer than local file ‘./domain/named.cache.md5’ -- not retrieving.
Remote file no newer than local file ‘./domain/named.cache.sig’ -- not retrieving.
Remote file no newer than local file ‘./domain/named.root’ -- not retrieving.
Remote file no newer than local file ‘./domain/named.root.md5’ -- not retrieving.
Remote file no newer than local file ‘./domain/named.root.sig’ -- not retrieving.
Remote file no newer than local file ‘./domain/root-servers.net.zone’ -- not retrieving.
Remote file no newer than local file ‘./domain/root-servers.net.zone.gz’ -- not retrieving.
Remote file no newer than local file ‘./domain/root-servers.net.zone.gz.md5’ -- not retrieving.
Remote file no newer than local file ‘./domain/root-servers.net.zone.gz.sig’ -- not retrieving.
Remote file is newer than local file ‘./domain/root.zone’ -- retrieving.

--2017-08-08 00:00:52--  ftp://ftp.internic.net/domain/root.zone
           => ‘./domain/root.zone’
==> CWD not required.
--> PASV

227 Entering Passive Mode (192,0,32,9,153,129)
--> RETR root.zone

150 Opening BINARY mode data connection for root.zone (2263499 bytes).
Length: 2263499 (2.2M)

     0K .......... .......... .......... .......... ..........  2% 71.6K 30s
    50K .......... .......... .......... .......... ..........  4% 69.2K 30s
   100K .......... .......... .......... .......... ..........  6% 61.3K 31s
   150K .......... .......... .......... .......... ..........  9% 81.2K 29s
   200K .......... .......... .......... .......... .......... 11% 97.4K 26s
   250K .......... .......... .......... .......... .......... 13% 92.5K 25s
   300K .......... .......... .......... .......... .......... 15%  208K 22s
   350K .......... .......... .......... .......... .......... 18%  207K 20s
   400K .......... .......... .......... .......... .......... 20%  209K 18s
   450K .......... .......... .......... .......... .......... 22%  214K 17s
   500K .......... .......... .......... .......... .......... 24%  226K 15s
   550K .......... .......... .......... .......... .......... 27%  222K 14s
   600K .......... .......... .......... .......... .......... 29%  230K 13s
   650K .......... .......... .......... .......... .......... 31% 1.15M 12s
   700K .......... .......... .......... .......... .......... 33%  242K 11s
   750K .......... .......... .......... .......... .......... 36% 1.44M 10s
   800K .......... .......... .......... .......... .......... 38%  245K 10s
   850K .......... .......... .......... .......... .......... 40%  229K 9s
   900K .......... .......... .......... .......... .......... 42% 3.20M 8s
   950K .......... .......... .......... .......... .......... 45% 84.1K 8s
  1000K .......... .......... .......... .......... .......... 47%  996K 8s
  1050K .......... .......... .......... .......... .......... 49% 52.3M 7s
  1100K .......... .......... .......... .......... .......... 52%  109M 6s
  1150K .......... .......... .......... .......... .......... 54%  469K 6s
  1200K .......... .......... .......... .......... .......... 56%  661K 5s
  1250K .......... .......... .......... .......... .......... 58%  272K 5s
  1300K .......... .......... .......... .......... .......... 61%  787K 5s
  1350K .......... .......... .......... .......... .......... 63%  268K 4s
  1400K .......... .......... .......... .......... .......... 65%  959K 4s
  1450K .......... .......... .......... .......... .......... 67%  270K 4s
  1500K .......... .......... .......... .......... .......... 70% 1024K 3s
  1550K .......... .......... .......... .......... .......... 72%  277K 3s
  1600K .......... .......... .......... .......... .......... 74% 1.18M 3s
  1650K .......... .......... .......... .......... .......... 76%  266K 2s
  1700K .......... .......... .......... .......... .......... 79% 1.33M 2s
  1750K .......... .......... .......... .......... .......... 81%  270K 2s
  1800K .......... .......... .......... .......... .......... 83%  703K 2s
  1850K .......... .......... .......... .......... .......... 85%  332K 1s
  1900K .......... .......... .......... .......... .......... 88%  630K 1s
  1950K .......... .......... .......... .......... .......... 90%  707K 1s
  2000K .......... .......... .......... .......... .......... 92%  359K 1s
  2050K .......... .......... .......... .......... .......... 95%  101K 0s
  2100K .......... .......... .......... .......... .......... 97% 8.53M 0s
  2150K .......... .......... .......... .......... .......... 99%  103M 0s
  2200K ..........                                            100% 54.9M=9.4s

226 Transfer complete.
2017-08-08 00:01:02 (234 KB/s) - ‘./domain/root.zone’ saved [2263499]

The sizes do not match (local 1063101) -- retrieving.

--2017-08-08 00:01:02--  ftp://ftp.internic.net/domain/root.zone.gz
           => ‘./domain/root.zone.gz’
==> CWD not required.
--> PASV

227 Entering Passive Mode (192,0,32,9,19,156)
--> RETR root.zone.gz

150 Opening BINARY mode data connection for root.zone.gz (1063047 bytes).
Length: 1063047 (1.0M)

     0K .......... .......... .......... .......... ..........  4%  102K 10s
    50K .......... .......... .......... .......... ..........  9%  233K 7s
   100K .......... .......... .......... .......... .......... 14% 1.30M 4s
   150K .......... .......... .......... .......... .......... 19%  192K 4s
   200K .......... .......... .......... .......... .......... 24%  207K 4s
   250K .......... .......... .......... .......... .......... 28%  188K 4s
   300K .......... .......... .......... .......... .......... 33% 5.54M 3s
   350K .......... .......... .......... .......... .......... 38%  200K 3s
   400K .......... .......... .......... .......... .......... 43% 1.60M 2s
   450K .......... .......... .......... .......... .......... 48%  219K 2s
   500K .......... .......... .......... .......... .......... 52% 3.58M 2s
   550K .......... .......... .......... .......... .......... 57%  207K 2s
   600K .......... .......... .......... .......... .......... 62% 1.35M 1s
   650K .......... .......... .......... .......... .......... 67%  229K 1s
   700K .......... .......... .......... .......... .......... 72% 4.60M 1s
   750K .......... .......... .......... .......... .......... 77%  206K 1s
   800K .......... .......... .......... .......... .......... 81% 1.19M 1s
   850K .......... .......... .......... .......... .......... 86%  264K 0s
   900K .......... .......... .......... .......... .......... 91% 1.34M 0s
   950K .......... .......... .......... .......... .......... 96%  283K 0s
  1000K .......... .......... .......... ........             100% 1.28M=3.3s

226 Transfer complete.
2017-08-08 00:01:07 (318 KB/s) - ‘./domain/root.zone.gz’ saved [1063047]

Remote file is newer than local file ‘./domain/root.zone.gz.md5’ -- retrieving.

--2017-08-08 00:01:07--  ftp://ftp.internic.net/domain/root.zone.gz.md5
           => ‘./domain/root.zone.gz.md5’
==> CWD not required.
--> PASV

227 Entering Passive Mode (192,0,32,9,235,217)
--> RETR root.zone.gz.md5

150 Opening BINARY mode data connection for root.zone.gz.md5 (33 bytes).
Length: 33

     0K                                                       100%  435K=0s

226 Transfer complete.
2017-08-08 00:01:07 (435 KB/s) - ‘./domain/root.zone.gz.md5’ saved [33]

Remote file is newer than local file ‘./domain/root.zone.gz.sig’ -- retrieving.

--2017-08-08 00:01:07--  ftp://ftp.internic.net/domain/root.zone.gz.sig
           => ‘./domain/root.zone.gz.sig’
==> CWD not required.
--> PASV

227 Entering Passive Mode (192,0,32,9,41,91)
--> RETR root.zone.gz.sig

150 Opening BINARY mode data connection for root.zone.gz.sig (72 bytes).
Length: 72

     0K                                                       100% 1.43M=0s

226 Transfer complete.
2017-08-08 00:01:08 (1.43 MB/s) - ‘./domain/root.zone.gz.sig’ saved [72]

Remote file is newer than local file ‘./domain/root.zone.md5’ -- retrieving.

--2017-08-08 00:01:09--  ftp://ftp.internic.net/domain/root.zone.md5
           => ‘./domain/root.zone.md5’
==> CWD not required.
--> PASV

227 Entering Passive Mode (192,0,32,9,42,197)
--> RETR root.zone.md5

150 Opening BINARY mode data connection for root.zone.md5 (33 bytes).
Length: 33

     0K                                                       100%  413K=0s

226 Transfer complete.
2017-08-08 00:01:10 (413 KB/s) - ‘./domain/root.zone.md5’ saved [33]

Remote file is newer than local file ‘./domain/root.zone.sig’ -- retrieving.

--2017-08-08 00:01:10--  ftp://ftp.internic.net/domain/root.zone.sig
           => ‘./domain/root.zone.sig’
==> CWD not required.
--> PASV

227 Entering Passive Mode (192,0,32,9,8,144)
--> RETR root.zone.sig

150 Opening BINARY mode data connection for root.zone.sig (72 bytes).
Length: 72

     0K                                                       100%  336K=0s

226 Transfer complete.
2017-08-08 00:01:11 (336 KB/s) - ‘./domain/root.zone.sig’ saved [72]

FINISHED --2017-08-08 00:01:11--
Total wall clock time: 1m 7s
Downloaded: 40 files, 4.0M in 25s (165 KB/s)
