--2017-01-09 17:16:41--  ftp://ftp.internic.net/*
           => ‘./.listing’
Resolving ftp.internic.net (ftp.internic.net)... 192.0.32.9, 2620:0:2d0:200::9
Connecting to ftp.internic.net (ftp.internic.net)|192.0.32.9|:21... connected.
Logging in as anonymous ... 
220 Internic FTP Server
--> USER anonymous

331 Please specify the password.
--> PASS Turtle Power!

230 Login successful.
--> SYST

215 UNIX Type: L8
--> PWD

257 "/"
--> TYPE I

200 Switching to Binary mode.
==> CWD not needed.
--> PASV

227 Entering Passive Mode (192,0,32,9,159,174)
--> LIST -a

150 Here comes the directory listing.

     0K                                                        2.37K=0.08s

226 Directory send OK.
drwxr-xr-x    3 ftp      ftp          4096 Apr 04  2012 .
drwxr-xr-x    3 ftp      ftp          4096 Apr 04  2012 ..
drwxr-xr-x    2 ftp      ftp          4096 Sep 09  2015 domain
2017-01-09 17:16:52 (2.37 KB/s) - ‘./.listing’ saved [183]

--2017-01-09 17:16:52--  ftp://ftp.internic.net/domain/*
           => ‘./domain/.listing’
--> CWD /domain

250 Directory successfully changed.
--> PASV

227 Entering Passive Mode (192,0,32,9,42,68)
--> LIST -a

150 Here comes the directory listing.

     0K ...                                                    47.9K=0.08s

226 Directory send OK.
drwxr-xr-x    2 ftp      ftp          4096 Sep 09  2015 .
drwxr-xr-x    3 ftp      ftp          4096 Apr 04  2012 ..
-rw-r--r--    1 ftp      ftp          1829 Aug 18  2015 .listing
-rw-r--r--    1 ftp      ftp          1224 Jan 09 07:44 INTERNIC_ROOT_ZONE.signatures
-rw-r--r--    1 ftp      ftp          1469 Jan 09 07:44 INTERNIC_ROOT_ZONE.signatures.asc
-rw-r--r--    1 ftp      ftp         15355 Jan 09 00:21 arpa.zone
-rw-r--r--    1 ftp      ftp          6765 Jan 09 00:21 arpa.zone.gz
-rw-r--r--    1 ftp      ftp            33 Jan 09 00:21 arpa.zone.gz.md5
-rw-r--r--    1 ftp      ftp            72 Jan 09 00:21 arpa.zone.gz.sig
-rw-r--r--    1 ftp      ftp          3291 Oct 20 19:35 db.cache
-rw-r--r--    1 ftp      ftp            33 Oct 20 19:35 db.cache.md5
-rw-r--r--    1 ftp      ftp            72 Oct 20 19:35 db.cache.sig
-rw-r--r--    1 ftp      ftp        225915 Jan 09 09:00 in-addr.arpa
-rw-r--r--    1 ftp      ftp         89552 Jan 09 09:00 in-addr.arpa.gz
-rw-r--r--    1 ftp      ftp            55 Jan 09 09:00 in-addr.arpa.gz.md5
-rw-r--r--    1 ftp      ftp            90 Jan 09 09:00 in-addr.arpa.gz.sha256
-rw-r--r--    1 ftp      ftp            52 Jan 09 09:00 in-addr.arpa.md5
-rw-r--r--    1 ftp      ftp            87 Jan 09 09:00 in-addr.arpa.sha256
-rw-r--r--    1 ftp      ftp        225915 Jan 09 09:00 in-addr.arpa.zone
-rw-r--r--    1 ftp      ftp         89552 Jan 09 09:00 in-addr.arpa.zone.gz
-rw-r--r--    1 ftp      ftp            60 Jan 09 09:00 in-addr.arpa.zone.gz.md5
-rw-r--r--    1 ftp      ftp            95 Jan 09 09:00 in-addr.arpa.zone.gz.sha256
-rw-r--r--    1 ftp      ftp            57 Jan 09 09:00 in-addr.arpa.zone.md5
-rw-r--r--    1 ftp      ftp            92 Jan 09 09:00 in-addr.arpa.zone.sha256
-rw-r--r--    1 ftp      ftp         59500 Jan 09 09:00 ip6.arpa
-rw-r--r--    1 ftp      ftp         24069 Jan 09 09:00 ip6.arpa.gz
-rw-r--r--    1 ftp      ftp            51 Jan 09 09:00 ip6.arpa.gz.md5
-rw-r--r--    1 ftp      ftp            86 Jan 09 09:00 ip6.arpa.gz.sha256
-rw-r--r--    1 ftp      ftp            48 Jan 09 09:00 ip6.arpa.md5
-rw-r--r--    1 ftp      ftp            83 Jan 09 09:00 ip6.arpa.sha256
-rw-r--r--    1 ftp      ftp         59500 Jan 09 09:00 ip6.arpa.zone
-rw-r--r--    1 ftp      ftp         24069 Jan 09 09:00 ip6.arpa.zone.gz
-rw-r--r--    1 ftp      ftp            56 Jan 09 09:00 ip6.arpa.zone.gz.md5
-rw-r--r--    1 ftp      ftp            91 Jan 09 09:00 ip6.arpa.zone.gz.sha256
-rw-r--r--    1 ftp      ftp            53 Jan 09 09:00 ip6.arpa.zone.md5
-rw-r--r--    1 ftp      ftp            88 Jan 09 09:00 ip6.arpa.zone.sha256
-rw-r--r--    1 ftp      ftp            21 Jan 09 09:00 last_update.txt
-rw-r--r--    1 ftp      ftp          3291 Oct 20 19:35 named.cache
-rw-r--r--    1 ftp      ftp            33 Oct 20 19:35 named.cache.md5
-rw-r--r--    1 ftp      ftp            72 Oct 20 19:35 named.cache.sig
-rw-r--r--    1 ftp      ftp          3291 Oct 20 19:35 named.root
-rw-r--r--    1 ftp      ftp            33 Oct 20 19:35 named.root.md5
-rw-r--r--    1 ftp      ftp            72 Oct 20 19:35 named.root.sig
-rw-r--r--    1 ftp      ftp          2110 Oct 20 19:35 root-servers.net.zone
-rw-r--r--    1 ftp      ftp           574 Oct 20 19:35 root-servers.net.zone.gz
-rw-r--r--    1 ftp      ftp            33 Oct 20 19:35 root-servers.net.zone.gz.md5
-rw-r--r--    1 ftp      ftp            72 Oct 20 19:35 root-servers.net.zone.gz.sig
-rw-r--r--    1 ftp      ftp       2226193 Jan 09 05:09 root.zone
-rw-r--r--    1 ftp      ftp       1045684 Jan 09 05:09 root.zone.gz
-rw-r--r--    1 ftp      ftp            33 Jan 09 05:09 root.zone.gz.md5
-rw-r--r--    1 ftp      ftp            72 Jan 09 05:09 root.zone.gz.sig
-rw-r--r--    1 ftp      ftp            33 Jan 09 05:09 root.zone.md5
-rw-r--r--    1 ftp      ftp            72 Jan 09 05:09 root.zone.sig
2017-01-09 17:16:54 (47.9 KB/s) - ‘./domain/.listing’ saved [3930]

The sizes do not match (local 3930) -- retrieving.

--2017-01-09 17:16:54--  ftp://ftp.internic.net/domain/.listing
           => ‘./domain/.listing’
==> CWD not required.
--> PASV

227 Entering Passive Mode (192,0,32,9,68,144)
--> REST 3930

350 Restart position accepted (3930).
--> RETR .listing

150 Opening BINARY mode data connection for .listing (1829 bytes).
Length: 1829 (1.8K), -2101 remaining

     0K ,,,                                                   214% 0.00 =0s

226 Transfer complete.
2017-01-09 17:16:58 (0.00 B/s) - ‘./domain/.listing’ saved [3930]

Remote file is newer than local file ‘./domain/INTERNIC_ROOT_ZONE.signatures’ -- retrieving.

--2017-01-09 17:16:58--  ftp://ftp.internic.net/domain/INTERNIC_ROOT_ZONE.signatures
           => ‘./domain/INTERNIC_ROOT_ZONE.signatures’
==> CWD not required.
--> PASV

227 Entering Passive Mode (192,0,32,9,171,85)
--> REST 1224

350 Restart position accepted (1224).
--> RETR INTERNIC_ROOT_ZONE.signatures

150 Opening BINARY mode data connection for INTERNIC_ROOT_ZONE.signatures (1224 bytes).
Length: 1224 (1.2K), 0 remaining

     0K ,                                                     100% 0.00 =0s

226 Transfer complete.
2017-01-09 17:16:59 (0.00 B/s) - ‘./domain/INTERNIC_ROOT_ZONE.signatures’ saved [1224]

Remote file is newer than local file ‘./domain/INTERNIC_ROOT_ZONE.signatures.asc’ -- retrieving.

--2017-01-09 17:16:59--  ftp://ftp.internic.net/domain/INTERNIC_ROOT_ZONE.signatures.asc
           => ‘./domain/INTERNIC_ROOT_ZONE.signatures.asc’
==> CWD not required.
--> PASV

227 Entering Passive Mode (192,0,32,9,41,125)
--> REST 1469

350 Restart position accepted (1469).
--> RETR INTERNIC_ROOT_ZONE.signatures.asc

150 Opening BINARY mode data connection for INTERNIC_ROOT_ZONE.signatures.asc (1469 bytes).
Length: 1469 (1.4K), 0 remaining

     0K ,                                                     100% 0.00 =0s

226 Transfer complete.
2017-01-09 17:17:01 (0.00 B/s) - ‘./domain/INTERNIC_ROOT_ZONE.signatures.asc’ saved [1469]

Remote file no newer than local file ‘./domain/arpa.zone’ -- not retrieving.
The sizes do not match (local 6779) -- retrieving.

--2017-01-09 17:17:01--  ftp://ftp.internic.net/domain/arpa.zone.gz
           => ‘./domain/arpa.zone.gz’
==> CWD not required.
--> PASV

227 Entering Passive Mode (192,0,32,9,112,244)
--> REST 6779

350 Restart position accepted (6779).
--> RETR arpa.zone.gz

150 Opening BINARY mode data connection for arpa.zone.gz (6765 bytes).
Length: 6765 (6.6K), -14 remaining

     0K ,,,,,,                                                100% 0.00 =0s

226 Transfer complete.
2017-01-09 17:17:03 (0.00 B/s) - ‘./domain/arpa.zone.gz’ saved [6779]

Remote file no newer than local file ‘./domain/arpa.zone.gz.md5’ -- not retrieving.
Remote file no newer than local file ‘./domain/arpa.zone.gz.sig’ -- not retrieving.
Remote file no newer than local file ‘./domain/db.cache’ -- not retrieving.
Remote file no newer than local file ‘./domain/db.cache.md5’ -- not retrieving.
Remote file no newer than local file ‘./domain/db.cache.sig’ -- not retrieving.
Remote file is newer than local file ‘./domain/in-addr.arpa’ -- retrieving.

--2017-01-09 17:17:03--  ftp://ftp.internic.net/domain/in-addr.arpa
           => ‘./domain/in-addr.arpa’
==> CWD not required.
--> PASV

227 Entering Passive Mode (192,0,32,9,58,107)
--> REST 225915

350 Restart position accepted (225915).
--> RETR in-addr.arpa

150 Opening BINARY mode data connection for in-addr.arpa (225915 bytes).
Length: 225915 (221K), 0 remaining

        [ skipping 200K ]
   200K ,,,,,,,,,, ,,,,,,,,,,                                 100% 0.00 =0s

226 Transfer complete.
2017-01-09 17:17:04 (0.00 B/s) - ‘./domain/in-addr.arpa’ saved [225915]

The sizes do not match (local 89687) -- retrieving.

--2017-01-09 17:17:04--  ftp://ftp.internic.net/domain/in-addr.arpa.gz
           => ‘./domain/in-addr.arpa.gz’
==> CWD not required.
--> PASV

227 Entering Passive Mode (192,0,32,9,41,7)
--> REST 89687

350 Restart position accepted (89687).
--> RETR in-addr.arpa.gz

150 Opening BINARY mode data connection for in-addr.arpa.gz (89552 bytes).
Length: 89552 (87K), -135 remaining

        [ skipping 50K ]
    50K ,,,,,,,,,, ,,,,,,,,,, ,,,,,,,,,, ,,,,,,,              100% 0.00 =0s

226 Transfer complete.
2017-01-09 17:17:10 (0.00 B/s) - ‘./domain/in-addr.arpa.gz’ saved [89687]

Remote file is newer than local file ‘./domain/in-addr.arpa.gz.md5’ -- retrieving.

--2017-01-09 17:17:10--  ftp://ftp.internic.net/domain/in-addr.arpa.gz.md5
           => ‘./domain/in-addr.arpa.gz.md5’
==> CWD not required.
--> PASV

227 Entering Passive Mode (192,0,32,9,228,5)
--> REST 55

350 Restart position accepted (55).
--> RETR in-addr.arpa.gz.md5

150 Opening BINARY mode data connection for in-addr.arpa.gz.md5 (55 bytes).
Length: 55, 0 remaining

     0K
     0K                                                       100% 0.00 =0s

226 Transfer complete.
2017-01-09 17:17:12 (0.00 B/s) - ‘./domain/in-addr.arpa.gz.md5’ saved [55]

Remote file is newer than local file ‘./domain/in-addr.arpa.gz.sha256’ -- retrieving.

--2017-01-09 17:17:12--  ftp://ftp.internic.net/domain/in-addr.arpa.gz.sha256
           => ‘./domain/in-addr.arpa.gz.sha256’
==> CWD not required.
--> PASV

227 Entering Passive Mode (192,0,32,9,42,1)
--> REST 90

350 Restart position accepted (90).
--> RETR in-addr.arpa.gz.sha256

150 Opening BINARY mode data connection for in-addr.arpa.gz.sha256 (90 bytes).
Length: 90, 0 remaining

     0K
     0K                                                       100% 0.00 =0s

226 Transfer complete.
2017-01-09 17:17:16 (0.00 B/s) - ‘./domain/in-addr.arpa.gz.sha256’ saved [90]

Remote file is newer than local file ‘./domain/in-addr.arpa.md5’ -- retrieving.

--2017-01-09 17:17:16--  ftp://ftp.internic.net/domain/in-addr.arpa.md5
           => ‘./domain/in-addr.arpa.md5’
==> CWD not required.
--> PASV

227 Entering Passive Mode (192,0,32,9,194,73)
--> REST 52

350 Restart position accepted (52).
--> RETR in-addr.arpa.md5

150 Opening BINARY mode data connection for in-addr.arpa.md5 (52 bytes).
Length: 52, 0 remaining

     0K
     0K                                                       100% 0.00 =0s

226 Transfer complete.
2017-01-09 17:17:25 (0.00 B/s) - ‘./domain/in-addr.arpa.md5’ saved [52]

Remote file is newer than local file ‘./domain/in-addr.arpa.sha256’ -- retrieving.

--2017-01-09 17:17:25--  ftp://ftp.internic.net/domain/in-addr.arpa.sha256
           => ‘./domain/in-addr.arpa.sha256’
==> CWD not required.
--> PASV

227 Entering Passive Mode (192,0,32,9,216,73)
--> REST 87

350 Restart position accepted (87).
--> RETR in-addr.arpa.sha256

150 Opening BINARY mode data connection for in-addr.arpa.sha256 (87 bytes).
Length: 87, 0 remaining

     0K
     0K                                                       100% 0.00 =0s

226 Transfer complete.
2017-01-09 17:17:27 (0.00 B/s) - ‘./domain/in-addr.arpa.sha256’ saved [87]

Remote file is newer than local file ‘./domain/in-addr.arpa.zone’ -- retrieving.

--2017-01-09 17:17:27--  ftp://ftp.internic.net/domain/in-addr.arpa.zone
           => ‘./domain/in-addr.arpa.zone’
==> CWD not required.
--> PASV

227 Entering Passive Mode (192,0,32,9,183,243)
--> REST 225915

350 Restart position accepted (225915).
--> RETR in-addr.arpa.zone

150 Opening BINARY mode data connection for in-addr.arpa.zone (225915 bytes).
Length: 225915 (221K), 0 remaining

        [ skipping 200K ]
   200K ,,,,,,,,,, ,,,,,,,,,,                                 100% 0.00 =0s

226 Transfer complete.
2017-01-09 17:17:29 (0.00 B/s) - ‘./domain/in-addr.arpa.zone’ saved [225915]

The sizes do not match (local 89687) -- retrieving.

--2017-01-09 17:17:29--  ftp://ftp.internic.net/domain/in-addr.arpa.zone.gz
           => ‘./domain/in-addr.arpa.zone.gz’
==> CWD not required.
--> PASV

227 Entering Passive Mode (192,0,32,9,42,65)
--> REST 89687

350 Restart position accepted (89687).
--> RETR in-addr.arpa.zone.gz

150 Opening BINARY mode data connection for in-addr.arpa.zone.gz (89552 bytes).
Length: 89552 (87K), -135 remaining

        [ skipping 50K ]
    50K ,,,,,,,,,, ,,,,,,,,,, ,,,,,,,,,, ,,,,,,,              100% 0.00 =0s

226 Transfer complete.
2017-01-09 17:17:35 (0.00 B/s) - ‘./domain/in-addr.arpa.zone.gz’ saved [89687]

Remote file is newer than local file ‘./domain/in-addr.arpa.zone.gz.md5’ -- retrieving.

--2017-01-09 17:17:35--  ftp://ftp.internic.net/domain/in-addr.arpa.zone.gz.md5
           => ‘./domain/in-addr.arpa.zone.gz.md5’
==> CWD not required.
--> PASV

227 Entering Passive Mode (192,0,32,9,53,219)
--> REST 60

350 Restart position accepted (60).
--> RETR in-addr.arpa.zone.gz.md5

150 Opening BINARY mode data connection for in-addr.arpa.zone.gz.md5 (60 bytes).
Length: 60, 0 remaining

     0K
     0K                                                       100% 0.00 =0s

226 Transfer complete.
2017-01-09 17:17:38 (0.00 B/s) - ‘./domain/in-addr.arpa.zone.gz.md5’ saved [60]

Remote file is newer than local file ‘./domain/in-addr.arpa.zone.gz.sha256’ -- retrieving.

--2017-01-09 17:17:38--  ftp://ftp.internic.net/domain/in-addr.arpa.zone.gz.sha256
           => ‘./domain/in-addr.arpa.zone.gz.sha256’
==> CWD not required.
--> PASV

227 Entering Passive Mode (192,0,32,9,41,248)
--> REST 95

350 Restart position accepted (95).
--> RETR in-addr.arpa.zone.gz.sha256

150 Opening BINARY mode data connection for in-addr.arpa.zone.gz.sha256 (95 bytes).
Length: 95, 0 remaining

     0K
     0K                                                       100% 0.00 =0s

226 Transfer complete.
2017-01-09 17:17:39 (0.00 B/s) - ‘./domain/in-addr.arpa.zone.gz.sha256’ saved [95]

Remote file is newer than local file ‘./domain/in-addr.arpa.zone.md5’ -- retrieving.

--2017-01-09 17:17:39--  ftp://ftp.internic.net/domain/in-addr.arpa.zone.md5
           => ‘./domain/in-addr.arpa.zone.md5’
==> CWD not required.
--> PASV

227 Entering Passive Mode (192,0,32,9,65,111)
--> REST 57

350 Restart position accepted (57).
--> RETR in-addr.arpa.zone.md5

150 Opening BINARY mode data connection for in-addr.arpa.zone.md5 (57 bytes).
Length: 57, 0 remaining

     0K
     0K                                                       100% 0.00 =0s

226 Transfer complete.
2017-01-09 17:17:46 (0.00 B/s) - ‘./domain/in-addr.arpa.zone.md5’ saved [57]

Remote file is newer than local file ‘./domain/in-addr.arpa.zone.sha256’ -- retrieving.

--2017-01-09 17:17:46--  ftp://ftp.internic.net/domain/in-addr.arpa.zone.sha256
           => ‘./domain/in-addr.arpa.zone.sha256’
==> CWD not required.
--> PASV

227 Entering Passive Mode (192,0,32,9,209,47)
--> REST 92

350 Restart position accepted (92).
--> RETR in-addr.arpa.zone.sha256

150 Opening BINARY mode data connection for in-addr.arpa.zone.sha256 (92 bytes).
Length: 92, 0 remaining

     0K
     0K                                                       100% 0.00 =0s

226 Transfer complete.
2017-01-09 17:18:02 (0.00 B/s) - ‘./domain/in-addr.arpa.zone.sha256’ saved [92]

Remote file is newer than local file ‘./domain/ip6.arpa’ -- retrieving.

--2017-01-09 17:18:02--  ftp://ftp.internic.net/domain/ip6.arpa
           => ‘./domain/ip6.arpa’
==> CWD not required.
--> PASV

227 Entering Passive Mode (192,0,32,9,42,59)
--> REST 59500

350 Restart position accepted (59500).
--> RETR ip6.arpa

150 Opening BINARY mode data connection for ip6.arpa (59500 bytes).
Length: 59500 (58K), 0 remaining

        [ skipping 50K ]
    50K ,,,,,,,,                                              100% 0.00 =0s

226 Transfer complete.
2017-01-09 17:18:04 (0.00 B/s) - ‘./domain/ip6.arpa’ saved [59500]

The sizes do not match (local 24104) -- retrieving.

--2017-01-09 17:18:04--  ftp://ftp.internic.net/domain/ip6.arpa.gz
           => ‘./domain/ip6.arpa.gz’
==> CWD not required.
--> PASV

227 Entering Passive Mode (192,0,32,9,204,151)
--> REST 24104

350 Restart position accepted (24104).
--> RETR ip6.arpa.gz

150 Opening BINARY mode data connection for ip6.arpa.gz (24069 bytes).
Length: 24069 (24K), -35 remaining

     0K ,,,,,,,,,, ,,,,,,,,,, ,,,                             100% 0.00 =0s

226 Transfer complete.
2017-01-09 17:18:06 (0.00 B/s) - ‘./domain/ip6.arpa.gz’ saved [24104]

Remote file is newer than local file ‘./domain/ip6.arpa.gz.md5’ -- retrieving.

--2017-01-09 17:18:06--  ftp://ftp.internic.net/domain/ip6.arpa.gz.md5
           => ‘./domain/ip6.arpa.gz.md5’
==> CWD not required.
--> PASV

227 Entering Passive Mode (192,0,32,9,114,41)
--> REST 51

350 Restart position accepted (51).
--> RETR ip6.arpa.gz.md5

150 Opening BINARY mode data connection for ip6.arpa.gz.md5 (51 bytes).
Length: 51, 0 remaining

     0K
     0K                                                       100% 0.00 =0s

226 Transfer complete.
2017-01-09 17:18:08 (0.00 B/s) - ‘./domain/ip6.arpa.gz.md5’ saved [51]

Remote file is newer than local file ‘./domain/ip6.arpa.gz.sha256’ -- retrieving.

--2017-01-09 17:18:08--  ftp://ftp.internic.net/domain/ip6.arpa.gz.sha256
           => ‘./domain/ip6.arpa.gz.sha256’
==> CWD not required.
--> PASV

227 Entering Passive Mode (192,0,32,9,169,184)
--> REST 86

350 Restart position accepted (86).
--> RETR ip6.arpa.gz.sha256

150 Opening BINARY mode data connection for ip6.arpa.gz.sha256 (86 bytes).
Length: 86, 0 remaining

     0K
     0K                                                       100% 0.00 =0s

226 Transfer complete.
2017-01-09 17:18:11 (0.00 B/s) - ‘./domain/ip6.arpa.gz.sha256’ saved [86]

Remote file is newer than local file ‘./domain/ip6.arpa.md5’ -- retrieving.

--2017-01-09 17:18:11--  ftp://ftp.internic.net/domain/ip6.arpa.md5
           => ‘./domain/ip6.arpa.md5’
==> CWD not required.
--> PASV

227 Entering Passive Mode (192,0,32,9,105,157)
--> REST 48

350 Restart position accepted (48).
--> RETR ip6.arpa.md5

150 Opening BINARY mode data connection for ip6.arpa.md5 (48 bytes).
Length: 48, 0 remaining

     0K
     0K                                                       100% 0.00 =0s

226 Transfer complete.
2017-01-09 17:18:14 (0.00 B/s) - ‘./domain/ip6.arpa.md5’ saved [48]

Remote file is newer than local file ‘./domain/ip6.arpa.sha256’ -- retrieving.

--2017-01-09 17:18:14--  ftp://ftp.internic.net/domain/ip6.arpa.sha256
           => ‘./domain/ip6.arpa.sha256’
==> CWD not required.
--> PASV

227 Entering Passive Mode (192,0,32,9,226,252)
--> REST 83

350 Restart position accepted (83).
--> RETR ip6.arpa.sha256

150 Opening BINARY mode data connection for ip6.arpa.sha256 (83 bytes).
Length: 83, 0 remaining

     0K
     0K                                                       100% 0.00 =0s

226 Transfer complete.
2017-01-09 17:18:16 (0.00 B/s) - ‘./domain/ip6.arpa.sha256’ saved [83]

Remote file is newer than local file ‘./domain/ip6.arpa.zone’ -- retrieving.

--2017-01-09 17:18:16--  ftp://ftp.internic.net/domain/ip6.arpa.zone
           => ‘./domain/ip6.arpa.zone’
==> CWD not required.
--> PASV

227 Entering Passive Mode (192,0,32,9,101,139)
--> REST 59500

350 Restart position accepted (59500).
--> RETR ip6.arpa.zone

150 Opening BINARY mode data connection for ip6.arpa.zone (59500 bytes).
Length: 59500 (58K), 0 remaining

        [ skipping 50K ]
    50K ,,,,,,,,                                              100% 0.00 =0s

226 Transfer complete.
2017-01-09 17:18:23 (0.00 B/s) - ‘./domain/ip6.arpa.zone’ saved [59500]

The sizes do not match (local 24104) -- retrieving.

--2017-01-09 17:18:23--  ftp://ftp.internic.net/domain/ip6.arpa.zone.gz
           => ‘./domain/ip6.arpa.zone.gz’
==> CWD not required.
--> PASV

227 Entering Passive Mode (192,0,32,9,174,240)
--> REST 24104

350 Restart position accepted (24104).
--> RETR ip6.arpa.zone.gz

150 Opening BINARY mode data connection for ip6.arpa.zone.gz (24069 bytes).
Length: 24069 (24K), -35 remaining

     0K ,,,,,,,,,, ,,,,,,,,,, ,,,                             100% 0.00 =0s

226 Transfer complete.
2017-01-09 17:18:27 (0.00 B/s) - ‘./domain/ip6.arpa.zone.gz’ saved [24104]

Remote file is newer than local file ‘./domain/ip6.arpa.zone.gz.md5’ -- retrieving.

--2017-01-09 17:18:27--  ftp://ftp.internic.net/domain/ip6.arpa.zone.gz.md5
           => ‘./domain/ip6.arpa.zone.gz.md5’
==> CWD not required.
--> PASV

227 Entering Passive Mode (192,0,32,9,133,139)
--> REST 56

350 Restart position accepted (56).
--> RETR ip6.arpa.zone.gz.md5

150 Opening BINARY mode data connection for ip6.arpa.zone.gz.md5 (56 bytes).
Length: 56, 0 remaining

     0K
     0K                                                       100% 0.00 =0s

226 Transfer complete.
2017-01-09 17:18:29 (0.00 B/s) - ‘./domain/ip6.arpa.zone.gz.md5’ saved [56]

Remote file is newer than local file ‘./domain/ip6.arpa.zone.gz.sha256’ -- retrieving.

--2017-01-09 17:18:29--  ftp://ftp.internic.net/domain/ip6.arpa.zone.gz.sha256
           => ‘./domain/ip6.arpa.zone.gz.sha256’
==> CWD not required.
--> PASV

227 Entering Passive Mode (192,0,32,9,166,125)
--> REST 91

350 Restart position accepted (91).
--> RETR ip6.arpa.zone.gz.sha256

150 Opening BINARY mode data connection for ip6.arpa.zone.gz.sha256 (91 bytes).
Length: 91, 0 remaining

     0K
     0K                                                       100% 0.00 =0s

226 Transfer complete.
2017-01-09 17:18:30 (0.00 B/s) - ‘./domain/ip6.arpa.zone.gz.sha256’ saved [91]

Remote file is newer than local file ‘./domain/ip6.arpa.zone.md5’ -- retrieving.

--2017-01-09 17:18:30--  ftp://ftp.internic.net/domain/ip6.arpa.zone.md5
           => ‘./domain/ip6.arpa.zone.md5’
==> CWD not required.
--> PASV

227 Entering Passive Mode (192,0,32,9,72,214)
--> REST 53

350 Restart position accepted (53).
--> RETR ip6.arpa.zone.md5

150 Opening BINARY mode data connection for ip6.arpa.zone.md5 (53 bytes).
Length: 53, 0 remaining

     0K
     0K                                                       100% 0.00 =0s

226 Transfer complete.
2017-01-09 17:18:34 (0.00 B/s) - ‘./domain/ip6.arpa.zone.md5’ saved [53]

Remote file is newer than local file ‘./domain/ip6.arpa.zone.sha256’ -- retrieving.

--2017-01-09 17:18:34--  ftp://ftp.internic.net/domain/ip6.arpa.zone.sha256
           => ‘./domain/ip6.arpa.zone.sha256’
==> CWD not required.
--> PASV

227 Entering Passive Mode (192,0,32,9,114,233)
--> REST 88

350 Restart position accepted (88).
--> RETR ip6.arpa.zone.sha256

150 Opening BINARY mode data connection for ip6.arpa.zone.sha256 (88 bytes).
Length: 88, 0 remaining

     0K
     0K                                                       100% 0.00 =0s

226 Transfer complete.
2017-01-09 17:18:36 (0.00 B/s) - ‘./domain/ip6.arpa.zone.sha256’ saved [88]

Remote file is newer than local file ‘./domain/last_update.txt’ -- retrieving.

--2017-01-09 17:18:36--  ftp://ftp.internic.net/domain/last_update.txt
           => ‘./domain/last_update.txt’
==> CWD not required.
--> PASV

227 Entering Passive Mode (192,0,32,9,103,188)
--> REST 21

350 Restart position accepted (21).
--> RETR last_update.txt

150 Opening BINARY mode data connection for last_update.txt (21 bytes).
Length: 21, 0 remaining

     0K
     0K                                                       100% 0.00 =0s

226 Transfer complete.
2017-01-09 17:18:37 (0.00 B/s) - ‘./domain/last_update.txt’ saved [21]

Remote file no newer than local file ‘./domain/named.cache’ -- not retrieving.
Remote file no newer than local file ‘./domain/named.cache.md5’ -- not retrieving.
Remote file no newer than local file ‘./domain/named.cache.sig’ -- not retrieving.
Remote file no newer than local file ‘./domain/named.root’ -- not retrieving.
Remote file no newer than local file ‘./domain/named.root.md5’ -- not retrieving.
Remote file no newer than local file ‘./domain/named.root.sig’ -- not retrieving.
Remote file no newer than local file ‘./domain/root-servers.net.zone’ -- not retrieving.
Remote file no newer than local file ‘./domain/root-servers.net.zone.gz’ -- not retrieving.
Remote file no newer than local file ‘./domain/root-servers.net.zone.gz.md5’ -- not retrieving.
Remote file no newer than local file ‘./domain/root-servers.net.zone.gz.sig’ -- not retrieving.
Remote file no newer than local file ‘./domain/root.zone’ -- not retrieving.
Remote file no newer than local file ‘./domain/root.zone.gz’ -- not retrieving.
Remote file no newer than local file ‘./domain/root.zone.gz.md5’ -- not retrieving.
Remote file no newer than local file ‘./domain/root.zone.gz.sig’ -- not retrieving.
Remote file no newer than local file ‘./domain/root.zone.md5’ -- not retrieving.
Remote file no newer than local file ‘./domain/root.zone.sig’ -- not retrieving.
FINISHED --2017-01-09 17:18:37--
Total wall clock time: 1m 56s
Downloaded: 31 files, 798K in 0.2s (5.01 MB/s)
