--2017-03-24 00:00:02--  ftp://ftp.internic.net/*
           => ‘./.listing’
Resolving ftp.internic.net (ftp.internic.net)... 192.0.32.9, 2620:0:2d0:200::9
Connecting to ftp.internic.net (ftp.internic.net)|192.0.32.9|:21... connected.
Logging in as anonymous ... 
220 Internic FTP Server
--> USER anonymous

331 Please specify the password.
--> PASS Turtle Power!

230 Login successful.
--> SYST

215 UNIX Type: L8
--> PWD

257 "/"
--> TYPE I

200 Switching to Binary mode.
==> CWD not needed.
--> PASV

227 Entering Passive Mode (192,0,32,9,132,205)
--> LIST -a

150 Here comes the directory listing.

     0K                                                        2.49M=0s

226 Directory send OK.
drwxr-xr-x    3 ftp      ftp          4096 Apr 04  2012 .
drwxr-xr-x    3 ftp      ftp          4096 Apr 04  2012 ..
drwxr-xr-x    2 ftp      ftp          4096 Sep 09  2015 domain
2017-03-24 00:00:16 (2.49 MB/s) - ‘./.listing’ saved [183]

--2017-03-24 00:00:16--  ftp://ftp.internic.net/domain/*
           => ‘./domain/.listing’
--> CWD /domain

250 Directory successfully changed.
--> PASV

227 Entering Passive Mode (192,0,32,9,172,229)
--> LIST -a

150 Here comes the directory listing.

     0K ...                                                     965K=0.004s

226 Directory send OK.
drwxr-xr-x    2 ftp      ftp          4096 Sep 09  2015 .
drwxr-xr-x    3 ftp      ftp          4096 Apr 04  2012 ..
-rw-r--r--    1 ftp      ftp          1829 Aug 18  2015 .listing
-rw-r--r--    1 ftp      ftp          1224 Mar 23 12:41 INTERNIC_ROOT_ZONE.signatures
-rw-r--r--    1 ftp      ftp          1469 Mar 23 12:41 INTERNIC_ROOT_ZONE.signatures.asc
-rw-r--r--    1 ftp      ftp         15438 Mar 23 12:41 arpa.zone
-rw-r--r--    1 ftp      ftp          6776 Mar 23 12:41 arpa.zone.gz
-rw-r--r--    1 ftp      ftp            33 Mar 23 12:41 arpa.zone.gz.md5
-rw-r--r--    1 ftp      ftp            72 Mar 23 12:41 arpa.zone.gz.sig
-rw-r--r--    1 ftp      ftp          3291 Oct 20 19:35 db.cache
-rw-r--r--    1 ftp      ftp            33 Oct 20 19:35 db.cache.md5
-rw-r--r--    1 ftp      ftp            72 Oct 20 19:35 db.cache.sig
-rw-r--r--    1 ftp      ftp        229869 Mar 23 15:40 in-addr.arpa
-rw-r--r--    1 ftp      ftp         90671 Mar 23 15:40 in-addr.arpa.gz
-rw-r--r--    1 ftp      ftp            55 Mar 23 15:40 in-addr.arpa.gz.md5
-rw-r--r--    1 ftp      ftp            90 Mar 23 15:40 in-addr.arpa.gz.sha256
-rw-r--r--    1 ftp      ftp            52 Mar 23 15:40 in-addr.arpa.md5
-rw-r--r--    1 ftp      ftp            87 Mar 23 15:40 in-addr.arpa.sha256
-rw-r--r--    1 ftp      ftp        229869 Mar 23 15:40 in-addr.arpa.zone
-rw-r--r--    1 ftp      ftp         90671 Mar 23 15:40 in-addr.arpa.zone.gz
-rw-r--r--    1 ftp      ftp            60 Mar 23 15:40 in-addr.arpa.zone.gz.md5
-rw-r--r--    1 ftp      ftp            95 Mar 23 15:40 in-addr.arpa.zone.gz.sha256
-rw-r--r--    1 ftp      ftp            57 Mar 23 15:40 in-addr.arpa.zone.md5
-rw-r--r--    1 ftp      ftp            92 Mar 23 15:40 in-addr.arpa.zone.sha256
-rw-r--r--    1 ftp      ftp         61865 Mar 23 15:40 ip6.arpa
-rw-r--r--    1 ftp      ftp         24446 Mar 23 15:40 ip6.arpa.gz
-rw-r--r--    1 ftp      ftp            51 Mar 23 15:40 ip6.arpa.gz.md5
-rw-r--r--    1 ftp      ftp            86 Mar 23 15:40 ip6.arpa.gz.sha256
-rw-r--r--    1 ftp      ftp            48 Mar 23 15:40 ip6.arpa.md5
-rw-r--r--    1 ftp      ftp            83 Mar 23 15:40 ip6.arpa.sha256
-rw-r--r--    1 ftp      ftp         61865 Mar 23 15:40 ip6.arpa.zone
-rw-r--r--    1 ftp      ftp         24446 Mar 23 15:40 ip6.arpa.zone.gz
-rw-r--r--    1 ftp      ftp            56 Mar 23 15:40 ip6.arpa.zone.gz.md5
-rw-r--r--    1 ftp      ftp            91 Mar 23 15:40 ip6.arpa.zone.gz.sha256
-rw-r--r--    1 ftp      ftp            53 Mar 23 15:40 ip6.arpa.zone.md5
-rw-r--r--    1 ftp      ftp            88 Mar 23 15:40 ip6.arpa.zone.sha256
-rw-r--r--    1 ftp      ftp            21 Mar 23 15:40 last_update.txt
-rw-r--r--    1 ftp      ftp          3291 Oct 20 19:35 named.cache
-rw-r--r--    1 ftp      ftp            33 Oct 20 19:35 named.cache.md5
-rw-r--r--    1 ftp      ftp            72 Oct 20 19:35 named.cache.sig
-rw-r--r--    1 ftp      ftp          3291 Oct 20 19:35 named.root
-rw-r--r--    1 ftp      ftp            33 Oct 20 19:35 named.root.md5
-rw-r--r--    1 ftp      ftp            72 Oct 20 19:35 named.root.sig
-rw-r--r--    1 ftp      ftp          2110 Oct 20 19:35 root-servers.net.zone
-rw-r--r--    1 ftp      ftp           574 Oct 20 19:35 root-servers.net.zone.gz
-rw-r--r--    1 ftp      ftp            33 Oct 20 19:35 root-servers.net.zone.gz.md5
-rw-r--r--    1 ftp      ftp            72 Oct 20 19:35 root-servers.net.zone.gz.sig
-rw-r--r--    1 ftp      ftp       2231012 Mar 23 12:09 root.zone
-rw-r--r--    1 ftp      ftp       1047945 Mar 23 12:09 root.zone.gz
-rw-r--r--    1 ftp      ftp            33 Mar 23 12:09 root.zone.gz.md5
-rw-r--r--    1 ftp      ftp            72 Mar 23 12:09 root.zone.gz.sig
-rw-r--r--    1 ftp      ftp            33 Mar 23 12:09 root.zone.md5
-rw-r--r--    1 ftp      ftp            72 Mar 23 12:09 root.zone.sig
2017-03-24 00:00:18 (965 KB/s) - ‘./domain/.listing’ saved [3930]

The sizes do not match (local 3930) -- retrieving.

--2017-03-24 00:00:18--  ftp://ftp.internic.net/domain/.listing
           => ‘./domain/.listing’
==> CWD not required.
--> PASV

227 Entering Passive Mode (192,0,32,9,41,16)
--> RETR .listing

150 Opening BINARY mode data connection for .listing (1829 bytes).
Length: 1829 (1.8K)

     0K .                                                     100% 82.5K=0.02s

226 Transfer complete.
2017-03-24 00:00:19 (82.5 KB/s) - ‘./domain/.listing’ saved [1829]

Remote file is newer than local file ‘./domain/INTERNIC_ROOT_ZONE.signatures’ -- retrieving.

--2017-03-24 00:00:19--  ftp://ftp.internic.net/domain/INTERNIC_ROOT_ZONE.signatures
           => ‘./domain/INTERNIC_ROOT_ZONE.signatures’
==> CWD not required.
--> PASV

227 Entering Passive Mode (192,0,32,9,146,228)
--> RETR INTERNIC_ROOT_ZONE.signatures

150 Opening BINARY mode data connection for INTERNIC_ROOT_ZONE.signatures (1224 bytes).
Length: 1224 (1.2K)

     0K .                                                     100% 67.0K=0.02s

226 Transfer complete.
2017-03-24 00:00:21 (67.0 KB/s) - ‘./domain/INTERNIC_ROOT_ZONE.signatures’ saved [1224]

Remote file is newer than local file ‘./domain/INTERNIC_ROOT_ZONE.signatures.asc’ -- retrieving.

--2017-03-24 00:00:21--  ftp://ftp.internic.net/domain/INTERNIC_ROOT_ZONE.signatures.asc
           => ‘./domain/INTERNIC_ROOT_ZONE.signatures.asc’
==> CWD not required.
--> PASV

227 Entering Passive Mode (192,0,32,9,41,90)
--> RETR INTERNIC_ROOT_ZONE.signatures.asc

150 Opening BINARY mode data connection for INTERNIC_ROOT_ZONE.signatures.asc (1469 bytes).
Length: 1469 (1.4K)

     0K .                                                     100%  465K=0.003s

226 Transfer complete.
2017-03-24 00:00:22 (465 KB/s) - ‘./domain/INTERNIC_ROOT_ZONE.signatures.asc’ saved [1469]

Remote file is newer than local file ‘./domain/arpa.zone’ -- retrieving.

--2017-03-24 00:00:22--  ftp://ftp.internic.net/domain/arpa.zone
           => ‘./domain/arpa.zone’
==> CWD not required.
--> PASV

227 Entering Passive Mode (192,0,32,9,41,32)
--> RETR arpa.zone

150 Opening BINARY mode data connection for arpa.zone (15438 bytes).
Length: 15438 (15K)

     0K .......... .....                                      100%  364K=0.04s

226 Transfer complete.
2017-03-24 00:00:24 (364 KB/s) - ‘./domain/arpa.zone’ saved [15438]

The sizes do not match (local 6782) -- retrieving.

--2017-03-24 00:00:24--  ftp://ftp.internic.net/domain/arpa.zone.gz
           => ‘./domain/arpa.zone.gz’
==> CWD not required.
--> PASV

227 Entering Passive Mode (192,0,32,9,53,153)
--> RETR arpa.zone.gz

150 Opening BINARY mode data connection for arpa.zone.gz (6776 bytes).
Length: 6776 (6.6K)

     0K ......                                                100% 42.5M=0s

226 Transfer complete.
2017-03-24 00:00:26 (42.5 MB/s) - ‘./domain/arpa.zone.gz’ saved [6776]

Remote file is newer than local file ‘./domain/arpa.zone.gz.md5’ -- retrieving.

--2017-03-24 00:00:26--  ftp://ftp.internic.net/domain/arpa.zone.gz.md5
           => ‘./domain/arpa.zone.gz.md5’
==> CWD not required.
--> PASV

227 Entering Passive Mode (192,0,32,9,41,128)
--> RETR arpa.zone.gz.md5

150 Opening BINARY mode data connection for arpa.zone.gz.md5 (33 bytes).
Length: 33

     0K                                                       100%  797 =0.04s

226 Transfer complete.
2017-03-24 00:00:27 (797 B/s) - ‘./domain/arpa.zone.gz.md5’ saved [33]

Remote file is newer than local file ‘./domain/arpa.zone.gz.sig’ -- retrieving.

--2017-03-24 00:00:27--  ftp://ftp.internic.net/domain/arpa.zone.gz.sig
           => ‘./domain/arpa.zone.gz.sig’
==> CWD not required.
--> PASV

227 Entering Passive Mode (192,0,32,9,222,135)
--> RETR arpa.zone.gz.sig

150 Opening BINARY mode data connection for arpa.zone.gz.sig (72 bytes).
Length: 72

     0K                                                       100% 4.38K=0.02s

226 Transfer complete.
2017-03-24 00:00:29 (4.38 KB/s) - ‘./domain/arpa.zone.gz.sig’ saved [72]

Remote file no newer than local file ‘./domain/db.cache’ -- not retrieving.
Remote file no newer than local file ‘./domain/db.cache.md5’ -- not retrieving.
Remote file no newer than local file ‘./domain/db.cache.sig’ -- not retrieving.
Remote file is newer than local file ‘./domain/in-addr.arpa’ -- retrieving.

--2017-03-24 00:00:29--  ftp://ftp.internic.net/domain/in-addr.arpa
           => ‘./domain/in-addr.arpa’
==> CWD not required.
--> PASV

227 Entering Passive Mode (192,0,32,9,105,255)
--> RETR in-addr.arpa

150 Opening BINARY mode data connection for in-addr.arpa (229869 bytes).
Length: 229869 (224K)

     0K .......... .......... .......... .......... .......... 22%  103K 2s
    50K .......... .......... .......... .......... .......... 44%  216K 1s
   100K .......... .......... .......... .......... .......... 66% 2.99M 0s
   150K .......... .......... .......... .......... .......... 89% 58.0K 0s
   200K .......... .......... ....                            100%  105K=1.8s

226 Transfer complete.
2017-03-24 00:00:34 (123 KB/s) - ‘./domain/in-addr.arpa’ saved [229869]

The sizes do not match (local 90679) -- retrieving.

--2017-03-24 00:00:34--  ftp://ftp.internic.net/domain/in-addr.arpa.gz
           => ‘./domain/in-addr.arpa.gz’
==> CWD not required.
--> PASV

227 Entering Passive Mode (192,0,32,9,46,45)
--> RETR in-addr.arpa.gz

150 Opening BINARY mode data connection for in-addr.arpa.gz (90671 bytes).
Length: 90671 (89K)

     0K .......... .......... .......... .......... .......... 56%  104K 0s
    50K .......... .......... .......... ........             100%  158K=0.7s

226 Transfer complete.
2017-03-24 00:00:46 (122 KB/s) - ‘./domain/in-addr.arpa.gz’ saved [90671]

Remote file is newer than local file ‘./domain/in-addr.arpa.gz.md5’ -- retrieving.

--2017-03-24 00:00:46--  ftp://ftp.internic.net/domain/in-addr.arpa.gz.md5
           => ‘./domain/in-addr.arpa.gz.md5’
==> CWD not required.
--> PASV

227 Entering Passive Mode (192,0,32,9,41,16)
--> RETR in-addr.arpa.gz.md5

150 Opening BINARY mode data connection for in-addr.arpa.gz.md5 (55 bytes).
Length: 55

     0K                                                       100%  118K=0s

226 Transfer complete.
2017-03-24 00:00:51 (118 KB/s) - ‘./domain/in-addr.arpa.gz.md5’ saved [55]

Remote file is newer than local file ‘./domain/in-addr.arpa.gz.sha256’ -- retrieving.

--2017-03-24 00:00:51--  ftp://ftp.internic.net/domain/in-addr.arpa.gz.sha256
           => ‘./domain/in-addr.arpa.gz.sha256’
==> CWD not required.
--> PASV

227 Entering Passive Mode (192,0,32,9,182,42)
--> RETR in-addr.arpa.gz.sha256

150 Opening BINARY mode data connection for in-addr.arpa.gz.sha256 (90 bytes).
Length: 90

     0K                                                       100%  109K=0.001s

226 Transfer complete.
2017-03-24 00:00:57 (109 KB/s) - ‘./domain/in-addr.arpa.gz.sha256’ saved [90]

Remote file is newer than local file ‘./domain/in-addr.arpa.md5’ -- retrieving.

--2017-03-24 00:00:57--  ftp://ftp.internic.net/domain/in-addr.arpa.md5
           => ‘./domain/in-addr.arpa.md5’
==> CWD not required.
--> PASV

227 Entering Passive Mode (192,0,32,9,139,71)
--> RETR in-addr.arpa.md5

150 Opening BINARY mode data connection for in-addr.arpa.md5 (52 bytes).
Length: 52

     0K                                                       100%  552K=0s

226 Transfer complete.
2017-03-24 00:01:01 (552 KB/s) - ‘./domain/in-addr.arpa.md5’ saved [52]

Remote file is newer than local file ‘./domain/in-addr.arpa.sha256’ -- retrieving.

--2017-03-24 00:01:01--  ftp://ftp.internic.net/domain/in-addr.arpa.sha256
           => ‘./domain/in-addr.arpa.sha256’
==> CWD not required.
--> PASV

227 Entering Passive Mode (192,0,32,9,151,148)
--> RETR in-addr.arpa.sha256

150 Opening BINARY mode data connection for in-addr.arpa.sha256 (87 bytes).
Length: 87

     0K                                                       100% 1.20M=0s

226 Transfer complete.
2017-03-24 00:01:02 (1.20 MB/s) - ‘./domain/in-addr.arpa.sha256’ saved [87]

Remote file is newer than local file ‘./domain/in-addr.arpa.zone’ -- retrieving.

--2017-03-24 00:01:02--  ftp://ftp.internic.net/domain/in-addr.arpa.zone
           => ‘./domain/in-addr.arpa.zone’
==> CWD not required.
--> PASV

227 Entering Passive Mode (192,0,32,9,234,118)
--> RETR in-addr.arpa.zone

150 Opening BINARY mode data connection for in-addr.arpa.zone (229869 bytes).
Length: 229869 (224K)

     0K .......... .......... .......... .......... .......... 22% 96.0K 2s
    50K .......... .......... .......... .......... .......... 44%  190K 1s
   100K .......... .......... .......... .......... .......... 66% 6.54M 0s
   150K .......... .......... .......... .......... .......... 89%  196K 0s
   200K .......... .......... ....                            100% 11.8M=1.0s

226 Transfer complete.
2017-03-24 00:01:04 (214 KB/s) - ‘./domain/in-addr.arpa.zone’ saved [229869]

The sizes do not match (local 90679) -- retrieving.

--2017-03-24 00:01:04--  ftp://ftp.internic.net/domain/in-addr.arpa.zone.gz
           => ‘./domain/in-addr.arpa.zone.gz’
==> CWD not required.
--> PASV

227 Entering Passive Mode (192,0,32,9,140,69)
--> RETR in-addr.arpa.zone.gz

150 Opening BINARY mode data connection for in-addr.arpa.zone.gz (90671 bytes).
Length: 90671 (89K)

     0K .......... .......... .......... .......... .......... 56% 95.9K 0s
    50K .......... .......... .......... ........             100% 60.3M=0.5s

226 Transfer complete.
2017-03-24 00:01:05 (170 KB/s) - ‘./domain/in-addr.arpa.zone.gz’ saved [90671]

Remote file is newer than local file ‘./domain/in-addr.arpa.zone.gz.md5’ -- retrieving.

--2017-03-24 00:01:05--  ftp://ftp.internic.net/domain/in-addr.arpa.zone.gz.md5
           => ‘./domain/in-addr.arpa.zone.gz.md5’
==> CWD not required.
--> PASV

227 Entering Passive Mode (192,0,32,9,134,127)
--> RETR in-addr.arpa.zone.gz.md5

150 Opening BINARY mode data connection for in-addr.arpa.zone.gz.md5 (60 bytes).
Length: 60

     0K                                                       100%  792K=0s

226 Transfer complete.
2017-03-24 00:01:06 (792 KB/s) - ‘./domain/in-addr.arpa.zone.gz.md5’ saved [60]

Remote file is newer than local file ‘./domain/in-addr.arpa.zone.gz.sha256’ -- retrieving.

--2017-03-24 00:01:06--  ftp://ftp.internic.net/domain/in-addr.arpa.zone.gz.sha256
           => ‘./domain/in-addr.arpa.zone.gz.sha256’
==> CWD not required.
--> PASV

227 Entering Passive Mode (192,0,32,9,41,218)
--> RETR in-addr.arpa.zone.gz.sha256

150 Opening BINARY mode data connection for in-addr.arpa.zone.gz.sha256 (95 bytes).
Length: 95

     0K                                                       100% 1.29M=0s

226 Transfer complete.
2017-03-24 00:01:07 (1.29 MB/s) - ‘./domain/in-addr.arpa.zone.gz.sha256’ saved [95]

Remote file is newer than local file ‘./domain/in-addr.arpa.zone.md5’ -- retrieving.

--2017-03-24 00:01:08--  ftp://ftp.internic.net/domain/in-addr.arpa.zone.md5
           => ‘./domain/in-addr.arpa.zone.md5’
==> CWD not required.
--> PASV

227 Entering Passive Mode (192,0,32,9,250,51)
--> RETR in-addr.arpa.zone.md5

150 Opening BINARY mode data connection for in-addr.arpa.zone.md5 (57 bytes).
Length: 57

     0K                                                       100% 30.5K=0.002s

226 Transfer complete.
2017-03-24 00:01:09 (30.5 KB/s) - ‘./domain/in-addr.arpa.zone.md5’ saved [57]

Remote file is newer than local file ‘./domain/in-addr.arpa.zone.sha256’ -- retrieving.

--2017-03-24 00:01:09--  ftp://ftp.internic.net/domain/in-addr.arpa.zone.sha256
           => ‘./domain/in-addr.arpa.zone.sha256’
==> CWD not required.
--> PASV

227 Entering Passive Mode (192,0,32,9,71,158)
--> RETR in-addr.arpa.zone.sha256

150 Opening BINARY mode data connection for in-addr.arpa.zone.sha256 (92 bytes).
Length: 92

     0K                                                       100% 1.14M=0s

226 Transfer complete.
2017-03-24 00:01:10 (1.14 MB/s) - ‘./domain/in-addr.arpa.zone.sha256’ saved [92]

Remote file is newer than local file ‘./domain/ip6.arpa’ -- retrieving.

--2017-03-24 00:01:10--  ftp://ftp.internic.net/domain/ip6.arpa
           => ‘./domain/ip6.arpa’
==> CWD not required.
--> PASV

227 Entering Passive Mode (192,0,32,9,71,116)
--> RETR ip6.arpa

150 Opening BINARY mode data connection for ip6.arpa (61865 bytes).
Length: 61865 (60K)

     0K .......... .......... .......... .......... .......... 82% 95.3K 0s
    50K ..........                                            100% 40.4M=0.5s

226 Transfer complete.
2017-03-24 00:01:11 (115 KB/s) - ‘./domain/ip6.arpa’ saved [61865]

The sizes do not match (local 24481) -- retrieving.

--2017-03-24 00:01:11--  ftp://ftp.internic.net/domain/ip6.arpa.gz
           => ‘./domain/ip6.arpa.gz’
==> CWD not required.
--> PASV

227 Entering Passive Mode (192,0,32,9,177,141)
--> RETR ip6.arpa.gz

150 Opening BINARY mode data connection for ip6.arpa.gz (24446 bytes).
Length: 24446 (24K)

     0K .......... .......... ...                             100% 89.5K=0.3s

226 Transfer complete.
2017-03-24 00:01:12 (89.5 KB/s) - ‘./domain/ip6.arpa.gz’ saved [24446]

Remote file is newer than local file ‘./domain/ip6.arpa.gz.md5’ -- retrieving.

--2017-03-24 00:01:12--  ftp://ftp.internic.net/domain/ip6.arpa.gz.md5
           => ‘./domain/ip6.arpa.gz.md5’
==> CWD not required.
--> PASV

227 Entering Passive Mode (192,0,32,9,204,85)
--> RETR ip6.arpa.gz.md5

150 Opening BINARY mode data connection for ip6.arpa.gz.md5 (51 bytes).
Length: 51

     0K                                                       100% 18.3K=0.003s

226 Transfer complete.
2017-03-24 00:01:14 (18.3 KB/s) - ‘./domain/ip6.arpa.gz.md5’ saved [51]

Remote file is newer than local file ‘./domain/ip6.arpa.gz.sha256’ -- retrieving.

--2017-03-24 00:01:14--  ftp://ftp.internic.net/domain/ip6.arpa.gz.sha256
           => ‘./domain/ip6.arpa.gz.sha256’
==> CWD not required.
--> PASV

227 Entering Passive Mode (192,0,32,9,234,73)
--> RETR ip6.arpa.gz.sha256

150 Opening BINARY mode data connection for ip6.arpa.gz.sha256 (86 bytes).
Length: 86

     0K                                                       100% 1.26M=0s

226 Transfer complete.
2017-03-24 00:01:15 (1.26 MB/s) - ‘./domain/ip6.arpa.gz.sha256’ saved [86]

Remote file is newer than local file ‘./domain/ip6.arpa.md5’ -- retrieving.

--2017-03-24 00:01:15--  ftp://ftp.internic.net/domain/ip6.arpa.md5
           => ‘./domain/ip6.arpa.md5’
==> CWD not required.
--> PASV

227 Entering Passive Mode (192,0,32,9,134,37)
--> RETR ip6.arpa.md5

150 Opening BINARY mode data connection for ip6.arpa.md5 (48 bytes).
Length: 48

     0K                                                       100% 21.8K=0.002s

226 Transfer complete.
2017-03-24 00:01:16 (21.8 KB/s) - ‘./domain/ip6.arpa.md5’ saved [48]

Remote file is newer than local file ‘./domain/ip6.arpa.sha256’ -- retrieving.

--2017-03-24 00:01:16--  ftp://ftp.internic.net/domain/ip6.arpa.sha256
           => ‘./domain/ip6.arpa.sha256’
==> CWD not required.
--> PASV

227 Entering Passive Mode (192,0,32,9,216,174)
--> RETR ip6.arpa.sha256

150 Opening BINARY mode data connection for ip6.arpa.sha256 (83 bytes).
Length: 83

     0K                                                       100% 1.15M=0s

226 Transfer complete.
2017-03-24 00:01:17 (1.15 MB/s) - ‘./domain/ip6.arpa.sha256’ saved [83]

Remote file is newer than local file ‘./domain/ip6.arpa.zone’ -- retrieving.

--2017-03-24 00:01:17--  ftp://ftp.internic.net/domain/ip6.arpa.zone
           => ‘./domain/ip6.arpa.zone’
==> CWD not required.
--> PASV

227 Entering Passive Mode (192,0,32,9,96,105)
--> RETR ip6.arpa.zone

150 Opening BINARY mode data connection for ip6.arpa.zone (61865 bytes).
Length: 61865 (60K)

     0K .......... .......... .......... .......... .......... 82% 91.8K 0s
    50K ..........                                            100% 73.2M=0.5s

226 Transfer complete.
2017-03-24 00:01:18 (111 KB/s) - ‘./domain/ip6.arpa.zone’ saved [61865]

The sizes do not match (local 24481) -- retrieving.

--2017-03-24 00:01:18--  ftp://ftp.internic.net/domain/ip6.arpa.zone.gz
           => ‘./domain/ip6.arpa.zone.gz’
==> CWD not required.
--> PASV

227 Entering Passive Mode (192,0,32,9,17,194)
--> RETR ip6.arpa.zone.gz

150 Opening BINARY mode data connection for ip6.arpa.zone.gz (24446 bytes).
Length: 24446 (24K)

     0K .......... .......... ...                             100%  115K=0.2s

226 Transfer complete.
2017-03-24 00:01:20 (115 KB/s) - ‘./domain/ip6.arpa.zone.gz’ saved [24446]

Remote file is newer than local file ‘./domain/ip6.arpa.zone.gz.md5’ -- retrieving.

--2017-03-24 00:01:20--  ftp://ftp.internic.net/domain/ip6.arpa.zone.gz.md5
           => ‘./domain/ip6.arpa.zone.gz.md5’
==> CWD not required.
--> PASV

227 Entering Passive Mode (192,0,32,9,115,255)
--> RETR ip6.arpa.zone.gz.md5

150 Opening BINARY mode data connection for ip6.arpa.zone.gz.md5 (56 bytes).
Length: 56

     0K                                                       100%  804K=0s

226 Transfer complete.
2017-03-24 00:01:21 (804 KB/s) - ‘./domain/ip6.arpa.zone.gz.md5’ saved [56]

Remote file is newer than local file ‘./domain/ip6.arpa.zone.gz.sha256’ -- retrieving.

--2017-03-24 00:01:21--  ftp://ftp.internic.net/domain/ip6.arpa.zone.gz.sha256
           => ‘./domain/ip6.arpa.zone.gz.sha256’
==> CWD not required.
--> PASV

227 Entering Passive Mode (192,0,32,9,240,163)
--> RETR ip6.arpa.zone.gz.sha256

150 Opening BINARY mode data connection for ip6.arpa.zone.gz.sha256 (91 bytes).
Length: 91

     0K                                                       100% 1.30M=0s

226 Transfer complete.
2017-03-24 00:01:22 (1.30 MB/s) - ‘./domain/ip6.arpa.zone.gz.sha256’ saved [91]

Remote file is newer than local file ‘./domain/ip6.arpa.zone.md5’ -- retrieving.

--2017-03-24 00:01:22--  ftp://ftp.internic.net/domain/ip6.arpa.zone.md5
           => ‘./domain/ip6.arpa.zone.md5’
==> CWD not required.
--> PASV

227 Entering Passive Mode (192,0,32,9,42,92)
--> RETR ip6.arpa.zone.md5

150 Opening BINARY mode data connection for ip6.arpa.zone.md5 (53 bytes).
Length: 53

     0K                                                       100%  773K=0s

226 Transfer complete.
2017-03-24 00:01:23 (773 KB/s) - ‘./domain/ip6.arpa.zone.md5’ saved [53]

Remote file is newer than local file ‘./domain/ip6.arpa.zone.sha256’ -- retrieving.

--2017-03-24 00:01:23--  ftp://ftp.internic.net/domain/ip6.arpa.zone.sha256
           => ‘./domain/ip6.arpa.zone.sha256’
==> CWD not required.
--> PASV

227 Entering Passive Mode (192,0,32,9,70,175)
--> RETR ip6.arpa.zone.sha256

150 Opening BINARY mode data connection for ip6.arpa.zone.sha256 (88 bytes).
Length: 88

     0K                                                       100% 1.22M=0s

226 Transfer complete.
2017-03-24 00:01:24 (1.22 MB/s) - ‘./domain/ip6.arpa.zone.sha256’ saved [88]

Remote file is newer than local file ‘./domain/last_update.txt’ -- retrieving.

--2017-03-24 00:01:24--  ftp://ftp.internic.net/domain/last_update.txt
           => ‘./domain/last_update.txt’
==> CWD not required.
--> PASV

227 Entering Passive Mode (192,0,32,9,146,113)
--> RETR last_update.txt

150 Opening BINARY mode data connection for last_update.txt (21 bytes).
Length: 21

     0K                                                       100%  281K=0s

226 Transfer complete.
2017-03-24 00:01:25 (281 KB/s) - ‘./domain/last_update.txt’ saved [21]

Remote file no newer than local file ‘./domain/named.cache’ -- not retrieving.
Remote file no newer than local file ‘./domain/named.cache.md5’ -- not retrieving.
Remote file no newer than local file ‘./domain/named.cache.sig’ -- not retrieving.
Remote file no newer than local file ‘./domain/named.root’ -- not retrieving.
Remote file no newer than local file ‘./domain/named.root.md5’ -- not retrieving.
Remote file no newer than local file ‘./domain/named.root.sig’ -- not retrieving.
Remote file no newer than local file ‘./domain/root-servers.net.zone’ -- not retrieving.
Remote file no newer than local file ‘./domain/root-servers.net.zone.gz’ -- not retrieving.
Remote file no newer than local file ‘./domain/root-servers.net.zone.gz.md5’ -- not retrieving.
Remote file no newer than local file ‘./domain/root-servers.net.zone.gz.sig’ -- not retrieving.
The sizes do not match (local 2230925) -- retrieving.

--2017-03-24 00:01:25--  ftp://ftp.internic.net/domain/root.zone
           => ‘./domain/root.zone’
==> CWD not required.
--> PASV

227 Entering Passive Mode (192,0,32,9,143,179)
--> RETR root.zone

150 Opening BINARY mode data connection for root.zone (2231012 bytes).
Length: 2231012 (2.1M)

     0K .......... .......... .......... .......... ..........  2% 94.1K 23s
    50K .......... .......... .......... .......... ..........  4%  183K 17s
   100K .......... .......... .......... .......... ..........  6% 5.07M 11s
   150K .......... .......... .......... .......... ..........  9%  189K 11s
   200K .......... .......... .......... .......... .......... 11%  179K 10s
   250K .......... .......... .......... .......... .......... 13% 68.3M 9s
   300K .......... .......... .......... .......... .......... 16% 63.9K 11s
   350K .......... .......... .......... .......... .......... 18% 62.8M 10s
   400K .......... .......... .......... .......... .......... 20%  158K 9s
   450K .......... .......... .......... .......... .......... 22% 1.11M 8s
   500K .......... .......... .......... .......... .......... 25% 1.34M 8s
   550K .......... .......... .......... .......... .......... 27%  124K 8s
   600K .......... .......... .......... .......... .......... 29% 47.5M 7s
   650K .......... .......... .......... .......... .......... 32% 68.1M 6s
   700K .......... .......... .......... .......... .......... 34% 62.9M 6s
   750K .......... .......... .......... .......... .......... 36% 58.6M 5s
   800K .......... .......... .......... .......... .......... 39%  944K 5s
   850K .......... .......... .......... .......... .......... 41%  246K 5s
   900K .......... .......... .......... .......... .......... 43% 93.3K 5s
   950K .......... .......... .......... .......... .......... 45% 62.3M 4s
  1000K .......... .......... .......... .......... .......... 48% 45.2M 4s
  1050K .......... .......... .......... .......... .......... 50%  157K 4s
  1100K .......... .......... .......... .......... .......... 52% 68.7M 4s
  1150K .......... .......... .......... .......... .......... 55% 64.6M 3s
  1200K .......... .......... .......... .......... .......... 57%  111K 3s
  1250K .......... .......... .......... .......... .......... 59% 47.3M 3s
  1300K .......... .......... .......... .......... .......... 61%  196K 3s
  1350K .......... .......... .......... .......... .......... 64% 55.1M 3s
  1400K .......... .......... .......... .......... .......... 66% 66.5M 2s
  1450K .......... .......... .......... .......... .......... 68% 61.9K 3s
  1500K .......... .......... .......... .......... .......... 71% 68.4M 2s
  1550K .......... .......... .......... .......... .......... 73% 64.0M 2s
  1600K .......... .......... .......... .......... .......... 75%  156K 2s
  1650K .......... .......... .......... .......... .......... 78%  318K 2s
  1700K .......... .......... .......... .......... .......... 80% 90.3K 2s
  1750K .......... .......... .......... .......... .......... 82%  234K 1s
  1800K .......... .......... .......... .......... .......... 84%  170K 1s
  1850K .......... .......... .......... .......... .......... 87%  108K 1s
  1900K .......... .......... .......... .......... .......... 89%  161K 1s
  1950K .......... .......... .......... .......... .......... 91%  101K 1s
  2000K .......... .......... .......... .......... .......... 94%  161K 1s
  2050K .......... .......... .......... .......... .......... 96% 62.5K 0s
  2100K .......... .......... .......... .......... .......... 98%  202K 0s
  2150K .......... .......... ........                        100%  133K=10s

226 Transfer complete.
2017-03-24 00:01:36 (219 KB/s) - ‘./domain/root.zone’ saved [2231012]

The sizes do not match (local 1047887) -- retrieving.

--2017-03-24 00:01:36--  ftp://ftp.internic.net/domain/root.zone.gz
           => ‘./domain/root.zone.gz’
==> CWD not required.
--> PASV

227 Entering Passive Mode (192,0,32,9,56,193)
--> RETR root.zone.gz

150 Opening BINARY mode data connection for root.zone.gz (1047945 bytes).
Length: 1047945 (1023K)

     0K .......... .......... .......... .......... ..........  4% 96.3K 10s
    50K .......... .......... .......... .......... ..........  9% 95.3K 10s
   100K .......... .......... .......... .......... .......... 14%  190K 8s
   150K .......... .......... .......... .......... .......... 19% 95.6K 8s
   200K .......... .......... .......... .......... .......... 24% 95.6K 7s
   250K .......... .......... .......... .......... .......... 29% 95.7K 7s
   300K .......... .......... .......... .......... .......... 34%  201K 6s
   350K .......... .......... .......... .......... .......... 39%  104K 6s
   400K .......... .......... .......... .......... .......... 43%  193K 5s
   450K .......... .......... .......... .......... .......... 48% 66.6K 5s
   500K .......... .......... .......... .......... .......... 53% 1.06M 4s
   550K .......... .......... .......... .......... .......... 58%  103K 4s
   600K .......... .......... .......... .......... .......... 63%  136K 3s
   650K .......... .......... .......... .......... .......... 68%  124K 3s
   700K .......... .......... .......... .......... .......... 73%  182K 2s
   750K .......... .......... .......... .......... .......... 78% 72.3K 2s
   800K .......... .......... .......... .......... .......... 83%  411K 1s
   850K .......... .......... .......... .......... .......... 87% 98.8K 1s
   900K .......... .......... .......... .......... .......... 92% 70.1K 1s
   950K .......... .......... .......... .......... .......... 97% 86.2K 0s
  1000K .......... .......... ...                             100% 58.9M=8.8s

226 Transfer complete.
2017-03-24 00:01:46 (116 KB/s) - ‘./domain/root.zone.gz’ saved [1047945]

Remote file is newer than local file ‘./domain/root.zone.gz.md5’ -- retrieving.

--2017-03-24 00:01:46--  ftp://ftp.internic.net/domain/root.zone.gz.md5
           => ‘./domain/root.zone.gz.md5’
==> CWD not required.
--> PASV

227 Entering Passive Mode (192,0,32,9,42,28)
--> RETR root.zone.gz.md5

150 Opening BINARY mode data connection for root.zone.gz.md5 (33 bytes).
Length: 33

     0K                                                       100% 10.9K=0.003s

226 Transfer complete.
2017-03-24 00:01:47 (10.9 KB/s) - ‘./domain/root.zone.gz.md5’ saved [33]

Remote file is newer than local file ‘./domain/root.zone.gz.sig’ -- retrieving.

--2017-03-24 00:01:47--  ftp://ftp.internic.net/domain/root.zone.gz.sig
           => ‘./domain/root.zone.gz.sig’
==> CWD not required.
--> PASV

227 Entering Passive Mode (192,0,32,9,229,233)
--> RETR root.zone.gz.sig

150 Opening BINARY mode data connection for root.zone.gz.sig (72 bytes).
Length: 72

     0K                                                       100% 33.4K=0.002s

226 Transfer complete.
2017-03-24 00:01:48 (33.4 KB/s) - ‘./domain/root.zone.gz.sig’ saved [72]

Remote file is newer than local file ‘./domain/root.zone.md5’ -- retrieving.

--2017-03-24 00:01:48--  ftp://ftp.internic.net/domain/root.zone.md5
           => ‘./domain/root.zone.md5’
==> CWD not required.
--> PASV

227 Entering Passive Mode (192,0,32,9,84,13)
--> RETR root.zone.md5

150 Opening BINARY mode data connection for root.zone.md5 (33 bytes).
Length: 33

     0K                                                       100%  467K=0s

226 Transfer complete.
2017-03-24 00:01:49 (467 KB/s) - ‘./domain/root.zone.md5’ saved [33]

Remote file is newer than local file ‘./domain/root.zone.sig’ -- retrieving.

--2017-03-24 00:01:49--  ftp://ftp.internic.net/domain/root.zone.sig
           => ‘./domain/root.zone.sig’
==> CWD not required.
--> PASV

227 Entering Passive Mode (192,0,32,9,69,153)
--> RETR root.zone.sig

150 Opening BINARY mode data connection for root.zone.sig (72 bytes).
Length: 72

     0K                                                       100% 1.09M=0s

226 Transfer complete.
2017-03-24 00:01:50 (1.09 MB/s) - ‘./domain/root.zone.sig’ saved [72]

FINISHED --2017-03-24 00:01:50--
Total wall clock time: 1m 48s
Downloaded: 40 files, 3.9M in 25s (164 KB/s)
