--2017-07-31 00:00:02--  ftp://ftp.internic.net/*
           => ‘./.listing’
Resolving ftp.internic.net (ftp.internic.net)... 192.0.32.9, 2620:0:2d0:200::9
Connecting to ftp.internic.net (ftp.internic.net)|192.0.32.9|:21... connected.
Logging in as anonymous ... 
220 Internic FTP Server
--> USER anonymous

331 Please specify the password.
--> PASS Turtle Power!

230 Login successful.
--> SYST

215 UNIX Type: L8
--> PWD

257 "/"
--> TYPE I

200 Switching to Binary mode.
==> CWD not needed.
--> PASV

227 Entering Passive Mode (192,0,32,9,254,99)
--> LIST -a

150 Here comes the directory listing.

     0K                                                        2.60M=0s

226 Directory send OK.
drwxr-xr-x    3 ftp      ftp          4096 Apr 04  2012 .
drwxr-xr-x    3 ftp      ftp          4096 Apr 04  2012 ..
drwxr-xr-x    2 ftp      ftp          4096 Sep 09  2015 domain
2017-07-31 00:00:06 (2.60 MB/s) - ‘./.listing’ saved [183]

--2017-07-31 00:00:06--  ftp://ftp.internic.net/domain/*
           => ‘./domain/.listing’
--> CWD /domain

250 Directory successfully changed.
--> PASV

227 Entering Passive Mode (192,0,32,9,51,121)
--> LIST -a

150 Here comes the directory listing.

     0K ...                                                     438K=0.009s

226 Directory send OK.
drwxr-xr-x    2 ftp      ftp          4096 Sep 09  2015 .
drwxr-xr-x    3 ftp      ftp          4096 Apr 04  2012 ..
-rw-r--r--    1 ftp      ftp          1829 Aug 18  2015 .listing
-rw-r--r--    1 ftp      ftp          1224 Jul 30 12:28 INTERNIC_ROOT_ZONE.signatures
-rw-r--r--    1 ftp      ftp          1469 Jul 30 12:28 INTERNIC_ROOT_ZONE.signatures.asc
-rw-r--r--    1 ftp      ftp         15228 Jul 30 12:28 arpa.zone
-rw-r--r--    1 ftp      ftp          6659 Jul 30 12:28 arpa.zone.gz
-rw-r--r--    1 ftp      ftp            33 Jul 30 12:28 arpa.zone.gz.md5
-rw-r--r--    1 ftp      ftp            72 Jul 30 12:28 arpa.zone.gz.sig
-rw-r--r--    1 ftp      ftp          3314 Jul 26 14:54 db.cache
-rw-r--r--    1 ftp      ftp            33 Jul 26 14:54 db.cache.md5
-rw-r--r--    1 ftp      ftp            72 Jul 26 14:54 db.cache.sig
-rw-r--r--    1 ftp      ftp        228780 Jul 30 15:41 in-addr.arpa
-rw-r--r--    1 ftp      ftp         90931 Jul 30 15:41 in-addr.arpa.gz
-rw-r--r--    1 ftp      ftp            55 Jul 30 15:41 in-addr.arpa.gz.md5
-rw-r--r--    1 ftp      ftp            90 Jul 30 15:41 in-addr.arpa.gz.sha256
-rw-r--r--    1 ftp      ftp            52 Jul 30 15:41 in-addr.arpa.md5
-rw-r--r--    1 ftp      ftp            87 Jul 30 15:41 in-addr.arpa.sha256
-rw-r--r--    1 ftp      ftp        228780 Jul 30 15:41 in-addr.arpa.zone
-rw-r--r--    1 ftp      ftp         90931 Jul 30 15:41 in-addr.arpa.zone.gz
-rw-r--r--    1 ftp      ftp            60 Jul 30 15:41 in-addr.arpa.zone.gz.md5
-rw-r--r--    1 ftp      ftp            95 Jul 30 15:41 in-addr.arpa.zone.gz.sha256
-rw-r--r--    1 ftp      ftp            57 Jul 30 15:41 in-addr.arpa.zone.md5
-rw-r--r--    1 ftp      ftp            92 Jul 30 15:41 in-addr.arpa.zone.sha256
-rw-r--r--    1 ftp      ftp         61480 Jul 30 15:41 ip6.arpa
-rw-r--r--    1 ftp      ftp         24491 Jul 30 15:41 ip6.arpa.gz
-rw-r--r--    1 ftp      ftp            51 Jul 30 15:41 ip6.arpa.gz.md5
-rw-r--r--    1 ftp      ftp            86 Jul 30 15:41 ip6.arpa.gz.sha256
-rw-r--r--    1 ftp      ftp            48 Jul 30 15:41 ip6.arpa.md5
-rw-r--r--    1 ftp      ftp            83 Jul 30 15:41 ip6.arpa.sha256
-rw-r--r--    1 ftp      ftp         61480 Jul 30 15:41 ip6.arpa.zone
-rw-r--r--    1 ftp      ftp         24491 Jul 30 15:41 ip6.arpa.zone.gz
-rw-r--r--    1 ftp      ftp            56 Jul 30 15:41 ip6.arpa.zone.gz.md5
-rw-r--r--    1 ftp      ftp            91 Jul 30 15:41 ip6.arpa.zone.gz.sha256
-rw-r--r--    1 ftp      ftp            53 Jul 30 15:41 ip6.arpa.zone.md5
-rw-r--r--    1 ftp      ftp            88 Jul 30 15:41 ip6.arpa.zone.sha256
-rw-r--r--    1 ftp      ftp            21 Jul 30 15:41 last_update.txt
-rw-r--r--    1 ftp      ftp          3314 Jul 26 14:54 named.cache
-rw-r--r--    1 ftp      ftp            33 Jul 26 14:54 named.cache.md5
-rw-r--r--    1 ftp      ftp            72 Jul 26 14:54 named.cache.sig
-rw-r--r--    1 ftp      ftp          3314 Jul 26 14:54 named.root
-rw-r--r--    1 ftp      ftp            33 Jul 26 14:54 named.root.md5
-rw-r--r--    1 ftp      ftp            72 Jul 26 14:54 named.root.sig
-rw-r--r--    1 ftp      ftp          2111 Jul 26 14:53 root-servers.net.zone
-rw-r--r--    1 ftp      ftp           573 Jul 26 14:53 root-servers.net.zone.gz
-rw-r--r--    1 ftp      ftp            33 Jul 26 14:53 root-servers.net.zone.gz.md5
-rw-r--r--    1 ftp      ftp            72 Jul 26 14:53 root-servers.net.zone.gz.sig
-rw-r--r--    1 ftp      ftp       2262863 Jul 30 05:16 root.zone
-rw-r--r--    1 ftp      ftp       1062687 Jul 30 05:16 root.zone.gz
-rw-r--r--    1 ftp      ftp            33 Jul 30 05:16 root.zone.gz.md5
-rw-r--r--    1 ftp      ftp            72 Jul 30 05:16 root.zone.gz.sig
-rw-r--r--    1 ftp      ftp            33 Jul 30 05:16 root.zone.md5
-rw-r--r--    1 ftp      ftp            72 Jul 30 05:16 root.zone.sig
2017-07-31 00:00:07 (438 KB/s) - ‘./domain/.listing’ saved [3930]

The sizes do not match (local 3930) -- retrieving.

--2017-07-31 00:00:07--  ftp://ftp.internic.net/domain/.listing
           => ‘./domain/.listing’
==> CWD not required.
--> PASV

227 Entering Passive Mode (192,0,32,9,138,231)
--> RETR .listing

150 Opening BINARY mode data connection for .listing (1829 bytes).
Length: 1829 (1.8K)

     0K .                                                     100% 8.43M=0s

226 Transfer complete.
2017-07-31 00:00:08 (8.43 MB/s) - ‘./domain/.listing’ saved [1829]

Remote file is newer than local file ‘./domain/INTERNIC_ROOT_ZONE.signatures’ -- retrieving.

--2017-07-31 00:00:08--  ftp://ftp.internic.net/domain/INTERNIC_ROOT_ZONE.signatures
           => ‘./domain/INTERNIC_ROOT_ZONE.signatures’
==> CWD not required.
--> PASV

227 Entering Passive Mode (192,0,32,9,228,126)
--> RETR INTERNIC_ROOT_ZONE.signatures

150 Opening BINARY mode data connection for INTERNIC_ROOT_ZONE.signatures (1224 bytes).
Length: 1224 (1.2K)

     0K .                                                     100% 14.6M=0s

226 Transfer complete.
2017-07-31 00:00:09 (14.6 MB/s) - ‘./domain/INTERNIC_ROOT_ZONE.signatures’ saved [1224]

Remote file is newer than local file ‘./domain/INTERNIC_ROOT_ZONE.signatures.asc’ -- retrieving.

--2017-07-31 00:00:09--  ftp://ftp.internic.net/domain/INTERNIC_ROOT_ZONE.signatures.asc
           => ‘./domain/INTERNIC_ROOT_ZONE.signatures.asc’
==> CWD not required.
--> PASV

227 Entering Passive Mode (192,0,32,9,42,32)
--> RETR INTERNIC_ROOT_ZONE.signatures.asc

150 Opening BINARY mode data connection for INTERNIC_ROOT_ZONE.signatures.asc (1469 bytes).
Length: 1469 (1.4K)

     0K .                                                     100% 1.47M=0.001s

226 Transfer complete.
2017-07-31 00:00:10 (1.47 MB/s) - ‘./domain/INTERNIC_ROOT_ZONE.signatures.asc’ saved [1469]

Remote file is newer than local file ‘./domain/arpa.zone’ -- retrieving.

--2017-07-31 00:00:10--  ftp://ftp.internic.net/domain/arpa.zone
           => ‘./domain/arpa.zone’
==> CWD not required.
--> PASV

227 Entering Passive Mode (192,0,32,9,253,176)
--> RETR arpa.zone

150 Opening BINARY mode data connection for arpa.zone (15228 bytes).
Length: 15228 (15K)

     0K .......... ....                                       100% 1.09M=0.01s

226 Transfer complete.
2017-07-31 00:00:11 (1.09 MB/s) - ‘./domain/arpa.zone’ saved [15228]

The sizes do not match (local 6649) -- retrieving.

--2017-07-31 00:00:11--  ftp://ftp.internic.net/domain/arpa.zone.gz
           => ‘./domain/arpa.zone.gz’
==> CWD not required.
--> PASV

227 Entering Passive Mode (192,0,32,9,143,101)
--> RETR arpa.zone.gz

150 Opening BINARY mode data connection for arpa.zone.gz (6659 bytes).
Length: 6659 (6.5K)

     0K ......                                                100% 88.2M=0s

226 Transfer complete.
2017-07-31 00:00:12 (88.2 MB/s) - ‘./domain/arpa.zone.gz’ saved [6659]

Remote file is newer than local file ‘./domain/arpa.zone.gz.md5’ -- retrieving.

--2017-07-31 00:00:12--  ftp://ftp.internic.net/domain/arpa.zone.gz.md5
           => ‘./domain/arpa.zone.gz.md5’
==> CWD not required.
--> PASV

227 Entering Passive Mode (192,0,32,9,21,5)
--> RETR arpa.zone.gz.md5

150 Opening BINARY mode data connection for arpa.zone.gz.md5 (33 bytes).
Length: 33

     0K                                                       100%  460K=0s

226 Transfer complete.
2017-07-31 00:00:13 (460 KB/s) - ‘./domain/arpa.zone.gz.md5’ saved [33]

Remote file is newer than local file ‘./domain/arpa.zone.gz.sig’ -- retrieving.

--2017-07-31 00:00:13--  ftp://ftp.internic.net/domain/arpa.zone.gz.sig
           => ‘./domain/arpa.zone.gz.sig’
==> CWD not required.
--> PASV

227 Entering Passive Mode (192,0,32,9,27,225)
--> RETR arpa.zone.gz.sig

150 Opening BINARY mode data connection for arpa.zone.gz.sig (72 bytes).
Length: 72

     0K                                                       100%  549K=0s

226 Transfer complete.
2017-07-31 00:00:14 (549 KB/s) - ‘./domain/arpa.zone.gz.sig’ saved [72]

Remote file no newer than local file ‘./domain/db.cache’ -- not retrieving.
Remote file no newer than local file ‘./domain/db.cache.md5’ -- not retrieving.
Remote file no newer than local file ‘./domain/db.cache.sig’ -- not retrieving.
Remote file is newer than local file ‘./domain/in-addr.arpa’ -- retrieving.

--2017-07-31 00:00:14--  ftp://ftp.internic.net/domain/in-addr.arpa
           => ‘./domain/in-addr.arpa’
==> CWD not required.
--> PASV

227 Entering Passive Mode (192,0,32,9,42,55)
--> RETR in-addr.arpa

150 Opening BINARY mode data connection for in-addr.arpa (228780 bytes).
Length: 228780 (223K)

     0K .......... .......... .......... .......... .......... 22% 80.5K 2s
    50K .......... .......... .......... .......... .......... 44%  169K 1s
   100K .......... .......... .......... .......... .......... 67% 3.08M 0s
   150K .......... .......... .......... .......... .......... 89%  166K 0s
   200K .......... .......... ...                             100% 13.3M=1.2s

226 Transfer complete.
2017-07-31 00:00:17 (181 KB/s) - ‘./domain/in-addr.arpa’ saved [228780]

The sizes do not match (local 90898) -- retrieving.

--2017-07-31 00:00:17--  ftp://ftp.internic.net/domain/in-addr.arpa.gz
           => ‘./domain/in-addr.arpa.gz’
==> CWD not required.
--> PASV

227 Entering Passive Mode (192,0,32,9,42,26)
--> RETR in-addr.arpa.gz

150 Opening BINARY mode data connection for in-addr.arpa.gz (90931 bytes).
Length: 90931 (89K)

     0K .......... .......... .......... .......... .......... 56% 79.7K 0s
    50K .......... .......... .......... ........             100% 24.4M=0.6s

226 Transfer complete.
2017-07-31 00:00:19 (141 KB/s) - ‘./domain/in-addr.arpa.gz’ saved [90931]

Remote file is newer than local file ‘./domain/in-addr.arpa.gz.md5’ -- retrieving.

--2017-07-31 00:00:19--  ftp://ftp.internic.net/domain/in-addr.arpa.gz.md5
           => ‘./domain/in-addr.arpa.gz.md5’
==> CWD not required.
--> PASV

227 Entering Passive Mode (192,0,32,9,123,187)
--> RETR in-addr.arpa.gz.md5

150 Opening BINARY mode data connection for in-addr.arpa.gz.md5 (55 bytes).
Length: 55

     0K                                                       100% 1.03M=0s

226 Transfer complete.
2017-07-31 00:00:19 (1.03 MB/s) - ‘./domain/in-addr.arpa.gz.md5’ saved [55]

Remote file is newer than local file ‘./domain/in-addr.arpa.gz.sha256’ -- retrieving.

--2017-07-31 00:00:19--  ftp://ftp.internic.net/domain/in-addr.arpa.gz.sha256
           => ‘./domain/in-addr.arpa.gz.sha256’
==> CWD not required.
--> PASV

227 Entering Passive Mode (192,0,32,9,54,44)
--> RETR in-addr.arpa.gz.sha256

150 Opening BINARY mode data connection for in-addr.arpa.gz.sha256 (90 bytes).
Length: 90

     0K                                                       100% 1.18M=0s

226 Transfer complete.
2017-07-31 00:00:21 (1.18 MB/s) - ‘./domain/in-addr.arpa.gz.sha256’ saved [90]

Remote file is newer than local file ‘./domain/in-addr.arpa.md5’ -- retrieving.

--2017-07-31 00:00:21--  ftp://ftp.internic.net/domain/in-addr.arpa.md5
           => ‘./domain/in-addr.arpa.md5’
==> CWD not required.
--> PASV

227 Entering Passive Mode (192,0,32,9,42,202)
--> RETR in-addr.arpa.md5

150 Opening BINARY mode data connection for in-addr.arpa.md5 (52 bytes).
Length: 52

     0K                                                       100% 1.06M=0s

226 Transfer complete.
2017-07-31 00:00:22 (1.06 MB/s) - ‘./domain/in-addr.arpa.md5’ saved [52]

Remote file is newer than local file ‘./domain/in-addr.arpa.sha256’ -- retrieving.

--2017-07-31 00:00:22--  ftp://ftp.internic.net/domain/in-addr.arpa.sha256
           => ‘./domain/in-addr.arpa.sha256’
==> CWD not required.
--> PASV

227 Entering Passive Mode (192,0,32,9,42,90)
--> RETR in-addr.arpa.sha256

150 Opening BINARY mode data connection for in-addr.arpa.sha256 (87 bytes).
Length: 87

     0K                                                       100%  170K=0s

226 Transfer complete.
2017-07-31 00:00:23 (170 KB/s) - ‘./domain/in-addr.arpa.sha256’ saved [87]

Remote file is newer than local file ‘./domain/in-addr.arpa.zone’ -- retrieving.

--2017-07-31 00:00:23--  ftp://ftp.internic.net/domain/in-addr.arpa.zone
           => ‘./domain/in-addr.arpa.zone’
==> CWD not required.
--> PASV

227 Entering Passive Mode (192,0,32,9,77,199)
--> RETR in-addr.arpa.zone

150 Opening BINARY mode data connection for in-addr.arpa.zone (228780 bytes).
Length: 228780 (223K)

     0K .......... .......... .......... .......... .......... 22%  109K 2s
    50K .......... .......... .......... .......... .......... 44%  228K 1s
   100K .......... .......... .......... .......... .......... 67% 1.19M 0s
   150K .......... .......... .......... .......... .......... 89%  228K 0s
   200K .......... .......... ...                             100% 1.31M=1.0s

226 Transfer complete.
2017-07-31 00:00:25 (234 KB/s) - ‘./domain/in-addr.arpa.zone’ saved [228780]

The sizes do not match (local 90898) -- retrieving.

--2017-07-31 00:00:25--  ftp://ftp.internic.net/domain/in-addr.arpa.zone.gz
           => ‘./domain/in-addr.arpa.zone.gz’
==> CWD not required.
--> PASV

227 Entering Passive Mode (192,0,32,9,89,211)
--> RETR in-addr.arpa.zone.gz

150 Opening BINARY mode data connection for in-addr.arpa.zone.gz (90931 bytes).
Length: 90931 (89K)

     0K .......... .......... .......... .......... .......... 56% 96.7K 0s
    50K .......... .......... .......... ........             100% 1.40M=0.5s

226 Transfer complete.
2017-07-31 00:00:26 (163 KB/s) - ‘./domain/in-addr.arpa.zone.gz’ saved [90931]

Remote file is newer than local file ‘./domain/in-addr.arpa.zone.gz.md5’ -- retrieving.

--2017-07-31 00:00:26--  ftp://ftp.internic.net/domain/in-addr.arpa.zone.gz.md5
           => ‘./domain/in-addr.arpa.zone.gz.md5’
==> CWD not required.
--> PASV

227 Entering Passive Mode (192,0,32,9,74,160)
--> RETR in-addr.arpa.zone.gz.md5

150 Opening BINARY mode data connection for in-addr.arpa.zone.gz.md5 (60 bytes).
Length: 60

     0K                                                       100%  413K=0s

226 Transfer complete.
2017-07-31 00:00:27 (413 KB/s) - ‘./domain/in-addr.arpa.zone.gz.md5’ saved [60]

Remote file is newer than local file ‘./domain/in-addr.arpa.zone.gz.sha256’ -- retrieving.

--2017-07-31 00:00:27--  ftp://ftp.internic.net/domain/in-addr.arpa.zone.gz.sha256
           => ‘./domain/in-addr.arpa.zone.gz.sha256’
==> CWD not required.
--> PASV

227 Entering Passive Mode (192,0,32,9,4,41)
--> RETR in-addr.arpa.zone.gz.sha256

150 Opening BINARY mode data connection for in-addr.arpa.zone.gz.sha256 (95 bytes).
Length: 95

     0K                                                       100%  760K=0s

226 Transfer complete.
2017-07-31 00:00:28 (760 KB/s) - ‘./domain/in-addr.arpa.zone.gz.sha256’ saved [95]

Remote file is newer than local file ‘./domain/in-addr.arpa.zone.md5’ -- retrieving.

--2017-07-31 00:00:28--  ftp://ftp.internic.net/domain/in-addr.arpa.zone.md5
           => ‘./domain/in-addr.arpa.zone.md5’
==> CWD not required.
--> PASV

227 Entering Passive Mode (192,0,32,9,42,215)
--> RETR in-addr.arpa.zone.md5

150 Opening BINARY mode data connection for in-addr.arpa.zone.md5 (57 bytes).
Length: 57

     0K                                                       100%  928K=0s

226 Transfer complete.
2017-07-31 00:00:29 (928 KB/s) - ‘./domain/in-addr.arpa.zone.md5’ saved [57]

Remote file is newer than local file ‘./domain/in-addr.arpa.zone.sha256’ -- retrieving.

--2017-07-31 00:00:29--  ftp://ftp.internic.net/domain/in-addr.arpa.zone.sha256
           => ‘./domain/in-addr.arpa.zone.sha256’
==> CWD not required.
--> PASV

227 Entering Passive Mode (192,0,32,9,42,26)
--> RETR in-addr.arpa.zone.sha256

150 Opening BINARY mode data connection for in-addr.arpa.zone.sha256 (92 bytes).
Length: 92

     0K                                                       100%  191K=0s

226 Transfer complete.
2017-07-31 00:00:30 (191 KB/s) - ‘./domain/in-addr.arpa.zone.sha256’ saved [92]

The sizes do not match (local 61482) -- retrieving.

--2017-07-31 00:00:30--  ftp://ftp.internic.net/domain/ip6.arpa
           => ‘./domain/ip6.arpa’
==> CWD not required.
--> PASV

227 Entering Passive Mode (192,0,32,9,25,180)
--> RETR ip6.arpa

150 Opening BINARY mode data connection for ip6.arpa (61480 bytes).
Length: 61480 (60K)

     0K .......... .......... .......... .......... .......... 83% 92.3K 0s
    50K ..........                                            100% 6.59M=0.5s

226 Transfer complete.
2017-07-31 00:00:32 (111 KB/s) - ‘./domain/ip6.arpa’ saved [61480]

The sizes do not match (local 24478) -- retrieving.

--2017-07-31 00:00:32--  ftp://ftp.internic.net/domain/ip6.arpa.gz
           => ‘./domain/ip6.arpa.gz’
==> CWD not required.
--> PASV

227 Entering Passive Mode (192,0,32,9,69,152)
--> RETR ip6.arpa.gz

150 Opening BINARY mode data connection for ip6.arpa.gz (24491 bytes).
Length: 24491 (24K)

     0K .......... .......... ...                             100%  106K=0.2s

226 Transfer complete.
2017-07-31 00:00:34 (106 KB/s) - ‘./domain/ip6.arpa.gz’ saved [24491]

Remote file is newer than local file ‘./domain/ip6.arpa.gz.md5’ -- retrieving.

--2017-07-31 00:00:34--  ftp://ftp.internic.net/domain/ip6.arpa.gz.md5
           => ‘./domain/ip6.arpa.gz.md5’
==> CWD not required.
--> PASV

227 Entering Passive Mode (192,0,32,9,42,58)
--> RETR ip6.arpa.gz.md5

150 Opening BINARY mode data connection for ip6.arpa.gz.md5 (51 bytes).
Length: 51

     0K                                                       100% 1016K=0s

226 Transfer complete.
2017-07-31 00:00:35 (1016 KB/s) - ‘./domain/ip6.arpa.gz.md5’ saved [51]

Remote file is newer than local file ‘./domain/ip6.arpa.gz.sha256’ -- retrieving.

--2017-07-31 00:00:35--  ftp://ftp.internic.net/domain/ip6.arpa.gz.sha256
           => ‘./domain/ip6.arpa.gz.sha256’
==> CWD not required.
--> PASV

227 Entering Passive Mode (192,0,32,9,64,10)
--> RETR ip6.arpa.gz.sha256

150 Opening BINARY mode data connection for ip6.arpa.gz.sha256 (86 bytes).
Length: 86

     0K                                                       100%  677K=0s

226 Transfer complete.
2017-07-31 00:00:36 (677 KB/s) - ‘./domain/ip6.arpa.gz.sha256’ saved [86]

Remote file is newer than local file ‘./domain/ip6.arpa.md5’ -- retrieving.

--2017-07-31 00:00:36--  ftp://ftp.internic.net/domain/ip6.arpa.md5
           => ‘./domain/ip6.arpa.md5’
==> CWD not required.
--> PASV

227 Entering Passive Mode (192,0,32,9,70,204)
--> RETR ip6.arpa.md5

150 Opening BINARY mode data connection for ip6.arpa.md5 (48 bytes).
Length: 48

     0K                                                       100%  397K=0s

226 Transfer complete.
2017-07-31 00:00:37 (397 KB/s) - ‘./domain/ip6.arpa.md5’ saved [48]

Remote file is newer than local file ‘./domain/ip6.arpa.sha256’ -- retrieving.

--2017-07-31 00:00:37--  ftp://ftp.internic.net/domain/ip6.arpa.sha256
           => ‘./domain/ip6.arpa.sha256’
==> CWD not required.
--> PASV

227 Entering Passive Mode (192,0,32,9,71,0)
--> RETR ip6.arpa.sha256

150 Opening BINARY mode data connection for ip6.arpa.sha256 (83 bytes).
Length: 83

     0K                                                       100%  699K=0s

226 Transfer complete.
2017-07-31 00:00:38 (699 KB/s) - ‘./domain/ip6.arpa.sha256’ saved [83]

The sizes do not match (local 61482) -- retrieving.

--2017-07-31 00:00:38--  ftp://ftp.internic.net/domain/ip6.arpa.zone
           => ‘./domain/ip6.arpa.zone’
==> CWD not required.
--> PASV

227 Entering Passive Mode (192,0,32,9,130,85)
--> RETR ip6.arpa.zone

150 Opening BINARY mode data connection for ip6.arpa.zone (61480 bytes).
Length: 61480 (60K)

     0K .......... .......... .......... .......... .......... 83% 81.2K 0s
    50K ..........                                            100% 65.4M=0.6s

226 Transfer complete.
2017-07-31 00:00:40 (97.5 KB/s) - ‘./domain/ip6.arpa.zone’ saved [61480]

The sizes do not match (local 24478) -- retrieving.

--2017-07-31 00:00:40--  ftp://ftp.internic.net/domain/ip6.arpa.zone.gz
           => ‘./domain/ip6.arpa.zone.gz’
==> CWD not required.
--> PASV

227 Entering Passive Mode (192,0,32,9,132,228)
--> RETR ip6.arpa.zone.gz

150 Opening BINARY mode data connection for ip6.arpa.zone.gz (24491 bytes).
Length: 24491 (24K)

     0K .......... .......... ...                             100%  102K=0.2s

226 Transfer complete.
2017-07-31 00:00:42 (102 KB/s) - ‘./domain/ip6.arpa.zone.gz’ saved [24491]

Remote file is newer than local file ‘./domain/ip6.arpa.zone.gz.md5’ -- retrieving.

--2017-07-31 00:00:42--  ftp://ftp.internic.net/domain/ip6.arpa.zone.gz.md5
           => ‘./domain/ip6.arpa.zone.gz.md5’
==> CWD not required.
--> PASV

227 Entering Passive Mode (192,0,32,9,42,202)
--> RETR ip6.arpa.zone.gz.md5

150 Opening BINARY mode data connection for ip6.arpa.zone.gz.md5 (56 bytes).
Length: 56

     0K                                                       100% 1.19M=0s

226 Transfer complete.
2017-07-31 00:00:43 (1.19 MB/s) - ‘./domain/ip6.arpa.zone.gz.md5’ saved [56]

Remote file is newer than local file ‘./domain/ip6.arpa.zone.gz.sha256’ -- retrieving.

--2017-07-31 00:00:43--  ftp://ftp.internic.net/domain/ip6.arpa.zone.gz.sha256
           => ‘./domain/ip6.arpa.zone.gz.sha256’
==> CWD not required.
--> PASV

227 Entering Passive Mode (192,0,32,9,203,65)
--> RETR ip6.arpa.zone.gz.sha256

150 Opening BINARY mode data connection for ip6.arpa.zone.gz.sha256 (91 bytes).
Length: 91

     0K                                                       100% 1.89M=0s

226 Transfer complete.
2017-07-31 00:00:44 (1.89 MB/s) - ‘./domain/ip6.arpa.zone.gz.sha256’ saved [91]

Remote file is newer than local file ‘./domain/ip6.arpa.zone.md5’ -- retrieving.

--2017-07-31 00:00:44--  ftp://ftp.internic.net/domain/ip6.arpa.zone.md5
           => ‘./domain/ip6.arpa.zone.md5’
==> CWD not required.
--> PASV

227 Entering Passive Mode (192,0,32,9,203,203)
--> RETR ip6.arpa.zone.md5

150 Opening BINARY mode data connection for ip6.arpa.zone.md5 (53 bytes).
Length: 53

     0K                                                       100%  719K=0s

226 Transfer complete.
2017-07-31 00:00:45 (719 KB/s) - ‘./domain/ip6.arpa.zone.md5’ saved [53]

Remote file is newer than local file ‘./domain/ip6.arpa.zone.sha256’ -- retrieving.

--2017-07-31 00:00:45--  ftp://ftp.internic.net/domain/ip6.arpa.zone.sha256
           => ‘./domain/ip6.arpa.zone.sha256’
==> CWD not required.
--> PASV

227 Entering Passive Mode (192,0,32,9,9,73)
--> RETR ip6.arpa.zone.sha256

150 Opening BINARY mode data connection for ip6.arpa.zone.sha256 (88 bytes).
Length: 88

     0K                                                       100%  671K=0s

226 Transfer complete.
2017-07-31 00:00:46 (671 KB/s) - ‘./domain/ip6.arpa.zone.sha256’ saved [88]

Remote file is newer than local file ‘./domain/last_update.txt’ -- retrieving.

--2017-07-31 00:00:46--  ftp://ftp.internic.net/domain/last_update.txt
           => ‘./domain/last_update.txt’
==> CWD not required.
--> PASV

227 Entering Passive Mode (192,0,32,9,177,81)
--> RETR last_update.txt

150 Opening BINARY mode data connection for last_update.txt (21 bytes).
Length: 21

     0K                                                       100%  466K=0s

226 Transfer complete.
2017-07-31 00:00:47 (466 KB/s) - ‘./domain/last_update.txt’ saved [21]

Remote file no newer than local file ‘./domain/named.cache’ -- not retrieving.
Remote file no newer than local file ‘./domain/named.cache.md5’ -- not retrieving.
Remote file no newer than local file ‘./domain/named.cache.sig’ -- not retrieving.
Remote file no newer than local file ‘./domain/named.root’ -- not retrieving.
Remote file no newer than local file ‘./domain/named.root.md5’ -- not retrieving.
Remote file no newer than local file ‘./domain/named.root.sig’ -- not retrieving.
Remote file no newer than local file ‘./domain/root-servers.net.zone’ -- not retrieving.
Remote file no newer than local file ‘./domain/root-servers.net.zone.gz’ -- not retrieving.
Remote file no newer than local file ‘./domain/root-servers.net.zone.gz.md5’ -- not retrieving.
Remote file no newer than local file ‘./domain/root-servers.net.zone.gz.sig’ -- not retrieving.
The sizes do not match (local 2262766) -- retrieving.

--2017-07-31 00:00:47--  ftp://ftp.internic.net/domain/root.zone
           => ‘./domain/root.zone’
==> CWD not required.
--> PASV

227 Entering Passive Mode (192,0,32,9,76,140)
--> RETR root.zone

150 Opening BINARY mode data connection for root.zone (2262863 bytes).
Length: 2262863 (2.2M)

     0K .......... .......... .......... .......... ..........  2%  108K 20s
    50K .......... .......... .......... .......... ..........  4%  226K 14s
   100K .......... .......... .......... .......... ..........  6% 1.14M 10s
   150K .......... .......... .......... .......... ..........  9%  228K 10s
   200K .......... .......... .......... .......... .......... 11%  224K 9s
   250K .......... .......... .......... .......... .......... 13%  199K 9s
   300K .......... .......... .......... .......... .......... 15% 9.93M 8s
   350K .......... .......... .......... .......... .......... 18%  161K 8s
   400K .......... .......... .......... .......... .......... 20%  186K 8s
   450K .......... .......... .......... .......... .......... 22%  284K 7s
   500K .......... .......... .......... .......... .......... 24%  940K 7s
   550K .......... .......... .......... .......... .......... 27%  261K 7s
   600K .......... .......... .......... .......... .......... 29%  759K 6s
   650K .......... .......... .......... .......... .......... 31%  271K 6s
   700K .......... .......... .......... .......... .......... 33%  473K 5s
   750K .......... .......... .......... .......... .......... 36%  345K 5s
   800K .......... .......... .......... .......... .......... 38%  286K 5s
   850K .......... .......... .......... .......... .......... 40%  871K 5s
   900K .......... .......... .......... .......... .......... 42%  234K 4s
   950K .......... .......... .......... .......... .......... 45% 3.33M 4s
  1000K .......... .......... .......... .......... .......... 47%  283K 4s
  1050K .......... .......... .......... .......... .......... 49% 1.10M 4s
  1100K .......... .......... .......... .......... .......... 52%  288K 3s
  1150K .......... .......... .......... .......... .......... 54%  969K 3s
  1200K .......... .......... .......... .......... .......... 56%  679K 3s
  1250K .......... .......... .......... .......... .......... 58%  385K 3s
  1300K .......... .......... .......... .......... .......... 61%  935K 3s
  1350K .......... .......... .......... .......... .......... 63%  307K 2s
  1400K .......... .......... .......... .......... .......... 65%  968K 2s
  1450K .......... .......... .......... .......... .......... 67%  662K 2s
  1500K .......... .......... .......... .......... .......... 70%  415K 2s
  1550K .......... .......... .......... .......... .......... 72%  953K 2s
  1600K .......... .......... .......... .......... .......... 74%  288K 2s
  1650K .......... .......... .......... .......... .......... 76% 1.82M 1s
  1700K .......... .......... .......... .......... .......... 79%  701K 1s
  1750K .......... .......... .......... .......... .......... 81%  404K 1s
  1800K .......... .......... .......... .......... .......... 83% 1.22M 1s
  1850K .......... .......... .......... .......... .......... 85%  772K 1s
  1900K .......... .......... .......... .......... .......... 88%  395K 1s
  1950K .......... .......... .......... .......... .......... 90% 1.32M 1s
  2000K .......... .......... .......... .......... .......... 92%  794K 0s
  2050K .......... .......... .......... .......... .......... 95%  402K 0s
  2100K .......... .......... .......... .......... .......... 97% 1.19M 0s
  2150K .......... .......... .......... .......... .......... 99%  948K 0s
  2200K .........                                             100%  714K=5.5s

226 Transfer complete.
2017-07-31 00:00:54 (401 KB/s) - ‘./domain/root.zone’ saved [2262863]

The sizes do not match (local 1062422) -- retrieving.

--2017-07-31 00:00:54--  ftp://ftp.internic.net/domain/root.zone.gz
           => ‘./domain/root.zone.gz’
==> CWD not required.
--> PASV

227 Entering Passive Mode (192,0,32,9,64,237)
--> RETR root.zone.gz

150 Opening BINARY mode data connection for root.zone.gz (1062687 bytes).
Length: 1062687 (1.0M)

     0K .......... .......... .......... .......... ..........  4% 87.0K 11s
    50K .......... .......... .......... .......... ..........  9%  169K 8s
   100K .......... .......... .......... .......... .......... 14% 3.92M 5s
   150K .......... .......... .......... .......... .......... 19%  188K 5s
   200K .......... .......... .......... .......... .......... 24%  208K 4s
   250K .......... .......... .......... .......... .......... 28%  158K 4s
   300K .......... .......... .......... .......... .......... 33% 9.47M 3s
   350K .......... .......... .......... .......... .......... 38%  210K 3s
   400K .......... .......... .......... .......... .......... 43% 1.59M 3s
   450K .......... .......... .......... .......... .......... 48%  216K 2s
   500K .......... .......... .......... .......... .......... 52% 95.6K 2s
   550K .......... .......... .......... .......... .......... 57%  898K 2s
   600K .......... .......... .......... .......... .......... 62% 63.5M 2s
   650K .......... .......... .......... .......... .......... 67% 9.70M 1s
   700K .......... .......... .......... .......... .......... 72%  230K 1s
   750K .......... .......... .......... .......... .......... 77%  230K 1s
   800K .......... .......... .......... .......... .......... 81% 1.18M 1s
   850K .......... .......... .......... .......... .......... 86%  237K 1s
   900K .......... .......... .......... .......... .......... 91%  188K 0s
   950K .......... .......... .......... .......... .......... 96% 9.98M 0s
  1000K .......... .......... .......... .......              100%  128K=4.0s

226 Transfer complete.
2017-07-31 00:00:59 (256 KB/s) - ‘./domain/root.zone.gz’ saved [1062687]

Remote file is newer than local file ‘./domain/root.zone.gz.md5’ -- retrieving.

--2017-07-31 00:00:59--  ftp://ftp.internic.net/domain/root.zone.gz.md5
           => ‘./domain/root.zone.gz.md5’
==> CWD not required.
--> PASV

227 Entering Passive Mode (192,0,32,9,75,204)
--> RETR root.zone.gz.md5

150 Opening BINARY mode data connection for root.zone.gz.md5 (33 bytes).
Length: 33

     0K                                                       100%  271K=0s

226 Transfer complete.
2017-07-31 00:01:00 (271 KB/s) - ‘./domain/root.zone.gz.md5’ saved [33]

Remote file is newer than local file ‘./domain/root.zone.gz.sig’ -- retrieving.

--2017-07-31 00:01:00--  ftp://ftp.internic.net/domain/root.zone.gz.sig
           => ‘./domain/root.zone.gz.sig’
==> CWD not required.
--> PASV

227 Entering Passive Mode (192,0,32,9,139,156)
--> RETR root.zone.gz.sig

150 Opening BINARY mode data connection for root.zone.gz.sig (72 bytes).
Length: 72

     0K                                                       100%  596K=0s

226 Transfer complete.
2017-07-31 00:01:01 (596 KB/s) - ‘./domain/root.zone.gz.sig’ saved [72]

Remote file is newer than local file ‘./domain/root.zone.md5’ -- retrieving.

--2017-07-31 00:01:01--  ftp://ftp.internic.net/domain/root.zone.md5
           => ‘./domain/root.zone.md5’
==> CWD not required.
--> PASV

227 Entering Passive Mode (192,0,32,9,167,106)
--> RETR root.zone.md5

150 Opening BINARY mode data connection for root.zone.md5 (33 bytes).
Length: 33

     0K                                                       100%  256K=0s

226 Transfer complete.
2017-07-31 00:01:02 (256 KB/s) - ‘./domain/root.zone.md5’ saved [33]

Remote file is newer than local file ‘./domain/root.zone.sig’ -- retrieving.

--2017-07-31 00:01:02--  ftp://ftp.internic.net/domain/root.zone.sig
           => ‘./domain/root.zone.sig’
==> CWD not required.
--> PASV

227 Entering Passive Mode (192,0,32,9,11,177)
--> RETR root.zone.sig

150 Opening BINARY mode data connection for root.zone.sig (72 bytes).
Length: 72

     0K                                                       100%  799K=0s

226 Transfer complete.
2017-07-31 00:01:03 (799 KB/s) - ‘./domain/root.zone.sig’ saved [72]

FINISHED --2017-07-31 00:01:03--
Total wall clock time: 1m 1s
Downloaded: 40 files, 4.0M in 15s (279 KB/s)
