--2017-05-18 00:00:02--  ftp://ftp.internic.net/*
           => ‘./.listing’
Resolving ftp.internic.net (ftp.internic.net)... 192.0.32.9, 2620:0:2d0:200::9
Connecting to ftp.internic.net (ftp.internic.net)|192.0.32.9|:21... connected.
Logging in as anonymous ... 
220 Internic FTP Server
--> USER anonymous

331 Please specify the password.
--> PASS Turtle Power!

230 Login successful.
--> SYST

215 UNIX Type: L8
--> PWD

257 "/"
--> TYPE I

200 Switching to Binary mode.
==> CWD not needed.
--> PASV

227 Entering Passive Mode (192,0,32,9,43,219)
--> LIST -a

150 Here comes the directory listing.

     0K                                                         774K=0s

226 Directory send OK.
drwxr-xr-x    3 ftp      ftp          4096 Apr 04  2012 .
drwxr-xr-x    3 ftp      ftp          4096 Apr 04  2012 ..
drwxr-xr-x    2 ftp      ftp          4096 Sep 09  2015 domain
2017-05-18 00:00:12 (774 KB/s) - ‘./.listing’ saved [183]

--2017-05-18 00:00:12--  ftp://ftp.internic.net/domain/*
           => ‘./domain/.listing’
--> CWD /domain

250 Directory successfully changed.
--> PASV

227 Entering Passive Mode (192,0,32,9,115,14)
--> LIST -a

150 Here comes the directory listing.

     0K ...                                                    1.80M=0.002s

226 Directory send OK.
drwxr-xr-x    2 ftp      ftp          4096 Sep 09  2015 .
drwxr-xr-x    3 ftp      ftp          4096 Apr 04  2012 ..
-rw-r--r--    1 ftp      ftp          1829 Aug 18  2015 .listing
-rw-r--r--    1 ftp      ftp          1224 May 17 12:14 INTERNIC_ROOT_ZONE.signatures
-rw-r--r--    1 ftp      ftp          1469 May 17 12:14 INTERNIC_ROOT_ZONE.signatures.asc
-rw-r--r--    1 ftp      ftp         15228 May 17 12:14 arpa.zone
-rw-r--r--    1 ftp      ftp          6644 May 17 12:14 arpa.zone.gz
-rw-r--r--    1 ftp      ftp            33 May 17 12:14 arpa.zone.gz.md5
-rw-r--r--    1 ftp      ftp            72 May 17 12:14 arpa.zone.gz.sig
-rw-r--r--    1 ftp      ftp          3289 Apr 11 15:01 db.cache
-rw-r--r--    1 ftp      ftp            33 Apr 11 15:01 db.cache.md5
-rw-r--r--    1 ftp      ftp            72 Apr 11 15:01 db.cache.sig
-rw-r--r--    1 ftp      ftp        230891 May 17 15:40 in-addr.arpa
-rw-r--r--    1 ftp      ftp         90365 May 17 15:40 in-addr.arpa.gz
-rw-r--r--    1 ftp      ftp            55 May 17 15:40 in-addr.arpa.gz.md5
-rw-r--r--    1 ftp      ftp            90 May 17 15:40 in-addr.arpa.gz.sha256
-rw-r--r--    1 ftp      ftp            52 May 17 15:40 in-addr.arpa.md5
-rw-r--r--    1 ftp      ftp            87 May 17 15:40 in-addr.arpa.sha256
-rw-r--r--    1 ftp      ftp        230891 May 17 15:40 in-addr.arpa.zone
-rw-r--r--    1 ftp      ftp         90365 May 17 15:40 in-addr.arpa.zone.gz
-rw-r--r--    1 ftp      ftp            60 May 17 15:40 in-addr.arpa.zone.gz.md5
-rw-r--r--    1 ftp      ftp            95 May 17 15:40 in-addr.arpa.zone.gz.sha256
-rw-r--r--    1 ftp      ftp            57 May 17 15:40 in-addr.arpa.zone.md5
-rw-r--r--    1 ftp      ftp            92 May 17 15:40 in-addr.arpa.zone.sha256
-rw-r--r--    1 ftp      ftp         62071 May 17 15:40 ip6.arpa
-rw-r--r--    1 ftp      ftp         24389 May 17 15:40 ip6.arpa.gz
-rw-r--r--    1 ftp      ftp            51 May 17 15:40 ip6.arpa.gz.md5
-rw-r--r--    1 ftp      ftp            86 May 17 15:40 ip6.arpa.gz.sha256
-rw-r--r--    1 ftp      ftp            48 May 17 15:40 ip6.arpa.md5
-rw-r--r--    1 ftp      ftp            83 May 17 15:40 ip6.arpa.sha256
-rw-r--r--    1 ftp      ftp         62071 May 17 15:40 ip6.arpa.zone
-rw-r--r--    1 ftp      ftp         24389 May 17 15:40 ip6.arpa.zone.gz
-rw-r--r--    1 ftp      ftp            56 May 17 15:40 ip6.arpa.zone.gz.md5
-rw-r--r--    1 ftp      ftp            91 May 17 15:40 ip6.arpa.zone.gz.sha256
-rw-r--r--    1 ftp      ftp            53 May 17 15:40 ip6.arpa.zone.md5
-rw-r--r--    1 ftp      ftp            88 May 17 15:40 ip6.arpa.zone.sha256
-rw-r--r--    1 ftp      ftp            21 May 17 15:40 last_update.txt
-rw-r--r--    1 ftp      ftp          3289 Apr 11 15:01 named.cache
-rw-r--r--    1 ftp      ftp            33 Apr 11 15:01 named.cache.md5
-rw-r--r--    1 ftp      ftp            72 Apr 11 15:01 named.cache.sig
-rw-r--r--    1 ftp      ftp          3289 Apr 11 15:01 named.root
-rw-r--r--    1 ftp      ftp            33 Apr 11 15:01 named.root.md5
-rw-r--r--    1 ftp      ftp            72 Apr 11 15:01 named.root.sig
-rw-r--r--    1 ftp      ftp          2110 Apr 11 15:01 root-servers.net.zone
-rw-r--r--    1 ftp      ftp           576 Apr 11 15:01 root-servers.net.zone.gz
-rw-r--r--    1 ftp      ftp            33 Apr 11 15:01 root-servers.net.zone.gz.md5
-rw-r--r--    1 ftp      ftp            72 Apr 11 15:01 root-servers.net.zone.gz.sig
-rw-r--r--    1 ftp      ftp       2235276 May 17 05:28 root.zone
-rw-r--r--    1 ftp      ftp       1049646 May 17 05:28 root.zone.gz
-rw-r--r--    1 ftp      ftp            33 May 17 05:28 root.zone.gz.md5
-rw-r--r--    1 ftp      ftp            72 May 17 05:28 root.zone.gz.sig
-rw-r--r--    1 ftp      ftp            33 May 17 05:28 root.zone.md5
-rw-r--r--    1 ftp      ftp            72 May 17 05:28 root.zone.sig
2017-05-18 00:00:14 (1.80 MB/s) - ‘./domain/.listing’ saved [3930]

The sizes do not match (local 3930) -- retrieving.

--2017-05-18 00:00:14--  ftp://ftp.internic.net/domain/.listing
           => ‘./domain/.listing’
==> CWD not required.
--> PASV

227 Entering Passive Mode (192,0,32,9,42,0)
--> RETR .listing

150 Opening BINARY mode data connection for .listing (1829 bytes).
Length: 1829 (1.8K)

     0K .                                                     100%  974K=0.002s

226 Transfer complete.
2017-05-18 00:00:16 (974 KB/s) - ‘./domain/.listing’ saved [1829]

Remote file is newer than local file ‘./domain/INTERNIC_ROOT_ZONE.signatures’ -- retrieving.

--2017-05-18 00:00:16--  ftp://ftp.internic.net/domain/INTERNIC_ROOT_ZONE.signatures
           => ‘./domain/INTERNIC_ROOT_ZONE.signatures’
==> CWD not required.
--> PASV

227 Entering Passive Mode (192,0,32,9,178,111)
--> RETR INTERNIC_ROOT_ZONE.signatures

150 Opening BINARY mode data connection for INTERNIC_ROOT_ZONE.signatures (1224 bytes).
Length: 1224 (1.2K)

     0K .                                                     100%  518K=0.002s

226 Transfer complete.
2017-05-18 00:00:22 (518 KB/s) - ‘./domain/INTERNIC_ROOT_ZONE.signatures’ saved [1224]

Remote file is newer than local file ‘./domain/INTERNIC_ROOT_ZONE.signatures.asc’ -- retrieving.

--2017-05-18 00:00:22--  ftp://ftp.internic.net/domain/INTERNIC_ROOT_ZONE.signatures.asc
           => ‘./domain/INTERNIC_ROOT_ZONE.signatures.asc’
==> CWD not required.
--> PASV

227 Entering Passive Mode (192,0,32,9,79,239)
--> RETR INTERNIC_ROOT_ZONE.signatures.asc

150 Opening BINARY mode data connection for INTERNIC_ROOT_ZONE.signatures.asc (1469 bytes).
Length: 1469 (1.4K)

     0K .                                                     100% 7.53M=0s

226 Transfer complete.
2017-05-18 00:00:29 (7.53 MB/s) - ‘./domain/INTERNIC_ROOT_ZONE.signatures.asc’ saved [1469]

Remote file is newer than local file ‘./domain/arpa.zone’ -- retrieving.

--2017-05-18 00:00:29--  ftp://ftp.internic.net/domain/arpa.zone
           => ‘./domain/arpa.zone’
==> CWD not required.
--> PASV

227 Entering Passive Mode (192,0,32,9,241,81)
--> RETR arpa.zone

150 Opening BINARY mode data connection for arpa.zone (15228 bytes).
Length: 15228 (15K)

     0K .......... ....                                       100% 16.2M=0.001s

226 Transfer complete.
2017-05-18 00:00:32 (16.2 MB/s) - ‘./domain/arpa.zone’ saved [15228]

The sizes do not match (local 6643) -- retrieving.

--2017-05-18 00:00:32--  ftp://ftp.internic.net/domain/arpa.zone.gz
           => ‘./domain/arpa.zone.gz’
==> CWD not required.
--> PASV

227 Entering Passive Mode (192,0,32,9,200,210)
--> RETR arpa.zone.gz

150 Opening BINARY mode data connection for arpa.zone.gz (6644 bytes).
Length: 6644 (6.5K)

     0K ......                                                100% 2.55M=0.002s

226 Transfer complete.
2017-05-18 00:00:33 (2.55 MB/s) - ‘./domain/arpa.zone.gz’ saved [6644]

Remote file is newer than local file ‘./domain/arpa.zone.gz.md5’ -- retrieving.

--2017-05-18 00:00:33--  ftp://ftp.internic.net/domain/arpa.zone.gz.md5
           => ‘./domain/arpa.zone.gz.md5’
==> CWD not required.
--> PASV

227 Entering Passive Mode (192,0,32,9,42,64)
--> RETR arpa.zone.gz.md5

150 Opening BINARY mode data connection for arpa.zone.gz.md5 (33 bytes).
Length: 33

     0K                                                       100%  133K=0s

226 Transfer complete.
2017-05-18 00:00:35 (133 KB/s) - ‘./domain/arpa.zone.gz.md5’ saved [33]

Remote file is newer than local file ‘./domain/arpa.zone.gz.sig’ -- retrieving.

--2017-05-18 00:00:35--  ftp://ftp.internic.net/domain/arpa.zone.gz.sig
           => ‘./domain/arpa.zone.gz.sig’
==> CWD not required.
--> PASV

227 Entering Passive Mode (192,0,32,9,42,234)
--> RETR arpa.zone.gz.sig

150 Opening BINARY mode data connection for arpa.zone.gz.sig (72 bytes).
Length: 72

     0K                                                       100%  837K=0s

226 Transfer complete.
2017-05-18 00:00:43 (837 KB/s) - ‘./domain/arpa.zone.gz.sig’ saved [72]

Remote file no newer than local file ‘./domain/db.cache’ -- not retrieving.
Remote file no newer than local file ‘./domain/db.cache.md5’ -- not retrieving.
Remote file no newer than local file ‘./domain/db.cache.sig’ -- not retrieving.
Remote file is newer than local file ‘./domain/in-addr.arpa’ -- retrieving.

--2017-05-18 00:00:43--  ftp://ftp.internic.net/domain/in-addr.arpa
           => ‘./domain/in-addr.arpa’
==> CWD not required.
--> PASV

227 Entering Passive Mode (192,0,32,9,72,79)
--> RETR in-addr.arpa

150 Opening BINARY mode data connection for in-addr.arpa (230891 bytes).
Length: 230891 (225K)

     0K .......... .......... .......... .......... .......... 22% 40.7K 4s
    50K .......... .......... .......... .......... .......... 44% 40.7K 3s
   100K .......... .......... .......... .......... .......... 66%  121K 1s
   150K .......... .......... .......... .......... .......... 88% 61.3K 0s
   200K .......... .......... .....                           100% 6.54M=3.7s

226 Transfer complete.
2017-05-18 00:00:50 (61.1 KB/s) - ‘./domain/in-addr.arpa’ saved [230891]

Remote file is newer than local file ‘./domain/in-addr.arpa.gz’ -- retrieving.

--2017-05-18 00:00:50--  ftp://ftp.internic.net/domain/in-addr.arpa.gz
           => ‘./domain/in-addr.arpa.gz’
==> CWD not required.
--> PASV

227 Entering Passive Mode (192,0,32,9,41,52)
--> RETR in-addr.arpa.gz

150 Opening BINARY mode data connection for in-addr.arpa.gz (90365 bytes).
Length: 90365 (88K)

     0K .......... .......... .......... .......... .......... 56% 40.8K 1s
    50K .......... .......... .......... ........             100% 46.8K=2.0s

226 Transfer complete.
2017-05-18 00:00:53 (43.2 KB/s) - ‘./domain/in-addr.arpa.gz’ saved [90365]

Remote file is newer than local file ‘./domain/in-addr.arpa.gz.md5’ -- retrieving.

--2017-05-18 00:00:53--  ftp://ftp.internic.net/domain/in-addr.arpa.gz.md5
           => ‘./domain/in-addr.arpa.gz.md5’
==> CWD not required.
--> PASV

227 Entering Passive Mode (192,0,32,9,76,124)
--> RETR in-addr.arpa.gz.md5

150 Opening BINARY mode data connection for in-addr.arpa.gz.md5 (55 bytes).
Length: 55

     0K                                                       100%  995K=0s

226 Transfer complete.
2017-05-18 00:00:56 (995 KB/s) - ‘./domain/in-addr.arpa.gz.md5’ saved [55]

Remote file is newer than local file ‘./domain/in-addr.arpa.gz.sha256’ -- retrieving.

--2017-05-18 00:00:56--  ftp://ftp.internic.net/domain/in-addr.arpa.gz.sha256
           => ‘./domain/in-addr.arpa.gz.sha256’
==> CWD not required.
--> PASV

227 Entering Passive Mode (192,0,32,9,181,101)
--> RETR in-addr.arpa.gz.sha256

150 Opening BINARY mode data connection for in-addr.arpa.gz.sha256 (90 bytes).
Length: 90

     0K                                                       100%  720K=0s

226 Transfer complete.
2017-05-18 00:00:58 (720 KB/s) - ‘./domain/in-addr.arpa.gz.sha256’ saved [90]

Remote file is newer than local file ‘./domain/in-addr.arpa.md5’ -- retrieving.

--2017-05-18 00:00:58--  ftp://ftp.internic.net/domain/in-addr.arpa.md5
           => ‘./domain/in-addr.arpa.md5’
==> CWD not required.
--> PASV

227 Entering Passive Mode (192,0,32,9,42,64)
--> RETR in-addr.arpa.md5

150 Opening BINARY mode data connection for in-addr.arpa.md5 (52 bytes).
Length: 52

     0K                                                       100%  445K=0s

226 Transfer complete.
2017-05-18 00:01:01 (445 KB/s) - ‘./domain/in-addr.arpa.md5’ saved [52]

Remote file is newer than local file ‘./domain/in-addr.arpa.sha256’ -- retrieving.

--2017-05-18 00:01:01--  ftp://ftp.internic.net/domain/in-addr.arpa.sha256
           => ‘./domain/in-addr.arpa.sha256’
==> CWD not required.
--> PASV

227 Entering Passive Mode (192,0,32,9,46,105)
--> RETR in-addr.arpa.sha256

150 Opening BINARY mode data connection for in-addr.arpa.sha256 (87 bytes).
Length: 87

     0K                                                       100% 1.05M=0s

226 Transfer complete.
2017-05-18 00:01:03 (1.05 MB/s) - ‘./domain/in-addr.arpa.sha256’ saved [87]

Remote file is newer than local file ‘./domain/in-addr.arpa.zone’ -- retrieving.

--2017-05-18 00:01:03--  ftp://ftp.internic.net/domain/in-addr.arpa.zone
           => ‘./domain/in-addr.arpa.zone’
==> CWD not required.
--> PASV

227 Entering Passive Mode (192,0,32,9,174,62)
--> RETR in-addr.arpa.zone

150 Opening BINARY mode data connection for in-addr.arpa.zone (230891 bytes).
Length: 230891 (225K)

     0K .......... .......... .......... .......... .......... 22% 40.7K 4s
    50K .......... .......... .......... .......... .......... 44% 48.4K 3s
   100K .......... .......... .......... .......... .......... 66% 59.5K 2s
   150K .......... .......... .......... .......... .......... 88%  130K 0s
   200K .......... .......... .....                           100% 49.6K=4.0s

226 Transfer complete.
2017-05-18 00:01:10 (56.4 KB/s) - ‘./domain/in-addr.arpa.zone’ saved [230891]

Remote file is newer than local file ‘./domain/in-addr.arpa.zone.gz’ -- retrieving.

--2017-05-18 00:01:10--  ftp://ftp.internic.net/domain/in-addr.arpa.zone.gz
           => ‘./domain/in-addr.arpa.zone.gz’
==> CWD not required.
--> PASV

227 Entering Passive Mode (192,0,32,9,49,38)
--> RETR in-addr.arpa.zone.gz

150 Opening BINARY mode data connection for in-addr.arpa.zone.gz (90365 bytes).
Length: 90365 (88K)

     0K .......... .......... .......... .......... .......... 56% 37.4K 1s
    50K .......... .......... .......... ........             100% 41.7K=2.3s

226 Transfer complete.
2017-05-18 00:01:14 (39.2 KB/s) - ‘./domain/in-addr.arpa.zone.gz’ saved [90365]

Remote file is newer than local file ‘./domain/in-addr.arpa.zone.gz.md5’ -- retrieving.

--2017-05-18 00:01:14--  ftp://ftp.internic.net/domain/in-addr.arpa.zone.gz.md5
           => ‘./domain/in-addr.arpa.zone.gz.md5’
==> CWD not required.
--> PASV

227 Entering Passive Mode (192,0,32,9,222,227)
--> RETR in-addr.arpa.zone.gz.md5

150 Opening BINARY mode data connection for in-addr.arpa.zone.gz.md5 (60 bytes).
Length: 60

     0K                                                       100%  305K=0s

226 Transfer complete.
2017-05-18 00:01:25 (305 KB/s) - ‘./domain/in-addr.arpa.zone.gz.md5’ saved [60]

Remote file is newer than local file ‘./domain/in-addr.arpa.zone.gz.sha256’ -- retrieving.

--2017-05-18 00:01:25--  ftp://ftp.internic.net/domain/in-addr.arpa.zone.gz.sha256
           => ‘./domain/in-addr.arpa.zone.gz.sha256’
==> CWD not required.
--> PASV

227 Entering Passive Mode (192,0,32,9,75,140)
--> RETR in-addr.arpa.zone.gz.sha256

150 Opening BINARY mode data connection for in-addr.arpa.zone.gz.sha256 (95 bytes).
Length: 95

     0K                                                       100% 1.31M=0s

226 Transfer complete.
2017-05-18 00:01:27 (1.31 MB/s) - ‘./domain/in-addr.arpa.zone.gz.sha256’ saved [95]

Remote file is newer than local file ‘./domain/in-addr.arpa.zone.md5’ -- retrieving.

--2017-05-18 00:01:27--  ftp://ftp.internic.net/domain/in-addr.arpa.zone.md5
           => ‘./domain/in-addr.arpa.zone.md5’
==> CWD not required.
--> PASV

227 Entering Passive Mode (192,0,32,9,250,151)
--> RETR in-addr.arpa.zone.md5

150 Opening BINARY mode data connection for in-addr.arpa.zone.md5 (57 bytes).
Length: 57

     0K                                                       100%  202K=0s

226 Transfer complete.
2017-05-18 00:01:28 (202 KB/s) - ‘./domain/in-addr.arpa.zone.md5’ saved [57]

Remote file is newer than local file ‘./domain/in-addr.arpa.zone.sha256’ -- retrieving.

--2017-05-18 00:01:28--  ftp://ftp.internic.net/domain/in-addr.arpa.zone.sha256
           => ‘./domain/in-addr.arpa.zone.sha256’
==> CWD not required.
--> PASV

227 Entering Passive Mode (192,0,32,9,136,15)
--> RETR in-addr.arpa.zone.sha256

150 Opening BINARY mode data connection for in-addr.arpa.zone.sha256 (92 bytes).
Length: 92

     0K                                                       100%  428K=0s

226 Transfer complete.
2017-05-18 00:01:30 (428 KB/s) - ‘./domain/in-addr.arpa.zone.sha256’ saved [92]

Remote file is newer than local file ‘./domain/ip6.arpa’ -- retrieving.

--2017-05-18 00:01:30--  ftp://ftp.internic.net/domain/ip6.arpa
           => ‘./domain/ip6.arpa’
==> CWD not required.
--> PASV

227 Entering Passive Mode (192,0,32,9,42,87)
--> RETR ip6.arpa

150 Opening BINARY mode data connection for ip6.arpa (62071 bytes).
Length: 62071 (61K)

     0K .......... .......... .......... .......... .......... 82% 36.6K 0s
    50K ..........                                            100% 26.0K=1.8s

226 Transfer complete.
2017-05-18 00:01:34 (34.1 KB/s) - ‘./domain/ip6.arpa’ saved [62071]

Remote file is newer than local file ‘./domain/ip6.arpa.gz’ -- retrieving.

--2017-05-18 00:01:34--  ftp://ftp.internic.net/domain/ip6.arpa.gz
           => ‘./domain/ip6.arpa.gz’
==> CWD not required.
--> PASV

227 Entering Passive Mode (192,0,32,9,17,6)
--> RETR ip6.arpa.gz

150 Opening BINARY mode data connection for ip6.arpa.gz (24389 bytes).
Length: 24389 (24K)

     0K .......... .......... ...                             100% 41.6K=0.6s

226 Transfer complete.
2017-05-18 00:01:39 (41.6 KB/s) - ‘./domain/ip6.arpa.gz’ saved [24389]

Remote file is newer than local file ‘./domain/ip6.arpa.gz.md5’ -- retrieving.

--2017-05-18 00:01:39--  ftp://ftp.internic.net/domain/ip6.arpa.gz.md5
           => ‘./domain/ip6.arpa.gz.md5’
==> CWD not required.
--> PASV

227 Entering Passive Mode (192,0,32,9,230,81)
--> RETR ip6.arpa.gz.md5

150 Opening BINARY mode data connection for ip6.arpa.gz.md5 (51 bytes).
Length: 51

     0K                                                       100%  109K=0s

226 Transfer complete.
2017-05-18 00:01:42 (109 KB/s) - ‘./domain/ip6.arpa.gz.md5’ saved [51]

Remote file is newer than local file ‘./domain/ip6.arpa.gz.sha256’ -- retrieving.

--2017-05-18 00:01:42--  ftp://ftp.internic.net/domain/ip6.arpa.gz.sha256
           => ‘./domain/ip6.arpa.gz.sha256’
==> CWD not required.
--> PASV

227 Entering Passive Mode (192,0,32,9,188,140)
--> RETR ip6.arpa.gz.sha256

150 Opening BINARY mode data connection for ip6.arpa.gz.sha256 (86 bytes).
Length: 86

     0K                                                       100%  488K=0s

226 Transfer complete.
2017-05-18 00:01:46 (488 KB/s) - ‘./domain/ip6.arpa.gz.sha256’ saved [86]

Remote file is newer than local file ‘./domain/ip6.arpa.md5’ -- retrieving.

--2017-05-18 00:01:46--  ftp://ftp.internic.net/domain/ip6.arpa.md5
           => ‘./domain/ip6.arpa.md5’
==> CWD not required.
--> PASV

227 Entering Passive Mode (192,0,32,9,42,80)
--> RETR ip6.arpa.md5

150 Opening BINARY mode data connection for ip6.arpa.md5 (48 bytes).
Length: 48

     0K                                                       100%  660K=0s

226 Transfer complete.
2017-05-18 00:01:48 (660 KB/s) - ‘./domain/ip6.arpa.md5’ saved [48]

Remote file is newer than local file ‘./domain/ip6.arpa.sha256’ -- retrieving.

--2017-05-18 00:01:48--  ftp://ftp.internic.net/domain/ip6.arpa.sha256
           => ‘./domain/ip6.arpa.sha256’
==> CWD not required.
--> PASV

227 Entering Passive Mode (192,0,32,9,5,159)
--> RETR ip6.arpa.sha256

150 Opening BINARY mode data connection for ip6.arpa.sha256 (83 bytes).
Length: 83

     0K                                                       100%  670K=0s

226 Transfer complete.
2017-05-18 00:01:49 (670 KB/s) - ‘./domain/ip6.arpa.sha256’ saved [83]

Remote file is newer than local file ‘./domain/ip6.arpa.zone’ -- retrieving.

--2017-05-18 00:01:49--  ftp://ftp.internic.net/domain/ip6.arpa.zone
           => ‘./domain/ip6.arpa.zone’
==> CWD not required.
--> PASV

227 Entering Passive Mode (192,0,32,9,195,174)
--> RETR ip6.arpa.zone

150 Opening BINARY mode data connection for ip6.arpa.zone (62071 bytes).
Length: 62071 (61K)

     0K .......... .......... .......... .......... .......... 82% 40.7K 0s
    50K ..........                                            100% 3.43M=1.2s

226 Transfer complete.
2017-05-18 00:01:55 (49.2 KB/s) - ‘./domain/ip6.arpa.zone’ saved [62071]

Remote file is newer than local file ‘./domain/ip6.arpa.zone.gz’ -- retrieving.

--2017-05-18 00:01:55--  ftp://ftp.internic.net/domain/ip6.arpa.zone.gz
           => ‘./domain/ip6.arpa.zone.gz’
==> CWD not required.
--> PASV

227 Entering Passive Mode (192,0,32,9,6,139)
--> RETR ip6.arpa.zone.gz

150 Opening BINARY mode data connection for ip6.arpa.zone.gz (24389 bytes).
Length: 24389 (24K)

     0K .......... .......... ...                             100% 9.81K=2.4s

226 Transfer complete.
2017-05-18 00:02:03 (9.81 KB/s) - ‘./domain/ip6.arpa.zone.gz’ saved [24389]

Remote file is newer than local file ‘./domain/ip6.arpa.zone.gz.md5’ -- retrieving.

--2017-05-18 00:02:03--  ftp://ftp.internic.net/domain/ip6.arpa.zone.gz.md5
           => ‘./domain/ip6.arpa.zone.gz.md5’
==> CWD not required.
--> PASV

227 Entering Passive Mode (192,0,32,9,138,90)
--> RETR ip6.arpa.zone.gz.md5

150 Opening BINARY mode data connection for ip6.arpa.zone.gz.md5 (56 bytes).
Length: 56

     0K                                                       100% 1.05M=0s

226 Transfer complete.
2017-05-18 00:02:04 (1.05 MB/s) - ‘./domain/ip6.arpa.zone.gz.md5’ saved [56]

Remote file is newer than local file ‘./domain/ip6.arpa.zone.gz.sha256’ -- retrieving.

--2017-05-18 00:02:04--  ftp://ftp.internic.net/domain/ip6.arpa.zone.gz.sha256
           => ‘./domain/ip6.arpa.zone.gz.sha256’
==> CWD not required.
--> PASV

227 Entering Passive Mode (192,0,32,9,74,93)
--> RETR ip6.arpa.zone.gz.sha256

150 Opening BINARY mode data connection for ip6.arpa.zone.gz.sha256 (91 bytes).
Length: 91

     0K                                                       100% 1.97M=0s

226 Transfer complete.
2017-05-18 00:02:06 (1.97 MB/s) - ‘./domain/ip6.arpa.zone.gz.sha256’ saved [91]

Remote file is newer than local file ‘./domain/ip6.arpa.zone.md5’ -- retrieving.

--2017-05-18 00:02:06--  ftp://ftp.internic.net/domain/ip6.arpa.zone.md5
           => ‘./domain/ip6.arpa.zone.md5’
==> CWD not required.
--> PASV

227 Entering Passive Mode (192,0,32,9,12,156)
--> RETR ip6.arpa.zone.md5

150 Opening BINARY mode data connection for ip6.arpa.zone.md5 (53 bytes).
Length: 53

     0K                                                       100%  243K=0s

226 Transfer complete.
2017-05-18 00:02:08 (243 KB/s) - ‘./domain/ip6.arpa.zone.md5’ saved [53]

Remote file is newer than local file ‘./domain/ip6.arpa.zone.sha256’ -- retrieving.

--2017-05-18 00:02:08--  ftp://ftp.internic.net/domain/ip6.arpa.zone.sha256
           => ‘./domain/ip6.arpa.zone.sha256’
==> CWD not required.
--> PASV

227 Entering Passive Mode (192,0,32,9,120,63)
--> RETR ip6.arpa.zone.sha256

150 Opening BINARY mode data connection for ip6.arpa.zone.sha256 (88 bytes).
Length: 88

     0K                                                       100% 1.18M=0s

226 Transfer complete.
2017-05-18 00:02:09 (1.18 MB/s) - ‘./domain/ip6.arpa.zone.sha256’ saved [88]

Remote file is newer than local file ‘./domain/last_update.txt’ -- retrieving.

--2017-05-18 00:02:09--  ftp://ftp.internic.net/domain/last_update.txt
           => ‘./domain/last_update.txt’
==> CWD not required.
--> PASV

227 Entering Passive Mode (192,0,32,9,42,189)
--> RETR last_update.txt

150 Opening BINARY mode data connection for last_update.txt (21 bytes).
Length: 21

     0K                                                       100%  289K=0s

226 Transfer complete.
2017-05-18 00:02:11 (289 KB/s) - ‘./domain/last_update.txt’ saved [21]

Remote file no newer than local file ‘./domain/named.cache’ -- not retrieving.
Remote file no newer than local file ‘./domain/named.cache.md5’ -- not retrieving.
Remote file no newer than local file ‘./domain/named.cache.sig’ -- not retrieving.
Remote file no newer than local file ‘./domain/named.root’ -- not retrieving.
Remote file no newer than local file ‘./domain/named.root.md5’ -- not retrieving.
Remote file no newer than local file ‘./domain/named.root.sig’ -- not retrieving.
Remote file no newer than local file ‘./domain/root-servers.net.zone’ -- not retrieving.
Remote file no newer than local file ‘./domain/root-servers.net.zone.gz’ -- not retrieving.
Remote file no newer than local file ‘./domain/root-servers.net.zone.gz.md5’ -- not retrieving.
Remote file no newer than local file ‘./domain/root-servers.net.zone.gz.sig’ -- not retrieving.
The sizes do not match (local 2235413) -- retrieving.

--2017-05-18 00:02:11--  ftp://ftp.internic.net/domain/root.zone
           => ‘./domain/root.zone’
==> CWD not required.
--> PASV

227 Entering Passive Mode (192,0,32,9,41,25)
--> RETR root.zone

150 Opening BINARY mode data connection for root.zone (2235276 bytes).
Length: 2235276 (2.1M)

     0K .......... .......... .......... .......... ..........  2% 41.4K 52s
    50K .......... .......... .......... .......... ..........  4% 59.1K 43s
   100K .......... .......... .......... .......... ..........  6% 34.9K 47s
   150K .......... .......... .......... .......... ..........  9%  121K 39s
   200K .......... .......... .......... .......... .......... 11% 44.3K 39s
   250K .......... .......... .......... .......... .......... 13% 45.0K 39s
   300K .......... .......... .......... .......... .......... 16% 47.8K 38s
   350K .......... .......... .......... .......... .......... 18%  114K 34s
   400K .......... .......... .......... .......... .......... 20% 87.0K 32s
   450K .......... .......... .......... .......... .......... 22% 40.7K 32s
   500K .......... .......... .......... .......... .......... 25% 81.2K 30s
   550K .......... .......... .......... .......... .......... 27%  118K 28s
   600K .......... .......... .......... .......... .......... 29% 82.8K 26s
   650K .......... .......... .......... .......... .......... 32% 82.0K 25s
   700K .......... .......... .......... .......... .......... 34%  116K 23s
   750K .......... .......... .......... .......... .......... 36% 84.0K 22s
   800K .......... .......... .......... .......... .......... 38% 81.3K 21s
   850K .......... .......... .......... .......... .......... 41% 81.4K 20s
   900K .......... .......... .......... .......... .......... 43% 82.2K 19s
   950K .......... .......... .......... .......... .......... 45% 4.99M 17s
  1000K .......... .......... .......... .......... .......... 48% 82.1K 16s
  1050K .......... .......... .......... .......... .......... 50% 5.75M 15s
  1100K .......... .......... .......... .......... .......... 52% 82.2K 14s
  1150K .......... .......... .......... .......... .......... 54% 4.25M 13s
  1200K .......... .......... .......... .......... .......... 57%  129K 12s
  1250K .......... .......... .......... .......... .......... 59% 1.85M 11s
  1300K .......... .......... .......... .......... .......... 61% 4.92M 10s
  1350K .......... .......... .......... .......... .......... 64%  134K 9s
  1400K .......... .......... .......... .......... .......... 66% 2.64M 8s
  1450K .......... .......... .......... .......... .......... 68% 2.51M 8s
  1500K .......... .......... .......... .......... .......... 71% 3.39M 7s
  1550K .......... .......... .......... .......... .......... 73% 88.3K 6s
  1600K .......... .......... .......... .......... .......... 75% 5.26M 6s
  1650K .......... .......... .......... .......... .......... 77% 5.22M 5s
  1700K .......... .......... .......... .......... .......... 80% 3.76M 4s
  1750K .......... .......... .......... .......... .......... 82% 85.4K 4s
  1800K .......... .......... .......... .......... .......... 84% 4.42M 3s
  1850K .......... .......... .......... .......... .......... 87% 4.43M 3s
  1900K .......... .......... .......... .......... .......... 89% 4.16M 2s
  1950K .......... .......... .......... .......... .......... 91% 3.81M 2s
  2000K .......... .......... .......... .......... .......... 93% 99.1K 1s
  2050K .......... .......... .......... .......... .......... 96%  677K 1s
  2100K .......... .......... .......... .......... .......... 98% 8.21M 0s
  2150K .......... .......... .......... ..                   100% 3.75M=18s

226 Transfer complete.
2017-05-18 00:02:33 (118 KB/s) - ‘./domain/root.zone’ saved [2235276]

The sizes do not match (local 1049722) -- retrieving.

--2017-05-18 00:02:33--  ftp://ftp.internic.net/domain/root.zone.gz
           => ‘./domain/root.zone.gz’
==> CWD not required.
--> PASV

227 Entering Passive Mode (192,0,32,9,134,92)
--> RETR root.zone.gz

150 Opening BINARY mode data connection for root.zone.gz (1049646 bytes).
Length: 1049646 (1.0M)

     0K .......... .......... .......... .......... ..........  4% 40.7K 24s
    50K .......... .......... .......... .......... ..........  9% 60.7K 19s
   100K .......... .......... .......... .......... .......... 14%  120K 14s
   150K .......... .......... .......... .......... .......... 19%  123K 12s
   200K .......... .......... .......... .......... .......... 24% 2.46M 9s
   250K .......... .......... .......... .......... .......... 29% 2.74M 7s
   300K .......... .......... .......... .......... .......... 34%  135K 6s
   350K .......... .......... .......... .......... .......... 39% 2.29M 5s
   400K .......... .......... .......... .......... .......... 43% 2.54M 4s
   450K .......... .......... .......... .......... .......... 48% 3.04M 4s
   500K .......... .......... .......... .......... .......... 53% 74.8K 3s
   550K .......... .......... .......... .......... .......... 58% 7.49M 3s
   600K .......... .......... .......... .......... .......... 63% 3.84M 2s
   650K .......... .......... .......... .......... .......... 68%  104K 2s
   700K .......... .......... .......... .......... .......... 73% 5.12M 2s
   750K .......... .......... .......... .......... .......... 78% 4.41M 1s
   800K .......... .......... .......... .......... .......... 82% 4.48M 1s
   850K .......... .......... .......... .......... .......... 87%  130K 1s
   900K .......... .......... .......... .......... .......... 92% 2.21M 0s
   950K .......... .......... .......... .......... .......... 97% 4.06M 0s
  1000K .......... .......... .....                           100% 2.79M=5.0s

226 Transfer complete.
2017-05-18 00:02:41 (206 KB/s) - ‘./domain/root.zone.gz’ saved [1049646]

Remote file is newer than local file ‘./domain/root.zone.gz.md5’ -- retrieving.

--2017-05-18 00:02:41--  ftp://ftp.internic.net/domain/root.zone.gz.md5
           => ‘./domain/root.zone.gz.md5’
==> CWD not required.
--> PASV

227 Entering Passive Mode (192,0,32,9,68,110)
--> RETR root.zone.gz.md5

150 Opening BINARY mode data connection for root.zone.gz.md5 (33 bytes).
Length: 33

     0K                                                       100%  293K=0s

226 Transfer complete.
2017-05-18 00:02:44 (293 KB/s) - ‘./domain/root.zone.gz.md5’ saved [33]

Remote file is newer than local file ‘./domain/root.zone.gz.sig’ -- retrieving.

--2017-05-18 00:02:44--  ftp://ftp.internic.net/domain/root.zone.gz.sig
           => ‘./domain/root.zone.gz.sig’
==> CWD not required.
--> PASV

227 Entering Passive Mode (192,0,32,9,41,148)
--> RETR root.zone.gz.sig

150 Opening BINARY mode data connection for root.zone.gz.sig (72 bytes).
Length: 72

     0K                                                       100%  689K=0s

226 Transfer complete.
2017-05-18 00:02:49 (689 KB/s) - ‘./domain/root.zone.gz.sig’ saved [72]

Remote file is newer than local file ‘./domain/root.zone.md5’ -- retrieving.

--2017-05-18 00:02:49--  ftp://ftp.internic.net/domain/root.zone.md5
           => ‘./domain/root.zone.md5’
==> CWD not required.
--> PASV

227 Entering Passive Mode (192,0,32,9,235,97)
--> RETR root.zone.md5

150 Opening BINARY mode data connection for root.zone.md5 (33 bytes).
Length: 33

     0K                                                       100%  358K=0s

226 Transfer complete.
2017-05-18 00:02:54 (358 KB/s) - ‘./domain/root.zone.md5’ saved [33]

Remote file is newer than local file ‘./domain/root.zone.sig’ -- retrieving.

--2017-05-18 00:02:54--  ftp://ftp.internic.net/domain/root.zone.sig
           => ‘./domain/root.zone.sig’
==> CWD not required.
--> PASV

227 Entering Passive Mode (192,0,32,9,155,6)
--> RETR root.zone.sig

150 Opening BINARY mode data connection for root.zone.sig (72 bytes).
Length: 72

     0K                                                       100% 1.46M=0s

226 Transfer complete.
2017-05-18 00:02:55 (1.46 MB/s) - ‘./domain/root.zone.sig’ saved [72]

FINISHED --2017-05-18 00:02:55--
Total wall clock time: 2m 53s
Downloaded: 40 files, 3.9M in 41s (97.4 KB/s)
