--2017-03-26 00:00:01--  ftp://ftp.internic.net/*
           => ‘./.listing’
Resolving ftp.internic.net (ftp.internic.net)... 192.0.32.9, 2620:0:2d0:200::9
Connecting to ftp.internic.net (ftp.internic.net)|192.0.32.9|:21... connected.
Logging in as anonymous ... 
220 Internic FTP Server
--> USER anonymous

331 Please specify the password.
--> PASS Turtle Power!

230 Login successful.
--> SYST

215 UNIX Type: L8
--> PWD

257 "/"
--> TYPE I

200 Switching to Binary mode.
==> CWD not needed.
--> PASV

227 Entering Passive Mode (192,0,32,9,41,27)
--> LIST -a

150 Here comes the directory listing.

     0K                                                        70.5 =2.6s

226 Directory send OK.
drwxr-xr-x    3 ftp      ftp          4096 Apr 04  2012 .
drwxr-xr-x    3 ftp      ftp          4096 Apr 04  2012 ..
drwxr-xr-x    2 ftp      ftp          4096 Sep 09  2015 domain
2017-03-26 00:00:17 (70.5 B/s) - ‘./.listing’ saved [183]

--2017-03-26 00:00:17--  ftp://ftp.internic.net/domain/*
           => ‘./domain/.listing’
--> CWD /domain

250 Directory successfully changed.
--> PASV

227 Entering Passive Mode (192,0,32,9,136,240)
--> LIST -a

150 Here comes the directory listing.

     0K ...                                                    32.6M=0s

226 Directory send OK.
drwxr-xr-x    2 ftp      ftp          4096 Sep 09  2015 .
drwxr-xr-x    3 ftp      ftp          4096 Apr 04  2012 ..
-rw-r--r--    1 ftp      ftp          1829 Aug 18  2015 .listing
-rw-r--r--    1 ftp      ftp          1224 Mar 25 12:16 INTERNIC_ROOT_ZONE.signatures
-rw-r--r--    1 ftp      ftp          1469 Mar 25 12:16 INTERNIC_ROOT_ZONE.signatures.asc
-rw-r--r--    1 ftp      ftp         15438 Mar 25 12:16 arpa.zone
-rw-r--r--    1 ftp      ftp          6776 Mar 25 12:16 arpa.zone.gz
-rw-r--r--    1 ftp      ftp            33 Mar 25 12:16 arpa.zone.gz.md5
-rw-r--r--    1 ftp      ftp            72 Mar 25 12:16 arpa.zone.gz.sig
-rw-r--r--    1 ftp      ftp          3291 Oct 20 19:35 db.cache
-rw-r--r--    1 ftp      ftp            33 Oct 20 19:35 db.cache.md5
-rw-r--r--    1 ftp      ftp            72 Oct 20 19:35 db.cache.sig
-rw-r--r--    1 ftp      ftp        229869 Mar 25 15:40 in-addr.arpa
-rw-r--r--    1 ftp      ftp         90553 Mar 25 15:40 in-addr.arpa.gz
-rw-r--r--    1 ftp      ftp            55 Mar 25 15:40 in-addr.arpa.gz.md5
-rw-r--r--    1 ftp      ftp            90 Mar 25 15:40 in-addr.arpa.gz.sha256
-rw-r--r--    1 ftp      ftp            52 Mar 25 15:40 in-addr.arpa.md5
-rw-r--r--    1 ftp      ftp            87 Mar 25 15:40 in-addr.arpa.sha256
-rw-r--r--    1 ftp      ftp        229869 Mar 25 15:40 in-addr.arpa.zone
-rw-r--r--    1 ftp      ftp         90553 Mar 25 15:40 in-addr.arpa.zone.gz
-rw-r--r--    1 ftp      ftp            60 Mar 25 15:40 in-addr.arpa.zone.gz.md5
-rw-r--r--    1 ftp      ftp            95 Mar 25 15:40 in-addr.arpa.zone.gz.sha256
-rw-r--r--    1 ftp      ftp            57 Mar 25 15:40 in-addr.arpa.zone.md5
-rw-r--r--    1 ftp      ftp            92 Mar 25 15:40 in-addr.arpa.zone.sha256
-rw-r--r--    1 ftp      ftp         61865 Mar 25 15:40 ip6.arpa
-rw-r--r--    1 ftp      ftp         24404 Mar 25 15:40 ip6.arpa.gz
-rw-r--r--    1 ftp      ftp            51 Mar 25 15:40 ip6.arpa.gz.md5
-rw-r--r--    1 ftp      ftp            86 Mar 25 15:40 ip6.arpa.gz.sha256
-rw-r--r--    1 ftp      ftp            48 Mar 25 15:40 ip6.arpa.md5
-rw-r--r--    1 ftp      ftp            83 Mar 25 15:40 ip6.arpa.sha256
-rw-r--r--    1 ftp      ftp         61865 Mar 25 15:40 ip6.arpa.zone
-rw-r--r--    1 ftp      ftp         24404 Mar 25 15:40 ip6.arpa.zone.gz
-rw-r--r--    1 ftp      ftp            56 Mar 25 15:40 ip6.arpa.zone.gz.md5
-rw-r--r--    1 ftp      ftp            91 Mar 25 15:40 ip6.arpa.zone.gz.sha256
-rw-r--r--    1 ftp      ftp            53 Mar 25 15:40 ip6.arpa.zone.md5
-rw-r--r--    1 ftp      ftp            88 Mar 25 15:40 ip6.arpa.zone.sha256
-rw-r--r--    1 ftp      ftp            21 Mar 25 15:40 last_update.txt
-rw-r--r--    1 ftp      ftp          3291 Oct 20 19:35 named.cache
-rw-r--r--    1 ftp      ftp            33 Oct 20 19:35 named.cache.md5
-rw-r--r--    1 ftp      ftp            72 Oct 20 19:35 named.cache.sig
-rw-r--r--    1 ftp      ftp          3291 Oct 20 19:35 named.root
-rw-r--r--    1 ftp      ftp            33 Oct 20 19:35 named.root.md5
-rw-r--r--    1 ftp      ftp            72 Oct 20 19:35 named.root.sig
-rw-r--r--    1 ftp      ftp          2110 Oct 20 19:35 root-servers.net.zone
-rw-r--r--    1 ftp      ftp           574 Oct 20 19:35 root-servers.net.zone.gz
-rw-r--r--    1 ftp      ftp            33 Oct 20 19:35 root-servers.net.zone.gz.md5
-rw-r--r--    1 ftp      ftp            72 Oct 20 19:35 root-servers.net.zone.gz.sig
-rw-r--r--    1 ftp      ftp       2231697 Mar 25 05:11 root.zone
-rw-r--r--    1 ftp      ftp       1048123 Mar 25 05:11 root.zone.gz
-rw-r--r--    1 ftp      ftp            33 Mar 25 05:11 root.zone.gz.md5
-rw-r--r--    1 ftp      ftp            72 Mar 25 05:11 root.zone.gz.sig
-rw-r--r--    1 ftp      ftp            33 Mar 25 05:11 root.zone.md5
-rw-r--r--    1 ftp      ftp            72 Mar 25 05:11 root.zone.sig
2017-03-26 00:00:20 (32.6 MB/s) - ‘./domain/.listing’ saved [3930]

The sizes do not match (local 3930) -- retrieving.

--2017-03-26 00:00:20--  ftp://ftp.internic.net/domain/.listing
           => ‘./domain/.listing’
==> CWD not required.
--> PASV

227 Entering Passive Mode (192,0,32,9,223,55)
--> RETR .listing

150 Opening BINARY mode data connection for .listing (1829 bytes).
Length: 1829 (1.8K)

     0K .                                                     100%  222K=0.008s

226 Transfer complete.
2017-03-26 00:00:22 (222 KB/s) - ‘./domain/.listing’ saved [1829]

Remote file is newer than local file ‘./domain/INTERNIC_ROOT_ZONE.signatures’ -- retrieving.

--2017-03-26 00:00:22--  ftp://ftp.internic.net/domain/INTERNIC_ROOT_ZONE.signatures
           => ‘./domain/INTERNIC_ROOT_ZONE.signatures’
==> CWD not required.
--> PASV

227 Entering Passive Mode (192,0,32,9,41,17)
--> RETR INTERNIC_ROOT_ZONE.signatures

150 Opening BINARY mode data connection for INTERNIC_ROOT_ZONE.signatures (1224 bytes).
Length: 1224 (1.2K)

     0K .                                                     100% 8.78M=0s

226 Transfer complete.
2017-03-26 00:00:24 (8.78 MB/s) - ‘./domain/INTERNIC_ROOT_ZONE.signatures’ saved [1224]

Remote file is newer than local file ‘./domain/INTERNIC_ROOT_ZONE.signatures.asc’ -- retrieving.

--2017-03-26 00:00:24--  ftp://ftp.internic.net/domain/INTERNIC_ROOT_ZONE.signatures.asc
           => ‘./domain/INTERNIC_ROOT_ZONE.signatures.asc’
==> CWD not required.
--> PASV

227 Entering Passive Mode (192,0,32,9,168,13)
--> RETR INTERNIC_ROOT_ZONE.signatures.asc

150 Opening BINARY mode data connection for INTERNIC_ROOT_ZONE.signatures.asc (1469 bytes).
Length: 1469 (1.4K)

     0K .                                                     100% 1.32M=0.001s

226 Transfer complete.
2017-03-26 00:00:25 (1.32 MB/s) - ‘./domain/INTERNIC_ROOT_ZONE.signatures.asc’ saved [1469]

Remote file is newer than local file ‘./domain/arpa.zone’ -- retrieving.

--2017-03-26 00:00:25--  ftp://ftp.internic.net/domain/arpa.zone
           => ‘./domain/arpa.zone’
==> CWD not required.
--> PASV

227 Entering Passive Mode (192,0,32,9,41,49)
--> RETR arpa.zone

150 Opening BINARY mode data connection for arpa.zone (15438 bytes).
Length: 15438 (15K)

     0K .......... .....                                      100% 8.32M=0.002s

226 Transfer complete.
2017-03-26 00:00:26 (8.32 MB/s) - ‘./domain/arpa.zone’ saved [15438]

The sizes do not match (local 6781) -- retrieving.

--2017-03-26 00:00:26--  ftp://ftp.internic.net/domain/arpa.zone.gz
           => ‘./domain/arpa.zone.gz’
==> CWD not required.
--> PASV

227 Entering Passive Mode (192,0,32,9,10,146)
--> RETR arpa.zone.gz

150 Opening BINARY mode data connection for arpa.zone.gz (6776 bytes).
Length: 6776 (6.6K)

     0K ......                                                100% 55.7M=0s

226 Transfer complete.
2017-03-26 00:00:27 (55.7 MB/s) - ‘./domain/arpa.zone.gz’ saved [6776]

Remote file is newer than local file ‘./domain/arpa.zone.gz.md5’ -- retrieving.

--2017-03-26 00:00:27--  ftp://ftp.internic.net/domain/arpa.zone.gz.md5
           => ‘./domain/arpa.zone.gz.md5’
==> CWD not required.
--> PASV

227 Entering Passive Mode (192,0,32,9,82,199)
--> RETR arpa.zone.gz.md5

150 Opening BINARY mode data connection for arpa.zone.gz.md5 (33 bytes).
Length: 33

     0K                                                       100% 33.7K=0.001s

226 Transfer complete.
2017-03-26 00:00:27 (33.7 KB/s) - ‘./domain/arpa.zone.gz.md5’ saved [33]

Remote file is newer than local file ‘./domain/arpa.zone.gz.sig’ -- retrieving.

--2017-03-26 00:00:27--  ftp://ftp.internic.net/domain/arpa.zone.gz.sig
           => ‘./domain/arpa.zone.gz.sig’
==> CWD not required.
--> PASV

227 Entering Passive Mode (192,0,32,9,177,20)
--> RETR arpa.zone.gz.sig

150 Opening BINARY mode data connection for arpa.zone.gz.sig (72 bytes).
Length: 72

     0K                                                       100% 1019K=0s

226 Transfer complete.
2017-03-26 00:00:28 (1019 KB/s) - ‘./domain/arpa.zone.gz.sig’ saved [72]

Remote file no newer than local file ‘./domain/db.cache’ -- not retrieving.
Remote file no newer than local file ‘./domain/db.cache.md5’ -- not retrieving.
Remote file no newer than local file ‘./domain/db.cache.sig’ -- not retrieving.
Remote file is newer than local file ‘./domain/in-addr.arpa’ -- retrieving.

--2017-03-26 00:00:28--  ftp://ftp.internic.net/domain/in-addr.arpa
           => ‘./domain/in-addr.arpa’
==> CWD not required.
--> PASV

227 Entering Passive Mode (192,0,32,9,203,20)
--> RETR in-addr.arpa

150 Opening BINARY mode data connection for in-addr.arpa (229869 bytes).
Length: 229869 (224K)

     0K .......... .......... .......... .......... .......... 22%  133K 1s
    50K .......... .......... .......... .......... .......... 44%  260K 1s
   100K .......... .......... .......... .......... .......... 66%  249K 0s
   150K .......... .......... .......... .......... .......... 89%  255K 0s
   200K .......... .......... ....                            100% 12.4M=1.0s

226 Transfer complete.
2017-03-26 00:00:30 (232 KB/s) - ‘./domain/in-addr.arpa’ saved [229869]

The sizes do not match (local 90604) -- retrieving.

--2017-03-26 00:00:30--  ftp://ftp.internic.net/domain/in-addr.arpa.gz
           => ‘./domain/in-addr.arpa.gz’
==> CWD not required.
--> PASV

227 Entering Passive Mode (192,0,32,9,41,241)
--> RETR in-addr.arpa.gz

150 Opening BINARY mode data connection for in-addr.arpa.gz (90553 bytes).
Length: 90553 (88K)

     0K .......... .......... .......... .......... .......... 56%  113K 0s
    50K .......... .......... .......... ........             100%  720K=0.5s

226 Transfer complete.
2017-03-26 00:00:31 (178 KB/s) - ‘./domain/in-addr.arpa.gz’ saved [90553]

Remote file is newer than local file ‘./domain/in-addr.arpa.gz.md5’ -- retrieving.

--2017-03-26 00:00:31--  ftp://ftp.internic.net/domain/in-addr.arpa.gz.md5
           => ‘./domain/in-addr.arpa.gz.md5’
==> CWD not required.
--> PASV

227 Entering Passive Mode (192,0,32,9,42,40)
--> RETR in-addr.arpa.gz.md5

150 Opening BINARY mode data connection for in-addr.arpa.gz.md5 (55 bytes).
Length: 55

     0K                                                       100%  802K=0s

226 Transfer complete.
2017-03-26 00:00:32 (802 KB/s) - ‘./domain/in-addr.arpa.gz.md5’ saved [55]

Remote file is newer than local file ‘./domain/in-addr.arpa.gz.sha256’ -- retrieving.

--2017-03-26 00:00:32--  ftp://ftp.internic.net/domain/in-addr.arpa.gz.sha256
           => ‘./domain/in-addr.arpa.gz.sha256’
==> CWD not required.
--> PASV

227 Entering Passive Mode (192,0,32,9,215,200)
--> RETR in-addr.arpa.gz.sha256

150 Opening BINARY mode data connection for in-addr.arpa.gz.sha256 (90 bytes).
Length: 90

     0K                                                       100%  785K=0s

226 Transfer complete.
2017-03-26 00:00:33 (785 KB/s) - ‘./domain/in-addr.arpa.gz.sha256’ saved [90]

Remote file is newer than local file ‘./domain/in-addr.arpa.md5’ -- retrieving.

--2017-03-26 00:00:33--  ftp://ftp.internic.net/domain/in-addr.arpa.md5
           => ‘./domain/in-addr.arpa.md5’
==> CWD not required.
--> PASV

227 Entering Passive Mode (192,0,32,9,42,69)
--> RETR in-addr.arpa.md5

150 Opening BINARY mode data connection for in-addr.arpa.md5 (52 bytes).
Length: 52

     0K                                                       100% 20.8K=0.002s

226 Transfer complete.
2017-03-26 00:00:34 (20.8 KB/s) - ‘./domain/in-addr.arpa.md5’ saved [52]

Remote file is newer than local file ‘./domain/in-addr.arpa.sha256’ -- retrieving.

--2017-03-26 00:00:34--  ftp://ftp.internic.net/domain/in-addr.arpa.sha256
           => ‘./domain/in-addr.arpa.sha256’
==> CWD not required.
--> PASV

227 Entering Passive Mode (192,0,32,9,219,62)
--> RETR in-addr.arpa.sha256

150 Opening BINARY mode data connection for in-addr.arpa.sha256 (87 bytes).
Length: 87

     0K                                                       100%  204K=0s

226 Transfer complete.
2017-03-26 00:00:34 (204 KB/s) - ‘./domain/in-addr.arpa.sha256’ saved [87]

Remote file is newer than local file ‘./domain/in-addr.arpa.zone’ -- retrieving.

--2017-03-26 00:00:34--  ftp://ftp.internic.net/domain/in-addr.arpa.zone
           => ‘./domain/in-addr.arpa.zone’
==> CWD not required.
--> PASV

227 Entering Passive Mode (192,0,32,9,41,209)
--> RETR in-addr.arpa.zone

150 Opening BINARY mode data connection for in-addr.arpa.zone (229869 bytes).
Length: 229869 (224K)

     0K .......... .......... .......... .......... .......... 22%  126K 1s
    50K .......... .......... .......... .......... .......... 44%  249K 1s
   100K .......... .......... .......... .......... .......... 66% 3.43M 0s
   150K .......... .......... .......... .......... .......... 89%  254K 0s
   200K .......... .......... ....                            100%  123K=1.0s

226 Transfer complete.
2017-03-26 00:00:36 (223 KB/s) - ‘./domain/in-addr.arpa.zone’ saved [229869]

The sizes do not match (local 90604) -- retrieving.

--2017-03-26 00:00:36--  ftp://ftp.internic.net/domain/in-addr.arpa.zone.gz
           => ‘./domain/in-addr.arpa.zone.gz’
==> CWD not required.
--> PASV

227 Entering Passive Mode (192,0,32,9,42,226)
--> RETR in-addr.arpa.zone.gz

150 Opening BINARY mode data connection for in-addr.arpa.zone.gz (90553 bytes).
Length: 90553 (88K)

     0K .......... .......... .......... .......... .......... 56%  124K 0s
    50K .......... .......... .......... ........             100% 12.3M=0.4s

226 Transfer complete.
2017-03-26 00:00:38 (217 KB/s) - ‘./domain/in-addr.arpa.zone.gz’ saved [90553]

Remote file is newer than local file ‘./domain/in-addr.arpa.zone.gz.md5’ -- retrieving.

--2017-03-26 00:00:38--  ftp://ftp.internic.net/domain/in-addr.arpa.zone.gz.md5
           => ‘./domain/in-addr.arpa.zone.gz.md5’
==> CWD not required.
--> PASV

227 Entering Passive Mode (192,0,32,9,190,203)
--> RETR in-addr.arpa.zone.gz.md5

150 Opening BINARY mode data connection for in-addr.arpa.zone.gz.md5 (60 bytes).
Length: 60

     0K                                                       100%  126K=0s

226 Transfer complete.
2017-03-26 00:00:38 (126 KB/s) - ‘./domain/in-addr.arpa.zone.gz.md5’ saved [60]

Remote file is newer than local file ‘./domain/in-addr.arpa.zone.gz.sha256’ -- retrieving.

--2017-03-26 00:00:38--  ftp://ftp.internic.net/domain/in-addr.arpa.zone.gz.sha256
           => ‘./domain/in-addr.arpa.zone.gz.sha256’
==> CWD not required.
--> PASV

227 Entering Passive Mode (192,0,32,9,66,186)
--> RETR in-addr.arpa.zone.gz.sha256

150 Opening BINARY mode data connection for in-addr.arpa.zone.gz.sha256 (95 bytes).
Length: 95

     0K                                                       100%  821K=0s

226 Transfer complete.
2017-03-26 00:00:39 (821 KB/s) - ‘./domain/in-addr.arpa.zone.gz.sha256’ saved [95]

Remote file is newer than local file ‘./domain/in-addr.arpa.zone.md5’ -- retrieving.

--2017-03-26 00:00:39--  ftp://ftp.internic.net/domain/in-addr.arpa.zone.md5
           => ‘./domain/in-addr.arpa.zone.md5’
==> CWD not required.
--> PASV

227 Entering Passive Mode (192,0,32,9,251,52)
--> RETR in-addr.arpa.zone.md5

150 Opening BINARY mode data connection for in-addr.arpa.zone.md5 (57 bytes).
Length: 57

     0K                                                       100%  795K=0s

226 Transfer complete.
2017-03-26 00:00:40 (795 KB/s) - ‘./domain/in-addr.arpa.zone.md5’ saved [57]

Remote file is newer than local file ‘./domain/in-addr.arpa.zone.sha256’ -- retrieving.

--2017-03-26 00:00:40--  ftp://ftp.internic.net/domain/in-addr.arpa.zone.sha256
           => ‘./domain/in-addr.arpa.zone.sha256’
==> CWD not required.
--> PASV

227 Entering Passive Mode (192,0,32,9,41,86)
--> RETR in-addr.arpa.zone.sha256

150 Opening BINARY mode data connection for in-addr.arpa.zone.sha256 (92 bytes).
Length: 92

     0K                                                       100% 1.01M=0s

226 Transfer complete.
2017-03-26 00:00:41 (1.01 MB/s) - ‘./domain/in-addr.arpa.zone.sha256’ saved [92]

Remote file is newer than local file ‘./domain/ip6.arpa’ -- retrieving.

--2017-03-26 00:00:41--  ftp://ftp.internic.net/domain/ip6.arpa
           => ‘./domain/ip6.arpa’
==> CWD not required.
--> PASV

227 Entering Passive Mode (192,0,32,9,42,162)
--> RETR ip6.arpa

150 Opening BINARY mode data connection for ip6.arpa (61865 bytes).
Length: 61865 (60K)

     0K .......... .......... .......... .......... .......... 82%  127K 0s
    50K ..........                                            100% 17.4M=0.4s

226 Transfer complete.
2017-03-26 00:00:42 (153 KB/s) - ‘./domain/ip6.arpa’ saved [61865]

The sizes do not match (local 24419) -- retrieving.

--2017-03-26 00:00:42--  ftp://ftp.internic.net/domain/ip6.arpa.gz
           => ‘./domain/ip6.arpa.gz’
==> CWD not required.
--> PASV

227 Entering Passive Mode (192,0,32,9,219,233)
--> RETR ip6.arpa.gz

150 Opening BINARY mode data connection for ip6.arpa.gz (24404 bytes).
Length: 24404 (24K)

     0K .......... .......... ...                             100%  121K=0.2s

226 Transfer complete.
2017-03-26 00:00:43 (121 KB/s) - ‘./domain/ip6.arpa.gz’ saved [24404]

Remote file is newer than local file ‘./domain/ip6.arpa.gz.md5’ -- retrieving.

--2017-03-26 00:00:43--  ftp://ftp.internic.net/domain/ip6.arpa.gz.md5
           => ‘./domain/ip6.arpa.gz.md5’
==> CWD not required.
--> PASV

227 Entering Passive Mode (192,0,32,9,69,122)
--> RETR ip6.arpa.gz.md5

150 Opening BINARY mode data connection for ip6.arpa.gz.md5 (51 bytes).
Length: 51

     0K                                                       100% 1016K=0s

226 Transfer complete.
2017-03-26 00:00:44 (1016 KB/s) - ‘./domain/ip6.arpa.gz.md5’ saved [51]

Remote file is newer than local file ‘./domain/ip6.arpa.gz.sha256’ -- retrieving.

--2017-03-26 00:00:44--  ftp://ftp.internic.net/domain/ip6.arpa.gz.sha256
           => ‘./domain/ip6.arpa.gz.sha256’
==> CWD not required.
--> PASV

227 Entering Passive Mode (192,0,32,9,121,129)
--> RETR ip6.arpa.gz.sha256

150 Opening BINARY mode data connection for ip6.arpa.gz.sha256 (86 bytes).
Length: 86

     0K                                                       100%  700K=0s

226 Transfer complete.
2017-03-26 00:00:45 (700 KB/s) - ‘./domain/ip6.arpa.gz.sha256’ saved [86]

Remote file is newer than local file ‘./domain/ip6.arpa.md5’ -- retrieving.

--2017-03-26 00:00:45--  ftp://ftp.internic.net/domain/ip6.arpa.md5
           => ‘./domain/ip6.arpa.md5’
==> CWD not required.
--> PASV

227 Entering Passive Mode (192,0,32,9,120,144)
--> RETR ip6.arpa.md5

150 Opening BINARY mode data connection for ip6.arpa.md5 (48 bytes).
Length: 48

     0K                                                       100%  415K=0s

226 Transfer complete.
2017-03-26 00:00:45 (415 KB/s) - ‘./domain/ip6.arpa.md5’ saved [48]

Remote file is newer than local file ‘./domain/ip6.arpa.sha256’ -- retrieving.

--2017-03-26 00:00:45--  ftp://ftp.internic.net/domain/ip6.arpa.sha256
           => ‘./domain/ip6.arpa.sha256’
==> CWD not required.
--> PASV

227 Entering Passive Mode (192,0,32,9,218,229)
--> RETR ip6.arpa.sha256

150 Opening BINARY mode data connection for ip6.arpa.sha256 (83 bytes).
Length: 83

     0K                                                       100%  717K=0s

226 Transfer complete.
2017-03-26 00:00:46 (717 KB/s) - ‘./domain/ip6.arpa.sha256’ saved [83]

Remote file is newer than local file ‘./domain/ip6.arpa.zone’ -- retrieving.

--2017-03-26 00:00:46--  ftp://ftp.internic.net/domain/ip6.arpa.zone
           => ‘./domain/ip6.arpa.zone’
==> CWD not required.
--> PASV

227 Entering Passive Mode (192,0,32,9,62,92)
--> RETR ip6.arpa.zone

150 Opening BINARY mode data connection for ip6.arpa.zone (61865 bytes).
Length: 61865 (60K)

     0K .......... .......... .......... .......... .......... 82%  128K 0s
    50K ..........                                            100% 9.31M=0.4s

226 Transfer complete.
2017-03-26 00:00:47 (155 KB/s) - ‘./domain/ip6.arpa.zone’ saved [61865]

The sizes do not match (local 24419) -- retrieving.

--2017-03-26 00:00:47--  ftp://ftp.internic.net/domain/ip6.arpa.zone.gz
           => ‘./domain/ip6.arpa.zone.gz’
==> CWD not required.
--> PASV

227 Entering Passive Mode (192,0,32,9,24,74)
--> RETR ip6.arpa.zone.gz

150 Opening BINARY mode data connection for ip6.arpa.zone.gz (24404 bytes).
Length: 24404 (24K)

     0K .......... .......... ...                             100%  122K=0.2s

226 Transfer complete.
2017-03-26 00:00:48 (122 KB/s) - ‘./domain/ip6.arpa.zone.gz’ saved [24404]

Remote file is newer than local file ‘./domain/ip6.arpa.zone.gz.md5’ -- retrieving.

--2017-03-26 00:00:48--  ftp://ftp.internic.net/domain/ip6.arpa.zone.gz.md5
           => ‘./domain/ip6.arpa.zone.gz.md5’
==> CWD not required.
--> PASV

227 Entering Passive Mode (192,0,32,9,112,63)
--> RETR ip6.arpa.zone.gz.md5

150 Opening BINARY mode data connection for ip6.arpa.zone.gz.md5 (56 bytes).
Length: 56

     0K                                                       100%  829K=0s

226 Transfer complete.
2017-03-26 00:00:49 (829 KB/s) - ‘./domain/ip6.arpa.zone.gz.md5’ saved [56]

Remote file is newer than local file ‘./domain/ip6.arpa.zone.gz.sha256’ -- retrieving.

--2017-03-26 00:00:49--  ftp://ftp.internic.net/domain/ip6.arpa.zone.gz.sha256
           => ‘./domain/ip6.arpa.zone.gz.sha256’
==> CWD not required.
--> PASV

227 Entering Passive Mode (192,0,32,9,152,173)
--> RETR ip6.arpa.zone.gz.sha256

150 Opening BINARY mode data connection for ip6.arpa.zone.gz.sha256 (91 bytes).
Length: 91

     0K                                                       100% 1.93M=0s

226 Transfer complete.
2017-03-26 00:00:50 (1.93 MB/s) - ‘./domain/ip6.arpa.zone.gz.sha256’ saved [91]

Remote file is newer than local file ‘./domain/ip6.arpa.zone.md5’ -- retrieving.

--2017-03-26 00:00:50--  ftp://ftp.internic.net/domain/ip6.arpa.zone.md5
           => ‘./domain/ip6.arpa.zone.md5’
==> CWD not required.
--> PASV

227 Entering Passive Mode (192,0,32,9,78,97)
--> RETR ip6.arpa.zone.md5

150 Opening BINARY mode data connection for ip6.arpa.zone.md5 (53 bytes).
Length: 53

     0K                                                       100%  312K=0s

226 Transfer complete.
2017-03-26 00:00:51 (312 KB/s) - ‘./domain/ip6.arpa.zone.md5’ saved [53]

Remote file is newer than local file ‘./domain/ip6.arpa.zone.sha256’ -- retrieving.

--2017-03-26 00:00:51--  ftp://ftp.internic.net/domain/ip6.arpa.zone.sha256
           => ‘./domain/ip6.arpa.zone.sha256’
==> CWD not required.
--> PASV

227 Entering Passive Mode (192,0,32,9,41,172)
--> RETR ip6.arpa.zone.sha256

150 Opening BINARY mode data connection for ip6.arpa.zone.sha256 (88 bytes).
Length: 88

     0K                                                       100%  767K=0s

226 Transfer complete.
2017-03-26 00:00:52 (767 KB/s) - ‘./domain/ip6.arpa.zone.sha256’ saved [88]

Remote file is newer than local file ‘./domain/last_update.txt’ -- retrieving.

--2017-03-26 00:00:52--  ftp://ftp.internic.net/domain/last_update.txt
           => ‘./domain/last_update.txt’
==> CWD not required.
--> PASV

227 Entering Passive Mode (192,0,32,9,88,231)
--> RETR last_update.txt

150 Opening BINARY mode data connection for last_update.txt (21 bytes).
Length: 21

     0K                                                       100% 3.07K=0.007s

226 Transfer complete.
2017-03-26 00:00:52 (3.07 KB/s) - ‘./domain/last_update.txt’ saved [21]

Remote file no newer than local file ‘./domain/named.cache’ -- not retrieving.
Remote file no newer than local file ‘./domain/named.cache.md5’ -- not retrieving.
Remote file no newer than local file ‘./domain/named.cache.sig’ -- not retrieving.
Remote file no newer than local file ‘./domain/named.root’ -- not retrieving.
Remote file no newer than local file ‘./domain/named.root.md5’ -- not retrieving.
Remote file no newer than local file ‘./domain/named.root.sig’ -- not retrieving.
Remote file no newer than local file ‘./domain/root-servers.net.zone’ -- not retrieving.
Remote file no newer than local file ‘./domain/root-servers.net.zone.gz’ -- not retrieving.
Remote file no newer than local file ‘./domain/root-servers.net.zone.gz.md5’ -- not retrieving.
Remote file no newer than local file ‘./domain/root-servers.net.zone.gz.sig’ -- not retrieving.
Remote file is newer than local file ‘./domain/root.zone’ -- retrieving.

--2017-03-26 00:00:52--  ftp://ftp.internic.net/domain/root.zone
           => ‘./domain/root.zone’
==> CWD not required.
--> PASV

227 Entering Passive Mode (192,0,32,9,166,68)
--> RETR root.zone

150 Opening BINARY mode data connection for root.zone (2231697 bytes).
Length: 2231697 (2.1M)

     0K .......... .......... .......... .......... ..........  2%  125K 17s
    50K .......... .......... .......... .......... ..........  4%  257K 12s
   100K .......... .......... .......... .......... ..........  6%  250K 11s
   150K .......... .......... .......... .......... ..........  9%  263K 10s
   200K .......... .......... .......... .......... .......... 11% 19.0M 8s
   250K .......... .......... .......... .......... .......... 13%  262K 7s
   300K .......... .......... .......... .......... .......... 16%  127K 8s
   350K .......... .......... .......... .......... .......... 18% 35.6M 7s
   400K .......... .......... .......... .......... .......... 20% 29.4M 6s
   450K .......... .......... .......... .......... .......... 22%  127K 7s
   500K .......... .......... .......... .......... .......... 25% 64.6M 6s
   550K .......... .......... .......... .......... .......... 27%  123K 6s
   600K .......... .......... .......... .......... .......... 29%  245K 6s
   650K .......... .......... .......... .......... .......... 32%  119K 6s
   700K .......... .......... .......... .......... .......... 34%  103K 7s
   750K .......... .......... .......... .......... .......... 36%  237K 6s
   800K .......... .......... .......... .......... .......... 39% 84.9K 7s
   850K .......... .......... .......... .......... .......... 41% 60.8K 7s
   900K .......... .......... .......... .......... .......... 43%  218K 7s
   950K .......... .......... .......... .......... .......... 45% 82.5K 7s
  1000K .......... .......... .......... .......... .......... 48% 97.8K 7s
  1050K .......... .......... .......... .......... .......... 50%  107K 7s
  1100K .......... .......... .......... .......... .......... 52% 95.8K 7s
  1150K .......... .......... .......... .......... .......... 55%  122K 6s
  1200K .......... .......... .......... .......... .......... 57%  123K 6s
  1250K .......... .......... .......... .......... .......... 59%  126K 6s
  1300K .......... .......... .......... .......... .......... 61%  151K 6s
  1350K .......... .......... .......... .......... .......... 64%  132K 5s
  1400K .......... .......... .......... .......... .......... 66%  158K 5s
  1450K .......... .......... .......... .......... .......... 68%  137K 5s
  1500K .......... .......... .......... .......... .......... 71%  126K 4s
  1550K .......... .......... .......... .......... .......... 73%  254K 4s
  1600K .......... .......... .......... .......... .......... 75%  126K 4s
  1650K .......... .......... .......... .......... .......... 78%  154K 3s
  1700K .......... .......... .......... .......... .......... 80%  192K 3s
  1750K .......... .......... .......... .......... .......... 82%  155K 3s
  1800K .......... .......... .......... .......... .......... 84%  180K 2s
  1850K .......... .......... .......... .......... .......... 87%  183K 2s
  1900K .......... .......... .......... .......... .......... 89%  205K 1s
  1950K .......... .......... .......... .......... .......... 91%  193K 1s
  2000K .......... .......... .......... .......... .......... 94%  168K 1s
  2050K .......... .......... .......... .......... .......... 96%  178K 1s
  2100K .......... .......... .......... .......... .......... 98%  159K 0s
  2150K .......... .......... .........                       100%  355K=14s

226 Transfer complete.
2017-03-26 00:01:07 (156 KB/s) - ‘./domain/root.zone’ saved [2231697]

Remote file is newer than local file ‘./domain/root.zone.gz’ -- retrieving.

--2017-03-26 00:01:07--  ftp://ftp.internic.net/domain/root.zone.gz
           => ‘./domain/root.zone.gz’
==> CWD not required.
--> PASV

227 Entering Passive Mode (192,0,32,9,6,84)
--> RETR root.zone.gz

150 Opening BINARY mode data connection for root.zone.gz (1048123 bytes).
Length: 1048123 (1024K)

     0K .......... .......... .......... .......... ..........  4%  125K 8s
    50K .......... .......... .......... .......... ..........  9%  125K 7s
   100K .......... .......... .......... .......... .......... 14%  125K 7s
   150K .......... .......... .......... .......... .......... 19%  127K 7s
   200K .......... .......... .......... .......... .......... 24%  127K 6s
   250K .......... .......... .......... .......... .......... 29% 86.1K 6s
   300K .......... .......... .......... .......... .......... 34%  128K 6s
   350K .......... .......... .......... .......... .......... 39% 86.0K 6s
   400K .......... .......... .......... .......... .......... 43%  128K 5s
   450K .......... .......... .......... .......... .......... 48%  130K 5s
   500K .......... .......... .......... .......... .......... 53% 87.3K 4s
   550K .......... .......... .......... .......... .......... 58% 85.3K 4s
   600K .......... .......... .......... .......... .......... 63%  131K 3s
   650K .......... .......... .......... .......... .......... 68%  130K 3s
   700K .......... .......... .......... .......... .......... 73%  110K 2s
   750K .......... .......... .......... .......... .......... 78% 96.6K 2s
   800K .......... .......... .......... .......... .......... 83% 90.8K 2s
   850K .......... .......... .......... .......... .......... 87%  115K 1s
   900K .......... .......... .......... .......... .......... 92%  121K 1s
   950K .......... .......... .......... .......... .......... 97%  132K 0s
  1000K .......... .......... ...                             100%  176K=9.1s

226 Transfer complete.
2017-03-26 00:01:17 (112 KB/s) - ‘./domain/root.zone.gz’ saved [1048123]

Remote file is newer than local file ‘./domain/root.zone.gz.md5’ -- retrieving.

--2017-03-26 00:01:17--  ftp://ftp.internic.net/domain/root.zone.gz.md5
           => ‘./domain/root.zone.gz.md5’
==> CWD not required.
--> PASV

227 Entering Passive Mode (192,0,32,9,51,17)
--> RETR root.zone.gz.md5

150 Opening BINARY mode data connection for root.zone.gz.md5 (33 bytes).
Length: 33

     0K                                                       100%  290K=0s

226 Transfer complete.
2017-03-26 00:01:18 (290 KB/s) - ‘./domain/root.zone.gz.md5’ saved [33]

Remote file is newer than local file ‘./domain/root.zone.gz.sig’ -- retrieving.

--2017-03-26 00:01:18--  ftp://ftp.internic.net/domain/root.zone.gz.sig
           => ‘./domain/root.zone.gz.sig’
==> CWD not required.
--> PASV

227 Entering Passive Mode (192,0,32,9,203,57)
--> RETR root.zone.gz.sig

150 Opening BINARY mode data connection for root.zone.gz.sig (72 bytes).
Length: 72

     0K                                                       100%  617K=0s

226 Transfer complete.
2017-03-26 00:01:19 (617 KB/s) - ‘./domain/root.zone.gz.sig’ saved [72]

Remote file is newer than local file ‘./domain/root.zone.md5’ -- retrieving.

--2017-03-26 00:01:19--  ftp://ftp.internic.net/domain/root.zone.md5
           => ‘./domain/root.zone.md5’
==> CWD not required.
--> PASV

227 Entering Passive Mode (192,0,32,9,101,0)
--> RETR root.zone.md5

150 Opening BINARY mode data connection for root.zone.md5 (33 bytes).
Length: 33

     0K                                                       100%  124K=0s

226 Transfer complete.
2017-03-26 00:01:20 (124 KB/s) - ‘./domain/root.zone.md5’ saved [33]

Remote file is newer than local file ‘./domain/root.zone.sig’ -- retrieving.

--2017-03-26 00:01:20--  ftp://ftp.internic.net/domain/root.zone.sig
           => ‘./domain/root.zone.sig’
==> CWD not required.
--> PASV

227 Entering Passive Mode (192,0,32,9,124,110)
--> RETR root.zone.sig

150 Opening BINARY mode data connection for root.zone.sig (72 bytes).
Length: 72

     0K                                                       100%  611K=0s

226 Transfer complete.
2017-03-26 00:01:21 (611 KB/s) - ‘./domain/root.zone.sig’ saved [72]

FINISHED --2017-03-26 00:01:21--
Total wall clock time: 1m 19s
Downloaded: 40 files, 3.9M in 30s (135 KB/s)
