--2017-08-26 00:00:02--  ftp://ftp.internic.net/*
           => ‘./.listing’
Resolving ftp.internic.net (ftp.internic.net)... 192.0.32.9, 2620:0:2d0:200::9
Connecting to ftp.internic.net (ftp.internic.net)|192.0.32.9|:21... connected.
Logging in as anonymous ... 
220 Internic FTP Server
--> USER anonymous

331 Please specify the password.
--> PASS Turtle Power!

230 Login successful.
--> SYST

215 UNIX Type: L8
--> PWD

257 "/"
--> TYPE I

200 Switching to Binary mode.
==> CWD not needed.
--> PASV

227 Entering Passive Mode (192,0,32,9,46,62)
--> LIST -a

150 Here comes the directory listing.

     0K                                                         147K=0.001s

226 Directory send OK.
drwxr-xr-x    3 ftp      ftp          4096 Apr 04  2012 .
drwxr-xr-x    3 ftp      ftp          4096 Apr 04  2012 ..
drwxr-xr-x    2 ftp      ftp          4096 Sep 09  2015 domain
2017-08-26 00:00:06 (147 KB/s) - ‘./.listing’ saved [183]

--2017-08-26 00:00:06--  ftp://ftp.internic.net/domain/*
           => ‘./domain/.listing’
--> CWD /domain

250 Directory successfully changed.
--> PASV

227 Entering Passive Mode (192,0,32,9,153,20)
--> LIST -a

150 Here comes the directory listing.

     0K ...                                                    31.2M=0s

226 Directory send OK.
drwxr-xr-x    2 ftp      ftp          4096 Sep 09  2015 .
drwxr-xr-x    3 ftp      ftp          4096 Apr 04  2012 ..
-rw-r--r--    1 ftp      ftp          1829 Aug 18  2015 .listing
-rw-r--r--    1 ftp      ftp          1224 Aug 25 12:37 INTERNIC_ROOT_ZONE.signatures
-rw-r--r--    1 ftp      ftp          1469 Aug 25 12:37 INTERNIC_ROOT_ZONE.signatures.asc
-rw-r--r--    1 ftp      ftp         15228 Aug 25 12:37 arpa.zone
-rw-r--r--    1 ftp      ftp          6649 Aug 25 12:37 arpa.zone.gz
-rw-r--r--    1 ftp      ftp            33 Aug 25 12:37 arpa.zone.gz.md5
-rw-r--r--    1 ftp      ftp            72 Aug 25 12:37 arpa.zone.gz.sig
-rw-r--r--    1 ftp      ftp          3314 Jul 26 14:54 db.cache
-rw-r--r--    1 ftp      ftp            33 Jul 26 14:54 db.cache.md5
-rw-r--r--    1 ftp      ftp            72 Jul 26 14:54 db.cache.sig
-rw-r--r--    1 ftp      ftp        228558 Aug 25 15:40 in-addr.arpa
-rw-r--r--    1 ftp      ftp         90954 Aug 25 15:40 in-addr.arpa.gz
-rw-r--r--    1 ftp      ftp            55 Aug 25 15:40 in-addr.arpa.gz.md5
-rw-r--r--    1 ftp      ftp            90 Aug 25 15:40 in-addr.arpa.gz.sha256
-rw-r--r--    1 ftp      ftp            52 Aug 25 15:40 in-addr.arpa.md5
-rw-r--r--    1 ftp      ftp            87 Aug 25 15:40 in-addr.arpa.sha256
-rw-r--r--    1 ftp      ftp        228558 Aug 25 15:40 in-addr.arpa.zone
-rw-r--r--    1 ftp      ftp         90954 Aug 25 15:40 in-addr.arpa.zone.gz
-rw-r--r--    1 ftp      ftp            60 Aug 25 15:40 in-addr.arpa.zone.gz.md5
-rw-r--r--    1 ftp      ftp            95 Aug 25 15:40 in-addr.arpa.zone.gz.sha256
-rw-r--r--    1 ftp      ftp            57 Aug 25 15:40 in-addr.arpa.zone.md5
-rw-r--r--    1 ftp      ftp            92 Aug 25 15:40 in-addr.arpa.zone.sha256
-rw-r--r--    1 ftp      ftp         61151 Aug 25 15:40 ip6.arpa
-rw-r--r--    1 ftp      ftp         24347 Aug 25 15:40 ip6.arpa.gz
-rw-r--r--    1 ftp      ftp            51 Aug 25 15:40 ip6.arpa.gz.md5
-rw-r--r--    1 ftp      ftp            86 Aug 25 15:40 ip6.arpa.gz.sha256
-rw-r--r--    1 ftp      ftp            48 Aug 25 15:40 ip6.arpa.md5
-rw-r--r--    1 ftp      ftp            83 Aug 25 15:40 ip6.arpa.sha256
-rw-r--r--    1 ftp      ftp         61151 Aug 25 15:40 ip6.arpa.zone
-rw-r--r--    1 ftp      ftp         24347 Aug 25 15:40 ip6.arpa.zone.gz
-rw-r--r--    1 ftp      ftp            56 Aug 25 15:40 ip6.arpa.zone.gz.md5
-rw-r--r--    1 ftp      ftp            91 Aug 25 15:40 ip6.arpa.zone.gz.sha256
-rw-r--r--    1 ftp      ftp            53 Aug 25 15:40 ip6.arpa.zone.md5
-rw-r--r--    1 ftp      ftp            88 Aug 25 15:40 ip6.arpa.zone.sha256
-rw-r--r--    1 ftp      ftp            21 Aug 25 15:40 last_update.txt
-rw-r--r--    1 ftp      ftp          3314 Jul 26 14:54 named.cache
-rw-r--r--    1 ftp      ftp            33 Jul 26 14:54 named.cache.md5
-rw-r--r--    1 ftp      ftp            72 Jul 26 14:54 named.cache.sig
-rw-r--r--    1 ftp      ftp          3314 Jul 26 14:54 named.root
-rw-r--r--    1 ftp      ftp            33 Jul 26 14:54 named.root.md5
-rw-r--r--    1 ftp      ftp            72 Jul 26 14:54 named.root.sig
-rw-r--r--    1 ftp      ftp          2111 Jul 26 14:53 root-servers.net.zone
-rw-r--r--    1 ftp      ftp           573 Jul 26 14:53 root-servers.net.zone.gz
-rw-r--r--    1 ftp      ftp            33 Jul 26 14:53 root-servers.net.zone.gz.md5
-rw-r--r--    1 ftp      ftp            72 Jul 26 14:53 root-servers.net.zone.gz.sig
-rw-r--r--    1 ftp      ftp       2263495 Aug 25 05:59 root.zone
-rw-r--r--    1 ftp      ftp       1062976 Aug 25 05:59 root.zone.gz
-rw-r--r--    1 ftp      ftp            33 Aug 25 05:59 root.zone.gz.md5
-rw-r--r--    1 ftp      ftp            72 Aug 25 05:59 root.zone.gz.sig
-rw-r--r--    1 ftp      ftp            33 Aug 25 05:59 root.zone.md5
-rw-r--r--    1 ftp      ftp            72 Aug 25 05:59 root.zone.sig
2017-08-26 00:00:08 (31.2 MB/s) - ‘./domain/.listing’ saved [3930]

The sizes do not match (local 3930) -- retrieving.

--2017-08-26 00:00:08--  ftp://ftp.internic.net/domain/.listing
           => ‘./domain/.listing’
==> CWD not required.
--> PASV

227 Entering Passive Mode (192,0,32,9,131,142)
--> RETR .listing

150 Opening BINARY mode data connection for .listing (1829 bytes).
Length: 1829 (1.8K)

     0K .                                                     100% 14.1M=0s

226 Transfer complete.
2017-08-26 00:00:09 (14.1 MB/s) - ‘./domain/.listing’ saved [1829]

Remote file is newer than local file ‘./domain/INTERNIC_ROOT_ZONE.signatures’ -- retrieving.

--2017-08-26 00:00:09--  ftp://ftp.internic.net/domain/INTERNIC_ROOT_ZONE.signatures
           => ‘./domain/INTERNIC_ROOT_ZONE.signatures’
==> CWD not required.
--> PASV

227 Entering Passive Mode (192,0,32,9,53,37)
--> RETR INTERNIC_ROOT_ZONE.signatures

150 Opening BINARY mode data connection for INTERNIC_ROOT_ZONE.signatures (1224 bytes).
Length: 1224 (1.2K)

     0K .                                                     100% 9.65M=0s

226 Transfer complete.
2017-08-26 00:00:10 (9.65 MB/s) - ‘./domain/INTERNIC_ROOT_ZONE.signatures’ saved [1224]

Remote file is newer than local file ‘./domain/INTERNIC_ROOT_ZONE.signatures.asc’ -- retrieving.

--2017-08-26 00:00:10--  ftp://ftp.internic.net/domain/INTERNIC_ROOT_ZONE.signatures.asc
           => ‘./domain/INTERNIC_ROOT_ZONE.signatures.asc’
==> CWD not required.
--> PASV

227 Entering Passive Mode (192,0,32,9,242,37)
--> RETR INTERNIC_ROOT_ZONE.signatures.asc

150 Opening BINARY mode data connection for INTERNIC_ROOT_ZONE.signatures.asc (1469 bytes).
Length: 1469 (1.4K)

     0K .                                                     100% 11.2M=0s

226 Transfer complete.
2017-08-26 00:00:11 (11.2 MB/s) - ‘./domain/INTERNIC_ROOT_ZONE.signatures.asc’ saved [1469]

Remote file is newer than local file ‘./domain/arpa.zone’ -- retrieving.

--2017-08-26 00:00:11--  ftp://ftp.internic.net/domain/arpa.zone
           => ‘./domain/arpa.zone’
==> CWD not required.
--> PASV

227 Entering Passive Mode (192,0,32,9,42,42)
--> RETR arpa.zone

150 Opening BINARY mode data connection for arpa.zone (15228 bytes).
Length: 15228 (15K)

     0K .......... ....                                       100% 2.34M=0.006s

226 Transfer complete.
2017-08-26 00:00:14 (2.34 MB/s) - ‘./domain/arpa.zone’ saved [15228]

The sizes do not match (local 6633) -- retrieving.

--2017-08-26 00:00:14--  ftp://ftp.internic.net/domain/arpa.zone.gz
           => ‘./domain/arpa.zone.gz’
==> CWD not required.
--> PASV

227 Entering Passive Mode (192,0,32,9,42,237)
--> RETR arpa.zone.gz

150 Opening BINARY mode data connection for arpa.zone.gz (6649 bytes).
Length: 6649 (6.5K)

     0K ......                                                100% 1.42M=0.004s

226 Transfer complete.
2017-08-26 00:00:15 (1.42 MB/s) - ‘./domain/arpa.zone.gz’ saved [6649]

Remote file is newer than local file ‘./domain/arpa.zone.gz.md5’ -- retrieving.

--2017-08-26 00:00:15--  ftp://ftp.internic.net/domain/arpa.zone.gz.md5
           => ‘./domain/arpa.zone.gz.md5’
==> CWD not required.
--> PASV

227 Entering Passive Mode (192,0,32,9,7,90)
--> RETR arpa.zone.gz.md5

150 Opening BINARY mode data connection for arpa.zone.gz.md5 (33 bytes).
Length: 33

     0K                                                       100%  269K=0s

226 Transfer complete.
2017-08-26 00:00:16 (269 KB/s) - ‘./domain/arpa.zone.gz.md5’ saved [33]

Remote file is newer than local file ‘./domain/arpa.zone.gz.sig’ -- retrieving.

--2017-08-26 00:00:16--  ftp://ftp.internic.net/domain/arpa.zone.gz.sig
           => ‘./domain/arpa.zone.gz.sig’
==> CWD not required.
--> PASV

227 Entering Passive Mode (192,0,32,9,27,59)
--> RETR arpa.zone.gz.sig

150 Opening BINARY mode data connection for arpa.zone.gz.sig (72 bytes).
Length: 72

     0K                                                       100%  596K=0s

226 Transfer complete.
2017-08-26 00:00:17 (596 KB/s) - ‘./domain/arpa.zone.gz.sig’ saved [72]

Remote file no newer than local file ‘./domain/db.cache’ -- not retrieving.
Remote file no newer than local file ‘./domain/db.cache.md5’ -- not retrieving.
Remote file no newer than local file ‘./domain/db.cache.sig’ -- not retrieving.
Remote file is newer than local file ‘./domain/in-addr.arpa’ -- retrieving.

--2017-08-26 00:00:17--  ftp://ftp.internic.net/domain/in-addr.arpa
           => ‘./domain/in-addr.arpa’
==> CWD not required.
--> PASV

227 Entering Passive Mode (192,0,32,9,125,48)
--> RETR in-addr.arpa

150 Opening BINARY mode data connection for in-addr.arpa (228558 bytes).
Length: 228558 (223K)

     0K .......... .......... .......... .......... .......... 22% 98.0K 2s
    50K .......... .......... .......... .......... .......... 44%  165K 1s
   100K .......... .......... .......... .......... .......... 67% 1.71M 0s
   150K .......... .......... .......... .......... .......... 89%  170K 0s
   200K .......... .......... ...                             100% 50.6M=1.1s

226 Transfer complete.
2017-08-26 00:00:20 (196 KB/s) - ‘./domain/in-addr.arpa’ saved [228558]

The sizes do not match (local 90893) -- retrieving.

--2017-08-26 00:00:20--  ftp://ftp.internic.net/domain/in-addr.arpa.gz
           => ‘./domain/in-addr.arpa.gz’
==> CWD not required.
--> PASV

227 Entering Passive Mode (192,0,32,9,33,219)
--> RETR in-addr.arpa.gz

150 Opening BINARY mode data connection for in-addr.arpa.gz (90954 bytes).
Length: 90954 (89K)

     0K .......... .......... .......... .......... .......... 56% 79.0K 0s
    50K .......... .......... .......... ........             100% 3.72M=0.6s

226 Transfer complete.
2017-08-26 00:00:22 (138 KB/s) - ‘./domain/in-addr.arpa.gz’ saved [90954]

Remote file is newer than local file ‘./domain/in-addr.arpa.gz.md5’ -- retrieving.

--2017-08-26 00:00:22--  ftp://ftp.internic.net/domain/in-addr.arpa.gz.md5
           => ‘./domain/in-addr.arpa.gz.md5’
==> CWD not required.
--> PASV

227 Entering Passive Mode (192,0,32,9,48,13)
--> RETR in-addr.arpa.gz.md5

150 Opening BINARY mode data connection for in-addr.arpa.gz.md5 (55 bytes).
Length: 55

     0K                                                       100% 39.1K=0.001s

226 Transfer complete.
2017-08-26 00:00:23 (39.1 KB/s) - ‘./domain/in-addr.arpa.gz.md5’ saved [55]

Remote file is newer than local file ‘./domain/in-addr.arpa.gz.sha256’ -- retrieving.

--2017-08-26 00:00:23--  ftp://ftp.internic.net/domain/in-addr.arpa.gz.sha256
           => ‘./domain/in-addr.arpa.gz.sha256’
==> CWD not required.
--> PASV

227 Entering Passive Mode (192,0,32,9,41,51)
--> RETR in-addr.arpa.gz.sha256

150 Opening BINARY mode data connection for in-addr.arpa.gz.sha256 (90 bytes).
Length: 90

     0K                                                       100%  405K=0s

226 Transfer complete.
2017-08-26 00:00:24 (405 KB/s) - ‘./domain/in-addr.arpa.gz.sha256’ saved [90]

Remote file is newer than local file ‘./domain/in-addr.arpa.md5’ -- retrieving.

--2017-08-26 00:00:24--  ftp://ftp.internic.net/domain/in-addr.arpa.md5
           => ‘./domain/in-addr.arpa.md5’
==> CWD not required.
--> PASV

227 Entering Passive Mode (192,0,32,9,232,223)
--> RETR in-addr.arpa.md5

150 Opening BINARY mode data connection for in-addr.arpa.md5 (52 bytes).
Length: 52

     0K                                                       100%  427K=0s

226 Transfer complete.
2017-08-26 00:00:25 (427 KB/s) - ‘./domain/in-addr.arpa.md5’ saved [52]

Remote file is newer than local file ‘./domain/in-addr.arpa.sha256’ -- retrieving.

--2017-08-26 00:00:25--  ftp://ftp.internic.net/domain/in-addr.arpa.sha256
           => ‘./domain/in-addr.arpa.sha256’
==> CWD not required.
--> PASV

227 Entering Passive Mode (192,0,32,9,133,117)
--> RETR in-addr.arpa.sha256

150 Opening BINARY mode data connection for in-addr.arpa.sha256 (87 bytes).
Length: 87

     0K                                                       100% 1024K=0s

226 Transfer complete.
2017-08-26 00:00:26 (1024 KB/s) - ‘./domain/in-addr.arpa.sha256’ saved [87]

Remote file is newer than local file ‘./domain/in-addr.arpa.zone’ -- retrieving.

--2017-08-26 00:00:26--  ftp://ftp.internic.net/domain/in-addr.arpa.zone
           => ‘./domain/in-addr.arpa.zone’
==> CWD not required.
--> PASV

227 Entering Passive Mode (192,0,32,9,194,114)
--> RETR in-addr.arpa.zone

150 Opening BINARY mode data connection for in-addr.arpa.zone (228558 bytes).
Length: 228558 (223K)

     0K .......... .......... .......... .......... .......... 22% 82.3K 2s
    50K .......... .......... .......... .......... .......... 44%  163K 1s
   100K .......... .......... .......... .......... .......... 67% 2.82M 0s
   150K .......... .......... .......... .......... .......... 89%  163K 0s
   200K .......... .......... ...                             100% 2.86M=1.2s

226 Transfer complete.
2017-08-26 00:00:29 (179 KB/s) - ‘./domain/in-addr.arpa.zone’ saved [228558]

The sizes do not match (local 90893) -- retrieving.

--2017-08-26 00:00:29--  ftp://ftp.internic.net/domain/in-addr.arpa.zone.gz
           => ‘./domain/in-addr.arpa.zone.gz’
==> CWD not required.
--> PASV

227 Entering Passive Mode (192,0,32,9,231,29)
--> RETR in-addr.arpa.zone.gz

150 Opening BINARY mode data connection for in-addr.arpa.zone.gz (90954 bytes).
Length: 90954 (89K)

     0K .......... .......... .......... .......... .......... 56% 82.8K 0s
    50K .......... .......... .......... ........             100%  647K=0.7s

226 Transfer complete.
2017-08-26 00:00:31 (134 KB/s) - ‘./domain/in-addr.arpa.zone.gz’ saved [90954]

Remote file is newer than local file ‘./domain/in-addr.arpa.zone.gz.md5’ -- retrieving.

--2017-08-26 00:00:31--  ftp://ftp.internic.net/domain/in-addr.arpa.zone.gz.md5
           => ‘./domain/in-addr.arpa.zone.gz.md5’
==> CWD not required.
--> PASV

227 Entering Passive Mode (192,0,32,9,237,29)
--> RETR in-addr.arpa.zone.gz.md5

150 Opening BINARY mode data connection for in-addr.arpa.zone.gz.md5 (60 bytes).
Length: 60

     0K                                                       100%  388K=0s

226 Transfer complete.
2017-08-26 00:00:32 (388 KB/s) - ‘./domain/in-addr.arpa.zone.gz.md5’ saved [60]

Remote file is newer than local file ‘./domain/in-addr.arpa.zone.gz.sha256’ -- retrieving.

--2017-08-26 00:00:32--  ftp://ftp.internic.net/domain/in-addr.arpa.zone.gz.sha256
           => ‘./domain/in-addr.arpa.zone.gz.sha256’
==> CWD not required.
--> PASV

227 Entering Passive Mode (192,0,32,9,42,231)
--> RETR in-addr.arpa.zone.gz.sha256

150 Opening BINARY mode data connection for in-addr.arpa.zone.gz.sha256 (95 bytes).
Length: 95

     0K                                                       100% 1019K=0s

226 Transfer complete.
2017-08-26 00:00:33 (1019 KB/s) - ‘./domain/in-addr.arpa.zone.gz.sha256’ saved [95]

Remote file is newer than local file ‘./domain/in-addr.arpa.zone.md5’ -- retrieving.

--2017-08-26 00:00:33--  ftp://ftp.internic.net/domain/in-addr.arpa.zone.md5
           => ‘./domain/in-addr.arpa.zone.md5’
==> CWD not required.
--> PASV

227 Entering Passive Mode (192,0,32,9,5,152)
--> RETR in-addr.arpa.zone.md5

150 Opening BINARY mode data connection for in-addr.arpa.zone.md5 (57 bytes).
Length: 57

     0K                                                       100%  259K=0s

226 Transfer complete.
2017-08-26 00:00:34 (259 KB/s) - ‘./domain/in-addr.arpa.zone.md5’ saved [57]

Remote file is newer than local file ‘./domain/in-addr.arpa.zone.sha256’ -- retrieving.

--2017-08-26 00:00:34--  ftp://ftp.internic.net/domain/in-addr.arpa.zone.sha256
           => ‘./domain/in-addr.arpa.zone.sha256’
==> CWD not required.
--> PASV

227 Entering Passive Mode (192,0,32,9,42,183)
--> RETR in-addr.arpa.zone.sha256

150 Opening BINARY mode data connection for in-addr.arpa.zone.sha256 (92 bytes).
Length: 92

     0K                                                       100%  565K=0s

226 Transfer complete.
2017-08-26 00:00:36 (565 KB/s) - ‘./domain/in-addr.arpa.zone.sha256’ saved [92]

Remote file is newer than local file ‘./domain/ip6.arpa’ -- retrieving.

--2017-08-26 00:00:36--  ftp://ftp.internic.net/domain/ip6.arpa
           => ‘./domain/ip6.arpa’
==> CWD not required.
--> PASV

227 Entering Passive Mode (192,0,32,9,204,123)
--> RETR ip6.arpa

150 Opening BINARY mode data connection for ip6.arpa (61151 bytes).
Length: 61151 (60K)

     0K .......... .......... .......... .......... .......... 83% 54.3K 0s
    50K .........                                             100% 8.58M=0.9s

226 Transfer complete.
2017-08-26 00:00:38 (64.8 KB/s) - ‘./domain/ip6.arpa’ saved [61151]

The sizes do not match (local 24370) -- retrieving.

--2017-08-26 00:00:38--  ftp://ftp.internic.net/domain/ip6.arpa.gz
           => ‘./domain/ip6.arpa.gz’
==> CWD not required.
--> PASV

227 Entering Passive Mode (192,0,32,9,183,96)
--> RETR ip6.arpa.gz

150 Opening BINARY mode data connection for ip6.arpa.gz (24347 bytes).
Length: 24347 (24K)

     0K .......... .......... ...                             100% 77.8K=0.3s

226 Transfer complete.
2017-08-26 00:00:39 (77.8 KB/s) - ‘./domain/ip6.arpa.gz’ saved [24347]

Remote file is newer than local file ‘./domain/ip6.arpa.gz.md5’ -- retrieving.

--2017-08-26 00:00:39--  ftp://ftp.internic.net/domain/ip6.arpa.gz.md5
           => ‘./domain/ip6.arpa.gz.md5’
==> CWD not required.
--> PASV

227 Entering Passive Mode (192,0,32,9,80,144)
--> RETR ip6.arpa.gz.md5

150 Opening BINARY mode data connection for ip6.arpa.gz.md5 (51 bytes).
Length: 51

     0K                                                       100%  419K=0s

226 Transfer complete.
2017-08-26 00:00:40 (419 KB/s) - ‘./domain/ip6.arpa.gz.md5’ saved [51]

Remote file is newer than local file ‘./domain/ip6.arpa.gz.sha256’ -- retrieving.

--2017-08-26 00:00:40--  ftp://ftp.internic.net/domain/ip6.arpa.gz.sha256
           => ‘./domain/ip6.arpa.gz.sha256’
==> CWD not required.
--> PASV

227 Entering Passive Mode (192,0,32,9,41,137)
--> RETR ip6.arpa.gz.sha256

150 Opening BINARY mode data connection for ip6.arpa.gz.sha256 (86 bytes).
Length: 86

     0K                                                       100%  694K=0s

226 Transfer complete.
2017-08-26 00:00:41 (694 KB/s) - ‘./domain/ip6.arpa.gz.sha256’ saved [86]

Remote file is newer than local file ‘./domain/ip6.arpa.md5’ -- retrieving.

--2017-08-26 00:00:41--  ftp://ftp.internic.net/domain/ip6.arpa.md5
           => ‘./domain/ip6.arpa.md5’
==> CWD not required.
--> PASV

227 Entering Passive Mode (192,0,32,9,87,96)
--> RETR ip6.arpa.md5

150 Opening BINARY mode data connection for ip6.arpa.md5 (48 bytes).
Length: 48

     0K                                                       100%  378K=0s

226 Transfer complete.
2017-08-26 00:00:43 (378 KB/s) - ‘./domain/ip6.arpa.md5’ saved [48]

Remote file is newer than local file ‘./domain/ip6.arpa.sha256’ -- retrieving.

--2017-08-26 00:00:43--  ftp://ftp.internic.net/domain/ip6.arpa.sha256
           => ‘./domain/ip6.arpa.sha256’
==> CWD not required.
--> PASV

227 Entering Passive Mode (192,0,32,9,42,93)
--> RETR ip6.arpa.sha256

150 Opening BINARY mode data connection for ip6.arpa.sha256 (83 bytes).
Length: 83

     0K                                                       100%  675K=0s

226 Transfer complete.
2017-08-26 00:00:44 (675 KB/s) - ‘./domain/ip6.arpa.sha256’ saved [83]

Remote file is newer than local file ‘./domain/ip6.arpa.zone’ -- retrieving.

--2017-08-26 00:00:44--  ftp://ftp.internic.net/domain/ip6.arpa.zone
           => ‘./domain/ip6.arpa.zone’
==> CWD not required.
--> PASV

227 Entering Passive Mode (192,0,32,9,42,221)
--> RETR ip6.arpa.zone

150 Opening BINARY mode data connection for ip6.arpa.zone (61151 bytes).
Length: 61151 (60K)

     0K .......... .......... .......... .......... .......... 83% 81.6K 0s
    50K .........                                             100% 29.6M=0.6s

226 Transfer complete.
2017-08-26 00:00:46 (97.4 KB/s) - ‘./domain/ip6.arpa.zone’ saved [61151]

The sizes do not match (local 24370) -- retrieving.

--2017-08-26 00:00:46--  ftp://ftp.internic.net/domain/ip6.arpa.zone.gz
           => ‘./domain/ip6.arpa.zone.gz’
==> CWD not required.
--> PASV

227 Entering Passive Mode (192,0,32,9,5,37)
--> RETR ip6.arpa.zone.gz

150 Opening BINARY mode data connection for ip6.arpa.zone.gz (24347 bytes).
Length: 24347 (24K)

     0K .......... .......... ...                             100% 75.8K=0.3s

226 Transfer complete.
2017-08-26 00:00:47 (75.8 KB/s) - ‘./domain/ip6.arpa.zone.gz’ saved [24347]

Remote file is newer than local file ‘./domain/ip6.arpa.zone.gz.md5’ -- retrieving.

--2017-08-26 00:00:47--  ftp://ftp.internic.net/domain/ip6.arpa.zone.gz.md5
           => ‘./domain/ip6.arpa.zone.gz.md5’
==> CWD not required.
--> PASV

227 Entering Passive Mode (192,0,32,9,132,228)
--> RETR ip6.arpa.zone.gz.md5

150 Opening BINARY mode data connection for ip6.arpa.zone.gz.md5 (56 bytes).
Length: 56

     0K                                                       100%  434K=0s

226 Transfer complete.
2017-08-26 00:00:48 (434 KB/s) - ‘./domain/ip6.arpa.zone.gz.md5’ saved [56]

Remote file is newer than local file ‘./domain/ip6.arpa.zone.gz.sha256’ -- retrieving.

--2017-08-26 00:00:48--  ftp://ftp.internic.net/domain/ip6.arpa.zone.gz.sha256
           => ‘./domain/ip6.arpa.zone.gz.sha256’
==> CWD not required.
--> PASV

227 Entering Passive Mode (192,0,32,9,236,246)
--> RETR ip6.arpa.zone.gz.sha256

150 Opening BINARY mode data connection for ip6.arpa.zone.gz.sha256 (91 bytes).
Length: 91

     0K                                                       100%  753K=0s

226 Transfer complete.
2017-08-26 00:00:50 (753 KB/s) - ‘./domain/ip6.arpa.zone.gz.sha256’ saved [91]

Remote file is newer than local file ‘./domain/ip6.arpa.zone.md5’ -- retrieving.

--2017-08-26 00:00:50--  ftp://ftp.internic.net/domain/ip6.arpa.zone.md5
           => ‘./domain/ip6.arpa.zone.md5’
==> CWD not required.
--> PASV

227 Entering Passive Mode (192,0,32,9,241,203)
--> RETR ip6.arpa.zone.md5

150 Opening BINARY mode data connection for ip6.arpa.zone.md5 (53 bytes).
Length: 53

     0K                                                       100%  417K=0s

226 Transfer complete.
2017-08-26 00:00:51 (417 KB/s) - ‘./domain/ip6.arpa.zone.md5’ saved [53]

Remote file is newer than local file ‘./domain/ip6.arpa.zone.sha256’ -- retrieving.

--2017-08-26 00:00:51--  ftp://ftp.internic.net/domain/ip6.arpa.zone.sha256
           => ‘./domain/ip6.arpa.zone.sha256’
==> CWD not required.
--> PASV

227 Entering Passive Mode (192,0,32,9,41,227)
--> RETR ip6.arpa.zone.sha256

150 Opening BINARY mode data connection for ip6.arpa.zone.sha256 (88 bytes).
Length: 88

     0K                                                       100%  722K=0s

226 Transfer complete.
2017-08-26 00:00:52 (722 KB/s) - ‘./domain/ip6.arpa.zone.sha256’ saved [88]

Remote file is newer than local file ‘./domain/last_update.txt’ -- retrieving.

--2017-08-26 00:00:52--  ftp://ftp.internic.net/domain/last_update.txt
           => ‘./domain/last_update.txt’
==> CWD not required.
--> PASV

227 Entering Passive Mode (192,0,32,9,106,186)
--> RETR last_update.txt

150 Opening BINARY mode data connection for last_update.txt (21 bytes).
Length: 21

     0K                                                       100%  172K=0s

226 Transfer complete.
2017-08-26 00:00:53 (172 KB/s) - ‘./domain/last_update.txt’ saved [21]

Remote file no newer than local file ‘./domain/named.cache’ -- not retrieving.
Remote file no newer than local file ‘./domain/named.cache.md5’ -- not retrieving.
Remote file no newer than local file ‘./domain/named.cache.sig’ -- not retrieving.
Remote file no newer than local file ‘./domain/named.root’ -- not retrieving.
Remote file no newer than local file ‘./domain/named.root.md5’ -- not retrieving.
Remote file no newer than local file ‘./domain/named.root.sig’ -- not retrieving.
Remote file no newer than local file ‘./domain/root-servers.net.zone’ -- not retrieving.
Remote file no newer than local file ‘./domain/root-servers.net.zone.gz’ -- not retrieving.
Remote file no newer than local file ‘./domain/root-servers.net.zone.gz.md5’ -- not retrieving.
Remote file no newer than local file ‘./domain/root-servers.net.zone.gz.sig’ -- not retrieving.
Remote file is newer than local file ‘./domain/root.zone’ -- retrieving.

--2017-08-26 00:00:53--  ftp://ftp.internic.net/domain/root.zone
           => ‘./domain/root.zone’
==> CWD not required.
--> PASV

227 Entering Passive Mode (192,0,32,9,42,74)
--> RETR root.zone

150 Opening BINARY mode data connection for root.zone (2263495 bytes).
Length: 2263495 (2.2M)

     0K .......... .......... .......... .......... ..........  2% 81.8K 26s
    50K .......... .......... .......... .......... ..........  4%  200K 18s
   100K .......... .......... .......... .......... ..........  6% 1.10M 12s
   150K .......... .......... .......... .......... ..........  9%  143K 13s
   200K .......... .......... .......... .......... .......... 11%  172K 12s
   250K .......... .......... .......... .......... .......... 13%  206K 11s
   300K .......... .......... .......... .......... .......... 15% 1.36M 10s
   350K .......... .......... .......... .......... .......... 18% 72.0K 11s
   400K .......... .......... .......... .......... .......... 20% 33.8M 10s
   450K .......... .......... .......... .......... .......... 22% 89.9M 9s
   500K .......... .......... .......... .......... .......... 24%  207K 8s
   550K .......... .......... .......... .......... .......... 27% 1.48M 8s
   600K .......... .......... .......... .......... .......... 29%  164K 7s
   650K .......... .......... .......... .......... .......... 31%  180K 7s
   700K .......... .......... .......... .......... .......... 33% 1.12M 7s
   750K .......... .......... .......... .......... .......... 36%  183K 7s
   800K .......... .......... .......... .......... .......... 38% 3.18M 6s
   850K .......... .......... .......... .......... .......... 40%  204K 6s
   900K .......... .......... .......... .......... .......... 42% 1.18M 5s
   950K .......... .......... .......... .......... .......... 45%  228K 5s
  1000K .......... .......... .......... .......... .......... 47% 1.35M 5s
  1050K .......... .......... .......... .......... .......... 49%  166K 5s
  1100K .......... .......... .......... .......... .......... 52% 10.7M 4s
  1150K .......... .......... .......... .......... .......... 54%  173K 4s
  1200K .......... .......... .......... .......... .......... 56% 9.92M 4s
  1250K .......... .......... .......... .......... .......... 58%  173K 4s
  1300K .......... .......... .......... .......... .......... 61% 4.50M 3s
  1350K .......... .......... .......... .......... .......... 63%  164K 3s
  1400K .......... .......... .......... .......... .......... 65% 18.4M 3s
  1450K .......... .......... .......... .......... .......... 67%  169K 3s
  1500K .......... .......... .......... .......... .......... 70% 5.75M 2s
  1550K .......... .......... .......... .......... .......... 72%  165K 2s
  1600K .......... .......... .......... .......... .......... 74% 1.73M 2s
  1650K .......... .......... .......... .......... .......... 76%  207K 2s
  1700K .......... .......... .......... .......... .......... 79% 1.72M 2s
  1750K .......... .......... .......... .......... .......... 81%  204K 2s
  1800K .......... .......... .......... .......... .......... 83% 1.29M 1s
  1850K .......... .......... .......... .......... .......... 85%  224K 1s
  1900K .......... .......... .......... .......... .......... 88% 1.57M 1s
  1950K .......... .......... .......... .......... .......... 90%  218K 1s
  2000K .......... .......... .......... .......... .......... 92% 1.13M 1s
  2050K .......... .......... .......... .......... .......... 95%  239K 0s
  2100K .......... .......... .......... .......... .......... 97% 1.03M 0s
  2150K .......... .......... .......... .......... .......... 99%  192K 0s
  2200K ..........                                            100% 17.9M=7.7s

226 Transfer complete.
2017-08-26 00:01:02 (287 KB/s) - ‘./domain/root.zone’ saved [2263495]

The sizes do not match (local 1063009) -- retrieving.

--2017-08-26 00:01:02--  ftp://ftp.internic.net/domain/root.zone.gz
           => ‘./domain/root.zone.gz’
==> CWD not required.
--> PASV

227 Entering Passive Mode (192,0,32,9,51,132)
--> RETR root.zone.gz

150 Opening BINARY mode data connection for root.zone.gz (1062976 bytes).
Length: 1062976 (1.0M)

     0K .......... .......... .......... .......... ..........  4% 54.3K 18s
    50K .......... .......... .......... .......... ..........  9% 81.1K 14s
   100K .......... .......... .......... .......... .......... 14% 2.16M 9s
   150K .......... .......... .......... .......... .......... 19%  160K 8s
   200K .......... .......... .......... .......... .......... 24%  171K 7s
   250K .......... .......... .......... .......... .......... 28% 3.22M 5s
   300K .......... .......... .......... .......... .......... 33%  165K 5s
   350K .......... .......... .......... .......... .......... 38%  178K 4s
   400K .......... .......... .......... .......... .......... 43% 2.70M 4s
   450K .......... .......... .......... .......... .......... 48%  167K 3s
   500K .......... .......... .......... .......... .......... 52% 3.89M 3s
   550K .......... .......... .......... .......... .......... 57%  158K 2s
   600K .......... .......... .......... .......... .......... 62% 11.1M 2s
   650K .......... .......... .......... .......... .......... 67%  174K 2s
   700K .......... .......... .......... .......... .......... 72% 8.53M 1s
   750K .......... .......... .......... .......... .......... 77%  200K 1s
   800K .......... .......... .......... .......... .......... 81% 1.36M 1s
   850K .......... .......... .......... .......... .......... 86%  237K 1s
   900K .......... .......... .......... .......... .......... 91% 1.28M 0s
   950K .......... .......... .......... .......... .......... 96%  175K 0s
  1000K .......... .......... .......... ........             100% 25.6M=4.5s

226 Transfer complete.
2017-08-26 00:01:08 (229 KB/s) - ‘./domain/root.zone.gz’ saved [1062976]

Remote file is newer than local file ‘./domain/root.zone.gz.md5’ -- retrieving.

--2017-08-26 00:01:08--  ftp://ftp.internic.net/domain/root.zone.gz.md5
           => ‘./domain/root.zone.gz.md5’
==> CWD not required.
--> PASV

227 Entering Passive Mode (192,0,32,9,23,186)
--> RETR root.zone.gz.md5

150 Opening BINARY mode data connection for root.zone.gz.md5 (33 bytes).
Length: 33

     0K                                                       100%  215K=0s

226 Transfer complete.
2017-08-26 00:01:09 (215 KB/s) - ‘./domain/root.zone.gz.md5’ saved [33]

Remote file is newer than local file ‘./domain/root.zone.gz.sig’ -- retrieving.

--2017-08-26 00:01:09--  ftp://ftp.internic.net/domain/root.zone.gz.sig
           => ‘./domain/root.zone.gz.sig’
==> CWD not required.
--> PASV

227 Entering Passive Mode (192,0,32,9,93,151)
--> RETR root.zone.gz.sig

150 Opening BINARY mode data connection for root.zone.gz.sig (72 bytes).
Length: 72

     0K                                                       100%  581K=0s

226 Transfer complete.
2017-08-26 00:01:10 (581 KB/s) - ‘./domain/root.zone.gz.sig’ saved [72]

Remote file is newer than local file ‘./domain/root.zone.md5’ -- retrieving.

--2017-08-26 00:01:10--  ftp://ftp.internic.net/domain/root.zone.md5
           => ‘./domain/root.zone.md5’
==> CWD not required.
--> PASV

227 Entering Passive Mode (192,0,32,9,42,138)
--> RETR root.zone.md5

150 Opening BINARY mode data connection for root.zone.md5 (33 bytes).
Length: 33

     0K                                                       100%  260K=0s

226 Transfer complete.
2017-08-26 00:01:11 (260 KB/s) - ‘./domain/root.zone.md5’ saved [33]

Remote file is newer than local file ‘./domain/root.zone.sig’ -- retrieving.

--2017-08-26 00:01:11--  ftp://ftp.internic.net/domain/root.zone.sig
           => ‘./domain/root.zone.sig’
==> CWD not required.
--> PASV

227 Entering Passive Mode (192,0,32,9,16,189)
--> RETR root.zone.sig

150 Opening BINARY mode data connection for root.zone.sig (72 bytes).
Length: 72

     0K                                                       100%  586K=0s

226 Transfer complete.
2017-08-26 00:01:13 (586 KB/s) - ‘./domain/root.zone.sig’ saved [72]

FINISHED --2017-08-26 00:01:13--
Total wall clock time: 1m 11s
Downloaded: 40 files, 4.0M in 18s (225 KB/s)
