--2017-08-31 00:00:05--  ftp://ftp.internic.net/*
           => ‘./.listing’
Resolving ftp.internic.net (ftp.internic.net)... 192.0.32.9, 2620:0:2d0:200::9
Connecting to ftp.internic.net (ftp.internic.net)|192.0.32.9|:21... connected.
Logging in as anonymous ... 
220 Internic FTP Server
--> USER anonymous

331 Please specify the password.
--> PASS Turtle Power!

230 Login successful.
--> SYST

215 UNIX Type: L8
--> PWD

257 "/"
--> TYPE I

200 Switching to Binary mode.
==> CWD not needed.
--> PASV

227 Entering Passive Mode (192,0,32,9,36,140)
--> LIST -a

150 Here comes the directory listing.

     0K                                                        2.46M=0s

226 Directory send OK.
drwxr-xr-x    3 ftp      ftp          4096 Apr 04  2012 .
drwxr-xr-x    3 ftp      ftp          4096 Apr 04  2012 ..
drwxr-xr-x    2 ftp      ftp          4096 Sep 09  2015 domain
2017-08-31 00:00:09 (2.46 MB/s) - ‘./.listing’ saved [183]

--2017-08-31 00:00:09--  ftp://ftp.internic.net/domain/*
           => ‘./domain/.listing’
--> CWD /domain

250 Directory successfully changed.
--> PASV

227 Entering Passive Mode (192,0,32,9,41,177)
--> LIST -a

150 Here comes the directory listing.

     0K ...                                                     113K=0.03s

226 Directory send OK.
drwxr-xr-x    2 ftp      ftp          4096 Sep 09  2015 .
drwxr-xr-x    3 ftp      ftp          4096 Apr 04  2012 ..
-rw-r--r--    1 ftp      ftp          1829 Aug 18  2015 .listing
-rw-r--r--    1 ftp      ftp          1224 Aug 30 12:37 INTERNIC_ROOT_ZONE.signatures
-rw-r--r--    1 ftp      ftp          1469 Aug 30 12:37 INTERNIC_ROOT_ZONE.signatures.asc
-rw-r--r--    1 ftp      ftp         15228 Aug 30 12:37 arpa.zone
-rw-r--r--    1 ftp      ftp          6637 Aug 30 12:37 arpa.zone.gz
-rw-r--r--    1 ftp      ftp            33 Aug 30 12:37 arpa.zone.gz.md5
-rw-r--r--    1 ftp      ftp            72 Aug 30 12:37 arpa.zone.gz.sig
-rw-r--r--    1 ftp      ftp          3316 Aug 29 13:58 db.cache
-rw-r--r--    1 ftp      ftp            33 Aug 29 13:59 db.cache.md5
-rw-r--r--    1 ftp      ftp            72 Aug 29 13:59 db.cache.sig
-rw-r--r--    1 ftp      ftp        228558 Aug 30 15:40 in-addr.arpa
-rw-r--r--    1 ftp      ftp         90817 Aug 30 15:40 in-addr.arpa.gz
-rw-r--r--    1 ftp      ftp            55 Aug 30 15:40 in-addr.arpa.gz.md5
-rw-r--r--    1 ftp      ftp            90 Aug 30 15:40 in-addr.arpa.gz.sha256
-rw-r--r--    1 ftp      ftp            52 Aug 30 15:40 in-addr.arpa.md5
-rw-r--r--    1 ftp      ftp            87 Aug 30 15:40 in-addr.arpa.sha256
-rw-r--r--    1 ftp      ftp        228558 Aug 30 15:40 in-addr.arpa.zone
-rw-r--r--    1 ftp      ftp         90817 Aug 30 15:40 in-addr.arpa.zone.gz
-rw-r--r--    1 ftp      ftp            60 Aug 30 15:40 in-addr.arpa.zone.gz.md5
-rw-r--r--    1 ftp      ftp            95 Aug 30 15:40 in-addr.arpa.zone.gz.sha256
-rw-r--r--    1 ftp      ftp            57 Aug 30 15:40 in-addr.arpa.zone.md5
-rw-r--r--    1 ftp      ftp            92 Aug 30 15:40 in-addr.arpa.zone.sha256
-rw-r--r--    1 ftp      ftp         61151 Aug 30 15:40 ip6.arpa
-rw-r--r--    1 ftp      ftp         24319 Aug 30 15:40 ip6.arpa.gz
-rw-r--r--    1 ftp      ftp            51 Aug 30 15:40 ip6.arpa.gz.md5
-rw-r--r--    1 ftp      ftp            86 Aug 30 15:40 ip6.arpa.gz.sha256
-rw-r--r--    1 ftp      ftp            48 Aug 30 15:40 ip6.arpa.md5
-rw-r--r--    1 ftp      ftp            83 Aug 30 15:40 ip6.arpa.sha256
-rw-r--r--    1 ftp      ftp         61151 Aug 30 15:40 ip6.arpa.zone
-rw-r--r--    1 ftp      ftp         24319 Aug 30 15:40 ip6.arpa.zone.gz
-rw-r--r--    1 ftp      ftp            56 Aug 30 15:40 ip6.arpa.zone.gz.md5
-rw-r--r--    1 ftp      ftp            91 Aug 30 15:40 ip6.arpa.zone.gz.sha256
-rw-r--r--    1 ftp      ftp            53 Aug 30 15:40 ip6.arpa.zone.md5
-rw-r--r--    1 ftp      ftp            88 Aug 30 15:40 ip6.arpa.zone.sha256
-rw-r--r--    1 ftp      ftp            21 Aug 30 15:40 last_update.txt
-rw-r--r--    1 ftp      ftp          3316 Aug 29 13:58 named.cache
-rw-r--r--    1 ftp      ftp            33 Aug 29 13:59 named.cache.md5
-rw-r--r--    1 ftp      ftp            72 Aug 29 13:59 named.cache.sig
-rw-r--r--    1 ftp      ftp          3316 Aug 29 13:59 named.root
-rw-r--r--    1 ftp      ftp            33 Aug 29 13:59 named.root.md5
-rw-r--r--    1 ftp      ftp            72 Aug 29 13:59 named.root.sig
-rw-r--r--    1 ftp      ftp          2111 Aug 29 13:59 root-servers.net.zone
-rw-r--r--    1 ftp      ftp           574 Aug 29 13:59 root-servers.net.zone.gz
-rw-r--r--    1 ftp      ftp            33 Aug 29 13:59 root-servers.net.zone.gz.md5
-rw-r--r--    1 ftp      ftp            72 Aug 29 13:59 root-servers.net.zone.gz.sig
-rw-r--r--    1 ftp      ftp       2263471 Aug 30 05:16 root.zone
-rw-r--r--    1 ftp      ftp       1062983 Aug 30 05:16 root.zone.gz
-rw-r--r--    1 ftp      ftp            33 Aug 30 05:16 root.zone.gz.md5
-rw-r--r--    1 ftp      ftp            72 Aug 30 05:16 root.zone.gz.sig
-rw-r--r--    1 ftp      ftp            33 Aug 30 05:16 root.zone.md5
-rw-r--r--    1 ftp      ftp            72 Aug 30 05:16 root.zone.sig
2017-08-31 00:00:10 (113 KB/s) - ‘./domain/.listing’ saved [3930]

The sizes do not match (local 3930) -- retrieving.

--2017-08-31 00:00:10--  ftp://ftp.internic.net/domain/.listing
           => ‘./domain/.listing’
==> CWD not required.
--> PASV

227 Entering Passive Mode (192,0,32,9,42,88)
--> RETR .listing

150 Opening BINARY mode data connection for .listing (1829 bytes).
Length: 1829 (1.8K)

     0K .                                                     100% 25.7M=0s

226 Transfer complete.
2017-08-31 00:00:11 (25.7 MB/s) - ‘./domain/.listing’ saved [1829]

Remote file is newer than local file ‘./domain/INTERNIC_ROOT_ZONE.signatures’ -- retrieving.

--2017-08-31 00:00:11--  ftp://ftp.internic.net/domain/INTERNIC_ROOT_ZONE.signatures
           => ‘./domain/INTERNIC_ROOT_ZONE.signatures’
==> CWD not required.
--> PASV

227 Entering Passive Mode (192,0,32,9,41,60)
--> RETR INTERNIC_ROOT_ZONE.signatures

150 Opening BINARY mode data connection for INTERNIC_ROOT_ZONE.signatures (1224 bytes).
Length: 1224 (1.2K)

     0K .                                                     100% 12.8M=0s

226 Transfer complete.
2017-08-31 00:00:12 (12.8 MB/s) - ‘./domain/INTERNIC_ROOT_ZONE.signatures’ saved [1224]

Remote file is newer than local file ‘./domain/INTERNIC_ROOT_ZONE.signatures.asc’ -- retrieving.

--2017-08-31 00:00:12--  ftp://ftp.internic.net/domain/INTERNIC_ROOT_ZONE.signatures.asc
           => ‘./domain/INTERNIC_ROOT_ZONE.signatures.asc’
==> CWD not required.
--> PASV

227 Entering Passive Mode (192,0,32,9,207,247)
--> RETR INTERNIC_ROOT_ZONE.signatures.asc

150 Opening BINARY mode data connection for INTERNIC_ROOT_ZONE.signatures.asc (1469 bytes).
Length: 1469 (1.4K)

     0K .                                                     100% 21.2M=0s

226 Transfer complete.
2017-08-31 00:00:13 (21.2 MB/s) - ‘./domain/INTERNIC_ROOT_ZONE.signatures.asc’ saved [1469]

Remote file is newer than local file ‘./domain/arpa.zone’ -- retrieving.

--2017-08-31 00:00:13--  ftp://ftp.internic.net/domain/arpa.zone
           => ‘./domain/arpa.zone’
==> CWD not required.
--> PASV

227 Entering Passive Mode (192,0,32,9,45,104)
--> RETR arpa.zone

150 Opening BINARY mode data connection for arpa.zone (15228 bytes).
Length: 15228 (15K)

     0K .......... ....                                       100% 1.04M=0.01s

226 Transfer complete.
2017-08-31 00:00:14 (1.04 MB/s) - ‘./domain/arpa.zone’ saved [15228]

The sizes do not match (local 6641) -- retrieving.

--2017-08-31 00:00:14--  ftp://ftp.internic.net/domain/arpa.zone.gz
           => ‘./domain/arpa.zone.gz’
==> CWD not required.
--> PASV

227 Entering Passive Mode (192,0,32,9,215,226)
--> RETR arpa.zone.gz

150 Opening BINARY mode data connection for arpa.zone.gz (6637 bytes).
Length: 6637 (6.5K)

     0K ......                                                100% 95.9M=0s

226 Transfer complete.
2017-08-31 00:00:15 (95.9 MB/s) - ‘./domain/arpa.zone.gz’ saved [6637]

Remote file is newer than local file ‘./domain/arpa.zone.gz.md5’ -- retrieving.

--2017-08-31 00:00:15--  ftp://ftp.internic.net/domain/arpa.zone.gz.md5
           => ‘./domain/arpa.zone.gz.md5’
==> CWD not required.
--> PASV

227 Entering Passive Mode (192,0,32,9,205,181)
--> RETR arpa.zone.gz.md5

150 Opening BINARY mode data connection for arpa.zone.gz.md5 (33 bytes).
Length: 33

     0K                                                       100%  474K=0s

226 Transfer complete.
2017-08-31 00:00:16 (474 KB/s) - ‘./domain/arpa.zone.gz.md5’ saved [33]

Remote file is newer than local file ‘./domain/arpa.zone.gz.sig’ -- retrieving.

--2017-08-31 00:00:16--  ftp://ftp.internic.net/domain/arpa.zone.gz.sig
           => ‘./domain/arpa.zone.gz.sig’
==> CWD not required.
--> PASV

227 Entering Passive Mode (192,0,32,9,69,7)
--> RETR arpa.zone.gz.sig

150 Opening BINARY mode data connection for arpa.zone.gz.sig (72 bytes).
Length: 72

     0K                                                       100% 1.01M=0s

226 Transfer complete.
2017-08-31 00:00:17 (1.01 MB/s) - ‘./domain/arpa.zone.gz.sig’ saved [72]

Remote file no newer than local file ‘./domain/db.cache’ -- not retrieving.
Remote file no newer than local file ‘./domain/db.cache.md5’ -- not retrieving.
Remote file no newer than local file ‘./domain/db.cache.sig’ -- not retrieving.
Remote file is newer than local file ‘./domain/in-addr.arpa’ -- retrieving.

--2017-08-31 00:00:17--  ftp://ftp.internic.net/domain/in-addr.arpa
           => ‘./domain/in-addr.arpa’
==> CWD not required.
--> PASV

227 Entering Passive Mode (192,0,32,9,6,222)
--> RETR in-addr.arpa

150 Opening BINARY mode data connection for in-addr.arpa (228558 bytes).
Length: 228558 (223K)

     0K .......... .......... .......... .......... .......... 22%  116K 1s
    50K .......... .......... .......... .......... .......... 44%  210K 1s
   100K .......... .......... .......... .......... .......... 67%  173K 0s
   150K .......... .......... .......... .......... .......... 89% 34.0M 0s
   200K .......... .......... ...                             100% 92.0K=1.2s

226 Transfer complete.
2017-08-31 00:00:19 (184 KB/s) - ‘./domain/in-addr.arpa’ saved [228558]

Remote file is newer than local file ‘./domain/in-addr.arpa.gz’ -- retrieving.

--2017-08-31 00:00:19--  ftp://ftp.internic.net/domain/in-addr.arpa.gz
           => ‘./domain/in-addr.arpa.gz’
==> CWD not required.
--> PASV

227 Entering Passive Mode (192,0,32,9,14,81)
--> RETR in-addr.arpa.gz

150 Opening BINARY mode data connection for in-addr.arpa.gz (90817 bytes).
Length: 90817 (89K)

     0K .......... .......... .......... .......... .......... 56% 99.6K 0s
    50K .......... .......... .......... ........             100%  149K=0.8s

226 Transfer complete.
2017-08-31 00:00:21 (116 KB/s) - ‘./domain/in-addr.arpa.gz’ saved [90817]

Remote file is newer than local file ‘./domain/in-addr.arpa.gz.md5’ -- retrieving.

--2017-08-31 00:00:21--  ftp://ftp.internic.net/domain/in-addr.arpa.gz.md5
           => ‘./domain/in-addr.arpa.gz.md5’
==> CWD not required.
--> PASV

227 Entering Passive Mode (192,0,32,9,42,66)
--> RETR in-addr.arpa.gz.md5

150 Opening BINARY mode data connection for in-addr.arpa.gz.md5 (55 bytes).
Length: 55

     0K                                                       100%  778K=0s

226 Transfer complete.
2017-08-31 00:00:22 (778 KB/s) - ‘./domain/in-addr.arpa.gz.md5’ saved [55]

Remote file is newer than local file ‘./domain/in-addr.arpa.gz.sha256’ -- retrieving.

--2017-08-31 00:00:22--  ftp://ftp.internic.net/domain/in-addr.arpa.gz.sha256
           => ‘./domain/in-addr.arpa.gz.sha256’
==> CWD not required.
--> PASV

227 Entering Passive Mode (192,0,32,9,185,22)
--> RETR in-addr.arpa.gz.sha256

150 Opening BINARY mode data connection for in-addr.arpa.gz.sha256 (90 bytes).
Length: 90

     0K                                                       100%  221K=0s

226 Transfer complete.
2017-08-31 00:00:23 (221 KB/s) - ‘./domain/in-addr.arpa.gz.sha256’ saved [90]

Remote file is newer than local file ‘./domain/in-addr.arpa.md5’ -- retrieving.

--2017-08-31 00:00:23--  ftp://ftp.internic.net/domain/in-addr.arpa.md5
           => ‘./domain/in-addr.arpa.md5’
==> CWD not required.
--> PASV

227 Entering Passive Mode (192,0,32,9,209,67)
--> RETR in-addr.arpa.md5

150 Opening BINARY mode data connection for in-addr.arpa.md5 (52 bytes).
Length: 52

     0K                                                       100%  747K=0s

226 Transfer complete.
2017-08-31 00:00:24 (747 KB/s) - ‘./domain/in-addr.arpa.md5’ saved [52]

Remote file is newer than local file ‘./domain/in-addr.arpa.sha256’ -- retrieving.

--2017-08-31 00:00:24--  ftp://ftp.internic.net/domain/in-addr.arpa.sha256
           => ‘./domain/in-addr.arpa.sha256’
==> CWD not required.
--> PASV

227 Entering Passive Mode (192,0,32,9,41,220)
--> RETR in-addr.arpa.sha256

150 Opening BINARY mode data connection for in-addr.arpa.sha256 (87 bytes).
Length: 87

     0K                                                       100%  825K=0s

226 Transfer complete.
2017-08-31 00:00:25 (825 KB/s) - ‘./domain/in-addr.arpa.sha256’ saved [87]

Remote file is newer than local file ‘./domain/in-addr.arpa.zone’ -- retrieving.

--2017-08-31 00:00:25--  ftp://ftp.internic.net/domain/in-addr.arpa.zone
           => ‘./domain/in-addr.arpa.zone’
==> CWD not required.
--> PASV

227 Entering Passive Mode (192,0,32,9,84,246)
--> RETR in-addr.arpa.zone

150 Opening BINARY mode data connection for in-addr.arpa.zone (228558 bytes).
Length: 228558 (223K)

     0K .......... .......... .......... .......... .......... 22% 63.7K 3s
    50K .......... .......... .......... .......... .......... 44%  194K 1s
   100K .......... .......... .......... .......... .......... 67%  227K 1s
   150K .......... .......... .......... .......... .......... 89%  207K 0s
   200K .......... .......... ...                             100%  113K=1.7s

226 Transfer complete.
2017-08-31 00:00:28 (130 KB/s) - ‘./domain/in-addr.arpa.zone’ saved [228558]

Remote file is newer than local file ‘./domain/in-addr.arpa.zone.gz’ -- retrieving.

--2017-08-31 00:00:28--  ftp://ftp.internic.net/domain/in-addr.arpa.zone.gz
           => ‘./domain/in-addr.arpa.zone.gz’
==> CWD not required.
--> PASV

227 Entering Passive Mode (192,0,32,9,42,114)
--> RETR in-addr.arpa.zone.gz

150 Opening BINARY mode data connection for in-addr.arpa.zone.gz (90817 bytes).
Length: 90817 (89K)

     0K .......... .......... .......... .......... .......... 56%  112K 0s
    50K .......... .......... .......... ........             100%  167K=0.7s

226 Transfer complete.
2017-08-31 00:00:30 (131 KB/s) - ‘./domain/in-addr.arpa.zone.gz’ saved [90817]

Remote file is newer than local file ‘./domain/in-addr.arpa.zone.gz.md5’ -- retrieving.

--2017-08-31 00:00:30--  ftp://ftp.internic.net/domain/in-addr.arpa.zone.gz.md5
           => ‘./domain/in-addr.arpa.zone.gz.md5’
==> CWD not required.
--> PASV

227 Entering Passive Mode (192,0,32,9,41,171)
--> RETR in-addr.arpa.zone.gz.md5

150 Opening BINARY mode data connection for in-addr.arpa.zone.gz.md5 (60 bytes).
Length: 60

     0K                                                       100%  916K=0s

226 Transfer complete.
2017-08-31 00:00:31 (916 KB/s) - ‘./domain/in-addr.arpa.zone.gz.md5’ saved [60]

Remote file is newer than local file ‘./domain/in-addr.arpa.zone.gz.sha256’ -- retrieving.

--2017-08-31 00:00:31--  ftp://ftp.internic.net/domain/in-addr.arpa.zone.gz.sha256
           => ‘./domain/in-addr.arpa.zone.gz.sha256’
==> CWD not required.
--> PASV

227 Entering Passive Mode (192,0,32,9,56,192)
--> RETR in-addr.arpa.zone.gz.sha256

150 Opening BINARY mode data connection for in-addr.arpa.zone.gz.sha256 (95 bytes).
Length: 95

     0K                                                       100% 1.31M=0s

226 Transfer complete.
2017-08-31 00:00:32 (1.31 MB/s) - ‘./domain/in-addr.arpa.zone.gz.sha256’ saved [95]

Remote file is newer than local file ‘./domain/in-addr.arpa.zone.md5’ -- retrieving.

--2017-08-31 00:00:32--  ftp://ftp.internic.net/domain/in-addr.arpa.zone.md5
           => ‘./domain/in-addr.arpa.zone.md5’
==> CWD not required.
--> PASV

227 Entering Passive Mode (192,0,32,9,223,93)
--> RETR in-addr.arpa.zone.md5

150 Opening BINARY mode data connection for in-addr.arpa.zone.md5 (57 bytes).
Length: 57

     0K                                                       100%  831K=0s

226 Transfer complete.
2017-08-31 00:00:33 (831 KB/s) - ‘./domain/in-addr.arpa.zone.md5’ saved [57]

Remote file is newer than local file ‘./domain/in-addr.arpa.zone.sha256’ -- retrieving.

--2017-08-31 00:00:33--  ftp://ftp.internic.net/domain/in-addr.arpa.zone.sha256
           => ‘./domain/in-addr.arpa.zone.sha256’
==> CWD not required.
--> PASV

227 Entering Passive Mode (192,0,32,9,56,202)
--> RETR in-addr.arpa.zone.sha256

150 Opening BINARY mode data connection for in-addr.arpa.zone.sha256 (92 bytes).
Length: 92

     0K                                                       100% 34.6K=0.003s

226 Transfer complete.
2017-08-31 00:00:34 (34.6 KB/s) - ‘./domain/in-addr.arpa.zone.sha256’ saved [92]

Remote file is newer than local file ‘./domain/ip6.arpa’ -- retrieving.

--2017-08-31 00:00:34--  ftp://ftp.internic.net/domain/ip6.arpa
           => ‘./domain/ip6.arpa’
==> CWD not required.
--> PASV

227 Entering Passive Mode (192,0,32,9,9,81)
--> RETR ip6.arpa

150 Opening BINARY mode data connection for ip6.arpa (61151 bytes).
Length: 61151 (60K)

     0K .......... .......... .......... .......... .......... 83%  115K 0s
    50K .........                                             100%  500K=0.5s

226 Transfer complete.
2017-08-31 00:00:35 (132 KB/s) - ‘./domain/ip6.arpa’ saved [61151]

Remote file is newer than local file ‘./domain/ip6.arpa.gz’ -- retrieving.

--2017-08-31 00:00:35--  ftp://ftp.internic.net/domain/ip6.arpa.gz
           => ‘./domain/ip6.arpa.gz’
==> CWD not required.
--> PASV

227 Entering Passive Mode (192,0,32,9,8,26)
--> RETR ip6.arpa.gz

150 Opening BINARY mode data connection for ip6.arpa.gz (24319 bytes).
Length: 24319 (24K)

     0K .......... .......... ...                             100% 78.0K=0.3s

226 Transfer complete.
2017-08-31 00:00:37 (78.0 KB/s) - ‘./domain/ip6.arpa.gz’ saved [24319]

Remote file is newer than local file ‘./domain/ip6.arpa.gz.md5’ -- retrieving.

--2017-08-31 00:00:37--  ftp://ftp.internic.net/domain/ip6.arpa.gz.md5
           => ‘./domain/ip6.arpa.gz.md5’
==> CWD not required.
--> PASV

227 Entering Passive Mode (192,0,32,9,41,60)
--> RETR ip6.arpa.gz.md5

150 Opening BINARY mode data connection for ip6.arpa.gz.md5 (51 bytes).
Length: 51

     0K                                                       100%  701K=0s

226 Transfer complete.
2017-08-31 00:00:38 (701 KB/s) - ‘./domain/ip6.arpa.gz.md5’ saved [51]

Remote file is newer than local file ‘./domain/ip6.arpa.gz.sha256’ -- retrieving.

--2017-08-31 00:00:38--  ftp://ftp.internic.net/domain/ip6.arpa.gz.sha256
           => ‘./domain/ip6.arpa.gz.sha256’
==> CWD not required.
--> PASV

227 Entering Passive Mode (192,0,32,9,114,128)
--> RETR ip6.arpa.gz.sha256

150 Opening BINARY mode data connection for ip6.arpa.gz.sha256 (86 bytes).
Length: 86

     0K                                                       100% 1.19M=0s

226 Transfer complete.
2017-08-31 00:00:39 (1.19 MB/s) - ‘./domain/ip6.arpa.gz.sha256’ saved [86]

Remote file is newer than local file ‘./domain/ip6.arpa.md5’ -- retrieving.

--2017-08-31 00:00:39--  ftp://ftp.internic.net/domain/ip6.arpa.md5
           => ‘./domain/ip6.arpa.md5’
==> CWD not required.
--> PASV

227 Entering Passive Mode (192,0,32,9,237,95)
--> RETR ip6.arpa.md5

150 Opening BINARY mode data connection for ip6.arpa.md5 (48 bytes).
Length: 48

     0K                                                       100%  586K=0s

226 Transfer complete.
2017-08-31 00:00:40 (586 KB/s) - ‘./domain/ip6.arpa.md5’ saved [48]

Remote file is newer than local file ‘./domain/ip6.arpa.sha256’ -- retrieving.

--2017-08-31 00:00:40--  ftp://ftp.internic.net/domain/ip6.arpa.sha256
           => ‘./domain/ip6.arpa.sha256’
==> CWD not required.
--> PASV

227 Entering Passive Mode (192,0,32,9,41,81)
--> RETR ip6.arpa.sha256

150 Opening BINARY mode data connection for ip6.arpa.sha256 (83 bytes).
Length: 83

     0K                                                       100% 1.18M=0s

226 Transfer complete.
2017-08-31 00:00:41 (1.18 MB/s) - ‘./domain/ip6.arpa.sha256’ saved [83]

Remote file is newer than local file ‘./domain/ip6.arpa.zone’ -- retrieving.

--2017-08-31 00:00:41--  ftp://ftp.internic.net/domain/ip6.arpa.zone
           => ‘./domain/ip6.arpa.zone’
==> CWD not required.
--> PASV

227 Entering Passive Mode (192,0,32,9,132,49)
--> RETR ip6.arpa.zone

150 Opening BINARY mode data connection for ip6.arpa.zone (61151 bytes).
Length: 61151 (60K)

     0K .......... .......... .......... .......... .......... 83% 69.3K 0s
    50K .........                                             100% 47.2M=0.7s

226 Transfer complete.
2017-08-31 00:00:42 (82.7 KB/s) - ‘./domain/ip6.arpa.zone’ saved [61151]

Remote file is newer than local file ‘./domain/ip6.arpa.zone.gz’ -- retrieving.

--2017-08-31 00:00:42--  ftp://ftp.internic.net/domain/ip6.arpa.zone.gz
           => ‘./domain/ip6.arpa.zone.gz’
==> CWD not required.
--> PASV

227 Entering Passive Mode (192,0,32,9,79,0)
--> RETR ip6.arpa.zone.gz

150 Opening BINARY mode data connection for ip6.arpa.zone.gz (24319 bytes).
Length: 24319 (24K)

     0K .......... .......... ...                             100% 87.1K=0.3s

226 Transfer complete.
2017-08-31 00:00:44 (87.1 KB/s) - ‘./domain/ip6.arpa.zone.gz’ saved [24319]

Remote file is newer than local file ‘./domain/ip6.arpa.zone.gz.md5’ -- retrieving.

--2017-08-31 00:00:44--  ftp://ftp.internic.net/domain/ip6.arpa.zone.gz.md5
           => ‘./domain/ip6.arpa.zone.gz.md5’
==> CWD not required.
--> PASV

227 Entering Passive Mode (192,0,32,9,176,82)
--> RETR ip6.arpa.zone.gz.md5

150 Opening BINARY mode data connection for ip6.arpa.zone.gz.md5 (56 bytes).
Length: 56

     0K                                                       100%  720K=0s

226 Transfer complete.
2017-08-31 00:00:45 (720 KB/s) - ‘./domain/ip6.arpa.zone.gz.md5’ saved [56]

Remote file is newer than local file ‘./domain/ip6.arpa.zone.gz.sha256’ -- retrieving.

--2017-08-31 00:00:45--  ftp://ftp.internic.net/domain/ip6.arpa.zone.gz.sha256
           => ‘./domain/ip6.arpa.zone.gz.sha256’
==> CWD not required.
--> PASV

227 Entering Passive Mode (192,0,32,9,11,179)
--> RETR ip6.arpa.zone.gz.sha256

150 Opening BINARY mode data connection for ip6.arpa.zone.gz.sha256 (91 bytes).
Length: 91

     0K                                                       100% 1.16M=0s

226 Transfer complete.
2017-08-31 00:00:46 (1.16 MB/s) - ‘./domain/ip6.arpa.zone.gz.sha256’ saved [91]

Remote file is newer than local file ‘./domain/ip6.arpa.zone.md5’ -- retrieving.

--2017-08-31 00:00:46--  ftp://ftp.internic.net/domain/ip6.arpa.zone.md5
           => ‘./domain/ip6.arpa.zone.md5’
==> CWD not required.
--> PASV

227 Entering Passive Mode (192,0,32,9,29,37)
--> RETR ip6.arpa.zone.md5

150 Opening BINARY mode data connection for ip6.arpa.zone.md5 (53 bytes).
Length: 53

     0K                                                       100%  822K=0s

226 Transfer complete.
2017-08-31 00:00:47 (822 KB/s) - ‘./domain/ip6.arpa.zone.md5’ saved [53]

Remote file is newer than local file ‘./domain/ip6.arpa.zone.sha256’ -- retrieving.

--2017-08-31 00:00:47--  ftp://ftp.internic.net/domain/ip6.arpa.zone.sha256
           => ‘./domain/ip6.arpa.zone.sha256’
==> CWD not required.
--> PASV

227 Entering Passive Mode (192,0,32,9,42,31)
--> RETR ip6.arpa.zone.sha256

150 Opening BINARY mode data connection for ip6.arpa.zone.sha256 (88 bytes).
Length: 88

     0K                                                       100% 1.33M=0s

226 Transfer complete.
2017-08-31 00:00:48 (1.33 MB/s) - ‘./domain/ip6.arpa.zone.sha256’ saved [88]

Remote file is newer than local file ‘./domain/last_update.txt’ -- retrieving.

--2017-08-31 00:00:48--  ftp://ftp.internic.net/domain/last_update.txt
           => ‘./domain/last_update.txt’
==> CWD not required.
--> PASV

227 Entering Passive Mode (192,0,32,9,41,214)
--> RETR last_update.txt

150 Opening BINARY mode data connection for last_update.txt (21 bytes).
Length: 21

     0K                                                       100%  247K=0s

226 Transfer complete.
2017-08-31 00:00:50 (247 KB/s) - ‘./domain/last_update.txt’ saved [21]

Remote file no newer than local file ‘./domain/named.cache’ -- not retrieving.
Remote file no newer than local file ‘./domain/named.cache.md5’ -- not retrieving.
Remote file no newer than local file ‘./domain/named.cache.sig’ -- not retrieving.
Remote file no newer than local file ‘./domain/named.root’ -- not retrieving.
Remote file no newer than local file ‘./domain/named.root.md5’ -- not retrieving.
Remote file no newer than local file ‘./domain/named.root.sig’ -- not retrieving.
Remote file no newer than local file ‘./domain/root-servers.net.zone’ -- not retrieving.
Remote file no newer than local file ‘./domain/root-servers.net.zone.gz’ -- not retrieving.
Remote file no newer than local file ‘./domain/root-servers.net.zone.gz.md5’ -- not retrieving.
Remote file no newer than local file ‘./domain/root-servers.net.zone.gz.sig’ -- not retrieving.
Remote file is newer than local file ‘./domain/root.zone’ -- retrieving.

--2017-08-31 00:00:50--  ftp://ftp.internic.net/domain/root.zone
           => ‘./domain/root.zone’
==> CWD not required.
--> PASV

227 Entering Passive Mode (192,0,32,9,72,173)
--> RETR root.zone

150 Opening BINARY mode data connection for root.zone (2263471 bytes).
Length: 2263471 (2.2M)

     0K .......... .......... .......... .......... ..........  2% 91.7K 24s
    50K .......... .......... .......... .......... ..........  4%  196K 17s
   100K .......... .......... .......... .......... ..........  6% 66.8K 21s
   150K .......... .......... .......... .......... ..........  9% 91.4K 21s
   200K .......... .......... .......... .......... .......... 11% 72.7K 22s
   250K .......... .......... .......... .......... .......... 13% 36.4K 26s
   300K .......... .......... .......... .......... .......... 15% 34.7K 30s
   350K .......... .......... .......... .......... .......... 18% 50.4K 30s
   400K .......... .......... .......... .......... .......... 20% 41.7K 30s
   450K .......... .......... .......... .......... .......... 22% 41.7K 31s
   500K .......... .......... .......... .......... .......... 24% 64.9K 29s
   550K .......... .......... .......... .......... .......... 27% 50.2K 29s
   600K .......... .......... .......... .......... .......... 29% 48.9K 28s
   650K .......... .......... .......... .......... .......... 31% 55.7K 27s
   700K .......... .......... .......... .......... .......... 33% 66.7K 26s
   750K .......... .......... .......... .......... .......... 36% 62.9K 25s
   800K .......... .......... .......... .......... .......... 38% 66.9K 24s
   850K .......... .......... .......... .......... .......... 40% 61.2K 23s
   900K .......... .......... .......... .......... .......... 42% 72.2K 22s
   950K .......... .......... .......... .......... .......... 45% 72.2K 21s
  1000K .......... .......... .......... .......... .......... 47% 53.9K 20s
  1050K .......... .......... .......... .......... .......... 49% 53.1K 19s
  1100K .......... .......... .......... .......... .......... 52% 70.2K 18s
  1150K .......... .......... .......... .......... .......... 54% 54.2K 17s
  1200K .......... .......... .......... .......... .......... 56% 72.3K 16s
  1250K .......... .......... .......... .......... .......... 58% 61.7K 16s
  1300K .......... .......... .......... .......... .......... 61% 60.7K 15s
  1350K .......... .......... .......... .......... .......... 63% 52.7K 14s
  1400K .......... .......... .......... .......... .......... 65% 54.7K 13s
  1450K .......... .......... .......... .......... .......... 67% 67.2K 12s
  1500K .......... .......... .......... .......... .......... 70% 74.0K 11s
  1550K .......... .......... .......... .......... .......... 72% 96.1K 10s
  1600K .......... .......... .......... .......... .......... 74%  106K 9s
  1650K .......... .......... .......... .......... .......... 76% 79.0K 8s
  1700K .......... .......... .......... .......... .......... 79% 98.5K 7s
  1750K .......... .......... .......... .......... .......... 81% 71.2K 7s
  1800K .......... .......... .......... .......... .......... 83% 55.2K 6s
  1850K .......... .......... .......... .......... .......... 85% 75.1K 5s
  1900K .......... .......... .......... .......... .......... 88% 70.6K 4s
  1950K .......... .......... .......... .......... .......... 90% 53.7K 3s
  2000K .......... .......... .......... .......... .......... 92% 72.3K 3s
  2050K .......... .......... .......... .......... .......... 95% 70.3K 2s
  2100K .......... .......... .......... .......... .......... 97% 55.7K 1s
  2150K .......... .......... .......... .......... .......... 99% 71.3K 0s
  2200K ..........                                            100% 42.9K=36s

226 Transfer complete.
2017-08-31 00:01:26 (62.2 KB/s) - ‘./domain/root.zone’ saved [2263471]

The sizes do not match (local 1062979) -- retrieving.

--2017-08-31 00:01:26--  ftp://ftp.internic.net/domain/root.zone.gz
           => ‘./domain/root.zone.gz’
==> CWD not required.
--> PASV

227 Entering Passive Mode (192,0,32,9,186,245)
--> RETR root.zone.gz

150 Opening BINARY mode data connection for root.zone.gz (1062983 bytes).
Length: 1062983 (1.0M)

     0K .......... .......... .......... .......... ..........  4% 70.5K 14s
    50K .......... .......... .......... .......... ..........  9%  102K 11s
   100K .......... .......... .......... .......... .......... 14% 73.7K 11s
   150K .......... .......... .......... .......... .......... 19%  108K 10s
   200K .......... .......... .......... .......... .......... 24%  102K 9s
   250K .......... .......... .......... .......... .......... 28%  104K 8s
   300K .......... .......... .......... .......... .......... 33% 69.9K 8s
   350K .......... .......... .......... .......... .......... 38%  121K 7s
   400K .......... .......... .......... .......... .......... 43% 96.1K 6s
   450K .......... .......... .......... .......... .......... 48%  110K 6s
   500K .......... .......... .......... .......... .......... 52%  108K 5s
   550K .......... .......... .......... .......... .......... 57%  107K 5s
   600K .......... .......... .......... .......... .......... 62%  112K 4s
   650K .......... .......... .......... .......... .......... 67%  108K 4s
   700K .......... .......... .......... .......... .......... 72%  109K 3s
   750K .......... .......... .......... .......... .......... 77%  112K 2s
   800K .......... .......... .......... .......... .......... 81% 70.2K 2s
   850K .......... .......... .......... .......... .......... 86% 3.09M 1s
   900K .......... .......... .......... .......... .......... 91%  102K 1s
   950K .......... .......... .......... .......... .......... 96% 71.1K 0s
  1000K .......... .......... .......... ........             100% 36.1M=10s

226 Transfer complete.
2017-08-31 00:01:37 (103 KB/s) - ‘./domain/root.zone.gz’ saved [1062983]

Remote file is newer than local file ‘./domain/root.zone.gz.md5’ -- retrieving.

--2017-08-31 00:01:37--  ftp://ftp.internic.net/domain/root.zone.gz.md5
           => ‘./domain/root.zone.gz.md5’
==> CWD not required.
--> PASV

227 Entering Passive Mode (192,0,32,9,215,111)
--> RETR root.zone.gz.md5

150 Opening BINARY mode data connection for root.zone.gz.md5 (33 bytes).
Length: 33

     0K                                                       100%  448K=0s

226 Transfer complete.
2017-08-31 00:01:39 (448 KB/s) - ‘./domain/root.zone.gz.md5’ saved [33]

Remote file is newer than local file ‘./domain/root.zone.gz.sig’ -- retrieving.

--2017-08-31 00:01:39--  ftp://ftp.internic.net/domain/root.zone.gz.sig
           => ‘./domain/root.zone.gz.sig’
==> CWD not required.
--> PASV

227 Entering Passive Mode (192,0,32,9,85,23)
--> RETR root.zone.gz.sig

150 Opening BINARY mode data connection for root.zone.gz.sig (72 bytes).
Length: 72

     0K                                                       100% 1.02M=0s

226 Transfer complete.
2017-08-31 00:01:41 (1.02 MB/s) - ‘./domain/root.zone.gz.sig’ saved [72]

Remote file is newer than local file ‘./domain/root.zone.md5’ -- retrieving.

--2017-08-31 00:01:41--  ftp://ftp.internic.net/domain/root.zone.md5
           => ‘./domain/root.zone.md5’
==> CWD not required.
--> PASV

227 Entering Passive Mode (192,0,32,9,42,120)
--> RETR root.zone.md5

150 Opening BINARY mode data connection for root.zone.md5 (33 bytes).
Length: 33

     0K                                                       100%  413K=0s

226 Transfer complete.
2017-08-31 00:01:42 (413 KB/s) - ‘./domain/root.zone.md5’ saved [33]

Remote file is newer than local file ‘./domain/root.zone.sig’ -- retrieving.

--2017-08-31 00:01:42--  ftp://ftp.internic.net/domain/root.zone.sig
           => ‘./domain/root.zone.sig’
==> CWD not required.
--> PASV

227 Entering Passive Mode (192,0,32,9,41,76)
--> RETR root.zone.sig

150 Opening BINARY mode data connection for root.zone.sig (72 bytes).
Length: 72

     0K                                                       100%  990K=0s

226 Transfer complete.
2017-08-31 00:01:43 (990 KB/s) - ‘./domain/root.zone.sig’ saved [72]

FINISHED --2017-08-31 00:01:43--
Total wall clock time: 1m 38s
Downloaded: 40 files, 4.0M in 52s (78.6 KB/s)
