--2017-07-10 00:00:02--  ftp://ftp.internic.net/*
           => ‘./.listing’
Resolving ftp.internic.net (ftp.internic.net)... 192.0.32.9, 2620:0:2d0:200::9
Connecting to ftp.internic.net (ftp.internic.net)|192.0.32.9|:21... connected.
Logging in as anonymous ... 
220 Internic FTP Server
--> USER anonymous

331 Please specify the password.
--> PASS Turtle Power!

230 Login successful.
--> SYST

215 UNIX Type: L8
--> PWD

257 "/"
--> TYPE I

200 Switching to Binary mode.
==> CWD not needed.
--> PASV

227 Entering Passive Mode (192,0,32,9,41,184)
--> LIST -a

150 Here comes the directory listing.

     0K                                                        3.06M=0s

226 Directory send OK.
drwxr-xr-x    3 ftp      ftp          4096 Apr 04  2012 .
drwxr-xr-x    3 ftp      ftp          4096 Apr 04  2012 ..
drwxr-xr-x    2 ftp      ftp          4096 Sep 09  2015 domain
2017-07-10 00:00:06 (3.06 MB/s) - ‘./.listing’ saved [183]

--2017-07-10 00:00:06--  ftp://ftp.internic.net/domain/*
           => ‘./domain/.listing’
--> CWD /domain

250 Directory successfully changed.
--> PASV

227 Entering Passive Mode (192,0,32,9,42,30)
--> LIST -a

150 Here comes the directory listing.

     0K ...                                                    39.0M=0s

226 Directory send OK.
drwxr-xr-x    2 ftp      ftp          4096 Sep 09  2015 .
drwxr-xr-x    3 ftp      ftp          4096 Apr 04  2012 ..
-rw-r--r--    1 ftp      ftp          1829 Aug 18  2015 .listing
-rw-r--r--    1 ftp      ftp          1224 Jul 09 12:36 INTERNIC_ROOT_ZONE.signatures
-rw-r--r--    1 ftp      ftp          1469 Jul 09 12:36 INTERNIC_ROOT_ZONE.signatures.asc
-rw-r--r--    1 ftp      ftp         15438 Jul 09 12:36 arpa.zone
-rw-r--r--    1 ftp      ftp          6785 Jul 09 12:36 arpa.zone.gz
-rw-r--r--    1 ftp      ftp            33 Jul 09 12:36 arpa.zone.gz.md5
-rw-r--r--    1 ftp      ftp            72 Jul 09 12:36 arpa.zone.gz.sig
-rw-r--r--    1 ftp      ftp          3289 Jun 01 15:27 db.cache
-rw-r--r--    1 ftp      ftp            33 Jun 01 15:27 db.cache.md5
-rw-r--r--    1 ftp      ftp            72 Jun 01 15:27 db.cache.sig
-rw-r--r--    1 ftp      ftp        228753 Jul 09 15:40 in-addr.arpa
-rw-r--r--    1 ftp      ftp         90623 Jul 09 15:40 in-addr.arpa.gz
-rw-r--r--    1 ftp      ftp            55 Jul 09 15:40 in-addr.arpa.gz.md5
-rw-r--r--    1 ftp      ftp            90 Jul 09 15:40 in-addr.arpa.gz.sha256
-rw-r--r--    1 ftp      ftp            52 Jul 09 15:40 in-addr.arpa.md5
-rw-r--r--    1 ftp      ftp            87 Jul 09 15:40 in-addr.arpa.sha256
-rw-r--r--    1 ftp      ftp        228753 Jul 09 15:40 in-addr.arpa.zone
-rw-r--r--    1 ftp      ftp         90623 Jul 09 15:40 in-addr.arpa.zone.gz
-rw-r--r--    1 ftp      ftp            60 Jul 09 15:40 in-addr.arpa.zone.gz.md5
-rw-r--r--    1 ftp      ftp            95 Jul 09 15:40 in-addr.arpa.zone.gz.sha256
-rw-r--r--    1 ftp      ftp            57 Jul 09 15:40 in-addr.arpa.zone.md5
-rw-r--r--    1 ftp      ftp            92 Jul 09 15:40 in-addr.arpa.zone.sha256
-rw-r--r--    1 ftp      ftp         61264 Jul 09 15:40 ip6.arpa
-rw-r--r--    1 ftp      ftp         24351 Jul 09 15:40 ip6.arpa.gz
-rw-r--r--    1 ftp      ftp            51 Jul 09 15:40 ip6.arpa.gz.md5
-rw-r--r--    1 ftp      ftp            86 Jul 09 15:40 ip6.arpa.gz.sha256
-rw-r--r--    1 ftp      ftp            48 Jul 09 15:40 ip6.arpa.md5
-rw-r--r--    1 ftp      ftp            83 Jul 09 15:40 ip6.arpa.sha256
-rw-r--r--    1 ftp      ftp         61264 Jul 09 15:40 ip6.arpa.zone
-rw-r--r--    1 ftp      ftp         24351 Jul 09 15:40 ip6.arpa.zone.gz
-rw-r--r--    1 ftp      ftp            56 Jul 09 15:40 ip6.arpa.zone.gz.md5
-rw-r--r--    1 ftp      ftp            91 Jul 09 15:40 ip6.arpa.zone.gz.sha256
-rw-r--r--    1 ftp      ftp            53 Jul 09 15:40 ip6.arpa.zone.md5
-rw-r--r--    1 ftp      ftp            88 Jul 09 15:40 ip6.arpa.zone.sha256
-rw-r--r--    1 ftp      ftp            21 Jul 09 15:40 last_update.txt
-rw-r--r--    1 ftp      ftp          3289 Jun 01 15:27 named.cache
-rw-r--r--    1 ftp      ftp            33 Jun 01 15:27 named.cache.md5
-rw-r--r--    1 ftp      ftp            72 Jun 01 15:27 named.cache.sig
-rw-r--r--    1 ftp      ftp          3289 Jun 01 15:27 named.root
-rw-r--r--    1 ftp      ftp            33 Jun 01 15:27 named.root.md5
-rw-r--r--    1 ftp      ftp            72 Jun 01 15:27 named.root.sig
-rw-r--r--    1 ftp      ftp          2111 Jun 01 15:27 root-servers.net.zone
-rw-r--r--    1 ftp      ftp           575 Jun 01 15:27 root-servers.net.zone.gz
-rw-r--r--    1 ftp      ftp            33 Jun 01 15:27 root-servers.net.zone.gz.md5
-rw-r--r--    1 ftp      ftp            72 Jun 01 15:27 root-servers.net.zone.gz.sig
-rw-r--r--    1 ftp      ftp       2259495 Jul 09 05:16 root.zone
-rw-r--r--    1 ftp      ftp       1060580 Jul 09 05:16 root.zone.gz
-rw-r--r--    1 ftp      ftp            33 Jul 09 05:16 root.zone.gz.md5
-rw-r--r--    1 ftp      ftp            72 Jul 09 05:16 root.zone.gz.sig
-rw-r--r--    1 ftp      ftp            33 Jul 09 05:16 root.zone.md5
-rw-r--r--    1 ftp      ftp            72 Jul 09 05:16 root.zone.sig
2017-07-10 00:00:07 (39.0 MB/s) - ‘./domain/.listing’ saved [3930]

The sizes do not match (local 3930) -- retrieving.

--2017-07-10 00:00:07--  ftp://ftp.internic.net/domain/.listing
           => ‘./domain/.listing’
==> CWD not required.
--> PASV

227 Entering Passive Mode (192,0,32,9,190,143)
--> RETR .listing

150 Opening BINARY mode data connection for .listing (1829 bytes).
Length: 1829 (1.8K)

     0K .                                                     100%  556K=0.003s

226 Transfer complete.
2017-07-10 00:00:08 (556 KB/s) - ‘./domain/.listing’ saved [1829]

Remote file is newer than local file ‘./domain/INTERNIC_ROOT_ZONE.signatures’ -- retrieving.

--2017-07-10 00:00:08--  ftp://ftp.internic.net/domain/INTERNIC_ROOT_ZONE.signatures
           => ‘./domain/INTERNIC_ROOT_ZONE.signatures’
==> CWD not required.
--> PASV

227 Entering Passive Mode (192,0,32,9,131,66)
--> RETR INTERNIC_ROOT_ZONE.signatures

150 Opening BINARY mode data connection for INTERNIC_ROOT_ZONE.signatures (1224 bytes).
Length: 1224 (1.2K)

     0K .                                                     100% 13.0M=0s

226 Transfer complete.
2017-07-10 00:00:10 (13.0 MB/s) - ‘./domain/INTERNIC_ROOT_ZONE.signatures’ saved [1224]

Remote file is newer than local file ‘./domain/INTERNIC_ROOT_ZONE.signatures.asc’ -- retrieving.

--2017-07-10 00:00:10--  ftp://ftp.internic.net/domain/INTERNIC_ROOT_ZONE.signatures.asc
           => ‘./domain/INTERNIC_ROOT_ZONE.signatures.asc’
==> CWD not required.
--> PASV

227 Entering Passive Mode (192,0,32,9,42,100)
--> RETR INTERNIC_ROOT_ZONE.signatures.asc

150 Opening BINARY mode data connection for INTERNIC_ROOT_ZONE.signatures.asc (1469 bytes).
Length: 1469 (1.4K)

     0K .                                                     100% 7.15M=0s

226 Transfer complete.
2017-07-10 00:00:11 (7.15 MB/s) - ‘./domain/INTERNIC_ROOT_ZONE.signatures.asc’ saved [1469]

Remote file is newer than local file ‘./domain/arpa.zone’ -- retrieving.

--2017-07-10 00:00:11--  ftp://ftp.internic.net/domain/arpa.zone
           => ‘./domain/arpa.zone’
==> CWD not required.
--> PASV

227 Entering Passive Mode (192,0,32,9,41,173)
--> RETR arpa.zone

150 Opening BINARY mode data connection for arpa.zone (15438 bytes).
Length: 15438 (15K)

     0K .......... .....                                      100% 6.15M=0.002s

226 Transfer complete.
2017-07-10 00:00:13 (6.15 MB/s) - ‘./domain/arpa.zone’ saved [15438]

Remote file is newer than local file ‘./domain/arpa.zone.gz’ -- retrieving.

--2017-07-10 00:00:13--  ftp://ftp.internic.net/domain/arpa.zone.gz
           => ‘./domain/arpa.zone.gz’
==> CWD not required.
--> PASV

227 Entering Passive Mode (192,0,32,9,171,47)
--> RETR arpa.zone.gz

150 Opening BINARY mode data connection for arpa.zone.gz (6785 bytes).
Length: 6785 (6.6K)

     0K ......                                                100% 64.7M=0s

226 Transfer complete.
2017-07-10 00:00:14 (64.7 MB/s) - ‘./domain/arpa.zone.gz’ saved [6785]

Remote file is newer than local file ‘./domain/arpa.zone.gz.md5’ -- retrieving.

--2017-07-10 00:00:14--  ftp://ftp.internic.net/domain/arpa.zone.gz.md5
           => ‘./domain/arpa.zone.gz.md5’
==> CWD not required.
--> PASV

227 Entering Passive Mode (192,0,32,9,41,253)
--> RETR arpa.zone.gz.md5

150 Opening BINARY mode data connection for arpa.zone.gz.md5 (33 bytes).
Length: 33

     0K                                                       100%  275K=0s

226 Transfer complete.
2017-07-10 00:00:15 (275 KB/s) - ‘./domain/arpa.zone.gz.md5’ saved [33]

Remote file is newer than local file ‘./domain/arpa.zone.gz.sig’ -- retrieving.

--2017-07-10 00:00:15--  ftp://ftp.internic.net/domain/arpa.zone.gz.sig
           => ‘./domain/arpa.zone.gz.sig’
==> CWD not required.
--> PASV

227 Entering Passive Mode (192,0,32,9,41,104)
--> RETR arpa.zone.gz.sig

150 Opening BINARY mode data connection for arpa.zone.gz.sig (72 bytes).
Length: 72

     0K                                                       100%  366K=0s

226 Transfer complete.
2017-07-10 00:00:16 (366 KB/s) - ‘./domain/arpa.zone.gz.sig’ saved [72]

Remote file no newer than local file ‘./domain/db.cache’ -- not retrieving.
Remote file no newer than local file ‘./domain/db.cache.md5’ -- not retrieving.
Remote file no newer than local file ‘./domain/db.cache.sig’ -- not retrieving.
Remote file is newer than local file ‘./domain/in-addr.arpa’ -- retrieving.

--2017-07-10 00:00:16--  ftp://ftp.internic.net/domain/in-addr.arpa
           => ‘./domain/in-addr.arpa’
==> CWD not required.
--> PASV

227 Entering Passive Mode (192,0,32,9,42,238)
--> RETR in-addr.arpa

150 Opening BINARY mode data connection for in-addr.arpa (228753 bytes).
Length: 228753 (223K)

     0K .......... .......... .......... .......... .......... 22% 61.0K 3s
    50K .......... .......... .......... .......... .......... 44% 69.2K 2s
   100K .......... .......... .......... .......... .......... 67% 54.6K 1s
   150K .......... .......... .......... .......... .......... 89% 69.1K 0s
   200K .......... .......... ...                             100% 76.7K=3.5s

226 Transfer complete.
2017-07-10 00:00:20 (64.1 KB/s) - ‘./domain/in-addr.arpa’ saved [228753]

The sizes do not match (local 90619) -- retrieving.

--2017-07-10 00:00:20--  ftp://ftp.internic.net/domain/in-addr.arpa.gz
           => ‘./domain/in-addr.arpa.gz’
==> CWD not required.
--> PASV

227 Entering Passive Mode (192,0,32,9,238,21)
--> RETR in-addr.arpa.gz

150 Opening BINARY mode data connection for in-addr.arpa.gz (90623 bytes).
Length: 90623 (88K)

     0K .......... .......... .......... .......... .......... 56% 70.2K 1s
    50K .......... .......... .......... ........             100% 74.7K=1.2s

226 Transfer complete.
2017-07-10 00:00:23 (72.1 KB/s) - ‘./domain/in-addr.arpa.gz’ saved [90623]

Remote file is newer than local file ‘./domain/in-addr.arpa.gz.md5’ -- retrieving.

--2017-07-10 00:00:23--  ftp://ftp.internic.net/domain/in-addr.arpa.gz.md5
           => ‘./domain/in-addr.arpa.gz.md5’
==> CWD not required.
--> PASV

227 Entering Passive Mode (192,0,32,9,246,66)
--> RETR in-addr.arpa.gz.md5

150 Opening BINARY mode data connection for in-addr.arpa.gz.md5 (55 bytes).
Length: 55

     0K                                                       100%  463K=0s

226 Transfer complete.
2017-07-10 00:00:24 (463 KB/s) - ‘./domain/in-addr.arpa.gz.md5’ saved [55]

Remote file is newer than local file ‘./domain/in-addr.arpa.gz.sha256’ -- retrieving.

--2017-07-10 00:00:24--  ftp://ftp.internic.net/domain/in-addr.arpa.gz.sha256
           => ‘./domain/in-addr.arpa.gz.sha256’
==> CWD not required.
--> PASV

227 Entering Passive Mode (192,0,32,9,30,48)
--> RETR in-addr.arpa.gz.sha256

150 Opening BINARY mode data connection for in-addr.arpa.gz.sha256 (90 bytes).
Length: 90

     0K                                                       100% 1.19M=0s

226 Transfer complete.
2017-07-10 00:00:25 (1.19 MB/s) - ‘./domain/in-addr.arpa.gz.sha256’ saved [90]

Remote file is newer than local file ‘./domain/in-addr.arpa.md5’ -- retrieving.

--2017-07-10 00:00:25--  ftp://ftp.internic.net/domain/in-addr.arpa.md5
           => ‘./domain/in-addr.arpa.md5’
==> CWD not required.
--> PASV

227 Entering Passive Mode (192,0,32,9,10,107)
--> RETR in-addr.arpa.md5

150 Opening BINARY mode data connection for in-addr.arpa.md5 (52 bytes).
Length: 52

     0K                                                       100%  781K=0s

226 Transfer complete.
2017-07-10 00:00:26 (781 KB/s) - ‘./domain/in-addr.arpa.md5’ saved [52]

Remote file is newer than local file ‘./domain/in-addr.arpa.sha256’ -- retrieving.

--2017-07-10 00:00:26--  ftp://ftp.internic.net/domain/in-addr.arpa.sha256
           => ‘./domain/in-addr.arpa.sha256’
==> CWD not required.
--> PASV

227 Entering Passive Mode (192,0,32,9,184,105)
--> RETR in-addr.arpa.sha256

150 Opening BINARY mode data connection for in-addr.arpa.sha256 (87 bytes).
Length: 87

     0K                                                       100% 72.3K=0.001s

226 Transfer complete.
2017-07-10 00:00:27 (72.3 KB/s) - ‘./domain/in-addr.arpa.sha256’ saved [87]

Remote file is newer than local file ‘./domain/in-addr.arpa.zone’ -- retrieving.

--2017-07-10 00:00:27--  ftp://ftp.internic.net/domain/in-addr.arpa.zone
           => ‘./domain/in-addr.arpa.zone’
==> CWD not required.
--> PASV

227 Entering Passive Mode (192,0,32,9,41,7)
--> RETR in-addr.arpa.zone

150 Opening BINARY mode data connection for in-addr.arpa.zone (228753 bytes).
Length: 228753 (223K)

     0K .......... .......... .......... .......... .......... 22% 51.0K 3s
    50K .......... .......... .......... .......... .......... 44% 50.9K 2s
   100K .......... .......... .......... .......... .......... 67% 80.7K 1s
   150K .......... .......... .......... .......... .......... 89% 81.7K 0s
   200K .......... .......... ...                             100%  103K=3.4s

226 Transfer complete.
2017-07-10 00:00:31 (65.3 KB/s) - ‘./domain/in-addr.arpa.zone’ saved [228753]

The sizes do not match (local 90619) -- retrieving.

--2017-07-10 00:00:31--  ftp://ftp.internic.net/domain/in-addr.arpa.zone.gz
           => ‘./domain/in-addr.arpa.zone.gz’
==> CWD not required.
--> PASV

227 Entering Passive Mode (192,0,32,9,16,155)
--> RETR in-addr.arpa.zone.gz

150 Opening BINARY mode data connection for in-addr.arpa.zone.gz (90623 bytes).
Length: 90623 (88K)

     0K .......... .......... .......... .......... .......... 56% 61.1K 1s
    50K .......... .......... .......... ........             100% 63.9K=1.4s

226 Transfer complete.
2017-07-10 00:00:34 (62.3 KB/s) - ‘./domain/in-addr.arpa.zone.gz’ saved [90623]

Remote file is newer than local file ‘./domain/in-addr.arpa.zone.gz.md5’ -- retrieving.

--2017-07-10 00:00:34--  ftp://ftp.internic.net/domain/in-addr.arpa.zone.gz.md5
           => ‘./domain/in-addr.arpa.zone.gz.md5’
==> CWD not required.
--> PASV

227 Entering Passive Mode (192,0,32,9,42,190)
--> RETR in-addr.arpa.zone.gz.md5

150 Opening BINARY mode data connection for in-addr.arpa.zone.gz.md5 (60 bytes).
Length: 60

     0K                                                       100%  505K=0s

226 Transfer complete.
2017-07-10 00:00:35 (505 KB/s) - ‘./domain/in-addr.arpa.zone.gz.md5’ saved [60]

Remote file is newer than local file ‘./domain/in-addr.arpa.zone.gz.sha256’ -- retrieving.

--2017-07-10 00:00:35--  ftp://ftp.internic.net/domain/in-addr.arpa.zone.gz.sha256
           => ‘./domain/in-addr.arpa.zone.gz.sha256’
==> CWD not required.
--> PASV

227 Entering Passive Mode (192,0,32,9,88,246)
--> RETR in-addr.arpa.zone.gz.sha256

150 Opening BINARY mode data connection for in-addr.arpa.zone.gz.sha256 (95 bytes).
Length: 95

     0K                                                       100%  231K=0s

226 Transfer complete.
2017-07-10 00:00:36 (231 KB/s) - ‘./domain/in-addr.arpa.zone.gz.sha256’ saved [95]

Remote file is newer than local file ‘./domain/in-addr.arpa.zone.md5’ -- retrieving.

--2017-07-10 00:00:36--  ftp://ftp.internic.net/domain/in-addr.arpa.zone.md5
           => ‘./domain/in-addr.arpa.zone.md5’
==> CWD not required.
--> PASV

227 Entering Passive Mode (192,0,32,9,207,91)
--> RETR in-addr.arpa.zone.md5

150 Opening BINARY mode data connection for in-addr.arpa.zone.md5 (57 bytes).
Length: 57

     0K                                                       100%  468K=0s

226 Transfer complete.
2017-07-10 00:00:37 (468 KB/s) - ‘./domain/in-addr.arpa.zone.md5’ saved [57]

Remote file is newer than local file ‘./domain/in-addr.arpa.zone.sha256’ -- retrieving.

--2017-07-10 00:00:37--  ftp://ftp.internic.net/domain/in-addr.arpa.zone.sha256
           => ‘./domain/in-addr.arpa.zone.sha256’
==> CWD not required.
--> PASV

227 Entering Passive Mode (192,0,32,9,77,134)
--> RETR in-addr.arpa.zone.sha256

150 Opening BINARY mode data connection for in-addr.arpa.zone.sha256 (92 bytes).
Length: 92

     0K                                                       100%  946K=0s

226 Transfer complete.
2017-07-10 00:00:38 (946 KB/s) - ‘./domain/in-addr.arpa.zone.sha256’ saved [92]

Remote file is newer than local file ‘./domain/ip6.arpa’ -- retrieving.

--2017-07-10 00:00:38--  ftp://ftp.internic.net/domain/ip6.arpa
           => ‘./domain/ip6.arpa’
==> CWD not required.
--> PASV

227 Entering Passive Mode (192,0,32,9,184,169)
--> RETR ip6.arpa

150 Opening BINARY mode data connection for ip6.arpa (61264 bytes).
Length: 61264 (60K)

     0K .......... .......... .......... .......... .......... 83% 53.0K 0s
    50K .........                                             100% 18.0M=0.9s

226 Transfer complete.
2017-07-10 00:00:40 (63.4 KB/s) - ‘./domain/ip6.arpa’ saved [61264]

The sizes do not match (local 24318) -- retrieving.

--2017-07-10 00:00:40--  ftp://ftp.internic.net/domain/ip6.arpa.gz
           => ‘./domain/ip6.arpa.gz’
==> CWD not required.
--> PASV

227 Entering Passive Mode (192,0,32,9,41,253)
--> RETR ip6.arpa.gz

150 Opening BINARY mode data connection for ip6.arpa.gz (24351 bytes).
Length: 24351 (24K)

     0K .......... .......... ...                             100% 75.6K=0.3s

226 Transfer complete.
2017-07-10 00:00:42 (75.6 KB/s) - ‘./domain/ip6.arpa.gz’ saved [24351]

Remote file is newer than local file ‘./domain/ip6.arpa.gz.md5’ -- retrieving.

--2017-07-10 00:00:42--  ftp://ftp.internic.net/domain/ip6.arpa.gz.md5
           => ‘./domain/ip6.arpa.gz.md5’
==> CWD not required.
--> PASV

227 Entering Passive Mode (192,0,32,9,112,81)
--> RETR ip6.arpa.gz.md5

150 Opening BINARY mode data connection for ip6.arpa.gz.md5 (51 bytes).
Length: 51

     0K                                                       100%  429K=0s

226 Transfer complete.
2017-07-10 00:00:43 (429 KB/s) - ‘./domain/ip6.arpa.gz.md5’ saved [51]

Remote file is newer than local file ‘./domain/ip6.arpa.gz.sha256’ -- retrieving.

--2017-07-10 00:00:43--  ftp://ftp.internic.net/domain/ip6.arpa.gz.sha256
           => ‘./domain/ip6.arpa.gz.sha256’
==> CWD not required.
--> PASV

227 Entering Passive Mode (192,0,32,9,41,226)
--> RETR ip6.arpa.gz.sha256

150 Opening BINARY mode data connection for ip6.arpa.gz.sha256 (86 bytes).
Length: 86

     0K                                                       100%  724K=0s

226 Transfer complete.
2017-07-10 00:00:44 (724 KB/s) - ‘./domain/ip6.arpa.gz.sha256’ saved [86]

Remote file is newer than local file ‘./domain/ip6.arpa.md5’ -- retrieving.

--2017-07-10 00:00:44--  ftp://ftp.internic.net/domain/ip6.arpa.md5
           => ‘./domain/ip6.arpa.md5’
==> CWD not required.
--> PASV

227 Entering Passive Mode (192,0,32,9,159,142)
--> RETR ip6.arpa.md5

150 Opening BINARY mode data connection for ip6.arpa.md5 (48 bytes).
Length: 48

     0K                                                       100%  651K=0s

226 Transfer complete.
2017-07-10 00:00:45 (651 KB/s) - ‘./domain/ip6.arpa.md5’ saved [48]

Remote file is newer than local file ‘./domain/ip6.arpa.sha256’ -- retrieving.

--2017-07-10 00:00:45--  ftp://ftp.internic.net/domain/ip6.arpa.sha256
           => ‘./domain/ip6.arpa.sha256’
==> CWD not required.
--> PASV

227 Entering Passive Mode (192,0,32,9,68,117)
--> RETR ip6.arpa.sha256

150 Opening BINARY mode data connection for ip6.arpa.sha256 (83 bytes).
Length: 83

     0K                                                       100%  693K=0s

226 Transfer complete.
2017-07-10 00:00:46 (693 KB/s) - ‘./domain/ip6.arpa.sha256’ saved [83]

Remote file is newer than local file ‘./domain/ip6.arpa.zone’ -- retrieving.

--2017-07-10 00:00:46--  ftp://ftp.internic.net/domain/ip6.arpa.zone
           => ‘./domain/ip6.arpa.zone’
==> CWD not required.
--> PASV

227 Entering Passive Mode (192,0,32,9,115,242)
--> RETR ip6.arpa.zone

150 Opening BINARY mode data connection for ip6.arpa.zone (61264 bytes).
Length: 61264 (60K)

     0K .......... .......... .......... .......... .......... 83% 54.4K 0s
    50K .........                                             100% 10.8M=0.9s

226 Transfer complete.
2017-07-10 00:00:48 (65.0 KB/s) - ‘./domain/ip6.arpa.zone’ saved [61264]

The sizes do not match (local 24318) -- retrieving.

--2017-07-10 00:00:48--  ftp://ftp.internic.net/domain/ip6.arpa.zone.gz
           => ‘./domain/ip6.arpa.zone.gz’
==> CWD not required.
--> PASV

227 Entering Passive Mode (192,0,32,9,201,55)
--> RETR ip6.arpa.zone.gz

150 Opening BINARY mode data connection for ip6.arpa.zone.gz (24351 bytes).
Length: 24351 (24K)

     0K .......... .......... ...                             100%  114K=0.2s

226 Transfer complete.
2017-07-10 00:00:49 (114 KB/s) - ‘./domain/ip6.arpa.zone.gz’ saved [24351]

Remote file is newer than local file ‘./domain/ip6.arpa.zone.gz.md5’ -- retrieving.

--2017-07-10 00:00:49--  ftp://ftp.internic.net/domain/ip6.arpa.zone.gz.md5
           => ‘./domain/ip6.arpa.zone.gz.md5’
==> CWD not required.
--> PASV

227 Entering Passive Mode (192,0,32,9,13,163)
--> RETR ip6.arpa.zone.gz.md5

150 Opening BINARY mode data connection for ip6.arpa.zone.gz.md5 (56 bytes).
Length: 56

     0K                                                       100%  781K=0s

226 Transfer complete.
2017-07-10 00:00:50 (781 KB/s) - ‘./domain/ip6.arpa.zone.gz.md5’ saved [56]

Remote file is newer than local file ‘./domain/ip6.arpa.zone.gz.sha256’ -- retrieving.

--2017-07-10 00:00:50--  ftp://ftp.internic.net/domain/ip6.arpa.zone.gz.sha256
           => ‘./domain/ip6.arpa.zone.gz.sha256’
==> CWD not required.
--> PASV

227 Entering Passive Mode (192,0,32,9,9,66)
--> RETR ip6.arpa.zone.gz.sha256

150 Opening BINARY mode data connection for ip6.arpa.zone.gz.sha256 (91 bytes).
Length: 91

     0K                                                       100% 1.97M=0s

226 Transfer complete.
2017-07-10 00:00:52 (1.97 MB/s) - ‘./domain/ip6.arpa.zone.gz.sha256’ saved [91]

Remote file is newer than local file ‘./domain/ip6.arpa.zone.md5’ -- retrieving.

--2017-07-10 00:00:52--  ftp://ftp.internic.net/domain/ip6.arpa.zone.md5
           => ‘./domain/ip6.arpa.zone.md5’
==> CWD not required.
--> PASV

227 Entering Passive Mode (192,0,32,9,42,1)
--> RETR ip6.arpa.zone.md5

150 Opening BINARY mode data connection for ip6.arpa.zone.md5 (53 bytes).
Length: 53

     0K                                                       100%  796K=0s

226 Transfer complete.
2017-07-10 00:00:53 (796 KB/s) - ‘./domain/ip6.arpa.zone.md5’ saved [53]

Remote file is newer than local file ‘./domain/ip6.arpa.zone.sha256’ -- retrieving.

--2017-07-10 00:00:53--  ftp://ftp.internic.net/domain/ip6.arpa.zone.sha256
           => ‘./domain/ip6.arpa.zone.sha256’
==> CWD not required.
--> PASV

227 Entering Passive Mode (192,0,32,9,225,16)
--> RETR ip6.arpa.zone.sha256

150 Opening BINARY mode data connection for ip6.arpa.zone.sha256 (88 bytes).
Length: 88

     0K                                                       100%  735K=0s

226 Transfer complete.
2017-07-10 00:00:54 (735 KB/s) - ‘./domain/ip6.arpa.zone.sha256’ saved [88]

Remote file is newer than local file ‘./domain/last_update.txt’ -- retrieving.

--2017-07-10 00:00:54--  ftp://ftp.internic.net/domain/last_update.txt
           => ‘./domain/last_update.txt’
==> CWD not required.
--> PASV

227 Entering Passive Mode (192,0,32,9,166,168)
--> RETR last_update.txt

150 Opening BINARY mode data connection for last_update.txt (21 bytes).
Length: 21

     0K                                                       100%  419K=0s

226 Transfer complete.
2017-07-10 00:00:55 (419 KB/s) - ‘./domain/last_update.txt’ saved [21]

Remote file no newer than local file ‘./domain/named.cache’ -- not retrieving.
Remote file no newer than local file ‘./domain/named.cache.md5’ -- not retrieving.
Remote file no newer than local file ‘./domain/named.cache.sig’ -- not retrieving.
Remote file no newer than local file ‘./domain/named.root’ -- not retrieving.
Remote file no newer than local file ‘./domain/named.root.md5’ -- not retrieving.
Remote file no newer than local file ‘./domain/named.root.sig’ -- not retrieving.
Remote file no newer than local file ‘./domain/root-servers.net.zone’ -- not retrieving.
Remote file no newer than local file ‘./domain/root-servers.net.zone.gz’ -- not retrieving.
Remote file no newer than local file ‘./domain/root-servers.net.zone.gz.md5’ -- not retrieving.
Remote file no newer than local file ‘./domain/root-servers.net.zone.gz.sig’ -- not retrieving.
Remote file is newer than local file ‘./domain/root.zone’ -- retrieving.

--2017-07-10 00:00:55--  ftp://ftp.internic.net/domain/root.zone
           => ‘./domain/root.zone’
==> CWD not required.
--> PASV

227 Entering Passive Mode (192,0,32,9,63,235)
--> RETR root.zone

150 Opening BINARY mode data connection for root.zone (2259495 bytes).
Length: 2259495 (2.2M)

     0K .......... .......... .......... .......... ..........  2% 70.1K 31s
    50K .......... .......... .......... .......... ..........  4% 60.7K 32s
   100K .......... .......... .......... .......... ..........  6% 70.1K 31s
   150K .......... .......... .......... .......... ..........  9% 94.2K 28s
   200K .......... .......... .......... .......... .......... 11% 83.2K 26s
   250K .......... .......... .......... .......... .......... 13% 92.3K 25s
   300K .......... .......... .......... .......... .......... 15%  155K 23s
   350K .......... .......... .......... .......... .......... 18%  135K 21s
   400K .......... .......... .......... .......... .......... 20%  194K 19s
   450K .......... .......... .......... .......... .......... 22% 3.75M 17s
   500K .......... .......... .......... .......... .......... 24%  145K 16s
   550K .......... .......... .......... .......... .......... 27%  240K 15s
   600K .......... .......... .......... .......... .......... 29%  260K 13s
   650K .......... .......... .......... .......... .......... 31% 1.60M 12s
   700K .......... .......... .......... .......... .......... 33%  289K 11s
   750K .......... .......... .......... .......... .......... 36% 1.26M 10s
   800K .......... .......... .......... .......... .......... 38%  368K 10s
   850K .......... .......... .......... .......... .......... 40%  989K 9s
   900K .......... .......... .......... .......... .......... 43% 1.20M 8s
   950K .......... .......... .......... .......... .......... 45%  372K 8s
  1000K .......... .......... .......... .......... .......... 47% 1.21M 7s
  1050K .......... .......... .......... .......... .......... 49% 1.36M 6s
  1100K .......... .......... .......... .......... .......... 52%  370K 6s
  1150K .......... .......... .......... .......... .......... 54% 1.38M 5s
  1200K .......... .......... .......... .......... .......... 56% 1.15M 5s
  1250K .......... .......... .......... .......... .......... 58%  461K 5s
  1300K .......... .......... .......... .......... .......... 61% 1.24M 4s
  1350K .......... .......... .......... .......... .......... 63% 1.24M 4s
  1400K .......... .......... .......... .......... .......... 65% 1.35M 4s
  1450K .......... .......... .......... .......... .......... 67%  466K 3s
  1500K .......... .......... .......... .......... .......... 70% 1.12M 3s
  1550K .......... .......... .......... .......... .......... 72% 1.50M 3s
  1600K .......... .......... .......... .......... .......... 74%  593K 2s
  1650K .......... .......... .......... .......... .......... 77% 1.00M 2s
  1700K .......... .......... .......... .......... .......... 79% 1.34M 2s
  1750K .......... .......... .......... .......... .......... 81% 1.40M 2s
  1800K .......... .......... .......... .......... .......... 83%  601K 1s
  1850K .......... .......... .......... .......... .......... 86% 1.16M 1s
  1900K .......... .......... .......... .......... .......... 88% 1.35M 1s
  1950K .......... .......... .......... .......... .......... 90% 1.48M 1s
  2000K .......... .......... .......... .......... .......... 92% 1.23M 1s
  2050K .......... .......... .......... .......... .......... 95%  769K 0s
  2100K .......... .......... .......... .......... .......... 97%  918K 0s
  2150K .......... .......... .......... .......... .......... 99% 1.65M 0s
  2200K ......                                                100% 1.06M=7.5s

226 Transfer complete.
2017-07-10 00:01:04 (293 KB/s) - ‘./domain/root.zone’ saved [2259495]

The sizes do not match (local 1060491) -- retrieving.

--2017-07-10 00:01:04--  ftp://ftp.internic.net/domain/root.zone.gz
           => ‘./domain/root.zone.gz’
==> CWD not required.
--> PASV

227 Entering Passive Mode (192,0,32,9,41,13)
--> RETR root.zone.gz

150 Opening BINARY mode data connection for root.zone.gz (1060580 bytes).
Length: 1060580 (1.0M)

     0K .......... .......... .......... .......... ..........  4% 85.7K 12s
    50K .......... .......... .......... .......... ..........  9%  243K 7s
   100K .......... .......... .......... .......... .......... 14% 1.26M 5s
   150K .......... .......... .......... .......... .......... 19%  138K 5s
   200K .......... .......... .......... .......... .......... 24%  192K 5s
   250K .......... .......... .......... .......... .......... 28%  126K 5s
   300K .......... .......... .......... .......... .......... 33% 19.9M 4s
   350K .......... .......... .......... .......... .......... 38%  158K 3s
   400K .......... .......... .......... .......... .......... 43%  232K 3s
   450K .......... .......... .......... .......... .......... 48%  128K 3s
   500K .......... .......... .......... .......... .......... 53%  164K 3s
   550K .......... .......... .......... .......... .......... 57%  246K 2s
   600K .......... .......... .......... .......... .......... 62% 1.32M 2s
   650K .......... .......... .......... .......... .......... 67%  180K 2s
   700K .......... .......... .......... .......... .......... 72%  165K 1s
   750K .......... .......... .......... .......... .......... 77%  158K 1s
   800K .......... .......... .......... .......... .......... 82%  182K 1s
   850K .......... .......... .......... .......... .......... 86% 12.8M 1s
   900K .......... .......... .......... .......... .......... 91%  151K 0s
   950K .......... .......... .......... .......... .......... 96%  165K 0s
  1000K .......... .......... .......... .....                100% 8.46M=5.1s

226 Transfer complete.
2017-07-10 00:01:10 (202 KB/s) - ‘./domain/root.zone.gz’ saved [1060580]

Remote file is newer than local file ‘./domain/root.zone.gz.md5’ -- retrieving.

--2017-07-10 00:01:10--  ftp://ftp.internic.net/domain/root.zone.gz.md5
           => ‘./domain/root.zone.gz.md5’
==> CWD not required.
--> PASV

227 Entering Passive Mode (192,0,32,9,16,52)
--> RETR root.zone.gz.md5

150 Opening BINARY mode data connection for root.zone.gz.md5 (33 bytes).
Length: 33

     0K                                                       100% 23.0K=0.001s

226 Transfer complete.
2017-07-10 00:01:11 (23.0 KB/s) - ‘./domain/root.zone.gz.md5’ saved [33]

Remote file is newer than local file ‘./domain/root.zone.gz.sig’ -- retrieving.

--2017-07-10 00:01:11--  ftp://ftp.internic.net/domain/root.zone.gz.sig
           => ‘./domain/root.zone.gz.sig’
==> CWD not required.
--> PASV

227 Entering Passive Mode (192,0,32,9,47,209)
--> RETR root.zone.gz.sig

150 Opening BINARY mode data connection for root.zone.gz.sig (72 bytes).
Length: 72

     0K                                                       100%  591K=0s

226 Transfer complete.
2017-07-10 00:01:12 (591 KB/s) - ‘./domain/root.zone.gz.sig’ saved [72]

Remote file is newer than local file ‘./domain/root.zone.md5’ -- retrieving.

--2017-07-10 00:01:12--  ftp://ftp.internic.net/domain/root.zone.md5
           => ‘./domain/root.zone.md5’
==> CWD not required.
--> PASV

227 Entering Passive Mode (192,0,32,9,97,79)
--> RETR root.zone.md5

150 Opening BINARY mode data connection for root.zone.md5 (33 bytes).
Length: 33

     0K                                                       100%  280K=0s

226 Transfer complete.
2017-07-10 00:01:14 (280 KB/s) - ‘./domain/root.zone.md5’ saved [33]

Remote file is newer than local file ‘./domain/root.zone.sig’ -- retrieving.

--2017-07-10 00:01:14--  ftp://ftp.internic.net/domain/root.zone.sig
           => ‘./domain/root.zone.sig’
==> CWD not required.
--> PASV

227 Entering Passive Mode (192,0,32,9,108,194)
--> RETR root.zone.sig

150 Opening BINARY mode data connection for root.zone.sig (72 bytes).
Length: 72

     0K                                                       100%  938K=0s

226 Transfer complete.
2017-07-10 00:01:15 (938 KB/s) - ‘./domain/root.zone.sig’ saved [72]

FINISHED --2017-07-10 00:01:15--
Total wall clock time: 1m 13s
Downloaded: 40 files, 4.0M in 25s (165 KB/s)
