--2017-05-20 00:00:03--  ftp://ftp.internic.net/*
           => ‘./.listing’
Resolving ftp.internic.net (ftp.internic.net)... 192.0.32.9, 2620:0:2d0:200::9
Connecting to ftp.internic.net (ftp.internic.net)|192.0.32.9|:21... connected.
Logging in as anonymous ... 
220 Internic FTP Server
--> USER anonymous

331 Please specify the password.
--> PASS Turtle Power!

230 Login successful.
--> SYST

215 UNIX Type: L8
--> PWD

257 "/"
--> TYPE I

200 Switching to Binary mode.
==> CWD not needed.
--> PASV

227 Entering Passive Mode (192,0,32,9,208,19)
--> LIST -a

150 Here comes the directory listing.

     0K                                                         903K=0s

226 Directory send OK.
drwxr-xr-x    3 ftp      ftp          4096 Apr 04  2012 .
drwxr-xr-x    3 ftp      ftp          4096 Apr 04  2012 ..
drwxr-xr-x    2 ftp      ftp          4096 Sep 09  2015 domain
2017-05-20 00:00:07 (903 KB/s) - ‘./.listing’ saved [183]

--2017-05-20 00:00:08--  ftp://ftp.internic.net/domain/*
           => ‘./domain/.listing’
--> CWD /domain

250 Directory successfully changed.
--> PASV

227 Entering Passive Mode (192,0,32,9,41,240)
--> LIST -a

150 Here comes the directory listing.

     0K ...                                                    18.6M=0s

226 Directory send OK.
drwxr-xr-x    2 ftp      ftp          4096 Sep 09  2015 .
drwxr-xr-x    3 ftp      ftp          4096 Apr 04  2012 ..
-rw-r--r--    1 ftp      ftp          1829 Aug 18  2015 .listing
-rw-r--r--    1 ftp      ftp          1224 May 19 12:16 INTERNIC_ROOT_ZONE.signatures
-rw-r--r--    1 ftp      ftp          1469 May 19 12:16 INTERNIC_ROOT_ZONE.signatures.asc
-rw-r--r--    1 ftp      ftp         15228 May 19 12:16 arpa.zone
-rw-r--r--    1 ftp      ftp          6645 May 19 12:16 arpa.zone.gz
-rw-r--r--    1 ftp      ftp            33 May 19 12:16 arpa.zone.gz.md5
-rw-r--r--    1 ftp      ftp            72 May 19 12:16 arpa.zone.gz.sig
-rw-r--r--    1 ftp      ftp          3289 Apr 11 15:01 db.cache
-rw-r--r--    1 ftp      ftp            33 Apr 11 15:01 db.cache.md5
-rw-r--r--    1 ftp      ftp            72 Apr 11 15:01 db.cache.sig
-rw-r--r--    1 ftp      ftp        230891 May 19 15:40 in-addr.arpa
-rw-r--r--    1 ftp      ftp         90365 May 19 15:40 in-addr.arpa.gz
-rw-r--r--    1 ftp      ftp            55 May 19 15:40 in-addr.arpa.gz.md5
-rw-r--r--    1 ftp      ftp            90 May 19 15:40 in-addr.arpa.gz.sha256
-rw-r--r--    1 ftp      ftp            52 May 19 15:40 in-addr.arpa.md5
-rw-r--r--    1 ftp      ftp            87 May 19 15:40 in-addr.arpa.sha256
-rw-r--r--    1 ftp      ftp        230891 May 19 15:40 in-addr.arpa.zone
-rw-r--r--    1 ftp      ftp         90365 May 19 15:40 in-addr.arpa.zone.gz
-rw-r--r--    1 ftp      ftp            60 May 19 15:40 in-addr.arpa.zone.gz.md5
-rw-r--r--    1 ftp      ftp            95 May 19 15:40 in-addr.arpa.zone.gz.sha256
-rw-r--r--    1 ftp      ftp            57 May 19 15:40 in-addr.arpa.zone.md5
-rw-r--r--    1 ftp      ftp            92 May 19 15:40 in-addr.arpa.zone.sha256
-rw-r--r--    1 ftp      ftp         62071 May 19 15:40 ip6.arpa
-rw-r--r--    1 ftp      ftp         24389 May 19 15:40 ip6.arpa.gz
-rw-r--r--    1 ftp      ftp            51 May 19 15:40 ip6.arpa.gz.md5
-rw-r--r--    1 ftp      ftp            86 May 19 15:40 ip6.arpa.gz.sha256
-rw-r--r--    1 ftp      ftp            48 May 19 15:40 ip6.arpa.md5
-rw-r--r--    1 ftp      ftp            83 May 19 15:40 ip6.arpa.sha256
-rw-r--r--    1 ftp      ftp         62071 May 19 15:40 ip6.arpa.zone
-rw-r--r--    1 ftp      ftp         24389 May 19 15:40 ip6.arpa.zone.gz
-rw-r--r--    1 ftp      ftp            56 May 19 15:40 ip6.arpa.zone.gz.md5
-rw-r--r--    1 ftp      ftp            91 May 19 15:40 ip6.arpa.zone.gz.sha256
-rw-r--r--    1 ftp      ftp            53 May 19 15:40 ip6.arpa.zone.md5
-rw-r--r--    1 ftp      ftp            88 May 19 15:40 ip6.arpa.zone.sha256
-rw-r--r--    1 ftp      ftp            21 May 19 15:40 last_update.txt
-rw-r--r--    1 ftp      ftp          3289 Apr 11 15:01 named.cache
-rw-r--r--    1 ftp      ftp            33 Apr 11 15:01 named.cache.md5
-rw-r--r--    1 ftp      ftp            72 Apr 11 15:01 named.cache.sig
-rw-r--r--    1 ftp      ftp          3289 Apr 11 15:01 named.root
-rw-r--r--    1 ftp      ftp            33 Apr 11 15:01 named.root.md5
-rw-r--r--    1 ftp      ftp            72 Apr 11 15:01 named.root.sig
-rw-r--r--    1 ftp      ftp          2110 Apr 11 15:01 root-servers.net.zone
-rw-r--r--    1 ftp      ftp           576 Apr 11 15:01 root-servers.net.zone.gz
-rw-r--r--    1 ftp      ftp            33 Apr 11 15:01 root-servers.net.zone.gz.md5
-rw-r--r--    1 ftp      ftp            72 Apr 11 15:01 root-servers.net.zone.gz.sig
-rw-r--r--    1 ftp      ftp       2235276 May 19 05:14 root.zone
-rw-r--r--    1 ftp      ftp       1049774 May 19 05:14 root.zone.gz
-rw-r--r--    1 ftp      ftp            33 May 19 05:14 root.zone.gz.md5
-rw-r--r--    1 ftp      ftp            72 May 19 05:14 root.zone.gz.sig
-rw-r--r--    1 ftp      ftp            33 May 19 05:14 root.zone.md5
-rw-r--r--    1 ftp      ftp            72 May 19 05:14 root.zone.sig
2017-05-20 00:00:10 (18.6 MB/s) - ‘./domain/.listing’ saved [3930]

The sizes do not match (local 3930) -- retrieving.

--2017-05-20 00:00:10--  ftp://ftp.internic.net/domain/.listing
           => ‘./domain/.listing’
==> CWD not required.
--> PASV

227 Entering Passive Mode (192,0,32,9,42,243)
--> RETR .listing

150 Opening BINARY mode data connection for .listing (1829 bytes).
Length: 1829 (1.8K)

     0K .                                                     100% 2.37M=0.001s

226 Transfer complete.
2017-05-20 00:00:12 (2.37 MB/s) - ‘./domain/.listing’ saved [1829]

Remote file is newer than local file ‘./domain/INTERNIC_ROOT_ZONE.signatures’ -- retrieving.

--2017-05-20 00:00:12--  ftp://ftp.internic.net/domain/INTERNIC_ROOT_ZONE.signatures
           => ‘./domain/INTERNIC_ROOT_ZONE.signatures’
==> CWD not required.
--> PASV

227 Entering Passive Mode (192,0,32,9,152,187)
--> RETR INTERNIC_ROOT_ZONE.signatures

150 Opening BINARY mode data connection for INTERNIC_ROOT_ZONE.signatures (1224 bytes).
Length: 1224 (1.2K)

     0K .                                                     100% 9.73M=0s

226 Transfer complete.
2017-05-20 00:00:14 (9.73 MB/s) - ‘./domain/INTERNIC_ROOT_ZONE.signatures’ saved [1224]

Remote file is newer than local file ‘./domain/INTERNIC_ROOT_ZONE.signatures.asc’ -- retrieving.

--2017-05-20 00:00:14--  ftp://ftp.internic.net/domain/INTERNIC_ROOT_ZONE.signatures.asc
           => ‘./domain/INTERNIC_ROOT_ZONE.signatures.asc’
==> CWD not required.
--> PASV

227 Entering Passive Mode (192,0,32,9,41,15)
--> RETR INTERNIC_ROOT_ZONE.signatures.asc

150 Opening BINARY mode data connection for INTERNIC_ROOT_ZONE.signatures.asc (1469 bytes).
Length: 1469 (1.4K)

     0K .                                                     100% 15.7M=0s

226 Transfer complete.
2017-05-20 00:00:16 (15.7 MB/s) - ‘./domain/INTERNIC_ROOT_ZONE.signatures.asc’ saved [1469]

Remote file is newer than local file ‘./domain/arpa.zone’ -- retrieving.

--2017-05-20 00:00:16--  ftp://ftp.internic.net/domain/arpa.zone
           => ‘./domain/arpa.zone’
==> CWD not required.
--> PASV

227 Entering Passive Mode (192,0,32,9,186,236)
--> RETR arpa.zone

150 Opening BINARY mode data connection for arpa.zone (15228 bytes).
Length: 15228 (15K)

     0K .......... ....                                       100% 7.45M=0.002s

226 Transfer complete.
2017-05-20 00:00:18 (7.45 MB/s) - ‘./domain/arpa.zone’ saved [15228]

The sizes do not match (local 6646) -- retrieving.

--2017-05-20 00:00:18--  ftp://ftp.internic.net/domain/arpa.zone.gz
           => ‘./domain/arpa.zone.gz’
==> CWD not required.
--> PASV

227 Entering Passive Mode (192,0,32,9,42,108)
--> RETR arpa.zone.gz

150 Opening BINARY mode data connection for arpa.zone.gz (6645 bytes).
Length: 6645 (6.5K)

     0K ......                                                100% 2.53M=0.003s

226 Transfer complete.
2017-05-20 00:00:20 (2.53 MB/s) - ‘./domain/arpa.zone.gz’ saved [6645]

Remote file is newer than local file ‘./domain/arpa.zone.gz.md5’ -- retrieving.

--2017-05-20 00:00:20--  ftp://ftp.internic.net/domain/arpa.zone.gz.md5
           => ‘./domain/arpa.zone.gz.md5’
==> CWD not required.
--> PASV

227 Entering Passive Mode (192,0,32,9,215,65)
--> RETR arpa.zone.gz.md5

150 Opening BINARY mode data connection for arpa.zone.gz.md5 (33 bytes).
Length: 33

     0K                                                       100% 88.8K=0s

226 Transfer complete.
2017-05-20 00:00:22 (88.8 KB/s) - ‘./domain/arpa.zone.gz.md5’ saved [33]

Remote file is newer than local file ‘./domain/arpa.zone.gz.sig’ -- retrieving.

--2017-05-20 00:00:22--  ftp://ftp.internic.net/domain/arpa.zone.gz.sig
           => ‘./domain/arpa.zone.gz.sig’
==> CWD not required.
--> PASV

227 Entering Passive Mode (192,0,32,9,42,35)
--> RETR arpa.zone.gz.sig

150 Opening BINARY mode data connection for arpa.zone.gz.sig (72 bytes).
Length: 72

     0K                                                       100%  537K=0s

226 Transfer complete.
2017-05-20 00:00:33 (537 KB/s) - ‘./domain/arpa.zone.gz.sig’ saved [72]

Remote file no newer than local file ‘./domain/db.cache’ -- not retrieving.
Remote file no newer than local file ‘./domain/db.cache.md5’ -- not retrieving.
Remote file no newer than local file ‘./domain/db.cache.sig’ -- not retrieving.
Remote file is newer than local file ‘./domain/in-addr.arpa’ -- retrieving.

--2017-05-20 00:00:33--  ftp://ftp.internic.net/domain/in-addr.arpa
           => ‘./domain/in-addr.arpa’
==> CWD not required.
--> PASV

227 Entering Passive Mode (192,0,32,9,33,34)
--> RETR in-addr.arpa

150 Opening BINARY mode data connection for in-addr.arpa (230891 bytes).
Length: 230891 (225K)

     0K .......... .......... .......... .......... .......... 22% 44.3K 4s
    50K .......... .......... .......... .......... .......... 44% 47.2K 3s
   100K .......... .......... .......... .......... .......... 66% 40.6K 2s
   150K .......... .......... .......... .......... .......... 88% 40.6K 1s
   200K .......... .......... .....                           100% 31.2K=5.5s

226 Transfer complete.
2017-05-20 00:00:43 (41.3 KB/s) - ‘./domain/in-addr.arpa’ saved [230891]

Remote file is newer than local file ‘./domain/in-addr.arpa.gz’ -- retrieving.

--2017-05-20 00:00:43--  ftp://ftp.internic.net/domain/in-addr.arpa.gz
           => ‘./domain/in-addr.arpa.gz’
==> CWD not required.
--> PASV

227 Entering Passive Mode (192,0,32,9,207,195)
--> RETR in-addr.arpa.gz

150 Opening BINARY mode data connection for in-addr.arpa.gz (90365 bytes).
Length: 90365 (88K)

     0K .......... .......... .......... .......... .......... 56% 45.8K 1s
    50K .......... .......... .......... ........             100% 50.9K=1.8s

226 Transfer complete.
2017-05-20 00:00:50 (47.9 KB/s) - ‘./domain/in-addr.arpa.gz’ saved [90365]

Remote file is newer than local file ‘./domain/in-addr.arpa.gz.md5’ -- retrieving.

--2017-05-20 00:00:50--  ftp://ftp.internic.net/domain/in-addr.arpa.gz.md5
           => ‘./domain/in-addr.arpa.gz.md5’
==> CWD not required.
--> PASV

227 Entering Passive Mode (192,0,32,9,41,143)
--> RETR in-addr.arpa.gz.md5

150 Opening BINARY mode data connection for in-addr.arpa.gz.md5 (55 bytes).
Length: 55

     0K                                                       100% 28.9K=0.002s

226 Transfer complete.
2017-05-20 00:00:51 (28.9 KB/s) - ‘./domain/in-addr.arpa.gz.md5’ saved [55]

Remote file is newer than local file ‘./domain/in-addr.arpa.gz.sha256’ -- retrieving.

--2017-05-20 00:00:51--  ftp://ftp.internic.net/domain/in-addr.arpa.gz.sha256
           => ‘./domain/in-addr.arpa.gz.sha256’
==> CWD not required.
--> PASV

227 Entering Passive Mode (192,0,32,9,81,226)
--> RETR in-addr.arpa.gz.sha256

150 Opening BINARY mode data connection for in-addr.arpa.gz.sha256 (90 bytes).
Length: 90

     0K                                                       100% 6.36K=0.01s

226 Transfer complete.
2017-05-20 00:00:57 (6.36 KB/s) - ‘./domain/in-addr.arpa.gz.sha256’ saved [90]

Remote file is newer than local file ‘./domain/in-addr.arpa.md5’ -- retrieving.

--2017-05-20 00:00:57--  ftp://ftp.internic.net/domain/in-addr.arpa.md5
           => ‘./domain/in-addr.arpa.md5’
==> CWD not required.
--> PASV

227 Entering Passive Mode (192,0,32,9,77,193)
--> RETR in-addr.arpa.md5

150 Opening BINARY mode data connection for in-addr.arpa.md5 (52 bytes).
Length: 52

     0K                                                       100% 1.06M=0s

226 Transfer complete.
2017-05-20 00:01:00 (1.06 MB/s) - ‘./domain/in-addr.arpa.md5’ saved [52]

Remote file is newer than local file ‘./domain/in-addr.arpa.sha256’ -- retrieving.

--2017-05-20 00:01:00--  ftp://ftp.internic.net/domain/in-addr.arpa.sha256
           => ‘./domain/in-addr.arpa.sha256’
==> CWD not required.
--> PASV

227 Entering Passive Mode (192,0,32,9,239,172)
--> RETR in-addr.arpa.sha256

150 Opening BINARY mode data connection for in-addr.arpa.sha256 (87 bytes).
Length: 87

     0K                                                       100% 24.7K=0.003s

226 Transfer complete.
2017-05-20 00:01:06 (24.7 KB/s) - ‘./domain/in-addr.arpa.sha256’ saved [87]

Remote file is newer than local file ‘./domain/in-addr.arpa.zone’ -- retrieving.

--2017-05-20 00:01:06--  ftp://ftp.internic.net/domain/in-addr.arpa.zone
           => ‘./domain/in-addr.arpa.zone’
==> CWD not required.
--> PASV

227 Entering Passive Mode (192,0,32,9,118,159)
--> RETR in-addr.arpa.zone

150 Opening BINARY mode data connection for in-addr.arpa.zone (230891 bytes).
Length: 230891 (225K)

     0K .......... .......... .......... .......... .......... 22% 28.9K 6s
    50K .......... .......... .......... .......... .......... 44% 37.1K 4s
   100K .......... .......... .......... .......... .......... 66% 2.47M 2s
   150K .......... .......... .......... .......... .......... 88%  126K 0s
   200K .......... .......... .....                           100% 2.96M=3.5s

226 Transfer complete.
2017-05-20 00:01:11 (64.4 KB/s) - ‘./domain/in-addr.arpa.zone’ saved [230891]

Remote file is newer than local file ‘./domain/in-addr.arpa.zone.gz’ -- retrieving.

--2017-05-20 00:01:11--  ftp://ftp.internic.net/domain/in-addr.arpa.zone.gz
           => ‘./domain/in-addr.arpa.zone.gz’
==> CWD not required.
--> PASV

227 Entering Passive Mode (192,0,32,9,174,136)
--> RETR in-addr.arpa.zone.gz

150 Opening BINARY mode data connection for in-addr.arpa.zone.gz (90365 bytes).
Length: 90365 (88K)

     0K .......... .......... .......... .......... .......... 56% 48.9K 1s
    50K .......... .......... .......... ........             100% 91.5K=1.4s

226 Transfer complete.
2017-05-20 00:01:14 (61.3 KB/s) - ‘./domain/in-addr.arpa.zone.gz’ saved [90365]

Remote file is newer than local file ‘./domain/in-addr.arpa.zone.gz.md5’ -- retrieving.

--2017-05-20 00:01:14--  ftp://ftp.internic.net/domain/in-addr.arpa.zone.gz.md5
           => ‘./domain/in-addr.arpa.zone.gz.md5’
==> CWD not required.
--> PASV

227 Entering Passive Mode (192,0,32,9,44,175)
--> RETR in-addr.arpa.zone.gz.md5

150 Opening BINARY mode data connection for in-addr.arpa.zone.gz.md5 (60 bytes).
Length: 60

     0K                                                       100%  651K=0s

226 Transfer complete.
2017-05-20 00:01:16 (651 KB/s) - ‘./domain/in-addr.arpa.zone.gz.md5’ saved [60]

Remote file is newer than local file ‘./domain/in-addr.arpa.zone.gz.sha256’ -- retrieving.

--2017-05-20 00:01:16--  ftp://ftp.internic.net/domain/in-addr.arpa.zone.gz.sha256
           => ‘./domain/in-addr.arpa.zone.gz.sha256’
==> CWD not required.
--> PASV

227 Entering Passive Mode (192,0,32,9,41,58)
--> RETR in-addr.arpa.zone.gz.sha256

150 Opening BINARY mode data connection for in-addr.arpa.zone.gz.sha256 (95 bytes).
Length: 95

     0K                                                       100%  610K=0s

226 Transfer complete.
2017-05-20 00:01:18 (610 KB/s) - ‘./domain/in-addr.arpa.zone.gz.sha256’ saved [95]

Remote file is newer than local file ‘./domain/in-addr.arpa.zone.md5’ -- retrieving.

--2017-05-20 00:01:18--  ftp://ftp.internic.net/domain/in-addr.arpa.zone.md5
           => ‘./domain/in-addr.arpa.zone.md5’
==> CWD not required.
--> PASV

227 Entering Passive Mode (192,0,32,9,41,213)
--> RETR in-addr.arpa.zone.md5

150 Opening BINARY mode data connection for in-addr.arpa.zone.md5 (57 bytes).
Length: 57

     0K                                                       100% 2.49K=0.02s

226 Transfer complete.
2017-05-20 00:01:20 (2.49 KB/s) - ‘./domain/in-addr.arpa.zone.md5’ saved [57]

Remote file is newer than local file ‘./domain/in-addr.arpa.zone.sha256’ -- retrieving.

--2017-05-20 00:01:20--  ftp://ftp.internic.net/domain/in-addr.arpa.zone.sha256
           => ‘./domain/in-addr.arpa.zone.sha256’
==> CWD not required.
--> PASV

227 Entering Passive Mode (192,0,32,9,42,153)
--> RETR in-addr.arpa.zone.sha256

150 Opening BINARY mode data connection for in-addr.arpa.zone.sha256 (92 bytes).
Length: 92

     0K                                                       100%  749K=0s

226 Transfer complete.
2017-05-20 00:01:21 (749 KB/s) - ‘./domain/in-addr.arpa.zone.sha256’ saved [92]

Remote file is newer than local file ‘./domain/ip6.arpa’ -- retrieving.

--2017-05-20 00:01:22--  ftp://ftp.internic.net/domain/ip6.arpa
           => ‘./domain/ip6.arpa’
==> CWD not required.
--> PASV

227 Entering Passive Mode (192,0,32,9,41,208)
--> RETR ip6.arpa

150 Opening BINARY mode data connection for ip6.arpa (62071 bytes).
Length: 62071 (61K)

     0K .......... .......... .......... .......... .......... 82% 40.7K 0s
    50K ..........                                            100% 9.12M=1.2s

226 Transfer complete.
2017-05-20 00:01:25 (49.2 KB/s) - ‘./domain/ip6.arpa’ saved [62071]

Remote file is newer than local file ‘./domain/ip6.arpa.gz’ -- retrieving.

--2017-05-20 00:01:25--  ftp://ftp.internic.net/domain/ip6.arpa.gz
           => ‘./domain/ip6.arpa.gz’
==> CWD not required.
--> PASV

227 Entering Passive Mode (192,0,32,9,115,47)
--> RETR ip6.arpa.gz

150 Opening BINARY mode data connection for ip6.arpa.gz (24389 bytes).
Length: 24389 (24K)

     0K .......... .......... ...                             100% 57.8K=0.4s

226 Transfer complete.
2017-05-20 00:01:28 (57.8 KB/s) - ‘./domain/ip6.arpa.gz’ saved [24389]

Remote file is newer than local file ‘./domain/ip6.arpa.gz.md5’ -- retrieving.

--2017-05-20 00:01:28--  ftp://ftp.internic.net/domain/ip6.arpa.gz.md5
           => ‘./domain/ip6.arpa.gz.md5’
==> CWD not required.
--> PASV

227 Entering Passive Mode (192,0,32,9,168,244)
--> RETR ip6.arpa.gz.md5

150 Opening BINARY mode data connection for ip6.arpa.gz.md5 (51 bytes).
Length: 51

     0K                                                       100%  356K=0s

226 Transfer complete.
2017-05-20 00:01:30 (356 KB/s) - ‘./domain/ip6.arpa.gz.md5’ saved [51]

Remote file is newer than local file ‘./domain/ip6.arpa.gz.sha256’ -- retrieving.

--2017-05-20 00:01:30--  ftp://ftp.internic.net/domain/ip6.arpa.gz.sha256
           => ‘./domain/ip6.arpa.gz.sha256’
==> CWD not required.
--> PASV

227 Entering Passive Mode (192,0,32,9,205,81)
--> RETR ip6.arpa.gz.sha256

150 Opening BINARY mode data connection for ip6.arpa.gz.sha256 (86 bytes).
Length: 86

     0K                                                       100% 44.1K=0.002s

226 Transfer complete.
2017-05-20 00:01:31 (44.1 KB/s) - ‘./domain/ip6.arpa.gz.sha256’ saved [86]

Remote file is newer than local file ‘./domain/ip6.arpa.md5’ -- retrieving.

--2017-05-20 00:01:31--  ftp://ftp.internic.net/domain/ip6.arpa.md5
           => ‘./domain/ip6.arpa.md5’
==> CWD not required.
--> PASV

227 Entering Passive Mode (192,0,32,9,41,229)
--> RETR ip6.arpa.md5

150 Opening BINARY mode data connection for ip6.arpa.md5 (48 bytes).
Length: 48

     0K                                                       100%  387K=0s

226 Transfer complete.
2017-05-20 00:01:33 (387 KB/s) - ‘./domain/ip6.arpa.md5’ saved [48]

Remote file is newer than local file ‘./domain/ip6.arpa.sha256’ -- retrieving.

--2017-05-20 00:01:33--  ftp://ftp.internic.net/domain/ip6.arpa.sha256
           => ‘./domain/ip6.arpa.sha256’
==> CWD not required.
--> PASV

227 Entering Passive Mode (192,0,32,9,127,227)
--> RETR ip6.arpa.sha256

150 Opening BINARY mode data connection for ip6.arpa.sha256 (83 bytes).
Length: 83

     0K                                                       100%  670K=0s

226 Transfer complete.
2017-05-20 00:01:35 (670 KB/s) - ‘./domain/ip6.arpa.sha256’ saved [83]

Remote file is newer than local file ‘./domain/ip6.arpa.zone’ -- retrieving.

--2017-05-20 00:01:35--  ftp://ftp.internic.net/domain/ip6.arpa.zone
           => ‘./domain/ip6.arpa.zone’
==> CWD not required.
--> PASV

227 Entering Passive Mode (192,0,32,9,41,26)
--> RETR ip6.arpa.zone

150 Opening BINARY mode data connection for ip6.arpa.zone (62071 bytes).
Length: 62071 (61K)

     0K .......... .......... .......... .......... .......... 82% 40.5K 0s
    50K ..........                                            100% 25.3K=1.7s

226 Transfer complete.
2017-05-20 00:01:38 (36.7 KB/s) - ‘./domain/ip6.arpa.zone’ saved [62071]

Remote file is newer than local file ‘./domain/ip6.arpa.zone.gz’ -- retrieving.

--2017-05-20 00:01:39--  ftp://ftp.internic.net/domain/ip6.arpa.zone.gz
           => ‘./domain/ip6.arpa.zone.gz’
==> CWD not required.
--> PASV

227 Entering Passive Mode (192,0,32,9,41,186)
--> RETR ip6.arpa.zone.gz

150 Opening BINARY mode data connection for ip6.arpa.zone.gz (24389 bytes).
Length: 24389 (24K)

     0K .......... .......... ...                             100% 56.7K=0.4s

226 Transfer complete.
2017-05-20 00:01:41 (56.7 KB/s) - ‘./domain/ip6.arpa.zone.gz’ saved [24389]

Remote file is newer than local file ‘./domain/ip6.arpa.zone.gz.md5’ -- retrieving.

--2017-05-20 00:01:41--  ftp://ftp.internic.net/domain/ip6.arpa.zone.gz.md5
           => ‘./domain/ip6.arpa.zone.gz.md5’
==> CWD not required.
--> PASV

227 Entering Passive Mode (192,0,32,9,236,42)
--> RETR ip6.arpa.zone.gz.md5

150 Opening BINARY mode data connection for ip6.arpa.zone.gz.md5 (56 bytes).
Length: 56

     0K                                                       100%  516K=0s

226 Transfer complete.
2017-05-20 00:01:43 (516 KB/s) - ‘./domain/ip6.arpa.zone.gz.md5’ saved [56]

Remote file is newer than local file ‘./domain/ip6.arpa.zone.gz.sha256’ -- retrieving.

--2017-05-20 00:01:43--  ftp://ftp.internic.net/domain/ip6.arpa.zone.gz.sha256
           => ‘./domain/ip6.arpa.zone.gz.sha256’
==> CWD not required.
--> PASV

227 Entering Passive Mode (192,0,32,9,18,65)
--> RETR ip6.arpa.zone.gz.sha256

150 Opening BINARY mode data connection for ip6.arpa.zone.gz.sha256 (91 bytes).
Length: 91

     0K                                                       100%  514K=0s

226 Transfer complete.
2017-05-20 00:01:45 (514 KB/s) - ‘./domain/ip6.arpa.zone.gz.sha256’ saved [91]

Remote file is newer than local file ‘./domain/ip6.arpa.zone.md5’ -- retrieving.

--2017-05-20 00:01:45--  ftp://ftp.internic.net/domain/ip6.arpa.zone.md5
           => ‘./domain/ip6.arpa.zone.md5’
==> CWD not required.
--> PASV

227 Entering Passive Mode (192,0,32,9,41,149)
--> RETR ip6.arpa.zone.md5

150 Opening BINARY mode data connection for ip6.arpa.zone.md5 (53 bytes).
Length: 53

     0K                                                       100%  112K=0s

226 Transfer complete.
2017-05-20 00:01:46 (112 KB/s) - ‘./domain/ip6.arpa.zone.md5’ saved [53]

Remote file is newer than local file ‘./domain/ip6.arpa.zone.sha256’ -- retrieving.

--2017-05-20 00:01:46--  ftp://ftp.internic.net/domain/ip6.arpa.zone.sha256
           => ‘./domain/ip6.arpa.zone.sha256’
==> CWD not required.
--> PASV

227 Entering Passive Mode (192,0,32,9,82,225)
--> RETR ip6.arpa.zone.sha256

150 Opening BINARY mode data connection for ip6.arpa.zone.sha256 (88 bytes).
Length: 88

     0K                                                       100% 1.82M=0s

226 Transfer complete.
2017-05-20 00:01:48 (1.82 MB/s) - ‘./domain/ip6.arpa.zone.sha256’ saved [88]

Remote file is newer than local file ‘./domain/last_update.txt’ -- retrieving.

--2017-05-20 00:01:48--  ftp://ftp.internic.net/domain/last_update.txt
           => ‘./domain/last_update.txt’
==> CWD not required.
--> PASV

227 Entering Passive Mode (192,0,32,9,100,135)
--> RETR last_update.txt

150 Opening BINARY mode data connection for last_update.txt (21 bytes).
Length: 21

     0K                                                       100%  154K=0s

226 Transfer complete.
2017-05-20 00:01:49 (154 KB/s) - ‘./domain/last_update.txt’ saved [21]

Remote file no newer than local file ‘./domain/named.cache’ -- not retrieving.
Remote file no newer than local file ‘./domain/named.cache.md5’ -- not retrieving.
Remote file no newer than local file ‘./domain/named.cache.sig’ -- not retrieving.
Remote file no newer than local file ‘./domain/named.root’ -- not retrieving.
Remote file no newer than local file ‘./domain/named.root.md5’ -- not retrieving.
Remote file no newer than local file ‘./domain/named.root.sig’ -- not retrieving.
Remote file no newer than local file ‘./domain/root-servers.net.zone’ -- not retrieving.
Remote file no newer than local file ‘./domain/root-servers.net.zone.gz’ -- not retrieving.
Remote file no newer than local file ‘./domain/root-servers.net.zone.gz.md5’ -- not retrieving.
Remote file no newer than local file ‘./domain/root-servers.net.zone.gz.sig’ -- not retrieving.
The sizes do not match (local 1629760) -- retrieving.

--2017-05-20 00:01:49--  ftp://ftp.internic.net/domain/root.zone
           => ‘./domain/root.zone’
==> CWD not required.
--> PASV

227 Entering Passive Mode (192,0,32,9,136,164)
--> RETR root.zone

150 Opening BINARY mode data connection for root.zone (2235276 bytes).
Length: 2235276 (2.1M)

     0K .......... .......... .......... .......... ..........  2% 40.4K 53s
    50K .......... .......... .......... .......... ..........  4% 61.5K 43s
   100K .......... .......... .......... .......... ..........  6%  155K 32s
   150K .......... .......... .......... .......... ..........  9% 1.87M 24s
   200K .......... .......... .......... .......... .......... 11%  246K 20s
   250K .......... .......... .......... .......... .......... 13%  231K 18s
   300K .......... .......... .......... .......... .......... 16% 3.29M 15s
   350K .......... .......... .......... .......... .......... 18% 14.9M 13s
   400K .......... .......... .......... .......... .......... 20% 16.0K 23s
   450K .......... .......... .......... .......... .......... 22% 15.2M 20s
   500K .......... .......... .......... .......... .......... 25% 14.1M 18s
   550K .......... .......... .......... .......... .......... 27% 27.6M 16s
   600K .......... .......... .......... .......... .......... 29% 28.1M 14s
   650K .......... .......... .......... .......... .......... 32% 33.9M 13s
   700K .......... .......... .......... .......... .......... 34% 35.3M 11s
   750K .......... .......... .......... .......... .......... 36% 34.7M 10s
   800K .......... .......... .......... .......... .......... 38% 31.1M 9s
   850K .......... .......... .......... .......... .......... 41% 35.6M 9s
   900K .......... .......... .......... .......... .......... 43% 34.7M 8s
   950K .......... .......... .......... .......... .......... 45% 32.0M 7s
  1000K .......... .......... .......... .......... .......... 48%  131K 7s
  1050K .......... .......... .......... .......... .......... 50% 3.06M 6s
  1100K .......... .......... .......... .......... .......... 52% 4.41M 6s
  1150K .......... .......... .......... .......... .......... 54% 5.21M 5s
  1200K .......... .......... .......... .......... .......... 57%  134K 5s
  1250K .......... .......... .......... .......... .......... 59% 3.23M 5s
  1300K .......... .......... .......... .......... .......... 61% 5.80M 4s
  1350K .......... .......... .......... .......... .......... 64% 4.00M 4s
  1400K .......... .......... .......... .......... .......... 66%  134K 4s
  1450K .......... .......... .......... .......... .......... 68% 1.77M 3s
  1500K .......... .......... .......... .......... .......... 71% 6.77M 3s
  1550K .......... .......... .......... .......... .......... 73% 4.00M 3s
  1600K .......... .......... .......... .......... .......... 75% 7.26M 2s
  1650K .......... .......... .......... .......... .......... 77%  137K 2s
  1700K .......... .......... .......... .......... .......... 80% 6.17M 2s
  1750K .......... .......... .......... .......... .......... 82% 3.87M 2s
  1800K .......... .......... .......... .......... .......... 84% 5.00M 1s
  1850K .......... .......... .......... .......... .......... 87%  136K 1s
  1900K .......... .......... .......... .......... .......... 89% 4.06M 1s
  1950K .......... .......... .......... .......... .......... 91% 3.81M 1s
  2000K .......... .......... .......... .......... .......... 93% 5.87M 1s
  2050K .......... .......... .......... .......... .......... 96% 6.19M 0s
  2100K .......... .......... .......... .......... .......... 98%  128K 0s
  2150K .......... .......... .......... ..                   100% 5.75M=8.4s

226 Transfer complete.
2017-05-20 00:02:00 (259 KB/s) - ‘./domain/root.zone’ saved [2235276]

The sizes do not match (local 1049646) -- retrieving.

--2017-05-20 00:02:00--  ftp://ftp.internic.net/domain/root.zone.gz
           => ‘./domain/root.zone.gz’
==> CWD not required.
--> PASV

227 Entering Passive Mode (192,0,32,9,211,32)
--> RETR root.zone.gz

150 Opening BINARY mode data connection for root.zone.gz (1049774 bytes).
Length: 1049774 (1.0M)

     0K .......... .......... .......... .......... ..........  4% 40.7K 24s
    50K .......... .......... .......... .......... ..........  9% 61.2K 19s
   100K .......... .......... .......... .......... .......... 14% 2.63M 12s
   150K .......... .......... .......... .......... .......... 19%  126K 10s
   200K .......... .......... .......... .......... .......... 24% 3.63M 8s
   250K .......... .......... .......... .......... .......... 29% 4.72M 6s
   300K .......... .......... .......... .......... .......... 34%  127K 6s
   350K .......... .......... .......... .......... .......... 39% 3.99M 5s
   400K .......... .......... .......... .......... .......... 43% 7.39M 4s
   450K .......... .......... .......... .......... .......... 48% 3.81M 3s
   500K .......... .......... .......... .......... .......... 53% 42.0K 4s
   550K .......... .......... .......... .......... .......... 58% 26.1M 3s
   600K .......... .......... .......... .......... .......... 63% 7.50M 2s
   650K .......... .......... .......... .......... .......... 68% 3.73M 2s
   700K .......... .......... .......... .......... .......... 73% 6.50M 2s
   750K .......... .......... .......... .......... .......... 78% 19.9M 1s
   800K .......... .......... .......... .......... .......... 82%  134K 1s
   850K .......... .......... .......... .......... .......... 87% 3.92M 1s
   900K .......... .......... .......... .......... .......... 92% 3.33M 0s
   950K .......... .......... .......... .......... .......... 97% 74.7K 0s
  1000K .......... .......... .....                           100% 93.8M=5.2s

226 Transfer complete.
2017-05-20 00:02:10 (197 KB/s) - ‘./domain/root.zone.gz’ saved [1049774]

Remote file is newer than local file ‘./domain/root.zone.gz.md5’ -- retrieving.

--2017-05-20 00:02:10--  ftp://ftp.internic.net/domain/root.zone.gz.md5
           => ‘./domain/root.zone.gz.md5’
==> CWD not required.
--> PASV

227 Entering Passive Mode (192,0,32,9,185,133)
--> RETR root.zone.gz.md5

150 Opening BINARY mode data connection for root.zone.gz.md5 (33 bytes).
Length: 33

     0K                                                       100%  254K=0s

226 Transfer complete.
2017-05-20 00:02:12 (254 KB/s) - ‘./domain/root.zone.gz.md5’ saved [33]

Remote file is newer than local file ‘./domain/root.zone.gz.sig’ -- retrieving.

--2017-05-20 00:02:12--  ftp://ftp.internic.net/domain/root.zone.gz.sig
           => ‘./domain/root.zone.gz.sig’
==> CWD not required.
--> PASV

227 Entering Passive Mode (192,0,32,9,8,209)
--> RETR root.zone.gz.sig

150 Opening BINARY mode data connection for root.zone.gz.sig (72 bytes).
Length: 72

     0K                                                       100%  537K=0s

226 Transfer complete.
2017-05-20 00:02:15 (537 KB/s) - ‘./domain/root.zone.gz.sig’ saved [72]

Remote file is newer than local file ‘./domain/root.zone.md5’ -- retrieving.

--2017-05-20 00:02:15--  ftp://ftp.internic.net/domain/root.zone.md5
           => ‘./domain/root.zone.md5’
==> CWD not required.
--> PASV

227 Entering Passive Mode (192,0,32,9,107,18)
--> RETR root.zone.md5

150 Opening BINARY mode data connection for root.zone.md5 (33 bytes).
Length: 33

     0K                                                       100%  256K=0s

226 Transfer complete.
2017-05-20 00:02:17 (256 KB/s) - ‘./domain/root.zone.md5’ saved [33]

Remote file is newer than local file ‘./domain/root.zone.sig’ -- retrieving.

--2017-05-20 00:02:17--  ftp://ftp.internic.net/domain/root.zone.sig
           => ‘./domain/root.zone.sig’
==> CWD not required.
--> PASV

227 Entering Passive Mode (192,0,32,9,41,32)
--> RETR root.zone.sig

150 Opening BINARY mode data connection for root.zone.sig (72 bytes).
Length: 72

     0K                                                       100% 73.8K=0.001s

226 Transfer complete.
2017-05-20 00:02:19 (73.8 KB/s) - ‘./domain/root.zone.sig’ saved [72]

FINISHED --2017-05-20 00:02:19--
Total wall clock time: 2m 16s
Downloaded: 40 files, 3.9M in 30s (136 KB/s)
