--2017-07-01 00:00:02--  ftp://ftp.internic.net/*
           => ‘./.listing’
Resolving ftp.internic.net (ftp.internic.net)... 192.0.32.9, 2620:0:2d0:200::9
Connecting to ftp.internic.net (ftp.internic.net)|192.0.32.9|:21... connected.
Logging in as anonymous ... 
220 Internic FTP Server
--> USER anonymous

331 Please specify the password.
--> PASS Turtle Power!

230 Login successful.
--> SYST

215 UNIX Type: L8
--> PWD

257 "/"
--> TYPE I

200 Switching to Binary mode.
==> CWD not needed.
--> PASV

227 Entering Passive Mode (192,0,32,9,41,83)
--> LIST -a

150 Here comes the directory listing.

     0K                                                        2.03M=0s

226 Directory send OK.
drwxr-xr-x    3 ftp      ftp          4096 Apr 04  2012 .
drwxr-xr-x    3 ftp      ftp          4096 Apr 04  2012 ..
drwxr-xr-x    2 ftp      ftp          4096 Sep 09  2015 domain
2017-07-01 00:00:06 (2.03 MB/s) - ‘./.listing’ saved [183]

--2017-07-01 00:00:08--  ftp://ftp.internic.net/domain/*
           => ‘./domain/.listing’
--> CWD /domain

250 Directory successfully changed.
--> PASV

227 Entering Passive Mode (192,0,32,9,42,202)
--> LIST -a

150 Here comes the directory listing.

     0K ...                                                    52.1M=0s

226 Directory send OK.
drwxr-xr-x    2 ftp      ftp          4096 Sep 09  2015 .
drwxr-xr-x    3 ftp      ftp          4096 Apr 04  2012 ..
-rw-r--r--    1 ftp      ftp          1829 Aug 18  2015 .listing
-rw-r--r--    1 ftp      ftp          1224 Jun 30 12:15 INTERNIC_ROOT_ZONE.signatures
-rw-r--r--    1 ftp      ftp          1469 Jun 30 12:15 INTERNIC_ROOT_ZONE.signatures.asc
-rw-r--r--    1 ftp      ftp         15438 Jun 30 12:15 arpa.zone
-rw-r--r--    1 ftp      ftp          6769 Jun 30 12:15 arpa.zone.gz
-rw-r--r--    1 ftp      ftp            33 Jun 30 12:15 arpa.zone.gz.md5
-rw-r--r--    1 ftp      ftp            72 Jun 30 12:15 arpa.zone.gz.sig
-rw-r--r--    1 ftp      ftp          3289 Jun 01 15:27 db.cache
-rw-r--r--    1 ftp      ftp            33 Jun 01 15:27 db.cache.md5
-rw-r--r--    1 ftp      ftp            72 Jun 01 15:27 db.cache.sig
-rw-r--r--    1 ftp      ftp        228753 Jun 30 15:40 in-addr.arpa
-rw-r--r--    1 ftp      ftp         90617 Jun 30 15:40 in-addr.arpa.gz
-rw-r--r--    1 ftp      ftp            55 Jun 30 15:40 in-addr.arpa.gz.md5
-rw-r--r--    1 ftp      ftp            90 Jun 30 15:40 in-addr.arpa.gz.sha256
-rw-r--r--    1 ftp      ftp            52 Jun 30 15:40 in-addr.arpa.md5
-rw-r--r--    1 ftp      ftp            87 Jun 30 15:40 in-addr.arpa.sha256
-rw-r--r--    1 ftp      ftp        228753 Jun 30 15:40 in-addr.arpa.zone
-rw-r--r--    1 ftp      ftp         90617 Jun 30 15:40 in-addr.arpa.zone.gz
-rw-r--r--    1 ftp      ftp            60 Jun 30 15:40 in-addr.arpa.zone.gz.md5
-rw-r--r--    1 ftp      ftp            95 Jun 30 15:40 in-addr.arpa.zone.gz.sha256
-rw-r--r--    1 ftp      ftp            57 Jun 30 15:40 in-addr.arpa.zone.md5
-rw-r--r--    1 ftp      ftp            92 Jun 30 15:40 in-addr.arpa.zone.sha256
-rw-r--r--    1 ftp      ftp         61264 Jun 30 15:40 ip6.arpa
-rw-r--r--    1 ftp      ftp         24325 Jun 30 15:40 ip6.arpa.gz
-rw-r--r--    1 ftp      ftp            51 Jun 30 15:40 ip6.arpa.gz.md5
-rw-r--r--    1 ftp      ftp            86 Jun 30 15:40 ip6.arpa.gz.sha256
-rw-r--r--    1 ftp      ftp            48 Jun 30 15:40 ip6.arpa.md5
-rw-r--r--    1 ftp      ftp            83 Jun 30 15:40 ip6.arpa.sha256
-rw-r--r--    1 ftp      ftp         61264 Jun 30 15:40 ip6.arpa.zone
-rw-r--r--    1 ftp      ftp         24325 Jun 30 15:40 ip6.arpa.zone.gz
-rw-r--r--    1 ftp      ftp            56 Jun 30 15:40 ip6.arpa.zone.gz.md5
-rw-r--r--    1 ftp      ftp            91 Jun 30 15:40 ip6.arpa.zone.gz.sha256
-rw-r--r--    1 ftp      ftp            53 Jun 30 15:40 ip6.arpa.zone.md5
-rw-r--r--    1 ftp      ftp            88 Jun 30 15:40 ip6.arpa.zone.sha256
-rw-r--r--    1 ftp      ftp            21 Jun 30 15:40 last_update.txt
-rw-r--r--    1 ftp      ftp          3289 Jun 01 15:27 named.cache
-rw-r--r--    1 ftp      ftp            33 Jun 01 15:27 named.cache.md5
-rw-r--r--    1 ftp      ftp            72 Jun 01 15:27 named.cache.sig
-rw-r--r--    1 ftp      ftp          3289 Jun 01 15:27 named.root
-rw-r--r--    1 ftp      ftp            33 Jun 01 15:27 named.root.md5
-rw-r--r--    1 ftp      ftp            72 Jun 01 15:27 named.root.sig
-rw-r--r--    1 ftp      ftp          2111 Jun 01 15:27 root-servers.net.zone
-rw-r--r--    1 ftp      ftp           575 Jun 01 15:27 root-servers.net.zone.gz
-rw-r--r--    1 ftp      ftp            33 Jun 01 15:27 root-servers.net.zone.gz.md5
-rw-r--r--    1 ftp      ftp            72 Jun 01 15:27 root-servers.net.zone.gz.sig
-rw-r--r--    1 ftp      ftp       2258736 Jun 30 05:34 root.zone
-rw-r--r--    1 ftp      ftp       1060528 Jun 30 05:34 root.zone.gz
-rw-r--r--    1 ftp      ftp            33 Jun 30 05:34 root.zone.gz.md5
-rw-r--r--    1 ftp      ftp            72 Jun 30 05:34 root.zone.gz.sig
-rw-r--r--    1 ftp      ftp            33 Jun 30 05:34 root.zone.md5
-rw-r--r--    1 ftp      ftp            72 Jun 30 05:34 root.zone.sig
2017-07-01 00:00:09 (52.1 MB/s) - ‘./domain/.listing’ saved [3930]

The sizes do not match (local 3930) -- retrieving.

--2017-07-01 00:00:09--  ftp://ftp.internic.net/domain/.listing
           => ‘./domain/.listing’
==> CWD not required.
--> PASV

227 Entering Passive Mode (192,0,32,9,229,5)
--> RETR .listing

150 Opening BINARY mode data connection for .listing (1829 bytes).
Length: 1829 (1.8K)

     0K .                                                     100% 10.9M=0s

226 Transfer complete.
2017-07-01 00:00:10 (10.9 MB/s) - ‘./domain/.listing’ saved [1829]

Remote file is newer than local file ‘./domain/INTERNIC_ROOT_ZONE.signatures’ -- retrieving.

--2017-07-01 00:00:10--  ftp://ftp.internic.net/domain/INTERNIC_ROOT_ZONE.signatures
           => ‘./domain/INTERNIC_ROOT_ZONE.signatures’
==> CWD not required.
--> PASV

227 Entering Passive Mode (192,0,32,9,136,69)
--> RETR INTERNIC_ROOT_ZONE.signatures

150 Opening BINARY mode data connection for INTERNIC_ROOT_ZONE.signatures (1224 bytes).
Length: 1224 (1.2K)

     0K .                                                     100% 13.1M=0s

226 Transfer complete.
2017-07-01 00:00:11 (13.1 MB/s) - ‘./domain/INTERNIC_ROOT_ZONE.signatures’ saved [1224]

Remote file is newer than local file ‘./domain/INTERNIC_ROOT_ZONE.signatures.asc’ -- retrieving.

--2017-07-01 00:00:11--  ftp://ftp.internic.net/domain/INTERNIC_ROOT_ZONE.signatures.asc
           => ‘./domain/INTERNIC_ROOT_ZONE.signatures.asc’
==> CWD not required.
--> PASV

227 Entering Passive Mode (192,0,32,9,39,23)
--> RETR INTERNIC_ROOT_ZONE.signatures.asc

150 Opening BINARY mode data connection for INTERNIC_ROOT_ZONE.signatures.asc (1469 bytes).
Length: 1469 (1.4K)

     0K .                                                     100%  373K=0.004s

226 Transfer complete.
2017-07-01 00:00:12 (373 KB/s) - ‘./domain/INTERNIC_ROOT_ZONE.signatures.asc’ saved [1469]

Remote file is newer than local file ‘./domain/arpa.zone’ -- retrieving.

--2017-07-01 00:00:12--  ftp://ftp.internic.net/domain/arpa.zone
           => ‘./domain/arpa.zone’
==> CWD not required.
--> PASV

227 Entering Passive Mode (192,0,32,9,42,61)
--> RETR arpa.zone

150 Opening BINARY mode data connection for arpa.zone (15438 bytes).
Length: 15438 (15K)

     0K .......... .....                                      100% 1.55M=0.009s

226 Transfer complete.
2017-07-01 00:00:12 (1.55 MB/s) - ‘./domain/arpa.zone’ saved [15438]

The sizes do not match (local 6791) -- retrieving.

--2017-07-01 00:00:12--  ftp://ftp.internic.net/domain/arpa.zone.gz
           => ‘./domain/arpa.zone.gz’
==> CWD not required.
--> PASV

227 Entering Passive Mode (192,0,32,9,41,78)
--> RETR arpa.zone.gz

150 Opening BINARY mode data connection for arpa.zone.gz (6769 bytes).
Length: 6769 (6.6K)

     0K ......                                                100% 50.4M=0s

226 Transfer complete.
2017-07-01 00:00:13 (50.4 MB/s) - ‘./domain/arpa.zone.gz’ saved [6769]

Remote file is newer than local file ‘./domain/arpa.zone.gz.md5’ -- retrieving.

--2017-07-01 00:00:13--  ftp://ftp.internic.net/domain/arpa.zone.gz.md5
           => ‘./domain/arpa.zone.gz.md5’
==> CWD not required.
--> PASV

227 Entering Passive Mode (192,0,32,9,97,81)
--> RETR arpa.zone.gz.md5

150 Opening BINARY mode data connection for arpa.zone.gz.md5 (33 bytes).
Length: 33

     0K                                                       100%  264K=0s

226 Transfer complete.
2017-07-01 00:00:14 (264 KB/s) - ‘./domain/arpa.zone.gz.md5’ saved [33]

Remote file is newer than local file ‘./domain/arpa.zone.gz.sig’ -- retrieving.

--2017-07-01 00:00:14--  ftp://ftp.internic.net/domain/arpa.zone.gz.sig
           => ‘./domain/arpa.zone.gz.sig’
==> CWD not required.
--> PASV

227 Entering Passive Mode (192,0,32,9,44,38)
--> RETR arpa.zone.gz.sig

150 Opening BINARY mode data connection for arpa.zone.gz.sig (72 bytes).
Length: 72

     0K                                                       100% 1004K=0s

226 Transfer complete.
2017-07-01 00:00:15 (1004 KB/s) - ‘./domain/arpa.zone.gz.sig’ saved [72]

Remote file no newer than local file ‘./domain/db.cache’ -- not retrieving.
Remote file no newer than local file ‘./domain/db.cache.md5’ -- not retrieving.
Remote file no newer than local file ‘./domain/db.cache.sig’ -- not retrieving.
Remote file is newer than local file ‘./domain/in-addr.arpa’ -- retrieving.

--2017-07-01 00:00:15--  ftp://ftp.internic.net/domain/in-addr.arpa
           => ‘./domain/in-addr.arpa’
==> CWD not required.
--> PASV

227 Entering Passive Mode (192,0,32,9,203,177)
--> RETR in-addr.arpa

150 Opening BINARY mode data connection for in-addr.arpa (228753 bytes).
Length: 228753 (223K)

     0K .......... .......... .......... .......... .......... 22% 81.7K 2s
    50K .......... .......... .......... .......... .......... 44% 85.2K 1s
   100K .......... .......... .......... .......... .......... 67% 77.6K 1s
   150K .......... .......... .......... .......... .......... 89%  122K 0s
   200K .......... .......... ...                             100%  111K=2.5s

226 Transfer complete.
2017-07-01 00:00:18 (90.7 KB/s) - ‘./domain/in-addr.arpa’ saved [228753]

The sizes do not match (local 90662) -- retrieving.

--2017-07-01 00:00:18--  ftp://ftp.internic.net/domain/in-addr.arpa.gz
           => ‘./domain/in-addr.arpa.gz’
==> CWD not required.
--> PASV

227 Entering Passive Mode (192,0,32,9,41,137)
--> RETR in-addr.arpa.gz

150 Opening BINARY mode data connection for in-addr.arpa.gz (90617 bytes).
Length: 90617 (88K)

     0K .......... .......... .......... .......... .......... 56% 81.4K 0s
    50K .......... .......... .......... ........             100% 93.7K=1.0s

226 Transfer complete.
2017-07-01 00:00:20 (86.4 KB/s) - ‘./domain/in-addr.arpa.gz’ saved [90617]

Remote file is newer than local file ‘./domain/in-addr.arpa.gz.md5’ -- retrieving.

--2017-07-01 00:00:20--  ftp://ftp.internic.net/domain/in-addr.arpa.gz.md5
           => ‘./domain/in-addr.arpa.gz.md5’
==> CWD not required.
--> PASV

227 Entering Passive Mode (192,0,32,9,94,180)
--> RETR in-addr.arpa.gz.md5

150 Opening BINARY mode data connection for in-addr.arpa.gz.md5 (55 bytes).
Length: 55

     0K                                                       100%  451K=0s

226 Transfer complete.
2017-07-01 00:00:21 (451 KB/s) - ‘./domain/in-addr.arpa.gz.md5’ saved [55]

Remote file is newer than local file ‘./domain/in-addr.arpa.gz.sha256’ -- retrieving.

--2017-07-01 00:00:21--  ftp://ftp.internic.net/domain/in-addr.arpa.gz.sha256
           => ‘./domain/in-addr.arpa.gz.sha256’
==> CWD not required.
--> PASV

227 Entering Passive Mode (192,0,32,9,42,151)
--> RETR in-addr.arpa.gz.sha256

150 Opening BINARY mode data connection for in-addr.arpa.gz.sha256 (90 bytes).
Length: 90

     0K                                                       100% 1.01M=0s

226 Transfer complete.
2017-07-01 00:00:22 (1.01 MB/s) - ‘./domain/in-addr.arpa.gz.sha256’ saved [90]

Remote file is newer than local file ‘./domain/in-addr.arpa.md5’ -- retrieving.

--2017-07-01 00:00:22--  ftp://ftp.internic.net/domain/in-addr.arpa.md5
           => ‘./domain/in-addr.arpa.md5’
==> CWD not required.
--> PASV

227 Entering Passive Mode (192,0,32,9,66,24)
--> RETR in-addr.arpa.md5

150 Opening BINARY mode data connection for in-addr.arpa.md5 (52 bytes).
Length: 52

     0K                                                       100%  736K=0s

226 Transfer complete.
2017-07-01 00:00:23 (736 KB/s) - ‘./domain/in-addr.arpa.md5’ saved [52]

Remote file is newer than local file ‘./domain/in-addr.arpa.sha256’ -- retrieving.

--2017-07-01 00:00:23--  ftp://ftp.internic.net/domain/in-addr.arpa.sha256
           => ‘./domain/in-addr.arpa.sha256’
==> CWD not required.
--> PASV

227 Entering Passive Mode (192,0,32,9,150,145)
--> RETR in-addr.arpa.sha256

150 Opening BINARY mode data connection for in-addr.arpa.sha256 (87 bytes).
Length: 87

     0K                                                       100% 1.19M=0s

226 Transfer complete.
2017-07-01 00:00:23 (1.19 MB/s) - ‘./domain/in-addr.arpa.sha256’ saved [87]

Remote file is newer than local file ‘./domain/in-addr.arpa.zone’ -- retrieving.

--2017-07-01 00:00:24--  ftp://ftp.internic.net/domain/in-addr.arpa.zone
           => ‘./domain/in-addr.arpa.zone’
==> CWD not required.
--> PASV

227 Entering Passive Mode (192,0,32,9,137,52)
--> RETR in-addr.arpa.zone

150 Opening BINARY mode data connection for in-addr.arpa.zone (228753 bytes).
Length: 228753 (223K)

     0K .......... .......... .......... .......... .......... 22% 81.3K 2s
    50K .......... .......... .......... .......... .......... 44% 81.4K 2s
   100K .......... .......... .......... .......... .......... 67%  121K 1s
   150K .......... .......... .......... .......... .......... 89%  122K 0s
   200K .......... .......... ...                             100%  114K=2.3s

226 Transfer complete.
2017-07-01 00:00:27 (99.0 KB/s) - ‘./domain/in-addr.arpa.zone’ saved [228753]

The sizes do not match (local 90662) -- retrieving.

--2017-07-01 00:00:27--  ftp://ftp.internic.net/domain/in-addr.arpa.zone.gz
           => ‘./domain/in-addr.arpa.zone.gz’
==> CWD not required.
--> PASV

227 Entering Passive Mode (192,0,32,9,144,87)
--> RETR in-addr.arpa.zone.gz

150 Opening BINARY mode data connection for in-addr.arpa.zone.gz (90617 bytes).
Length: 90617 (88K)

     0K .......... .......... .......... .......... .......... 56% 93.6K 0s
    50K .......... .......... .......... ........             100%  105K=0.9s

226 Transfer complete.
2017-07-01 00:00:28 (98.4 KB/s) - ‘./domain/in-addr.arpa.zone.gz’ saved [90617]

Remote file is newer than local file ‘./domain/in-addr.arpa.zone.gz.md5’ -- retrieving.

--2017-07-01 00:00:28--  ftp://ftp.internic.net/domain/in-addr.arpa.zone.gz.md5
           => ‘./domain/in-addr.arpa.zone.gz.md5’
==> CWD not required.
--> PASV

227 Entering Passive Mode (192,0,32,9,234,189)
--> RETR in-addr.arpa.zone.gz.md5

150 Opening BINARY mode data connection for in-addr.arpa.zone.gz.md5 (60 bytes).
Length: 60

     0K                                                       100%  792K=0s

226 Transfer complete.
2017-07-01 00:00:29 (792 KB/s) - ‘./domain/in-addr.arpa.zone.gz.md5’ saved [60]

Remote file is newer than local file ‘./domain/in-addr.arpa.zone.gz.sha256’ -- retrieving.

--2017-07-01 00:00:29--  ftp://ftp.internic.net/domain/in-addr.arpa.zone.gz.sha256
           => ‘./domain/in-addr.arpa.zone.gz.sha256’
==> CWD not required.
--> PASV

227 Entering Passive Mode (192,0,32,9,39,215)
--> RETR in-addr.arpa.zone.gz.sha256

150 Opening BINARY mode data connection for in-addr.arpa.zone.gz.sha256 (95 bytes).
Length: 95

     0K                                                       100%  183K=0.001s

226 Transfer complete.
2017-07-01 00:00:30 (183 KB/s) - ‘./domain/in-addr.arpa.zone.gz.sha256’ saved [95]

Remote file is newer than local file ‘./domain/in-addr.arpa.zone.md5’ -- retrieving.

--2017-07-01 00:00:30--  ftp://ftp.internic.net/domain/in-addr.arpa.zone.md5
           => ‘./domain/in-addr.arpa.zone.md5’
==> CWD not required.
--> PASV

227 Entering Passive Mode (192,0,32,9,126,30)
--> RETR in-addr.arpa.zone.md5

150 Opening BINARY mode data connection for in-addr.arpa.zone.md5 (57 bytes).
Length: 57

     0K                                                       100%  732K=0s

226 Transfer complete.
2017-07-01 00:00:30 (732 KB/s) - ‘./domain/in-addr.arpa.zone.md5’ saved [57]

Remote file is newer than local file ‘./domain/in-addr.arpa.zone.sha256’ -- retrieving.

--2017-07-01 00:00:30--  ftp://ftp.internic.net/domain/in-addr.arpa.zone.sha256
           => ‘./domain/in-addr.arpa.zone.sha256’
==> CWD not required.
--> PASV

227 Entering Passive Mode (192,0,32,9,151,106)
--> RETR in-addr.arpa.zone.sha256

150 Opening BINARY mode data connection for in-addr.arpa.zone.sha256 (92 bytes).
Length: 92

     0K                                                       100%  824K=0s

226 Transfer complete.
2017-07-01 00:00:31 (824 KB/s) - ‘./domain/in-addr.arpa.zone.sha256’ saved [92]

Remote file is newer than local file ‘./domain/ip6.arpa’ -- retrieving.

--2017-07-01 00:00:31--  ftp://ftp.internic.net/domain/ip6.arpa
           => ‘./domain/ip6.arpa’
==> CWD not required.
--> PASV

227 Entering Passive Mode (192,0,32,9,145,17)
--> RETR ip6.arpa

150 Opening BINARY mode data connection for ip6.arpa (61264 bytes).
Length: 61264 (60K)

     0K .......... .......... .......... .......... .......... 83% 90.3K 0s
    50K .........                                             100%  805K=0.6s

226 Transfer complete.
2017-07-01 00:00:32 (106 KB/s) - ‘./domain/ip6.arpa’ saved [61264]

The sizes do not match (local 24320) -- retrieving.

--2017-07-01 00:00:32--  ftp://ftp.internic.net/domain/ip6.arpa.gz
           => ‘./domain/ip6.arpa.gz’
==> CWD not required.
--> PASV

227 Entering Passive Mode (192,0,32,9,114,210)
--> RETR ip6.arpa.gz

150 Opening BINARY mode data connection for ip6.arpa.gz (24325 bytes).
Length: 24325 (24K)

     0K .......... .......... ...                             100%  114K=0.2s

226 Transfer complete.
2017-07-01 00:00:33 (114 KB/s) - ‘./domain/ip6.arpa.gz’ saved [24325]

Remote file is newer than local file ‘./domain/ip6.arpa.gz.md5’ -- retrieving.

--2017-07-01 00:00:33--  ftp://ftp.internic.net/domain/ip6.arpa.gz.md5
           => ‘./domain/ip6.arpa.gz.md5’
==> CWD not required.
--> PASV

227 Entering Passive Mode (192,0,32,9,247,23)
--> RETR ip6.arpa.gz.md5

150 Opening BINARY mode data connection for ip6.arpa.gz.md5 (51 bytes).
Length: 51

     0K                                                       100%  244K=0s

226 Transfer complete.
2017-07-01 00:00:34 (244 KB/s) - ‘./domain/ip6.arpa.gz.md5’ saved [51]

Remote file is newer than local file ‘./domain/ip6.arpa.gz.sha256’ -- retrieving.

--2017-07-01 00:00:34--  ftp://ftp.internic.net/domain/ip6.arpa.gz.sha256
           => ‘./domain/ip6.arpa.gz.sha256’
==> CWD not required.
--> PASV

227 Entering Passive Mode (192,0,32,9,231,141)
--> RETR ip6.arpa.gz.sha256

150 Opening BINARY mode data connection for ip6.arpa.gz.sha256 (86 bytes).
Length: 86

     0K                                                       100% 1.22M=0s

226 Transfer complete.
2017-07-01 00:00:35 (1.22 MB/s) - ‘./domain/ip6.arpa.gz.sha256’ saved [86]

Remote file is newer than local file ‘./domain/ip6.arpa.md5’ -- retrieving.

--2017-07-01 00:00:35--  ftp://ftp.internic.net/domain/ip6.arpa.md5
           => ‘./domain/ip6.arpa.md5’
==> CWD not required.
--> PASV

227 Entering Passive Mode (192,0,32,9,207,149)
--> RETR ip6.arpa.md5

150 Opening BINARY mode data connection for ip6.arpa.md5 (48 bytes).
Length: 48

     0K                                                       100%  286K=0s

226 Transfer complete.
2017-07-01 00:00:36 (286 KB/s) - ‘./domain/ip6.arpa.md5’ saved [48]

Remote file is newer than local file ‘./domain/ip6.arpa.sha256’ -- retrieving.

--2017-07-01 00:00:36--  ftp://ftp.internic.net/domain/ip6.arpa.sha256
           => ‘./domain/ip6.arpa.sha256’
==> CWD not required.
--> PASV

227 Entering Passive Mode (192,0,32,9,176,112)
--> RETR ip6.arpa.sha256

150 Opening BINARY mode data connection for ip6.arpa.sha256 (83 bytes).
Length: 83

     0K                                                       100% 1.15M=0s

226 Transfer complete.
2017-07-01 00:00:37 (1.15 MB/s) - ‘./domain/ip6.arpa.sha256’ saved [83]

Remote file is newer than local file ‘./domain/ip6.arpa.zone’ -- retrieving.

--2017-07-01 00:00:37--  ftp://ftp.internic.net/domain/ip6.arpa.zone
           => ‘./domain/ip6.arpa.zone’
==> CWD not required.
--> PASV

227 Entering Passive Mode (192,0,32,9,140,38)
--> RETR ip6.arpa.zone

150 Opening BINARY mode data connection for ip6.arpa.zone (61264 bytes).
Length: 61264 (60K)

     0K .......... .......... .......... .......... .......... 83% 76.4K 0s
    50K .........                                             100% 57.5M=0.7s

226 Transfer complete.
2017-07-01 00:00:39 (91.4 KB/s) - ‘./domain/ip6.arpa.zone’ saved [61264]

The sizes do not match (local 24320) -- retrieving.

--2017-07-01 00:00:39--  ftp://ftp.internic.net/domain/ip6.arpa.zone.gz
           => ‘./domain/ip6.arpa.zone.gz’
==> CWD not required.
--> PASV

227 Entering Passive Mode (192,0,32,9,77,71)
--> RETR ip6.arpa.zone.gz

150 Opening BINARY mode data connection for ip6.arpa.zone.gz (24325 bytes).
Length: 24325 (24K)

     0K .......... .......... ...                             100%  111K=0.2s

226 Transfer complete.
2017-07-01 00:00:40 (111 KB/s) - ‘./domain/ip6.arpa.zone.gz’ saved [24325]

Remote file is newer than local file ‘./domain/ip6.arpa.zone.gz.md5’ -- retrieving.

--2017-07-01 00:00:40--  ftp://ftp.internic.net/domain/ip6.arpa.zone.gz.md5
           => ‘./domain/ip6.arpa.zone.gz.md5’
==> CWD not required.
--> PASV

227 Entering Passive Mode (192,0,32,9,152,82)
--> RETR ip6.arpa.zone.gz.md5

150 Opening BINARY mode data connection for ip6.arpa.zone.gz.md5 (56 bytes).
Length: 56

     0K                                                       100%  760K=0s

226 Transfer complete.
2017-07-01 00:00:41 (760 KB/s) - ‘./domain/ip6.arpa.zone.gz.md5’ saved [56]

Remote file is newer than local file ‘./domain/ip6.arpa.zone.gz.sha256’ -- retrieving.

--2017-07-01 00:00:41--  ftp://ftp.internic.net/domain/ip6.arpa.zone.gz.sha256
           => ‘./domain/ip6.arpa.zone.gz.sha256’
==> CWD not required.
--> PASV

227 Entering Passive Mode (192,0,32,9,86,49)
--> RETR ip6.arpa.zone.gz.sha256

150 Opening BINARY mode data connection for ip6.arpa.zone.gz.sha256 (91 bytes).
Length: 91

     0K                                                       100% 1.81M=0s

226 Transfer complete.
2017-07-01 00:00:41 (1.81 MB/s) - ‘./domain/ip6.arpa.zone.gz.sha256’ saved [91]

Remote file is newer than local file ‘./domain/ip6.arpa.zone.md5’ -- retrieving.

--2017-07-01 00:00:41--  ftp://ftp.internic.net/domain/ip6.arpa.zone.md5
           => ‘./domain/ip6.arpa.zone.md5’
==> CWD not required.
--> PASV

227 Entering Passive Mode (192,0,32,9,177,22)
--> RETR ip6.arpa.zone.md5

150 Opening BINARY mode data connection for ip6.arpa.zone.md5 (53 bytes).
Length: 53

     0K                                                       100%  699K=0s

226 Transfer complete.
2017-07-01 00:00:42 (699 KB/s) - ‘./domain/ip6.arpa.zone.md5’ saved [53]

Remote file is newer than local file ‘./domain/ip6.arpa.zone.sha256’ -- retrieving.

--2017-07-01 00:00:42--  ftp://ftp.internic.net/domain/ip6.arpa.zone.sha256
           => ‘./domain/ip6.arpa.zone.sha256’
==> CWD not required.
--> PASV

227 Entering Passive Mode (192,0,32,9,232,232)
--> RETR ip6.arpa.zone.sha256

150 Opening BINARY mode data connection for ip6.arpa.zone.sha256 (88 bytes).
Length: 88

     0K                                                       100% 1.10M=0s

226 Transfer complete.
2017-07-01 00:00:43 (1.10 MB/s) - ‘./domain/ip6.arpa.zone.sha256’ saved [88]

Remote file is newer than local file ‘./domain/last_update.txt’ -- retrieving.

--2017-07-01 00:00:43--  ftp://ftp.internic.net/domain/last_update.txt
           => ‘./domain/last_update.txt’
==> CWD not required.
--> PASV

227 Entering Passive Mode (192,0,32,9,199,253)
--> RETR last_update.txt

150 Opening BINARY mode data connection for last_update.txt (21 bytes).
Length: 21

     0K                                                       100%  306K=0s

226 Transfer complete.
2017-07-01 00:00:44 (306 KB/s) - ‘./domain/last_update.txt’ saved [21]

Remote file no newer than local file ‘./domain/named.cache’ -- not retrieving.
Remote file no newer than local file ‘./domain/named.cache.md5’ -- not retrieving.
Remote file no newer than local file ‘./domain/named.cache.sig’ -- not retrieving.
Remote file no newer than local file ‘./domain/named.root’ -- not retrieving.
Remote file no newer than local file ‘./domain/named.root.md5’ -- not retrieving.
Remote file no newer than local file ‘./domain/named.root.sig’ -- not retrieving.
Remote file no newer than local file ‘./domain/root-servers.net.zone’ -- not retrieving.
Remote file no newer than local file ‘./domain/root-servers.net.zone.gz’ -- not retrieving.
Remote file no newer than local file ‘./domain/root-servers.net.zone.gz.md5’ -- not retrieving.
Remote file no newer than local file ‘./domain/root-servers.net.zone.gz.sig’ -- not retrieving.
The sizes do not match (local 2242833) -- retrieving.

--2017-07-01 00:00:44--  ftp://ftp.internic.net/domain/root.zone
           => ‘./domain/root.zone’
==> CWD not required.
--> PASV

227 Entering Passive Mode (192,0,32,9,220,17)
--> RETR root.zone

150 Opening BINARY mode data connection for root.zone (2258736 bytes).
Length: 2258736 (2.2M)

     0K .......... .......... .......... .......... ..........  2% 81.4K 26s
    50K .......... .......... .......... .......... ..........  4% 81.0K 26s
   100K .......... .......... .......... .......... ..........  6%  123K 22s
   150K .......... .......... .......... .......... ..........  9% 81.0K 23s
   200K .......... .......... .......... .......... .......... 11%  244K 19s
   250K .......... .......... .......... .......... .......... 13%  122K 18s
   300K .......... .......... .......... .......... .......... 15%  122K 17s
   350K .......... .......... .......... .......... .......... 18%  119K 17s
   400K .......... .......... .......... .......... .......... 20%  246K 15s
   450K .......... .......... .......... .......... .......... 22%  255K 14s
   500K .......... .......... .......... .......... .......... 24%  140K 13s
   550K .......... .......... .......... .......... .......... 27%  292K 12s
   600K .......... .......... .......... .......... .......... 29%  276K 12s
   650K .......... .......... .......... .......... .......... 31%  297K 11s
   700K .......... .......... .......... .......... .......... 34%  186K 10s
   750K .......... .......... .......... .......... .......... 36%  305K 10s
   800K .......... .......... .......... .......... .......... 38%  223K 9s
   850K .......... .......... .......... .......... .......... 40% 13.3M 8s
   900K .......... .......... .......... .......... .......... 43%  234K 8s
   950K .......... .......... .......... .......... .......... 45%  253K 7s
  1000K .......... .......... .......... .......... .......... 47% 3.82M 7s
  1050K .......... .......... .......... .......... .......... 49%  263K 6s
  1100K .......... .......... .......... .......... .......... 52% 2.86M 6s
  1150K .......... .......... .......... .......... .......... 54%  287K 5s
  1200K .......... .......... .......... .......... .......... 56% 1.39M 5s
  1250K .......... .......... .......... .......... .......... 58%  276K 5s
  1300K .......... .......... .......... .......... .......... 61% 12.5M 4s
  1350K .......... .......... .......... .......... .......... 63%  298K 4s
  1400K .......... .......... .......... .......... .......... 65% 1.27M 4s
  1450K .......... .......... .......... .......... .......... 68%  949K 3s
  1500K .......... .......... .......... .......... .......... 70%  443K 3s
  1550K .......... .......... .......... .......... .......... 72% 1.23M 3s
  1600K .......... .......... .......... .......... .......... 74% 1.34M 2s
  1650K .......... .......... .......... .......... .......... 77%  487K 2s
  1700K .......... .......... .......... .......... .......... 79% 1.11M 2s
  1750K .......... .......... .......... .......... .......... 81% 1.68M 2s
  1800K .......... .......... .......... .......... .......... 83%  541K 1s
  1850K .......... .......... .......... .......... .......... 86% 1.36M 1s
  1900K .......... .......... .......... .......... .......... 88% 1.25M 1s
  1950K .......... .......... .......... .......... .......... 90%  493K 1s
  2000K .......... .......... .......... .......... .......... 92% 1.07M 1s
  2050K .......... .......... .......... .......... .......... 95% 1.89M 0s
  2100K .......... .......... .......... .......... .......... 97% 1.34M 0s
  2150K .......... .......... .......... .......... .......... 99%  502K 0s
  2200K .....                                                 100% 32.3M=7.8s

226 Transfer complete.
2017-07-01 00:00:52 (284 KB/s) - ‘./domain/root.zone’ saved [2258736]

The sizes do not match (local 1053136) -- retrieving.

--2017-07-01 00:00:52--  ftp://ftp.internic.net/domain/root.zone.gz
           => ‘./domain/root.zone.gz’
==> CWD not required.
--> PASV

227 Entering Passive Mode (192,0,32,9,42,218)
--> RETR root.zone.gz

150 Opening BINARY mode data connection for root.zone.gz (1060528 bytes).
Length: 1060528 (1.0M)

     0K .......... .......... .......... .......... ..........  4%  116K 9s
    50K .......... .......... .......... .......... ..........  9%  280K 6s
   100K .......... .......... .......... .......... .......... 14% 2.61M 4s
   150K .......... .......... .......... .......... .......... 19%  251K 3s
   200K .......... .......... .......... .......... .......... 24%  251K 3s
   250K .......... .......... .......... .......... .......... 28%  253K 3s
   300K .......... .......... .......... .......... .......... 33% 3.63M 2s
   350K .......... .......... .......... .......... .......... 38%  313K 2s
   400K .......... .......... .......... .......... .......... 43% 1.30M 2s
   450K .......... .......... .......... .......... .......... 48%  401K 2s
   500K .......... .......... .......... .......... .......... 53% 1.11M 1s
   550K .......... .......... .......... .......... .......... 57% 1.37M 1s
   600K .......... .......... .......... .......... .......... 62%  393K 1s
   650K .......... .......... .......... .......... .......... 67% 1.06M 1s
   700K .......... .......... .......... .......... .......... 72%  418K 1s
   750K .......... .......... .......... .......... .......... 77% 1.53M 1s
   800K .......... .......... .......... .......... .......... 82%  488K 0s
   850K .......... .......... .......... .......... .......... 86%  671K 0s
   900K .......... .......... .......... .......... .......... 91% 2.68M 0s
   950K .......... .......... .......... .......... .......... 96%  458K 0s
  1000K .......... .......... .......... .....                100%  717K=2.3s

226 Transfer complete.
2017-07-01 00:00:56 (446 KB/s) - ‘./domain/root.zone.gz’ saved [1060528]

Remote file is newer than local file ‘./domain/root.zone.gz.md5’ -- retrieving.

--2017-07-01 00:00:56--  ftp://ftp.internic.net/domain/root.zone.gz.md5
           => ‘./domain/root.zone.gz.md5’
==> CWD not required.
--> PASV

227 Entering Passive Mode (192,0,32,9,29,96)
--> RETR root.zone.gz.md5

150 Opening BINARY mode data connection for root.zone.gz.md5 (33 bytes).
Length: 33

     0K                                                       100% 55.5K=0.001s

226 Transfer complete.
2017-07-01 00:00:56 (55.5 KB/s) - ‘./domain/root.zone.gz.md5’ saved [33]

Remote file is newer than local file ‘./domain/root.zone.gz.sig’ -- retrieving.

--2017-07-01 00:00:56--  ftp://ftp.internic.net/domain/root.zone.gz.sig
           => ‘./domain/root.zone.gz.sig’
==> CWD not required.
--> PASV

227 Entering Passive Mode (192,0,32,9,41,233)
--> RETR root.zone.gz.sig

150 Opening BINARY mode data connection for root.zone.gz.sig (72 bytes).
Length: 72

     0K                                                       100%  938K=0s

226 Transfer complete.
2017-07-01 00:00:57 (938 KB/s) - ‘./domain/root.zone.gz.sig’ saved [72]

Remote file is newer than local file ‘./domain/root.zone.md5’ -- retrieving.

--2017-07-01 00:00:57--  ftp://ftp.internic.net/domain/root.zone.md5
           => ‘./domain/root.zone.md5’
==> CWD not required.
--> PASV

227 Entering Passive Mode (192,0,32,9,13,42)
--> RETR root.zone.md5

150 Opening BINARY mode data connection for root.zone.md5 (33 bytes).
Length: 33

     0K                                                       100%  441K=0s

226 Transfer complete.
2017-07-01 00:00:58 (441 KB/s) - ‘./domain/root.zone.md5’ saved [33]

Remote file is newer than local file ‘./domain/root.zone.sig’ -- retrieving.

--2017-07-01 00:00:58--  ftp://ftp.internic.net/domain/root.zone.sig
           => ‘./domain/root.zone.sig’
==> CWD not required.
--> PASV

227 Entering Passive Mode (192,0,32,9,79,146)
--> RETR root.zone.sig

150 Opening BINARY mode data connection for root.zone.sig (72 bytes).
Length: 72

     0K                                                       100% 1.27M=0s

226 Transfer complete.
2017-07-01 00:00:59 (1.27 MB/s) - ‘./domain/root.zone.sig’ saved [72]

FINISHED --2017-07-01 00:00:59--
Total wall clock time: 57s
Downloaded: 40 files, 4.0M in 18s (221 KB/s)
