--2017-04-20 00:00:01--  ftp://ftp.internic.net/*
           => ‘./.listing’
Resolving ftp.internic.net (ftp.internic.net)... 192.0.32.9, 2620:0:2d0:200::9
Connecting to ftp.internic.net (ftp.internic.net)|192.0.32.9|:21... connected.
Logging in as anonymous ... 
220 Internic FTP Server
--> USER anonymous

331 Please specify the password.
--> PASS Turtle Power!

230 Login successful.
--> SYST

215 UNIX Type: L8
--> PWD

257 "/"
--> TYPE I

200 Switching to Binary mode.
==> CWD not needed.
--> PASV

227 Entering Passive Mode (192,0,32,9,41,87)
--> LIST -a

150 Here comes the directory listing.

     0K                                                        1.10M=0s

226 Directory send OK.
drwxr-xr-x    3 ftp      ftp          4096 Apr 04  2012 .
drwxr-xr-x    3 ftp      ftp          4096 Apr 04  2012 ..
drwxr-xr-x    2 ftp      ftp          4096 Sep 09  2015 domain
2017-04-20 00:00:09 (1.10 MB/s) - ‘./.listing’ saved [183]

--2017-04-20 00:00:09--  ftp://ftp.internic.net/domain/*
           => ‘./domain/.listing’
--> CWD /domain

250 Directory successfully changed.
--> PASV

227 Entering Passive Mode (192,0,32,9,197,107)
--> LIST -a

150 Here comes the directory listing.

     0K ...                                                     198K=0.02s

226 Directory send OK.
drwxr-xr-x    2 ftp      ftp          4096 Sep 09  2015 .
drwxr-xr-x    3 ftp      ftp          4096 Apr 04  2012 ..
-rw-r--r--    1 ftp      ftp          1829 Aug 18  2015 .listing
-rw-r--r--    1 ftp      ftp          1224 Apr 19 12:33 INTERNIC_ROOT_ZONE.signatures
-rw-r--r--    1 ftp      ftp          1469 Apr 19 12:33 INTERNIC_ROOT_ZONE.signatures.asc
-rw-r--r--    1 ftp      ftp         15228 Apr 19 12:33 arpa.zone
-rw-r--r--    1 ftp      ftp          6651 Apr 19 12:33 arpa.zone.gz
-rw-r--r--    1 ftp      ftp            33 Apr 19 12:33 arpa.zone.gz.md5
-rw-r--r--    1 ftp      ftp            72 Apr 19 12:33 arpa.zone.gz.sig
-rw-r--r--    1 ftp      ftp          3289 Apr 11 15:01 db.cache
-rw-r--r--    1 ftp      ftp            33 Apr 11 15:01 db.cache.md5
-rw-r--r--    1 ftp      ftp            72 Apr 11 15:01 db.cache.sig
-rw-r--r--    1 ftp      ftp        230097 Apr 19 15:40 in-addr.arpa
-rw-r--r--    1 ftp      ftp         90836 Apr 19 15:40 in-addr.arpa.gz
-rw-r--r--    1 ftp      ftp            55 Apr 19 15:40 in-addr.arpa.gz.md5
-rw-r--r--    1 ftp      ftp            90 Apr 19 15:40 in-addr.arpa.gz.sha256
-rw-r--r--    1 ftp      ftp            52 Apr 19 15:40 in-addr.arpa.md5
-rw-r--r--    1 ftp      ftp            87 Apr 19 15:40 in-addr.arpa.sha256
-rw-r--r--    1 ftp      ftp        230097 Apr 19 15:40 in-addr.arpa.zone
-rw-r--r--    1 ftp      ftp         90836 Apr 19 15:40 in-addr.arpa.zone.gz
-rw-r--r--    1 ftp      ftp            60 Apr 19 15:40 in-addr.arpa.zone.gz.md5
-rw-r--r--    1 ftp      ftp            95 Apr 19 15:40 in-addr.arpa.zone.gz.sha256
-rw-r--r--    1 ftp      ftp            57 Apr 19 15:40 in-addr.arpa.zone.md5
-rw-r--r--    1 ftp      ftp            92 Apr 19 15:40 in-addr.arpa.zone.sha256
-rw-r--r--    1 ftp      ftp         61853 Apr 19 15:40 ip6.arpa
-rw-r--r--    1 ftp      ftp         24437 Apr 19 15:40 ip6.arpa.gz
-rw-r--r--    1 ftp      ftp            51 Apr 19 15:40 ip6.arpa.gz.md5
-rw-r--r--    1 ftp      ftp            86 Apr 19 15:40 ip6.arpa.gz.sha256
-rw-r--r--    1 ftp      ftp            48 Apr 19 15:40 ip6.arpa.md5
-rw-r--r--    1 ftp      ftp            83 Apr 19 15:40 ip6.arpa.sha256
-rw-r--r--    1 ftp      ftp         61853 Apr 19 15:40 ip6.arpa.zone
-rw-r--r--    1 ftp      ftp         24437 Apr 19 15:40 ip6.arpa.zone.gz
-rw-r--r--    1 ftp      ftp            56 Apr 19 15:40 ip6.arpa.zone.gz.md5
-rw-r--r--    1 ftp      ftp            91 Apr 19 15:40 ip6.arpa.zone.gz.sha256
-rw-r--r--    1 ftp      ftp            53 Apr 19 15:40 ip6.arpa.zone.md5
-rw-r--r--    1 ftp      ftp            88 Apr 19 15:40 ip6.arpa.zone.sha256
-rw-r--r--    1 ftp      ftp            21 Apr 19 15:40 last_update.txt
-rw-r--r--    1 ftp      ftp          3289 Apr 11 15:01 named.cache
-rw-r--r--    1 ftp      ftp            33 Apr 11 15:01 named.cache.md5
-rw-r--r--    1 ftp      ftp            72 Apr 11 15:01 named.cache.sig
-rw-r--r--    1 ftp      ftp          3289 Apr 11 15:01 named.root
-rw-r--r--    1 ftp      ftp            33 Apr 11 15:01 named.root.md5
-rw-r--r--    1 ftp      ftp            72 Apr 11 15:01 named.root.sig
-rw-r--r--    1 ftp      ftp          2110 Apr 11 15:01 root-servers.net.zone
-rw-r--r--    1 ftp      ftp           576 Apr 11 15:01 root-servers.net.zone.gz
-rw-r--r--    1 ftp      ftp            33 Apr 11 15:01 root-servers.net.zone.gz.md5
-rw-r--r--    1 ftp      ftp            72 Apr 11 15:01 root-servers.net.zone.gz.sig
-rw-r--r--    1 ftp      ftp       2235246 Apr 19 05:11 root.zone
-rw-r--r--    1 ftp      ftp       1049646 Apr 19 05:12 root.zone.gz
-rw-r--r--    1 ftp      ftp            33 Apr 19 05:11 root.zone.gz.md5
-rw-r--r--    1 ftp      ftp            72 Apr 19 05:12 root.zone.gz.sig
-rw-r--r--    1 ftp      ftp            33 Apr 19 05:11 root.zone.md5
-rw-r--r--    1 ftp      ftp            72 Apr 19 05:12 root.zone.sig
2017-04-20 00:00:10 (198 KB/s) - ‘./domain/.listing’ saved [3930]

The sizes do not match (local 3930) -- retrieving.

--2017-04-20 00:00:10--  ftp://ftp.internic.net/domain/.listing
           => ‘./domain/.listing’
==> CWD not required.
--> PASV

227 Entering Passive Mode (192,0,32,9,206,15)
--> RETR .listing

150 Opening BINARY mode data connection for .listing (1829 bytes).
Length: 1829 (1.8K)

     0K .                                                     100% 15.0M=0s

226 Transfer complete.
2017-04-20 00:00:11 (15.0 MB/s) - ‘./domain/.listing’ saved [1829]

Remote file is newer than local file ‘./domain/INTERNIC_ROOT_ZONE.signatures’ -- retrieving.

--2017-04-20 00:00:11--  ftp://ftp.internic.net/domain/INTERNIC_ROOT_ZONE.signatures
           => ‘./domain/INTERNIC_ROOT_ZONE.signatures’
==> CWD not required.
--> PASV

227 Entering Passive Mode (192,0,32,9,42,62)
--> RETR INTERNIC_ROOT_ZONE.signatures

150 Opening BINARY mode data connection for INTERNIC_ROOT_ZONE.signatures (1224 bytes).
Length: 1224 (1.2K)

     0K .                                                     100% 10.2M=0s

226 Transfer complete.
2017-04-20 00:00:12 (10.2 MB/s) - ‘./domain/INTERNIC_ROOT_ZONE.signatures’ saved [1224]

Remote file is newer than local file ‘./domain/INTERNIC_ROOT_ZONE.signatures.asc’ -- retrieving.

--2017-04-20 00:00:12--  ftp://ftp.internic.net/domain/INTERNIC_ROOT_ZONE.signatures.asc
           => ‘./domain/INTERNIC_ROOT_ZONE.signatures.asc’
==> CWD not required.
--> PASV

227 Entering Passive Mode (192,0,32,9,110,138)
--> RETR INTERNIC_ROOT_ZONE.signatures.asc

150 Opening BINARY mode data connection for INTERNIC_ROOT_ZONE.signatures.asc (1469 bytes).
Length: 1469 (1.4K)

     0K .                                                     100% 12.1M=0s

226 Transfer complete.
2017-04-20 00:00:13 (12.1 MB/s) - ‘./domain/INTERNIC_ROOT_ZONE.signatures.asc’ saved [1469]

Remote file is newer than local file ‘./domain/arpa.zone’ -- retrieving.

--2017-04-20 00:00:13--  ftp://ftp.internic.net/domain/arpa.zone
           => ‘./domain/arpa.zone’
==> CWD not required.
--> PASV

227 Entering Passive Mode (192,0,32,9,254,90)
--> RETR arpa.zone

150 Opening BINARY mode data connection for arpa.zone (15228 bytes).
Length: 15228 (15K)

     0K .......... ....                                       100% 18.2M=0.001s

226 Transfer complete.
2017-04-20 00:00:14 (18.2 MB/s) - ‘./domain/arpa.zone’ saved [15228]

The sizes do not match (local 6657) -- retrieving.

--2017-04-20 00:00:14--  ftp://ftp.internic.net/domain/arpa.zone.gz
           => ‘./domain/arpa.zone.gz’
==> CWD not required.
--> PASV

227 Entering Passive Mode (192,0,32,9,127,113)
--> RETR arpa.zone.gz

150 Opening BINARY mode data connection for arpa.zone.gz (6651 bytes).
Length: 6651 (6.5K)

     0K ......                                                100% 53.3M=0s

226 Transfer complete.
2017-04-20 00:00:16 (53.3 MB/s) - ‘./domain/arpa.zone.gz’ saved [6651]

Remote file is newer than local file ‘./domain/arpa.zone.gz.md5’ -- retrieving.

--2017-04-20 00:00:16--  ftp://ftp.internic.net/domain/arpa.zone.gz.md5
           => ‘./domain/arpa.zone.gz.md5’
==> CWD not required.
--> PASV

227 Entering Passive Mode (192,0,32,9,247,163)
--> RETR arpa.zone.gz.md5

150 Opening BINARY mode data connection for arpa.zone.gz.md5 (33 bytes).
Length: 33

     0K                                                       100% 5.73K=0.006s

226 Transfer complete.
2017-04-20 00:00:17 (5.73 KB/s) - ‘./domain/arpa.zone.gz.md5’ saved [33]

Remote file is newer than local file ‘./domain/arpa.zone.gz.sig’ -- retrieving.

--2017-04-20 00:00:17--  ftp://ftp.internic.net/domain/arpa.zone.gz.sig
           => ‘./domain/arpa.zone.gz.sig’
==> CWD not required.
--> PASV

227 Entering Passive Mode (192,0,32,9,40,217)
--> RETR arpa.zone.gz.sig

150 Opening BINARY mode data connection for arpa.zone.gz.sig (72 bytes).
Length: 72

     0K                                                       100%  606K=0s

226 Transfer complete.
2017-04-20 00:00:18 (606 KB/s) - ‘./domain/arpa.zone.gz.sig’ saved [72]

Remote file no newer than local file ‘./domain/db.cache’ -- not retrieving.
Remote file no newer than local file ‘./domain/db.cache.md5’ -- not retrieving.
Remote file no newer than local file ‘./domain/db.cache.sig’ -- not retrieving.
The sizes do not match (local 229871) -- retrieving.

--2017-04-20 00:00:18--  ftp://ftp.internic.net/domain/in-addr.arpa
           => ‘./domain/in-addr.arpa’
==> CWD not required.
--> PASV

227 Entering Passive Mode (192,0,32,9,173,3)
--> RETR in-addr.arpa

150 Opening BINARY mode data connection for in-addr.arpa (230097 bytes).
Length: 230097 (225K)

     0K .......... .......... .......... .......... .......... 22% 89.9K 2s
    50K .......... .......... .......... .......... .......... 44%  176K 1s
   100K .......... .......... .......... .......... .......... 66% 6.17M 0s
   150K .......... .......... .......... .......... .......... 89%  173K 0s
   200K .......... .......... ....                            100% 87.6K=1.4s

226 Transfer complete.
2017-04-20 00:00:20 (158 KB/s) - ‘./domain/in-addr.arpa’ saved [230097]

The sizes do not match (local 90624) -- retrieving.

--2017-04-20 00:00:20--  ftp://ftp.internic.net/domain/in-addr.arpa.gz
           => ‘./domain/in-addr.arpa.gz’
==> CWD not required.
--> PASV

227 Entering Passive Mode (192,0,32,9,42,20)
--> RETR in-addr.arpa.gz

150 Opening BINARY mode data connection for in-addr.arpa.gz (90836 bytes).
Length: 90836 (89K)

     0K .......... .......... .......... .......... .......... 56% 92.4K 0s
    50K .......... .......... .......... ........             100% 12.9M=0.5s

226 Transfer complete.
2017-04-20 00:00:22 (163 KB/s) - ‘./domain/in-addr.arpa.gz’ saved [90836]

Remote file is newer than local file ‘./domain/in-addr.arpa.gz.md5’ -- retrieving.

--2017-04-20 00:00:22--  ftp://ftp.internic.net/domain/in-addr.arpa.gz.md5
           => ‘./domain/in-addr.arpa.gz.md5’
==> CWD not required.
--> PASV

227 Entering Passive Mode (192,0,32,9,42,33)
--> RETR in-addr.arpa.gz.md5

150 Opening BINARY mode data connection for in-addr.arpa.gz.md5 (55 bytes).
Length: 55

     0K                                                       100% 7.80K=0.007s

226 Transfer complete.
2017-04-20 00:00:23 (7.80 KB/s) - ‘./domain/in-addr.arpa.gz.md5’ saved [55]

Remote file is newer than local file ‘./domain/in-addr.arpa.gz.sha256’ -- retrieving.

--2017-04-20 00:00:23--  ftp://ftp.internic.net/domain/in-addr.arpa.gz.sha256
           => ‘./domain/in-addr.arpa.gz.sha256’
==> CWD not required.
--> PASV

227 Entering Passive Mode (192,0,32,9,42,1)
--> RETR in-addr.arpa.gz.sha256

150 Opening BINARY mode data connection for in-addr.arpa.gz.sha256 (90 bytes).
Length: 90

     0K                                                       100%  150K=0.001s

226 Transfer complete.
2017-04-20 00:00:24 (150 KB/s) - ‘./domain/in-addr.arpa.gz.sha256’ saved [90]

Remote file is newer than local file ‘./domain/in-addr.arpa.md5’ -- retrieving.

--2017-04-20 00:00:24--  ftp://ftp.internic.net/domain/in-addr.arpa.md5
           => ‘./domain/in-addr.arpa.md5’
==> CWD not required.
--> PASV

227 Entering Passive Mode (192,0,32,9,150,18)
--> RETR in-addr.arpa.md5

150 Opening BINARY mode data connection for in-addr.arpa.md5 (52 bytes).
Length: 52

     0K                                                       100% 1.03M=0s

226 Transfer complete.
2017-04-20 00:00:25 (1.03 MB/s) - ‘./domain/in-addr.arpa.md5’ saved [52]

Remote file is newer than local file ‘./domain/in-addr.arpa.sha256’ -- retrieving.

--2017-04-20 00:00:25--  ftp://ftp.internic.net/domain/in-addr.arpa.sha256
           => ‘./domain/in-addr.arpa.sha256’
==> CWD not required.
--> PASV

227 Entering Passive Mode (192,0,32,9,221,108)
--> RETR in-addr.arpa.sha256

150 Opening BINARY mode data connection for in-addr.arpa.sha256 (87 bytes).
Length: 87

     0K                                                       100% 46.7K=0.002s

226 Transfer complete.
2017-04-20 00:00:27 (46.7 KB/s) - ‘./domain/in-addr.arpa.sha256’ saved [87]

The sizes do not match (local 229871) -- retrieving.

--2017-04-20 00:00:27--  ftp://ftp.internic.net/domain/in-addr.arpa.zone
           => ‘./domain/in-addr.arpa.zone’
==> CWD not required.
--> PASV

227 Entering Passive Mode (192,0,32,9,42,14)
--> RETR in-addr.arpa.zone

150 Opening BINARY mode data connection for in-addr.arpa.zone (230097 bytes).
Length: 230097 (225K)

     0K .......... .......... .......... .......... .......... 22% 86.3K 2s
    50K .......... .......... .......... .......... .......... 44%  182K 1s
   100K .......... .......... .......... .......... .......... 66% 27.9M 0s
   150K .......... .......... .......... .......... .......... 89%  182K 0s
   200K .......... .......... ....                            100% 86.5K=1.4s

226 Transfer complete.
2017-04-20 00:00:29 (159 KB/s) - ‘./domain/in-addr.arpa.zone’ saved [230097]

The sizes do not match (local 90624) -- retrieving.

--2017-04-20 00:00:29--  ftp://ftp.internic.net/domain/in-addr.arpa.zone.gz
           => ‘./domain/in-addr.arpa.zone.gz’
==> CWD not required.
--> PASV

227 Entering Passive Mode (192,0,32,9,230,7)
--> RETR in-addr.arpa.zone.gz

150 Opening BINARY mode data connection for in-addr.arpa.zone.gz (90836 bytes).
Length: 90836 (89K)

     0K .......... .......... .......... .......... .......... 56% 86.8K 0s
    50K .......... .......... .......... ........             100% 11.0M=0.6s

226 Transfer complete.
2017-04-20 00:00:31 (153 KB/s) - ‘./domain/in-addr.arpa.zone.gz’ saved [90836]

Remote file is newer than local file ‘./domain/in-addr.arpa.zone.gz.md5’ -- retrieving.

--2017-04-20 00:00:31--  ftp://ftp.internic.net/domain/in-addr.arpa.zone.gz.md5
           => ‘./domain/in-addr.arpa.zone.gz.md5’
==> CWD not required.
--> PASV

227 Entering Passive Mode (192,0,32,9,239,142)
--> RETR in-addr.arpa.zone.gz.md5

150 Opening BINARY mode data connection for in-addr.arpa.zone.gz.md5 (60 bytes).
Length: 60

     0K                                                       100%  249K=0s

226 Transfer complete.
2017-04-20 00:00:32 (249 KB/s) - ‘./domain/in-addr.arpa.zone.gz.md5’ saved [60]

Remote file is newer than local file ‘./domain/in-addr.arpa.zone.gz.sha256’ -- retrieving.

--2017-04-20 00:00:32--  ftp://ftp.internic.net/domain/in-addr.arpa.zone.gz.sha256
           => ‘./domain/in-addr.arpa.zone.gz.sha256’
==> CWD not required.
--> PASV

227 Entering Passive Mode (192,0,32,9,106,161)
--> RETR in-addr.arpa.zone.gz.sha256

150 Opening BINARY mode data connection for in-addr.arpa.zone.gz.sha256 (95 bytes).
Length: 95

     0K                                                       100%  780K=0s

226 Transfer complete.
2017-04-20 00:00:33 (780 KB/s) - ‘./domain/in-addr.arpa.zone.gz.sha256’ saved [95]

Remote file is newer than local file ‘./domain/in-addr.arpa.zone.md5’ -- retrieving.

--2017-04-20 00:00:33--  ftp://ftp.internic.net/domain/in-addr.arpa.zone.md5
           => ‘./domain/in-addr.arpa.zone.md5’
==> CWD not required.
--> PASV

227 Entering Passive Mode (192,0,32,9,186,78)
--> RETR in-addr.arpa.zone.md5

150 Opening BINARY mode data connection for in-addr.arpa.zone.md5 (57 bytes).
Length: 57

     0K                                                       100% 9.71K=0.006s

226 Transfer complete.
2017-04-20 00:00:34 (9.71 KB/s) - ‘./domain/in-addr.arpa.zone.md5’ saved [57]

Remote file is newer than local file ‘./domain/in-addr.arpa.zone.sha256’ -- retrieving.

--2017-04-20 00:00:34--  ftp://ftp.internic.net/domain/in-addr.arpa.zone.sha256
           => ‘./domain/in-addr.arpa.zone.sha256’
==> CWD not required.
--> PASV

227 Entering Passive Mode (192,0,32,9,27,202)
--> RETR in-addr.arpa.zone.sha256

150 Opening BINARY mode data connection for in-addr.arpa.zone.sha256 (92 bytes).
Length: 92

     0K                                                       100% 33.5K=0.003s

226 Transfer complete.
2017-04-20 00:00:35 (33.5 KB/s) - ‘./domain/in-addr.arpa.zone.sha256’ saved [92]

Remote file is newer than local file ‘./domain/ip6.arpa’ -- retrieving.

--2017-04-20 00:00:35--  ftp://ftp.internic.net/domain/ip6.arpa
           => ‘./domain/ip6.arpa’
==> CWD not required.
--> PASV

227 Entering Passive Mode (192,0,32,9,135,150)
--> RETR ip6.arpa

150 Opening BINARY mode data connection for ip6.arpa (61853 bytes).
Length: 61853 (60K)

     0K .......... .......... .......... .......... .......... 82% 44.9K 0s
    50K ..........                                            100% 30.0M=1.1s

226 Transfer complete.
2017-04-20 00:00:38 (54.2 KB/s) - ‘./domain/ip6.arpa’ saved [61853]

The sizes do not match (local 24431) -- retrieving.

--2017-04-20 00:00:38--  ftp://ftp.internic.net/domain/ip6.arpa.gz
           => ‘./domain/ip6.arpa.gz’
==> CWD not required.
--> PASV

227 Entering Passive Mode (192,0,32,9,34,195)
--> RETR ip6.arpa.gz

150 Opening BINARY mode data connection for ip6.arpa.gz (24437 bytes).
Length: 24437 (24K)

     0K .......... .......... ...                             100% 90.1K=0.3s

226 Transfer complete.
2017-04-20 00:00:39 (90.1 KB/s) - ‘./domain/ip6.arpa.gz’ saved [24437]

Remote file is newer than local file ‘./domain/ip6.arpa.gz.md5’ -- retrieving.

--2017-04-20 00:00:39--  ftp://ftp.internic.net/domain/ip6.arpa.gz.md5
           => ‘./domain/ip6.arpa.gz.md5’
==> CWD not required.
--> PASV

227 Entering Passive Mode (192,0,32,9,46,63)
--> RETR ip6.arpa.gz.md5

150 Opening BINARY mode data connection for ip6.arpa.gz.md5 (51 bytes).
Length: 51

     0K                                                       100%  433K=0s

226 Transfer complete.
2017-04-20 00:00:40 (433 KB/s) - ‘./domain/ip6.arpa.gz.md5’ saved [51]

Remote file is newer than local file ‘./domain/ip6.arpa.gz.sha256’ -- retrieving.

--2017-04-20 00:00:40--  ftp://ftp.internic.net/domain/ip6.arpa.gz.sha256
           => ‘./domain/ip6.arpa.gz.sha256’
==> CWD not required.
--> PASV

227 Entering Passive Mode (192,0,32,9,219,165)
--> RETR ip6.arpa.gz.sha256

150 Opening BINARY mode data connection for ip6.arpa.gz.sha256 (86 bytes).
Length: 86

     0K                                                       100% 19.2K=0.004s

226 Transfer complete.
2017-04-20 00:00:41 (19.2 KB/s) - ‘./domain/ip6.arpa.gz.sha256’ saved [86]

Remote file is newer than local file ‘./domain/ip6.arpa.md5’ -- retrieving.

--2017-04-20 00:00:41--  ftp://ftp.internic.net/domain/ip6.arpa.md5
           => ‘./domain/ip6.arpa.md5’
==> CWD not required.
--> PASV

227 Entering Passive Mode (192,0,32,9,52,202)
--> RETR ip6.arpa.md5

150 Opening BINARY mode data connection for ip6.arpa.md5 (48 bytes).
Length: 48

     0K                                                       100%  408K=0s

226 Transfer complete.
2017-04-20 00:00:42 (408 KB/s) - ‘./domain/ip6.arpa.md5’ saved [48]

Remote file is newer than local file ‘./domain/ip6.arpa.sha256’ -- retrieving.

--2017-04-20 00:00:42--  ftp://ftp.internic.net/domain/ip6.arpa.sha256
           => ‘./domain/ip6.arpa.sha256’
==> CWD not required.
--> PASV

227 Entering Passive Mode (192,0,32,9,44,71)
--> RETR ip6.arpa.sha256

150 Opening BINARY mode data connection for ip6.arpa.sha256 (83 bytes).
Length: 83

     0K                                                       100%  705K=0s

226 Transfer complete.
2017-04-20 00:00:44 (705 KB/s) - ‘./domain/ip6.arpa.sha256’ saved [83]

Remote file is newer than local file ‘./domain/ip6.arpa.zone’ -- retrieving.

--2017-04-20 00:00:44--  ftp://ftp.internic.net/domain/ip6.arpa.zone
           => ‘./domain/ip6.arpa.zone’
==> CWD not required.
--> PASV

227 Entering Passive Mode (192,0,32,9,32,219)
--> RETR ip6.arpa.zone

150 Opening BINARY mode data connection for ip6.arpa.zone (61853 bytes).
Length: 61853 (60K)

     0K .......... .......... .......... .......... .......... 82% 92.3K 0s
    50K ..........                                            100% 44.0M=0.5s

226 Transfer complete.
2017-04-20 00:00:45 (111 KB/s) - ‘./domain/ip6.arpa.zone’ saved [61853]

The sizes do not match (local 24431) -- retrieving.

--2017-04-20 00:00:45--  ftp://ftp.internic.net/domain/ip6.arpa.zone.gz
           => ‘./domain/ip6.arpa.zone.gz’
==> CWD not required.
--> PASV

227 Entering Passive Mode (192,0,32,9,65,5)
--> RETR ip6.arpa.zone.gz

150 Opening BINARY mode data connection for ip6.arpa.zone.gz (24437 bytes).
Length: 24437 (24K)

     0K .......... .......... ...                             100% 83.4K=0.3s

226 Transfer complete.
2017-04-20 00:00:47 (83.4 KB/s) - ‘./domain/ip6.arpa.zone.gz’ saved [24437]

Remote file is newer than local file ‘./domain/ip6.arpa.zone.gz.md5’ -- retrieving.

--2017-04-20 00:00:47--  ftp://ftp.internic.net/domain/ip6.arpa.zone.gz.md5
           => ‘./domain/ip6.arpa.zone.gz.md5’
==> CWD not required.
--> PASV

227 Entering Passive Mode (192,0,32,9,41,237)
--> RETR ip6.arpa.zone.gz.md5

150 Opening BINARY mode data connection for ip6.arpa.zone.gz.md5 (56 bytes).
Length: 56

     0K                                                       100% 28.1K=0.002s

226 Transfer complete.
2017-04-20 00:00:48 (28.1 KB/s) - ‘./domain/ip6.arpa.zone.gz.md5’ saved [56]

Remote file is newer than local file ‘./domain/ip6.arpa.zone.gz.sha256’ -- retrieving.

--2017-04-20 00:00:48--  ftp://ftp.internic.net/domain/ip6.arpa.zone.gz.sha256
           => ‘./domain/ip6.arpa.zone.gz.sha256’
==> CWD not required.
--> PASV

227 Entering Passive Mode (192,0,32,9,42,84)
--> RETR ip6.arpa.zone.gz.sha256

150 Opening BINARY mode data connection for ip6.arpa.zone.gz.sha256 (91 bytes).
Length: 91

     0K                                                       100%  705K=0s

226 Transfer complete.
2017-04-20 00:00:49 (705 KB/s) - ‘./domain/ip6.arpa.zone.gz.sha256’ saved [91]

Remote file is newer than local file ‘./domain/ip6.arpa.zone.md5’ -- retrieving.

--2017-04-20 00:00:49--  ftp://ftp.internic.net/domain/ip6.arpa.zone.md5
           => ‘./domain/ip6.arpa.zone.md5’
==> CWD not required.
--> PASV

227 Entering Passive Mode (192,0,32,9,134,199)
--> RETR ip6.arpa.zone.md5

150 Opening BINARY mode data connection for ip6.arpa.zone.md5 (53 bytes).
Length: 53

     0K                                                       100% 2.15K=0.02s

226 Transfer complete.
2017-04-20 00:00:50 (2.15 KB/s) - ‘./domain/ip6.arpa.zone.md5’ saved [53]

Remote file is newer than local file ‘./domain/ip6.arpa.zone.sha256’ -- retrieving.

--2017-04-20 00:00:50--  ftp://ftp.internic.net/domain/ip6.arpa.zone.sha256
           => ‘./domain/ip6.arpa.zone.sha256’
==> CWD not required.
--> PASV

227 Entering Passive Mode (192,0,32,9,88,57)
--> RETR ip6.arpa.zone.sha256

150 Opening BINARY mode data connection for ip6.arpa.zone.sha256 (88 bytes).
Length: 88

     0K                                                       100% 8.67K=0.01s

226 Transfer complete.
2017-04-20 00:00:51 (8.67 KB/s) - ‘./domain/ip6.arpa.zone.sha256’ saved [88]

Remote file is newer than local file ‘./domain/last_update.txt’ -- retrieving.

--2017-04-20 00:00:51--  ftp://ftp.internic.net/domain/last_update.txt
           => ‘./domain/last_update.txt’
==> CWD not required.
--> PASV

227 Entering Passive Mode (192,0,32,9,136,195)
--> RETR last_update.txt

150 Opening BINARY mode data connection for last_update.txt (21 bytes).
Length: 21

     0K                                                       100%  178K=0s

226 Transfer complete.
2017-04-20 00:00:52 (178 KB/s) - ‘./domain/last_update.txt’ saved [21]

Remote file no newer than local file ‘./domain/named.cache’ -- not retrieving.
Remote file no newer than local file ‘./domain/named.cache.md5’ -- not retrieving.
Remote file no newer than local file ‘./domain/named.cache.sig’ -- not retrieving.
Remote file no newer than local file ‘./domain/named.root’ -- not retrieving.
Remote file no newer than local file ‘./domain/named.root.md5’ -- not retrieving.
Remote file no newer than local file ‘./domain/named.root.sig’ -- not retrieving.
Remote file no newer than local file ‘./domain/root-servers.net.zone’ -- not retrieving.
Remote file no newer than local file ‘./domain/root-servers.net.zone.gz’ -- not retrieving.
Remote file no newer than local file ‘./domain/root-servers.net.zone.gz.md5’ -- not retrieving.
Remote file no newer than local file ‘./domain/root-servers.net.zone.gz.sig’ -- not retrieving.
Remote file is newer than local file ‘./domain/root.zone’ -- retrieving.

--2017-04-20 00:00:52--  ftp://ftp.internic.net/domain/root.zone
           => ‘./domain/root.zone’
==> CWD not required.
--> PASV

227 Entering Passive Mode (192,0,32,9,42,206)
--> RETR root.zone

150 Opening BINARY mode data connection for root.zone (2235246 bytes).
Length: 2235246 (2.1M)

     0K .......... .......... .......... .......... ..........  2% 96.4K 22s
    50K .......... .......... .......... .......... ..........  4%  181K 17s
   100K .......... .......... .......... .......... ..........  6% 6.58M 11s
   150K .......... .......... .......... .......... ..........  9%  173K 11s
   200K .......... .......... .......... .......... .......... 11%  172K 11s
   250K .......... .......... .......... .......... .......... 13%  186K 10s
   300K .......... .......... .......... .......... .......... 16% 8.12M 9s
   350K .......... .......... .......... .......... .......... 18%  205K 8s
   400K .......... .......... .......... .......... .......... 20% 12.3M 7s
   450K .......... .......... .......... .......... .......... 22% 9.86M 6s
   500K .......... .......... .......... .......... .......... 25%  187K 6s
   550K .......... .......... .......... .......... .......... 27% 38.0M 6s
   600K .......... .......... .......... .......... .......... 29%  182K 6s
   650K .......... .......... .......... .......... .......... 32% 11.5M 5s
   700K .......... .......... .......... .......... .......... 34% 10.0M 5s
   750K .......... .......... .......... .......... .......... 36%  172K 5s
   800K .......... .......... .......... .......... .......... 38% 37.8M 4s
   850K .......... .......... .......... .......... .......... 41% 38.3M 4s
   900K .......... .......... .......... .......... .......... 43%  184K 4s
   950K .......... .......... .......... .......... .......... 45% 10.7M 4s
  1000K .......... .......... .......... .......... .......... 48% 11.2M 3s
  1050K .......... .......... .......... .......... .......... 50%  183K 3s
  1100K .......... .......... .......... .......... .......... 52% 38.2M 3s
  1150K .......... .......... .......... .......... .......... 54% 38.6M 3s
  1200K .......... .......... .......... .......... .......... 57%  179K 3s
  1250K .......... .......... .......... .......... .......... 59% 30.3M 2s
  1300K .......... .......... .......... .......... .......... 61% 38.8M 2s
  1350K .......... .......... .......... .......... .......... 64%  175K 2s
  1400K .......... .......... .......... .......... .......... 66% 36.6M 2s
  1450K .......... .......... .......... .......... .......... 68% 38.7M 2s
  1500K .......... .......... .......... .......... .......... 71%  186K 2s
  1550K .......... .......... .......... .......... .......... 73% 10.2M 2s
  1600K .......... .......... .......... .......... .......... 75% 10.9M 1s
  1650K .......... .......... .......... .......... .......... 77% 10.6M 1s
  1700K .......... .......... .......... .......... .......... 80%  186K 1s
  1750K .......... .......... .......... .......... .......... 82% 10.1M 1s
  1800K .......... .......... .......... .......... .......... 84% 12.1M 1s
  1850K .......... .......... .......... .......... .......... 87% 11.4M 1s
  1900K .......... .......... .......... .......... .......... 89%  174K 1s
  1950K .......... .......... .......... .......... .......... 91% 38.2M 0s
  2000K .......... .......... .......... .......... .......... 93% 28.1M 0s
  2050K .......... .......... .......... .......... .......... 96%  184K 0s
  2100K .......... .......... .......... .......... .......... 98% 34.2M 0s
  2150K .......... .......... .......... ..                   100% 37.8M=5.0s

226 Transfer complete.
2017-04-20 00:00:58 (436 KB/s) - ‘./domain/root.zone’ saved [2235246]

The sizes do not match (local 1049638) -- retrieving.

--2017-04-20 00:00:58--  ftp://ftp.internic.net/domain/root.zone.gz
           => ‘./domain/root.zone.gz’
==> CWD not required.
--> PASV

227 Entering Passive Mode (192,0,32,9,119,92)
--> RETR root.zone.gz

150 Opening BINARY mode data connection for root.zone.gz (1049646 bytes).
Length: 1049646 (1.0M)

     0K .......... .......... .......... .......... ..........  4% 60.8K 16s
    50K .......... .......... .......... .......... ..........  9%  205K 10s
   100K .......... .......... .......... .......... .......... 14% 98.6K 9s
   150K .......... .......... .......... .......... .......... 19%  186K 8s
   200K .......... .......... .......... .......... .......... 24% 90.8K 7s
   250K .......... .......... .......... .......... .......... 29%  179K 6s
   300K .......... .......... .......... .......... .......... 34%  176K 6s
   350K .......... .......... .......... .......... .......... 39% 88.8K 6s
   400K .......... .......... .......... .......... .......... 43%  182K 5s
   450K .......... .......... .......... .......... .......... 48%  183K 4s
   500K .......... .......... .......... .......... .......... 53% 88.5K 4s
   550K .......... .......... .......... .......... .......... 58% 91.5K 4s
   600K .......... .......... .......... .......... .......... 63%  177K 3s
   650K .......... .......... .......... .......... .......... 68% 89.2K 3s
   700K .......... .......... .......... .......... .......... 73%  190K 2s
   750K .......... .......... .......... .......... .......... 78% 94.4K 2s
   800K .......... .......... .......... .......... .......... 82%  176K 1s
   850K .......... .......... .......... .......... .......... 87%  176K 1s
   900K .......... .......... .......... .......... .......... 92%  188K 1s
   950K .......... .......... .......... .......... .......... 97% 95.1K 0s
  1000K .......... .......... .....                           100% 4.06M=8.2s

226 Transfer complete.
2017-04-20 00:01:08 (125 KB/s) - ‘./domain/root.zone.gz’ saved [1049646]

Remote file is newer than local file ‘./domain/root.zone.gz.md5’ -- retrieving.

--2017-04-20 00:01:08--  ftp://ftp.internic.net/domain/root.zone.gz.md5
           => ‘./domain/root.zone.gz.md5’
==> CWD not required.
--> PASV

227 Entering Passive Mode (192,0,32,9,46,143)
--> RETR root.zone.gz.md5

150 Opening BINARY mode data connection for root.zone.gz.md5 (33 bytes).
Length: 33

     0K                                                       100%  280K=0s

226 Transfer complete.
2017-04-20 00:01:09 (280 KB/s) - ‘./domain/root.zone.gz.md5’ saved [33]

Remote file is newer than local file ‘./domain/root.zone.gz.sig’ -- retrieving.

--2017-04-20 00:01:09--  ftp://ftp.internic.net/domain/root.zone.gz.sig
           => ‘./domain/root.zone.gz.sig’
==> CWD not required.
--> PASV

227 Entering Passive Mode (192,0,32,9,222,85)
--> RETR root.zone.gz.sig

150 Opening BINARY mode data connection for root.zone.gz.sig (72 bytes).
Length: 72

     0K                                                       100% 13.7K=0.005s

226 Transfer complete.
2017-04-20 00:01:10 (13.7 KB/s) - ‘./domain/root.zone.gz.sig’ saved [72]

Remote file is newer than local file ‘./domain/root.zone.md5’ -- retrieving.

--2017-04-20 00:01:10--  ftp://ftp.internic.net/domain/root.zone.md5
           => ‘./domain/root.zone.md5’
==> CWD not required.
--> PASV

227 Entering Passive Mode (192,0,32,9,42,126)
--> RETR root.zone.md5

150 Opening BINARY mode data connection for root.zone.md5 (33 bytes).
Length: 33

     0K                                                       100%  280K=0s

226 Transfer complete.
2017-04-20 00:01:11 (280 KB/s) - ‘./domain/root.zone.md5’ saved [33]

Remote file is newer than local file ‘./domain/root.zone.sig’ -- retrieving.

--2017-04-20 00:01:11--  ftp://ftp.internic.net/domain/root.zone.sig
           => ‘./domain/root.zone.sig’
==> CWD not required.
--> PASV

227 Entering Passive Mode (192,0,32,9,41,205)
--> RETR root.zone.sig

150 Opening BINARY mode data connection for root.zone.sig (72 bytes).
Length: 72

     0K                                                       100%  606K=0s

226 Transfer complete.
2017-04-20 00:01:12 (606 KB/s) - ‘./domain/root.zone.sig’ saved [72]

FINISHED --2017-04-20 00:01:12--
Total wall clock time: 1m 11s
Downloaded: 40 files, 3.9M in 19s (207 KB/s)
