--2017-04-12 00:00:02--  ftp://ftp.internic.net/*
           => ‘./.listing’
Resolving ftp.internic.net (ftp.internic.net)... 192.0.32.9, 2620:0:2d0:200::9
Connecting to ftp.internic.net (ftp.internic.net)|192.0.32.9|:21... connected.
Logging in as anonymous ... 
220 Internic FTP Server
--> USER anonymous

331 Please specify the password.
--> PASS Turtle Power!

230 Login successful.
--> SYST

215 UNIX Type: L8
--> PWD

257 "/"
--> TYPE I

200 Switching to Binary mode.
==> CWD not needed.
--> PASV

227 Entering Passive Mode (192,0,32,9,215,3)
--> LIST -a

150 Here comes the directory listing.

     0K                                                        4.44K=0.04s

226 Directory send OK.
drwxr-xr-x    3 ftp      ftp          4096 Apr 04  2012 .
drwxr-xr-x    3 ftp      ftp          4096 Apr 04  2012 ..
drwxr-xr-x    2 ftp      ftp          4096 Sep 09  2015 domain
2017-04-12 00:00:13 (4.44 KB/s) - ‘./.listing’ saved [183]

--2017-04-12 00:00:13--  ftp://ftp.internic.net/domain/*
           => ‘./domain/.listing’
--> CWD /domain

250 Directory successfully changed.
--> PASV

227 Entering Passive Mode (192,0,32,9,41,18)
--> LIST -a

150 Here comes the directory listing.

     0K ...                                                     204K=0.02s

226 Directory send OK.
drwxr-xr-x    2 ftp      ftp          4096 Sep 09  2015 .
drwxr-xr-x    3 ftp      ftp          4096 Apr 04  2012 ..
-rw-r--r--    1 ftp      ftp          1829 Aug 18  2015 .listing
-rw-r--r--    1 ftp      ftp          1224 Apr 11 15:01 INTERNIC_ROOT_ZONE.signatures
-rw-r--r--    1 ftp      ftp          1469 Apr 11 15:01 INTERNIC_ROOT_ZONE.signatures.asc
-rw-r--r--    1 ftp      ftp         15228 Apr 11 14:38 arpa.zone
-rw-r--r--    1 ftp      ftp          6633 Apr 11 14:38 arpa.zone.gz
-rw-r--r--    1 ftp      ftp            33 Apr 11 14:38 arpa.zone.gz.md5
-rw-r--r--    1 ftp      ftp            72 Apr 11 14:38 arpa.zone.gz.sig
-rw-r--r--    1 ftp      ftp          3289 Apr 11 15:01 db.cache
-rw-r--r--    1 ftp      ftp            33 Apr 11 15:01 db.cache.md5
-rw-r--r--    1 ftp      ftp            72 Apr 11 15:01 db.cache.sig
-rw-r--r--    1 ftp      ftp        229871 Apr 11 15:40 in-addr.arpa
-rw-r--r--    1 ftp      ftp         90619 Apr 11 15:40 in-addr.arpa.gz
-rw-r--r--    1 ftp      ftp            55 Apr 11 15:40 in-addr.arpa.gz.md5
-rw-r--r--    1 ftp      ftp            90 Apr 11 15:40 in-addr.arpa.gz.sha256
-rw-r--r--    1 ftp      ftp            52 Apr 11 15:40 in-addr.arpa.md5
-rw-r--r--    1 ftp      ftp            87 Apr 11 15:40 in-addr.arpa.sha256
-rw-r--r--    1 ftp      ftp        229871 Apr 11 15:40 in-addr.arpa.zone
-rw-r--r--    1 ftp      ftp         90619 Apr 11 15:40 in-addr.arpa.zone.gz
-rw-r--r--    1 ftp      ftp            60 Apr 11 15:40 in-addr.arpa.zone.gz.md5
-rw-r--r--    1 ftp      ftp            95 Apr 11 15:40 in-addr.arpa.zone.gz.sha256
-rw-r--r--    1 ftp      ftp            57 Apr 11 15:40 in-addr.arpa.zone.md5
-rw-r--r--    1 ftp      ftp            92 Apr 11 15:40 in-addr.arpa.zone.sha256
-rw-r--r--    1 ftp      ftp         61853 Apr 11 15:40 ip6.arpa
-rw-r--r--    1 ftp      ftp         24436 Apr 11 15:40 ip6.arpa.gz
-rw-r--r--    1 ftp      ftp            51 Apr 11 15:40 ip6.arpa.gz.md5
-rw-r--r--    1 ftp      ftp            86 Apr 11 15:40 ip6.arpa.gz.sha256
-rw-r--r--    1 ftp      ftp            48 Apr 11 15:40 ip6.arpa.md5
-rw-r--r--    1 ftp      ftp            83 Apr 11 15:40 ip6.arpa.sha256
-rw-r--r--    1 ftp      ftp         61853 Apr 11 15:40 ip6.arpa.zone
-rw-r--r--    1 ftp      ftp         24436 Apr 11 15:40 ip6.arpa.zone.gz
-rw-r--r--    1 ftp      ftp            56 Apr 11 15:40 ip6.arpa.zone.gz.md5
-rw-r--r--    1 ftp      ftp            91 Apr 11 15:40 ip6.arpa.zone.gz.sha256
-rw-r--r--    1 ftp      ftp            53 Apr 11 15:40 ip6.arpa.zone.md5
-rw-r--r--    1 ftp      ftp            88 Apr 11 15:40 ip6.arpa.zone.sha256
-rw-r--r--    1 ftp      ftp            21 Apr 11 15:40 last_update.txt
-rw-r--r--    1 ftp      ftp          3289 Apr 11 15:01 named.cache
-rw-r--r--    1 ftp      ftp            33 Apr 11 15:01 named.cache.md5
-rw-r--r--    1 ftp      ftp            72 Apr 11 15:01 named.cache.sig
-rw-r--r--    1 ftp      ftp          3289 Apr 11 15:01 named.root
-rw-r--r--    1 ftp      ftp            33 Apr 11 15:01 named.root.md5
-rw-r--r--    1 ftp      ftp            72 Apr 11 15:01 named.root.sig
-rw-r--r--    1 ftp      ftp          2110 Apr 11 15:01 root-servers.net.zone
-rw-r--r--    1 ftp      ftp           576 Apr 11 15:01 root-servers.net.zone.gz
-rw-r--r--    1 ftp      ftp            33 Apr 11 15:01 root-servers.net.zone.gz.md5
-rw-r--r--    1 ftp      ftp            72 Apr 11 15:01 root-servers.net.zone.gz.sig
-rw-r--r--    1 ftp      ftp       2236049 Apr 11 15:01 root.zone
-rw-r--r--    1 ftp      ftp       1050037 Apr 11 15:01 root.zone.gz
-rw-r--r--    1 ftp      ftp            33 Apr 11 15:01 root.zone.gz.md5
-rw-r--r--    1 ftp      ftp            72 Apr 11 15:01 root.zone.gz.sig
-rw-r--r--    1 ftp      ftp            33 Apr 11 15:01 root.zone.md5
-rw-r--r--    1 ftp      ftp            72 Apr 11 15:01 root.zone.sig
2017-04-12 00:00:15 (204 KB/s) - ‘./domain/.listing’ saved [3930]

The sizes do not match (local 3930) -- retrieving.

--2017-04-12 00:00:15--  ftp://ftp.internic.net/domain/.listing
           => ‘./domain/.listing’
==> CWD not required.
--> PASV

227 Entering Passive Mode (192,0,32,9,42,11)
--> RETR .listing

150 Opening BINARY mode data connection for .listing (1829 bytes).
Length: 1829 (1.8K)

     0K .                                                     100% 44.6K=0.04s

226 Transfer complete.
2017-04-12 00:00:16 (44.6 KB/s) - ‘./domain/.listing’ saved [1829]

Remote file is newer than local file ‘./domain/INTERNIC_ROOT_ZONE.signatures’ -- retrieving.

--2017-04-12 00:00:16--  ftp://ftp.internic.net/domain/INTERNIC_ROOT_ZONE.signatures
           => ‘./domain/INTERNIC_ROOT_ZONE.signatures’
==> CWD not required.
--> PASV

227 Entering Passive Mode (192,0,32,9,20,0)
--> RETR INTERNIC_ROOT_ZONE.signatures

150 Opening BINARY mode data connection for INTERNIC_ROOT_ZONE.signatures (1224 bytes).
Length: 1224 (1.2K)

     0K .                                                     100%  857K=0.001s

226 Transfer complete.
2017-04-12 00:00:21 (857 KB/s) - ‘./domain/INTERNIC_ROOT_ZONE.signatures’ saved [1224]

Remote file is newer than local file ‘./domain/INTERNIC_ROOT_ZONE.signatures.asc’ -- retrieving.

--2017-04-12 00:00:21--  ftp://ftp.internic.net/domain/INTERNIC_ROOT_ZONE.signatures.asc
           => ‘./domain/INTERNIC_ROOT_ZONE.signatures.asc’
==> CWD not required.
--> PASV

227 Entering Passive Mode (192,0,32,9,105,119)
couldn't connect to 192.0.32.9 port 26999: Resource temporarily unavailable
Retrying.

--2017-04-12 00:00:58--  ftp://ftp.internic.net/domain/INTERNIC_ROOT_ZONE.signatures.asc
  (try: 2) => ‘./domain/INTERNIC_ROOT_ZONE.signatures.asc’
Connecting to ftp.internic.net (ftp.internic.net)|192.0.32.9|:21... connected.
Logging in as anonymous ... 
220 Internic FTP Server
--> USER anonymous

331 Please specify the password.
--> PASS Turtle Power!

230 Login successful.
--> SYST

215 UNIX Type: L8
--> PWD

257 "/"
--> TYPE I

200 Switching to Binary mode.
--> CWD /domain

250 Directory successfully changed.
--> PASV

227 Entering Passive Mode (192,0,32,9,42,136)
--> RETR INTERNIC_ROOT_ZONE.signatures.asc

150 Opening BINARY mode data connection for INTERNIC_ROOT_ZONE.signatures.asc (1469 bytes).
Length: 1469 (1.4K)

     0K .                                                     100% 8.49M=0s

226 Transfer complete.
2017-04-12 00:01:29 (8.49 MB/s) - ‘./domain/INTERNIC_ROOT_ZONE.signatures.asc’ saved [1469]

The sizes do not match (local 15438) -- retrieving.

--2017-04-12 00:01:29--  ftp://ftp.internic.net/domain/arpa.zone
           => ‘./domain/arpa.zone’
==> CWD not required.
--> PASV

227 Entering Passive Mode (192,0,32,9,62,113)
--> RETR arpa.zone

150 Opening BINARY mode data connection for arpa.zone (15228 bytes).
Length: 15228 (15K)

     0K .......... ....                                       100% 28.8M=0.001s

226 Transfer complete.
2017-04-12 00:01:30 (28.8 MB/s) - ‘./domain/arpa.zone’ saved [15228]

The sizes do not match (local 6774) -- retrieving.

--2017-04-12 00:01:30--  ftp://ftp.internic.net/domain/arpa.zone.gz
           => ‘./domain/arpa.zone.gz’
==> CWD not required.
--> PASV

227 Entering Passive Mode (192,0,32,9,210,167)
--> RETR arpa.zone.gz

150 Opening BINARY mode data connection for arpa.zone.gz (6633 bytes).
Length: 6633 (6.5K)

     0K ......                                                100% 56.0M=0s

226 Transfer complete.
2017-04-12 00:01:31 (56.0 MB/s) - ‘./domain/arpa.zone.gz’ saved [6633]

Remote file is newer than local file ‘./domain/arpa.zone.gz.md5’ -- retrieving.

--2017-04-12 00:01:31--  ftp://ftp.internic.net/domain/arpa.zone.gz.md5
           => ‘./domain/arpa.zone.gz.md5’
==> CWD not required.
--> PASV

227 Entering Passive Mode (192,0,32,9,41,134)
--> RETR arpa.zone.gz.md5

150 Opening BINARY mode data connection for arpa.zone.gz.md5 (33 bytes).
Length: 33

     0K                                                       100%  398K=0s

226 Transfer complete.
2017-04-12 00:01:32 (398 KB/s) - ‘./domain/arpa.zone.gz.md5’ saved [33]

Remote file is newer than local file ‘./domain/arpa.zone.gz.sig’ -- retrieving.

--2017-04-12 00:01:32--  ftp://ftp.internic.net/domain/arpa.zone.gz.sig
           => ‘./domain/arpa.zone.gz.sig’
==> CWD not required.
--> PASV

227 Entering Passive Mode (192,0,32,9,235,67)
--> RETR arpa.zone.gz.sig

150 Opening BINARY mode data connection for arpa.zone.gz.sig (72 bytes).
Length: 72

     0K                                                       100%  601K=0s

226 Transfer complete.
2017-04-12 00:01:34 (601 KB/s) - ‘./domain/arpa.zone.gz.sig’ saved [72]

The sizes do not match (local 3291) -- retrieving.

--2017-04-12 00:01:34--  ftp://ftp.internic.net/domain/db.cache
           => ‘./domain/db.cache’
==> CWD not required.
--> PASV

227 Entering Passive Mode (192,0,32,9,195,91)
--> RETR db.cache

150 Opening BINARY mode data connection for db.cache (3289 bytes).
Length: 3289 (3.2K)

     0K ...                                                   100% 27.8M=0s

226 Transfer complete.
2017-04-12 00:01:35 (27.8 MB/s) - ‘./domain/db.cache’ saved [3289]

Remote file is newer than local file ‘./domain/db.cache.md5’ -- retrieving.

--2017-04-12 00:01:35--  ftp://ftp.internic.net/domain/db.cache.md5
           => ‘./domain/db.cache.md5’
==> CWD not required.
--> PASV

227 Entering Passive Mode (192,0,32,9,42,245)
--> RETR db.cache.md5

150 Opening BINARY mode data connection for db.cache.md5 (33 bytes).
Length: 33

     0K                                                       100%  285K=0s

226 Transfer complete.
2017-04-12 00:01:36 (285 KB/s) - ‘./domain/db.cache.md5’ saved [33]

Remote file is newer than local file ‘./domain/db.cache.sig’ -- retrieving.

--2017-04-12 00:01:36--  ftp://ftp.internic.net/domain/db.cache.sig
           => ‘./domain/db.cache.sig’
==> CWD not required.
--> PASV

227 Entering Passive Mode (192,0,32,9,170,85)
--> RETR db.cache.sig

150 Opening BINARY mode data connection for db.cache.sig (72 bytes).
Length: 72

     0K                                                       100%  628K=0s

226 Transfer complete.
2017-04-12 00:01:37 (628 KB/s) - ‘./domain/db.cache.sig’ saved [72]

Remote file is newer than local file ‘./domain/in-addr.arpa’ -- retrieving.

--2017-04-12 00:01:37--  ftp://ftp.internic.net/domain/in-addr.arpa
           => ‘./domain/in-addr.arpa’
==> CWD not required.
--> PASV

227 Entering Passive Mode (192,0,32,9,173,200)
--> RETR in-addr.arpa

150 Opening BINARY mode data connection for in-addr.arpa (229871 bytes).
Length: 229871 (224K)

     0K .......... .......... .......... .......... .......... 22% 73.6K 2s
    50K .......... .......... .......... .......... .......... 44%  146K 1s
   100K .......... .......... .......... .......... .......... 66%  147K 1s
   150K .......... .......... .......... .......... .......... 89%  149K 0s
   200K .......... .......... ....                            100% 9.65M=1.7s

226 Transfer complete.
2017-04-12 00:01:40 (132 KB/s) - ‘./domain/in-addr.arpa’ saved [229871]

Remote file is newer than local file ‘./domain/in-addr.arpa.gz’ -- retrieving.

--2017-04-12 00:01:40--  ftp://ftp.internic.net/domain/in-addr.arpa.gz
           => ‘./domain/in-addr.arpa.gz’
==> CWD not required.
--> PASV

227 Entering Passive Mode (192,0,32,9,18,170)
couldn't connect to 192.0.32.9 port 4778: Resource temporarily unavailable
Retrying.

--2017-04-12 00:02:03--  ftp://ftp.internic.net/domain/in-addr.arpa.gz
  (try: 2) => ‘./domain/in-addr.arpa.gz’
Connecting to ftp.internic.net (ftp.internic.net)|192.0.32.9|:21... connected.
Logging in as anonymous ... 
220 Internic FTP Server
--> USER anonymous

331 Please specify the password.
--> PASS Turtle Power!

230 Login successful.
--> SYST

215 UNIX Type: L8
--> PWD

257 "/"
--> TYPE I

200 Switching to Binary mode.
--> CWD /domain

250 Directory successfully changed.
--> PASV

227 Entering Passive Mode (192,0,32,9,42,79)
couldn't connect to 192.0.32.9 port 10831: Resource temporarily unavailable
Retrying.

--2017-04-12 00:02:43--  ftp://ftp.internic.net/domain/in-addr.arpa.gz
  (try: 3) => ‘./domain/in-addr.arpa.gz’
Connecting to ftp.internic.net (ftp.internic.net)|192.0.32.9|:21... connected.
Logging in as anonymous ... 
220 Internic FTP Server
--> USER anonymous

331 Please specify the password.
--> PASS Turtle Power!

230 Login successful.
--> SYST

215 UNIX Type: L8
--> PWD

257 "/"
--> TYPE I

200 Switching to Binary mode.
--> CWD /domain

250 Directory successfully changed.
--> PASV

227 Entering Passive Mode (192,0,32,9,41,115)
--> RETR in-addr.arpa.gz

150 Opening BINARY mode data connection for in-addr.arpa.gz (90619 bytes).
Length: 90619 (88K)

     0K .......... .......... .......... .......... .......... 56% 75.7K 1s
    50K .......... .......... .......... ........             100% 12.3M=0.7s

226 Transfer complete.
2017-04-12 00:02:56 (133 KB/s) - ‘./domain/in-addr.arpa.gz’ saved [90619]

Remote file is newer than local file ‘./domain/in-addr.arpa.gz.md5’ -- retrieving.

--2017-04-12 00:02:56--  ftp://ftp.internic.net/domain/in-addr.arpa.gz.md5
           => ‘./domain/in-addr.arpa.gz.md5’
==> CWD not required.
--> PASV

227 Entering Passive Mode (192,0,32,9,41,30)
--> RETR in-addr.arpa.gz.md5

150 Opening BINARY mode data connection for in-addr.arpa.gz.md5 (55 bytes).
Length: 55

     0K                                                       100% 1.25M=0s

226 Transfer complete.
2017-04-12 00:02:57 (1.25 MB/s) - ‘./domain/in-addr.arpa.gz.md5’ saved [55]

Remote file is newer than local file ‘./domain/in-addr.arpa.gz.sha256’ -- retrieving.

--2017-04-12 00:02:57--  ftp://ftp.internic.net/domain/in-addr.arpa.gz.sha256
           => ‘./domain/in-addr.arpa.gz.sha256’
==> CWD not required.
--> PASV

227 Entering Passive Mode (192,0,32,9,42,106)
--> RETR in-addr.arpa.gz.sha256

150 Opening BINARY mode data connection for in-addr.arpa.gz.sha256 (90 bytes).
Length: 90

     0K                                                       100% 1.21M=0s

226 Transfer complete.
2017-04-12 00:02:58 (1.21 MB/s) - ‘./domain/in-addr.arpa.gz.sha256’ saved [90]

Remote file is newer than local file ‘./domain/in-addr.arpa.md5’ -- retrieving.

--2017-04-12 00:02:58--  ftp://ftp.internic.net/domain/in-addr.arpa.md5
           => ‘./domain/in-addr.arpa.md5’
==> CWD not required.
--> PASV

227 Entering Passive Mode (192,0,32,9,41,163)
--> RETR in-addr.arpa.md5

150 Opening BINARY mode data connection for in-addr.arpa.md5 (52 bytes).
Length: 52

     0K                                                       100%  686K=0s

226 Transfer complete.
2017-04-12 00:02:59 (686 KB/s) - ‘./domain/in-addr.arpa.md5’ saved [52]

Remote file is newer than local file ‘./domain/in-addr.arpa.sha256’ -- retrieving.

--2017-04-12 00:02:59--  ftp://ftp.internic.net/domain/in-addr.arpa.sha256
           => ‘./domain/in-addr.arpa.sha256’
==> CWD not required.
--> PASV

227 Entering Passive Mode (192,0,32,9,48,26)
--> RETR in-addr.arpa.sha256

150 Opening BINARY mode data connection for in-addr.arpa.sha256 (87 bytes).
Length: 87

     0K                                                       100% 2.24M=0s

226 Transfer complete.
2017-04-12 00:03:01 (2.24 MB/s) - ‘./domain/in-addr.arpa.sha256’ saved [87]

Remote file is newer than local file ‘./domain/in-addr.arpa.zone’ -- retrieving.

--2017-04-12 00:03:01--  ftp://ftp.internic.net/domain/in-addr.arpa.zone
           => ‘./domain/in-addr.arpa.zone’
==> CWD not required.
--> PASV

227 Entering Passive Mode (192,0,32,9,41,148)
--> RETR in-addr.arpa.zone

150 Opening BINARY mode data connection for in-addr.arpa.zone (229871 bytes).
Length: 229871 (224K)

     0K ......                                                  3%  189 =38s

2017-04-12 00:10:56 (189 B/s) - Control connection closed.
Retrying.

--2017-04-12 00:10:57--  ftp://ftp.internic.net/domain/in-addr.arpa.zone
  (try: 2) => ‘./domain/in-addr.arpa.zone’
Connecting to ftp.internic.net (ftp.internic.net)|192.0.32.9|:21... connected.
Logging in as anonymous ... 
220 Internic FTP Server
--> USER anonymous

331 Please specify the password.
--> PASS Turtle Power!

230 Login successful.
--> SYST

215 UNIX Type: L8
--> PWD

257 "/"
--> TYPE I

200 Switching to Binary mode.
--> CWD /domain

250 Directory successfully changed.
--> PASV

227 Entering Passive Mode (192,0,32,9,147,45)
--> REST 7140

350 Restart position accepted (7140).
--> RETR in-addr.arpa.zone

150 Opening BINARY mode data connection for in-addr.arpa.zone (229871 bytes).
Length: 229871 (224K), 222731 (218K) remaining

     0K ,,,,,,.... .......... .......... .......... .......... 22% 91.1K 2s
    50K .......... .......... .......... .......... .......... 44% 1.29M 1s
   100K .......... .......... .......... .......... .......... 66%  178K 0s
   150K .......... .......... .......... .......... .......... 89%  214K 0s
   200K .......... .......... ....                            100% 12.3M=1.1s

226 Transfer complete.
2017-04-12 00:11:02 (197 KB/s) - ‘./domain/in-addr.arpa.zone’ saved [229871]

Remote file is newer than local file ‘./domain/in-addr.arpa.zone.gz’ -- retrieving.

--2017-04-12 00:11:02--  ftp://ftp.internic.net/domain/in-addr.arpa.zone.gz
           => ‘./domain/in-addr.arpa.zone.gz’
==> CWD not required.
--> PASV

227 Entering Passive Mode (192,0,32,9,41,178)
--> RETR in-addr.arpa.zone.gz

150 Opening BINARY mode data connection for in-addr.arpa.zone.gz (90619 bytes).
Length: 90619 (88K)

     0K .......... .......... .......... .......... .......... 56% 91.7K 0s
    50K .......... .......... .......... ........             100% 12.6M=0.5s

226 Transfer complete.
2017-04-12 00:11:04 (161 KB/s) - ‘./domain/in-addr.arpa.zone.gz’ saved [90619]

Remote file is newer than local file ‘./domain/in-addr.arpa.zone.gz.md5’ -- retrieving.

--2017-04-12 00:11:04--  ftp://ftp.internic.net/domain/in-addr.arpa.zone.gz.md5
           => ‘./domain/in-addr.arpa.zone.gz.md5’
==> CWD not required.
--> PASV

227 Entering Passive Mode (192,0,32,9,42,142)
--> RETR in-addr.arpa.zone.gz.md5

150 Opening BINARY mode data connection for in-addr.arpa.zone.gz.md5 (60 bytes).
Length: 60

     0K                                                       100% 19.1K=0.003s

226 Transfer complete.
2017-04-12 00:11:05 (19.1 KB/s) - ‘./domain/in-addr.arpa.zone.gz.md5’ saved [60]

Remote file is newer than local file ‘./domain/in-addr.arpa.zone.gz.sha256’ -- retrieving.

--2017-04-12 00:11:05--  ftp://ftp.internic.net/domain/in-addr.arpa.zone.gz.sha256
           => ‘./domain/in-addr.arpa.zone.gz.sha256’
==> CWD not required.
--> PASV

227 Entering Passive Mode (192,0,32,9,80,11)
--> RETR in-addr.arpa.zone.gz.sha256

150 Opening BINARY mode data connection for in-addr.arpa.zone.gz.sha256 (95 bytes).
Length: 95

     0K                                                       100% 1.81M=0s

226 Transfer complete.
2017-04-12 00:11:06 (1.81 MB/s) - ‘./domain/in-addr.arpa.zone.gz.sha256’ saved [95]

Remote file is newer than local file ‘./domain/in-addr.arpa.zone.md5’ -- retrieving.

--2017-04-12 00:11:06--  ftp://ftp.internic.net/domain/in-addr.arpa.zone.md5
           => ‘./domain/in-addr.arpa.zone.md5’
==> CWD not required.
--> PASV

227 Entering Passive Mode (192,0,32,9,115,210)
--> RETR in-addr.arpa.zone.md5

150 Opening BINARY mode data connection for in-addr.arpa.zone.md5 (57 bytes).
Length: 57

     0K                                                       100%  705K=0s

226 Transfer complete.
2017-04-12 00:11:07 (705 KB/s) - ‘./domain/in-addr.arpa.zone.md5’ saved [57]

Remote file is newer than local file ‘./domain/in-addr.arpa.zone.sha256’ -- retrieving.

--2017-04-12 00:11:07--  ftp://ftp.internic.net/domain/in-addr.arpa.zone.sha256
           => ‘./domain/in-addr.arpa.zone.sha256’
==> CWD not required.
--> PASV

227 Entering Passive Mode (192,0,32,9,164,21)
--> RETR in-addr.arpa.zone.sha256

150 Opening BINARY mode data connection for in-addr.arpa.zone.sha256 (92 bytes).
Length: 92

     0K                                                       100% 1.19M=0s

226 Transfer complete.
2017-04-12 00:11:08 (1.19 MB/s) - ‘./domain/in-addr.arpa.zone.sha256’ saved [92]

Remote file is newer than local file ‘./domain/ip6.arpa’ -- retrieving.

--2017-04-12 00:11:08--  ftp://ftp.internic.net/domain/ip6.arpa
           => ‘./domain/ip6.arpa’
==> CWD not required.
--> PASV

227 Entering Passive Mode (192,0,32,9,41,151)
--> RETR ip6.arpa

150 Opening BINARY mode data connection for ip6.arpa (61853 bytes).
Length: 61853 (60K)

     0K .......... .......... .......... .......... .......... 82% 96.8K 0s
    50K ..........                                            100% 13.8M=0.5s

226 Transfer complete.
2017-04-12 00:11:10 (117 KB/s) - ‘./domain/ip6.arpa’ saved [61853]

Remote file is newer than local file ‘./domain/ip6.arpa.gz’ -- retrieving.

--2017-04-12 00:11:10--  ftp://ftp.internic.net/domain/ip6.arpa.gz
           => ‘./domain/ip6.arpa.gz’
==> CWD not required.
--> PASV

227 Entering Passive Mode (192,0,32,9,186,97)
--> RETR ip6.arpa.gz

150 Opening BINARY mode data connection for ip6.arpa.gz (24436 bytes).
Length: 24436 (24K)

     0K .......... .......... ...                             100% 93.3K=0.3s

226 Transfer complete.
2017-04-12 00:11:11 (93.3 KB/s) - ‘./domain/ip6.arpa.gz’ saved [24436]

Remote file is newer than local file ‘./domain/ip6.arpa.gz.md5’ -- retrieving.

--2017-04-12 00:11:11--  ftp://ftp.internic.net/domain/ip6.arpa.gz.md5
           => ‘./domain/ip6.arpa.gz.md5’
==> CWD not required.
--> PASV

227 Entering Passive Mode (192,0,32,9,143,36)
--> RETR ip6.arpa.gz.md5

150 Opening BINARY mode data connection for ip6.arpa.gz.md5 (51 bytes).
Length: 51

     0K                                                       100% 5.24K=0.01s

226 Transfer complete.
2017-04-12 00:11:12 (5.24 KB/s) - ‘./domain/ip6.arpa.gz.md5’ saved [51]

Remote file is newer than local file ‘./domain/ip6.arpa.gz.sha256’ -- retrieving.

--2017-04-12 00:11:12--  ftp://ftp.internic.net/domain/ip6.arpa.gz.sha256
           => ‘./domain/ip6.arpa.gz.sha256’
==> CWD not required.
--> PASV

227 Entering Passive Mode (192,0,32,9,22,29)
--> RETR ip6.arpa.gz.sha256

150 Opening BINARY mode data connection for ip6.arpa.gz.sha256 (86 bytes).
Length: 86

     0K                                                       100%  750K=0s

226 Transfer complete.
2017-04-12 00:11:13 (750 KB/s) - ‘./domain/ip6.arpa.gz.sha256’ saved [86]

Remote file is newer than local file ‘./domain/ip6.arpa.md5’ -- retrieving.

--2017-04-12 00:11:13--  ftp://ftp.internic.net/domain/ip6.arpa.md5
           => ‘./domain/ip6.arpa.md5’
==> CWD not required.
--> PASV

227 Entering Passive Mode (192,0,32,9,42,68)
--> RETR ip6.arpa.md5

150 Opening BINARY mode data connection for ip6.arpa.md5 (48 bytes).
Length: 48

     0K                                                       100%  670K=0s

226 Transfer complete.
2017-04-12 00:11:14 (670 KB/s) - ‘./domain/ip6.arpa.md5’ saved [48]

Remote file is newer than local file ‘./domain/ip6.arpa.sha256’ -- retrieving.

--2017-04-12 00:11:14--  ftp://ftp.internic.net/domain/ip6.arpa.sha256
           => ‘./domain/ip6.arpa.sha256’
==> CWD not required.
--> PASV

227 Entering Passive Mode (192,0,32,9,148,144)
--> RETR ip6.arpa.sha256

150 Opening BINARY mode data connection for ip6.arpa.sha256 (83 bytes).
Length: 83

     0K                                                       100%  717K=0s

226 Transfer complete.
2017-04-12 00:11:15 (717 KB/s) - ‘./domain/ip6.arpa.sha256’ saved [83]

Remote file is newer than local file ‘./domain/ip6.arpa.zone’ -- retrieving.

--2017-04-12 00:11:15--  ftp://ftp.internic.net/domain/ip6.arpa.zone
           => ‘./domain/ip6.arpa.zone’
==> CWD not required.
--> PASV

227 Entering Passive Mode (192,0,32,9,57,71)
--> RETR ip6.arpa.zone

150 Opening BINARY mode data connection for ip6.arpa.zone (61853 bytes).
Length: 61853 (60K)

     0K .......... .......... .......... .......... .......... 82% 90.9K 0s
    50K ..........                                            100% 9.98M=0.6s

226 Transfer complete.
2017-04-12 00:11:17 (110 KB/s) - ‘./domain/ip6.arpa.zone’ saved [61853]

Remote file is newer than local file ‘./domain/ip6.arpa.zone.gz’ -- retrieving.

--2017-04-12 00:11:17--  ftp://ftp.internic.net/domain/ip6.arpa.zone.gz
           => ‘./domain/ip6.arpa.zone.gz’
==> CWD not required.
--> PASV

227 Entering Passive Mode (192,0,32,9,239,158)
--> RETR ip6.arpa.zone.gz

150 Opening BINARY mode data connection for ip6.arpa.zone.gz (24436 bytes).
Length: 24436 (24K)

     0K .......... .......... ...                             100% 29.9K=0.8s

226 Transfer complete.
2017-04-12 00:11:19 (29.9 KB/s) - ‘./domain/ip6.arpa.zone.gz’ saved [24436]

Remote file is newer than local file ‘./domain/ip6.arpa.zone.gz.md5’ -- retrieving.

--2017-04-12 00:11:19--  ftp://ftp.internic.net/domain/ip6.arpa.zone.gz.md5
           => ‘./domain/ip6.arpa.zone.gz.md5’
==> CWD not required.
--> PASV

227 Entering Passive Mode (192,0,32,9,41,189)
--> RETR ip6.arpa.zone.gz.md5

150 Opening BINARY mode data connection for ip6.arpa.zone.gz.md5 (56 bytes).
Length: 56

     0K                                                       100% 3.78K=0.01s

226 Transfer complete.
2017-04-12 00:11:20 (3.78 KB/s) - ‘./domain/ip6.arpa.zone.gz.md5’ saved [56]

Remote file is newer than local file ‘./domain/ip6.arpa.zone.gz.sha256’ -- retrieving.

--2017-04-12 00:11:20--  ftp://ftp.internic.net/domain/ip6.arpa.zone.gz.sha256
           => ‘./domain/ip6.arpa.zone.gz.sha256’
==> CWD not required.
--> PASV

227 Entering Passive Mode (192,0,32,9,34,124)
--> RETR ip6.arpa.zone.gz.sha256

150 Opening BINARY mode data connection for ip6.arpa.zone.gz.sha256 (91 bytes).
Length: 91

     0K                                                       100%  808K=0s

226 Transfer complete.
2017-04-12 00:11:21 (808 KB/s) - ‘./domain/ip6.arpa.zone.gz.sha256’ saved [91]

Remote file is newer than local file ‘./domain/ip6.arpa.zone.md5’ -- retrieving.

--2017-04-12 00:11:21--  ftp://ftp.internic.net/domain/ip6.arpa.zone.md5
           => ‘./domain/ip6.arpa.zone.md5’
==> CWD not required.
--> PASV

227 Entering Passive Mode (192,0,32,9,141,137)
--> RETR ip6.arpa.zone.md5

150 Opening BINARY mode data connection for ip6.arpa.zone.md5 (53 bytes).
Length: 53

     0K                                                       100%  709K=0s

226 Transfer complete.
2017-04-12 00:11:22 (709 KB/s) - ‘./domain/ip6.arpa.zone.md5’ saved [53]

Remote file is newer than local file ‘./domain/ip6.arpa.zone.sha256’ -- retrieving.

--2017-04-12 00:11:22--  ftp://ftp.internic.net/domain/ip6.arpa.zone.sha256
           => ‘./domain/ip6.arpa.zone.sha256’
==> CWD not required.
--> PASV

227 Entering Passive Mode (192,0,32,9,201,135)
--> RETR ip6.arpa.zone.sha256

150 Opening BINARY mode data connection for ip6.arpa.zone.sha256 (88 bytes).
Length: 88

     0K                                                       100%  767K=0s

226 Transfer complete.
2017-04-12 00:11:23 (767 KB/s) - ‘./domain/ip6.arpa.zone.sha256’ saved [88]

Remote file is newer than local file ‘./domain/last_update.txt’ -- retrieving.

--2017-04-12 00:11:23--  ftp://ftp.internic.net/domain/last_update.txt
           => ‘./domain/last_update.txt’
==> CWD not required.
--> PASV

227 Entering Passive Mode (192,0,32,9,42,206)
--> RETR last_update.txt

150 Opening BINARY mode data connection for last_update.txt (21 bytes).
Length: 21

     0K                                                       100% 8.65K=0.002s

226 Transfer complete.
2017-04-12 00:11:24 (8.65 KB/s) - ‘./domain/last_update.txt’ saved [21]

The sizes do not match (local 3291) -- retrieving.

--2017-04-12 00:11:24--  ftp://ftp.internic.net/domain/named.cache
           => ‘./domain/named.cache’
==> CWD not required.
--> PASV

227 Entering Passive Mode (192,0,32,9,42,113)
--> RETR named.cache

150 Opening BINARY mode data connection for named.cache (3289 bytes).
Length: 3289 (3.2K)

     0K ...                                                   100% 27.3M=0s

226 Transfer complete.
2017-04-12 00:11:25 (27.3 MB/s) - ‘./domain/named.cache’ saved [3289]

Remote file is newer than local file ‘./domain/named.cache.md5’ -- retrieving.

--2017-04-12 00:11:25--  ftp://ftp.internic.net/domain/named.cache.md5
           => ‘./domain/named.cache.md5’
==> CWD not required.
--> PASV

227 Entering Passive Mode (192,0,32,9,41,120)
--> RETR named.cache.md5

150 Opening BINARY mode data connection for named.cache.md5 (33 bytes).
Length: 33

     0K                                                       100%  467K=0s

226 Transfer complete.
2017-04-12 00:11:26 (467 KB/s) - ‘./domain/named.cache.md5’ saved [33]

Remote file is newer than local file ‘./domain/named.cache.sig’ -- retrieving.

--2017-04-12 00:11:27--  ftp://ftp.internic.net/domain/named.cache.sig
           => ‘./domain/named.cache.sig’
==> CWD not required.
--> PASV

227 Entering Passive Mode (192,0,32,9,203,250)
--> RETR named.cache.sig

150 Opening BINARY mode data connection for named.cache.sig (72 bytes).
Length: 72

     0K                                                       100% 27.2K=0.003s

226 Transfer complete.
2017-04-12 00:11:28 (27.2 KB/s) - ‘./domain/named.cache.sig’ saved [72]

The sizes do not match (local 3291) -- retrieving.

--2017-04-12 00:11:28--  ftp://ftp.internic.net/domain/named.root
           => ‘./domain/named.root’
==> CWD not required.
--> PASV

227 Entering Passive Mode (192,0,32,9,43,0)
--> RETR named.root

150 Opening BINARY mode data connection for named.root (3289 bytes).
Length: 3289 (3.2K)

     0K ...                                                   100% 68.2M=0s

226 Transfer complete.
2017-04-12 00:11:29 (68.2 MB/s) - ‘./domain/named.root’ saved [3289]

Remote file is newer than local file ‘./domain/named.root.md5’ -- retrieving.

--2017-04-12 00:11:29--  ftp://ftp.internic.net/domain/named.root.md5
           => ‘./domain/named.root.md5’
==> CWD not required.
--> PASV

227 Entering Passive Mode (192,0,32,9,71,44)
--> RETR named.root.md5

150 Opening BINARY mode data connection for named.root.md5 (33 bytes).
Length: 33

     0K                                                       100%  285K=0s

226 Transfer complete.
2017-04-12 00:11:30 (285 KB/s) - ‘./domain/named.root.md5’ saved [33]

Remote file is newer than local file ‘./domain/named.root.sig’ -- retrieving.

--2017-04-12 00:11:30--  ftp://ftp.internic.net/domain/named.root.sig
           => ‘./domain/named.root.sig’
==> CWD not required.
--> PASV

227 Entering Passive Mode (192,0,32,9,42,78)
--> RETR named.root.sig

150 Opening BINARY mode data connection for named.root.sig (72 bytes).
Length: 72

     0K                                                       100%  628K=0s

226 Transfer complete.
2017-04-12 00:11:31 (628 KB/s) - ‘./domain/named.root.sig’ saved [72]

Remote file is newer than local file ‘./domain/root-servers.net.zone’ -- retrieving.

--2017-04-12 00:11:31--  ftp://ftp.internic.net/domain/root-servers.net.zone
           => ‘./domain/root-servers.net.zone’
==> CWD not required.
--> PASV

227 Entering Passive Mode (192,0,32,9,42,174)
--> RETR root-servers.net.zone

150 Opening BINARY mode data connection for root-servers.net.zone (2110 bytes).
Length: 2110 (2.1K)

     0K ..                                                    100% 17.3M=0s

226 Transfer complete.
2017-04-12 00:11:32 (17.3 MB/s) - ‘./domain/root-servers.net.zone’ saved [2110]

The sizes do not match (local 574) -- retrieving.

--2017-04-12 00:11:32--  ftp://ftp.internic.net/domain/root-servers.net.zone.gz
           => ‘./domain/root-servers.net.zone.gz’
==> CWD not required.
--> PASV

227 Entering Passive Mode (192,0,32,9,36,32)
--> RETR root-servers.net.zone.gz

150 Opening BINARY mode data connection for root-servers.net.zone.gz (576 bytes).
Length: 576

     0K                                                       100% 4.90M=0s

226 Transfer complete.
2017-04-12 00:11:33 (4.90 MB/s) - ‘./domain/root-servers.net.zone.gz’ saved [576]

Remote file is newer than local file ‘./domain/root-servers.net.zone.gz.md5’ -- retrieving.

--2017-04-12 00:11:33--  ftp://ftp.internic.net/domain/root-servers.net.zone.gz.md5
           => ‘./domain/root-servers.net.zone.gz.md5’
==> CWD not required.
--> PASV

227 Entering Passive Mode (192,0,32,9,68,197)
--> RETR root-servers.net.zone.gz.md5

150 Opening BINARY mode data connection for root-servers.net.zone.gz.md5 (33 bytes).
Length: 33

     0K                                                       100%  222K=0s

226 Transfer complete.
2017-04-12 00:11:34 (222 KB/s) - ‘./domain/root-servers.net.zone.gz.md5’ saved [33]

Remote file is newer than local file ‘./domain/root-servers.net.zone.gz.sig’ -- retrieving.

--2017-04-12 00:11:34--  ftp://ftp.internic.net/domain/root-servers.net.zone.gz.sig
           => ‘./domain/root-servers.net.zone.gz.sig’
==> CWD not required.
--> PASV

227 Entering Passive Mode (192,0,32,9,41,72)
--> RETR root-servers.net.zone.gz.sig

150 Opening BINARY mode data connection for root-servers.net.zone.gz.sig (72 bytes).
Length: 72

     0K                                                       100%  633K=0s

226 Transfer complete.
2017-04-12 00:11:35 (633 KB/s) - ‘./domain/root-servers.net.zone.gz.sig’ saved [72]

The sizes do not match (local 2236427) -- retrieving.

--2017-04-12 00:11:35--  ftp://ftp.internic.net/domain/root.zone
           => ‘./domain/root.zone’
==> CWD not required.
--> PASV

227 Entering Passive Mode (192,0,32,9,132,234)
--> RETR root.zone

150 Opening BINARY mode data connection for root.zone (2236049 bytes).
Length: 2236049 (2.1M)

     0K .......... .......... .......... .......... ..........  2% 93.3K 23s
    50K .......... .......... .......... .......... ..........  4%  196K 16s
   100K .......... .......... .......... .......... ..........  6% 10.9M 11s
   150K .......... .......... .......... .......... ..........  9%  192K 10s
   200K .......... .......... .......... .......... .......... 11% 85.7K 13s
   250K .......... .......... .......... .......... .......... 13% 2.13M 10s
   300K .......... .......... .......... .......... .......... 16% 38.6M 9s
   350K .......... .......... .......... .......... .......... 18% 3.69M 7s
   400K .......... .......... .......... .......... .......... 20%  230K 7s
   450K .......... .......... .......... .......... .......... 22%  208K 7s
   500K .......... .......... .......... .......... .......... 25%  788K 7s
   550K .......... .......... .......... .......... .......... 27%  247K 6s
   600K .......... .......... .......... .......... .......... 29%  643K 6s
   650K .......... .......... .......... .......... .......... 32%  269K 6s
   700K .......... .......... .......... .......... .......... 34%  730K 5s
   750K .......... .......... .......... .......... .......... 36%  267K 5s
   800K .......... .......... .......... .......... .......... 38%  723K 5s
   850K .......... .......... .......... .......... .......... 41%  261K 5s
   900K .......... .......... .......... .......... .......... 43%  390K 4s
   950K .......... .......... .......... .......... .......... 45%  370K 4s
  1000K .......... .......... .......... .......... .......... 48%  701K 4s
  1050K .......... .......... .......... .......... .......... 50%  264K 4s
  1100K .......... .......... .......... .......... .......... 52%  713K 3s
  1150K .......... .......... .......... .......... .......... 54%  287K 3s
  1200K .......... .......... .......... .......... .......... 57%  562K 3s
  1250K .......... .......... .......... .......... .......... 59%  277K 3s
  1300K .......... .......... .......... .......... .......... 61%  823K 3s
  1350K .......... .......... .......... .......... .......... 64%  241K 3s
  1400K .......... .......... .......... .......... .......... 66%  808K 2s
  1450K .......... .......... .......... .......... .......... 68%  259K 2s
  1500K .......... .......... .......... .......... .......... 70% 1.06M 2s
  1550K .......... .......... .......... .......... .......... 73%  237K 2s
  1600K .......... .......... .......... .......... .......... 75% 1.07M 2s
  1650K .......... .......... .......... .......... .......... 77%  224K 1s
  1700K .......... .......... .......... .......... .......... 80% 1.18M 1s
  1750K .......... .......... .......... .......... .......... 82%  291K 1s
  1800K .......... .......... .......... .......... .......... 84%  617K 1s
  1850K .......... .......... .......... .......... .......... 87%  680K 1s
  1900K .......... .......... .......... .......... .......... 89%  276K 1s
  1950K .......... .......... .......... .......... .......... 91%  567K 1s
  2000K .......... .......... .......... .......... .......... 93%  272K 0s
  2050K .......... .......... .......... .......... .......... 96%  564K 0s
  2100K .......... .......... .......... .......... .......... 98%  275K 0s
  2150K .......... .......... .......... ...                  100%  986K=6.4s

226 Transfer complete.
2017-04-12 00:11:43 (341 KB/s) - ‘./domain/root.zone’ saved [2236049]

The sizes do not match (local 1050306) -- retrieving.

--2017-04-12 00:11:43--  ftp://ftp.internic.net/domain/root.zone.gz
           => ‘./domain/root.zone.gz’
==> CWD not required.
--> PASV

227 Entering Passive Mode (192,0,32,9,112,129)
--> RETR root.zone.gz

150 Opening BINARY mode data connection for root.zone.gz (1050037 bytes).
Length: 1050037 (1.0M)

     0K .......... .......... .......... .......... ..........  4% 94.4K 10s
    50K .......... .......... .......... .......... ..........  9%  183K 7s
   100K .......... .......... .......... .......... .......... 14% 11.0M 5s
   150K .......... .......... .......... .......... .......... 19%  187K 4s
   200K .......... .......... .......... .......... .......... 24%  198K 4s
   250K .......... .......... .......... .......... .......... 29%  199K 4s
   300K .......... .......... .......... .......... .......... 34% 11.8M 3s
   350K .......... .......... .......... .......... .......... 39%  191K 3s
   400K .......... .......... .......... .......... .......... 43% 12.1M 2s
   450K .......... .......... .......... .......... .......... 48%  190K 2s
   500K .......... .......... .......... .......... .......... 53% 11.3M 2s
   550K .......... .......... .......... .......... .......... 58%  190K 2s
   600K .......... .......... .......... .......... .......... 63%  186K 2s
   650K .......... .......... .......... .......... .......... 68% 9.80M 1s
   700K .......... .......... .......... .......... .......... 73% 11.1M 1s
   750K .......... .......... .......... .......... .......... 78%  187K 1s
   800K .......... .......... .......... .......... .......... 82% 11.2M 1s
   850K .......... .......... .......... .......... .......... 87%  186K 0s
   900K .......... .......... .......... .......... .......... 92% 10.9M 0s
   950K .......... .......... .......... .......... .......... 97%  190K 0s
  1000K .......... .......... .....                           100% 11.6M=3.5s

226 Transfer complete.
2017-04-12 00:11:47 (296 KB/s) - ‘./domain/root.zone.gz’ saved [1050037]

Remote file is newer than local file ‘./domain/root.zone.gz.md5’ -- retrieving.

--2017-04-12 00:11:47--  ftp://ftp.internic.net/domain/root.zone.gz.md5
           => ‘./domain/root.zone.gz.md5’
==> CWD not required.
--> PASV

227 Entering Passive Mode (192,0,32,9,42,193)
--> RETR root.zone.gz.md5

150 Opening BINARY mode data connection for root.zone.gz.md5 (33 bytes).
Length: 33

     0K                                                       100% 2.04K=0.02s

226 Transfer complete.
2017-04-12 00:11:48 (2.04 KB/s) - ‘./domain/root.zone.gz.md5’ saved [33]

Remote file is newer than local file ‘./domain/root.zone.gz.sig’ -- retrieving.

--2017-04-12 00:11:48--  ftp://ftp.internic.net/domain/root.zone.gz.sig
           => ‘./domain/root.zone.gz.sig’
==> CWD not required.
--> PASV

227 Entering Passive Mode (192,0,32,9,79,113)
--> RETR root.zone.gz.sig

150 Opening BINARY mode data connection for root.zone.gz.sig (72 bytes).
Length: 72

     0K                                                       100% 1.63M=0s

226 Transfer complete.
2017-04-12 00:11:49 (1.63 MB/s) - ‘./domain/root.zone.gz.sig’ saved [72]

Remote file is newer than local file ‘./domain/root.zone.md5’ -- retrieving.

--2017-04-12 00:11:49--  ftp://ftp.internic.net/domain/root.zone.md5
           => ‘./domain/root.zone.md5’
==> CWD not required.
--> PASV

227 Entering Passive Mode (192,0,32,9,230,114)
--> RETR root.zone.md5

150 Opening BINARY mode data connection for root.zone.md5 (33 bytes).
Length: 33

     0K                                                       100%  658K=0s

226 Transfer complete.
2017-04-12 00:11:51 (658 KB/s) - ‘./domain/root.zone.md5’ saved [33]

Remote file is newer than local file ‘./domain/root.zone.sig’ -- retrieving.

--2017-04-12 00:11:51--  ftp://ftp.internic.net/domain/root.zone.sig
           => ‘./domain/root.zone.sig’
==> CWD not required.
--> PASV

227 Entering Passive Mode (192,0,32,9,41,157)
--> RETR root.zone.sig

150 Opening BINARY mode data connection for root.zone.sig (72 bytes).
Length: 72

     0K                                                       100% 1.86M=0s

226 Transfer complete.
2017-04-12 00:11:52 (1.86 MB/s) - ‘./domain/root.zone.sig’ saved [72]

FINISHED --2017-04-12 00:11:52--
Total wall clock time: 11m 50s
Downloaded: 53 files, 4.0M in 54s (74.9 KB/s)
