--2017-08-21 00:00:04--  ftp://ftp.internic.net/*
           => ‘./.listing’
Resolving ftp.internic.net (ftp.internic.net)... 192.0.32.9, 2620:0:2d0:200::9
Connecting to ftp.internic.net (ftp.internic.net)|192.0.32.9|:21... connected.
Logging in as anonymous ... 

Error in server response, closing control connection.
Retrying.

--2017-08-21 00:15:10--  ftp://ftp.internic.net/*
  (try: 2) => ‘./.listing’
Connecting to ftp.internic.net (ftp.internic.net)|192.0.32.9|:21... connected.
Logging in as anonymous ... 
220 Internic FTP Server
--> USER anonymous

331 Please specify the password.
--> PASS Turtle Power!

230 Login successful.
--> SYST

215 UNIX Type: L8
--> PWD

257 "/"
--> TYPE I

200 Switching to Binary mode.
==> CWD not needed.
--> PASV

227 Entering Passive Mode (192,0,32,9,154,23)
--> LIST -a

150 Here comes the directory listing.

     0K                                                        1.47M=0s

226 Directory send OK.
drwxr-xr-x    3 ftp      ftp          4096 Apr 04  2012 .
drwxr-xr-x    3 ftp      ftp          4096 Apr 04  2012 ..
drwxr-xr-x    2 ftp      ftp          4096 Sep 09  2015 domain
2017-08-21 00:15:23 (1.47 MB/s) - ‘./.listing’ saved [183]

--2017-08-21 00:15:23--  ftp://ftp.internic.net/domain/*
           => ‘./domain/.listing’
--> CWD /domain

250 Directory successfully changed.
--> PASV

227 Entering Passive Mode (192,0,32,9,188,139)
--> LIST -a

150 Here comes the directory listing.

     0K ...                                                    2.80M=0.001s

226 Directory send OK.
drwxr-xr-x    2 ftp      ftp          4096 Sep 09  2015 .
drwxr-xr-x    3 ftp      ftp          4096 Apr 04  2012 ..
-rw-r--r--    1 ftp      ftp          1829 Aug 18  2015 .listing
-rw-r--r--    1 ftp      ftp          1224 Aug 20 12:46 INTERNIC_ROOT_ZONE.signatures
-rw-r--r--    1 ftp      ftp          1469 Aug 20 12:46 INTERNIC_ROOT_ZONE.signatures.asc
-rw-r--r--    1 ftp      ftp         15228 Aug 20 12:46 arpa.zone
-rw-r--r--    1 ftp      ftp          6646 Aug 20 12:46 arpa.zone.gz
-rw-r--r--    1 ftp      ftp            33 Aug 20 12:46 arpa.zone.gz.md5
-rw-r--r--    1 ftp      ftp            72 Aug 20 12:46 arpa.zone.gz.sig
-rw-r--r--    1 ftp      ftp          3314 Jul 26 14:54 db.cache
-rw-r--r--    1 ftp      ftp            33 Jul 26 14:54 db.cache.md5
-rw-r--r--    1 ftp      ftp            72 Jul 26 14:54 db.cache.sig
-rw-r--r--    1 ftp      ftp        228780 Aug 20 16:00 in-addr.arpa
-rw-r--r--    1 ftp      ftp         90923 Aug 20 16:00 in-addr.arpa.gz
-rw-r--r--    1 ftp      ftp            55 Aug 20 16:00 in-addr.arpa.gz.md5
-rw-r--r--    1 ftp      ftp            90 Aug 20 16:00 in-addr.arpa.gz.sha256
-rw-r--r--    1 ftp      ftp            52 Aug 20 16:00 in-addr.arpa.md5
-rw-r--r--    1 ftp      ftp            87 Aug 20 16:00 in-addr.arpa.sha256
-rw-r--r--    1 ftp      ftp        228780 Aug 20 16:00 in-addr.arpa.zone
-rw-r--r--    1 ftp      ftp         90923 Aug 20 16:00 in-addr.arpa.zone.gz
-rw-r--r--    1 ftp      ftp            60 Aug 20 16:00 in-addr.arpa.zone.gz.md5
-rw-r--r--    1 ftp      ftp            95 Aug 20 16:00 in-addr.arpa.zone.gz.sha256
-rw-r--r--    1 ftp      ftp            57 Aug 20 16:00 in-addr.arpa.zone.md5
-rw-r--r--    1 ftp      ftp            92 Aug 20 16:00 in-addr.arpa.zone.sha256
-rw-r--r--    1 ftp      ftp         61369 Aug 20 16:00 ip6.arpa
-rw-r--r--    1 ftp      ftp         24499 Aug 20 16:00 ip6.arpa.gz
-rw-r--r--    1 ftp      ftp            51 Aug 20 16:00 ip6.arpa.gz.md5
-rw-r--r--    1 ftp      ftp            86 Aug 20 16:00 ip6.arpa.gz.sha256
-rw-r--r--    1 ftp      ftp            48 Aug 20 16:00 ip6.arpa.md5
-rw-r--r--    1 ftp      ftp            83 Aug 20 16:00 ip6.arpa.sha256
-rw-r--r--    1 ftp      ftp         61369 Aug 20 16:00 ip6.arpa.zone
-rw-r--r--    1 ftp      ftp         24499 Aug 20 16:00 ip6.arpa.zone.gz
-rw-r--r--    1 ftp      ftp            56 Aug 20 16:00 ip6.arpa.zone.gz.md5
-rw-r--r--    1 ftp      ftp            91 Aug 20 16:00 ip6.arpa.zone.gz.sha256
-rw-r--r--    1 ftp      ftp            53 Aug 20 16:00 ip6.arpa.zone.md5
-rw-r--r--    1 ftp      ftp            88 Aug 20 16:00 ip6.arpa.zone.sha256
-rw-r--r--    1 ftp      ftp            21 Aug 20 16:00 last_update.txt
-rw-r--r--    1 ftp      ftp          3314 Jul 26 14:54 named.cache
-rw-r--r--    1 ftp      ftp            33 Jul 26 14:54 named.cache.md5
-rw-r--r--    1 ftp      ftp            72 Jul 26 14:54 named.cache.sig
-rw-r--r--    1 ftp      ftp          3314 Jul 26 14:54 named.root
-rw-r--r--    1 ftp      ftp            33 Jul 26 14:54 named.root.md5
-rw-r--r--    1 ftp      ftp            72 Jul 26 14:54 named.root.sig
-rw-r--r--    1 ftp      ftp          2111 Jul 26 14:53 root-servers.net.zone
-rw-r--r--    1 ftp      ftp           573 Jul 26 14:53 root-servers.net.zone.gz
-rw-r--r--    1 ftp      ftp            33 Jul 26 14:53 root-servers.net.zone.gz.md5
-rw-r--r--    1 ftp      ftp            72 Jul 26 14:53 root-servers.net.zone.gz.sig
-rw-r--r--    1 ftp      ftp       2263495 Aug 20 05:12 root.zone
-rw-r--r--    1 ftp      ftp       1062944 Aug 20 05:12 root.zone.gz
-rw-r--r--    1 ftp      ftp            33 Aug 20 05:12 root.zone.gz.md5
-rw-r--r--    1 ftp      ftp            72 Aug 20 05:12 root.zone.gz.sig
-rw-r--r--    1 ftp      ftp            33 Aug 20 05:12 root.zone.md5
-rw-r--r--    1 ftp      ftp            72 Aug 20 05:12 root.zone.sig
2017-08-21 00:15:25 (2.80 MB/s) - ‘./domain/.listing’ saved [3930]

The sizes do not match (local 3930) -- retrieving.

--2017-08-21 00:15:25--  ftp://ftp.internic.net/domain/.listing
           => ‘./domain/.listing’
==> CWD not required.
--> PASV

227 Entering Passive Mode (192,0,32,9,167,58)
--> RETR .listing

150 Opening BINARY mode data connection for .listing (1829 bytes).
Length: 1829 (1.8K)

     0K .                                                     100% 23.6M=0s

226 Transfer complete.
2017-08-21 00:15:26 (23.6 MB/s) - ‘./domain/.listing’ saved [1829]

Remote file is newer than local file ‘./domain/INTERNIC_ROOT_ZONE.signatures’ -- retrieving.

--2017-08-21 00:15:26--  ftp://ftp.internic.net/domain/INTERNIC_ROOT_ZONE.signatures
           => ‘./domain/INTERNIC_ROOT_ZONE.signatures’
==> CWD not required.
--> PASV

227 Entering Passive Mode (192,0,32,9,42,58)
--> RETR INTERNIC_ROOT_ZONE.signatures

150 Opening BINARY mode data connection for INTERNIC_ROOT_ZONE.signatures (1224 bytes).
Length: 1224 (1.2K)

     0K .                                                     100%  903K=0.001s

226 Transfer complete.
2017-08-21 00:15:27 (903 KB/s) - ‘./domain/INTERNIC_ROOT_ZONE.signatures’ saved [1224]

Remote file is newer than local file ‘./domain/INTERNIC_ROOT_ZONE.signatures.asc’ -- retrieving.

--2017-08-21 00:15:27--  ftp://ftp.internic.net/domain/INTERNIC_ROOT_ZONE.signatures.asc
           => ‘./domain/INTERNIC_ROOT_ZONE.signatures.asc’
==> CWD not required.
--> PASV

227 Entering Passive Mode (192,0,32,9,75,108)
--> RETR INTERNIC_ROOT_ZONE.signatures.asc

150 Opening BINARY mode data connection for INTERNIC_ROOT_ZONE.signatures.asc (1469 bytes).
Length: 1469 (1.4K)

     0K .                                                     100%  635K=0.002s

226 Transfer complete.
2017-08-21 00:15:29 (635 KB/s) - ‘./domain/INTERNIC_ROOT_ZONE.signatures.asc’ saved [1469]

Remote file is newer than local file ‘./domain/arpa.zone’ -- retrieving.

--2017-08-21 00:15:29--  ftp://ftp.internic.net/domain/arpa.zone
           => ‘./domain/arpa.zone’
==> CWD not required.
--> PASV

227 Entering Passive Mode (192,0,32,9,171,145)
--> RETR arpa.zone

150 Opening BINARY mode data connection for arpa.zone (15228 bytes).
Length: 15228 (15K)

     0K .......... ....                                       100% 1.77M=0.008s

226 Transfer complete.
2017-08-21 00:15:30 (1.77 MB/s) - ‘./domain/arpa.zone’ saved [15228]

The sizes do not match (local 6647) -- retrieving.

--2017-08-21 00:15:30--  ftp://ftp.internic.net/domain/arpa.zone.gz
           => ‘./domain/arpa.zone.gz’
==> CWD not required.
--> PASV

227 Entering Passive Mode (192,0,32,9,149,242)
--> RETR arpa.zone.gz

150 Opening BINARY mode data connection for arpa.zone.gz (6646 bytes).
Length: 6646 (6.5K)

     0K ......                                                100% 2.73M=0.002s

226 Transfer complete.
2017-08-21 00:15:31 (2.73 MB/s) - ‘./domain/arpa.zone.gz’ saved [6646]

Remote file is newer than local file ‘./domain/arpa.zone.gz.md5’ -- retrieving.

--2017-08-21 00:15:31--  ftp://ftp.internic.net/domain/arpa.zone.gz.md5
           => ‘./domain/arpa.zone.gz.md5’
==> CWD not required.
--> PASV

227 Entering Passive Mode (192,0,32,9,228,116)
--> RETR arpa.zone.gz.md5

150 Opening BINARY mode data connection for arpa.zone.gz.md5 (33 bytes).
Length: 33

     0K                                                       100%  716K=0s

226 Transfer complete.
2017-08-21 00:15:32 (716 KB/s) - ‘./domain/arpa.zone.gz.md5’ saved [33]

Remote file is newer than local file ‘./domain/arpa.zone.gz.sig’ -- retrieving.

--2017-08-21 00:15:32--  ftp://ftp.internic.net/domain/arpa.zone.gz.sig
           => ‘./domain/arpa.zone.gz.sig’
==> CWD not required.
--> PASV

227 Entering Passive Mode (192,0,32,9,41,51)
--> RETR arpa.zone.gz.sig

150 Opening BINARY mode data connection for arpa.zone.gz.sig (72 bytes).
Length: 72

     0K                                                       100%  581K=0s

226 Transfer complete.
2017-08-21 00:15:33 (581 KB/s) - ‘./domain/arpa.zone.gz.sig’ saved [72]

Remote file no newer than local file ‘./domain/db.cache’ -- not retrieving.
Remote file no newer than local file ‘./domain/db.cache.md5’ -- not retrieving.
Remote file no newer than local file ‘./domain/db.cache.sig’ -- not retrieving.
Remote file is newer than local file ‘./domain/in-addr.arpa’ -- retrieving.

--2017-08-21 00:15:33--  ftp://ftp.internic.net/domain/in-addr.arpa
           => ‘./domain/in-addr.arpa’
==> CWD not required.
--> PASV

227 Entering Passive Mode (192,0,32,9,76,75)
--> RETR in-addr.arpa

150 Opening BINARY mode data connection for in-addr.arpa (228780 bytes).
Length: 228780 (223K)

     0K .......... .......... .......... .......... .......... 22% 85.0K 2s
    50K .......... .......... .......... .......... .......... 44%  163K 1s
   100K .......... .......... .......... .......... .......... 67% 8.91M 0s
   150K .......... .......... .......... .......... .......... 89%  201K 0s
   200K .......... .......... ...                             100% 1.08M=1.2s

226 Transfer complete.
2017-08-21 00:15:35 (191 KB/s) - ‘./domain/in-addr.arpa’ saved [228780]

The sizes do not match (local 90913) -- retrieving.

--2017-08-21 00:15:35--  ftp://ftp.internic.net/domain/in-addr.arpa.gz
           => ‘./domain/in-addr.arpa.gz’
==> CWD not required.
--> PASV

227 Entering Passive Mode (192,0,32,9,41,217)
--> RETR in-addr.arpa.gz

150 Opening BINARY mode data connection for in-addr.arpa.gz (90923 bytes).
Length: 90923 (89K)

     0K .......... .......... .......... .......... .......... 56% 87.6K 0s
    50K .......... .......... .......... ........             100%  130K=0.9s

226 Transfer complete.
2017-08-21 00:15:37 (102 KB/s) - ‘./domain/in-addr.arpa.gz’ saved [90923]

Remote file is newer than local file ‘./domain/in-addr.arpa.gz.md5’ -- retrieving.

--2017-08-21 00:15:37--  ftp://ftp.internic.net/domain/in-addr.arpa.gz.md5
           => ‘./domain/in-addr.arpa.gz.md5’
==> CWD not required.
--> PASV

227 Entering Passive Mode (192,0,32,9,50,133)
--> RETR in-addr.arpa.gz.md5

150 Opening BINARY mode data connection for in-addr.arpa.gz.md5 (55 bytes).
Length: 55

     0K                                                       100% 25.9K=0.002s

226 Transfer complete.
2017-08-21 00:15:38 (25.9 KB/s) - ‘./domain/in-addr.arpa.gz.md5’ saved [55]

Remote file is newer than local file ‘./domain/in-addr.arpa.gz.sha256’ -- retrieving.

--2017-08-21 00:15:38--  ftp://ftp.internic.net/domain/in-addr.arpa.gz.sha256
           => ‘./domain/in-addr.arpa.gz.sha256’
==> CWD not required.
--> PASV

227 Entering Passive Mode (192,0,32,9,41,174)
--> RETR in-addr.arpa.gz.sha256

150 Opening BINARY mode data connection for in-addr.arpa.gz.sha256 (90 bytes).
Length: 90

     0K                                                       100%  751K=0s

226 Transfer complete.
2017-08-21 00:15:39 (751 KB/s) - ‘./domain/in-addr.arpa.gz.sha256’ saved [90]

Remote file is newer than local file ‘./domain/in-addr.arpa.md5’ -- retrieving.

--2017-08-21 00:15:39--  ftp://ftp.internic.net/domain/in-addr.arpa.md5
           => ‘./domain/in-addr.arpa.md5’
==> CWD not required.
--> PASV

227 Entering Passive Mode (192,0,32,9,42,109)
--> RETR in-addr.arpa.md5

150 Opening BINARY mode data connection for in-addr.arpa.md5 (52 bytes).
Length: 52

     0K                                                       100%  413K=0s

226 Transfer complete.
2017-08-21 00:15:41 (413 KB/s) - ‘./domain/in-addr.arpa.md5’ saved [52]

Remote file is newer than local file ‘./domain/in-addr.arpa.sha256’ -- retrieving.

--2017-08-21 00:15:41--  ftp://ftp.internic.net/domain/in-addr.arpa.sha256
           => ‘./domain/in-addr.arpa.sha256’
==> CWD not required.
--> PASV

227 Entering Passive Mode (192,0,32,9,41,180)
--> RETR in-addr.arpa.sha256

150 Opening BINARY mode data connection for in-addr.arpa.sha256 (87 bytes).
Length: 87

     0K                                                       100% 1.80M=0s

226 Transfer complete.
2017-08-21 00:15:42 (1.80 MB/s) - ‘./domain/in-addr.arpa.sha256’ saved [87]

Remote file is newer than local file ‘./domain/in-addr.arpa.zone’ -- retrieving.

--2017-08-21 00:15:42--  ftp://ftp.internic.net/domain/in-addr.arpa.zone
           => ‘./domain/in-addr.arpa.zone’
==> CWD not required.
--> PASV

227 Entering Passive Mode (192,0,32,9,121,206)
--> RETR in-addr.arpa.zone

150 Opening BINARY mode data connection for in-addr.arpa.zone (228780 bytes).
Length: 228780 (223K)

     0K .......... .......... .......... .......... .......... 22% 81.1K 2s
    50K .......... .......... .......... .......... .......... 44%  230K 1s
   100K .......... .......... .......... .......... .......... 67% 1.15M 0s
   150K .......... .......... .......... .......... .......... 89%  196K 0s
   200K .......... .......... ...                             100% 93.0M=1.1s

226 Transfer complete.
2017-08-21 00:15:44 (197 KB/s) - ‘./domain/in-addr.arpa.zone’ saved [228780]

The sizes do not match (local 90913) -- retrieving.

--2017-08-21 00:15:44--  ftp://ftp.internic.net/domain/in-addr.arpa.zone.gz
           => ‘./domain/in-addr.arpa.zone.gz’
==> CWD not required.
--> PASV

227 Entering Passive Mode (192,0,32,9,41,132)
--> RETR in-addr.arpa.zone.gz

150 Opening BINARY mode data connection for in-addr.arpa.zone.gz (90923 bytes).
Length: 90923 (89K)

     0K .......... .......... .......... .......... .......... 56% 97.2K 0s
    50K .......... .......... .......... ........             100% 12.0M=0.5s

226 Transfer complete.
2017-08-21 00:15:46 (171 KB/s) - ‘./domain/in-addr.arpa.zone.gz’ saved [90923]

Remote file is newer than local file ‘./domain/in-addr.arpa.zone.gz.md5’ -- retrieving.

--2017-08-21 00:15:46--  ftp://ftp.internic.net/domain/in-addr.arpa.zone.gz.md5
           => ‘./domain/in-addr.arpa.zone.gz.md5’
==> CWD not required.
--> PASV

227 Entering Passive Mode (192,0,32,9,70,220)
--> RETR in-addr.arpa.zone.gz.md5

150 Opening BINARY mode data connection for in-addr.arpa.zone.gz.md5 (60 bytes).
Length: 60

     0K                                                       100%  407K=0s

226 Transfer complete.
2017-08-21 00:15:47 (407 KB/s) - ‘./domain/in-addr.arpa.zone.gz.md5’ saved [60]

Remote file is newer than local file ‘./domain/in-addr.arpa.zone.gz.sha256’ -- retrieving.

--2017-08-21 00:15:47--  ftp://ftp.internic.net/domain/in-addr.arpa.zone.gz.sha256
           => ‘./domain/in-addr.arpa.zone.gz.sha256’
==> CWD not required.
--> PASV

227 Entering Passive Mode (192,0,32,9,223,114)
--> RETR in-addr.arpa.zone.gz.sha256

150 Opening BINARY mode data connection for in-addr.arpa.zone.gz.sha256 (95 bytes).
Length: 95

     0K                                                       100%  428K=0s

226 Transfer complete.
2017-08-21 00:15:48 (428 KB/s) - ‘./domain/in-addr.arpa.zone.gz.sha256’ saved [95]

Remote file is newer than local file ‘./domain/in-addr.arpa.zone.md5’ -- retrieving.

--2017-08-21 00:15:48--  ftp://ftp.internic.net/domain/in-addr.arpa.zone.md5
           => ‘./domain/in-addr.arpa.zone.md5’
==> CWD not required.
--> PASV

227 Entering Passive Mode (192,0,32,9,144,58)
--> RETR in-addr.arpa.zone.md5

150 Opening BINARY mode data connection for in-addr.arpa.zone.md5 (57 bytes).
Length: 57

     0K                                                       100%  472K=0s

226 Transfer complete.
2017-08-21 00:15:49 (472 KB/s) - ‘./domain/in-addr.arpa.zone.md5’ saved [57]

Remote file is newer than local file ‘./domain/in-addr.arpa.zone.sha256’ -- retrieving.

--2017-08-21 00:15:49--  ftp://ftp.internic.net/domain/in-addr.arpa.zone.sha256
           => ‘./domain/in-addr.arpa.zone.sha256’
==> CWD not required.
--> PASV

227 Entering Passive Mode (192,0,32,9,41,126)
--> RETR in-addr.arpa.zone.sha256

150 Opening BINARY mode data connection for in-addr.arpa.zone.sha256 (92 bytes).
Length: 92

     0K                                                       100%  749K=0s

226 Transfer complete.
2017-08-21 00:15:50 (749 KB/s) - ‘./domain/in-addr.arpa.zone.sha256’ saved [92]

Remote file is newer than local file ‘./domain/ip6.arpa’ -- retrieving.

--2017-08-21 00:15:50--  ftp://ftp.internic.net/domain/ip6.arpa
           => ‘./domain/ip6.arpa’
==> CWD not required.
--> PASV

227 Entering Passive Mode (192,0,32,9,41,30)
--> RETR ip6.arpa

150 Opening BINARY mode data connection for ip6.arpa (61369 bytes).
Length: 61369 (60K)

     0K .......... .......... .......... .......... .......... 83% 80.6K 0s
    50K .........                                             100% 5.09M=0.6s

226 Transfer complete.
2017-08-21 00:15:52 (96.3 KB/s) - ‘./domain/ip6.arpa’ saved [61369]

Remote file is newer than local file ‘./domain/ip6.arpa.gz’ -- retrieving.

--2017-08-21 00:15:52--  ftp://ftp.internic.net/domain/ip6.arpa.gz
           => ‘./domain/ip6.arpa.gz’
==> CWD not required.
--> PASV

227 Entering Passive Mode (192,0,32,9,228,211)
--> RETR ip6.arpa.gz

150 Opening BINARY mode data connection for ip6.arpa.gz (24499 bytes).
Length: 24499 (24K)

     0K .......... .......... ...                             100% 83.7K=0.3s

226 Transfer complete.
2017-08-21 00:15:53 (83.7 KB/s) - ‘./domain/ip6.arpa.gz’ saved [24499]

Remote file is newer than local file ‘./domain/ip6.arpa.gz.md5’ -- retrieving.

--2017-08-21 00:15:53--  ftp://ftp.internic.net/domain/ip6.arpa.gz.md5
           => ‘./domain/ip6.arpa.gz.md5’
==> CWD not required.
--> PASV

227 Entering Passive Mode (192,0,32,9,42,205)
--> RETR ip6.arpa.gz.md5

150 Opening BINARY mode data connection for ip6.arpa.gz.md5 (51 bytes).
Length: 51

     0K                                                       100%  906K=0s

226 Transfer complete.
2017-08-21 00:15:55 (906 KB/s) - ‘./domain/ip6.arpa.gz.md5’ saved [51]

Remote file is newer than local file ‘./domain/ip6.arpa.gz.sha256’ -- retrieving.

--2017-08-21 00:15:55--  ftp://ftp.internic.net/domain/ip6.arpa.gz.sha256
           => ‘./domain/ip6.arpa.gz.sha256’
==> CWD not required.
--> PASV

227 Entering Passive Mode (192,0,32,9,42,119)
--> RETR ip6.arpa.gz.sha256

150 Opening BINARY mode data connection for ip6.arpa.gz.sha256 (86 bytes).
Length: 86

     0K                                                       100% 91.9K=0.001s

226 Transfer complete.
2017-08-21 00:15:56 (91.9 KB/s) - ‘./domain/ip6.arpa.gz.sha256’ saved [86]

Remote file is newer than local file ‘./domain/ip6.arpa.md5’ -- retrieving.

--2017-08-21 00:15:56--  ftp://ftp.internic.net/domain/ip6.arpa.md5
           => ‘./domain/ip6.arpa.md5’
==> CWD not required.
--> PASV

227 Entering Passive Mode (192,0,32,9,13,138)
--> RETR ip6.arpa.md5

150 Opening BINARY mode data connection for ip6.arpa.md5 (48 bytes).
Length: 48

     0K                                                       100%  464K=0s

226 Transfer complete.
2017-08-21 00:16:00 (464 KB/s) - ‘./domain/ip6.arpa.md5’ saved [48]

Remote file is newer than local file ‘./domain/ip6.arpa.sha256’ -- retrieving.

--2017-08-21 00:16:00--  ftp://ftp.internic.net/domain/ip6.arpa.sha256
           => ‘./domain/ip6.arpa.sha256’
==> CWD not required.
--> PASV

227 Entering Passive Mode (192,0,32,9,42,93)
--> RETR ip6.arpa.sha256

150 Opening BINARY mode data connection for ip6.arpa.sha256 (83 bytes).
Length: 83

     0K                                                       100% 1.03M=0s

226 Transfer complete.
2017-08-21 00:16:01 (1.03 MB/s) - ‘./domain/ip6.arpa.sha256’ saved [83]

Remote file is newer than local file ‘./domain/ip6.arpa.zone’ -- retrieving.

--2017-08-21 00:16:01--  ftp://ftp.internic.net/domain/ip6.arpa.zone
           => ‘./domain/ip6.arpa.zone’
==> CWD not required.
--> PASV

227 Entering Passive Mode (192,0,32,9,187,60)
--> RETR ip6.arpa.zone

150 Opening BINARY mode data connection for ip6.arpa.zone (61369 bytes).
Length: 61369 (60K)

     0K .......... .......... .......... .......... .......... 83% 83.4K 0s
    50K .........                                             100% 5.35M=0.6s

226 Transfer complete.
2017-08-21 00:16:03 (99.6 KB/s) - ‘./domain/ip6.arpa.zone’ saved [61369]

Remote file is newer than local file ‘./domain/ip6.arpa.zone.gz’ -- retrieving.

--2017-08-21 00:16:03--  ftp://ftp.internic.net/domain/ip6.arpa.zone.gz
           => ‘./domain/ip6.arpa.zone.gz’
==> CWD not required.
--> PASV

227 Entering Passive Mode (192,0,32,9,71,154)
--> RETR ip6.arpa.zone.gz

150 Opening BINARY mode data connection for ip6.arpa.zone.gz (24499 bytes).
Length: 24499 (24K)

     0K .......... .......... ...                             100% 74.7K=0.3s

226 Transfer complete.
2017-08-21 00:16:04 (74.7 KB/s) - ‘./domain/ip6.arpa.zone.gz’ saved [24499]

Remote file is newer than local file ‘./domain/ip6.arpa.zone.gz.md5’ -- retrieving.

--2017-08-21 00:16:04--  ftp://ftp.internic.net/domain/ip6.arpa.zone.gz.md5
           => ‘./domain/ip6.arpa.zone.gz.md5’
==> CWD not required.
--> PASV

227 Entering Passive Mode (192,0,32,9,42,23)
--> RETR ip6.arpa.zone.gz.md5

150 Opening BINARY mode data connection for ip6.arpa.zone.gz.md5 (56 bytes).
Length: 56

     0K                                                       100% 1013K=0s

226 Transfer complete.
2017-08-21 00:16:05 (1013 KB/s) - ‘./domain/ip6.arpa.zone.gz.md5’ saved [56]

Remote file is newer than local file ‘./domain/ip6.arpa.zone.gz.sha256’ -- retrieving.

--2017-08-21 00:16:05--  ftp://ftp.internic.net/domain/ip6.arpa.zone.gz.sha256
           => ‘./domain/ip6.arpa.zone.gz.sha256’
==> CWD not required.
--> PASV

227 Entering Passive Mode (192,0,32,9,42,64)
--> RETR ip6.arpa.zone.gz.sha256

150 Opening BINARY mode data connection for ip6.arpa.zone.gz.sha256 (91 bytes).
Length: 91

     0K                                                       100% 1.21M=0s

226 Transfer complete.
2017-08-21 00:16:06 (1.21 MB/s) - ‘./domain/ip6.arpa.zone.gz.sha256’ saved [91]

Remote file is newer than local file ‘./domain/ip6.arpa.zone.md5’ -- retrieving.

--2017-08-21 00:16:06--  ftp://ftp.internic.net/domain/ip6.arpa.zone.md5
           => ‘./domain/ip6.arpa.zone.md5’
==> CWD not required.
--> PASV

227 Entering Passive Mode (192,0,32,9,12,33)
--> RETR ip6.arpa.zone.md5

150 Opening BINARY mode data connection for ip6.arpa.zone.md5 (53 bytes).
Length: 53

     0K                                                       100%  431K=0s

226 Transfer complete.
2017-08-21 00:16:07 (431 KB/s) - ‘./domain/ip6.arpa.zone.md5’ saved [53]

Remote file is newer than local file ‘./domain/ip6.arpa.zone.sha256’ -- retrieving.

--2017-08-21 00:16:07--  ftp://ftp.internic.net/domain/ip6.arpa.zone.sha256
           => ‘./domain/ip6.arpa.zone.sha256’
==> CWD not required.
--> PASV

227 Entering Passive Mode (192,0,32,9,234,106)
--> RETR ip6.arpa.zone.sha256

150 Opening BINARY mode data connection for ip6.arpa.zone.sha256 (88 bytes).
Length: 88

     0K                                                       100% 1.17M=0s

226 Transfer complete.
2017-08-21 00:16:09 (1.17 MB/s) - ‘./domain/ip6.arpa.zone.sha256’ saved [88]

Remote file is newer than local file ‘./domain/last_update.txt’ -- retrieving.

--2017-08-21 00:16:09--  ftp://ftp.internic.net/domain/last_update.txt
           => ‘./domain/last_update.txt’
==> CWD not required.
--> PASV

227 Entering Passive Mode (192,0,32,9,71,10)
--> RETR last_update.txt

150 Opening BINARY mode data connection for last_update.txt (21 bytes).
Length: 21

     0K                                                       100%  181K=0s

226 Transfer complete.
2017-08-21 00:16:10 (181 KB/s) - ‘./domain/last_update.txt’ saved [21]

Remote file no newer than local file ‘./domain/named.cache’ -- not retrieving.
Remote file no newer than local file ‘./domain/named.cache.md5’ -- not retrieving.
Remote file no newer than local file ‘./domain/named.cache.sig’ -- not retrieving.
Remote file no newer than local file ‘./domain/named.root’ -- not retrieving.
Remote file no newer than local file ‘./domain/named.root.md5’ -- not retrieving.
Remote file no newer than local file ‘./domain/named.root.sig’ -- not retrieving.
Remote file no newer than local file ‘./domain/root-servers.net.zone’ -- not retrieving.
Remote file no newer than local file ‘./domain/root-servers.net.zone.gz’ -- not retrieving.
Remote file no newer than local file ‘./domain/root-servers.net.zone.gz.md5’ -- not retrieving.
Remote file no newer than local file ‘./domain/root-servers.net.zone.gz.sig’ -- not retrieving.
Remote file is newer than local file ‘./domain/root.zone’ -- retrieving.

--2017-08-21 00:16:10--  ftp://ftp.internic.net/domain/root.zone
           => ‘./domain/root.zone’
==> CWD not required.
--> PASV

227 Entering Passive Mode (192,0,32,9,100,180)
--> RETR root.zone

150 Opening BINARY mode data connection for root.zone (2263495 bytes).
Length: 2263495 (2.2M)

     0K .......... .......... .......... .......... ..........  2% 80.5K 27s
    50K .......... .......... .......... .......... ..........  4%  245K 17s
   100K .......... .......... .......... .......... ..........  6% 1.24M 12s
   150K .......... .......... .......... .......... ..........  9%  185K 11s
   200K .......... .......... .......... .......... .......... 11%  160K 11s
   250K .......... .......... .......... .......... .......... 13%  165K 11s
   300K .......... .......... .......... .......... .......... 15%  220K 11s
   350K .......... .......... .......... .......... .......... 18% 3.06M 9s
   400K .......... .......... .......... .......... .......... 20%  190K 9s
   450K .......... .......... .......... .......... .......... 22% 9.14M 8s
   500K .......... .......... .......... .......... .......... 24%  224K 8s
   550K .......... .......... .......... .......... .......... 27% 84.2K 8s
   600K .......... .......... .......... .......... .......... 29%  102M 7s
   650K .......... .......... .......... .......... .......... 31%  113M 7s
   700K .......... .......... .......... .......... .......... 33% 5.24M 6s
   750K .......... .......... .......... .......... .......... 36%  163K 6s
   800K .......... .......... .......... .......... .......... 38%  234K 6s
   850K .......... .......... .......... .......... .......... 40%  177K 6s
   900K .......... .......... .......... .......... .......... 42% 3.19M 5s
   950K .......... .......... .......... .......... .......... 45%  166K 5s
  1000K .......... .......... .......... .......... .......... 47% 21.3M 5s
  1050K .......... .......... .......... .......... .......... 49%  221K 4s
  1100K .......... .......... .......... .......... .......... 52%  173K 4s
  1150K .......... .......... .......... .......... .......... 54% 15.5M 4s
  1200K .......... .......... .......... .......... .......... 56%  171K 4s
  1250K .......... .......... .......... .......... .......... 58% 10.6M 4s
  1300K .......... .......... .......... .......... .......... 61%  157K 3s
  1350K .......... .......... .......... .......... .......... 63% 12.1M 3s
  1400K .......... .......... .......... .......... .......... 65%  149K 3s
  1450K .......... .......... .......... .......... .......... 67% 5.43M 3s
  1500K .......... .......... .......... .......... .......... 70%  209K 3s
  1550K .......... .......... .......... .......... .......... 72%  238K 2s
  1600K .......... .......... .......... .......... .......... 74% 1.51M 2s
  1650K .......... .......... .......... .......... .......... 76% 84.2K 2s
  1700K .......... .......... .......... .......... .......... 79% 18.4M 2s
  1750K .......... .......... .......... .......... .......... 81% 34.8M 2s
  1800K .......... .......... .......... .......... .......... 83% 52.1M 1s
  1850K .......... .......... .......... .......... .......... 85%  163K 1s
  1900K .......... .......... .......... .......... .......... 88%  165K 1s
  1950K .......... .......... .......... .......... .......... 90%  169K 1s
  2000K .......... .......... .......... .......... .......... 92% 6.75M 1s
  2050K .......... .......... .......... .......... .......... 95% 91.9K 0s
  2100K .......... .......... .......... .......... .......... 97% 1.96M 0s
  2150K .......... .......... .......... .......... .......... 99%  262K 0s
  2200K ..........                                            100% 7.04M=8.5s

226 Transfer complete.
2017-08-21 00:16:19 (262 KB/s) - ‘./domain/root.zone’ saved [2263495]

The sizes do not match (local 1063025) -- retrieving.

--2017-08-21 00:16:19--  ftp://ftp.internic.net/domain/root.zone.gz
           => ‘./domain/root.zone.gz’
==> CWD not required.
--> PASV

227 Entering Passive Mode (192,0,32,9,17,54)
--> RETR root.zone.gz

150 Opening BINARY mode data connection for root.zone.gz (1062944 bytes).
Length: 1062944 (1.0M)

     0K .......... .......... .......... .......... ..........  4% 96.0K 10s
    50K .......... .......... .......... .......... ..........  9%  171K 8s
   100K .......... .......... .......... .......... .......... 14% 8.00M 5s
   150K .......... .......... .......... .......... .......... 19%  165K 5s
   200K .......... .......... .......... .......... .......... 24%  164K 5s
   250K .......... .......... .......... .......... .......... 28%  162K 4s
   300K .......... .......... .......... .......... .......... 33%  183K 4s
   350K .......... .......... .......... .......... .......... 38% 3.40M 3s
   400K .......... .......... .......... .......... .......... 43%  221K 3s
   450K .......... .......... .......... .......... .......... 48%  167K 3s
   500K .......... .......... .......... .......... .......... 52% 8.39M 2s
   550K .......... .......... .......... .......... .......... 57%  157K 2s
   600K .......... .......... .......... .......... .......... 62%  169K 2s
   650K .......... .......... .......... .......... .......... 67% 14.7M 2s
   700K .......... .......... .......... .......... .......... 72%  216K 1s
   750K .......... .......... .......... .......... .......... 77% 1.31M 1s
   800K .......... .......... .......... .......... .......... 81%  260K 1s
   850K .......... .......... .......... .......... .......... 86% 1.45M 1s
   900K .......... .......... .......... .......... .......... 91%  260K 0s
   950K .......... .......... .......... .......... .......... 96%  271K 0s
  1000K .......... .......... .......... ........             100% 1.42M=4.1s

226 Transfer complete.
2017-08-21 00:16:24 (255 KB/s) - ‘./domain/root.zone.gz’ saved [1062944]

Remote file is newer than local file ‘./domain/root.zone.gz.md5’ -- retrieving.

--2017-08-21 00:16:24--  ftp://ftp.internic.net/domain/root.zone.gz.md5
           => ‘./domain/root.zone.gz.md5’
==> CWD not required.
--> PASV

227 Entering Passive Mode (192,0,32,9,239,88)
--> RETR root.zone.gz.md5

150 Opening BINARY mode data connection for root.zone.gz.md5 (33 bytes).
Length: 33

     0K                                                       100%  441K=0s

226 Transfer complete.
2017-08-21 00:16:25 (441 KB/s) - ‘./domain/root.zone.gz.md5’ saved [33]

Remote file is newer than local file ‘./domain/root.zone.gz.sig’ -- retrieving.

--2017-08-21 00:16:30--  ftp://ftp.internic.net/domain/root.zone.gz.sig
           => ‘./domain/root.zone.gz.sig’
==> CWD not required.
--> PASV

227 Entering Passive Mode (192,0,32,9,42,167)
--> RETR root.zone.gz.sig

150 Opening BINARY mode data connection for root.zone.gz.sig (72 bytes).
Length: 72

     0K                                                       100%  549K=0s

226 Transfer complete.
2017-08-21 00:16:31 (549 KB/s) - ‘./domain/root.zone.gz.sig’ saved [72]

Remote file is newer than local file ‘./domain/root.zone.md5’ -- retrieving.

--2017-08-21 00:16:31--  ftp://ftp.internic.net/domain/root.zone.md5
           => ‘./domain/root.zone.md5’
==> CWD not required.
--> PASV

227 Entering Passive Mode (192,0,32,9,42,144)
--> RETR root.zone.md5

150 Opening BINARY mode data connection for root.zone.md5 (33 bytes).
Length: 33

     0K                                                       100%  310K=0s

226 Transfer complete.
2017-08-21 00:16:33 (310 KB/s) - ‘./domain/root.zone.md5’ saved [33]

Remote file is newer than local file ‘./domain/root.zone.sig’ -- retrieving.

--2017-08-21 00:16:33--  ftp://ftp.internic.net/domain/root.zone.sig
           => ‘./domain/root.zone.sig’
==> CWD not required.
--> PASV

227 Entering Passive Mode (192,0,32,9,190,25)
--> RETR root.zone.sig

150 Opening BINARY mode data connection for root.zone.sig (72 bytes).
Length: 72

     0K                                                       100%  683K=0s

226 Transfer complete.
2017-08-21 00:16:34 (683 KB/s) - ‘./domain/root.zone.sig’ saved [72]

FINISHED --2017-08-21 00:16:34--
Total wall clock time: 16m 30s
Downloaded: 40 files, 4.0M in 18s (225 KB/s)
