--2017-04-24 00:00:02--  ftp://ftp.internic.net/*
           => ‘./.listing’
Resolving ftp.internic.net (ftp.internic.net)... 192.0.32.9, 2620:0:2d0:200::9
Connecting to ftp.internic.net (ftp.internic.net)|192.0.32.9|:21... connected.
Logging in as anonymous ... 
220 Internic FTP Server
--> USER anonymous

331 Please specify the password.
--> PASS Turtle Power!

230 Login successful.
--> SYST

215 UNIX Type: L8
--> PWD

257 "/"
--> TYPE I

200 Switching to Binary mode.
==> CWD not needed.
--> PASV

227 Entering Passive Mode (192,0,32,9,41,168)
--> LIST -a

150 Here comes the directory listing.

     0K                                                        3.06M=0s

226 Directory send OK.
drwxr-xr-x    3 ftp      ftp          4096 Apr 04  2012 .
drwxr-xr-x    3 ftp      ftp          4096 Apr 04  2012 ..
drwxr-xr-x    2 ftp      ftp          4096 Sep 09  2015 domain
2017-04-24 00:00:08 (3.06 MB/s) - ‘./.listing’ saved [183]

--2017-04-24 00:00:08--  ftp://ftp.internic.net/domain/*
           => ‘./domain/.listing’
--> CWD /domain

250 Directory successfully changed.
--> PASV

227 Entering Passive Mode (192,0,32,9,38,232)
--> LIST -a

150 Here comes the directory listing.

     0K ...                                                     500K=0.008s

226 Directory send OK.
drwxr-xr-x    2 ftp      ftp          4096 Sep 09  2015 .
drwxr-xr-x    3 ftp      ftp          4096 Apr 04  2012 ..
-rw-r--r--    1 ftp      ftp          1829 Aug 18  2015 .listing
-rw-r--r--    1 ftp      ftp          1224 Apr 23 12:18 INTERNIC_ROOT_ZONE.signatures
-rw-r--r--    1 ftp      ftp          1469 Apr 23 12:18 INTERNIC_ROOT_ZONE.signatures.asc
-rw-r--r--    1 ftp      ftp         15228 Apr 23 12:18 arpa.zone
-rw-r--r--    1 ftp      ftp          6644 Apr 23 12:18 arpa.zone.gz
-rw-r--r--    1 ftp      ftp            33 Apr 23 12:18 arpa.zone.gz.md5
-rw-r--r--    1 ftp      ftp            72 Apr 23 12:18 arpa.zone.gz.sig
-rw-r--r--    1 ftp      ftp          3289 Apr 11 15:01 db.cache
-rw-r--r--    1 ftp      ftp            33 Apr 11 15:01 db.cache.md5
-rw-r--r--    1 ftp      ftp            72 Apr 11 15:01 db.cache.sig
-rw-r--r--    1 ftp      ftp        230231 Apr 23 15:41 in-addr.arpa
-rw-r--r--    1 ftp      ftp         90911 Apr 23 15:41 in-addr.arpa.gz
-rw-r--r--    1 ftp      ftp            55 Apr 23 15:41 in-addr.arpa.gz.md5
-rw-r--r--    1 ftp      ftp            90 Apr 23 15:41 in-addr.arpa.gz.sha256
-rw-r--r--    1 ftp      ftp            52 Apr 23 15:41 in-addr.arpa.md5
-rw-r--r--    1 ftp      ftp            87 Apr 23 15:41 in-addr.arpa.sha256
-rw-r--r--    1 ftp      ftp        230231 Apr 23 15:41 in-addr.arpa.zone
-rw-r--r--    1 ftp      ftp         90911 Apr 23 15:41 in-addr.arpa.zone.gz
-rw-r--r--    1 ftp      ftp            60 Apr 23 15:41 in-addr.arpa.zone.gz.md5
-rw-r--r--    1 ftp      ftp            95 Apr 23 15:41 in-addr.arpa.zone.gz.sha256
-rw-r--r--    1 ftp      ftp            57 Apr 23 15:41 in-addr.arpa.zone.md5
-rw-r--r--    1 ftp      ftp            92 Apr 23 15:41 in-addr.arpa.zone.sha256
-rw-r--r--    1 ftp      ftp         61853 Apr 23 15:41 ip6.arpa
-rw-r--r--    1 ftp      ftp         24461 Apr 23 15:41 ip6.arpa.gz
-rw-r--r--    1 ftp      ftp            51 Apr 23 15:41 ip6.arpa.gz.md5
-rw-r--r--    1 ftp      ftp            86 Apr 23 15:41 ip6.arpa.gz.sha256
-rw-r--r--    1 ftp      ftp            48 Apr 23 15:41 ip6.arpa.md5
-rw-r--r--    1 ftp      ftp            83 Apr 23 15:41 ip6.arpa.sha256
-rw-r--r--    1 ftp      ftp         61853 Apr 23 15:41 ip6.arpa.zone
-rw-r--r--    1 ftp      ftp         24461 Apr 23 15:41 ip6.arpa.zone.gz
-rw-r--r--    1 ftp      ftp            56 Apr 23 15:41 ip6.arpa.zone.gz.md5
-rw-r--r--    1 ftp      ftp            91 Apr 23 15:41 ip6.arpa.zone.gz.sha256
-rw-r--r--    1 ftp      ftp            53 Apr 23 15:41 ip6.arpa.zone.md5
-rw-r--r--    1 ftp      ftp            88 Apr 23 15:41 ip6.arpa.zone.sha256
-rw-r--r--    1 ftp      ftp            21 Apr 23 15:41 last_update.txt
-rw-r--r--    1 ftp      ftp          3289 Apr 11 15:01 named.cache
-rw-r--r--    1 ftp      ftp            33 Apr 11 15:01 named.cache.md5
-rw-r--r--    1 ftp      ftp            72 Apr 11 15:01 named.cache.sig
-rw-r--r--    1 ftp      ftp          3289 Apr 11 15:01 named.root
-rw-r--r--    1 ftp      ftp            33 Apr 11 15:01 named.root.md5
-rw-r--r--    1 ftp      ftp            72 Apr 11 15:01 named.root.sig
-rw-r--r--    1 ftp      ftp          2110 Apr 11 15:01 root-servers.net.zone
-rw-r--r--    1 ftp      ftp           576 Apr 11 15:01 root-servers.net.zone.gz
-rw-r--r--    1 ftp      ftp            33 Apr 11 15:01 root-servers.net.zone.gz.md5
-rw-r--r--    1 ftp      ftp            72 Apr 11 15:01 root-servers.net.zone.gz.sig
-rw-r--r--    1 ftp      ftp       2235152 Apr 23 05:15 root.zone
-rw-r--r--    1 ftp      ftp       1049604 Apr 23 05:15 root.zone.gz
-rw-r--r--    1 ftp      ftp            33 Apr 23 05:15 root.zone.gz.md5
-rw-r--r--    1 ftp      ftp            72 Apr 23 05:15 root.zone.gz.sig
-rw-r--r--    1 ftp      ftp            33 Apr 23 05:15 root.zone.md5
-rw-r--r--    1 ftp      ftp            72 Apr 23 05:15 root.zone.sig
2017-04-24 00:00:10 (500 KB/s) - ‘./domain/.listing’ saved [3930]

The sizes do not match (local 3930) -- retrieving.

--2017-04-24 00:00:10--  ftp://ftp.internic.net/domain/.listing
           => ‘./domain/.listing’
==> CWD not required.
--> PASV

227 Entering Passive Mode (192,0,32,9,177,5)
--> RETR .listing

150 Opening BINARY mode data connection for .listing (1829 bytes).
Length: 1829 (1.8K)

     0K .                                                     100% 87.1K=0.02s

226 Transfer complete.
2017-04-24 00:00:11 (87.1 KB/s) - ‘./domain/.listing’ saved [1829]

Remote file is newer than local file ‘./domain/INTERNIC_ROOT_ZONE.signatures’ -- retrieving.

--2017-04-24 00:00:11--  ftp://ftp.internic.net/domain/INTERNIC_ROOT_ZONE.signatures
           => ‘./domain/INTERNIC_ROOT_ZONE.signatures’
==> CWD not required.
--> PASV

227 Entering Passive Mode (192,0,32,9,41,39)
--> RETR INTERNIC_ROOT_ZONE.signatures

150 Opening BINARY mode data connection for INTERNIC_ROOT_ZONE.signatures (1224 bytes).
Length: 1224 (1.2K)

     0K .                                                     100% 29.2M=0s

226 Transfer complete.
2017-04-24 00:00:12 (29.2 MB/s) - ‘./domain/INTERNIC_ROOT_ZONE.signatures’ saved [1224]

Remote file is newer than local file ‘./domain/INTERNIC_ROOT_ZONE.signatures.asc’ -- retrieving.

--2017-04-24 00:00:12--  ftp://ftp.internic.net/domain/INTERNIC_ROOT_ZONE.signatures.asc
           => ‘./domain/INTERNIC_ROOT_ZONE.signatures.asc’
==> CWD not required.
--> PASV

227 Entering Passive Mode (192,0,32,9,151,108)
--> RETR INTERNIC_ROOT_ZONE.signatures.asc

150 Opening BINARY mode data connection for INTERNIC_ROOT_ZONE.signatures.asc (1469 bytes).
Length: 1469 (1.4K)

     0K .                                                     100% 68.3K=0.02s

226 Transfer complete.
2017-04-24 00:00:13 (68.3 KB/s) - ‘./domain/INTERNIC_ROOT_ZONE.signatures.asc’ saved [1469]

Remote file is newer than local file ‘./domain/arpa.zone’ -- retrieving.

--2017-04-24 00:00:13--  ftp://ftp.internic.net/domain/arpa.zone
           => ‘./domain/arpa.zone’
==> CWD not required.
--> PASV

227 Entering Passive Mode (192,0,32,9,223,142)
--> RETR arpa.zone

150 Opening BINARY mode data connection for arpa.zone (15228 bytes).
Length: 15228 (15K)

     0K .......... ....                                       100% 4.89K=3.0s

226 Transfer complete.
2017-04-24 00:00:17 (4.89 KB/s) - ‘./domain/arpa.zone’ saved [15228]

The sizes do not match (local 6656) -- retrieving.

--2017-04-24 00:00:17--  ftp://ftp.internic.net/domain/arpa.zone.gz
           => ‘./domain/arpa.zone.gz’
==> CWD not required.
--> PASV

227 Entering Passive Mode (192,0,32,9,159,100)
--> RETR arpa.zone.gz

150 Opening BINARY mode data connection for arpa.zone.gz (6644 bytes).
Length: 6644 (6.5K)

     0K ......                                                100% 48.4M=0s

226 Transfer complete.
2017-04-24 00:00:18 (48.4 MB/s) - ‘./domain/arpa.zone.gz’ saved [6644]

Remote file is newer than local file ‘./domain/arpa.zone.gz.md5’ -- retrieving.

--2017-04-24 00:00:18--  ftp://ftp.internic.net/domain/arpa.zone.gz.md5
           => ‘./domain/arpa.zone.gz.md5’
==> CWD not required.
--> PASV

227 Entering Passive Mode (192,0,32,9,41,194)
--> RETR arpa.zone.gz.md5

150 Opening BINARY mode data connection for arpa.zone.gz.md5 (33 bytes).
Length: 33

     0K                                                       100%  806K=0s

226 Transfer complete.
2017-04-24 00:00:20 (806 KB/s) - ‘./domain/arpa.zone.gz.md5’ saved [33]

Remote file is newer than local file ‘./domain/arpa.zone.gz.sig’ -- retrieving.

--2017-04-24 00:00:20--  ftp://ftp.internic.net/domain/arpa.zone.gz.sig
           => ‘./domain/arpa.zone.gz.sig’
==> CWD not required.
--> PASV

227 Entering Passive Mode (192,0,32,9,235,223)
--> RETR arpa.zone.gz.sig

150 Opening BINARY mode data connection for arpa.zone.gz.sig (72 bytes).
Length: 72

     0K                                                       100% 1.67M=0s

226 Transfer complete.
2017-04-24 00:00:21 (1.67 MB/s) - ‘./domain/arpa.zone.gz.sig’ saved [72]

Remote file no newer than local file ‘./domain/db.cache’ -- not retrieving.
Remote file no newer than local file ‘./domain/db.cache.md5’ -- not retrieving.
Remote file no newer than local file ‘./domain/db.cache.sig’ -- not retrieving.
Remote file is newer than local file ‘./domain/in-addr.arpa’ -- retrieving.

--2017-04-24 00:00:21--  ftp://ftp.internic.net/domain/in-addr.arpa
           => ‘./domain/in-addr.arpa’
==> CWD not required.
--> PASV

227 Entering Passive Mode (192,0,32,9,42,97)
--> RETR in-addr.arpa

150 Opening BINARY mode data connection for in-addr.arpa (230231 bytes).
Length: 230231 (225K)

     0K .......... .......... .......... .......... .......... 22% 90.2K 2s
    50K .......... .......... .......... .......... .......... 44%  179K 1s
   100K .......... .......... .......... .......... .......... 66% 10.8M 0s
   150K .......... .......... .......... .......... .......... 88%  192K 0s
   200K .......... .......... ....                            100% 96.3K=1.4s

226 Transfer complete.
2017-04-24 00:00:23 (166 KB/s) - ‘./domain/in-addr.arpa’ saved [230231]

The sizes do not match (local 90951) -- retrieving.

--2017-04-24 00:00:23--  ftp://ftp.internic.net/domain/in-addr.arpa.gz
           => ‘./domain/in-addr.arpa.gz’
==> CWD not required.
--> PASV

227 Entering Passive Mode (192,0,32,9,41,242)
--> RETR in-addr.arpa.gz

150 Opening BINARY mode data connection for in-addr.arpa.gz (90911 bytes).
Length: 90911 (89K)

     0K .......... .......... .......... .......... .......... 56% 73.0K 1s
    50K .......... .......... .......... ........             100% 12.6M=0.7s

226 Transfer complete.
2017-04-24 00:00:25 (129 KB/s) - ‘./domain/in-addr.arpa.gz’ saved [90911]

Remote file is newer than local file ‘./domain/in-addr.arpa.gz.md5’ -- retrieving.

--2017-04-24 00:00:25--  ftp://ftp.internic.net/domain/in-addr.arpa.gz.md5
           => ‘./domain/in-addr.arpa.gz.md5’
==> CWD not required.
--> PASV

227 Entering Passive Mode (192,0,32,9,49,239)
--> RETR in-addr.arpa.gz.md5

150 Opening BINARY mode data connection for in-addr.arpa.gz.md5 (55 bytes).
Length: 55

     0K                                                       100%  767K=0s

226 Transfer complete.
2017-04-24 00:00:26 (767 KB/s) - ‘./domain/in-addr.arpa.gz.md5’ saved [55]

Remote file is newer than local file ‘./domain/in-addr.arpa.gz.sha256’ -- retrieving.

--2017-04-24 00:00:26--  ftp://ftp.internic.net/domain/in-addr.arpa.gz.sha256
           => ‘./domain/in-addr.arpa.gz.sha256’
==> CWD not required.
--> PASV

227 Entering Passive Mode (192,0,32,9,209,32)
--> RETR in-addr.arpa.gz.sha256

150 Opening BINARY mode data connection for in-addr.arpa.gz.sha256 (90 bytes).
Length: 90

     0K                                                       100% 2.15M=0s

226 Transfer complete.
2017-04-24 00:00:27 (2.15 MB/s) - ‘./domain/in-addr.arpa.gz.sha256’ saved [90]

Remote file is newer than local file ‘./domain/in-addr.arpa.md5’ -- retrieving.

--2017-04-24 00:00:27--  ftp://ftp.internic.net/domain/in-addr.arpa.md5
           => ‘./domain/in-addr.arpa.md5’
==> CWD not required.
--> PASV

227 Entering Passive Mode (192,0,32,9,219,250)
--> RETR in-addr.arpa.md5

150 Opening BINARY mode data connection for in-addr.arpa.md5 (52 bytes).
Length: 52

     0K                                                       100%  715K=0s

226 Transfer complete.
2017-04-24 00:00:28 (715 KB/s) - ‘./domain/in-addr.arpa.md5’ saved [52]

Remote file is newer than local file ‘./domain/in-addr.arpa.sha256’ -- retrieving.

--2017-04-24 00:00:28--  ftp://ftp.internic.net/domain/in-addr.arpa.sha256
           => ‘./domain/in-addr.arpa.sha256’
==> CWD not required.
--> PASV

227 Entering Passive Mode (192,0,32,9,81,213)
--> RETR in-addr.arpa.sha256

150 Opening BINARY mode data connection for in-addr.arpa.sha256 (87 bytes).
Length: 87

     0K                                                       100% 1.19M=0s

226 Transfer complete.
2017-04-24 00:00:29 (1.19 MB/s) - ‘./domain/in-addr.arpa.sha256’ saved [87]

Remote file is newer than local file ‘./domain/in-addr.arpa.zone’ -- retrieving.

--2017-04-24 00:00:29--  ftp://ftp.internic.net/domain/in-addr.arpa.zone
           => ‘./domain/in-addr.arpa.zone’
==> CWD not required.
--> PASV

227 Entering Passive Mode (192,0,32,9,198,125)
--> RETR in-addr.arpa.zone

150 Opening BINARY mode data connection for in-addr.arpa.zone (230231 bytes).
Length: 230231 (225K)

     0K .......... .......... .......... .......... .......... 22% 90.3K 2s
    50K .......... .......... .......... .......... .......... 44% 92.2K 1s
   100K .......... .......... .......... .......... .......... 66%  149K 1s
   150K .......... .......... .......... .......... .......... 88%  143K 0s
   200K .......... .......... ....                            100% 14.3M=1.8s

226 Transfer complete.
2017-04-24 00:00:32 (126 KB/s) - ‘./domain/in-addr.arpa.zone’ saved [230231]

The sizes do not match (local 90950) -- retrieving.

--2017-04-24 00:00:32--  ftp://ftp.internic.net/domain/in-addr.arpa.zone.gz
           => ‘./domain/in-addr.arpa.zone.gz’
==> CWD not required.
--> PASV

227 Entering Passive Mode (192,0,32,9,144,196)
--> RETR in-addr.arpa.zone.gz

150 Opening BINARY mode data connection for in-addr.arpa.zone.gz (90911 bytes).
Length: 90911 (89K)

     0K .......... .......... .......... .......... .......... 56% 70.6K 1s
    50K .......... .......... .......... ........             100% 12.5M=0.7s

226 Transfer complete.
2017-04-24 00:00:34 (125 KB/s) - ‘./domain/in-addr.arpa.zone.gz’ saved [90911]

Remote file is newer than local file ‘./domain/in-addr.arpa.zone.gz.md5’ -- retrieving.

--2017-04-24 00:00:34--  ftp://ftp.internic.net/domain/in-addr.arpa.zone.gz.md5
           => ‘./domain/in-addr.arpa.zone.gz.md5’
==> CWD not required.
--> PASV

227 Entering Passive Mode (192,0,32,9,45,73)
--> RETR in-addr.arpa.zone.gz.md5

150 Opening BINARY mode data connection for in-addr.arpa.zone.gz.md5 (60 bytes).
Length: 60

     0K                                                       100% 5.87K=0.01s

226 Transfer complete.
2017-04-24 00:00:36 (5.87 KB/s) - ‘./domain/in-addr.arpa.zone.gz.md5’ saved [60]

Remote file is newer than local file ‘./domain/in-addr.arpa.zone.gz.sha256’ -- retrieving.

--2017-04-24 00:00:36--  ftp://ftp.internic.net/domain/in-addr.arpa.zone.gz.sha256
           => ‘./domain/in-addr.arpa.zone.gz.sha256’
==> CWD not required.
--> PASV

227 Entering Passive Mode (192,0,32,9,32,97)
--> RETR in-addr.arpa.zone.gz.sha256

150 Opening BINARY mode data connection for in-addr.arpa.zone.gz.sha256 (95 bytes).
Length: 95

     0K                                                       100% 2.26M=0s

226 Transfer complete.
2017-04-24 00:00:37 (2.26 MB/s) - ‘./domain/in-addr.arpa.zone.gz.sha256’ saved [95]

Remote file is newer than local file ‘./domain/in-addr.arpa.zone.md5’ -- retrieving.

--2017-04-24 00:00:37--  ftp://ftp.internic.net/domain/in-addr.arpa.zone.md5
           => ‘./domain/in-addr.arpa.zone.md5’
==> CWD not required.
--> PASV

227 Entering Passive Mode (192,0,32,9,145,250)
--> RETR in-addr.arpa.zone.md5

150 Opening BINARY mode data connection for in-addr.arpa.zone.md5 (57 bytes).
Length: 57

     0K                                                       100% 1.33M=0s

226 Transfer complete.
2017-04-24 00:00:38 (1.33 MB/s) - ‘./domain/in-addr.arpa.zone.md5’ saved [57]

Remote file is newer than local file ‘./domain/in-addr.arpa.zone.sha256’ -- retrieving.

--2017-04-24 00:00:38--  ftp://ftp.internic.net/domain/in-addr.arpa.zone.sha256
           => ‘./domain/in-addr.arpa.zone.sha256’
==> CWD not required.
--> PASV

227 Entering Passive Mode (192,0,32,9,251,31)
--> RETR in-addr.arpa.zone.sha256

150 Opening BINARY mode data connection for in-addr.arpa.zone.sha256 (92 bytes).
Length: 92

     0K                                                       100% 2.14M=0s

226 Transfer complete.
2017-04-24 00:00:39 (2.14 MB/s) - ‘./domain/in-addr.arpa.zone.sha256’ saved [92]

Remote file is newer than local file ‘./domain/ip6.arpa’ -- retrieving.

--2017-04-24 00:00:39--  ftp://ftp.internic.net/domain/ip6.arpa
           => ‘./domain/ip6.arpa’
==> CWD not required.
--> PASV

227 Entering Passive Mode (192,0,32,9,228,127)
--> RETR ip6.arpa

150 Opening BINARY mode data connection for ip6.arpa (61853 bytes).
Length: 61853 (60K)

     0K .......... .......... .......... .......... .......... 82%  129K 0s
    50K ..........                                            100% 15.5M=0.4s

226 Transfer complete.
2017-04-24 00:00:40 (155 KB/s) - ‘./domain/ip6.arpa’ saved [61853]

The sizes do not match (local 24477) -- retrieving.

--2017-04-24 00:00:40--  ftp://ftp.internic.net/domain/ip6.arpa.gz
           => ‘./domain/ip6.arpa.gz’
==> CWD not required.
--> PASV

227 Entering Passive Mode (192,0,32,9,4,191)
--> RETR ip6.arpa.gz

150 Opening BINARY mode data connection for ip6.arpa.gz (24461 bytes).
Length: 24461 (24K)

     0K .......... .......... ...                             100%  118K=0.2s

226 Transfer complete.
2017-04-24 00:00:41 (118 KB/s) - ‘./domain/ip6.arpa.gz’ saved [24461]

Remote file is newer than local file ‘./domain/ip6.arpa.gz.md5’ -- retrieving.

--2017-04-24 00:00:41--  ftp://ftp.internic.net/domain/ip6.arpa.gz.md5
           => ‘./domain/ip6.arpa.gz.md5’
==> CWD not required.
--> PASV

227 Entering Passive Mode (192,0,32,9,41,120)
--> RETR ip6.arpa.gz.md5

150 Opening BINARY mode data connection for ip6.arpa.gz.md5 (51 bytes).
Length: 51

     0K                                                       100% 1.13M=0s

226 Transfer complete.
2017-04-24 00:00:42 (1.13 MB/s) - ‘./domain/ip6.arpa.gz.md5’ saved [51]

Remote file is newer than local file ‘./domain/ip6.arpa.gz.sha256’ -- retrieving.

--2017-04-24 00:00:42--  ftp://ftp.internic.net/domain/ip6.arpa.gz.sha256
           => ‘./domain/ip6.arpa.gz.sha256’
==> CWD not required.
--> PASV

227 Entering Passive Mode (192,0,32,9,41,157)
--> RETR ip6.arpa.gz.sha256

150 Opening BINARY mode data connection for ip6.arpa.gz.sha256 (86 bytes).
Length: 86

     0K                                                       100% 1.08M=0s

226 Transfer complete.
2017-04-24 00:00:43 (1.08 MB/s) - ‘./domain/ip6.arpa.gz.sha256’ saved [86]

Remote file is newer than local file ‘./domain/ip6.arpa.md5’ -- retrieving.

--2017-04-24 00:00:43--  ftp://ftp.internic.net/domain/ip6.arpa.md5
           => ‘./domain/ip6.arpa.md5’
==> CWD not required.
--> PASV

227 Entering Passive Mode (192,0,32,9,82,83)
--> RETR ip6.arpa.md5

150 Opening BINARY mode data connection for ip6.arpa.md5 (48 bytes).
Length: 48

     0K                                                       100% 1.06M=0s

226 Transfer complete.
2017-04-24 00:00:44 (1.06 MB/s) - ‘./domain/ip6.arpa.md5’ saved [48]

Remote file is newer than local file ‘./domain/ip6.arpa.sha256’ -- retrieving.

--2017-04-24 00:00:44--  ftp://ftp.internic.net/domain/ip6.arpa.sha256
           => ‘./domain/ip6.arpa.sha256’
==> CWD not required.
--> PASV

227 Entering Passive Mode (192,0,32,9,34,252)
--> RETR ip6.arpa.sha256

150 Opening BINARY mode data connection for ip6.arpa.sha256 (83 bytes).
Length: 83

     0K                                                       100% 1.88M=0s

226 Transfer complete.
2017-04-24 00:00:47 (1.88 MB/s) - ‘./domain/ip6.arpa.sha256’ saved [83]

Remote file is newer than local file ‘./domain/ip6.arpa.zone’ -- retrieving.

--2017-04-24 00:00:47--  ftp://ftp.internic.net/domain/ip6.arpa.zone
           => ‘./domain/ip6.arpa.zone’
==> CWD not required.
--> PASV

227 Entering Passive Mode (192,0,32,9,100,95)
--> RETR ip6.arpa.zone

150 Opening BINARY mode data connection for ip6.arpa.zone (61853 bytes).
Length: 61853 (60K)

     0K .......... .......... .......... .......... .......... 82% 87.2K 0s
    50K ..........                                            100% 13.0M=0.6s

226 Transfer complete.
2017-04-24 00:00:48 (105 KB/s) - ‘./domain/ip6.arpa.zone’ saved [61853]

The sizes do not match (local 24477) -- retrieving.

--2017-04-24 00:00:48--  ftp://ftp.internic.net/domain/ip6.arpa.zone.gz
           => ‘./domain/ip6.arpa.zone.gz’
==> CWD not required.
--> PASV

227 Entering Passive Mode (192,0,32,9,95,235)
--> RETR ip6.arpa.zone.gz

150 Opening BINARY mode data connection for ip6.arpa.zone.gz (24461 bytes).
Length: 24461 (24K)

     0K .......... .......... ...                             100% 82.7K=0.3s

226 Transfer complete.
2017-04-24 00:00:50 (82.7 KB/s) - ‘./domain/ip6.arpa.zone.gz’ saved [24461]

Remote file is newer than local file ‘./domain/ip6.arpa.zone.gz.md5’ -- retrieving.

--2017-04-24 00:00:50--  ftp://ftp.internic.net/domain/ip6.arpa.zone.gz.md5
           => ‘./domain/ip6.arpa.zone.gz.md5’
==> CWD not required.
--> PASV

227 Entering Passive Mode (192,0,32,9,94,197)
--> RETR ip6.arpa.zone.gz.md5

150 Opening BINARY mode data connection for ip6.arpa.zone.gz.md5 (56 bytes).
Length: 56

     0K                                                       100% 3.70K=0.01s

226 Transfer complete.
2017-04-24 00:00:51 (3.70 KB/s) - ‘./domain/ip6.arpa.zone.gz.md5’ saved [56]

Remote file is newer than local file ‘./domain/ip6.arpa.zone.gz.sha256’ -- retrieving.

--2017-04-24 00:00:51--  ftp://ftp.internic.net/domain/ip6.arpa.zone.gz.sha256
           => ‘./domain/ip6.arpa.zone.gz.sha256’
==> CWD not required.
--> PASV

227 Entering Passive Mode (192,0,32,9,232,249)
--> RETR ip6.arpa.zone.gz.sha256

150 Opening BINARY mode data connection for ip6.arpa.zone.gz.sha256 (91 bytes).
Length: 91

     0K                                                       100% 24.4K=0.004s

226 Transfer complete.
2017-04-24 00:00:53 (24.4 KB/s) - ‘./domain/ip6.arpa.zone.gz.sha256’ saved [91]

Remote file is newer than local file ‘./domain/ip6.arpa.zone.md5’ -- retrieving.

--2017-04-24 00:00:53--  ftp://ftp.internic.net/domain/ip6.arpa.zone.md5
           => ‘./domain/ip6.arpa.zone.md5’
==> CWD not required.
--> PASV

227 Entering Passive Mode (192,0,32,9,42,196)
--> RETR ip6.arpa.zone.md5

150 Opening BINARY mode data connection for ip6.arpa.zone.md5 (53 bytes).
Length: 53

     0K                                                       100%  681K=0s

226 Transfer complete.
2017-04-24 00:00:56 (681 KB/s) - ‘./domain/ip6.arpa.zone.md5’ saved [53]

Remote file is newer than local file ‘./domain/ip6.arpa.zone.sha256’ -- retrieving.

--2017-04-24 00:00:56--  ftp://ftp.internic.net/domain/ip6.arpa.zone.sha256
           => ‘./domain/ip6.arpa.zone.sha256’
==> CWD not required.
--> PASV

227 Entering Passive Mode (192,0,32,9,225,32)
--> RETR ip6.arpa.zone.sha256

150 Opening BINARY mode data connection for ip6.arpa.zone.sha256 (88 bytes).
Length: 88

     0K                                                       100% 56.2K=0.002s

226 Transfer complete.
2017-04-24 00:00:57 (56.2 KB/s) - ‘./domain/ip6.arpa.zone.sha256’ saved [88]

Remote file is newer than local file ‘./domain/last_update.txt’ -- retrieving.

--2017-04-24 00:00:57--  ftp://ftp.internic.net/domain/last_update.txt
           => ‘./domain/last_update.txt’
==> CWD not required.
--> PASV

227 Entering Passive Mode (192,0,32,9,16,110)
--> RETR last_update.txt

150 Opening BINARY mode data connection for last_update.txt (21 bytes).
Length: 21

     0K                                                       100%  526K=0s

226 Transfer complete.
2017-04-24 00:00:58 (526 KB/s) - ‘./domain/last_update.txt’ saved [21]

Remote file no newer than local file ‘./domain/named.cache’ -- not retrieving.
Remote file no newer than local file ‘./domain/named.cache.md5’ -- not retrieving.
Remote file no newer than local file ‘./domain/named.cache.sig’ -- not retrieving.
Remote file no newer than local file ‘./domain/named.root’ -- not retrieving.
Remote file no newer than local file ‘./domain/named.root.md5’ -- not retrieving.
Remote file no newer than local file ‘./domain/named.root.sig’ -- not retrieving.
Remote file no newer than local file ‘./domain/root-servers.net.zone’ -- not retrieving.
Remote file no newer than local file ‘./domain/root-servers.net.zone.gz’ -- not retrieving.
Remote file no newer than local file ‘./domain/root-servers.net.zone.gz.md5’ -- not retrieving.
Remote file no newer than local file ‘./domain/root-servers.net.zone.gz.sig’ -- not retrieving.
Remote file is newer than local file ‘./domain/root.zone’ -- retrieving.

--2017-04-24 00:00:58--  ftp://ftp.internic.net/domain/root.zone
           => ‘./domain/root.zone’
==> CWD not required.
--> PASV

227 Entering Passive Mode (192,0,32,9,101,46)
--> RETR root.zone

150 Opening BINARY mode data connection for root.zone (2235152 bytes).
Length: 2235152 (2.1M)

     0K .......... .......... .......... .......... ..........  2% 87.8K 24s
    50K .......... .......... .......... .......... ..........  4%  188K 17s
   100K .......... .......... .......... .......... ..........  6% 9.42M 11s
   150K .......... .......... .......... .......... ..........  9%  182K 11s
   200K .......... .......... .......... .......... .......... 11% 87.5K 13s
   250K .......... .......... .......... .......... .......... 13%  188K 12s
   300K .......... .......... .......... .......... .......... 16%  193K 12s
   350K .......... .......... .......... .......... .......... 18% 10.6M 10s
   400K .......... .......... .......... .......... .......... 20%  181K 10s
   450K .......... .......... .......... .......... .......... 22% 59.1K 11s
   500K .......... .......... .......... .......... .......... 25% 45.1M 10s
   550K .......... .......... .......... .......... .......... 27% 99.6M 9s
   600K .......... .......... .......... .......... .......... 29% 78.1M 8s
   650K .......... .......... .......... .......... .......... 32%  189K 8s
   700K .......... .......... .......... .......... .......... 34% 6.87M 7s
   750K .......... .......... .......... .......... .......... 36%  178K 7s
   800K .......... .......... .......... .......... .......... 38%  228K 6s
   850K .......... .......... .......... .......... .......... 41%  728K 6s
   900K .......... .......... .......... .......... .......... 43%  183K 6s
   950K .......... .......... .......... .......... .......... 45% 7.18M 5s
  1000K .......... .......... .......... .......... .......... 48%  193K 5s
  1050K .......... .......... .......... .......... .......... 50% 7.93M 5s
  1100K .......... .......... .......... .......... .......... 52%  184K 4s
  1150K .......... .......... .......... .......... .......... 54% 8.56M 4s
  1200K .......... .......... .......... .......... .......... 57% 89.4K 4s
  1250K .......... .......... .......... .......... .......... 59% 95.0M 4s
  1300K .......... .......... .......... .......... .......... 61% 18.5M 3s
  1350K .......... .......... .......... .......... .......... 64%  197K 3s
  1400K .......... .......... .......... .......... .......... 66%  189K 3s
  1450K .......... .......... .......... .......... .......... 68% 7.82M 3s
  1500K .......... .......... .......... .......... .......... 71%  177K 3s
  1550K .......... .......... .......... .......... .......... 73% 89.5K 3s
  1600K .......... .......... .......... .......... .......... 75% 7.24M 2s
  1650K .......... .......... .......... .......... .......... 77%  194K 2s
  1700K .......... .......... .......... .......... .......... 80%  182K 2s
  1750K .......... .......... .......... .......... .......... 82%  174K 2s
  1800K .......... .......... .......... .......... .......... 84%  174K 1s
  1850K .......... .......... .......... .......... .......... 87%  105K 1s
  1900K .......... .......... .......... .......... .......... 89%  152K 1s
  1950K .......... .......... .......... .......... .......... 91%  175K 1s
  2000K .......... .......... .......... .......... .......... 93% 89.9K 1s
  2050K .......... .......... .......... .......... .......... 96%  240K 0s
  2100K .......... .......... .......... .......... .......... 98%  145K 0s
  2150K .......... .......... .......... ..                   100%  114K=11s

226 Transfer complete.
2017-04-24 00:01:10 (207 KB/s) - ‘./domain/root.zone’ saved [2235152]

The sizes do not match (local 1049496) -- retrieving.

--2017-04-24 00:01:10--  ftp://ftp.internic.net/domain/root.zone.gz
           => ‘./domain/root.zone.gz’
==> CWD not required.
--> PASV

227 Entering Passive Mode (192,0,32,9,223,100)
--> RETR root.zone.gz

150 Opening BINARY mode data connection for root.zone.gz (1049604 bytes).
Length: 1049604 (1.0M)

     0K .......... .......... .......... .......... ..........  4% 90.3K 11s
    50K .......... .......... .......... .......... ..........  9%  188K 8s
   100K .......... .......... .......... .......... .......... 14% 9.99M 5s
   150K .......... .......... .......... .......... .......... 19% 60.4K 7s
   200K .......... .......... .......... .......... .......... 24% 52.4M 5s
   250K .......... .......... .......... .......... .......... 29%  192K 5s
   300K .......... .......... .......... .......... .......... 34% 60.5K 5s
   350K .......... .......... .......... .......... .......... 39%  117M 4s
   400K .......... .......... .......... .......... .......... 43%  101M 4s
   450K .......... .......... .......... .......... .......... 48% 29.5M 3s
   500K .......... .......... .......... .......... .......... 53%  191K 3s
   550K .......... .......... .......... .......... .......... 58%  196K 2s
   600K .......... .......... .......... .......... .......... 63% 6.62M 2s
   650K .......... .......... .......... .......... .......... 68%  186K 2s
   700K .......... .......... .......... .......... .......... 73%  181K 1s
   750K .......... .......... .......... .......... .......... 78% 6.08M 1s
   800K .......... .......... .......... .......... .......... 82%  181K 1s
   850K .......... .......... .......... .......... .......... 87% 7.60M 1s
   900K .......... .......... .......... .......... .......... 92%  195K 0s
   950K .......... .......... .......... .......... .......... 97%  198K 0s
  1000K .......... .......... .....                           100% 10.1M=4.6s

226 Transfer complete.
2017-04-24 00:01:15 (222 KB/s) - ‘./domain/root.zone.gz’ saved [1049604]

Remote file is newer than local file ‘./domain/root.zone.gz.md5’ -- retrieving.

--2017-04-24 00:01:15--  ftp://ftp.internic.net/domain/root.zone.gz.md5
           => ‘./domain/root.zone.gz.md5’
==> CWD not required.
--> PASV

227 Entering Passive Mode (192,0,32,9,106,75)
--> RETR root.zone.gz.md5

150 Opening BINARY mode data connection for root.zone.gz.md5 (33 bytes).
Length: 33

     0K                                                       100%  786K=0s

226 Transfer complete.
2017-04-24 00:01:17 (786 KB/s) - ‘./domain/root.zone.gz.md5’ saved [33]

Remote file is newer than local file ‘./domain/root.zone.gz.sig’ -- retrieving.

--2017-04-24 00:01:17--  ftp://ftp.internic.net/domain/root.zone.gz.sig
           => ‘./domain/root.zone.gz.sig’
==> CWD not required.
--> PASV

227 Entering Passive Mode (192,0,32,9,42,193)
--> RETR root.zone.gz.sig

150 Opening BINARY mode data connection for root.zone.gz.sig (72 bytes).
Length: 72

     0K                                                       100% 1.56M=0s

226 Transfer complete.
2017-04-24 00:01:18 (1.56 MB/s) - ‘./domain/root.zone.gz.sig’ saved [72]

Remote file is newer than local file ‘./domain/root.zone.md5’ -- retrieving.

--2017-04-24 00:01:18--  ftp://ftp.internic.net/domain/root.zone.md5
           => ‘./domain/root.zone.md5’
==> CWD not required.
--> PASV

227 Entering Passive Mode (192,0,32,9,42,65)
--> RETR root.zone.md5

150 Opening BINARY mode data connection for root.zone.md5 (33 bytes).
Length: 33

     0K                                                       100%  454K=0s

226 Transfer complete.
2017-04-24 00:01:19 (454 KB/s) - ‘./domain/root.zone.md5’ saved [33]

Remote file is newer than local file ‘./domain/root.zone.sig’ -- retrieving.

--2017-04-24 00:01:19--  ftp://ftp.internic.net/domain/root.zone.sig
           => ‘./domain/root.zone.sig’
==> CWD not required.
--> PASV

227 Entering Passive Mode (192,0,32,9,41,167)
--> RETR root.zone.sig

150 Opening BINARY mode data connection for root.zone.sig (72 bytes).
Length: 72

     0K                                                       100%  963K=0s

226 Transfer complete.
2017-04-24 00:01:20 (963 KB/s) - ‘./domain/root.zone.sig’ saved [72]

FINISHED --2017-04-24 00:01:20--
Total wall clock time: 1m 18s
Downloaded: 40 files, 3.9M in 24s (166 KB/s)
