--2017-08-05 00:00:03--  ftp://ftp.internic.net/*
           => ‘./.listing’
Resolving ftp.internic.net (ftp.internic.net)... 192.0.32.9, 2620:0:2d0:200::9
Connecting to ftp.internic.net (ftp.internic.net)|192.0.32.9|:21... connected.
Logging in as anonymous ... 
220 Internic FTP Server
--> USER anonymous

331 Please specify the password.
--> PASS Turtle Power!

230 Login successful.
--> SYST

215 UNIX Type: L8
--> PWD

257 "/"
--> TYPE I

200 Switching to Binary mode.
==> CWD not needed.
--> PASV

227 Entering Passive Mode (192,0,32,9,241,151)
--> LIST -a

150 Here comes the directory listing.

     0K                                                        1.48M=0s

226 Directory send OK.
drwxr-xr-x    3 ftp      ftp          4096 Apr 04  2012 .
drwxr-xr-x    3 ftp      ftp          4096 Apr 04  2012 ..
drwxr-xr-x    2 ftp      ftp          4096 Sep 09  2015 domain
2017-08-05 00:00:14 (1.48 MB/s) - ‘./.listing’ saved [183]

--2017-08-05 00:00:14--  ftp://ftp.internic.net/domain/*
           => ‘./domain/.listing’
--> CWD /domain

250 Directory successfully changed.
--> PASV

227 Entering Passive Mode (192,0,32,9,42,246)
--> LIST -a

150 Here comes the directory listing.

     0K ...                                                     438K=0.009s

226 Directory send OK.
drwxr-xr-x    2 ftp      ftp          4096 Sep 09  2015 .
drwxr-xr-x    3 ftp      ftp          4096 Apr 04  2012 ..
-rw-r--r--    1 ftp      ftp          1829 Aug 18  2015 .listing
-rw-r--r--    1 ftp      ftp          1224 Aug 04 12:37 INTERNIC_ROOT_ZONE.signatures
-rw-r--r--    1 ftp      ftp          1469 Aug 04 12:37 INTERNIC_ROOT_ZONE.signatures.asc
-rw-r--r--    1 ftp      ftp         15228 Aug 04 12:37 arpa.zone
-rw-r--r--    1 ftp      ftp          6661 Aug 04 12:37 arpa.zone.gz
-rw-r--r--    1 ftp      ftp            33 Aug 04 12:37 arpa.zone.gz.md5
-rw-r--r--    1 ftp      ftp            72 Aug 04 12:37 arpa.zone.gz.sig
-rw-r--r--    1 ftp      ftp          3314 Jul 26 14:54 db.cache
-rw-r--r--    1 ftp      ftp            33 Jul 26 14:54 db.cache.md5
-rw-r--r--    1 ftp      ftp            72 Jul 26 14:54 db.cache.sig
-rw-r--r--    1 ftp      ftp        228780 Aug 04 15:40 in-addr.arpa
-rw-r--r--    1 ftp      ftp         90944 Aug 04 15:40 in-addr.arpa.gz
-rw-r--r--    1 ftp      ftp            55 Aug 04 15:40 in-addr.arpa.gz.md5
-rw-r--r--    1 ftp      ftp            90 Aug 04 15:40 in-addr.arpa.gz.sha256
-rw-r--r--    1 ftp      ftp            52 Aug 04 15:40 in-addr.arpa.md5
-rw-r--r--    1 ftp      ftp            87 Aug 04 15:40 in-addr.arpa.sha256
-rw-r--r--    1 ftp      ftp        228780 Aug 04 15:40 in-addr.arpa.zone
-rw-r--r--    1 ftp      ftp         90944 Aug 04 15:40 in-addr.arpa.zone.gz
-rw-r--r--    1 ftp      ftp            60 Aug 04 15:40 in-addr.arpa.zone.gz.md5
-rw-r--r--    1 ftp      ftp            95 Aug 04 15:40 in-addr.arpa.zone.gz.sha256
-rw-r--r--    1 ftp      ftp            57 Aug 04 15:40 in-addr.arpa.zone.md5
-rw-r--r--    1 ftp      ftp            92 Aug 04 15:40 in-addr.arpa.zone.sha256
-rw-r--r--    1 ftp      ftp         61480 Aug 04 15:40 ip6.arpa
-rw-r--r--    1 ftp      ftp         24491 Aug 04 15:40 ip6.arpa.gz
-rw-r--r--    1 ftp      ftp            51 Aug 04 15:40 ip6.arpa.gz.md5
-rw-r--r--    1 ftp      ftp            86 Aug 04 15:40 ip6.arpa.gz.sha256
-rw-r--r--    1 ftp      ftp            48 Aug 04 15:40 ip6.arpa.md5
-rw-r--r--    1 ftp      ftp            83 Aug 04 15:40 ip6.arpa.sha256
-rw-r--r--    1 ftp      ftp         61480 Aug 04 15:40 ip6.arpa.zone
-rw-r--r--    1 ftp      ftp         24491 Aug 04 15:40 ip6.arpa.zone.gz
-rw-r--r--    1 ftp      ftp            56 Aug 04 15:40 ip6.arpa.zone.gz.md5
-rw-r--r--    1 ftp      ftp            91 Aug 04 15:40 ip6.arpa.zone.gz.sha256
-rw-r--r--    1 ftp      ftp            53 Aug 04 15:40 ip6.arpa.zone.md5
-rw-r--r--    1 ftp      ftp            88 Aug 04 15:40 ip6.arpa.zone.sha256
-rw-r--r--    1 ftp      ftp            21 Aug 04 15:40 last_update.txt
-rw-r--r--    1 ftp      ftp          3314 Jul 26 14:54 named.cache
-rw-r--r--    1 ftp      ftp            33 Jul 26 14:54 named.cache.md5
-rw-r--r--    1 ftp      ftp            72 Jul 26 14:54 named.cache.sig
-rw-r--r--    1 ftp      ftp          3314 Jul 26 14:54 named.root
-rw-r--r--    1 ftp      ftp            33 Jul 26 14:54 named.root.md5
-rw-r--r--    1 ftp      ftp            72 Jul 26 14:54 named.root.sig
-rw-r--r--    1 ftp      ftp          2111 Jul 26 14:53 root-servers.net.zone
-rw-r--r--    1 ftp      ftp           573 Jul 26 14:53 root-servers.net.zone.gz
-rw-r--r--    1 ftp      ftp            33 Jul 26 14:53 root-servers.net.zone.gz.md5
-rw-r--r--    1 ftp      ftp            72 Jul 26 14:53 root-servers.net.zone.gz.sig
-rw-r--r--    1 ftp      ftp       2263468 Aug 04 06:56 root.zone
-rw-r--r--    1 ftp      ftp       1063060 Aug 04 06:56 root.zone.gz
-rw-r--r--    1 ftp      ftp            33 Aug 04 06:56 root.zone.gz.md5
-rw-r--r--    1 ftp      ftp            72 Aug 04 06:56 root.zone.gz.sig
-rw-r--r--    1 ftp      ftp            33 Aug 04 06:56 root.zone.md5
-rw-r--r--    1 ftp      ftp            72 Aug 04 06:56 root.zone.sig
2017-08-05 00:00:15 (438 KB/s) - ‘./domain/.listing’ saved [3930]

The sizes do not match (local 3930) -- retrieving.

--2017-08-05 00:00:15--  ftp://ftp.internic.net/domain/.listing
           => ‘./domain/.listing’
==> CWD not required.
--> PASV

227 Entering Passive Mode (192,0,32,9,42,73)
--> RETR .listing

150 Opening BINARY mode data connection for .listing (1829 bytes).
Length: 1829 (1.8K)

     0K .                                                     100% 14.7M=0s

226 Transfer complete.
2017-08-05 00:00:16 (14.7 MB/s) - ‘./domain/.listing’ saved [1829]

Remote file is newer than local file ‘./domain/INTERNIC_ROOT_ZONE.signatures’ -- retrieving.

--2017-08-05 00:00:16--  ftp://ftp.internic.net/domain/INTERNIC_ROOT_ZONE.signatures
           => ‘./domain/INTERNIC_ROOT_ZONE.signatures’
==> CWD not required.
--> PASV

227 Entering Passive Mode (192,0,32,9,236,234)
--> RETR INTERNIC_ROOT_ZONE.signatures

150 Opening BINARY mode data connection for INTERNIC_ROOT_ZONE.signatures (1224 bytes).
Length: 1224 (1.2K)

     0K .                                                     100% 9.73M=0s

226 Transfer complete.
2017-08-05 00:00:17 (9.73 MB/s) - ‘./domain/INTERNIC_ROOT_ZONE.signatures’ saved [1224]

Remote file is newer than local file ‘./domain/INTERNIC_ROOT_ZONE.signatures.asc’ -- retrieving.

--2017-08-05 00:00:17--  ftp://ftp.internic.net/domain/INTERNIC_ROOT_ZONE.signatures.asc
           => ‘./domain/INTERNIC_ROOT_ZONE.signatures.asc’
==> CWD not required.
--> PASV

227 Entering Passive Mode (192,0,32,9,158,8)
--> RETR INTERNIC_ROOT_ZONE.signatures.asc

150 Opening BINARY mode data connection for INTERNIC_ROOT_ZONE.signatures.asc (1469 bytes).
Length: 1469 (1.4K)

     0K .                                                     100% 18.0M=0s

226 Transfer complete.
2017-08-05 00:00:18 (18.0 MB/s) - ‘./domain/INTERNIC_ROOT_ZONE.signatures.asc’ saved [1469]

Remote file is newer than local file ‘./domain/arpa.zone’ -- retrieving.

--2017-08-05 00:00:18--  ftp://ftp.internic.net/domain/arpa.zone
           => ‘./domain/arpa.zone’
==> CWD not required.
--> PASV

227 Entering Passive Mode (192,0,32,9,42,9)
--> RETR arpa.zone

150 Opening BINARY mode data connection for arpa.zone (15228 bytes).
Length: 15228 (15K)

     0K .......... ....                                       100%  671K=0.02s

226 Transfer complete.
2017-08-05 00:00:19 (671 KB/s) - ‘./domain/arpa.zone’ saved [15228]

The sizes do not match (local 6647) -- retrieving.

--2017-08-05 00:00:19--  ftp://ftp.internic.net/domain/arpa.zone.gz
           => ‘./domain/arpa.zone.gz’
==> CWD not required.
--> PASV

227 Entering Passive Mode (192,0,32,9,198,143)
--> RETR arpa.zone.gz

150 Opening BINARY mode data connection for arpa.zone.gz (6661 bytes).
Length: 6661 (6.5K)

     0K ......                                                100%  848K=0.008s

226 Transfer complete.
2017-08-05 00:00:20 (848 KB/s) - ‘./domain/arpa.zone.gz’ saved [6661]

Remote file is newer than local file ‘./domain/arpa.zone.gz.md5’ -- retrieving.

--2017-08-05 00:00:20--  ftp://ftp.internic.net/domain/arpa.zone.gz.md5
           => ‘./domain/arpa.zone.gz.md5’
==> CWD not required.
--> PASV

227 Entering Passive Mode (192,0,32,9,63,22)
--> RETR arpa.zone.gz.md5

150 Opening BINARY mode data connection for arpa.zone.gz.md5 (33 bytes).
Length: 33

     0K                                                       100%  806K=0s

226 Transfer complete.
2017-08-05 00:00:21 (806 KB/s) - ‘./domain/arpa.zone.gz.md5’ saved [33]

Remote file is newer than local file ‘./domain/arpa.zone.gz.sig’ -- retrieving.

--2017-08-05 00:00:21--  ftp://ftp.internic.net/domain/arpa.zone.gz.sig
           => ‘./domain/arpa.zone.gz.sig’
==> CWD not required.
--> PASV

227 Entering Passive Mode (192,0,32,9,165,169)
--> RETR arpa.zone.gz.sig

150 Opening BINARY mode data connection for arpa.zone.gz.sig (72 bytes).
Length: 72

     0K                                                       100% 1004K=0s

226 Transfer complete.
2017-08-05 00:00:21 (1004 KB/s) - ‘./domain/arpa.zone.gz.sig’ saved [72]

Remote file no newer than local file ‘./domain/db.cache’ -- not retrieving.
Remote file no newer than local file ‘./domain/db.cache.md5’ -- not retrieving.
Remote file no newer than local file ‘./domain/db.cache.sig’ -- not retrieving.
Remote file is newer than local file ‘./domain/in-addr.arpa’ -- retrieving.

--2017-08-05 00:00:21--  ftp://ftp.internic.net/domain/in-addr.arpa
           => ‘./domain/in-addr.arpa’
==> CWD not required.
--> PASV

227 Entering Passive Mode (192,0,32,9,241,24)
--> RETR in-addr.arpa

150 Opening BINARY mode data connection for in-addr.arpa (228780 bytes).
Length: 228780 (223K)

     0K .......... .......... .......... .......... .......... 22%  109K 2s
    50K .......... .......... .......... .......... .......... 44%  237K 1s
   100K .......... .......... .......... .......... .......... 67%  168K 0s
   150K .......... .......... .......... .......... .......... 89%  186K 0s
   200K .......... .......... ...                             100%  648K=1.3s

226 Transfer complete.
2017-08-05 00:00:24 (176 KB/s) - ‘./domain/in-addr.arpa’ saved [228780]

Remote file is newer than local file ‘./domain/in-addr.arpa.gz’ -- retrieving.

--2017-08-05 00:00:24--  ftp://ftp.internic.net/domain/in-addr.arpa.gz
           => ‘./domain/in-addr.arpa.gz’
==> CWD not required.
--> PASV

227 Entering Passive Mode (192,0,32,9,254,98)
--> RETR in-addr.arpa.gz

150 Opening BINARY mode data connection for in-addr.arpa.gz (90944 bytes).
Length: 90944 (89K)

     0K .......... .......... .......... .......... .......... 56%  111K 0s
    50K .......... .......... .......... ........             100%  584K=0.5s

226 Transfer complete.
2017-08-05 00:00:25 (172 KB/s) - ‘./domain/in-addr.arpa.gz’ saved [90944]

Remote file is newer than local file ‘./domain/in-addr.arpa.gz.md5’ -- retrieving.

--2017-08-05 00:00:25--  ftp://ftp.internic.net/domain/in-addr.arpa.gz.md5
           => ‘./domain/in-addr.arpa.gz.md5’
==> CWD not required.
--> PASV

227 Entering Passive Mode (192,0,32,9,206,8)
--> RETR in-addr.arpa.gz.md5

150 Opening BINARY mode data connection for in-addr.arpa.gz.md5 (55 bytes).
Length: 55

     0K                                                       100%  455K=0s

226 Transfer complete.
2017-08-05 00:00:26 (455 KB/s) - ‘./domain/in-addr.arpa.gz.md5’ saved [55]

Remote file is newer than local file ‘./domain/in-addr.arpa.gz.sha256’ -- retrieving.

--2017-08-05 00:00:26--  ftp://ftp.internic.net/domain/in-addr.arpa.gz.sha256
           => ‘./domain/in-addr.arpa.gz.sha256’
==> CWD not required.
--> PASV

227 Entering Passive Mode (192,0,32,9,38,31)
--> RETR in-addr.arpa.gz.sha256

150 Opening BINARY mode data connection for in-addr.arpa.gz.sha256 (90 bytes).
Length: 90

     0K                                                       100%  745K=0s

226 Transfer complete.
2017-08-05 00:00:27 (745 KB/s) - ‘./domain/in-addr.arpa.gz.sha256’ saved [90]

Remote file is newer than local file ‘./domain/in-addr.arpa.md5’ -- retrieving.

--2017-08-05 00:00:27--  ftp://ftp.internic.net/domain/in-addr.arpa.md5
           => ‘./domain/in-addr.arpa.md5’
==> CWD not required.
--> PASV

227 Entering Passive Mode (192,0,32,9,170,44)
--> RETR in-addr.arpa.md5

150 Opening BINARY mode data connection for in-addr.arpa.md5 (52 bytes).
Length: 52

     0K                                                       100%  434K=0s

226 Transfer complete.
2017-08-05 00:00:28 (434 KB/s) - ‘./domain/in-addr.arpa.md5’ saved [52]

Remote file is newer than local file ‘./domain/in-addr.arpa.sha256’ -- retrieving.

--2017-08-05 00:00:28--  ftp://ftp.internic.net/domain/in-addr.arpa.sha256
           => ‘./domain/in-addr.arpa.sha256’
==> CWD not required.
--> PASV

227 Entering Passive Mode (192,0,32,9,244,216)
--> RETR in-addr.arpa.sha256

150 Opening BINARY mode data connection for in-addr.arpa.sha256 (87 bytes).
Length: 87

     0K                                                       100%  833K=0s

226 Transfer complete.
2017-08-05 00:00:28 (833 KB/s) - ‘./domain/in-addr.arpa.sha256’ saved [87]

Remote file is newer than local file ‘./domain/in-addr.arpa.zone’ -- retrieving.

--2017-08-05 00:00:29--  ftp://ftp.internic.net/domain/in-addr.arpa.zone
           => ‘./domain/in-addr.arpa.zone’
==> CWD not required.
--> PASV

227 Entering Passive Mode (192,0,32,9,42,236)
--> RETR in-addr.arpa.zone

150 Opening BINARY mode data connection for in-addr.arpa.zone (228780 bytes).
Length: 228780 (223K)

     0K .......... .......... .......... .......... .......... 22%  110K 2s
    50K .......... .......... .......... .......... .......... 44%  246K 1s
   100K .......... .......... .......... .......... .......... 67%  544K 0s
   150K .......... .......... .......... .......... .......... 89%  261K 0s
   200K .......... .......... ...                             100%  168K=1.1s

226 Transfer complete.
2017-08-05 00:00:30 (206 KB/s) - ‘./domain/in-addr.arpa.zone’ saved [228780]

Remote file is newer than local file ‘./domain/in-addr.arpa.zone.gz’ -- retrieving.

--2017-08-05 00:00:30--  ftp://ftp.internic.net/domain/in-addr.arpa.zone.gz
           => ‘./domain/in-addr.arpa.zone.gz’
==> CWD not required.
--> PASV

227 Entering Passive Mode (192,0,32,9,185,42)
--> RETR in-addr.arpa.zone.gz

150 Opening BINARY mode data connection for in-addr.arpa.zone.gz (90944 bytes).
Length: 90944 (89K)

     0K .......... .......... .......... .......... .......... 56%  112K 0s
    50K .......... .......... .......... ........             100%  565K=0.5s

226 Transfer complete.
2017-08-05 00:00:32 (172 KB/s) - ‘./domain/in-addr.arpa.zone.gz’ saved [90944]

Remote file is newer than local file ‘./domain/in-addr.arpa.zone.gz.md5’ -- retrieving.

--2017-08-05 00:00:32--  ftp://ftp.internic.net/domain/in-addr.arpa.zone.gz.md5
           => ‘./domain/in-addr.arpa.zone.gz.md5’
==> CWD not required.
--> PASV

227 Entering Passive Mode (192,0,32,9,42,227)
--> RETR in-addr.arpa.zone.gz.md5

150 Opening BINARY mode data connection for in-addr.arpa.zone.gz.md5 (60 bytes).
Length: 60

     0K                                                       100%  497K=0s

226 Transfer complete.
2017-08-05 00:00:33 (497 KB/s) - ‘./domain/in-addr.arpa.zone.gz.md5’ saved [60]

Remote file is newer than local file ‘./domain/in-addr.arpa.zone.gz.sha256’ -- retrieving.

--2017-08-05 00:00:33--  ftp://ftp.internic.net/domain/in-addr.arpa.zone.gz.sha256
           => ‘./domain/in-addr.arpa.zone.gz.sha256’
==> CWD not required.
--> PASV

227 Entering Passive Mode (192,0,32,9,141,84)
--> RETR in-addr.arpa.zone.gz.sha256

150 Opening BINARY mode data connection for in-addr.arpa.zone.gz.sha256 (95 bytes).
Length: 95

     0K                                                       100%  780K=0s

226 Transfer complete.
2017-08-05 00:00:34 (780 KB/s) - ‘./domain/in-addr.arpa.zone.gz.sha256’ saved [95]

Remote file is newer than local file ‘./domain/in-addr.arpa.zone.md5’ -- retrieving.

--2017-08-05 00:00:34--  ftp://ftp.internic.net/domain/in-addr.arpa.zone.md5
           => ‘./domain/in-addr.arpa.zone.md5’
==> CWD not required.
--> PASV

227 Entering Passive Mode (192,0,32,9,45,46)
--> RETR in-addr.arpa.zone.md5

150 Opening BINARY mode data connection for in-addr.arpa.zone.md5 (57 bytes).
Length: 57

     0K                                                       100%  472K=0s

226 Transfer complete.
2017-08-05 00:00:35 (472 KB/s) - ‘./domain/in-addr.arpa.zone.md5’ saved [57]

Remote file is newer than local file ‘./domain/in-addr.arpa.zone.sha256’ -- retrieving.

--2017-08-05 00:00:35--  ftp://ftp.internic.net/domain/in-addr.arpa.zone.sha256
           => ‘./domain/in-addr.arpa.zone.sha256’
==> CWD not required.
--> PASV

227 Entering Passive Mode (192,0,32,9,41,144)
--> RETR in-addr.arpa.zone.sha256

150 Opening BINARY mode data connection for in-addr.arpa.zone.sha256 (92 bytes).
Length: 92

     0K                                                       100%  713K=0s

226 Transfer complete.
2017-08-05 00:00:35 (713 KB/s) - ‘./domain/in-addr.arpa.zone.sha256’ saved [92]

Remote file is newer than local file ‘./domain/ip6.arpa’ -- retrieving.

--2017-08-05 00:00:35--  ftp://ftp.internic.net/domain/ip6.arpa
           => ‘./domain/ip6.arpa’
==> CWD not required.
--> PASV

227 Entering Passive Mode (192,0,32,9,41,154)
--> RETR ip6.arpa

150 Opening BINARY mode data connection for ip6.arpa (61480 bytes).
Length: 61480 (60K)

     0K .......... .......... .......... .......... .......... 83%  109K 0s
    50K ..........                                            100%  812K=0.5s

226 Transfer complete.
2017-08-05 00:00:37 (128 KB/s) - ‘./domain/ip6.arpa’ saved [61480]

Remote file is newer than local file ‘./domain/ip6.arpa.gz’ -- retrieving.

--2017-08-05 00:00:37--  ftp://ftp.internic.net/domain/ip6.arpa.gz
           => ‘./domain/ip6.arpa.gz’
==> CWD not required.
--> PASV

227 Entering Passive Mode (192,0,32,9,218,166)
--> RETR ip6.arpa.gz

150 Opening BINARY mode data connection for ip6.arpa.gz (24491 bytes).
Length: 24491 (24K)

     0K .......... .......... ...                             100%  102K=0.2s

226 Transfer complete.
2017-08-05 00:00:38 (102 KB/s) - ‘./domain/ip6.arpa.gz’ saved [24491]

Remote file is newer than local file ‘./domain/ip6.arpa.gz.md5’ -- retrieving.

--2017-08-05 00:00:38--  ftp://ftp.internic.net/domain/ip6.arpa.gz.md5
           => ‘./domain/ip6.arpa.gz.md5’
==> CWD not required.
--> PASV

227 Entering Passive Mode (192,0,32,9,143,115)
--> RETR ip6.arpa.gz.md5

150 Opening BINARY mode data connection for ip6.arpa.gz.md5 (51 bytes).
Length: 51

     0K                                                       100%  743K=0s

226 Transfer complete.
2017-08-05 00:00:39 (743 KB/s) - ‘./domain/ip6.arpa.gz.md5’ saved [51]

Remote file is newer than local file ‘./domain/ip6.arpa.gz.sha256’ -- retrieving.

--2017-08-05 00:00:39--  ftp://ftp.internic.net/domain/ip6.arpa.gz.sha256
           => ‘./domain/ip6.arpa.gz.sha256’
==> CWD not required.
--> PASV

227 Entering Passive Mode (192,0,32,9,119,62)
--> RETR ip6.arpa.gz.sha256

150 Opening BINARY mode data connection for ip6.arpa.gz.sha256 (86 bytes).
Length: 86

     0K                                                       100%  718K=0s

226 Transfer complete.
2017-08-05 00:00:40 (718 KB/s) - ‘./domain/ip6.arpa.gz.sha256’ saved [86]

Remote file is newer than local file ‘./domain/ip6.arpa.md5’ -- retrieving.

--2017-08-05 00:00:40--  ftp://ftp.internic.net/domain/ip6.arpa.md5
           => ‘./domain/ip6.arpa.md5’
==> CWD not required.
--> PASV

227 Entering Passive Mode (192,0,32,9,173,110)
--> RETR ip6.arpa.md5

150 Opening BINARY mode data connection for ip6.arpa.md5 (48 bytes).
Length: 48

     0K                                                       100%  689K=0s

226 Transfer complete.
2017-08-05 00:00:41 (689 KB/s) - ‘./domain/ip6.arpa.md5’ saved [48]

Remote file is newer than local file ‘./domain/ip6.arpa.sha256’ -- retrieving.

--2017-08-05 00:00:41--  ftp://ftp.internic.net/domain/ip6.arpa.sha256
           => ‘./domain/ip6.arpa.sha256’
==> CWD not required.
--> PASV

227 Entering Passive Mode (192,0,32,9,41,64)
--> RETR ip6.arpa.sha256

150 Opening BINARY mode data connection for ip6.arpa.sha256 (83 bytes).
Length: 83

     0K                                                       100%  664K=0s

226 Transfer complete.
2017-08-05 00:00:41 (664 KB/s) - ‘./domain/ip6.arpa.sha256’ saved [83]

Remote file is newer than local file ‘./domain/ip6.arpa.zone’ -- retrieving.

--2017-08-05 00:00:41--  ftp://ftp.internic.net/domain/ip6.arpa.zone
           => ‘./domain/ip6.arpa.zone’
==> CWD not required.
--> PASV

227 Entering Passive Mode (192,0,32,9,46,152)
--> RETR ip6.arpa.zone

150 Opening BINARY mode data connection for ip6.arpa.zone (61480 bytes).
Length: 61480 (60K)

     0K .......... .......... .......... .......... .......... 83%  109K 0s
    50K ..........                                            100%  770K=0.5s

226 Transfer complete.
2017-08-05 00:00:43 (128 KB/s) - ‘./domain/ip6.arpa.zone’ saved [61480]

Remote file is newer than local file ‘./domain/ip6.arpa.zone.gz’ -- retrieving.

--2017-08-05 00:00:43--  ftp://ftp.internic.net/domain/ip6.arpa.zone.gz
           => ‘./domain/ip6.arpa.zone.gz’
==> CWD not required.
--> PASV

227 Entering Passive Mode (192,0,32,9,242,4)
--> RETR ip6.arpa.zone.gz

150 Opening BINARY mode data connection for ip6.arpa.zone.gz (24491 bytes).
Length: 24491 (24K)

     0K .......... .......... ...                             100%  105K=0.2s

226 Transfer complete.
2017-08-05 00:00:44 (105 KB/s) - ‘./domain/ip6.arpa.zone.gz’ saved [24491]

Remote file is newer than local file ‘./domain/ip6.arpa.zone.gz.md5’ -- retrieving.

--2017-08-05 00:00:44--  ftp://ftp.internic.net/domain/ip6.arpa.zone.gz.md5
           => ‘./domain/ip6.arpa.zone.gz.md5’
==> CWD not required.
--> PASV

227 Entering Passive Mode (192,0,32,9,143,28)
--> RETR ip6.arpa.zone.gz.md5

150 Opening BINARY mode data connection for ip6.arpa.zone.gz.md5 (56 bytes).
Length: 56

     0K                                                       100%  460K=0s

226 Transfer complete.
2017-08-05 00:00:45 (460 KB/s) - ‘./domain/ip6.arpa.zone.gz.md5’ saved [56]

Remote file is newer than local file ‘./domain/ip6.arpa.zone.gz.sha256’ -- retrieving.

--2017-08-05 00:00:45--  ftp://ftp.internic.net/domain/ip6.arpa.zone.gz.sha256
           => ‘./domain/ip6.arpa.zone.gz.sha256’
==> CWD not required.
--> PASV

227 Entering Passive Mode (192,0,32,9,26,57)
--> RETR ip6.arpa.zone.gz.sha256

150 Opening BINARY mode data connection for ip6.arpa.zone.gz.sha256 (91 bytes).
Length: 91

     0K                                                       100% 1.47M=0s

226 Transfer complete.
2017-08-05 00:00:46 (1.47 MB/s) - ‘./domain/ip6.arpa.zone.gz.sha256’ saved [91]

Remote file is newer than local file ‘./domain/ip6.arpa.zone.md5’ -- retrieving.

--2017-08-05 00:00:46--  ftp://ftp.internic.net/domain/ip6.arpa.zone.md5
           => ‘./domain/ip6.arpa.zone.md5’
==> CWD not required.
--> PASV

227 Entering Passive Mode (192,0,32,9,223,9)
--> RETR ip6.arpa.zone.md5

150 Opening BINARY mode data connection for ip6.arpa.zone.md5 (53 bytes).
Length: 53

     0K                                                       100%  424K=0s

226 Transfer complete.
2017-08-05 00:00:47 (424 KB/s) - ‘./domain/ip6.arpa.zone.md5’ saved [53]

Remote file is newer than local file ‘./domain/ip6.arpa.zone.sha256’ -- retrieving.

--2017-08-05 00:00:47--  ftp://ftp.internic.net/domain/ip6.arpa.zone.sha256
           => ‘./domain/ip6.arpa.zone.sha256’
==> CWD not required.
--> PASV

227 Entering Passive Mode (192,0,32,9,236,239)
--> RETR ip6.arpa.zone.sha256

150 Opening BINARY mode data connection for ip6.arpa.zone.sha256 (88 bytes).
Length: 88

     0K                                                       100% 1.20M=0s

226 Transfer complete.
2017-08-05 00:00:47 (1.20 MB/s) - ‘./domain/ip6.arpa.zone.sha256’ saved [88]

Remote file is newer than local file ‘./domain/last_update.txt’ -- retrieving.

--2017-08-05 00:00:47--  ftp://ftp.internic.net/domain/last_update.txt
           => ‘./domain/last_update.txt’
==> CWD not required.
--> PASV

227 Entering Passive Mode (192,0,32,9,91,248)
--> RETR last_update.txt

150 Opening BINARY mode data connection for last_update.txt (21 bytes).
Length: 21

     0K                                                       100%  174K=0s

226 Transfer complete.
2017-08-05 00:00:48 (174 KB/s) - ‘./domain/last_update.txt’ saved [21]

Remote file no newer than local file ‘./domain/named.cache’ -- not retrieving.
Remote file no newer than local file ‘./domain/named.cache.md5’ -- not retrieving.
Remote file no newer than local file ‘./domain/named.cache.sig’ -- not retrieving.
Remote file no newer than local file ‘./domain/named.root’ -- not retrieving.
Remote file no newer than local file ‘./domain/named.root.md5’ -- not retrieving.
Remote file no newer than local file ‘./domain/named.root.sig’ -- not retrieving.
Remote file no newer than local file ‘./domain/root-servers.net.zone’ -- not retrieving.
Remote file no newer than local file ‘./domain/root-servers.net.zone.gz’ -- not retrieving.
Remote file no newer than local file ‘./domain/root-servers.net.zone.gz.md5’ -- not retrieving.
Remote file no newer than local file ‘./domain/root-servers.net.zone.gz.sig’ -- not retrieving.
The sizes do not match (local 2262780) -- retrieving.

--2017-08-05 00:00:48--  ftp://ftp.internic.net/domain/root.zone
           => ‘./domain/root.zone’
==> CWD not required.
--> PASV

227 Entering Passive Mode (192,0,32,9,41,21)
--> RETR root.zone

150 Opening BINARY mode data connection for root.zone (2263468 bytes).
Length: 2263468 (2.2M)

     0K .......... .......... .......... .......... ..........  2%  108K 20s
    50K .......... .......... .......... .......... ..........  4%  244K 14s
   100K .......... .......... .......... .......... ..........  6%  542K 10s
   150K .......... .......... .......... .......... ..........  9%  206K 10s
   200K .......... .......... .......... .......... .......... 11%  327K 9s
   250K .......... .......... .......... .......... .......... 13%  578K 8s
   300K .......... .......... .......... .......... .......... 15%  333K 7s
   350K .......... .......... .......... .......... .......... 18%  557K 7s
   400K .......... .......... .......... .......... .......... 20%  342K 6s
   450K .......... .......... .......... .......... .......... 22%  589K 6s
   500K .......... .......... .......... .......... .......... 24%  362K 6s
   550K .......... .......... .......... .......... .......... 27%  101K 6s
   600K .......... .......... .......... .......... .......... 29% 67.4M 6s
   650K .......... .......... .......... .......... .......... 31%  111M 5s
   700K .......... .......... .......... .......... .......... 33%  114M 5s
   750K .......... .......... .......... .......... .......... 36%  394K 4s
   800K .......... .......... .......... .......... .......... 38%  835K 4s
   850K .......... .......... .......... .......... .......... 40%  272K 4s
   900K .......... .......... .......... .......... .......... 42%  257K 4s
   950K .......... .......... .......... .......... .......... 45%  967K 4s
  1000K .......... .......... .......... .......... .......... 47%  283K 3s
  1050K .......... .......... .......... .......... .......... 49%  744K 3s
  1100K .......... .......... .......... .......... .......... 52%  314K 3s
  1150K .......... .......... .......... .......... .......... 54%  239K 3s
  1200K .......... .......... .......... .......... .......... 56% 2.29M 3s
  1250K .......... .......... .......... .......... .......... 58%  253K 3s
  1300K .......... .......... .......... .......... .......... 61% 2.19M 2s
  1350K .......... .......... .......... .......... .......... 63%  256K 2s
  1400K .......... .......... .......... .......... .......... 65% 2.14M 2s
  1450K .......... .......... .......... .......... .......... 67%  255K 2s
  1500K .......... .......... .......... .......... .......... 70% 2.20M 2s
  1550K .......... .......... .......... .......... .......... 72%  253K 2s
  1600K .......... .......... .......... .......... .......... 74% 2.03M 2s
  1650K .......... .......... .......... .......... .......... 76%  253K 1s
  1700K .......... .......... .......... .......... .......... 79% 2.13M 1s
  1750K .......... .......... .......... .......... .......... 81%  203K 1s
  1800K .......... .......... .......... .......... .......... 83% 36.8M 1s
  1850K .......... .......... .......... .......... .......... 85%  290K 1s
  1900K .......... .......... .......... .......... .......... 88%  888K 1s
  1950K .......... .......... .......... .......... .......... 90%  293K 1s
  2000K .......... .......... .......... .......... .......... 92%  242K 0s
  2050K .......... .......... .......... .......... .......... 95% 1.07M 0s
  2100K .......... .......... .......... .......... .......... 97%  275K 0s
  2150K .......... .......... .......... .......... .......... 99%  760K 0s
  2200K ..........                                            100%  103K=5.9s

226 Transfer complete.
2017-08-05 00:00:55 (372 KB/s) - ‘./domain/root.zone’ saved [2263468]

The sizes do not match (local 1062672) -- retrieving.

--2017-08-05 00:00:55--  ftp://ftp.internic.net/domain/root.zone.gz
           => ‘./domain/root.zone.gz’
==> CWD not required.
--> PASV

227 Entering Passive Mode (192,0,32,9,7,180)
--> RETR root.zone.gz

150 Opening BINARY mode data connection for root.zone.gz (1063060 bytes).
Length: 1063060 (1.0M)

     0K .......... .......... .......... .......... ..........  4%  112K 9s
    50K .......... .......... .......... .......... ..........  9%  114K 8s
   100K .......... .......... .......... .......... .......... 14%  225K 7s
   150K .......... .......... .......... .......... .......... 19%  227K 6s
   200K .......... .......... .......... .......... .......... 24%  228K 5s
   250K .......... .......... .......... .......... .......... 28%  229K 4s
   300K .......... .......... .......... .......... .......... 33% 2.90M 3s
   350K .......... .......... .......... .......... .......... 38%  231K 3s
   400K .......... .......... .......... .......... .......... 43%  231K 3s
   450K .......... .......... .......... .......... .......... 48%  233K 3s
   500K .......... .......... .......... .......... .......... 52%  230K 2s
   550K .......... .......... .......... .......... .......... 57% 3.16M 2s
   600K .......... .......... .......... .......... .......... 62%  235K 2s
   650K .......... .......... .......... .......... .......... 67%  242K 1s
   700K .......... .......... .......... .......... .......... 72% 2.70M 1s
   750K .......... .......... .......... .......... .......... 77%  242K 1s
   800K .......... .......... .......... .......... .......... 81%  240K 1s
   850K .......... .......... .......... .......... .......... 86% 2.64M 1s
   900K .......... .......... .......... .......... .......... 91%  235K 0s
   950K .......... .......... .......... .......... .......... 96%  233K 0s
  1000K .......... .......... .......... ........             100% 3.12M=4.0s

226 Transfer complete.
2017-08-05 00:01:00 (262 KB/s) - ‘./domain/root.zone.gz’ saved [1063060]

Remote file is newer than local file ‘./domain/root.zone.gz.md5’ -- retrieving.

--2017-08-05 00:01:00--  ftp://ftp.internic.net/domain/root.zone.gz.md5
           => ‘./domain/root.zone.gz.md5’
==> CWD not required.
--> PASV

227 Entering Passive Mode (192,0,32,9,147,58)
--> RETR root.zone.gz.md5

150 Opening BINARY mode data connection for root.zone.gz.md5 (33 bytes).
Length: 33

     0K                                                       100%  424K=0s

226 Transfer complete.
2017-08-05 00:01:01 (424 KB/s) - ‘./domain/root.zone.gz.md5’ saved [33]

Remote file is newer than local file ‘./domain/root.zone.gz.sig’ -- retrieving.

--2017-08-05 00:01:01--  ftp://ftp.internic.net/domain/root.zone.gz.sig
           => ‘./domain/root.zone.gz.sig’
==> CWD not required.
--> PASV

227 Entering Passive Mode (192,0,32,9,189,126)
--> RETR root.zone.gz.sig

150 Opening BINARY mode data connection for root.zone.gz.sig (72 bytes).
Length: 72

     0K                                                       100%  567K=0s

226 Transfer complete.
2017-08-05 00:01:03 (567 KB/s) - ‘./domain/root.zone.gz.sig’ saved [72]

Remote file is newer than local file ‘./domain/root.zone.md5’ -- retrieving.

--2017-08-05 00:01:03--  ftp://ftp.internic.net/domain/root.zone.md5
           => ‘./domain/root.zone.md5’
==> CWD not required.
--> PASV

227 Entering Passive Mode (192,0,32,9,130,78)
--> RETR root.zone.md5

150 Opening BINARY mode data connection for root.zone.md5 (33 bytes).
Length: 33

     0K                                                       100%  271K=0s

226 Transfer complete.
2017-08-05 00:01:04 (271 KB/s) - ‘./domain/root.zone.md5’ saved [33]

Remote file is newer than local file ‘./domain/root.zone.sig’ -- retrieving.

--2017-08-05 00:01:04--  ftp://ftp.internic.net/domain/root.zone.sig
           => ‘./domain/root.zone.sig’
==> CWD not required.
--> PASV

227 Entering Passive Mode (192,0,32,9,41,202)
--> RETR root.zone.sig

150 Opening BINARY mode data connection for root.zone.sig (72 bytes).
Length: 72

     0K                                                       100%  581K=0s

226 Transfer complete.
2017-08-05 00:01:05 (581 KB/s) - ‘./domain/root.zone.sig’ saved [72]

FINISHED --2017-08-05 00:01:05--
Total wall clock time: 1m 2s
Downloaded: 40 files, 4.0M in 15s (276 KB/s)
