--2017-08-18 00:00:07--  ftp://ftp.internic.net/*
           => ‘./.listing’
Resolving ftp.internic.net (ftp.internic.net)... 192.0.32.9, 2620:0:2d0:200::9
Connecting to ftp.internic.net (ftp.internic.net)|192.0.32.9|:21... connected.
Logging in as anonymous ... 
220 Internic FTP Server
--> USER anonymous

331 Please specify the password.
--> PASS Turtle Power!

230 Login successful.
--> SYST

215 UNIX Type: L8
--> PWD

257 "/"
--> TYPE I

200 Switching to Binary mode.
==> CWD not needed.
--> PASV

227 Entering Passive Mode (192,0,32,9,41,94)
--> LIST -a

150 Here comes the directory listing.

     0K                                                        1.45M=0s

226 Directory send OK.
drwxr-xr-x    3 ftp      ftp          4096 Apr 04  2012 .
drwxr-xr-x    3 ftp      ftp          4096 Apr 04  2012 ..
drwxr-xr-x    2 ftp      ftp          4096 Sep 09  2015 domain
2017-08-18 00:00:11 (1.45 MB/s) - ‘./.listing’ saved [183]

--2017-08-18 00:00:11--  ftp://ftp.internic.net/domain/*
           => ‘./domain/.listing’
--> CWD /domain

250 Directory successfully changed.
--> PASV

227 Entering Passive Mode (192,0,32,9,41,132)
--> LIST -a

150 Here comes the directory listing.

     0K ...                                                    16.6M=0s

226 Directory send OK.
drwxr-xr-x    2 ftp      ftp          4096 Sep 09  2015 .
drwxr-xr-x    3 ftp      ftp          4096 Apr 04  2012 ..
-rw-r--r--    1 ftp      ftp          1829 Aug 18  2015 .listing
-rw-r--r--    1 ftp      ftp          1224 Aug 17 12:16 INTERNIC_ROOT_ZONE.signatures
-rw-r--r--    1 ftp      ftp          1469 Aug 17 12:16 INTERNIC_ROOT_ZONE.signatures.asc
-rw-r--r--    1 ftp      ftp         15228 Aug 17 12:16 arpa.zone
-rw-r--r--    1 ftp      ftp          6648 Aug 17 12:16 arpa.zone.gz
-rw-r--r--    1 ftp      ftp            33 Aug 17 12:16 arpa.zone.gz.md5
-rw-r--r--    1 ftp      ftp            72 Aug 17 12:16 arpa.zone.gz.sig
-rw-r--r--    1 ftp      ftp          3314 Jul 26 14:54 db.cache
-rw-r--r--    1 ftp      ftp            33 Jul 26 14:54 db.cache.md5
-rw-r--r--    1 ftp      ftp            72 Jul 26 14:54 db.cache.sig
-rw-r--r--    1 ftp      ftp        228780 Aug 17 15:40 in-addr.arpa
-rw-r--r--    1 ftp      ftp         90913 Aug 17 15:40 in-addr.arpa.gz
-rw-r--r--    1 ftp      ftp            55 Aug 17 15:40 in-addr.arpa.gz.md5
-rw-r--r--    1 ftp      ftp            90 Aug 17 15:40 in-addr.arpa.gz.sha256
-rw-r--r--    1 ftp      ftp            52 Aug 17 15:40 in-addr.arpa.md5
-rw-r--r--    1 ftp      ftp            87 Aug 17 15:40 in-addr.arpa.sha256
-rw-r--r--    1 ftp      ftp        228780 Aug 17 15:40 in-addr.arpa.zone
-rw-r--r--    1 ftp      ftp         90913 Aug 17 15:40 in-addr.arpa.zone.gz
-rw-r--r--    1 ftp      ftp            60 Aug 17 15:40 in-addr.arpa.zone.gz.md5
-rw-r--r--    1 ftp      ftp            95 Aug 17 15:40 in-addr.arpa.zone.gz.sha256
-rw-r--r--    1 ftp      ftp            57 Aug 17 15:40 in-addr.arpa.zone.md5
-rw-r--r--    1 ftp      ftp            92 Aug 17 15:40 in-addr.arpa.zone.sha256
-rw-r--r--    1 ftp      ftp         61369 Aug 17 15:40 ip6.arpa
-rw-r--r--    1 ftp      ftp         24499 Aug 17 15:40 ip6.arpa.gz
-rw-r--r--    1 ftp      ftp            51 Aug 17 15:40 ip6.arpa.gz.md5
-rw-r--r--    1 ftp      ftp            86 Aug 17 15:40 ip6.arpa.gz.sha256
-rw-r--r--    1 ftp      ftp            48 Aug 17 15:40 ip6.arpa.md5
-rw-r--r--    1 ftp      ftp            83 Aug 17 15:40 ip6.arpa.sha256
-rw-r--r--    1 ftp      ftp         61369 Aug 17 15:40 ip6.arpa.zone
-rw-r--r--    1 ftp      ftp         24499 Aug 17 15:40 ip6.arpa.zone.gz
-rw-r--r--    1 ftp      ftp            56 Aug 17 15:40 ip6.arpa.zone.gz.md5
-rw-r--r--    1 ftp      ftp            91 Aug 17 15:40 ip6.arpa.zone.gz.sha256
-rw-r--r--    1 ftp      ftp            53 Aug 17 15:40 ip6.arpa.zone.md5
-rw-r--r--    1 ftp      ftp            88 Aug 17 15:40 ip6.arpa.zone.sha256
-rw-r--r--    1 ftp      ftp            21 Aug 17 15:40 last_update.txt
-rw-r--r--    1 ftp      ftp          3314 Jul 26 14:54 named.cache
-rw-r--r--    1 ftp      ftp            33 Jul 26 14:54 named.cache.md5
-rw-r--r--    1 ftp      ftp            72 Jul 26 14:54 named.cache.sig
-rw-r--r--    1 ftp      ftp          3314 Jul 26 14:54 named.root
-rw-r--r--    1 ftp      ftp            33 Jul 26 14:54 named.root.md5
-rw-r--r--    1 ftp      ftp            72 Jul 26 14:54 named.root.sig
-rw-r--r--    1 ftp      ftp          2111 Jul 26 14:53 root-servers.net.zone
-rw-r--r--    1 ftp      ftp           573 Jul 26 14:53 root-servers.net.zone.gz
-rw-r--r--    1 ftp      ftp            33 Jul 26 14:53 root-servers.net.zone.gz.md5
-rw-r--r--    1 ftp      ftp            72 Jul 26 14:53 root-servers.net.zone.gz.sig
-rw-r--r--    1 ftp      ftp       2263225 Aug 17 05:43 root.zone
-rw-r--r--    1 ftp      ftp       1062935 Aug 17 05:43 root.zone.gz
-rw-r--r--    1 ftp      ftp            33 Aug 17 05:43 root.zone.gz.md5
-rw-r--r--    1 ftp      ftp            72 Aug 17 05:43 root.zone.gz.sig
-rw-r--r--    1 ftp      ftp            33 Aug 17 05:43 root.zone.md5
-rw-r--r--    1 ftp      ftp            71 Aug 17 05:43 root.zone.sig
2017-08-18 00:00:13 (16.6 MB/s) - ‘./domain/.listing’ saved [3930]

The sizes do not match (local 3930) -- retrieving.

--2017-08-18 00:00:13--  ftp://ftp.internic.net/domain/.listing
           => ‘./domain/.listing’
==> CWD not required.
--> PASV

227 Entering Passive Mode (192,0,32,9,196,254)
--> RETR .listing

150 Opening BINARY mode data connection for .listing (1829 bytes).
Length: 1829 (1.8K)

     0K .                                                     100% 99.8K=0.02s

226 Transfer complete.
2017-08-18 00:00:14 (99.8 KB/s) - ‘./domain/.listing’ saved [1829]

Remote file is newer than local file ‘./domain/INTERNIC_ROOT_ZONE.signatures’ -- retrieving.

--2017-08-18 00:00:14--  ftp://ftp.internic.net/domain/INTERNIC_ROOT_ZONE.signatures
           => ‘./domain/INTERNIC_ROOT_ZONE.signatures’
==> CWD not required.
--> PASV

227 Entering Passive Mode (192,0,32,9,243,185)
--> RETR INTERNIC_ROOT_ZONE.signatures

150 Opening BINARY mode data connection for INTERNIC_ROOT_ZONE.signatures (1224 bytes).
Length: 1224 (1.2K)

     0K .                                                     100% 21.2M=0s

226 Transfer complete.
2017-08-18 00:00:15 (21.2 MB/s) - ‘./domain/INTERNIC_ROOT_ZONE.signatures’ saved [1224]

Remote file is newer than local file ‘./domain/INTERNIC_ROOT_ZONE.signatures.asc’ -- retrieving.

--2017-08-18 00:00:15--  ftp://ftp.internic.net/domain/INTERNIC_ROOT_ZONE.signatures.asc
           => ‘./domain/INTERNIC_ROOT_ZONE.signatures.asc’
==> CWD not required.
--> PASV

227 Entering Passive Mode (192,0,32,9,41,212)
--> RETR INTERNIC_ROOT_ZONE.signatures.asc

150 Opening BINARY mode data connection for INTERNIC_ROOT_ZONE.signatures.asc (1469 bytes).
Length: 1469 (1.4K)

     0K .                                                     100% 34.4K=0.04s

226 Transfer complete.
2017-08-18 00:00:17 (34.4 KB/s) - ‘./domain/INTERNIC_ROOT_ZONE.signatures.asc’ saved [1469]

Remote file is newer than local file ‘./domain/arpa.zone’ -- retrieving.

--2017-08-18 00:00:17--  ftp://ftp.internic.net/domain/arpa.zone
           => ‘./domain/arpa.zone’
==> CWD not required.
--> PASV

227 Entering Passive Mode (192,0,32,9,214,172)
--> RETR arpa.zone

150 Opening BINARY mode data connection for arpa.zone (15228 bytes).
Length: 15228 (15K)

     0K .......... ....                                       100%  378K=0.04s

226 Transfer complete.
2017-08-18 00:00:18 (378 KB/s) - ‘./domain/arpa.zone’ saved [15228]

The sizes do not match (local 6651) -- retrieving.

--2017-08-18 00:00:18--  ftp://ftp.internic.net/domain/arpa.zone.gz
           => ‘./domain/arpa.zone.gz’
==> CWD not required.
--> PASV

227 Entering Passive Mode (192,0,32,9,121,238)
--> RETR arpa.zone.gz

150 Opening BINARY mode data connection for arpa.zone.gz (6648 bytes).
Length: 6648 (6.5K)

     0K ......                                                100% 3.65M=0.002s

226 Transfer complete.
2017-08-18 00:00:19 (3.65 MB/s) - ‘./domain/arpa.zone.gz’ saved [6648]

Remote file is newer than local file ‘./domain/arpa.zone.gz.md5’ -- retrieving.

--2017-08-18 00:00:19--  ftp://ftp.internic.net/domain/arpa.zone.gz.md5
           => ‘./domain/arpa.zone.gz.md5’
==> CWD not required.
--> PASV

227 Entering Passive Mode (192,0,32,9,42,45)
--> RETR arpa.zone.gz.md5

150 Opening BINARY mode data connection for arpa.zone.gz.md5 (33 bytes).
Length: 33

     0K                                                       100%  488K=0s

226 Transfer complete.
2017-08-18 00:00:21 (488 KB/s) - ‘./domain/arpa.zone.gz.md5’ saved [33]

Remote file is newer than local file ‘./domain/arpa.zone.gz.sig’ -- retrieving.

--2017-08-18 00:00:21--  ftp://ftp.internic.net/domain/arpa.zone.gz.sig
           => ‘./domain/arpa.zone.gz.sig’
==> CWD not required.
--> PASV

227 Entering Passive Mode (192,0,32,9,41,174)
--> RETR arpa.zone.gz.sig

150 Opening BINARY mode data connection for arpa.zone.gz.sig (72 bytes).
Length: 72

     0K                                                       100%  657K=0s

226 Transfer complete.
2017-08-18 00:00:22 (657 KB/s) - ‘./domain/arpa.zone.gz.sig’ saved [72]

Remote file no newer than local file ‘./domain/db.cache’ -- not retrieving.
Remote file no newer than local file ‘./domain/db.cache.md5’ -- not retrieving.
Remote file no newer than local file ‘./domain/db.cache.sig’ -- not retrieving.
Remote file is newer than local file ‘./domain/in-addr.arpa’ -- retrieving.

--2017-08-18 00:00:22--  ftp://ftp.internic.net/domain/in-addr.arpa
           => ‘./domain/in-addr.arpa’
==> CWD not required.
--> PASV

227 Entering Passive Mode (192,0,32,9,42,183)
--> RETR in-addr.arpa

150 Opening BINARY mode data connection for in-addr.arpa (228780 bytes).
Length: 228780 (223K)

     0K .......... .......... .......... .......... .......... 22% 86.6K 2s
    50K .......... .......... .......... .......... .......... 44%  149K 1s
   100K .......... .......... .......... .......... .......... 67% 82.2K 1s
   150K .......... .......... .......... .......... .......... 89%  183K 0s
   200K .......... .......... ...                             100% 67.2K=2.1s

226 Transfer complete.
2017-08-18 00:00:25 (104 KB/s) - ‘./domain/in-addr.arpa’ saved [228780]

Remote file is newer than local file ‘./domain/in-addr.arpa.gz’ -- retrieving.

--2017-08-18 00:00:25--  ftp://ftp.internic.net/domain/in-addr.arpa.gz
           => ‘./domain/in-addr.arpa.gz’
==> CWD not required.
--> PASV

227 Entering Passive Mode (192,0,32,9,222,180)
--> RETR in-addr.arpa.gz

150 Opening BINARY mode data connection for in-addr.arpa.gz (90913 bytes).
Length: 90913 (89K)

     0K .......... .......... .......... .......... .......... 56% 82.2K 0s
    50K .......... .......... .......... ........             100%  125K=0.9s

226 Transfer complete.
2017-08-18 00:00:27 (96.6 KB/s) - ‘./domain/in-addr.arpa.gz’ saved [90913]

Remote file is newer than local file ‘./domain/in-addr.arpa.gz.md5’ -- retrieving.

--2017-08-18 00:00:27--  ftp://ftp.internic.net/domain/in-addr.arpa.gz.md5
           => ‘./domain/in-addr.arpa.gz.md5’
==> CWD not required.
--> PASV

227 Entering Passive Mode (192,0,32,9,42,237)
--> RETR in-addr.arpa.gz.md5

150 Opening BINARY mode data connection for in-addr.arpa.gz.md5 (55 bytes).
Length: 55

     0K                                                       100% 1.12M=0s

226 Transfer complete.
2017-08-18 00:00:29 (1.12 MB/s) - ‘./domain/in-addr.arpa.gz.md5’ saved [55]

Remote file is newer than local file ‘./domain/in-addr.arpa.gz.sha256’ -- retrieving.

--2017-08-18 00:00:29--  ftp://ftp.internic.net/domain/in-addr.arpa.gz.sha256
           => ‘./domain/in-addr.arpa.gz.sha256’
==> CWD not required.
--> PASV

227 Entering Passive Mode (192,0,32,9,171,193)
--> RETR in-addr.arpa.gz.sha256

150 Opening BINARY mode data connection for in-addr.arpa.gz.sha256 (90 bytes).
Length: 90

     0K                                                       100% 1.87M=0s

226 Transfer complete.
2017-08-18 00:00:30 (1.87 MB/s) - ‘./domain/in-addr.arpa.gz.sha256’ saved [90]

Remote file is newer than local file ‘./domain/in-addr.arpa.md5’ -- retrieving.

--2017-08-18 00:00:30--  ftp://ftp.internic.net/domain/in-addr.arpa.md5
           => ‘./domain/in-addr.arpa.md5’
==> CWD not required.
--> PASV

227 Entering Passive Mode (192,0,32,9,241,12)
--> RETR in-addr.arpa.md5

150 Opening BINARY mode data connection for in-addr.arpa.md5 (52 bytes).
Length: 52

     0K                                                       100% 1.01M=0s

226 Transfer complete.
2017-08-18 00:00:31 (1.01 MB/s) - ‘./domain/in-addr.arpa.md5’ saved [52]

Remote file is newer than local file ‘./domain/in-addr.arpa.sha256’ -- retrieving.

--2017-08-18 00:00:31--  ftp://ftp.internic.net/domain/in-addr.arpa.sha256
           => ‘./domain/in-addr.arpa.sha256’
==> CWD not required.
--> PASV

227 Entering Passive Mode (192,0,32,9,174,73)
--> RETR in-addr.arpa.sha256

150 Opening BINARY mode data connection for in-addr.arpa.sha256 (87 bytes).
Length: 87

     0K                                                       100% 1.11M=0s

226 Transfer complete.
2017-08-18 00:00:32 (1.11 MB/s) - ‘./domain/in-addr.arpa.sha256’ saved [87]

Remote file is newer than local file ‘./domain/in-addr.arpa.zone’ -- retrieving.

--2017-08-18 00:00:32--  ftp://ftp.internic.net/domain/in-addr.arpa.zone
           => ‘./domain/in-addr.arpa.zone’
==> CWD not required.
--> PASV

227 Entering Passive Mode (192,0,32,9,206,174)
--> RETR in-addr.arpa.zone

150 Opening BINARY mode data connection for in-addr.arpa.zone (228780 bytes).
Length: 228780 (223K)

     0K .......... .......... .......... .......... .......... 22% 85.3K 2s
    50K .......... .......... .......... .......... .......... 44%  149K 1s
   100K .......... .......... .......... .......... .......... 67% 81.8K 1s
   150K .......... .......... .......... .......... .......... 89%  159K 0s
   200K .......... .......... ...                             100% 77.5K=2.2s

226 Transfer complete.
2017-08-18 00:00:36 (104 KB/s) - ‘./domain/in-addr.arpa.zone’ saved [228780]

Remote file is newer than local file ‘./domain/in-addr.arpa.zone.gz’ -- retrieving.

--2017-08-18 00:00:36--  ftp://ftp.internic.net/domain/in-addr.arpa.zone.gz
           => ‘./domain/in-addr.arpa.zone.gz’
==> CWD not required.
--> PASV

227 Entering Passive Mode (192,0,32,9,235,17)
--> RETR in-addr.arpa.zone.gz

150 Opening BINARY mode data connection for in-addr.arpa.zone.gz (90913 bytes).
Length: 90913 (89K)

     0K .......... .......... .......... .......... .......... 56% 78.0K 0s
    50K .......... .......... .......... ........             100%  128K=0.9s

226 Transfer complete.
2017-08-18 00:00:38 (94.1 KB/s) - ‘./domain/in-addr.arpa.zone.gz’ saved [90913]

Remote file is newer than local file ‘./domain/in-addr.arpa.zone.gz.md5’ -- retrieving.

--2017-08-18 00:00:38--  ftp://ftp.internic.net/domain/in-addr.arpa.zone.gz.md5
           => ‘./domain/in-addr.arpa.zone.gz.md5’
==> CWD not required.
--> PASV

227 Entering Passive Mode (192,0,32,9,164,169)
--> RETR in-addr.arpa.zone.gz.md5

150 Opening BINARY mode data connection for in-addr.arpa.zone.gz.md5 (60 bytes).
Length: 60

     0K                                                       100%  548K=0s

226 Transfer complete.
2017-08-18 00:00:39 (548 KB/s) - ‘./domain/in-addr.arpa.zone.gz.md5’ saved [60]

Remote file is newer than local file ‘./domain/in-addr.arpa.zone.gz.sha256’ -- retrieving.

--2017-08-18 00:00:39--  ftp://ftp.internic.net/domain/in-addr.arpa.zone.gz.sha256
           => ‘./domain/in-addr.arpa.zone.gz.sha256’
==> CWD not required.
--> PASV

227 Entering Passive Mode (192,0,32,9,42,173)
--> RETR in-addr.arpa.zone.gz.sha256

150 Opening BINARY mode data connection for in-addr.arpa.zone.gz.sha256 (95 bytes).
Length: 95

     0K                                                       100%  773K=0s

226 Transfer complete.
2017-08-18 00:00:40 (773 KB/s) - ‘./domain/in-addr.arpa.zone.gz.sha256’ saved [95]

Remote file is newer than local file ‘./domain/in-addr.arpa.zone.md5’ -- retrieving.

--2017-08-18 00:00:40--  ftp://ftp.internic.net/domain/in-addr.arpa.zone.md5
           => ‘./domain/in-addr.arpa.zone.md5’
==> CWD not required.
--> PASV

227 Entering Passive Mode (192,0,32,9,138,125)
--> RETR in-addr.arpa.zone.md5

150 Opening BINARY mode data connection for in-addr.arpa.zone.md5 (57 bytes).
Length: 57

     0K                                                       100% 4.67K=0.01s

226 Transfer complete.
2017-08-18 00:00:41 (4.67 KB/s) - ‘./domain/in-addr.arpa.zone.md5’ saved [57]

Remote file is newer than local file ‘./domain/in-addr.arpa.zone.sha256’ -- retrieving.

--2017-08-18 00:00:41--  ftp://ftp.internic.net/domain/in-addr.arpa.zone.sha256
           => ‘./domain/in-addr.arpa.zone.sha256’
==> CWD not required.
--> PASV

227 Entering Passive Mode (192,0,32,9,117,47)
--> RETR in-addr.arpa.zone.sha256

150 Opening BINARY mode data connection for in-addr.arpa.zone.sha256 (92 bytes).
Length: 92

     0K                                                       100% 1.44M=0s

226 Transfer complete.
2017-08-18 00:00:43 (1.44 MB/s) - ‘./domain/in-addr.arpa.zone.sha256’ saved [92]

Remote file is newer than local file ‘./domain/ip6.arpa’ -- retrieving.

--2017-08-18 00:00:43--  ftp://ftp.internic.net/domain/ip6.arpa
           => ‘./domain/ip6.arpa’
==> CWD not required.
--> PASV

227 Entering Passive Mode (192,0,32,9,160,202)
--> RETR ip6.arpa

150 Opening BINARY mode data connection for ip6.arpa (61369 bytes).
Length: 61369 (60K)

     0K .......... .......... .......... .......... .......... 83% 86.0K 0s
    50K .........                                             100%  319K=0.6s

226 Transfer complete.
2017-08-18 00:00:44 (97.9 KB/s) - ‘./domain/ip6.arpa’ saved [61369]

Remote file is newer than local file ‘./domain/ip6.arpa.gz’ -- retrieving.

--2017-08-18 00:00:44--  ftp://ftp.internic.net/domain/ip6.arpa.gz
           => ‘./domain/ip6.arpa.gz’
==> CWD not required.
--> PASV

227 Entering Passive Mode (192,0,32,9,242,72)
--> RETR ip6.arpa.gz

150 Opening BINARY mode data connection for ip6.arpa.gz (24499 bytes).
Length: 24499 (24K)

     0K .......... .......... ...                             100% 78.4K=0.3s

226 Transfer complete.
2017-08-18 00:00:46 (78.4 KB/s) - ‘./domain/ip6.arpa.gz’ saved [24499]

Remote file is newer than local file ‘./domain/ip6.arpa.gz.md5’ -- retrieving.

--2017-08-18 00:00:46--  ftp://ftp.internic.net/domain/ip6.arpa.gz.md5
           => ‘./domain/ip6.arpa.gz.md5’
==> CWD not required.
--> PASV

227 Entering Passive Mode (192,0,32,9,150,182)
--> RETR ip6.arpa.gz.md5

150 Opening BINARY mode data connection for ip6.arpa.gz.md5 (51 bytes).
Length: 51

     0K                                                       100%  419K=0s

226 Transfer complete.
2017-08-18 00:00:47 (419 KB/s) - ‘./domain/ip6.arpa.gz.md5’ saved [51]

Remote file is newer than local file ‘./domain/ip6.arpa.gz.sha256’ -- retrieving.

--2017-08-18 00:00:47--  ftp://ftp.internic.net/domain/ip6.arpa.gz.sha256
           => ‘./domain/ip6.arpa.gz.sha256’
==> CWD not required.
--> PASV

227 Entering Passive Mode (192,0,32,9,41,137)
--> RETR ip6.arpa.gz.sha256

150 Opening BINARY mode data connection for ip6.arpa.gz.sha256 (86 bytes).
Length: 86

     0K                                                       100%  380K=0s

226 Transfer complete.
2017-08-18 00:00:48 (380 KB/s) - ‘./domain/ip6.arpa.gz.sha256’ saved [86]

Remote file is newer than local file ‘./domain/ip6.arpa.md5’ -- retrieving.

--2017-08-18 00:00:48--  ftp://ftp.internic.net/domain/ip6.arpa.md5
           => ‘./domain/ip6.arpa.md5’
==> CWD not required.
--> PASV

227 Entering Passive Mode (192,0,32,9,41,19)
--> RETR ip6.arpa.md5

150 Opening BINARY mode data connection for ip6.arpa.md5 (48 bytes).
Length: 48

     0K                                                       100%  679K=0s

226 Transfer complete.
2017-08-18 00:00:50 (679 KB/s) - ‘./domain/ip6.arpa.md5’ saved [48]

Remote file is newer than local file ‘./domain/ip6.arpa.sha256’ -- retrieving.

--2017-08-18 00:00:50--  ftp://ftp.internic.net/domain/ip6.arpa.sha256
           => ‘./domain/ip6.arpa.sha256’
==> CWD not required.
--> PASV

227 Entering Passive Mode (192,0,32,9,42,39)
--> RETR ip6.arpa.sha256

150 Opening BINARY mode data connection for ip6.arpa.sha256 (83 bytes).
Length: 83

     0K                                                       100% 1.55M=0s

226 Transfer complete.
2017-08-18 00:00:51 (1.55 MB/s) - ‘./domain/ip6.arpa.sha256’ saved [83]

Remote file is newer than local file ‘./domain/ip6.arpa.zone’ -- retrieving.

--2017-08-18 00:00:51--  ftp://ftp.internic.net/domain/ip6.arpa.zone
           => ‘./domain/ip6.arpa.zone’
==> CWD not required.
--> PASV

227 Entering Passive Mode (192,0,32,9,201,233)
--> RETR ip6.arpa.zone

150 Opening BINARY mode data connection for ip6.arpa.zone (61369 bytes).
Length: 61369 (60K)

     0K .......... .......... .......... .......... .......... 83% 80.7K 0s
    50K .........                                             100% 6.89M=0.6s

226 Transfer complete.
2017-08-18 00:00:53 (96.6 KB/s) - ‘./domain/ip6.arpa.zone’ saved [61369]

Remote file is newer than local file ‘./domain/ip6.arpa.zone.gz’ -- retrieving.

--2017-08-18 00:00:53--  ftp://ftp.internic.net/domain/ip6.arpa.zone.gz
           => ‘./domain/ip6.arpa.zone.gz’
==> CWD not required.
--> PASV

227 Entering Passive Mode (192,0,32,9,114,104)
--> RETR ip6.arpa.zone.gz

150 Opening BINARY mode data connection for ip6.arpa.zone.gz (24499 bytes).
Length: 24499 (24K)

     0K .......... .......... ...                             100% 88.8K=0.3s

226 Transfer complete.
2017-08-18 00:00:54 (88.8 KB/s) - ‘./domain/ip6.arpa.zone.gz’ saved [24499]

Remote file is newer than local file ‘./domain/ip6.arpa.zone.gz.md5’ -- retrieving.

--2017-08-18 00:00:54--  ftp://ftp.internic.net/domain/ip6.arpa.zone.gz.md5
           => ‘./domain/ip6.arpa.zone.gz.md5’
==> CWD not required.
--> PASV

227 Entering Passive Mode (192,0,32,9,197,165)
--> RETR ip6.arpa.zone.gz.md5

150 Opening BINARY mode data connection for ip6.arpa.zone.gz.md5 (56 bytes).
Length: 56

     0K                                                       100%  701K=0s

226 Transfer complete.
2017-08-18 00:00:55 (701 KB/s) - ‘./domain/ip6.arpa.zone.gz.md5’ saved [56]

Remote file is newer than local file ‘./domain/ip6.arpa.zone.gz.sha256’ -- retrieving.

--2017-08-18 00:00:55--  ftp://ftp.internic.net/domain/ip6.arpa.zone.gz.sha256
           => ‘./domain/ip6.arpa.zone.gz.sha256’
==> CWD not required.
--> PASV

227 Entering Passive Mode (192,0,32,9,46,36)
--> RETR ip6.arpa.zone.gz.sha256

150 Opening BINARY mode data connection for ip6.arpa.zone.gz.sha256 (91 bytes).
Length: 91

     0K                                                       100%  508K=0s

226 Transfer complete.
2017-08-18 00:00:57 (508 KB/s) - ‘./domain/ip6.arpa.zone.gz.sha256’ saved [91]

Remote file is newer than local file ‘./domain/ip6.arpa.zone.md5’ -- retrieving.

--2017-08-18 00:00:57--  ftp://ftp.internic.net/domain/ip6.arpa.zone.md5
           => ‘./domain/ip6.arpa.zone.md5’
==> CWD not required.
--> PASV

227 Entering Passive Mode (192,0,32,9,42,128)
--> RETR ip6.arpa.zone.md5

150 Opening BINARY mode data connection for ip6.arpa.zone.md5 (53 bytes).
Length: 53

     0K                                                       100% 1.03M=0s

226 Transfer complete.
2017-08-18 00:00:58 (1.03 MB/s) - ‘./domain/ip6.arpa.zone.md5’ saved [53]

Remote file is newer than local file ‘./domain/ip6.arpa.zone.sha256’ -- retrieving.

--2017-08-18 00:00:58--  ftp://ftp.internic.net/domain/ip6.arpa.zone.sha256
           => ‘./domain/ip6.arpa.zone.sha256’
==> CWD not required.
--> PASV

227 Entering Passive Mode (192,0,32,9,105,164)
--> RETR ip6.arpa.zone.sha256

150 Opening BINARY mode data connection for ip6.arpa.zone.sha256 (88 bytes).
Length: 88

     0K                                                       100% 1.86M=0s

226 Transfer complete.
2017-08-18 00:00:59 (1.86 MB/s) - ‘./domain/ip6.arpa.zone.sha256’ saved [88]

Remote file is newer than local file ‘./domain/last_update.txt’ -- retrieving.

--2017-08-18 00:00:59--  ftp://ftp.internic.net/domain/last_update.txt
           => ‘./domain/last_update.txt’
==> CWD not required.
--> PASV

227 Entering Passive Mode (192,0,32,9,173,45)
--> RETR last_update.txt

150 Opening BINARY mode data connection for last_update.txt (21 bytes).
Length: 21

     0K                                                       100%  466K=0s

226 Transfer complete.
2017-08-18 00:01:00 (466 KB/s) - ‘./domain/last_update.txt’ saved [21]

Remote file no newer than local file ‘./domain/named.cache’ -- not retrieving.
Remote file no newer than local file ‘./domain/named.cache.md5’ -- not retrieving.
Remote file no newer than local file ‘./domain/named.cache.sig’ -- not retrieving.
Remote file no newer than local file ‘./domain/named.root’ -- not retrieving.
Remote file no newer than local file ‘./domain/named.root.md5’ -- not retrieving.
Remote file no newer than local file ‘./domain/named.root.sig’ -- not retrieving.
Remote file no newer than local file ‘./domain/root-servers.net.zone’ -- not retrieving.
Remote file no newer than local file ‘./domain/root-servers.net.zone.gz’ -- not retrieving.
Remote file no newer than local file ‘./domain/root-servers.net.zone.gz.md5’ -- not retrieving.
Remote file no newer than local file ‘./domain/root-servers.net.zone.gz.sig’ -- not retrieving.
The sizes do not match (local 2263096) -- retrieving.

--2017-08-18 00:01:00--  ftp://ftp.internic.net/domain/root.zone
           => ‘./domain/root.zone’
==> CWD not required.
--> PASV

227 Entering Passive Mode (192,0,32,9,41,227)
--> RETR root.zone

150 Opening BINARY mode data connection for root.zone (2263225 bytes).
Length: 2263225 (2.2M)

     0K .......... .......... .......... .......... ..........  2% 81.2K 27s
    50K .......... .......... .......... .......... ..........  4%  169K 19s
   100K .......... .......... .......... .......... ..........  6% 92.7K 20s
   150K .......... .......... .......... .......... ..........  9% 82.3K 21s
   200K .......... .......... .......... .......... .......... 11%  164K 19s
   250K .......... .......... .......... .......... .......... 13%  180K 17s
   300K .......... .......... .......... .......... .......... 15%  176K 16s
   350K .......... .......... .......... .......... .......... 18%  136K 15s
   400K .......... .......... .......... .......... .......... 20%  161K 14s
   450K .......... .......... .......... .......... .......... 22%  166K 13s
   500K .......... .......... .......... .......... .......... 24%  164K 13s
   550K .......... .......... .......... .......... .......... 27%  160K 12s
   600K .......... .......... .......... .......... .......... 29%  199K 11s
   650K .......... .......... .......... .......... .......... 31%  202K 11s
   700K .......... .......... .......... .......... .......... 33% 3.70M 10s
   750K .......... .......... .......... .......... .......... 36%  207K 9s
   800K .......... .......... .......... .......... .......... 38% 1.18M 9s
   850K .......... .......... .......... .......... .......... 40%  228K 8s
   900K .......... .......... .......... .......... .......... 42% 1.61M 7s
   950K .......... .......... .......... .......... .......... 45%  227K 7s
  1000K .......... .......... .......... .......... .......... 47% 1.31M 6s
  1050K .......... .......... .......... .......... .......... 49%  227K 6s
  1100K .......... .......... .......... .......... .......... 52% 3.63M 6s
  1150K .......... .......... .......... .......... .......... 54% 1.49M 5s
  1200K .......... .......... .......... .......... .......... 56%  228K 5s
  1250K .......... .......... .......... .......... .......... 58% 1.42M 4s
  1300K .......... .......... .......... .......... .......... 61% 1.40M 4s
  1350K .......... .......... .......... .......... .......... 63%  269K 4s
  1400K .......... .......... .......... .......... .......... 65% 2.26M 3s
  1450K .......... .......... .......... .......... .......... 67% 1.43M 3s
  1500K .......... .......... .......... .......... .......... 70%  203K 3s
  1550K .......... .......... .......... .......... .......... 72% 3.31M 3s
  1600K .......... .......... .......... .......... .......... 74% 7.12M 2s
  1650K .......... .......... .......... .......... .......... 76%  179K 2s
  1700K .......... .......... .......... .......... .......... 79% 1.73M 2s
  1750K .......... .......... .......... .......... .......... 81% 3.59M 2s
  1800K .......... .......... .......... .......... .......... 83% 4.18M 1s
  1850K .......... .......... .......... .......... .......... 85% 83.0K 1s
  1900K .......... .......... .......... .......... .......... 88% 49.4M 1s
  1950K .......... .......... .......... .......... .......... 90%  109M 1s
  2000K .......... .......... .......... .......... .......... 92%  119M 1s
  2050K .......... .......... .......... .......... .......... 95% 81.1M 0s
  2100K .......... .......... .......... .......... .......... 97%  119M 0s
  2150K .......... .......... .......... .......... .......... 99%  115M 0s
  2200K ..........                                            100%  140M=7.8s

226 Transfer complete.
2017-08-18 00:01:09 (282 KB/s) - ‘./domain/root.zone’ saved [2263225]

The sizes do not match (local 1062771) -- retrieving.

--2017-08-18 00:01:09--  ftp://ftp.internic.net/domain/root.zone.gz
           => ‘./domain/root.zone.gz’
==> CWD not required.
--> PASV

227 Entering Passive Mode (192,0,32,9,176,7)
--> RETR root.zone.gz

150 Opening BINARY mode data connection for root.zone.gz (1062935 bytes).
Length: 1062935 (1.0M)

     0K .......... .......... .......... .......... ..........  4% 81.6K 12s
    50K .......... .......... .......... .......... ..........  9%  162K 9s
   100K .......... .......... .......... .......... .......... 14% 2.96M 6s
   150K .......... .......... .......... .......... .......... 19%  167K 5s
   200K .......... .......... .......... .......... .......... 24%  157K 5s
   250K .......... .......... .......... .......... .......... 28%  190K 4s
   300K .......... .......... .......... .......... .......... 33%  203K 4s
   350K .......... .......... .......... .......... .......... 38% 2.06M 3s
   400K .......... .......... .......... .......... .......... 43%  181K 3s
   450K .......... .......... .......... .......... .......... 48%  161K 3s
   500K .......... .......... .......... .......... .......... 52%  115K 3s
   550K .......... .......... .......... .......... .......... 57% 4.67M 2s
   600K .......... .......... .......... .......... .......... 62%  159K 2s
   650K .......... .......... .......... .......... .......... 67% 7.06M 2s
   700K .......... .......... .......... .......... .......... 72%  195K 1s
   750K .......... .......... .......... .......... .......... 77%  233K 1s
   800K .......... .......... .......... .......... .......... 81% 1.33M 1s
   850K .......... .......... .......... .......... .......... 86%  258K 1s
   900K .......... .......... .......... .......... .......... 91%  940K 0s
   950K .......... .......... .......... .......... .......... 96%  236K 0s
  1000K .......... .......... .......... ........             100% 1.95M=4.4s

226 Transfer complete.
2017-08-18 00:01:15 (234 KB/s) - ‘./domain/root.zone.gz’ saved [1062935]

Remote file is newer than local file ‘./domain/root.zone.gz.md5’ -- retrieving.

--2017-08-18 00:01:15--  ftp://ftp.internic.net/domain/root.zone.gz.md5
           => ‘./domain/root.zone.gz.md5’
==> CWD not required.
--> PASV

227 Entering Passive Mode (192,0,32,9,83,46)
--> RETR root.zone.gz.md5

150 Opening BINARY mode data connection for root.zone.gz.md5 (33 bytes).
Length: 33

     0K                                                       100%  269K=0s

226 Transfer complete.
2017-08-18 00:01:16 (269 KB/s) - ‘./domain/root.zone.gz.md5’ saved [33]

Remote file is newer than local file ‘./domain/root.zone.gz.sig’ -- retrieving.

--2017-08-18 00:01:16--  ftp://ftp.internic.net/domain/root.zone.gz.sig
           => ‘./domain/root.zone.gz.sig’
==> CWD not required.
--> PASV

227 Entering Passive Mode (192,0,32,9,233,36)
--> RETR root.zone.gz.sig

150 Opening BINARY mode data connection for root.zone.gz.sig (72 bytes).
Length: 72

     0K                                                       100%  378K=0s

226 Transfer complete.
2017-08-18 00:01:17 (378 KB/s) - ‘./domain/root.zone.gz.sig’ saved [72]

Remote file is newer than local file ‘./domain/root.zone.md5’ -- retrieving.

--2017-08-18 00:01:17--  ftp://ftp.internic.net/domain/root.zone.md5
           => ‘./domain/root.zone.md5’
==> CWD not required.
--> PASV

227 Entering Passive Mode (192,0,32,9,43,134)
--> RETR root.zone.md5

150 Opening BINARY mode data connection for root.zone.md5 (33 bytes).
Length: 33

     0K                                                       100%  252K=0s

226 Transfer complete.
2017-08-18 00:01:18 (252 KB/s) - ‘./domain/root.zone.md5’ saved [33]

The sizes do not match (local 72) -- retrieving.

--2017-08-18 00:01:18--  ftp://ftp.internic.net/domain/root.zone.sig
           => ‘./domain/root.zone.sig’
==> CWD not required.
--> PASV

227 Entering Passive Mode (192,0,32,9,238,51)
--> RETR root.zone.sig

150 Opening BINARY mode data connection for root.zone.sig (71 bytes).
Length: 71

     0K                                                       100%  542K=0s

226 Transfer complete.
2017-08-18 00:01:20 (542 KB/s) - ‘./domain/root.zone.sig’ saved [71]

FINISHED --2017-08-18 00:01:20--
Total wall clock time: 1m 13s
Downloaded: 40 files, 4.0M in 20s (200 KB/s)
