--2017-09-03 00:00:02--  ftp://ftp.internic.net/*
           => ‘./.listing’
Resolving ftp.internic.net (ftp.internic.net)... 192.0.32.9, 2620:0:2d0:200::9
Connecting to ftp.internic.net (ftp.internic.net)|192.0.32.9|:21... connected.
Logging in as anonymous ... 
220 Internic FTP Server
--> USER anonymous

331 Please specify the password.
--> PASS Turtle Power!

230 Login successful.
--> SYST

215 UNIX Type: L8
--> PWD

257 "/"
--> TYPE I

200 Switching to Binary mode.
==> CWD not needed.
--> PASV

227 Entering Passive Mode (192,0,32,9,194,232)
--> LIST -a

150 Here comes the directory listing.

     0K                                                        3.23M=0s

226 Directory send OK.
drwxr-xr-x    3 ftp      ftp          4096 Apr 04  2012 .
drwxr-xr-x    3 ftp      ftp          4096 Apr 04  2012 ..
drwxr-xr-x    2 ftp      ftp          4096 Sep 09  2015 domain
2017-09-03 00:00:05 (3.23 MB/s) - ‘./.listing’ saved [183]

--2017-09-03 00:00:05--  ftp://ftp.internic.net/domain/*
           => ‘./domain/.listing’
--> CWD /domain

250 Directory successfully changed.
--> PASV

227 Entering Passive Mode (192,0,32,9,135,58)
--> LIST -a

150 Here comes the directory listing.

     0K ...                                                     371K=0.01s

226 Directory send OK.
drwxr-xr-x    2 ftp      ftp          4096 Sep 09  2015 .
drwxr-xr-x    3 ftp      ftp          4096 Apr 04  2012 ..
-rw-r--r--    1 ftp      ftp          1829 Aug 18  2015 .listing
-rw-r--r--    1 ftp      ftp          1224 Sep 02 12:15 INTERNIC_ROOT_ZONE.signatures
-rw-r--r--    1 ftp      ftp          1469 Sep 02 12:15 INTERNIC_ROOT_ZONE.signatures.asc
-rw-r--r--    1 ftp      ftp         15228 Sep 02 12:15 arpa.zone
-rw-r--r--    1 ftp      ftp          6639 Sep 02 12:15 arpa.zone.gz
-rw-r--r--    1 ftp      ftp            33 Sep 02 12:15 arpa.zone.gz.md5
-rw-r--r--    1 ftp      ftp            72 Sep 02 12:15 arpa.zone.gz.sig
-rw-r--r--    1 ftp      ftp          3316 Aug 29 13:58 db.cache
-rw-r--r--    1 ftp      ftp            33 Aug 29 13:59 db.cache.md5
-rw-r--r--    1 ftp      ftp            72 Aug 29 13:59 db.cache.sig
-rw-r--r--    1 ftp      ftp        228558 Sep 02 15:40 in-addr.arpa
-rw-r--r--    1 ftp      ftp         90825 Sep 02 15:40 in-addr.arpa.gz
-rw-r--r--    1 ftp      ftp            55 Sep 02 15:40 in-addr.arpa.gz.md5
-rw-r--r--    1 ftp      ftp            90 Sep 02 15:40 in-addr.arpa.gz.sha256
-rw-r--r--    1 ftp      ftp            52 Sep 02 15:40 in-addr.arpa.md5
-rw-r--r--    1 ftp      ftp            87 Sep 02 15:40 in-addr.arpa.sha256
-rw-r--r--    1 ftp      ftp        228558 Sep 02 15:40 in-addr.arpa.zone
-rw-r--r--    1 ftp      ftp         90825 Sep 02 15:40 in-addr.arpa.zone.gz
-rw-r--r--    1 ftp      ftp            60 Sep 02 15:40 in-addr.arpa.zone.gz.md5
-rw-r--r--    1 ftp      ftp            95 Sep 02 15:40 in-addr.arpa.zone.gz.sha256
-rw-r--r--    1 ftp      ftp            57 Sep 02 15:40 in-addr.arpa.zone.md5
-rw-r--r--    1 ftp      ftp            92 Sep 02 15:40 in-addr.arpa.zone.sha256
-rw-r--r--    1 ftp      ftp         61151 Sep 02 15:40 ip6.arpa
-rw-r--r--    1 ftp      ftp         24319 Sep 02 15:40 ip6.arpa.gz
-rw-r--r--    1 ftp      ftp            51 Sep 02 15:40 ip6.arpa.gz.md5
-rw-r--r--    1 ftp      ftp            86 Sep 02 15:40 ip6.arpa.gz.sha256
-rw-r--r--    1 ftp      ftp            48 Sep 02 15:40 ip6.arpa.md5
-rw-r--r--    1 ftp      ftp            83 Sep 02 15:40 ip6.arpa.sha256
-rw-r--r--    1 ftp      ftp         61151 Sep 02 15:40 ip6.arpa.zone
-rw-r--r--    1 ftp      ftp         24319 Sep 02 15:40 ip6.arpa.zone.gz
-rw-r--r--    1 ftp      ftp            56 Sep 02 15:40 ip6.arpa.zone.gz.md5
-rw-r--r--    1 ftp      ftp            91 Sep 02 15:40 ip6.arpa.zone.gz.sha256
-rw-r--r--    1 ftp      ftp            53 Sep 02 15:40 ip6.arpa.zone.md5
-rw-r--r--    1 ftp      ftp            88 Sep 02 15:40 ip6.arpa.zone.sha256
-rw-r--r--    1 ftp      ftp            21 Sep 02 15:40 last_update.txt
-rw-r--r--    1 ftp      ftp          3316 Aug 29 13:58 named.cache
-rw-r--r--    1 ftp      ftp            33 Aug 29 13:59 named.cache.md5
-rw-r--r--    1 ftp      ftp            72 Aug 29 13:59 named.cache.sig
-rw-r--r--    1 ftp      ftp          3316 Aug 29 13:59 named.root
-rw-r--r--    1 ftp      ftp            33 Aug 29 13:59 named.root.md5
-rw-r--r--    1 ftp      ftp            72 Aug 29 13:59 named.root.sig
-rw-r--r--    1 ftp      ftp          2111 Aug 29 13:59 root-servers.net.zone
-rw-r--r--    1 ftp      ftp           574 Aug 29 13:59 root-servers.net.zone.gz
-rw-r--r--    1 ftp      ftp            33 Aug 29 13:59 root-servers.net.zone.gz.md5
-rw-r--r--    1 ftp      ftp            72 Aug 29 13:59 root-servers.net.zone.gz.sig
-rw-r--r--    1 ftp      ftp       2257002 Sep 02 06:28 root.zone
-rw-r--r--    1 ftp      ftp       1060376 Sep 02 06:28 root.zone.gz
-rw-r--r--    1 ftp      ftp            33 Sep 02 06:28 root.zone.gz.md5
-rw-r--r--    1 ftp      ftp            72 Sep 02 06:28 root.zone.gz.sig
-rw-r--r--    1 ftp      ftp            33 Sep 02 06:28 root.zone.md5
-rw-r--r--    1 ftp      ftp            72 Sep 02 06:28 root.zone.sig
2017-09-03 00:00:06 (371 KB/s) - ‘./domain/.listing’ saved [3930]

The sizes do not match (local 3930) -- retrieving.

--2017-09-03 00:00:06--  ftp://ftp.internic.net/domain/.listing
           => ‘./domain/.listing’
==> CWD not required.
--> PASV

227 Entering Passive Mode (192,0,32,9,108,1)
--> RETR .listing

150 Opening BINARY mode data connection for .listing (1829 bytes).
Length: 1829 (1.8K)

     0K .                                                     100% 1.07M=0.002s

226 Transfer complete.
2017-09-03 00:00:07 (1.07 MB/s) - ‘./domain/.listing’ saved [1829]

Remote file is newer than local file ‘./domain/INTERNIC_ROOT_ZONE.signatures’ -- retrieving.

--2017-09-03 00:00:07--  ftp://ftp.internic.net/domain/INTERNIC_ROOT_ZONE.signatures
           => ‘./domain/INTERNIC_ROOT_ZONE.signatures’
==> CWD not required.
--> PASV

227 Entering Passive Mode (192,0,32,9,80,96)
--> RETR INTERNIC_ROOT_ZONE.signatures

150 Opening BINARY mode data connection for INTERNIC_ROOT_ZONE.signatures (1224 bytes).
Length: 1224 (1.2K)

     0K .                                                     100% 15.8M=0s

226 Transfer complete.
2017-09-03 00:00:08 (15.8 MB/s) - ‘./domain/INTERNIC_ROOT_ZONE.signatures’ saved [1224]

Remote file is newer than local file ‘./domain/INTERNIC_ROOT_ZONE.signatures.asc’ -- retrieving.

--2017-09-03 00:00:08--  ftp://ftp.internic.net/domain/INTERNIC_ROOT_ZONE.signatures.asc
           => ‘./domain/INTERNIC_ROOT_ZONE.signatures.asc’
==> CWD not required.
--> PASV

227 Entering Passive Mode (192,0,32,9,221,23)
--> RETR INTERNIC_ROOT_ZONE.signatures.asc

150 Opening BINARY mode data connection for INTERNIC_ROOT_ZONE.signatures.asc (1469 bytes).
Length: 1469 (1.4K)

     0K .                                                     100%  913K=0.002s

226 Transfer complete.
2017-09-03 00:00:11 (913 KB/s) - ‘./domain/INTERNIC_ROOT_ZONE.signatures.asc’ saved [1469]

Remote file is newer than local file ‘./domain/arpa.zone’ -- retrieving.

--2017-09-03 00:00:11--  ftp://ftp.internic.net/domain/arpa.zone
           => ‘./domain/arpa.zone’
==> CWD not required.
--> PASV

227 Entering Passive Mode (192,0,32,9,92,91)
--> RETR arpa.zone

150 Opening BINARY mode data connection for arpa.zone (15228 bytes).
Length: 15228 (15K)

     0K .......... ....                                       100% 1.17M=0.01s

226 Transfer complete.
2017-09-03 00:00:11 (1.17 MB/s) - ‘./domain/arpa.zone’ saved [15228]

The sizes do not match (local 6644) -- retrieving.

--2017-09-03 00:00:12--  ftp://ftp.internic.net/domain/arpa.zone.gz
           => ‘./domain/arpa.zone.gz’
==> CWD not required.
--> PASV

227 Entering Passive Mode (192,0,32,9,210,63)
--> RETR arpa.zone.gz

150 Opening BINARY mode data connection for arpa.zone.gz (6639 bytes).
Length: 6639 (6.5K)

     0K ......                                                100% 3.04M=0.002s

226 Transfer complete.
2017-09-03 00:00:13 (3.04 MB/s) - ‘./domain/arpa.zone.gz’ saved [6639]

Remote file is newer than local file ‘./domain/arpa.zone.gz.md5’ -- retrieving.

--2017-09-03 00:00:13--  ftp://ftp.internic.net/domain/arpa.zone.gz.md5
           => ‘./domain/arpa.zone.gz.md5’
==> CWD not required.
--> PASV

227 Entering Passive Mode (192,0,32,9,41,105)
--> RETR arpa.zone.gz.md5

150 Opening BINARY mode data connection for arpa.zone.gz.md5 (33 bytes).
Length: 33

     0K                                                       100%  686K=0s

226 Transfer complete.
2017-09-03 00:00:15 (686 KB/s) - ‘./domain/arpa.zone.gz.md5’ saved [33]

Remote file is newer than local file ‘./domain/arpa.zone.gz.sig’ -- retrieving.

--2017-09-03 00:00:15--  ftp://ftp.internic.net/domain/arpa.zone.gz.sig
           => ‘./domain/arpa.zone.gz.sig’
==> CWD not required.
--> PASV

227 Entering Passive Mode (192,0,32,9,41,94)
--> RETR arpa.zone.gz.sig

150 Opening BINARY mode data connection for arpa.zone.gz.sig (72 bytes).
Length: 72

     0K                                                       100%  124K=0.001s

226 Transfer complete.
2017-09-03 00:00:16 (124 KB/s) - ‘./domain/arpa.zone.gz.sig’ saved [72]

Remote file no newer than local file ‘./domain/db.cache’ -- not retrieving.
Remote file no newer than local file ‘./domain/db.cache.md5’ -- not retrieving.
Remote file no newer than local file ‘./domain/db.cache.sig’ -- not retrieving.
Remote file is newer than local file ‘./domain/in-addr.arpa’ -- retrieving.

--2017-09-03 00:00:16--  ftp://ftp.internic.net/domain/in-addr.arpa
           => ‘./domain/in-addr.arpa’
==> CWD not required.
--> PASV

227 Entering Passive Mode (192,0,32,9,5,117)
--> RETR in-addr.arpa

150 Opening BINARY mode data connection for in-addr.arpa (228558 bytes).
Length: 228558 (223K)

     0K .......... .......... .......... .......... .......... 22% 68.9K 3s
    50K .......... .......... .......... .......... .......... 44%  206K 1s
   100K .......... .......... .......... .......... .......... 67% 54.2K 1s
   150K .......... .......... .......... .......... .......... 89%  147K 0s
   200K .......... .......... ...                             100% 49.7K=2.7s

226 Transfer complete.
2017-09-03 00:00:19 (82.8 KB/s) - ‘./domain/in-addr.arpa’ saved [228558]

Remote file is newer than local file ‘./domain/in-addr.arpa.gz’ -- retrieving.

--2017-09-03 00:00:19--  ftp://ftp.internic.net/domain/in-addr.arpa.gz
           => ‘./domain/in-addr.arpa.gz’
==> CWD not required.
--> PASV

227 Entering Passive Mode (192,0,32,9,156,187)
--> RETR in-addr.arpa.gz

150 Opening BINARY mode data connection for in-addr.arpa.gz (90825 bytes).
Length: 90825 (89K)

     0K .......... .......... .......... .......... .......... 56%  106K 0s
    50K .......... .......... .......... ........             100%  158K=0.7s

226 Transfer complete.
2017-09-03 00:00:21 (124 KB/s) - ‘./domain/in-addr.arpa.gz’ saved [90825]

Remote file is newer than local file ‘./domain/in-addr.arpa.gz.md5’ -- retrieving.

--2017-09-03 00:00:21--  ftp://ftp.internic.net/domain/in-addr.arpa.gz.md5
           => ‘./domain/in-addr.arpa.gz.md5’
==> CWD not required.
--> PASV

227 Entering Passive Mode (192,0,32,9,150,145)
--> RETR in-addr.arpa.gz.md5

150 Opening BINARY mode data connection for in-addr.arpa.gz.md5 (55 bytes).
Length: 55

     0K                                                       100%  324K=0s

226 Transfer complete.
2017-09-03 00:00:22 (324 KB/s) - ‘./domain/in-addr.arpa.gz.md5’ saved [55]

Remote file is newer than local file ‘./domain/in-addr.arpa.gz.sha256’ -- retrieving.

--2017-09-03 00:00:22--  ftp://ftp.internic.net/domain/in-addr.arpa.gz.sha256
           => ‘./domain/in-addr.arpa.gz.sha256’
==> CWD not required.
--> PASV

227 Entering Passive Mode (192,0,32,9,238,254)
--> RETR in-addr.arpa.gz.sha256

150 Opening BINARY mode data connection for in-addr.arpa.gz.sha256 (90 bytes).
Length: 90

     0K                                                       100%  110K=0.001s

226 Transfer complete.
2017-09-03 00:00:23 (110 KB/s) - ‘./domain/in-addr.arpa.gz.sha256’ saved [90]

Remote file is newer than local file ‘./domain/in-addr.arpa.md5’ -- retrieving.

--2017-09-03 00:00:23--  ftp://ftp.internic.net/domain/in-addr.arpa.md5
           => ‘./domain/in-addr.arpa.md5’
==> CWD not required.
--> PASV

227 Entering Passive Mode (192,0,32,9,17,145)
--> RETR in-addr.arpa.md5

150 Opening BINARY mode data connection for in-addr.arpa.md5 (52 bytes).
Length: 52

     0K                                                       100%  276K=0s

226 Transfer complete.
2017-09-03 00:00:24 (276 KB/s) - ‘./domain/in-addr.arpa.md5’ saved [52]

Remote file is newer than local file ‘./domain/in-addr.arpa.sha256’ -- retrieving.

--2017-09-03 00:00:24--  ftp://ftp.internic.net/domain/in-addr.arpa.sha256
           => ‘./domain/in-addr.arpa.sha256’
==> CWD not required.
--> PASV

227 Entering Passive Mode (192,0,32,9,178,47)
--> RETR in-addr.arpa.sha256

150 Opening BINARY mode data connection for in-addr.arpa.sha256 (87 bytes).
Length: 87

     0K                                                       100% 1.80M=0s

226 Transfer complete.
2017-09-03 00:00:25 (1.80 MB/s) - ‘./domain/in-addr.arpa.sha256’ saved [87]

Remote file is newer than local file ‘./domain/in-addr.arpa.zone’ -- retrieving.

--2017-09-03 00:00:25--  ftp://ftp.internic.net/domain/in-addr.arpa.zone
           => ‘./domain/in-addr.arpa.zone’
==> CWD not required.
--> PASV

227 Entering Passive Mode (192,0,32,9,167,154)
--> RETR in-addr.arpa.zone

150 Opening BINARY mode data connection for in-addr.arpa.zone (228558 bytes).
Length: 228558 (223K)

     0K .......... .......... .......... .......... .......... 22% 66.5K 3s
    50K .......... .......... .......... .......... .......... 44% 92.6K 2s
   100K .......... .......... .......... .......... .......... 67% 53.3K 1s
   150K .......... .......... .......... .......... .......... 89% 11.2K 1s
   200K .......... .......... ...                             100% 87.1M=6.7s

226 Transfer complete.
2017-09-03 00:00:32 (33.4 KB/s) - ‘./domain/in-addr.arpa.zone’ saved [228558]

Remote file is newer than local file ‘./domain/in-addr.arpa.zone.gz’ -- retrieving.

--2017-09-03 00:00:32--  ftp://ftp.internic.net/domain/in-addr.arpa.zone.gz
           => ‘./domain/in-addr.arpa.zone.gz’
==> CWD not required.
--> PASV

227 Entering Passive Mode (192,0,32,9,47,34)
--> RETR in-addr.arpa.zone.gz

150 Opening BINARY mode data connection for in-addr.arpa.zone.gz (90825 bytes).
Length: 90825 (89K)

     0K .......... .......... .......... .......... .......... 56% 69.5K 1s
    50K .......... .......... .......... ........             100% 55.1K=1.4s

226 Transfer complete.
2017-09-03 00:00:34 (62.4 KB/s) - ‘./domain/in-addr.arpa.zone.gz’ saved [90825]

Remote file is newer than local file ‘./domain/in-addr.arpa.zone.gz.md5’ -- retrieving.

--2017-09-03 00:00:34--  ftp://ftp.internic.net/domain/in-addr.arpa.zone.gz.md5
           => ‘./domain/in-addr.arpa.zone.gz.md5’
==> CWD not required.
--> PASV

227 Entering Passive Mode (192,0,32,9,42,247)
--> RETR in-addr.arpa.zone.gz.md5

150 Opening BINARY mode data connection for in-addr.arpa.zone.gz.md5 (60 bytes).
Length: 60

     0K                                                       100% 1.30M=0s

226 Transfer complete.
2017-09-03 00:00:35 (1.30 MB/s) - ‘./domain/in-addr.arpa.zone.gz.md5’ saved [60]

Remote file is newer than local file ‘./domain/in-addr.arpa.zone.gz.sha256’ -- retrieving.

--2017-09-03 00:00:35--  ftp://ftp.internic.net/domain/in-addr.arpa.zone.gz.sha256
           => ‘./domain/in-addr.arpa.zone.gz.sha256’
==> CWD not required.
--> PASV

227 Entering Passive Mode (192,0,32,9,17,123)
--> RETR in-addr.arpa.zone.gz.sha256

150 Opening BINARY mode data connection for in-addr.arpa.zone.gz.sha256 (95 bytes).
Length: 95

     0K                                                       100% 1.93M=0s

226 Transfer complete.
2017-09-03 00:00:36 (1.93 MB/s) - ‘./domain/in-addr.arpa.zone.gz.sha256’ saved [95]

Remote file is newer than local file ‘./domain/in-addr.arpa.zone.md5’ -- retrieving.

--2017-09-03 00:00:36--  ftp://ftp.internic.net/domain/in-addr.arpa.zone.md5
           => ‘./domain/in-addr.arpa.zone.md5’
==> CWD not required.
--> PASV

227 Entering Passive Mode (192,0,32,9,45,29)
--> RETR in-addr.arpa.zone.md5

150 Opening BINARY mode data connection for in-addr.arpa.zone.md5 (57 bytes).
Length: 57

     0K                                                       100% 1.16M=0s

226 Transfer complete.
2017-09-03 00:00:39 (1.16 MB/s) - ‘./domain/in-addr.arpa.zone.md5’ saved [57]

Remote file is newer than local file ‘./domain/in-addr.arpa.zone.sha256’ -- retrieving.

--2017-09-03 00:00:39--  ftp://ftp.internic.net/domain/in-addr.arpa.zone.sha256
           => ‘./domain/in-addr.arpa.zone.sha256’
==> CWD not required.
--> PASV

227 Entering Passive Mode (192,0,32,9,189,48)
--> RETR in-addr.arpa.zone.sha256

150 Opening BINARY mode data connection for in-addr.arpa.zone.sha256 (92 bytes).
Length: 92

     0K                                                       100% 1.15M=0s

226 Transfer complete.
2017-09-03 00:00:40 (1.15 MB/s) - ‘./domain/in-addr.arpa.zone.sha256’ saved [92]

Remote file is newer than local file ‘./domain/ip6.arpa’ -- retrieving.

--2017-09-03 00:00:40--  ftp://ftp.internic.net/domain/ip6.arpa
           => ‘./domain/ip6.arpa’
==> CWD not required.
--> PASV

227 Entering Passive Mode (192,0,32,9,216,111)
--> RETR ip6.arpa

150 Opening BINARY mode data connection for ip6.arpa (61151 bytes).
Length: 61151 (60K)

     0K .......... .......... .......... .......... .......... 83% 67.7K 0s
    50K .........                                             100% 1.96M=0.7s

226 Transfer complete.
2017-09-03 00:00:41 (80.3 KB/s) - ‘./domain/ip6.arpa’ saved [61151]

Remote file is newer than local file ‘./domain/ip6.arpa.gz’ -- retrieving.

--2017-09-03 00:00:41--  ftp://ftp.internic.net/domain/ip6.arpa.gz
           => ‘./domain/ip6.arpa.gz’
==> CWD not required.
--> PASV

227 Entering Passive Mode (192,0,32,9,62,68)
--> RETR ip6.arpa.gz

150 Opening BINARY mode data connection for ip6.arpa.gz (24319 bytes).
Length: 24319 (24K)

     0K .......... .......... ...                             100% 49.5K=0.5s

226 Transfer complete.
2017-09-03 00:00:43 (49.5 KB/s) - ‘./domain/ip6.arpa.gz’ saved [24319]

Remote file is newer than local file ‘./domain/ip6.arpa.gz.md5’ -- retrieving.

--2017-09-03 00:00:43--  ftp://ftp.internic.net/domain/ip6.arpa.gz.md5
           => ‘./domain/ip6.arpa.gz.md5’
==> CWD not required.
--> PASV

227 Entering Passive Mode (192,0,32,9,42,55)
--> RETR ip6.arpa.gz.md5

150 Opening BINARY mode data connection for ip6.arpa.gz.md5 (51 bytes).
Length: 51

     0K                                                       100%  958K=0s

226 Transfer complete.
2017-09-03 00:00:44 (958 KB/s) - ‘./domain/ip6.arpa.gz.md5’ saved [51]

Remote file is newer than local file ‘./domain/ip6.arpa.gz.sha256’ -- retrieving.

--2017-09-03 00:00:44--  ftp://ftp.internic.net/domain/ip6.arpa.gz.sha256
           => ‘./domain/ip6.arpa.gz.sha256’
==> CWD not required.
--> PASV

227 Entering Passive Mode (192,0,32,9,42,42)
--> RETR ip6.arpa.gz.sha256

150 Opening BINARY mode data connection for ip6.arpa.gz.sha256 (86 bytes).
Length: 86

     0K                                                       100% 59.8K=0.001s

226 Transfer complete.
2017-09-03 00:00:45 (59.8 KB/s) - ‘./domain/ip6.arpa.gz.sha256’ saved [86]

Remote file is newer than local file ‘./domain/ip6.arpa.md5’ -- retrieving.

--2017-09-03 00:00:45--  ftp://ftp.internic.net/domain/ip6.arpa.md5
           => ‘./domain/ip6.arpa.md5’
==> CWD not required.
--> PASV

227 Entering Passive Mode (192,0,32,9,132,243)
--> RETR ip6.arpa.md5

150 Opening BINARY mode data connection for ip6.arpa.md5 (48 bytes).
Length: 48

     0K                                                       100%  957K=0s

226 Transfer complete.
2017-09-03 00:00:46 (957 KB/s) - ‘./domain/ip6.arpa.md5’ saved [48]

Remote file is newer than local file ‘./domain/ip6.arpa.sha256’ -- retrieving.

--2017-09-03 00:00:46--  ftp://ftp.internic.net/domain/ip6.arpa.sha256
           => ‘./domain/ip6.arpa.sha256’
==> CWD not required.
--> PASV

227 Entering Passive Mode (192,0,32,9,49,86)
--> RETR ip6.arpa.sha256

150 Opening BINARY mode data connection for ip6.arpa.sha256 (83 bytes).
Length: 83

     0K                                                       100% 35.5K=0.002s

226 Transfer complete.
2017-09-03 00:00:47 (35.5 KB/s) - ‘./domain/ip6.arpa.sha256’ saved [83]

Remote file is newer than local file ‘./domain/ip6.arpa.zone’ -- retrieving.

--2017-09-03 00:00:47--  ftp://ftp.internic.net/domain/ip6.arpa.zone
           => ‘./domain/ip6.arpa.zone’
==> CWD not required.
--> PASV

227 Entering Passive Mode (192,0,32,9,42,77)
--> RETR ip6.arpa.zone

150 Opening BINARY mode data connection for ip6.arpa.zone (61151 bytes).
Length: 61151 (60K)

     0K .......... .......... .......... .......... .......... 83%  137K 0s
    50K .........                                             100% 16.3M=0.4s

226 Transfer complete.
2017-09-03 00:00:49 (164 KB/s) - ‘./domain/ip6.arpa.zone’ saved [61151]

Remote file is newer than local file ‘./domain/ip6.arpa.zone.gz’ -- retrieving.

--2017-09-03 00:00:49--  ftp://ftp.internic.net/domain/ip6.arpa.zone.gz
           => ‘./domain/ip6.arpa.zone.gz’
==> CWD not required.
--> PASV

227 Entering Passive Mode (192,0,32,9,42,199)
--> RETR ip6.arpa.zone.gz

150 Opening BINARY mode data connection for ip6.arpa.zone.gz (24319 bytes).
Length: 24319 (24K)

     0K .......... .......... ...                             100% 33.7K=0.7s

226 Transfer complete.
2017-09-03 00:00:50 (33.7 KB/s) - ‘./domain/ip6.arpa.zone.gz’ saved [24319]

Remote file is newer than local file ‘./domain/ip6.arpa.zone.gz.md5’ -- retrieving.

--2017-09-03 00:00:50--  ftp://ftp.internic.net/domain/ip6.arpa.zone.gz.md5
           => ‘./domain/ip6.arpa.zone.gz.md5’
==> CWD not required.
--> PASV

227 Entering Passive Mode (192,0,32,9,113,92)
--> RETR ip6.arpa.zone.gz.md5

150 Opening BINARY mode data connection for ip6.arpa.zone.gz.md5 (56 bytes).
Length: 56

     0K                                                       100%  169K=0s

226 Transfer complete.
2017-09-03 00:00:51 (169 KB/s) - ‘./domain/ip6.arpa.zone.gz.md5’ saved [56]

Remote file is newer than local file ‘./domain/ip6.arpa.zone.gz.sha256’ -- retrieving.

--2017-09-03 00:00:51--  ftp://ftp.internic.net/domain/ip6.arpa.zone.gz.sha256
           => ‘./domain/ip6.arpa.zone.gz.sha256’
==> CWD not required.
--> PASV

227 Entering Passive Mode (192,0,32,9,115,212)
--> RETR ip6.arpa.zone.gz.sha256

150 Opening BINARY mode data connection for ip6.arpa.zone.gz.sha256 (91 bytes).
Length: 91

     0K                                                       100%  316K=0s

226 Transfer complete.
2017-09-03 00:00:52 (316 KB/s) - ‘./domain/ip6.arpa.zone.gz.sha256’ saved [91]

Remote file is newer than local file ‘./domain/ip6.arpa.zone.md5’ -- retrieving.

--2017-09-03 00:00:52--  ftp://ftp.internic.net/domain/ip6.arpa.zone.md5
           => ‘./domain/ip6.arpa.zone.md5’
==> CWD not required.
--> PASV

227 Entering Passive Mode (192,0,32,9,37,18)
--> RETR ip6.arpa.zone.md5

150 Opening BINARY mode data connection for ip6.arpa.zone.md5 (53 bytes).
Length: 53

     0K                                                       100%  551K=0s

226 Transfer complete.
2017-09-03 00:00:53 (551 KB/s) - ‘./domain/ip6.arpa.zone.md5’ saved [53]

Remote file is newer than local file ‘./domain/ip6.arpa.zone.sha256’ -- retrieving.

--2017-09-03 00:00:53--  ftp://ftp.internic.net/domain/ip6.arpa.zone.sha256
           => ‘./domain/ip6.arpa.zone.sha256’
==> CWD not required.
--> PASV

227 Entering Passive Mode (192,0,32,9,42,39)
--> RETR ip6.arpa.zone.sha256

150 Opening BINARY mode data connection for ip6.arpa.zone.sha256 (88 bytes).
Length: 88

     0K                                                       100% 1.13M=0s

226 Transfer complete.
2017-09-03 00:00:54 (1.13 MB/s) - ‘./domain/ip6.arpa.zone.sha256’ saved [88]

Remote file is newer than local file ‘./domain/last_update.txt’ -- retrieving.

--2017-09-03 00:00:54--  ftp://ftp.internic.net/domain/last_update.txt
           => ‘./domain/last_update.txt’
==> CWD not required.
--> PASV

227 Entering Passive Mode (192,0,32,9,39,192)
--> RETR last_update.txt

150 Opening BINARY mode data connection for last_update.txt (21 bytes).
Length: 21

     0K                                                       100% 28.4K=0.001s

226 Transfer complete.
2017-09-03 00:00:55 (28.4 KB/s) - ‘./domain/last_update.txt’ saved [21]

Remote file no newer than local file ‘./domain/named.cache’ -- not retrieving.
Remote file no newer than local file ‘./domain/named.cache.md5’ -- not retrieving.
Remote file no newer than local file ‘./domain/named.cache.sig’ -- not retrieving.
Remote file no newer than local file ‘./domain/named.root’ -- not retrieving.
Remote file no newer than local file ‘./domain/named.root.md5’ -- not retrieving.
Remote file no newer than local file ‘./domain/named.root.sig’ -- not retrieving.
Remote file no newer than local file ‘./domain/root-servers.net.zone’ -- not retrieving.
Remote file no newer than local file ‘./domain/root-servers.net.zone.gz’ -- not retrieving.
Remote file no newer than local file ‘./domain/root-servers.net.zone.gz.md5’ -- not retrieving.
Remote file no newer than local file ‘./domain/root-servers.net.zone.gz.sig’ -- not retrieving.
The sizes do not match (local 2259218) -- retrieving.

--2017-09-03 00:00:55--  ftp://ftp.internic.net/domain/root.zone
           => ‘./domain/root.zone’
==> CWD not required.
--> PASV

227 Entering Passive Mode (192,0,32,9,24,149)
--> RETR root.zone

150 Opening BINARY mode data connection for root.zone (2257002 bytes).
Length: 2257002 (2.2M)

     0K .......... .......... .......... .......... ..........  2% 34.6K 62s
    50K .......... .......... .......... .......... ..........  4% 23.0K 76s
   100K .......... .......... .......... .......... ..........  6% 23.6K 79s
   150K .......... .......... .......... .......... ..........  9% 22.4K 80s
   200K .......... .......... .......... .......... .......... 11% 25.2K 78s
   250K .......... .......... .......... .......... .......... 13% 34.5K 72s
   300K .......... .......... .......... .......... .......... 15% 21.8K 73s
   350K .......... .......... .......... .......... .......... 18% 20.2K 73s
   400K .......... .......... .......... .......... .......... 20% 21.2K 72s
   450K .......... .......... .......... .......... .......... 22% 26.3K 70s
   500K .......... .......... .......... .......... .......... 24% 35.6K 66s
   550K .......... .......... .......... .......... .......... 27% 30.2K 63s
   600K .......... .......... .......... .......... .......... 29% 29.9K 60s
   650K .......... .......... .......... .......... .......... 31% 34.9K 57s
   700K .......... .......... .......... .......... .......... 34% 23.8K 56s
   750K .......... .......... .......... .......... .......... 36% 24.7K 54s
   800K .......... .......... .......... .......... .......... 38% 18.8K 53s
   850K .......... .......... .......... .......... .......... 40% 42.2K 50s
   900K .......... .......... .......... .......... .......... 43% 42.9K 47s
   950K .......... .......... .......... .......... .......... 45% 57.4K 44s
  1000K .......... .......... .......... .......... .......... 47% 52.9K 41s
  1050K .......... .......... .......... .......... .......... 49% 30.0K 39s
  1100K .......... .......... .......... .......... .......... 52% 52.8K 37s
  1150K .......... .......... .......... .......... .......... 54% 48.4K 34s
  1200K .......... .......... .......... .......... .......... 56% 69.7K 32s
  1250K .......... .......... .......... .......... .......... 58% 70.3K 30s
  1300K .......... .......... .......... .......... .......... 61% 40.5K 28s
  1350K .......... .......... .......... .......... .......... 63% 24.4K 26s
  1400K .......... .......... .......... .......... .......... 65% 35.7K 25s
  1450K .......... .......... .......... .......... .......... 68% 30.3K 23s
  1500K .......... .......... .......... .......... .......... 70% 42.6K 21s
  1550K .......... .......... .......... .......... .......... 72% 47.2K 19s
  1600K .......... .......... .......... .......... .......... 74% 43.4K 18s
  1650K .......... .......... .......... .......... .......... 77% 31.1K 16s
  1700K .......... .......... .......... .......... .......... 79% 26.4K 14s
  1750K .......... .......... .......... .......... .......... 81% 19.1K 13s
  1800K .......... .......... .......... .......... .......... 83% 17.6K 12s
  1850K .......... .......... .......... .......... .......... 86% 30.2K 10s
  1900K .......... .......... .......... .......... .......... 88% 28.9K 8s
  1950K .......... .......... .......... .......... .......... 90% 28.0K 7s
  2000K .......... .......... .......... .......... .......... 93% 18.1K 5s
  2050K .......... .......... .......... .......... .......... 95% 21.9K 4s
  2100K .......... .......... .......... .......... .......... 97% 35.5K 2s
  2150K .......... .......... .......... .......... .......... 99% 65.6K 0s
  2200K ....                                                  100%  108K=74s

226 Transfer complete.
2017-09-03 00:02:11 (29.9 KB/s) - ‘./domain/root.zone’ saved [2257002]

The sizes do not match (local 1061227) -- retrieving.

--2017-09-03 00:02:11--  ftp://ftp.internic.net/domain/root.zone.gz
           => ‘./domain/root.zone.gz’
==> CWD not required.
--> PASV

227 Entering Passive Mode (192,0,32,9,42,23)
--> RETR root.zone.gz

150 Opening BINARY mode data connection for root.zone.gz (1060376 bytes).
Length: 1060376 (1.0M)

     0K .......... .......... .......... .......... ..........  4%  288K 3s
    50K .......... .......... .......... .......... ..........  9% 42.9K 13s
   100K .......... .......... .......... .......... .......... 14% 43.6K 15s
   150K .......... .......... .......... .......... .......... 19% 30.8K 17s
   200K .......... .......... .......... .......... .......... 24% 30.4K 18s
   250K .......... .......... .......... .......... .......... 28% 35.6K 18s
   300K .......... .......... .......... .......... .......... 33% 19.8K 19s
   350K .......... .......... .......... .......... .......... 38% 51.8K 17s
   400K .......... .......... .......... .......... .......... 43% 36.1K 16s
   450K .......... .......... .......... .......... .......... 48% 36.0K 14s
   500K .......... .......... .......... .......... .......... 53% 29.8K 13s
   550K .......... .......... .......... .......... .......... 57% 29.9K 12s
   600K .......... .......... .......... .......... .......... 62% 26.6K 11s
   650K .......... .......... .......... .......... .......... 67% 25.6K 10s
   700K .......... .......... .......... .......... .......... 72% 25.3K 9s
   750K .......... .......... .......... .......... .......... 77% 21.2K 7s
   800K .......... .......... .......... .......... .......... 82% 18.2K 6s
   850K .......... .......... .......... .......... .......... 86% 15.6K 5s
   900K .......... .......... .......... .......... .......... 91% 26.9K 3s
   950K .......... .......... .......... .......... .......... 96% 15.1K 1s
  1000K .......... .......... .......... .....                100% 15.1K=38s

226 Transfer complete.
2017-09-03 00:02:51 (26.9 KB/s) - ‘./domain/root.zone.gz’ saved [1060376]

Remote file is newer than local file ‘./domain/root.zone.gz.md5’ -- retrieving.

--2017-09-03 00:02:51--  ftp://ftp.internic.net/domain/root.zone.gz.md5
           => ‘./domain/root.zone.gz.md5’
==> CWD not required.
--> PASV

227 Entering Passive Mode (192,0,32,9,20,195)
--> RETR root.zone.gz.md5

150 Opening BINARY mode data connection for root.zone.gz.md5 (33 bytes).
Length: 33

     0K                                                       100% 76.4K=0s

226 Transfer complete.
2017-09-03 00:02:56 (76.4 KB/s) - ‘./domain/root.zone.gz.md5’ saved [33]

Remote file is newer than local file ‘./domain/root.zone.gz.sig’ -- retrieving.

--2017-09-03 00:02:56--  ftp://ftp.internic.net/domain/root.zone.gz.sig
           => ‘./domain/root.zone.gz.sig’
==> CWD not required.
--> PASV

227 Entering Passive Mode (192,0,32,9,162,130)
--> RETR root.zone.gz.sig

150 Opening BINARY mode data connection for root.zone.gz.sig (72 bytes).
Length: 72

     0K                                                       100% 67.6K=0.001s

226 Transfer complete.
2017-09-03 00:02:57 (67.6 KB/s) - ‘./domain/root.zone.gz.sig’ saved [72]

Remote file is newer than local file ‘./domain/root.zone.md5’ -- retrieving.

--2017-09-03 00:02:57--  ftp://ftp.internic.net/domain/root.zone.md5
           => ‘./domain/root.zone.md5’
==> CWD not required.
--> PASV

227 Entering Passive Mode (192,0,32,9,232,56)
--> RETR root.zone.md5

150 Opening BINARY mode data connection for root.zone.md5 (33 bytes).
Length: 33

     0K                                                       100%  379K=0s

226 Transfer complete.
2017-09-03 00:03:00 (379 KB/s) - ‘./domain/root.zone.md5’ saved [33]

Remote file is newer than local file ‘./domain/root.zone.sig’ -- retrieving.

--2017-09-03 00:03:00--  ftp://ftp.internic.net/domain/root.zone.sig
           => ‘./domain/root.zone.sig’
==> CWD not required.
--> PASV

227 Entering Passive Mode (192,0,32,9,9,19)
--> RETR root.zone.sig

150 Opening BINARY mode data connection for root.zone.sig (72 bytes).
Length: 72

     0K                                                       100% 1.53M=0s

226 Transfer complete.
2017-09-03 00:03:01 (1.53 MB/s) - ‘./domain/root.zone.sig’ saved [72]

FINISHED --2017-09-03 00:03:01--
Total wall clock time: 2m 59s
Downloaded: 40 files, 4.0M in 2m 6s (32.2 KB/s)
