--2017-09-05 00:00:02--  ftp://ftp.internic.net/*
           => ‘./.listing’
Resolving ftp.internic.net (ftp.internic.net)... 192.0.32.9, 2620:0:2d0:200::9
Connecting to ftp.internic.net (ftp.internic.net)|192.0.32.9|:21... connected.
Logging in as anonymous ... 
220 Internic FTP Server
--> USER anonymous

331 Please specify the password.
--> PASS Turtle Power!

230 Login successful.
--> SYST

215 UNIX Type: L8
--> PWD

257 "/"
--> TYPE I

200 Switching to Binary mode.
==> CWD not needed.
--> PASV

227 Entering Passive Mode (192,0,32,9,227,132)
--> LIST -a

150 Here comes the directory listing.

     0K                                                         555K=0s

226 Directory send OK.
drwxr-xr-x    3 ftp      ftp          4096 Apr 04  2012 .
drwxr-xr-x    3 ftp      ftp          4096 Apr 04  2012 ..
drwxr-xr-x    2 ftp      ftp          4096 Sep 09  2015 domain
2017-09-05 00:00:06 (555 KB/s) - ‘./.listing’ saved [183]

--2017-09-05 00:00:06--  ftp://ftp.internic.net/domain/*
           => ‘./domain/.listing’
--> CWD /domain

250 Directory successfully changed.
--> PASV

227 Entering Passive Mode (192,0,32,9,123,134)
--> LIST -a

150 Here comes the directory listing.

     0K ...                                                     275K=0.01s

226 Directory send OK.
drwxr-xr-x    2 ftp      ftp          4096 Sep 09  2015 .
drwxr-xr-x    3 ftp      ftp          4096 Apr 04  2012 ..
-rw-r--r--    1 ftp      ftp          1829 Aug 18  2015 .listing
-rw-r--r--    1 ftp      ftp          1224 Sep 04 12:35 INTERNIC_ROOT_ZONE.signatures
-rw-r--r--    1 ftp      ftp          1469 Sep 04 12:35 INTERNIC_ROOT_ZONE.signatures.asc
-rw-r--r--    1 ftp      ftp         15228 Sep 04 12:35 arpa.zone
-rw-r--r--    1 ftp      ftp          6655 Sep 04 12:35 arpa.zone.gz
-rw-r--r--    1 ftp      ftp            33 Sep 04 12:35 arpa.zone.gz.md5
-rw-r--r--    1 ftp      ftp            72 Sep 04 12:35 arpa.zone.gz.sig
-rw-r--r--    1 ftp      ftp          3316 Aug 29 13:58 db.cache
-rw-r--r--    1 ftp      ftp            33 Aug 29 13:59 db.cache.md5
-rw-r--r--    1 ftp      ftp            72 Aug 29 13:59 db.cache.sig
-rw-r--r--    1 ftp      ftp        228558 Sep 04 15:40 in-addr.arpa
-rw-r--r--    1 ftp      ftp         90825 Sep 04 15:40 in-addr.arpa.gz
-rw-r--r--    1 ftp      ftp            55 Sep 04 15:40 in-addr.arpa.gz.md5
-rw-r--r--    1 ftp      ftp            90 Sep 04 15:40 in-addr.arpa.gz.sha256
-rw-r--r--    1 ftp      ftp            52 Sep 04 15:40 in-addr.arpa.md5
-rw-r--r--    1 ftp      ftp            87 Sep 04 15:40 in-addr.arpa.sha256
-rw-r--r--    1 ftp      ftp        228558 Sep 04 15:40 in-addr.arpa.zone
-rw-r--r--    1 ftp      ftp         90825 Sep 04 15:40 in-addr.arpa.zone.gz
-rw-r--r--    1 ftp      ftp            60 Sep 04 15:40 in-addr.arpa.zone.gz.md5
-rw-r--r--    1 ftp      ftp            95 Sep 04 15:40 in-addr.arpa.zone.gz.sha256
-rw-r--r--    1 ftp      ftp            57 Sep 04 15:40 in-addr.arpa.zone.md5
-rw-r--r--    1 ftp      ftp            92 Sep 04 15:40 in-addr.arpa.zone.sha256
-rw-r--r--    1 ftp      ftp         61151 Sep 04 15:40 ip6.arpa
-rw-r--r--    1 ftp      ftp         24319 Sep 04 15:40 ip6.arpa.gz
-rw-r--r--    1 ftp      ftp            51 Sep 04 15:40 ip6.arpa.gz.md5
-rw-r--r--    1 ftp      ftp            86 Sep 04 15:40 ip6.arpa.gz.sha256
-rw-r--r--    1 ftp      ftp            48 Sep 04 15:40 ip6.arpa.md5
-rw-r--r--    1 ftp      ftp            83 Sep 04 15:40 ip6.arpa.sha256
-rw-r--r--    1 ftp      ftp         61151 Sep 04 15:40 ip6.arpa.zone
-rw-r--r--    1 ftp      ftp         24319 Sep 04 15:40 ip6.arpa.zone.gz
-rw-r--r--    1 ftp      ftp            56 Sep 04 15:40 ip6.arpa.zone.gz.md5
-rw-r--r--    1 ftp      ftp            91 Sep 04 15:40 ip6.arpa.zone.gz.sha256
-rw-r--r--    1 ftp      ftp            53 Sep 04 15:40 ip6.arpa.zone.md5
-rw-r--r--    1 ftp      ftp            88 Sep 04 15:40 ip6.arpa.zone.sha256
-rw-r--r--    1 ftp      ftp            21 Sep 04 15:40 last_update.txt
-rw-r--r--    1 ftp      ftp          3316 Aug 29 13:59 named.cache
-rw-r--r--    1 ftp      ftp            33 Aug 29 13:59 named.cache.md5
-rw-r--r--    1 ftp      ftp            72 Aug 29 13:59 named.cache.sig
-rw-r--r--    1 ftp      ftp          3316 Aug 29 13:59 named.root
-rw-r--r--    1 ftp      ftp            33 Aug 29 13:59 named.root.md5
-rw-r--r--    1 ftp      ftp            72 Aug 29 13:59 named.root.sig
-rw-r--r--    1 ftp      ftp          2111 Aug 29 13:59 root-servers.net.zone
-rw-r--r--    1 ftp      ftp           574 Aug 29 13:59 root-servers.net.zone.gz
-rw-r--r--    1 ftp      ftp            33 Aug 29 13:59 root-servers.net.zone.gz.md5
-rw-r--r--    1 ftp      ftp            72 Aug 29 13:59 root-servers.net.zone.gz.sig
-rw-r--r--    1 ftp      ftp       2257002 Sep 04 05:08 root.zone
-rw-r--r--    1 ftp      ftp       1060384 Sep 04 05:08 root.zone.gz
-rw-r--r--    1 ftp      ftp            33 Sep 04 05:08 root.zone.gz.md5
-rw-r--r--    1 ftp      ftp            72 Sep 04 05:08 root.zone.gz.sig
-rw-r--r--    1 ftp      ftp            33 Sep 04 05:08 root.zone.md5
-rw-r--r--    1 ftp      ftp            72 Sep 04 05:08 root.zone.sig
2017-09-05 00:00:08 (275 KB/s) - ‘./domain/.listing’ saved [3930]

The sizes do not match (local 3930) -- retrieving.

--2017-09-05 00:00:08--  ftp://ftp.internic.net/domain/.listing
           => ‘./domain/.listing’
==> CWD not required.
--> PASV

227 Entering Passive Mode (192,0,32,9,41,131)
--> RETR .listing

150 Opening BINARY mode data connection for .listing (1829 bytes).
Length: 1829 (1.8K)

     0K .                                                     100% 1.17M=0.001s

226 Transfer complete.
2017-09-05 00:00:09 (1.17 MB/s) - ‘./domain/.listing’ saved [1829]

Remote file is newer than local file ‘./domain/INTERNIC_ROOT_ZONE.signatures’ -- retrieving.

--2017-09-05 00:00:09--  ftp://ftp.internic.net/domain/INTERNIC_ROOT_ZONE.signatures
           => ‘./domain/INTERNIC_ROOT_ZONE.signatures’
==> CWD not required.
--> PASV

227 Entering Passive Mode (192,0,32,9,173,160)
--> RETR INTERNIC_ROOT_ZONE.signatures

150 Opening BINARY mode data connection for INTERNIC_ROOT_ZONE.signatures (1224 bytes).
Length: 1224 (1.2K)

     0K .                                                     100% 1.58M=0.001s

226 Transfer complete.
2017-09-05 00:00:10 (1.58 MB/s) - ‘./domain/INTERNIC_ROOT_ZONE.signatures’ saved [1224]

Remote file is newer than local file ‘./domain/INTERNIC_ROOT_ZONE.signatures.asc’ -- retrieving.

--2017-09-05 00:00:10--  ftp://ftp.internic.net/domain/INTERNIC_ROOT_ZONE.signatures.asc
           => ‘./domain/INTERNIC_ROOT_ZONE.signatures.asc’
==> CWD not required.
--> PASV

227 Entering Passive Mode (192,0,32,9,147,217)
--> RETR INTERNIC_ROOT_ZONE.signatures.asc

150 Opening BINARY mode data connection for INTERNIC_ROOT_ZONE.signatures.asc (1469 bytes).
Length: 1469 (1.4K)

     0K .                                                     100% 31.1M=0s

226 Transfer complete.
2017-09-05 00:00:11 (31.1 MB/s) - ‘./domain/INTERNIC_ROOT_ZONE.signatures.asc’ saved [1469]

Remote file is newer than local file ‘./domain/arpa.zone’ -- retrieving.

--2017-09-05 00:00:11--  ftp://ftp.internic.net/domain/arpa.zone
           => ‘./domain/arpa.zone’
==> CWD not required.
--> PASV

227 Entering Passive Mode (192,0,32,9,42,205)
--> RETR arpa.zone

150 Opening BINARY mode data connection for arpa.zone (15228 bytes).
Length: 15228 (15K)

     0K .......... ....                                       100% 1.59M=0.009s

226 Transfer complete.
2017-09-05 00:00:13 (1.59 MB/s) - ‘./domain/arpa.zone’ saved [15228]

The sizes do not match (local 6649) -- retrieving.

--2017-09-05 00:00:13--  ftp://ftp.internic.net/domain/arpa.zone.gz
           => ‘./domain/arpa.zone.gz’
==> CWD not required.
--> PASV

227 Entering Passive Mode (192,0,32,9,176,42)
--> RETR arpa.zone.gz

150 Opening BINARY mode data connection for arpa.zone.gz (6655 bytes).
Length: 6655 (6.5K)

     0K ......                                                100%  521K=0.01s

226 Transfer complete.
2017-09-05 00:00:14 (521 KB/s) - ‘./domain/arpa.zone.gz’ saved [6655]

Remote file is newer than local file ‘./domain/arpa.zone.gz.md5’ -- retrieving.

--2017-09-05 00:00:14--  ftp://ftp.internic.net/domain/arpa.zone.gz.md5
           => ‘./domain/arpa.zone.gz.md5’
==> CWD not required.
--> PASV

227 Entering Passive Mode (192,0,32,9,204,97)
--> RETR arpa.zone.gz.md5

150 Opening BINARY mode data connection for arpa.zone.gz.md5 (33 bytes).
Length: 33

     0K                                                       100%  403K=0s

226 Transfer complete.
2017-09-05 00:00:15 (403 KB/s) - ‘./domain/arpa.zone.gz.md5’ saved [33]

Remote file is newer than local file ‘./domain/arpa.zone.gz.sig’ -- retrieving.

--2017-09-05 00:00:15--  ftp://ftp.internic.net/domain/arpa.zone.gz.sig
           => ‘./domain/arpa.zone.gz.sig’
==> CWD not required.
--> PASV

227 Entering Passive Mode (192,0,32,9,209,219)
--> RETR arpa.zone.gz.sig

150 Opening BINARY mode data connection for arpa.zone.gz.sig (72 bytes).
Length: 72

     0K                                                       100% 1.27M=0s

226 Transfer complete.
2017-09-05 00:00:17 (1.27 MB/s) - ‘./domain/arpa.zone.gz.sig’ saved [72]

Remote file no newer than local file ‘./domain/db.cache’ -- not retrieving.
Remote file no newer than local file ‘./domain/db.cache.md5’ -- not retrieving.
Remote file no newer than local file ‘./domain/db.cache.sig’ -- not retrieving.
Remote file is newer than local file ‘./domain/in-addr.arpa’ -- retrieving.

--2017-09-05 00:00:17--  ftp://ftp.internic.net/domain/in-addr.arpa
           => ‘./domain/in-addr.arpa’
==> CWD not required.
--> PASV

227 Entering Passive Mode (192,0,32,9,73,211)
--> RETR in-addr.arpa

150 Opening BINARY mode data connection for in-addr.arpa (228558 bytes).
Length: 228558 (223K)

     0K .......... .......... .......... .......... .......... 22% 54.0K 3s
    50K .......... .......... .......... .......... .......... 44% 80.8K 2s
   100K .......... .......... .......... .......... .......... 67%  160K 1s
   150K .......... .......... .......... .......... .......... 89% 82.9K 0s
   200K .......... .......... ...                             100% 7.01M=2.5s

226 Transfer complete.
2017-09-05 00:00:21 (90.6 KB/s) - ‘./domain/in-addr.arpa’ saved [228558]

Remote file is newer than local file ‘./domain/in-addr.arpa.gz’ -- retrieving.

--2017-09-05 00:00:21--  ftp://ftp.internic.net/domain/in-addr.arpa.gz
           => ‘./domain/in-addr.arpa.gz’
==> CWD not required.
--> PASV

227 Entering Passive Mode (192,0,32,9,53,82)
--> RETR in-addr.arpa.gz

150 Opening BINARY mode data connection for in-addr.arpa.gz (90825 bytes).
Length: 90825 (89K)

     0K .......... .......... .......... .......... .......... 56% 35.4K 1s
    50K .......... .......... .......... ........             100% 28.1M=1.4s

226 Transfer complete.
2017-09-05 00:00:23 (62.8 KB/s) - ‘./domain/in-addr.arpa.gz’ saved [90825]

Remote file is newer than local file ‘./domain/in-addr.arpa.gz.md5’ -- retrieving.

--2017-09-05 00:00:23--  ftp://ftp.internic.net/domain/in-addr.arpa.gz.md5
           => ‘./domain/in-addr.arpa.gz.md5’
==> CWD not required.
--> PASV

227 Entering Passive Mode (192,0,32,9,189,103)
--> RETR in-addr.arpa.gz.md5

150 Opening BINARY mode data connection for in-addr.arpa.gz.md5 (55 bytes).
Length: 55

     0K                                                       100% 24.0K=0.002s

226 Transfer complete.
2017-09-05 00:00:25 (24.0 KB/s) - ‘./domain/in-addr.arpa.gz.md5’ saved [55]

Remote file is newer than local file ‘./domain/in-addr.arpa.gz.sha256’ -- retrieving.

--2017-09-05 00:00:25--  ftp://ftp.internic.net/domain/in-addr.arpa.gz.sha256
           => ‘./domain/in-addr.arpa.gz.sha256’
==> CWD not required.
--> PASV

227 Entering Passive Mode (192,0,32,9,37,21)
--> RETR in-addr.arpa.gz.sha256

150 Opening BINARY mode data connection for in-addr.arpa.gz.sha256 (90 bytes).
Length: 90

     0K                                                       100%  127K=0.001s

226 Transfer complete.
2017-09-05 00:00:26 (127 KB/s) - ‘./domain/in-addr.arpa.gz.sha256’ saved [90]

Remote file is newer than local file ‘./domain/in-addr.arpa.md5’ -- retrieving.

--2017-09-05 00:00:26--  ftp://ftp.internic.net/domain/in-addr.arpa.md5
           => ‘./domain/in-addr.arpa.md5’
==> CWD not required.
--> PASV

227 Entering Passive Mode (192,0,32,9,38,155)
--> RETR in-addr.arpa.md5

150 Opening BINARY mode data connection for in-addr.arpa.md5 (52 bytes).
Length: 52

     0K                                                       100% 1.03M=0s

226 Transfer complete.
2017-09-05 00:00:28 (1.03 MB/s) - ‘./domain/in-addr.arpa.md5’ saved [52]

Remote file is newer than local file ‘./domain/in-addr.arpa.sha256’ -- retrieving.

--2017-09-05 00:00:28--  ftp://ftp.internic.net/domain/in-addr.arpa.sha256
           => ‘./domain/in-addr.arpa.sha256’
==> CWD not required.
--> PASV

227 Entering Passive Mode (192,0,32,9,232,101)
--> RETR in-addr.arpa.sha256

150 Opening BINARY mode data connection for in-addr.arpa.sha256 (87 bytes).
Length: 87

     0K                                                       100% 86.4K=0.001s

226 Transfer complete.
2017-09-05 00:00:29 (86.4 KB/s) - ‘./domain/in-addr.arpa.sha256’ saved [87]

Remote file is newer than local file ‘./domain/in-addr.arpa.zone’ -- retrieving.

--2017-09-05 00:00:29--  ftp://ftp.internic.net/domain/in-addr.arpa.zone
           => ‘./domain/in-addr.arpa.zone’
==> CWD not required.
--> PASV

227 Entering Passive Mode (192,0,32,9,42,135)
--> RETR in-addr.arpa.zone

150 Opening BINARY mode data connection for in-addr.arpa.zone (228558 bytes).
Length: 228558 (223K)

     0K .......... .......... .......... .......... .......... 22% 53.9K 3s
    50K .......... .......... .......... .......... .......... 44% 41.8K 3s
   100K .......... .......... .......... .......... .......... 67% 40.5K 2s
   150K .......... .......... .......... .......... .......... 89% 29.6K 1s
   200K .......... .......... ...                             100% 33.0K=5.8s

226 Transfer complete.
2017-09-05 00:00:36 (38.8 KB/s) - ‘./domain/in-addr.arpa.zone’ saved [228558]

Remote file is newer than local file ‘./domain/in-addr.arpa.zone.gz’ -- retrieving.

--2017-09-05 00:00:36--  ftp://ftp.internic.net/domain/in-addr.arpa.zone.gz
           => ‘./domain/in-addr.arpa.zone.gz’
==> CWD not required.
--> PASV

227 Entering Passive Mode (192,0,32,9,41,201)
--> RETR in-addr.arpa.zone.gz

150 Opening BINARY mode data connection for in-addr.arpa.zone.gz (90825 bytes).
Length: 90825 (89K)

     0K .......... .......... .......... .......... .......... 56% 40.7K 1s
    50K .......... .......... .......... ........             100% 78.5K=1.7s

226 Transfer complete.
2017-09-05 00:00:39 (51.5 KB/s) - ‘./domain/in-addr.arpa.zone.gz’ saved [90825]

Remote file is newer than local file ‘./domain/in-addr.arpa.zone.gz.md5’ -- retrieving.

--2017-09-05 00:00:39--  ftp://ftp.internic.net/domain/in-addr.arpa.zone.gz.md5
           => ‘./domain/in-addr.arpa.zone.gz.md5’
==> CWD not required.
--> PASV

227 Entering Passive Mode (192,0,32,9,113,91)
--> RETR in-addr.arpa.zone.gz.md5

150 Opening BINARY mode data connection for in-addr.arpa.zone.gz.md5 (60 bytes).
Length: 60

     0K                                                       100% 43.5K=0.001s

226 Transfer complete.
2017-09-05 00:00:40 (43.5 KB/s) - ‘./domain/in-addr.arpa.zone.gz.md5’ saved [60]

Remote file is newer than local file ‘./domain/in-addr.arpa.zone.gz.sha256’ -- retrieving.

--2017-09-05 00:00:40--  ftp://ftp.internic.net/domain/in-addr.arpa.zone.gz.sha256
           => ‘./domain/in-addr.arpa.zone.gz.sha256’
==> CWD not required.
--> PASV

227 Entering Passive Mode (192,0,32,9,41,19)
--> RETR in-addr.arpa.zone.gz.sha256

150 Opening BINARY mode data connection for in-addr.arpa.zone.gz.sha256 (95 bytes).
Length: 95

     0K                                                       100%  137K=0.001s

226 Transfer complete.
2017-09-05 00:00:41 (137 KB/s) - ‘./domain/in-addr.arpa.zone.gz.sha256’ saved [95]

Remote file is newer than local file ‘./domain/in-addr.arpa.zone.md5’ -- retrieving.

--2017-09-05 00:00:41--  ftp://ftp.internic.net/domain/in-addr.arpa.zone.md5
           => ‘./domain/in-addr.arpa.zone.md5’
==> CWD not required.
--> PASV

227 Entering Passive Mode (192,0,32,9,196,201)
--> RETR in-addr.arpa.zone.md5

150 Opening BINARY mode data connection for in-addr.arpa.zone.md5 (57 bytes).
Length: 57

     0K                                                       100% 6.08K=0.009s

226 Transfer complete.
2017-09-05 00:00:44 (6.08 KB/s) - ‘./domain/in-addr.arpa.zone.md5’ saved [57]

Remote file is newer than local file ‘./domain/in-addr.arpa.zone.sha256’ -- retrieving.

--2017-09-05 00:00:44--  ftp://ftp.internic.net/domain/in-addr.arpa.zone.sha256
           => ‘./domain/in-addr.arpa.zone.sha256’
==> CWD not required.
--> PASV

227 Entering Passive Mode (192,0,32,9,24,82)
--> RETR in-addr.arpa.zone.sha256

150 Opening BINARY mode data connection for in-addr.arpa.zone.sha256 (92 bytes).
Length: 92

     0K                                                       100% 1.83M=0s

226 Transfer complete.
2017-09-05 00:00:45 (1.83 MB/s) - ‘./domain/in-addr.arpa.zone.sha256’ saved [92]

Remote file is newer than local file ‘./domain/ip6.arpa’ -- retrieving.

--2017-09-05 00:00:45--  ftp://ftp.internic.net/domain/ip6.arpa
           => ‘./domain/ip6.arpa’
==> CWD not required.
--> PASV

227 Entering Passive Mode (192,0,32,9,196,163)
--> RETR ip6.arpa

150 Opening BINARY mode data connection for ip6.arpa (61151 bytes).
Length: 61151 (60K)

     0K .......... .......... .......... .......... .......... 83% 58.2K 0s
    50K .........                                             100%  384K=0.9s

226 Transfer complete.
2017-09-05 00:00:47 (67.6 KB/s) - ‘./domain/ip6.arpa’ saved [61151]

Remote file is newer than local file ‘./domain/ip6.arpa.gz’ -- retrieving.

--2017-09-05 00:00:47--  ftp://ftp.internic.net/domain/ip6.arpa.gz
           => ‘./domain/ip6.arpa.gz’
==> CWD not required.
--> PASV

227 Entering Passive Mode (192,0,32,9,203,11)
--> RETR ip6.arpa.gz

150 Opening BINARY mode data connection for ip6.arpa.gz (24319 bytes).
Length: 24319 (24K)

     0K .......... .......... ...                             100%  106K=0.2s

226 Transfer complete.
2017-09-05 00:00:48 (106 KB/s) - ‘./domain/ip6.arpa.gz’ saved [24319]

Remote file is newer than local file ‘./domain/ip6.arpa.gz.md5’ -- retrieving.

--2017-09-05 00:00:48--  ftp://ftp.internic.net/domain/ip6.arpa.gz.md5
           => ‘./domain/ip6.arpa.gz.md5’
==> CWD not required.
--> PASV

227 Entering Passive Mode (192,0,32,9,15,175)
--> RETR ip6.arpa.gz.md5

150 Opening BINARY mode data connection for ip6.arpa.gz.md5 (51 bytes).
Length: 51

     0K                                                       100% 36.1K=0.001s

226 Transfer complete.
2017-09-05 00:00:49 (36.1 KB/s) - ‘./domain/ip6.arpa.gz.md5’ saved [51]

Remote file is newer than local file ‘./domain/ip6.arpa.gz.sha256’ -- retrieving.

--2017-09-05 00:00:49--  ftp://ftp.internic.net/domain/ip6.arpa.gz.sha256
           => ‘./domain/ip6.arpa.gz.sha256’
==> CWD not required.
--> PASV

227 Entering Passive Mode (192,0,32,9,243,222)
--> RETR ip6.arpa.gz.sha256

150 Opening BINARY mode data connection for ip6.arpa.gz.sha256 (86 bytes).
Length: 86

     0K                                                       100%  307K=0s

226 Transfer complete.
2017-09-05 00:00:50 (307 KB/s) - ‘./domain/ip6.arpa.gz.sha256’ saved [86]

Remote file is newer than local file ‘./domain/ip6.arpa.md5’ -- retrieving.

--2017-09-05 00:00:50--  ftp://ftp.internic.net/domain/ip6.arpa.md5
           => ‘./domain/ip6.arpa.md5’
==> CWD not required.
--> PASV

227 Entering Passive Mode (192,0,32,9,197,232)
--> RETR ip6.arpa.md5

150 Opening BINARY mode data connection for ip6.arpa.md5 (48 bytes).
Length: 48

     0K                                                       100% 1.04M=0s

226 Transfer complete.
2017-09-05 00:00:51 (1.04 MB/s) - ‘./domain/ip6.arpa.md5’ saved [48]

Remote file is newer than local file ‘./domain/ip6.arpa.sha256’ -- retrieving.

--2017-09-05 00:00:51--  ftp://ftp.internic.net/domain/ip6.arpa.sha256
           => ‘./domain/ip6.arpa.sha256’
==> CWD not required.
--> PASV

227 Entering Passive Mode (192,0,32,9,33,187)
--> RETR ip6.arpa.sha256

150 Opening BINARY mode data connection for ip6.arpa.sha256 (83 bytes).
Length: 83

     0K                                                       100% 1.76M=0s

226 Transfer complete.
2017-09-05 00:00:52 (1.76 MB/s) - ‘./domain/ip6.arpa.sha256’ saved [83]

Remote file is newer than local file ‘./domain/ip6.arpa.zone’ -- retrieving.

--2017-09-05 00:00:52--  ftp://ftp.internic.net/domain/ip6.arpa.zone
           => ‘./domain/ip6.arpa.zone’
==> CWD not required.
--> PASV

227 Entering Passive Mode (192,0,32,9,7,122)
--> RETR ip6.arpa.zone

150 Opening BINARY mode data connection for ip6.arpa.zone (61151 bytes).
Length: 61151 (60K)

     0K .......... .......... .......... .......... .......... 83% 68.7K 0s
    50K .........                                             100% 40.9K=1.0s

226 Transfer complete.
2017-09-05 00:00:54 (61.8 KB/s) - ‘./domain/ip6.arpa.zone’ saved [61151]

Remote file is newer than local file ‘./domain/ip6.arpa.zone.gz’ -- retrieving.

--2017-09-05 00:00:54--  ftp://ftp.internic.net/domain/ip6.arpa.zone.gz
           => ‘./domain/ip6.arpa.zone.gz’
==> CWD not required.
--> PASV

227 Entering Passive Mode (192,0,32,9,41,185)
--> RETR ip6.arpa.zone.gz

150 Opening BINARY mode data connection for ip6.arpa.zone.gz (24319 bytes).
Length: 24319 (24K)

     0K .......... .......... ...                             100% 91.1K=0.3s

226 Transfer complete.
2017-09-05 00:00:56 (91.1 KB/s) - ‘./domain/ip6.arpa.zone.gz’ saved [24319]

Remote file is newer than local file ‘./domain/ip6.arpa.zone.gz.md5’ -- retrieving.

--2017-09-05 00:00:56--  ftp://ftp.internic.net/domain/ip6.arpa.zone.gz.md5
           => ‘./domain/ip6.arpa.zone.gz.md5’
==> CWD not required.
--> PASV

227 Entering Passive Mode (192,0,32,9,211,244)
--> RETR ip6.arpa.zone.gz.md5

150 Opening BINARY mode data connection for ip6.arpa.zone.gz.md5 (56 bytes).
Length: 56

     0K                                                       100% 1013K=0s

226 Transfer complete.
2017-09-05 00:00:57 (1013 KB/s) - ‘./domain/ip6.arpa.zone.gz.md5’ saved [56]

Remote file is newer than local file ‘./domain/ip6.arpa.zone.gz.sha256’ -- retrieving.

--2017-09-05 00:00:57--  ftp://ftp.internic.net/domain/ip6.arpa.zone.gz.sha256
           => ‘./domain/ip6.arpa.zone.gz.sha256’
==> CWD not required.
--> PASV

227 Entering Passive Mode (192,0,32,9,186,112)
--> RETR ip6.arpa.zone.gz.sha256

150 Opening BINARY mode data connection for ip6.arpa.zone.gz.sha256 (91 bytes).
Length: 91

     0K                                                       100% 80.9K=0.001s

226 Transfer complete.
2017-09-05 00:00:58 (80.9 KB/s) - ‘./domain/ip6.arpa.zone.gz.sha256’ saved [91]

Remote file is newer than local file ‘./domain/ip6.arpa.zone.md5’ -- retrieving.

--2017-09-05 00:00:58--  ftp://ftp.internic.net/domain/ip6.arpa.zone.md5
           => ‘./domain/ip6.arpa.zone.md5’
==> CWD not required.
--> PASV

227 Entering Passive Mode (192,0,32,9,42,199)
--> RETR ip6.arpa.zone.md5

150 Opening BINARY mode data connection for ip6.arpa.zone.md5 (53 bytes).
Length: 53

     0K                                                       100% 1.10M=0s

226 Transfer complete.
2017-09-05 00:00:59 (1.10 MB/s) - ‘./domain/ip6.arpa.zone.md5’ saved [53]

Remote file is newer than local file ‘./domain/ip6.arpa.zone.sha256’ -- retrieving.

--2017-09-05 00:00:59--  ftp://ftp.internic.net/domain/ip6.arpa.zone.sha256
           => ‘./domain/ip6.arpa.zone.sha256’
==> CWD not required.
--> PASV

227 Entering Passive Mode (192,0,32,9,41,179)
--> RETR ip6.arpa.zone.sha256

150 Opening BINARY mode data connection for ip6.arpa.zone.sha256 (88 bytes).
Length: 88

     0K                                                       100%  199K=0s

226 Transfer complete.
2017-09-05 00:01:00 (199 KB/s) - ‘./domain/ip6.arpa.zone.sha256’ saved [88]

Remote file is newer than local file ‘./domain/last_update.txt’ -- retrieving.

--2017-09-05 00:01:00--  ftp://ftp.internic.net/domain/last_update.txt
           => ‘./domain/last_update.txt’
==> CWD not required.
--> PASV

227 Entering Passive Mode (192,0,32,9,42,202)
--> RETR last_update.txt

150 Opening BINARY mode data connection for last_update.txt (21 bytes).
Length: 21

     0K                                                       100%  281K=0s

226 Transfer complete.
2017-09-05 00:01:01 (281 KB/s) - ‘./domain/last_update.txt’ saved [21]

Remote file is newer than local file ‘./domain/named.cache’ -- retrieving.

--2017-09-05 00:01:01--  ftp://ftp.internic.net/domain/named.cache
           => ‘./domain/named.cache’
==> CWD not required.
--> PASV

227 Entering Passive Mode (192,0,32,9,246,188)
--> RETR named.cache

150 Opening BINARY mode data connection for named.cache (3316 bytes).
Length: 3316 (3.2K)

     0K ...                                                   100% 71.9M=0s

226 Transfer complete.
2017-09-05 00:01:02 (71.9 MB/s) - ‘./domain/named.cache’ saved [3316]

Remote file no newer than local file ‘./domain/named.cache.md5’ -- not retrieving.
Remote file no newer than local file ‘./domain/named.cache.sig’ -- not retrieving.
Remote file no newer than local file ‘./domain/named.root’ -- not retrieving.
Remote file no newer than local file ‘./domain/named.root.md5’ -- not retrieving.
Remote file no newer than local file ‘./domain/named.root.sig’ -- not retrieving.
Remote file no newer than local file ‘./domain/root-servers.net.zone’ -- not retrieving.
Remote file no newer than local file ‘./domain/root-servers.net.zone.gz’ -- not retrieving.
Remote file no newer than local file ‘./domain/root-servers.net.zone.gz.md5’ -- not retrieving.
Remote file no newer than local file ‘./domain/root-servers.net.zone.gz.sig’ -- not retrieving.
Remote file is newer than local file ‘./domain/root.zone’ -- retrieving.

--2017-09-05 00:01:02--  ftp://ftp.internic.net/domain/root.zone
           => ‘./domain/root.zone’
==> CWD not required.
--> PASV

227 Entering Passive Mode (192,0,32,9,42,80)
--> RETR root.zone

150 Opening BINARY mode data connection for root.zone (2257002 bytes).
Length: 2257002 (2.2M)

     0K .......... .......... .......... .......... ..........  2% 70.6M 0s
    50K .......... .......... .......... .......... ..........  4% 86.0K 12s
   100K .......... .......... .......... .......... ..........  6%  173K 12s
   150K .......... .......... .......... .......... ..........  9% 97.0K 14s
   200K .......... .......... .......... .......... .......... 11%  194K 13s
   250K .......... .......... .......... .......... .......... 13% 29.5K 21s
   300K .......... .......... .......... .......... .......... 15%  168K 19s
   350K .......... .......... .......... .......... .......... 18% 65.4K 20s
   400K .......... .......... .......... .......... .......... 20% 42.4K 22s
   450K .......... .......... .......... .......... .......... 22% 35.1K 24s
   500K .......... .......... .......... .......... .......... 24% 35.3K 25s
   550K .......... .......... .......... .......... .......... 27% 35.2K 26s
   600K .......... .......... .......... .......... .......... 29% 42.7K 26s
   650K .......... .......... .......... .......... .......... 31% 44.3K 26s
   700K .......... .......... .......... .......... .......... 34% 44.1K 26s
   750K .......... .......... .......... .......... .......... 36% 44.4K 25s
   800K .......... .......... .......... .......... .......... 38% 47.6K 25s
   850K .......... .......... .......... .......... .......... 40% 26.1K 25s
   900K .......... .......... .......... .......... .......... 43% 32.6K 25s
   950K .......... .......... .......... .......... .......... 45% 23.3K 25s
  1000K .......... .......... .......... .......... .......... 47% 23.9K 25s
  1050K .......... .......... .......... .......... .......... 49% 25.0K 25s
  1100K .......... .......... .......... .......... .......... 52% 28.9K 25s
  1150K .......... .......... .......... .......... .......... 54% 32.7K 24s
  1200K .......... .......... .......... .......... .......... 56% 21.1K 23s
  1250K .......... .......... .......... .......... .......... 58% 16.2K 24s
  1300K .......... .......... .......... .......... .......... 61% 25.6K 23s
  1350K .......... .......... .......... .......... .......... 63% 35.7K 21s
  1400K .......... .......... .......... .......... .......... 65% 24.2K 20s
  1450K .......... .......... .......... .......... .......... 68% 27.0K 19s
  1500K .......... .......... .......... .......... .......... 70% 35.9K 18s
  1550K .......... .......... .......... .......... .......... 72% 50.3K 16s
  1600K .......... .......... .......... .......... .......... 74% 35.7K 15s
  1650K .......... .......... .......... .......... .......... 77% 26.5K 14s
  1700K .......... .......... .......... .......... .......... 79% 26.5K 13s
  1750K .......... .......... .......... .......... .......... 81% 23.1K 11s
  1800K .......... .......... .......... .......... .......... 83% 32.5K 10s
  1850K .......... .......... .......... .......... .......... 86% 23.3K 9s
  1900K .......... .......... .......... .......... .......... 88% 21.6K 7s
  1950K .......... .......... .......... .......... .......... 90% 20.0K 6s
  2000K .......... .......... .......... .......... .......... 93% 14.0K 5s
  2050K .......... .......... .......... .......... .......... 95% 26.8K 3s
  2100K .......... .......... .......... .......... .......... 97% 23.2K 2s
  2150K .......... .......... .......... .......... .......... 99% 23.5K 0s
  2200K ....                                                  100% 26.0M=69s

226 Transfer complete.
2017-09-05 00:02:14 (31.9 KB/s) - ‘./domain/root.zone’ saved [2257002]

The sizes do not match (local 1060429) -- retrieving.

--2017-09-05 00:02:14--  ftp://ftp.internic.net/domain/root.zone.gz
           => ‘./domain/root.zone.gz’
==> CWD not required.
--> PASV

227 Entering Passive Mode (192,0,32,9,221,74)
--> RETR root.zone.gz

150 Opening BINARY mode data connection for root.zone.gz (1060384 bytes).
Length: 1060384 (1.0M)

     0K .......... .......... .......... .......... ..........  4% 61.4K 16s
    50K .......... .......... .......... .......... ..........  9%  172K 10s
   100K .......... .......... .......... .......... .......... 14% 61.0K 11s
   150K .......... .......... .......... .......... .......... 19% 56.8M 8s
   200K .......... .......... .......... .......... .......... 24% 17.4K 15s
   250K .......... .......... .......... .......... .......... 28% 24.5K 17s
   300K .......... .......... .......... .......... .......... 33% 22.2K 18s
   350K .......... .......... .......... .......... .......... 38% 30.3K 17s
   400K .......... .......... .......... .......... .......... 43% 27.1K 16s
   450K .......... .......... .......... .......... .......... 48% 23.4K 16s
   500K .......... .......... .......... .......... .......... 53% 28.9K 15s
   550K .......... .......... .......... .......... .......... 57% 37.2K 13s
   600K .......... .......... .......... .......... .......... 62% 32.2K 11s
   650K .......... .......... .......... .......... .......... 67% 29.0K 10s
   700K .......... .......... .......... .......... .......... 72% 30.5K 9s
   750K .......... .......... .......... .......... .......... 77% 22.8K 7s
   800K .......... .......... .......... .......... .......... 82% 27.1K 6s
   850K .......... .......... .......... .......... .......... 86% 47.4K 4s
   900K .......... .......... .......... .......... .......... 91% 66.9K 3s
   950K .......... .......... .......... .......... .......... 96% 51.2K 1s
  1000K .......... .......... .......... ..                    99% 32.6K=31s

2017-09-05 00:17:45 (33.8 KB/s) - Data connection: Connection timed out; 
226 Transfer complete.
Retrying.

--2017-09-05 00:17:46--  ftp://ftp.internic.net/domain/root.zone.gz
  (try: 2) => ‘./domain/root.zone.gz’
==> CWD not required.
--> PASV


Write failed, closing control connection.
Retrying.

--2017-09-05 00:17:48--  ftp://ftp.internic.net/domain/root.zone.gz
  (try: 3) => ‘./domain/root.zone.gz’
Connecting to ftp.internic.net (ftp.internic.net)|192.0.32.9|:21... connected.
Logging in as anonymous ... 
220 Internic FTP Server
--> USER anonymous

331 Please specify the password.
--> PASS Turtle Power!

230 Login successful.
--> SYST

215 UNIX Type: L8
--> PWD

257 "/"
--> TYPE I

200 Switching to Binary mode.
--> CWD /domain

250 Directory successfully changed.
--> PASV

227 Entering Passive Mode (192,0,32,9,41,244)
--> REST 1057040

350 Restart position accepted (1057040).
--> RETR root.zone.gz

150 Opening BINARY mode data connection for root.zone.gz (1060384 bytes).
Length: 1060384 (1.0M), 3344 (3.3K) remaining

        [ skipping 1000K ]
  1000K ,,,,,,,,,, ,,,,,,,,,, ,,,,,,,,,, ,,...                100%  949K=0.003s

226 Transfer complete.
2017-09-05 00:17:56 (949 KB/s) - ‘./domain/root.zone.gz’ saved [1060384]

Remote file is newer than local file ‘./domain/root.zone.gz.md5’ -- retrieving.

--2017-09-05 00:17:56--  ftp://ftp.internic.net/domain/root.zone.gz.md5
           => ‘./domain/root.zone.gz.md5’
==> CWD not required.
--> PASV

227 Entering Passive Mode (192,0,32,9,41,126)
--> RETR root.zone.gz.md5

150 Opening BINARY mode data connection for root.zone.gz.md5 (33 bytes).
Length: 33

     0K                                                       100%  264K=0s

226 Transfer complete.
2017-09-05 00:17:57 (264 KB/s) - ‘./domain/root.zone.gz.md5’ saved [33]

Remote file is newer than local file ‘./domain/root.zone.gz.sig’ -- retrieving.

--2017-09-05 00:17:57--  ftp://ftp.internic.net/domain/root.zone.gz.sig
           => ‘./domain/root.zone.gz.sig’
==> CWD not required.
--> PASV

227 Entering Passive Mode (192,0,32,9,218,221)
--> RETR root.zone.gz.sig

150 Opening BINARY mode data connection for root.zone.gz.sig (72 bytes).
Length: 72

     0K                                                       100%  581K=0s

226 Transfer complete.
2017-09-05 00:17:58 (581 KB/s) - ‘./domain/root.zone.gz.sig’ saved [72]

Remote file is newer than local file ‘./domain/root.zone.md5’ -- retrieving.

--2017-09-05 00:17:59--  ftp://ftp.internic.net/domain/root.zone.md5
           => ‘./domain/root.zone.md5’
==> CWD not required.
--> PASV

227 Entering Passive Mode (192,0,32,9,42,186)
--> RETR root.zone.md5

150 Opening BINARY mode data connection for root.zone.md5 (33 bytes).
Length: 33

     0K                                                       100% 22.2K=0.001s

226 Transfer complete.
2017-09-05 00:18:00 (22.2 KB/s) - ‘./domain/root.zone.md5’ saved [33]

Remote file is newer than local file ‘./domain/root.zone.sig’ -- retrieving.

--2017-09-05 00:18:00--  ftp://ftp.internic.net/domain/root.zone.sig
           => ‘./domain/root.zone.sig’
==> CWD not required.
--> PASV

227 Entering Passive Mode (192,0,32,9,5,114)
--> RETR root.zone.sig

150 Opening BINARY mode data connection for root.zone.sig (72 bytes).
Length: 72

     0K                                                       100%  280K=0s

226 Transfer complete.
2017-09-05 00:18:01 (280 KB/s) - ‘./domain/root.zone.sig’ saved [72]

FINISHED --2017-09-05 00:18:01--
Total wall clock time: 17m 58s
Downloaded: 41 files, 4.0M in 1m 53s (35.9 KB/s)
