--2017-02-28 00:00:05--  ftp://ftp.internic.net/*
           => ‘./.listing’
Resolving ftp.internic.net (ftp.internic.net)... 192.0.32.9, 2620:0:2d0:200::9
Connecting to ftp.internic.net (ftp.internic.net)|192.0.32.9|:21... connected.
Logging in as anonymous ... 
220 Internic FTP Server
--> USER anonymous

331 Please specify the password.
--> PASS Turtle Power!

230 Login successful.
--> SYST

215 UNIX Type: L8
--> PWD

257 "/"
--> TYPE I

200 Switching to Binary mode.
==> CWD not needed.
--> PASV

227 Entering Passive Mode (192,0,32,9,212,106)
--> LIST -a

150 Here comes the directory listing.

     0K                                                        1.08M=0s

226 Directory send OK.
drwxr-xr-x    3 ftp      ftp          4096 Apr 04  2012 .
drwxr-xr-x    3 ftp      ftp          4096 Apr 04  2012 ..
drwxr-xr-x    2 ftp      ftp          4096 Sep 09  2015 domain
2017-02-28 00:00:09 (1.08 MB/s) - ‘./.listing’ saved [183]

--2017-02-28 00:00:10--  ftp://ftp.internic.net/domain/*
           => ‘./domain/.listing’
--> CWD /domain

250 Directory successfully changed.
--> PASV

227 Entering Passive Mode (192,0,32,9,208,225)
--> LIST -a

150 Here comes the directory listing.

     0K ...                                                    1005K=0.004s

226 Directory send OK.
drwxr-xr-x    2 ftp      ftp          4096 Sep 09  2015 .
drwxr-xr-x    3 ftp      ftp          4096 Apr 04  2012 ..
-rw-r--r--    1 ftp      ftp          1829 Aug 18  2015 .listing
-rw-r--r--    1 ftp      ftp          1224 Feb 27 12:17 INTERNIC_ROOT_ZONE.signatures
-rw-r--r--    1 ftp      ftp          1469 Feb 27 12:17 INTERNIC_ROOT_ZONE.signatures.asc
-rw-r--r--    1 ftp      ftp         15186 Feb 27 12:17 arpa.zone
-rw-r--r--    1 ftp      ftp          6633 Feb 27 12:17 arpa.zone.gz
-rw-r--r--    1 ftp      ftp            33 Feb 27 12:17 arpa.zone.gz.md5
-rw-r--r--    1 ftp      ftp            72 Feb 27 12:17 arpa.zone.gz.sig
-rw-r--r--    1 ftp      ftp          3291 Oct 20 19:35 db.cache
-rw-r--r--    1 ftp      ftp            33 Oct 20 19:35 db.cache.md5
-rw-r--r--    1 ftp      ftp            72 Oct 20 19:35 db.cache.sig
-rw-r--r--    1 ftp      ftp        228019 Feb 27 15:40 in-addr.arpa
-rw-r--r--    1 ftp      ftp         90371 Feb 27 15:40 in-addr.arpa.gz
-rw-r--r--    1 ftp      ftp            55 Feb 27 15:40 in-addr.arpa.gz.md5
-rw-r--r--    1 ftp      ftp            90 Feb 27 15:40 in-addr.arpa.gz.sha256
-rw-r--r--    1 ftp      ftp            52 Feb 27 15:40 in-addr.arpa.md5
-rw-r--r--    1 ftp      ftp            87 Feb 27 15:40 in-addr.arpa.sha256
-rw-r--r--    1 ftp      ftp        228019 Feb 27 15:40 in-addr.arpa.zone
-rw-r--r--    1 ftp      ftp         90371 Feb 27 15:40 in-addr.arpa.zone.gz
-rw-r--r--    1 ftp      ftp            60 Feb 27 15:40 in-addr.arpa.zone.gz.md5
-rw-r--r--    1 ftp      ftp            95 Feb 27 15:40 in-addr.arpa.zone.gz.sha256
-rw-r--r--    1 ftp      ftp            57 Feb 27 15:40 in-addr.arpa.zone.md5
-rw-r--r--    1 ftp      ftp            92 Feb 27 15:40 in-addr.arpa.zone.sha256
-rw-r--r--    1 ftp      ftp         60746 Feb 27 15:40 ip6.arpa
-rw-r--r--    1 ftp      ftp         24313 Feb 27 15:40 ip6.arpa.gz
-rw-r--r--    1 ftp      ftp            51 Feb 27 15:40 ip6.arpa.gz.md5
-rw-r--r--    1 ftp      ftp            86 Feb 27 15:40 ip6.arpa.gz.sha256
-rw-r--r--    1 ftp      ftp            48 Feb 27 15:40 ip6.arpa.md5
-rw-r--r--    1 ftp      ftp            83 Feb 27 15:40 ip6.arpa.sha256
-rw-r--r--    1 ftp      ftp         60746 Feb 27 15:40 ip6.arpa.zone
-rw-r--r--    1 ftp      ftp         24313 Feb 27 15:40 ip6.arpa.zone.gz
-rw-r--r--    1 ftp      ftp            56 Feb 27 15:40 ip6.arpa.zone.gz.md5
-rw-r--r--    1 ftp      ftp            91 Feb 27 15:40 ip6.arpa.zone.gz.sha256
-rw-r--r--    1 ftp      ftp            53 Feb 27 15:40 ip6.arpa.zone.md5
-rw-r--r--    1 ftp      ftp            88 Feb 27 15:40 ip6.arpa.zone.sha256
-rw-r--r--    1 ftp      ftp            21 Feb 27 15:40 last_update.txt
-rw-r--r--    1 ftp      ftp          3291 Oct 20 19:35 named.cache
-rw-r--r--    1 ftp      ftp            33 Oct 20 19:35 named.cache.md5
-rw-r--r--    1 ftp      ftp            72 Oct 20 19:35 named.cache.sig
-rw-r--r--    1 ftp      ftp          3291 Oct 20 19:35 named.root
-rw-r--r--    1 ftp      ftp            33 Oct 20 19:35 named.root.md5
-rw-r--r--    1 ftp      ftp            72 Oct 20 19:35 named.root.sig
-rw-r--r--    1 ftp      ftp          2110 Oct 20 19:35 root-servers.net.zone
-rw-r--r--    1 ftp      ftp           574 Oct 20 19:35 root-servers.net.zone.gz
-rw-r--r--    1 ftp      ftp            33 Oct 20 19:35 root-servers.net.zone.gz.md5
-rw-r--r--    1 ftp      ftp            72 Oct 20 19:35 root-servers.net.zone.gz.sig
-rw-r--r--    1 ftp      ftp       2230137 Feb 27 05:16 root.zone
-rw-r--r--    1 ftp      ftp       1047873 Feb 27 05:16 root.zone.gz
-rw-r--r--    1 ftp      ftp            33 Feb 27 05:16 root.zone.gz.md5
-rw-r--r--    1 ftp      ftp            72 Feb 27 05:16 root.zone.gz.sig
-rw-r--r--    1 ftp      ftp            33 Feb 27 05:16 root.zone.md5
-rw-r--r--    1 ftp      ftp            72 Feb 27 05:16 root.zone.sig
2017-02-28 00:00:11 (1005 KB/s) - ‘./domain/.listing’ saved [3930]

The sizes do not match (local 3930) -- retrieving.

--2017-02-28 00:00:11--  ftp://ftp.internic.net/domain/.listing
           => ‘./domain/.listing’
==> CWD not required.
--> PASV

227 Entering Passive Mode (192,0,32,9,37,238)
--> RETR .listing

150 Opening BINARY mode data connection for .listing (1829 bytes).
Length: 1829 (1.8K)

     0K .                                                     100% 14.9M=0s

226 Transfer complete.
2017-02-28 00:00:11 (14.9 MB/s) - ‘./domain/.listing’ saved [1829]

Remote file is newer than local file ‘./domain/INTERNIC_ROOT_ZONE.signatures’ -- retrieving.

--2017-02-28 00:00:11--  ftp://ftp.internic.net/domain/INTERNIC_ROOT_ZONE.signatures
           => ‘./domain/INTERNIC_ROOT_ZONE.signatures’
==> CWD not required.
--> PASV

227 Entering Passive Mode (192,0,32,9,147,231)
--> RETR INTERNIC_ROOT_ZONE.signatures

150 Opening BINARY mode data connection for INTERNIC_ROOT_ZONE.signatures (1224 bytes).
Length: 1224 (1.2K)

     0K .                                                     100% 1.10M=0.001s

226 Transfer complete.
2017-02-28 00:00:12 (1.10 MB/s) - ‘./domain/INTERNIC_ROOT_ZONE.signatures’ saved [1224]

Remote file is newer than local file ‘./domain/INTERNIC_ROOT_ZONE.signatures.asc’ -- retrieving.

--2017-02-28 00:00:12--  ftp://ftp.internic.net/domain/INTERNIC_ROOT_ZONE.signatures.asc
           => ‘./domain/INTERNIC_ROOT_ZONE.signatures.asc’
==> CWD not required.
--> PASV

227 Entering Passive Mode (192,0,32,9,109,3)
--> RETR INTERNIC_ROOT_ZONE.signatures.asc

150 Opening BINARY mode data connection for INTERNIC_ROOT_ZONE.signatures.asc (1469 bytes).
Length: 1469 (1.4K)

     0K .                                                     100% 12.1M=0s

226 Transfer complete.
2017-02-28 00:00:13 (12.1 MB/s) - ‘./domain/INTERNIC_ROOT_ZONE.signatures.asc’ saved [1469]

Remote file is newer than local file ‘./domain/arpa.zone’ -- retrieving.

--2017-02-28 00:00:13--  ftp://ftp.internic.net/domain/arpa.zone
           => ‘./domain/arpa.zone’
==> CWD not required.
--> PASV

227 Entering Passive Mode (192,0,32,9,42,91)
--> RETR arpa.zone

150 Opening BINARY mode data connection for arpa.zone (15186 bytes).
Length: 15186 (15K)

     0K .......... ....                                       100% 4.97M=0.003s

226 Transfer complete.
2017-02-28 00:00:14 (4.97 MB/s) - ‘./domain/arpa.zone’ saved [15186]

The sizes do not match (local 6639) -- retrieving.

--2017-02-28 00:00:14--  ftp://ftp.internic.net/domain/arpa.zone.gz
           => ‘./domain/arpa.zone.gz’
==> CWD not required.
--> PASV

227 Entering Passive Mode (192,0,32,9,27,197)
--> RETR arpa.zone.gz

150 Opening BINARY mode data connection for arpa.zone.gz (6633 bytes).
Length: 6633 (6.5K)

     0K ......                                                100% 47.2M=0s

226 Transfer complete.
2017-02-28 00:00:14 (47.2 MB/s) - ‘./domain/arpa.zone.gz’ saved [6633]

Remote file is newer than local file ‘./domain/arpa.zone.gz.md5’ -- retrieving.

--2017-02-28 00:00:14--  ftp://ftp.internic.net/domain/arpa.zone.gz.md5
           => ‘./domain/arpa.zone.gz.md5’
==> CWD not required.
--> PASV

227 Entering Passive Mode (192,0,32,9,57,120)
--> RETR arpa.zone.gz.md5

150 Opening BINARY mode data connection for arpa.zone.gz.md5 (33 bytes).
Length: 33

     0K                                                       100%  285K=0s

226 Transfer complete.
2017-02-28 00:00:15 (285 KB/s) - ‘./domain/arpa.zone.gz.md5’ saved [33]

Remote file is newer than local file ‘./domain/arpa.zone.gz.sig’ -- retrieving.

--2017-02-28 00:00:15--  ftp://ftp.internic.net/domain/arpa.zone.gz.sig
           => ‘./domain/arpa.zone.gz.sig’
==> CWD not required.
--> PASV

227 Entering Passive Mode (192,0,32,9,34,147)
--> RETR arpa.zone.gz.sig

150 Opening BINARY mode data connection for arpa.zone.gz.sig (72 bytes).
Length: 72

     0K                                                       100%  280K=0s

226 Transfer complete.
2017-02-28 00:00:16 (280 KB/s) - ‘./domain/arpa.zone.gz.sig’ saved [72]

Remote file no newer than local file ‘./domain/db.cache’ -- not retrieving.
Remote file no newer than local file ‘./domain/db.cache.md5’ -- not retrieving.
Remote file no newer than local file ‘./domain/db.cache.sig’ -- not retrieving.
Remote file is newer than local file ‘./domain/in-addr.arpa’ -- retrieving.

--2017-02-28 00:00:16--  ftp://ftp.internic.net/domain/in-addr.arpa
           => ‘./domain/in-addr.arpa’
==> CWD not required.
--> PASV

227 Entering Passive Mode (192,0,32,9,107,138)
--> RETR in-addr.arpa

150 Opening BINARY mode data connection for in-addr.arpa (228019 bytes).
Length: 228019 (223K)

     0K .......... .......... .......... .......... .......... 22%  141K 1s
    50K .......... .......... .......... .......... .......... 44%  281K 1s
   100K .......... .......... .......... .......... .......... 67%  280K 0s
   150K .......... .......... .......... .......... .......... 89%  255K 0s
   200K .......... .......... ..                              100%  127K=1.1s

226 Transfer complete.
2017-02-28 00:00:18 (205 KB/s) - ‘./domain/in-addr.arpa’ saved [228019]

Remote file is newer than local file ‘./domain/in-addr.arpa.gz’ -- retrieving.

--2017-02-28 00:00:18--  ftp://ftp.internic.net/domain/in-addr.arpa.gz
           => ‘./domain/in-addr.arpa.gz’
==> CWD not required.
--> PASV

227 Entering Passive Mode (192,0,32,9,45,185)
--> RETR in-addr.arpa.gz

150 Opening BINARY mode data connection for in-addr.arpa.gz (90371 bytes).
Length: 90371 (88K)

     0K .......... .......... .......... .......... .......... 56%  140K 0s
    50K .......... .......... .......... ........             100% 12.3M=0.4s

226 Transfer complete.
2017-02-28 00:00:19 (245 KB/s) - ‘./domain/in-addr.arpa.gz’ saved [90371]

Remote file is newer than local file ‘./domain/in-addr.arpa.gz.md5’ -- retrieving.

--2017-02-28 00:00:19--  ftp://ftp.internic.net/domain/in-addr.arpa.gz.md5
           => ‘./domain/in-addr.arpa.gz.md5’
==> CWD not required.
--> PASV

227 Entering Passive Mode (192,0,32,9,179,114)
--> RETR in-addr.arpa.gz.md5

150 Opening BINARY mode data connection for in-addr.arpa.gz.md5 (55 bytes).
Length: 55

     0K                                                       100%  273K=0s

226 Transfer complete.
2017-02-28 00:00:20 (273 KB/s) - ‘./domain/in-addr.arpa.gz.md5’ saved [55]

Remote file is newer than local file ‘./domain/in-addr.arpa.gz.sha256’ -- retrieving.

--2017-02-28 00:00:20--  ftp://ftp.internic.net/domain/in-addr.arpa.gz.sha256
           => ‘./domain/in-addr.arpa.gz.sha256’
==> CWD not required.
--> PASV

227 Entering Passive Mode (192,0,32,9,41,226)
--> RETR in-addr.arpa.gz.sha256

150 Opening BINARY mode data connection for in-addr.arpa.gz.sha256 (90 bytes).
Length: 90

     0K                                                       100%  778K=0s

226 Transfer complete.
2017-02-28 00:00:20 (778 KB/s) - ‘./domain/in-addr.arpa.gz.sha256’ saved [90]

Remote file is newer than local file ‘./domain/in-addr.arpa.md5’ -- retrieving.

--2017-02-28 00:00:20--  ftp://ftp.internic.net/domain/in-addr.arpa.md5
           => ‘./domain/in-addr.arpa.md5’
==> CWD not required.
--> PASV

227 Entering Passive Mode (192,0,32,9,126,165)
--> RETR in-addr.arpa.md5

150 Opening BINARY mode data connection for in-addr.arpa.md5 (52 bytes).
Length: 52

     0K                                                       100%  449K=0s

226 Transfer complete.
2017-02-28 00:00:21 (449 KB/s) - ‘./domain/in-addr.arpa.md5’ saved [52]

Remote file is newer than local file ‘./domain/in-addr.arpa.sha256’ -- retrieving.

--2017-02-28 00:00:21--  ftp://ftp.internic.net/domain/in-addr.arpa.sha256
           => ‘./domain/in-addr.arpa.sha256’
==> CWD not required.
--> PASV

227 Entering Passive Mode (192,0,32,9,72,12)
--> RETR in-addr.arpa.sha256

150 Opening BINARY mode data connection for in-addr.arpa.sha256 (87 bytes).
Length: 87

     0K                                                       100%  480K=0s

226 Transfer complete.
2017-02-28 00:00:22 (480 KB/s) - ‘./domain/in-addr.arpa.sha256’ saved [87]

Remote file is newer than local file ‘./domain/in-addr.arpa.zone’ -- retrieving.

--2017-02-28 00:00:22--  ftp://ftp.internic.net/domain/in-addr.arpa.zone
           => ‘./domain/in-addr.arpa.zone’
==> CWD not required.
--> PASV

227 Entering Passive Mode (192,0,32,9,42,177)
--> RETR in-addr.arpa.zone

150 Opening BINARY mode data connection for in-addr.arpa.zone (228019 bytes).
Length: 228019 (223K)

     0K .......... .......... .......... .......... .......... 22%  141K 1s
    50K .......... .......... .......... .......... .......... 44%  283K 1s
   100K .......... .......... .......... .......... .......... 67%  282K 0s
   150K .......... .......... .......... .......... .......... 89%  282K 0s
   200K .......... .......... ..                              100% 13.0M=0.9s

226 Transfer complete.
2017-02-28 00:00:23 (251 KB/s) - ‘./domain/in-addr.arpa.zone’ saved [228019]

Remote file is newer than local file ‘./domain/in-addr.arpa.zone.gz’ -- retrieving.

--2017-02-28 00:00:23--  ftp://ftp.internic.net/domain/in-addr.arpa.zone.gz
           => ‘./domain/in-addr.arpa.zone.gz’
==> CWD not required.
--> PASV

227 Entering Passive Mode (192,0,32,9,231,182)
--> RETR in-addr.arpa.zone.gz

150 Opening BINARY mode data connection for in-addr.arpa.zone.gz (90371 bytes).
Length: 90371 (88K)

     0K .......... .......... .......... .......... .......... 56%  138K 0s
    50K .......... .......... .......... ........             100% 11.5M=0.4s

226 Transfer complete.
2017-02-28 00:00:24 (241 KB/s) - ‘./domain/in-addr.arpa.zone.gz’ saved [90371]

Remote file is newer than local file ‘./domain/in-addr.arpa.zone.gz.md5’ -- retrieving.

--2017-02-28 00:00:24--  ftp://ftp.internic.net/domain/in-addr.arpa.zone.gz.md5
           => ‘./domain/in-addr.arpa.zone.gz.md5’
==> CWD not required.
--> PASV

227 Entering Passive Mode (192,0,32,9,129,10)
--> RETR in-addr.arpa.zone.gz.md5

150 Opening BINARY mode data connection for in-addr.arpa.zone.gz.md5 (60 bytes).
Length: 60

     0K                                                       100%  514K=0s

226 Transfer complete.
2017-02-28 00:00:25 (514 KB/s) - ‘./domain/in-addr.arpa.zone.gz.md5’ saved [60]

Remote file is newer than local file ‘./domain/in-addr.arpa.zone.gz.sha256’ -- retrieving.

--2017-02-28 00:00:25--  ftp://ftp.internic.net/domain/in-addr.arpa.zone.gz.sha256
           => ‘./domain/in-addr.arpa.zone.gz.sha256’
==> CWD not required.
--> PASV

227 Entering Passive Mode (192,0,32,9,140,231)
--> RETR in-addr.arpa.zone.gz.sha256

150 Opening BINARY mode data connection for in-addr.arpa.zone.gz.sha256 (95 bytes).
Length: 95

     0K                                                       100%  602K=0s

226 Transfer complete.
2017-02-28 00:00:26 (602 KB/s) - ‘./domain/in-addr.arpa.zone.gz.sha256’ saved [95]

Remote file is newer than local file ‘./domain/in-addr.arpa.zone.md5’ -- retrieving.

--2017-02-28 00:00:26--  ftp://ftp.internic.net/domain/in-addr.arpa.zone.md5
           => ‘./domain/in-addr.arpa.zone.md5’
==> CWD not required.
--> PASV

227 Entering Passive Mode (192,0,32,9,173,19)
--> RETR in-addr.arpa.zone.md5

150 Opening BINARY mode data connection for in-addr.arpa.zone.md5 (57 bytes).
Length: 57

     0K                                                       100%  493K=0s

226 Transfer complete.
2017-02-28 00:00:27 (493 KB/s) - ‘./domain/in-addr.arpa.zone.md5’ saved [57]

Remote file is newer than local file ‘./domain/in-addr.arpa.zone.sha256’ -- retrieving.

--2017-02-28 00:00:27--  ftp://ftp.internic.net/domain/in-addr.arpa.zone.sha256
           => ‘./domain/in-addr.arpa.zone.sha256’
==> CWD not required.
--> PASV

227 Entering Passive Mode (192,0,32,9,96,49)
--> RETR in-addr.arpa.zone.sha256

150 Opening BINARY mode data connection for in-addr.arpa.zone.sha256 (92 bytes).
Length: 92

     0K                                                       100%  788K=0s

226 Transfer complete.
2017-02-28 00:00:27 (788 KB/s) - ‘./domain/in-addr.arpa.zone.sha256’ saved [92]

Remote file is newer than local file ‘./domain/ip6.arpa’ -- retrieving.

--2017-02-28 00:00:27--  ftp://ftp.internic.net/domain/ip6.arpa
           => ‘./domain/ip6.arpa’
==> CWD not required.
--> PASV

227 Entering Passive Mode (192,0,32,9,50,233)
--> RETR ip6.arpa

150 Opening BINARY mode data connection for ip6.arpa (60746 bytes).
Length: 60746 (59K)

     0K .......... .......... .......... .......... .......... 84%  131K 0s
    50K .........                                             100% 22.6M=0.4s

226 Transfer complete.
2017-02-28 00:00:28 (156 KB/s) - ‘./domain/ip6.arpa’ saved [60746]

Remote file is newer than local file ‘./domain/ip6.arpa.gz’ -- retrieving.

--2017-02-28 00:00:28--  ftp://ftp.internic.net/domain/ip6.arpa.gz
           => ‘./domain/ip6.arpa.gz’
==> CWD not required.
--> PASV

227 Entering Passive Mode (192,0,32,9,8,108)
--> RETR ip6.arpa.gz

150 Opening BINARY mode data connection for ip6.arpa.gz (24313 bytes).
Length: 24313 (24K)

     0K .......... .......... ...                             100%  130K=0.2s

226 Transfer complete.
2017-02-28 00:00:29 (130 KB/s) - ‘./domain/ip6.arpa.gz’ saved [24313]

Remote file is newer than local file ‘./domain/ip6.arpa.gz.md5’ -- retrieving.

--2017-02-28 00:00:29--  ftp://ftp.internic.net/domain/ip6.arpa.gz.md5
           => ‘./domain/ip6.arpa.gz.md5’
==> CWD not required.
--> PASV

227 Entering Passive Mode (192,0,32,9,134,178)
--> RETR ip6.arpa.gz.md5

150 Opening BINARY mode data connection for ip6.arpa.gz.md5 (51 bytes).
Length: 51

     0K                                                       100%  283K=0s

226 Transfer complete.
2017-02-28 00:00:30 (283 KB/s) - ‘./domain/ip6.arpa.gz.md5’ saved [51]

Remote file is newer than local file ‘./domain/ip6.arpa.gz.sha256’ -- retrieving.

--2017-02-28 00:00:30--  ftp://ftp.internic.net/domain/ip6.arpa.gz.sha256
           => ‘./domain/ip6.arpa.gz.sha256’
==> CWD not required.
--> PASV

227 Entering Passive Mode (192,0,32,9,87,243)
--> RETR ip6.arpa.gz.sha256

150 Opening BINARY mode data connection for ip6.arpa.gz.sha256 (86 bytes).
Length: 86

     0K                                                       100%  410K=0s

226 Transfer complete.
2017-02-28 00:00:31 (410 KB/s) - ‘./domain/ip6.arpa.gz.sha256’ saved [86]

Remote file is newer than local file ‘./domain/ip6.arpa.md5’ -- retrieving.

--2017-02-28 00:00:31--  ftp://ftp.internic.net/domain/ip6.arpa.md5
           => ‘./domain/ip6.arpa.md5’
==> CWD not required.
--> PASV

227 Entering Passive Mode (192,0,32,9,172,8)
--> RETR ip6.arpa.md5

150 Opening BINARY mode data connection for ip6.arpa.md5 (48 bytes).
Length: 48

     0K                                                       100%  415K=0s

226 Transfer complete.
2017-02-28 00:00:32 (415 KB/s) - ‘./domain/ip6.arpa.md5’ saved [48]

Remote file is newer than local file ‘./domain/ip6.arpa.sha256’ -- retrieving.

--2017-02-28 00:00:32--  ftp://ftp.internic.net/domain/ip6.arpa.sha256
           => ‘./domain/ip6.arpa.sha256’
==> CWD not required.
--> PASV

227 Entering Passive Mode (192,0,32,9,32,171)
--> RETR ip6.arpa.sha256

150 Opening BINARY mode data connection for ip6.arpa.sha256 (83 bytes).
Length: 83

     0K                                                       100%  717K=0s

226 Transfer complete.
2017-02-28 00:00:32 (717 KB/s) - ‘./domain/ip6.arpa.sha256’ saved [83]

Remote file is newer than local file ‘./domain/ip6.arpa.zone’ -- retrieving.

--2017-02-28 00:00:32--  ftp://ftp.internic.net/domain/ip6.arpa.zone
           => ‘./domain/ip6.arpa.zone’
==> CWD not required.
--> PASV

227 Entering Passive Mode (192,0,32,9,107,255)
--> RETR ip6.arpa.zone

150 Opening BINARY mode data connection for ip6.arpa.zone (60746 bytes).
Length: 60746 (59K)

     0K .......... .......... .......... .......... .......... 84%  141K 0s
    50K .........                                             100% 6.68M=0.4s

226 Transfer complete.
2017-02-28 00:00:33 (167 KB/s) - ‘./domain/ip6.arpa.zone’ saved [60746]

Remote file is newer than local file ‘./domain/ip6.arpa.zone.gz’ -- retrieving.

--2017-02-28 00:00:33--  ftp://ftp.internic.net/domain/ip6.arpa.zone.gz
           => ‘./domain/ip6.arpa.zone.gz’
==> CWD not required.
--> PASV

227 Entering Passive Mode (192,0,32,9,41,109)
--> RETR ip6.arpa.zone.gz

150 Opening BINARY mode data connection for ip6.arpa.zone.gz (24313 bytes).
Length: 24313 (24K)

     0K .......... .......... ...                             100%  130K=0.2s

226 Transfer complete.
2017-02-28 00:00:34 (130 KB/s) - ‘./domain/ip6.arpa.zone.gz’ saved [24313]

Remote file is newer than local file ‘./domain/ip6.arpa.zone.gz.md5’ -- retrieving.

--2017-02-28 00:00:34--  ftp://ftp.internic.net/domain/ip6.arpa.zone.gz.md5
           => ‘./domain/ip6.arpa.zone.gz.md5’
==> CWD not required.
--> PASV

227 Entering Passive Mode (192,0,32,9,41,8)
--> RETR ip6.arpa.zone.gz.md5

150 Opening BINARY mode data connection for ip6.arpa.zone.gz.md5 (56 bytes).
Length: 56

     0K                                                       100%  488K=0s

226 Transfer complete.
2017-02-28 00:00:35 (488 KB/s) - ‘./domain/ip6.arpa.zone.gz.md5’ saved [56]

Remote file is newer than local file ‘./domain/ip6.arpa.zone.gz.sha256’ -- retrieving.

--2017-02-28 00:00:35--  ftp://ftp.internic.net/domain/ip6.arpa.zone.gz.sha256
           => ‘./domain/ip6.arpa.zone.gz.sha256’
==> CWD not required.
--> PASV

227 Entering Passive Mode (192,0,32,9,42,91)
--> RETR ip6.arpa.zone.gz.sha256

150 Opening BINARY mode data connection for ip6.arpa.zone.gz.sha256 (91 bytes).
Length: 91

     0K                                                       100%  460K=0s

226 Transfer complete.
2017-02-28 00:00:36 (460 KB/s) - ‘./domain/ip6.arpa.zone.gz.sha256’ saved [91]

Remote file is newer than local file ‘./domain/ip6.arpa.zone.md5’ -- retrieving.

--2017-02-28 00:00:36--  ftp://ftp.internic.net/domain/ip6.arpa.zone.md5
           => ‘./domain/ip6.arpa.zone.md5’
==> CWD not required.
--> PASV

227 Entering Passive Mode (192,0,32,9,93,166)
--> RETR ip6.arpa.zone.md5

150 Opening BINARY mode data connection for ip6.arpa.zone.md5 (53 bytes).
Length: 53

     0K                                                       100%  288K=0s

226 Transfer complete.
2017-02-28 00:00:37 (288 KB/s) - ‘./domain/ip6.arpa.zone.md5’ saved [53]

Remote file is newer than local file ‘./domain/ip6.arpa.zone.sha256’ -- retrieving.

--2017-02-28 00:00:37--  ftp://ftp.internic.net/domain/ip6.arpa.zone.sha256
           => ‘./domain/ip6.arpa.zone.sha256’
==> CWD not required.
--> PASV

227 Entering Passive Mode (192,0,32,9,42,49)
--> RETR ip6.arpa.zone.sha256

150 Opening BINARY mode data connection for ip6.arpa.zone.sha256 (88 bytes).
Length: 88

     0K                                                       100%  411K=0s

226 Transfer complete.
2017-02-28 00:00:37 (411 KB/s) - ‘./domain/ip6.arpa.zone.sha256’ saved [88]

Remote file is newer than local file ‘./domain/last_update.txt’ -- retrieving.

--2017-02-28 00:00:37--  ftp://ftp.internic.net/domain/last_update.txt
           => ‘./domain/last_update.txt’
==> CWD not required.
--> PASV

227 Entering Passive Mode (192,0,32,9,199,201)
--> RETR last_update.txt

150 Opening BINARY mode data connection for last_update.txt (21 bytes).
Length: 21

     0K                                                       100%  138K=0s

226 Transfer complete.
2017-02-28 00:00:38 (138 KB/s) - ‘./domain/last_update.txt’ saved [21]

Remote file no newer than local file ‘./domain/named.cache’ -- not retrieving.
Remote file no newer than local file ‘./domain/named.cache.md5’ -- not retrieving.
Remote file no newer than local file ‘./domain/named.cache.sig’ -- not retrieving.
Remote file no newer than local file ‘./domain/named.root’ -- not retrieving.
Remote file no newer than local file ‘./domain/named.root.md5’ -- not retrieving.
Remote file no newer than local file ‘./domain/named.root.sig’ -- not retrieving.
Remote file no newer than local file ‘./domain/root-servers.net.zone’ -- not retrieving.
Remote file no newer than local file ‘./domain/root-servers.net.zone.gz’ -- not retrieving.
Remote file no newer than local file ‘./domain/root-servers.net.zone.gz.md5’ -- not retrieving.
Remote file no newer than local file ‘./domain/root-servers.net.zone.gz.sig’ -- not retrieving.
Remote file is newer than local file ‘./domain/root.zone’ -- retrieving.

--2017-02-28 00:00:38--  ftp://ftp.internic.net/domain/root.zone
           => ‘./domain/root.zone’
==> CWD not required.
--> PASV

227 Entering Passive Mode (192,0,32,9,82,201)
--> RETR root.zone

150 Opening BINARY mode data connection for root.zone (2230137 bytes).
Length: 2230137 (2.1M)

     0K .......... .......... .......... .......... ..........  2%  138K 15s
    50K .......... .......... .......... .......... ..........  4%  275K 11s
   100K .......... .......... .......... .......... ..........  6%  277K 10s
   150K .......... .......... .......... .......... ..........  9%  277K 9s
   200K .......... .......... .......... .......... .......... 11%  264K 8s
   250K .......... .......... .......... .......... .......... 13%  283K 8s
   300K .......... .......... .......... .......... .......... 16%  277K 8s
   350K .......... .......... .......... .......... .......... 18% 3.57M 7s
   400K .......... .......... .......... .......... .......... 20%  279K 6s
   450K .......... .......... .......... .......... .......... 22%  286K 6s
   500K .......... .......... .......... .......... .......... 25%  286K 6s
   550K .......... .......... .......... .......... .......... 27% 3.73M 5s
   600K .......... .......... .......... .......... .......... 29%  283K 5s
   650K .......... .......... .......... .......... .......... 32%  285K 5s
   700K .......... .......... .......... .......... .......... 34% 5.09M 5s
   750K .......... .......... .......... .......... .......... 36%  289K 4s
   800K .......... .......... .......... .......... .......... 39%  280K 4s
   850K .......... .......... .......... .......... .......... 41% 6.39M 4s
   900K .......... .......... .......... .......... .......... 43%  286K 4s
   950K .......... .......... .......... .......... .......... 45%  259K 4s
  1000K .......... .......... .......... .......... .......... 48% 14.8M 3s
  1050K .......... .......... .......... .......... .......... 50% 15.2M 3s
  1100K .......... .......... .......... .......... .......... 52% 89.4K 3s
  1150K .......... .......... .......... .......... .......... 55% 16.0M 3s
  1200K .......... .......... .......... .......... .......... 57%  141K 3s
  1250K .......... .......... .......... .......... .......... 59% 29.8M 3s
  1300K .......... .......... .......... .......... .......... 61% 15.8M 2s
  1350K .......... .......... .......... .......... .......... 64%  278K 2s
  1400K .......... .......... .......... .......... .......... 66%  279K 2s
  1450K .......... .......... .......... .......... .......... 68%  275K 2s
  1500K .......... .......... .......... .......... .......... 71%  235K 2s
  1550K .......... .......... .......... .......... .......... 73%  277K 2s
  1600K .......... .......... .......... .......... .......... 75%  279K 2s
  1650K .......... .......... .......... .......... .......... 78%  279K 1s
  1700K .......... .......... .......... .......... .......... 80%  278K 1s
  1750K .......... .......... .......... .......... .......... 82%  306K 1s
  1800K .......... .......... .......... .......... .......... 84%  277K 1s
  1850K .......... .......... .......... .......... .......... 87%  278K 1s
  1900K .......... .......... .......... .......... .......... 89%  310K 1s
  1950K .......... .......... .......... .......... .......... 91%  277K 1s
  2000K .......... .......... .......... .......... .......... 94%  277K 0s
  2050K .......... .......... .......... .......... .......... 96%  273K 0s
  2100K .......... .......... .......... .......... .......... 98%  497K 0s
  2150K .......... .......... .......                         100%  242K=6.9s

226 Transfer complete.
2017-02-28 00:00:46 (314 KB/s) - ‘./domain/root.zone’ saved [2230137]

The sizes do not match (local 1047823) -- retrieving.

--2017-02-28 00:00:46--  ftp://ftp.internic.net/domain/root.zone.gz
           => ‘./domain/root.zone.gz’
==> CWD not required.
--> PASV

227 Entering Passive Mode (192,0,32,9,41,248)
--> RETR root.zone.gz

150 Opening BINARY mode data connection for root.zone.gz (1047873 bytes).
Length: 1047873 (1023K)

     0K .......... .......... .......... .......... ..........  4%  139K 7s
    50K .......... .......... .......... .......... ..........  9%  264K 5s
   100K .......... .......... .......... .......... .......... 14%  275K 4s
   150K .......... .......... .......... .......... .......... 19%  274K 4s
   200K .......... .......... .......... .......... .......... 24%  246K 3s
   250K .......... .......... .......... .......... .......... 29%  135K 4s
   300K .......... .......... .......... .......... .......... 34% 37.4M 3s
   350K .......... .......... .......... .......... .......... 39%  283K 3s
   400K .......... .......... .......... .......... .......... 43%  274K 2s
   450K .......... .......... .......... .......... .......... 48%  252K 2s
   500K .......... .......... .......... .......... .......... 53%  271K 2s
   550K .......... .......... .......... .......... .......... 58%  276K 2s
   600K .......... .......... .......... .......... .......... 63%  275K 1s
   650K .......... .......... .......... .......... .......... 68%  275K 1s
   700K .......... .......... .......... .......... .......... 73%  281K 1s
   750K .......... .......... .......... .......... .......... 78%  278K 1s
   800K .......... .......... .......... .......... .......... 83%  279K 1s
   850K .......... .......... .......... .......... .......... 87%  294K 0s
   900K .......... .......... .......... .......... .......... 92%  278K 0s
   950K .......... .......... .......... .......... .......... 97%  275K 0s
  1000K .......... .......... ...                             100% 1.38M=3.9s

226 Transfer complete.
2017-02-28 00:00:50 (265 KB/s) - ‘./domain/root.zone.gz’ saved [1047873]

Remote file is newer than local file ‘./domain/root.zone.gz.md5’ -- retrieving.

--2017-02-28 00:00:50--  ftp://ftp.internic.net/domain/root.zone.gz.md5
           => ‘./domain/root.zone.gz.md5’
==> CWD not required.
--> PASV

227 Entering Passive Mode (192,0,32,9,233,125)
--> RETR root.zone.gz.md5

150 Opening BINARY mode data connection for root.zone.gz.md5 (33 bytes).
Length: 33

     0K                                                       100%  211K=0s

226 Transfer complete.
2017-02-28 00:00:51 (211 KB/s) - ‘./domain/root.zone.gz.md5’ saved [33]

Remote file is newer than local file ‘./domain/root.zone.gz.sig’ -- retrieving.

--2017-02-28 00:00:51--  ftp://ftp.internic.net/domain/root.zone.gz.sig
           => ‘./domain/root.zone.gz.sig’
==> CWD not required.
--> PASV

227 Entering Passive Mode (192,0,32,9,42,148)
--> RETR root.zone.gz.sig

150 Opening BINARY mode data connection for root.zone.gz.sig (72 bytes).
Length: 72

     0K                                                       100%  291K=0s

226 Transfer complete.
2017-02-28 00:00:52 (291 KB/s) - ‘./domain/root.zone.gz.sig’ saved [72]

Remote file is newer than local file ‘./domain/root.zone.md5’ -- retrieving.

--2017-02-28 00:00:52--  ftp://ftp.internic.net/domain/root.zone.md5
           => ‘./domain/root.zone.md5’
==> CWD not required.
--> PASV

227 Entering Passive Mode (192,0,32,9,42,222)
--> RETR root.zone.md5

150 Opening BINARY mode data connection for root.zone.md5 (33 bytes).
Length: 33

     0K                                                       100%  159K=0s

226 Transfer complete.
2017-02-28 00:00:53 (159 KB/s) - ‘./domain/root.zone.md5’ saved [33]

Remote file is newer than local file ‘./domain/root.zone.sig’ -- retrieving.

--2017-02-28 00:00:53--  ftp://ftp.internic.net/domain/root.zone.sig
           => ‘./domain/root.zone.sig’
==> CWD not required.
--> PASV

227 Entering Passive Mode (192,0,32,9,132,202)
--> RETR root.zone.sig

150 Opening BINARY mode data connection for root.zone.sig (72 bytes).
Length: 72

     0K                                                       100%  348K=0s

226 Transfer complete.
2017-02-28 00:00:53 (348 KB/s) - ‘./domain/root.zone.sig’ saved [72]

FINISHED --2017-02-28 00:00:53--
Total wall clock time: 48s
Downloaded: 40 files, 3.9M in 15s (275 KB/s)
