--2017-08-19 00:00:09--  ftp://ftp.internic.net/*
           => ‘./.listing’
Resolving ftp.internic.net (ftp.internic.net)... 192.0.32.9, 2620:0:2d0:200::9
Connecting to ftp.internic.net (ftp.internic.net)|192.0.32.9|:21... connected.
Logging in as anonymous ... 
220 Internic FTP Server
--> USER anonymous

331 Please specify the password.
--> PASS Turtle Power!

230 Login successful.
--> SYST

215 UNIX Type: L8
--> PWD

257 "/"
--> TYPE I

200 Switching to Binary mode.
==> CWD not needed.
--> PASV

227 Entering Passive Mode (192,0,32,9,22,84)
--> LIST -a

150 Here comes the directory listing.

     0K                                                        2.57M=0s

226 Directory send OK.
drwxr-xr-x    3 ftp      ftp          4096 Apr 04  2012 .
drwxr-xr-x    3 ftp      ftp          4096 Apr 04  2012 ..
drwxr-xr-x    2 ftp      ftp          4096 Sep 09  2015 domain
2017-08-19 00:00:13 (2.57 MB/s) - ‘./.listing’ saved [183]

--2017-08-19 00:00:13--  ftp://ftp.internic.net/domain/*
           => ‘./domain/.listing’
--> CWD /domain

250 Directory successfully changed.
--> PASV

227 Entering Passive Mode (192,0,32,9,176,8)
--> LIST -a

150 Here comes the directory listing.

     0K ...                                                     157K=0.02s

226 Directory send OK.
drwxr-xr-x    2 ftp      ftp          4096 Sep 09  2015 .
drwxr-xr-x    3 ftp      ftp          4096 Apr 04  2012 ..
-rw-r--r--    1 ftp      ftp          1829 Aug 18  2015 .listing
-rw-r--r--    1 ftp      ftp          1224 Aug 18 12:54 INTERNIC_ROOT_ZONE.signatures
-rw-r--r--    1 ftp      ftp          1469 Aug 18 12:54 INTERNIC_ROOT_ZONE.signatures.asc
-rw-r--r--    1 ftp      ftp         15228 Aug 18 12:54 arpa.zone
-rw-r--r--    1 ftp      ftp          6640 Aug 18 12:54 arpa.zone.gz
-rw-r--r--    1 ftp      ftp            33 Aug 18 12:54 arpa.zone.gz.md5
-rw-r--r--    1 ftp      ftp            72 Aug 18 12:54 arpa.zone.gz.sig
-rw-r--r--    1 ftp      ftp          3314 Jul 26 14:54 db.cache
-rw-r--r--    1 ftp      ftp            33 Jul 26 14:54 db.cache.md5
-rw-r--r--    1 ftp      ftp            72 Jul 26 14:54 db.cache.sig
-rw-r--r--    1 ftp      ftp        228780 Aug 18 15:40 in-addr.arpa
-rw-r--r--    1 ftp      ftp         90913 Aug 18 15:40 in-addr.arpa.gz
-rw-r--r--    1 ftp      ftp            55 Aug 18 15:40 in-addr.arpa.gz.md5
-rw-r--r--    1 ftp      ftp            90 Aug 18 15:40 in-addr.arpa.gz.sha256
-rw-r--r--    1 ftp      ftp            52 Aug 18 15:40 in-addr.arpa.md5
-rw-r--r--    1 ftp      ftp            87 Aug 18 15:40 in-addr.arpa.sha256
-rw-r--r--    1 ftp      ftp        228780 Aug 18 15:40 in-addr.arpa.zone
-rw-r--r--    1 ftp      ftp         90913 Aug 18 15:40 in-addr.arpa.zone.gz
-rw-r--r--    1 ftp      ftp            60 Aug 18 15:40 in-addr.arpa.zone.gz.md5
-rw-r--r--    1 ftp      ftp            95 Aug 18 15:40 in-addr.arpa.zone.gz.sha256
-rw-r--r--    1 ftp      ftp            57 Aug 18 15:40 in-addr.arpa.zone.md5
-rw-r--r--    1 ftp      ftp            92 Aug 18 15:40 in-addr.arpa.zone.sha256
-rw-r--r--    1 ftp      ftp         61369 Aug 18 15:40 ip6.arpa
-rw-r--r--    1 ftp      ftp         24499 Aug 18 15:40 ip6.arpa.gz
-rw-r--r--    1 ftp      ftp            51 Aug 18 15:40 ip6.arpa.gz.md5
-rw-r--r--    1 ftp      ftp            86 Aug 18 15:40 ip6.arpa.gz.sha256
-rw-r--r--    1 ftp      ftp            48 Aug 18 15:40 ip6.arpa.md5
-rw-r--r--    1 ftp      ftp            83 Aug 18 15:40 ip6.arpa.sha256
-rw-r--r--    1 ftp      ftp         61369 Aug 18 15:40 ip6.arpa.zone
-rw-r--r--    1 ftp      ftp         24499 Aug 18 15:40 ip6.arpa.zone.gz
-rw-r--r--    1 ftp      ftp            56 Aug 18 15:40 ip6.arpa.zone.gz.md5
-rw-r--r--    1 ftp      ftp            91 Aug 18 15:40 ip6.arpa.zone.gz.sha256
-rw-r--r--    1 ftp      ftp            53 Aug 18 15:40 ip6.arpa.zone.md5
-rw-r--r--    1 ftp      ftp            88 Aug 18 15:40 ip6.arpa.zone.sha256
-rw-r--r--    1 ftp      ftp            21 Aug 18 15:40 last_update.txt
-rw-r--r--    1 ftp      ftp          3314 Jul 26 14:54 named.cache
-rw-r--r--    1 ftp      ftp            33 Jul 26 14:54 named.cache.md5
-rw-r--r--    1 ftp      ftp            72 Jul 26 14:54 named.cache.sig
-rw-r--r--    1 ftp      ftp          3314 Jul 26 14:54 named.root
-rw-r--r--    1 ftp      ftp            33 Jul 26 14:54 named.root.md5
-rw-r--r--    1 ftp      ftp            72 Jul 26 14:54 named.root.sig
-rw-r--r--    1 ftp      ftp          2111 Jul 26 14:53 root-servers.net.zone
-rw-r--r--    1 ftp      ftp           573 Jul 26 14:53 root-servers.net.zone.gz
-rw-r--r--    1 ftp      ftp            33 Jul 26 14:53 root-servers.net.zone.gz.md5
-rw-r--r--    1 ftp      ftp            72 Jul 26 14:53 root-servers.net.zone.gz.sig
-rw-r--r--    1 ftp      ftp       2263323 Aug 18 05:20 root.zone
-rw-r--r--    1 ftp      ftp       1062998 Aug 18 05:20 root.zone.gz
-rw-r--r--    1 ftp      ftp            33 Aug 18 05:20 root.zone.gz.md5
-rw-r--r--    1 ftp      ftp            72 Aug 18 05:20 root.zone.gz.sig
-rw-r--r--    1 ftp      ftp            33 Aug 18 05:20 root.zone.md5
-rw-r--r--    1 ftp      ftp            72 Aug 18 05:20 root.zone.sig
2017-08-19 00:00:14 (157 KB/s) - ‘./domain/.listing’ saved [3930]

The sizes do not match (local 3930) -- retrieving.

--2017-08-19 00:00:14--  ftp://ftp.internic.net/domain/.listing
           => ‘./domain/.listing’
==> CWD not required.
--> PASV

227 Entering Passive Mode (192,0,32,9,134,89)
--> RETR .listing

150 Opening BINARY mode data connection for .listing (1829 bytes).
Length: 1829 (1.8K)

     0K .                                                     100% 24.9M=0s

226 Transfer complete.
2017-08-19 00:00:15 (24.9 MB/s) - ‘./domain/.listing’ saved [1829]

Remote file is newer than local file ‘./domain/INTERNIC_ROOT_ZONE.signatures’ -- retrieving.

--2017-08-19 00:00:15--  ftp://ftp.internic.net/domain/INTERNIC_ROOT_ZONE.signatures
           => ‘./domain/INTERNIC_ROOT_ZONE.signatures’
==> CWD not required.
--> PASV

227 Entering Passive Mode (192,0,32,9,41,225)
--> RETR INTERNIC_ROOT_ZONE.signatures

150 Opening BINARY mode data connection for INTERNIC_ROOT_ZONE.signatures (1224 bytes).
Length: 1224 (1.2K)

     0K .                                                     100% 16.4M=0s

226 Transfer complete.
2017-08-19 00:00:16 (16.4 MB/s) - ‘./domain/INTERNIC_ROOT_ZONE.signatures’ saved [1224]

Remote file is newer than local file ‘./domain/INTERNIC_ROOT_ZONE.signatures.asc’ -- retrieving.

--2017-08-19 00:00:16--  ftp://ftp.internic.net/domain/INTERNIC_ROOT_ZONE.signatures.asc
           => ‘./domain/INTERNIC_ROOT_ZONE.signatures.asc’
==> CWD not required.
--> PASV

227 Entering Passive Mode (192,0,32,9,76,94)
--> RETR INTERNIC_ROOT_ZONE.signatures.asc

150 Opening BINARY mode data connection for INTERNIC_ROOT_ZONE.signatures.asc (1469 bytes).
Length: 1469 (1.4K)

     0K .                                                     100% 18.9M=0s

226 Transfer complete.
2017-08-19 00:00:17 (18.9 MB/s) - ‘./domain/INTERNIC_ROOT_ZONE.signatures.asc’ saved [1469]

Remote file is newer than local file ‘./domain/arpa.zone’ -- retrieving.

--2017-08-19 00:00:17--  ftp://ftp.internic.net/domain/arpa.zone
           => ‘./domain/arpa.zone’
==> CWD not required.
--> PASV

227 Entering Passive Mode (192,0,32,9,42,82)
--> RETR arpa.zone

150 Opening BINARY mode data connection for arpa.zone (15228 bytes).
Length: 15228 (15K)

     0K .......... ....                                       100% 3.82M=0.004s

226 Transfer complete.
2017-08-19 00:00:18 (3.82 MB/s) - ‘./domain/arpa.zone’ saved [15228]

The sizes do not match (local 6648) -- retrieving.

--2017-08-19 00:00:18--  ftp://ftp.internic.net/domain/arpa.zone.gz
           => ‘./domain/arpa.zone.gz’
==> CWD not required.
--> PASV

227 Entering Passive Mode (192,0,32,9,37,71)
--> RETR arpa.zone.gz

150 Opening BINARY mode data connection for arpa.zone.gz (6640 bytes).
Length: 6640 (6.5K)

     0K ......                                                100% 93.1M=0s

226 Transfer complete.
2017-08-19 00:00:19 (93.1 MB/s) - ‘./domain/arpa.zone.gz’ saved [6640]

Remote file is newer than local file ‘./domain/arpa.zone.gz.md5’ -- retrieving.

--2017-08-19 00:00:19--  ftp://ftp.internic.net/domain/arpa.zone.gz.md5
           => ‘./domain/arpa.zone.gz.md5’
==> CWD not required.
--> PASV

227 Entering Passive Mode (192,0,32,9,160,104)
--> RETR arpa.zone.gz.md5

150 Opening BINARY mode data connection for arpa.zone.gz.md5 (33 bytes).
Length: 33

     0K                                                       100%  474K=0s

226 Transfer complete.
2017-08-19 00:00:20 (474 KB/s) - ‘./domain/arpa.zone.gz.md5’ saved [33]

Remote file is newer than local file ‘./domain/arpa.zone.gz.sig’ -- retrieving.

--2017-08-19 00:00:20--  ftp://ftp.internic.net/domain/arpa.zone.gz.sig
           => ‘./domain/arpa.zone.gz.sig’
==> CWD not required.
--> PASV

227 Entering Passive Mode (192,0,32,9,39,242)
--> RETR arpa.zone.gz.sig

150 Opening BINARY mode data connection for arpa.zone.gz.sig (72 bytes).
Length: 72

     0K                                                       100%  977K=0s

226 Transfer complete.
2017-08-19 00:00:21 (977 KB/s) - ‘./domain/arpa.zone.gz.sig’ saved [72]

Remote file no newer than local file ‘./domain/db.cache’ -- not retrieving.
Remote file no newer than local file ‘./domain/db.cache.md5’ -- not retrieving.
Remote file no newer than local file ‘./domain/db.cache.sig’ -- not retrieving.
Remote file is newer than local file ‘./domain/in-addr.arpa’ -- retrieving.

--2017-08-19 00:00:21--  ftp://ftp.internic.net/domain/in-addr.arpa
           => ‘./domain/in-addr.arpa’
==> CWD not required.
--> PASV

227 Entering Passive Mode (192,0,32,9,206,209)
--> RETR in-addr.arpa

150 Opening BINARY mode data connection for in-addr.arpa (228780 bytes).
Length: 228780 (223K)

     0K .......... .......... .......... .......... .......... 22%  110K 2s
    50K .......... .......... .......... .......... .......... 44%  209K 1s
   100K .......... .......... .......... .......... .......... 67% 2.27M 0s
   150K .......... .......... .......... .......... .......... 89%  204K 0s
   200K .......... .......... ...                             100% 94.0K=1.2s

226 Transfer complete.
2017-08-19 00:00:23 (185 KB/s) - ‘./domain/in-addr.arpa’ saved [228780]

Remote file is newer than local file ‘./domain/in-addr.arpa.gz’ -- retrieving.

--2017-08-19 00:00:23--  ftp://ftp.internic.net/domain/in-addr.arpa.gz
           => ‘./domain/in-addr.arpa.gz’
==> CWD not required.
--> PASV

227 Entering Passive Mode (192,0,32,9,141,194)
--> RETR in-addr.arpa.gz

150 Opening BINARY mode data connection for in-addr.arpa.gz (90913 bytes).
Length: 90913 (89K)

     0K .......... .......... .......... .......... .......... 56% 99.9K 0s
    50K .......... .......... .......... ........             100% 2.99M=0.5s

226 Transfer complete.
2017-08-19 00:00:25 (173 KB/s) - ‘./domain/in-addr.arpa.gz’ saved [90913]

Remote file is newer than local file ‘./domain/in-addr.arpa.gz.md5’ -- retrieving.

--2017-08-19 00:00:25--  ftp://ftp.internic.net/domain/in-addr.arpa.gz.md5
           => ‘./domain/in-addr.arpa.gz.md5’
==> CWD not required.
--> PASV

227 Entering Passive Mode (192,0,32,9,42,239)
--> RETR in-addr.arpa.gz.md5

150 Opening BINARY mode data connection for in-addr.arpa.gz.md5 (55 bytes).
Length: 55

     0K                                                       100%  767K=0s

226 Transfer complete.
2017-08-19 00:00:26 (767 KB/s) - ‘./domain/in-addr.arpa.gz.md5’ saved [55]

Remote file is newer than local file ‘./domain/in-addr.arpa.gz.sha256’ -- retrieving.

--2017-08-19 00:00:26--  ftp://ftp.internic.net/domain/in-addr.arpa.gz.sha256
           => ‘./domain/in-addr.arpa.gz.sha256’
==> CWD not required.
--> PASV

227 Entering Passive Mode (192,0,32,9,41,166)
--> RETR in-addr.arpa.gz.sha256

150 Opening BINARY mode data connection for in-addr.arpa.gz.sha256 (90 bytes).
Length: 90

     0K                                                       100% 1.16M=0s

226 Transfer complete.
2017-08-19 00:00:27 (1.16 MB/s) - ‘./domain/in-addr.arpa.gz.sha256’ saved [90]

Remote file is newer than local file ‘./domain/in-addr.arpa.md5’ -- retrieving.

--2017-08-19 00:00:27--  ftp://ftp.internic.net/domain/in-addr.arpa.md5
           => ‘./domain/in-addr.arpa.md5’
==> CWD not required.
--> PASV

227 Entering Passive Mode (192,0,32,9,213,234)
--> RETR in-addr.arpa.md5

150 Opening BINARY mode data connection for in-addr.arpa.md5 (52 bytes).
Length: 52

     0K                                                       100%  725K=0s

226 Transfer complete.
2017-08-19 00:00:28 (725 KB/s) - ‘./domain/in-addr.arpa.md5’ saved [52]

Remote file is newer than local file ‘./domain/in-addr.arpa.sha256’ -- retrieving.

--2017-08-19 00:00:28--  ftp://ftp.internic.net/domain/in-addr.arpa.sha256
           => ‘./domain/in-addr.arpa.sha256’
==> CWD not required.
--> PASV

227 Entering Passive Mode (192,0,32,9,104,32)
--> RETR in-addr.arpa.sha256

150 Opening BINARY mode data connection for in-addr.arpa.sha256 (87 bytes).
Length: 87

     0K                                                       100% 1.12M=0s

226 Transfer complete.
2017-08-19 00:00:29 (1.12 MB/s) - ‘./domain/in-addr.arpa.sha256’ saved [87]

Remote file is newer than local file ‘./domain/in-addr.arpa.zone’ -- retrieving.

--2017-08-19 00:00:29--  ftp://ftp.internic.net/domain/in-addr.arpa.zone
           => ‘./domain/in-addr.arpa.zone’
==> CWD not required.
--> PASV

227 Entering Passive Mode (192,0,32,9,242,10)
--> RETR in-addr.arpa.zone

150 Opening BINARY mode data connection for in-addr.arpa.zone (228780 bytes).
Length: 228780 (223K)

     0K .......... .......... .......... .......... .......... 22% 98.5K 2s
    50K .......... .......... .......... .......... .......... 44%  226K 1s
   100K .......... .......... .......... .......... .......... 67% 1.38M 0s
   150K .......... .......... .......... .......... .......... 89%  206K 0s
   200K .......... .......... ...                             100%  103K=1.2s

226 Transfer complete.
2017-08-19 00:00:31 (181 KB/s) - ‘./domain/in-addr.arpa.zone’ saved [228780]

Remote file is newer than local file ‘./domain/in-addr.arpa.zone.gz’ -- retrieving.

--2017-08-19 00:00:31--  ftp://ftp.internic.net/domain/in-addr.arpa.zone.gz
           => ‘./domain/in-addr.arpa.zone.gz’
==> CWD not required.
--> PASV

227 Entering Passive Mode (192,0,32,9,77,152)
--> RETR in-addr.arpa.zone.gz

150 Opening BINARY mode data connection for in-addr.arpa.zone.gz (90913 bytes).
Length: 90913 (89K)

     0K .......... .......... .......... .......... .......... 56% 95.2K 0s
    50K .......... .......... .......... ........             100% 1.41M=0.6s

226 Transfer complete.
2017-08-19 00:00:33 (161 KB/s) - ‘./domain/in-addr.arpa.zone.gz’ saved [90913]

Remote file is newer than local file ‘./domain/in-addr.arpa.zone.gz.md5’ -- retrieving.

--2017-08-19 00:00:33--  ftp://ftp.internic.net/domain/in-addr.arpa.zone.gz.md5
           => ‘./domain/in-addr.arpa.zone.gz.md5’
==> CWD not required.
--> PASV

227 Entering Passive Mode (192,0,32,9,42,239)
--> RETR in-addr.arpa.zone.gz.md5

150 Opening BINARY mode data connection for in-addr.arpa.zone.gz.md5 (60 bytes).
Length: 60

     0K                                                       100%  751K=0s

226 Transfer complete.
2017-08-19 00:00:34 (751 KB/s) - ‘./domain/in-addr.arpa.zone.gz.md5’ saved [60]

Remote file is newer than local file ‘./domain/in-addr.arpa.zone.gz.sha256’ -- retrieving.

--2017-08-19 00:00:34--  ftp://ftp.internic.net/domain/in-addr.arpa.zone.gz.sha256
           => ‘./domain/in-addr.arpa.zone.gz.sha256’
==> CWD not required.
--> PASV

227 Entering Passive Mode (192,0,32,9,136,42)
--> RETR in-addr.arpa.zone.gz.sha256

150 Opening BINARY mode data connection for in-addr.arpa.zone.gz.sha256 (95 bytes).
Length: 95

     0K                                                       100% 1.09M=0s

226 Transfer complete.
2017-08-19 00:00:35 (1.09 MB/s) - ‘./domain/in-addr.arpa.zone.gz.sha256’ saved [95]

Remote file is newer than local file ‘./domain/in-addr.arpa.zone.md5’ -- retrieving.

--2017-08-19 00:00:35--  ftp://ftp.internic.net/domain/in-addr.arpa.zone.md5
           => ‘./domain/in-addr.arpa.zone.md5’
==> CWD not required.
--> PASV

227 Entering Passive Mode (192,0,32,9,41,187)
--> RETR in-addr.arpa.zone.md5

150 Opening BINARY mode data connection for in-addr.arpa.zone.md5 (57 bytes).
Length: 57

     0K                                                       100% 3.66K=0.02s

226 Transfer complete.
2017-08-19 00:00:36 (3.66 KB/s) - ‘./domain/in-addr.arpa.zone.md5’ saved [57]

Remote file is newer than local file ‘./domain/in-addr.arpa.zone.sha256’ -- retrieving.

--2017-08-19 00:00:36--  ftp://ftp.internic.net/domain/in-addr.arpa.zone.sha256
           => ‘./domain/in-addr.arpa.zone.sha256’
==> CWD not required.
--> PASV

227 Entering Passive Mode (192,0,32,9,176,146)
--> RETR in-addr.arpa.zone.sha256

150 Opening BINARY mode data connection for in-addr.arpa.zone.sha256 (92 bytes).
Length: 92

     0K                                                       100% 1.79M=0s

226 Transfer complete.
2017-08-19 00:00:37 (1.79 MB/s) - ‘./domain/in-addr.arpa.zone.sha256’ saved [92]

Remote file is newer than local file ‘./domain/ip6.arpa’ -- retrieving.

--2017-08-19 00:00:37--  ftp://ftp.internic.net/domain/ip6.arpa
           => ‘./domain/ip6.arpa’
==> CWD not required.
--> PASV

227 Entering Passive Mode (192,0,32,9,46,70)
--> RETR ip6.arpa

150 Opening BINARY mode data connection for ip6.arpa (61369 bytes).
Length: 61369 (60K)

     0K .......... .......... .......... .......... .......... 83% 98.8K 0s
    50K .........                                             100% 4.74M=0.5s

226 Transfer complete.
2017-08-19 00:00:38 (118 KB/s) - ‘./domain/ip6.arpa’ saved [61369]

Remote file is newer than local file ‘./domain/ip6.arpa.gz’ -- retrieving.

--2017-08-19 00:00:38--  ftp://ftp.internic.net/domain/ip6.arpa.gz
           => ‘./domain/ip6.arpa.gz’
==> CWD not required.
--> PASV

227 Entering Passive Mode (192,0,32,9,41,38)
--> RETR ip6.arpa.gz

150 Opening BINARY mode data connection for ip6.arpa.gz (24499 bytes).
Length: 24499 (24K)

     0K .......... .......... ...                             100% 96.6K=0.2s

226 Transfer complete.
2017-08-19 00:00:40 (96.6 KB/s) - ‘./domain/ip6.arpa.gz’ saved [24499]

Remote file is newer than local file ‘./domain/ip6.arpa.gz.md5’ -- retrieving.

--2017-08-19 00:00:40--  ftp://ftp.internic.net/domain/ip6.arpa.gz.md5
           => ‘./domain/ip6.arpa.gz.md5’
==> CWD not required.
--> PASV

227 Entering Passive Mode (192,0,32,9,11,174)
--> RETR ip6.arpa.gz.md5

150 Opening BINARY mode data connection for ip6.arpa.gz.md5 (51 bytes).
Length: 51

     0K                                                       100% 5.47K=0.009s

226 Transfer complete.
2017-08-19 00:00:41 (5.47 KB/s) - ‘./domain/ip6.arpa.gz.md5’ saved [51]

Remote file is newer than local file ‘./domain/ip6.arpa.gz.sha256’ -- retrieving.

--2017-08-19 00:00:41--  ftp://ftp.internic.net/domain/ip6.arpa.gz.sha256
           => ‘./domain/ip6.arpa.gz.sha256’
==> CWD not required.
--> PASV

227 Entering Passive Mode (192,0,32,9,42,40)
--> RETR ip6.arpa.gz.sha256

150 Opening BINARY mode data connection for ip6.arpa.gz.sha256 (86 bytes).
Length: 86

     0K                                                       100% 9.01K=0.009s

226 Transfer complete.
2017-08-19 00:00:42 (9.01 KB/s) - ‘./domain/ip6.arpa.gz.sha256’ saved [86]

Remote file is newer than local file ‘./domain/ip6.arpa.md5’ -- retrieving.

--2017-08-19 00:00:42--  ftp://ftp.internic.net/domain/ip6.arpa.md5
           => ‘./domain/ip6.arpa.md5’
==> CWD not required.
--> PASV

227 Entering Passive Mode (192,0,32,9,228,172)
--> RETR ip6.arpa.md5

150 Opening BINARY mode data connection for ip6.arpa.md5 (48 bytes).
Length: 48

     0K                                                       100%  625K=0s

226 Transfer complete.
2017-08-19 00:00:43 (625 KB/s) - ‘./domain/ip6.arpa.md5’ saved [48]

Remote file is newer than local file ‘./domain/ip6.arpa.sha256’ -- retrieving.

--2017-08-19 00:00:43--  ftp://ftp.internic.net/domain/ip6.arpa.sha256
           => ‘./domain/ip6.arpa.sha256’
==> CWD not required.
--> PASV

227 Entering Passive Mode (192,0,32,9,79,32)
--> RETR ip6.arpa.sha256

150 Opening BINARY mode data connection for ip6.arpa.sha256 (83 bytes).
Length: 83

     0K                                                       100% 10.6K=0.008s

226 Transfer complete.
2017-08-19 00:00:44 (10.6 KB/s) - ‘./domain/ip6.arpa.sha256’ saved [83]

Remote file is newer than local file ‘./domain/ip6.arpa.zone’ -- retrieving.

--2017-08-19 00:00:44--  ftp://ftp.internic.net/domain/ip6.arpa.zone
           => ‘./domain/ip6.arpa.zone’
==> CWD not required.
--> PASV

227 Entering Passive Mode (192,0,32,9,152,173)
--> RETR ip6.arpa.zone

150 Opening BINARY mode data connection for ip6.arpa.zone (61369 bytes).
Length: 61369 (60K)

     0K .......... .......... .......... .......... .......... 83% 93.8K 0s
    50K .........                                             100% 2.28M=0.5s

226 Transfer complete.
2017-08-19 00:00:45 (112 KB/s) - ‘./domain/ip6.arpa.zone’ saved [61369]

Remote file is newer than local file ‘./domain/ip6.arpa.zone.gz’ -- retrieving.

--2017-08-19 00:00:45--  ftp://ftp.internic.net/domain/ip6.arpa.zone.gz
           => ‘./domain/ip6.arpa.zone.gz’
==> CWD not required.
--> PASV

227 Entering Passive Mode (192,0,32,9,42,162)
--> RETR ip6.arpa.zone.gz

150 Opening BINARY mode data connection for ip6.arpa.zone.gz (24499 bytes).
Length: 24499 (24K)

     0K .......... .......... ...                             100% 92.3K=0.3s

226 Transfer complete.
2017-08-19 00:00:47 (92.3 KB/s) - ‘./domain/ip6.arpa.zone.gz’ saved [24499]

Remote file is newer than local file ‘./domain/ip6.arpa.zone.gz.md5’ -- retrieving.

--2017-08-19 00:00:47--  ftp://ftp.internic.net/domain/ip6.arpa.zone.gz.md5
           => ‘./domain/ip6.arpa.zone.gz.md5’
==> CWD not required.
--> PASV

227 Entering Passive Mode (192,0,32,9,86,110)
--> RETR ip6.arpa.zone.gz.md5

150 Opening BINARY mode data connection for ip6.arpa.zone.gz.md5 (56 bytes).
Length: 56

     0K                                                       100%  692K=0s

226 Transfer complete.
2017-08-19 00:00:48 (692 KB/s) - ‘./domain/ip6.arpa.zone.gz.md5’ saved [56]

Remote file is newer than local file ‘./domain/ip6.arpa.zone.gz.sha256’ -- retrieving.

--2017-08-19 00:00:48--  ftp://ftp.internic.net/domain/ip6.arpa.zone.gz.sha256
           => ‘./domain/ip6.arpa.zone.gz.sha256’
==> CWD not required.
--> PASV

227 Entering Passive Mode (192,0,32,9,207,215)
--> RETR ip6.arpa.zone.gz.sha256

150 Opening BINARY mode data connection for ip6.arpa.zone.gz.sha256 (91 bytes).
Length: 91

     0K                                                       100% 1.19M=0s

226 Transfer complete.
2017-08-19 00:00:49 (1.19 MB/s) - ‘./domain/ip6.arpa.zone.gz.sha256’ saved [91]

Remote file is newer than local file ‘./domain/ip6.arpa.zone.md5’ -- retrieving.

--2017-08-19 00:00:49--  ftp://ftp.internic.net/domain/ip6.arpa.zone.md5
           => ‘./domain/ip6.arpa.zone.md5’
==> CWD not required.
--> PASV

227 Entering Passive Mode (192,0,32,9,41,97)
--> RETR ip6.arpa.zone.md5

150 Opening BINARY mode data connection for ip6.arpa.zone.md5 (53 bytes).
Length: 53

     0K                                                       100% 3.53K=0.01s

226 Transfer complete.
2017-08-19 00:00:50 (3.53 KB/s) - ‘./domain/ip6.arpa.zone.md5’ saved [53]

Remote file is newer than local file ‘./domain/ip6.arpa.zone.sha256’ -- retrieving.

--2017-08-19 00:00:50--  ftp://ftp.internic.net/domain/ip6.arpa.zone.sha256
           => ‘./domain/ip6.arpa.zone.sha256’
==> CWD not required.
--> PASV

227 Entering Passive Mode (192,0,32,9,238,59)
--> RETR ip6.arpa.zone.sha256

150 Opening BINARY mode data connection for ip6.arpa.zone.sha256 (88 bytes).
Length: 88

     0K                                                       100% 1.27M=0s

226 Transfer complete.
2017-08-19 00:00:51 (1.27 MB/s) - ‘./domain/ip6.arpa.zone.sha256’ saved [88]

Remote file is newer than local file ‘./domain/last_update.txt’ -- retrieving.

--2017-08-19 00:00:51--  ftp://ftp.internic.net/domain/last_update.txt
           => ‘./domain/last_update.txt’
==> CWD not required.
--> PASV

227 Entering Passive Mode (192,0,32,9,199,229)
--> RETR last_update.txt

150 Opening BINARY mode data connection for last_update.txt (21 bytes).
Length: 21

     0K                                                       100%  285K=0s

226 Transfer complete.
2017-08-19 00:00:52 (285 KB/s) - ‘./domain/last_update.txt’ saved [21]

Remote file no newer than local file ‘./domain/named.cache’ -- not retrieving.
Remote file no newer than local file ‘./domain/named.cache.md5’ -- not retrieving.
Remote file no newer than local file ‘./domain/named.cache.sig’ -- not retrieving.
Remote file no newer than local file ‘./domain/named.root’ -- not retrieving.
Remote file no newer than local file ‘./domain/named.root.md5’ -- not retrieving.
Remote file no newer than local file ‘./domain/named.root.sig’ -- not retrieving.
Remote file no newer than local file ‘./domain/root-servers.net.zone’ -- not retrieving.
Remote file no newer than local file ‘./domain/root-servers.net.zone.gz’ -- not retrieving.
Remote file no newer than local file ‘./domain/root-servers.net.zone.gz.md5’ -- not retrieving.
Remote file no newer than local file ‘./domain/root-servers.net.zone.gz.sig’ -- not retrieving.
The sizes do not match (local 2263225) -- retrieving.

--2017-08-19 00:00:52--  ftp://ftp.internic.net/domain/root.zone
           => ‘./domain/root.zone’
==> CWD not required.
--> PASV

227 Entering Passive Mode (192,0,32,9,18,103)
--> RETR root.zone

150 Opening BINARY mode data connection for root.zone (2263323 bytes).
Length: 2263323 (2.2M)

     0K .......... .......... .......... .......... ..........  2% 94.9K 23s
    50K .......... .......... .......... .......... ..........  4%  188K 17s
   100K .......... .......... .......... .......... ..........  6% 2.16M 11s
   150K .......... .......... .......... .......... ..........  9% 63.0K 16s
   200K .......... .......... .......... .......... .......... 11%  213K 14s
   250K .......... .......... .......... .......... .......... 13%  208K 13s
   300K .......... .......... .......... .......... .......... 15%  200K 12s
   350K .......... .......... .......... .......... .......... 18%  196K 12s
   400K .......... .......... .......... .......... .......... 20%  198K 11s
   450K .......... .......... .......... .......... .......... 22%  665K 10s
   500K .......... .......... .......... .......... .......... 24%  240K 9s
   550K .......... .......... .......... .......... .......... 27%  192K 9s
   600K .......... .......... .......... .......... .......... 29%  198K 9s
   650K .......... .......... .......... .......... .......... 31%  201K 8s
   700K .......... .......... .......... .......... .......... 33%  199K 8s
   750K .......... .......... .......... .......... .......... 36% 1.68M 7s
   800K .......... .......... .......... .......... .......... 38%  195K 7s
   850K .......... .......... .......... .......... .......... 40%  189K 7s
   900K .......... .......... .......... .......... .......... 42%  193K 7s
   950K .......... .......... .......... .......... .......... 45%  193K 6s
  1000K .......... .......... .......... .......... .......... 47% 2.16M 6s
  1050K .......... .......... .......... .......... .......... 49%  192K 6s
  1100K .......... .......... .......... .......... .......... 52%  190K 5s
  1150K .......... .......... .......... .......... .......... 54%  189K 5s
  1200K .......... .......... .......... .......... .......... 56%  678K 5s
  1250K .......... .......... .......... .......... .......... 58%  228K 4s
  1300K .......... .......... .......... .......... .......... 61%  201K 4s
  1350K .......... .......... .......... .......... .......... 63%  197K 4s
  1400K .......... .......... .......... .......... .......... 65%  193K 4s
  1450K .......... .......... .......... .......... .......... 67% 1.43M 3s
  1500K .......... .......... .......... .......... .......... 70%  202K 3s
  1550K .......... .......... .......... .......... .......... 72%  187K 3s
  1600K .......... .......... .......... .......... .......... 74%  413K 3s
  1650K .......... .......... .......... .......... .......... 76%  299K 2s
  1700K .......... .......... .......... .......... .......... 79%  200K 2s
  1750K .......... .......... .......... .......... .......... 81%  473K 2s
  1800K .......... .......... .......... .......... .......... 83%  318K 2s
  1850K .......... .......... .......... .......... .......... 85%  197K 1s
  1900K .......... .......... .......... .......... .......... 88% 2.12M 1s
  1950K .......... .......... .......... .......... .......... 90%  185K 1s
  2000K .......... .......... .......... .......... .......... 92% 5.96M 1s
  2050K .......... .......... .......... .......... .......... 95%  195K 0s
  2100K .......... .......... .......... .......... .......... 97%  106K 0s
  2150K .......... .......... .......... .......... .......... 99% 66.7M 0s
  2200K ..........                                            100% 68.7M=9.7s

226 Transfer complete.
2017-08-19 00:01:03 (228 KB/s) - ‘./domain/root.zone’ saved [2263323]

The sizes do not match (local 1062935) -- retrieving.

--2017-08-19 00:01:03--  ftp://ftp.internic.net/domain/root.zone.gz
           => ‘./domain/root.zone.gz’
==> CWD not required.
--> PASV

227 Entering Passive Mode (192,0,32,9,206,123)
--> RETR root.zone.gz

150 Opening BINARY mode data connection for root.zone.gz (1062998 bytes).
Length: 1062998 (1.0M)

     0K .......... .......... .......... .......... ..........  4% 97.0K 10s
    50K .......... .......... .......... .......... ..........  9%  204K 7s
   100K .......... .......... .......... .......... .......... 14% 2.09M 5s
   150K .......... .......... .......... .......... .......... 19%  210K 4s
   200K .......... .......... .......... .......... .......... 24%  204K 4s
   250K .......... .......... .......... .......... .......... 28%  206K 4s
   300K .......... .......... .......... .......... .......... 33% 2.14M 3s
   350K .......... .......... .......... .......... .......... 38%  204K 3s
   400K .......... .......... .......... .......... .......... 43% 2.36M 2s
   450K .......... .......... .......... .......... .......... 48%  207K 2s
   500K .......... .......... .......... .......... .......... 52%  208K 2s
   550K .......... .......... .......... .......... .......... 57% 1.41M 2s
   600K .......... .......... .......... .......... .......... 62%  205K 2s
   650K .......... .......... .......... .......... .......... 67% 1.36M 1s
   700K .......... .......... .......... .......... .......... 72%  218K 1s
   750K .......... .......... .......... .......... .......... 77% 1.42M 1s
   800K .......... .......... .......... .......... .......... 81%  208K 1s
   850K .......... .......... .......... .......... .......... 86% 3.68M 0s
   900K .......... .......... .......... .......... .......... 91%  254K 0s
   950K .......... .......... .......... .......... .......... 96% 1.27M 0s
  1000K .......... .......... .......... ........             100% 2.93M=3.4s

226 Transfer complete.
2017-08-19 00:01:07 (309 KB/s) - ‘./domain/root.zone.gz’ saved [1062998]

Remote file is newer than local file ‘./domain/root.zone.gz.md5’ -- retrieving.

--2017-08-19 00:01:07--  ftp://ftp.internic.net/domain/root.zone.gz.md5
           => ‘./domain/root.zone.gz.md5’
==> CWD not required.
--> PASV

227 Entering Passive Mode (192,0,32,9,236,217)
--> RETR root.zone.gz.md5

150 Opening BINARY mode data connection for root.zone.gz.md5 (33 bytes).
Length: 33

     0K                                                       100%  398K=0s

226 Transfer complete.
2017-08-19 00:01:08 (398 KB/s) - ‘./domain/root.zone.gz.md5’ saved [33]

Remote file is newer than local file ‘./domain/root.zone.gz.sig’ -- retrieving.

--2017-08-19 00:01:08--  ftp://ftp.internic.net/domain/root.zone.gz.sig
           => ‘./domain/root.zone.gz.sig’
==> CWD not required.
--> PASV

227 Entering Passive Mode (192,0,32,9,107,78)
--> RETR root.zone.gz.sig

150 Opening BINARY mode data connection for root.zone.gz.sig (72 bytes).
Length: 72

     0K                                                       100% 1.49M=0s

226 Transfer complete.
2017-08-19 00:01:09 (1.49 MB/s) - ‘./domain/root.zone.gz.sig’ saved [72]

Remote file is newer than local file ‘./domain/root.zone.md5’ -- retrieving.

--2017-08-19 00:01:09--  ftp://ftp.internic.net/domain/root.zone.md5
           => ‘./domain/root.zone.md5’
==> CWD not required.
--> PASV

227 Entering Passive Mode (192,0,32,9,150,115)
--> RETR root.zone.md5

150 Opening BINARY mode data connection for root.zone.md5 (33 bytes).
Length: 33

     0K                                                       100%  575K=0s

226 Transfer complete.
2017-08-19 00:01:10 (575 KB/s) - ‘./domain/root.zone.md5’ saved [33]

The sizes do not match (local 71) -- retrieving.

--2017-08-19 00:01:10--  ftp://ftp.internic.net/domain/root.zone.sig
           => ‘./domain/root.zone.sig’
==> CWD not required.
--> PASV

227 Entering Passive Mode (192,0,32,9,229,167)
--> RETR root.zone.sig

150 Opening BINARY mode data connection for root.zone.sig (72 bytes).
Length: 72

     0K                                                       100% 7.16K=0.01s

226 Transfer complete.
2017-08-19 00:01:11 (7.16 KB/s) - ‘./domain/root.zone.sig’ saved [72]

FINISHED --2017-08-19 00:01:11--
Total wall clock time: 1m 3s
Downloaded: 40 files, 4.0M in 18s (223 KB/s)
