--2017-02-24 10:51:20--  ftp://ftp.internic.net/*
           => ‘./.listing’
Resolving ftp.internic.net (ftp.internic.net)... 192.0.32.9
Connecting to ftp.internic.net (ftp.internic.net)|192.0.32.9|:21... connected.
Logging in as anonymous ... 
220 Internic FTP Server
--> USER anonymous

331 Please specify the password.
--> PASS Turtle Power!

230 Login successful.
--> SYST

215 UNIX Type: L8
--> PWD

257 "/"
--> TYPE I

200 Switching to Binary mode.
==> CWD not needed.
--> PASV

227 Entering Passive Mode (192,0,32,9,122,44)
--> LIST -a

150 Here comes the directory listing.

     0K                                                         843K=0s

226 Directory send OK.
drwxr-xr-x    3 ftp      ftp          4096 Apr 04  2012 .
drwxr-xr-x    3 ftp      ftp          4096 Apr 04  2012 ..
drwxr-xr-x    2 ftp      ftp          4096 Sep 09  2015 domain
2017-02-24 10:51:25 (843 KB/s) - ‘./.listing’ saved [183]

--2017-02-24 10:51:25--  ftp://ftp.internic.net/domain/*
           => ‘./domain/.listing’
--> CWD /domain

250 Directory successfully changed.
--> PASV

227 Entering Passive Mode (192,0,32,9,148,34)
--> LIST -a

150 Here comes the directory listing.

     0K ...                                                     203K=0.02s

226 Directory send OK.
drwxr-xr-x    2 ftp      ftp          4096 Sep 09  2015 .
drwxr-xr-x    3 ftp      ftp          4096 Apr 04  2012 ..
-rw-r--r--    1 ftp      ftp          1829 Aug 18  2015 .listing
-rw-r--r--    1 ftp      ftp          1224 Feb 24 01:16 INTERNIC_ROOT_ZONE.signatures
-rw-r--r--    1 ftp      ftp          1469 Feb 24 01:16 INTERNIC_ROOT_ZONE.signatures.asc
-rw-r--r--    1 ftp      ftp         15186 Feb 24 01:16 arpa.zone
-rw-r--r--    1 ftp      ftp          6637 Feb 24 01:16 arpa.zone.gz
-rw-r--r--    1 ftp      ftp            33 Feb 24 01:16 arpa.zone.gz.md5
-rw-r--r--    1 ftp      ftp            72 Feb 24 01:16 arpa.zone.gz.sig
-rw-r--r--    1 ftp      ftp          3291 Oct 20 19:35 db.cache
-rw-r--r--    1 ftp      ftp            33 Oct 20 19:35 db.cache.md5
-rw-r--r--    1 ftp      ftp            72 Oct 20 19:35 db.cache.sig
-rw-r--r--    1 ftp      ftp        228019 Feb 24 02:40 in-addr.arpa
-rw-r--r--    1 ftp      ftp         90371 Feb 24 02:40 in-addr.arpa.gz
-rw-r--r--    1 ftp      ftp            55 Feb 24 02:40 in-addr.arpa.gz.md5
-rw-r--r--    1 ftp      ftp            90 Feb 24 02:40 in-addr.arpa.gz.sha256
-rw-r--r--    1 ftp      ftp            52 Feb 24 02:40 in-addr.arpa.md5
-rw-r--r--    1 ftp      ftp            87 Feb 24 02:40 in-addr.arpa.sha256
-rw-r--r--    1 ftp      ftp        228019 Feb 24 02:40 in-addr.arpa.zone
-rw-r--r--    1 ftp      ftp         90371 Feb 24 02:40 in-addr.arpa.zone.gz
-rw-r--r--    1 ftp      ftp            60 Feb 24 02:40 in-addr.arpa.zone.gz.md5
-rw-r--r--    1 ftp      ftp            95 Feb 24 02:40 in-addr.arpa.zone.gz.sha256
-rw-r--r--    1 ftp      ftp            57 Feb 24 02:40 in-addr.arpa.zone.md5
-rw-r--r--    1 ftp      ftp            92 Feb 24 02:40 in-addr.arpa.zone.sha256
-rw-r--r--    1 ftp      ftp         60746 Feb 24 02:40 ip6.arpa
-rw-r--r--    1 ftp      ftp         24315 Feb 24 02:40 ip6.arpa.gz
-rw-r--r--    1 ftp      ftp            51 Feb 24 02:40 ip6.arpa.gz.md5
-rw-r--r--    1 ftp      ftp            86 Feb 24 02:40 ip6.arpa.gz.sha256
-rw-r--r--    1 ftp      ftp            48 Feb 24 02:40 ip6.arpa.md5
-rw-r--r--    1 ftp      ftp            83 Feb 24 02:40 ip6.arpa.sha256
-rw-r--r--    1 ftp      ftp         60746 Feb 24 02:40 ip6.arpa.zone
-rw-r--r--    1 ftp      ftp         24315 Feb 24 02:40 ip6.arpa.zone.gz
-rw-r--r--    1 ftp      ftp            56 Feb 24 02:40 ip6.arpa.zone.gz.md5
-rw-r--r--    1 ftp      ftp            91 Feb 24 02:40 ip6.arpa.zone.gz.sha256
-rw-r--r--    1 ftp      ftp            53 Feb 24 02:40 ip6.arpa.zone.md5
-rw-r--r--    1 ftp      ftp            88 Feb 24 02:40 ip6.arpa.zone.sha256
-rw-r--r--    1 ftp      ftp            21 Feb 24 02:40 last_update.txt
-rw-r--r--    1 ftp      ftp          3291 Oct 20 19:35 named.cache
-rw-r--r--    1 ftp      ftp            33 Oct 20 19:35 named.cache.md5
-rw-r--r--    1 ftp      ftp            72 Oct 20 19:35 named.cache.sig
-rw-r--r--    1 ftp      ftp          3291 Oct 20 19:35 named.root
-rw-r--r--    1 ftp      ftp            33 Oct 20 19:35 named.root.md5
-rw-r--r--    1 ftp      ftp            72 Oct 20 19:35 named.root.sig
-rw-r--r--    1 ftp      ftp          2110 Oct 20 19:35 root-servers.net.zone
-rw-r--r--    1 ftp      ftp           574 Oct 20 19:35 root-servers.net.zone.gz
-rw-r--r--    1 ftp      ftp            33 Oct 20 19:35 root-servers.net.zone.gz.md5
-rw-r--r--    1 ftp      ftp            72 Oct 20 19:35 root-servers.net.zone.gz.sig
-rw-r--r--    1 ftp      ftp       2230023 Feb 23 20:33 root.zone
-rw-r--r--    1 ftp      ftp       1047728 Feb 23 20:33 root.zone.gz
-rw-r--r--    1 ftp      ftp            33 Feb 23 20:33 root.zone.gz.md5
-rw-r--r--    1 ftp      ftp            72 Feb 23 20:33 root.zone.gz.sig
-rw-r--r--    1 ftp      ftp            33 Feb 23 20:33 root.zone.md5
-rw-r--r--    1 ftp      ftp            72 Feb 23 20:33 root.zone.sig
2017-02-24 10:51:28 (203 KB/s) - ‘./domain/.listing’ saved [3930]

The sizes do not match (local 3930) -- retrieving.

--2017-02-24 10:51:28--  ftp://ftp.internic.net/domain/.listing
           => ‘./domain/.listing’
==> CWD not required.
--> PASV

227 Entering Passive Mode (192,0,32,9,38,90)
--> RETR .listing

150 Opening BINARY mode data connection for .listing (1829 bytes).
Length: 1829 (1.8K)

     0K .                                                     100%  144K=0.01s

226 Transfer complete.
2017-02-24 10:51:33 (144 KB/s) - ‘./domain/.listing’ saved [1829]

Remote file no newer than local file ‘./domain/INTERNIC_ROOT_ZONE.signatures’ -- not retrieving.
Remote file no newer than local file ‘./domain/INTERNIC_ROOT_ZONE.signatures.asc’ -- not retrieving.
Remote file no newer than local file ‘./domain/arpa.zone’ -- not retrieving.
Remote file no newer than local file ‘./domain/arpa.zone.gz’ -- not retrieving.
Remote file no newer than local file ‘./domain/arpa.zone.gz.md5’ -- not retrieving.
Remote file no newer than local file ‘./domain/arpa.zone.gz.sig’ -- not retrieving.
Remote file no newer than local file ‘./domain/db.cache’ -- not retrieving.
Remote file no newer than local file ‘./domain/db.cache.md5’ -- not retrieving.
Remote file no newer than local file ‘./domain/db.cache.sig’ -- not retrieving.
Remote file is newer than local file ‘./domain/in-addr.arpa’ -- retrieving.

--2017-02-24 10:51:33--  ftp://ftp.internic.net/domain/in-addr.arpa
           => ‘./domain/in-addr.arpa’
==> CWD not required.
--> PASV

227 Entering Passive Mode (192,0,32,9,195,208)
--> RETR in-addr.arpa

150 Opening BINARY mode data connection for in-addr.arpa (228019 bytes).
Length: 228019 (223K)

     0K .......... .......... .......... .......... .......... 22% 83.9K 2s
    50K .......... .......... .......... .......... .......... 44%  170K 1s
   100K .......... .......... .......... .......... .......... 67% 3.17M 0s
   150K .......... .......... .......... .......... .......... 89% 85.2K 0s
   200K .......... .......... ..                              100% 32.7M=1.5s

226 Transfer complete.
2017-02-24 10:51:36 (149 KB/s) - ‘./domain/in-addr.arpa’ saved [228019]

Remote file is newer than local file ‘./domain/in-addr.arpa.gz’ -- retrieving.

--2017-02-24 10:51:36--  ftp://ftp.internic.net/domain/in-addr.arpa.gz
           => ‘./domain/in-addr.arpa.gz’
==> CWD not required.
--> PASV

227 Entering Passive Mode (192,0,32,9,41,64)
--> RETR in-addr.arpa.gz

150 Opening BINARY mode data connection for in-addr.arpa.gz (90371 bytes).
Length: 90371 (88K)

     0K .......... .......... .......... .......... .......... 56% 83.6K 0s
    50K .......... .......... .......... ........             100% 7.44M=0.6s

226 Transfer complete.
2017-02-24 10:51:38 (146 KB/s) - ‘./domain/in-addr.arpa.gz’ saved [90371]

Remote file is newer than local file ‘./domain/in-addr.arpa.gz.md5’ -- retrieving.

--2017-02-24 10:51:38--  ftp://ftp.internic.net/domain/in-addr.arpa.gz.md5
           => ‘./domain/in-addr.arpa.gz.md5’
==> CWD not required.
--> PASV

227 Entering Passive Mode (192,0,32,9,82,1)
--> RETR in-addr.arpa.gz.md5

150 Opening BINARY mode data connection for in-addr.arpa.gz.md5 (55 bytes).
Length: 55

     0K                                                       100% 84.9K=0.001s

226 Transfer complete.
2017-02-24 10:51:39 (84.9 KB/s) - ‘./domain/in-addr.arpa.gz.md5’ saved [55]

Remote file is newer than local file ‘./domain/in-addr.arpa.gz.sha256’ -- retrieving.

--2017-02-24 10:51:39--  ftp://ftp.internic.net/domain/in-addr.arpa.gz.sha256
           => ‘./domain/in-addr.arpa.gz.sha256’
==> CWD not required.
--> PASV

227 Entering Passive Mode (192,0,32,9,41,16)
--> RETR in-addr.arpa.gz.sha256

150 Opening BINARY mode data connection for in-addr.arpa.gz.sha256 (90 bytes).
Length: 90

     0K                                                       100%  529K=0s

226 Transfer complete.
2017-02-24 10:51:40 (529 KB/s) - ‘./domain/in-addr.arpa.gz.sha256’ saved [90]

Remote file is newer than local file ‘./domain/in-addr.arpa.md5’ -- retrieving.

--2017-02-24 10:51:40--  ftp://ftp.internic.net/domain/in-addr.arpa.md5
           => ‘./domain/in-addr.arpa.md5’
==> CWD not required.
--> PASV

227 Entering Passive Mode (192,0,32,9,147,47)
--> RETR in-addr.arpa.md5

150 Opening BINARY mode data connection for in-addr.arpa.md5 (52 bytes).
Length: 52

     0K                                                       100%  423K=0s

226 Transfer complete.
2017-02-24 10:51:42 (423 KB/s) - ‘./domain/in-addr.arpa.md5’ saved [52]

Remote file is newer than local file ‘./domain/in-addr.arpa.sha256’ -- retrieving.

--2017-02-24 10:51:42--  ftp://ftp.internic.net/domain/in-addr.arpa.sha256
           => ‘./domain/in-addr.arpa.sha256’
==> CWD not required.
--> PASV

227 Entering Passive Mode (192,0,32,9,17,136)
--> RETR in-addr.arpa.sha256

150 Opening BINARY mode data connection for in-addr.arpa.sha256 (87 bytes).
Length: 87

     0K                                                       100%  732K=0s

226 Transfer complete.
2017-02-24 10:51:43 (732 KB/s) - ‘./domain/in-addr.arpa.sha256’ saved [87]

Remote file is newer than local file ‘./domain/in-addr.arpa.zone’ -- retrieving.

--2017-02-24 10:51:43--  ftp://ftp.internic.net/domain/in-addr.arpa.zone
           => ‘./domain/in-addr.arpa.zone’
==> CWD not required.
--> PASV

227 Entering Passive Mode (192,0,32,9,82,155)
--> RETR in-addr.arpa.zone

150 Opening BINARY mode data connection for in-addr.arpa.zone (228019 bytes).
Length: 228019 (223K)

     0K .......... .......... .......... .......... .......... 22% 48.0K 4s
    50K .......... .......... .......... .......... .......... 44% 28.9K 3s
   100K .......... .......... .......... .......... .......... 67% 14.0K 3s
   150K .......... .......... .......... .......... .......... 89% 30.9K 1s
   200K .......... .......... ..                              100% 86.6K=8.2s

226 Transfer complete.
2017-02-24 10:51:54 (27.1 KB/s) - ‘./domain/in-addr.arpa.zone’ saved [228019]

Remote file is newer than local file ‘./domain/in-addr.arpa.zone.gz’ -- retrieving.

--2017-02-24 10:51:54--  ftp://ftp.internic.net/domain/in-addr.arpa.zone.gz
           => ‘./domain/in-addr.arpa.zone.gz’
==> CWD not required.
--> PASV

227 Entering Passive Mode (192,0,32,9,89,159)
--> RETR in-addr.arpa.zone.gz

150 Opening BINARY mode data connection for in-addr.arpa.zone.gz (90371 bytes).
Length: 90371 (88K)

     0K .......... .......... .......... .......... .......... 56% 56.2K 1s
    50K .......... .......... .......... ........             100% 64.2K=1.5s

226 Transfer complete.
2017-02-24 10:51:56 (59.4 KB/s) - ‘./domain/in-addr.arpa.zone.gz’ saved [90371]

Remote file is newer than local file ‘./domain/in-addr.arpa.zone.gz.md5’ -- retrieving.

--2017-02-24 10:51:56--  ftp://ftp.internic.net/domain/in-addr.arpa.zone.gz.md5
           => ‘./domain/in-addr.arpa.zone.gz.md5’
==> CWD not required.
--> PASV

227 Entering Passive Mode (192,0,32,9,42,76)
--> RETR in-addr.arpa.zone.gz.md5

150 Opening BINARY mode data connection for in-addr.arpa.zone.gz.md5 (60 bytes).
Length: 60

     0K                                                       100%  279K=0s

226 Transfer complete.
2017-02-24 10:51:58 (279 KB/s) - ‘./domain/in-addr.arpa.zone.gz.md5’ saved [60]

Remote file is newer than local file ‘./domain/in-addr.arpa.zone.gz.sha256’ -- retrieving.

--2017-02-24 10:51:58--  ftp://ftp.internic.net/domain/in-addr.arpa.zone.gz.sha256
           => ‘./domain/in-addr.arpa.zone.gz.sha256’
==> CWD not required.
--> PASV

227 Entering Passive Mode (192,0,32,9,18,225)
--> RETR in-addr.arpa.zone.gz.sha256

150 Opening BINARY mode data connection for in-addr.arpa.zone.gz.sha256 (95 bytes).
Length: 95

     0K                                                       100%  339K=0s

226 Transfer complete.
2017-02-24 10:51:59 (339 KB/s) - ‘./domain/in-addr.arpa.zone.gz.sha256’ saved [95]

Remote file is newer than local file ‘./domain/in-addr.arpa.zone.md5’ -- retrieving.

--2017-02-24 10:51:59--  ftp://ftp.internic.net/domain/in-addr.arpa.zone.md5
           => ‘./domain/in-addr.arpa.zone.md5’
==> CWD not required.
--> PASV

227 Entering Passive Mode (192,0,32,9,122,86)
--> RETR in-addr.arpa.zone.md5

150 Opening BINARY mode data connection for in-addr.arpa.zone.md5 (57 bytes).
Length: 57

     0K                                                       100%  172K=0s

226 Transfer complete.
2017-02-24 10:52:00 (172 KB/s) - ‘./domain/in-addr.arpa.zone.md5’ saved [57]

Remote file is newer than local file ‘./domain/in-addr.arpa.zone.sha256’ -- retrieving.

--2017-02-24 10:52:00--  ftp://ftp.internic.net/domain/in-addr.arpa.zone.sha256
           => ‘./domain/in-addr.arpa.zone.sha256’
==> CWD not required.
--> PASV

227 Entering Passive Mode (192,0,32,9,69,3)
--> RETR in-addr.arpa.zone.sha256

150 Opening BINARY mode data connection for in-addr.arpa.zone.sha256 (92 bytes).
Length: 92

     0K                                                       100%  426K=0s

226 Transfer complete.
2017-02-24 10:52:01 (426 KB/s) - ‘./domain/in-addr.arpa.zone.sha256’ saved [92]

Remote file is newer than local file ‘./domain/ip6.arpa’ -- retrieving.

--2017-02-24 10:52:01--  ftp://ftp.internic.net/domain/ip6.arpa
           => ‘./domain/ip6.arpa’
==> CWD not required.
--> PASV

227 Entering Passive Mode (192,0,32,9,24,78)
--> RETR ip6.arpa

150 Opening BINARY mode data connection for ip6.arpa (60746 bytes).
Length: 60746 (59K)

     0K .......... .......... .......... .......... .......... 84% 45.2K 0s
    50K .........                                             100% 19.6M=1.1s

226 Transfer complete.
2017-02-24 10:52:05 (53.6 KB/s) - ‘./domain/ip6.arpa’ saved [60746]

Remote file is newer than local file ‘./domain/ip6.arpa.gz’ -- retrieving.

--2017-02-24 10:52:05--  ftp://ftp.internic.net/domain/ip6.arpa.gz
           => ‘./domain/ip6.arpa.gz’
==> CWD not required.
--> PASV

227 Entering Passive Mode (192,0,32,9,41,69)
--> RETR ip6.arpa.gz

150 Opening BINARY mode data connection for ip6.arpa.gz (24315 bytes).
Length: 24315 (24K)

     0K .......... .......... ...                             100% 54.4K=0.4s

226 Transfer complete.
2017-02-24 10:52:07 (54.4 KB/s) - ‘./domain/ip6.arpa.gz’ saved [24315]

Remote file is newer than local file ‘./domain/ip6.arpa.gz.md5’ -- retrieving.

--2017-02-24 10:52:07--  ftp://ftp.internic.net/domain/ip6.arpa.gz.md5
           => ‘./domain/ip6.arpa.gz.md5’
==> CWD not required.
--> PASV

227 Entering Passive Mode (192,0,32,9,142,2)
--> RETR ip6.arpa.gz.md5

150 Opening BINARY mode data connection for ip6.arpa.gz.md5 (51 bytes).
Length: 51

     0K                                                       100%  725 =0.07s

226 Transfer complete.
2017-02-24 10:52:08 (725 B/s) - ‘./domain/ip6.arpa.gz.md5’ saved [51]

Remote file is newer than local file ‘./domain/ip6.arpa.gz.sha256’ -- retrieving.

--2017-02-24 10:52:08--  ftp://ftp.internic.net/domain/ip6.arpa.gz.sha256
           => ‘./domain/ip6.arpa.gz.sha256’
==> CWD not required.
--> PASV

227 Entering Passive Mode (192,0,32,9,199,113)
--> RETR ip6.arpa.gz.sha256

150 Opening BINARY mode data connection for ip6.arpa.gz.sha256 (86 bytes).
Length: 86

     0K                                                       100% 1.99K=0.04s

226 Transfer complete.
2017-02-24 10:52:09 (1.99 KB/s) - ‘./domain/ip6.arpa.gz.sha256’ saved [86]

Remote file is newer than local file ‘./domain/ip6.arpa.md5’ -- retrieving.

--2017-02-24 10:52:09--  ftp://ftp.internic.net/domain/ip6.arpa.md5
           => ‘./domain/ip6.arpa.md5’
==> CWD not required.
--> PASV

227 Entering Passive Mode (192,0,32,9,42,102)
--> RETR ip6.arpa.md5

150 Opening BINARY mode data connection for ip6.arpa.md5 (48 bytes).
Length: 48

     0K                                                       100% 1.64K=0.03s

226 Transfer complete.
2017-02-24 10:52:11 (1.64 KB/s) - ‘./domain/ip6.arpa.md5’ saved [48]

Remote file is newer than local file ‘./domain/ip6.arpa.sha256’ -- retrieving.

--2017-02-24 10:52:11--  ftp://ftp.internic.net/domain/ip6.arpa.sha256
           => ‘./domain/ip6.arpa.sha256’
==> CWD not required.
--> PASV

227 Entering Passive Mode (192,0,32,9,41,138)
--> RETR ip6.arpa.sha256

150 Opening BINARY mode data connection for ip6.arpa.sha256 (83 bytes).
Length: 83

     0K                                                       100% 1.86K=0.04s

226 Transfer complete.
2017-02-24 10:52:12 (1.86 KB/s) - ‘./domain/ip6.arpa.sha256’ saved [83]

Remote file is newer than local file ‘./domain/ip6.arpa.zone’ -- retrieving.

--2017-02-24 10:52:12--  ftp://ftp.internic.net/domain/ip6.arpa.zone
           => ‘./domain/ip6.arpa.zone’
==> CWD not required.
--> PASV

227 Entering Passive Mode (192,0,32,9,175,217)
--> RETR ip6.arpa.zone

150 Opening BINARY mode data connection for ip6.arpa.zone (60746 bytes).
Length: 60746 (59K)

     0K .......... .......... .......... .......... .......... 84% 39.0K 0s
    50K .........                                             100% 23.0M=1.3s

226 Transfer complete.
2017-02-24 10:52:19 (46.3 KB/s) - ‘./domain/ip6.arpa.zone’ saved [60746]

Remote file is newer than local file ‘./domain/ip6.arpa.zone.gz’ -- retrieving.

--2017-02-24 10:52:19--  ftp://ftp.internic.net/domain/ip6.arpa.zone.gz
           => ‘./domain/ip6.arpa.zone.gz’
==> CWD not required.
--> PASV

227 Entering Passive Mode (192,0,32,9,78,77)
--> RETR ip6.arpa.zone.gz

150 Opening BINARY mode data connection for ip6.arpa.zone.gz (24315 bytes).
Length: 24315 (24K)

     0K .......... .......... ...                             100% 81.5K=0.3s

226 Transfer complete.
2017-02-24 10:52:21 (81.5 KB/s) - ‘./domain/ip6.arpa.zone.gz’ saved [24315]

Remote file is newer than local file ‘./domain/ip6.arpa.zone.gz.md5’ -- retrieving.

--2017-02-24 10:52:21--  ftp://ftp.internic.net/domain/ip6.arpa.zone.gz.md5
           => ‘./domain/ip6.arpa.zone.gz.md5’
==> CWD not required.
--> PASV

227 Entering Passive Mode (192,0,32,9,88,212)
--> RETR ip6.arpa.zone.gz.md5

150 Opening BINARY mode data connection for ip6.arpa.zone.gz.md5 (56 bytes).
Length: 56

     0K                                                       100%  256K=0s

226 Transfer complete.
2017-02-24 10:52:22 (256 KB/s) - ‘./domain/ip6.arpa.zone.gz.md5’ saved [56]

Remote file is newer than local file ‘./domain/ip6.arpa.zone.gz.sha256’ -- retrieving.

--2017-02-24 10:52:22--  ftp://ftp.internic.net/domain/ip6.arpa.zone.gz.sha256
           => ‘./domain/ip6.arpa.zone.gz.sha256’
==> CWD not required.
--> PASV

227 Entering Passive Mode (192,0,32,9,160,70)
--> RETR ip6.arpa.zone.gz.sha256

150 Opening BINARY mode data connection for ip6.arpa.zone.gz.sha256 (91 bytes).
Length: 91

     0K                                                       100% 3.55K=0.03s

226 Transfer complete.
2017-02-24 10:52:23 (3.55 KB/s) - ‘./domain/ip6.arpa.zone.gz.sha256’ saved [91]

Remote file is newer than local file ‘./domain/ip6.arpa.zone.md5’ -- retrieving.

--2017-02-24 10:52:23--  ftp://ftp.internic.net/domain/ip6.arpa.zone.md5
           => ‘./domain/ip6.arpa.zone.md5’
==> CWD not required.
--> PASV

227 Entering Passive Mode (192,0,32,9,15,214)
--> RETR ip6.arpa.zone.md5

150 Opening BINARY mode data connection for ip6.arpa.zone.md5 (53 bytes).
Length: 53

     0K                                                       100%  249K=0s

226 Transfer complete.
2017-02-24 10:52:26 (249 KB/s) - ‘./domain/ip6.arpa.zone.md5’ saved [53]

Remote file is newer than local file ‘./domain/ip6.arpa.zone.sha256’ -- retrieving.

--2017-02-24 10:52:26--  ftp://ftp.internic.net/domain/ip6.arpa.zone.sha256
           => ‘./domain/ip6.arpa.zone.sha256’
==> CWD not required.
--> PASV

227 Entering Passive Mode (192,0,32,9,188,96)
--> RETR ip6.arpa.zone.sha256

150 Opening BINARY mode data connection for ip6.arpa.zone.sha256 (88 bytes).
Length: 88

     0K                                                       100% 4.25K=0.02s

226 Transfer complete.
2017-02-24 10:52:30 (4.25 KB/s) - ‘./domain/ip6.arpa.zone.sha256’ saved [88]

Remote file is newer than local file ‘./domain/last_update.txt’ -- retrieving.

--2017-02-24 10:52:30--  ftp://ftp.internic.net/domain/last_update.txt
           => ‘./domain/last_update.txt’
==> CWD not required.
--> PASV

227 Entering Passive Mode (192,0,32,9,222,24)
--> RETR last_update.txt

150 Opening BINARY mode data connection for last_update.txt (21 bytes).
Length: 21

     0K                                                       100% 5.42K=0.004s

226 Transfer complete.
2017-02-24 10:52:32 (5.42 KB/s) - ‘./domain/last_update.txt’ saved [21]

Remote file no newer than local file ‘./domain/named.cache’ -- not retrieving.
Remote file no newer than local file ‘./domain/named.cache.md5’ -- not retrieving.
Remote file no newer than local file ‘./domain/named.cache.sig’ -- not retrieving.
Remote file no newer than local file ‘./domain/named.root’ -- not retrieving.
Remote file no newer than local file ‘./domain/named.root.md5’ -- not retrieving.
Remote file no newer than local file ‘./domain/named.root.sig’ -- not retrieving.
Remote file no newer than local file ‘./domain/root-servers.net.zone’ -- not retrieving.
Remote file no newer than local file ‘./domain/root-servers.net.zone.gz’ -- not retrieving.
Remote file no newer than local file ‘./domain/root-servers.net.zone.gz.md5’ -- not retrieving.
Remote file no newer than local file ‘./domain/root-servers.net.zone.gz.sig’ -- not retrieving.
Remote file no newer than local file ‘./domain/root.zone’ -- not retrieving.
Remote file no newer than local file ‘./domain/root.zone.gz’ -- not retrieving.
Remote file no newer than local file ‘./domain/root.zone.gz.md5’ -- not retrieving.
Remote file no newer than local file ‘./domain/root.zone.gz.sig’ -- not retrieving.
Remote file no newer than local file ‘./domain/root.zone.md5’ -- not retrieving.
Remote file no newer than local file ‘./domain/root.zone.sig’ -- not retrieving.
FINISHED --2017-02-24 10:52:32--
Total wall clock time: 1m 12s
Downloaded: 28 files, 795K in 15s (52.3 KB/s)
