--2017-03-25 00:00:02--  ftp://ftp.internic.net/*
           => ‘./.listing’
Resolving ftp.internic.net (ftp.internic.net)... 192.0.32.9, 2620:0:2d0:200::9
Connecting to ftp.internic.net (ftp.internic.net)|192.0.32.9|:21... connected.
Logging in as anonymous ... 
220 Internic FTP Server
--> USER anonymous

331 Please specify the password.
--> PASS Turtle Power!

230 Login successful.
--> SYST

215 UNIX Type: L8
--> PWD

257 "/"
--> TYPE I

200 Switching to Binary mode.
==> CWD not needed.
--> PASV

227 Entering Passive Mode (192,0,32,9,234,246)
--> LIST -a

150 Here comes the directory listing.

     0K                                                        1.54M=0s

226 Directory send OK.
drwxr-xr-x    3 ftp      ftp          4096 Apr 04  2012 .
drwxr-xr-x    3 ftp      ftp          4096 Apr 04  2012 ..
drwxr-xr-x    2 ftp      ftp          4096 Sep 09  2015 domain
2017-03-25 00:00:07 (1.54 MB/s) - ‘./.listing’ saved [183]

--2017-03-25 00:00:07--  ftp://ftp.internic.net/domain/*
           => ‘./domain/.listing’
--> CWD /domain

250 Directory successfully changed.
--> PASV

227 Entering Passive Mode (192,0,32,9,139,237)
--> LIST -a

150 Here comes the directory listing.

     0K ...                                                     793K=0.005s

226 Directory send OK.
drwxr-xr-x    2 ftp      ftp          4096 Sep 09  2015 .
drwxr-xr-x    3 ftp      ftp          4096 Apr 04  2012 ..
-rw-r--r--    1 ftp      ftp          1829 Aug 18  2015 .listing
-rw-r--r--    1 ftp      ftp          1224 Mar 24 13:10 INTERNIC_ROOT_ZONE.signatures
-rw-r--r--    1 ftp      ftp          1469 Mar 24 13:10 INTERNIC_ROOT_ZONE.signatures.asc
-rw-r--r--    1 ftp      ftp         15438 Mar 24 13:10 arpa.zone
-rw-r--r--    1 ftp      ftp          6781 Mar 24 13:10 arpa.zone.gz
-rw-r--r--    1 ftp      ftp            33 Mar 24 13:10 arpa.zone.gz.md5
-rw-r--r--    1 ftp      ftp            72 Mar 24 13:10 arpa.zone.gz.sig
-rw-r--r--    1 ftp      ftp          3291 Oct 20 19:35 db.cache
-rw-r--r--    1 ftp      ftp            33 Oct 20 19:35 db.cache.md5
-rw-r--r--    1 ftp      ftp            72 Oct 20 19:35 db.cache.sig
-rw-r--r--    1 ftp      ftp        229869 Mar 24 15:40 in-addr.arpa
-rw-r--r--    1 ftp      ftp         90604 Mar 24 15:40 in-addr.arpa.gz
-rw-r--r--    1 ftp      ftp            55 Mar 24 15:40 in-addr.arpa.gz.md5
-rw-r--r--    1 ftp      ftp            90 Mar 24 15:40 in-addr.arpa.gz.sha256
-rw-r--r--    1 ftp      ftp            52 Mar 24 15:40 in-addr.arpa.md5
-rw-r--r--    1 ftp      ftp            87 Mar 24 15:40 in-addr.arpa.sha256
-rw-r--r--    1 ftp      ftp        229869 Mar 24 15:40 in-addr.arpa.zone
-rw-r--r--    1 ftp      ftp         90604 Mar 24 15:40 in-addr.arpa.zone.gz
-rw-r--r--    1 ftp      ftp            60 Mar 24 15:40 in-addr.arpa.zone.gz.md5
-rw-r--r--    1 ftp      ftp            95 Mar 24 15:40 in-addr.arpa.zone.gz.sha256
-rw-r--r--    1 ftp      ftp            57 Mar 24 15:40 in-addr.arpa.zone.md5
-rw-r--r--    1 ftp      ftp            92 Mar 24 15:40 in-addr.arpa.zone.sha256
-rw-r--r--    1 ftp      ftp         61865 Mar 24 15:40 ip6.arpa
-rw-r--r--    1 ftp      ftp         24419 Mar 24 15:40 ip6.arpa.gz
-rw-r--r--    1 ftp      ftp            51 Mar 24 15:40 ip6.arpa.gz.md5
-rw-r--r--    1 ftp      ftp            86 Mar 24 15:40 ip6.arpa.gz.sha256
-rw-r--r--    1 ftp      ftp            48 Mar 24 15:40 ip6.arpa.md5
-rw-r--r--    1 ftp      ftp            83 Mar 24 15:40 ip6.arpa.sha256
-rw-r--r--    1 ftp      ftp         61865 Mar 24 15:40 ip6.arpa.zone
-rw-r--r--    1 ftp      ftp         24419 Mar 24 15:40 ip6.arpa.zone.gz
-rw-r--r--    1 ftp      ftp            56 Mar 24 15:40 ip6.arpa.zone.gz.md5
-rw-r--r--    1 ftp      ftp            91 Mar 24 15:40 ip6.arpa.zone.gz.sha256
-rw-r--r--    1 ftp      ftp            53 Mar 24 15:40 ip6.arpa.zone.md5
-rw-r--r--    1 ftp      ftp            88 Mar 24 15:40 ip6.arpa.zone.sha256
-rw-r--r--    1 ftp      ftp            21 Mar 24 15:40 last_update.txt
-rw-r--r--    1 ftp      ftp          3291 Oct 20 19:35 named.cache
-rw-r--r--    1 ftp      ftp            33 Oct 20 19:35 named.cache.md5
-rw-r--r--    1 ftp      ftp            72 Oct 20 19:35 named.cache.sig
-rw-r--r--    1 ftp      ftp          3291 Oct 20 19:35 named.root
-rw-r--r--    1 ftp      ftp            33 Oct 20 19:35 named.root.md5
-rw-r--r--    1 ftp      ftp            72 Oct 20 19:35 named.root.sig
-rw-r--r--    1 ftp      ftp          2110 Oct 20 19:35 root-servers.net.zone
-rw-r--r--    1 ftp      ftp           574 Oct 20 19:35 root-servers.net.zone.gz
-rw-r--r--    1 ftp      ftp            33 Oct 20 19:35 root-servers.net.zone.gz.md5
-rw-r--r--    1 ftp      ftp            72 Oct 20 19:35 root-servers.net.zone.gz.sig
-rw-r--r--    1 ftp      ftp       2231697 Mar 24 05:28 root.zone
-rw-r--r--    1 ftp      ftp       1048123 Mar 24 05:28 root.zone.gz
-rw-r--r--    1 ftp      ftp            33 Mar 24 05:28 root.zone.gz.md5
-rw-r--r--    1 ftp      ftp            72 Mar 24 05:28 root.zone.gz.sig
-rw-r--r--    1 ftp      ftp            33 Mar 24 05:28 root.zone.md5
-rw-r--r--    1 ftp      ftp            72 Mar 24 05:28 root.zone.sig
2017-03-25 00:00:08 (793 KB/s) - ‘./domain/.listing’ saved [3930]

The sizes do not match (local 3930) -- retrieving.

--2017-03-25 00:00:08--  ftp://ftp.internic.net/domain/.listing
           => ‘./domain/.listing’
==> CWD not required.
--> PASV

227 Entering Passive Mode (192,0,32,9,42,19)
--> RETR .listing

150 Opening BINARY mode data connection for .listing (1829 bytes).
Length: 1829 (1.8K)

     0K .                                                     100% 2.28M=0.001s

226 Transfer complete.
2017-03-25 00:00:09 (2.28 MB/s) - ‘./domain/.listing’ saved [1829]

Remote file is newer than local file ‘./domain/INTERNIC_ROOT_ZONE.signatures’ -- retrieving.

--2017-03-25 00:00:09--  ftp://ftp.internic.net/domain/INTERNIC_ROOT_ZONE.signatures
           => ‘./domain/INTERNIC_ROOT_ZONE.signatures’
==> CWD not required.
--> PASV

227 Entering Passive Mode (192,0,32,9,206,18)
--> RETR INTERNIC_ROOT_ZONE.signatures

150 Opening BINARY mode data connection for INTERNIC_ROOT_ZONE.signatures (1224 bytes).
Length: 1224 (1.2K)

     0K .                                                     100% 36.3K=0.03s

226 Transfer complete.
2017-03-25 00:00:10 (36.3 KB/s) - ‘./domain/INTERNIC_ROOT_ZONE.signatures’ saved [1224]

Remote file is newer than local file ‘./domain/INTERNIC_ROOT_ZONE.signatures.asc’ -- retrieving.

--2017-03-25 00:00:10--  ftp://ftp.internic.net/domain/INTERNIC_ROOT_ZONE.signatures.asc
           => ‘./domain/INTERNIC_ROOT_ZONE.signatures.asc’
==> CWD not required.
--> PASV

227 Entering Passive Mode (192,0,32,9,41,58)
--> RETR INTERNIC_ROOT_ZONE.signatures.asc

150 Opening BINARY mode data connection for INTERNIC_ROOT_ZONE.signatures.asc (1469 bytes).
Length: 1469 (1.4K)

     0K .                                                     100% 10.0M=0s

226 Transfer complete.
2017-03-25 00:00:10 (10.0 MB/s) - ‘./domain/INTERNIC_ROOT_ZONE.signatures.asc’ saved [1469]

Remote file is newer than local file ‘./domain/arpa.zone’ -- retrieving.

--2017-03-25 00:00:10--  ftp://ftp.internic.net/domain/arpa.zone
           => ‘./domain/arpa.zone’
==> CWD not required.
--> PASV

227 Entering Passive Mode (192,0,32,9,8,4)
--> RETR arpa.zone

150 Opening BINARY mode data connection for arpa.zone (15438 bytes).
Length: 15438 (15K)

     0K .......... .....                                      100%  737K=0.02s

226 Transfer complete.
2017-03-25 00:00:11 (737 KB/s) - ‘./domain/arpa.zone’ saved [15438]

The sizes do not match (local 6776) -- retrieving.

--2017-03-25 00:00:11--  ftp://ftp.internic.net/domain/arpa.zone.gz
           => ‘./domain/arpa.zone.gz’
==> CWD not required.
--> PASV

227 Entering Passive Mode (192,0,32,9,231,75)
--> RETR arpa.zone.gz

150 Opening BINARY mode data connection for arpa.zone.gz (6781 bytes).
Length: 6781 (6.6K)

     0K ......                                                100% 11.7M=0.001s

226 Transfer complete.
2017-03-25 00:00:12 (11.7 MB/s) - ‘./domain/arpa.zone.gz’ saved [6781]

Remote file is newer than local file ‘./domain/arpa.zone.gz.md5’ -- retrieving.

--2017-03-25 00:00:12--  ftp://ftp.internic.net/domain/arpa.zone.gz.md5
           => ‘./domain/arpa.zone.gz.md5’
==> CWD not required.
--> PASV

227 Entering Passive Mode (192,0,32,9,109,14)
--> RETR arpa.zone.gz.md5

150 Opening BINARY mode data connection for arpa.zone.gz.md5 (33 bytes).
Length: 33

     0K                                                       100% 11.9K=0.003s

226 Transfer complete.
2017-03-25 00:00:13 (11.9 KB/s) - ‘./domain/arpa.zone.gz.md5’ saved [33]

Remote file is newer than local file ‘./domain/arpa.zone.gz.sig’ -- retrieving.

--2017-03-25 00:00:13--  ftp://ftp.internic.net/domain/arpa.zone.gz.sig
           => ‘./domain/arpa.zone.gz.sig’
==> CWD not required.
--> PASV

227 Entering Passive Mode (192,0,32,9,241,18)
--> RETR arpa.zone.gz.sig

150 Opening BINARY mode data connection for arpa.zone.gz.sig (72 bytes).
Length: 72

     0K                                                       100%  133K=0.001s

226 Transfer complete.
2017-03-25 00:00:13 (133 KB/s) - ‘./domain/arpa.zone.gz.sig’ saved [72]

Remote file no newer than local file ‘./domain/db.cache’ -- not retrieving.
Remote file no newer than local file ‘./domain/db.cache.md5’ -- not retrieving.
Remote file no newer than local file ‘./domain/db.cache.sig’ -- not retrieving.
Remote file is newer than local file ‘./domain/in-addr.arpa’ -- retrieving.

--2017-03-25 00:00:13--  ftp://ftp.internic.net/domain/in-addr.arpa
           => ‘./domain/in-addr.arpa’
==> CWD not required.
--> PASV

227 Entering Passive Mode (192,0,32,9,211,245)
--> RETR in-addr.arpa

150 Opening BINARY mode data connection for in-addr.arpa (229869 bytes).
Length: 229869 (224K)

     0K .......... .......... .......... .......... .......... 22%  141K 1s
    50K .......... .......... .......... .......... .......... 44%  284K 1s
   100K .......... .......... .......... .......... .......... 66% 9.95M 0s
   150K .......... .......... .......... .......... .......... 89%  284K 0s
   200K .......... .......... ....                            100%  138K=0.9s

226 Transfer complete.
2017-03-25 00:00:15 (253 KB/s) - ‘./domain/in-addr.arpa’ saved [229869]

The sizes do not match (local 90671) -- retrieving.

--2017-03-25 00:00:15--  ftp://ftp.internic.net/domain/in-addr.arpa.gz
           => ‘./domain/in-addr.arpa.gz’
==> CWD not required.
--> PASV

227 Entering Passive Mode (192,0,32,9,135,4)
--> RETR in-addr.arpa.gz

150 Opening BINARY mode data connection for in-addr.arpa.gz (90604 bytes).
Length: 90604 (88K)

     0K .......... .......... .......... .......... .......... 56%  132K 0s
    50K .......... .......... .......... ........             100%  208K=0.6s

226 Transfer complete.
2017-03-25 00:00:16 (157 KB/s) - ‘./domain/in-addr.arpa.gz’ saved [90604]

Remote file is newer than local file ‘./domain/in-addr.arpa.gz.md5’ -- retrieving.

--2017-03-25 00:00:16--  ftp://ftp.internic.net/domain/in-addr.arpa.gz.md5
           => ‘./domain/in-addr.arpa.gz.md5’
==> CWD not required.
--> PASV

227 Entering Passive Mode (192,0,32,9,199,251)
--> RETR in-addr.arpa.gz.md5

150 Opening BINARY mode data connection for in-addr.arpa.gz.md5 (55 bytes).
Length: 55

     0K                                                       100% 25.3K=0.002s

226 Transfer complete.
2017-03-25 00:00:17 (25.3 KB/s) - ‘./domain/in-addr.arpa.gz.md5’ saved [55]

Remote file is newer than local file ‘./domain/in-addr.arpa.gz.sha256’ -- retrieving.

--2017-03-25 00:00:17--  ftp://ftp.internic.net/domain/in-addr.arpa.gz.sha256
           => ‘./domain/in-addr.arpa.gz.sha256’
==> CWD not required.
--> PASV

227 Entering Passive Mode (192,0,32,9,24,75)
--> RETR in-addr.arpa.gz.sha256

150 Opening BINARY mode data connection for in-addr.arpa.gz.sha256 (90 bytes).
Length: 90

     0K                                                       100% 48.5K=0.002s

226 Transfer complete.
2017-03-25 00:00:18 (48.5 KB/s) - ‘./domain/in-addr.arpa.gz.sha256’ saved [90]

Remote file is newer than local file ‘./domain/in-addr.arpa.md5’ -- retrieving.

--2017-03-25 00:00:18--  ftp://ftp.internic.net/domain/in-addr.arpa.md5
           => ‘./domain/in-addr.arpa.md5’
==> CWD not required.
--> PASV

227 Entering Passive Mode (192,0,32,9,162,164)
--> RETR in-addr.arpa.md5

150 Opening BINARY mode data connection for in-addr.arpa.md5 (52 bytes).
Length: 52

     0K                                                       100%  449K=0s

226 Transfer complete.
2017-03-25 00:00:19 (449 KB/s) - ‘./domain/in-addr.arpa.md5’ saved [52]

Remote file is newer than local file ‘./domain/in-addr.arpa.sha256’ -- retrieving.

--2017-03-25 00:00:19--  ftp://ftp.internic.net/domain/in-addr.arpa.sha256
           => ‘./domain/in-addr.arpa.sha256’
==> CWD not required.
--> PASV

227 Entering Passive Mode (192,0,32,9,239,147)
--> RETR in-addr.arpa.sha256

150 Opening BINARY mode data connection for in-addr.arpa.sha256 (87 bytes).
Length: 87

     0K                                                       100%  148K=0.001s

226 Transfer complete.
2017-03-25 00:00:19 (148 KB/s) - ‘./domain/in-addr.arpa.sha256’ saved [87]

Remote file is newer than local file ‘./domain/in-addr.arpa.zone’ -- retrieving.

--2017-03-25 00:00:19--  ftp://ftp.internic.net/domain/in-addr.arpa.zone
           => ‘./domain/in-addr.arpa.zone’
==> CWD not required.
--> PASV

227 Entering Passive Mode (192,0,32,9,41,80)
--> RETR in-addr.arpa.zone

150 Opening BINARY mode data connection for in-addr.arpa.zone (229869 bytes).
Length: 229869 (224K)

     0K .......... .......... .......... .......... .......... 22%  140K 1s
    50K .......... .......... .......... .......... .......... 44%  294K 1s
   100K .......... .......... .......... .......... .......... 66% 9.45M 0s
   150K .......... .......... .......... .......... .......... 89%  148K 0s
   200K .......... .......... ....                            100%  436K=0.9s

226 Transfer complete.
2017-03-25 00:00:21 (242 KB/s) - ‘./domain/in-addr.arpa.zone’ saved [229869]

The sizes do not match (local 90671) -- retrieving.

--2017-03-25 00:00:21--  ftp://ftp.internic.net/domain/in-addr.arpa.zone.gz
           => ‘./domain/in-addr.arpa.zone.gz’
==> CWD not required.
--> PASV

227 Entering Passive Mode (192,0,32,9,41,48)
--> RETR in-addr.arpa.zone.gz

150 Opening BINARY mode data connection for in-addr.arpa.zone.gz (90604 bytes).
Length: 90604 (88K)

     0K .......... .......... .......... .......... .......... 56%  145K 0s
    50K .......... .......... .......... ........             100% 20.2M=0.3s

226 Transfer complete.
2017-03-25 00:00:22 (255 KB/s) - ‘./domain/in-addr.arpa.zone.gz’ saved [90604]

Remote file is newer than local file ‘./domain/in-addr.arpa.zone.gz.md5’ -- retrieving.

--2017-03-25 00:00:22--  ftp://ftp.internic.net/domain/in-addr.arpa.zone.gz.md5
           => ‘./domain/in-addr.arpa.zone.gz.md5’
==> CWD not required.
--> PASV

227 Entering Passive Mode (192,0,32,9,190,237)
--> RETR in-addr.arpa.zone.gz.md5

150 Opening BINARY mode data connection for in-addr.arpa.zone.gz.md5 (60 bytes).
Length: 60

     0K                                                       100%  259K=0s

226 Transfer complete.
2017-03-25 00:00:23 (259 KB/s) - ‘./domain/in-addr.arpa.zone.gz.md5’ saved [60]

Remote file is newer than local file ‘./domain/in-addr.arpa.zone.gz.sha256’ -- retrieving.

--2017-03-25 00:00:23--  ftp://ftp.internic.net/domain/in-addr.arpa.zone.gz.sha256
           => ‘./domain/in-addr.arpa.zone.gz.sha256’
==> CWD not required.
--> PASV

227 Entering Passive Mode (192,0,32,9,212,61)
--> RETR in-addr.arpa.zone.gz.sha256

150 Opening BINARY mode data connection for in-addr.arpa.zone.gz.sha256 (95 bytes).
Length: 95

     0K                                                       100% 9.95K=0.009s

226 Transfer complete.
2017-03-25 00:00:23 (9.95 KB/s) - ‘./domain/in-addr.arpa.zone.gz.sha256’ saved [95]

Remote file is newer than local file ‘./domain/in-addr.arpa.zone.md5’ -- retrieving.

--2017-03-25 00:00:23--  ftp://ftp.internic.net/domain/in-addr.arpa.zone.md5
           => ‘./domain/in-addr.arpa.zone.md5’
==> CWD not required.
--> PASV

227 Entering Passive Mode (192,0,32,9,41,138)
--> RETR in-addr.arpa.zone.md5

150 Opening BINARY mode data connection for in-addr.arpa.zone.md5 (57 bytes).
Length: 57

     0K                                                       100% 4.80K=0.01s

226 Transfer complete.
2017-03-25 00:00:24 (4.80 KB/s) - ‘./domain/in-addr.arpa.zone.md5’ saved [57]

Remote file is newer than local file ‘./domain/in-addr.arpa.zone.sha256’ -- retrieving.

--2017-03-25 00:00:24--  ftp://ftp.internic.net/domain/in-addr.arpa.zone.sha256
           => ‘./domain/in-addr.arpa.zone.sha256’
==> CWD not required.
--> PASV

227 Entering Passive Mode (192,0,32,9,90,179)
--> RETR in-addr.arpa.zone.sha256

150 Opening BINARY mode data connection for in-addr.arpa.zone.sha256 (92 bytes).
Length: 92

     0K                                                       100% 17.4K=0.005s

226 Transfer complete.
2017-03-25 00:00:25 (17.4 KB/s) - ‘./domain/in-addr.arpa.zone.sha256’ saved [92]

Remote file is newer than local file ‘./domain/ip6.arpa’ -- retrieving.

--2017-03-25 00:00:25--  ftp://ftp.internic.net/domain/ip6.arpa
           => ‘./domain/ip6.arpa’
==> CWD not required.
--> PASV

227 Entering Passive Mode (192,0,32,9,130,62)
--> RETR ip6.arpa

150 Opening BINARY mode data connection for ip6.arpa (61865 bytes).
Length: 61865 (60K)

     0K .......... .......... .......... .......... .......... 82% 92.7K 0s
    50K ..........                                            100% 7.42M=0.5s

226 Transfer complete.
2017-03-25 00:00:26 (112 KB/s) - ‘./domain/ip6.arpa’ saved [61865]

The sizes do not match (local 24446) -- retrieving.

--2017-03-25 00:00:26--  ftp://ftp.internic.net/domain/ip6.arpa.gz
           => ‘./domain/ip6.arpa.gz’
==> CWD not required.
--> PASV

227 Entering Passive Mode (192,0,32,9,18,110)
--> RETR ip6.arpa.gz

150 Opening BINARY mode data connection for ip6.arpa.gz (24419 bytes).
Length: 24419 (24K)

     0K .......... .......... ...                             100%  139K=0.2s

226 Transfer complete.
2017-03-25 00:00:27 (139 KB/s) - ‘./domain/ip6.arpa.gz’ saved [24419]

Remote file is newer than local file ‘./domain/ip6.arpa.gz.md5’ -- retrieving.

--2017-03-25 00:00:27--  ftp://ftp.internic.net/domain/ip6.arpa.gz.md5
           => ‘./domain/ip6.arpa.gz.md5’
==> CWD not required.
--> PASV

227 Entering Passive Mode (192,0,32,9,110,200)
--> RETR ip6.arpa.gz.md5

150 Opening BINARY mode data connection for ip6.arpa.gz.md5 (51 bytes).
Length: 51

     0K                                                       100%  159K=0s

226 Transfer complete.
2017-03-25 00:00:28 (159 KB/s) - ‘./domain/ip6.arpa.gz.md5’ saved [51]

Remote file is newer than local file ‘./domain/ip6.arpa.gz.sha256’ -- retrieving.

--2017-03-25 00:00:28--  ftp://ftp.internic.net/domain/ip6.arpa.gz.sha256
           => ‘./domain/ip6.arpa.gz.sha256’
==> CWD not required.
--> PASV

227 Entering Passive Mode (192,0,32,9,243,176)
--> RETR ip6.arpa.gz.sha256

150 Opening BINARY mode data connection for ip6.arpa.gz.sha256 (86 bytes).
Length: 86

     0K                                                       100%  893K=0s

226 Transfer complete.
2017-03-25 00:00:28 (893 KB/s) - ‘./domain/ip6.arpa.gz.sha256’ saved [86]

Remote file is newer than local file ‘./domain/ip6.arpa.md5’ -- retrieving.

--2017-03-25 00:00:28--  ftp://ftp.internic.net/domain/ip6.arpa.md5
           => ‘./domain/ip6.arpa.md5’
==> CWD not required.
--> PASV

227 Entering Passive Mode (192,0,32,9,171,184)
--> RETR ip6.arpa.md5

150 Opening BINARY mode data connection for ip6.arpa.md5 (48 bytes).
Length: 48

     0K                                                       100% 43.1K=0.001s

226 Transfer complete.
2017-03-25 00:00:29 (43.1 KB/s) - ‘./domain/ip6.arpa.md5’ saved [48]

Remote file is newer than local file ‘./domain/ip6.arpa.sha256’ -- retrieving.

--2017-03-25 00:00:29--  ftp://ftp.internic.net/domain/ip6.arpa.sha256
           => ‘./domain/ip6.arpa.sha256’
==> CWD not required.
--> PASV

227 Entering Passive Mode (192,0,32,9,41,127)
--> RETR ip6.arpa.sha256

150 Opening BINARY mode data connection for ip6.arpa.sha256 (83 bytes).
Length: 83

     0K                                                       100%  438K=0s

226 Transfer complete.
2017-03-25 00:00:30 (438 KB/s) - ‘./domain/ip6.arpa.sha256’ saved [83]

Remote file is newer than local file ‘./domain/ip6.arpa.zone’ -- retrieving.

--2017-03-25 00:00:30--  ftp://ftp.internic.net/domain/ip6.arpa.zone
           => ‘./domain/ip6.arpa.zone’
==> CWD not required.
--> PASV

227 Entering Passive Mode (192,0,32,9,149,76)
--> RETR ip6.arpa.zone

150 Opening BINARY mode data connection for ip6.arpa.zone (61865 bytes).
Length: 61865 (60K)

     0K .......... .......... .......... .......... .......... 82% 88.4K 0s
    50K ..........                                            100%  192K=0.6s

226 Transfer complete.
2017-03-25 00:00:31 (97.5 KB/s) - ‘./domain/ip6.arpa.zone’ saved [61865]

The sizes do not match (local 24446) -- retrieving.

--2017-03-25 00:00:31--  ftp://ftp.internic.net/domain/ip6.arpa.zone.gz
           => ‘./domain/ip6.arpa.zone.gz’
==> CWD not required.
--> PASV

227 Entering Passive Mode (192,0,32,9,42,211)
--> RETR ip6.arpa.zone.gz

150 Opening BINARY mode data connection for ip6.arpa.zone.gz (24419 bytes).
Length: 24419 (24K)

     0K .......... .......... ...                             100%  125K=0.2s

226 Transfer complete.
2017-03-25 00:00:32 (125 KB/s) - ‘./domain/ip6.arpa.zone.gz’ saved [24419]

Remote file is newer than local file ‘./domain/ip6.arpa.zone.gz.md5’ -- retrieving.

--2017-03-25 00:00:32--  ftp://ftp.internic.net/domain/ip6.arpa.zone.gz.md5
           => ‘./domain/ip6.arpa.zone.gz.md5’
==> CWD not required.
--> PASV

227 Entering Passive Mode (192,0,32,9,12,234)
--> RETR ip6.arpa.zone.gz.md5

150 Opening BINARY mode data connection for ip6.arpa.zone.gz.md5 (56 bytes).
Length: 56

     0K                                                       100%  115K=0s

226 Transfer complete.
2017-03-25 00:00:33 (115 KB/s) - ‘./domain/ip6.arpa.zone.gz.md5’ saved [56]

Remote file is newer than local file ‘./domain/ip6.arpa.zone.gz.sha256’ -- retrieving.

--2017-03-25 00:00:33--  ftp://ftp.internic.net/domain/ip6.arpa.zone.gz.sha256
           => ‘./domain/ip6.arpa.zone.gz.sha256’
==> CWD not required.
--> PASV

227 Entering Passive Mode (192,0,32,9,166,63)
--> RETR ip6.arpa.zone.gz.sha256

150 Opening BINARY mode data connection for ip6.arpa.zone.gz.sha256 (91 bytes).
Length: 91

     0K                                                       100%  177K=0.001s

226 Transfer complete.
2017-03-25 00:00:34 (177 KB/s) - ‘./domain/ip6.arpa.zone.gz.sha256’ saved [91]

Remote file is newer than local file ‘./domain/ip6.arpa.zone.md5’ -- retrieving.

--2017-03-25 00:00:34--  ftp://ftp.internic.net/domain/ip6.arpa.zone.md5
           => ‘./domain/ip6.arpa.zone.md5’
==> CWD not required.
--> PASV

227 Entering Passive Mode (192,0,32,9,6,192)
--> RETR ip6.arpa.zone.md5

150 Opening BINARY mode data connection for ip6.arpa.zone.md5 (53 bytes).
Length: 53

     0K                                                       100%  690K=0s

226 Transfer complete.
2017-03-25 00:00:35 (690 KB/s) - ‘./domain/ip6.arpa.zone.md5’ saved [53]

Remote file is newer than local file ‘./domain/ip6.arpa.zone.sha256’ -- retrieving.

--2017-03-25 00:00:35--  ftp://ftp.internic.net/domain/ip6.arpa.zone.sha256
           => ‘./domain/ip6.arpa.zone.sha256’
==> CWD not required.
--> PASV

227 Entering Passive Mode (192,0,32,9,42,182)
--> RETR ip6.arpa.zone.sha256

150 Opening BINARY mode data connection for ip6.arpa.zone.sha256 (88 bytes).
Length: 88

     0K                                                       100%  305K=0s

226 Transfer complete.
2017-03-25 00:00:35 (305 KB/s) - ‘./domain/ip6.arpa.zone.sha256’ saved [88]

Remote file is newer than local file ‘./domain/last_update.txt’ -- retrieving.

--2017-03-25 00:00:35--  ftp://ftp.internic.net/domain/last_update.txt
           => ‘./domain/last_update.txt’
==> CWD not required.
--> PASV

227 Entering Passive Mode (192,0,32,9,24,123)
--> RETR last_update.txt

150 Opening BINARY mode data connection for last_update.txt (21 bytes).
Length: 21

     0K                                                       100%  139K=0s

226 Transfer complete.
2017-03-25 00:00:36 (139 KB/s) - ‘./domain/last_update.txt’ saved [21]

Remote file no newer than local file ‘./domain/named.cache’ -- not retrieving.
Remote file no newer than local file ‘./domain/named.cache.md5’ -- not retrieving.
Remote file no newer than local file ‘./domain/named.cache.sig’ -- not retrieving.
Remote file no newer than local file ‘./domain/named.root’ -- not retrieving.
Remote file no newer than local file ‘./domain/named.root.md5’ -- not retrieving.
Remote file no newer than local file ‘./domain/named.root.sig’ -- not retrieving.
Remote file no newer than local file ‘./domain/root-servers.net.zone’ -- not retrieving.
Remote file no newer than local file ‘./domain/root-servers.net.zone.gz’ -- not retrieving.
Remote file no newer than local file ‘./domain/root-servers.net.zone.gz.md5’ -- not retrieving.
Remote file no newer than local file ‘./domain/root-servers.net.zone.gz.sig’ -- not retrieving.
The sizes do not match (local 2231012) -- retrieving.

--2017-03-25 00:00:36--  ftp://ftp.internic.net/domain/root.zone
           => ‘./domain/root.zone’
==> CWD not required.
--> PASV

227 Entering Passive Mode (192,0,32,9,41,79)
--> RETR root.zone

150 Opening BINARY mode data connection for root.zone (2231697 bytes).
Length: 2231697 (2.1M)

     0K .......... .......... .......... .......... ..........  2% 89.0K 24s
    50K .......... .......... .......... .......... ..........  4% 90.7K 23s
   100K .......... .......... .......... .......... ..........  6% 91.4K 22s
   150K .......... .......... .......... .......... ..........  9% 42.9K 28s
   200K .......... .......... .......... .......... .......... 11% 38.3M 22s
   250K .......... .......... .......... .......... .......... 13% 87.5K 21s
   300K .......... .......... .......... .......... .......... 16%  130K 20s
   350K .......... .......... .......... .......... .......... 18%  125K 19s
   400K .......... .......... .......... .......... .......... 20%  122K 18s
   450K .......... .......... .......... .......... .......... 22%  121K 17s
   500K .......... .......... .......... .......... .......... 25%  120K 16s
   550K .......... .......... .......... .......... .......... 27%  121K 15s
   600K .......... .......... .......... .......... .......... 29% 79.3K 15s
   650K .......... .......... .......... .......... .......... 32% 79.9K 15s
   700K .......... .......... .......... .......... .......... 34% 76.0K 15s
   750K .......... .......... .......... .......... .......... 36% 67.0K 15s
   800K .......... .......... .......... .......... .......... 39% 84.9K 14s
   850K .......... .......... .......... .......... .......... 41% 65.3K 14s
   900K .......... .......... .......... .......... .......... 43% 88.2K 13s
   950K .......... .......... .......... .......... .......... 45% 88.3K 13s
  1000K .......... .......... .......... .......... .......... 48% 91.3K 12s
  1050K .......... .......... .......... .......... .......... 50% 88.6K 12s
  1100K .......... .......... .......... .......... .......... 52% 89.0K 11s
  1150K .......... .......... .......... .......... .......... 55% 88.7K 11s
  1200K .......... .......... .......... .......... .......... 57%  122K 10s
  1250K .......... .......... .......... .......... .......... 59% 66.2K 10s
  1300K .......... .......... .......... .......... .......... 61%  112K 9s
  1350K .......... .......... .......... .......... .......... 64% 65.0K 9s
  1400K .......... .......... .......... .......... .......... 66% 64.4K 8s
  1450K .......... .......... .......... .......... .......... 68% 72.0K 8s
  1500K .......... .......... .......... .......... .......... 71%  104K 7s
  1550K .......... .......... .......... .......... .......... 73% 94.9K 7s
  1600K .......... .......... .......... .......... .......... 75% 87.1K 6s
  1650K .......... .......... .......... .......... .......... 78%  209K 5s
  1700K .......... .......... .......... .......... .......... 80%  134K 5s
  1750K .......... .......... .......... .......... .......... 82%  131K 4s
  1800K .......... .......... .......... .......... .......... 84%  135K 4s
  1850K .......... .......... .......... .......... .......... 87% 74.7K 3s
  1900K .......... .......... .......... .......... .......... 89%  158K 2s
  1950K .......... .......... .......... .......... .......... 91%  103K 2s
  2000K .......... .......... .......... .......... .......... 94% 96.8K 1s
  2050K .......... .......... .......... .......... .......... 96%  125K 1s
  2100K .......... .......... .......... .......... .......... 98%  121K 0s
  2150K .......... .......... .........                       100%  167K=23s

226 Transfer complete.
2017-03-25 00:01:00 (94.7 KB/s) - ‘./domain/root.zone’ saved [2231697]

The sizes do not match (local 1047945) -- retrieving.

--2017-03-25 00:01:00--  ftp://ftp.internic.net/domain/root.zone.gz
           => ‘./domain/root.zone.gz’
==> CWD not required.
--> PASV

227 Entering Passive Mode (192,0,32,9,127,230)
--> RETR root.zone.gz

150 Opening BINARY mode data connection for root.zone.gz (1048123 bytes).
Length: 1048123 (1024K)

     0K .......... .......... .......... .......... ..........  4% 94.7K 10s
    50K .......... .......... .......... .......... ..........  9%  136K 8s
   100K .......... .......... .......... .......... .......... 14% 96.2K 8s
   150K .......... .......... .......... .......... .......... 19%  145K 7s
   200K .......... .......... .......... .......... .......... 24%  144K 7s
   250K .......... .......... .......... .......... .......... 29%  145K 6s
   300K .......... .......... .......... .......... .......... 34%  278K 5s
   350K .......... .......... .......... .......... .......... 39%  147K 5s
   400K .......... .......... .......... .......... .......... 43%  279K 4s
   450K .......... .......... .......... .......... .......... 48%  218K 4s
   500K .......... .......... .......... .......... .......... 53%  175K 3s
   550K .......... .......... .......... .......... .......... 58%  136K 3s
   600K .......... .......... .......... .......... .......... 63% 33.5M 2s
   650K .......... .......... .......... .......... .......... 68% 90.7K 2s
   700K .......... .......... .......... .......... .......... 73%  339K 2s
   750K .......... .......... .......... .......... .......... 78% 96.8K 1s
   800K .......... .......... .......... .......... .......... 83%  285K 1s
   850K .......... .......... .......... .......... .......... 87% 58.2K 1s
   900K .......... .......... .......... .......... .......... 92%  271K 1s
   950K .......... .......... .......... .......... .......... 97%  109K 0s
  1000K .......... .......... ...                             100% 90.6K=7.2s

226 Transfer complete.
2017-03-25 00:01:08 (142 KB/s) - ‘./domain/root.zone.gz’ saved [1048123]

Remote file is newer than local file ‘./domain/root.zone.gz.md5’ -- retrieving.

--2017-03-25 00:01:08--  ftp://ftp.internic.net/domain/root.zone.gz.md5
           => ‘./domain/root.zone.gz.md5’
==> CWD not required.
--> PASV

227 Entering Passive Mode (192,0,32,9,28,250)
--> RETR root.zone.gz.md5

150 Opening BINARY mode data connection for root.zone.gz.md5 (33 bytes).
Length: 33

     0K                                                       100%  216K=0s

226 Transfer complete.
2017-03-25 00:01:09 (216 KB/s) - ‘./domain/root.zone.gz.md5’ saved [33]

Remote file is newer than local file ‘./domain/root.zone.gz.sig’ -- retrieving.

--2017-03-25 00:01:09--  ftp://ftp.internic.net/domain/root.zone.gz.sig
           => ‘./domain/root.zone.gz.sig’
==> CWD not required.
--> PASV

227 Entering Passive Mode (192,0,32,9,149,150)
--> RETR root.zone.gz.sig

150 Opening BINARY mode data connection for root.zone.gz.sig (72 bytes).
Length: 72

     0K                                                       100%  710K=0s

226 Transfer complete.
2017-03-25 00:01:09 (710 KB/s) - ‘./domain/root.zone.gz.sig’ saved [72]

Remote file is newer than local file ‘./domain/root.zone.md5’ -- retrieving.

--2017-03-25 00:01:09--  ftp://ftp.internic.net/domain/root.zone.md5
           => ‘./domain/root.zone.md5’
==> CWD not required.
--> PASV

227 Entering Passive Mode (192,0,32,9,42,118)
--> RETR root.zone.md5

150 Opening BINARY mode data connection for root.zone.md5 (33 bytes).
Length: 33

     0K                                                       100%  556K=0s

226 Transfer complete.
2017-03-25 00:01:10 (556 KB/s) - ‘./domain/root.zone.md5’ saved [33]

Remote file is newer than local file ‘./domain/root.zone.sig’ -- retrieving.

--2017-03-25 00:01:10--  ftp://ftp.internic.net/domain/root.zone.sig
           => ‘./domain/root.zone.sig’
==> CWD not required.
--> PASV

227 Entering Passive Mode (192,0,32,9,17,77)
--> RETR root.zone.sig

150 Opening BINARY mode data connection for root.zone.sig (72 bytes).
Length: 72

     0K                                                       100% 1.20M=0s

226 Transfer complete.
2017-03-25 00:01:11 (1.20 MB/s) - ‘./domain/root.zone.sig’ saved [72]

FINISHED --2017-03-25 00:01:11--
Total wall clock time: 1m 9s
Downloaded: 40 files, 3.9M in 35s (117 KB/s)
