--2017-04-11 00:00:01--  ftp://ftp.internic.net/*
           => ‘./.listing’
Resolving ftp.internic.net (ftp.internic.net)... 192.0.32.9, 2620:0:2d0:200::9
Connecting to ftp.internic.net (ftp.internic.net)|192.0.32.9|:21... connected.
Logging in as anonymous ... 
220 Internic FTP Server
--> USER anonymous

331 Please specify the password.
--> PASS Turtle Power!

230 Login successful.
--> SYST

215 UNIX Type: L8
--> PWD

257 "/"
--> TYPE I

200 Switching to Binary mode.
==> CWD not needed.
--> PASV

227 Entering Passive Mode (192,0,32,9,18,45)
--> LIST -a

150 Here comes the directory listing.

     0K                                                        3.23M=0s

226 Directory send OK.
drwxr-xr-x    3 ftp      ftp          4096 Apr 04  2012 .
drwxr-xr-x    3 ftp      ftp          4096 Apr 04  2012 ..
drwxr-xr-x    2 ftp      ftp          4096 Sep 09  2015 domain
2017-04-11 00:00:24 (3.23 MB/s) - ‘./.listing’ saved [183]

--2017-04-11 00:00:24--  ftp://ftp.internic.net/domain/*
           => ‘./domain/.listing’
--> CWD /domain

250 Directory successfully changed.
--> PASV

227 Entering Passive Mode (192,0,32,9,8,103)
--> LIST -a

150 Here comes the directory listing.

     0K ...                                                     768K=0.005s

226 Directory send OK.
drwxr-xr-x    2 ftp      ftp          4096 Sep 09  2015 .
drwxr-xr-x    3 ftp      ftp          4096 Apr 04  2012 ..
-rw-r--r--    1 ftp      ftp          1829 Aug 18  2015 .listing
-rw-r--r--    1 ftp      ftp          1224 Apr 10 12:15 INTERNIC_ROOT_ZONE.signatures
-rw-r--r--    1 ftp      ftp          1469 Apr 10 12:15 INTERNIC_ROOT_ZONE.signatures.asc
-rw-r--r--    1 ftp      ftp         15438 Apr 10 12:15 arpa.zone
-rw-r--r--    1 ftp      ftp          6774 Apr 10 12:15 arpa.zone.gz
-rw-r--r--    1 ftp      ftp            33 Apr 10 12:15 arpa.zone.gz.md5
-rw-r--r--    1 ftp      ftp            72 Apr 10 12:15 arpa.zone.gz.sig
-rw-r--r--    1 ftp      ftp          3291 Oct 20 19:35 db.cache
-rw-r--r--    1 ftp      ftp            33 Oct 20 19:35 db.cache.md5
-rw-r--r--    1 ftp      ftp            72 Oct 20 19:35 db.cache.sig
-rw-r--r--    1 ftp      ftp        229871 Apr 10 15:40 in-addr.arpa
-rw-r--r--    1 ftp      ftp         90619 Apr 10 15:40 in-addr.arpa.gz
-rw-r--r--    1 ftp      ftp            55 Apr 10 15:40 in-addr.arpa.gz.md5
-rw-r--r--    1 ftp      ftp            90 Apr 10 15:40 in-addr.arpa.gz.sha256
-rw-r--r--    1 ftp      ftp            52 Apr 10 15:40 in-addr.arpa.md5
-rw-r--r--    1 ftp      ftp            87 Apr 10 15:40 in-addr.arpa.sha256
-rw-r--r--    1 ftp      ftp        229871 Apr 10 15:40 in-addr.arpa.zone
-rw-r--r--    1 ftp      ftp         90619 Apr 10 15:40 in-addr.arpa.zone.gz
-rw-r--r--    1 ftp      ftp            60 Apr 10 15:40 in-addr.arpa.zone.gz.md5
-rw-r--r--    1 ftp      ftp            95 Apr 10 15:40 in-addr.arpa.zone.gz.sha256
-rw-r--r--    1 ftp      ftp            57 Apr 10 15:40 in-addr.arpa.zone.md5
-rw-r--r--    1 ftp      ftp            92 Apr 10 15:40 in-addr.arpa.zone.sha256
-rw-r--r--    1 ftp      ftp         61853 Apr 10 15:40 ip6.arpa
-rw-r--r--    1 ftp      ftp         24436 Apr 10 15:40 ip6.arpa.gz
-rw-r--r--    1 ftp      ftp            51 Apr 10 15:40 ip6.arpa.gz.md5
-rw-r--r--    1 ftp      ftp            86 Apr 10 15:40 ip6.arpa.gz.sha256
-rw-r--r--    1 ftp      ftp            48 Apr 10 15:40 ip6.arpa.md5
-rw-r--r--    1 ftp      ftp            83 Apr 10 15:40 ip6.arpa.sha256
-rw-r--r--    1 ftp      ftp         61853 Apr 10 15:40 ip6.arpa.zone
-rw-r--r--    1 ftp      ftp         24436 Apr 10 15:40 ip6.arpa.zone.gz
-rw-r--r--    1 ftp      ftp            56 Apr 10 15:40 ip6.arpa.zone.gz.md5
-rw-r--r--    1 ftp      ftp            91 Apr 10 15:40 ip6.arpa.zone.gz.sha256
-rw-r--r--    1 ftp      ftp            53 Apr 10 15:40 ip6.arpa.zone.md5
-rw-r--r--    1 ftp      ftp            88 Apr 10 15:40 ip6.arpa.zone.sha256
-rw-r--r--    1 ftp      ftp            21 Apr 10 15:40 last_update.txt
-rw-r--r--    1 ftp      ftp          3291 Oct 20 19:35 named.cache
-rw-r--r--    1 ftp      ftp            33 Oct 20 19:35 named.cache.md5
-rw-r--r--    1 ftp      ftp            72 Oct 20 19:35 named.cache.sig
-rw-r--r--    1 ftp      ftp          3291 Oct 20 19:35 named.root
-rw-r--r--    1 ftp      ftp            33 Oct 20 19:35 named.root.md5
-rw-r--r--    1 ftp      ftp            72 Oct 20 19:35 named.root.sig
-rw-r--r--    1 ftp      ftp          2110 Oct 20 19:35 root-servers.net.zone
-rw-r--r--    1 ftp      ftp           574 Oct 20 19:35 root-servers.net.zone.gz
-rw-r--r--    1 ftp      ftp            33 Oct 20 19:35 root-servers.net.zone.gz.md5
-rw-r--r--    1 ftp      ftp            72 Oct 20 19:35 root-servers.net.zone.gz.sig
-rw-r--r--    1 ftp      ftp       2236427 Apr 10 06:49 root.zone
-rw-r--r--    1 ftp      ftp       1050306 Apr 10 06:49 root.zone.gz
-rw-r--r--    1 ftp      ftp            33 Apr 10 06:49 root.zone.gz.md5
-rw-r--r--    1 ftp      ftp            72 Apr 10 06:49 root.zone.gz.sig
-rw-r--r--    1 ftp      ftp            33 Apr 10 06:49 root.zone.md5
-rw-r--r--    1 ftp      ftp            72 Apr 10 06:49 root.zone.sig
2017-04-11 00:00:39 (768 KB/s) - ‘./domain/.listing’ saved [3930]

The sizes do not match (local 3930) -- retrieving.

--2017-04-11 00:00:39--  ftp://ftp.internic.net/domain/.listing
           => ‘./domain/.listing’
==> CWD not required.
--> PASV

227 Entering Passive Mode (192,0,32,9,141,168)
--> RETR .listing

150 Opening BINARY mode data connection for .listing (1829 bytes).
Length: 1829 (1.8K)

     0K .                                                     100% 26.8M=0s

226 Transfer complete.
2017-04-11 00:01:01 (26.8 MB/s) - ‘./domain/.listing’ saved [1829]

Remote file is newer than local file ‘./domain/INTERNIC_ROOT_ZONE.signatures’ -- retrieving.

--2017-04-11 00:01:01--  ftp://ftp.internic.net/domain/INTERNIC_ROOT_ZONE.signatures
           => ‘./domain/INTERNIC_ROOT_ZONE.signatures’
==> CWD not required.
--> PASV

227 Entering Passive Mode (192,0,32,9,241,227)
--> RETR INTERNIC_ROOT_ZONE.signatures

150 Opening BINARY mode data connection for INTERNIC_ROOT_ZONE.signatures (1224 bytes).
Length: 1224 (1.2K)

     0K .                                                     100% 17.7M=0s

226 Transfer complete.
2017-04-11 00:01:02 (17.7 MB/s) - ‘./domain/INTERNIC_ROOT_ZONE.signatures’ saved [1224]

Remote file is newer than local file ‘./domain/INTERNIC_ROOT_ZONE.signatures.asc’ -- retrieving.

--2017-04-11 00:01:02--  ftp://ftp.internic.net/domain/INTERNIC_ROOT_ZONE.signatures.asc
           => ‘./domain/INTERNIC_ROOT_ZONE.signatures.asc’
==> CWD not required.
--> PASV

227 Entering Passive Mode (192,0,32,9,127,218)
--> RETR INTERNIC_ROOT_ZONE.signatures.asc

150 Opening BINARY mode data connection for INTERNIC_ROOT_ZONE.signatures.asc (1469 bytes).
Length: 1469 (1.4K)

     0K .                                                     100%  312K=0.005s

226 Transfer complete.
2017-04-11 00:03:07 (312 KB/s) - ‘./domain/INTERNIC_ROOT_ZONE.signatures.asc’ saved [1469]

Remote file is newer than local file ‘./domain/arpa.zone’ -- retrieving.

--2017-04-11 00:03:07--  ftp://ftp.internic.net/domain/arpa.zone
           => ‘./domain/arpa.zone’
==> CWD not required.
--> PASV

227 Entering Passive Mode (192,0,32,9,136,64)
--> RETR arpa.zone

150 Opening BINARY mode data connection for arpa.zone (15438 bytes).
Length: 15438 (15K)

     0K .......... .....                                      100% 21.3M=0.001s

226 Transfer complete.
2017-04-11 00:03:16 (21.3 MB/s) - ‘./domain/arpa.zone’ saved [15438]

The sizes do not match (local 6789) -- retrieving.

--2017-04-11 00:03:16--  ftp://ftp.internic.net/domain/arpa.zone.gz
           => ‘./domain/arpa.zone.gz’
==> CWD not required.
--> PASV

227 Entering Passive Mode (192,0,32,9,172,142)
--> RETR arpa.zone.gz

150 Opening BINARY mode data connection for arpa.zone.gz (6774 bytes).
Length: 6774 (6.6K)

     0K ......                                                100% 38.9M=0s

226 Transfer complete.
2017-04-11 00:03:19 (38.9 MB/s) - ‘./domain/arpa.zone.gz’ saved [6774]

Remote file is newer than local file ‘./domain/arpa.zone.gz.md5’ -- retrieving.

--2017-04-11 00:03:19--  ftp://ftp.internic.net/domain/arpa.zone.gz.md5
           => ‘./domain/arpa.zone.gz.md5’
==> CWD not required.
--> PASV

227 Entering Passive Mode (192,0,32,9,214,169)
--> RETR arpa.zone.gz.md5


Error in server response, closing control connection.
Retrying.

--2017-04-11 00:04:27--  ftp://ftp.internic.net/domain/arpa.zone.gz.md5
  (try: 2) => ‘./domain/arpa.zone.gz.md5’
Connecting to ftp.internic.net (ftp.internic.net)|192.0.32.9|:21... connected.
Logging in as anonymous ... 
220 Internic FTP Server
--> USER anonymous


Error in server response, closing control connection.
Retrying.

--2017-04-11 00:05:52--  ftp://ftp.internic.net/domain/arpa.zone.gz.md5
  (try: 3) => ‘./domain/arpa.zone.gz.md5’
Connecting to ftp.internic.net (ftp.internic.net)|192.0.32.9|:21... connected.
Logging in as anonymous ... 
220 Internic FTP Server
--> USER anonymous

331 Please specify the password.
--> PASS Turtle Power!

230 Login successful.
--> SYST

215 UNIX Type: L8
--> PWD

257 "/"
--> TYPE I

200 Switching to Binary mode.
--> CWD /domain

250 Directory successfully changed.
--> PASV

227 Entering Passive Mode (192,0,32,9,157,95)
--> RETR arpa.zone.gz.md5

150 Opening BINARY mode data connection for arpa.zone.gz.md5 (33 bytes).
Length: 33

     0K                                                       100% 13.3K=0.002s

226 Transfer complete.
2017-04-11 00:06:31 (13.3 KB/s) - ‘./domain/arpa.zone.gz.md5’ saved [33]

Remote file is newer than local file ‘./domain/arpa.zone.gz.sig’ -- retrieving.

--2017-04-11 00:06:31--  ftp://ftp.internic.net/domain/arpa.zone.gz.sig
           => ‘./domain/arpa.zone.gz.sig’
==> CWD not required.
--> PASV

227 Entering Passive Mode (192,0,32,9,147,59)
couldn't connect to 192.0.32.9 port 37691: Resource temporarily unavailable
Retrying.

--2017-04-11 00:07:12--  ftp://ftp.internic.net/domain/arpa.zone.gz.sig
  (try: 2) => ‘./domain/arpa.zone.gz.sig’
Connecting to ftp.internic.net (ftp.internic.net)|192.0.32.9|:21... connected.
Logging in as anonymous ... 
220 Internic FTP Server
--> USER anonymous

331 Please specify the password.
--> PASS Turtle Power!

230 Login successful.
--> SYST

215 UNIX Type: L8
--> PWD

257 "/"
--> TYPE I

200 Switching to Binary mode.
--> CWD /domain

250 Directory successfully changed.
--> PASV

227 Entering Passive Mode (192,0,32,9,230,78)
--> RETR arpa.zone.gz.sig

150 Opening BINARY mode data connection for arpa.zone.gz.sig (72 bytes).
Length: 72

     0K                                                       100%  419K=0s

226 Transfer complete.
2017-04-11 00:07:28 (419 KB/s) - ‘./domain/arpa.zone.gz.sig’ saved [72]

Remote file no newer than local file ‘./domain/db.cache’ -- not retrieving.
Remote file no newer than local file ‘./domain/db.cache.md5’ -- not retrieving.
Remote file no newer than local file ‘./domain/db.cache.sig’ -- not retrieving.
Remote file is newer than local file ‘./domain/in-addr.arpa’ -- retrieving.

--2017-04-11 00:07:28--  ftp://ftp.internic.net/domain/in-addr.arpa
           => ‘./domain/in-addr.arpa’
==> CWD not required.
--> PASV

227 Entering Passive Mode (192,0,32,9,42,50)
--> RETR in-addr.arpa

150 Opening BINARY mode data connection for in-addr.arpa (229871 bytes).
Length: 229871 (224K)

     0K .......... .......... .......... .......... .......... 22% 9.40K 19s
    50K .......... .......... .......... .......... .......... 44% 65.5K 8s
   100K .......... .......... .......... .......... .......... 66%  123K 3s
   150K .......... .......... .......... .......... .......... 89%  140K 1s
   200K .......... .......... ....                            100%  735K=6.9s

226 Transfer complete.
2017-04-11 00:07:41 (32.6 KB/s) - ‘./domain/in-addr.arpa’ saved [229871]

The sizes do not match (local 90633) -- retrieving.

--2017-04-11 00:07:41--  ftp://ftp.internic.net/domain/in-addr.arpa.gz
           => ‘./domain/in-addr.arpa.gz’
==> CWD not required.
--> PASV

227 Entering Passive Mode (192,0,32,9,38,227)
couldn't connect to 192.0.32.9 port 9955: Resource temporarily unavailable
Retrying.

--2017-04-11 00:08:04--  ftp://ftp.internic.net/domain/in-addr.arpa.gz
  (try: 2) => ‘./domain/in-addr.arpa.gz’
Connecting to ftp.internic.net (ftp.internic.net)|192.0.32.9|:21... connected.
Logging in as anonymous ... 
220 Internic FTP Server
--> USER anonymous

331 Please specify the password.
--> PASS Turtle Power!

230 Login successful.
--> SYST

215 UNIX Type: L8
--> PWD

257 "/"
--> TYPE I

200 Switching to Binary mode.
--> CWD /domain

250 Directory successfully changed.
--> PASV

227 Entering Passive Mode (192,0,32,9,41,166)
couldn't connect to 192.0.32.9 port 10662: Resource temporarily unavailable
Retrying.

--2017-04-11 00:09:13--  ftp://ftp.internic.net/domain/in-addr.arpa.gz
  (try: 3) => ‘./domain/in-addr.arpa.gz’
Connecting to ftp.internic.net (ftp.internic.net)|192.0.32.9|:21... connected.
Logging in as anonymous ... 
220 Internic FTP Server
--> USER anonymous

331 Please specify the password.
--> PASS Turtle Power!

230 Login successful.
--> SYST

215 UNIX Type: L8
--> PWD

257 "/"
--> TYPE I

200 Switching to Binary mode.
--> CWD /domain

250 Directory successfully changed.
--> PASV

227 Entering Passive Mode (192,0,32,9,204,36)
--> RETR in-addr.arpa.gz

150 Opening BINARY mode data connection for in-addr.arpa.gz (90619 bytes).
Length: 90619 (88K)

     0K .......... .......... .......... .......... .......... 56% 76.1K 1s
    50K .......... .......... .......... ........             100% 12.5M=0.7s

226 Transfer complete.
2017-04-11 00:11:18 (134 KB/s) - ‘./domain/in-addr.arpa.gz’ saved [90619]

Remote file is newer than local file ‘./domain/in-addr.arpa.gz.md5’ -- retrieving.

--2017-04-11 00:11:18--  ftp://ftp.internic.net/domain/in-addr.arpa.gz.md5
           => ‘./domain/in-addr.arpa.gz.md5’
==> CWD not required.
--> PASV

227 Entering Passive Mode (192,0,32,9,27,14)
--> RETR in-addr.arpa.gz.md5

150 Opening BINARY mode data connection for in-addr.arpa.gz.md5 (55 bytes).
Length: 55

     0K                                                       100%  312K=0s

226 Transfer complete.
2017-04-11 00:11:19 (312 KB/s) - ‘./domain/in-addr.arpa.gz.md5’ saved [55]

Remote file is newer than local file ‘./domain/in-addr.arpa.gz.sha256’ -- retrieving.

--2017-04-11 00:11:19--  ftp://ftp.internic.net/domain/in-addr.arpa.gz.sha256
           => ‘./domain/in-addr.arpa.gz.sha256’
==> CWD not required.
--> PASV

227 Entering Passive Mode (192,0,32,9,41,209)
--> RETR in-addr.arpa.gz.sha256

150 Opening BINARY mode data connection for in-addr.arpa.gz.sha256 (90 bytes).
Length: 90

     0K                                                       100%  463K=0s

226 Transfer complete.
2017-04-11 00:11:23 (463 KB/s) - ‘./domain/in-addr.arpa.gz.sha256’ saved [90]

Remote file is newer than local file ‘./domain/in-addr.arpa.md5’ -- retrieving.

--2017-04-11 00:11:23--  ftp://ftp.internic.net/domain/in-addr.arpa.md5
           => ‘./domain/in-addr.arpa.md5’
==> CWD not required.
--> PASV

227 Entering Passive Mode (192,0,32,9,98,96)
--> RETR in-addr.arpa.md5

150 Opening BINARY mode data connection for in-addr.arpa.md5 (52 bytes).
Length: 52

     0K                                                       100% 2.04K=0.02s

226 Transfer complete.
2017-04-11 00:11:32 (2.04 KB/s) - ‘./domain/in-addr.arpa.md5’ saved [52]

Remote file is newer than local file ‘./domain/in-addr.arpa.sha256’ -- retrieving.

--2017-04-11 00:11:32--  ftp://ftp.internic.net/domain/in-addr.arpa.sha256
           => ‘./domain/in-addr.arpa.sha256’
==> CWD not required.
--> PASV

227 Entering Passive Mode (192,0,32,9,243,203)
--> RETR in-addr.arpa.sha256

150 Opening BINARY mode data connection for in-addr.arpa.sha256 (87 bytes).
Length: 87

     0K                                                       100% 4.03K=0.02s

226 Transfer complete.
2017-04-11 00:11:58 (4.03 KB/s) - ‘./domain/in-addr.arpa.sha256’ saved [87]

Remote file is newer than local file ‘./domain/in-addr.arpa.zone’ -- retrieving.

--2017-04-11 00:11:58--  ftp://ftp.internic.net/domain/in-addr.arpa.zone
           => ‘./domain/in-addr.arpa.zone’
==> CWD not required.
--> PASV

227 Entering Passive Mode (192,0,32,9,42,159)
--> RETR in-addr.arpa.zone

150 Opening BINARY mode data connection for in-addr.arpa.zone (229871 bytes).
Length: 229871 (224K)

     0K .......... .......... .......... .......... .......... 22% 69.8K 2s
    50K .......... .......... .......... .......... .......... 44%  136K 1s
   100K .......... .......... .......... .......... .......... 66% 10.9M 1s
   150K .......... .......... .......... .......... .......... 89%  132K 0s
   200K .......... .......... ....                            100% 13.4M=1.5s

226 Transfer complete.
2017-04-11 00:14:04 (153 KB/s) - ‘./domain/in-addr.arpa.zone’ saved [229871]

The sizes do not match (local 90633) -- retrieving.

--2017-04-11 00:14:04--  ftp://ftp.internic.net/domain/in-addr.arpa.zone.gz
           => ‘./domain/in-addr.arpa.zone.gz’
==> CWD not required.
--> PASV

227 Entering Passive Mode (192,0,32,9,230,201)
couldn't connect to 192.0.32.9 port 59081: Resource temporarily unavailable
Retrying.

--2017-04-11 00:14:27--  ftp://ftp.internic.net/domain/in-addr.arpa.zone.gz
  (try: 2) => ‘./domain/in-addr.arpa.zone.gz’
Connecting to ftp.internic.net (ftp.internic.net)|192.0.32.9|:21... connected.
Logging in as anonymous ... 
220 Internic FTP Server
--> USER anonymous

331 Please specify the password.
--> PASS Turtle Power!

230 Login successful.
--> SYST

215 UNIX Type: L8
--> PWD

257 "/"
--> TYPE I

200 Switching to Binary mode.
--> CWD /domain

250 Directory successfully changed.
--> PASV

227 Entering Passive Mode (192,0,32,9,109,46)
--> RETR in-addr.arpa.zone.gz

150 Opening BINARY mode data connection for in-addr.arpa.zone.gz (90619 bytes).
Length: 90619 (88K)

     0K .......... .......... .......... .......... .......... 56% 61.0K 1s
    50K .......... .......... .......... ........             100% 71.1K=1.4s

226 Transfer complete.
2017-04-11 00:15:23 (65.0 KB/s) - ‘./domain/in-addr.arpa.zone.gz’ saved [90619]

Remote file is newer than local file ‘./domain/in-addr.arpa.zone.gz.md5’ -- retrieving.

--2017-04-11 00:15:23--  ftp://ftp.internic.net/domain/in-addr.arpa.zone.gz.md5
           => ‘./domain/in-addr.arpa.zone.gz.md5’
==> CWD not required.
--> PASV

227 Entering Passive Mode (192,0,32,9,42,6)
--> RETR in-addr.arpa.zone.gz.md5


Error in server response, closing control connection.
Retrying.

--2017-04-11 00:16:27--  ftp://ftp.internic.net/domain/in-addr.arpa.zone.gz.md5
  (try: 2) => ‘./domain/in-addr.arpa.zone.gz.md5’
Connecting to ftp.internic.net (ftp.internic.net)|192.0.32.9|:21... connected.
Logging in as anonymous ... 
220 Internic FTP Server
--> USER anonymous

331 Please specify the password.
--> PASS Turtle Power!

230 Login successful.
--> SYST

215 UNIX Type: L8
--> PWD

257 "/"
--> TYPE I

200 Switching to Binary mode.
--> CWD /domain

250 Directory successfully changed.
--> PASV

227 Entering Passive Mode (192,0,32,9,252,18)
couldn't connect to 192.0.32.9 port 64530: Resource temporarily unavailable
Retrying.

--2017-04-11 00:17:14--  ftp://ftp.internic.net/domain/in-addr.arpa.zone.gz.md5
  (try: 3) => ‘./domain/in-addr.arpa.zone.gz.md5’
Connecting to ftp.internic.net (ftp.internic.net)|192.0.32.9|:21... connected.
Logging in as anonymous ... 
220 Internic FTP Server
--> USER anonymous

331 Please specify the password.
--> PASS Turtle Power!

230 Login successful.
--> SYST

215 UNIX Type: L8
--> PWD

257 "/"
--> TYPE I

200 Switching to Binary mode.
--> CWD /domain

250 Directory successfully changed.
--> PASV

227 Entering Passive Mode (192,0,32,9,41,166)
--> RETR in-addr.arpa.zone.gz.md5

150 Opening BINARY mode data connection for in-addr.arpa.zone.gz.md5 (60 bytes).
Length: 60

     0K                                                       100% 1.06M=0s

226 Transfer complete.
2017-04-11 00:17:26 (1.06 MB/s) - ‘./domain/in-addr.arpa.zone.gz.md5’ saved [60]

Remote file is newer than local file ‘./domain/in-addr.arpa.zone.gz.sha256’ -- retrieving.

--2017-04-11 00:17:26--  ftp://ftp.internic.net/domain/in-addr.arpa.zone.gz.sha256
           => ‘./domain/in-addr.arpa.zone.gz.sha256’
==> CWD not required.
--> PASV

227 Entering Passive Mode (192,0,32,9,41,172)
--> RETR in-addr.arpa.zone.gz.sha256

150 Opening BINARY mode data connection for in-addr.arpa.zone.gz.sha256 (95 bytes).
Length: 95

     0K                                                       100%  843K=0s

226 Transfer complete.
2017-04-11 00:17:27 (843 KB/s) - ‘./domain/in-addr.arpa.zone.gz.sha256’ saved [95]

Remote file is newer than local file ‘./domain/in-addr.arpa.zone.md5’ -- retrieving.

--2017-04-11 00:17:27--  ftp://ftp.internic.net/domain/in-addr.arpa.zone.md5
           => ‘./domain/in-addr.arpa.zone.md5’
==> CWD not required.
--> PASV

227 Entering Passive Mode (192,0,32,9,154,37)
couldn't connect to 192.0.32.9 port 39461: Resource temporarily unavailable
Retrying.

--2017-04-11 00:17:50--  ftp://ftp.internic.net/domain/in-addr.arpa.zone.md5
  (try: 2) => ‘./domain/in-addr.arpa.zone.md5’
Connecting to ftp.internic.net (ftp.internic.net)|192.0.32.9|:21... connected.
Logging in as anonymous ... 
220 Internic FTP Server
--> USER anonymous

331 Please specify the password.
--> PASS Turtle Power!

230 Login successful.
--> SYST

215 UNIX Type: L8
--> PWD

257 "/"
--> TYPE I

200 Switching to Binary mode.
--> CWD /domain

250 Directory successfully changed.
--> PASV

227 Entering Passive Mode (192,0,32,9,203,138)
--> RETR in-addr.arpa.zone.md5

150 Opening BINARY mode data connection for in-addr.arpa.zone.md5 (57 bytes).
Length: 57

     0K                                                       100%  329K=0s

226 Transfer complete.
2017-04-11 00:18:08 (329 KB/s) - ‘./domain/in-addr.arpa.zone.md5’ saved [57]

Remote file is newer than local file ‘./domain/in-addr.arpa.zone.sha256’ -- retrieving.

--2017-04-11 00:18:08--  ftp://ftp.internic.net/domain/in-addr.arpa.zone.sha256
           => ‘./domain/in-addr.arpa.zone.sha256’
==> CWD not required.
--> PASV

227 Entering Passive Mode (192,0,32,9,113,122)
--> RETR in-addr.arpa.zone.sha256

150 Opening BINARY mode data connection for in-addr.arpa.zone.sha256 (92 bytes).
Length: 92

     0K                                                       100%  532K=0s

226 Transfer complete.
2017-04-11 00:18:13 (532 KB/s) - ‘./domain/in-addr.arpa.zone.sha256’ saved [92]

Remote file is newer than local file ‘./domain/ip6.arpa’ -- retrieving.

--2017-04-11 00:18:13--  ftp://ftp.internic.net/domain/ip6.arpa
           => ‘./domain/ip6.arpa’
==> CWD not required.
--> PASV


Error in server response, closing control connection.
Retrying.

--2017-04-11 00:18:49--  ftp://ftp.internic.net/domain/ip6.arpa
  (try: 2) => ‘./domain/ip6.arpa’
Connecting to ftp.internic.net (ftp.internic.net)|192.0.32.9|:21... connected.
Logging in as anonymous ... 
220 Internic FTP Server
--> USER anonymous

331 Please specify the password.
--> PASS Turtle Power!

230 Login successful.
--> SYST

215 UNIX Type: L8
--> PWD

257 "/"
--> TYPE I

200 Switching to Binary mode.
--> CWD /domain

250 Directory successfully changed.
--> PASV

227 Entering Passive Mode (192,0,32,9,138,12)
--> RETR ip6.arpa

150 Opening BINARY mode data connection for ip6.arpa (61853 bytes).
Length: 61853 (60K)

     0K .......... .......... .......... .......... .......... 82% 89.0K 0s
    50K ..........                                            100% 10.8M=0.6s

226 Transfer complete.
2017-04-11 00:20:12 (107 KB/s) - ‘./domain/ip6.arpa’ saved [61853]

The sizes do not match (local 24441) -- retrieving.

--2017-04-11 00:20:12--  ftp://ftp.internic.net/domain/ip6.arpa.gz
           => ‘./domain/ip6.arpa.gz’
==> CWD not required.
--> PASV

227 Entering Passive Mode (192,0,32,9,133,92)
--> RETR ip6.arpa.gz

150 Opening BINARY mode data connection for ip6.arpa.gz (24436 bytes).
Length: 24436 (24K)

     0K .......... .......... ...                             100% 93.0K=0.3s

226 Transfer complete.
2017-04-11 00:20:14 (93.0 KB/s) - ‘./domain/ip6.arpa.gz’ saved [24436]

Remote file is newer than local file ‘./domain/ip6.arpa.gz.md5’ -- retrieving.

--2017-04-11 00:20:14--  ftp://ftp.internic.net/domain/ip6.arpa.gz.md5
           => ‘./domain/ip6.arpa.gz.md5’
==> CWD not required.
--> PASV

227 Entering Passive Mode (192,0,32,9,51,245)
--> RETR ip6.arpa.gz.md5

150 Opening BINARY mode data connection for ip6.arpa.gz.md5 (51 bytes).
Length: 51

     0K                                                       100% 42.0K=0.001s

226 Transfer complete.
2017-04-11 00:20:19 (42.0 KB/s) - ‘./domain/ip6.arpa.gz.md5’ saved [51]

Remote file is newer than local file ‘./domain/ip6.arpa.gz.sha256’ -- retrieving.

--2017-04-11 00:20:19--  ftp://ftp.internic.net/domain/ip6.arpa.gz.sha256
           => ‘./domain/ip6.arpa.gz.sha256’
==> CWD not required.
--> PASV

227 Entering Passive Mode (192,0,32,9,219,39)
--> RETR ip6.arpa.gz.sha256

150 Opening BINARY mode data connection for ip6.arpa.gz.sha256 (86 bytes).
Length: 86

     0K                                                       100% 1.34M=0s

226 Transfer complete.
2017-04-11 00:22:24 (1.34 MB/s) - ‘./domain/ip6.arpa.gz.sha256’ saved [86]

Remote file is newer than local file ‘./domain/ip6.arpa.md5’ -- retrieving.

--2017-04-11 00:22:24--  ftp://ftp.internic.net/domain/ip6.arpa.md5
           => ‘./domain/ip6.arpa.md5’
==> CWD not required.
--> PASV

227 Entering Passive Mode (192,0,32,9,41,26)
--> RETR ip6.arpa.md5

150 Opening BINARY mode data connection for ip6.arpa.md5 (48 bytes).
Length: 48

     0K                                                       100%  355K=0s

226 Transfer complete.
2017-04-11 00:22:25 (355 KB/s) - ‘./domain/ip6.arpa.md5’ saved [48]

Remote file is newer than local file ‘./domain/ip6.arpa.sha256’ -- retrieving.

--2017-04-11 00:22:25--  ftp://ftp.internic.net/domain/ip6.arpa.sha256
           => ‘./domain/ip6.arpa.sha256’
==> CWD not required.
--> PASV

227 Entering Passive Mode (192,0,32,9,157,62)
--> RETR ip6.arpa.sha256

150 Opening BINARY mode data connection for ip6.arpa.sha256 (83 bytes).
Length: 83

     0K                                                       100% 1.22M=0s

226 Transfer complete.
2017-04-11 00:22:26 (1.22 MB/s) - ‘./domain/ip6.arpa.sha256’ saved [83]

Remote file is newer than local file ‘./domain/ip6.arpa.zone’ -- retrieving.

--2017-04-11 00:22:26--  ftp://ftp.internic.net/domain/ip6.arpa.zone
           => ‘./domain/ip6.arpa.zone’
==> CWD not required.
--> PASV

227 Entering Passive Mode (192,0,32,9,221,11)
--> RETR ip6.arpa.zone

150 Opening BINARY mode data connection for ip6.arpa.zone (61853 bytes).
Length: 61853 (60K)

     0K .......... .......... .......... .......... .......... 82% 36.9K 0s
    50K ..........                                            100% 39.6K=1.6s

226 Transfer complete.
2017-04-11 00:22:29 (37.3 KB/s) - ‘./domain/ip6.arpa.zone’ saved [61853]

The sizes do not match (local 24441) -- retrieving.

--2017-04-11 00:22:29--  ftp://ftp.internic.net/domain/ip6.arpa.zone.gz
           => ‘./domain/ip6.arpa.zone.gz’
==> CWD not required.
--> PASV

227 Entering Passive Mode (192,0,32,9,234,236)
--> RETR ip6.arpa.zone.gz

150 Opening BINARY mode data connection for ip6.arpa.zone.gz (24436 bytes).
Length: 24436 (24K)

     0K .......... .......... ...                             100% 89.4K=0.3s

226 Transfer complete.
2017-04-11 00:22:30 (89.4 KB/s) - ‘./domain/ip6.arpa.zone.gz’ saved [24436]

Remote file is newer than local file ‘./domain/ip6.arpa.zone.gz.md5’ -- retrieving.

--2017-04-11 00:22:30--  ftp://ftp.internic.net/domain/ip6.arpa.zone.gz.md5
           => ‘./domain/ip6.arpa.zone.gz.md5’
==> CWD not required.
--> PASV

227 Entering Passive Mode (192,0,32,9,50,193)
--> RETR ip6.arpa.zone.gz.md5

150 Opening BINARY mode data connection for ip6.arpa.zone.gz.md5 (56 bytes).
Length: 56

     0K                                                       100% 12.4K=0.004s

226 Transfer complete.
2017-04-11 00:22:31 (12.4 KB/s) - ‘./domain/ip6.arpa.zone.gz.md5’ saved [56]

Remote file is newer than local file ‘./domain/ip6.arpa.zone.gz.sha256’ -- retrieving.

--2017-04-11 00:22:31--  ftp://ftp.internic.net/domain/ip6.arpa.zone.gz.sha256
           => ‘./domain/ip6.arpa.zone.gz.sha256’
==> CWD not required.
--> PASV

227 Entering Passive Mode (192,0,32,9,221,142)
--> RETR ip6.arpa.zone.gz.sha256

150 Opening BINARY mode data connection for ip6.arpa.zone.gz.sha256 (91 bytes).
Length: 91

     0K                                                       100% 4.90K=0.02s

226 Transfer complete.
2017-04-11 00:22:33 (4.90 KB/s) - ‘./domain/ip6.arpa.zone.gz.sha256’ saved [91]

Remote file is newer than local file ‘./domain/ip6.arpa.zone.md5’ -- retrieving.

--2017-04-11 00:22:33--  ftp://ftp.internic.net/domain/ip6.arpa.zone.md5
           => ‘./domain/ip6.arpa.zone.md5’
==> CWD not required.
--> PASV

227 Entering Passive Mode (192,0,32,9,131,143)
--> RETR ip6.arpa.zone.md5

150 Opening BINARY mode data connection for ip6.arpa.zone.md5 (53 bytes).
Length: 53

     0K                                                       100% 3.55K=0.01s

226 Transfer complete.
2017-04-11 00:22:34 (3.55 KB/s) - ‘./domain/ip6.arpa.zone.md5’ saved [53]

Remote file is newer than local file ‘./domain/ip6.arpa.zone.sha256’ -- retrieving.

--2017-04-11 00:22:34--  ftp://ftp.internic.net/domain/ip6.arpa.zone.sha256
           => ‘./domain/ip6.arpa.zone.sha256’
==> CWD not required.
--> PASV

227 Entering Passive Mode (192,0,32,9,47,25)
couldn't connect to 192.0.32.9 port 12057: Resource temporarily unavailable
Retrying.

--2017-04-11 00:22:56--  ftp://ftp.internic.net/domain/ip6.arpa.zone.sha256
  (try: 2) => ‘./domain/ip6.arpa.zone.sha256’
Connecting to ftp.internic.net (ftp.internic.net)|192.0.32.9|:21... failed: Resource temporarily unavailable.
Connecting to ftp.internic.net (ftp.internic.net)|2620:0:2d0:200::9|:21... failed: Network is unreachable.
Resolving ftp.internic.net (ftp.internic.net)... 192.0.32.9, 2620:0:2d0:200::9
Connecting to ftp.internic.net (ftp.internic.net)|192.0.32.9|:21... connected.
Logging in as anonymous ... 
220 Internic FTP Server
--> USER anonymous

331 Please specify the password.
--> PASS Turtle Power!

230 Login successful.
--> SYST

215 UNIX Type: L8
--> PWD

257 "/"
--> TYPE I

200 Switching to Binary mode.
--> CWD /domain

250 Directory successfully changed.
--> PASV

227 Entering Passive Mode (192,0,32,9,139,25)
--> RETR ip6.arpa.zone.sha256

150 Opening BINARY mode data connection for ip6.arpa.zone.sha256 (88 bytes).
Length: 88

     0K                                                       100%  127K=0.001s

226 Transfer complete.
2017-04-11 00:23:22 (127 KB/s) - ‘./domain/ip6.arpa.zone.sha256’ saved [88]

Remote file is newer than local file ‘./domain/last_update.txt’ -- retrieving.

--2017-04-11 00:23:22--  ftp://ftp.internic.net/domain/last_update.txt
           => ‘./domain/last_update.txt’
==> CWD not required.
--> PASV

227 Entering Passive Mode (192,0,32,9,117,125)
--> RETR last_update.txt

150 Opening BINARY mode data connection for last_update.txt (21 bytes).
Length: 21

     0K                                                       100%  394K=0s

226 Transfer complete.
2017-04-11 00:23:26 (394 KB/s) - ‘./domain/last_update.txt’ saved [21]

Remote file no newer than local file ‘./domain/named.cache’ -- not retrieving.
Remote file no newer than local file ‘./domain/named.cache.md5’ -- not retrieving.
Remote file no newer than local file ‘./domain/named.cache.sig’ -- not retrieving.
Remote file no newer than local file ‘./domain/named.root’ -- not retrieving.
Remote file no newer than local file ‘./domain/named.root.md5’ -- not retrieving.
Remote file no newer than local file ‘./domain/named.root.sig’ -- not retrieving.
Remote file no newer than local file ‘./domain/root-servers.net.zone’ -- not retrieving.
Remote file no newer than local file ‘./domain/root-servers.net.zone.gz’ -- not retrieving.
Remote file no newer than local file ‘./domain/root-servers.net.zone.gz.md5’ -- not retrieving.
Remote file no newer than local file ‘./domain/root-servers.net.zone.gz.sig’ -- not retrieving.
Remote file is newer than local file ‘./domain/root.zone’ -- retrieving.

--2017-04-11 00:23:26--  ftp://ftp.internic.net/domain/root.zone
           => ‘./domain/root.zone’
==> CWD not required.
--> PASV

227 Entering Passive Mode (192,0,32,9,175,87)
--> RETR root.zone

150 Opening BINARY mode data connection for root.zone (2236427 bytes).
Length: 2236427 (2.1M)

     0K .......... .......... .......... .......... ..........  2% 66.2K 32s
    50K .......... .......... .......... .......... ..........  4%  141K 23s
   100K .......... .......... .......... .......... ..........  6% 72.1K 24s
   150K .......... .......... .......... .......... ..........  9%  135K 22s
   200K .......... .......... .......... .......... .......... 11% 10.7M 17s
   250K .......... .......... .......... .......... .......... 13% 45.1K 21s
   300K .......... .......... .......... .......... .......... 16% 34.2M 17s
   350K .......... .......... .......... .......... .......... 18% 40.0M 15s
   400K .......... .......... .......... .......... .......... 20% 34.1M 13s
   450K .......... .......... .......... .......... .......... 22% 33.8K 16s
   500K .......... .......... .......... .......... .......... 25% 12.0M 14s
   550K .......... .......... .......... .......... .......... 27% 40.0M 13s
   600K .......... .......... .......... .......... .......... 29% 34.7M 11s
   650K .......... .......... .......... .......... .......... 32% 32.8K 13s
   700K .......... .......... .......... .......... .......... 34%  106M 12s
   750K .......... .......... .......... .......... .......... 36% 4.16K 32s
   800K .......... .......... .......... .......... .......... 38% 70.6K 30s
   850K .......... .......... .......... .......... .......... 41% 93.4M 27s
   900K .......... .......... .......... .......... .......... 43% 80.7M 25s
   950K .......... .......... .......... .......... .......... 45%  132K 23s
  1000K .......... .......... .......... .......... .......... 48%  841K 21s
  1050K .......... .......... .......... .......... .......... 50%  132K 20s
  1100K .......... .......... .......... .......... .......... 52%  161K 18s
  1150K .......... .......... .......... .......... .......... 54%  971K 17s
  1200K .......... .......... .......... .......... .......... 57% 7.13K 20s
  1250K .......... .......... .......... .......... .......... 59% 69.6K 19s
  1300K .......... .......... .......... .......... .......... 61% 33.9M 17s
  1350K .......... .......... .......... .......... .......... 64% 68.7K 16s
  1400K .......... .......... .......... .......... .......... 66% 95.2M 15s
  1450K .......... .......... .......... .......... .......... 68%  120M 13s
  1500K .......... .......... .......... .......... .......... 70% 6.74M 12s
  1550K .......... .......... .......... .......... .......... 73%  138K 11s
  1600K .......... .......... .......... .......... .......... 75% 5.60M 9s
  1650K .......... .......... .......... .......... .......... 77%  183K 8s
  1700K .......... .......... .......... .......... .......... 80% 9.86M 7s
  1750K .......... .......... .......... .......... .......... 82% 62.5K 6s
  1800K .......... .......... .......... .......... .......... 84%  123M 5s
  1850K .......... .......... .......... .......... .......... 86%  125M 5s
  1900K .......... .......... .......... .......... .......... 89%  124M 4s
  1950K .......... .......... .......... .......... .......... 91% 5.76M 3s
  2000K .......... .......... .......... .......... .......... 93%  190K 2s
  2050K .......... .......... .......... .......... .......... 96% 61.5K 1s
  2100K .......... .......... .......... .......... .......... 98% 73.5M 0s
  2150K .......... .......... .......... ....                 100% 81.2M=31s

226 Transfer complete.
2017-04-11 00:24:01 (70.0 KB/s) - ‘./domain/root.zone’ saved [2236427]

The sizes do not match (local 1050353) -- retrieving.

--2017-04-11 00:24:01--  ftp://ftp.internic.net/domain/root.zone.gz
           => ‘./domain/root.zone.gz’
==> CWD not required.
--> PASV

227 Entering Passive Mode (192,0,32,9,208,207)
couldn't connect to 192.0.32.9 port 53455: Resource temporarily unavailable
Retrying.

--2017-04-11 00:24:23--  ftp://ftp.internic.net/domain/root.zone.gz
  (try: 2) => ‘./domain/root.zone.gz’
Connecting to ftp.internic.net (ftp.internic.net)|192.0.32.9|:21... connected.
Logging in as anonymous ... 
220 Internic FTP Server
--> USER anonymous

331 Please specify the password.
--> PASS Turtle Power!

230 Login successful.
--> SYST

215 UNIX Type: L8
--> PWD

257 "/"
--> TYPE I

200 Switching to Binary mode.
--> CWD /domain

250 Directory successfully changed.
--> PASV

227 Entering Passive Mode (192,0,32,9,41,30)
--> RETR root.zone.gz

150 Opening BINARY mode data connection for root.zone.gz (1050306 bytes).
Length: 1050306 (1.0M)

     0K .......... .......... ..........                        2% 2.74K=11s

426 Failure writing network stream.
2017-04-11 00:27:43 (2.74 KB/s) - Data transfer aborted.
Retrying.

--2017-04-11 00:27:45--  ftp://ftp.internic.net/domain/root.zone.gz
  (try: 3) => ‘./domain/root.zone.gz’
==> CWD not required.
--> PASV

227 Entering Passive Mode (192,0,32,9,85,69)
--> REST 31416

350 Restart position accepted (31416).
--> RETR root.zone.gz

150 Opening BINARY mode data connection for root.zone.gz (1050306 bytes).
Length: 1050306 (1.0M), 1018890 (995K) remaining

     0K ,,,,,,,,,, ,,,,,,,,,, ,,,,,,,,,, .......... ..........  4% 59.3K 43s
    50K .......... .......... .......... .......... ..........  9% 78.4K 20s
   100K .......... .......... .......... .......... .......... 14% 52.2K 18s
   150K ..                                                     14% 7.64G=2.4s

426 Failure writing network stream.
2017-04-11 00:30:12 (49.7 KB/s) - Data transfer aborted.
Retrying.

--2017-04-11 00:30:15--  ftp://ftp.internic.net/domain/root.zone.gz
  (try: 4) => ‘./domain/root.zone.gz’
==> CWD not required.
--> PASV

227 Entering Passive Mode (192,0,32,9,41,100)
couldn't connect to 192.0.32.9 port 10596: Resource temporarily unavailable
Retrying.

--2017-04-11 00:30:41--  ftp://ftp.internic.net/domain/root.zone.gz
  (try: 5) => ‘./domain/root.zone.gz’
Connecting to ftp.internic.net (ftp.internic.net)|192.0.32.9|:21... connected.
Logging in as anonymous ... 
220 Internic FTP Server
--> USER anonymous

331 Please specify the password.
--> PASS Turtle Power!

230 Login successful.
--> SYST

215 UNIX Type: L8
--> PWD

257 "/"
--> TYPE I

200 Switching to Binary mode.
--> CWD /domain

250 Directory successfully changed.
--> PASV

227 Entering Passive Mode (192,0,32,9,160,170)
--> REST 155652

350 Restart position accepted (155652).
--> RETR root.zone.gz

150 Opening BINARY mode data connection for root.zone.gz (1050306 bytes).
Length: 1050306 (1.0M), 894654 (874K) remaining

        [ skipping 150K ]
   150K ,,........ .......... .......... .......... .......... 19% 78.3K 11s
   200K .......... .......... .......... .......... .......... 24% 37.6K 16s
   250K .......... .......... .......... .......... .......... 29% 64.5K 13s
   300K .......... .......... .......... .......... .......... 34% 69.0K 12s
   350K .......... .......... .......... .......... .......... 38%  154K 10s
   400K .......... .......... .......... .......... .......... 43% 76.7K 9s
   450K .......... .......... .......... .......... .......... 48%  148K 7s
   500K .......... .......... .......... .......... .......... 53%  149K 6s
   550K .......... .......... .......... .......... .......... 58% 7.63M 5s
   600K .......... .......... .......... .......... .......... 63%  146K 4s
   650K .......... .......... .......... .......... .......... 68%  144K 3s
   700K .......... .......... .......... .......... .......... 73%  146K 3s
   750K .......... .......... .......... .......... .......... 77%  148K 2s
   800K .......... .......... .......... .......... .......... 82%  146K 2s
   850K .......... .......... .......... .......... .......... 87%  142K 1s
   900K .......... .......... .......... .......... .......... 92% 3.91M 1s
   950K .......... .......... .......... .......... .......... 97%  146K 0s
  1000K .......... .......... .....                           100% 79.1K=7.9s

226 Transfer complete.
2017-04-11 00:31:37 (111 KB/s) - ‘./domain/root.zone.gz’ saved [1050306]

Remote file is newer than local file ‘./domain/root.zone.gz.md5’ -- retrieving.

--2017-04-11 00:31:37--  ftp://ftp.internic.net/domain/root.zone.gz.md5
           => ‘./domain/root.zone.gz.md5’
==> CWD not required.
--> PASV


Error in server response, closing control connection.
Retrying.

--2017-04-11 00:32:10--  ftp://ftp.internic.net/domain/root.zone.gz.md5
  (try: 2) => ‘./domain/root.zone.gz.md5’
Connecting to ftp.internic.net (ftp.internic.net)|192.0.32.9|:21... connected.
Logging in as anonymous ... 
220 Internic FTP Server
--> USER anonymous

331 Please specify the password.
--> PASS Turtle Power!

230 Login successful.
--> SYST

215 UNIX Type: L8
--> PWD

257 "/"
--> TYPE I

200 Switching to Binary mode.
--> CWD /domain

250 Directory successfully changed.
--> PASV

227 Entering Passive Mode (192,0,32,9,117,102)
couldn't connect to 192.0.32.9 port 30054: Resource temporarily unavailable
Retrying.

--2017-04-11 00:32:44--  ftp://ftp.internic.net/domain/root.zone.gz.md5
  (try: 3) => ‘./domain/root.zone.gz.md5’
Connecting to ftp.internic.net (ftp.internic.net)|192.0.32.9|:21... connected.
Logging in as anonymous ... 
220 Internic FTP Server
--> USER anonymous

331 Please specify the password.
--> PASS Turtle Power!

230 Login successful.
--> SYST

215 UNIX Type: L8
--> PWD

257 "/"
--> TYPE I

200 Switching to Binary mode.
--> CWD /domain

250 Directory successfully changed.
--> PASV

227 Entering Passive Mode (192,0,32,9,19,135)
--> RETR root.zone.gz.md5

150 Opening BINARY mode data connection for root.zone.gz.md5 (33 bytes).
Length: 33

     0K                                                       100% 2.01K=0.02s

226 Transfer complete.
2017-04-11 00:32:50 (2.01 KB/s) - ‘./domain/root.zone.gz.md5’ saved [33]

Remote file is newer than local file ‘./domain/root.zone.gz.sig’ -- retrieving.

--2017-04-11 00:32:51--  ftp://ftp.internic.net/domain/root.zone.gz.sig
           => ‘./domain/root.zone.gz.sig’
==> CWD not required.
--> PASV

227 Entering Passive Mode (192,0,32,9,173,198)
couldn't connect to 192.0.32.9 port 44486: Resource temporarily unavailable
Retrying.

--2017-04-11 00:33:15--  ftp://ftp.internic.net/domain/root.zone.gz.sig
  (try: 2) => ‘./domain/root.zone.gz.sig’
Connecting to ftp.internic.net (ftp.internic.net)|192.0.32.9|:21... connected.
Logging in as anonymous ... 

Error in server response, closing control connection.
Retrying.

--2017-04-11 00:48:17--  ftp://ftp.internic.net/domain/root.zone.gz.sig
  (try: 3) => ‘./domain/root.zone.gz.sig’
Connecting to ftp.internic.net (ftp.internic.net)|192.0.32.9|:21... connected.
Logging in as anonymous ... 

Error in server response, closing control connection.
Retrying.

--2017-04-11 01:03:29--  ftp://ftp.internic.net/domain/root.zone.gz.sig
  (try: 4) => ‘./domain/root.zone.gz.sig’
Connecting to ftp.internic.net (ftp.internic.net)|192.0.32.9|:21... connected.
Logging in as anonymous ... 
220 Internic FTP Server
--> USER anonymous

331 Please specify the password.
--> PASS Turtle Power!

230 Login successful.
--> SYST

215 UNIX Type: L8
--> PWD

257 "/"
--> TYPE I

200 Switching to Binary mode.
--> CWD /domain

250 Directory successfully changed.
--> PASV

227 Entering Passive Mode (192,0,32,9,42,98)
--> RETR root.zone.gz.sig

150 Opening BINARY mode data connection for root.zone.gz.sig (72 bytes).
Length: 72

     0K                                                       100% 5.52K=0.01s

226 Transfer complete.
2017-04-11 01:03:33 (5.52 KB/s) - ‘./domain/root.zone.gz.sig’ saved [72]

Remote file is newer than local file ‘./domain/root.zone.md5’ -- retrieving.

--2017-04-11 01:03:33--  ftp://ftp.internic.net/domain/root.zone.md5
           => ‘./domain/root.zone.md5’
==> CWD not required.
--> PASV

227 Entering Passive Mode (192,0,32,9,142,97)
--> RETR root.zone.md5

150 Opening BINARY mode data connection for root.zone.md5 (33 bytes).
Length: 33

     0K                                                       100%  749K=0s

226 Transfer complete.
2017-04-11 01:03:34 (749 KB/s) - ‘./domain/root.zone.md5’ saved [33]

Remote file is newer than local file ‘./domain/root.zone.sig’ -- retrieving.

--2017-04-11 01:03:34--  ftp://ftp.internic.net/domain/root.zone.sig
           => ‘./domain/root.zone.sig’
==> CWD not required.
--> PASV

227 Entering Passive Mode (192,0,32,9,72,151)
--> RETR root.zone.sig

150 Opening BINARY mode data connection for root.zone.sig (72 bytes).
Length: 72

     0K                                                       100%  633K=0s

226 Transfer complete.
2017-04-11 01:03:35 (633 KB/s) - ‘./domain/root.zone.sig’ saved [72]

FINISHED --2017-04-11 01:03:35--
Total wall clock time: 1h 3m 34s
Downloaded: 40 files, 3.9M in 1m 6s (61.2 KB/s)
