--2017-06-07 00:00:02--  ftp://ftp.internic.net/*
           => ‘./.listing’
Resolving ftp.internic.net (ftp.internic.net)... 192.0.32.9, 2620:0:2d0:200::9
Connecting to ftp.internic.net (ftp.internic.net)|192.0.32.9|:21... connected.
Logging in as anonymous ... 
220 Internic FTP Server
--> USER anonymous

331 Please specify the password.
--> PASS Turtle Power!

230 Login successful.
--> SYST

215 UNIX Type: L8
--> PWD

257 "/"
--> TYPE I

200 Switching to Binary mode.
==> CWD not needed.
--> PASV

227 Entering Passive Mode (192,0,32,9,41,122)
--> LIST -a

150 Here comes the directory listing.

     0K                                                        2.39M=0s

226 Directory send OK.
drwxr-xr-x    3 ftp      ftp          4096 Apr 04  2012 .
drwxr-xr-x    3 ftp      ftp          4096 Apr 04  2012 ..
drwxr-xr-x    2 ftp      ftp          4096 Sep 09  2015 domain
2017-06-07 00:00:11 (2.39 MB/s) - ‘./.listing’ saved [183]

--2017-06-07 00:00:11--  ftp://ftp.internic.net/domain/*
           => ‘./domain/.listing’
--> CWD /domain

250 Directory successfully changed.
--> PASV

227 Entering Passive Mode (192,0,32,9,18,206)
--> LIST -a

150 Here comes the directory listing.

     0K ...                                                    15.2M=0s

226 Directory send OK.
drwxr-xr-x    2 ftp      ftp          4096 Sep 09  2015 .
drwxr-xr-x    3 ftp      ftp          4096 Apr 04  2012 ..
-rw-r--r--    1 ftp      ftp          1829 Aug 18  2015 .listing
-rw-r--r--    1 ftp      ftp          1224 Jun 06 12:34 INTERNIC_ROOT_ZONE.signatures
-rw-r--r--    1 ftp      ftp          1469 Jun 06 12:34 INTERNIC_ROOT_ZONE.signatures.asc
-rw-r--r--    1 ftp      ftp         15228 Jun 06 12:34 arpa.zone
-rw-r--r--    1 ftp      ftp          6651 Jun 06 12:34 arpa.zone.gz
-rw-r--r--    1 ftp      ftp            33 Jun 06 12:34 arpa.zone.gz.md5
-rw-r--r--    1 ftp      ftp            72 Jun 06 12:34 arpa.zone.gz.sig
-rw-r--r--    1 ftp      ftp          3289 Jun 01 15:27 db.cache
-rw-r--r--    1 ftp      ftp            33 Jun 01 15:27 db.cache.md5
-rw-r--r--    1 ftp      ftp            72 Jun 01 15:27 db.cache.sig
-rw-r--r--    1 ftp      ftp        228369 Jun 06 15:40 in-addr.arpa
-rw-r--r--    1 ftp      ftp         90200 Jun 06 15:40 in-addr.arpa.gz
-rw-r--r--    1 ftp      ftp            55 Jun 06 15:40 in-addr.arpa.gz.md5
-rw-r--r--    1 ftp      ftp            90 Jun 06 15:40 in-addr.arpa.gz.sha256
-rw-r--r--    1 ftp      ftp            52 Jun 06 15:40 in-addr.arpa.md5
-rw-r--r--    1 ftp      ftp            87 Jun 06 15:40 in-addr.arpa.sha256
-rw-r--r--    1 ftp      ftp        228369 Jun 06 15:40 in-addr.arpa.zone
-rw-r--r--    1 ftp      ftp         90200 Jun 06 15:40 in-addr.arpa.zone.gz
-rw-r--r--    1 ftp      ftp            60 Jun 06 15:40 in-addr.arpa.zone.gz.md5
-rw-r--r--    1 ftp      ftp            95 Jun 06 15:40 in-addr.arpa.zone.gz.sha256
-rw-r--r--    1 ftp      ftp            57 Jun 06 15:40 in-addr.arpa.zone.md5
-rw-r--r--    1 ftp      ftp            92 Jun 06 15:40 in-addr.arpa.zone.sha256
-rw-r--r--    1 ftp      ftp         61264 Jun 06 15:40 ip6.arpa
-rw-r--r--    1 ftp      ftp         24257 Jun 06 15:40 ip6.arpa.gz
-rw-r--r--    1 ftp      ftp            51 Jun 06 15:40 ip6.arpa.gz.md5
-rw-r--r--    1 ftp      ftp            86 Jun 06 15:40 ip6.arpa.gz.sha256
-rw-r--r--    1 ftp      ftp            48 Jun 06 15:40 ip6.arpa.md5
-rw-r--r--    1 ftp      ftp            83 Jun 06 15:40 ip6.arpa.sha256
-rw-r--r--    1 ftp      ftp         61264 Jun 06 15:40 ip6.arpa.zone
-rw-r--r--    1 ftp      ftp         24257 Jun 06 15:40 ip6.arpa.zone.gz
-rw-r--r--    1 ftp      ftp            56 Jun 06 15:40 ip6.arpa.zone.gz.md5
-rw-r--r--    1 ftp      ftp            91 Jun 06 15:40 ip6.arpa.zone.gz.sha256
-rw-r--r--    1 ftp      ftp            53 Jun 06 15:40 ip6.arpa.zone.md5
-rw-r--r--    1 ftp      ftp            88 Jun 06 15:40 ip6.arpa.zone.sha256
-rw-r--r--    1 ftp      ftp            21 Jun 06 15:40 last_update.txt
-rw-r--r--    1 ftp      ftp          3289 Jun 01 15:27 named.cache
-rw-r--r--    1 ftp      ftp            33 Jun 01 15:27 named.cache.md5
-rw-r--r--    1 ftp      ftp            72 Jun 01 15:27 named.cache.sig
-rw-r--r--    1 ftp      ftp          3289 Jun 01 15:27 named.root
-rw-r--r--    1 ftp      ftp            33 Jun 01 15:27 named.root.md5
-rw-r--r--    1 ftp      ftp            72 Jun 01 15:27 named.root.sig
-rw-r--r--    1 ftp      ftp          2111 Jun 01 15:27 root-servers.net.zone
-rw-r--r--    1 ftp      ftp           575 Jun 01 15:27 root-servers.net.zone.gz
-rw-r--r--    1 ftp      ftp            33 Jun 01 15:27 root-servers.net.zone.gz.md5
-rw-r--r--    1 ftp      ftp            72 Jun 01 15:27 root-servers.net.zone.gz.sig
-rw-r--r--    1 ftp      ftp       2237298 Jun 06 05:16 root.zone
-rw-r--r--    1 ftp      ftp       1050443 Jun 06 05:16 root.zone.gz
-rw-r--r--    1 ftp      ftp            33 Jun 06 05:16 root.zone.gz.md5
-rw-r--r--    1 ftp      ftp            72 Jun 06 05:16 root.zone.gz.sig
-rw-r--r--    1 ftp      ftp            33 Jun 06 05:16 root.zone.md5
-rw-r--r--    1 ftp      ftp            72 Jun 06 05:16 root.zone.sig
2017-06-07 00:00:13 (15.2 MB/s) - ‘./domain/.listing’ saved [3930]

The sizes do not match (local 3930) -- retrieving.

--2017-06-07 00:00:13--  ftp://ftp.internic.net/domain/.listing
           => ‘./domain/.listing’
==> CWD not required.
--> PASV

227 Entering Passive Mode (192,0,32,9,157,225)
--> RETR .listing

150 Opening BINARY mode data connection for .listing (1829 bytes).
Length: 1829 (1.8K)

     0K .                                                     100% 2.36M=0.001s

226 Transfer complete.
2017-06-07 00:00:15 (2.36 MB/s) - ‘./domain/.listing’ saved [1829]

Remote file is newer than local file ‘./domain/INTERNIC_ROOT_ZONE.signatures’ -- retrieving.

--2017-06-07 00:00:15--  ftp://ftp.internic.net/domain/INTERNIC_ROOT_ZONE.signatures
           => ‘./domain/INTERNIC_ROOT_ZONE.signatures’
==> CWD not required.
--> PASV

227 Entering Passive Mode (192,0,32,9,72,52)
--> RETR INTERNIC_ROOT_ZONE.signatures

150 Opening BINARY mode data connection for INTERNIC_ROOT_ZONE.signatures (1224 bytes).
Length: 1224 (1.2K)

     0K .                                                     100% 9.19M=0s

226 Transfer complete.
2017-06-07 00:00:18 (9.19 MB/s) - ‘./domain/INTERNIC_ROOT_ZONE.signatures’ saved [1224]

Remote file is newer than local file ‘./domain/INTERNIC_ROOT_ZONE.signatures.asc’ -- retrieving.

--2017-06-07 00:00:18--  ftp://ftp.internic.net/domain/INTERNIC_ROOT_ZONE.signatures.asc
           => ‘./domain/INTERNIC_ROOT_ZONE.signatures.asc’
==> CWD not required.
--> PASV

227 Entering Passive Mode (192,0,32,9,50,203)
--> RETR INTERNIC_ROOT_ZONE.signatures.asc

150 Opening BINARY mode data connection for INTERNIC_ROOT_ZONE.signatures.asc (1469 bytes).
Length: 1469 (1.4K)

     0K .                                                     100% 2.66M=0.001s

226 Transfer complete.
2017-06-07 00:00:19 (2.66 MB/s) - ‘./domain/INTERNIC_ROOT_ZONE.signatures.asc’ saved [1469]

Remote file is newer than local file ‘./domain/arpa.zone’ -- retrieving.

--2017-06-07 00:00:19--  ftp://ftp.internic.net/domain/arpa.zone
           => ‘./domain/arpa.zone’
==> CWD not required.
--> PASV

227 Entering Passive Mode (192,0,32,9,177,242)
--> RETR arpa.zone

150 Opening BINARY mode data connection for arpa.zone (15228 bytes).
Length: 15228 (15K)

     0K .......... ....                                       100% 2.94M=0.005s

226 Transfer complete.
2017-06-07 00:00:21 (2.94 MB/s) - ‘./domain/arpa.zone’ saved [15228]

The sizes do not match (local 6643) -- retrieving.

--2017-06-07 00:00:21--  ftp://ftp.internic.net/domain/arpa.zone.gz
           => ‘./domain/arpa.zone.gz’
==> CWD not required.
--> PASV

227 Entering Passive Mode (192,0,32,9,119,1)
--> RETR arpa.zone.gz

150 Opening BINARY mode data connection for arpa.zone.gz (6651 bytes).
Length: 6651 (6.5K)

     0K ......                                                100% 2.65K=2.5s

226 Transfer complete.
2017-06-07 00:00:25 (2.65 KB/s) - ‘./domain/arpa.zone.gz’ saved [6651]

Remote file is newer than local file ‘./domain/arpa.zone.gz.md5’ -- retrieving.

--2017-06-07 00:00:25--  ftp://ftp.internic.net/domain/arpa.zone.gz.md5
           => ‘./domain/arpa.zone.gz.md5’
==> CWD not required.
--> PASV

227 Entering Passive Mode (192,0,32,9,236,117)
--> RETR arpa.zone.gz.md5

150 Opening BINARY mode data connection for arpa.zone.gz.md5 (33 bytes).
Length: 33

     0K                                                       100% 60.8K=0.001s

226 Transfer complete.
2017-06-07 00:00:30 (60.8 KB/s) - ‘./domain/arpa.zone.gz.md5’ saved [33]

Remote file is newer than local file ‘./domain/arpa.zone.gz.sig’ -- retrieving.

--2017-06-07 00:00:30--  ftp://ftp.internic.net/domain/arpa.zone.gz.sig
           => ‘./domain/arpa.zone.gz.sig’
==> CWD not required.
--> PASV

227 Entering Passive Mode (192,0,32,9,126,71)
couldn't connect to 192.0.32.9 port 32327: Resource temporarily unavailable
Retrying.

--2017-06-07 00:00:52--  ftp://ftp.internic.net/domain/arpa.zone.gz.sig
  (try: 2) => ‘./domain/arpa.zone.gz.sig’
Connecting to ftp.internic.net (ftp.internic.net)|192.0.32.9|:21... connected.
Logging in as anonymous ... 
220 Internic FTP Server
--> USER anonymous

331 Please specify the password.
--> PASS Turtle Power!

230 Login successful.
--> SYST

215 UNIX Type: L8
--> PWD

257 "/"
--> TYPE I

200 Switching to Binary mode.
--> CWD /domain

250 Directory successfully changed.
--> PASV

227 Entering Passive Mode (192,0,32,9,48,245)
--> RETR arpa.zone.gz.sig

150 Opening BINARY mode data connection for arpa.zone.gz.sig (72 bytes).
Length: 72

     0K                                                       100%  164K=0s

226 Transfer complete.
2017-06-07 00:00:59 (164 KB/s) - ‘./domain/arpa.zone.gz.sig’ saved [72]

Remote file no newer than local file ‘./domain/db.cache’ -- not retrieving.
Remote file no newer than local file ‘./domain/db.cache.md5’ -- not retrieving.
Remote file no newer than local file ‘./domain/db.cache.sig’ -- not retrieving.
Remote file is newer than local file ‘./domain/in-addr.arpa’ -- retrieving.

--2017-06-07 00:00:59--  ftp://ftp.internic.net/domain/in-addr.arpa
           => ‘./domain/in-addr.arpa’
==> CWD not required.
--> PASV

227 Entering Passive Mode (192,0,32,9,64,133)
--> RETR in-addr.arpa

150 Opening BINARY mode data connection for in-addr.arpa (228369 bytes).
Length: 228369 (223K)

     0K .......... .......... .......... .......... .......... 22% 14.3K 12s
    50K .......... .......... .......... .......... .......... 44% 12.3K 9s
   100K .......... .......... .......... .......... .......... 67%  122K 4s
   150K .......... .......... .......... .......... .......... 89% 10.5M 1s
   200K .......... .......... ...                             100% 2.00M=8.0s

226 Transfer complete.
2017-06-07 00:01:08 (27.9 KB/s) - ‘./domain/in-addr.arpa’ saved [228369]

Remote file is newer than local file ‘./domain/in-addr.arpa.gz’ -- retrieving.

--2017-06-07 00:01:08--  ftp://ftp.internic.net/domain/in-addr.arpa.gz
           => ‘./domain/in-addr.arpa.gz’
==> CWD not required.
--> PASV

227 Entering Passive Mode (192,0,32,9,41,241)
--> RETR in-addr.arpa.gz

150 Opening BINARY mode data connection for in-addr.arpa.gz (90200 bytes).
Length: 90200 (88K)

     0K .......... .......... .......... .......... .......... 56% 40.3K 1s
    50K .......... .......... .......... ........             100% 4.77K=9.2s

226 Transfer complete.
2017-06-07 00:01:19 (9.55 KB/s) - ‘./domain/in-addr.arpa.gz’ saved [90200]

Remote file is newer than local file ‘./domain/in-addr.arpa.gz.md5’ -- retrieving.

--2017-06-07 00:01:19--  ftp://ftp.internic.net/domain/in-addr.arpa.gz.md5
           => ‘./domain/in-addr.arpa.gz.md5’
==> CWD not required.
--> PASV

227 Entering Passive Mode (192,0,32,9,76,222)
--> RETR in-addr.arpa.gz.md5

150 Opening BINARY mode data connection for in-addr.arpa.gz.md5 (55 bytes).
Length: 55

     0K                                                       100%  157K=0s

226 Transfer complete.
2017-06-07 00:01:21 (157 KB/s) - ‘./domain/in-addr.arpa.gz.md5’ saved [55]

Remote file is newer than local file ‘./domain/in-addr.arpa.gz.sha256’ -- retrieving.

--2017-06-07 00:01:21--  ftp://ftp.internic.net/domain/in-addr.arpa.gz.sha256
           => ‘./domain/in-addr.arpa.gz.sha256’
==> CWD not required.
--> PASV

227 Entering Passive Mode (192,0,32,9,49,62)
--> RETR in-addr.arpa.gz.sha256

150 Opening BINARY mode data connection for in-addr.arpa.gz.sha256 (90 bytes).
Length: 90

     0K                                                       100% 1.07M=0s

226 Transfer complete.
2017-06-07 00:01:23 (1.07 MB/s) - ‘./domain/in-addr.arpa.gz.sha256’ saved [90]

Remote file is newer than local file ‘./domain/in-addr.arpa.md5’ -- retrieving.

--2017-06-07 00:01:23--  ftp://ftp.internic.net/domain/in-addr.arpa.md5
           => ‘./domain/in-addr.arpa.md5’
==> CWD not required.
--> PASV

227 Entering Passive Mode (192,0,32,9,41,209)
--> RETR in-addr.arpa.md5

150 Opening BINARY mode data connection for in-addr.arpa.md5 (52 bytes).
Length: 52

     0K                                                       100%  643K=0s

226 Transfer complete.
2017-06-07 00:01:25 (643 KB/s) - ‘./domain/in-addr.arpa.md5’ saved [52]

Remote file is newer than local file ‘./domain/in-addr.arpa.sha256’ -- retrieving.

--2017-06-07 00:01:25--  ftp://ftp.internic.net/domain/in-addr.arpa.sha256
           => ‘./domain/in-addr.arpa.sha256’
==> CWD not required.
--> PASV

227 Entering Passive Mode (192,0,32,9,88,199)
--> RETR in-addr.arpa.sha256

150 Opening BINARY mode data connection for in-addr.arpa.sha256 (87 bytes).
Length: 87

     0K                                                       100% 1.36M=0s

226 Transfer complete.
2017-06-07 00:01:27 (1.36 MB/s) - ‘./domain/in-addr.arpa.sha256’ saved [87]

Remote file is newer than local file ‘./domain/in-addr.arpa.zone’ -- retrieving.

--2017-06-07 00:01:27--  ftp://ftp.internic.net/domain/in-addr.arpa.zone
           => ‘./domain/in-addr.arpa.zone’
==> CWD not required.
--> PASV

227 Entering Passive Mode (192,0,32,9,42,15)
--> RETR in-addr.arpa.zone

150 Opening BINARY mode data connection for in-addr.arpa.zone (228369 bytes).
Length: 228369 (223K)

     0K .......... .......... .......... .......... .......... 22% 28.7K 6s
    50K .......... .......... .......... .......... .......... 44% 16.9K 6s
   100K .......... .......... .......... .......... .......... 67% 8.32M 2s
   150K .......... .......... .......... .......... .......... 89%  123K 1s
   200K .......... .......... ...                             100% 56.1K=5.5s

226 Transfer complete.
2017-06-07 00:01:34 (40.3 KB/s) - ‘./domain/in-addr.arpa.zone’ saved [228369]

Remote file is newer than local file ‘./domain/in-addr.arpa.zone.gz’ -- retrieving.

--2017-06-07 00:01:34--  ftp://ftp.internic.net/domain/in-addr.arpa.zone.gz
           => ‘./domain/in-addr.arpa.zone.gz’
==> CWD not required.
--> PASV

227 Entering Passive Mode (192,0,32,9,44,126)
--> RETR in-addr.arpa.zone.gz

150 Opening BINARY mode data connection for in-addr.arpa.zone.gz (90200 bytes).
Length: 90200 (88K)

     0K .......... .......... .......... .......... .......... 56% 20.3K 2s
    50K .......... .......... .......... ........             100% 31.1K=3.7s

226 Transfer complete.
2017-06-07 00:01:43 (23.9 KB/s) - ‘./domain/in-addr.arpa.zone.gz’ saved [90200]

Remote file is newer than local file ‘./domain/in-addr.arpa.zone.gz.md5’ -- retrieving.

--2017-06-07 00:01:43--  ftp://ftp.internic.net/domain/in-addr.arpa.zone.gz.md5
           => ‘./domain/in-addr.arpa.zone.gz.md5’
==> CWD not required.
--> PASV

227 Entering Passive Mode (192,0,32,9,42,8)
--> RETR in-addr.arpa.zone.gz.md5

150 Opening BINARY mode data connection for in-addr.arpa.zone.gz.md5 (60 bytes).
Length: 60

     0K                                                       100%  492K=0s

226 Transfer complete.
2017-06-07 00:01:45 (492 KB/s) - ‘./domain/in-addr.arpa.zone.gz.md5’ saved [60]

Remote file is newer than local file ‘./domain/in-addr.arpa.zone.gz.sha256’ -- retrieving.

--2017-06-07 00:01:45--  ftp://ftp.internic.net/domain/in-addr.arpa.zone.gz.sha256
           => ‘./domain/in-addr.arpa.zone.gz.sha256’
==> CWD not required.
--> PASV

227 Entering Passive Mode (192,0,32,9,11,100)
--> RETR in-addr.arpa.zone.gz.sha256

150 Opening BINARY mode data connection for in-addr.arpa.zone.gz.sha256 (95 bytes).
Length: 95

     0K                                                       100% 27.3 =3.5s

226 Transfer complete.
2017-06-07 00:01:50 (27.3 B/s) - ‘./domain/in-addr.arpa.zone.gz.sha256’ saved [95]

Remote file is newer than local file ‘./domain/in-addr.arpa.zone.md5’ -- retrieving.

--2017-06-07 00:01:50--  ftp://ftp.internic.net/domain/in-addr.arpa.zone.md5
           => ‘./domain/in-addr.arpa.zone.md5’
==> CWD not required.
--> PASV

227 Entering Passive Mode (192,0,32,9,117,32)
--> RETR in-addr.arpa.zone.md5

150 Opening BINARY mode data connection for in-addr.arpa.zone.md5 (57 bytes).
Length: 57

     0K                                                       100% 90.1K=0.001s

226 Transfer complete.
2017-06-07 00:01:52 (90.1 KB/s) - ‘./domain/in-addr.arpa.zone.md5’ saved [57]

Remote file is newer than local file ‘./domain/in-addr.arpa.zone.sha256’ -- retrieving.

--2017-06-07 00:01:52--  ftp://ftp.internic.net/domain/in-addr.arpa.zone.sha256
           => ‘./domain/in-addr.arpa.zone.sha256’
==> CWD not required.
--> PASV

227 Entering Passive Mode (192,0,32,9,42,130)
--> RETR in-addr.arpa.zone.sha256

150 Opening BINARY mode data connection for in-addr.arpa.zone.sha256 (92 bytes).
Length: 92

     0K                                                       100%  713K=0s

226 Transfer complete.
2017-06-07 00:01:53 (713 KB/s) - ‘./domain/in-addr.arpa.zone.sha256’ saved [92]

Remote file is newer than local file ‘./domain/ip6.arpa’ -- retrieving.

--2017-06-07 00:01:53--  ftp://ftp.internic.net/domain/ip6.arpa
           => ‘./domain/ip6.arpa’
==> CWD not required.
--> PASV

227 Entering Passive Mode (192,0,32,9,185,22)
--> RETR ip6.arpa

150 Opening BINARY mode data connection for ip6.arpa (61264 bytes).
Length: 61264 (60K)

     0K .......... .......... .......... .......... .......... 83% 20.4K 0s
    50K .........                                             100% 1.62M=2.5s

226 Transfer complete.
2017-06-07 00:02:06 (24.3 KB/s) - ‘./domain/ip6.arpa’ saved [61264]

The sizes do not match (local 24255) -- retrieving.

--2017-06-07 00:02:06--  ftp://ftp.internic.net/domain/ip6.arpa.gz
           => ‘./domain/ip6.arpa.gz’
==> CWD not required.
--> PASV

227 Entering Passive Mode (192,0,32,9,102,62)
--> RETR ip6.arpa.gz

150 Opening BINARY mode data connection for ip6.arpa.gz (24257 bytes).
Length: 24257 (24K)

     0K .......... .......... ...                             100% 19.3K=1.2s

226 Transfer complete.
2017-06-07 00:02:10 (19.3 KB/s) - ‘./domain/ip6.arpa.gz’ saved [24257]

Remote file is newer than local file ‘./domain/ip6.arpa.gz.md5’ -- retrieving.

--2017-06-07 00:02:10--  ftp://ftp.internic.net/domain/ip6.arpa.gz.md5
           => ‘./domain/ip6.arpa.gz.md5’
==> CWD not required.
--> PASV

227 Entering Passive Mode (192,0,32,9,101,250)
--> RETR ip6.arpa.gz.md5

150 Opening BINARY mode data connection for ip6.arpa.gz.md5 (51 bytes).
Length: 51

     0K                                                       100%  198K=0s

226 Transfer complete.
2017-06-07 00:02:13 (198 KB/s) - ‘./domain/ip6.arpa.gz.md5’ saved [51]

Remote file is newer than local file ‘./domain/ip6.arpa.gz.sha256’ -- retrieving.

--2017-06-07 00:02:13--  ftp://ftp.internic.net/domain/ip6.arpa.gz.sha256
           => ‘./domain/ip6.arpa.gz.sha256’
==> CWD not required.
--> PASV

227 Entering Passive Mode (192,0,32,9,162,154)
--> RETR ip6.arpa.gz.sha256

150 Opening BINARY mode data connection for ip6.arpa.gz.sha256 (86 bytes).
Length: 86

     0K                                                       100%  518K=0s

226 Transfer complete.
2017-06-07 00:02:16 (518 KB/s) - ‘./domain/ip6.arpa.gz.sha256’ saved [86]

Remote file is newer than local file ‘./domain/ip6.arpa.md5’ -- retrieving.

--2017-06-07 00:02:16--  ftp://ftp.internic.net/domain/ip6.arpa.md5
           => ‘./domain/ip6.arpa.md5’
==> CWD not required.
--> PASV

227 Entering Passive Mode (192,0,32,9,253,34)
--> RETR ip6.arpa.md5

150 Opening BINARY mode data connection for ip6.arpa.md5 (48 bytes).
Length: 48

     0K                                                       100%  609K=0s

226 Transfer complete.
2017-06-07 00:02:18 (609 KB/s) - ‘./domain/ip6.arpa.md5’ saved [48]

Remote file is newer than local file ‘./domain/ip6.arpa.sha256’ -- retrieving.

--2017-06-07 00:02:18--  ftp://ftp.internic.net/domain/ip6.arpa.sha256
           => ‘./domain/ip6.arpa.sha256’
==> CWD not required.
--> PASV

227 Entering Passive Mode (192,0,32,9,42,63)
--> RETR ip6.arpa.sha256

150 Opening BINARY mode data connection for ip6.arpa.sha256 (83 bytes).
Length: 83

     0K                                                       100%  681K=0s

226 Transfer complete.
2017-06-07 00:02:19 (681 KB/s) - ‘./domain/ip6.arpa.sha256’ saved [83]

Remote file is newer than local file ‘./domain/ip6.arpa.zone’ -- retrieving.

--2017-06-07 00:02:19--  ftp://ftp.internic.net/domain/ip6.arpa.zone
           => ‘./domain/ip6.arpa.zone’
==> CWD not required.
--> PASV

227 Entering Passive Mode (192,0,32,9,237,149)
--> RETR ip6.arpa.zone

150 Opening BINARY mode data connection for ip6.arpa.zone (61264 bytes).
Length: 61264 (60K)

     0K .......... .......... .......... .......... .......... 83% 30.5K 0s
    50K .........                                             100% 8.85M=1.6s

226 Transfer complete.
2017-06-07 00:02:23 (36.5 KB/s) - ‘./domain/ip6.arpa.zone’ saved [61264]

The sizes do not match (local 24255) -- retrieving.

--2017-06-07 00:02:23--  ftp://ftp.internic.net/domain/ip6.arpa.zone.gz
           => ‘./domain/ip6.arpa.zone.gz’
==> CWD not required.
--> PASV

227 Entering Passive Mode (192,0,32,9,222,188)
--> RETR ip6.arpa.zone.gz

150 Opening BINARY mode data connection for ip6.arpa.zone.gz (24257 bytes).
Length: 24257 (24K)

     0K .......... .......... ...                             100% 57.9K=0.4s

226 Transfer complete.
2017-06-07 00:02:25 (57.9 KB/s) - ‘./domain/ip6.arpa.zone.gz’ saved [24257]

Remote file is newer than local file ‘./domain/ip6.arpa.zone.gz.md5’ -- retrieving.

--2017-06-07 00:02:25--  ftp://ftp.internic.net/domain/ip6.arpa.zone.gz.md5
           => ‘./domain/ip6.arpa.zone.gz.md5’
==> CWD not required.
--> PASV

227 Entering Passive Mode (192,0,32,9,136,231)
--> RETR ip6.arpa.zone.gz.md5

150 Opening BINARY mode data connection for ip6.arpa.zone.gz.md5 (56 bytes).
Length: 56

     0K                                                       100%  225K=0s

226 Transfer complete.
2017-06-07 00:02:26 (225 KB/s) - ‘./domain/ip6.arpa.zone.gz.md5’ saved [56]

Remote file is newer than local file ‘./domain/ip6.arpa.zone.gz.sha256’ -- retrieving.

--2017-06-07 00:02:26--  ftp://ftp.internic.net/domain/ip6.arpa.zone.gz.sha256
           => ‘./domain/ip6.arpa.zone.gz.sha256’
==> CWD not required.
--> PASV

227 Entering Passive Mode (192,0,32,9,131,204)
--> RETR ip6.arpa.zone.gz.sha256

150 Opening BINARY mode data connection for ip6.arpa.zone.gz.sha256 (91 bytes).
Length: 91

     0K                                                       100%  717K=0s

226 Transfer complete.
2017-06-07 00:02:28 (717 KB/s) - ‘./domain/ip6.arpa.zone.gz.sha256’ saved [91]

Remote file is newer than local file ‘./domain/ip6.arpa.zone.md5’ -- retrieving.

--2017-06-07 00:02:28--  ftp://ftp.internic.net/domain/ip6.arpa.zone.md5
           => ‘./domain/ip6.arpa.zone.md5’
==> CWD not required.
--> PASV

227 Entering Passive Mode (192,0,32,9,215,175)
--> RETR ip6.arpa.zone.md5

150 Opening BINARY mode data connection for ip6.arpa.zone.md5 (53 bytes).
Length: 53

     0K                                                       100%  958K=0s

226 Transfer complete.
2017-06-07 00:02:30 (958 KB/s) - ‘./domain/ip6.arpa.zone.md5’ saved [53]

Remote file is newer than local file ‘./domain/ip6.arpa.zone.sha256’ -- retrieving.

--2017-06-07 00:02:30--  ftp://ftp.internic.net/domain/ip6.arpa.zone.sha256
           => ‘./domain/ip6.arpa.zone.sha256’
==> CWD not required.
--> PASV

227 Entering Passive Mode (192,0,32,9,176,66)
--> RETR ip6.arpa.zone.sha256

150 Opening BINARY mode data connection for ip6.arpa.zone.sha256 (88 bytes).
Length: 88

     0K                                                       100%  327K=0s

226 Transfer complete.
2017-06-07 00:02:32 (327 KB/s) - ‘./domain/ip6.arpa.zone.sha256’ saved [88]

Remote file is newer than local file ‘./domain/last_update.txt’ -- retrieving.

--2017-06-07 00:02:32--  ftp://ftp.internic.net/domain/last_update.txt
           => ‘./domain/last_update.txt’
==> CWD not required.
--> PASV

227 Entering Passive Mode (192,0,32,9,42,210)
--> RETR last_update.txt

150 Opening BINARY mode data connection for last_update.txt (21 bytes).
Length: 21

     0K                                                       100%  297K=0s

226 Transfer complete.
2017-06-07 00:02:35 (297 KB/s) - ‘./domain/last_update.txt’ saved [21]

Remote file no newer than local file ‘./domain/named.cache’ -- not retrieving.
Remote file no newer than local file ‘./domain/named.cache.md5’ -- not retrieving.
Remote file no newer than local file ‘./domain/named.cache.sig’ -- not retrieving.
Remote file no newer than local file ‘./domain/named.root’ -- not retrieving.
Remote file no newer than local file ‘./domain/named.root.md5’ -- not retrieving.
Remote file no newer than local file ‘./domain/named.root.sig’ -- not retrieving.
Remote file no newer than local file ‘./domain/root-servers.net.zone’ -- not retrieving.
Remote file no newer than local file ‘./domain/root-servers.net.zone.gz’ -- not retrieving.
Remote file no newer than local file ‘./domain/root-servers.net.zone.gz.md5’ -- not retrieving.
Remote file no newer than local file ‘./domain/root-servers.net.zone.gz.sig’ -- not retrieving.
Remote file is newer than local file ‘./domain/root.zone’ -- retrieving.

--2017-06-07 00:02:35--  ftp://ftp.internic.net/domain/root.zone
           => ‘./domain/root.zone’
==> CWD not required.
--> PASV

227 Entering Passive Mode (192,0,32,9,196,251)
--> RETR root.zone

150 Opening BINARY mode data connection for root.zone (2237298 bytes).
Length: 2237298 (2.1M)

     0K .......... .......... .......... .......... ..........  2% 42.8K 50s
    50K .......... .......... .......... .......... ..........  4% 38.6K 51s
   100K .......... .......... .......... .......... ..........  6% 32.5K 54s
   150K .......... .......... .......... .......... ..........  9% 2.77M 40s
   200K .......... .......... .......... .......... .......... 11% 55.7K 38s
   250K .......... .......... .......... .......... .......... 13% 65.5K 36s
   300K .......... .......... .......... .......... .......... 16% 38.8K 37s
   350K .......... .......... .......... .......... .......... 18% 41.0K 37s
   400K .......... .......... .......... .......... .......... 20% 60.9K 35s
   450K .......... .......... .......... .......... .......... 22% 45.1K 34s
   500K .......... .......... .......... .......... .......... 25% 53.0K 33s
   550K .......... .......... .......... .......... .......... 27% 40.8K 32s
   600K .......... .......... .......... .......... .......... 29% 61.3K 31s
   650K .......... .......... .......... .......... .......... 32% 61.1K 30s
   700K .......... .......... .......... .......... .......... 34% 30.5K 30s
   750K .......... .......... .......... .......... .......... 36% 30.5K 30s
   800K .......... .......... .......... .......... .......... 38% 63.2K 28s
   850K .......... .......... .......... .......... .......... 41% 39.8K 27s
   900K .......... .......... .......... .......... .......... 43% 41.6K 27s
   950K .......... .......... .......... .......... .......... 45% 66.1K 25s
  1000K .......... .......... .......... .......... .......... 48% 54.9K 24s
  1050K .......... .......... .......... .......... .......... 50% 61.2K 23s
  1100K .......... .......... .......... .......... .......... 52% 24.5K 22s
  1150K .......... .......... .......... .......... .......... 54% 44.7M 21s
  1200K .......... .......... .......... .......... .......... 57%  120K 19s
  1250K .......... .......... .......... .......... .......... 59%  124K 18s
  1300K .......... .......... .......... .......... .......... 61% 61.3K 16s
  1350K .......... .......... .......... .......... .......... 64% 41.7K 16s
  1400K .......... .......... .......... .......... .......... 66% 29.9K 15s
  1450K .......... .......... .......... .......... .......... 68% 40.8K 14s
  1500K .......... .......... .......... .......... .......... 70% 40.7K 13s
  1550K .......... .......... .......... .......... .......... 73% 60.9K 12s
  1600K .......... .......... .......... .......... .......... 75% 62.9K 11s
  1650K .......... .......... .......... .......... .......... 77%  133K 10s
  1700K .......... .......... .......... .......... .......... 80% 38.8K 9s
  1750K .......... .......... .......... .......... .......... 82% 66.4K 8s
  1800K .......... .......... .......... .......... .......... 84% 33.5K 7s
  1850K .......... .......... .......... .......... .......... 86% 62.8K 6s
  1900K .......... .......... .......... .......... .......... 89% 43.5K 5s
  1950K .......... .......... .......... .......... .......... 91% 37.6K 4s
  2000K .......... .......... .......... .......... .......... 93% 30.5K 3s
  2050K .......... .......... .......... .......... .......... 96% 24.4K 2s
  2100K .......... .......... .......... .......... .......... 98% 30.4K 1s
  2150K .......... .......... .......... ....                 100% 21.4K=48s

226 Transfer complete.
2017-06-07 00:03:25 (45.8 KB/s) - ‘./domain/root.zone’ saved [2237298]

The sizes do not match (local 1050558) -- retrieving.

--2017-06-07 00:03:25--  ftp://ftp.internic.net/domain/root.zone.gz
           => ‘./domain/root.zone.gz’
==> CWD not required.
--> PASV

227 Entering Passive Mode (192,0,32,9,120,173)
--> RETR root.zone.gz

150 Opening BINARY mode data connection for root.zone.gz (1050443 bytes).
Length: 1050443 (1.0M)

     0K .......... .......... .......... .......... ..........  4% 20.3K 48s
    50K .......... .......... .......... .......... ..........  9%  124K 27s
   100K .......... .......... .......... .......... .......... 14% 40.5K 24s
   150K .......... .......... .......... .......... .......... 19% 43.6K 22s
   200K .......... .......... .......... .......... .......... 24% 33.1K 21s
   250K .......... .......... .......... .......... .......... 29% 25.4K 21s
   300K .......... .......... .......... .......... .......... 34% 32.9K 20s
   350K .......... .......... .......... .......... .......... 38% 44.0K 18s
   400K .......... .......... .......... .......... .......... 43% 19.6K 18s
   450K .......... .......... .......... .......... .......... 48% 32.5K 16s
   500K .......... .......... .......... .......... .......... 53% 60.4K 14s
   550K .......... .......... .......... .......... .......... 58% 69.7K 12s
   600K .......... .......... .......... .......... .......... 63%  106K 10s
   650K .......... .......... .......... .......... .......... 68%  157K 8s
   700K .......... .......... .......... .......... .......... 73%  154K 7s
   750K .......... .......... .......... .......... .......... 77%  120K 5s
   800K .......... .......... .......... .......... .......... 82% 61.0K 4s
   850K .......... .......... .......... .......... .......... 87% 41.1K 3s
   900K .......... .......... .......... .......... .......... 92%  121K 2s
   950K .......... .......... .......... .......... .......... 97%  121K 1s
  1000K .......... .......... .....                           100% 8.42K=24s

226 Transfer complete.
2017-06-07 00:03:51 (41.9 KB/s) - ‘./domain/root.zone.gz’ saved [1050443]

Remote file is newer than local file ‘./domain/root.zone.gz.md5’ -- retrieving.

--2017-06-07 00:03:51--  ftp://ftp.internic.net/domain/root.zone.gz.md5
           => ‘./domain/root.zone.gz.md5’
==> CWD not required.
--> PASV

227 Entering Passive Mode (192,0,32,9,226,61)
--> RETR root.zone.gz.md5

150 Opening BINARY mode data connection for root.zone.gz.md5 (33 bytes).
Length: 33

     0K                                                       100%  213K=0s

226 Transfer complete.
2017-06-07 00:03:52 (213 KB/s) - ‘./domain/root.zone.gz.md5’ saved [33]

Remote file is newer than local file ‘./domain/root.zone.gz.sig’ -- retrieving.

--2017-06-07 00:03:53--  ftp://ftp.internic.net/domain/root.zone.gz.sig
           => ‘./domain/root.zone.gz.sig’
==> CWD not required.
--> PASV

227 Entering Passive Mode (192,0,32,9,5,125)
--> RETR root.zone.gz.sig

150 Opening BINARY mode data connection for root.zone.gz.sig (72 bytes).
Length: 72

     0K                                                       100%  469K=0s

226 Transfer complete.
2017-06-07 00:04:03 (469 KB/s) - ‘./domain/root.zone.gz.sig’ saved [72]

Remote file is newer than local file ‘./domain/root.zone.md5’ -- retrieving.

--2017-06-07 00:04:03--  ftp://ftp.internic.net/domain/root.zone.md5
           => ‘./domain/root.zone.md5’
==> CWD not required.
--> PASV

227 Entering Passive Mode (192,0,32,9,48,5)
--> RETR root.zone.md5

150 Opening BINARY mode data connection for root.zone.md5 (33 bytes).
Length: 33

     0K                                                       100%  158K=0s

226 Transfer complete.
2017-06-07 00:04:05 (158 KB/s) - ‘./domain/root.zone.md5’ saved [33]

Remote file is newer than local file ‘./domain/root.zone.sig’ -- retrieving.

--2017-06-07 00:04:05--  ftp://ftp.internic.net/domain/root.zone.sig
           => ‘./domain/root.zone.sig’
==> CWD not required.
--> PASV

227 Entering Passive Mode (192,0,32,9,41,182)
--> RETR root.zone.sig

150 Opening BINARY mode data connection for root.zone.sig (72 bytes).
Length: 72

     0K                                                       100%  567K=0s

226 Transfer complete.
2017-06-07 00:04:07 (567 KB/s) - ‘./domain/root.zone.sig’ saved [72]

FINISHED --2017-06-07 00:04:07--
Total wall clock time: 4m 5s
Downloaded: 40 files, 3.9M in 1m 50s (36.5 KB/s)
