--2017-08-01 00:00:02--  ftp://ftp.internic.net/*
           => ‘./.listing’
Resolving ftp.internic.net (ftp.internic.net)... 192.0.32.9, 2620:0:2d0:200::9
Connecting to ftp.internic.net (ftp.internic.net)|192.0.32.9|:21... connected.
Logging in as anonymous ... 
220 Internic FTP Server
--> USER anonymous

331 Please specify the password.
--> PASS Turtle Power!

230 Login successful.
--> SYST

215 UNIX Type: L8
--> PWD

257 "/"
--> TYPE I

200 Switching to Binary mode.
==> CWD not needed.
--> PASV

227 Entering Passive Mode (192,0,32,9,9,123)
--> LIST -a

150 Here comes the directory listing.

     0K                                                         438K=0s

226 Directory send OK.
drwxr-xr-x    3 ftp      ftp          4096 Apr 04  2012 .
drwxr-xr-x    3 ftp      ftp          4096 Apr 04  2012 ..
drwxr-xr-x    2 ftp      ftp          4096 Sep 09  2015 domain
2017-08-01 00:00:05 (438 KB/s) - ‘./.listing’ saved [183]

--2017-08-01 00:00:06--  ftp://ftp.internic.net/domain/*
           => ‘./domain/.listing’
--> CWD /domain

250 Directory successfully changed.
--> PASV

227 Entering Passive Mode (192,0,32,9,132,60)
--> LIST -a

150 Here comes the directory listing.

     0K ...                                                     403K=0.01s

226 Directory send OK.
drwxr-xr-x    2 ftp      ftp          4096 Sep 09  2015 .
drwxr-xr-x    3 ftp      ftp          4096 Apr 04  2012 ..
-rw-r--r--    1 ftp      ftp          1829 Aug 18  2015 .listing
-rw-r--r--    1 ftp      ftp          1224 Jul 31 12:16 INTERNIC_ROOT_ZONE.signatures
-rw-r--r--    1 ftp      ftp          1469 Jul 31 12:16 INTERNIC_ROOT_ZONE.signatures.asc
-rw-r--r--    1 ftp      ftp         15228 Jul 31 12:16 arpa.zone
-rw-r--r--    1 ftp      ftp          6643 Jul 31 12:16 arpa.zone.gz
-rw-r--r--    1 ftp      ftp            33 Jul 31 12:16 arpa.zone.gz.md5
-rw-r--r--    1 ftp      ftp            72 Jul 31 12:16 arpa.zone.gz.sig
-rw-r--r--    1 ftp      ftp          3314 Jul 26 14:54 db.cache
-rw-r--r--    1 ftp      ftp            33 Jul 26 14:54 db.cache.md5
-rw-r--r--    1 ftp      ftp            72 Jul 26 14:54 db.cache.sig
-rw-r--r--    1 ftp      ftp        228780 Jul 31 15:41 in-addr.arpa
-rw-r--r--    1 ftp      ftp         90944 Jul 31 15:41 in-addr.arpa.gz
-rw-r--r--    1 ftp      ftp            55 Jul 31 15:41 in-addr.arpa.gz.md5
-rw-r--r--    1 ftp      ftp            90 Jul 31 15:41 in-addr.arpa.gz.sha256
-rw-r--r--    1 ftp      ftp            52 Jul 31 15:41 in-addr.arpa.md5
-rw-r--r--    1 ftp      ftp            87 Jul 31 15:41 in-addr.arpa.sha256
-rw-r--r--    1 ftp      ftp        228780 Jul 31 15:41 in-addr.arpa.zone
-rw-r--r--    1 ftp      ftp         90944 Jul 31 15:41 in-addr.arpa.zone.gz
-rw-r--r--    1 ftp      ftp            60 Jul 31 15:41 in-addr.arpa.zone.gz.md5
-rw-r--r--    1 ftp      ftp            95 Jul 31 15:41 in-addr.arpa.zone.gz.sha256
-rw-r--r--    1 ftp      ftp            57 Jul 31 15:41 in-addr.arpa.zone.md5
-rw-r--r--    1 ftp      ftp            92 Jul 31 15:41 in-addr.arpa.zone.sha256
-rw-r--r--    1 ftp      ftp         61480 Jul 31 15:41 ip6.arpa
-rw-r--r--    1 ftp      ftp         24491 Jul 31 15:41 ip6.arpa.gz
-rw-r--r--    1 ftp      ftp            51 Jul 31 15:41 ip6.arpa.gz.md5
-rw-r--r--    1 ftp      ftp            86 Jul 31 15:41 ip6.arpa.gz.sha256
-rw-r--r--    1 ftp      ftp            48 Jul 31 15:41 ip6.arpa.md5
-rw-r--r--    1 ftp      ftp            83 Jul 31 15:41 ip6.arpa.sha256
-rw-r--r--    1 ftp      ftp         61480 Jul 31 15:41 ip6.arpa.zone
-rw-r--r--    1 ftp      ftp         24491 Jul 31 15:41 ip6.arpa.zone.gz
-rw-r--r--    1 ftp      ftp            56 Jul 31 15:41 ip6.arpa.zone.gz.md5
-rw-r--r--    1 ftp      ftp            91 Jul 31 15:41 ip6.arpa.zone.gz.sha256
-rw-r--r--    1 ftp      ftp            53 Jul 31 15:41 ip6.arpa.zone.md5
-rw-r--r--    1 ftp      ftp            88 Jul 31 15:41 ip6.arpa.zone.sha256
-rw-r--r--    1 ftp      ftp            21 Jul 31 15:41 last_update.txt
-rw-r--r--    1 ftp      ftp          3314 Jul 26 14:54 named.cache
-rw-r--r--    1 ftp      ftp            33 Jul 26 14:54 named.cache.md5
-rw-r--r--    1 ftp      ftp            72 Jul 26 14:54 named.cache.sig
-rw-r--r--    1 ftp      ftp          3314 Jul 26 14:54 named.root
-rw-r--r--    1 ftp      ftp            33 Jul 26 14:54 named.root.md5
-rw-r--r--    1 ftp      ftp            72 Jul 26 14:54 named.root.sig
-rw-r--r--    1 ftp      ftp          2111 Jul 26 14:53 root-servers.net.zone
-rw-r--r--    1 ftp      ftp           573 Jul 26 14:53 root-servers.net.zone.gz
-rw-r--r--    1 ftp      ftp            33 Jul 26 14:53 root-servers.net.zone.gz.md5
-rw-r--r--    1 ftp      ftp            72 Jul 26 14:53 root-servers.net.zone.gz.sig
-rw-r--r--    1 ftp      ftp       2262863 Jul 31 05:13 root.zone
-rw-r--r--    1 ftp      ftp       1062611 Jul 31 05:13 root.zone.gz
-rw-r--r--    1 ftp      ftp            33 Jul 31 05:13 root.zone.gz.md5
-rw-r--r--    1 ftp      ftp            72 Jul 31 05:13 root.zone.gz.sig
-rw-r--r--    1 ftp      ftp            33 Jul 31 05:13 root.zone.md5
-rw-r--r--    1 ftp      ftp            72 Jul 31 05:13 root.zone.sig
2017-08-01 00:00:07 (403 KB/s) - ‘./domain/.listing’ saved [3930]

The sizes do not match (local 3930) -- retrieving.

--2017-08-01 00:00:07--  ftp://ftp.internic.net/domain/.listing
           => ‘./domain/.listing’
==> CWD not required.
--> PASV

227 Entering Passive Mode (192,0,32,9,42,111)
--> RETR .listing

150 Opening BINARY mode data connection for .listing (1829 bytes).
Length: 1829 (1.8K)

     0K .                                                     100% 1.46M=0.001s

226 Transfer complete.
2017-08-01 00:00:08 (1.46 MB/s) - ‘./domain/.listing’ saved [1829]

Remote file is newer than local file ‘./domain/INTERNIC_ROOT_ZONE.signatures’ -- retrieving.

--2017-08-01 00:00:08--  ftp://ftp.internic.net/domain/INTERNIC_ROOT_ZONE.signatures
           => ‘./domain/INTERNIC_ROOT_ZONE.signatures’
==> CWD not required.
--> PASV

227 Entering Passive Mode (192,0,32,9,253,133)
--> RETR INTERNIC_ROOT_ZONE.signatures

150 Opening BINARY mode data connection for INTERNIC_ROOT_ZONE.signatures (1224 bytes).
Length: 1224 (1.2K)

     0K .                                                     100% 25.9M=0s

226 Transfer complete.
2017-08-01 00:00:09 (25.9 MB/s) - ‘./domain/INTERNIC_ROOT_ZONE.signatures’ saved [1224]

Remote file is newer than local file ‘./domain/INTERNIC_ROOT_ZONE.signatures.asc’ -- retrieving.

--2017-08-01 00:00:09--  ftp://ftp.internic.net/domain/INTERNIC_ROOT_ZONE.signatures.asc
           => ‘./domain/INTERNIC_ROOT_ZONE.signatures.asc’
==> CWD not required.
--> PASV

227 Entering Passive Mode (192,0,32,9,42,226)
--> RETR INTERNIC_ROOT_ZONE.signatures.asc

150 Opening BINARY mode data connection for INTERNIC_ROOT_ZONE.signatures.asc (1469 bytes).
Length: 1469 (1.4K)

     0K .                                                     100% 11.0M=0s

226 Transfer complete.
2017-08-01 00:00:10 (11.0 MB/s) - ‘./domain/INTERNIC_ROOT_ZONE.signatures.asc’ saved [1469]

Remote file is newer than local file ‘./domain/arpa.zone’ -- retrieving.

--2017-08-01 00:00:10--  ftp://ftp.internic.net/domain/arpa.zone
           => ‘./domain/arpa.zone’
==> CWD not required.
--> PASV

227 Entering Passive Mode (192,0,32,9,10,47)
--> RETR arpa.zone

150 Opening BINARY mode data connection for arpa.zone (15228 bytes).
Length: 15228 (15K)

     0K .......... ....                                       100% 1.60M=0.009s

226 Transfer complete.
2017-08-01 00:00:11 (1.60 MB/s) - ‘./domain/arpa.zone’ saved [15228]

The sizes do not match (local 6659) -- retrieving.

--2017-08-01 00:00:11--  ftp://ftp.internic.net/domain/arpa.zone.gz
           => ‘./domain/arpa.zone.gz’
==> CWD not required.
--> PASV

227 Entering Passive Mode (192,0,32,9,121,129)
--> RETR arpa.zone.gz

150 Opening BINARY mode data connection for arpa.zone.gz (6643 bytes).
Length: 6643 (6.5K)

     0K ......                                                100% 65.3M=0s

226 Transfer complete.
2017-08-01 00:00:12 (65.3 MB/s) - ‘./domain/arpa.zone.gz’ saved [6643]

Remote file is newer than local file ‘./domain/arpa.zone.gz.md5’ -- retrieving.

--2017-08-01 00:00:12--  ftp://ftp.internic.net/domain/arpa.zone.gz.md5
           => ‘./domain/arpa.zone.gz.md5’
==> CWD not required.
--> PASV

227 Entering Passive Mode (192,0,32,9,9,22)
--> RETR arpa.zone.gz.md5

150 Opening BINARY mode data connection for arpa.zone.gz.md5 (33 bytes).
Length: 33

     0K                                                       100%  701K=0s

226 Transfer complete.
2017-08-01 00:00:13 (701 KB/s) - ‘./domain/arpa.zone.gz.md5’ saved [33]

Remote file is newer than local file ‘./domain/arpa.zone.gz.sig’ -- retrieving.

--2017-08-01 00:00:13--  ftp://ftp.internic.net/domain/arpa.zone.gz.sig
           => ‘./domain/arpa.zone.gz.sig’
==> CWD not required.
--> PASV

227 Entering Passive Mode (192,0,32,9,42,79)
--> RETR arpa.zone.gz.sig

150 Opening BINARY mode data connection for arpa.zone.gz.sig (72 bytes).
Length: 72

     0K                                                       100% 1.06M=0s

226 Transfer complete.
2017-08-01 00:00:14 (1.06 MB/s) - ‘./domain/arpa.zone.gz.sig’ saved [72]

Remote file no newer than local file ‘./domain/db.cache’ -- not retrieving.
Remote file no newer than local file ‘./domain/db.cache.md5’ -- not retrieving.
Remote file no newer than local file ‘./domain/db.cache.sig’ -- not retrieving.
Remote file is newer than local file ‘./domain/in-addr.arpa’ -- retrieving.

--2017-08-01 00:00:14--  ftp://ftp.internic.net/domain/in-addr.arpa
           => ‘./domain/in-addr.arpa’
==> CWD not required.
--> PASV

227 Entering Passive Mode (192,0,32,9,202,159)
--> RETR in-addr.arpa

150 Opening BINARY mode data connection for in-addr.arpa (228780 bytes).
Length: 228780 (223K)

     0K .......... .......... .......... .......... .......... 22% 80.9K 2s
    50K .......... .......... .......... .......... .......... 44%  164K 1s
   100K .......... .......... .......... .......... .......... 67% 6.64M 0s
   150K .......... .......... .......... .......... .......... 89%  167K 0s
   200K .......... .......... ...                             100% 18.6M=1.2s

226 Transfer complete.
2017-08-01 00:00:17 (181 KB/s) - ‘./domain/in-addr.arpa’ saved [228780]

The sizes do not match (local 90931) -- retrieving.

--2017-08-01 00:00:17--  ftp://ftp.internic.net/domain/in-addr.arpa.gz
           => ‘./domain/in-addr.arpa.gz’
==> CWD not required.
--> PASV

227 Entering Passive Mode (192,0,32,9,135,21)
--> RETR in-addr.arpa.gz

150 Opening BINARY mode data connection for in-addr.arpa.gz (90944 bytes).
Length: 90944 (89K)

     0K .......... .......... .......... .......... .......... 56% 78.4K 0s
    50K .......... .......... .......... ....                  95% 69.4K=1.1s

2017-08-01 00:15:19 (74.4 KB/s) - Data connection: Connection timed out; 
226 Transfer complete.
Retrying.

--2017-08-01 00:15:20--  ftp://ftp.internic.net/domain/in-addr.arpa.gz
  (try: 2) => ‘./domain/in-addr.arpa.gz’
==> CWD not required.
--> PASV


Write failed, closing control connection.
Retrying.

--2017-08-01 00:15:22--  ftp://ftp.internic.net/domain/in-addr.arpa.gz
  (try: 3) => ‘./domain/in-addr.arpa.gz’
Connecting to ftp.internic.net (ftp.internic.net)|192.0.32.9|:21... connected.
Logging in as anonymous ... 
220 Internic FTP Server
--> USER anonymous

331 Please specify the password.
--> PASS Turtle Power!

230 Login successful.
--> SYST

215 UNIX Type: L8
--> PWD

257 "/"
--> TYPE I

200 Switching to Binary mode.
--> CWD /domain

250 Directory successfully changed.
--> PASV

227 Entering Passive Mode (192,0,32,9,109,60)
--> REST 86880

350 Restart position accepted (86880).
--> RETR in-addr.arpa.gz

150 Opening BINARY mode data connection for in-addr.arpa.gz (90944 bytes).
Length: 90944 (89K), 4064 (4.0K) remaining

        [ skipping 50K ]
    50K ,,,,,,,,,, ,,,,,,,,,, ,,,,,,,,,, ,,,,....             100% 1.08M=0.004s

226 Transfer complete.
2017-08-01 00:15:25 (1.08 MB/s) - ‘./domain/in-addr.arpa.gz’ saved [90944]

Remote file is newer than local file ‘./domain/in-addr.arpa.gz.md5’ -- retrieving.

--2017-08-01 00:15:25--  ftp://ftp.internic.net/domain/in-addr.arpa.gz.md5
           => ‘./domain/in-addr.arpa.gz.md5’
==> CWD not required.
--> PASV

227 Entering Passive Mode (192,0,32,9,70,18)
--> RETR in-addr.arpa.gz.md5

150 Opening BINARY mode data connection for in-addr.arpa.gz.md5 (55 bytes).
Length: 55

     0K                                                       100%  559K=0s

226 Transfer complete.
2017-08-01 00:15:27 (559 KB/s) - ‘./domain/in-addr.arpa.gz.md5’ saved [55]

Remote file is newer than local file ‘./domain/in-addr.arpa.gz.sha256’ -- retrieving.

--2017-08-01 00:15:27--  ftp://ftp.internic.net/domain/in-addr.arpa.gz.sha256
           => ‘./domain/in-addr.arpa.gz.sha256’
==> CWD not required.
--> PASV

227 Entering Passive Mode (192,0,32,9,57,173)
--> RETR in-addr.arpa.gz.sha256

150 Opening BINARY mode data connection for in-addr.arpa.gz.sha256 (90 bytes).
Length: 90

     0K                                                       100%  651K=0s

226 Transfer complete.
2017-08-01 00:15:28 (651 KB/s) - ‘./domain/in-addr.arpa.gz.sha256’ saved [90]

Remote file is newer than local file ‘./domain/in-addr.arpa.md5’ -- retrieving.

--2017-08-01 00:15:28--  ftp://ftp.internic.net/domain/in-addr.arpa.md5
           => ‘./domain/in-addr.arpa.md5’
==> CWD not required.
--> PASV

227 Entering Passive Mode (192,0,32,9,34,163)
--> RETR in-addr.arpa.md5

150 Opening BINARY mode data connection for in-addr.arpa.md5 (52 bytes).
Length: 52

     0K                                                       100% 1.10M=0s

226 Transfer complete.
2017-08-01 00:15:30 (1.10 MB/s) - ‘./domain/in-addr.arpa.md5’ saved [52]

Remote file is newer than local file ‘./domain/in-addr.arpa.sha256’ -- retrieving.

--2017-08-01 00:15:30--  ftp://ftp.internic.net/domain/in-addr.arpa.sha256
           => ‘./domain/in-addr.arpa.sha256’
==> CWD not required.
--> PASV

227 Entering Passive Mode (192,0,32,9,216,67)
--> RETR in-addr.arpa.sha256

150 Opening BINARY mode data connection for in-addr.arpa.sha256 (87 bytes).
Length: 87

     0K                                                       100%  696K=0s

226 Transfer complete.
2017-08-01 00:15:31 (696 KB/s) - ‘./domain/in-addr.arpa.sha256’ saved [87]

Remote file is newer than local file ‘./domain/in-addr.arpa.zone’ -- retrieving.

--2017-08-01 00:15:31--  ftp://ftp.internic.net/domain/in-addr.arpa.zone
           => ‘./domain/in-addr.arpa.zone’
==> CWD not required.
--> PASV

227 Entering Passive Mode (192,0,32,9,42,84)
--> RETR in-addr.arpa.zone

150 Opening BINARY mode data connection for in-addr.arpa.zone (228780 bytes).
Length: 228780 (223K)

     0K .......... .......... .......... .......... .......... 22% 81.6K 2s
    50K .......... .......... .......... .......... .......... 44%  163K 1s
   100K .......... .......... .......... .......... .......... 67% 5.37M 0s
   150K .......... .......... .......... .......... .......... 89%  210K 0s
   200K .......... .......... ...                             100% 1.47M=1.2s

226 Transfer complete.
2017-08-01 00:15:33 (189 KB/s) - ‘./domain/in-addr.arpa.zone’ saved [228780]

The sizes do not match (local 90931) -- retrieving.

--2017-08-01 00:15:33--  ftp://ftp.internic.net/domain/in-addr.arpa.zone.gz
           => ‘./domain/in-addr.arpa.zone.gz’
==> CWD not required.
--> PASV

227 Entering Passive Mode (192,0,32,9,41,253)
--> RETR in-addr.arpa.zone.gz

150 Opening BINARY mode data connection for in-addr.arpa.zone.gz (90944 bytes).
Length: 90944 (89K)

     0K .......... .......... .......... .......... .......... 56% 85.1K 0s
    50K .......... .......... .......... ........             100% 9.15M=0.6s

226 Transfer complete.
2017-08-01 00:15:35 (150 KB/s) - ‘./domain/in-addr.arpa.zone.gz’ saved [90944]

Remote file is newer than local file ‘./domain/in-addr.arpa.zone.gz.md5’ -- retrieving.

--2017-08-01 00:15:35--  ftp://ftp.internic.net/domain/in-addr.arpa.zone.gz.md5
           => ‘./domain/in-addr.arpa.zone.gz.md5’
==> CWD not required.
--> PASV

227 Entering Passive Mode (192,0,32,9,144,238)
--> RETR in-addr.arpa.zone.gz.md5

150 Opening BINARY mode data connection for in-addr.arpa.zone.gz.md5 (60 bytes).
Length: 60

     0K                                                       100%  945K=0s

226 Transfer complete.
2017-08-01 00:15:36 (945 KB/s) - ‘./domain/in-addr.arpa.zone.gz.md5’ saved [60]

Remote file is newer than local file ‘./domain/in-addr.arpa.zone.gz.sha256’ -- retrieving.

--2017-08-01 00:15:36--  ftp://ftp.internic.net/domain/in-addr.arpa.zone.gz.sha256
           => ‘./domain/in-addr.arpa.zone.gz.sha256’
==> CWD not required.
--> PASV

227 Entering Passive Mode (192,0,32,9,205,83)
--> RETR in-addr.arpa.zone.gz.sha256

150 Opening BINARY mode data connection for in-addr.arpa.zone.gz.sha256 (95 bytes).
Length: 95

     0K                                                       100% 1.15M=0s

226 Transfer complete.
2017-08-01 00:15:37 (1.15 MB/s) - ‘./domain/in-addr.arpa.zone.gz.sha256’ saved [95]

Remote file is newer than local file ‘./domain/in-addr.arpa.zone.md5’ -- retrieving.

--2017-08-01 00:15:37--  ftp://ftp.internic.net/domain/in-addr.arpa.zone.md5
           => ‘./domain/in-addr.arpa.zone.md5’
==> CWD not required.
--> PASV

227 Entering Passive Mode (192,0,32,9,136,9)
--> RETR in-addr.arpa.zone.md5

150 Opening BINARY mode data connection for in-addr.arpa.zone.md5 (57 bytes).
Length: 57

     0K                                                       100%  445K=0s

226 Transfer complete.
2017-08-01 00:15:38 (445 KB/s) - ‘./domain/in-addr.arpa.zone.md5’ saved [57]

Remote file is newer than local file ‘./domain/in-addr.arpa.zone.sha256’ -- retrieving.

--2017-08-01 00:15:38--  ftp://ftp.internic.net/domain/in-addr.arpa.zone.sha256
           => ‘./domain/in-addr.arpa.zone.sha256’
==> CWD not required.
--> PASV

227 Entering Passive Mode (192,0,32,9,187,79)
--> RETR in-addr.arpa.zone.sha256

150 Opening BINARY mode data connection for in-addr.arpa.zone.sha256 (92 bytes).
Length: 92

     0K                                                       100%  761K=0s

226 Transfer complete.
2017-08-01 00:15:39 (761 KB/s) - ‘./domain/in-addr.arpa.zone.sha256’ saved [92]

Remote file is newer than local file ‘./domain/ip6.arpa’ -- retrieving.

--2017-08-01 00:15:39--  ftp://ftp.internic.net/domain/ip6.arpa
           => ‘./domain/ip6.arpa’
==> CWD not required.
--> PASV

227 Entering Passive Mode (192,0,32,9,26,174)
--> RETR ip6.arpa

150 Opening BINARY mode data connection for ip6.arpa (61480 bytes).
Length: 61480 (60K)

     0K .......... .......... .......... .......... .......... 83% 81.8K 0s
    50K ..........                                            100% 34.3M=0.6s

226 Transfer complete.
2017-08-01 00:15:41 (98.2 KB/s) - ‘./domain/ip6.arpa’ saved [61480]

Remote file is newer than local file ‘./domain/ip6.arpa.gz’ -- retrieving.

--2017-08-01 00:15:41--  ftp://ftp.internic.net/domain/ip6.arpa.gz
           => ‘./domain/ip6.arpa.gz’
==> CWD not required.
--> PASV

227 Entering Passive Mode (192,0,32,9,142,111)
--> RETR ip6.arpa.gz

150 Opening BINARY mode data connection for ip6.arpa.gz (24491 bytes).
Length: 24491 (24K)

     0K .......... .......... ...                             100% 78.4K=0.3s

226 Transfer complete.
2017-08-01 00:15:43 (78.4 KB/s) - ‘./domain/ip6.arpa.gz’ saved [24491]

Remote file is newer than local file ‘./domain/ip6.arpa.gz.md5’ -- retrieving.

--2017-08-01 00:15:43--  ftp://ftp.internic.net/domain/ip6.arpa.gz.md5
           => ‘./domain/ip6.arpa.gz.md5’
==> CWD not required.
--> PASV

227 Entering Passive Mode (192,0,32,9,209,175)
--> RETR ip6.arpa.gz.md5

150 Opening BINARY mode data connection for ip6.arpa.gz.md5 (51 bytes).
Length: 51

     0K                                                       100%  664K=0s

226 Transfer complete.
2017-08-01 00:15:44 (664 KB/s) - ‘./domain/ip6.arpa.gz.md5’ saved [51]

Remote file is newer than local file ‘./domain/ip6.arpa.gz.sha256’ -- retrieving.

--2017-08-01 00:15:44--  ftp://ftp.internic.net/domain/ip6.arpa.gz.sha256
           => ‘./domain/ip6.arpa.gz.sha256’
==> CWD not required.
--> PASV

227 Entering Passive Mode (192,0,32,9,236,168)
--> RETR ip6.arpa.gz.sha256

150 Opening BINARY mode data connection for ip6.arpa.gz.sha256 (86 bytes).
Length: 86

     0K                                                       100% 1.12M=0s

226 Transfer complete.
2017-08-01 00:15:45 (1.12 MB/s) - ‘./domain/ip6.arpa.gz.sha256’ saved [86]

Remote file is newer than local file ‘./domain/ip6.arpa.md5’ -- retrieving.

--2017-08-01 00:15:45--  ftp://ftp.internic.net/domain/ip6.arpa.md5
           => ‘./domain/ip6.arpa.md5’
==> CWD not required.
--> PASV

227 Entering Passive Mode (192,0,32,9,171,10)
--> RETR ip6.arpa.md5

150 Opening BINARY mode data connection for ip6.arpa.md5 (48 bytes).
Length: 48

     0K                                                       100%  170K=0s

226 Transfer complete.
2017-08-01 00:15:46 (170 KB/s) - ‘./domain/ip6.arpa.md5’ saved [48]

Remote file is newer than local file ‘./domain/ip6.arpa.sha256’ -- retrieving.

--2017-08-01 00:15:46--  ftp://ftp.internic.net/domain/ip6.arpa.sha256
           => ‘./domain/ip6.arpa.sha256’
==> CWD not required.
--> PASV

227 Entering Passive Mode (192,0,32,9,143,43)
--> RETR ip6.arpa.sha256

150 Opening BINARY mode data connection for ip6.arpa.sha256 (83 bytes).
Length: 83

     0K                                                       100%  273K=0s

226 Transfer complete.
2017-08-01 00:15:47 (273 KB/s) - ‘./domain/ip6.arpa.sha256’ saved [83]

Remote file is newer than local file ‘./domain/ip6.arpa.zone’ -- retrieving.

--2017-08-01 00:15:47--  ftp://ftp.internic.net/domain/ip6.arpa.zone
           => ‘./domain/ip6.arpa.zone’
==> CWD not required.
--> PASV

227 Entering Passive Mode (192,0,32,9,211,13)
--> RETR ip6.arpa.zone

150 Opening BINARY mode data connection for ip6.arpa.zone (61480 bytes).
Length: 61480 (60K)

     0K .......... .......... .......... .......... .......... 83% 81.5K 0s
    50K ..........                                            100% 22.8M=0.6s

226 Transfer complete.
2017-08-01 00:15:49 (97.7 KB/s) - ‘./domain/ip6.arpa.zone’ saved [61480]

Remote file is newer than local file ‘./domain/ip6.arpa.zone.gz’ -- retrieving.

--2017-08-01 00:15:49--  ftp://ftp.internic.net/domain/ip6.arpa.zone.gz
           => ‘./domain/ip6.arpa.zone.gz’
==> CWD not required.
--> PASV

227 Entering Passive Mode (192,0,32,9,75,191)
--> RETR ip6.arpa.zone.gz

150 Opening BINARY mode data connection for ip6.arpa.zone.gz (24491 bytes).
Length: 24491 (24K)

     0K .......... .......... ...                             100% 79.1K=0.3s

226 Transfer complete.
2017-08-01 00:15:50 (79.1 KB/s) - ‘./domain/ip6.arpa.zone.gz’ saved [24491]

Remote file is newer than local file ‘./domain/ip6.arpa.zone.gz.md5’ -- retrieving.

--2017-08-01 00:15:50--  ftp://ftp.internic.net/domain/ip6.arpa.zone.gz.md5
           => ‘./domain/ip6.arpa.zone.gz.md5’
==> CWD not required.
--> PASV

227 Entering Passive Mode (192,0,32,9,17,181)
--> RETR ip6.arpa.zone.gz.md5

150 Opening BINARY mode data connection for ip6.arpa.zone.gz.md5 (56 bytes).
Length: 56

     0K                                                       100%  467K=0s

226 Transfer complete.
2017-08-01 00:15:51 (467 KB/s) - ‘./domain/ip6.arpa.zone.gz.md5’ saved [56]

Remote file is newer than local file ‘./domain/ip6.arpa.zone.gz.sha256’ -- retrieving.

--2017-08-01 00:15:51--  ftp://ftp.internic.net/domain/ip6.arpa.zone.gz.sha256
           => ‘./domain/ip6.arpa.zone.gz.sha256’
==> CWD not required.
--> PASV

227 Entering Passive Mode (192,0,32,9,8,25)
--> RETR ip6.arpa.zone.gz.sha256

150 Opening BINARY mode data connection for ip6.arpa.zone.gz.sha256 (91 bytes).
Length: 91

     0K                                                       100%  728K=0s

226 Transfer complete.
2017-08-01 00:15:53 (728 KB/s) - ‘./domain/ip6.arpa.zone.gz.sha256’ saved [91]

Remote file is newer than local file ‘./domain/ip6.arpa.zone.md5’ -- retrieving.

--2017-08-01 00:15:53--  ftp://ftp.internic.net/domain/ip6.arpa.zone.md5
           => ‘./domain/ip6.arpa.zone.md5’
==> CWD not required.
--> PASV

227 Entering Passive Mode (192,0,32,9,147,72)
--> RETR ip6.arpa.zone.md5

150 Opening BINARY mode data connection for ip6.arpa.zone.md5 (53 bytes).
Length: 53

     0K                                                       100%  439K=0s

226 Transfer complete.
2017-08-01 00:15:54 (439 KB/s) - ‘./domain/ip6.arpa.zone.md5’ saved [53]

Remote file is newer than local file ‘./domain/ip6.arpa.zone.sha256’ -- retrieving.

--2017-08-01 00:15:54--  ftp://ftp.internic.net/domain/ip6.arpa.zone.sha256
           => ‘./domain/ip6.arpa.zone.sha256’
==> CWD not required.
--> PASV

227 Entering Passive Mode (192,0,32,9,41,77)
--> RETR ip6.arpa.zone.sha256

150 Opening BINARY mode data connection for ip6.arpa.zone.sha256 (88 bytes).
Length: 88

     0K                                                       100% 1.91M=0s

226 Transfer complete.
2017-08-01 00:15:55 (1.91 MB/s) - ‘./domain/ip6.arpa.zone.sha256’ saved [88]

Remote file is newer than local file ‘./domain/last_update.txt’ -- retrieving.

--2017-08-01 00:15:55--  ftp://ftp.internic.net/domain/last_update.txt
           => ‘./domain/last_update.txt’
==> CWD not required.
--> PASV

227 Entering Passive Mode (192,0,32,9,97,159)
--> RETR last_update.txt

150 Opening BINARY mode data connection for last_update.txt (21 bytes).
Length: 21

     0K                                                       100%  172K=0s

226 Transfer complete.
2017-08-01 00:15:56 (172 KB/s) - ‘./domain/last_update.txt’ saved [21]

Remote file no newer than local file ‘./domain/named.cache’ -- not retrieving.
Remote file no newer than local file ‘./domain/named.cache.md5’ -- not retrieving.
Remote file no newer than local file ‘./domain/named.cache.sig’ -- not retrieving.
Remote file no newer than local file ‘./domain/named.root’ -- not retrieving.
Remote file no newer than local file ‘./domain/named.root.md5’ -- not retrieving.
Remote file no newer than local file ‘./domain/named.root.sig’ -- not retrieving.
Remote file no newer than local file ‘./domain/root-servers.net.zone’ -- not retrieving.
Remote file no newer than local file ‘./domain/root-servers.net.zone.gz’ -- not retrieving.
Remote file no newer than local file ‘./domain/root-servers.net.zone.gz.md5’ -- not retrieving.
Remote file no newer than local file ‘./domain/root-servers.net.zone.gz.sig’ -- not retrieving.
Remote file is newer than local file ‘./domain/root.zone’ -- retrieving.

--2017-08-01 00:15:56--  ftp://ftp.internic.net/domain/root.zone
           => ‘./domain/root.zone’
==> CWD not required.
--> PASV

227 Entering Passive Mode (192,0,32,9,172,50)
--> RETR root.zone

150 Opening BINARY mode data connection for root.zone (2262863 bytes).
Length: 2262863 (2.2M)

     0K .......... .......... .......... .......... ..........  2% 80.9K 27s
    50K .......... .......... .......... .......... ..........  4%  197K 18s
   100K .......... .......... .......... .......... ..........  6% 5.18M 12s
   150K .......... .......... .......... .......... ..........  9%  202K 11s
   200K .......... .......... .......... .......... .......... 11%  224K 11s
   250K .......... .......... .......... .......... .......... 13%  226K 10s
   300K .......... .......... .......... .......... .......... 15%  225K 10s
   350K .......... .......... .......... .......... .......... 18% 1.57M 8s
   400K .......... .......... .......... .......... .......... 20%  212K 8s
   450K .......... .......... .......... .......... .......... 22%  165K 8s
   500K .......... .......... .......... .......... .......... 24% 6.03M 7s
   550K .......... .......... .......... .......... .......... 27%  167K 7s
   600K .......... .......... .......... .......... .......... 29%  163K 7s
   650K .......... .......... .......... .......... .......... 31% 4.80M 6s
   700K .......... .......... .......... .......... .......... 33%  170K 6s
   750K .......... .......... .......... .......... .......... 36% 97.6K 7s
   800K .......... .......... .......... .......... .......... 38%  466K 6s
   850K .......... .......... .......... .......... .......... 40% 40.2M 6s
   900K .......... .......... .......... .......... .......... 42%  112M 5s
   950K .......... .......... .......... .......... .......... 45%  166K 5s
  1000K .......... .......... .......... .......... .......... 47%  166K 5s
  1050K .......... .......... .......... .......... .......... 49% 10.1M 5s
  1100K .......... .......... .......... .......... .......... 52%  164K 4s
  1150K .......... .......... .......... .......... .......... 54%  163K 4s
  1200K .......... .......... .......... .......... .......... 56% 47.8M 4s
  1250K .......... .......... .......... .......... .......... 58%  160K 4s
  1300K .......... .......... .......... .......... .......... 61%  167K 4s
  1350K .......... .......... .......... .......... .......... 63% 13.4M 3s
  1400K .......... .......... .......... .......... .......... 65%  211K 3s
  1450K .......... .......... .......... .......... .......... 67% 1.27M 3s
  1500K .......... .......... .......... .......... .......... 70%  253K 3s
  1550K .......... .......... .......... .......... .......... 72% 1.29M 2s
  1600K .......... .......... .......... .......... .......... 74%  111K 2s
  1650K .......... .......... .......... .......... .......... 76% 30.8M 2s
  1700K .......... .......... .......... .......... .......... 79% 33.3M 2s
  1750K .......... .......... .......... .......... .......... 81%  190K 2s
  1800K .......... .......... .......... .......... .......... 83%  162K 1s
  1850K .......... .......... .......... .......... .......... 85% 12.6M 1s
  1900K .......... .......... .......... .......... .......... 88%  165K 1s
  1950K .......... .......... .......... .......... .......... 90%  218K 1s
  2000K .......... .......... .......... .......... .......... 92% 1.31M 1s
  2050K .......... .......... .......... .......... .......... 95%  201K 0s
  2100K .......... .......... .......... .......... .......... 97%  164K 0s
  2150K .......... .......... .......... .......... .......... 99% 20.9M 0s
  2200K .........                                             100% 45.7M=8.4s

226 Transfer complete.
2017-08-01 00:16:06 (263 KB/s) - ‘./domain/root.zone’ saved [2262863]

The sizes do not match (local 1062687) -- retrieving.

--2017-08-01 00:16:06--  ftp://ftp.internic.net/domain/root.zone.gz
           => ‘./domain/root.zone.gz’
==> CWD not required.
--> PASV

227 Entering Passive Mode (192,0,32,9,20,63)
--> RETR root.zone.gz

150 Opening BINARY mode data connection for root.zone.gz (1062611 bytes).
Length: 1062611 (1.0M)

     0K .......... .......... .......... .......... ..........  4% 94.2K 10s
    50K .......... .......... .......... .......... ..........  9%  168K 8s
   100K .......... .......... .......... .......... .......... 14% 5.77M 5s
   150K .......... .......... .......... .......... .......... 19%  202K 5s
   200K .......... .......... .......... .......... .......... 24%  192K 4s
   250K .......... .......... .......... .......... .......... 28%  164K 4s
   300K .......... .......... .......... .......... .......... 33% 7.54M 3s
   350K .......... .......... .......... .......... .......... 38%  199K 3s
   400K .......... .......... .......... .......... .......... 43%  194K 3s
   450K .......... .......... .......... .......... .......... 48% 17.8M 2s
   500K .......... .......... .......... .......... .......... 53%  162K 2s
   550K .......... .......... .......... .......... .......... 57%  166K 2s
   600K .......... .......... .......... .......... .......... 62% 7.28M 2s
   650K .......... .......... .......... .......... .......... 67%  213K 1s
   700K .......... .......... .......... .......... .......... 72% 1.33M 1s
   750K .......... .......... .......... .......... .......... 77%  214K 1s
   800K .......... .......... .......... .......... .......... 81% 8.80M 1s
   850K .......... .......... .......... .......... .......... 86% 80.9K 1s
   900K .......... .......... .......... .......... .......... 91% 26.8M 0s
   950K .......... .......... .......... .......... .......... 96% 24.7M 0s
  1000K .......... .......... .......... .......              100%  130K=4.2s

226 Transfer complete.
2017-08-01 00:16:11 (247 KB/s) - ‘./domain/root.zone.gz’ saved [1062611]

Remote file is newer than local file ‘./domain/root.zone.gz.md5’ -- retrieving.

--2017-08-01 00:16:11--  ftp://ftp.internic.net/domain/root.zone.gz.md5
           => ‘./domain/root.zone.gz.md5’
==> CWD not required.
--> PASV

227 Entering Passive Mode (192,0,32,9,94,181)
--> RETR root.zone.gz.md5

150 Opening BINARY mode data connection for root.zone.gz.md5 (33 bytes).
Length: 33

     0K                                                       100%  204K=0s

226 Transfer complete.
2017-08-01 00:16:12 (204 KB/s) - ‘./domain/root.zone.gz.md5’ saved [33]

Remote file is newer than local file ‘./domain/root.zone.gz.sig’ -- retrieving.

--2017-08-01 00:16:12--  ftp://ftp.internic.net/domain/root.zone.gz.sig
           => ‘./domain/root.zone.gz.sig’
==> CWD not required.
--> PASV

227 Entering Passive Mode (192,0,32,9,157,249)
--> RETR root.zone.gz.sig

150 Opening BINARY mode data connection for root.zone.gz.sig (72 bytes).
Length: 72

     0K                                                       100%  307K=0s

226 Transfer complete.
2017-08-01 00:16:13 (307 KB/s) - ‘./domain/root.zone.gz.sig’ saved [72]

Remote file is newer than local file ‘./domain/root.zone.md5’ -- retrieving.

--2017-08-01 00:16:13--  ftp://ftp.internic.net/domain/root.zone.md5
           => ‘./domain/root.zone.md5’
==> CWD not required.
--> PASV

227 Entering Passive Mode (192,0,32,9,67,178)
--> RETR root.zone.md5

150 Opening BINARY mode data connection for root.zone.md5 (33 bytes).
Length: 33

     0K                                                       100%  278K=0s

226 Transfer complete.
2017-08-01 00:16:15 (278 KB/s) - ‘./domain/root.zone.md5’ saved [33]

Remote file is newer than local file ‘./domain/root.zone.sig’ -- retrieving.

--2017-08-01 00:16:15--  ftp://ftp.internic.net/domain/root.zone.sig
           => ‘./domain/root.zone.sig’
==> CWD not required.
--> PASV

227 Entering Passive Mode (192,0,32,9,70,215)
--> RETR root.zone.sig

150 Opening BINARY mode data connection for root.zone.sig (72 bytes).
Length: 72

     0K                                                       100%  606K=0s

226 Transfer complete.
2017-08-01 00:16:16 (606 KB/s) - ‘./domain/root.zone.sig’ saved [72]

FINISHED --2017-08-01 00:16:16--
Total wall clock time: 16m 14s
Downloaded: 40 files, 4.0M in 19s (219 KB/s)
