--2017-02-22 00:00:19--  ftp://ftp.internic.net/*
           => ‘./.listing’
Resolving ftp.internic.net (ftp.internic.net)... 192.0.32.9, 2620:0:2d0:200::9
Connecting to ftp.internic.net (ftp.internic.net)|192.0.32.9|:21... connected.
Logging in as anonymous ... 
220 Internic FTP Server
--> USER anonymous

331 Please specify the password.
--> PASS Turtle Power!

230 Login successful.
--> SYST

215 UNIX Type: L8
--> PWD

257 "/"
--> TYPE I

200 Switching to Binary mode.
==> CWD not needed.
--> PASV

227 Entering Passive Mode (192,0,32,9,231,222)
--> LIST -a

150 Here comes the directory listing.

     0K                                                         839K=0s

226 Directory send OK.
drwxr-xr-x    3 ftp      ftp          4096 Apr 04  2012 .
drwxr-xr-x    3 ftp      ftp          4096 Apr 04  2012 ..
drwxr-xr-x    2 ftp      ftp          4096 Sep 09  2015 domain
2017-02-22 00:00:21 (839 KB/s) - ‘./.listing’ saved [183]

--2017-02-22 00:00:21--  ftp://ftp.internic.net/domain/*
           => ‘./domain/.listing’
--> CWD /domain

250 Directory successfully changed.
--> PASV

227 Entering Passive Mode (192,0,32,9,29,75)
--> LIST -a

150 Here comes the directory listing.

     0K ...                                                    1.14M=0.003s

226 Directory send OK.
drwxr-xr-x    2 ftp      ftp          4096 Sep 09  2015 .
drwxr-xr-x    3 ftp      ftp          4096 Apr 04  2012 ..
-rw-r--r--    1 ftp      ftp          1829 Aug 18  2015 .listing
-rw-r--r--    1 ftp      ftp          1224 Feb 21 12:22 INTERNIC_ROOT_ZONE.signatures
-rw-r--r--    1 ftp      ftp          1469 Feb 21 12:22 INTERNIC_ROOT_ZONE.signatures.asc
-rw-r--r--    1 ftp      ftp         15186 Feb 21 12:22 arpa.zone
-rw-r--r--    1 ftp      ftp          6644 Feb 21 12:22 arpa.zone.gz
-rw-r--r--    1 ftp      ftp            33 Feb 21 12:22 arpa.zone.gz.md5
-rw-r--r--    1 ftp      ftp            72 Feb 21 12:22 arpa.zone.gz.sig
-rw-r--r--    1 ftp      ftp          3291 Oct 20 19:35 db.cache
-rw-r--r--    1 ftp      ftp            33 Oct 20 19:35 db.cache.md5
-rw-r--r--    1 ftp      ftp            72 Oct 20 19:35 db.cache.sig
-rw-r--r--    1 ftp      ftp        227660 Feb 21 15:40 in-addr.arpa
-rw-r--r--    1 ftp      ftp         90162 Feb 21 15:40 in-addr.arpa.gz
-rw-r--r--    1 ftp      ftp            55 Feb 21 15:40 in-addr.arpa.gz.md5
-rw-r--r--    1 ftp      ftp            90 Feb 21 15:40 in-addr.arpa.gz.sha256
-rw-r--r--    1 ftp      ftp            52 Feb 21 15:40 in-addr.arpa.md5
-rw-r--r--    1 ftp      ftp            87 Feb 21 15:40 in-addr.arpa.sha256
-rw-r--r--    1 ftp      ftp        227660 Feb 21 15:40 in-addr.arpa.zone
-rw-r--r--    1 ftp      ftp         90162 Feb 21 15:40 in-addr.arpa.zone.gz
-rw-r--r--    1 ftp      ftp            60 Feb 21 15:40 in-addr.arpa.zone.gz.md5
-rw-r--r--    1 ftp      ftp            95 Feb 21 15:40 in-addr.arpa.zone.gz.sha256
-rw-r--r--    1 ftp      ftp            57 Feb 21 15:40 in-addr.arpa.zone.md5
-rw-r--r--    1 ftp      ftp            92 Feb 21 15:40 in-addr.arpa.zone.sha256
-rw-r--r--    1 ftp      ftp         60746 Feb 21 15:40 ip6.arpa
-rw-r--r--    1 ftp      ftp         24342 Feb 21 15:40 ip6.arpa.gz
-rw-r--r--    1 ftp      ftp            51 Feb 21 15:40 ip6.arpa.gz.md5
-rw-r--r--    1 ftp      ftp            86 Feb 21 15:40 ip6.arpa.gz.sha256
-rw-r--r--    1 ftp      ftp            48 Feb 21 15:40 ip6.arpa.md5
-rw-r--r--    1 ftp      ftp            83 Feb 21 15:40 ip6.arpa.sha256
-rw-r--r--    1 ftp      ftp         60746 Feb 21 15:40 ip6.arpa.zone
-rw-r--r--    1 ftp      ftp         24342 Feb 21 15:40 ip6.arpa.zone.gz
-rw-r--r--    1 ftp      ftp            56 Feb 21 15:40 ip6.arpa.zone.gz.md5
-rw-r--r--    1 ftp      ftp            91 Feb 21 15:40 ip6.arpa.zone.gz.sha256
-rw-r--r--    1 ftp      ftp            53 Feb 21 15:40 ip6.arpa.zone.md5
-rw-r--r--    1 ftp      ftp            88 Feb 21 15:40 ip6.arpa.zone.sha256
-rw-r--r--    1 ftp      ftp            21 Feb 21 15:40 last_update.txt
-rw-r--r--    1 ftp      ftp          3291 Oct 20 19:35 named.cache
-rw-r--r--    1 ftp      ftp            33 Oct 20 19:35 named.cache.md5
-rw-r--r--    1 ftp      ftp            72 Oct 20 19:35 named.cache.sig
-rw-r--r--    1 ftp      ftp          3291 Oct 20 19:35 named.root
-rw-r--r--    1 ftp      ftp            33 Oct 20 19:35 named.root.md5
-rw-r--r--    1 ftp      ftp            72 Oct 20 19:35 named.root.sig
-rw-r--r--    1 ftp      ftp          2110 Oct 20 19:35 root-servers.net.zone
-rw-r--r--    1 ftp      ftp           574 Oct 20 19:35 root-servers.net.zone.gz
-rw-r--r--    1 ftp      ftp            33 Oct 20 19:35 root-servers.net.zone.gz.md5
-rw-r--r--    1 ftp      ftp            72 Oct 20 19:35 root-servers.net.zone.gz.sig
-rw-r--r--    1 ftp      ftp       2229534 Feb 21 05:13 root.zone
-rw-r--r--    1 ftp      ftp       1047516 Feb 21 05:13 root.zone.gz
-rw-r--r--    1 ftp      ftp            33 Feb 21 05:13 root.zone.gz.md5
-rw-r--r--    1 ftp      ftp            72 Feb 21 05:13 root.zone.gz.sig
-rw-r--r--    1 ftp      ftp            33 Feb 21 05:13 root.zone.md5
-rw-r--r--    1 ftp      ftp            72 Feb 21 05:13 root.zone.sig
2017-02-22 00:00:22 (1.14 MB/s) - ‘./domain/.listing’ saved [3930]

The sizes do not match (local 3930) -- retrieving.

--2017-02-22 00:00:22--  ftp://ftp.internic.net/domain/.listing
           => ‘./domain/.listing’
==> CWD not required.
--> PASV

227 Entering Passive Mode (192,0,32,9,193,141)
--> RETR .listing

150 Opening BINARY mode data connection for .listing (1829 bytes).
Length: 1829 (1.8K)

     0K .                                                     100% 8.35M=0s

226 Transfer complete.
2017-02-22 00:00:23 (8.35 MB/s) - ‘./domain/.listing’ saved [1829]

Remote file is newer than local file ‘./domain/INTERNIC_ROOT_ZONE.signatures’ -- retrieving.

--2017-02-22 00:00:23--  ftp://ftp.internic.net/domain/INTERNIC_ROOT_ZONE.signatures
           => ‘./domain/INTERNIC_ROOT_ZONE.signatures’
==> CWD not required.
--> PASV

227 Entering Passive Mode (192,0,32,9,214,170)
--> RETR INTERNIC_ROOT_ZONE.signatures

150 Opening BINARY mode data connection for INTERNIC_ROOT_ZONE.signatures (1224 bytes).
Length: 1224 (1.2K)

     0K .                                                     100% 5.59M=0s

226 Transfer complete.
2017-02-22 00:00:24 (5.59 MB/s) - ‘./domain/INTERNIC_ROOT_ZONE.signatures’ saved [1224]

Remote file is newer than local file ‘./domain/INTERNIC_ROOT_ZONE.signatures.asc’ -- retrieving.

--2017-02-22 00:00:24--  ftp://ftp.internic.net/domain/INTERNIC_ROOT_ZONE.signatures.asc
           => ‘./domain/INTERNIC_ROOT_ZONE.signatures.asc’
==> CWD not required.
--> PASV

227 Entering Passive Mode (192,0,32,9,224,211)
--> RETR INTERNIC_ROOT_ZONE.signatures.asc

150 Opening BINARY mode data connection for INTERNIC_ROOT_ZONE.signatures.asc (1469 bytes).
Length: 1469 (1.4K)

     0K .                                                     100% 6.67M=0s

226 Transfer complete.
2017-02-22 00:00:25 (6.67 MB/s) - ‘./domain/INTERNIC_ROOT_ZONE.signatures.asc’ saved [1469]

Remote file is newer than local file ‘./domain/arpa.zone’ -- retrieving.

--2017-02-22 00:00:25--  ftp://ftp.internic.net/domain/arpa.zone
           => ‘./domain/arpa.zone’
==> CWD not required.
--> PASV

227 Entering Passive Mode (192,0,32,9,123,242)
--> RETR arpa.zone

150 Opening BINARY mode data connection for arpa.zone (15186 bytes).
Length: 15186 (15K)

     0K .......... ....                                       100% 14.4M=0.001s

226 Transfer complete.
2017-02-22 00:00:25 (14.4 MB/s) - ‘./domain/arpa.zone’ saved [15186]

The sizes do not match (local 6638) -- retrieving.

--2017-02-22 00:00:25--  ftp://ftp.internic.net/domain/arpa.zone.gz
           => ‘./domain/arpa.zone.gz’
==> CWD not required.
--> PASV

227 Entering Passive Mode (192,0,32,9,47,51)
--> RETR arpa.zone.gz

150 Opening BINARY mode data connection for arpa.zone.gz (6644 bytes).
Length: 6644 (6.5K)

     0K ......                                                100% 30.2M=0s

226 Transfer complete.
2017-02-22 00:00:26 (30.2 MB/s) - ‘./domain/arpa.zone.gz’ saved [6644]

Remote file is newer than local file ‘./domain/arpa.zone.gz.md5’ -- retrieving.

--2017-02-22 00:00:26--  ftp://ftp.internic.net/domain/arpa.zone.gz.md5
           => ‘./domain/arpa.zone.gz.md5’
==> CWD not required.
--> PASV

227 Entering Passive Mode (192,0,32,9,42,38)
--> RETR arpa.zone.gz.md5

150 Opening BINARY mode data connection for arpa.zone.gz.md5 (33 bytes).
Length: 33

     0K                                                       100%  165K=0s

226 Transfer complete.
2017-02-22 00:00:27 (165 KB/s) - ‘./domain/arpa.zone.gz.md5’ saved [33]

Remote file is newer than local file ‘./domain/arpa.zone.gz.sig’ -- retrieving.

--2017-02-22 00:00:27--  ftp://ftp.internic.net/domain/arpa.zone.gz.sig
           => ‘./domain/arpa.zone.gz.sig’
==> CWD not required.
--> PASV

227 Entering Passive Mode (192,0,32,9,98,126)
--> RETR arpa.zone.gz.sig

150 Opening BINARY mode data connection for arpa.zone.gz.sig (72 bytes).
Length: 72

     0K                                                       100%  352K=0s

226 Transfer complete.
2017-02-22 00:00:28 (352 KB/s) - ‘./domain/arpa.zone.gz.sig’ saved [72]

Remote file no newer than local file ‘./domain/db.cache’ -- not retrieving.
Remote file no newer than local file ‘./domain/db.cache.md5’ -- not retrieving.
Remote file no newer than local file ‘./domain/db.cache.sig’ -- not retrieving.
The sizes do not match (local 227882) -- retrieving.

--2017-02-22 00:00:28--  ftp://ftp.internic.net/domain/in-addr.arpa
           => ‘./domain/in-addr.arpa’
==> CWD not required.
--> PASV

227 Entering Passive Mode (192,0,32,9,141,132)
--> RETR in-addr.arpa

150 Opening BINARY mode data connection for in-addr.arpa (227660 bytes).
Length: 227660 (222K)

     0K .......... .......... .......... .......... .......... 22%  128K 1s
    50K .......... .......... .......... .......... .......... 44%  270K 1s
   100K .......... .......... .......... .......... .......... 67% 6.07M 0s
   150K .......... .......... .......... .......... .......... 89%  306K 0s
   200K .......... .......... ..                              100% 1.30M=0.8s

226 Transfer complete.
2017-02-22 00:00:29 (291 KB/s) - ‘./domain/in-addr.arpa’ saved [227660]

The sizes do not match (local 90160) -- retrieving.

--2017-02-22 00:00:29--  ftp://ftp.internic.net/domain/in-addr.arpa.gz
           => ‘./domain/in-addr.arpa.gz’
==> CWD not required.
--> PASV

227 Entering Passive Mode (192,0,32,9,42,140)
--> RETR in-addr.arpa.gz

150 Opening BINARY mode data connection for in-addr.arpa.gz (90162 bytes).
Length: 90162 (88K)

     0K .......... .......... .......... .......... .......... 56%  129K 0s
    50K .......... .......... .......... ........             100% 19.6M=0.4s

226 Transfer complete.
2017-02-22 00:00:30 (226 KB/s) - ‘./domain/in-addr.arpa.gz’ saved [90162]

Remote file is newer than local file ‘./domain/in-addr.arpa.gz.md5’ -- retrieving.

--2017-02-22 00:00:30--  ftp://ftp.internic.net/domain/in-addr.arpa.gz.md5
           => ‘./domain/in-addr.arpa.gz.md5’
==> CWD not required.
--> PASV

227 Entering Passive Mode (192,0,32,9,41,186)
--> RETR in-addr.arpa.gz.md5

150 Opening BINARY mode data connection for in-addr.arpa.gz.md5 (55 bytes).
Length: 55

     0K                                                       100%  261K=0s

226 Transfer complete.
2017-02-22 00:00:31 (261 KB/s) - ‘./domain/in-addr.arpa.gz.md5’ saved [55]

Remote file is newer than local file ‘./domain/in-addr.arpa.gz.sha256’ -- retrieving.

--2017-02-22 00:00:31--  ftp://ftp.internic.net/domain/in-addr.arpa.gz.sha256
           => ‘./domain/in-addr.arpa.gz.sha256’
==> CWD not required.
--> PASV

227 Entering Passive Mode (192,0,32,9,213,108)
--> RETR in-addr.arpa.gz.sha256

150 Opening BINARY mode data connection for in-addr.arpa.gz.sha256 (90 bytes).
Length: 90

     0K                                                       100% 19.0K=0.005s

226 Transfer complete.
2017-02-22 00:00:32 (19.0 KB/s) - ‘./domain/in-addr.arpa.gz.sha256’ saved [90]

Remote file is newer than local file ‘./domain/in-addr.arpa.md5’ -- retrieving.

--2017-02-22 00:00:32--  ftp://ftp.internic.net/domain/in-addr.arpa.md5
           => ‘./domain/in-addr.arpa.md5’
==> CWD not required.
--> PASV

227 Entering Passive Mode (192,0,32,9,172,234)
--> RETR in-addr.arpa.md5

150 Opening BINARY mode data connection for in-addr.arpa.md5 (52 bytes).
Length: 52

     0K                                                       100%  212K=0s

226 Transfer complete.
2017-02-22 00:00:33 (212 KB/s) - ‘./domain/in-addr.arpa.md5’ saved [52]

Remote file is newer than local file ‘./domain/in-addr.arpa.sha256’ -- retrieving.

--2017-02-22 00:00:33--  ftp://ftp.internic.net/domain/in-addr.arpa.sha256
           => ‘./domain/in-addr.arpa.sha256’
==> CWD not required.
--> PASV

227 Entering Passive Mode (192,0,32,9,86,37)
--> RETR in-addr.arpa.sha256

150 Opening BINARY mode data connection for in-addr.arpa.sha256 (87 bytes).
Length: 87

     0K                                                       100%  388K=0s

226 Transfer complete.
2017-02-22 00:00:33 (388 KB/s) - ‘./domain/in-addr.arpa.sha256’ saved [87]

The sizes do not match (local 227882) -- retrieving.

--2017-02-22 00:00:34--  ftp://ftp.internic.net/domain/in-addr.arpa.zone
           => ‘./domain/in-addr.arpa.zone’
==> CWD not required.
--> PASV

227 Entering Passive Mode (192,0,32,9,38,16)
--> RETR in-addr.arpa.zone

150 Opening BINARY mode data connection for in-addr.arpa.zone (227660 bytes).
Length: 227660 (222K)

     0K .......... .......... .......... .......... .......... 22%  142K 1s
    50K .......... .......... .......... .......... .......... 44%  269K 1s
   100K .......... .......... .......... .......... .......... 67%  444K 0s
   150K .......... .......... .......... .......... .......... 89%  372K 0s
   200K .......... .......... ..                              100% 18.2M=0.8s

226 Transfer complete.
2017-02-22 00:00:35 (283 KB/s) - ‘./domain/in-addr.arpa.zone’ saved [227660]

The sizes do not match (local 90160) -- retrieving.

--2017-02-22 00:00:35--  ftp://ftp.internic.net/domain/in-addr.arpa.zone.gz
           => ‘./domain/in-addr.arpa.zone.gz’
==> CWD not required.
--> PASV

227 Entering Passive Mode (192,0,32,9,130,68)
--> RETR in-addr.arpa.zone.gz

150 Opening BINARY mode data connection for in-addr.arpa.zone.gz (90162 bytes).
Length: 90162 (88K)

     0K .......... .......... .......... .......... .......... 56%  133K 0s
    50K .......... .......... .......... ........             100% 1.45M=0.4s

226 Transfer complete.
2017-02-22 00:00:36 (220 KB/s) - ‘./domain/in-addr.arpa.zone.gz’ saved [90162]

Remote file is newer than local file ‘./domain/in-addr.arpa.zone.gz.md5’ -- retrieving.

--2017-02-22 00:00:36--  ftp://ftp.internic.net/domain/in-addr.arpa.zone.gz.md5
           => ‘./domain/in-addr.arpa.zone.gz.md5’
==> CWD not required.
--> PASV

227 Entering Passive Mode (192,0,32,9,50,11)
--> RETR in-addr.arpa.zone.gz.md5

150 Opening BINARY mode data connection for in-addr.arpa.zone.gz.md5 (60 bytes).
Length: 60

     0K                                                       100%  292K=0s

226 Transfer complete.
2017-02-22 00:00:37 (292 KB/s) - ‘./domain/in-addr.arpa.zone.gz.md5’ saved [60]

Remote file is newer than local file ‘./domain/in-addr.arpa.zone.gz.sha256’ -- retrieving.

--2017-02-22 00:00:37--  ftp://ftp.internic.net/domain/in-addr.arpa.zone.gz.sha256
           => ‘./domain/in-addr.arpa.zone.gz.sha256’
==> CWD not required.
--> PASV

227 Entering Passive Mode (192,0,32,9,51,255)
--> RETR in-addr.arpa.zone.gz.sha256

150 Opening BINARY mode data connection for in-addr.arpa.zone.gz.sha256 (95 bytes).
Length: 95

     0K                                                       100%  464K=0s

226 Transfer complete.
2017-02-22 00:00:38 (464 KB/s) - ‘./domain/in-addr.arpa.zone.gz.sha256’ saved [95]

Remote file is newer than local file ‘./domain/in-addr.arpa.zone.md5’ -- retrieving.

--2017-02-22 00:00:38--  ftp://ftp.internic.net/domain/in-addr.arpa.zone.md5
           => ‘./domain/in-addr.arpa.zone.md5’
==> CWD not required.
--> PASV

227 Entering Passive Mode (192,0,32,9,164,120)
--> RETR in-addr.arpa.zone.md5

150 Opening BINARY mode data connection for in-addr.arpa.zone.md5 (57 bytes).
Length: 57

     0K                                                       100%  217K=0s

226 Transfer complete.
2017-02-22 00:00:39 (217 KB/s) - ‘./domain/in-addr.arpa.zone.md5’ saved [57]

Remote file is newer than local file ‘./domain/in-addr.arpa.zone.sha256’ -- retrieving.

--2017-02-22 00:00:39--  ftp://ftp.internic.net/domain/in-addr.arpa.zone.sha256
           => ‘./domain/in-addr.arpa.zone.sha256’
==> CWD not required.
--> PASV

227 Entering Passive Mode (192,0,32,9,112,105)
--> RETR in-addr.arpa.zone.sha256

150 Opening BINARY mode data connection for in-addr.arpa.zone.sha256 (92 bytes).
Length: 92

     0K                                                       100%  447K=0s

226 Transfer complete.
2017-02-22 00:00:40 (447 KB/s) - ‘./domain/in-addr.arpa.zone.sha256’ saved [92]

The sizes do not match (local 60964) -- retrieving.

--2017-02-22 00:00:40--  ftp://ftp.internic.net/domain/ip6.arpa
           => ‘./domain/ip6.arpa’
==> CWD not required.
--> PASV

227 Entering Passive Mode (192,0,32,9,181,169)
--> RETR ip6.arpa

150 Opening BINARY mode data connection for ip6.arpa (60746 bytes).
Length: 60746 (59K)

     0K .......... .......... .......... .......... .......... 84% 12.0K 1s
    50K .........                                             100% 18.5M=4.2s

226 Transfer complete.
2017-02-22 00:00:45 (14.2 KB/s) - ‘./domain/ip6.arpa’ saved [60746]

The sizes do not match (local 24408) -- retrieving.

--2017-02-22 00:00:45--  ftp://ftp.internic.net/domain/ip6.arpa.gz
           => ‘./domain/ip6.arpa.gz’
==> CWD not required.
--> PASV

227 Entering Passive Mode (192,0,32,9,146,14)
--> RETR ip6.arpa.gz

150 Opening BINARY mode data connection for ip6.arpa.gz (24342 bytes).
Length: 24342 (24K)

     0K .......... .......... ...                             100% 14.3K=1.7s

226 Transfer complete.
2017-02-22 00:00:48 (14.3 KB/s) - ‘./domain/ip6.arpa.gz’ saved [24342]

Remote file is newer than local file ‘./domain/ip6.arpa.gz.md5’ -- retrieving.

--2017-02-22 00:00:48--  ftp://ftp.internic.net/domain/ip6.arpa.gz.md5
           => ‘./domain/ip6.arpa.gz.md5’
==> CWD not required.
--> PASV

227 Entering Passive Mode (192,0,32,9,17,77)
--> RETR ip6.arpa.gz.md5

150 Opening BINARY mode data connection for ip6.arpa.gz.md5 (51 bytes).
Length: 51

     0K                                                       100%  248K=0s

226 Transfer complete.
2017-02-22 00:00:49 (248 KB/s) - ‘./domain/ip6.arpa.gz.md5’ saved [51]

Remote file is newer than local file ‘./domain/ip6.arpa.gz.sha256’ -- retrieving.

--2017-02-22 00:00:49--  ftp://ftp.internic.net/domain/ip6.arpa.gz.sha256
           => ‘./domain/ip6.arpa.gz.sha256’
==> CWD not required.
--> PASV

227 Entering Passive Mode (192,0,32,9,107,136)
--> RETR ip6.arpa.gz.sha256

150 Opening BINARY mode data connection for ip6.arpa.gz.sha256 (86 bytes).
Length: 86

     0K                                                       100%  420K=0s

226 Transfer complete.
2017-02-22 00:00:52 (420 KB/s) - ‘./domain/ip6.arpa.gz.sha256’ saved [86]

Remote file is newer than local file ‘./domain/ip6.arpa.md5’ -- retrieving.

--2017-02-22 00:00:52--  ftp://ftp.internic.net/domain/ip6.arpa.md5
           => ‘./domain/ip6.arpa.md5’
==> CWD not required.
--> PASV

227 Entering Passive Mode (192,0,32,9,42,137)
--> RETR ip6.arpa.md5

150 Opening BINARY mode data connection for ip6.arpa.md5 (48 bytes).
Length: 48

     0K                                                       100%  239K=0s

226 Transfer complete.
2017-02-22 00:00:53 (239 KB/s) - ‘./domain/ip6.arpa.md5’ saved [48]

Remote file is newer than local file ‘./domain/ip6.arpa.sha256’ -- retrieving.

--2017-02-22 00:00:53--  ftp://ftp.internic.net/domain/ip6.arpa.sha256
           => ‘./domain/ip6.arpa.sha256’
==> CWD not required.
--> PASV

227 Entering Passive Mode (192,0,32,9,42,51)
--> RETR ip6.arpa.sha256

150 Opening BINARY mode data connection for ip6.arpa.sha256 (83 bytes).
Length: 83

     0K                                                       100%  326K=0s

226 Transfer complete.
2017-02-22 00:00:56 (326 KB/s) - ‘./domain/ip6.arpa.sha256’ saved [83]

The sizes do not match (local 60964) -- retrieving.

--2017-02-22 00:00:56--  ftp://ftp.internic.net/domain/ip6.arpa.zone
           => ‘./domain/ip6.arpa.zone’
==> CWD not required.
--> PASV

227 Entering Passive Mode (192,0,32,9,73,26)
--> RETR ip6.arpa.zone

150 Opening BINARY mode data connection for ip6.arpa.zone (60746 bytes).
Length: 60746 (59K)

     0K .......... .......... .......... .......... .......... 84% 46.0K 0s
    50K .........                                             100% 21.1M=1.1s

226 Transfer complete.
2017-02-22 00:00:58 (54.6 KB/s) - ‘./domain/ip6.arpa.zone’ saved [60746]

The sizes do not match (local 24408) -- retrieving.

--2017-02-22 00:00:58--  ftp://ftp.internic.net/domain/ip6.arpa.zone.gz
           => ‘./domain/ip6.arpa.zone.gz’
==> CWD not required.
--> PASV

227 Entering Passive Mode (192,0,32,9,41,245)
--> RETR ip6.arpa.zone.gz

150 Opening BINARY mode data connection for ip6.arpa.zone.gz (24342 bytes).
Length: 24342 (24K)

     0K .......... .......... ...                             100%  126K=0.2s

226 Transfer complete.
2017-02-22 00:00:59 (126 KB/s) - ‘./domain/ip6.arpa.zone.gz’ saved [24342]

Remote file is newer than local file ‘./domain/ip6.arpa.zone.gz.md5’ -- retrieving.

--2017-02-22 00:00:59--  ftp://ftp.internic.net/domain/ip6.arpa.zone.gz.md5
           => ‘./domain/ip6.arpa.zone.gz.md5’
==> CWD not required.
--> PASV

227 Entering Passive Mode (192,0,32,9,207,102)
--> RETR ip6.arpa.zone.gz.md5

150 Opening BINARY mode data connection for ip6.arpa.zone.gz.md5 (56 bytes).
Length: 56

     0K                                                       100%  260K=0s

226 Transfer complete.
2017-02-22 00:01:00 (260 KB/s) - ‘./domain/ip6.arpa.zone.gz.md5’ saved [56]

Remote file is newer than local file ‘./domain/ip6.arpa.zone.gz.sha256’ -- retrieving.

--2017-02-22 00:01:00--  ftp://ftp.internic.net/domain/ip6.arpa.zone.gz.sha256
           => ‘./domain/ip6.arpa.zone.gz.sha256’
==> CWD not required.
--> PASV

227 Entering Passive Mode (192,0,32,9,70,138)
--> RETR ip6.arpa.zone.gz.sha256

150 Opening BINARY mode data connection for ip6.arpa.zone.gz.sha256 (91 bytes).
Length: 91

     0K                                                       100%  413K=0s

226 Transfer complete.
2017-02-22 00:01:00 (413 KB/s) - ‘./domain/ip6.arpa.zone.gz.sha256’ saved [91]

Remote file is newer than local file ‘./domain/ip6.arpa.zone.md5’ -- retrieving.

--2017-02-22 00:01:00--  ftp://ftp.internic.net/domain/ip6.arpa.zone.md5
           => ‘./domain/ip6.arpa.zone.md5’
==> CWD not required.
--> PASV

227 Entering Passive Mode (192,0,32,9,229,67)
--> RETR ip6.arpa.zone.md5

150 Opening BINARY mode data connection for ip6.arpa.zone.md5 (53 bytes).
Length: 53

     0K                                                       100%  249K=0s

226 Transfer complete.
2017-02-22 00:01:01 (249 KB/s) - ‘./domain/ip6.arpa.zone.md5’ saved [53]

Remote file is newer than local file ‘./domain/ip6.arpa.zone.sha256’ -- retrieving.

--2017-02-22 00:01:01--  ftp://ftp.internic.net/domain/ip6.arpa.zone.sha256
           => ‘./domain/ip6.arpa.zone.sha256’
==> CWD not required.
--> PASV

227 Entering Passive Mode (192,0,32,9,87,241)
--> RETR ip6.arpa.zone.sha256

150 Opening BINARY mode data connection for ip6.arpa.zone.sha256 (88 bytes).
Length: 88

     0K                                                       100%  363K=0s

226 Transfer complete.
2017-02-22 00:01:02 (363 KB/s) - ‘./domain/ip6.arpa.zone.sha256’ saved [88]

Remote file is newer than local file ‘./domain/last_update.txt’ -- retrieving.

--2017-02-22 00:01:02--  ftp://ftp.internic.net/domain/last_update.txt
           => ‘./domain/last_update.txt’
==> CWD not required.
--> PASV

227 Entering Passive Mode (192,0,32,9,70,48)
--> RETR last_update.txt

150 Opening BINARY mode data connection for last_update.txt (21 bytes).
Length: 21

     0K                                                       100%  101K=0s

226 Transfer complete.
2017-02-22 00:01:03 (101 KB/s) - ‘./domain/last_update.txt’ saved [21]

Remote file no newer than local file ‘./domain/named.cache’ -- not retrieving.
Remote file no newer than local file ‘./domain/named.cache.md5’ -- not retrieving.
Remote file no newer than local file ‘./domain/named.cache.sig’ -- not retrieving.
Remote file no newer than local file ‘./domain/named.root’ -- not retrieving.
Remote file no newer than local file ‘./domain/named.root.md5’ -- not retrieving.
Remote file no newer than local file ‘./domain/named.root.sig’ -- not retrieving.
Remote file no newer than local file ‘./domain/root-servers.net.zone’ -- not retrieving.
Remote file no newer than local file ‘./domain/root-servers.net.zone.gz’ -- not retrieving.
Remote file no newer than local file ‘./domain/root-servers.net.zone.gz.md5’ -- not retrieving.
Remote file no newer than local file ‘./domain/root-servers.net.zone.gz.sig’ -- not retrieving.
Remote file is newer than local file ‘./domain/root.zone’ -- retrieving.

--2017-02-22 00:01:03--  ftp://ftp.internic.net/domain/root.zone
           => ‘./domain/root.zone’
==> CWD not required.
--> PASV

227 Entering Passive Mode (192,0,32,9,142,82)
--> RETR root.zone

150 Opening BINARY mode data connection for root.zone (2229534 bytes).
Length: 2229534 (2.1M)

     0K .......... .......... .......... .......... ..........  2% 94.2K 23s
    50K .......... .......... .......... .......... ..........  4% 88.8K 23s
   100K .......... .......... .......... .......... ..........  6% 93.8K 22s
   150K .......... .......... .......... .......... ..........  9% 92.8K 21s
   200K .......... .......... .......... .......... .......... 11%  127K 20s
   250K .......... .......... .......... .......... .......... 13%  137K 18s
   300K .......... .......... .......... .......... .......... 16%  152K 17s
   350K .......... .......... .......... .......... .......... 18%  145K 16s
   400K .......... .......... .......... .......... .......... 20%  137K 15s
   450K .......... .......... .......... .......... .......... 22%  153K 14s
   500K .......... .......... .......... .......... .......... 25%  197K 13s
   550K .......... .......... .......... .......... .......... 27%  157K 13s
   600K .......... .......... .......... .......... .......... 29%  231K 12s
   650K .......... .......... .......... .......... .......... 32%  158K 11s
   700K .......... .......... .......... .......... .......... 34%  220K 11s
   750K .......... .......... .......... .......... .......... 36%  161K 10s
   800K .......... .......... .......... .......... .......... 39%  201K 10s
   850K .......... .......... .......... .......... .......... 41%  176K 9s
   900K .......... .......... .......... .......... .......... 43%  205K 9s
   950K .......... .......... .......... .......... .......... 45%  172K 8s
  1000K .......... .......... .......... .......... .......... 48%  196K 8s
  1050K .......... .......... .......... .......... .......... 50%  172K 7s
  1100K .......... .......... .......... .......... .......... 52%  250K 7s
  1150K .......... .......... .......... .......... .......... 55%  205K 7s
  1200K .......... .......... .......... .......... .......... 57%  170K 6s
  1250K .......... .......... .......... .......... .......... 59%  241K 6s
  1300K .......... .......... .......... .......... .......... 62%  257K 5s
  1350K .......... .......... .......... .......... .......... 64%  249K 5s
  1400K .......... .......... .......... .......... .......... 66%  229K 5s
  1450K .......... .......... .......... .......... .......... 68%  295K 4s
  1500K .......... .......... .......... .......... .......... 71%  282K 4s
  1550K .......... .......... .......... .......... .......... 73%  279K 3s
  1600K .......... .......... .......... .......... .......... 75%  271K 3s
  1650K .......... .......... .......... .......... .......... 78%  287K 3s
  1700K .......... .......... .......... .......... .......... 80%  354K 2s
  1750K .......... .......... .......... .......... .......... 82%  280K 2s
  1800K .......... .......... .......... .......... .......... 84%  963K 2s
  1850K .......... .......... .......... .......... .......... 87%  270K 2s
  1900K .......... .......... .......... .......... .......... 89%  348K 1s
  1950K .......... .......... .......... .......... .......... 91% 1.42M 1s
  2000K .......... .......... .......... .......... .......... 94%  265K 1s
  2050K .......... .......... .......... .......... .......... 96% 1.76M 0s
  2100K .......... .......... .......... .......... .......... 98%  351K 0s
  2150K .......... .......... .......                         100% 1.98M=11s

226 Transfer complete.
2017-02-22 00:01:15 (196 KB/s) - ‘./domain/root.zone’ saved [2229534]

The sizes do not match (local 1047663) -- retrieving.

--2017-02-22 00:01:15--  ftp://ftp.internic.net/domain/root.zone.gz
           => ‘./domain/root.zone.gz’
==> CWD not required.
--> PASV

227 Entering Passive Mode (192,0,32,9,189,43)
--> RETR root.zone.gz

150 Opening BINARY mode data connection for root.zone.gz (1047516 bytes).
Length: 1047516 (1023K)

     0K .......... .......... .......... .......... ..........  4%  135K 7s
    50K .......... .......... .......... .......... ..........  9%  283K 5s
   100K .......... .......... .......... .......... .......... 14%  276K 4s
   150K .......... .......... .......... .......... .......... 19%  278K 4s
   200K .......... .......... .......... .......... .......... 24% 3.87M 3s
   250K .......... .......... .......... .......... .......... 29%  255K 3s
   300K .......... .......... .......... .......... .......... 34%  308K 2s
   350K .......... .......... .......... .......... .......... 39%  285K 2s
   400K .......... .......... .......... .......... .......... 43%  278K 2s
   450K .......... .......... .......... .......... .......... 48% 3.71M 2s
   500K .......... .......... .......... .......... .......... 53%  261K 2s
   550K .......... .......... .......... .......... .......... 58%  250K 1s
   600K .......... .......... .......... .......... .......... 63%  295K 1s
   650K .......... .......... .......... .......... .......... 68% 1.20M 1s
   700K .......... .......... .......... .......... .......... 73%  327K 1s
   750K .......... .......... .......... .......... .......... 78%  351K 1s
   800K .......... .......... .......... .......... .......... 83%  710K 1s
   850K .......... .......... .......... .......... .......... 87%  321K 0s
   900K .......... .......... .......... .......... .......... 92% 1.55M 0s
   950K .......... .......... .......... .......... .......... 97%  331K 0s
  1000K .......... .......... ..                              100% 1.02M=3.0s

226 Transfer complete.
2017-02-22 00:01:18 (344 KB/s) - ‘./domain/root.zone.gz’ saved [1047516]

Remote file is newer than local file ‘./domain/root.zone.gz.md5’ -- retrieving.

--2017-02-22 00:01:18--  ftp://ftp.internic.net/domain/root.zone.gz.md5
           => ‘./domain/root.zone.gz.md5’
==> CWD not required.
--> PASV

227 Entering Passive Mode (192,0,32,9,29,94)
--> RETR root.zone.gz.md5

150 Opening BINARY mode data connection for root.zone.gz.md5 (33 bytes).
Length: 33

     0K                                                       100%  125K=0s

226 Transfer complete.
2017-02-22 00:01:19 (125 KB/s) - ‘./domain/root.zone.gz.md5’ saved [33]

Remote file is newer than local file ‘./domain/root.zone.gz.sig’ -- retrieving.

--2017-02-22 00:01:19--  ftp://ftp.internic.net/domain/root.zone.gz.sig
           => ‘./domain/root.zone.gz.sig’
==> CWD not required.
--> PASV

227 Entering Passive Mode (192,0,32,9,100,178)
--> RETR root.zone.gz.sig

150 Opening BINARY mode data connection for root.zone.gz.sig (72 bytes).
Length: 72

     0K                                                       100%  350K=0s

226 Transfer complete.
2017-02-22 00:01:20 (350 KB/s) - ‘./domain/root.zone.gz.sig’ saved [72]

Remote file is newer than local file ‘./domain/root.zone.md5’ -- retrieving.

--2017-02-22 00:01:20--  ftp://ftp.internic.net/domain/root.zone.md5
           => ‘./domain/root.zone.md5’
==> CWD not required.
--> PASV

227 Entering Passive Mode (192,0,32,9,82,161)
--> RETR root.zone.md5

150 Opening BINARY mode data connection for root.zone.md5 (33 bytes).
Length: 33

     0K                                                       100%  159K=0s

226 Transfer complete.
2017-02-22 00:01:21 (159 KB/s) - ‘./domain/root.zone.md5’ saved [33]

Remote file is newer than local file ‘./domain/root.zone.sig’ -- retrieving.

--2017-02-22 00:01:21--  ftp://ftp.internic.net/domain/root.zone.sig
           => ‘./domain/root.zone.sig’
==> CWD not required.
--> PASV

227 Entering Passive Mode (192,0,32,9,41,176)
--> RETR root.zone.sig

150 Opening BINARY mode data connection for root.zone.sig (72 bytes).
Length: 72

     0K                                                       100%  263K=0s

226 Transfer complete.
2017-02-22 00:01:22 (263 KB/s) - ‘./domain/root.zone.sig’ saved [72]

FINISHED --2017-02-22 00:01:22--
Total wall clock time: 1m 3s
Downloaded: 40 files, 3.9M in 24s (171 KB/s)
