--2017-07-11 00:00:02--  ftp://ftp.internic.net/*
           => ‘./.listing’
Resolving ftp.internic.net (ftp.internic.net)... 192.0.32.9, 2620:0:2d0:200::9
Connecting to ftp.internic.net (ftp.internic.net)|192.0.32.9|:21... connected.
Logging in as anonymous ... 
220 Internic FTP Server
--> USER anonymous

331 Please specify the password.
--> PASS Turtle Power!

230 Login successful.
--> SYST

215 UNIX Type: L8
--> PWD

257 "/"
--> TYPE I

200 Switching to Binary mode.
==> CWD not needed.
--> PASV

227 Entering Passive Mode (192,0,32,9,5,70)
--> LIST -a

150 Here comes the directory listing.

     0K                                                        3.97M=0s

226 Directory send OK.
drwxr-xr-x    3 ftp      ftp          4096 Apr 04  2012 .
drwxr-xr-x    3 ftp      ftp          4096 Apr 04  2012 ..
drwxr-xr-x    2 ftp      ftp          4096 Sep 09  2015 domain
2017-07-11 00:00:07 (3.97 MB/s) - ‘./.listing’ saved [183]

--2017-07-11 00:00:07--  ftp://ftp.internic.net/domain/*
           => ‘./domain/.listing’
--> CWD /domain

250 Directory successfully changed.
--> PASV

227 Entering Passive Mode (192,0,32,9,42,76)
--> LIST -a

150 Here comes the directory listing.

     0K ...                                                    17.5M=0s

226 Directory send OK.
drwxr-xr-x    2 ftp      ftp          4096 Sep 09  2015 .
drwxr-xr-x    3 ftp      ftp          4096 Apr 04  2012 ..
-rw-r--r--    1 ftp      ftp          1829 Aug 18  2015 .listing
-rw-r--r--    1 ftp      ftp          1224 Jul 10 12:19 INTERNIC_ROOT_ZONE.signatures
-rw-r--r--    1 ftp      ftp          1469 Jul 10 12:19 INTERNIC_ROOT_ZONE.signatures.asc
-rw-r--r--    1 ftp      ftp         15438 Jul 10 12:19 arpa.zone
-rw-r--r--    1 ftp      ftp          6783 Jul 10 12:19 arpa.zone.gz
-rw-r--r--    1 ftp      ftp            33 Jul 10 12:20 arpa.zone.gz.md5
-rw-r--r--    1 ftp      ftp            72 Jul 10 12:20 arpa.zone.gz.sig
-rw-r--r--    1 ftp      ftp          3289 Jun 01 15:27 db.cache
-rw-r--r--    1 ftp      ftp            33 Jun 01 15:27 db.cache.md5
-rw-r--r--    1 ftp      ftp            72 Jun 01 15:27 db.cache.sig
-rw-r--r--    1 ftp      ftp        228753 Jul 10 15:40 in-addr.arpa
-rw-r--r--    1 ftp      ftp         90676 Jul 10 15:40 in-addr.arpa.gz
-rw-r--r--    1 ftp      ftp            55 Jul 10 15:40 in-addr.arpa.gz.md5
-rw-r--r--    1 ftp      ftp            90 Jul 10 15:40 in-addr.arpa.gz.sha256
-rw-r--r--    1 ftp      ftp            52 Jul 10 15:40 in-addr.arpa.md5
-rw-r--r--    1 ftp      ftp            87 Jul 10 15:40 in-addr.arpa.sha256
-rw-r--r--    1 ftp      ftp        228753 Jul 10 15:40 in-addr.arpa.zone
-rw-r--r--    1 ftp      ftp         90676 Jul 10 15:40 in-addr.arpa.zone.gz
-rw-r--r--    1 ftp      ftp            60 Jul 10 15:40 in-addr.arpa.zone.gz.md5
-rw-r--r--    1 ftp      ftp            95 Jul 10 15:40 in-addr.arpa.zone.gz.sha256
-rw-r--r--    1 ftp      ftp            57 Jul 10 15:40 in-addr.arpa.zone.md5
-rw-r--r--    1 ftp      ftp            92 Jul 10 15:40 in-addr.arpa.zone.sha256
-rw-r--r--    1 ftp      ftp         61264 Jul 10 15:40 ip6.arpa
-rw-r--r--    1 ftp      ftp         24325 Jul 10 15:40 ip6.arpa.gz
-rw-r--r--    1 ftp      ftp            51 Jul 10 15:40 ip6.arpa.gz.md5
-rw-r--r--    1 ftp      ftp            86 Jul 10 15:40 ip6.arpa.gz.sha256
-rw-r--r--    1 ftp      ftp            48 Jul 10 15:40 ip6.arpa.md5
-rw-r--r--    1 ftp      ftp            83 Jul 10 15:40 ip6.arpa.sha256
-rw-r--r--    1 ftp      ftp         61264 Jul 10 15:40 ip6.arpa.zone
-rw-r--r--    1 ftp      ftp         24325 Jul 10 15:40 ip6.arpa.zone.gz
-rw-r--r--    1 ftp      ftp            56 Jul 10 15:40 ip6.arpa.zone.gz.md5
-rw-r--r--    1 ftp      ftp            91 Jul 10 15:40 ip6.arpa.zone.gz.sha256
-rw-r--r--    1 ftp      ftp            53 Jul 10 15:40 ip6.arpa.zone.md5
-rw-r--r--    1 ftp      ftp            88 Jul 10 15:40 ip6.arpa.zone.sha256
-rw-r--r--    1 ftp      ftp            21 Jul 10 15:40 last_update.txt
-rw-r--r--    1 ftp      ftp          3289 Jun 01 15:27 named.cache
-rw-r--r--    1 ftp      ftp            33 Jun 01 15:27 named.cache.md5
-rw-r--r--    1 ftp      ftp            72 Jun 01 15:27 named.cache.sig
-rw-r--r--    1 ftp      ftp          3289 Jun 01 15:27 named.root
-rw-r--r--    1 ftp      ftp            33 Jun 01 15:27 named.root.md5
-rw-r--r--    1 ftp      ftp            72 Jun 01 15:27 named.root.sig
-rw-r--r--    1 ftp      ftp          2111 Jun 01 15:27 root-servers.net.zone
-rw-r--r--    1 ftp      ftp           575 Jun 01 15:27 root-servers.net.zone.gz
-rw-r--r--    1 ftp      ftp            33 Jun 01 15:27 root-servers.net.zone.gz.md5
-rw-r--r--    1 ftp      ftp            72 Jun 01 15:27 root-servers.net.zone.gz.sig
-rw-r--r--    1 ftp      ftp       2259495 Jul 10 05:12 root.zone
-rw-r--r--    1 ftp      ftp       1060618 Jul 10 05:12 root.zone.gz
-rw-r--r--    1 ftp      ftp            33 Jul 10 05:12 root.zone.gz.md5
-rw-r--r--    1 ftp      ftp            72 Jul 10 05:12 root.zone.gz.sig
-rw-r--r--    1 ftp      ftp            33 Jul 10 05:12 root.zone.md5
-rw-r--r--    1 ftp      ftp            72 Jul 10 05:12 root.zone.sig
2017-07-11 00:00:09 (17.5 MB/s) - ‘./domain/.listing’ saved [3930]

The sizes do not match (local 3930) -- retrieving.

--2017-07-11 00:00:09--  ftp://ftp.internic.net/domain/.listing
           => ‘./domain/.listing’
==> CWD not required.
--> PASV

227 Entering Passive Mode (192,0,32,9,42,166)
--> RETR .listing

150 Opening BINARY mode data connection for .listing (1829 bytes).
Length: 1829 (1.8K)

     0K .                                                     100% 4.57M=0s

226 Transfer complete.
2017-07-11 00:00:10 (4.57 MB/s) - ‘./domain/.listing’ saved [1829]

Remote file is newer than local file ‘./domain/INTERNIC_ROOT_ZONE.signatures’ -- retrieving.

--2017-07-11 00:00:10--  ftp://ftp.internic.net/domain/INTERNIC_ROOT_ZONE.signatures
           => ‘./domain/INTERNIC_ROOT_ZONE.signatures’
==> CWD not required.
--> PASV

227 Entering Passive Mode (192,0,32,9,42,227)
--> RETR INTERNIC_ROOT_ZONE.signatures

150 Opening BINARY mode data connection for INTERNIC_ROOT_ZONE.signatures (1224 bytes).
Length: 1224 (1.2K)

     0K .                                                     100% 24.3M=0s

226 Transfer complete.
2017-07-11 00:00:11 (24.3 MB/s) - ‘./domain/INTERNIC_ROOT_ZONE.signatures’ saved [1224]

Remote file is newer than local file ‘./domain/INTERNIC_ROOT_ZONE.signatures.asc’ -- retrieving.

--2017-07-11 00:00:11--  ftp://ftp.internic.net/domain/INTERNIC_ROOT_ZONE.signatures.asc
           => ‘./domain/INTERNIC_ROOT_ZONE.signatures.asc’
==> CWD not required.
--> PASV

227 Entering Passive Mode (192,0,32,9,41,176)
--> RETR INTERNIC_ROOT_ZONE.signatures.asc

150 Opening BINARY mode data connection for INTERNIC_ROOT_ZONE.signatures.asc (1469 bytes).
Length: 1469 (1.4K)

     0K .                                                     100% 1.75M=0.001s

226 Transfer complete.
2017-07-11 00:00:12 (1.75 MB/s) - ‘./domain/INTERNIC_ROOT_ZONE.signatures.asc’ saved [1469]

Remote file is newer than local file ‘./domain/arpa.zone’ -- retrieving.

--2017-07-11 00:00:12--  ftp://ftp.internic.net/domain/arpa.zone
           => ‘./domain/arpa.zone’
==> CWD not required.
--> PASV

227 Entering Passive Mode (192,0,32,9,232,126)
--> RETR arpa.zone

150 Opening BINARY mode data connection for arpa.zone (15438 bytes).
Length: 15438 (15K)

     0K .......... .....                                      100% 1.09M=0.01s

226 Transfer complete.
2017-07-11 00:00:13 (1.09 MB/s) - ‘./domain/arpa.zone’ saved [15438]

The sizes do not match (local 6785) -- retrieving.

--2017-07-11 00:00:13--  ftp://ftp.internic.net/domain/arpa.zone.gz
           => ‘./domain/arpa.zone.gz’
==> CWD not required.
--> PASV

227 Entering Passive Mode (192,0,32,9,174,18)
--> RETR arpa.zone.gz

150 Opening BINARY mode data connection for arpa.zone.gz (6783 bytes).
Length: 6783 (6.6K)

     0K ......                                                100% 2.52M=0.003s

226 Transfer complete.
2017-07-11 00:00:14 (2.52 MB/s) - ‘./domain/arpa.zone.gz’ saved [6783]

Remote file is newer than local file ‘./domain/arpa.zone.gz.md5’ -- retrieving.

--2017-07-11 00:00:14--  ftp://ftp.internic.net/domain/arpa.zone.gz.md5
           => ‘./domain/arpa.zone.gz.md5’
==> CWD not required.
--> PASV

227 Entering Passive Mode (192,0,32,9,8,49)
--> RETR arpa.zone.gz.md5

150 Opening BINARY mode data connection for arpa.zone.gz.md5 (33 bytes).
Length: 33

     0K                                                       100%  608K=0s

226 Transfer complete.
2017-07-11 00:00:16 (608 KB/s) - ‘./domain/arpa.zone.gz.md5’ saved [33]

Remote file is newer than local file ‘./domain/arpa.zone.gz.sig’ -- retrieving.

--2017-07-11 00:00:16--  ftp://ftp.internic.net/domain/arpa.zone.gz.sig
           => ‘./domain/arpa.zone.gz.sig’
==> CWD not required.
--> PASV

227 Entering Passive Mode (192,0,32,9,41,96)
--> RETR arpa.zone.gz.sig

150 Opening BINARY mode data connection for arpa.zone.gz.sig (72 bytes).
Length: 72

     0K                                                       100% 18.9K=0.004s

226 Transfer complete.
2017-07-11 00:00:17 (18.9 KB/s) - ‘./domain/arpa.zone.gz.sig’ saved [72]

Remote file no newer than local file ‘./domain/db.cache’ -- not retrieving.
Remote file no newer than local file ‘./domain/db.cache.md5’ -- not retrieving.
Remote file no newer than local file ‘./domain/db.cache.sig’ -- not retrieving.
Remote file is newer than local file ‘./domain/in-addr.arpa’ -- retrieving.

--2017-07-11 00:00:17--  ftp://ftp.internic.net/domain/in-addr.arpa
           => ‘./domain/in-addr.arpa’
==> CWD not required.
--> PASV

227 Entering Passive Mode (192,0,32,9,114,129)
--> RETR in-addr.arpa

150 Opening BINARY mode data connection for in-addr.arpa (228753 bytes).
Length: 228753 (223K)

     0K .......... .......... .......... .......... .......... 22% 81.5K 2s
    50K .......... .......... .......... .......... .......... 44%  165K 1s
   100K .......... .......... .......... .......... .......... 67% 3.76M 0s
   150K .......... .......... .......... .......... .......... 89%  194K 0s
   200K .......... .......... ...                             100% 29.1M=1.2s

226 Transfer complete.
2017-07-11 00:00:19 (188 KB/s) - ‘./domain/in-addr.arpa’ saved [228753]

The sizes do not match (local 90623) -- retrieving.

--2017-07-11 00:00:19--  ftp://ftp.internic.net/domain/in-addr.arpa.gz
           => ‘./domain/in-addr.arpa.gz’
==> CWD not required.
--> PASV

227 Entering Passive Mode (192,0,32,9,243,111)
--> RETR in-addr.arpa.gz

150 Opening BINARY mode data connection for in-addr.arpa.gz (90676 bytes).
Length: 90676 (89K)

     0K .......... .......... .......... .......... .......... 56% 97.1K 0s
    50K .......... .......... .......... ........             100% 22.3M=0.5s

226 Transfer complete.
2017-07-11 00:00:20 (171 KB/s) - ‘./domain/in-addr.arpa.gz’ saved [90676]

Remote file is newer than local file ‘./domain/in-addr.arpa.gz.md5’ -- retrieving.

--2017-07-11 00:00:20--  ftp://ftp.internic.net/domain/in-addr.arpa.gz.md5
           => ‘./domain/in-addr.arpa.gz.md5’
==> CWD not required.
--> PASV

227 Entering Passive Mode (192,0,32,9,84,114)
--> RETR in-addr.arpa.gz.md5

150 Opening BINARY mode data connection for in-addr.arpa.gz.md5 (55 bytes).
Length: 55

     0K                                                       100%  698K=0s

226 Transfer complete.
2017-07-11 00:00:22 (698 KB/s) - ‘./domain/in-addr.arpa.gz.md5’ saved [55]

Remote file is newer than local file ‘./domain/in-addr.arpa.gz.sha256’ -- retrieving.

--2017-07-11 00:00:22--  ftp://ftp.internic.net/domain/in-addr.arpa.gz.sha256
           => ‘./domain/in-addr.arpa.gz.sha256’
==> CWD not required.
--> PASV

227 Entering Passive Mode (192,0,32,9,240,204)
--> RETR in-addr.arpa.gz.sha256

150 Opening BINARY mode data connection for in-addr.arpa.gz.sha256 (90 bytes).
Length: 90

     0K                                                       100% 22.5K=0.004s

226 Transfer complete.
2017-07-11 00:00:23 (22.5 KB/s) - ‘./domain/in-addr.arpa.gz.sha256’ saved [90]

Remote file is newer than local file ‘./domain/in-addr.arpa.md5’ -- retrieving.

--2017-07-11 00:00:23--  ftp://ftp.internic.net/domain/in-addr.arpa.md5
           => ‘./domain/in-addr.arpa.md5’
==> CWD not required.
--> PASV

227 Entering Passive Mode (192,0,32,9,105,213)
--> RETR in-addr.arpa.md5

150 Opening BINARY mode data connection for in-addr.arpa.md5 (52 bytes).
Length: 52

     0K                                                       100%  130K=0s

226 Transfer complete.
2017-07-11 00:00:23 (130 KB/s) - ‘./domain/in-addr.arpa.md5’ saved [52]

Remote file is newer than local file ‘./domain/in-addr.arpa.sha256’ -- retrieving.

--2017-07-11 00:00:23--  ftp://ftp.internic.net/domain/in-addr.arpa.sha256
           => ‘./domain/in-addr.arpa.sha256’
==> CWD not required.
--> PASV

227 Entering Passive Mode (192,0,32,9,181,83)
--> RETR in-addr.arpa.sha256

150 Opening BINARY mode data connection for in-addr.arpa.sha256 (87 bytes).
Length: 87

     0K                                                       100% 1.57M=0s

226 Transfer complete.
2017-07-11 00:00:25 (1.57 MB/s) - ‘./domain/in-addr.arpa.sha256’ saved [87]

Remote file is newer than local file ‘./domain/in-addr.arpa.zone’ -- retrieving.

--2017-07-11 00:00:25--  ftp://ftp.internic.net/domain/in-addr.arpa.zone
           => ‘./domain/in-addr.arpa.zone’
==> CWD not required.
--> PASV

227 Entering Passive Mode (192,0,32,9,114,107)
--> RETR in-addr.arpa.zone

150 Opening BINARY mode data connection for in-addr.arpa.zone (228753 bytes).
Length: 228753 (223K)

     0K .......... .......... .......... .......... .......... 22% 80.6K 2s
    50K .......... .......... .......... .......... .......... 44%  233K 1s
   100K .......... .......... .......... .......... .......... 67% 1.22M 0s
   150K .......... .......... .......... .......... .......... 89%  220K 0s
   200K .......... .......... ...                             100% 1.32M=1.1s

226 Transfer complete.
2017-07-11 00:00:27 (200 KB/s) - ‘./domain/in-addr.arpa.zone’ saved [228753]

The sizes do not match (local 90623) -- retrieving.

--2017-07-11 00:00:27--  ftp://ftp.internic.net/domain/in-addr.arpa.zone.gz
           => ‘./domain/in-addr.arpa.zone.gz’
==> CWD not required.
--> PASV

227 Entering Passive Mode (192,0,32,9,41,181)
--> RETR in-addr.arpa.zone.gz

150 Opening BINARY mode data connection for in-addr.arpa.zone.gz (90676 bytes).
Length: 90676 (89K)

     0K .......... .......... .......... .......... .......... 56% 87.3K 0s
    50K .......... .......... .......... ........             100% 7.13M=0.6s

226 Transfer complete.
2017-07-11 00:00:29 (153 KB/s) - ‘./domain/in-addr.arpa.zone.gz’ saved [90676]

Remote file is newer than local file ‘./domain/in-addr.arpa.zone.gz.md5’ -- retrieving.

--2017-07-11 00:00:29--  ftp://ftp.internic.net/domain/in-addr.arpa.zone.gz.md5
           => ‘./domain/in-addr.arpa.zone.gz.md5’
==> CWD not required.
--> PASV

227 Entering Passive Mode (192,0,32,9,50,126)
--> RETR in-addr.arpa.zone.gz.md5

150 Opening BINARY mode data connection for in-addr.arpa.zone.gz.md5 (60 bytes).
Length: 60

     0K                                                       100%  292K=0s

226 Transfer complete.
2017-07-11 00:00:30 (292 KB/s) - ‘./domain/in-addr.arpa.zone.gz.md5’ saved [60]

Remote file is newer than local file ‘./domain/in-addr.arpa.zone.gz.sha256’ -- retrieving.

--2017-07-11 00:00:30--  ftp://ftp.internic.net/domain/in-addr.arpa.zone.gz.sha256
           => ‘./domain/in-addr.arpa.zone.gz.sha256’
==> CWD not required.
--> PASV

227 Entering Passive Mode (192,0,32,9,234,115)
--> RETR in-addr.arpa.zone.gz.sha256

150 Opening BINARY mode data connection for in-addr.arpa.zone.gz.sha256 (95 bytes).
Length: 95

     0K                                                       100%  708K=0s

226 Transfer complete.
2017-07-11 00:00:31 (708 KB/s) - ‘./domain/in-addr.arpa.zone.gz.sha256’ saved [95]

Remote file is newer than local file ‘./domain/in-addr.arpa.zone.md5’ -- retrieving.

--2017-07-11 00:00:31--  ftp://ftp.internic.net/domain/in-addr.arpa.zone.md5
           => ‘./domain/in-addr.arpa.zone.md5’
==> CWD not required.
--> PASV

227 Entering Passive Mode (192,0,32,9,194,132)
--> RETR in-addr.arpa.zone.md5

150 Opening BINARY mode data connection for in-addr.arpa.zone.md5 (57 bytes).
Length: 57

     0K                                                       100% 39.5K=0.001s

226 Transfer complete.
2017-07-11 00:00:32 (39.5 KB/s) - ‘./domain/in-addr.arpa.zone.md5’ saved [57]

Remote file is newer than local file ‘./domain/in-addr.arpa.zone.sha256’ -- retrieving.

--2017-07-11 00:00:32--  ftp://ftp.internic.net/domain/in-addr.arpa.zone.sha256
           => ‘./domain/in-addr.arpa.zone.sha256’
==> CWD not required.
--> PASV

227 Entering Passive Mode (192,0,32,9,172,0)
--> RETR in-addr.arpa.zone.sha256

150 Opening BINARY mode data connection for in-addr.arpa.zone.sha256 (92 bytes).
Length: 92

     0K                                                       100%  430K=0s

226 Transfer complete.
2017-07-11 00:00:33 (430 KB/s) - ‘./domain/in-addr.arpa.zone.sha256’ saved [92]

Remote file is newer than local file ‘./domain/ip6.arpa’ -- retrieving.

--2017-07-11 00:00:33--  ftp://ftp.internic.net/domain/ip6.arpa
           => ‘./domain/ip6.arpa’
==> CWD not required.
--> PASV

227 Entering Passive Mode (192,0,32,9,104,4)
--> RETR ip6.arpa

150 Opening BINARY mode data connection for ip6.arpa (61264 bytes).
Length: 61264 (60K)

     0K .......... .......... .......... .......... .......... 83% 80.5K 0s
    50K .........                                             100% 78.7M=0.6s

226 Transfer complete.
2017-07-11 00:00:35 (96.3 KB/s) - ‘./domain/ip6.arpa’ saved [61264]

The sizes do not match (local 24351) -- retrieving.

--2017-07-11 00:00:35--  ftp://ftp.internic.net/domain/ip6.arpa.gz
           => ‘./domain/ip6.arpa.gz’
==> CWD not required.
--> PASV

227 Entering Passive Mode (192,0,32,9,100,8)
--> RETR ip6.arpa.gz

150 Opening BINARY mode data connection for ip6.arpa.gz (24325 bytes).
Length: 24325 (24K)

     0K .......... .......... ...                             100% 89.1K=0.3s

226 Transfer complete.
2017-07-11 00:00:36 (89.1 KB/s) - ‘./domain/ip6.arpa.gz’ saved [24325]

Remote file is newer than local file ‘./domain/ip6.arpa.gz.md5’ -- retrieving.

--2017-07-11 00:00:36--  ftp://ftp.internic.net/domain/ip6.arpa.gz.md5
           => ‘./domain/ip6.arpa.gz.md5’
==> CWD not required.
--> PASV

227 Entering Passive Mode (192,0,32,9,101,185)
--> RETR ip6.arpa.gz.md5

150 Opening BINARY mode data connection for ip6.arpa.gz.md5 (51 bytes).
Length: 51

     0K                                                       100% 1.08M=0s

226 Transfer complete.
2017-07-11 00:00:37 (1.08 MB/s) - ‘./domain/ip6.arpa.gz.md5’ saved [51]

Remote file is newer than local file ‘./domain/ip6.arpa.gz.sha256’ -- retrieving.

--2017-07-11 00:00:37--  ftp://ftp.internic.net/domain/ip6.arpa.gz.sha256
           => ‘./domain/ip6.arpa.gz.sha256’
==> CWD not required.
--> PASV

227 Entering Passive Mode (192,0,32,9,159,134)
--> RETR ip6.arpa.gz.sha256

150 Opening BINARY mode data connection for ip6.arpa.gz.sha256 (86 bytes).
Length: 86

     0K                                                       100% 1.75M=0s

226 Transfer complete.
2017-07-11 00:00:38 (1.75 MB/s) - ‘./domain/ip6.arpa.gz.sha256’ saved [86]

Remote file is newer than local file ‘./domain/ip6.arpa.md5’ -- retrieving.

--2017-07-11 00:00:38--  ftp://ftp.internic.net/domain/ip6.arpa.md5
           => ‘./domain/ip6.arpa.md5’
==> CWD not required.
--> PASV

227 Entering Passive Mode (192,0,32,9,193,34)
--> RETR ip6.arpa.md5

150 Opening BINARY mode data connection for ip6.arpa.md5 (48 bytes).
Length: 48

     0K                                                       100%  442K=0s

226 Transfer complete.
2017-07-11 00:00:40 (442 KB/s) - ‘./domain/ip6.arpa.md5’ saved [48]

Remote file is newer than local file ‘./domain/ip6.arpa.sha256’ -- retrieving.

--2017-07-11 00:00:40--  ftp://ftp.internic.net/domain/ip6.arpa.sha256
           => ‘./domain/ip6.arpa.sha256’
==> CWD not required.
--> PASV

227 Entering Passive Mode (192,0,32,9,99,240)
--> RETR ip6.arpa.sha256

150 Opening BINARY mode data connection for ip6.arpa.sha256 (83 bytes).
Length: 83

     0K                                                       100% 1.22M=0s

226 Transfer complete.
2017-07-11 00:00:41 (1.22 MB/s) - ‘./domain/ip6.arpa.sha256’ saved [83]

Remote file is newer than local file ‘./domain/ip6.arpa.zone’ -- retrieving.

--2017-07-11 00:00:41--  ftp://ftp.internic.net/domain/ip6.arpa.zone
           => ‘./domain/ip6.arpa.zone’
==> CWD not required.
--> PASV

227 Entering Passive Mode (192,0,32,9,220,112)
--> RETR ip6.arpa.zone

150 Opening BINARY mode data connection for ip6.arpa.zone (61264 bytes).
Length: 61264 (60K)

     0K .......... .......... .......... .......... .......... 83% 96.3K 0s
    50K .........                                             100% 1.74M=0.5s

226 Transfer complete.
2017-07-11 00:00:43 (114 KB/s) - ‘./domain/ip6.arpa.zone’ saved [61264]

The sizes do not match (local 24351) -- retrieving.

--2017-07-11 00:00:43--  ftp://ftp.internic.net/domain/ip6.arpa.zone.gz
           => ‘./domain/ip6.arpa.zone.gz’
==> CWD not required.
--> PASV

227 Entering Passive Mode (192,0,32,9,42,137)
--> RETR ip6.arpa.zone.gz

150 Opening BINARY mode data connection for ip6.arpa.zone.gz (24325 bytes).
Length: 24325 (24K)

     0K .......... .......... ...                             100% 77.0K=0.3s

226 Transfer complete.
2017-07-11 00:00:44 (77.0 KB/s) - ‘./domain/ip6.arpa.zone.gz’ saved [24325]

Remote file is newer than local file ‘./domain/ip6.arpa.zone.gz.md5’ -- retrieving.

--2017-07-11 00:00:44--  ftp://ftp.internic.net/domain/ip6.arpa.zone.gz.md5
           => ‘./domain/ip6.arpa.zone.gz.md5’
==> CWD not required.
--> PASV

227 Entering Passive Mode (192,0,32,9,240,172)
--> RETR ip6.arpa.zone.gz.md5

150 Opening BINARY mode data connection for ip6.arpa.zone.gz.md5 (56 bytes).
Length: 56

     0K                                                       100%  636K=0s

226 Transfer complete.
2017-07-11 00:00:45 (636 KB/s) - ‘./domain/ip6.arpa.zone.gz.md5’ saved [56]

Remote file is newer than local file ‘./domain/ip6.arpa.zone.gz.sha256’ -- retrieving.

--2017-07-11 00:00:45--  ftp://ftp.internic.net/domain/ip6.arpa.zone.gz.sha256
           => ‘./domain/ip6.arpa.zone.gz.sha256’
==> CWD not required.
--> PASV

227 Entering Passive Mode (192,0,32,9,211,53)
--> RETR ip6.arpa.zone.gz.sha256

150 Opening BINARY mode data connection for ip6.arpa.zone.gz.sha256 (91 bytes).
Length: 91

     0K                                                       100% 1.97M=0s

226 Transfer complete.
2017-07-11 00:00:46 (1.97 MB/s) - ‘./domain/ip6.arpa.zone.gz.sha256’ saved [91]

Remote file is newer than local file ‘./domain/ip6.arpa.zone.md5’ -- retrieving.

--2017-07-11 00:00:46--  ftp://ftp.internic.net/domain/ip6.arpa.zone.md5
           => ‘./domain/ip6.arpa.zone.md5’
==> CWD not required.
--> PASV

227 Entering Passive Mode (192,0,32,9,41,240)
--> RETR ip6.arpa.zone.md5

150 Opening BINARY mode data connection for ip6.arpa.zone.md5 (53 bytes).
Length: 53

     0K                                                       100%  699K=0s

226 Transfer complete.
2017-07-11 00:00:47 (699 KB/s) - ‘./domain/ip6.arpa.zone.md5’ saved [53]

Remote file is newer than local file ‘./domain/ip6.arpa.zone.sha256’ -- retrieving.

--2017-07-11 00:00:47--  ftp://ftp.internic.net/domain/ip6.arpa.zone.sha256
           => ‘./domain/ip6.arpa.zone.sha256’
==> CWD not required.
--> PASV

227 Entering Passive Mode (192,0,32,9,226,196)
--> RETR ip6.arpa.zone.sha256

150 Opening BINARY mode data connection for ip6.arpa.zone.sha256 (88 bytes).
Length: 88

     0K                                                       100%  955K=0s

226 Transfer complete.
2017-07-11 00:00:49 (955 KB/s) - ‘./domain/ip6.arpa.zone.sha256’ saved [88]

Remote file is newer than local file ‘./domain/last_update.txt’ -- retrieving.

--2017-07-11 00:00:49--  ftp://ftp.internic.net/domain/last_update.txt
           => ‘./domain/last_update.txt’
==> CWD not required.
--> PASV

227 Entering Passive Mode (192,0,32,9,132,130)
--> RETR last_update.txt

150 Opening BINARY mode data connection for last_update.txt (21 bytes).
Length: 21

     0K                                                       100%  230K=0s

226 Transfer complete.
2017-07-11 00:00:50 (230 KB/s) - ‘./domain/last_update.txt’ saved [21]

Remote file no newer than local file ‘./domain/named.cache’ -- not retrieving.
Remote file no newer than local file ‘./domain/named.cache.md5’ -- not retrieving.
Remote file no newer than local file ‘./domain/named.cache.sig’ -- not retrieving.
Remote file no newer than local file ‘./domain/named.root’ -- not retrieving.
Remote file no newer than local file ‘./domain/named.root.md5’ -- not retrieving.
Remote file no newer than local file ‘./domain/named.root.sig’ -- not retrieving.
Remote file no newer than local file ‘./domain/root-servers.net.zone’ -- not retrieving.
Remote file no newer than local file ‘./domain/root-servers.net.zone.gz’ -- not retrieving.
Remote file no newer than local file ‘./domain/root-servers.net.zone.gz.md5’ -- not retrieving.
Remote file no newer than local file ‘./domain/root-servers.net.zone.gz.sig’ -- not retrieving.
Remote file is newer than local file ‘./domain/root.zone’ -- retrieving.

--2017-07-11 00:00:50--  ftp://ftp.internic.net/domain/root.zone
           => ‘./domain/root.zone’
==> CWD not required.
--> PASV

227 Entering Passive Mode (192,0,32,9,130,94)
--> RETR root.zone

150 Opening BINARY mode data connection for root.zone (2259495 bytes).
Length: 2259495 (2.2M)

     0K .......... .......... .......... .......... ..........  2% 97.4K 22s
    50K .......... .......... .......... .......... ..........  4%  165K 17s
   100K .......... .......... .......... .......... ..........  6% 3.78M 11s
   150K .......... .......... .......... .......... ..........  9%  162K 11s
   200K .......... .......... .......... .......... .......... 11%  160K 11s
   250K .......... .......... .......... .......... .......... 13%  170K 11s
   300K .......... .......... .......... .......... .......... 15%  164K 11s
   350K .......... .......... .......... .......... .......... 18% 6.71M 9s
   400K .......... .......... .......... .......... .......... 20%  160K 9s
   450K .......... .......... .......... .......... .......... 22%  226K 9s
   500K .......... .......... .......... .......... .......... 24%  247K 8s
   550K .......... .......... .......... .......... .......... 27%  176K 8s
   600K .......... .......... .......... .......... .......... 29% 8.62M 7s
   650K .......... .......... .......... .......... .......... 31% 3.25M 7s
   700K .......... .......... .......... .......... .......... 33% 81.1K 7s
   750K .......... .......... .......... .......... .......... 36% 76.9M 7s
   800K .......... .......... .......... .......... .......... 38%  113M 6s
   850K .......... .......... .......... .......... .......... 40%  110M 5s
   900K .......... .......... .......... .......... .......... 43%  119M 5s
   950K .......... .......... .......... .......... .......... 45% 83.2K 5s
  1000K .......... .......... .......... .......... .......... 47% 87.7M 5s
  1050K .......... .......... .......... .......... .......... 49%  121M 4s
  1100K .......... .......... .......... .......... .......... 52%  169K 4s
  1150K .......... .......... .......... .......... .......... 54% 11.7M 4s
  1200K .......... .......... .......... .......... .......... 56%  206K 4s
  1250K .......... .......... .......... .......... .......... 58%  172K 4s
  1300K .......... .......... .......... .......... .......... 61% 24.6M 3s
  1350K .......... .......... .......... .......... .......... 63%  194K 3s
  1400K .......... .......... .......... .......... .......... 65%  250K 3s
  1450K .......... .......... .......... .......... .......... 67% 1.51M 3s
  1500K .......... .......... .......... .......... .......... 70%  270K 2s
  1550K .......... .......... .......... .......... .......... 72%  886K 2s
  1600K .......... .......... .......... .......... .......... 74%  250K 2s
  1650K .......... .......... .......... .......... .......... 77%  181K 2s
  1700K .......... .......... .......... .......... .......... 79% 29.1M 2s
  1750K .......... .......... .......... .......... .......... 81%  165K 2s
  1800K .......... .......... .......... .......... .......... 83% 71.1M 1s
  1850K .......... .......... .......... .......... .......... 86%  163K 1s
  1900K .......... .......... .......... .......... .......... 88%  163K 1s
  1950K .......... .......... .......... .......... .......... 90% 7.80M 1s
  2000K .......... .......... .......... .......... .......... 92%  165K 1s
  2050K .......... .......... .......... .......... .......... 95% 3.31M 0s
  2100K .......... .......... .......... .......... .......... 97%  170K 0s
  2150K .......... .......... .......... .......... .......... 99%  168K 0s
  2200K ......                                                100% 21.9M=8.2s

226 Transfer complete.
2017-07-11 00:00:59 (269 KB/s) - ‘./domain/root.zone’ saved [2259495]

The sizes do not match (local 1060580) -- retrieving.

--2017-07-11 00:00:59--  ftp://ftp.internic.net/domain/root.zone.gz
           => ‘./domain/root.zone.gz’
==> CWD not required.
--> PASV

227 Entering Passive Mode (192,0,32,9,167,164)
--> RETR root.zone.gz

150 Opening BINARY mode data connection for root.zone.gz (1060618 bytes).
Length: 1060618 (1.0M)

     0K .......... .......... .......... .......... ..........  4% 81.5K 12s
    50K .......... .......... .......... .......... ..........  9%  247K 8s
   100K .......... .......... .......... .......... .......... 14% 1.51M 5s
   150K .......... .......... .......... .......... .......... 19%  241K 4s
   200K .......... .......... .......... .......... .......... 24%  262K 4s
   250K .......... .......... .......... .......... .......... 28%  265K 4s
   300K .......... .......... .......... .......... .......... 33%  842K 3s
   350K .......... .......... .......... .......... .......... 38%  199K 3s
   400K .......... .......... .......... .......... .......... 43%  239K 3s
   450K .......... .......... .......... .......... .......... 48%  985K 2s
   500K .......... .......... .......... .......... .......... 53%  199K 2s
   550K .......... .......... .......... .......... .......... 57%  250K 2s
   600K .......... .......... .......... .......... .......... 62% 1.22M 1s
   650K .......... .......... .......... .......... .......... 67%  290K 1s
   700K .......... .......... .......... .......... .......... 72% 1.01M 1s
   750K .......... .......... .......... .......... .......... 77%  221K 1s
   800K .......... .......... .......... .......... .......... 82% 17.3M 1s
   850K .......... .......... .......... .......... .......... 86%  218K 0s
   900K .......... .......... .......... .......... .......... 91% 1000K 0s
   950K .......... .......... .......... .......... .......... 96%  264K 0s
  1000K .......... .......... .......... .....                100%  711K=3.5s

226 Transfer complete.
2017-07-11 00:01:04 (299 KB/s) - ‘./domain/root.zone.gz’ saved [1060618]

Remote file is newer than local file ‘./domain/root.zone.gz.md5’ -- retrieving.

--2017-07-11 00:01:04--  ftp://ftp.internic.net/domain/root.zone.gz.md5
           => ‘./domain/root.zone.gz.md5’
==> CWD not required.
--> PASV

227 Entering Passive Mode (192,0,32,9,214,117)
--> RETR root.zone.gz.md5

150 Opening BINARY mode data connection for root.zone.gz.md5 (33 bytes).
Length: 33

     0K                                                       100%  198K=0s

226 Transfer complete.
2017-07-11 00:01:04 (198 KB/s) - ‘./domain/root.zone.gz.md5’ saved [33]

Remote file is newer than local file ‘./domain/root.zone.gz.sig’ -- retrieving.

--2017-07-11 00:01:05--  ftp://ftp.internic.net/domain/root.zone.gz.sig
           => ‘./domain/root.zone.gz.sig’
==> CWD not required.
--> PASV

227 Entering Passive Mode (192,0,32,9,224,153)
--> RETR root.zone.gz.sig

150 Opening BINARY mode data connection for root.zone.gz.sig (72 bytes).
Length: 72

     0K                                                       100% 1.72M=0s

226 Transfer complete.
2017-07-11 00:01:06 (1.72 MB/s) - ‘./domain/root.zone.gz.sig’ saved [72]

Remote file is newer than local file ‘./domain/root.zone.md5’ -- retrieving.

--2017-07-11 00:01:06--  ftp://ftp.internic.net/domain/root.zone.md5
           => ‘./domain/root.zone.md5’
==> CWD not required.
--> PASV

227 Entering Passive Mode (192,0,32,9,42,70)
--> RETR root.zone.md5

150 Opening BINARY mode data connection for root.zone.md5 (33 bytes).
Length: 33

     0K                                                       100% 25.1K=0.001s

226 Transfer complete.
2017-07-11 00:01:07 (25.1 KB/s) - ‘./domain/root.zone.md5’ saved [33]

Remote file is newer than local file ‘./domain/root.zone.sig’ -- retrieving.

--2017-07-11 00:01:07--  ftp://ftp.internic.net/domain/root.zone.sig
           => ‘./domain/root.zone.sig’
==> CWD not required.
--> PASV

227 Entering Passive Mode (192,0,32,9,14,136)
--> RETR root.zone.sig

150 Opening BINARY mode data connection for root.zone.sig (72 bytes).
Length: 72

     0K                                                       100% 1.16M=0s

226 Transfer complete.
2017-07-11 00:01:08 (1.16 MB/s) - ‘./domain/root.zone.sig’ saved [72]

FINISHED --2017-07-11 00:01:08--
Total wall clock time: 1m 5s
Downloaded: 40 files, 4.0M in 17s (242 KB/s)
