--2017-03-06 00:00:04--  ftp://ftp.internic.net/*
           => ‘./.listing’
Resolving ftp.internic.net (ftp.internic.net)... 192.0.32.9, 2620:0:2d0:200::9
Connecting to ftp.internic.net (ftp.internic.net)|192.0.32.9|:21... connected.
Logging in as anonymous ... 
220 Internic FTP Server
--> USER anonymous

331 Please specify the password.
--> PASS Turtle Power!

230 Login successful.
--> SYST

215 UNIX Type: L8
--> PWD

257 "/"
--> TYPE I

200 Switching to Binary mode.
==> CWD not needed.
--> PASV

227 Entering Passive Mode (192,0,32,9,51,5)
--> LIST -a

150 Here comes the directory listing.

     0K                                                        1.59M=0s

226 Directory send OK.
drwxr-xr-x    3 ftp      ftp          4096 Apr 04  2012 .
drwxr-xr-x    3 ftp      ftp          4096 Apr 04  2012 ..
drwxr-xr-x    2 ftp      ftp          4096 Sep 09  2015 domain
2017-03-06 00:00:08 (1.59 MB/s) - ‘./.listing’ saved [183]

--2017-03-06 00:00:08--  ftp://ftp.internic.net/domain/*
           => ‘./domain/.listing’
--> CWD /domain

250 Directory successfully changed.
--> PASV

227 Entering Passive Mode (192,0,32,9,75,248)
--> LIST -a

150 Here comes the directory listing.

     0K ...                                                     677K=0.006s

226 Directory send OK.
drwxr-xr-x    2 ftp      ftp          4096 Sep 09  2015 .
drwxr-xr-x    3 ftp      ftp          4096 Apr 04  2012 ..
-rw-r--r--    1 ftp      ftp          1829 Aug 18  2015 .listing
-rw-r--r--    1 ftp      ftp          1224 Mar 05 12:35 INTERNIC_ROOT_ZONE.signatures
-rw-r--r--    1 ftp      ftp          1469 Mar 05 12:35 INTERNIC_ROOT_ZONE.signatures.asc
-rw-r--r--    1 ftp      ftp         15186 Mar 05 12:35 arpa.zone
-rw-r--r--    1 ftp      ftp          6642 Mar 05 12:35 arpa.zone.gz
-rw-r--r--    1 ftp      ftp            33 Mar 05 12:35 arpa.zone.gz.md5
-rw-r--r--    1 ftp      ftp            72 Mar 05 12:35 arpa.zone.gz.sig
-rw-r--r--    1 ftp      ftp          3291 Oct 20 19:35 db.cache
-rw-r--r--    1 ftp      ftp            33 Oct 20 19:35 db.cache.md5
-rw-r--r--    1 ftp      ftp            72 Oct 20 19:35 db.cache.sig
-rw-r--r--    1 ftp      ftp        228019 Mar 05 15:41 in-addr.arpa
-rw-r--r--    1 ftp      ftp         90388 Mar 05 15:41 in-addr.arpa.gz
-rw-r--r--    1 ftp      ftp            55 Mar 05 15:41 in-addr.arpa.gz.md5
-rw-r--r--    1 ftp      ftp            90 Mar 05 15:41 in-addr.arpa.gz.sha256
-rw-r--r--    1 ftp      ftp            52 Mar 05 15:41 in-addr.arpa.md5
-rw-r--r--    1 ftp      ftp            87 Mar 05 15:41 in-addr.arpa.sha256
-rw-r--r--    1 ftp      ftp        228019 Mar 05 15:41 in-addr.arpa.zone
-rw-r--r--    1 ftp      ftp         90388 Mar 05 15:41 in-addr.arpa.zone.gz
-rw-r--r--    1 ftp      ftp            60 Mar 05 15:41 in-addr.arpa.zone.gz.md5
-rw-r--r--    1 ftp      ftp            95 Mar 05 15:41 in-addr.arpa.zone.gz.sha256
-rw-r--r--    1 ftp      ftp            57 Mar 05 15:41 in-addr.arpa.zone.md5
-rw-r--r--    1 ftp      ftp            92 Mar 05 15:41 in-addr.arpa.zone.sha256
-rw-r--r--    1 ftp      ftp         60746 Mar 05 15:41 ip6.arpa
-rw-r--r--    1 ftp      ftp         24319 Mar 05 15:41 ip6.arpa.gz
-rw-r--r--    1 ftp      ftp            51 Mar 05 15:41 ip6.arpa.gz.md5
-rw-r--r--    1 ftp      ftp            86 Mar 05 15:41 ip6.arpa.gz.sha256
-rw-r--r--    1 ftp      ftp            48 Mar 05 15:41 ip6.arpa.md5
-rw-r--r--    1 ftp      ftp            83 Mar 05 15:41 ip6.arpa.sha256
-rw-r--r--    1 ftp      ftp         60746 Mar 05 15:41 ip6.arpa.zone
-rw-r--r--    1 ftp      ftp         24319 Mar 05 15:41 ip6.arpa.zone.gz
-rw-r--r--    1 ftp      ftp            56 Mar 05 15:41 ip6.arpa.zone.gz.md5
-rw-r--r--    1 ftp      ftp            91 Mar 05 15:41 ip6.arpa.zone.gz.sha256
-rw-r--r--    1 ftp      ftp            53 Mar 05 15:41 ip6.arpa.zone.md5
-rw-r--r--    1 ftp      ftp            88 Mar 05 15:41 ip6.arpa.zone.sha256
-rw-r--r--    1 ftp      ftp            21 Mar 05 15:41 last_update.txt
-rw-r--r--    1 ftp      ftp          3291 Oct 20 19:35 named.cache
-rw-r--r--    1 ftp      ftp            33 Oct 20 19:35 named.cache.md5
-rw-r--r--    1 ftp      ftp            72 Oct 20 19:35 named.cache.sig
-rw-r--r--    1 ftp      ftp          3291 Oct 20 19:35 named.root
-rw-r--r--    1 ftp      ftp            33 Oct 20 19:35 named.root.md5
-rw-r--r--    1 ftp      ftp            72 Oct 20 19:35 named.root.sig
-rw-r--r--    1 ftp      ftp          2110 Oct 20 19:35 root-servers.net.zone
-rw-r--r--    1 ftp      ftp           574 Oct 20 19:35 root-servers.net.zone.gz
-rw-r--r--    1 ftp      ftp            33 Oct 20 19:35 root-servers.net.zone.gz.md5
-rw-r--r--    1 ftp      ftp            72 Oct 20 19:35 root-servers.net.zone.gz.sig
-rw-r--r--    1 ftp      ftp       2232482 Mar 05 05:29 root.zone
-rw-r--r--    1 ftp      ftp       1048553 Mar 05 05:29 root.zone.gz
-rw-r--r--    1 ftp      ftp            33 Mar 05 05:29 root.zone.gz.md5
-rw-r--r--    1 ftp      ftp            72 Mar 05 05:29 root.zone.gz.sig
-rw-r--r--    1 ftp      ftp            33 Mar 05 05:29 root.zone.md5
-rw-r--r--    1 ftp      ftp            72 Mar 05 05:29 root.zone.sig
2017-03-06 00:00:09 (677 KB/s) - ‘./domain/.listing’ saved [3930]

The sizes do not match (local 3930) -- retrieving.

--2017-03-06 00:00:09--  ftp://ftp.internic.net/domain/.listing
           => ‘./domain/.listing’
==> CWD not required.
--> PASV

227 Entering Passive Mode (192,0,32,9,116,45)
--> RETR .listing

150 Opening BINARY mode data connection for .listing (1829 bytes).
Length: 1829 (1.8K)

     0K .                                                     100% 8.90M=0s

226 Transfer complete.
2017-03-06 00:00:10 (8.90 MB/s) - ‘./domain/.listing’ saved [1829]

Remote file is newer than local file ‘./domain/INTERNIC_ROOT_ZONE.signatures’ -- retrieving.

--2017-03-06 00:00:10--  ftp://ftp.internic.net/domain/INTERNIC_ROOT_ZONE.signatures
           => ‘./domain/INTERNIC_ROOT_ZONE.signatures’
==> CWD not required.
--> PASV

227 Entering Passive Mode (192,0,32,9,41,224)
--> RETR INTERNIC_ROOT_ZONE.signatures

150 Opening BINARY mode data connection for INTERNIC_ROOT_ZONE.signatures (1224 bytes).
Length: 1224 (1.2K)

     0K .                                                     100% 10.3M=0s

226 Transfer complete.
2017-03-06 00:00:10 (10.3 MB/s) - ‘./domain/INTERNIC_ROOT_ZONE.signatures’ saved [1224]

Remote file is newer than local file ‘./domain/INTERNIC_ROOT_ZONE.signatures.asc’ -- retrieving.

--2017-03-06 00:00:10--  ftp://ftp.internic.net/domain/INTERNIC_ROOT_ZONE.signatures.asc
           => ‘./domain/INTERNIC_ROOT_ZONE.signatures.asc’
==> CWD not required.
--> PASV

227 Entering Passive Mode (192,0,32,9,83,53)
--> RETR INTERNIC_ROOT_ZONE.signatures.asc

150 Opening BINARY mode data connection for INTERNIC_ROOT_ZONE.signatures.asc (1469 bytes).
Length: 1469 (1.4K)

     0K .                                                     100% 9.28M=0s

226 Transfer complete.
2017-03-06 00:00:11 (9.28 MB/s) - ‘./domain/INTERNIC_ROOT_ZONE.signatures.asc’ saved [1469]

Remote file is newer than local file ‘./domain/arpa.zone’ -- retrieving.

--2017-03-06 00:00:11--  ftp://ftp.internic.net/domain/arpa.zone
           => ‘./domain/arpa.zone’
==> CWD not required.
--> PASV

227 Entering Passive Mode (192,0,32,9,50,155)
--> RETR arpa.zone

150 Opening BINARY mode data connection for arpa.zone (15186 bytes).
Length: 15186 (15K)

     0K .......... ....                                       100% 1.28M=0.01s

226 Transfer complete.
2017-03-06 00:00:12 (1.28 MB/s) - ‘./domain/arpa.zone’ saved [15186]

The sizes do not match (local 6645) -- retrieving.

--2017-03-06 00:00:12--  ftp://ftp.internic.net/domain/arpa.zone.gz
           => ‘./domain/arpa.zone.gz’
==> CWD not required.
--> PASV

227 Entering Passive Mode (192,0,32,9,41,154)
--> RETR arpa.zone.gz

150 Opening BINARY mode data connection for arpa.zone.gz (6642 bytes).
Length: 6642 (6.5K)

     0K ......                                                100% 33.5M=0s

226 Transfer complete.
2017-03-06 00:00:13 (33.5 MB/s) - ‘./domain/arpa.zone.gz’ saved [6642]

Remote file is newer than local file ‘./domain/arpa.zone.gz.md5’ -- retrieving.

--2017-03-06 00:00:13--  ftp://ftp.internic.net/domain/arpa.zone.gz.md5
           => ‘./domain/arpa.zone.gz.md5’
==> CWD not required.
--> PASV

227 Entering Passive Mode (192,0,32,9,168,244)
--> RETR arpa.zone.gz.md5

150 Opening BINARY mode data connection for arpa.zone.gz.md5 (33 bytes).
Length: 33

     0K                                                       100%  211K=0s

226 Transfer complete.
2017-03-06 00:00:14 (211 KB/s) - ‘./domain/arpa.zone.gz.md5’ saved [33]

Remote file is newer than local file ‘./domain/arpa.zone.gz.sig’ -- retrieving.

--2017-03-06 00:00:14--  ftp://ftp.internic.net/domain/arpa.zone.gz.sig
           => ‘./domain/arpa.zone.gz.sig’
==> CWD not required.
--> PASV

227 Entering Passive Mode (192,0,32,9,111,150)
--> RETR arpa.zone.gz.sig

150 Opening BINARY mode data connection for arpa.zone.gz.sig (72 bytes).
Length: 72

     0K                                                       100%  400K=0s

226 Transfer complete.
2017-03-06 00:00:15 (400 KB/s) - ‘./domain/arpa.zone.gz.sig’ saved [72]

Remote file no newer than local file ‘./domain/db.cache’ -- not retrieving.
Remote file no newer than local file ‘./domain/db.cache.md5’ -- not retrieving.
Remote file no newer than local file ‘./domain/db.cache.sig’ -- not retrieving.
Remote file is newer than local file ‘./domain/in-addr.arpa’ -- retrieving.

--2017-03-06 00:00:15--  ftp://ftp.internic.net/domain/in-addr.arpa
           => ‘./domain/in-addr.arpa’
==> CWD not required.
--> PASV

227 Entering Passive Mode (192,0,32,9,212,87)
--> RETR in-addr.arpa

150 Opening BINARY mode data connection for in-addr.arpa (228019 bytes).
Length: 228019 (223K)

     0K .......... .......... .......... .......... .......... 22%  111K 2s
    50K .......... .......... .......... .......... .......... 44%  223K 1s
   100K .......... .......... .......... .......... .......... 67%  111K 1s
   150K .......... .......... .......... .......... .......... 89%  223K 0s
   200K .......... .......... ..                              100%  102K=1.6s

226 Transfer complete.
2017-03-06 00:00:18 (142 KB/s) - ‘./domain/in-addr.arpa’ saved [228019]

Remote file is newer than local file ‘./domain/in-addr.arpa.gz’ -- retrieving.

--2017-03-06 00:00:18--  ftp://ftp.internic.net/domain/in-addr.arpa.gz
           => ‘./domain/in-addr.arpa.gz’
==> CWD not required.
--> PASV

227 Entering Passive Mode (192,0,32,9,61,113)
--> RETR in-addr.arpa.gz

150 Opening BINARY mode data connection for in-addr.arpa.gz (90388 bytes).
Length: 90388 (88K)

     0K .......... .......... .......... .......... .......... 56% 73.2K 1s
    50K .......... .......... .......... ........             100%  171K=0.9s

226 Transfer complete.
2017-03-06 00:00:19 (97.3 KB/s) - ‘./domain/in-addr.arpa.gz’ saved [90388]

Remote file is newer than local file ‘./domain/in-addr.arpa.gz.md5’ -- retrieving.

--2017-03-06 00:00:19--  ftp://ftp.internic.net/domain/in-addr.arpa.gz.md5
           => ‘./domain/in-addr.arpa.gz.md5’
==> CWD not required.
--> PASV

227 Entering Passive Mode (192,0,32,9,168,62)
--> RETR in-addr.arpa.gz.md5

150 Opening BINARY mode data connection for in-addr.arpa.gz.md5 (55 bytes).
Length: 55

     0K                                                       100%  328K=0s

226 Transfer complete.
2017-03-06 00:00:20 (328 KB/s) - ‘./domain/in-addr.arpa.gz.md5’ saved [55]

Remote file is newer than local file ‘./domain/in-addr.arpa.gz.sha256’ -- retrieving.

--2017-03-06 00:00:20--  ftp://ftp.internic.net/domain/in-addr.arpa.gz.sha256
           => ‘./domain/in-addr.arpa.gz.sha256’
==> CWD not required.
--> PASV

227 Entering Passive Mode (192,0,32,9,15,60)
--> RETR in-addr.arpa.gz.sha256

150 Opening BINARY mode data connection for in-addr.arpa.gz.sha256 (90 bytes).
Length: 90

     0K                                                       100%  508K=0s

226 Transfer complete.
2017-03-06 00:00:21 (508 KB/s) - ‘./domain/in-addr.arpa.gz.sha256’ saved [90]

Remote file is newer than local file ‘./domain/in-addr.arpa.md5’ -- retrieving.

--2017-03-06 00:00:21--  ftp://ftp.internic.net/domain/in-addr.arpa.md5
           => ‘./domain/in-addr.arpa.md5’
==> CWD not required.
--> PASV

227 Entering Passive Mode (192,0,32,9,196,55)
--> RETR in-addr.arpa.md5

150 Opening BINARY mode data connection for in-addr.arpa.md5 (52 bytes).
Length: 52

     0K                                                       100%  453K=0s

226 Transfer complete.
2017-03-06 00:00:22 (453 KB/s) - ‘./domain/in-addr.arpa.md5’ saved [52]

Remote file is newer than local file ‘./domain/in-addr.arpa.sha256’ -- retrieving.

--2017-03-06 00:00:22--  ftp://ftp.internic.net/domain/in-addr.arpa.sha256
           => ‘./domain/in-addr.arpa.sha256’
==> CWD not required.
--> PASV

227 Entering Passive Mode (192,0,32,9,127,195)
--> RETR in-addr.arpa.sha256

150 Opening BINARY mode data connection for in-addr.arpa.sha256 (87 bytes).
Length: 87

     0K                                                       100%  477K=0s

226 Transfer complete.
2017-03-06 00:00:23 (477 KB/s) - ‘./domain/in-addr.arpa.sha256’ saved [87]

Remote file is newer than local file ‘./domain/in-addr.arpa.zone’ -- retrieving.

--2017-03-06 00:00:23--  ftp://ftp.internic.net/domain/in-addr.arpa.zone
           => ‘./domain/in-addr.arpa.zone’
==> CWD not required.
--> PASV

227 Entering Passive Mode (192,0,32,9,25,74)
--> RETR in-addr.arpa.zone

150 Opening BINARY mode data connection for in-addr.arpa.zone (228019 bytes).
Length: 228019 (223K)

     0K .......... .......... .......... .......... .......... 22% 28.6K 6s
    50K .......... .......... .......... .......... .......... 44% 36.4K 4s
   100K .......... .......... .......... .......... .......... 67% 21.0K 3s
   150K .......... .......... .......... .......... .......... 89% 30.2K 1s
   200K .......... .......... ..                              100% 41.3K=7.7s

226 Transfer complete.
2017-03-06 00:00:32 (28.9 KB/s) - ‘./domain/in-addr.arpa.zone’ saved [228019]

Remote file is newer than local file ‘./domain/in-addr.arpa.zone.gz’ -- retrieving.

--2017-03-06 00:00:32--  ftp://ftp.internic.net/domain/in-addr.arpa.zone.gz
           => ‘./domain/in-addr.arpa.zone.gz’
==> CWD not required.
--> PASV

227 Entering Passive Mode (192,0,32,9,50,52)
--> RETR in-addr.arpa.zone.gz

150 Opening BINARY mode data connection for in-addr.arpa.zone.gz (90388 bytes).
Length: 90388 (88K)

     0K .......... .......... .......... .......... .......... 56% 63.4K 1s
    50K .......... .......... .......... ........             100% 17.9K=2.9s

226 Transfer complete.
2017-03-06 00:00:36 (30.1 KB/s) - ‘./domain/in-addr.arpa.zone.gz’ saved [90388]

Remote file is newer than local file ‘./domain/in-addr.arpa.zone.gz.md5’ -- retrieving.

--2017-03-06 00:00:36--  ftp://ftp.internic.net/domain/in-addr.arpa.zone.gz.md5
           => ‘./domain/in-addr.arpa.zone.gz.md5’
==> CWD not required.
--> PASV

227 Entering Passive Mode (192,0,32,9,35,79)
--> RETR in-addr.arpa.zone.gz.md5

150 Opening BINARY mode data connection for in-addr.arpa.zone.gz.md5 (60 bytes).
Length: 60

     0K                                                       100%  256K=0s

226 Transfer complete.
2017-03-06 00:00:36 (256 KB/s) - ‘./domain/in-addr.arpa.zone.gz.md5’ saved [60]

Remote file is newer than local file ‘./domain/in-addr.arpa.zone.gz.sha256’ -- retrieving.

--2017-03-06 00:00:36--  ftp://ftp.internic.net/domain/in-addr.arpa.zone.gz.sha256
           => ‘./domain/in-addr.arpa.zone.gz.sha256’
==> CWD not required.
--> PASV

227 Entering Passive Mode (192,0,32,9,109,116)
--> RETR in-addr.arpa.zone.gz.sha256

150 Opening BINARY mode data connection for in-addr.arpa.zone.gz.sha256 (95 bytes).
Length: 95

     0K                                                       100%  464K=0s

226 Transfer complete.
2017-03-06 00:00:37 (464 KB/s) - ‘./domain/in-addr.arpa.zone.gz.sha256’ saved [95]

Remote file is newer than local file ‘./domain/in-addr.arpa.zone.md5’ -- retrieving.

--2017-03-06 00:00:37--  ftp://ftp.internic.net/domain/in-addr.arpa.zone.md5
           => ‘./domain/in-addr.arpa.zone.md5’
==> CWD not required.
--> PASV

227 Entering Passive Mode (192,0,32,9,42,102)
--> RETR in-addr.arpa.zone.md5

150 Opening BINARY mode data connection for in-addr.arpa.zone.md5 (57 bytes).
Length: 57

     0K                                                       100%  501K=0s

226 Transfer complete.
2017-03-06 00:00:38 (501 KB/s) - ‘./domain/in-addr.arpa.zone.md5’ saved [57]

Remote file is newer than local file ‘./domain/in-addr.arpa.zone.sha256’ -- retrieving.

--2017-03-06 00:00:38--  ftp://ftp.internic.net/domain/in-addr.arpa.zone.sha256
           => ‘./domain/in-addr.arpa.zone.sha256’
==> CWD not required.
--> PASV

227 Entering Passive Mode (192,0,32,9,232,164)
--> RETR in-addr.arpa.zone.sha256

150 Opening BINARY mode data connection for in-addr.arpa.zone.sha256 (92 bytes).
Length: 92

     0K                                                       100%  802K=0s

226 Transfer complete.
2017-03-06 00:00:39 (802 KB/s) - ‘./domain/in-addr.arpa.zone.sha256’ saved [92]

Remote file is newer than local file ‘./domain/ip6.arpa’ -- retrieving.

--2017-03-06 00:00:39--  ftp://ftp.internic.net/domain/ip6.arpa
           => ‘./domain/ip6.arpa’
==> CWD not required.
--> PASV

227 Entering Passive Mode (192,0,32,9,211,255)
--> RETR ip6.arpa

150 Opening BINARY mode data connection for ip6.arpa (60746 bytes).
Length: 60746 (59K)

     0K .......... .......... .......... .......... .......... 84% 72.9K 0s
    50K .........                                             100%  190K=0.7s

226 Transfer complete.
2017-03-06 00:00:41 (80.7 KB/s) - ‘./domain/ip6.arpa’ saved [60746]

Remote file is newer than local file ‘./domain/ip6.arpa.gz’ -- retrieving.

--2017-03-06 00:00:41--  ftp://ftp.internic.net/domain/ip6.arpa.gz
           => ‘./domain/ip6.arpa.gz’
==> CWD not required.
--> PASV

227 Entering Passive Mode (192,0,32,9,131,26)
--> RETR ip6.arpa.gz

150 Opening BINARY mode data connection for ip6.arpa.gz (24319 bytes).
Length: 24319 (24K)

     0K .......... .......... ...                             100%  107K=0.2s

226 Transfer complete.
2017-03-06 00:00:42 (107 KB/s) - ‘./domain/ip6.arpa.gz’ saved [24319]

Remote file is newer than local file ‘./domain/ip6.arpa.gz.md5’ -- retrieving.

--2017-03-06 00:00:42--  ftp://ftp.internic.net/domain/ip6.arpa.gz.md5
           => ‘./domain/ip6.arpa.gz.md5’
==> CWD not required.
--> PASV

227 Entering Passive Mode (192,0,32,9,9,175)
--> RETR ip6.arpa.gz.md5

150 Opening BINARY mode data connection for ip6.arpa.gz.md5 (51 bytes).
Length: 51

     0K                                                       100%  328K=0s

226 Transfer complete.
2017-03-06 00:00:43 (328 KB/s) - ‘./domain/ip6.arpa.gz.md5’ saved [51]

Remote file is newer than local file ‘./domain/ip6.arpa.gz.sha256’ -- retrieving.

--2017-03-06 00:00:43--  ftp://ftp.internic.net/domain/ip6.arpa.gz.sha256
           => ‘./domain/ip6.arpa.gz.sha256’
==> CWD not required.
--> PASV

227 Entering Passive Mode (192,0,32,9,42,9)
--> RETR ip6.arpa.gz.sha256

150 Opening BINARY mode data connection for ip6.arpa.gz.sha256 (86 bytes).
Length: 86

     0K                                                       100%  553K=0s

226 Transfer complete.
2017-03-06 00:00:44 (553 KB/s) - ‘./domain/ip6.arpa.gz.sha256’ saved [86]

Remote file is newer than local file ‘./domain/ip6.arpa.md5’ -- retrieving.

--2017-03-06 00:00:44--  ftp://ftp.internic.net/domain/ip6.arpa.md5
           => ‘./domain/ip6.arpa.md5’
==> CWD not required.
--> PASV

227 Entering Passive Mode (192,0,32,9,42,166)
--> RETR ip6.arpa.md5

150 Opening BINARY mode data connection for ip6.arpa.md5 (48 bytes).
Length: 48

     0K                                                       100%  426K=0s

226 Transfer complete.
2017-03-06 00:00:45 (426 KB/s) - ‘./domain/ip6.arpa.md5’ saved [48]

Remote file is newer than local file ‘./domain/ip6.arpa.sha256’ -- retrieving.

--2017-03-06 00:00:45--  ftp://ftp.internic.net/domain/ip6.arpa.sha256
           => ‘./domain/ip6.arpa.sha256’
==> CWD not required.
--> PASV

227 Entering Passive Mode (192,0,32,9,158,183)
--> RETR ip6.arpa.sha256

150 Opening BINARY mode data connection for ip6.arpa.sha256 (83 bytes).
Length: 83

     0K                                                       100%  724K=0s

226 Transfer complete.
2017-03-06 00:00:46 (724 KB/s) - ‘./domain/ip6.arpa.sha256’ saved [83]

Remote file is newer than local file ‘./domain/ip6.arpa.zone’ -- retrieving.

--2017-03-06 00:00:46--  ftp://ftp.internic.net/domain/ip6.arpa.zone
           => ‘./domain/ip6.arpa.zone’
==> CWD not required.
--> PASV

227 Entering Passive Mode (192,0,32,9,166,240)
--> RETR ip6.arpa.zone

150 Opening BINARY mode data connection for ip6.arpa.zone (60746 bytes).
Length: 60746 (59K)

     0K .......... .......... .......... .......... .......... 84% 74.0K 0s
    50K .........                                             100%  124K=0.8s

226 Transfer complete.
2017-03-06 00:00:47 (79.0 KB/s) - ‘./domain/ip6.arpa.zone’ saved [60746]

Remote file is newer than local file ‘./domain/ip6.arpa.zone.gz’ -- retrieving.

--2017-03-06 00:00:47--  ftp://ftp.internic.net/domain/ip6.arpa.zone.gz
           => ‘./domain/ip6.arpa.zone.gz’
==> CWD not required.
--> PASV

227 Entering Passive Mode (192,0,32,9,16,140)
--> RETR ip6.arpa.zone.gz

150 Opening BINARY mode data connection for ip6.arpa.zone.gz (24319 bytes).
Length: 24319 (24K)

     0K .......... .......... ...                             100%  109K=0.2s

226 Transfer complete.
2017-03-06 00:00:49 (109 KB/s) - ‘./domain/ip6.arpa.zone.gz’ saved [24319]

Remote file is newer than local file ‘./domain/ip6.arpa.zone.gz.md5’ -- retrieving.

--2017-03-06 00:00:49--  ftp://ftp.internic.net/domain/ip6.arpa.zone.gz.md5
           => ‘./domain/ip6.arpa.zone.gz.md5’
==> CWD not required.
--> PASV

227 Entering Passive Mode (192,0,32,9,77,174)
--> RETR ip6.arpa.zone.gz.md5

150 Opening BINARY mode data connection for ip6.arpa.zone.gz.md5 (56 bytes).
Length: 56

     0K                                                       100%  275K=0s

226 Transfer complete.
2017-03-06 00:00:50 (275 KB/s) - ‘./domain/ip6.arpa.zone.gz.md5’ saved [56]

Remote file is newer than local file ‘./domain/ip6.arpa.zone.gz.sha256’ -- retrieving.

--2017-03-06 00:00:50--  ftp://ftp.internic.net/domain/ip6.arpa.zone.gz.sha256
           => ‘./domain/ip6.arpa.zone.gz.sha256’
==> CWD not required.
--> PASV

227 Entering Passive Mode (192,0,32,9,125,155)
--> RETR ip6.arpa.zone.gz.sha256

150 Opening BINARY mode data connection for ip6.arpa.zone.gz.sha256 (91 bytes).
Length: 91

     0K                                                       100%  786K=0s

226 Transfer complete.
2017-03-06 00:00:50 (786 KB/s) - ‘./domain/ip6.arpa.zone.gz.sha256’ saved [91]

Remote file is newer than local file ‘./domain/ip6.arpa.zone.md5’ -- retrieving.

--2017-03-06 00:00:50--  ftp://ftp.internic.net/domain/ip6.arpa.zone.md5
           => ‘./domain/ip6.arpa.zone.md5’
==> CWD not required.
--> PASV

227 Entering Passive Mode (192,0,32,9,42,60)
--> RETR ip6.arpa.zone.md5

150 Opening BINARY mode data connection for ip6.arpa.zone.md5 (53 bytes).
Length: 53

     0K                                                       100%  341K=0s

226 Transfer complete.
2017-03-06 00:00:51 (341 KB/s) - ‘./domain/ip6.arpa.zone.md5’ saved [53]

Remote file is newer than local file ‘./domain/ip6.arpa.zone.sha256’ -- retrieving.

--2017-03-06 00:00:51--  ftp://ftp.internic.net/domain/ip6.arpa.zone.sha256
           => ‘./domain/ip6.arpa.zone.sha256’
==> CWD not required.
--> PASV

227 Entering Passive Mode (192,0,32,9,47,252)
--> RETR ip6.arpa.zone.sha256

150 Opening BINARY mode data connection for ip6.arpa.zone.sha256 (88 bytes).
Length: 88

     0K                                                       100%  774K=0s

226 Transfer complete.
2017-03-06 00:00:52 (774 KB/s) - ‘./domain/ip6.arpa.zone.sha256’ saved [88]

Remote file is newer than local file ‘./domain/last_update.txt’ -- retrieving.

--2017-03-06 00:00:52--  ftp://ftp.internic.net/domain/last_update.txt
           => ‘./domain/last_update.txt’
==> CWD not required.
--> PASV

227 Entering Passive Mode (192,0,32,9,42,140)
--> RETR last_update.txt

150 Opening BINARY mode data connection for last_update.txt (21 bytes).
Length: 21

     0K                                                       100%  183K=0s

226 Transfer complete.
2017-03-06 00:00:53 (183 KB/s) - ‘./domain/last_update.txt’ saved [21]

Remote file no newer than local file ‘./domain/named.cache’ -- not retrieving.
Remote file no newer than local file ‘./domain/named.cache.md5’ -- not retrieving.
Remote file no newer than local file ‘./domain/named.cache.sig’ -- not retrieving.
Remote file no newer than local file ‘./domain/named.root’ -- not retrieving.
Remote file no newer than local file ‘./domain/named.root.md5’ -- not retrieving.
Remote file no newer than local file ‘./domain/named.root.sig’ -- not retrieving.
Remote file no newer than local file ‘./domain/root-servers.net.zone’ -- not retrieving.
Remote file no newer than local file ‘./domain/root-servers.net.zone.gz’ -- not retrieving.
Remote file no newer than local file ‘./domain/root-servers.net.zone.gz.md5’ -- not retrieving.
Remote file no newer than local file ‘./domain/root-servers.net.zone.gz.sig’ -- not retrieving.
Remote file is newer than local file ‘./domain/root.zone’ -- retrieving.

--2017-03-06 00:00:53--  ftp://ftp.internic.net/domain/root.zone
           => ‘./domain/root.zone’
==> CWD not required.
--> PASV

227 Entering Passive Mode (192,0,32,9,31,12)
--> RETR root.zone

150 Opening BINARY mode data connection for root.zone (2232482 bytes).
Length: 2232482 (2.1M)

     0K .......... .......... .......... .......... ..........  2% 73.6K 29s
    50K .......... .......... .......... .......... ..........  4% 27.8K 52s
   100K .......... .......... .......... .......... ..........  6%  111K 40s
   150K .......... .......... .......... .......... ..........  9% 44.2K 40s
   200K .......... .......... .......... .......... .......... 11% 31.7K 44s
   250K .......... .......... .......... .......... .......... 13% 56.9K 41s
   300K .......... .......... .......... .......... .......... 16% 55.8K 39s
   350K .......... .......... .......... .......... .......... 18% 54.8K 37s
   400K .......... .......... .......... .......... .......... 20% 37.3K 37s
   450K .......... .......... .......... .......... .......... 22% 44.5K 36s
   500K .......... .......... .......... .......... .......... 25% 44.6K 35s
   550K .......... .......... .......... .......... .......... 27% 55.8K 34s
   600K .......... .......... .......... .......... .......... 29% 55.8K 32s
   650K .......... .......... .......... .......... .......... 32% 55.8K 31s
   700K .......... .......... .......... .......... .......... 34% 55.5K 30s
   750K .......... .......... .......... .......... .......... 36% 37.1K 29s
   800K .......... .......... .......... .......... .......... 38% 24.3K 30s
   850K .......... .......... .......... .......... .......... 41% 55.6K 28s
   900K .......... .......... .......... .......... .......... 43% 51.9K 27s
   950K .......... .......... .......... .......... .......... 45% 59.3K 26s
  1000K .......... .......... .......... .......... .......... 48% 41.3K 25s
  1050K .......... .......... .......... .......... .......... 50% 55.2K 23s
  1100K .......... .......... .......... .......... .......... 52% 68.5K 22s
  1150K .......... .......... .......... .......... .......... 55% 55.1K 21s
  1200K .......... .......... .......... .......... .......... 57% 77.6K 19s
  1250K .......... .......... .......... .......... .......... 59% 72.4K 18s
  1300K .......... .......... .......... .......... .......... 61% 98.6K 17s
  1350K .......... .......... .......... .......... .......... 64% 46.5K 16s
  1400K .......... .......... .......... .......... .......... 66% 49.6K 15s
  1450K .......... .......... .......... .......... .......... 68% 45.8K 14s
  1500K .......... .......... .......... .......... .......... 71% 59.8K 13s
  1550K .......... .......... .......... .......... .......... 73% 78.7K 12s
  1600K .......... .......... .......... .......... .......... 75%  131K 10s
  1650K .......... .......... .......... .......... .......... 77% 92.6K 9s
  1700K .......... .......... .......... .......... .......... 80% 80.6K 8s
  1750K .......... .......... .......... .......... .......... 82% 70.4K 7s
  1800K .......... .......... .......... .......... .......... 84% 38.7K 6s
  1850K .......... .......... .......... .......... .......... 87% 62.7K 5s
  1900K .......... .......... .......... .......... .......... 89% 33.3K 4s
  1950K .......... .......... .......... .......... .......... 91% 74.4K 3s
  2000K .......... .......... .......... .......... .......... 94% 31.3K 3s
  2050K .......... .......... .......... .......... .......... 96% 44.8K 2s
  2100K .......... .......... .......... .......... .......... 98% 54.7K 1s
  2150K .......... .......... ..........                      100% 69.9K=42s

226 Transfer complete.
2017-03-06 00:01:37 (51.4 KB/s) - ‘./domain/root.zone’ saved [2232482]

The sizes do not match (local 1048582) -- retrieving.

--2017-03-06 00:01:37--  ftp://ftp.internic.net/domain/root.zone.gz
           => ‘./domain/root.zone.gz’
==> CWD not required.
--> PASV

227 Entering Passive Mode (192,0,32,9,115,53)
--> RETR root.zone.gz

150 Opening BINARY mode data connection for root.zone.gz (1048553 bytes).
Length: 1048553 (1024K)

     0K .......... .......... .......... .......... ..........  4% 44.2K 22s
    50K .......... .......... .......... .......... ..........  9% 74.5K 17s
   100K .......... .......... .......... .......... .......... 14% 55.4K 16s
   150K .......... .......... .......... .......... .......... 19% 44.7K 16s
   200K .......... .......... .......... .......... .......... 24% 42.6K 15s
   250K .......... .......... .......... .......... .......... 29% 38.7K 15s
   300K .......... .......... .......... .......... .......... 34% 44.3K 14s
   350K .......... .......... .......... .......... .......... 39% 27.6K 14s
   400K .......... .......... .......... .......... .......... 43% 36.6K 14s
   450K .......... .......... .......... .......... .......... 48% 45.0K 12s
   500K .......... .......... .......... .......... .......... 53% 71.4K 11s
   550K .......... .......... .......... .......... .......... 58% 57.4K 9s
   600K .......... .......... .......... .......... .......... 63%  111K 8s
   650K .......... .......... .......... .......... .......... 68%  112K 7s
   700K .......... .......... .......... .......... .......... 73%  112K 5s
   750K .......... .......... .......... .......... .......... 78%  223K 4s
   800K .......... .......... .......... .......... .......... 83%  223K 3s
   850K .......... .......... .......... .......... .......... 87%  224K 2s
   900K .......... .......... .......... .......... .......... 92%  224K 1s
   950K .......... .......... .......... .......... .......... 97% 8.37M 0s
  1000K .......... .......... ...                             100%  110K=16s

226 Transfer complete.
2017-03-06 00:01:53 (65.1 KB/s) - ‘./domain/root.zone.gz’ saved [1048553]

Remote file is newer than local file ‘./domain/root.zone.gz.md5’ -- retrieving.

--2017-03-06 00:01:53--  ftp://ftp.internic.net/domain/root.zone.gz.md5
           => ‘./domain/root.zone.gz.md5’
==> CWD not required.
--> PASV

227 Entering Passive Mode (192,0,32,9,4,247)
--> RETR root.zone.gz.md5

150 Opening BINARY mode data connection for root.zone.gz.md5 (33 bytes).
Length: 33

     0K                                                       100%  183K=0s

226 Transfer complete.
2017-03-06 00:01:54 (183 KB/s) - ‘./domain/root.zone.gz.md5’ saved [33]

Remote file is newer than local file ‘./domain/root.zone.gz.sig’ -- retrieving.

--2017-03-06 00:01:54--  ftp://ftp.internic.net/domain/root.zone.gz.sig
           => ‘./domain/root.zone.gz.sig’
==> CWD not required.
--> PASV

227 Entering Passive Mode (192,0,32,9,8,81)
--> RETR root.zone.gz.sig

150 Opening BINARY mode data connection for root.zone.gz.sig (72 bytes).
Length: 72

     0K                                                       100%  466K=0s

226 Transfer complete.
2017-03-06 00:01:55 (466 KB/s) - ‘./domain/root.zone.gz.sig’ saved [72]

Remote file is newer than local file ‘./domain/root.zone.md5’ -- retrieving.

--2017-03-06 00:01:55--  ftp://ftp.internic.net/domain/root.zone.md5
           => ‘./domain/root.zone.md5’
==> CWD not required.
--> PASV

227 Entering Passive Mode (192,0,32,9,23,171)
--> RETR root.zone.md5

150 Opening BINARY mode data connection for root.zone.md5 (33 bytes).
Length: 33

     0K                                                       100%  215K=0s

226 Transfer complete.
2017-03-06 00:01:56 (215 KB/s) - ‘./domain/root.zone.md5’ saved [33]

Remote file is newer than local file ‘./domain/root.zone.sig’ -- retrieving.

--2017-03-06 00:01:56--  ftp://ftp.internic.net/domain/root.zone.sig
           => ‘./domain/root.zone.sig’
==> CWD not required.
--> PASV

227 Entering Passive Mode (192,0,32,9,42,211)
--> RETR root.zone.sig

150 Opening BINARY mode data connection for root.zone.sig (72 bytes).
Length: 72

     0K                                                       100%  628K=0s

226 Transfer complete.
2017-03-06 00:01:57 (628 KB/s) - ‘./domain/root.zone.sig’ saved [72]

FINISHED --2017-03-06 00:01:57--
Total wall clock time: 1m 53s
Downloaded: 40 files, 3.9M in 1m 13s (54.9 KB/s)
