--2017-06-16 00:00:02--  ftp://ftp.internic.net/*
           => ‘./.listing’
Resolving ftp.internic.net (ftp.internic.net)... 192.0.32.9, 2620:0:2d0:200::9
Connecting to ftp.internic.net (ftp.internic.net)|192.0.32.9|:21... connected.
Logging in as anonymous ... 
220 Internic FTP Server
--> USER anonymous

331 Please specify the password.
--> PASS Turtle Power!

230 Login successful.
--> SYST

215 UNIX Type: L8
--> PWD

257 "/"
--> TYPE I

200 Switching to Binary mode.
==> CWD not needed.
--> PASV

227 Entering Passive Mode (192,0,32,9,226,69)
--> LIST -a

150 Here comes the directory listing.

     0K                                                         625K=0s

226 Directory send OK.
drwxr-xr-x    3 ftp      ftp          4096 Apr 04  2012 .
drwxr-xr-x    3 ftp      ftp          4096 Apr 04  2012 ..
drwxr-xr-x    2 ftp      ftp          4096 Sep 09  2015 domain
2017-06-16 00:00:06 (625 KB/s) - ‘./.listing’ saved [183]

--2017-06-16 00:00:06--  ftp://ftp.internic.net/domain/*
           => ‘./domain/.listing’
--> CWD /domain

250 Directory successfully changed.
--> PASV

227 Entering Passive Mode (192,0,32,9,42,189)
--> LIST -a

150 Here comes the directory listing.

     0K ...                                                    3.88M=0.001s

226 Directory send OK.
drwxr-xr-x    2 ftp      ftp          4096 Sep 09  2015 .
drwxr-xr-x    3 ftp      ftp          4096 Apr 04  2012 ..
-rw-r--r--    1 ftp      ftp          1829 Aug 18  2015 .listing
-rw-r--r--    1 ftp      ftp          1224 Jun 15 12:18 INTERNIC_ROOT_ZONE.signatures
-rw-r--r--    1 ftp      ftp          1469 Jun 15 12:18 INTERNIC_ROOT_ZONE.signatures.asc
-rw-r--r--    1 ftp      ftp         15228 Jun 15 12:18 arpa.zone
-rw-r--r--    1 ftp      ftp          6636 Jun 15 12:18 arpa.zone.gz
-rw-r--r--    1 ftp      ftp            33 Jun 15 12:18 arpa.zone.gz.md5
-rw-r--r--    1 ftp      ftp            72 Jun 15 12:18 arpa.zone.gz.sig
-rw-r--r--    1 ftp      ftp          3289 Jun 01 15:27 db.cache
-rw-r--r--    1 ftp      ftp            33 Jun 01 15:27 db.cache.md5
-rw-r--r--    1 ftp      ftp            72 Jun 01 15:27 db.cache.sig
-rw-r--r--    1 ftp      ftp        228753 Jun 15 15:40 in-addr.arpa
-rw-r--r--    1 ftp      ftp         90612 Jun 15 15:40 in-addr.arpa.gz
-rw-r--r--    1 ftp      ftp            55 Jun 15 15:40 in-addr.arpa.gz.md5
-rw-r--r--    1 ftp      ftp            90 Jun 15 15:40 in-addr.arpa.gz.sha256
-rw-r--r--    1 ftp      ftp            52 Jun 15 15:40 in-addr.arpa.md5
-rw-r--r--    1 ftp      ftp            87 Jun 15 15:40 in-addr.arpa.sha256
-rw-r--r--    1 ftp      ftp        228753 Jun 15 15:40 in-addr.arpa.zone
-rw-r--r--    1 ftp      ftp         90612 Jun 15 15:40 in-addr.arpa.zone.gz
-rw-r--r--    1 ftp      ftp            60 Jun 15 15:40 in-addr.arpa.zone.gz.md5
-rw-r--r--    1 ftp      ftp            95 Jun 15 15:40 in-addr.arpa.zone.gz.sha256
-rw-r--r--    1 ftp      ftp            57 Jun 15 15:40 in-addr.arpa.zone.md5
-rw-r--r--    1 ftp      ftp            92 Jun 15 15:40 in-addr.arpa.zone.sha256
-rw-r--r--    1 ftp      ftp         61264 Jun 15 15:40 ip6.arpa
-rw-r--r--    1 ftp      ftp         24296 Jun 15 15:40 ip6.arpa.gz
-rw-r--r--    1 ftp      ftp            51 Jun 15 15:40 ip6.arpa.gz.md5
-rw-r--r--    1 ftp      ftp            86 Jun 15 15:40 ip6.arpa.gz.sha256
-rw-r--r--    1 ftp      ftp            48 Jun 15 15:40 ip6.arpa.md5
-rw-r--r--    1 ftp      ftp            83 Jun 15 15:40 ip6.arpa.sha256
-rw-r--r--    1 ftp      ftp         61264 Jun 15 15:40 ip6.arpa.zone
-rw-r--r--    1 ftp      ftp         24296 Jun 15 15:40 ip6.arpa.zone.gz
-rw-r--r--    1 ftp      ftp            56 Jun 15 15:40 ip6.arpa.zone.gz.md5
-rw-r--r--    1 ftp      ftp            91 Jun 15 15:40 ip6.arpa.zone.gz.sha256
-rw-r--r--    1 ftp      ftp            53 Jun 15 15:40 ip6.arpa.zone.md5
-rw-r--r--    1 ftp      ftp            88 Jun 15 15:40 ip6.arpa.zone.sha256
-rw-r--r--    1 ftp      ftp            21 Jun 15 15:40 last_update.txt
-rw-r--r--    1 ftp      ftp          3289 Jun 01 15:27 named.cache
-rw-r--r--    1 ftp      ftp            33 Jun 01 15:27 named.cache.md5
-rw-r--r--    1 ftp      ftp            72 Jun 01 15:27 named.cache.sig
-rw-r--r--    1 ftp      ftp          3289 Jun 01 15:27 named.root
-rw-r--r--    1 ftp      ftp            33 Jun 01 15:27 named.root.md5
-rw-r--r--    1 ftp      ftp            72 Jun 01 15:27 named.root.sig
-rw-r--r--    1 ftp      ftp          2111 Jun 01 15:27 root-servers.net.zone
-rw-r--r--    1 ftp      ftp           575 Jun 01 15:27 root-servers.net.zone.gz
-rw-r--r--    1 ftp      ftp            33 Jun 01 15:27 root-servers.net.zone.gz.md5
-rw-r--r--    1 ftp      ftp            72 Jun 01 15:27 root-servers.net.zone.gz.sig
-rw-r--r--    1 ftp      ftp       2238939 Jun 15 05:08 root.zone
-rw-r--r--    1 ftp      ftp       1051360 Jun 15 05:08 root.zone.gz
-rw-r--r--    1 ftp      ftp            33 Jun 15 05:08 root.zone.gz.md5
-rw-r--r--    1 ftp      ftp            72 Jun 15 05:08 root.zone.gz.sig
-rw-r--r--    1 ftp      ftp            33 Jun 15 05:08 root.zone.md5
-rw-r--r--    1 ftp      ftp            72 Jun 15 05:08 root.zone.sig
2017-06-16 00:00:07 (3.88 MB/s) - ‘./domain/.listing’ saved [3930]

The sizes do not match (local 3930) -- retrieving.

--2017-06-16 00:00:07--  ftp://ftp.internic.net/domain/.listing
           => ‘./domain/.listing’
==> CWD not required.
--> PASV

227 Entering Passive Mode (192,0,32,9,111,2)
--> RETR .listing

150 Opening BINARY mode data connection for .listing (1829 bytes).
Length: 1829 (1.8K)

     0K .                                                     100% 1.44M=0.001s

226 Transfer complete.
2017-06-16 00:00:08 (1.44 MB/s) - ‘./domain/.listing’ saved [1829]

Remote file is newer than local file ‘./domain/INTERNIC_ROOT_ZONE.signatures’ -- retrieving.

--2017-06-16 00:00:08--  ftp://ftp.internic.net/domain/INTERNIC_ROOT_ZONE.signatures
           => ‘./domain/INTERNIC_ROOT_ZONE.signatures’
==> CWD not required.
--> PASV

227 Entering Passive Mode (192,0,32,9,41,99)
--> RETR INTERNIC_ROOT_ZONE.signatures

150 Opening BINARY mode data connection for INTERNIC_ROOT_ZONE.signatures (1224 bytes).
Length: 1224 (1.2K)

     0K .                                                     100% 11.0M=0s

226 Transfer complete.
2017-06-16 00:00:10 (11.0 MB/s) - ‘./domain/INTERNIC_ROOT_ZONE.signatures’ saved [1224]

Remote file is newer than local file ‘./domain/INTERNIC_ROOT_ZONE.signatures.asc’ -- retrieving.

--2017-06-16 00:00:10--  ftp://ftp.internic.net/domain/INTERNIC_ROOT_ZONE.signatures.asc
           => ‘./domain/INTERNIC_ROOT_ZONE.signatures.asc’
==> CWD not required.
--> PASV

227 Entering Passive Mode (192,0,32,9,27,172)
--> RETR INTERNIC_ROOT_ZONE.signatures.asc

150 Opening BINARY mode data connection for INTERNIC_ROOT_ZONE.signatures.asc (1469 bytes).
Length: 1469 (1.4K)

     0K .                                                     100% 13.7M=0s

226 Transfer complete.
2017-06-16 00:00:11 (13.7 MB/s) - ‘./domain/INTERNIC_ROOT_ZONE.signatures.asc’ saved [1469]

Remote file is newer than local file ‘./domain/arpa.zone’ -- retrieving.

--2017-06-16 00:00:11--  ftp://ftp.internic.net/domain/arpa.zone
           => ‘./domain/arpa.zone’
==> CWD not required.
--> PASV

227 Entering Passive Mode (192,0,32,9,60,27)
--> RETR arpa.zone

150 Opening BINARY mode data connection for arpa.zone (15228 bytes).
Length: 15228 (15K)

     0K .......... ....                                       100% 2.14M=0.007s

226 Transfer complete.
2017-06-16 00:00:12 (2.14 MB/s) - ‘./domain/arpa.zone’ saved [15228]

The sizes do not match (local 6653) -- retrieving.

--2017-06-16 00:00:12--  ftp://ftp.internic.net/domain/arpa.zone.gz
           => ‘./domain/arpa.zone.gz’
==> CWD not required.
--> PASV

227 Entering Passive Mode (192,0,32,9,227,238)
--> RETR arpa.zone.gz

150 Opening BINARY mode data connection for arpa.zone.gz (6636 bytes).
Length: 6636 (6.5K)

     0K ......                                                100% 52.7M=0s

226 Transfer complete.
2017-06-16 00:00:13 (52.7 MB/s) - ‘./domain/arpa.zone.gz’ saved [6636]

Remote file is newer than local file ‘./domain/arpa.zone.gz.md5’ -- retrieving.

--2017-06-16 00:00:13--  ftp://ftp.internic.net/domain/arpa.zone.gz.md5
           => ‘./domain/arpa.zone.gz.md5’
==> CWD not required.
--> PASV

227 Entering Passive Mode (192,0,32,9,160,151)
--> RETR arpa.zone.gz.md5

150 Opening BINARY mode data connection for arpa.zone.gz.md5 (33 bytes).
Length: 33

     0K                                                       100%  496K=0s

226 Transfer complete.
2017-06-16 00:00:14 (496 KB/s) - ‘./domain/arpa.zone.gz.md5’ saved [33]

The sizes do not match (local 71) -- retrieving.

--2017-06-16 00:00:14--  ftp://ftp.internic.net/domain/arpa.zone.gz.sig
           => ‘./domain/arpa.zone.gz.sig’
==> CWD not required.
--> PASV

227 Entering Passive Mode (192,0,32,9,133,248)
--> RETR arpa.zone.gz.sig

150 Opening BINARY mode data connection for arpa.zone.gz.sig (72 bytes).
Length: 72

     0K                                                       100%  601K=0s

226 Transfer complete.
2017-06-16 00:00:16 (601 KB/s) - ‘./domain/arpa.zone.gz.sig’ saved [72]

Remote file no newer than local file ‘./domain/db.cache’ -- not retrieving.
Remote file no newer than local file ‘./domain/db.cache.md5’ -- not retrieving.
Remote file no newer than local file ‘./domain/db.cache.sig’ -- not retrieving.
Remote file is newer than local file ‘./domain/in-addr.arpa’ -- retrieving.

--2017-06-16 00:00:16--  ftp://ftp.internic.net/domain/in-addr.arpa
           => ‘./domain/in-addr.arpa’
==> CWD not required.
--> PASV

227 Entering Passive Mode (192,0,32,9,198,113)
--> RETR in-addr.arpa

150 Opening BINARY mode data connection for in-addr.arpa (228753 bytes).
Length: 228753 (223K)

     0K .......... .......... .......... .......... .......... 22% 96.9K 2s
    50K .......... .......... .......... .......... .......... 44%  160K 1s
   100K .......... .......... .......... .......... .......... 67% 10.9M 0s
   150K .......... .......... .......... .......... .......... 89%  165K 0s
   200K .......... .......... ...                             100% 5.21M=1.1s

226 Transfer complete.
2017-06-16 00:00:18 (196 KB/s) - ‘./domain/in-addr.arpa’ saved [228753]

The sizes do not match (local 90636) -- retrieving.

--2017-06-16 00:00:18--  ftp://ftp.internic.net/domain/in-addr.arpa.gz
           => ‘./domain/in-addr.arpa.gz’
==> CWD not required.
--> PASV

227 Entering Passive Mode (192,0,32,9,78,131)
--> RETR in-addr.arpa.gz

150 Opening BINARY mode data connection for in-addr.arpa.gz (90612 bytes).
Length: 90612 (88K)

     0K .......... .......... .......... .......... .......... 56% 80.2K 0s
    50K .......... .......... .......... ........             100% 8.23M=0.6s

226 Transfer complete.
2017-06-16 00:00:20 (141 KB/s) - ‘./domain/in-addr.arpa.gz’ saved [90612]

Remote file is newer than local file ‘./domain/in-addr.arpa.gz.md5’ -- retrieving.

--2017-06-16 00:00:20--  ftp://ftp.internic.net/domain/in-addr.arpa.gz.md5
           => ‘./domain/in-addr.arpa.gz.md5’
==> CWD not required.
--> PASV

227 Entering Passive Mode (192,0,32,9,42,48)
--> RETR in-addr.arpa.gz.md5

150 Opening BINARY mode data connection for in-addr.arpa.gz.md5 (55 bytes).
Length: 55

     0K                                                       100%  378K=0s

226 Transfer complete.
2017-06-16 00:00:21 (378 KB/s) - ‘./domain/in-addr.arpa.gz.md5’ saved [55]

Remote file is newer than local file ‘./domain/in-addr.arpa.gz.sha256’ -- retrieving.

--2017-06-16 00:00:21--  ftp://ftp.internic.net/domain/in-addr.arpa.gz.sha256
           => ‘./domain/in-addr.arpa.gz.sha256’
==> CWD not required.
--> PASV

227 Entering Passive Mode (192,0,32,9,73,137)
--> RETR in-addr.arpa.gz.sha256

150 Opening BINARY mode data connection for in-addr.arpa.gz.sha256 (90 bytes).
Length: 90

     0K                                                       100%  726K=0s

226 Transfer complete.
2017-06-16 00:00:22 (726 KB/s) - ‘./domain/in-addr.arpa.gz.sha256’ saved [90]

Remote file is newer than local file ‘./domain/in-addr.arpa.md5’ -- retrieving.

--2017-06-16 00:00:22--  ftp://ftp.internic.net/domain/in-addr.arpa.md5
           => ‘./domain/in-addr.arpa.md5’
==> CWD not required.
--> PASV

227 Entering Passive Mode (192,0,32,9,204,65)
--> RETR in-addr.arpa.md5

150 Opening BINARY mode data connection for in-addr.arpa.md5 (52 bytes).
Length: 52

     0K                                                       100%  358K=0s

226 Transfer complete.
2017-06-16 00:00:23 (358 KB/s) - ‘./domain/in-addr.arpa.md5’ saved [52]

Remote file is newer than local file ‘./domain/in-addr.arpa.sha256’ -- retrieving.

--2017-06-16 00:00:23--  ftp://ftp.internic.net/domain/in-addr.arpa.sha256
           => ‘./domain/in-addr.arpa.sha256’
==> CWD not required.
--> PASV

227 Entering Passive Mode (192,0,32,9,42,128)
--> RETR in-addr.arpa.sha256

150 Opening BINARY mode data connection for in-addr.arpa.sha256 (87 bytes).
Length: 87

     0K                                                       100%  399K=0s

226 Transfer complete.
2017-06-16 00:00:24 (399 KB/s) - ‘./domain/in-addr.arpa.sha256’ saved [87]

Remote file is newer than local file ‘./domain/in-addr.arpa.zone’ -- retrieving.

--2017-06-16 00:00:24--  ftp://ftp.internic.net/domain/in-addr.arpa.zone
           => ‘./domain/in-addr.arpa.zone’
==> CWD not required.
--> PASV

227 Entering Passive Mode (192,0,32,9,167,96)
--> RETR in-addr.arpa.zone

150 Opening BINARY mode data connection for in-addr.arpa.zone (228753 bytes).
Length: 228753 (223K)

     0K .......... .......... .......... .......... .......... 22% 81.1K 2s
    50K .......... .......... .......... .......... .......... 44%  169K 1s
   100K .......... .......... .......... .......... .......... 67% 2.40M 0s
   150K .......... .......... .......... .......... .......... 89%  227K 0s
   200K .......... .......... ...                             100% 1.44M=1.2s

226 Transfer complete.
2017-06-16 00:00:26 (191 KB/s) - ‘./domain/in-addr.arpa.zone’ saved [228753]

The sizes do not match (local 90615) -- retrieving.

--2017-06-16 00:00:26--  ftp://ftp.internic.net/domain/in-addr.arpa.zone.gz
           => ‘./domain/in-addr.arpa.zone.gz’
==> CWD not required.
--> PASV

227 Entering Passive Mode (192,0,32,9,123,28)
--> RETR in-addr.arpa.zone.gz

150 Opening BINARY mode data connection for in-addr.arpa.zone.gz (90612 bytes).
Length: 90612 (88K)

     0K .......... .......... .......... .......... .......... 56% 83.0K 0s
    50K .......... .......... .......... ........             100% 19.8M=0.6s

226 Transfer complete.
2017-06-16 00:00:28 (146 KB/s) - ‘./domain/in-addr.arpa.zone.gz’ saved [90612]

Remote file is newer than local file ‘./domain/in-addr.arpa.zone.gz.md5’ -- retrieving.

--2017-06-16 00:00:28--  ftp://ftp.internic.net/domain/in-addr.arpa.zone.gz.md5
           => ‘./domain/in-addr.arpa.zone.gz.md5’
==> CWD not required.
--> PASV

227 Entering Passive Mode (192,0,32,9,164,217)
--> RETR in-addr.arpa.zone.gz.md5

150 Opening BINARY mode data connection for in-addr.arpa.zone.gz.md5 (60 bytes).
Length: 60

     0K                                                       100%  284K=0s

226 Transfer complete.
2017-06-16 00:00:29 (284 KB/s) - ‘./domain/in-addr.arpa.zone.gz.md5’ saved [60]

Remote file is newer than local file ‘./domain/in-addr.arpa.zone.gz.sha256’ -- retrieving.

--2017-06-16 00:00:29--  ftp://ftp.internic.net/domain/in-addr.arpa.zone.gz.sha256
           => ‘./domain/in-addr.arpa.zone.gz.sha256’
==> CWD not required.
--> PASV

227 Entering Passive Mode (192,0,32,9,80,199)
--> RETR in-addr.arpa.zone.gz.sha256

150 Opening BINARY mode data connection for in-addr.arpa.zone.gz.sha256 (95 bytes).
Length: 95

     0K                                                       100%  432K=0s

226 Transfer complete.
2017-06-16 00:00:30 (432 KB/s) - ‘./domain/in-addr.arpa.zone.gz.sha256’ saved [95]

Remote file is newer than local file ‘./domain/in-addr.arpa.zone.md5’ -- retrieving.

--2017-06-16 00:00:30--  ftp://ftp.internic.net/domain/in-addr.arpa.zone.md5
           => ‘./domain/in-addr.arpa.zone.md5’
==> CWD not required.
--> PASV

227 Entering Passive Mode (192,0,32,9,254,227)
--> RETR in-addr.arpa.zone.md5

150 Opening BINARY mode data connection for in-addr.arpa.zone.md5 (57 bytes).
Length: 57

     0K                                                       100%  819K=0s

226 Transfer complete.
2017-06-16 00:00:32 (819 KB/s) - ‘./domain/in-addr.arpa.zone.md5’ saved [57]

Remote file is newer than local file ‘./domain/in-addr.arpa.zone.sha256’ -- retrieving.

--2017-06-16 00:00:32--  ftp://ftp.internic.net/domain/in-addr.arpa.zone.sha256
           => ‘./domain/in-addr.arpa.zone.sha256’
==> CWD not required.
--> PASV

227 Entering Passive Mode (192,0,32,9,42,176)
--> RETR in-addr.arpa.zone.sha256

150 Opening BINARY mode data connection for in-addr.arpa.zone.sha256 (92 bytes).
Length: 92

     0K                                                       100% 1.87M=0s

226 Transfer complete.
2017-06-16 00:00:33 (1.87 MB/s) - ‘./domain/in-addr.arpa.zone.sha256’ saved [92]

Remote file is newer than local file ‘./domain/ip6.arpa’ -- retrieving.

--2017-06-16 00:00:33--  ftp://ftp.internic.net/domain/ip6.arpa
           => ‘./domain/ip6.arpa’
==> CWD not required.
--> PASV

227 Entering Passive Mode (192,0,32,9,76,22)
--> RETR ip6.arpa

150 Opening BINARY mode data connection for ip6.arpa (61264 bytes).
Length: 61264 (60K)

     0K .......... .......... .......... .......... .......... 83% 81.5K 0s
    50K .........                                             100% 39.0M=0.6s

226 Transfer complete.
2017-06-16 00:00:35 (97.5 KB/s) - ‘./domain/ip6.arpa’ saved [61264]

Remote file is newer than local file ‘./domain/ip6.arpa.gz’ -- retrieving.

--2017-06-16 00:00:35--  ftp://ftp.internic.net/domain/ip6.arpa.gz
           => ‘./domain/ip6.arpa.gz’
==> CWD not required.
--> PASV

227 Entering Passive Mode (192,0,32,9,201,228)
--> RETR ip6.arpa.gz

150 Opening BINARY mode data connection for ip6.arpa.gz (24296 bytes).
Length: 24296 (24K)

     0K .......... .......... ...                             100% 77.4K=0.3s

226 Transfer complete.
2017-06-16 00:00:36 (77.4 KB/s) - ‘./domain/ip6.arpa.gz’ saved [24296]

Remote file is newer than local file ‘./domain/ip6.arpa.gz.md5’ -- retrieving.

--2017-06-16 00:00:36--  ftp://ftp.internic.net/domain/ip6.arpa.gz.md5
           => ‘./domain/ip6.arpa.gz.md5’
==> CWD not required.
--> PASV

227 Entering Passive Mode (192,0,32,9,16,151)
--> RETR ip6.arpa.gz.md5

150 Opening BINARY mode data connection for ip6.arpa.gz.md5 (51 bytes).
Length: 51

     0K                                                       100%  429K=0s

226 Transfer complete.
2017-06-16 00:00:37 (429 KB/s) - ‘./domain/ip6.arpa.gz.md5’ saved [51]

Remote file is newer than local file ‘./domain/ip6.arpa.gz.sha256’ -- retrieving.

--2017-06-16 00:00:37--  ftp://ftp.internic.net/domain/ip6.arpa.gz.sha256
           => ‘./domain/ip6.arpa.gz.sha256’
==> CWD not required.
--> PASV

227 Entering Passive Mode (192,0,32,9,140,92)
--> RETR ip6.arpa.gz.sha256

150 Opening BINARY mode data connection for ip6.arpa.gz.sha256 (86 bytes).
Length: 86

     0K                                                       100% 1.22M=0s

226 Transfer complete.
2017-06-16 00:00:38 (1.22 MB/s) - ‘./domain/ip6.arpa.gz.sha256’ saved [86]

Remote file is newer than local file ‘./domain/ip6.arpa.md5’ -- retrieving.

--2017-06-16 00:00:38--  ftp://ftp.internic.net/domain/ip6.arpa.md5
           => ‘./domain/ip6.arpa.md5’
==> CWD not required.
--> PASV

227 Entering Passive Mode (192,0,32,9,41,67)
--> RETR ip6.arpa.md5

150 Opening BINARY mode data connection for ip6.arpa.md5 (48 bytes).
Length: 48

     0K                                                       100% 46.5K=0.001s

226 Transfer complete.
2017-06-16 00:00:40 (46.5 KB/s) - ‘./domain/ip6.arpa.md5’ saved [48]

Remote file is newer than local file ‘./domain/ip6.arpa.sha256’ -- retrieving.

--2017-06-16 00:00:40--  ftp://ftp.internic.net/domain/ip6.arpa.sha256
           => ‘./domain/ip6.arpa.sha256’
==> CWD not required.
--> PASV

227 Entering Passive Mode (192,0,32,9,41,51)
--> RETR ip6.arpa.sha256

150 Opening BINARY mode data connection for ip6.arpa.sha256 (83 bytes).
Length: 83

     0K                                                       100% 86.5K=0.001s

226 Transfer complete.
2017-06-16 00:00:40 (86.5 KB/s) - ‘./domain/ip6.arpa.sha256’ saved [83]

Remote file is newer than local file ‘./domain/ip6.arpa.zone’ -- retrieving.

--2017-06-16 00:00:40--  ftp://ftp.internic.net/domain/ip6.arpa.zone
           => ‘./domain/ip6.arpa.zone’
==> CWD not required.
--> PASV

227 Entering Passive Mode (192,0,32,9,173,167)
--> RETR ip6.arpa.zone

150 Opening BINARY mode data connection for ip6.arpa.zone (61264 bytes).
Length: 61264 (60K)

     0K .......... .......... .......... .......... .......... 83% 81.3K 0s
    50K .........                                             100% 36.9M=0.6s

226 Transfer complete.
2017-06-16 00:00:42 (97.3 KB/s) - ‘./domain/ip6.arpa.zone’ saved [61264]

Remote file is newer than local file ‘./domain/ip6.arpa.zone.gz’ -- retrieving.

--2017-06-16 00:00:42--  ftp://ftp.internic.net/domain/ip6.arpa.zone.gz
           => ‘./domain/ip6.arpa.zone.gz’
==> CWD not required.
--> PASV

227 Entering Passive Mode (192,0,32,9,41,222)
--> RETR ip6.arpa.zone.gz

150 Opening BINARY mode data connection for ip6.arpa.zone.gz (24296 bytes).
Length: 24296 (24K)

     0K .......... .......... ...                             100% 77.8K=0.3s

226 Transfer complete.
2017-06-16 00:00:44 (77.8 KB/s) - ‘./domain/ip6.arpa.zone.gz’ saved [24296]

Remote file is newer than local file ‘./domain/ip6.arpa.zone.gz.md5’ -- retrieving.

--2017-06-16 00:00:44--  ftp://ftp.internic.net/domain/ip6.arpa.zone.gz.md5
           => ‘./domain/ip6.arpa.zone.gz.md5’
==> CWD not required.
--> PASV

227 Entering Passive Mode (192,0,32,9,114,175)
--> RETR ip6.arpa.zone.gz.md5

150 Opening BINARY mode data connection for ip6.arpa.zone.gz.md5 (56 bytes).
Length: 56

     0K                                                       100%  531K=0s

226 Transfer complete.
2017-06-16 00:00:45 (531 KB/s) - ‘./domain/ip6.arpa.zone.gz.md5’ saved [56]

Remote file is newer than local file ‘./domain/ip6.arpa.zone.gz.sha256’ -- retrieving.

--2017-06-16 00:00:45--  ftp://ftp.internic.net/domain/ip6.arpa.zone.gz.sha256
           => ‘./domain/ip6.arpa.zone.gz.sha256’
==> CWD not required.
--> PASV

227 Entering Passive Mode (192,0,32,9,42,183)
--> RETR ip6.arpa.zone.gz.sha256

150 Opening BINARY mode data connection for ip6.arpa.zone.gz.sha256 (91 bytes).
Length: 91

     0K                                                       100%  404K=0s

226 Transfer complete.
2017-06-16 00:00:46 (404 KB/s) - ‘./domain/ip6.arpa.zone.gz.sha256’ saved [91]

Remote file is newer than local file ‘./domain/ip6.arpa.zone.md5’ -- retrieving.

--2017-06-16 00:00:46--  ftp://ftp.internic.net/domain/ip6.arpa.zone.md5
           => ‘./domain/ip6.arpa.zone.md5’
==> CWD not required.
--> PASV

227 Entering Passive Mode (192,0,32,9,181,88)
--> RETR ip6.arpa.zone.md5

150 Opening BINARY mode data connection for ip6.arpa.zone.md5 (53 bytes).
Length: 53

     0K                                                       100%  442K=0s

226 Transfer complete.
2017-06-16 00:00:47 (442 KB/s) - ‘./domain/ip6.arpa.zone.md5’ saved [53]

Remote file is newer than local file ‘./domain/ip6.arpa.zone.sha256’ -- retrieving.

--2017-06-16 00:00:47--  ftp://ftp.internic.net/domain/ip6.arpa.zone.sha256
           => ‘./domain/ip6.arpa.zone.sha256’
==> CWD not required.
--> PASV

227 Entering Passive Mode (192,0,32,9,189,231)
--> RETR ip6.arpa.zone.sha256

150 Opening BINARY mode data connection for ip6.arpa.zone.sha256 (88 bytes).
Length: 88

     0K                                                       100%  405K=0s

226 Transfer complete.
2017-06-16 00:00:48 (405 KB/s) - ‘./domain/ip6.arpa.zone.sha256’ saved [88]

Remote file is newer than local file ‘./domain/last_update.txt’ -- retrieving.

--2017-06-16 00:00:48--  ftp://ftp.internic.net/domain/last_update.txt
           => ‘./domain/last_update.txt’
==> CWD not required.
--> PASV

227 Entering Passive Mode (192,0,32,9,41,73)
--> RETR last_update.txt

150 Opening BINARY mode data connection for last_update.txt (21 bytes).
Length: 21

     0K                                                       100%  289K=0s

226 Transfer complete.
2017-06-16 00:00:49 (289 KB/s) - ‘./domain/last_update.txt’ saved [21]

Remote file no newer than local file ‘./domain/named.cache’ -- not retrieving.
Remote file no newer than local file ‘./domain/named.cache.md5’ -- not retrieving.
Remote file no newer than local file ‘./domain/named.cache.sig’ -- not retrieving.
Remote file no newer than local file ‘./domain/named.root’ -- not retrieving.
Remote file no newer than local file ‘./domain/named.root.md5’ -- not retrieving.
Remote file no newer than local file ‘./domain/named.root.sig’ -- not retrieving.
Remote file no newer than local file ‘./domain/root-servers.net.zone’ -- not retrieving.
Remote file no newer than local file ‘./domain/root-servers.net.zone.gz’ -- not retrieving.
Remote file no newer than local file ‘./domain/root-servers.net.zone.gz.md5’ -- not retrieving.
Remote file no newer than local file ‘./domain/root-servers.net.zone.gz.sig’ -- not retrieving.
Remote file is newer than local file ‘./domain/root.zone’ -- retrieving.

--2017-06-16 00:00:49--  ftp://ftp.internic.net/domain/root.zone
           => ‘./domain/root.zone’
==> CWD not required.
--> PASV

227 Entering Passive Mode (192,0,32,9,215,205)
--> RETR root.zone

150 Opening BINARY mode data connection for root.zone (2238939 bytes).
Length: 2238939 (2.1M)

     0K .......... .......... .......... .......... ..........  2% 80.6K 27s
    50K .......... .......... .......... .......... ..........  4%  161K 19s
   100K .......... .......... .......... .......... ..........  6% 5.14M 13s
   150K .......... .......... .......... .......... ..........  9%  169K 12s
   200K .......... .......... .......... .......... .......... 11%  160K 12s
   250K .......... .......... .......... .......... .......... 13%  166K 12s
   300K .......... .......... .......... .......... .......... 16%  237K 11s
   350K .......... .......... .......... .......... .......... 18% 1.19M 9s
   400K .......... .......... .......... .......... .......... 20%  241K 9s
   450K .......... .......... .......... .......... .......... 22%  832K 8s
   500K .......... .......... .......... .......... .......... 25%  314K 8s
   550K .......... .......... .......... .......... .......... 27%  295K 7s
   600K .......... .......... .......... .......... .......... 29%  937K 7s
   650K .......... .......... .......... .......... .......... 32%  285K 6s
   700K .......... .......... .......... .......... .......... 34% 1.25M 6s
   750K .......... .......... .......... .......... .......... 36%  901K 5s
   800K .......... .......... .......... .......... .......... 38%  325K 5s
   850K .......... .......... .......... .......... .......... 41%  764K 5s
   900K .......... .......... .......... .......... .......... 43%  325K 4s
   950K .......... .......... .......... .......... .......... 45% 1.02M 4s
  1000K .......... .......... .......... .......... .......... 48%  275K 4s
  1050K .......... .......... .......... .......... .......... 50% 3.11M 4s
  1100K .......... .......... .......... .......... .......... 52%  582K 3s
  1150K .......... .......... .......... .......... .......... 54%  342K 3s
  1200K .......... .......... .......... .......... .......... 57% 1.16M 3s
  1250K .......... .......... .......... .......... .......... 59%  332K 3s
  1300K .......... .......... .......... .......... .......... 61%  763K 3s
  1350K .......... .......... .......... .......... .......... 64% 1.39M 2s
  1400K .......... .......... .......... .......... .......... 66%  370K 2s
  1450K .......... .......... .......... .......... .......... 68%  862K 2s
  1500K .......... .......... .......... .......... .......... 70% 1.03M 2s
  1550K .......... .......... .......... .......... .......... 73%  400K 2s
  1600K .......... .......... .......... .......... .......... 75% 1.01M 1s
  1650K .......... .......... .......... .......... .......... 77%  974K 1s
  1700K .......... .......... .......... .......... .......... 80%  408K 1s
  1750K .......... .......... .......... .......... .......... 82% 1.26M 1s
  1800K .......... .......... .......... .......... .......... 84%  715K 1s
  1850K .......... .......... .......... .......... .......... 86%  413K 1s
  1900K .......... .......... .......... .......... .......... 89%  722K 1s
  1950K .......... .......... .......... .......... .......... 91% 1.35M 0s
  2000K .......... .......... .......... .......... .......... 93%  581K 0s
  2050K .......... .......... .......... .......... .......... 96%  730K 0s
  2100K .......... .......... .......... .......... .......... 98%  642K 0s
  2150K .......... .......... .......... ......               100% 1.25M=5.3s

226 Transfer complete.
2017-06-16 00:00:56 (409 KB/s) - ‘./domain/root.zone’ saved [2238939]

The sizes do not match (local 1051281) -- retrieving.

--2017-06-16 00:00:56--  ftp://ftp.internic.net/domain/root.zone.gz
           => ‘./domain/root.zone.gz’
==> CWD not required.
--> PASV

227 Entering Passive Mode (192,0,32,9,230,124)
--> RETR root.zone.gz

150 Opening BINARY mode data connection for root.zone.gz (1051360 bytes).
Length: 1051360 (1.0M)

     0K .......... .......... .......... .......... ..........  4% 81.3K 12s
    50K .......... .......... .......... .......... ..........  9%  162K 9s
   100K .......... .......... .......... .......... .......... 14% 5.36M 5s
   150K .......... .......... .......... .......... .......... 19%  165K 5s
   200K .......... .......... .......... .......... .......... 24% 91.6K 6s
   250K .......... .......... .......... .......... .......... 29% 33.9M 4s
   300K .......... .......... .......... .......... .......... 34% 3.45M 3s
   350K .......... .......... .......... .......... .......... 38%  224K 3s
   400K .......... .......... .......... .......... .......... 43%  220K 3s
   450K .......... .......... .......... .......... .......... 48% 1.05M 2s
   500K .......... .......... .......... .......... .......... 53%  186K 2s
   550K .......... .......... .......... .......... .......... 58%  163K 2s
   600K .......... .......... .......... .......... .......... 63% 3.77M 2s
   650K .......... .......... .......... .......... .......... 68%  166K 1s
   700K .......... .......... .......... .......... .......... 73% 15.7M 1s
   750K .......... .......... .......... .......... .......... 77%  161K 1s
   800K .......... .......... .......... .......... .......... 82%  167K 1s
   850K .......... .......... .......... .......... .......... 87% 12.4M 1s
   900K .......... .......... .......... .......... .......... 92%  214K 0s
   950K .......... .......... .......... .......... .......... 97% 1.44M 0s
  1000K .......... .......... ......                          100%  116K=4.3s

226 Transfer complete.
2017-06-16 00:01:01 (239 KB/s) - ‘./domain/root.zone.gz’ saved [1051360]

Remote file is newer than local file ‘./domain/root.zone.gz.md5’ -- retrieving.

--2017-06-16 00:01:01--  ftp://ftp.internic.net/domain/root.zone.gz.md5
           => ‘./domain/root.zone.gz.md5’
==> CWD not required.
--> PASV

227 Entering Passive Mode (192,0,32,9,55,253)
--> RETR root.zone.gz.md5

150 Opening BINARY mode data connection for root.zone.gz.md5 (33 bytes).
Length: 33

     0K                                                       100%  488K=0s

226 Transfer complete.
2017-06-16 00:01:02 (488 KB/s) - ‘./domain/root.zone.gz.md5’ saved [33]

Remote file is newer than local file ‘./domain/root.zone.gz.sig’ -- retrieving.

--2017-06-16 00:01:02--  ftp://ftp.internic.net/domain/root.zone.gz.sig
           => ‘./domain/root.zone.gz.sig’
==> CWD not required.
--> PASV

227 Entering Passive Mode (192,0,32,9,230,70)
--> RETR root.zone.gz.sig

150 Opening BINARY mode data connection for root.zone.gz.sig (72 bytes).
Length: 72

     0K                                                       100%  359K=0s

226 Transfer complete.
2017-06-16 00:01:04 (359 KB/s) - ‘./domain/root.zone.gz.sig’ saved [72]

Remote file is newer than local file ‘./domain/root.zone.md5’ -- retrieving.

--2017-06-16 00:01:04--  ftp://ftp.internic.net/domain/root.zone.md5
           => ‘./domain/root.zone.md5’
==> CWD not required.
--> PASV

227 Entering Passive Mode (192,0,32,9,174,249)
--> RETR root.zone.md5

150 Opening BINARY mode data connection for root.zone.md5 (33 bytes).
Length: 33

     0K                                                       100%  275K=0s

226 Transfer complete.
2017-06-16 00:01:05 (275 KB/s) - ‘./domain/root.zone.md5’ saved [33]

Remote file is newer than local file ‘./domain/root.zone.sig’ -- retrieving.

--2017-06-16 00:01:05--  ftp://ftp.internic.net/domain/root.zone.sig
           => ‘./domain/root.zone.sig’
==> CWD not required.
--> PASV

227 Entering Passive Mode (192,0,32,9,69,24)
--> RETR root.zone.sig

150 Opening BINARY mode data connection for root.zone.sig (72 bytes).
Length: 72

     0K                                                       100%  257K=0s

226 Transfer complete.
2017-06-16 00:01:06 (257 KB/s) - ‘./domain/root.zone.sig’ saved [72]

FINISHED --2017-06-16 00:01:06--
Total wall clock time: 1m 4s
Downloaded: 40 files, 3.9M in 15s (268 KB/s)
