--2017-06-01 00:00:03--  ftp://ftp.internic.net/*
           => ‘./.listing’
Resolving ftp.internic.net (ftp.internic.net)... 192.0.32.9, 2620:0:2d0:200::9
Connecting to ftp.internic.net (ftp.internic.net)|192.0.32.9|:21... connected.
Logging in as anonymous ... 
220 Internic FTP Server
--> USER anonymous

331 Please specify the password.
--> PASS Turtle Power!

230 Login successful.
--> SYST

215 UNIX Type: L8
--> PWD

257 "/"
--> TYPE I

200 Switching to Binary mode.
==> CWD not needed.
--> PASV

227 Entering Passive Mode (192,0,32,9,238,48)
--> LIST -a

150 Here comes the directory listing.

     0K                                                        1.88M=0s

226 Directory send OK.
drwxr-xr-x    3 ftp      ftp          4096 Apr 04  2012 .
drwxr-xr-x    3 ftp      ftp          4096 Apr 04  2012 ..
drwxr-xr-x    2 ftp      ftp          4096 Sep 09  2015 domain
2017-06-01 00:00:24 (1.88 MB/s) - ‘./.listing’ saved [183]

--2017-06-01 00:00:24--  ftp://ftp.internic.net/domain/*
           => ‘./domain/.listing’
--> CWD /domain

250 Directory successfully changed.
--> PASV

227 Entering Passive Mode (192,0,32,9,11,85)
--> LIST -a

150 Here comes the directory listing.

     0K ...                                                     376K=0.01s

226 Directory send OK.
drwxr-xr-x    2 ftp      ftp          4096 Sep 09  2015 .
drwxr-xr-x    3 ftp      ftp          4096 Apr 04  2012 ..
-rw-r--r--    1 ftp      ftp          1829 Aug 18  2015 .listing
-rw-r--r--    1 ftp      ftp          1224 May 31 12:40 INTERNIC_ROOT_ZONE.signatures
-rw-r--r--    1 ftp      ftp          1469 May 31 12:40 INTERNIC_ROOT_ZONE.signatures.asc
-rw-r--r--    1 ftp      ftp         15228 May 31 12:40 arpa.zone
-rw-r--r--    1 ftp      ftp          6654 May 31 12:40 arpa.zone.gz
-rw-r--r--    1 ftp      ftp            33 May 31 12:40 arpa.zone.gz.md5
-rw-r--r--    1 ftp      ftp            72 May 31 12:40 arpa.zone.gz.sig
-rw-r--r--    1 ftp      ftp          3289 Apr 11 15:01 db.cache
-rw-r--r--    1 ftp      ftp            33 Apr 11 15:01 db.cache.md5
-rw-r--r--    1 ftp      ftp            72 Apr 11 15:01 db.cache.sig
-rw-r--r--    1 ftp      ftp        228458 May 31 15:40 in-addr.arpa
-rw-r--r--    1 ftp      ftp         90208 May 31 15:40 in-addr.arpa.gz
-rw-r--r--    1 ftp      ftp            55 May 31 15:40 in-addr.arpa.gz.md5
-rw-r--r--    1 ftp      ftp            90 May 31 15:40 in-addr.arpa.gz.sha256
-rw-r--r--    1 ftp      ftp            52 May 31 15:40 in-addr.arpa.md5
-rw-r--r--    1 ftp      ftp            87 May 31 15:40 in-addr.arpa.sha256
-rw-r--r--    1 ftp      ftp        228458 May 31 15:40 in-addr.arpa.zone
-rw-r--r--    1 ftp      ftp         90208 May 31 15:40 in-addr.arpa.zone.gz
-rw-r--r--    1 ftp      ftp            60 May 31 15:40 in-addr.arpa.zone.gz.md5
-rw-r--r--    1 ftp      ftp            95 May 31 15:40 in-addr.arpa.zone.gz.sha256
-rw-r--r--    1 ftp      ftp            57 May 31 15:40 in-addr.arpa.zone.md5
-rw-r--r--    1 ftp      ftp            92 May 31 15:40 in-addr.arpa.zone.sha256
-rw-r--r--    1 ftp      ftp         61264 May 31 15:40 ip6.arpa
-rw-r--r--    1 ftp      ftp         24255 May 31 15:40 ip6.arpa.gz
-rw-r--r--    1 ftp      ftp            51 May 31 15:40 ip6.arpa.gz.md5
-rw-r--r--    1 ftp      ftp            86 May 31 15:40 ip6.arpa.gz.sha256
-rw-r--r--    1 ftp      ftp            48 May 31 15:40 ip6.arpa.md5
-rw-r--r--    1 ftp      ftp            83 May 31 15:40 ip6.arpa.sha256
-rw-r--r--    1 ftp      ftp         61264 May 31 15:40 ip6.arpa.zone
-rw-r--r--    1 ftp      ftp         24255 May 31 15:40 ip6.arpa.zone.gz
-rw-r--r--    1 ftp      ftp            56 May 31 15:40 ip6.arpa.zone.gz.md5
-rw-r--r--    1 ftp      ftp            91 May 31 15:40 ip6.arpa.zone.gz.sha256
-rw-r--r--    1 ftp      ftp            53 May 31 15:40 ip6.arpa.zone.md5
-rw-r--r--    1 ftp      ftp            88 May 31 15:40 ip6.arpa.zone.sha256
-rw-r--r--    1 ftp      ftp            21 May 31 15:40 last_update.txt
-rw-r--r--    1 ftp      ftp          3289 Apr 11 15:01 named.cache
-rw-r--r--    1 ftp      ftp            33 Apr 11 15:01 named.cache.md5
-rw-r--r--    1 ftp      ftp            72 Apr 11 15:01 named.cache.sig
-rw-r--r--    1 ftp      ftp          3289 Apr 11 15:01 named.root
-rw-r--r--    1 ftp      ftp            33 Apr 11 15:01 named.root.md5
-rw-r--r--    1 ftp      ftp            72 Apr 11 15:01 named.root.sig
-rw-r--r--    1 ftp      ftp          2110 Apr 11 15:01 root-servers.net.zone
-rw-r--r--    1 ftp      ftp           576 Apr 11 15:01 root-servers.net.zone.gz
-rw-r--r--    1 ftp      ftp            33 Apr 11 15:01 root-servers.net.zone.gz.md5
-rw-r--r--    1 ftp      ftp            72 Apr 11 15:01 root-servers.net.zone.gz.sig
-rw-r--r--    1 ftp      ftp       2235943 May 31 05:05 root.zone
-rw-r--r--    1 ftp      ftp       1049961 May 31 05:06 root.zone.gz
-rw-r--r--    1 ftp      ftp            33 May 31 05:06 root.zone.gz.md5
-rw-r--r--    1 ftp      ftp            72 May 31 05:06 root.zone.gz.sig
-rw-r--r--    1 ftp      ftp            33 May 31 05:06 root.zone.md5
-rw-r--r--    1 ftp      ftp            72 May 31 05:06 root.zone.sig
2017-06-01 00:00:26 (376 KB/s) - ‘./domain/.listing’ saved [3930]

The sizes do not match (local 3930) -- retrieving.

--2017-06-01 00:00:26--  ftp://ftp.internic.net/domain/.listing
           => ‘./domain/.listing’
==> CWD not required.
--> PASV

227 Entering Passive Mode (192,0,32,9,229,126)
--> RETR .listing

150 Opening BINARY mode data connection for .listing (1829 bytes).
Length: 1829 (1.8K)

     0K .                                                     100%  210K=0.009s

226 Transfer complete.
2017-06-01 00:00:28 (210 KB/s) - ‘./domain/.listing’ saved [1829]

Remote file is newer than local file ‘./domain/INTERNIC_ROOT_ZONE.signatures’ -- retrieving.

--2017-06-01 00:00:28--  ftp://ftp.internic.net/domain/INTERNIC_ROOT_ZONE.signatures
           => ‘./domain/INTERNIC_ROOT_ZONE.signatures’
==> CWD not required.
--> PASV

227 Entering Passive Mode (192,0,32,9,41,135)
--> RETR INTERNIC_ROOT_ZONE.signatures

150 Opening BINARY mode data connection for INTERNIC_ROOT_ZONE.signatures (1224 bytes).
Length: 1224 (1.2K)

     0K .                                                     100% 13.6M=0s

226 Transfer complete.
2017-06-01 00:00:30 (13.6 MB/s) - ‘./domain/INTERNIC_ROOT_ZONE.signatures’ saved [1224]

Remote file is newer than local file ‘./domain/INTERNIC_ROOT_ZONE.signatures.asc’ -- retrieving.

--2017-06-01 00:00:30--  ftp://ftp.internic.net/domain/INTERNIC_ROOT_ZONE.signatures.asc
           => ‘./domain/INTERNIC_ROOT_ZONE.signatures.asc’
==> CWD not required.
--> PASV

227 Entering Passive Mode (192,0,32,9,209,15)
--> RETR INTERNIC_ROOT_ZONE.signatures.asc

150 Opening BINARY mode data connection for INTERNIC_ROOT_ZONE.signatures.asc (1469 bytes).
Length: 1469 (1.4K)

     0K .                                                     100%  336 =4.4s

226 Transfer complete.
2017-06-01 00:00:39 (336 B/s) - ‘./domain/INTERNIC_ROOT_ZONE.signatures.asc’ saved [1469]

Remote file is newer than local file ‘./domain/arpa.zone’ -- retrieving.

--2017-06-01 00:00:39--  ftp://ftp.internic.net/domain/arpa.zone
           => ‘./domain/arpa.zone’
==> CWD not required.
--> PASV

227 Entering Passive Mode (192,0,32,9,116,58)
--> RETR arpa.zone

150 Opening BINARY mode data connection for arpa.zone (15228 bytes).
Length: 15228 (15K)

     0K .......... ....                                       100% 7.03M=0.002s

226 Transfer complete.
2017-06-01 00:00:44 (7.03 MB/s) - ‘./domain/arpa.zone’ saved [15228]

The sizes do not match (local 6661) -- retrieving.

--2017-06-01 00:00:44--  ftp://ftp.internic.net/domain/arpa.zone.gz
           => ‘./domain/arpa.zone.gz’
==> CWD not required.
--> PASV

227 Entering Passive Mode (192,0,32,9,41,87)
--> RETR arpa.zone.gz

150 Opening BINARY mode data connection for arpa.zone.gz (6654 bytes).
Length: 6654 (6.5K)

     0K ......                                                100% 1.28K=5.1s

226 Transfer complete.
2017-06-01 00:00:55 (1.28 KB/s) - ‘./domain/arpa.zone.gz’ saved [6654]

Remote file is newer than local file ‘./domain/arpa.zone.gz.md5’ -- retrieving.

--2017-06-01 00:00:55--  ftp://ftp.internic.net/domain/arpa.zone.gz.md5
           => ‘./domain/arpa.zone.gz.md5’
==> CWD not required.
--> PASV

227 Entering Passive Mode (192,0,32,9,41,93)
--> RETR arpa.zone.gz.md5

150 Opening BINARY mode data connection for arpa.zone.gz.md5 (33 bytes).
Length: 33

     0K                                                       100%  384K=0s

226 Transfer complete.
2017-06-01 00:00:58 (384 KB/s) - ‘./domain/arpa.zone.gz.md5’ saved [33]

Remote file is newer than local file ‘./domain/arpa.zone.gz.sig’ -- retrieving.

--2017-06-01 00:00:58--  ftp://ftp.internic.net/domain/arpa.zone.gz.sig
           => ‘./domain/arpa.zone.gz.sig’
==> CWD not required.
--> PASV

227 Entering Passive Mode (192,0,32,9,228,16)
--> RETR arpa.zone.gz.sig

150 Opening BINARY mode data connection for arpa.zone.gz.sig (72 bytes).
Length: 72

     0K                                                       100%  146K=0s

226 Transfer complete.
2017-06-01 00:01:03 (146 KB/s) - ‘./domain/arpa.zone.gz.sig’ saved [72]

Remote file no newer than local file ‘./domain/db.cache’ -- not retrieving.
Remote file no newer than local file ‘./domain/db.cache.md5’ -- not retrieving.
Remote file no newer than local file ‘./domain/db.cache.sig’ -- not retrieving.
Remote file is newer than local file ‘./domain/in-addr.arpa’ -- retrieving.

--2017-06-01 00:01:03--  ftp://ftp.internic.net/domain/in-addr.arpa
           => ‘./domain/in-addr.arpa’
==> CWD not required.
--> PASV

227 Entering Passive Mode (192,0,32,9,234,219)
--> RETR in-addr.arpa

150 Opening BINARY mode data connection for in-addr.arpa (228458 bytes).
Length: 228458 (223K)

     0K .......... .......... .......... .......... .......... 22% 9.79K 18s
    50K .......... .......... .......... .......... .......... 44% 12.6K 11s
   100K .......... .......... .......... .......... .......... 67% 14.2K 6s
   150K .......... .......... .......... .......... .......... 89% 42.3M 1s
   200K .......... .......... ...                             100% 9.04K=15s

226 Transfer complete.
2017-06-01 00:01:19 (14.7 KB/s) - ‘./domain/in-addr.arpa’ saved [228458]

Remote file is newer than local file ‘./domain/in-addr.arpa.gz’ -- retrieving.

--2017-06-01 00:01:19--  ftp://ftp.internic.net/domain/in-addr.arpa.gz
           => ‘./domain/in-addr.arpa.gz’
==> CWD not required.
--> PASV

227 Entering Passive Mode (192,0,32,9,158,95)
--> RETR in-addr.arpa.gz

150 Opening BINARY mode data connection for in-addr.arpa.gz (90208 bytes).
Length: 90208 (88K)

     0K .......... .......... .......... .......... .......... 56% 39.5K 1s
    50K .......... .......... .......... ........             100% 40.0K=2.2s

226 Transfer complete.
2017-06-01 00:01:25 (39.7 KB/s) - ‘./domain/in-addr.arpa.gz’ saved [90208]

Remote file is newer than local file ‘./domain/in-addr.arpa.gz.md5’ -- retrieving.

--2017-06-01 00:01:25--  ftp://ftp.internic.net/domain/in-addr.arpa.gz.md5
           => ‘./domain/in-addr.arpa.gz.md5’
==> CWD not required.
--> PASV

227 Entering Passive Mode (192,0,32,9,125,70)
--> RETR in-addr.arpa.gz.md5

150 Opening BINARY mode data connection for in-addr.arpa.gz.md5 (55 bytes).
Length: 55

     0K                                                       100% 1.05M=0s

226 Transfer complete.
2017-06-01 00:01:28 (1.05 MB/s) - ‘./domain/in-addr.arpa.gz.md5’ saved [55]

Remote file is newer than local file ‘./domain/in-addr.arpa.gz.sha256’ -- retrieving.

--2017-06-01 00:01:28--  ftp://ftp.internic.net/domain/in-addr.arpa.gz.sha256
           => ‘./domain/in-addr.arpa.gz.sha256’
==> CWD not required.
--> PASV

227 Entering Passive Mode (192,0,32,9,148,149)
--> RETR in-addr.arpa.gz.sha256

150 Opening BINARY mode data connection for in-addr.arpa.gz.sha256 (90 bytes).
Length: 90

     0K                                                       100% 1.34M=0s

226 Transfer complete.
2017-06-01 00:01:33 (1.34 MB/s) - ‘./domain/in-addr.arpa.gz.sha256’ saved [90]

Remote file is newer than local file ‘./domain/in-addr.arpa.md5’ -- retrieving.

--2017-06-01 00:01:33--  ftp://ftp.internic.net/domain/in-addr.arpa.md5
           => ‘./domain/in-addr.arpa.md5’
==> CWD not required.
--> PASV

227 Entering Passive Mode (192,0,32,9,182,34)
--> RETR in-addr.arpa.md5

150 Opening BINARY mode data connection for in-addr.arpa.md5 (52 bytes).
Length: 52

     0K                                                       100% 1.10M=0s

226 Transfer complete.
2017-06-01 00:01:35 (1.10 MB/s) - ‘./domain/in-addr.arpa.md5’ saved [52]

Remote file is newer than local file ‘./domain/in-addr.arpa.sha256’ -- retrieving.

--2017-06-01 00:01:35--  ftp://ftp.internic.net/domain/in-addr.arpa.sha256
           => ‘./domain/in-addr.arpa.sha256’
==> CWD not required.
--> PASV

227 Entering Passive Mode (192,0,32,9,41,253)
--> RETR in-addr.arpa.sha256

150 Opening BINARY mode data connection for in-addr.arpa.sha256 (87 bytes).
Length: 87

     0K                                                       100% 1.63M=0s

226 Transfer complete.
2017-06-01 00:01:37 (1.63 MB/s) - ‘./domain/in-addr.arpa.sha256’ saved [87]

Remote file is newer than local file ‘./domain/in-addr.arpa.zone’ -- retrieving.

--2017-06-01 00:01:37--  ftp://ftp.internic.net/domain/in-addr.arpa.zone
           => ‘./domain/in-addr.arpa.zone’
==> CWD not required.
--> PASV

227 Entering Passive Mode (192,0,32,9,41,82)
--> RETR in-addr.arpa.zone

150 Opening BINARY mode data connection for in-addr.arpa.zone (228458 bytes).
Length: 228458 (223K)

     0K .......... .......... .......... .......... .......... 22% 23.1K 7s
    50K .......... .......... .......... .......... .......... 44% 38.3K 4s
   100K .......... .......... .......... .......... .......... 67% 37.0K 2s
   150K .......... .......... .......... .......... .......... 89% 44.4K 1s
   200K .......... .......... ...                             100%  111K=6.2s

226 Transfer complete.
2017-06-01 00:01:45 (36.3 KB/s) - ‘./domain/in-addr.arpa.zone’ saved [228458]

Remote file is newer than local file ‘./domain/in-addr.arpa.zone.gz’ -- retrieving.

--2017-06-01 00:01:45--  ftp://ftp.internic.net/domain/in-addr.arpa.zone.gz
           => ‘./domain/in-addr.arpa.zone.gz’
==> CWD not required.
--> PASV

227 Entering Passive Mode (192,0,32,9,233,18)
--> RETR in-addr.arpa.zone.gz

150 Opening BINARY mode data connection for in-addr.arpa.zone.gz (90208 bytes).
Length: 90208 (88K)

     0K .......... .......... .......... .......... .......... 56% 15.9K 2s
    50K .......... .......... .......... ........             100% 29.8K=4.4s

226 Transfer complete.
2017-06-01 00:01:53 (19.9 KB/s) - ‘./domain/in-addr.arpa.zone.gz’ saved [90208]

Remote file is newer than local file ‘./domain/in-addr.arpa.zone.gz.md5’ -- retrieving.

--2017-06-01 00:01:53--  ftp://ftp.internic.net/domain/in-addr.arpa.zone.gz.md5
           => ‘./domain/in-addr.arpa.zone.gz.md5’
==> CWD not required.
--> PASV

227 Entering Passive Mode (192,0,32,9,41,61)
--> RETR in-addr.arpa.zone.gz.md5

150 Opening BINARY mode data connection for in-addr.arpa.zone.gz.md5 (60 bytes).
Length: 60

     0K                                                       100%  961K=0s

226 Transfer complete.
2017-06-01 00:01:55 (961 KB/s) - ‘./domain/in-addr.arpa.zone.gz.md5’ saved [60]

Remote file is newer than local file ‘./domain/in-addr.arpa.zone.gz.sha256’ -- retrieving.

--2017-06-01 00:01:55--  ftp://ftp.internic.net/domain/in-addr.arpa.zone.gz.sha256
           => ‘./domain/in-addr.arpa.zone.gz.sha256’
==> CWD not required.
--> PASV

227 Entering Passive Mode (192,0,32,9,253,19)
--> RETR in-addr.arpa.zone.gz.sha256

150 Opening BINARY mode data connection for in-addr.arpa.zone.gz.sha256 (95 bytes).
Length: 95

     0K                                                       100% 1.13M=0s

226 Transfer complete.
2017-06-01 00:01:57 (1.13 MB/s) - ‘./domain/in-addr.arpa.zone.gz.sha256’ saved [95]

Remote file is newer than local file ‘./domain/in-addr.arpa.zone.md5’ -- retrieving.

--2017-06-01 00:01:57--  ftp://ftp.internic.net/domain/in-addr.arpa.zone.md5
           => ‘./domain/in-addr.arpa.zone.md5’
==> CWD not required.
--> PASV

227 Entering Passive Mode (192,0,32,9,23,28)
--> RETR in-addr.arpa.zone.md5

150 Opening BINARY mode data connection for in-addr.arpa.zone.md5 (57 bytes).
Length: 57

     0K                                                       100%  520K=0s

226 Transfer complete.
2017-06-01 00:02:00 (520 KB/s) - ‘./domain/in-addr.arpa.zone.md5’ saved [57]

Remote file is newer than local file ‘./domain/in-addr.arpa.zone.sha256’ -- retrieving.

--2017-06-01 00:02:00--  ftp://ftp.internic.net/domain/in-addr.arpa.zone.sha256
           => ‘./domain/in-addr.arpa.zone.sha256’
==> CWD not required.
--> PASV

227 Entering Passive Mode (192,0,32,9,48,59)
--> RETR in-addr.arpa.zone.sha256

150 Opening BINARY mode data connection for in-addr.arpa.zone.sha256 (92 bytes).
Length: 92

     0K                                                       100%  538K=0s

226 Transfer complete.
2017-06-01 00:02:05 (538 KB/s) - ‘./domain/in-addr.arpa.zone.sha256’ saved [92]

Remote file is newer than local file ‘./domain/ip6.arpa’ -- retrieving.

--2017-06-01 00:02:05--  ftp://ftp.internic.net/domain/ip6.arpa
           => ‘./domain/ip6.arpa’
==> CWD not required.
--> PASV

227 Entering Passive Mode (192,0,32,9,42,222)
--> RETR ip6.arpa

150 Opening BINARY mode data connection for ip6.arpa (61264 bytes).
Length: 61264 (60K)

     0K .......... .......... .......... .......... .......... 83% 10.4K 1s
    50K .........                                             100% 43.4M=4.8s

226 Transfer complete.
2017-06-01 00:02:14 (12.4 KB/s) - ‘./domain/ip6.arpa’ saved [61264]

Remote file is newer than local file ‘./domain/ip6.arpa.gz’ -- retrieving.

--2017-06-01 00:02:14--  ftp://ftp.internic.net/domain/ip6.arpa.gz
           => ‘./domain/ip6.arpa.gz’
==> CWD not required.
--> PASV

227 Entering Passive Mode (192,0,32,9,112,97)
--> RETR ip6.arpa.gz

150 Opening BINARY mode data connection for ip6.arpa.gz (24255 bytes).
Length: 24255 (24K)

     0K .......... .......... ...                             100% 59.1K=0.4s

226 Transfer complete.
2017-06-01 00:02:18 (59.1 KB/s) - ‘./domain/ip6.arpa.gz’ saved [24255]

Remote file is newer than local file ‘./domain/ip6.arpa.gz.md5’ -- retrieving.

--2017-06-01 00:02:18--  ftp://ftp.internic.net/domain/ip6.arpa.gz.md5
           => ‘./domain/ip6.arpa.gz.md5’
==> CWD not required.
--> PASV

227 Entering Passive Mode (192,0,32,9,244,240)
--> RETR ip6.arpa.gz.md5

150 Opening BINARY mode data connection for ip6.arpa.gz.md5 (51 bytes).
Length: 51

     0K                                                       100%  874K=0s

226 Transfer complete.
2017-06-01 00:02:19 (874 KB/s) - ‘./domain/ip6.arpa.gz.md5’ saved [51]

Remote file is newer than local file ‘./domain/ip6.arpa.gz.sha256’ -- retrieving.

--2017-06-01 00:02:19--  ftp://ftp.internic.net/domain/ip6.arpa.gz.sha256
           => ‘./domain/ip6.arpa.gz.sha256’
==> CWD not required.
--> PASV

227 Entering Passive Mode (192,0,32,9,66,92)
--> RETR ip6.arpa.gz.sha256

150 Opening BINARY mode data connection for ip6.arpa.gz.sha256 (86 bytes).
Length: 86

     0K                                                       100% 40.2K=0.002s

226 Transfer complete.
2017-06-01 00:02:21 (40.2 KB/s) - ‘./domain/ip6.arpa.gz.sha256’ saved [86]

Remote file is newer than local file ‘./domain/ip6.arpa.md5’ -- retrieving.

--2017-06-01 00:02:21--  ftp://ftp.internic.net/domain/ip6.arpa.md5
           => ‘./domain/ip6.arpa.md5’
==> CWD not required.
--> PASV

227 Entering Passive Mode (192,0,32,9,109,25)
--> RETR ip6.arpa.md5

150 Opening BINARY mode data connection for ip6.arpa.md5 (48 bytes).
Length: 48

     0K                                                       100%  884K=0s

226 Transfer complete.
2017-06-01 00:02:23 (884 KB/s) - ‘./domain/ip6.arpa.md5’ saved [48]

Remote file is newer than local file ‘./domain/ip6.arpa.sha256’ -- retrieving.

--2017-06-01 00:02:23--  ftp://ftp.internic.net/domain/ip6.arpa.sha256
           => ‘./domain/ip6.arpa.sha256’
==> CWD not required.
--> PASV

227 Entering Passive Mode (192,0,32,9,124,40)
--> RETR ip6.arpa.sha256

150 Opening BINARY mode data connection for ip6.arpa.sha256 (83 bytes).
Length: 83

     0K                                                       100% 1.13M=0s

226 Transfer complete.
2017-06-01 00:02:28 (1.13 MB/s) - ‘./domain/ip6.arpa.sha256’ saved [83]

Remote file is newer than local file ‘./domain/ip6.arpa.zone’ -- retrieving.

--2017-06-01 00:02:28--  ftp://ftp.internic.net/domain/ip6.arpa.zone
           => ‘./domain/ip6.arpa.zone’
==> CWD not required.
--> PASV

227 Entering Passive Mode (192,0,32,9,7,179)
--> RETR ip6.arpa.zone

150 Opening BINARY mode data connection for ip6.arpa.zone (61264 bytes).
Length: 61264 (60K)

     0K .......... .......... .......... .......... .......... 83% 4.37K 2s
    50K .........                                             100%  254K=11s

226 Transfer complete.
2017-06-01 00:02:45 (5.21 KB/s) - ‘./domain/ip6.arpa.zone’ saved [61264]

Remote file is newer than local file ‘./domain/ip6.arpa.zone.gz’ -- retrieving.

--2017-06-01 00:02:45--  ftp://ftp.internic.net/domain/ip6.arpa.zone.gz
           => ‘./domain/ip6.arpa.zone.gz’
==> CWD not required.
--> PASV

227 Entering Passive Mode (192,0,32,9,72,28)
--> RETR ip6.arpa.zone.gz

150 Opening BINARY mode data connection for ip6.arpa.zone.gz (24255 bytes).
Length: 24255 (24K)

     0K .......... .......... ...                             100% 55.9K=0.4s

226 Transfer complete.
2017-06-01 00:02:47 (55.9 KB/s) - ‘./domain/ip6.arpa.zone.gz’ saved [24255]

Remote file is newer than local file ‘./domain/ip6.arpa.zone.gz.md5’ -- retrieving.

--2017-06-01 00:02:47--  ftp://ftp.internic.net/domain/ip6.arpa.zone.gz.md5
           => ‘./domain/ip6.arpa.zone.gz.md5’
==> CWD not required.
--> PASV

227 Entering Passive Mode (192,0,32,9,162,220)
--> RETR ip6.arpa.zone.gz.md5

150 Opening BINARY mode data connection for ip6.arpa.zone.gz.md5 (56 bytes).
Length: 56

     0K                                                       100%  558K=0s

226 Transfer complete.
2017-06-01 00:02:52 (558 KB/s) - ‘./domain/ip6.arpa.zone.gz.md5’ saved [56]

Remote file is newer than local file ‘./domain/ip6.arpa.zone.gz.sha256’ -- retrieving.

--2017-06-01 00:02:52--  ftp://ftp.internic.net/domain/ip6.arpa.zone.gz.sha256
           => ‘./domain/ip6.arpa.zone.gz.sha256’
==> CWD not required.
--> PASV

227 Entering Passive Mode (192,0,32,9,41,237)
--> RETR ip6.arpa.zone.gz.sha256

150 Opening BINARY mode data connection for ip6.arpa.zone.gz.sha256 (91 bytes).
Length: 91

     0K                                                       100%  158K=0.001s

226 Transfer complete.
2017-06-01 00:02:54 (158 KB/s) - ‘./domain/ip6.arpa.zone.gz.sha256’ saved [91]

Remote file is newer than local file ‘./domain/ip6.arpa.zone.md5’ -- retrieving.

--2017-06-01 00:02:54--  ftp://ftp.internic.net/domain/ip6.arpa.zone.md5
           => ‘./domain/ip6.arpa.zone.md5’
==> CWD not required.
--> PASV

227 Entering Passive Mode (192,0,32,9,109,28)
--> RETR ip6.arpa.zone.md5

150 Opening BINARY mode data connection for ip6.arpa.zone.md5 (53 bytes).
Length: 53

     0K                                                       100%  672K=0s

226 Transfer complete.
2017-06-01 00:02:55 (672 KB/s) - ‘./domain/ip6.arpa.zone.md5’ saved [53]

Remote file is newer than local file ‘./domain/ip6.arpa.zone.sha256’ -- retrieving.

--2017-06-01 00:02:55--  ftp://ftp.internic.net/domain/ip6.arpa.zone.sha256
           => ‘./domain/ip6.arpa.zone.sha256’
==> CWD not required.
--> PASV

227 Entering Passive Mode (192,0,32,9,209,0)
--> RETR ip6.arpa.zone.sha256

150 Opening BINARY mode data connection for ip6.arpa.zone.sha256 (88 bytes).
Length: 88

     0K                                                       100% 1.12M=0s

226 Transfer complete.
2017-06-01 00:02:59 (1.12 MB/s) - ‘./domain/ip6.arpa.zone.sha256’ saved [88]

Remote file is newer than local file ‘./domain/last_update.txt’ -- retrieving.

--2017-06-01 00:02:59--  ftp://ftp.internic.net/domain/last_update.txt
           => ‘./domain/last_update.txt’
==> CWD not required.
--> PASV

227 Entering Passive Mode (192,0,32,9,42,110)
--> RETR last_update.txt

150 Opening BINARY mode data connection for last_update.txt (21 bytes).
Length: 21

     0K                                                       100%  394K=0s

226 Transfer complete.
2017-06-01 00:03:03 (394 KB/s) - ‘./domain/last_update.txt’ saved [21]

Remote file no newer than local file ‘./domain/named.cache’ -- not retrieving.
Remote file no newer than local file ‘./domain/named.cache.md5’ -- not retrieving.
Remote file no newer than local file ‘./domain/named.cache.sig’ -- not retrieving.
Remote file no newer than local file ‘./domain/named.root’ -- not retrieving.
Remote file no newer than local file ‘./domain/named.root.md5’ -- not retrieving.
Remote file no newer than local file ‘./domain/named.root.sig’ -- not retrieving.
Remote file no newer than local file ‘./domain/root-servers.net.zone’ -- not retrieving.
Remote file no newer than local file ‘./domain/root-servers.net.zone.gz’ -- not retrieving.
Remote file no newer than local file ‘./domain/root-servers.net.zone.gz.md5’ -- not retrieving.
Remote file no newer than local file ‘./domain/root-servers.net.zone.gz.sig’ -- not retrieving.
Remote file is newer than local file ‘./domain/root.zone’ -- retrieving.

--2017-06-01 00:03:03--  ftp://ftp.internic.net/domain/root.zone
           => ‘./domain/root.zone’
==> CWD not required.
--> PASV

227 Entering Passive Mode (192,0,32,9,144,30)
--> RETR root.zone

150 Opening BINARY mode data connection for root.zone (2235943 bytes).
Length: 2235943 (2.1M)

     0K .......... .......... .......... .......... ..........  2% 38.8K 55s
    50K .......... .......... .......... .......... ..........  4% 40.3K 53s
   100K .......... .......... .......... .......... ..........  6% 54.1K 47s
   150K .......... .......... .......... .......... ..........  9% 12.7K 73s
   200K .......... .......... .......... .......... .......... 11% 92.8M 57s
   250K .......... .......... .......... .......... .......... 13%  105M 46s
   300K .......... .......... .......... .......... .......... 16%  115K 41s
   350K .......... .......... .......... .......... .......... 18% 62.5K 39s
   400K .......... .......... .......... .......... .......... 20% 87.5K 35s
   450K .......... .......... .......... .......... .......... 22%  114K 32s
   500K .......... .......... .......... .......... .......... 25%  109K 30s
   550K .......... .......... .......... .......... .......... 27%  106K 28s
   600K .......... .......... .......... .......... .......... 29% 58.4K 27s
   650K .......... .......... .......... .......... .......... 32%  117K 25s
   700K .......... .......... .......... .......... .......... 34% 47.2K 25s
   750K .......... .......... .......... .......... .......... 36% 93.4M 22s
   800K .......... .......... .......... .......... .......... 38%  112K 21s
   850K .......... .......... .......... .......... .......... 41% 53.8K 20s
   900K .......... .......... .......... .......... .......... 43% 30.7K 21s
   950K .......... .......... .......... .......... .......... 45%  122K 19s
  1000K .......... .......... .......... .......... .......... 48% 62.5K 19s
  1050K .......... .......... .......... .......... .......... 50% 54.1K 18s
  1100K .......... .......... .......... .......... .......... 52%  112K 17s
  1150K .......... .......... .......... .......... .......... 54% 75.4K 16s
  1200K .......... .......... .......... .......... .......... 57% 76.5K 15s
  1250K .......... .......... .......... .......... .......... 59% 42.5K 14s
  1300K .......... .......... .......... .......... .......... 61% 14.3K 15s
  1350K .......... .......... .......... .......... .......... 64%  105M 14s
  1400K .......... .......... .......... .......... .......... 66% 57.2K 13s
  1450K .......... .......... .......... .......... .......... 68% 27.5K 12s
  1500K .......... .......... .......... .......... .......... 70% 25.4K 12s
  1550K .......... .......... .......... .......... .......... 73% 38.4K 11s
  1600K .......... .......... .......... .......... .......... 75% 18.9K 11s
  1650K .......... .......... .......... .......... .......... 77% 29.7K 10s
  1700K .......... .......... .......... .......... .......... 80% 17.4K 9s
  1750K .......... .......... .......... .......... .......... 82% 32.1K 8s
  1800K .......... .......... .......... .......... .......... 84% 36.7K 7s
  1850K .......... .......... .......... .......... .......... 87% 37.4K 6s
  1900K .......... .......... .......... .......... .......... 89% 34.7K 5s
  1950K .......... .......... .......... .......... .......... 91% 4.36K 5s
  2000K .......... .......... .......... .......... .......... 93% 39.6K 4s
  2050K .......... .......... .......... .......... .......... 96% 62.2K 2s
  2100K .......... .......... .......... .......... .......... 98% 34.2K 1s
  2150K .......... .......... .......... ...                  100% 34.0K=59s

226 Transfer complete.
2017-06-01 00:04:04 (36.8 KB/s) - ‘./domain/root.zone’ saved [2235943]

The sizes do not match (local 1049983) -- retrieving.

--2017-06-01 00:04:04--  ftp://ftp.internic.net/domain/root.zone.gz
           => ‘./domain/root.zone.gz’
==> CWD not required.
--> PASV

227 Entering Passive Mode (192,0,32,9,200,51)
--> RETR root.zone.gz

150 Opening BINARY mode data connection for root.zone.gz (1049961 bytes).
Length: 1049961 (1.0M)

     0K .......... .......... .......... .......... ..........  4% 40.3K 24s
    50K .......... .......... .......... .......... ..........  9% 42.4K 22s
   100K .......... .......... .......... .......... .......... 14% 52.2K 20s
   150K .......... .......... .......... .......... .......... 19%  105K 16s
   200K .......... .......... .......... .......... .......... 24% 52.5K 15s
   250K .......... .......... .......... .......... .......... 29%  658K 12s
   300K .......... .......... .......... .......... .......... 34%  116K 10s
   350K .......... .......... .......... .......... .......... 39% 1.34M 8s
   400K .......... .......... .......... .......... .......... 43%  130K 7s
   450K .......... .......... .......... .......... .......... 48% 1.03M 6s
   500K .......... .......... .......... .......... .......... 53%  134K 5s
   550K .......... .......... .......... .......... .......... 58%  872K 4s
   600K .......... .......... .......... .......... .......... 63%  150K 4s
   650K .......... .......... .......... .......... .......... 68%  777K 3s
   700K .......... .......... .......... .......... .......... 73%  782K 2s
   750K .......... .......... .......... .......... .......... 78%  164K 2s
   800K .......... .......... .......... .......... .......... 82%  457K 1s
   850K .......... .......... .......... .......... .......... 87% 51.6K 1s
   900K .......... .......... .......... .......... .......... 92% 18.0M 1s
   950K .......... .......... .......... .......... .......... 97% 23.2M 0s
  1000K .......... .......... .....                           100% 21.0M=8.1s

226 Transfer complete.
2017-06-01 00:04:13 (127 KB/s) - ‘./domain/root.zone.gz’ saved [1049961]

Remote file is newer than local file ‘./domain/root.zone.gz.md5’ -- retrieving.

--2017-06-01 00:04:13--  ftp://ftp.internic.net/domain/root.zone.gz.md5
           => ‘./domain/root.zone.gz.md5’
==> CWD not required.
--> PASV

227 Entering Passive Mode (192,0,32,9,41,45)
--> RETR root.zone.gz.md5

150 Opening BINARY mode data connection for root.zone.gz.md5 (33 bytes).
Length: 33

     0K                                                       100%  441K=0s

226 Transfer complete.
2017-06-01 00:04:15 (441 KB/s) - ‘./domain/root.zone.gz.md5’ saved [33]

Remote file is newer than local file ‘./domain/root.zone.gz.sig’ -- retrieving.

--2017-06-01 00:04:15--  ftp://ftp.internic.net/domain/root.zone.gz.sig
           => ‘./domain/root.zone.gz.sig’
==> CWD not required.
--> PASV

227 Entering Passive Mode (192,0,32,9,136,3)
--> RETR root.zone.gz.sig

150 Opening BINARY mode data connection for root.zone.gz.sig (72 bytes).
Length: 72

     0K                                                       100%  103K=0.001s

226 Transfer complete.
2017-06-01 00:04:20 (103 KB/s) - ‘./domain/root.zone.gz.sig’ saved [72]

Remote file is newer than local file ‘./domain/root.zone.md5’ -- retrieving.

--2017-06-01 00:04:20--  ftp://ftp.internic.net/domain/root.zone.md5
           => ‘./domain/root.zone.md5’
==> CWD not required.
--> PASV

227 Entering Passive Mode (192,0,32,9,42,110)
--> RETR root.zone.md5

150 Opening BINARY mode data connection for root.zone.md5 (33 bytes).
Length: 33

     0K                                                       100%  256K=0s

226 Transfer complete.
2017-06-01 00:04:24 (256 KB/s) - ‘./domain/root.zone.md5’ saved [33]

Remote file is newer than local file ‘./domain/root.zone.sig’ -- retrieving.

--2017-06-01 00:04:24--  ftp://ftp.internic.net/domain/root.zone.sig
           => ‘./domain/root.zone.sig’
==> CWD not required.
--> PASV

227 Entering Passive Mode (192,0,32,9,98,12)
--> RETR root.zone.sig

150 Opening BINARY mode data connection for root.zone.sig (72 bytes).
Length: 72

     0K                                                       100%  868K=0s

226 Transfer complete.
2017-06-01 00:04:28 (868 KB/s) - ‘./domain/root.zone.sig’ saved [72]

FINISHED --2017-06-01 00:04:28--
Total wall clock time: 4m 25s
Downloaded: 40 files, 3.9M in 2m 2s (33.0 KB/s)
