--2017-04-25 00:00:02--  ftp://ftp.internic.net/*
           => ‘./.listing’
Resolving ftp.internic.net (ftp.internic.net)... 192.0.32.9, 2620:0:2d0:200::9
Connecting to ftp.internic.net (ftp.internic.net)|192.0.32.9|:21... connected.
Logging in as anonymous ... 
220 Internic FTP Server
--> USER anonymous

331 Please specify the password.
--> PASS Turtle Power!

230 Login successful.
--> SYST

215 UNIX Type: L8
--> PWD

257 "/"
--> TYPE I

200 Switching to Binary mode.
==> CWD not needed.
--> PASV

227 Entering Passive Mode (192,0,32,9,42,143)
--> LIST -a

150 Here comes the directory listing.

     0K                                                        17.4K=0.01s

226 Directory send OK.
drwxr-xr-x    3 ftp      ftp          4096 Apr 04  2012 .
drwxr-xr-x    3 ftp      ftp          4096 Apr 04  2012 ..
drwxr-xr-x    2 ftp      ftp          4096 Sep 09  2015 domain
2017-04-25 00:00:07 (17.4 KB/s) - ‘./.listing’ saved [183]

--2017-04-25 00:00:07--  ftp://ftp.internic.net/domain/*
           => ‘./domain/.listing’
--> CWD /domain

250 Directory successfully changed.
--> PASV

227 Entering Passive Mode (192,0,32,9,42,79)
--> LIST -a

150 Here comes the directory listing.

     0K ...                                                     541K=0.007s

226 Directory send OK.
drwxr-xr-x    2 ftp      ftp          4096 Sep 09  2015 .
drwxr-xr-x    3 ftp      ftp          4096 Apr 04  2012 ..
-rw-r--r--    1 ftp      ftp          1829 Aug 18  2015 .listing
-rw-r--r--    1 ftp      ftp          1224 Apr 24 12:27 INTERNIC_ROOT_ZONE.signatures
-rw-r--r--    1 ftp      ftp          1469 Apr 24 12:27 INTERNIC_ROOT_ZONE.signatures.asc
-rw-r--r--    1 ftp      ftp         15228 Apr 24 12:27 arpa.zone
-rw-r--r--    1 ftp      ftp          6648 Apr 24 12:27 arpa.zone.gz
-rw-r--r--    1 ftp      ftp            33 Apr 24 12:27 arpa.zone.gz.md5
-rw-r--r--    1 ftp      ftp            72 Apr 24 12:27 arpa.zone.gz.sig
-rw-r--r--    1 ftp      ftp          3289 Apr 11 15:01 db.cache
-rw-r--r--    1 ftp      ftp            33 Apr 11 15:01 db.cache.md5
-rw-r--r--    1 ftp      ftp            72 Apr 11 15:01 db.cache.sig
-rw-r--r--    1 ftp      ftp        230231 Apr 24 15:40 in-addr.arpa
-rw-r--r--    1 ftp      ftp         90877 Apr 24 15:40 in-addr.arpa.gz
-rw-r--r--    1 ftp      ftp            55 Apr 24 15:40 in-addr.arpa.gz.md5
-rw-r--r--    1 ftp      ftp            90 Apr 24 15:40 in-addr.arpa.gz.sha256
-rw-r--r--    1 ftp      ftp            52 Apr 24 15:40 in-addr.arpa.md5
-rw-r--r--    1 ftp      ftp            87 Apr 24 15:40 in-addr.arpa.sha256
-rw-r--r--    1 ftp      ftp        230231 Apr 24 15:40 in-addr.arpa.zone
-rw-r--r--    1 ftp      ftp         90877 Apr 24 15:40 in-addr.arpa.zone.gz
-rw-r--r--    1 ftp      ftp            60 Apr 24 15:40 in-addr.arpa.zone.gz.md5
-rw-r--r--    1 ftp      ftp            95 Apr 24 15:40 in-addr.arpa.zone.gz.sha256
-rw-r--r--    1 ftp      ftp            57 Apr 24 15:40 in-addr.arpa.zone.md5
-rw-r--r--    1 ftp      ftp            92 Apr 24 15:40 in-addr.arpa.zone.sha256
-rw-r--r--    1 ftp      ftp         61853 Apr 24 15:40 ip6.arpa
-rw-r--r--    1 ftp      ftp         24446 Apr 24 15:40 ip6.arpa.gz
-rw-r--r--    1 ftp      ftp            51 Apr 24 15:40 ip6.arpa.gz.md5
-rw-r--r--    1 ftp      ftp            86 Apr 24 15:40 ip6.arpa.gz.sha256
-rw-r--r--    1 ftp      ftp            48 Apr 24 15:40 ip6.arpa.md5
-rw-r--r--    1 ftp      ftp            83 Apr 24 15:40 ip6.arpa.sha256
-rw-r--r--    1 ftp      ftp         61853 Apr 24 15:40 ip6.arpa.zone
-rw-r--r--    1 ftp      ftp         24446 Apr 24 15:40 ip6.arpa.zone.gz
-rw-r--r--    1 ftp      ftp            56 Apr 24 15:40 ip6.arpa.zone.gz.md5
-rw-r--r--    1 ftp      ftp            91 Apr 24 15:40 ip6.arpa.zone.gz.sha256
-rw-r--r--    1 ftp      ftp            53 Apr 24 15:40 ip6.arpa.zone.md5
-rw-r--r--    1 ftp      ftp            88 Apr 24 15:40 ip6.arpa.zone.sha256
-rw-r--r--    1 ftp      ftp            21 Apr 24 15:40 last_update.txt
-rw-r--r--    1 ftp      ftp          3289 Apr 11 15:01 named.cache
-rw-r--r--    1 ftp      ftp            33 Apr 11 15:01 named.cache.md5
-rw-r--r--    1 ftp      ftp            72 Apr 11 15:01 named.cache.sig
-rw-r--r--    1 ftp      ftp          3289 Apr 11 15:01 named.root
-rw-r--r--    1 ftp      ftp            33 Apr 11 15:01 named.root.md5
-rw-r--r--    1 ftp      ftp            72 Apr 11 15:01 named.root.sig
-rw-r--r--    1 ftp      ftp          2110 Apr 11 15:01 root-servers.net.zone
-rw-r--r--    1 ftp      ftp           576 Apr 11 15:01 root-servers.net.zone.gz
-rw-r--r--    1 ftp      ftp            33 Apr 11 15:01 root-servers.net.zone.gz.md5
-rw-r--r--    1 ftp      ftp            72 Apr 11 15:01 root-servers.net.zone.gz.sig
-rw-r--r--    1 ftp      ftp       2235152 Apr 24 05:46 root.zone
-rw-r--r--    1 ftp      ftp       1049587 Apr 24 05:46 root.zone.gz
-rw-r--r--    1 ftp      ftp            33 Apr 24 05:46 root.zone.gz.md5
-rw-r--r--    1 ftp      ftp            72 Apr 24 05:46 root.zone.gz.sig
-rw-r--r--    1 ftp      ftp            33 Apr 24 05:46 root.zone.md5
-rw-r--r--    1 ftp      ftp            72 Apr 24 05:46 root.zone.sig
2017-04-25 00:00:09 (541 KB/s) - ‘./domain/.listing’ saved [3930]

The sizes do not match (local 3930) -- retrieving.

--2017-04-25 00:00:09--  ftp://ftp.internic.net/domain/.listing
           => ‘./domain/.listing’
==> CWD not required.
--> PASV

227 Entering Passive Mode (192,0,32,9,159,96)
--> RETR .listing

150 Opening BINARY mode data connection for .listing (1829 bytes).
Length: 1829 (1.8K)

     0K .                                                     100%  103K=0.02s

226 Transfer complete.
2017-04-25 00:00:10 (103 KB/s) - ‘./domain/.listing’ saved [1829]

Remote file is newer than local file ‘./domain/INTERNIC_ROOT_ZONE.signatures’ -- retrieving.

--2017-04-25 00:00:10--  ftp://ftp.internic.net/domain/INTERNIC_ROOT_ZONE.signatures
           => ‘./domain/INTERNIC_ROOT_ZONE.signatures’
==> CWD not required.
--> PASV

227 Entering Passive Mode (192,0,32,9,18,167)
--> RETR INTERNIC_ROOT_ZONE.signatures

150 Opening BINARY mode data connection for INTERNIC_ROOT_ZONE.signatures (1224 bytes).
Length: 1224 (1.2K)

     0K .                                                     100% 18.0M=0s

226 Transfer complete.
2017-04-25 00:00:12 (18.0 MB/s) - ‘./domain/INTERNIC_ROOT_ZONE.signatures’ saved [1224]

Remote file is newer than local file ‘./domain/INTERNIC_ROOT_ZONE.signatures.asc’ -- retrieving.

--2017-04-25 00:00:12--  ftp://ftp.internic.net/domain/INTERNIC_ROOT_ZONE.signatures.asc
           => ‘./domain/INTERNIC_ROOT_ZONE.signatures.asc’
==> CWD not required.
--> PASV

227 Entering Passive Mode (192,0,32,9,165,253)
--> RETR INTERNIC_ROOT_ZONE.signatures.asc

150 Opening BINARY mode data connection for INTERNIC_ROOT_ZONE.signatures.asc (1469 bytes).
Length: 1469 (1.4K)

     0K .                                                     100% 29.2M=0s

226 Transfer complete.
2017-04-25 00:00:13 (29.2 MB/s) - ‘./domain/INTERNIC_ROOT_ZONE.signatures.asc’ saved [1469]

Remote file is newer than local file ‘./domain/arpa.zone’ -- retrieving.

--2017-04-25 00:00:13--  ftp://ftp.internic.net/domain/arpa.zone
           => ‘./domain/arpa.zone’
==> CWD not required.
--> PASV

227 Entering Passive Mode (192,0,32,9,107,169)
--> RETR arpa.zone

150 Opening BINARY mode data connection for arpa.zone (15228 bytes).
Length: 15228 (15K)

     0K .......... ....                                       100% 10.3M=0.001s

226 Transfer complete.
2017-04-25 00:00:14 (10.3 MB/s) - ‘./domain/arpa.zone’ saved [15228]

The sizes do not match (local 6644) -- retrieving.

--2017-04-25 00:00:14--  ftp://ftp.internic.net/domain/arpa.zone.gz
           => ‘./domain/arpa.zone.gz’
==> CWD not required.
--> PASV

227 Entering Passive Mode (192,0,32,9,238,97)
--> RETR arpa.zone.gz

150 Opening BINARY mode data connection for arpa.zone.gz (6648 bytes).
Length: 6648 (6.5K)

     0K ......                                                100% 72.9M=0s

226 Transfer complete.
2017-04-25 00:00:15 (72.9 MB/s) - ‘./domain/arpa.zone.gz’ saved [6648]

Remote file is newer than local file ‘./domain/arpa.zone.gz.md5’ -- retrieving.

--2017-04-25 00:00:15--  ftp://ftp.internic.net/domain/arpa.zone.gz.md5
           => ‘./domain/arpa.zone.gz.md5’
==> CWD not required.
--> PASV

227 Entering Passive Mode (192,0,32,9,252,9)
--> RETR arpa.zone.gz.md5

150 Opening BINARY mode data connection for arpa.zone.gz.md5 (33 bytes).
Length: 33

     0K                                                       100% 9.01K=0.004s

226 Transfer complete.
2017-04-25 00:00:16 (9.01 KB/s) - ‘./domain/arpa.zone.gz.md5’ saved [33]

Remote file is newer than local file ‘./domain/arpa.zone.gz.sig’ -- retrieving.

--2017-04-25 00:00:16--  ftp://ftp.internic.net/domain/arpa.zone.gz.sig
           => ‘./domain/arpa.zone.gz.sig’
==> CWD not required.
--> PASV

227 Entering Passive Mode (192,0,32,9,222,139)
--> RETR arpa.zone.gz.sig

150 Opening BINARY mode data connection for arpa.zone.gz.sig (72 bytes).
Length: 72

     0K                                                       100%  611K=0s

226 Transfer complete.
2017-04-25 00:00:18 (611 KB/s) - ‘./domain/arpa.zone.gz.sig’ saved [72]

Remote file no newer than local file ‘./domain/db.cache’ -- not retrieving.
Remote file no newer than local file ‘./domain/db.cache.md5’ -- not retrieving.
Remote file no newer than local file ‘./domain/db.cache.sig’ -- not retrieving.
Remote file is newer than local file ‘./domain/in-addr.arpa’ -- retrieving.

--2017-04-25 00:00:18--  ftp://ftp.internic.net/domain/in-addr.arpa
           => ‘./domain/in-addr.arpa’
==> CWD not required.
--> PASV

227 Entering Passive Mode (192,0,32,9,169,118)
--> RETR in-addr.arpa

150 Opening BINARY mode data connection for in-addr.arpa (230231 bytes).
Length: 230231 (225K)

     0K .......... .......... .......... .......... .......... 22% 51.0M 0s
    50K .......... .......... .......... .......... .......... 44%  104M 0s
   100K .......... .......... .......... .......... .......... 66%  121M 0s
   150K .......... .......... .......... .......... .......... 88%  582K 0s
   200K .......... .......... ....                            100% 90.0K=0.4s

226 Transfer complete.
2017-04-25 00:00:20 (618 KB/s) - ‘./domain/in-addr.arpa’ saved [230231]

The sizes do not match (local 90911) -- retrieving.

--2017-04-25 00:00:20--  ftp://ftp.internic.net/domain/in-addr.arpa.gz
           => ‘./domain/in-addr.arpa.gz’
==> CWD not required.
--> PASV

227 Entering Passive Mode (192,0,32,9,210,26)
--> RETR in-addr.arpa.gz

150 Opening BINARY mode data connection for in-addr.arpa.gz (90877 bytes).
Length: 90877 (89K)

     0K .......... .......... .......... .......... .......... 56% 91.5K 0s
    50K .......... .......... .......... ........             100% 34.9M=0.5s

226 Transfer complete.
2017-04-25 00:00:22 (162 KB/s) - ‘./domain/in-addr.arpa.gz’ saved [90877]

Remote file is newer than local file ‘./domain/in-addr.arpa.gz.md5’ -- retrieving.

--2017-04-25 00:00:22--  ftp://ftp.internic.net/domain/in-addr.arpa.gz.md5
           => ‘./domain/in-addr.arpa.gz.md5’
==> CWD not required.
--> PASV

227 Entering Passive Mode (192,0,32,9,15,128)
--> RETR in-addr.arpa.gz.md5

150 Opening BINARY mode data connection for in-addr.arpa.gz.md5 (55 bytes).
Length: 55

     0K                                                       100%  463K=0s

226 Transfer complete.
2017-04-25 00:00:23 (463 KB/s) - ‘./domain/in-addr.arpa.gz.md5’ saved [55]

Remote file is newer than local file ‘./domain/in-addr.arpa.gz.sha256’ -- retrieving.

--2017-04-25 00:00:23--  ftp://ftp.internic.net/domain/in-addr.arpa.gz.sha256
           => ‘./domain/in-addr.arpa.gz.sha256’
==> CWD not required.
--> PASV

227 Entering Passive Mode (192,0,32,9,5,23)
--> RETR in-addr.arpa.gz.sha256

150 Opening BINARY mode data connection for in-addr.arpa.gz.sha256 (90 bytes).
Length: 90

     0K                                                       100%  739K=0s

226 Transfer complete.
2017-04-25 00:00:24 (739 KB/s) - ‘./domain/in-addr.arpa.gz.sha256’ saved [90]

Remote file is newer than local file ‘./domain/in-addr.arpa.md5’ -- retrieving.

--2017-04-25 00:00:24--  ftp://ftp.internic.net/domain/in-addr.arpa.md5
           => ‘./domain/in-addr.arpa.md5’
==> CWD not required.
--> PASV

227 Entering Passive Mode (192,0,32,9,55,79)
--> RETR in-addr.arpa.md5

150 Opening BINARY mode data connection for in-addr.arpa.md5 (52 bytes).
Length: 52

     0K                                                       100%  449K=0s

226 Transfer complete.
2017-04-25 00:00:25 (449 KB/s) - ‘./domain/in-addr.arpa.md5’ saved [52]

Remote file is newer than local file ‘./domain/in-addr.arpa.sha256’ -- retrieving.

--2017-04-25 00:00:25--  ftp://ftp.internic.net/domain/in-addr.arpa.sha256
           => ‘./domain/in-addr.arpa.sha256’
==> CWD not required.
--> PASV

227 Entering Passive Mode (192,0,32,9,116,12)
--> RETR in-addr.arpa.sha256

150 Opening BINARY mode data connection for in-addr.arpa.sha256 (87 bytes).
Length: 87

     0K                                                       100% 7.51K=0.01s

226 Transfer complete.
2017-04-25 00:00:26 (7.51 KB/s) - ‘./domain/in-addr.arpa.sha256’ saved [87]

Remote file is newer than local file ‘./domain/in-addr.arpa.zone’ -- retrieving.

--2017-04-25 00:00:26--  ftp://ftp.internic.net/domain/in-addr.arpa.zone
           => ‘./domain/in-addr.arpa.zone’
==> CWD not required.
--> PASV

227 Entering Passive Mode (192,0,32,9,205,98)
--> RETR in-addr.arpa.zone

150 Opening BINARY mode data connection for in-addr.arpa.zone (230231 bytes).
Length: 230231 (225K)

     0K .......... .......... .......... .......... .......... 22% 89.2K 2s
    50K .......... .......... .......... .......... .......... 44%  176K 1s
   100K .......... .......... .......... .......... .......... 66% 8.69M 0s
   150K .......... .......... .......... .......... .......... 88%  175K 0s
   200K .......... .......... ....                            100% 94.9K=1.4s

226 Transfer complete.
2017-04-25 00:00:29 (161 KB/s) - ‘./domain/in-addr.arpa.zone’ saved [230231]

The sizes do not match (local 90911) -- retrieving.

--2017-04-25 00:00:29--  ftp://ftp.internic.net/domain/in-addr.arpa.zone.gz
           => ‘./domain/in-addr.arpa.zone.gz’
==> CWD not required.
--> PASV

227 Entering Passive Mode (192,0,32,9,203,46)
--> RETR in-addr.arpa.zone.gz

150 Opening BINARY mode data connection for in-addr.arpa.zone.gz (90877 bytes).
Length: 90877 (89K)

     0K .......... .......... .......... .......... .......... 56% 97.5K 0s
    50K .......... .......... .......... ........             100% 11.7M=0.5s

226 Transfer complete.
2017-04-25 00:00:30 (172 KB/s) - ‘./domain/in-addr.arpa.zone.gz’ saved [90877]

Remote file is newer than local file ‘./domain/in-addr.arpa.zone.gz.md5’ -- retrieving.

--2017-04-25 00:00:30--  ftp://ftp.internic.net/domain/in-addr.arpa.zone.gz.md5
           => ‘./domain/in-addr.arpa.zone.gz.md5’
==> CWD not required.
--> PASV

227 Entering Passive Mode (192,0,32,9,42,168)
--> RETR in-addr.arpa.zone.gz.md5

150 Opening BINARY mode data connection for in-addr.arpa.zone.gz.md5 (60 bytes).
Length: 60

     0K                                                       100%  514K=0s

226 Transfer complete.
2017-04-25 00:00:31 (514 KB/s) - ‘./domain/in-addr.arpa.zone.gz.md5’ saved [60]

Remote file is newer than local file ‘./domain/in-addr.arpa.zone.gz.sha256’ -- retrieving.

--2017-04-25 00:00:31--  ftp://ftp.internic.net/domain/in-addr.arpa.zone.gz.sha256
           => ‘./domain/in-addr.arpa.zone.gz.sha256’
==> CWD not required.
--> PASV

227 Entering Passive Mode (192,0,32,9,66,80)
--> RETR in-addr.arpa.zone.gz.sha256

150 Opening BINARY mode data connection for in-addr.arpa.zone.gz.sha256 (95 bytes).
Length: 95

     0K                                                       100%  807K=0s

226 Transfer complete.
2017-04-25 00:00:32 (807 KB/s) - ‘./domain/in-addr.arpa.zone.gz.sha256’ saved [95]

Remote file is newer than local file ‘./domain/in-addr.arpa.zone.md5’ -- retrieving.

--2017-04-25 00:00:32--  ftp://ftp.internic.net/domain/in-addr.arpa.zone.md5
           => ‘./domain/in-addr.arpa.zone.md5’
==> CWD not required.
--> PASV

227 Entering Passive Mode (192,0,32,9,147,124)
--> RETR in-addr.arpa.zone.md5

150 Opening BINARY mode data connection for in-addr.arpa.zone.md5 (57 bytes).
Length: 57

     0K                                                       100%  484K=0s

226 Transfer complete.
2017-04-25 00:00:34 (484 KB/s) - ‘./domain/in-addr.arpa.zone.md5’ saved [57]

Remote file is newer than local file ‘./domain/in-addr.arpa.zone.sha256’ -- retrieving.

--2017-04-25 00:00:34--  ftp://ftp.internic.net/domain/in-addr.arpa.zone.sha256
           => ‘./domain/in-addr.arpa.zone.sha256’
==> CWD not required.
--> PASV

227 Entering Passive Mode (192,0,32,9,73,118)
--> RETR in-addr.arpa.zone.sha256

150 Opening BINARY mode data connection for in-addr.arpa.zone.sha256 (92 bytes).
Length: 92

     0K                                                       100%  788K=0s

226 Transfer complete.
2017-04-25 00:00:35 (788 KB/s) - ‘./domain/in-addr.arpa.zone.sha256’ saved [92]

Remote file is newer than local file ‘./domain/ip6.arpa’ -- retrieving.

--2017-04-25 00:00:35--  ftp://ftp.internic.net/domain/ip6.arpa
           => ‘./domain/ip6.arpa’
==> CWD not required.
--> PASV

227 Entering Passive Mode (192,0,32,9,62,59)
--> RETR ip6.arpa

150 Opening BINARY mode data connection for ip6.arpa (61853 bytes).
Length: 61853 (60K)

     0K .......... .......... .......... .......... .......... 82% 87.3K 0s
    50K ..........                                            100% 11.6M=0.6s

226 Transfer complete.
2017-04-25 00:00:36 (105 KB/s) - ‘./domain/ip6.arpa’ saved [61853]

The sizes do not match (local 24461) -- retrieving.

--2017-04-25 00:00:36--  ftp://ftp.internic.net/domain/ip6.arpa.gz
           => ‘./domain/ip6.arpa.gz’
==> CWD not required.
--> PASV

227 Entering Passive Mode (192,0,32,9,147,166)
--> RETR ip6.arpa.gz

150 Opening BINARY mode data connection for ip6.arpa.gz (24446 bytes).
Length: 24446 (24K)

     0K .......... .......... ...                             100% 83.8K=0.3s

226 Transfer complete.
2017-04-25 00:00:38 (83.8 KB/s) - ‘./domain/ip6.arpa.gz’ saved [24446]

Remote file is newer than local file ‘./domain/ip6.arpa.gz.md5’ -- retrieving.

--2017-04-25 00:00:38--  ftp://ftp.internic.net/domain/ip6.arpa.gz.md5
           => ‘./domain/ip6.arpa.gz.md5’
==> CWD not required.
--> PASV

227 Entering Passive Mode (192,0,32,9,63,138)
--> RETR ip6.arpa.gz.md5

150 Opening BINARY mode data connection for ip6.arpa.gz.md5 (51 bytes).
Length: 51

     0K                                                       100%  429K=0s

226 Transfer complete.
2017-04-25 00:00:39 (429 KB/s) - ‘./domain/ip6.arpa.gz.md5’ saved [51]

Remote file is newer than local file ‘./domain/ip6.arpa.gz.sha256’ -- retrieving.

--2017-04-25 00:00:39--  ftp://ftp.internic.net/domain/ip6.arpa.gz.sha256
           => ‘./domain/ip6.arpa.gz.sha256’
==> CWD not required.
--> PASV

227 Entering Passive Mode (192,0,32,9,48,120)
--> RETR ip6.arpa.gz.sha256

150 Opening BINARY mode data connection for ip6.arpa.gz.sha256 (86 bytes).
Length: 86

     0K                                                       100%  124K=0.001s

226 Transfer complete.
2017-04-25 00:00:40 (124 KB/s) - ‘./domain/ip6.arpa.gz.sha256’ saved [86]

Remote file is newer than local file ‘./domain/ip6.arpa.md5’ -- retrieving.

--2017-04-25 00:00:40--  ftp://ftp.internic.net/domain/ip6.arpa.md5
           => ‘./domain/ip6.arpa.md5’
==> CWD not required.
--> PASV

227 Entering Passive Mode (192,0,32,9,41,220)
--> RETR ip6.arpa.md5

150 Opening BINARY mode data connection for ip6.arpa.md5 (48 bytes).
Length: 48

     0K                                                       100%  404K=0s

226 Transfer complete.
2017-04-25 00:00:41 (404 KB/s) - ‘./domain/ip6.arpa.md5’ saved [48]

Remote file is newer than local file ‘./domain/ip6.arpa.sha256’ -- retrieving.

--2017-04-25 00:00:41--  ftp://ftp.internic.net/domain/ip6.arpa.sha256
           => ‘./domain/ip6.arpa.sha256’
==> CWD not required.
--> PASV

227 Entering Passive Mode (192,0,32,9,102,238)
--> RETR ip6.arpa.sha256

150 Opening BINARY mode data connection for ip6.arpa.sha256 (83 bytes).
Length: 83

     0K                                                       100% 1.84M=0s

226 Transfer complete.
2017-04-25 00:00:42 (1.84 MB/s) - ‘./domain/ip6.arpa.sha256’ saved [83]

Remote file is newer than local file ‘./domain/ip6.arpa.zone’ -- retrieving.

--2017-04-25 00:00:42--  ftp://ftp.internic.net/domain/ip6.arpa.zone
           => ‘./domain/ip6.arpa.zone’
==> CWD not required.
--> PASV

227 Entering Passive Mode (192,0,32,9,42,213)
--> RETR ip6.arpa.zone

150 Opening BINARY mode data connection for ip6.arpa.zone (61853 bytes).
Length: 61853 (60K)

     0K .......... .......... .......... .......... .......... 82% 85.7K 0s
    50K ..........                                            100% 26.2M=0.6s

226 Transfer complete.
2017-04-25 00:00:44 (104 KB/s) - ‘./domain/ip6.arpa.zone’ saved [61853]

The sizes do not match (local 24461) -- retrieving.

--2017-04-25 00:00:44--  ftp://ftp.internic.net/domain/ip6.arpa.zone.gz
           => ‘./domain/ip6.arpa.zone.gz’
==> CWD not required.
--> PASV

227 Entering Passive Mode (192,0,32,9,42,56)
--> RETR ip6.arpa.zone.gz

150 Opening BINARY mode data connection for ip6.arpa.zone.gz (24446 bytes).
Length: 24446 (24K)

     0K .......... .......... ...                             100% 92.6K=0.3s

226 Transfer complete.
2017-04-25 00:00:45 (92.6 KB/s) - ‘./domain/ip6.arpa.zone.gz’ saved [24446]

Remote file is newer than local file ‘./domain/ip6.arpa.zone.gz.md5’ -- retrieving.

--2017-04-25 00:00:45--  ftp://ftp.internic.net/domain/ip6.arpa.zone.gz.md5
           => ‘./domain/ip6.arpa.zone.gz.md5’
==> CWD not required.
--> PASV

227 Entering Passive Mode (192,0,32,9,41,70)
--> RETR ip6.arpa.zone.gz.md5

150 Opening BINARY mode data connection for ip6.arpa.zone.gz.md5 (56 bytes).
Length: 56

     0K                                                       100% 1.21M=0s

226 Transfer complete.
2017-04-25 00:00:46 (1.21 MB/s) - ‘./domain/ip6.arpa.zone.gz.md5’ saved [56]

Remote file is newer than local file ‘./domain/ip6.arpa.zone.gz.sha256’ -- retrieving.

--2017-04-25 00:00:46--  ftp://ftp.internic.net/domain/ip6.arpa.zone.gz.sha256
           => ‘./domain/ip6.arpa.zone.gz.sha256’
==> CWD not required.
--> PASV

227 Entering Passive Mode (192,0,32,9,241,35)
--> RETR ip6.arpa.zone.gz.sha256

150 Opening BINARY mode data connection for ip6.arpa.zone.gz.sha256 (91 bytes).
Length: 91

     0K                                                       100%  773K=0s

226 Transfer complete.
2017-04-25 00:00:47 (773 KB/s) - ‘./domain/ip6.arpa.zone.gz.sha256’ saved [91]

Remote file is newer than local file ‘./domain/ip6.arpa.zone.md5’ -- retrieving.

--2017-04-25 00:00:47--  ftp://ftp.internic.net/domain/ip6.arpa.zone.md5
           => ‘./domain/ip6.arpa.zone.md5’
==> CWD not required.
--> PASV

227 Entering Passive Mode (192,0,32,9,231,194)
--> RETR ip6.arpa.zone.md5

150 Opening BINARY mode data connection for ip6.arpa.zone.md5 (53 bytes).
Length: 53

     0K                                                       100% 1.03M=0s

226 Transfer complete.
2017-04-25 00:00:48 (1.03 MB/s) - ‘./domain/ip6.arpa.zone.md5’ saved [53]

Remote file is newer than local file ‘./domain/ip6.arpa.zone.sha256’ -- retrieving.

--2017-04-25 00:00:48--  ftp://ftp.internic.net/domain/ip6.arpa.zone.sha256
           => ‘./domain/ip6.arpa.zone.sha256’
==> CWD not required.
--> PASV

227 Entering Passive Mode (192,0,32,9,107,4)
--> RETR ip6.arpa.zone.sha256

150 Opening BINARY mode data connection for ip6.arpa.zone.sha256 (88 bytes).
Length: 88

     0K                                                       100%  735K=0s

226 Transfer complete.
2017-04-25 00:00:50 (735 KB/s) - ‘./domain/ip6.arpa.zone.sha256’ saved [88]

Remote file is newer than local file ‘./domain/last_update.txt’ -- retrieving.

--2017-04-25 00:00:50--  ftp://ftp.internic.net/domain/last_update.txt
           => ‘./domain/last_update.txt’
==> CWD not required.
--> PASV

227 Entering Passive Mode (192,0,32,9,41,241)
--> RETR last_update.txt

150 Opening BINARY mode data connection for last_update.txt (21 bytes).
Length: 21

     0K                                                       100% 12.2K=0.002s

226 Transfer complete.
2017-04-25 00:00:51 (12.2 KB/s) - ‘./domain/last_update.txt’ saved [21]

Remote file no newer than local file ‘./domain/named.cache’ -- not retrieving.
Remote file no newer than local file ‘./domain/named.cache.md5’ -- not retrieving.
Remote file no newer than local file ‘./domain/named.cache.sig’ -- not retrieving.
Remote file no newer than local file ‘./domain/named.root’ -- not retrieving.
Remote file no newer than local file ‘./domain/named.root.md5’ -- not retrieving.
Remote file no newer than local file ‘./domain/named.root.sig’ -- not retrieving.
Remote file no newer than local file ‘./domain/root-servers.net.zone’ -- not retrieving.
Remote file no newer than local file ‘./domain/root-servers.net.zone.gz’ -- not retrieving.
Remote file no newer than local file ‘./domain/root-servers.net.zone.gz.md5’ -- not retrieving.
Remote file no newer than local file ‘./domain/root-servers.net.zone.gz.sig’ -- not retrieving.
Remote file is newer than local file ‘./domain/root.zone’ -- retrieving.

--2017-04-25 00:00:51--  ftp://ftp.internic.net/domain/root.zone
           => ‘./domain/root.zone’
==> CWD not required.
--> PASV

227 Entering Passive Mode (192,0,32,9,55,127)
--> RETR root.zone

150 Opening BINARY mode data connection for root.zone (2235152 bytes).
Length: 2235152 (2.1M)

     0K .......... .......... .......... .......... ..........  2% 90.5K 24s
    50K .......... .......... .......... .......... ..........  4% 88.2K 23s
   100K .......... .......... .......... .......... ..........  6%  190K 19s
   150K .......... .......... .......... .......... ..........  9%  182K 16s
   200K .......... .......... .......... .......... .......... 11%  177K 15s
   250K .......... .......... .......... .......... .......... 13% 45.4K 19s
   300K .......... .......... .......... .......... .......... 16%  175K 17s
   350K .......... .......... .......... .......... .......... 18%  174K 16s
   400K .......... .......... .......... .......... .......... 20%  178K 15s
   450K .......... .......... .......... .......... .......... 22%  186K 14s
   500K .......... .......... .......... .......... .......... 25%  181K 13s
   550K .......... .......... .......... .......... .......... 27%  178K 12s
   600K .......... .......... .......... .......... .......... 29%  483K 11s
   650K .......... .......... .......... .......... .......... 32%  108K 11s
   700K .......... .......... .......... .......... .......... 34%  580K 10s
   750K .......... .......... .......... .......... .......... 36%  116K 10s
   800K .......... .......... .......... .......... .......... 38%  175K 10s
   850K .......... .......... .......... .......... .......... 41%  170K 9s
   900K .......... .......... .......... .......... .......... 43%  178K 9s
   950K .......... .......... .......... .......... .......... 45%  140K 8s
  1000K .......... .......... .......... .......... .......... 48%  105K 8s
  1050K .......... .......... .......... .......... .......... 50%  178K 8s
  1100K .......... .......... .......... .......... .......... 52%  192K 7s
  1150K .......... .......... .......... .......... .......... 54%  185K 7s
  1200K .......... .......... .......... .......... .......... 57%  174K 6s
  1250K .......... .......... .......... .......... .......... 59%  133K 6s
  1300K .......... .......... .......... .......... .......... 61%  110K 6s
  1350K .......... .......... .......... .......... .......... 64%  182K 5s
  1400K .......... .......... .......... .......... .......... 66%  175K 5s
  1450K .......... .......... .......... .......... .......... 68%  174K 5s
  1500K .......... .......... .......... .......... .......... 71%  186K 4s
  1550K .......... .......... .......... .......... .......... 73%  188K 4s
  1600K .......... .......... .......... .......... .......... 75%  181K 4s
  1650K .......... .......... .......... .......... .......... 77%  174K 3s
  1700K .......... .......... .......... .......... .......... 80%  175K 3s
  1750K .......... .......... .......... .......... .......... 82%  187K 3s
  1800K .......... .......... .......... .......... .......... 84%  191K 2s
  1850K .......... .......... .......... .......... .......... 87%  353K 2s
  1900K .......... .......... .......... .......... .......... 89%  341K 1s
  1950K .......... .......... .......... .......... .......... 91%  174K 1s
  2000K .......... .......... .......... .......... .......... 93%  366K 1s
  2050K .......... .......... .......... .......... .......... 96%  352K 1s
  2100K .......... .......... .......... .......... .......... 98%  194K 0s
  2150K .......... .......... .......... ..                   100% 9.07M=13s

226 Transfer complete.
2017-04-25 00:01:05 (164 KB/s) - ‘./domain/root.zone’ saved [2235152]

The sizes do not match (local 1049604) -- retrieving.

--2017-04-25 00:01:05--  ftp://ftp.internic.net/domain/root.zone.gz
           => ‘./domain/root.zone.gz’
==> CWD not required.
--> PASV

227 Entering Passive Mode (192,0,32,9,223,103)
--> RETR root.zone.gz

150 Opening BINARY mode data connection for root.zone.gz (1049587 bytes).
Length: 1049587 (1.0M)

     0K .......... .......... .......... .......... ..........  4% 91.2K 11s
    50K .......... .......... .......... .......... ..........  9%  177K 8s
   100K .......... .......... .......... .......... .......... 14%  174K 7s
   150K .......... .......... .......... .......... .......... 19%  186K 6s
   200K .......... .......... .......... .......... .......... 24% 1.00M 4s
   250K .......... .......... .......... .......... .......... 29%  225K 4s
   300K .......... .......... .......... .......... .......... 34%  181K 4s
   350K .......... .......... .......... .......... .......... 39%  175K 3s
   400K .......... .......... .......... .......... .......... 43% 89.3K 4s
   450K .......... .......... .......... .......... .......... 48% 28.3M 3s
   500K .......... .......... .......... .......... .......... 53%  199K 3s
   550K .......... .......... .......... .......... .......... 58%  184K 2s
   600K .......... .......... .......... .......... .......... 63%  176K 2s
   650K .......... .......... .......... .......... .......... 68%  129K 2s
   700K .......... .......... .......... .......... .......... 73% 38.2M 1s
   750K .......... .......... .......... .......... .......... 78%  116K 1s
   800K .......... .......... .......... .......... .......... 82%  177K 1s
   850K .......... .......... .......... .......... .......... 87%  175K 1s
   900K .......... .......... .......... .......... .......... 92%  175K 0s
   950K .......... .......... .......... .......... .......... 97%  184K 0s
  1000K .......... .......... ....                            100%  190K=5.7s

226 Transfer complete.
2017-04-25 00:01:12 (181 KB/s) - ‘./domain/root.zone.gz’ saved [1049587]

Remote file is newer than local file ‘./domain/root.zone.gz.md5’ -- retrieving.

--2017-04-25 00:01:12--  ftp://ftp.internic.net/domain/root.zone.gz.md5
           => ‘./domain/root.zone.gz.md5’
==> CWD not required.
--> PASV

227 Entering Passive Mode (192,0,32,9,59,238)
--> RETR root.zone.gz.md5

150 Opening BINARY mode data connection for root.zone.gz.md5 (33 bytes).
Length: 33

     0K                                                       100% 1.87K=0.02s

226 Transfer complete.
2017-04-25 00:01:13 (1.87 KB/s) - ‘./domain/root.zone.gz.md5’ saved [33]

Remote file is newer than local file ‘./domain/root.zone.gz.sig’ -- retrieving.

--2017-04-25 00:01:13--  ftp://ftp.internic.net/domain/root.zone.gz.sig
           => ‘./domain/root.zone.gz.sig’
==> CWD not required.
--> PASV

227 Entering Passive Mode (192,0,32,9,188,67)
--> RETR root.zone.gz.sig

150 Opening BINARY mode data connection for root.zone.gz.sig (72 bytes).
Length: 72

     0K                                                       100%  606K=0s

226 Transfer complete.
2017-04-25 00:01:14 (606 KB/s) - ‘./domain/root.zone.gz.sig’ saved [72]

Remote file is newer than local file ‘./domain/root.zone.md5’ -- retrieving.

--2017-04-25 00:01:14--  ftp://ftp.internic.net/domain/root.zone.md5
           => ‘./domain/root.zone.md5’
==> CWD not required.
--> PASV

227 Entering Passive Mode (192,0,32,9,223,77)
--> RETR root.zone.md5

150 Opening BINARY mode data connection for root.zone.md5 (33 bytes).
Length: 33

     0K                                                       100%  275K=0s

226 Transfer complete.
2017-04-25 00:01:15 (275 KB/s) - ‘./domain/root.zone.md5’ saved [33]

Remote file is newer than local file ‘./domain/root.zone.sig’ -- retrieving.

--2017-04-25 00:01:15--  ftp://ftp.internic.net/domain/root.zone.sig
           => ‘./domain/root.zone.sig’
==> CWD not required.
--> PASV

227 Entering Passive Mode (192,0,32,9,181,7)
--> RETR root.zone.sig

150 Opening BINARY mode data connection for root.zone.sig (72 bytes).
Length: 72

     0K                                                       100%  340K=0s

226 Transfer complete.
2017-04-25 00:01:16 (340 KB/s) - ‘./domain/root.zone.sig’ saved [72]

FINISHED --2017-04-25 00:01:16--
Total wall clock time: 1m 14s
Downloaded: 40 files, 3.9M in 24s (171 KB/s)
