--2017-02-23 00:00:10--  ftp://ftp.internic.net/*
           => ‘./.listing’
Resolving ftp.internic.net (ftp.internic.net)... 192.0.32.9, 2620:0:2d0:200::9
Connecting to ftp.internic.net (ftp.internic.net)|192.0.32.9|:21... connected.
Logging in as anonymous ... 
220 Internic FTP Server
--> USER anonymous

331 Please specify the password.
--> PASS Turtle Power!

230 Login successful.
--> SYST

215 UNIX Type: L8
--> PWD

257 "/"
--> TYPE I

200 Switching to Binary mode.
==> CWD not needed.
--> PASV

227 Entering Passive Mode (192,0,32,9,202,80)
--> LIST -a

150 Here comes the directory listing.

     0K                                                        1.21M=0s

226 Directory send OK.
drwxr-xr-x    3 ftp      ftp          4096 Apr 04  2012 .
drwxr-xr-x    3 ftp      ftp          4096 Apr 04  2012 ..
drwxr-xr-x    2 ftp      ftp          4096 Sep 09  2015 domain
2017-02-23 00:00:13 (1.21 MB/s) - ‘./.listing’ saved [183]

--2017-02-23 00:00:13--  ftp://ftp.internic.net/domain/*
           => ‘./domain/.listing’
--> CWD /domain

250 Directory successfully changed.
--> PASV

227 Entering Passive Mode (192,0,32,9,179,212)
--> LIST -a

150 Here comes the directory listing.

     0K ...                                                     777K=0.005s

226 Directory send OK.
drwxr-xr-x    2 ftp      ftp          4096 Sep 09  2015 .
drwxr-xr-x    3 ftp      ftp          4096 Apr 04  2012 ..
-rw-r--r--    1 ftp      ftp          1829 Aug 18  2015 .listing
-rw-r--r--    1 ftp      ftp          1224 Feb 22 12:22 INTERNIC_ROOT_ZONE.signatures
-rw-r--r--    1 ftp      ftp          1469 Feb 22 12:22 INTERNIC_ROOT_ZONE.signatures.asc
-rw-r--r--    1 ftp      ftp         15186 Feb 22 12:22 arpa.zone
-rw-r--r--    1 ftp      ftp          6629 Feb 22 12:22 arpa.zone.gz
-rw-r--r--    1 ftp      ftp            33 Feb 22 12:22 arpa.zone.gz.md5
-rw-r--r--    1 ftp      ftp            72 Feb 22 12:22 arpa.zone.gz.sig
-rw-r--r--    1 ftp      ftp          3291 Oct 20 19:35 db.cache
-rw-r--r--    1 ftp      ftp            33 Oct 20 19:35 db.cache.md5
-rw-r--r--    1 ftp      ftp            72 Oct 20 19:35 db.cache.sig
-rw-r--r--    1 ftp      ftp        227660 Feb 22 15:40 in-addr.arpa
-rw-r--r--    1 ftp      ftp         90148 Feb 22 15:40 in-addr.arpa.gz
-rw-r--r--    1 ftp      ftp            55 Feb 22 15:40 in-addr.arpa.gz.md5
-rw-r--r--    1 ftp      ftp            90 Feb 22 15:40 in-addr.arpa.gz.sha256
-rw-r--r--    1 ftp      ftp            52 Feb 22 15:40 in-addr.arpa.md5
-rw-r--r--    1 ftp      ftp            87 Feb 22 15:40 in-addr.arpa.sha256
-rw-r--r--    1 ftp      ftp        227660 Feb 22 15:40 in-addr.arpa.zone
-rw-r--r--    1 ftp      ftp         90148 Feb 22 15:40 in-addr.arpa.zone.gz
-rw-r--r--    1 ftp      ftp            60 Feb 22 15:40 in-addr.arpa.zone.gz.md5
-rw-r--r--    1 ftp      ftp            95 Feb 22 15:40 in-addr.arpa.zone.gz.sha256
-rw-r--r--    1 ftp      ftp            57 Feb 22 15:40 in-addr.arpa.zone.md5
-rw-r--r--    1 ftp      ftp            92 Feb 22 15:40 in-addr.arpa.zone.sha256
-rw-r--r--    1 ftp      ftp         60746 Feb 22 15:40 ip6.arpa
-rw-r--r--    1 ftp      ftp         24311 Feb 22 15:40 ip6.arpa.gz
-rw-r--r--    1 ftp      ftp            51 Feb 22 15:40 ip6.arpa.gz.md5
-rw-r--r--    1 ftp      ftp            86 Feb 22 15:40 ip6.arpa.gz.sha256
-rw-r--r--    1 ftp      ftp            48 Feb 22 15:40 ip6.arpa.md5
-rw-r--r--    1 ftp      ftp            83 Feb 22 15:40 ip6.arpa.sha256
-rw-r--r--    1 ftp      ftp         60746 Feb 22 15:40 ip6.arpa.zone
-rw-r--r--    1 ftp      ftp         24311 Feb 22 15:40 ip6.arpa.zone.gz
-rw-r--r--    1 ftp      ftp            56 Feb 22 15:40 ip6.arpa.zone.gz.md5
-rw-r--r--    1 ftp      ftp            91 Feb 22 15:40 ip6.arpa.zone.gz.sha256
-rw-r--r--    1 ftp      ftp            53 Feb 22 15:40 ip6.arpa.zone.md5
-rw-r--r--    1 ftp      ftp            88 Feb 22 15:40 ip6.arpa.zone.sha256
-rw-r--r--    1 ftp      ftp            21 Feb 22 15:40 last_update.txt
-rw-r--r--    1 ftp      ftp          3291 Oct 20 19:35 named.cache
-rw-r--r--    1 ftp      ftp            33 Oct 20 19:35 named.cache.md5
-rw-r--r--    1 ftp      ftp            72 Oct 20 19:35 named.cache.sig
-rw-r--r--    1 ftp      ftp          3291 Oct 20 19:35 named.root
-rw-r--r--    1 ftp      ftp            33 Oct 20 19:35 named.root.md5
-rw-r--r--    1 ftp      ftp            72 Oct 20 19:35 named.root.sig
-rw-r--r--    1 ftp      ftp          2110 Oct 20 19:35 root-servers.net.zone
-rw-r--r--    1 ftp      ftp           574 Oct 20 19:35 root-servers.net.zone.gz
-rw-r--r--    1 ftp      ftp            33 Oct 20 19:35 root-servers.net.zone.gz.md5
-rw-r--r--    1 ftp      ftp            72 Oct 20 19:35 root-servers.net.zone.gz.sig
-rw-r--r--    1 ftp      ftp       2229534 Feb 22 05:29 root.zone
-rw-r--r--    1 ftp      ftp       1047664 Feb 22 05:29 root.zone.gz
-rw-r--r--    1 ftp      ftp            33 Feb 22 05:29 root.zone.gz.md5
-rw-r--r--    1 ftp      ftp            72 Feb 22 05:29 root.zone.gz.sig
-rw-r--r--    1 ftp      ftp            33 Feb 22 05:29 root.zone.md5
-rw-r--r--    1 ftp      ftp            72 Feb 22 05:29 root.zone.sig
2017-02-23 00:00:14 (777 KB/s) - ‘./domain/.listing’ saved [3930]

The sizes do not match (local 3930) -- retrieving.

--2017-02-23 00:00:14--  ftp://ftp.internic.net/domain/.listing
           => ‘./domain/.listing’
==> CWD not required.
--> PASV

227 Entering Passive Mode (192,0,32,9,241,118)
--> RETR .listing

150 Opening BINARY mode data connection for .listing (1829 bytes).
Length: 1829 (1.8K)

     0K .                                                     100% 8.27M=0s

226 Transfer complete.
2017-02-23 00:00:15 (8.27 MB/s) - ‘./domain/.listing’ saved [1829]

Remote file is newer than local file ‘./domain/INTERNIC_ROOT_ZONE.signatures’ -- retrieving.

--2017-02-23 00:00:15--  ftp://ftp.internic.net/domain/INTERNIC_ROOT_ZONE.signatures
           => ‘./domain/INTERNIC_ROOT_ZONE.signatures’
==> CWD not required.
--> PASV

227 Entering Passive Mode (192,0,32,9,131,212)
--> RETR INTERNIC_ROOT_ZONE.signatures

150 Opening BINARY mode data connection for INTERNIC_ROOT_ZONE.signatures (1224 bytes).
Length: 1224 (1.2K)

     0K .                                                     100% 9.65M=0s

226 Transfer complete.
2017-02-23 00:00:15 (9.65 MB/s) - ‘./domain/INTERNIC_ROOT_ZONE.signatures’ saved [1224]

Remote file is newer than local file ‘./domain/INTERNIC_ROOT_ZONE.signatures.asc’ -- retrieving.

--2017-02-23 00:00:15--  ftp://ftp.internic.net/domain/INTERNIC_ROOT_ZONE.signatures.asc
           => ‘./domain/INTERNIC_ROOT_ZONE.signatures.asc’
==> CWD not required.
--> PASV

227 Entering Passive Mode (192,0,32,9,41,20)
--> RETR INTERNIC_ROOT_ZONE.signatures.asc

150 Opening BINARY mode data connection for INTERNIC_ROOT_ZONE.signatures.asc (1469 bytes).
Length: 1469 (1.4K)

     0K .                                                     100% 9.22M=0s

226 Transfer complete.
2017-02-23 00:00:16 (9.22 MB/s) - ‘./domain/INTERNIC_ROOT_ZONE.signatures.asc’ saved [1469]

Remote file is newer than local file ‘./domain/arpa.zone’ -- retrieving.

--2017-02-23 00:00:16--  ftp://ftp.internic.net/domain/arpa.zone
           => ‘./domain/arpa.zone’
==> CWD not required.
--> PASV

227 Entering Passive Mode (192,0,32,9,208,16)
--> RETR arpa.zone

150 Opening BINARY mode data connection for arpa.zone (15186 bytes).
Length: 15186 (15K)

     0K .......... ....                                       100% 18.4M=0.001s

226 Transfer complete.
2017-02-23 00:00:17 (18.4 MB/s) - ‘./domain/arpa.zone’ saved [15186]

The sizes do not match (local 6644) -- retrieving.

--2017-02-23 00:00:17--  ftp://ftp.internic.net/domain/arpa.zone.gz
           => ‘./domain/arpa.zone.gz’
==> CWD not required.
--> PASV

227 Entering Passive Mode (192,0,32,9,42,247)
--> RETR arpa.zone.gz

150 Opening BINARY mode data connection for arpa.zone.gz (6629 bytes).
Length: 6629 (6.5K)

     0K ......                                                100% 35.1M=0s

226 Transfer complete.
2017-02-23 00:00:17 (35.1 MB/s) - ‘./domain/arpa.zone.gz’ saved [6629]

Remote file is newer than local file ‘./domain/arpa.zone.gz.md5’ -- retrieving.

--2017-02-23 00:00:17--  ftp://ftp.internic.net/domain/arpa.zone.gz.md5
           => ‘./domain/arpa.zone.gz.md5’
==> CWD not required.
--> PASV

227 Entering Passive Mode (192,0,32,9,174,243)
--> RETR arpa.zone.gz.md5

150 Opening BINARY mode data connection for arpa.zone.gz.md5 (33 bytes).
Length: 33

     0K                                                       100%  285K=0s

226 Transfer complete.
2017-02-23 00:00:18 (285 KB/s) - ‘./domain/arpa.zone.gz.md5’ saved [33]

Remote file is newer than local file ‘./domain/arpa.zone.gz.sig’ -- retrieving.

--2017-02-23 00:00:18--  ftp://ftp.internic.net/domain/arpa.zone.gz.sig
           => ‘./domain/arpa.zone.gz.sig’
==> CWD not required.
--> PASV

227 Entering Passive Mode (192,0,32,9,6,161)
--> RETR arpa.zone.gz.sig

150 Opening BINARY mode data connection for arpa.zone.gz.sig (72 bytes).
Length: 72

     0K                                                       100%  529K=0s

226 Transfer complete.
2017-02-23 00:00:19 (529 KB/s) - ‘./domain/arpa.zone.gz.sig’ saved [72]

Remote file no newer than local file ‘./domain/db.cache’ -- not retrieving.
Remote file no newer than local file ‘./domain/db.cache.md5’ -- not retrieving.
Remote file no newer than local file ‘./domain/db.cache.sig’ -- not retrieving.
Remote file is newer than local file ‘./domain/in-addr.arpa’ -- retrieving.

--2017-02-23 00:00:19--  ftp://ftp.internic.net/domain/in-addr.arpa
           => ‘./domain/in-addr.arpa’
==> CWD not required.
--> PASV

227 Entering Passive Mode (192,0,32,9,215,205)
--> RETR in-addr.arpa

150 Opening BINARY mode data connection for in-addr.arpa (227660 bytes).
Length: 227660 (222K)

     0K .......... .......... .......... .......... .......... 22%  144K 1s
    50K .......... .......... .......... .......... .......... 44%  292K 1s
   100K .......... .......... .......... .......... .......... 67% 7.14M 0s
   150K .......... .......... .......... .......... .......... 89%  146K 0s
   200K .......... .......... ..                              100% 7.49M=0.9s

226 Transfer complete.
2017-02-23 00:00:20 (256 KB/s) - ‘./domain/in-addr.arpa’ saved [227660]

The sizes do not match (local 90162) -- retrieving.

--2017-02-23 00:00:21--  ftp://ftp.internic.net/domain/in-addr.arpa.gz
           => ‘./domain/in-addr.arpa.gz’
==> CWD not required.
--> PASV

227 Entering Passive Mode (192,0,32,9,42,221)
--> RETR in-addr.arpa.gz

150 Opening BINARY mode data connection for in-addr.arpa.gz (90148 bytes).
Length: 90148 (88K)

     0K .......... .......... .......... .......... .......... 56%  140K 0s
    50K .......... .......... .......... ........             100% 10.1M=0.4s

226 Transfer complete.
2017-02-23 00:00:22 (245 KB/s) - ‘./domain/in-addr.arpa.gz’ saved [90148]

Remote file is newer than local file ‘./domain/in-addr.arpa.gz.md5’ -- retrieving.

--2017-02-23 00:00:22--  ftp://ftp.internic.net/domain/in-addr.arpa.gz.md5
           => ‘./domain/in-addr.arpa.gz.md5’
==> CWD not required.
--> PASV

227 Entering Passive Mode (192,0,32,9,137,41)
--> RETR in-addr.arpa.gz.md5

150 Opening BINARY mode data connection for in-addr.arpa.gz.md5 (55 bytes).
Length: 55

     0K                                                       100%  480K=0s

226 Transfer complete.
2017-02-23 00:00:22 (480 KB/s) - ‘./domain/in-addr.arpa.gz.md5’ saved [55]

Remote file is newer than local file ‘./domain/in-addr.arpa.gz.sha256’ -- retrieving.

--2017-02-23 00:00:22--  ftp://ftp.internic.net/domain/in-addr.arpa.gz.sha256
           => ‘./domain/in-addr.arpa.gz.sha256’
==> CWD not required.
--> PASV

227 Entering Passive Mode (192,0,32,9,42,192)
--> RETR in-addr.arpa.gz.sha256

150 Opening BINARY mode data connection for in-addr.arpa.gz.sha256 (90 bytes).
Length: 90

     0K                                                       100%  419K=0s

226 Transfer complete.
2017-02-23 00:00:23 (419 KB/s) - ‘./domain/in-addr.arpa.gz.sha256’ saved [90]

Remote file is newer than local file ‘./domain/in-addr.arpa.md5’ -- retrieving.

--2017-02-23 00:00:23--  ftp://ftp.internic.net/domain/in-addr.arpa.md5
           => ‘./domain/in-addr.arpa.md5’
==> CWD not required.
--> PASV

227 Entering Passive Mode (192,0,32,9,55,170)
--> RETR in-addr.arpa.md5

150 Opening BINARY mode data connection for in-addr.arpa.md5 (52 bytes).
Length: 52

     0K                                                       100%  445K=0s

226 Transfer complete.
2017-02-23 00:00:24 (445 KB/s) - ‘./domain/in-addr.arpa.md5’ saved [52]

Remote file is newer than local file ‘./domain/in-addr.arpa.sha256’ -- retrieving.

--2017-02-23 00:00:24--  ftp://ftp.internic.net/domain/in-addr.arpa.sha256
           => ‘./domain/in-addr.arpa.sha256’
==> CWD not required.
--> PASV

227 Entering Passive Mode (192,0,32,9,41,51)
--> RETR in-addr.arpa.sha256

150 Opening BINARY mode data connection for in-addr.arpa.sha256 (87 bytes).
Length: 87

     0K                                                       100%  524K=0s

226 Transfer complete.
2017-02-23 00:00:25 (524 KB/s) - ‘./domain/in-addr.arpa.sha256’ saved [87]

Remote file is newer than local file ‘./domain/in-addr.arpa.zone’ -- retrieving.

--2017-02-23 00:00:25--  ftp://ftp.internic.net/domain/in-addr.arpa.zone
           => ‘./domain/in-addr.arpa.zone’
==> CWD not required.
--> PASV

227 Entering Passive Mode (192,0,32,9,210,114)
--> RETR in-addr.arpa.zone

150 Opening BINARY mode data connection for in-addr.arpa.zone (227660 bytes).
Length: 227660 (222K)

     0K .......... .......... .......... .......... .......... 22%  137K 1s
    50K .......... .......... .......... .......... .......... 44%  289K 1s
   100K .......... .......... .......... .......... .......... 67%  239K 0s
   150K .......... .......... .......... .......... .......... 89% 31.5M 0s
   200K .......... .......... ..                              100% 47.8M=0.7s

226 Transfer complete.
2017-02-23 00:00:26 (297 KB/s) - ‘./domain/in-addr.arpa.zone’ saved [227660]

The sizes do not match (local 90162) -- retrieving.

--2017-02-23 00:00:26--  ftp://ftp.internic.net/domain/in-addr.arpa.zone.gz
           => ‘./domain/in-addr.arpa.zone.gz’
==> CWD not required.
--> PASV

227 Entering Passive Mode (192,0,32,9,69,152)
--> RETR in-addr.arpa.zone.gz

150 Opening BINARY mode data connection for in-addr.arpa.zone.gz (90148 bytes).
Length: 90148 (88K)

     0K .......... .......... .......... .......... .......... 56%  144K 0s
    50K .......... .......... .......... ........             100%  216K=0.5s

226 Transfer complete.
2017-02-23 00:00:27 (168 KB/s) - ‘./domain/in-addr.arpa.zone.gz’ saved [90148]

Remote file is newer than local file ‘./domain/in-addr.arpa.zone.gz.md5’ -- retrieving.

--2017-02-23 00:00:27--  ftp://ftp.internic.net/domain/in-addr.arpa.zone.gz.md5
           => ‘./domain/in-addr.arpa.zone.gz.md5’
==> CWD not required.
--> PASV

227 Entering Passive Mode (192,0,32,9,16,205)
--> RETR in-addr.arpa.zone.gz.md5

150 Opening BINARY mode data connection for in-addr.arpa.zone.gz.md5 (60 bytes).
Length: 60

     0K                                                       100%  519K=0s

226 Transfer complete.
2017-02-23 00:00:28 (519 KB/s) - ‘./domain/in-addr.arpa.zone.gz.md5’ saved [60]

Remote file is newer than local file ‘./domain/in-addr.arpa.zone.gz.sha256’ -- retrieving.

--2017-02-23 00:00:28--  ftp://ftp.internic.net/domain/in-addr.arpa.zone.gz.sha256
           => ‘./domain/in-addr.arpa.zone.gz.sha256’
==> CWD not required.
--> PASV

227 Entering Passive Mode (192,0,32,9,50,175)
--> RETR in-addr.arpa.zone.gz.sha256

150 Opening BINARY mode data connection for in-addr.arpa.zone.gz.sha256 (95 bytes).
Length: 95

     0K                                                       100%  411K=0s

226 Transfer complete.
2017-02-23 00:00:29 (411 KB/s) - ‘./domain/in-addr.arpa.zone.gz.sha256’ saved [95]

Remote file is newer than local file ‘./domain/in-addr.arpa.zone.md5’ -- retrieving.

--2017-02-23 00:00:29--  ftp://ftp.internic.net/domain/in-addr.arpa.zone.md5
           => ‘./domain/in-addr.arpa.zone.md5’
==> CWD not required.
--> PASV

227 Entering Passive Mode (192,0,32,9,204,204)
--> RETR in-addr.arpa.zone.md5

150 Opening BINARY mode data connection for in-addr.arpa.zone.md5 (57 bytes).
Length: 57

     0K                                                       100%  493K=0s

226 Transfer complete.
2017-02-23 00:00:29 (493 KB/s) - ‘./domain/in-addr.arpa.zone.md5’ saved [57]

Remote file is newer than local file ‘./domain/in-addr.arpa.zone.sha256’ -- retrieving.

--2017-02-23 00:00:29--  ftp://ftp.internic.net/domain/in-addr.arpa.zone.sha256
           => ‘./domain/in-addr.arpa.zone.sha256’
==> CWD not required.
--> PASV

227 Entering Passive Mode (192,0,32,9,210,197)
--> RETR in-addr.arpa.zone.sha256

150 Opening BINARY mode data connection for in-addr.arpa.zone.sha256 (92 bytes).
Length: 92

     0K                                                       100%  802K=0s

226 Transfer complete.
2017-02-23 00:00:30 (802 KB/s) - ‘./domain/in-addr.arpa.zone.sha256’ saved [92]

Remote file is newer than local file ‘./domain/ip6.arpa’ -- retrieving.

--2017-02-23 00:00:30--  ftp://ftp.internic.net/domain/ip6.arpa
           => ‘./domain/ip6.arpa’
==> CWD not required.
--> PASV

227 Entering Passive Mode (192,0,32,9,111,120)
--> RETR ip6.arpa

150 Opening BINARY mode data connection for ip6.arpa (60746 bytes).
Length: 60746 (59K)

     0K .......... .......... .......... .......... .......... 84%  144K 0s
    50K .........                                             100% 11.0M=0.3s

226 Transfer complete.
2017-02-23 00:00:31 (170 KB/s) - ‘./domain/ip6.arpa’ saved [60746]

The sizes do not match (local 24342) -- retrieving.

--2017-02-23 00:00:31--  ftp://ftp.internic.net/domain/ip6.arpa.gz
           => ‘./domain/ip6.arpa.gz’
==> CWD not required.
--> PASV

227 Entering Passive Mode (192,0,32,9,247,32)
--> RETR ip6.arpa.gz

150 Opening BINARY mode data connection for ip6.arpa.gz (24311 bytes).
Length: 24311 (24K)

     0K .......... .......... ...                             100%  135K=0.2s

226 Transfer complete.
2017-02-23 00:00:32 (135 KB/s) - ‘./domain/ip6.arpa.gz’ saved [24311]

Remote file is newer than local file ‘./domain/ip6.arpa.gz.md5’ -- retrieving.

--2017-02-23 00:00:32--  ftp://ftp.internic.net/domain/ip6.arpa.gz.md5
           => ‘./domain/ip6.arpa.gz.md5’
==> CWD not required.
--> PASV

227 Entering Passive Mode (192,0,32,9,38,28)
--> RETR ip6.arpa.gz.md5

150 Opening BINARY mode data connection for ip6.arpa.gz.md5 (51 bytes).
Length: 51

     0K                                                       100%  437K=0s

226 Transfer complete.
2017-02-23 00:00:33 (437 KB/s) - ‘./domain/ip6.arpa.gz.md5’ saved [51]

Remote file is newer than local file ‘./domain/ip6.arpa.gz.sha256’ -- retrieving.

--2017-02-23 00:00:33--  ftp://ftp.internic.net/domain/ip6.arpa.gz.sha256
           => ‘./domain/ip6.arpa.gz.sha256’
==> CWD not required.
--> PASV

227 Entering Passive Mode (192,0,32,9,14,196)
--> RETR ip6.arpa.gz.sha256

150 Opening BINARY mode data connection for ip6.arpa.gz.sha256 (86 bytes).
Length: 86

     0K                                                       100%  428K=0s

226 Transfer complete.
2017-02-23 00:00:34 (428 KB/s) - ‘./domain/ip6.arpa.gz.sha256’ saved [86]

Remote file is newer than local file ‘./domain/ip6.arpa.md5’ -- retrieving.

--2017-02-23 00:00:34--  ftp://ftp.internic.net/domain/ip6.arpa.md5
           => ‘./domain/ip6.arpa.md5’
==> CWD not required.
--> PASV

227 Entering Passive Mode (192,0,32,9,199,71)
--> RETR ip6.arpa.md5

150 Opening BINARY mode data connection for ip6.arpa.md5 (48 bytes).
Length: 48

     0K                                                       100%  317K=0s

226 Transfer complete.
2017-02-23 00:00:34 (317 KB/s) - ‘./domain/ip6.arpa.md5’ saved [48]

Remote file is newer than local file ‘./domain/ip6.arpa.sha256’ -- retrieving.

--2017-02-23 00:00:34--  ftp://ftp.internic.net/domain/ip6.arpa.sha256
           => ‘./domain/ip6.arpa.sha256’
==> CWD not required.
--> PASV

227 Entering Passive Mode (192,0,32,9,41,211)
--> RETR ip6.arpa.sha256

150 Opening BINARY mode data connection for ip6.arpa.sha256 (83 bytes).
Length: 83

     0K                                                       100%  724K=0s

226 Transfer complete.
2017-02-23 00:00:35 (724 KB/s) - ‘./domain/ip6.arpa.sha256’ saved [83]

Remote file is newer than local file ‘./domain/ip6.arpa.zone’ -- retrieving.

--2017-02-23 00:00:35--  ftp://ftp.internic.net/domain/ip6.arpa.zone
           => ‘./domain/ip6.arpa.zone’
==> CWD not required.
--> PASV

227 Entering Passive Mode (192,0,32,9,7,64)
--> RETR ip6.arpa.zone

150 Opening BINARY mode data connection for ip6.arpa.zone (60746 bytes).
Length: 60746 (59K)

     0K .......... .......... .......... .......... .......... 84%  140K 0s
    50K .........                                             100% 33.1M=0.4s

226 Transfer complete.
2017-02-23 00:00:36 (166 KB/s) - ‘./domain/ip6.arpa.zone’ saved [60746]

The sizes do not match (local 24342) -- retrieving.

--2017-02-23 00:00:36--  ftp://ftp.internic.net/domain/ip6.arpa.zone.gz
           => ‘./domain/ip6.arpa.zone.gz’
==> CWD not required.
--> PASV

227 Entering Passive Mode (192,0,32,9,41,212)
--> RETR ip6.arpa.zone.gz

150 Opening BINARY mode data connection for ip6.arpa.zone.gz (24311 bytes).
Length: 24311 (24K)

     0K .......... .......... ...                             100%  136K=0.2s

226 Transfer complete.
2017-02-23 00:00:37 (136 KB/s) - ‘./domain/ip6.arpa.zone.gz’ saved [24311]

Remote file is newer than local file ‘./domain/ip6.arpa.zone.gz.md5’ -- retrieving.

--2017-02-23 00:00:37--  ftp://ftp.internic.net/domain/ip6.arpa.zone.gz.md5
           => ‘./domain/ip6.arpa.zone.gz.md5’
==> CWD not required.
--> PASV

227 Entering Passive Mode (192,0,32,9,87,10)
--> RETR ip6.arpa.zone.gz.md5

150 Opening BINARY mode data connection for ip6.arpa.zone.gz.md5 (56 bytes).
Length: 56

     0K                                                       100%  367K=0s

226 Transfer complete.
2017-02-23 00:00:38 (367 KB/s) - ‘./domain/ip6.arpa.zone.gz.md5’ saved [56]

Remote file is newer than local file ‘./domain/ip6.arpa.zone.gz.sha256’ -- retrieving.

--2017-02-23 00:00:38--  ftp://ftp.internic.net/domain/ip6.arpa.zone.gz.sha256
           => ‘./domain/ip6.arpa.zone.gz.sha256’
==> CWD not required.
--> PASV

227 Entering Passive Mode (192,0,32,9,37,184)
--> RETR ip6.arpa.zone.gz.sha256

150 Opening BINARY mode data connection for ip6.arpa.zone.gz.sha256 (91 bytes).
Length: 91

     0K                                                       100%  780K=0s

226 Transfer complete.
2017-02-23 00:00:38 (780 KB/s) - ‘./domain/ip6.arpa.zone.gz.sha256’ saved [91]

Remote file is newer than local file ‘./domain/ip6.arpa.zone.md5’ -- retrieving.

--2017-02-23 00:00:38--  ftp://ftp.internic.net/domain/ip6.arpa.zone.md5
           => ‘./domain/ip6.arpa.zone.md5’
==> CWD not required.
--> PASV

227 Entering Passive Mode (192,0,32,9,42,16)
--> RETR ip6.arpa.zone.md5

150 Opening BINARY mode data connection for ip6.arpa.zone.md5 (53 bytes).
Length: 53

     0K                                                       100%  462K=0s

226 Transfer complete.
2017-02-23 00:00:39 (462 KB/s) - ‘./domain/ip6.arpa.zone.md5’ saved [53]

Remote file is newer than local file ‘./domain/ip6.arpa.zone.sha256’ -- retrieving.

--2017-02-23 00:00:39--  ftp://ftp.internic.net/domain/ip6.arpa.zone.sha256
           => ‘./domain/ip6.arpa.zone.sha256’
==> CWD not required.
--> PASV

227 Entering Passive Mode (192,0,32,9,41,164)
--> RETR ip6.arpa.zone.sha256

150 Opening BINARY mode data connection for ip6.arpa.zone.sha256 (88 bytes).
Length: 88

     0K                                                       100%  558K=0s

226 Transfer complete.
2017-02-23 00:00:40 (558 KB/s) - ‘./domain/ip6.arpa.zone.sha256’ saved [88]

Remote file is newer than local file ‘./domain/last_update.txt’ -- retrieving.

--2017-02-23 00:00:40--  ftp://ftp.internic.net/domain/last_update.txt
           => ‘./domain/last_update.txt’
==> CWD not required.
--> PASV

227 Entering Passive Mode (192,0,32,9,42,71)
--> RETR last_update.txt

150 Opening BINARY mode data connection for last_update.txt (21 bytes).
Length: 21

     0K                                                       100%  133K=0s

226 Transfer complete.
2017-02-23 00:00:41 (133 KB/s) - ‘./domain/last_update.txt’ saved [21]

Remote file no newer than local file ‘./domain/named.cache’ -- not retrieving.
Remote file no newer than local file ‘./domain/named.cache.md5’ -- not retrieving.
Remote file no newer than local file ‘./domain/named.cache.sig’ -- not retrieving.
Remote file no newer than local file ‘./domain/named.root’ -- not retrieving.
Remote file no newer than local file ‘./domain/named.root.md5’ -- not retrieving.
Remote file no newer than local file ‘./domain/named.root.sig’ -- not retrieving.
Remote file no newer than local file ‘./domain/root-servers.net.zone’ -- not retrieving.
Remote file no newer than local file ‘./domain/root-servers.net.zone.gz’ -- not retrieving.
Remote file no newer than local file ‘./domain/root-servers.net.zone.gz.md5’ -- not retrieving.
Remote file no newer than local file ‘./domain/root-servers.net.zone.gz.sig’ -- not retrieving.
Remote file is newer than local file ‘./domain/root.zone’ -- retrieving.

--2017-02-23 00:00:41--  ftp://ftp.internic.net/domain/root.zone
           => ‘./domain/root.zone’
==> CWD not required.
--> PASV

227 Entering Passive Mode (192,0,32,9,143,229)
--> RETR root.zone

150 Opening BINARY mode data connection for root.zone (2229534 bytes).
Length: 2229534 (2.1M)

     0K .......... .......... .......... .......... ..........  2%  140K 15s
    50K .......... .......... .......... .......... ..........  4%  268K 11s
   100K .......... .......... .......... .......... ..........  6% 1.01M 8s
   150K .......... .......... .......... .......... ..........  9%  148K 9s
   200K .......... .......... .......... .......... .......... 11% 17.7M 7s
   250K .......... .......... .......... .......... .......... 13%  354K 7s
   300K .......... .......... .......... .......... .......... 16% 1.01M 6s
   350K .......... .......... .......... .......... .......... 18%  331K 6s
   400K .......... .......... .......... .......... .......... 20%  140K 6s
   450K .......... .......... .......... .......... .......... 22% 31.7M 5s
   500K .......... .......... .......... .......... .......... 25%  286K 5s
   550K .......... .......... .......... .......... .......... 27%  285K 5s
   600K .......... .......... .......... .......... .......... 29%  282K 5s
   650K .......... .......... .......... .......... .......... 32%  166K 5s
   700K .......... .......... .......... .......... .......... 34%  957K 5s
   750K .......... .......... .......... .......... .......... 36%  246K 5s
   800K .......... .......... .......... .......... .......... 39%  109K 5s
   850K .......... .......... .......... .......... .......... 41% 34.8M 5s
   900K .......... .......... .......... .......... .......... 43%  201K 4s
   950K .......... .......... .......... .......... .......... 45%  150K 4s
  1000K .......... .......... .......... .......... .......... 48%  138K 4s
  1050K .......... .......... .......... .......... .......... 50%  141K 4s
  1100K .......... .......... .......... .......... .......... 52%  184K 4s
  1150K .......... .......... .......... .......... .......... 55%  156K 4s
  1200K .......... .......... .......... .......... .......... 57%  142K 4s
  1250K .......... .......... .......... .......... .......... 59%  158K 4s
  1300K .......... .......... .......... .......... .......... 62%  199K 4s
  1350K .......... .......... .......... .......... .......... 64%  157K 4s
  1400K .......... .......... .......... .......... .......... 66%  181K 3s
  1450K .......... .......... .......... .......... .......... 68%  197K 3s
  1500K .......... .......... .......... .......... .......... 71%  230K 3s
  1550K .......... .......... .......... .......... .......... 73%  170K 3s
  1600K .......... .......... .......... .......... .......... 75%  217K 2s
  1650K .......... .......... .......... .......... .......... 78%  139K 2s
  1700K .......... .......... .......... .......... .......... 80%  119K 2s
  1750K .......... .......... .......... .......... .......... 82%  210K 2s
  1800K .......... .......... .......... .......... .......... 84%  129K 2s
  1850K .......... .......... .......... .......... .......... 87%  117K 1s
  1900K .......... .......... .......... .......... .......... 89%  141K 1s
  1950K .......... .......... .......... .......... .......... 91%  140K 1s
  2000K .......... .......... .......... .......... .......... 94%  138K 1s
  2050K .......... .......... .......... .......... .......... 96%  170K 0s
  2100K .......... .......... .......... .......... .......... 98%  164K 0s
  2150K .......... .......... .......                         100%  147K=11s

226 Transfer complete.
2017-02-23 00:00:53 (193 KB/s) - ‘./domain/root.zone’ saved [2229534]

The sizes do not match (local 1047516) -- retrieving.

--2017-02-23 00:00:53--  ftp://ftp.internic.net/domain/root.zone.gz
           => ‘./domain/root.zone.gz’
==> CWD not required.
--> PASV

227 Entering Passive Mode (192,0,32,9,8,66)
--> RETR root.zone.gz

150 Opening BINARY mode data connection for root.zone.gz (1047664 bytes).
Length: 1047664 (1023K)

     0K .......... .......... .......... .......... ..........  4%  130K 7s
    50K .......... .......... .......... .......... ..........  9%  100K 8s
   100K .......... .......... .......... .......... .......... 14%  141K 7s
   150K .......... .......... .......... .......... .......... 19%  137K 7s
   200K .......... .......... .......... .......... .......... 24%  273K 6s
   250K .......... .......... .......... .......... .......... 29%  144K 5s
   300K .......... .......... .......... .......... .......... 34%  273K 4s
   350K .......... .......... .......... .......... .......... 39%  143K 4s
   400K .......... .......... .......... .......... .......... 43%  140K 4s
   450K .......... .......... .......... .......... .......... 48% 69.9K 4s
   500K .......... .......... .......... .......... .......... 53%  280K 3s
   550K .......... .......... .......... .......... .......... 58% 94.3K 3s
   600K .......... .......... .......... .......... .......... 63% 94.3K 3s
   650K .......... .......... .......... .......... .......... 68%  138K 2s
   700K .......... .......... .......... .......... .......... 73% 94.9K 2s
   750K .......... .......... .......... .......... .......... 78% 87.1K 2s
   800K .......... .......... .......... .......... .......... 83% 75.5K 1s
   850K .......... .......... .......... .......... .......... 87% 56.3K 1s
   900K .......... .......... .......... .......... .......... 92%  220K 1s
   950K .......... .......... .......... .......... .......... 97% 56.1K 0s
  1000K .......... .......... ...                             100% 16.6M=9.1s

226 Transfer complete.
2017-02-23 00:01:02 (112 KB/s) - ‘./domain/root.zone.gz’ saved [1047664]

Remote file is newer than local file ‘./domain/root.zone.gz.md5’ -- retrieving.

--2017-02-23 00:01:02--  ftp://ftp.internic.net/domain/root.zone.gz.md5
           => ‘./domain/root.zone.gz.md5’
==> CWD not required.
--> PASV

227 Entering Passive Mode (192,0,32,9,45,173)
--> RETR root.zone.gz.md5

150 Opening BINARY mode data connection for root.zone.gz.md5 (33 bytes).
Length: 33

     0K                                                       100%  218K=0s

226 Transfer complete.
2017-02-23 00:01:03 (218 KB/s) - ‘./domain/root.zone.gz.md5’ saved [33]

Remote file is newer than local file ‘./domain/root.zone.gz.sig’ -- retrieving.

--2017-02-23 00:01:03--  ftp://ftp.internic.net/domain/root.zone.gz.sig
           => ‘./domain/root.zone.gz.sig’
==> CWD not required.
--> PASV

227 Entering Passive Mode (192,0,32,9,42,109)
--> RETR root.zone.gz.sig

150 Opening BINARY mode data connection for root.zone.gz.sig (72 bytes).
Length: 72

     0K                                                       100%  386K=0s

226 Transfer complete.
2017-02-23 00:01:04 (386 KB/s) - ‘./domain/root.zone.gz.sig’ saved [72]

Remote file is newer than local file ‘./domain/root.zone.md5’ -- retrieving.

--2017-02-23 00:01:04--  ftp://ftp.internic.net/domain/root.zone.md5
           => ‘./domain/root.zone.md5’
==> CWD not required.
--> PASV

227 Entering Passive Mode (192,0,32,9,111,117)
--> RETR root.zone.md5

150 Opening BINARY mode data connection for root.zone.md5 (33 bytes).
Length: 33

     0K                                                       100%  283K=0s

226 Transfer complete.
2017-02-23 00:01:05 (283 KB/s) - ‘./domain/root.zone.md5’ saved [33]

Remote file is newer than local file ‘./domain/root.zone.sig’ -- retrieving.

--2017-02-23 00:01:05--  ftp://ftp.internic.net/domain/root.zone.sig
           => ‘./domain/root.zone.sig’
==> CWD not required.
--> PASV

227 Entering Passive Mode (192,0,32,9,138,58)
--> RETR root.zone.sig

150 Opening BINARY mode data connection for root.zone.sig (72 bytes).
Length: 72

     0K                                                       100%  611K=0s

226 Transfer complete.
2017-02-23 00:01:05 (611 KB/s) - ‘./domain/root.zone.sig’ saved [72]

FINISHED --2017-02-23 00:01:05--
Total wall clock time: 56s
Downloaded: 40 files, 3.9M in 24s (168 KB/s)
