--2017-05-23 00:00:03--  ftp://ftp.internic.net/*
           => ‘./.listing’
Resolving ftp.internic.net (ftp.internic.net)... 192.0.32.9, 2620:0:2d0:200::9
Connecting to ftp.internic.net (ftp.internic.net)|192.0.32.9|:21... connected.
Logging in as anonymous ... 
220 Internic FTP Server
--> USER anonymous

331 Please specify the password.
--> PASS Turtle Power!

230 Login successful.
--> SYST

215 UNIX Type: L8
--> PWD

257 "/"
--> TYPE I

200 Switching to Binary mode.
==> CWD not needed.
--> PASV

227 Entering Passive Mode (192,0,32,9,42,204)
--> LIST -a

150 Here comes the directory listing.

     0K                                                         414K=0s

226 Directory send OK.
drwxr-xr-x    3 ftp      ftp          4096 Apr 04  2012 .
drwxr-xr-x    3 ftp      ftp          4096 Apr 04  2012 ..
drwxr-xr-x    2 ftp      ftp          4096 Sep 09  2015 domain
2017-05-23 00:00:07 (414 KB/s) - ‘./.listing’ saved [183]

--2017-05-23 00:00:08--  ftp://ftp.internic.net/domain/*
           => ‘./domain/.listing’
--> CWD /domain

250 Directory successfully changed.
--> PASV

227 Entering Passive Mode (192,0,32,9,105,37)
--> LIST -a

150 Here comes the directory listing.

     0K ...                                                    14.5M=0s

226 Directory send OK.
drwxr-xr-x    2 ftp      ftp          4096 Sep 09  2015 .
drwxr-xr-x    3 ftp      ftp          4096 Apr 04  2012 ..
-rw-r--r--    1 ftp      ftp          1829 Aug 18  2015 .listing
-rw-r--r--    1 ftp      ftp          1224 May 22 12:17 INTERNIC_ROOT_ZONE.signatures
-rw-r--r--    1 ftp      ftp          1469 May 22 12:17 INTERNIC_ROOT_ZONE.signatures.asc
-rw-r--r--    1 ftp      ftp         15228 May 22 12:17 arpa.zone
-rw-r--r--    1 ftp      ftp          6646 May 22 12:17 arpa.zone.gz
-rw-r--r--    1 ftp      ftp            33 May 22 12:17 arpa.zone.gz.md5
-rw-r--r--    1 ftp      ftp            72 May 22 12:17 arpa.zone.gz.sig
-rw-r--r--    1 ftp      ftp          3289 Apr 11 15:01 db.cache
-rw-r--r--    1 ftp      ftp            33 Apr 11 15:01 db.cache.md5
-rw-r--r--    1 ftp      ftp            72 Apr 11 15:01 db.cache.sig
-rw-r--r--    1 ftp      ftp        230669 May 22 15:41 in-addr.arpa
-rw-r--r--    1 ftp      ftp         90222 May 22 15:41 in-addr.arpa.gz
-rw-r--r--    1 ftp      ftp            55 May 22 15:41 in-addr.arpa.gz.md5
-rw-r--r--    1 ftp      ftp            90 May 22 15:41 in-addr.arpa.gz.sha256
-rw-r--r--    1 ftp      ftp            52 May 22 15:41 in-addr.arpa.md5
-rw-r--r--    1 ftp      ftp            87 May 22 15:41 in-addr.arpa.sha256
-rw-r--r--    1 ftp      ftp        230669 May 22 15:41 in-addr.arpa.zone
-rw-r--r--    1 ftp      ftp         90222 May 22 15:41 in-addr.arpa.zone.gz
-rw-r--r--    1 ftp      ftp            60 May 22 15:41 in-addr.arpa.zone.gz.md5
-rw-r--r--    1 ftp      ftp            95 May 22 15:41 in-addr.arpa.zone.gz.sha256
-rw-r--r--    1 ftp      ftp            57 May 22 15:41 in-addr.arpa.zone.md5
-rw-r--r--    1 ftp      ftp            92 May 22 15:41 in-addr.arpa.zone.sha256
-rw-r--r--    1 ftp      ftp         61853 May 22 15:41 ip6.arpa
-rw-r--r--    1 ftp      ftp         24245 May 22 15:41 ip6.arpa.gz
-rw-r--r--    1 ftp      ftp            51 May 22 15:41 ip6.arpa.gz.md5
-rw-r--r--    1 ftp      ftp            86 May 22 15:41 ip6.arpa.gz.sha256
-rw-r--r--    1 ftp      ftp            48 May 22 15:41 ip6.arpa.md5
-rw-r--r--    1 ftp      ftp            83 May 22 15:41 ip6.arpa.sha256
-rw-r--r--    1 ftp      ftp         61853 May 22 15:41 ip6.arpa.zone
-rw-r--r--    1 ftp      ftp         24245 May 22 15:41 ip6.arpa.zone.gz
-rw-r--r--    1 ftp      ftp            56 May 22 15:41 ip6.arpa.zone.gz.md5
-rw-r--r--    1 ftp      ftp            91 May 22 15:41 ip6.arpa.zone.gz.sha256
-rw-r--r--    1 ftp      ftp            53 May 22 15:41 ip6.arpa.zone.md5
-rw-r--r--    1 ftp      ftp            88 May 22 15:41 ip6.arpa.zone.sha256
-rw-r--r--    1 ftp      ftp            21 May 22 15:41 last_update.txt
-rw-r--r--    1 ftp      ftp          3289 Apr 11 15:01 named.cache
-rw-r--r--    1 ftp      ftp            33 Apr 11 15:01 named.cache.md5
-rw-r--r--    1 ftp      ftp            72 Apr 11 15:01 named.cache.sig
-rw-r--r--    1 ftp      ftp          3289 Apr 11 15:01 named.root
-rw-r--r--    1 ftp      ftp            33 Apr 11 15:01 named.root.md5
-rw-r--r--    1 ftp      ftp            72 Apr 11 15:01 named.root.sig
-rw-r--r--    1 ftp      ftp          2110 Apr 11 15:01 root-servers.net.zone
-rw-r--r--    1 ftp      ftp           576 Apr 11 15:01 root-servers.net.zone.gz
-rw-r--r--    1 ftp      ftp            33 Apr 11 15:01 root-servers.net.zone.gz.md5
-rw-r--r--    1 ftp      ftp            72 Apr 11 15:01 root-servers.net.zone.gz.sig
-rw-r--r--    1 ftp      ftp       2235405 May 22 05:17 root.zone
-rw-r--r--    1 ftp      ftp       1049783 May 22 05:17 root.zone.gz
-rw-r--r--    1 ftp      ftp            33 May 22 05:17 root.zone.gz.md5
-rw-r--r--    1 ftp      ftp            72 May 22 05:17 root.zone.gz.sig
-rw-r--r--    1 ftp      ftp            33 May 22 05:17 root.zone.md5
-rw-r--r--    1 ftp      ftp            72 May 22 05:17 root.zone.sig
2017-05-23 00:00:13 (14.5 MB/s) - ‘./domain/.listing’ saved [3930]

The sizes do not match (local 3930) -- retrieving.

--2017-05-23 00:00:13--  ftp://ftp.internic.net/domain/.listing
           => ‘./domain/.listing’
==> CWD not required.
--> PASV

227 Entering Passive Mode (192,0,32,9,220,74)
--> RETR .listing

150 Opening BINARY mode data connection for .listing (1829 bytes).
Length: 1829 (1.8K)

     0K .                                                     100% 4.02M=0s

226 Transfer complete.
2017-05-23 00:00:18 (4.02 MB/s) - ‘./domain/.listing’ saved [1829]

Remote file is newer than local file ‘./domain/INTERNIC_ROOT_ZONE.signatures’ -- retrieving.

--2017-05-23 00:00:18--  ftp://ftp.internic.net/domain/INTERNIC_ROOT_ZONE.signatures
           => ‘./domain/INTERNIC_ROOT_ZONE.signatures’
==> CWD not required.
--> PASV

227 Entering Passive Mode (192,0,32,9,98,196)
--> RETR INTERNIC_ROOT_ZONE.signatures

150 Opening BINARY mode data connection for INTERNIC_ROOT_ZONE.signatures (1224 bytes).
Length: 1224 (1.2K)

     0K .                                                     100%  305K=0.004s

226 Transfer complete.
2017-05-23 00:00:20 (305 KB/s) - ‘./domain/INTERNIC_ROOT_ZONE.signatures’ saved [1224]

Remote file is newer than local file ‘./domain/INTERNIC_ROOT_ZONE.signatures.asc’ -- retrieving.

--2017-05-23 00:00:20--  ftp://ftp.internic.net/domain/INTERNIC_ROOT_ZONE.signatures.asc
           => ‘./domain/INTERNIC_ROOT_ZONE.signatures.asc’
==> CWD not required.
--> PASV

227 Entering Passive Mode (192,0,32,9,41,208)
--> RETR INTERNIC_ROOT_ZONE.signatures.asc

150 Opening BINARY mode data connection for INTERNIC_ROOT_ZONE.signatures.asc (1469 bytes).
Length: 1469 (1.4K)

     0K .                                                     100%  226K=0.006s

226 Transfer complete.
2017-05-23 00:00:22 (226 KB/s) - ‘./domain/INTERNIC_ROOT_ZONE.signatures.asc’ saved [1469]

Remote file is newer than local file ‘./domain/arpa.zone’ -- retrieving.

--2017-05-23 00:00:22--  ftp://ftp.internic.net/domain/arpa.zone
           => ‘./domain/arpa.zone’
==> CWD not required.
--> PASV

227 Entering Passive Mode (192,0,32,9,144,179)
--> RETR arpa.zone

150 Opening BINARY mode data connection for arpa.zone (15228 bytes).
Length: 15228 (15K)

     0K .......... ....                                       100% 5.73M=0.003s

226 Transfer complete.
2017-05-23 00:00:25 (5.73 MB/s) - ‘./domain/arpa.zone’ saved [15228]

The sizes do not match (local 6650) -- retrieving.

--2017-05-23 00:00:25--  ftp://ftp.internic.net/domain/arpa.zone.gz
           => ‘./domain/arpa.zone.gz’
==> CWD not required.
--> PASV

227 Entering Passive Mode (192,0,32,9,41,26)
--> RETR arpa.zone.gz

150 Opening BINARY mode data connection for arpa.zone.gz (6646 bytes).
Length: 6646 (6.5K)

     0K ......                                                100% 63.4M=0s

226 Transfer complete.
2017-05-23 00:00:26 (63.4 MB/s) - ‘./domain/arpa.zone.gz’ saved [6646]

Remote file is newer than local file ‘./domain/arpa.zone.gz.md5’ -- retrieving.

--2017-05-23 00:00:26--  ftp://ftp.internic.net/domain/arpa.zone.gz.md5
           => ‘./domain/arpa.zone.gz.md5’
==> CWD not required.
--> PASV

227 Entering Passive Mode (192,0,32,9,157,20)
--> RETR arpa.zone.gz.md5

150 Opening BINARY mode data connection for arpa.zone.gz.md5 (33 bytes).
Length: 33

     0K                                                       100%  260K=0s

226 Transfer complete.
2017-05-23 00:00:27 (260 KB/s) - ‘./domain/arpa.zone.gz.md5’ saved [33]

Remote file is newer than local file ‘./domain/arpa.zone.gz.sig’ -- retrieving.

--2017-05-23 00:00:27--  ftp://ftp.internic.net/domain/arpa.zone.gz.sig
           => ‘./domain/arpa.zone.gz.sig’
==> CWD not required.
--> PASV

227 Entering Passive Mode (192,0,32,9,41,149)
--> RETR arpa.zone.gz.sig

150 Opening BINARY mode data connection for arpa.zone.gz.sig (72 bytes).
Length: 72

     0K                                                       100% 29.9K=0.002s

226 Transfer complete.
2017-05-23 00:00:30 (29.9 KB/s) - ‘./domain/arpa.zone.gz.sig’ saved [72]

Remote file no newer than local file ‘./domain/db.cache’ -- not retrieving.
Remote file no newer than local file ‘./domain/db.cache.md5’ -- not retrieving.
Remote file no newer than local file ‘./domain/db.cache.sig’ -- not retrieving.
The sizes do not match (local 230891) -- retrieving.

--2017-05-23 00:00:30--  ftp://ftp.internic.net/domain/in-addr.arpa
           => ‘./domain/in-addr.arpa’
==> CWD not required.
--> PASV

227 Entering Passive Mode (192,0,32,9,10,105)
--> RETR in-addr.arpa

150 Opening BINARY mode data connection for in-addr.arpa (230669 bytes).
Length: 230669 (225K)

     0K .......... .......... .......... .......... .......... 22% 34.9K 5s
    50K .......... .......... .......... .......... .......... 44% 60.4K 3s
   100K .......... .......... .......... .......... .......... 66% 80.9K 1s
   150K .......... .......... .......... .......... .......... 88% 67.8K 0s
   200K .......... .......... .....                           100%  111K=3.8s

226 Transfer complete.
2017-05-23 00:00:36 (58.6 KB/s) - ‘./domain/in-addr.arpa’ saved [230669]

The sizes do not match (local 90365) -- retrieving.

--2017-05-23 00:00:36--  ftp://ftp.internic.net/domain/in-addr.arpa.gz
           => ‘./domain/in-addr.arpa.gz’
==> CWD not required.
--> PASV

227 Entering Passive Mode (192,0,32,9,216,148)
--> RETR in-addr.arpa.gz

150 Opening BINARY mode data connection for in-addr.arpa.gz (90222 bytes).
Length: 90222 (88K)

     0K .......... .......... .......... .......... .......... 56% 34.9K 1s
    50K .......... .......... .......... ........             100% 33.2K=2.6s

226 Transfer complete.
2017-05-23 00:00:40 (34.2 KB/s) - ‘./domain/in-addr.arpa.gz’ saved [90222]

Remote file is newer than local file ‘./domain/in-addr.arpa.gz.md5’ -- retrieving.

--2017-05-23 00:00:40--  ftp://ftp.internic.net/domain/in-addr.arpa.gz.md5
           => ‘./domain/in-addr.arpa.gz.md5’
==> CWD not required.
--> PASV

227 Entering Passive Mode (192,0,32,9,223,92)
--> RETR in-addr.arpa.gz.md5

150 Opening BINARY mode data connection for in-addr.arpa.gz.md5 (55 bytes).
Length: 55

     0K                                                       100%  680K=0s

226 Transfer complete.
2017-05-23 00:00:42 (680 KB/s) - ‘./domain/in-addr.arpa.gz.md5’ saved [55]

Remote file is newer than local file ‘./domain/in-addr.arpa.gz.sha256’ -- retrieving.

--2017-05-23 00:00:42--  ftp://ftp.internic.net/domain/in-addr.arpa.gz.sha256
           => ‘./domain/in-addr.arpa.gz.sha256’
==> CWD not required.
--> PASV

227 Entering Passive Mode (192,0,32,9,134,122)
--> RETR in-addr.arpa.gz.sha256

150 Opening BINARY mode data connection for in-addr.arpa.gz.sha256 (90 bytes).
Length: 90

     0K                                                       100%  539K=0s

226 Transfer complete.
2017-05-23 00:00:44 (539 KB/s) - ‘./domain/in-addr.arpa.gz.sha256’ saved [90]

Remote file is newer than local file ‘./domain/in-addr.arpa.md5’ -- retrieving.

--2017-05-23 00:00:44--  ftp://ftp.internic.net/domain/in-addr.arpa.md5
           => ‘./domain/in-addr.arpa.md5’
==> CWD not required.
--> PASV

227 Entering Passive Mode (192,0,32,9,248,254)
--> RETR in-addr.arpa.md5

150 Opening BINARY mode data connection for in-addr.arpa.md5 (52 bytes).
Length: 52

     0K                                                       100%  423K=0s

226 Transfer complete.
2017-05-23 00:00:46 (423 KB/s) - ‘./domain/in-addr.arpa.md5’ saved [52]

Remote file is newer than local file ‘./domain/in-addr.arpa.sha256’ -- retrieving.

--2017-05-23 00:00:46--  ftp://ftp.internic.net/domain/in-addr.arpa.sha256
           => ‘./domain/in-addr.arpa.sha256’
==> CWD not required.
--> PASV

227 Entering Passive Mode (192,0,32,9,42,35)
--> RETR in-addr.arpa.sha256

150 Opening BINARY mode data connection for in-addr.arpa.sha256 (87 bytes).
Length: 87

     0K                                                       100%  702K=0s

226 Transfer complete.
2017-05-23 00:00:50 (702 KB/s) - ‘./domain/in-addr.arpa.sha256’ saved [87]

The sizes do not match (local 230891) -- retrieving.

--2017-05-23 00:00:51--  ftp://ftp.internic.net/domain/in-addr.arpa.zone
           => ‘./domain/in-addr.arpa.zone’
==> CWD not required.
--> PASV

227 Entering Passive Mode (192,0,32,9,244,114)
--> RETR in-addr.arpa.zone

150 Opening BINARY mode data connection for in-addr.arpa.zone (230669 bytes).
Length: 230669 (225K)

     0K .......... .......... .......... .......... .......... 22% 40.6K 4s
    50K .......... .......... .......... .......... .......... 44% 42.3K 3s
   100K .......... .......... .......... .......... .......... 66% 71.1K 2s
   150K .......... .......... .......... .......... .......... 88% 75.1K 0s
   200K .......... .......... .....                           100% 2.80M=3.8s

226 Transfer complete.
2017-05-23 00:00:56 (59.4 KB/s) - ‘./domain/in-addr.arpa.zone’ saved [230669]

The sizes do not match (local 90365) -- retrieving.

--2017-05-23 00:00:56--  ftp://ftp.internic.net/domain/in-addr.arpa.zone.gz
           => ‘./domain/in-addr.arpa.zone.gz’
==> CWD not required.
--> PASV

227 Entering Passive Mode (192,0,32,9,233,138)
--> RETR in-addr.arpa.zone.gz

150 Opening BINARY mode data connection for in-addr.arpa.zone.gz (90222 bytes).
Length: 90222 (88K)

     0K .......... .......... .......... .......... .......... 56% 41.3K 1s
    50K .......... .......... .......... ........             100% 51.2K=2.0s

226 Transfer complete.
2017-05-23 00:00:59 (45.1 KB/s) - ‘./domain/in-addr.arpa.zone.gz’ saved [90222]

Remote file is newer than local file ‘./domain/in-addr.arpa.zone.gz.md5’ -- retrieving.

--2017-05-23 00:01:00--  ftp://ftp.internic.net/domain/in-addr.arpa.zone.gz.md5
           => ‘./domain/in-addr.arpa.zone.gz.md5’
==> CWD not required.
--> PASV

227 Entering Passive Mode (192,0,32,9,52,183)
--> RETR in-addr.arpa.zone.gz.md5

150 Opening BINARY mode data connection for in-addr.arpa.zone.gz.md5 (60 bytes).
Length: 60

     0K                                                       100%  610K=0s

226 Transfer complete.
2017-05-23 00:01:01 (610 KB/s) - ‘./domain/in-addr.arpa.zone.gz.md5’ saved [60]

Remote file is newer than local file ‘./domain/in-addr.arpa.zone.gz.sha256’ -- retrieving.

--2017-05-23 00:01:01--  ftp://ftp.internic.net/domain/in-addr.arpa.zone.gz.sha256
           => ‘./domain/in-addr.arpa.zone.gz.sha256’
==> CWD not required.
--> PASV

227 Entering Passive Mode (192,0,32,9,42,236)
--> RETR in-addr.arpa.zone.gz.sha256

150 Opening BINARY mode data connection for in-addr.arpa.zone.gz.sha256 (95 bytes).
Length: 95

     0K                                                       100%  156K=0.001s

226 Transfer complete.
2017-05-23 00:01:06 (156 KB/s) - ‘./domain/in-addr.arpa.zone.gz.sha256’ saved [95]

Remote file is newer than local file ‘./domain/in-addr.arpa.zone.md5’ -- retrieving.

--2017-05-23 00:01:06--  ftp://ftp.internic.net/domain/in-addr.arpa.zone.md5
           => ‘./domain/in-addr.arpa.zone.md5’
==> CWD not required.
--> PASV

227 Entering Passive Mode (192,0,32,9,4,199)
--> RETR in-addr.arpa.zone.md5

150 Opening BINARY mode data connection for in-addr.arpa.zone.md5 (57 bytes).
Length: 57

     0K                                                       100% 22.2K=0.003s

226 Transfer complete.
2017-05-23 00:01:08 (22.2 KB/s) - ‘./domain/in-addr.arpa.zone.md5’ saved [57]

Remote file is newer than local file ‘./domain/in-addr.arpa.zone.sha256’ -- retrieving.

--2017-05-23 00:01:08--  ftp://ftp.internic.net/domain/in-addr.arpa.zone.sha256
           => ‘./domain/in-addr.arpa.zone.sha256’
==> CWD not required.
--> PASV

227 Entering Passive Mode (192,0,32,9,235,157)
--> RETR in-addr.arpa.zone.sha256

150 Opening BINARY mode data connection for in-addr.arpa.zone.sha256 (92 bytes).
Length: 92

     0K                                                       100%  133K=0.001s

226 Transfer complete.
2017-05-23 00:01:10 (133 KB/s) - ‘./domain/in-addr.arpa.zone.sha256’ saved [92]

The sizes do not match (local 62071) -- retrieving.

--2017-05-23 00:01:10--  ftp://ftp.internic.net/domain/ip6.arpa
           => ‘./domain/ip6.arpa’
==> CWD not required.
--> PASV

227 Entering Passive Mode (192,0,32,9,239,201)
--> RETR ip6.arpa

150 Opening BINARY mode data connection for ip6.arpa (61853 bytes).
Length: 61853 (60K)

     0K .......... .......... .......... .......... .......... 82% 40.6K 0s
    50K ..........                                            100% 25.7K=1.6s

226 Transfer complete.
2017-05-23 00:01:13 (36.9 KB/s) - ‘./domain/ip6.arpa’ saved [61853]

The sizes do not match (local 24389) -- retrieving.

--2017-05-23 00:01:13--  ftp://ftp.internic.net/domain/ip6.arpa.gz
           => ‘./domain/ip6.arpa.gz’
==> CWD not required.
--> PASV

227 Entering Passive Mode (192,0,32,9,181,217)
--> RETR ip6.arpa.gz

150 Opening BINARY mode data connection for ip6.arpa.gz (24245 bytes).
Length: 24245 (24K)

     0K .......... .......... ...                             100% 57.8K=0.4s

226 Transfer complete.
2017-05-23 00:01:15 (57.8 KB/s) - ‘./domain/ip6.arpa.gz’ saved [24245]

Remote file is newer than local file ‘./domain/ip6.arpa.gz.md5’ -- retrieving.

--2017-05-23 00:01:15--  ftp://ftp.internic.net/domain/ip6.arpa.gz.md5
           => ‘./domain/ip6.arpa.gz.md5’
==> CWD not required.
--> PASV

227 Entering Passive Mode (192,0,32,9,156,239)
--> RETR ip6.arpa.gz.md5

150 Opening BINARY mode data connection for ip6.arpa.gz.md5 (51 bytes).
Length: 51

     0K                                                       100%  109K=0s

226 Transfer complete.
2017-05-23 00:01:18 (109 KB/s) - ‘./domain/ip6.arpa.gz.md5’ saved [51]

Remote file is newer than local file ‘./domain/ip6.arpa.gz.sha256’ -- retrieving.

--2017-05-23 00:01:18--  ftp://ftp.internic.net/domain/ip6.arpa.gz.sha256
           => ‘./domain/ip6.arpa.gz.sha256’
==> CWD not required.
--> PASV

227 Entering Passive Mode (192,0,32,9,90,124)
--> RETR ip6.arpa.gz.sha256

150 Opening BINARY mode data connection for ip6.arpa.gz.sha256 (86 bytes).
Length: 86

     0K                                                       100%  933K=0s

226 Transfer complete.
2017-05-23 00:01:19 (933 KB/s) - ‘./domain/ip6.arpa.gz.sha256’ saved [86]

Remote file is newer than local file ‘./domain/ip6.arpa.md5’ -- retrieving.

--2017-05-23 00:01:19--  ftp://ftp.internic.net/domain/ip6.arpa.md5
           => ‘./domain/ip6.arpa.md5’
==> CWD not required.
--> PASV

227 Entering Passive Mode (192,0,32,9,88,84)
--> RETR ip6.arpa.md5

150 Opening BINARY mode data connection for ip6.arpa.md5 (48 bytes).
Length: 48

     0K                                                       100%  586K=0s

226 Transfer complete.
2017-05-23 00:01:20 (586 KB/s) - ‘./domain/ip6.arpa.md5’ saved [48]

Remote file is newer than local file ‘./domain/ip6.arpa.sha256’ -- retrieving.

--2017-05-23 00:01:20--  ftp://ftp.internic.net/domain/ip6.arpa.sha256
           => ‘./domain/ip6.arpa.sha256’
==> CWD not required.
--> PASV

227 Entering Passive Mode (192,0,32,9,6,207)
--> RETR ip6.arpa.sha256

150 Opening BINARY mode data connection for ip6.arpa.sha256 (83 bytes).
Length: 83

     0K                                                       100%  862K=0s

226 Transfer complete.
2017-05-23 00:01:23 (862 KB/s) - ‘./domain/ip6.arpa.sha256’ saved [83]

The sizes do not match (local 62071) -- retrieving.

--2017-05-23 00:01:23--  ftp://ftp.internic.net/domain/ip6.arpa.zone
           => ‘./domain/ip6.arpa.zone’
==> CWD not required.
--> PASV

227 Entering Passive Mode (192,0,32,9,253,132)
--> RETR ip6.arpa.zone

150 Opening BINARY mode data connection for ip6.arpa.zone (61853 bytes).
Length: 61853 (60K)

     0K .......... .......... .......... .......... .......... 82% 30.7K 0s
    50K ..........                                            100% 1.03M=1.6s

226 Transfer complete.
2017-05-23 00:01:27 (36.9 KB/s) - ‘./domain/ip6.arpa.zone’ saved [61853]

The sizes do not match (local 24389) -- retrieving.

--2017-05-23 00:01:27--  ftp://ftp.internic.net/domain/ip6.arpa.zone.gz
           => ‘./domain/ip6.arpa.zone.gz’
==> CWD not required.
--> PASV

227 Entering Passive Mode (192,0,32,9,42,108)
--> RETR ip6.arpa.zone.gz

150 Opening BINARY mode data connection for ip6.arpa.zone.gz (24245 bytes).
Length: 24245 (24K)

     0K .......... .......... ...                             100% 56.6K=0.4s

226 Transfer complete.
2017-05-23 00:01:29 (56.6 KB/s) - ‘./domain/ip6.arpa.zone.gz’ saved [24245]

Remote file is newer than local file ‘./domain/ip6.arpa.zone.gz.md5’ -- retrieving.

--2017-05-23 00:01:29--  ftp://ftp.internic.net/domain/ip6.arpa.zone.gz.md5
           => ‘./domain/ip6.arpa.zone.gz.md5’
==> CWD not required.
--> PASV

227 Entering Passive Mode (192,0,32,9,166,176)
--> RETR ip6.arpa.zone.gz.md5

150 Opening BINARY mode data connection for ip6.arpa.zone.gz.md5 (56 bytes).
Length: 56

     0K                                                       100% 18.0K=0.003s

226 Transfer complete.
2017-05-23 00:01:34 (18.0 KB/s) - ‘./domain/ip6.arpa.zone.gz.md5’ saved [56]

Remote file is newer than local file ‘./domain/ip6.arpa.zone.gz.sha256’ -- retrieving.

--2017-05-23 00:01:34--  ftp://ftp.internic.net/domain/ip6.arpa.zone.gz.sha256
           => ‘./domain/ip6.arpa.zone.gz.sha256’
==> CWD not required.
--> PASV

227 Entering Passive Mode (192,0,32,9,231,110)
--> RETR ip6.arpa.zone.gz.sha256

150 Opening BINARY mode data connection for ip6.arpa.zone.gz.sha256 (91 bytes).
Length: 91

     0K                                                       100%  109K=0.001s

226 Transfer complete.
2017-05-23 00:01:36 (109 KB/s) - ‘./domain/ip6.arpa.zone.gz.sha256’ saved [91]

Remote file is newer than local file ‘./domain/ip6.arpa.zone.md5’ -- retrieving.

--2017-05-23 00:01:36--  ftp://ftp.internic.net/domain/ip6.arpa.zone.md5
           => ‘./domain/ip6.arpa.zone.md5’
==> CWD not required.
--> PASV

227 Entering Passive Mode (192,0,32,9,178,110)
--> RETR ip6.arpa.zone.md5

150 Opening BINARY mode data connection for ip6.arpa.zone.md5 (53 bytes).
Length: 53

     0K                                                       100% 8.55K=0.006s

226 Transfer complete.
2017-05-23 00:01:38 (8.55 KB/s) - ‘./domain/ip6.arpa.zone.md5’ saved [53]

Remote file is newer than local file ‘./domain/ip6.arpa.zone.sha256’ -- retrieving.

--2017-05-23 00:01:38--  ftp://ftp.internic.net/domain/ip6.arpa.zone.sha256
           => ‘./domain/ip6.arpa.zone.sha256’
==> CWD not required.
--> PASV

227 Entering Passive Mode (192,0,32,9,131,74)
--> RETR ip6.arpa.zone.sha256

150 Opening BINARY mode data connection for ip6.arpa.zone.sha256 (88 bytes).
Length: 88

     0K                                                       100% 12.1K=0.007s

226 Transfer complete.
2017-05-23 00:01:41 (12.1 KB/s) - ‘./domain/ip6.arpa.zone.sha256’ saved [88]

Remote file is newer than local file ‘./domain/last_update.txt’ -- retrieving.

--2017-05-23 00:01:41--  ftp://ftp.internic.net/domain/last_update.txt
           => ‘./domain/last_update.txt’
==> CWD not required.
--> PASV

227 Entering Passive Mode (192,0,32,9,15,105)
--> RETR last_update.txt

150 Opening BINARY mode data connection for last_update.txt (21 bytes).
Length: 21

     0K                                                       100% 3.49K=0.006s

226 Transfer complete.
2017-05-23 00:01:44 (3.49 KB/s) - ‘./domain/last_update.txt’ saved [21]

Remote file no newer than local file ‘./domain/named.cache’ -- not retrieving.
Remote file no newer than local file ‘./domain/named.cache.md5’ -- not retrieving.
Remote file no newer than local file ‘./domain/named.cache.sig’ -- not retrieving.
Remote file no newer than local file ‘./domain/named.root’ -- not retrieving.
Remote file no newer than local file ‘./domain/named.root.md5’ -- not retrieving.
Remote file no newer than local file ‘./domain/named.root.sig’ -- not retrieving.
Remote file no newer than local file ‘./domain/root-servers.net.zone’ -- not retrieving.
Remote file no newer than local file ‘./domain/root-servers.net.zone.gz’ -- not retrieving.
Remote file no newer than local file ‘./domain/root-servers.net.zone.gz.md5’ -- not retrieving.
Remote file no newer than local file ‘./domain/root-servers.net.zone.gz.sig’ -- not retrieving.
Remote file is newer than local file ‘./domain/root.zone’ -- retrieving.

--2017-05-23 00:01:44--  ftp://ftp.internic.net/domain/root.zone
           => ‘./domain/root.zone’
==> CWD not required.
--> PASV

227 Entering Passive Mode (192,0,32,9,135,113)
--> RETR root.zone

150 Opening BINARY mode data connection for root.zone (2235405 bytes).
Length: 2235405 (2.1M)

     0K .......... .......... .......... .......... ..........  2% 41.7K 51s
    50K .......... .......... .......... .......... ..........  4% 41.5K 50s
   100K .......... .......... .......... .......... ..........  6% 38.7K 50s
   150K .......... .......... .......... .......... ..........  9% 30.5K 53s
   200K .......... .......... .......... .......... .......... 11% 38.6K 51s
   250K .......... .......... .......... .......... .......... 13% 25.3K 54s
   300K .......... .......... .......... .......... .......... 16% 40.6K 52s
   350K .......... .......... .......... .......... .......... 18% 31.2K 51s
   400K .......... .......... .......... .......... .......... 20% 59.1K 47s
   450K .......... .......... .......... .......... .......... 22% 30.6K 47s
   500K .......... .......... .......... .......... .......... 25% 30.5K 46s
   550K .......... .......... .......... .......... .......... 27% 45.3K 44s
   600K .......... .......... .......... .......... .......... 29% 36.7K 43s
   650K .......... .......... .......... .......... .......... 32% 30.5K 42s
   700K .......... .......... .......... .......... .......... 34% 40.7K 40s
   750K .......... .......... .......... .......... .......... 36% 40.6K 38s
   800K .......... .......... .......... .......... .......... 38% 30.7K 37s
   850K .......... .......... .......... .......... .......... 41% 32.4K 36s
   900K .......... .......... .......... .......... .......... 43% 32.1K 35s
   950K .......... .......... .......... .......... .......... 45% 40.7K 33s
  1000K .......... .......... .......... .......... .......... 48% 62.1K 31s
  1050K .......... .......... .......... .......... .......... 50%  122K 29s
  1100K .......... .......... .......... .......... .......... 52%  121K 27s
  1150K .......... .......... .......... .......... .......... 54% 40.3K 25s
  1200K .......... .......... .......... .......... .......... 57% 34.8M 23s
  1250K .......... .......... .......... .......... .......... 59%  127K 21s
  1300K .......... .......... .......... .......... .......... 61%  122K 20s
  1350K .......... .......... .......... .......... .......... 64%  121K 18s
  1400K .......... .......... .......... .......... .......... 66%  123K 16s
  1450K .......... .......... .......... .......... .......... 68%  122K 15s
  1500K .......... .......... .......... .......... .......... 71%  123K 14s
  1550K .......... .......... .......... .......... .......... 73%  124K 12s
  1600K .......... .......... .......... .......... .......... 75% 1.19M 11s
  1650K .......... .......... .......... .......... .......... 77%  129K 10s
  1700K .......... .......... .......... .......... .......... 80%  124K 9s
  1750K .......... .......... .......... .......... .......... 82%  118K 7s
  1800K .......... .......... .......... .......... .......... 84%  131K 6s
  1850K .......... .......... .......... .......... .......... 87% 2.04M 5s
  1900K .......... .......... .......... .......... .......... 89% 41.3K 4s
  1950K .......... .......... .......... .......... .......... 91% 88.3M 3s
  2000K .......... .......... .......... .......... .......... 93% 3.45M 2s
  2050K .......... .......... .......... .......... .......... 96%  124K 1s
  2100K .......... .......... .......... .......... .......... 98%  119K 1s
  2150K .......... .......... .......... ...                  100% 82.6K=38s

226 Transfer complete.
2017-05-23 00:02:25 (57.6 KB/s) - ‘./domain/root.zone’ saved [2235405]

The sizes do not match (local 1049764) -- retrieving.

--2017-05-23 00:02:25--  ftp://ftp.internic.net/domain/root.zone.gz
           => ‘./domain/root.zone.gz’
==> CWD not required.
--> PASV

227 Entering Passive Mode (192,0,32,9,41,117)
--> RETR root.zone.gz

150 Opening BINARY mode data connection for root.zone.gz (1049783 bytes).
Length: 1049783 (1.0M)

     0K .......... .......... .......... .......... ..........  4% 35.0K 28s
    50K .......... .......... .......... .......... ..........  9% 27.1K 30s
   100K .......... .......... .......... .......... .......... 14% 45.4K 26s
   150K .......... .......... .......... .......... .......... 19% 43.4K 23s
   200K .......... .......... .......... .......... .......... 24% 40.7K 21s
   250K .......... .......... .......... .......... .......... 29% 48.6K 19s
   300K .......... .......... .......... .......... .......... 34% 43.6K 17s
   350K .......... .......... .......... .......... .......... 39% 56.0K 15s
   400K .......... .......... .......... .......... .......... 43% 60.5K 14s
   450K .......... .......... .......... .......... .......... 48%  173K 11s
   500K .......... .......... .......... .......... .......... 53%  154K 10s
   550K .......... .......... .......... .......... .......... 58% 3.17M 8s
   600K .......... .......... .......... .......... .......... 63%  125K 7s
   650K .......... .......... .......... .......... .......... 68% 3.78M 5s
   700K .......... .......... .......... .......... .......... 73% 62.0K 5s
   750K .......... .......... .......... .......... .......... 78% 23.1M 4s
   800K .......... .......... .......... .......... .......... 82% 93.7M 3s
   850K .......... .......... .......... .......... .......... 87% 94.8M 2s
   900K .......... .......... .......... .......... .......... 92%  123K 1s
   950K .......... .......... .......... .......... .......... 97% 4.68M 0s
  1000K .......... .......... .....                           100% 64.7K=13s

226 Transfer complete.
2017-05-23 00:02:43 (77.1 KB/s) - ‘./domain/root.zone.gz’ saved [1049783]

Remote file is newer than local file ‘./domain/root.zone.gz.md5’ -- retrieving.

--2017-05-23 00:02:43--  ftp://ftp.internic.net/domain/root.zone.gz.md5
           => ‘./domain/root.zone.gz.md5’
==> CWD not required.
--> PASV

227 Entering Passive Mode (192,0,32,9,210,180)
--> RETR root.zone.gz.md5

150 Opening BINARY mode data connection for root.zone.gz.md5 (33 bytes).
Length: 33

     0K                                                       100% 8.03K=0.004s

226 Transfer complete.
2017-05-23 00:02:45 (8.03 KB/s) - ‘./domain/root.zone.gz.md5’ saved [33]

Remote file is newer than local file ‘./domain/root.zone.gz.sig’ -- retrieving.

--2017-05-23 00:02:45--  ftp://ftp.internic.net/domain/root.zone.gz.sig
           => ‘./domain/root.zone.gz.sig’
==> CWD not required.
--> PASV

227 Entering Passive Mode (192,0,32,9,41,42)
--> RETR root.zone.gz.sig

150 Opening BINARY mode data connection for root.zone.gz.sig (72 bytes).
Length: 72

     0K                                                       100%  437K=0s

226 Transfer complete.
2017-05-23 00:02:49 (437 KB/s) - ‘./domain/root.zone.gz.sig’ saved [72]

Remote file is newer than local file ‘./domain/root.zone.md5’ -- retrieving.

--2017-05-23 00:02:49--  ftp://ftp.internic.net/domain/root.zone.md5
           => ‘./domain/root.zone.md5’
==> CWD not required.
--> PASV

227 Entering Passive Mode (192,0,32,9,42,246)
--> RETR root.zone.md5

150 Opening BINARY mode data connection for root.zone.md5 (33 bytes).
Length: 33

     0K                                                       100% 26.2K=0.001s

226 Transfer complete.
2017-05-23 00:02:50 (26.2 KB/s) - ‘./domain/root.zone.md5’ saved [33]

Remote file is newer than local file ‘./domain/root.zone.sig’ -- retrieving.

--2017-05-23 00:02:50--  ftp://ftp.internic.net/domain/root.zone.sig
           => ‘./domain/root.zone.sig’
==> CWD not required.
--> PASV

227 Entering Passive Mode (192,0,32,9,26,179)
--> RETR root.zone.sig

150 Opening BINARY mode data connection for root.zone.sig (72 bytes).
Length: 72

     0K                                                       100%  938K=0s

226 Transfer complete.
2017-05-23 00:02:52 (938 KB/s) - ‘./domain/root.zone.sig’ saved [72]

FINISHED --2017-05-23 00:02:52--
Total wall clock time: 2m 49s
Downloaded: 40 files, 3.9M in 1m 8s (59.7 KB/s)
