--2017-06-21 00:00:02--  ftp://ftp.internic.net/*
           => ‘./.listing’
Resolving ftp.internic.net (ftp.internic.net)... 192.0.32.9, 2620:0:2d0:200::9
Connecting to ftp.internic.net (ftp.internic.net)|192.0.32.9|:21... connected.
Logging in as anonymous ... 
220 Internic FTP Server
--> USER anonymous

331 Please specify the password.
--> PASS Turtle Power!

230 Login successful.
--> SYST

215 UNIX Type: L8
--> PWD

257 "/"
--> TYPE I

200 Switching to Binary mode.
==> CWD not needed.
--> PASV

227 Entering Passive Mode (192,0,32,9,133,227)
--> LIST -a

150 Here comes the directory listing.

     0K                                                        1.90M=0s

226 Directory send OK.
drwxr-xr-x    3 ftp      ftp          4096 Apr 04  2012 .
drwxr-xr-x    3 ftp      ftp          4096 Apr 04  2012 ..
drwxr-xr-x    2 ftp      ftp          4096 Sep 09  2015 domain
2017-06-21 00:00:07 (1.90 MB/s) - ‘./.listing’ saved [183]

--2017-06-21 00:00:07--  ftp://ftp.internic.net/domain/*
           => ‘./domain/.listing’
--> CWD /domain

250 Directory successfully changed.
--> PASV

227 Entering Passive Mode (192,0,32,9,168,148)
--> LIST -a

150 Here comes the directory listing.

     0K ...                                                     764K=0.005s

226 Directory send OK.
drwxr-xr-x    2 ftp      ftp          4096 Sep 09  2015 .
drwxr-xr-x    3 ftp      ftp          4096 Apr 04  2012 ..
-rw-r--r--    1 ftp      ftp          1829 Aug 18  2015 .listing
-rw-r--r--    1 ftp      ftp          1224 Jun 20 15:38 INTERNIC_ROOT_ZONE.signatures
-rw-r--r--    1 ftp      ftp          1469 Jun 20 15:38 INTERNIC_ROOT_ZONE.signatures.asc
-rw-r--r--    1 ftp      ftp         15438 Jun 20 15:24 arpa.zone
-rw-r--r--    1 ftp      ftp          6781 Jun 20 15:24 arpa.zone.gz
-rw-r--r--    1 ftp      ftp            33 Jun 20 15:24 arpa.zone.gz.md5
-rw-r--r--    1 ftp      ftp            72 Jun 20 15:24 arpa.zone.gz.sig
-rw-r--r--    1 ftp      ftp          3289 Jun 01 15:27 db.cache
-rw-r--r--    1 ftp      ftp            33 Jun 01 15:27 db.cache.md5
-rw-r--r--    1 ftp      ftp            72 Jun 01 15:27 db.cache.sig
-rw-r--r--    1 ftp      ftp        228753 Jun 20 15:40 in-addr.arpa
-rw-r--r--    1 ftp      ftp         90612 Jun 20 15:40 in-addr.arpa.gz
-rw-r--r--    1 ftp      ftp            55 Jun 20 15:40 in-addr.arpa.gz.md5
-rw-r--r--    1 ftp      ftp            90 Jun 20 15:40 in-addr.arpa.gz.sha256
-rw-r--r--    1 ftp      ftp            52 Jun 20 15:40 in-addr.arpa.md5
-rw-r--r--    1 ftp      ftp            87 Jun 20 15:40 in-addr.arpa.sha256
-rw-r--r--    1 ftp      ftp        228753 Jun 20 15:40 in-addr.arpa.zone
-rw-r--r--    1 ftp      ftp         90612 Jun 20 15:40 in-addr.arpa.zone.gz
-rw-r--r--    1 ftp      ftp            60 Jun 20 15:40 in-addr.arpa.zone.gz.md5
-rw-r--r--    1 ftp      ftp            95 Jun 20 15:40 in-addr.arpa.zone.gz.sha256
-rw-r--r--    1 ftp      ftp            57 Jun 20 15:40 in-addr.arpa.zone.md5
-rw-r--r--    1 ftp      ftp            92 Jun 20 15:40 in-addr.arpa.zone.sha256
-rw-r--r--    1 ftp      ftp         61264 Jun 20 15:40 ip6.arpa
-rw-r--r--    1 ftp      ftp         24296 Jun 20 15:40 ip6.arpa.gz
-rw-r--r--    1 ftp      ftp            51 Jun 20 15:40 ip6.arpa.gz.md5
-rw-r--r--    1 ftp      ftp            86 Jun 20 15:40 ip6.arpa.gz.sha256
-rw-r--r--    1 ftp      ftp            48 Jun 20 15:40 ip6.arpa.md5
-rw-r--r--    1 ftp      ftp            83 Jun 20 15:40 ip6.arpa.sha256
-rw-r--r--    1 ftp      ftp         61264 Jun 20 15:40 ip6.arpa.zone
-rw-r--r--    1 ftp      ftp         24296 Jun 20 15:40 ip6.arpa.zone.gz
-rw-r--r--    1 ftp      ftp            56 Jun 20 15:40 ip6.arpa.zone.gz.md5
-rw-r--r--    1 ftp      ftp            91 Jun 20 15:40 ip6.arpa.zone.gz.sha256
-rw-r--r--    1 ftp      ftp            53 Jun 20 15:40 ip6.arpa.zone.md5
-rw-r--r--    1 ftp      ftp            88 Jun 20 15:40 ip6.arpa.zone.sha256
-rw-r--r--    1 ftp      ftp            21 Jun 20 15:40 last_update.txt
-rw-r--r--    1 ftp      ftp          3289 Jun 01 15:27 named.cache
-rw-r--r--    1 ftp      ftp            33 Jun 01 15:27 named.cache.md5
-rw-r--r--    1 ftp      ftp            72 Jun 01 15:27 named.cache.sig
-rw-r--r--    1 ftp      ftp          3289 Jun 01 15:27 named.root
-rw-r--r--    1 ftp      ftp            33 Jun 01 15:27 named.root.md5
-rw-r--r--    1 ftp      ftp            72 Jun 01 15:27 named.root.sig
-rw-r--r--    1 ftp      ftp          2111 Jun 01 15:27 root-servers.net.zone
-rw-r--r--    1 ftp      ftp           575 Jun 01 15:27 root-servers.net.zone.gz
-rw-r--r--    1 ftp      ftp            33 Jun 01 15:27 root-servers.net.zone.gz.md5
-rw-r--r--    1 ftp      ftp            72 Jun 01 15:27 root-servers.net.zone.gz.sig
-rw-r--r--    1 ftp      ftp       2239471 Jun 20 15:38 root.zone
-rw-r--r--    1 ftp      ftp       1051622 Jun 20 15:38 root.zone.gz
-rw-r--r--    1 ftp      ftp            33 Jun 20 15:38 root.zone.gz.md5
-rw-r--r--    1 ftp      ftp            72 Jun 20 15:38 root.zone.gz.sig
-rw-r--r--    1 ftp      ftp            33 Jun 20 15:38 root.zone.md5
-rw-r--r--    1 ftp      ftp            72 Jun 20 15:38 root.zone.sig
2017-06-21 00:00:08 (764 KB/s) - ‘./domain/.listing’ saved [3930]

The sizes do not match (local 3930) -- retrieving.

--2017-06-21 00:00:08--  ftp://ftp.internic.net/domain/.listing
           => ‘./domain/.listing’
==> CWD not required.
--> PASV

227 Entering Passive Mode (192,0,32,9,137,240)
--> RETR .listing

150 Opening BINARY mode data connection for .listing (1829 bytes).
Length: 1829 (1.8K)

     0K .                                                     100% 37.9M=0s

226 Transfer complete.
2017-06-21 00:00:09 (37.9 MB/s) - ‘./domain/.listing’ saved [1829]

Remote file is newer than local file ‘./domain/INTERNIC_ROOT_ZONE.signatures’ -- retrieving.

--2017-06-21 00:00:09--  ftp://ftp.internic.net/domain/INTERNIC_ROOT_ZONE.signatures
           => ‘./domain/INTERNIC_ROOT_ZONE.signatures’
==> CWD not required.
--> PASV

227 Entering Passive Mode (192,0,32,9,159,195)
--> RETR INTERNIC_ROOT_ZONE.signatures

150 Opening BINARY mode data connection for INTERNIC_ROOT_ZONE.signatures (1224 bytes).
Length: 1224 (1.2K)

     0K .                                                     100% 11.8M=0s

226 Transfer complete.
2017-06-21 00:00:10 (11.8 MB/s) - ‘./domain/INTERNIC_ROOT_ZONE.signatures’ saved [1224]

Remote file is newer than local file ‘./domain/INTERNIC_ROOT_ZONE.signatures.asc’ -- retrieving.

--2017-06-21 00:00:10--  ftp://ftp.internic.net/domain/INTERNIC_ROOT_ZONE.signatures.asc
           => ‘./domain/INTERNIC_ROOT_ZONE.signatures.asc’
==> CWD not required.
--> PASV

227 Entering Passive Mode (192,0,32,9,41,79)
--> RETR INTERNIC_ROOT_ZONE.signatures.asc

150 Opening BINARY mode data connection for INTERNIC_ROOT_ZONE.signatures.asc (1469 bytes).
Length: 1469 (1.4K)

     0K .                                                     100% 31.8M=0s

226 Transfer complete.
2017-06-21 00:00:10 (31.8 MB/s) - ‘./domain/INTERNIC_ROOT_ZONE.signatures.asc’ saved [1469]

The sizes do not match (local 15228) -- retrieving.

--2017-06-21 00:00:10--  ftp://ftp.internic.net/domain/arpa.zone
           => ‘./domain/arpa.zone’
==> CWD not required.
--> PASV

227 Entering Passive Mode (192,0,32,9,35,16)
--> RETR arpa.zone

150 Opening BINARY mode data connection for arpa.zone (15438 bytes).
Length: 15438 (15K)

     0K .......... .....                                      100%  252K=0.06s

226 Transfer complete.
2017-06-21 00:00:11 (252 KB/s) - ‘./domain/arpa.zone’ saved [15438]

The sizes do not match (local 6663) -- retrieving.

--2017-06-21 00:00:11--  ftp://ftp.internic.net/domain/arpa.zone.gz
           => ‘./domain/arpa.zone.gz’
==> CWD not required.
--> PASV

227 Entering Passive Mode (192,0,32,9,14,221)
--> RETR arpa.zone.gz

150 Opening BINARY mode data connection for arpa.zone.gz (6781 bytes).
Length: 6781 (6.6K)

     0K ......                                                100%  154M=0s

226 Transfer complete.
2017-06-21 00:00:13 (154 MB/s) - ‘./domain/arpa.zone.gz’ saved [6781]

Remote file is newer than local file ‘./domain/arpa.zone.gz.md5’ -- retrieving.

--2017-06-21 00:00:13--  ftp://ftp.internic.net/domain/arpa.zone.gz.md5
           => ‘./domain/arpa.zone.gz.md5’
==> CWD not required.
--> PASV

227 Entering Passive Mode (192,0,32,9,18,49)
--> RETR arpa.zone.gz.md5

150 Opening BINARY mode data connection for arpa.zone.gz.md5 (33 bytes).
Length: 33

     0K                                                       100%  732K=0s

226 Transfer complete.
2017-06-21 00:00:14 (732 KB/s) - ‘./domain/arpa.zone.gz.md5’ saved [33]

The sizes do not match (local 71) -- retrieving.

--2017-06-21 00:00:14--  ftp://ftp.internic.net/domain/arpa.zone.gz.sig
           => ‘./domain/arpa.zone.gz.sig’
==> CWD not required.
--> PASV

227 Entering Passive Mode (192,0,32,9,16,214)
--> RETR arpa.zone.gz.sig

150 Opening BINARY mode data connection for arpa.zone.gz.sig (72 bytes).
Length: 72

     0K                                                       100% 1.56M=0s

226 Transfer complete.
2017-06-21 00:00:15 (1.56 MB/s) - ‘./domain/arpa.zone.gz.sig’ saved [72]

Remote file no newer than local file ‘./domain/db.cache’ -- not retrieving.
Remote file no newer than local file ‘./domain/db.cache.md5’ -- not retrieving.
Remote file no newer than local file ‘./domain/db.cache.sig’ -- not retrieving.
Remote file is newer than local file ‘./domain/in-addr.arpa’ -- retrieving.

--2017-06-21 00:00:15--  ftp://ftp.internic.net/domain/in-addr.arpa
           => ‘./domain/in-addr.arpa’
==> CWD not required.
--> PASV

227 Entering Passive Mode (192,0,32,9,49,151)
--> RETR in-addr.arpa

150 Opening BINARY mode data connection for in-addr.arpa (228753 bytes).
Length: 228753 (223K)

     0K .......... .......... .......... .......... .......... 22% 61.2K 3s
    50K .......... .......... .......... .......... .......... 44% 60.1K 2s
   100K .......... .......... .......... .......... .......... 67%  125K 1s
   150K .......... .......... .......... .......... .......... 89%  111K 0s
   200K .......... .......... ...                             100% 64.0K=2.9s

226 Transfer complete.
2017-06-21 00:00:19 (78.0 KB/s) - ‘./domain/in-addr.arpa’ saved [228753]

Remote file is newer than local file ‘./domain/in-addr.arpa.gz’ -- retrieving.

--2017-06-21 00:00:19--  ftp://ftp.internic.net/domain/in-addr.arpa.gz
           => ‘./domain/in-addr.arpa.gz’
==> CWD not required.
--> PASV

227 Entering Passive Mode (192,0,32,9,36,103)
--> RETR in-addr.arpa.gz

150 Opening BINARY mode data connection for in-addr.arpa.gz (90612 bytes).
Length: 90612 (88K)

     0K .......... .......... .......... .......... .......... 56% 69.0K 1s
    50K .......... .......... .......... ........             100%  129K=1.0s

226 Transfer complete.
2017-06-21 00:00:25 (86.4 KB/s) - ‘./domain/in-addr.arpa.gz’ saved [90612]

Remote file is newer than local file ‘./domain/in-addr.arpa.gz.md5’ -- retrieving.

--2017-06-21 00:00:25--  ftp://ftp.internic.net/domain/in-addr.arpa.gz.md5
           => ‘./domain/in-addr.arpa.gz.md5’
==> CWD not required.
--> PASV

227 Entering Passive Mode (192,0,32,9,42,38)
--> RETR in-addr.arpa.gz.md5

150 Opening BINARY mode data connection for in-addr.arpa.gz.md5 (55 bytes).
Length: 55

     0K                                                       100%  689K=0s

226 Transfer complete.
2017-06-21 00:00:26 (689 KB/s) - ‘./domain/in-addr.arpa.gz.md5’ saved [55]

Remote file is newer than local file ‘./domain/in-addr.arpa.gz.sha256’ -- retrieving.

--2017-06-21 00:00:26--  ftp://ftp.internic.net/domain/in-addr.arpa.gz.sha256
           => ‘./domain/in-addr.arpa.gz.sha256’
==> CWD not required.
--> PASV

227 Entering Passive Mode (192,0,32,9,41,64)
--> RETR in-addr.arpa.gz.sha256

150 Opening BINARY mode data connection for in-addr.arpa.gz.sha256 (90 bytes).
Length: 90

     0K                                                       100% 2.15M=0s

226 Transfer complete.
2017-06-21 00:00:27 (2.15 MB/s) - ‘./domain/in-addr.arpa.gz.sha256’ saved [90]

Remote file is newer than local file ‘./domain/in-addr.arpa.md5’ -- retrieving.

--2017-06-21 00:00:27--  ftp://ftp.internic.net/domain/in-addr.arpa.md5
           => ‘./domain/in-addr.arpa.md5’
==> CWD not required.
--> PASV

227 Entering Passive Mode (192,0,32,9,66,177)
--> RETR in-addr.arpa.md5

150 Opening BINARY mode data connection for in-addr.arpa.md5 (52 bytes).
Length: 52

     0K                                                       100% 1.15M=0s

226 Transfer complete.
2017-06-21 00:00:29 (1.15 MB/s) - ‘./domain/in-addr.arpa.md5’ saved [52]

Remote file is newer than local file ‘./domain/in-addr.arpa.sha256’ -- retrieving.

--2017-06-21 00:00:29--  ftp://ftp.internic.net/domain/in-addr.arpa.sha256
           => ‘./domain/in-addr.arpa.sha256’
==> CWD not required.
--> PASV

227 Entering Passive Mode (192,0,32,9,252,240)
--> RETR in-addr.arpa.sha256

150 Opening BINARY mode data connection for in-addr.arpa.sha256 (87 bytes).
Length: 87

     0K                                                       100% 1.89M=0s

226 Transfer complete.
2017-06-21 00:00:30 (1.89 MB/s) - ‘./domain/in-addr.arpa.sha256’ saved [87]

Remote file is newer than local file ‘./domain/in-addr.arpa.zone’ -- retrieving.

--2017-06-21 00:00:30--  ftp://ftp.internic.net/domain/in-addr.arpa.zone
           => ‘./domain/in-addr.arpa.zone’
==> CWD not required.
--> PASV

227 Entering Passive Mode (192,0,32,9,210,91)
--> RETR in-addr.arpa.zone

150 Opening BINARY mode data connection for in-addr.arpa.zone (228753 bytes).
Length: 228753 (223K)

     0K .......... .......... .......... .......... .......... 22% 44.7K 4s
    50K .......... .......... .......... .......... .......... 44%  162K 2s
   100K .......... .......... .......... .......... .......... 67%  114K 1s
   150K .......... .......... .......... .......... .......... 89%  122K 0s
   200K .......... .......... ...                             100%  184K=2.4s

226 Transfer complete.
2017-06-21 00:00:33 (93.0 KB/s) - ‘./domain/in-addr.arpa.zone’ saved [228753]

Remote file is newer than local file ‘./domain/in-addr.arpa.zone.gz’ -- retrieving.

--2017-06-21 00:00:33--  ftp://ftp.internic.net/domain/in-addr.arpa.zone.gz
           => ‘./domain/in-addr.arpa.zone.gz’
==> CWD not required.
--> PASV

227 Entering Passive Mode (192,0,32,9,180,151)
--> RETR in-addr.arpa.zone.gz

150 Opening BINARY mode data connection for in-addr.arpa.zone.gz (90612 bytes).
Length: 90612 (88K)

     0K .......... .......... .......... .......... .......... 56% 54.2K 1s
    50K .......... .......... .......... ........             100%  127K=1.2s

226 Transfer complete.
2017-06-21 00:00:36 (72.2 KB/s) - ‘./domain/in-addr.arpa.zone.gz’ saved [90612]

Remote file is newer than local file ‘./domain/in-addr.arpa.zone.gz.md5’ -- retrieving.

--2017-06-21 00:00:36--  ftp://ftp.internic.net/domain/in-addr.arpa.zone.gz.md5
           => ‘./domain/in-addr.arpa.zone.gz.md5’
==> CWD not required.
--> PASV

227 Entering Passive Mode (192,0,32,9,211,229)
--> RETR in-addr.arpa.zone.gz.md5

150 Opening BINARY mode data connection for in-addr.arpa.zone.gz.md5 (60 bytes).
Length: 60

     0K                                                       100%  875K=0s

226 Transfer complete.
2017-06-21 00:00:37 (875 KB/s) - ‘./domain/in-addr.arpa.zone.gz.md5’ saved [60]

Remote file is newer than local file ‘./domain/in-addr.arpa.zone.gz.sha256’ -- retrieving.

--2017-06-21 00:00:37--  ftp://ftp.internic.net/domain/in-addr.arpa.zone.gz.sha256
           => ‘./domain/in-addr.arpa.zone.gz.sha256’
==> CWD not required.
--> PASV

227 Entering Passive Mode (192,0,32,9,42,105)
--> RETR in-addr.arpa.zone.gz.sha256

150 Opening BINARY mode data connection for in-addr.arpa.zone.gz.sha256 (95 bytes).
Length: 95

     0K                                                       100% 28.4K=0.003s

226 Transfer complete.
2017-06-21 00:00:40 (28.4 KB/s) - ‘./domain/in-addr.arpa.zone.gz.sha256’ saved [95]

Remote file is newer than local file ‘./domain/in-addr.arpa.zone.md5’ -- retrieving.

--2017-06-21 00:00:40--  ftp://ftp.internic.net/domain/in-addr.arpa.zone.md5
           => ‘./domain/in-addr.arpa.zone.md5’
==> CWD not required.
--> PASV

227 Entering Passive Mode (192,0,32,9,113,71)
--> RETR in-addr.arpa.zone.md5

150 Opening BINARY mode data connection for in-addr.arpa.zone.md5 (57 bytes).
Length: 57

     0K                                                       100%  546K=0s

226 Transfer complete.
2017-06-21 00:00:41 (546 KB/s) - ‘./domain/in-addr.arpa.zone.md5’ saved [57]

Remote file is newer than local file ‘./domain/in-addr.arpa.zone.sha256’ -- retrieving.

--2017-06-21 00:00:41--  ftp://ftp.internic.net/domain/in-addr.arpa.zone.sha256
           => ‘./domain/in-addr.arpa.zone.sha256’
==> CWD not required.
--> PASV

227 Entering Passive Mode (192,0,32,9,150,191)
--> RETR in-addr.arpa.zone.sha256

150 Opening BINARY mode data connection for in-addr.arpa.zone.sha256 (92 bytes).
Length: 92

     0K                                                       100% 1.91M=0s

226 Transfer complete.
2017-06-21 00:00:42 (1.91 MB/s) - ‘./domain/in-addr.arpa.zone.sha256’ saved [92]

Remote file is newer than local file ‘./domain/ip6.arpa’ -- retrieving.

--2017-06-21 00:00:42--  ftp://ftp.internic.net/domain/ip6.arpa
           => ‘./domain/ip6.arpa’
==> CWD not required.
--> PASV

227 Entering Passive Mode (192,0,32,9,41,101)
--> RETR ip6.arpa

150 Opening BINARY mode data connection for ip6.arpa (61264 bytes).
Length: 61264 (60K)

     0K .......... .......... .......... .......... .......... 83% 81.5K 0s
    50K .........                                             100%  196K=0.7s

226 Transfer complete.
2017-06-21 00:00:44 (90.1 KB/s) - ‘./domain/ip6.arpa’ saved [61264]

Remote file is newer than local file ‘./domain/ip6.arpa.gz’ -- retrieving.

--2017-06-21 00:00:44--  ftp://ftp.internic.net/domain/ip6.arpa.gz
           => ‘./domain/ip6.arpa.gz’
==> CWD not required.
--> PASV

227 Entering Passive Mode (192,0,32,9,40,219)
--> RETR ip6.arpa.gz

150 Opening BINARY mode data connection for ip6.arpa.gz (24296 bytes).
Length: 24296 (24K)

     0K .......... .......... ...                             100%  132K=0.2s

226 Transfer complete.
2017-06-21 00:00:45 (132 KB/s) - ‘./domain/ip6.arpa.gz’ saved [24296]

Remote file is newer than local file ‘./domain/ip6.arpa.gz.md5’ -- retrieving.

--2017-06-21 00:00:45--  ftp://ftp.internic.net/domain/ip6.arpa.gz.md5
           => ‘./domain/ip6.arpa.gz.md5’
==> CWD not required.
--> PASV

227 Entering Passive Mode (192,0,32,9,41,15)
--> RETR ip6.arpa.gz.md5

150 Opening BINARY mode data connection for ip6.arpa.gz.md5 (51 bytes).
Length: 51

     0K                                                       100%  113K=0s

226 Transfer complete.
2017-06-21 00:00:46 (113 KB/s) - ‘./domain/ip6.arpa.gz.md5’ saved [51]

Remote file is newer than local file ‘./domain/ip6.arpa.gz.sha256’ -- retrieving.

--2017-06-21 00:00:46--  ftp://ftp.internic.net/domain/ip6.arpa.gz.sha256
           => ‘./domain/ip6.arpa.gz.sha256’
==> CWD not required.
--> PASV

227 Entering Passive Mode (192,0,32,9,104,145)
--> RETR ip6.arpa.gz.sha256

150 Opening BINARY mode data connection for ip6.arpa.gz.sha256 (86 bytes).
Length: 86

     0K                                                       100% 61.7K=0.001s

226 Transfer complete.
2017-06-21 00:00:47 (61.7 KB/s) - ‘./domain/ip6.arpa.gz.sha256’ saved [86]

Remote file is newer than local file ‘./domain/ip6.arpa.md5’ -- retrieving.

--2017-06-21 00:00:47--  ftp://ftp.internic.net/domain/ip6.arpa.md5
           => ‘./domain/ip6.arpa.md5’
==> CWD not required.
--> PASV

227 Entering Passive Mode (192,0,32,9,41,255)
--> RETR ip6.arpa.md5

150 Opening BINARY mode data connection for ip6.arpa.md5 (48 bytes).
Length: 48

     0K                                                       100%  868K=0s

226 Transfer complete.
2017-06-21 00:00:48 (868 KB/s) - ‘./domain/ip6.arpa.md5’ saved [48]

Remote file is newer than local file ‘./domain/ip6.arpa.sha256’ -- retrieving.

--2017-06-21 00:00:48--  ftp://ftp.internic.net/domain/ip6.arpa.sha256
           => ‘./domain/ip6.arpa.sha256’
==> CWD not required.
--> PASV

227 Entering Passive Mode (192,0,32,9,42,51)
--> RETR ip6.arpa.sha256

150 Opening BINARY mode data connection for ip6.arpa.sha256 (83 bytes).
Length: 83

     0K                                                       100%  127K=0.001s

226 Transfer complete.
2017-06-21 00:00:49 (127 KB/s) - ‘./domain/ip6.arpa.sha256’ saved [83]

Remote file is newer than local file ‘./domain/ip6.arpa.zone’ -- retrieving.

--2017-06-21 00:00:49--  ftp://ftp.internic.net/domain/ip6.arpa.zone
           => ‘./domain/ip6.arpa.zone’
==> CWD not required.
--> PASV

227 Entering Passive Mode (192,0,32,9,241,7)
--> RETR ip6.arpa.zone

150 Opening BINARY mode data connection for ip6.arpa.zone (61264 bytes).
Length: 61264 (60K)

     0K .......... .......... .......... .......... .......... 83% 80.6K 0s
    50K .........                                             100% 53.0M=0.6s

226 Transfer complete.
2017-06-21 00:00:50 (96.5 KB/s) - ‘./domain/ip6.arpa.zone’ saved [61264]

Remote file is newer than local file ‘./domain/ip6.arpa.zone.gz’ -- retrieving.

--2017-06-21 00:00:50--  ftp://ftp.internic.net/domain/ip6.arpa.zone.gz
           => ‘./domain/ip6.arpa.zone.gz’
==> CWD not required.
--> PASV

227 Entering Passive Mode (192,0,32,9,153,112)
--> RETR ip6.arpa.zone.gz

150 Opening BINARY mode data connection for ip6.arpa.zone.gz (24296 bytes).
Length: 24296 (24K)

     0K .......... .......... ...                             100%  124K=0.2s

226 Transfer complete.
2017-06-21 00:00:51 (124 KB/s) - ‘./domain/ip6.arpa.zone.gz’ saved [24296]

Remote file is newer than local file ‘./domain/ip6.arpa.zone.gz.md5’ -- retrieving.

--2017-06-21 00:00:51--  ftp://ftp.internic.net/domain/ip6.arpa.zone.gz.md5
           => ‘./domain/ip6.arpa.zone.gz.md5’
==> CWD not required.
--> PASV

227 Entering Passive Mode (192,0,32,9,250,249)
--> RETR ip6.arpa.zone.gz.md5

150 Opening BINARY mode data connection for ip6.arpa.zone.gz.md5 (56 bytes).
Length: 56

     0K                                                       100%  588K=0s

226 Transfer complete.
2017-06-21 00:00:52 (588 KB/s) - ‘./domain/ip6.arpa.zone.gz.md5’ saved [56]

Remote file is newer than local file ‘./domain/ip6.arpa.zone.gz.sha256’ -- retrieving.

--2017-06-21 00:00:52--  ftp://ftp.internic.net/domain/ip6.arpa.zone.gz.sha256
           => ‘./domain/ip6.arpa.zone.gz.sha256’
==> CWD not required.
--> PASV

227 Entering Passive Mode (192,0,32,9,42,86)
--> RETR ip6.arpa.zone.gz.sha256

150 Opening BINARY mode data connection for ip6.arpa.zone.gz.sha256 (91 bytes).
Length: 91

     0K                                                       100% 1.93M=0s

226 Transfer complete.
2017-06-21 00:00:53 (1.93 MB/s) - ‘./domain/ip6.arpa.zone.gz.sha256’ saved [91]

Remote file is newer than local file ‘./domain/ip6.arpa.zone.md5’ -- retrieving.

--2017-06-21 00:00:53--  ftp://ftp.internic.net/domain/ip6.arpa.zone.md5
           => ‘./domain/ip6.arpa.zone.md5’
==> CWD not required.
--> PASV

227 Entering Passive Mode (192,0,32,9,98,62)
--> RETR ip6.arpa.zone.md5

150 Opening BINARY mode data connection for ip6.arpa.zone.md5 (53 bytes).
Length: 53

     0K                                                       100%  147K=0s

226 Transfer complete.
2017-06-21 00:00:54 (147 KB/s) - ‘./domain/ip6.arpa.zone.md5’ saved [53]

Remote file is newer than local file ‘./domain/ip6.arpa.zone.sha256’ -- retrieving.

--2017-06-21 00:00:54--  ftp://ftp.internic.net/domain/ip6.arpa.zone.sha256
           => ‘./domain/ip6.arpa.zone.sha256’
==> CWD not required.
--> PASV

227 Entering Passive Mode (192,0,32,9,42,131)
--> RETR ip6.arpa.zone.sha256

150 Opening BINARY mode data connection for ip6.arpa.zone.sha256 (88 bytes).
Length: 88

     0K                                                       100%  914K=0s

226 Transfer complete.
2017-06-21 00:00:55 (914 KB/s) - ‘./domain/ip6.arpa.zone.sha256’ saved [88]

Remote file is newer than local file ‘./domain/last_update.txt’ -- retrieving.

--2017-06-21 00:00:55--  ftp://ftp.internic.net/domain/last_update.txt
           => ‘./domain/last_update.txt’
==> CWD not required.
--> PASV

227 Entering Passive Mode (192,0,32,9,226,196)
--> RETR last_update.txt

150 Opening BINARY mode data connection for last_update.txt (21 bytes).
Length: 21

     0K                                                       100%  477K=0s

226 Transfer complete.
2017-06-21 00:00:56 (477 KB/s) - ‘./domain/last_update.txt’ saved [21]

Remote file no newer than local file ‘./domain/named.cache’ -- not retrieving.
Remote file no newer than local file ‘./domain/named.cache.md5’ -- not retrieving.
Remote file no newer than local file ‘./domain/named.cache.sig’ -- not retrieving.
Remote file no newer than local file ‘./domain/named.root’ -- not retrieving.
Remote file no newer than local file ‘./domain/named.root.md5’ -- not retrieving.
Remote file no newer than local file ‘./domain/named.root.sig’ -- not retrieving.
Remote file no newer than local file ‘./domain/root-servers.net.zone’ -- not retrieving.
Remote file no newer than local file ‘./domain/root-servers.net.zone.gz’ -- not retrieving.
Remote file no newer than local file ‘./domain/root-servers.net.zone.gz.md5’ -- not retrieving.
Remote file no newer than local file ‘./domain/root-servers.net.zone.gz.sig’ -- not retrieving.
The sizes do not match (local 2239031) -- retrieving.

--2017-06-21 00:00:56--  ftp://ftp.internic.net/domain/root.zone
           => ‘./domain/root.zone’
==> CWD not required.
--> PASV

227 Entering Passive Mode (192,0,32,9,199,193)
--> RETR root.zone

150 Opening BINARY mode data connection for root.zone (2239471 bytes).
Length: 2239471 (2.1M)

     0K .......... .......... .......... .......... ..........  2% 81.2K 26s
    50K .......... .......... .......... .......... ..........  4%  148K 20s
   100K .......... .......... .......... .......... ..........  6%  175K 17s
   150K .......... .......... .......... .......... ..........  9%  227K 14s
   200K .......... .......... .......... .......... .......... 11%  134K 14s
   250K .......... .......... .......... .......... .......... 13% 86.2K 15s
   300K .......... .......... .......... .......... .......... 16%  119K 15s
   350K .......... .......... .......... .......... .......... 18%  183K 14s
   400K .......... .......... .......... .......... .......... 20%  179K 13s
   450K .......... .......... .......... .......... .......... 22%  124K 13s
   500K .......... .......... .......... .......... .......... 25%  245K 12s
   550K .......... .......... .......... .......... .......... 27%  287K 11s
   600K .......... .......... .......... .......... .......... 29%  101K 11s
   650K .......... .......... .......... .......... .......... 32% 92.7K 11s
   700K .......... .......... .......... .......... .......... 34%  142K 11s
   750K .......... .......... .......... .......... .......... 36%  115K 10s
   800K .......... .......... .......... .......... .......... 38%  241K 10s
   850K .......... .......... .......... .......... .......... 41%  192K 9s
   900K .......... .......... .......... .......... .......... 43%  215K 9s
   950K .......... .......... .......... .......... .......... 45%  196K 8s
  1000K .......... .......... .......... .......... .......... 48%  290K 8s
  1050K .......... .......... .......... .......... .......... 50%  312K 7s
  1100K .......... .......... .......... .......... .......... 52%  181K 7s
  1150K .......... .......... .......... .......... .......... 54%  222K 6s
  1200K .......... .......... .......... .......... .......... 57%  212K 6s
  1250K .......... .......... .......... .......... .......... 59%  138K 6s
  1300K .......... .......... .......... .......... .......... 61%  169K 5s
  1350K .......... .......... .......... .......... .......... 64%  158K 5s
  1400K .......... .......... .......... .......... .......... 66%  151K 5s
  1450K .......... .......... .......... .......... .......... 68%  101K 4s
  1500K .......... .......... .......... .......... .......... 70%  157K 4s
  1550K .......... .......... .......... .......... .......... 73%  166K 4s
  1600K .......... .......... .......... .......... .......... 75%  134K 4s
  1650K .......... .......... .......... .......... .......... 77% 22.5K 4s
  1700K .......... .......... .......... .......... .......... 80%  151K 3s
  1750K .......... .......... .......... .......... .......... 82%  101K 3s
  1800K .......... .......... .......... .......... .......... 84% 12.0K 3s
  1850K .......... .......... .......... .......... .......... 86% 1.75M 3s
  1900K .......... .......... .......... .......... .......... 89% 1.06M 2s
  1950K .......... .......... .......... .......... .......... 91%  209K 2s
  2000K .......... .......... .......... .......... .......... 93%  107M 1s
  2050K .......... .......... .......... .......... .......... 96% 86.1M 1s
  2100K .......... .......... .......... .......... .......... 98%  121M 0s
  2150K .......... .......... .......... ......               100%  107M=18s

226 Transfer complete.
2017-06-21 00:01:16 (119 KB/s) - ‘./domain/root.zone’ saved [2239471]

The sizes do not match (local 1051371) -- retrieving.

--2017-06-21 00:01:16--  ftp://ftp.internic.net/domain/root.zone.gz
           => ‘./domain/root.zone.gz’
==> CWD not required.
--> PASV

227 Entering Passive Mode (192,0,32,9,42,172)
--> RETR root.zone.gz

150 Opening BINARY mode data connection for root.zone.gz (1051622 bytes).
Length: 1051622 (1.0M)

     0K .......... .......... .......... .......... ..........  4% 84.4K 12s
    50K .......... .......... .......... .......... ..........  9%  225K 8s
   100K .......... .......... .......... .......... .......... 14%  211K 6s
   150K .......... .......... .......... .......... .......... 19%  198K 5s
   200K .......... .......... .......... .......... .......... 24%  131K 5s
   250K .......... .......... .......... .......... .......... 29%  134K 5s
   300K .......... .......... .......... .......... .......... 34%  102K 5s
   350K .......... .......... .......... .......... .......... 38%  396K 4s
   400K .......... .......... .......... .......... .......... 43%  170K 4s
   450K .......... .......... .......... .......... .......... 48%  219K 3s
   500K .......... .......... .......... .......... .......... 53%  318K 3s
   550K .......... .......... .......... .......... .......... 58%  189K 3s
   600K .......... .......... .......... .......... .......... 63%  394K 2s
   650K .......... .......... .......... .......... .......... 68%  203K 2s
   700K .......... .......... .......... .......... .......... 73%  136K 2s
   750K .......... .......... .......... .......... .......... 77%  125K 1s
   800K .......... .......... .......... .......... .......... 82%  107K 1s
   850K .......... .......... .......... .......... .......... 87%  178K 1s
   900K .......... .......... .......... .......... .......... 92%  219K 0s
   950K .......... .......... .......... .......... .......... 97%  133K 0s
  1000K .......... .......... ......                          100%  221K=6.2s

226 Transfer complete.
2017-06-21 00:01:23 (165 KB/s) - ‘./domain/root.zone.gz’ saved [1051622]

Remote file is newer than local file ‘./domain/root.zone.gz.md5’ -- retrieving.

--2017-06-21 00:01:23--  ftp://ftp.internic.net/domain/root.zone.gz.md5
           => ‘./domain/root.zone.gz.md5’
==> CWD not required.
--> PASV

227 Entering Passive Mode (192,0,32,9,42,118)
--> RETR root.zone.gz.md5

150 Opening BINARY mode data connection for root.zone.gz.md5 (33 bytes).
Length: 33

     0K                                                       100%  749K=0s

226 Transfer complete.
2017-06-21 00:01:24 (749 KB/s) - ‘./domain/root.zone.gz.md5’ saved [33]

Remote file is newer than local file ‘./domain/root.zone.gz.sig’ -- retrieving.

--2017-06-21 00:01:24--  ftp://ftp.internic.net/domain/root.zone.gz.sig
           => ‘./domain/root.zone.gz.sig’
==> CWD not required.
--> PASV

227 Entering Passive Mode (192,0,32,9,109,174)
--> RETR root.zone.gz.sig

150 Opening BINARY mode data connection for root.zone.gz.sig (72 bytes).
Length: 72

     0K                                                       100% 1.56M=0s

226 Transfer complete.
2017-06-21 00:01:25 (1.56 MB/s) - ‘./domain/root.zone.gz.sig’ saved [72]

Remote file is newer than local file ‘./domain/root.zone.md5’ -- retrieving.

--2017-06-21 00:01:25--  ftp://ftp.internic.net/domain/root.zone.md5
           => ‘./domain/root.zone.md5’
==> CWD not required.
--> PASV

227 Entering Passive Mode (192,0,32,9,85,105)
--> RETR root.zone.md5

150 Opening BINARY mode data connection for root.zone.md5 (33 bytes).
Length: 33

     0K                                                       100%  512K=0s

226 Transfer complete.
2017-06-21 00:01:27 (512 KB/s) - ‘./domain/root.zone.md5’ saved [33]

Remote file is newer than local file ‘./domain/root.zone.sig’ -- retrieving.

--2017-06-21 00:01:27--  ftp://ftp.internic.net/domain/root.zone.sig
           => ‘./domain/root.zone.sig’
==> CWD not required.
--> PASV

227 Entering Passive Mode (192,0,32,9,69,233)
--> RETR root.zone.sig

150 Opening BINARY mode data connection for root.zone.sig (72 bytes).
Length: 72

     0K                                                       100%  111K=0.001s

226 Transfer complete.
2017-06-21 00:01:28 (111 KB/s) - ‘./domain/root.zone.sig’ saved [72]

FINISHED --2017-06-21 00:01:28--
Total wall clock time: 1m 25s
Downloaded: 40 files, 3.9M in 34s (119 KB/s)
