--2017-03-03 00:00:03--  ftp://ftp.internic.net/*
           => ‘./.listing’
Resolving ftp.internic.net (ftp.internic.net)... 192.0.32.9, 2620:0:2d0:200::9
Connecting to ftp.internic.net (ftp.internic.net)|192.0.32.9|:21... connected.
Logging in as anonymous ... 
220 Internic FTP Server
--> USER anonymous

331 Please specify the password.
--> PASS Turtle Power!

230 Login successful.
--> SYST

215 UNIX Type: L8
--> PWD

257 "/"
--> TYPE I

200 Switching to Binary mode.
==> CWD not needed.
--> PASV

227 Entering Passive Mode (192,0,32,9,42,149)
--> LIST -a

150 Here comes the directory listing.

     0K                                                        1.49M=0s

226 Directory send OK.
drwxr-xr-x    3 ftp      ftp          4096 Apr 04  2012 .
drwxr-xr-x    3 ftp      ftp          4096 Apr 04  2012 ..
drwxr-xr-x    2 ftp      ftp          4096 Sep 09  2015 domain
2017-03-03 00:00:08 (1.49 MB/s) - ‘./.listing’ saved [183]

--2017-03-03 00:00:08--  ftp://ftp.internic.net/domain/*
           => ‘./domain/.listing’
--> CWD /domain

250 Directory successfully changed.
--> PASV

227 Entering Passive Mode (192,0,32,9,167,146)
--> LIST -a

150 Here comes the directory listing.

     0K ...                                                    16.7K=0.2s

226 Directory send OK.
drwxr-xr-x    2 ftp      ftp          4096 Sep 09  2015 .
drwxr-xr-x    3 ftp      ftp          4096 Apr 04  2012 ..
-rw-r--r--    1 ftp      ftp          1829 Aug 18  2015 .listing
-rw-r--r--    1 ftp      ftp          1224 Mar 02 14:52 INTERNIC_ROOT_ZONE.signatures
-rw-r--r--    1 ftp      ftp          1469 Mar 02 14:52 INTERNIC_ROOT_ZONE.signatures.asc
-rw-r--r--    1 ftp      ftp         15186 Mar 02 12:16 arpa.zone
-rw-r--r--    1 ftp      ftp          6647 Mar 02 12:16 arpa.zone.gz
-rw-r--r--    1 ftp      ftp            33 Mar 02 12:16 arpa.zone.gz.md5
-rw-r--r--    1 ftp      ftp            72 Mar 02 12:16 arpa.zone.gz.sig
-rw-r--r--    1 ftp      ftp          3291 Oct 20 19:35 db.cache
-rw-r--r--    1 ftp      ftp            33 Oct 20 19:35 db.cache.md5
-rw-r--r--    1 ftp      ftp            72 Oct 20 19:35 db.cache.sig
-rw-r--r--    1 ftp      ftp        228019 Mar 02 15:40 in-addr.arpa
-rw-r--r--    1 ftp      ftp         90371 Mar 02 15:40 in-addr.arpa.gz
-rw-r--r--    1 ftp      ftp            55 Mar 02 15:40 in-addr.arpa.gz.md5
-rw-r--r--    1 ftp      ftp            90 Mar 02 15:40 in-addr.arpa.gz.sha256
-rw-r--r--    1 ftp      ftp            52 Mar 02 15:40 in-addr.arpa.md5
-rw-r--r--    1 ftp      ftp            87 Mar 02 15:40 in-addr.arpa.sha256
-rw-r--r--    1 ftp      ftp        228019 Mar 02 15:40 in-addr.arpa.zone
-rw-r--r--    1 ftp      ftp         90371 Mar 02 15:40 in-addr.arpa.zone.gz
-rw-r--r--    1 ftp      ftp            60 Mar 02 15:40 in-addr.arpa.zone.gz.md5
-rw-r--r--    1 ftp      ftp            95 Mar 02 15:40 in-addr.arpa.zone.gz.sha256
-rw-r--r--    1 ftp      ftp            57 Mar 02 15:40 in-addr.arpa.zone.md5
-rw-r--r--    1 ftp      ftp            92 Mar 02 15:40 in-addr.arpa.zone.sha256
-rw-r--r--    1 ftp      ftp         60746 Mar 02 15:40 ip6.arpa
-rw-r--r--    1 ftp      ftp         24313 Mar 02 15:40 ip6.arpa.gz
-rw-r--r--    1 ftp      ftp            51 Mar 02 15:40 ip6.arpa.gz.md5
-rw-r--r--    1 ftp      ftp            86 Mar 02 15:40 ip6.arpa.gz.sha256
-rw-r--r--    1 ftp      ftp            48 Mar 02 15:40 ip6.arpa.md5
-rw-r--r--    1 ftp      ftp            83 Mar 02 15:40 ip6.arpa.sha256
-rw-r--r--    1 ftp      ftp         60746 Mar 02 15:40 ip6.arpa.zone
-rw-r--r--    1 ftp      ftp         24313 Mar 02 15:40 ip6.arpa.zone.gz
-rw-r--r--    1 ftp      ftp            56 Mar 02 15:40 ip6.arpa.zone.gz.md5
-rw-r--r--    1 ftp      ftp            91 Mar 02 15:40 ip6.arpa.zone.gz.sha256
-rw-r--r--    1 ftp      ftp            53 Mar 02 15:40 ip6.arpa.zone.md5
-rw-r--r--    1 ftp      ftp            88 Mar 02 15:40 ip6.arpa.zone.sha256
-rw-r--r--    1 ftp      ftp            21 Mar 02 15:40 last_update.txt
-rw-r--r--    1 ftp      ftp          3291 Oct 20 19:35 named.cache
-rw-r--r--    1 ftp      ftp            33 Oct 20 19:35 named.cache.md5
-rw-r--r--    1 ftp      ftp            72 Oct 20 19:35 named.cache.sig
-rw-r--r--    1 ftp      ftp          3291 Oct 20 19:35 named.root
-rw-r--r--    1 ftp      ftp            33 Oct 20 19:35 named.root.md5
-rw-r--r--    1 ftp      ftp            72 Oct 20 19:35 named.root.sig
-rw-r--r--    1 ftp      ftp          2110 Oct 20 19:35 root-servers.net.zone
-rw-r--r--    1 ftp      ftp           574 Oct 20 19:35 root-servers.net.zone.gz
-rw-r--r--    1 ftp      ftp            33 Oct 20 19:35 root-servers.net.zone.gz.md5
-rw-r--r--    1 ftp      ftp            72 Oct 20 19:35 root-servers.net.zone.gz.sig
-rw-r--r--    1 ftp      ftp       2230894 Mar 02 14:52 root.zone
-rw-r--r--    1 ftp      ftp       1048062 Mar 02 14:52 root.zone.gz
-rw-r--r--    1 ftp      ftp            33 Mar 02 14:52 root.zone.gz.md5
-rw-r--r--    1 ftp      ftp            72 Mar 02 14:52 root.zone.gz.sig
-rw-r--r--    1 ftp      ftp            33 Mar 02 14:52 root.zone.md5
-rw-r--r--    1 ftp      ftp            72 Mar 02 14:52 root.zone.sig
2017-03-03 00:00:14 (16.7 KB/s) - ‘./domain/.listing’ saved [3930]

The sizes do not match (local 3930) -- retrieving.

--2017-03-03 00:00:14--  ftp://ftp.internic.net/domain/.listing
           => ‘./domain/.listing’
==> CWD not required.
--> PASV

227 Entering Passive Mode (192,0,32,9,84,204)
--> RETR .listing

150 Opening BINARY mode data connection for .listing (1829 bytes).
Length: 1829 (1.8K)

     0K .                                                     100%  285K=0.006s

226 Transfer complete.
2017-03-03 00:00:16 (285 KB/s) - ‘./domain/.listing’ saved [1829]

Remote file is newer than local file ‘./domain/INTERNIC_ROOT_ZONE.signatures’ -- retrieving.

--2017-03-03 00:00:16--  ftp://ftp.internic.net/domain/INTERNIC_ROOT_ZONE.signatures
           => ‘./domain/INTERNIC_ROOT_ZONE.signatures’
==> CWD not required.
--> PASV

227 Entering Passive Mode (192,0,32,9,29,63)
--> RETR INTERNIC_ROOT_ZONE.signatures

150 Opening BINARY mode data connection for INTERNIC_ROOT_ZONE.signatures (1224 bytes).
Length: 1224 (1.2K)

     0K .                                                     100% 7.68M=0s

226 Transfer complete.
2017-03-03 00:00:18 (7.68 MB/s) - ‘./domain/INTERNIC_ROOT_ZONE.signatures’ saved [1224]

Remote file is newer than local file ‘./domain/INTERNIC_ROOT_ZONE.signatures.asc’ -- retrieving.

--2017-03-03 00:00:18--  ftp://ftp.internic.net/domain/INTERNIC_ROOT_ZONE.signatures.asc
           => ‘./domain/INTERNIC_ROOT_ZONE.signatures.asc’
==> CWD not required.
--> PASV

227 Entering Passive Mode (192,0,32,9,109,242)
--> RETR INTERNIC_ROOT_ZONE.signatures.asc

150 Opening BINARY mode data connection for INTERNIC_ROOT_ZONE.signatures.asc (1469 bytes).
Length: 1469 (1.4K)

     0K .                                                     100% 1.46M=0.001s

226 Transfer complete.
2017-03-03 00:00:19 (1.46 MB/s) - ‘./domain/INTERNIC_ROOT_ZONE.signatures.asc’ saved [1469]

Remote file is newer than local file ‘./domain/arpa.zone’ -- retrieving.

--2017-03-03 00:00:19--  ftp://ftp.internic.net/domain/arpa.zone
           => ‘./domain/arpa.zone’
==> CWD not required.
--> PASV

227 Entering Passive Mode (192,0,32,9,41,91)
--> RETR arpa.zone

150 Opening BINARY mode data connection for arpa.zone (15186 bytes).
Length: 15186 (15K)

     0K .......... ....                                       100% 69.0K=0.2s

226 Transfer complete.
2017-03-03 00:00:20 (69.0 KB/s) - ‘./domain/arpa.zone’ saved [15186]

The sizes do not match (local 6637) -- retrieving.

--2017-03-03 00:00:20--  ftp://ftp.internic.net/domain/arpa.zone.gz
           => ‘./domain/arpa.zone.gz’
==> CWD not required.
--> PASV

227 Entering Passive Mode (192,0,32,9,76,254)
--> RETR arpa.zone.gz

150 Opening BINARY mode data connection for arpa.zone.gz (6647 bytes).
Length: 6647 (6.5K)

     0K ......                                                100% 6.52M=0.001s

226 Transfer complete.
2017-03-03 00:00:21 (6.52 MB/s) - ‘./domain/arpa.zone.gz’ saved [6647]

Remote file is newer than local file ‘./domain/arpa.zone.gz.md5’ -- retrieving.

--2017-03-03 00:00:21--  ftp://ftp.internic.net/domain/arpa.zone.gz.md5
           => ‘./domain/arpa.zone.gz.md5’
==> CWD not required.
--> PASV

227 Entering Passive Mode (192,0,32,9,135,159)
--> RETR arpa.zone.gz.md5

150 Opening BINARY mode data connection for arpa.zone.gz.md5 (33 bytes).
Length: 33

     0K                                                       100%  203K=0s

226 Transfer complete.
2017-03-03 00:00:21 (203 KB/s) - ‘./domain/arpa.zone.gz.md5’ saved [33]

Remote file is newer than local file ‘./domain/arpa.zone.gz.sig’ -- retrieving.

--2017-03-03 00:00:21--  ftp://ftp.internic.net/domain/arpa.zone.gz.sig
           => ‘./domain/arpa.zone.gz.sig’
==> CWD not required.
--> PASV

227 Entering Passive Mode (192,0,32,9,98,151)
--> RETR arpa.zone.gz.sig

150 Opening BINARY mode data connection for arpa.zone.gz.sig (72 bytes).
Length: 72

     0K                                                       100%  622K=0s

226 Transfer complete.
2017-03-03 00:00:22 (622 KB/s) - ‘./domain/arpa.zone.gz.sig’ saved [72]

Remote file no newer than local file ‘./domain/db.cache’ -- not retrieving.
Remote file no newer than local file ‘./domain/db.cache.md5’ -- not retrieving.
Remote file no newer than local file ‘./domain/db.cache.sig’ -- not retrieving.
Remote file is newer than local file ‘./domain/in-addr.arpa’ -- retrieving.

--2017-03-03 00:00:22--  ftp://ftp.internic.net/domain/in-addr.arpa
           => ‘./domain/in-addr.arpa’
==> CWD not required.
--> PASV

227 Entering Passive Mode (192,0,32,9,171,244)
--> RETR in-addr.arpa

150 Opening BINARY mode data connection for in-addr.arpa (228019 bytes).
Length: 228019 (223K)

     0K .......... .......... .......... .......... .......... 22%  113K 2s
    50K .......... .......... .......... .......... .......... 44%  112K 1s
   100K .......... .......... .......... .......... .......... 67%  114K 1s
   150K .......... .......... .......... .......... .......... 89% 74.9K 0s
   200K .......... .......... ..                              100%  103K=2.2s

226 Transfer complete.
2017-03-03 00:00:27 (101 KB/s) - ‘./domain/in-addr.arpa’ saved [228019]

Remote file is newer than local file ‘./domain/in-addr.arpa.gz’ -- retrieving.

--2017-03-03 00:00:27--  ftp://ftp.internic.net/domain/in-addr.arpa.gz
           => ‘./domain/in-addr.arpa.gz’
==> CWD not required.
--> PASV

227 Entering Passive Mode (192,0,32,9,14,22)
--> RETR in-addr.arpa.gz

150 Opening BINARY mode data connection for in-addr.arpa.gz (90371 bytes).
Length: 90371 (88K)

     0K .......... .......... .......... .......... .......... 56% 73.1K 1s
    50K .......... .......... .......... ........             100% 82.8K=1.1s

226 Transfer complete.
2017-03-03 00:00:29 (77.0 KB/s) - ‘./domain/in-addr.arpa.gz’ saved [90371]

Remote file is newer than local file ‘./domain/in-addr.arpa.gz.md5’ -- retrieving.

--2017-03-03 00:00:29--  ftp://ftp.internic.net/domain/in-addr.arpa.gz.md5
           => ‘./domain/in-addr.arpa.gz.md5’
==> CWD not required.
--> PASV

227 Entering Passive Mode (192,0,32,9,5,202)
--> RETR in-addr.arpa.gz.md5

150 Opening BINARY mode data connection for in-addr.arpa.gz.md5 (55 bytes).
Length: 55

     0K                                                       100%  267K=0s

226 Transfer complete.
2017-03-03 00:00:29 (267 KB/s) - ‘./domain/in-addr.arpa.gz.md5’ saved [55]

Remote file is newer than local file ‘./domain/in-addr.arpa.gz.sha256’ -- retrieving.

--2017-03-03 00:00:29--  ftp://ftp.internic.net/domain/in-addr.arpa.gz.sha256
           => ‘./domain/in-addr.arpa.gz.sha256’
==> CWD not required.
--> PASV

227 Entering Passive Mode (192,0,32,9,41,22)
--> RETR in-addr.arpa.gz.sha256

150 Opening BINARY mode data connection for in-addr.arpa.gz.sha256 (90 bytes).
Length: 90

     0K                                                       100%  480K=0s

226 Transfer complete.
2017-03-03 00:00:31 (480 KB/s) - ‘./domain/in-addr.arpa.gz.sha256’ saved [90]

Remote file is newer than local file ‘./domain/in-addr.arpa.md5’ -- retrieving.

--2017-03-03 00:00:31--  ftp://ftp.internic.net/domain/in-addr.arpa.md5
           => ‘./domain/in-addr.arpa.md5’
==> CWD not required.
--> PASV

227 Entering Passive Mode (192,0,32,9,176,159)
--> RETR in-addr.arpa.md5

150 Opening BINARY mode data connection for in-addr.arpa.md5 (52 bytes).
Length: 52

     0K                                                       100%  250K=0s

226 Transfer complete.
2017-03-03 00:00:32 (250 KB/s) - ‘./domain/in-addr.arpa.md5’ saved [52]

Remote file is newer than local file ‘./domain/in-addr.arpa.sha256’ -- retrieving.

--2017-03-03 00:00:32--  ftp://ftp.internic.net/domain/in-addr.arpa.sha256
           => ‘./domain/in-addr.arpa.sha256’
==> CWD not required.
--> PASV

227 Entering Passive Mode (192,0,32,9,228,76)
--> RETR in-addr.arpa.sha256

150 Opening BINARY mode data connection for in-addr.arpa.sha256 (87 bytes).
Length: 87

     0K                                                       100%  752K=0s

226 Transfer complete.
2017-03-03 00:00:33 (752 KB/s) - ‘./domain/in-addr.arpa.sha256’ saved [87]

Remote file is newer than local file ‘./domain/in-addr.arpa.zone’ -- retrieving.

--2017-03-03 00:00:33--  ftp://ftp.internic.net/domain/in-addr.arpa.zone
           => ‘./domain/in-addr.arpa.zone’
==> CWD not required.
--> PASV

227 Entering Passive Mode (192,0,32,9,41,161)
--> RETR in-addr.arpa.zone

150 Opening BINARY mode data connection for in-addr.arpa.zone (228019 bytes).
Length: 228019 (223K)

     0K .......... .......... .......... .......... .......... 22% 74.4K 2s
    50K .......... .......... .......... .......... .......... 44%  111K 1s
   100K .......... .......... .......... .......... .......... 67% 44.2K 1s
   150K .......... .......... .......... .......... .......... 89% 55.2K 0s
   200K .......... .......... ..                              100% 50.4K=3.6s

226 Transfer complete.
2017-03-03 00:00:38 (61.7 KB/s) - ‘./domain/in-addr.arpa.zone’ saved [228019]

Remote file is newer than local file ‘./domain/in-addr.arpa.zone.gz’ -- retrieving.

--2017-03-03 00:00:38--  ftp://ftp.internic.net/domain/in-addr.arpa.zone.gz
           => ‘./domain/in-addr.arpa.zone.gz’
==> CWD not required.
--> PASV

227 Entering Passive Mode (192,0,32,9,143,183)
--> RETR in-addr.arpa.zone.gz

150 Opening BINARY mode data connection for in-addr.arpa.zone.gz (90371 bytes).
Length: 90371 (88K)

     0K .......... .......... .......... .......... .......... 56% 75.5K 1s
    50K .......... .......... .......... ........             100% 42.6K=1.6s

226 Transfer complete.
2017-03-03 00:00:40 (56.6 KB/s) - ‘./domain/in-addr.arpa.zone.gz’ saved [90371]

Remote file is newer than local file ‘./domain/in-addr.arpa.zone.gz.md5’ -- retrieving.

--2017-03-03 00:00:40--  ftp://ftp.internic.net/domain/in-addr.arpa.zone.gz.md5
           => ‘./domain/in-addr.arpa.zone.gz.md5’
==> CWD not required.
--> PASV

227 Entering Passive Mode (192,0,32,9,41,251)
--> RETR in-addr.arpa.zone.gz.md5

150 Opening BINARY mode data connection for in-addr.arpa.zone.gz.md5 (60 bytes).
Length: 60

     0K                                                       100%  209K=0s

226 Transfer complete.
2017-03-03 00:00:41 (209 KB/s) - ‘./domain/in-addr.arpa.zone.gz.md5’ saved [60]

Remote file is newer than local file ‘./domain/in-addr.arpa.zone.gz.sha256’ -- retrieving.

--2017-03-03 00:00:41--  ftp://ftp.internic.net/domain/in-addr.arpa.zone.gz.sha256
           => ‘./domain/in-addr.arpa.zone.gz.sha256’
==> CWD not required.
--> PASV

227 Entering Passive Mode (192,0,32,9,74,53)
--> RETR in-addr.arpa.zone.gz.sha256

150 Opening BINARY mode data connection for in-addr.arpa.zone.gz.sha256 (95 bytes).
Length: 95

     0K                                                       100%  446K=0s

226 Transfer complete.
2017-03-03 00:00:42 (446 KB/s) - ‘./domain/in-addr.arpa.zone.gz.sha256’ saved [95]

Remote file is newer than local file ‘./domain/in-addr.arpa.zone.md5’ -- retrieving.

--2017-03-03 00:00:42--  ftp://ftp.internic.net/domain/in-addr.arpa.zone.md5
           => ‘./domain/in-addr.arpa.zone.md5’
==> CWD not required.
--> PASV

227 Entering Passive Mode (192,0,32,9,41,225)
--> RETR in-addr.arpa.zone.md5

150 Opening BINARY mode data connection for in-addr.arpa.zone.md5 (57 bytes).
Length: 57

     0K                                                       100% 27.8 =2.1s

226 Transfer complete.
2017-03-03 00:00:45 (27.8 B/s) - ‘./domain/in-addr.arpa.zone.md5’ saved [57]

Remote file is newer than local file ‘./domain/in-addr.arpa.zone.sha256’ -- retrieving.

--2017-03-03 00:00:45--  ftp://ftp.internic.net/domain/in-addr.arpa.zone.sha256
           => ‘./domain/in-addr.arpa.zone.sha256’
==> CWD not required.
--> PASV

227 Entering Passive Mode (192,0,32,9,15,32)
--> RETR in-addr.arpa.zone.sha256

150 Opening BINARY mode data connection for in-addr.arpa.zone.sha256 (92 bytes).
Length: 92

     0K                                                       100%  351K=0s

226 Transfer complete.
2017-03-03 00:00:47 (351 KB/s) - ‘./domain/in-addr.arpa.zone.sha256’ saved [92]

Remote file is newer than local file ‘./domain/ip6.arpa’ -- retrieving.

--2017-03-03 00:00:47--  ftp://ftp.internic.net/domain/ip6.arpa
           => ‘./domain/ip6.arpa’
==> CWD not required.
--> PASV

227 Entering Passive Mode (192,0,32,9,242,16)
--> RETR ip6.arpa

150 Opening BINARY mode data connection for ip6.arpa (60746 bytes).
Length: 60746 (59K)

     0K .......... .......... .......... .......... .......... 84% 74.4K 0s
    50K .........                                             100%  152K=0.7s

226 Transfer complete.
2017-03-03 00:00:49 (80.8 KB/s) - ‘./domain/ip6.arpa’ saved [60746]

Remote file is newer than local file ‘./domain/ip6.arpa.gz’ -- retrieving.

--2017-03-03 00:00:49--  ftp://ftp.internic.net/domain/ip6.arpa.gz
           => ‘./domain/ip6.arpa.gz’
==> CWD not required.
--> PASV

227 Entering Passive Mode (192,0,32,9,7,66)
--> RETR ip6.arpa.gz

150 Opening BINARY mode data connection for ip6.arpa.gz (24313 bytes).
Length: 24313 (24K)

     0K .......... .......... ...                             100%  104K=0.2s

226 Transfer complete.
2017-03-03 00:00:50 (104 KB/s) - ‘./domain/ip6.arpa.gz’ saved [24313]

Remote file is newer than local file ‘./domain/ip6.arpa.gz.md5’ -- retrieving.

--2017-03-03 00:00:50--  ftp://ftp.internic.net/domain/ip6.arpa.gz.md5
           => ‘./domain/ip6.arpa.gz.md5’
==> CWD not required.
--> PASV

227 Entering Passive Mode (192,0,32,9,41,193)
--> RETR ip6.arpa.gz.md5

150 Opening BINARY mode data connection for ip6.arpa.gz.md5 (51 bytes).
Length: 51

     0K                                                       100%  293K=0s

226 Transfer complete.
2017-03-03 00:00:51 (293 KB/s) - ‘./domain/ip6.arpa.gz.md5’ saved [51]

Remote file is newer than local file ‘./domain/ip6.arpa.gz.sha256’ -- retrieving.

--2017-03-03 00:00:51--  ftp://ftp.internic.net/domain/ip6.arpa.gz.sha256
           => ‘./domain/ip6.arpa.gz.sha256’
==> CWD not required.
--> PASV

227 Entering Passive Mode (192,0,32,9,42,194)
--> RETR ip6.arpa.gz.sha256

150 Opening BINARY mode data connection for ip6.arpa.gz.sha256 (86 bytes).
Length: 86

     0K                                                       100%  542K=0s

226 Transfer complete.
2017-03-03 00:00:52 (542 KB/s) - ‘./domain/ip6.arpa.gz.sha256’ saved [86]

Remote file is newer than local file ‘./domain/ip6.arpa.md5’ -- retrieving.

--2017-03-03 00:00:52--  ftp://ftp.internic.net/domain/ip6.arpa.md5
           => ‘./domain/ip6.arpa.md5’
==> CWD not required.
--> PASV

227 Entering Passive Mode (192,0,32,9,183,31)
--> RETR ip6.arpa.md5

150 Opening BINARY mode data connection for ip6.arpa.md5 (48 bytes).
Length: 48

     0K                                                       100%  229K=0s

226 Transfer complete.
2017-03-03 00:00:52 (229 KB/s) - ‘./domain/ip6.arpa.md5’ saved [48]

Remote file is newer than local file ‘./domain/ip6.arpa.sha256’ -- retrieving.

--2017-03-03 00:00:52--  ftp://ftp.internic.net/domain/ip6.arpa.sha256
           => ‘./domain/ip6.arpa.sha256’
==> CWD not required.
--> PASV

227 Entering Passive Mode (192,0,32,9,172,121)
--> RETR ip6.arpa.sha256

150 Opening BINARY mode data connection for ip6.arpa.sha256 (83 bytes).
Length: 83

     0K                                                       100%  424K=0s

226 Transfer complete.
2017-03-03 00:00:53 (424 KB/s) - ‘./domain/ip6.arpa.sha256’ saved [83]

Remote file is newer than local file ‘./domain/ip6.arpa.zone’ -- retrieving.

--2017-03-03 00:00:53--  ftp://ftp.internic.net/domain/ip6.arpa.zone
           => ‘./domain/ip6.arpa.zone’
==> CWD not required.
--> PASV

227 Entering Passive Mode (192,0,32,9,42,136)
--> RETR ip6.arpa.zone

150 Opening BINARY mode data connection for ip6.arpa.zone (60746 bytes).
Length: 60746 (59K)

     0K .......... .......... .......... .......... .......... 84% 74.9K 0s
    50K .........                                             100%  118K=0.7s

226 Transfer complete.
2017-03-03 00:00:55 (79.5 KB/s) - ‘./domain/ip6.arpa.zone’ saved [60746]

Remote file is newer than local file ‘./domain/ip6.arpa.zone.gz’ -- retrieving.

--2017-03-03 00:00:55--  ftp://ftp.internic.net/domain/ip6.arpa.zone.gz
           => ‘./domain/ip6.arpa.zone.gz’
==> CWD not required.
--> PASV

227 Entering Passive Mode (192,0,32,9,42,40)
--> RETR ip6.arpa.zone.gz

150 Opening BINARY mode data connection for ip6.arpa.zone.gz (24313 bytes).
Length: 24313 (24K)

     0K .......... .......... ...                             100%  107K=0.2s

226 Transfer complete.
2017-03-03 00:00:56 (107 KB/s) - ‘./domain/ip6.arpa.zone.gz’ saved [24313]

Remote file is newer than local file ‘./domain/ip6.arpa.zone.gz.md5’ -- retrieving.

--2017-03-03 00:00:56--  ftp://ftp.internic.net/domain/ip6.arpa.zone.gz.md5
           => ‘./domain/ip6.arpa.zone.gz.md5’
==> CWD not required.
--> PASV

227 Entering Passive Mode (192,0,32,9,133,215)
--> RETR ip6.arpa.zone.gz.md5

150 Opening BINARY mode data connection for ip6.arpa.zone.gz.md5 (56 bytes).
Length: 56

     0K                                                       100%  480K=0s

226 Transfer complete.
2017-03-03 00:00:57 (480 KB/s) - ‘./domain/ip6.arpa.zone.gz.md5’ saved [56]

Remote file is newer than local file ‘./domain/ip6.arpa.zone.gz.sha256’ -- retrieving.

--2017-03-03 00:00:57--  ftp://ftp.internic.net/domain/ip6.arpa.zone.gz.sha256
           => ‘./domain/ip6.arpa.zone.gz.sha256’
==> CWD not required.
--> PASV

227 Entering Passive Mode (192,0,32,9,103,245)
--> RETR ip6.arpa.zone.gz.sha256

150 Opening BINARY mode data connection for ip6.arpa.zone.gz.sha256 (91 bytes).
Length: 91

     0K                                                       100%  453K=0s

226 Transfer complete.
2017-03-03 00:00:58 (453 KB/s) - ‘./domain/ip6.arpa.zone.gz.sha256’ saved [91]

Remote file is newer than local file ‘./domain/ip6.arpa.zone.md5’ -- retrieving.

--2017-03-03 00:00:58--  ftp://ftp.internic.net/domain/ip6.arpa.zone.md5
           => ‘./domain/ip6.arpa.zone.md5’
==> CWD not required.
--> PASV

227 Entering Passive Mode (192,0,32,9,181,151)
--> RETR ip6.arpa.zone.md5

150 Opening BINARY mode data connection for ip6.arpa.zone.md5 (53 bytes).
Length: 53

     0K                                                       100% 26.1 =2.0s

226 Transfer complete.
2017-03-03 00:01:01 (26.1 B/s) - ‘./domain/ip6.arpa.zone.md5’ saved [53]

Remote file is newer than local file ‘./domain/ip6.arpa.zone.sha256’ -- retrieving.

--2017-03-03 00:01:01--  ftp://ftp.internic.net/domain/ip6.arpa.zone.sha256
           => ‘./domain/ip6.arpa.zone.sha256’
==> CWD not required.
--> PASV

227 Entering Passive Mode (192,0,32,9,197,128)
--> RETR ip6.arpa.zone.sha256

150 Opening BINARY mode data connection for ip6.arpa.zone.sha256 (88 bytes).
Length: 88

     0K                                                       100%  544K=0s

226 Transfer complete.
2017-03-03 00:01:02 (544 KB/s) - ‘./domain/ip6.arpa.zone.sha256’ saved [88]

Remote file is newer than local file ‘./domain/last_update.txt’ -- retrieving.

--2017-03-03 00:01:02--  ftp://ftp.internic.net/domain/last_update.txt
           => ‘./domain/last_update.txt’
==> CWD not required.
--> PASV

227 Entering Passive Mode (192,0,32,9,193,14)
--> RETR last_update.txt

150 Opening BINARY mode data connection for last_update.txt (21 bytes).
Length: 21

     0K                                                       100% 85.8K=0s

226 Transfer complete.
2017-03-03 00:01:04 (85.8 KB/s) - ‘./domain/last_update.txt’ saved [21]

Remote file no newer than local file ‘./domain/named.cache’ -- not retrieving.
Remote file no newer than local file ‘./domain/named.cache.md5’ -- not retrieving.
Remote file no newer than local file ‘./domain/named.cache.sig’ -- not retrieving.
Remote file no newer than local file ‘./domain/named.root’ -- not retrieving.
Remote file no newer than local file ‘./domain/named.root.md5’ -- not retrieving.
Remote file no newer than local file ‘./domain/named.root.sig’ -- not retrieving.
Remote file no newer than local file ‘./domain/root-servers.net.zone’ -- not retrieving.
Remote file no newer than local file ‘./domain/root-servers.net.zone.gz’ -- not retrieving.
Remote file no newer than local file ‘./domain/root-servers.net.zone.gz.md5’ -- not retrieving.
Remote file no newer than local file ‘./domain/root-servers.net.zone.gz.sig’ -- not retrieving.
The sizes do not match (local 2230524) -- retrieving.

--2017-03-03 00:01:04--  ftp://ftp.internic.net/domain/root.zone
           => ‘./domain/root.zone’
==> CWD not required.
--> PASV

227 Entering Passive Mode (192,0,32,9,95,154)
--> RETR root.zone

150 Opening BINARY mode data connection for root.zone (2230894 bytes).
Length: 2230894 (2.1M)

     0K .......... .......... .......... .......... ..........  2% 43.7K 49s
    50K .......... .......... .......... .......... ..........  4% 41.5K 49s
   100K .......... .......... .......... .......... ..........  6% 42.1K 48s
   150K .......... .......... .......... .......... ..........  9% 55.5K 44s
   200K .......... .......... .......... .......... .......... 11% 45.8K 43s
   250K .......... .......... .......... .......... .......... 13% 54.8K 40s
   300K .......... .......... .......... .......... .......... 16% 30.6K 42s
   350K .......... .......... .......... .......... .......... 18% 31.3K 43s
   400K .......... .......... .......... .......... .......... 20% 31.5K 43s
   450K .......... .......... .......... .......... .......... 22% 43.7K 42s
   500K .......... .......... .......... .......... .......... 25% 44.1K 40s
   550K .......... .......... .......... .......... .......... 27% 42.7K 39s
   600K .......... .......... .......... .......... .......... 29% 55.0K 37s
   650K .......... .......... .......... .......... .......... 32% 72.8K 34s
   700K .......... .......... .......... .......... .......... 34% 36.4K 34s
   750K .......... .......... .......... .......... .......... 36% 54.8K 32s
   800K .......... .......... .......... .......... .......... 39% 68.5K 30s
   850K .......... .......... .......... .......... .......... 41% 43.8K 29s
   900K .......... .......... .......... .......... .......... 43% 45.7K 28s
   950K .......... .......... .......... .......... .......... 45% 31.7K 27s
  1000K .......... .......... .......... .......... .......... 48% 44.2K 26s
  1050K .......... .......... .......... .......... .......... 50% 55.6K 25s
  1100K .......... .......... .......... .......... .......... 52% 51.5K 23s
  1150K .......... .......... .......... .......... .......... 55% 54.5K 22s
  1200K .......... .......... .......... .......... .......... 57% 35.0K 21s
  1250K .......... .......... .......... .......... .......... 59% 17.5K 21s
  1300K .......... .......... .......... .......... .......... 61% 42.2K 20s
  1350K .......... .......... .......... .......... .......... 64% 73.8K 18s
  1400K .......... .......... .......... .......... .......... 66% 55.1K 17s
  1450K .......... .......... .......... .......... .......... 68%  208K 16s
  1500K .......... .......... .......... .......... .......... 71% 56.5K 14s
  1550K .......... .......... .......... .......... .......... 73%  222K 13s
  1600K .......... .......... .......... .......... .......... 75% 43.7K 12s
  1650K .......... .......... .......... .......... .......... 78% 73.7K 10s
  1700K .......... .......... .......... .......... .......... 80% 54.6K 9s
  1750K .......... .......... .......... .......... .......... 82% 55.0K 8s
  1800K .......... .......... .......... .......... .......... 84% 17.8K 7s
  1850K .......... .......... .......... .......... .......... 87% 17.1K 7s
  1900K .......... .......... .......... .......... .......... 89% 36.8K 5s
  1950K .......... .......... .......... .......... .......... 91% 36.9K 4s
  2000K .......... .......... .......... .......... .......... 94% 44.4K 3s
  2050K .......... .......... .......... .......... .......... 96% 36.9K 2s
  2100K .......... .......... .......... .......... .......... 98% 39.7K 1s
  2150K .......... .......... ........                        100% 23.5K=53s

226 Transfer complete.
2017-03-03 00:01:58 (41.5 KB/s) - ‘./domain/root.zone’ saved [2230894]

The sizes do not match (local 1048009) -- retrieving.

--2017-03-03 00:01:58--  ftp://ftp.internic.net/domain/root.zone.gz
           => ‘./domain/root.zone.gz’
==> CWD not required.
--> PASV

227 Entering Passive Mode (192,0,32,9,219,164)
--> RETR root.zone.gz

150 Opening BINARY mode data connection for root.zone.gz (1048062 bytes).
Length: 1048062 (1023K)

     0K .......... .......... .......... .......... ..........  4% 56.6K 17s
    50K .......... .......... .......... .......... ..........  9% 55.3K 17s
   100K .......... .......... .......... .......... .......... 14% 54.0K 16s
   150K .......... .......... .......... .......... .......... 19% 45.2K 16s
   200K .......... .......... .......... .......... .......... 24% 38.6K 16s
   250K .......... .......... .......... .......... .......... 29% 45.0K 15s
   300K .......... .......... .......... .......... .......... 34% 36.6K 15s
   350K .......... .......... .......... .......... .......... 39% 21.5K 15s
   400K .......... .......... .......... .......... .......... 43% 29.1K 15s
   450K .......... .......... .......... .......... .......... 48% 37.6K 14s
   500K .......... .......... .......... .......... .......... 53% 37.4K 12s
   550K .......... .......... .......... .......... .......... 58% 36.8K 11s
   600K .......... .......... .......... .......... .......... 63% 56.4K 10s
   650K .......... .......... .......... .......... .......... 68% 54.7K 8s
   700K .......... .......... .......... .......... .......... 73% 58.3K 7s
   750K .......... .......... .......... .......... .......... 78% 36.7K 5s
   800K .......... .......... .......... .......... .......... 83% 44.4K 4s
   850K .......... .......... .......... .......... .......... 87% 55.6K 3s
   900K .......... .......... .......... .......... .......... 92% 55.8K 2s
   950K .......... .......... .......... .......... .......... 97% 56.3K 1s
  1000K .......... .......... ...                             100% 54.8K=24s

226 Transfer complete.
2017-03-03 00:02:22 (42.8 KB/s) - ‘./domain/root.zone.gz’ saved [1048062]

Remote file is newer than local file ‘./domain/root.zone.gz.md5’ -- retrieving.

--2017-03-03 00:02:22--  ftp://ftp.internic.net/domain/root.zone.gz.md5
           => ‘./domain/root.zone.gz.md5’
==> CWD not required.
--> PASV

227 Entering Passive Mode (192,0,32,9,240,146)
--> RETR root.zone.gz.md5

150 Opening BINARY mode data connection for root.zone.gz.md5 (33 bytes).
Length: 33

     0K                                                       100%  208K=0s

226 Transfer complete.
2017-03-03 00:02:25 (208 KB/s) - ‘./domain/root.zone.gz.md5’ saved [33]

Remote file is newer than local file ‘./domain/root.zone.gz.sig’ -- retrieving.

--2017-03-03 00:02:25--  ftp://ftp.internic.net/domain/root.zone.gz.sig
           => ‘./domain/root.zone.gz.sig’
==> CWD not required.
--> PASV

227 Entering Passive Mode (192,0,32,9,230,142)
--> RETR root.zone.gz.sig

150 Opening BINARY mode data connection for root.zone.gz.sig (72 bytes).
Length: 72

     0K                                                       100%  472K=0s

226 Transfer complete.
2017-03-03 00:02:27 (472 KB/s) - ‘./domain/root.zone.gz.sig’ saved [72]

Remote file is newer than local file ‘./domain/root.zone.md5’ -- retrieving.

--2017-03-03 00:02:27--  ftp://ftp.internic.net/domain/root.zone.md5
           => ‘./domain/root.zone.md5’
==> CWD not required.
--> PASV

227 Entering Passive Mode (192,0,32,9,166,30)
--> RETR root.zone.md5

150 Opening BINARY mode data connection for root.zone.md5 (33 bytes).
Length: 33

     0K                                                       100%  123K=0s

226 Transfer complete.
2017-03-03 00:02:29 (123 KB/s) - ‘./domain/root.zone.md5’ saved [33]

Remote file is newer than local file ‘./domain/root.zone.sig’ -- retrieving.

--2017-03-03 00:02:29--  ftp://ftp.internic.net/domain/root.zone.sig
           => ‘./domain/root.zone.sig’
==> CWD not required.
--> PASV

227 Entering Passive Mode (192,0,32,9,180,49)
--> RETR root.zone.sig

150 Opening BINARY mode data connection for root.zone.sig (72 bytes).
Length: 72

     0K                                                       100%  622K=0s

226 Transfer complete.
2017-03-03 00:02:30 (622 KB/s) - ‘./domain/root.zone.sig’ saved [72]

FINISHED --2017-03-03 00:02:30--
Total wall clock time: 2m 27s
Downloaded: 40 files, 3.9M in 1m 31s (44.0 KB/s)
