--2017-04-01 00:00:02--  ftp://ftp.internic.net/*
           => ‘./.listing’
Resolving ftp.internic.net (ftp.internic.net)... 192.0.32.9, 2620:0:2d0:200::9
Connecting to ftp.internic.net (ftp.internic.net)|192.0.32.9|:21... connected.
Logging in as anonymous ... 
220 Internic FTP Server
--> USER anonymous

331 Please specify the password.
--> PASS Turtle Power!

230 Login successful.
--> SYST

215 UNIX Type: L8
--> PWD

257 "/"
--> TYPE I

200 Switching to Binary mode.
==> CWD not needed.
--> PASV

227 Entering Passive Mode (192,0,32,9,240,26)
--> LIST -a

150 Here comes the directory listing.

     0K                                                        1.20M=0s

226 Directory send OK.
drwxr-xr-x    3 ftp      ftp          4096 Apr 04  2012 .
drwxr-xr-x    3 ftp      ftp          4096 Apr 04  2012 ..
drwxr-xr-x    2 ftp      ftp          4096 Sep 09  2015 domain
2017-04-01 00:00:07 (1.20 MB/s) - ‘./.listing’ saved [183]

--2017-04-01 00:00:07--  ftp://ftp.internic.net/domain/*
           => ‘./domain/.listing’
--> CWD /domain

250 Directory successfully changed.
--> PASV

227 Entering Passive Mode (192,0,32,9,148,169)
--> LIST -a

150 Here comes the directory listing.

     0K ...                                                     841K=0.005s

226 Directory send OK.
drwxr-xr-x    2 ftp      ftp          4096 Sep 09  2015 .
drwxr-xr-x    3 ftp      ftp          4096 Apr 04  2012 ..
-rw-r--r--    1 ftp      ftp          1829 Aug 18  2015 .listing
-rw-r--r--    1 ftp      ftp          1224 Mar 31 12:30 INTERNIC_ROOT_ZONE.signatures
-rw-r--r--    1 ftp      ftp          1469 Mar 31 12:30 INTERNIC_ROOT_ZONE.signatures.asc
-rw-r--r--    1 ftp      ftp         15438 Mar 31 12:30 arpa.zone
-rw-r--r--    1 ftp      ftp          6791 Mar 31 12:30 arpa.zone.gz
-rw-r--r--    1 ftp      ftp            33 Mar 31 12:30 arpa.zone.gz.md5
-rw-r--r--    1 ftp      ftp            72 Mar 31 12:30 arpa.zone.gz.sig
-rw-r--r--    1 ftp      ftp          3291 Oct 20 19:35 db.cache
-rw-r--r--    1 ftp      ftp            33 Oct 20 19:35 db.cache.md5
-rw-r--r--    1 ftp      ftp            72 Oct 20 19:35 db.cache.sig
-rw-r--r--    1 ftp      ftp        229869 Mar 31 15:40 in-addr.arpa
-rw-r--r--    1 ftp      ftp         90542 Mar 31 15:40 in-addr.arpa.gz
-rw-r--r--    1 ftp      ftp            55 Mar 31 15:40 in-addr.arpa.gz.md5
-rw-r--r--    1 ftp      ftp            90 Mar 31 15:40 in-addr.arpa.gz.sha256
-rw-r--r--    1 ftp      ftp            52 Mar 31 15:40 in-addr.arpa.md5
-rw-r--r--    1 ftp      ftp            87 Mar 31 15:40 in-addr.arpa.sha256
-rw-r--r--    1 ftp      ftp        229869 Mar 31 15:40 in-addr.arpa.zone
-rw-r--r--    1 ftp      ftp         90542 Mar 31 15:40 in-addr.arpa.zone.gz
-rw-r--r--    1 ftp      ftp            60 Mar 31 15:40 in-addr.arpa.zone.gz.md5
-rw-r--r--    1 ftp      ftp            95 Mar 31 15:40 in-addr.arpa.zone.gz.sha256
-rw-r--r--    1 ftp      ftp            57 Mar 31 15:40 in-addr.arpa.zone.md5
-rw-r--r--    1 ftp      ftp            92 Mar 31 15:40 in-addr.arpa.zone.sha256
-rw-r--r--    1 ftp      ftp         61853 Mar 31 15:40 ip6.arpa
-rw-r--r--    1 ftp      ftp         24392 Mar 31 15:40 ip6.arpa.gz
-rw-r--r--    1 ftp      ftp            51 Mar 31 15:40 ip6.arpa.gz.md5
-rw-r--r--    1 ftp      ftp            86 Mar 31 15:40 ip6.arpa.gz.sha256
-rw-r--r--    1 ftp      ftp            48 Mar 31 15:40 ip6.arpa.md5
-rw-r--r--    1 ftp      ftp            83 Mar 31 15:40 ip6.arpa.sha256
-rw-r--r--    1 ftp      ftp         61853 Mar 31 15:40 ip6.arpa.zone
-rw-r--r--    1 ftp      ftp         24392 Mar 31 15:40 ip6.arpa.zone.gz
-rw-r--r--    1 ftp      ftp            56 Mar 31 15:40 ip6.arpa.zone.gz.md5
-rw-r--r--    1 ftp      ftp            91 Mar 31 15:40 ip6.arpa.zone.gz.sha256
-rw-r--r--    1 ftp      ftp            53 Mar 31 15:40 ip6.arpa.zone.md5
-rw-r--r--    1 ftp      ftp            88 Mar 31 15:40 ip6.arpa.zone.sha256
-rw-r--r--    1 ftp      ftp            21 Mar 31 15:40 last_update.txt
-rw-r--r--    1 ftp      ftp          3291 Oct 20 19:35 named.cache
-rw-r--r--    1 ftp      ftp            33 Oct 20 19:35 named.cache.md5
-rw-r--r--    1 ftp      ftp            72 Oct 20 19:35 named.cache.sig
-rw-r--r--    1 ftp      ftp          3291 Oct 20 19:35 named.root
-rw-r--r--    1 ftp      ftp            33 Oct 20 19:35 named.root.md5
-rw-r--r--    1 ftp      ftp            72 Oct 20 19:35 named.root.sig
-rw-r--r--    1 ftp      ftp          2110 Oct 20 19:35 root-servers.net.zone
-rw-r--r--    1 ftp      ftp           574 Oct 20 19:35 root-servers.net.zone.gz
-rw-r--r--    1 ftp      ftp            33 Oct 20 19:35 root-servers.net.zone.gz.md5
-rw-r--r--    1 ftp      ftp            72 Oct 20 19:35 root-servers.net.zone.gz.sig
-rw-r--r--    1 ftp      ftp       2231873 Mar 31 05:10 root.zone
-rw-r--r--    1 ftp      ftp       1048322 Mar 31 05:10 root.zone.gz
-rw-r--r--    1 ftp      ftp            33 Mar 31 05:10 root.zone.gz.md5
-rw-r--r--    1 ftp      ftp            72 Mar 31 05:10 root.zone.gz.sig
-rw-r--r--    1 ftp      ftp            33 Mar 31 05:10 root.zone.md5
-rw-r--r--    1 ftp      ftp            72 Mar 31 05:10 root.zone.sig
2017-04-01 00:00:08 (841 KB/s) - ‘./domain/.listing’ saved [3930]

The sizes do not match (local 3930) -- retrieving.

--2017-04-01 00:00:08--  ftp://ftp.internic.net/domain/.listing
           => ‘./domain/.listing’
==> CWD not required.
--> PASV

227 Entering Passive Mode (192,0,32,9,16,157)
--> RETR .listing

150 Opening BINARY mode data connection for .listing (1829 bytes).
Length: 1829 (1.8K)

     0K .                                                     100% 15.4M=0s

226 Transfer complete.
2017-04-01 00:00:08 (15.4 MB/s) - ‘./domain/.listing’ saved [1829]

Remote file is newer than local file ‘./domain/INTERNIC_ROOT_ZONE.signatures’ -- retrieving.

--2017-04-01 00:00:09--  ftp://ftp.internic.net/domain/INTERNIC_ROOT_ZONE.signatures
           => ‘./domain/INTERNIC_ROOT_ZONE.signatures’
==> CWD not required.
--> PASV

227 Entering Passive Mode (192,0,32,9,104,168)
--> RETR INTERNIC_ROOT_ZONE.signatures

150 Opening BINARY mode data connection for INTERNIC_ROOT_ZONE.signatures (1224 bytes).
Length: 1224 (1.2K)

     0K .                                                     100% 15.2M=0s

226 Transfer complete.
2017-04-01 00:00:09 (15.2 MB/s) - ‘./domain/INTERNIC_ROOT_ZONE.signatures’ saved [1224]

Remote file is newer than local file ‘./domain/INTERNIC_ROOT_ZONE.signatures.asc’ -- retrieving.

--2017-04-01 00:00:09--  ftp://ftp.internic.net/domain/INTERNIC_ROOT_ZONE.signatures.asc
           => ‘./domain/INTERNIC_ROOT_ZONE.signatures.asc’
==> CWD not required.
--> PASV

227 Entering Passive Mode (192,0,32,9,23,125)
--> RETR INTERNIC_ROOT_ZONE.signatures.asc

150 Opening BINARY mode data connection for INTERNIC_ROOT_ZONE.signatures.asc (1469 bytes).
Length: 1469 (1.4K)

     0K .                                                     100% 12.5M=0s

226 Transfer complete.
2017-04-01 00:00:10 (12.5 MB/s) - ‘./domain/INTERNIC_ROOT_ZONE.signatures.asc’ saved [1469]

Remote file is newer than local file ‘./domain/arpa.zone’ -- retrieving.

--2017-04-01 00:00:10--  ftp://ftp.internic.net/domain/arpa.zone
           => ‘./domain/arpa.zone’
==> CWD not required.
--> PASV

227 Entering Passive Mode (192,0,32,9,25,116)
--> RETR arpa.zone

150 Opening BINARY mode data connection for arpa.zone (15438 bytes).
Length: 15438 (15K)

     0K .......... .....                                      100% 25.5M=0.001s

226 Transfer complete.
2017-04-01 00:00:11 (25.5 MB/s) - ‘./domain/arpa.zone’ saved [15438]

The sizes do not match (local 6793) -- retrieving.

--2017-04-01 00:00:11--  ftp://ftp.internic.net/domain/arpa.zone.gz
           => ‘./domain/arpa.zone.gz’
==> CWD not required.
--> PASV

227 Entering Passive Mode (192,0,32,9,90,151)
--> RETR arpa.zone.gz

150 Opening BINARY mode data connection for arpa.zone.gz (6791 bytes).
Length: 6791 (6.6K)

     0K ......                                                100%  127M=0s

226 Transfer complete.
2017-04-01 00:00:11 (127 MB/s) - ‘./domain/arpa.zone.gz’ saved [6791]

Remote file is newer than local file ‘./domain/arpa.zone.gz.md5’ -- retrieving.

--2017-04-01 00:00:11--  ftp://ftp.internic.net/domain/arpa.zone.gz.md5
           => ‘./domain/arpa.zone.gz.md5’
==> CWD not required.
--> PASV

227 Entering Passive Mode (192,0,32,9,84,195)
--> RETR arpa.zone.gz.md5

150 Opening BINARY mode data connection for arpa.zone.gz.md5 (33 bytes).
Length: 33

     0K                                                       100%  252K=0s

226 Transfer complete.
2017-04-01 00:00:12 (252 KB/s) - ‘./domain/arpa.zone.gz.md5’ saved [33]

Remote file is newer than local file ‘./domain/arpa.zone.gz.sig’ -- retrieving.

--2017-04-01 00:00:12--  ftp://ftp.internic.net/domain/arpa.zone.gz.sig
           => ‘./domain/arpa.zone.gz.sig’
==> CWD not required.
--> PASV

227 Entering Passive Mode (192,0,32,9,42,237)
--> RETR arpa.zone.gz.sig

150 Opening BINARY mode data connection for arpa.zone.gz.sig (72 bytes).
Length: 72

     0K                                                       100% 1.72M=0s

226 Transfer complete.
2017-04-01 00:00:13 (1.72 MB/s) - ‘./domain/arpa.zone.gz.sig’ saved [72]

Remote file no newer than local file ‘./domain/db.cache’ -- not retrieving.
Remote file no newer than local file ‘./domain/db.cache.md5’ -- not retrieving.
Remote file no newer than local file ‘./domain/db.cache.sig’ -- not retrieving.
Remote file is newer than local file ‘./domain/in-addr.arpa’ -- retrieving.

--2017-04-01 00:00:13--  ftp://ftp.internic.net/domain/in-addr.arpa
           => ‘./domain/in-addr.arpa’
==> CWD not required.
--> PASV

227 Entering Passive Mode (192,0,32,9,184,149)
--> RETR in-addr.arpa

150 Opening BINARY mode data connection for in-addr.arpa (229869 bytes).
Length: 229869 (224K)

     0K .......... .......... .......... .......... .......... 22%  145K 1s
    50K .......... .......... .......... .......... .......... 44%  270K 1s
   100K .......... .......... .......... .......... .......... 66% 3.44M 0s
   150K .......... .......... .......... .......... .......... 89%  287K 0s
   200K .......... .......... ....                            100% 11.9M=0.7s

226 Transfer complete.
2017-04-01 00:00:14 (311 KB/s) - ‘./domain/in-addr.arpa’ saved [229869]

Remote file is newer than local file ‘./domain/in-addr.arpa.gz’ -- retrieving.

--2017-04-01 00:00:14--  ftp://ftp.internic.net/domain/in-addr.arpa.gz
           => ‘./domain/in-addr.arpa.gz’
==> CWD not required.
--> PASV

227 Entering Passive Mode (192,0,32,9,41,142)
--> RETR in-addr.arpa.gz

150 Opening BINARY mode data connection for in-addr.arpa.gz (90542 bytes).
Length: 90542 (88K)

     0K .......... .......... .......... .......... .......... 56%  148K 0s
    50K .......... .......... .......... ........             100% 11.9M=0.3s

226 Transfer complete.
2017-04-01 00:00:15 (259 KB/s) - ‘./domain/in-addr.arpa.gz’ saved [90542]

Remote file is newer than local file ‘./domain/in-addr.arpa.gz.md5’ -- retrieving.

--2017-04-01 00:00:15--  ftp://ftp.internic.net/domain/in-addr.arpa.gz.md5
           => ‘./domain/in-addr.arpa.gz.md5’
==> CWD not required.
--> PASV

227 Entering Passive Mode (192,0,32,9,223,111)
--> RETR in-addr.arpa.gz.md5

150 Opening BINARY mode data connection for in-addr.arpa.gz.md5 (55 bytes).
Length: 55

     0K                                                       100% 1.25M=0s

226 Transfer complete.
2017-04-01 00:00:16 (1.25 MB/s) - ‘./domain/in-addr.arpa.gz.md5’ saved [55]

Remote file is newer than local file ‘./domain/in-addr.arpa.gz.sha256’ -- retrieving.

--2017-04-01 00:00:16--  ftp://ftp.internic.net/domain/in-addr.arpa.gz.sha256
           => ‘./domain/in-addr.arpa.gz.sha256’
==> CWD not required.
--> PASV

227 Entering Passive Mode (192,0,32,9,41,238)
--> RETR in-addr.arpa.gz.sha256

150 Opening BINARY mode data connection for in-addr.arpa.gz.sha256 (90 bytes).
Length: 90

     0K                                                       100%  792K=0s

226 Transfer complete.
2017-04-01 00:00:17 (792 KB/s) - ‘./domain/in-addr.arpa.gz.sha256’ saved [90]

Remote file is newer than local file ‘./domain/in-addr.arpa.md5’ -- retrieving.

--2017-04-01 00:00:17--  ftp://ftp.internic.net/domain/in-addr.arpa.md5
           => ‘./domain/in-addr.arpa.md5’
==> CWD not required.
--> PASV

227 Entering Passive Mode (192,0,32,9,129,75)
--> RETR in-addr.arpa.md5

150 Opening BINARY mode data connection for in-addr.arpa.md5 (52 bytes).
Length: 52

     0K                                                       100%  806K=0s

226 Transfer complete.
2017-04-01 00:00:17 (806 KB/s) - ‘./domain/in-addr.arpa.md5’ saved [52]

Remote file is newer than local file ‘./domain/in-addr.arpa.sha256’ -- retrieving.

--2017-04-01 00:00:17--  ftp://ftp.internic.net/domain/in-addr.arpa.sha256
           => ‘./domain/in-addr.arpa.sha256’
==> CWD not required.
--> PASV

227 Entering Passive Mode (192,0,32,9,140,182)
--> RETR in-addr.arpa.sha256

150 Opening BINARY mode data connection for in-addr.arpa.sha256 (87 bytes).
Length: 87

     0K                                                       100%  503K=0s

226 Transfer complete.
2017-04-01 00:00:18 (503 KB/s) - ‘./domain/in-addr.arpa.sha256’ saved [87]

Remote file is newer than local file ‘./domain/in-addr.arpa.zone’ -- retrieving.

--2017-04-01 00:00:18--  ftp://ftp.internic.net/domain/in-addr.arpa.zone
           => ‘./domain/in-addr.arpa.zone’
==> CWD not required.
--> PASV

227 Entering Passive Mode (192,0,32,9,217,36)
--> RETR in-addr.arpa.zone

150 Opening BINARY mode data connection for in-addr.arpa.zone (229869 bytes).
Length: 229869 (224K)

     0K .......... .......... .......... .......... .......... 22%  149K 1s
    50K .......... .......... .......... .......... .......... 44%  297K 1s
   100K .......... .......... .......... .......... .......... 66% 11.4M 0s
   150K .......... .......... .......... .......... .......... 89%  298K 0s
   200K .......... .......... ....                            100%  148K=0.8s

226 Transfer complete.
2017-04-01 00:00:19 (267 KB/s) - ‘./domain/in-addr.arpa.zone’ saved [229869]

Remote file is newer than local file ‘./domain/in-addr.arpa.zone.gz’ -- retrieving.

--2017-04-01 00:00:19--  ftp://ftp.internic.net/domain/in-addr.arpa.zone.gz
           => ‘./domain/in-addr.arpa.zone.gz’
==> CWD not required.
--> PASV

227 Entering Passive Mode (192,0,32,9,41,100)
--> RETR in-addr.arpa.zone.gz

150 Opening BINARY mode data connection for in-addr.arpa.zone.gz (90542 bytes).
Length: 90542 (88K)

     0K .......... .......... .......... .......... .......... 56%  145K 0s
    50K .......... .......... .......... ........             100% 10.9M=0.3s

226 Transfer complete.
2017-04-01 00:00:21 (253 KB/s) - ‘./domain/in-addr.arpa.zone.gz’ saved [90542]

Remote file is newer than local file ‘./domain/in-addr.arpa.zone.gz.md5’ -- retrieving.

--2017-04-01 00:00:21--  ftp://ftp.internic.net/domain/in-addr.arpa.zone.gz.md5
           => ‘./domain/in-addr.arpa.zone.gz.md5’
==> CWD not required.
--> PASV

227 Entering Passive Mode (192,0,32,9,220,129)
--> RETR in-addr.arpa.zone.gz.md5

150 Opening BINARY mode data connection for in-addr.arpa.zone.gz.md5 (60 bytes).
Length: 60

     0K                                                       100%  533K=0s

226 Transfer complete.
2017-04-01 00:00:21 (533 KB/s) - ‘./domain/in-addr.arpa.zone.gz.md5’ saved [60]

Remote file is newer than local file ‘./domain/in-addr.arpa.zone.gz.sha256’ -- retrieving.

--2017-04-01 00:00:21--  ftp://ftp.internic.net/domain/in-addr.arpa.zone.gz.sha256
           => ‘./domain/in-addr.arpa.zone.gz.sha256’
==> CWD not required.
--> PASV

227 Entering Passive Mode (192,0,32,9,113,220)
--> RETR in-addr.arpa.zone.gz.sha256

150 Opening BINARY mode data connection for in-addr.arpa.zone.gz.sha256 (95 bytes).
Length: 95

     0K                                                       100%  843K=0s

226 Transfer complete.
2017-04-01 00:00:22 (843 KB/s) - ‘./domain/in-addr.arpa.zone.gz.sha256’ saved [95]

Remote file is newer than local file ‘./domain/in-addr.arpa.zone.md5’ -- retrieving.

--2017-04-01 00:00:22--  ftp://ftp.internic.net/domain/in-addr.arpa.zone.md5
           => ‘./domain/in-addr.arpa.zone.md5’
==> CWD not required.
--> PASV

227 Entering Passive Mode (192,0,32,9,91,33)
--> RETR in-addr.arpa.zone.md5

150 Opening BINARY mode data connection for in-addr.arpa.zone.md5 (57 bytes).
Length: 57

     0K                                                       100% 1.51M=0s

226 Transfer complete.
2017-04-01 00:00:23 (1.51 MB/s) - ‘./domain/in-addr.arpa.zone.md5’ saved [57]

Remote file is newer than local file ‘./domain/in-addr.arpa.zone.sha256’ -- retrieving.

--2017-04-01 00:00:23--  ftp://ftp.internic.net/domain/in-addr.arpa.zone.sha256
           => ‘./domain/in-addr.arpa.zone.sha256’
==> CWD not required.
--> PASV

227 Entering Passive Mode (192,0,32,9,199,23)
--> RETR in-addr.arpa.zone.sha256

150 Opening BINARY mode data connection for in-addr.arpa.zone.sha256 (92 bytes).
Length: 92

     0K                                                       100% 2.31M=0s

226 Transfer complete.
2017-04-01 00:00:23 (2.31 MB/s) - ‘./domain/in-addr.arpa.zone.sha256’ saved [92]

Remote file is newer than local file ‘./domain/ip6.arpa’ -- retrieving.

--2017-04-01 00:00:23--  ftp://ftp.internic.net/domain/ip6.arpa
           => ‘./domain/ip6.arpa’
==> CWD not required.
--> PASV

227 Entering Passive Mode (192,0,32,9,83,46)
--> RETR ip6.arpa

150 Opening BINARY mode data connection for ip6.arpa (61853 bytes).
Length: 61853 (60K)

     0K .......... .......... .......... .......... .......... 82% 74.3K 0s
    50K ..........                                            100% 9.51M=0.7s

226 Transfer complete.
2017-04-01 00:00:25 (89.7 KB/s) - ‘./domain/ip6.arpa’ saved [61853]

Remote file is newer than local file ‘./domain/ip6.arpa.gz’ -- retrieving.

--2017-04-01 00:00:25--  ftp://ftp.internic.net/domain/ip6.arpa.gz
           => ‘./domain/ip6.arpa.gz’
==> CWD not required.
--> PASV

227 Entering Passive Mode (192,0,32,9,41,217)
--> RETR ip6.arpa.gz

150 Opening BINARY mode data connection for ip6.arpa.gz (24392 bytes).
Length: 24392 (24K)

     0K .......... .......... ...                             100%  142K=0.2s

226 Transfer complete.
2017-04-01 00:00:26 (142 KB/s) - ‘./domain/ip6.arpa.gz’ saved [24392]

Remote file is newer than local file ‘./domain/ip6.arpa.gz.md5’ -- retrieving.

--2017-04-01 00:00:26--  ftp://ftp.internic.net/domain/ip6.arpa.gz.md5
           => ‘./domain/ip6.arpa.gz.md5’
==> CWD not required.
--> PASV

227 Entering Passive Mode (192,0,32,9,174,35)
--> RETR ip6.arpa.gz.md5

150 Opening BINARY mode data connection for ip6.arpa.gz.md5 (51 bytes).
Length: 51

     0K                                                       100%  449K=0s

226 Transfer complete.
2017-04-01 00:00:26 (449 KB/s) - ‘./domain/ip6.arpa.gz.md5’ saved [51]

Remote file is newer than local file ‘./domain/ip6.arpa.gz.sha256’ -- retrieving.

--2017-04-01 00:00:26--  ftp://ftp.internic.net/domain/ip6.arpa.gz.sha256
           => ‘./domain/ip6.arpa.gz.sha256’
==> CWD not required.
--> PASV

227 Entering Passive Mode (192,0,32,9,172,171)
--> RETR ip6.arpa.gz.sha256

150 Opening BINARY mode data connection for ip6.arpa.gz.sha256 (86 bytes).
Length: 86

     0K                                                       100%  770K=0s

226 Transfer complete.
2017-04-01 00:00:27 (770 KB/s) - ‘./domain/ip6.arpa.gz.sha256’ saved [86]

Remote file is newer than local file ‘./domain/ip6.arpa.md5’ -- retrieving.

--2017-04-01 00:00:27--  ftp://ftp.internic.net/domain/ip6.arpa.md5
           => ‘./domain/ip6.arpa.md5’
==> CWD not required.
--> PASV

227 Entering Passive Mode (192,0,32,9,41,180)
--> RETR ip6.arpa.md5

150 Opening BINARY mode data connection for ip6.arpa.md5 (48 bytes).
Length: 48

     0K                                                       100%  422K=0s

226 Transfer complete.
2017-04-01 00:00:28 (422 KB/s) - ‘./domain/ip6.arpa.md5’ saved [48]

Remote file is newer than local file ‘./domain/ip6.arpa.sha256’ -- retrieving.

--2017-04-01 00:00:28--  ftp://ftp.internic.net/domain/ip6.arpa.sha256
           => ‘./domain/ip6.arpa.sha256’
==> CWD not required.
--> PASV

227 Entering Passive Mode (192,0,32,9,8,245)
--> RETR ip6.arpa.sha256

150 Opening BINARY mode data connection for ip6.arpa.sha256 (83 bytes).
Length: 83

     0K                                                       100%  744K=0s

226 Transfer complete.
2017-04-01 00:00:28 (744 KB/s) - ‘./domain/ip6.arpa.sha256’ saved [83]

Remote file is newer than local file ‘./domain/ip6.arpa.zone’ -- retrieving.

--2017-04-01 00:00:28--  ftp://ftp.internic.net/domain/ip6.arpa.zone
           => ‘./domain/ip6.arpa.zone’
==> CWD not required.
--> PASV

227 Entering Passive Mode (192,0,32,9,42,167)
--> RETR ip6.arpa.zone

150 Opening BINARY mode data connection for ip6.arpa.zone (61853 bytes).
Length: 61853 (60K)

     0K .......... .......... .......... .......... .......... 82% 98.5K 0s
    50K ..........                                            100% 62.2K=0.7s

226 Transfer complete.
2017-04-01 00:00:30 (89.5 KB/s) - ‘./domain/ip6.arpa.zone’ saved [61853]

Remote file is newer than local file ‘./domain/ip6.arpa.zone.gz’ -- retrieving.

--2017-04-01 00:00:30--  ftp://ftp.internic.net/domain/ip6.arpa.zone.gz
           => ‘./domain/ip6.arpa.zone.gz’
==> CWD not required.
--> PASV

227 Entering Passive Mode (192,0,32,9,164,68)
--> RETR ip6.arpa.zone.gz

150 Opening BINARY mode data connection for ip6.arpa.zone.gz (24392 bytes).
Length: 24392 (24K)

     0K .......... .......... ...                             100%  139K=0.2s

226 Transfer complete.
2017-04-01 00:00:31 (139 KB/s) - ‘./domain/ip6.arpa.zone.gz’ saved [24392]

Remote file is newer than local file ‘./domain/ip6.arpa.zone.gz.md5’ -- retrieving.

--2017-04-01 00:00:31--  ftp://ftp.internic.net/domain/ip6.arpa.zone.gz.md5
           => ‘./domain/ip6.arpa.zone.gz.md5’
==> CWD not required.
--> PASV

227 Entering Passive Mode (192,0,32,9,78,41)
--> RETR ip6.arpa.zone.gz.md5

150 Opening BINARY mode data connection for ip6.arpa.zone.gz.md5 (56 bytes).
Length: 56

     0K                                                       100% 1013K=0s

226 Transfer complete.
2017-04-01 00:00:31 (1013 KB/s) - ‘./domain/ip6.arpa.zone.gz.md5’ saved [56]

Remote file is newer than local file ‘./domain/ip6.arpa.zone.gz.sha256’ -- retrieving.

--2017-04-01 00:00:31--  ftp://ftp.internic.net/domain/ip6.arpa.zone.gz.sha256
           => ‘./domain/ip6.arpa.zone.gz.sha256’
==> CWD not required.
--> PASV

227 Entering Passive Mode (192,0,32,9,203,44)
--> RETR ip6.arpa.zone.gz.sha256

150 Opening BINARY mode data connection for ip6.arpa.zone.gz.sha256 (91 bytes).
Length: 91

     0K                                                       100%  801K=0s

226 Transfer complete.
2017-04-01 00:00:32 (801 KB/s) - ‘./domain/ip6.arpa.zone.gz.sha256’ saved [91]

Remote file is newer than local file ‘./domain/ip6.arpa.zone.md5’ -- retrieving.

--2017-04-01 00:00:32--  ftp://ftp.internic.net/domain/ip6.arpa.zone.md5
           => ‘./domain/ip6.arpa.zone.md5’
==> CWD not required.
--> PASV

227 Entering Passive Mode (192,0,32,9,178,181)
--> RETR ip6.arpa.zone.md5

150 Opening BINARY mode data connection for ip6.arpa.zone.md5 (53 bytes).
Length: 53

     0K                                                       100%  471K=0s

226 Transfer complete.
2017-04-01 00:00:33 (471 KB/s) - ‘./domain/ip6.arpa.zone.md5’ saved [53]

Remote file is newer than local file ‘./domain/ip6.arpa.zone.sha256’ -- retrieving.

--2017-04-01 00:00:33--  ftp://ftp.internic.net/domain/ip6.arpa.zone.sha256
           => ‘./domain/ip6.arpa.zone.sha256’
==> CWD not required.
--> PASV

227 Entering Passive Mode (192,0,32,9,167,0)
--> RETR ip6.arpa.zone.sha256

150 Opening BINARY mode data connection for ip6.arpa.zone.sha256 (88 bytes).
Length: 88

     0K                                                       100%  428K=0s

226 Transfer complete.
2017-04-01 00:00:33 (428 KB/s) - ‘./domain/ip6.arpa.zone.sha256’ saved [88]

Remote file is newer than local file ‘./domain/last_update.txt’ -- retrieving.

--2017-04-01 00:00:33--  ftp://ftp.internic.net/domain/last_update.txt
           => ‘./domain/last_update.txt’
==> CWD not required.
--> PASV

227 Entering Passive Mode (192,0,32,9,41,20)
--> RETR last_update.txt

150 Opening BINARY mode data connection for last_update.txt (21 bytes).
Length: 21

     0K                                                       100%  185K=0s

226 Transfer complete.
2017-04-01 00:00:34 (185 KB/s) - ‘./domain/last_update.txt’ saved [21]

Remote file no newer than local file ‘./domain/named.cache’ -- not retrieving.
Remote file no newer than local file ‘./domain/named.cache.md5’ -- not retrieving.
Remote file no newer than local file ‘./domain/named.cache.sig’ -- not retrieving.
Remote file no newer than local file ‘./domain/named.root’ -- not retrieving.
Remote file no newer than local file ‘./domain/named.root.md5’ -- not retrieving.
Remote file no newer than local file ‘./domain/named.root.sig’ -- not retrieving.
Remote file no newer than local file ‘./domain/root-servers.net.zone’ -- not retrieving.
Remote file no newer than local file ‘./domain/root-servers.net.zone.gz’ -- not retrieving.
Remote file no newer than local file ‘./domain/root-servers.net.zone.gz.md5’ -- not retrieving.
Remote file no newer than local file ‘./domain/root-servers.net.zone.gz.sig’ -- not retrieving.
Remote file is newer than local file ‘./domain/root.zone’ -- retrieving.

--2017-04-01 00:00:34--  ftp://ftp.internic.net/domain/root.zone
           => ‘./domain/root.zone’
==> CWD not required.
--> PASV

227 Entering Passive Mode (192,0,32,9,202,26)
--> RETR root.zone

150 Opening BINARY mode data connection for root.zone (2231873 bytes).
Length: 2231873 (2.1M)

     0K .......... .......... .......... .......... ..........  2% 96.9K 22s
    50K .......... .......... .......... .......... ..........  4% 59.2K 28s
   100K .......... .......... .......... .......... ..........  6%  148K 23s
   150K .......... .......... .......... .......... ..........  9% 99.2K 22s
   200K .......... .......... .......... .......... .......... 11% 98.7K 21s
   250K .......... .......... .......... .......... .......... 13% 99.1K 20s
   300K .......... .......... .......... .......... .......... 16%  148K 19s
   350K .......... .......... .......... .......... .......... 18% 98.8K 18s
   400K .......... .......... .......... .......... .......... 20%  148K 17s
   450K .......... .......... .......... .......... .......... 22% 74.0K 17s
   500K .......... .......... .......... .......... .......... 25% 27.4M 15s
   550K .......... .......... .......... .......... .......... 27%  147K 14s
   600K .......... .......... .......... .......... .......... 29%  128K 14s
   650K .......... .......... .......... .......... .......... 32%  148K 13s
   700K .......... .......... .......... .......... .......... 34%  148K 12s
   750K .......... .......... .......... .......... .......... 36%  148K 12s
   800K .......... .......... .......... .......... .......... 38%  148K 11s
   850K .......... .......... .......... .......... .......... 41%  178K 11s
   900K .......... .......... .......... .......... .......... 43% 74.8K 10s
   950K .......... .......... .......... .......... .......... 45% 18.1M 10s
  1000K .......... .......... .......... .......... .......... 48%  126K 9s
  1050K .......... .......... .......... .......... .......... 50%  148K 9s
  1100K .......... .......... .......... .......... .......... 52%  181K 8s
  1150K .......... .......... .......... .......... .......... 55%  149K 8s
  1200K .......... .......... .......... .......... .......... 57%  167K 7s
  1250K .......... .......... .......... .......... .......... 59%  188K 7s
  1300K .......... .......... .......... .......... .......... 61%  179K 6s
  1350K .......... .......... .......... .......... .......... 64%  149K 6s
  1400K .......... .......... .......... .......... .......... 66%  167K 6s
  1450K .......... .......... .......... .......... .......... 68%  187K 5s
  1500K .......... .......... .......... .......... .......... 71%  181K 5s
  1550K .......... .......... .......... .......... .......... 73%  213K 4s
  1600K .......... .......... .......... .......... .......... 75%  185K 4s
  1650K .......... .......... .......... .......... .......... 77%  213K 3s
  1700K .......... .......... .......... .......... .......... 80%  212K 3s
  1750K .......... .......... .......... .......... .......... 82%  195K 3s
  1800K .......... .......... .......... .......... .......... 84%  264K 2s
  1850K .......... .......... .......... .......... .......... 87%  295K 2s
  1900K .......... .......... .......... .......... .......... 89%  182K 2s
  1950K .......... .......... .......... .......... .......... 91%  241K 1s
  2000K .......... .......... .......... .......... .......... 94%  279K 1s
  2050K .......... .......... .......... .......... .......... 96%  296K 1s
  2100K .......... .......... .......... .......... .......... 98%  295K 0s
  2150K .......... .......... .........                       100%  249K=14s

226 Transfer complete.
2017-04-01 00:00:49 (154 KB/s) - ‘./domain/root.zone’ saved [2231873]

The sizes do not match (local 1048277) -- retrieving.

--2017-04-01 00:00:49--  ftp://ftp.internic.net/domain/root.zone.gz
           => ‘./domain/root.zone.gz’
==> CWD not required.
--> PASV

227 Entering Passive Mode (192,0,32,9,42,215)
--> RETR root.zone.gz

150 Opening BINARY mode data connection for root.zone.gz (1048322 bytes).
Length: 1048322 (1024K)

     0K .......... .......... .......... .......... ..........  4%  145K 7s
    50K .......... .......... .......... .......... ..........  9%  146K 6s
   100K .......... .......... .......... .......... .......... 14%  284K 5s
   150K .......... .......... .......... .......... .......... 19%  288K 4s
   200K .......... .......... .......... .......... .......... 24%  146K 4s
   250K .......... .......... .......... .......... .......... 29% 55.0K 6s
   300K .......... .......... .......... .......... .......... 34%  144K 5s
   350K .......... .......... .......... .......... .......... 39%  145K 5s
   400K .......... .......... .......... .......... .......... 43%  288K 4s
   450K .......... .......... .......... .......... .......... 48%  146K 4s
   500K .......... .......... .......... .......... .......... 53%  283K 3s
   550K .......... .......... .......... .......... .......... 58%  145K 3s
   600K .......... .......... .......... .......... .......... 63%  146K 3s
   650K .......... .......... .......... .......... .......... 68%  145K 2s
   700K .......... .......... .......... .......... .......... 73%  145K 2s
   750K .......... .......... .......... .......... .......... 78%  145K 2s
   800K .......... .......... .......... .......... .......... 83%  145K 1s
   850K .......... .......... .......... .......... .......... 87%  145K 1s
   900K .......... .......... .......... .......... .......... 92%  146K 0s
   950K .......... .......... .......... .......... .......... 97%  283K 0s
  1000K .......... .......... ...                             100%  138K=6.8s

226 Transfer complete.
2017-04-01 00:00:56 (151 KB/s) - ‘./domain/root.zone.gz’ saved [1048322]

Remote file is newer than local file ‘./domain/root.zone.gz.md5’ -- retrieving.

--2017-04-01 00:00:56--  ftp://ftp.internic.net/domain/root.zone.gz.md5
           => ‘./domain/root.zone.gz.md5’
==> CWD not required.
--> PASV

227 Entering Passive Mode (192,0,32,9,10,250)
--> RETR root.zone.gz.md5

150 Opening BINARY mode data connection for root.zone.gz.md5 (33 bytes).
Length: 33

     0K                                                       100%  293K=0s

226 Transfer complete.
2017-04-01 00:00:57 (293 KB/s) - ‘./domain/root.zone.gz.md5’ saved [33]

Remote file is newer than local file ‘./domain/root.zone.gz.sig’ -- retrieving.

--2017-04-01 00:00:57--  ftp://ftp.internic.net/domain/root.zone.gz.sig
           => ‘./domain/root.zone.gz.sig’
==> CWD not required.
--> PASV

227 Entering Passive Mode (192,0,32,9,16,170)
--> RETR root.zone.gz.sig

150 Opening BINARY mode data connection for root.zone.gz.sig (72 bytes).
Length: 72

     0K                                                       100%  350K=0s

226 Transfer complete.
2017-04-01 00:00:58 (350 KB/s) - ‘./domain/root.zone.gz.sig’ saved [72]

Remote file is newer than local file ‘./domain/root.zone.md5’ -- retrieving.

--2017-04-01 00:00:58--  ftp://ftp.internic.net/domain/root.zone.md5
           => ‘./domain/root.zone.md5’
==> CWD not required.
--> PASV

227 Entering Passive Mode (192,0,32,9,151,32)
--> RETR root.zone.md5

150 Opening BINARY mode data connection for root.zone.md5 (33 bytes).
Length: 33

     0K                                                       100%  288K=0s

226 Transfer complete.
2017-04-01 00:00:59 (288 KB/s) - ‘./domain/root.zone.md5’ saved [33]

Remote file is newer than local file ‘./domain/root.zone.sig’ -- retrieving.

--2017-04-01 00:00:59--  ftp://ftp.internic.net/domain/root.zone.sig
           => ‘./domain/root.zone.sig’
==> CWD not required.
--> PASV

227 Entering Passive Mode (192,0,32,9,82,159)
--> RETR root.zone.sig

150 Opening BINARY mode data connection for root.zone.sig (72 bytes).
Length: 72

     0K                                                       100% 1.07M=0s

226 Transfer complete.
2017-04-01 00:00:59 (1.07 MB/s) - ‘./domain/root.zone.sig’ saved [72]

FINISHED --2017-04-01 00:00:59--
Total wall clock time: 58s
Downloaded: 40 files, 3.9M in 25s (162 KB/s)
