--2017-03-02 00:00:04--  ftp://ftp.internic.net/*
           => ‘./.listing’
Resolving ftp.internic.net (ftp.internic.net)... 192.0.32.9, 2620:0:2d0:200::9
Connecting to ftp.internic.net (ftp.internic.net)|192.0.32.9|:21... connected.
Logging in as anonymous ... 
220 Internic FTP Server
--> USER anonymous

331 Please specify the password.
--> PASS Turtle Power!

230 Login successful.
--> SYST

215 UNIX Type: L8
--> PWD

257 "/"
--> TYPE I

200 Switching to Binary mode.
==> CWD not needed.
--> PASV

227 Entering Passive Mode (192,0,32,9,69,211)
--> LIST -a

150 Here comes the directory listing.

     0K                                                        1.57M=0s

226 Directory send OK.
drwxr-xr-x    3 ftp      ftp          4096 Apr 04  2012 .
drwxr-xr-x    3 ftp      ftp          4096 Apr 04  2012 ..
drwxr-xr-x    2 ftp      ftp          4096 Sep 09  2015 domain
2017-03-02 00:00:08 (1.57 MB/s) - ‘./.listing’ saved [183]

--2017-03-02 00:00:08--  ftp://ftp.internic.net/domain/*
           => ‘./domain/.listing’
--> CWD /domain

250 Directory successfully changed.
--> PASV

227 Entering Passive Mode (192,0,32,9,171,135)
--> LIST -a

150 Here comes the directory listing.

     0K ...                                                     751K=0.005s

226 Directory send OK.
drwxr-xr-x    2 ftp      ftp          4096 Sep 09  2015 .
drwxr-xr-x    3 ftp      ftp          4096 Apr 04  2012 ..
-rw-r--r--    1 ftp      ftp          1829 Aug 18  2015 .listing
-rw-r--r--    1 ftp      ftp          1224 Mar 01 12:20 INTERNIC_ROOT_ZONE.signatures
-rw-r--r--    1 ftp      ftp          1469 Mar 01 12:20 INTERNIC_ROOT_ZONE.signatures.asc
-rw-r--r--    1 ftp      ftp         15186 Mar 01 12:20 arpa.zone
-rw-r--r--    1 ftp      ftp          6637 Mar 01 12:20 arpa.zone.gz
-rw-r--r--    1 ftp      ftp            33 Mar 01 12:20 arpa.zone.gz.md5
-rw-r--r--    1 ftp      ftp            72 Mar 01 12:20 arpa.zone.gz.sig
-rw-r--r--    1 ftp      ftp          3291 Oct 20 19:35 db.cache
-rw-r--r--    1 ftp      ftp            33 Oct 20 19:35 db.cache.md5
-rw-r--r--    1 ftp      ftp            72 Oct 20 19:35 db.cache.sig
-rw-r--r--    1 ftp      ftp        228019 Mar 01 15:41 in-addr.arpa
-rw-r--r--    1 ftp      ftp         90371 Mar 01 15:41 in-addr.arpa.gz
-rw-r--r--    1 ftp      ftp            55 Mar 01 15:41 in-addr.arpa.gz.md5
-rw-r--r--    1 ftp      ftp            90 Mar 01 15:41 in-addr.arpa.gz.sha256
-rw-r--r--    1 ftp      ftp            52 Mar 01 15:41 in-addr.arpa.md5
-rw-r--r--    1 ftp      ftp            87 Mar 01 15:41 in-addr.arpa.sha256
-rw-r--r--    1 ftp      ftp        228019 Mar 01 15:41 in-addr.arpa.zone
-rw-r--r--    1 ftp      ftp         90371 Mar 01 15:41 in-addr.arpa.zone.gz
-rw-r--r--    1 ftp      ftp            60 Mar 01 15:41 in-addr.arpa.zone.gz.md5
-rw-r--r--    1 ftp      ftp            95 Mar 01 15:41 in-addr.arpa.zone.gz.sha256
-rw-r--r--    1 ftp      ftp            57 Mar 01 15:41 in-addr.arpa.zone.md5
-rw-r--r--    1 ftp      ftp            92 Mar 01 15:41 in-addr.arpa.zone.sha256
-rw-r--r--    1 ftp      ftp         60746 Mar 01 15:41 ip6.arpa
-rw-r--r--    1 ftp      ftp         24313 Mar 01 15:41 ip6.arpa.gz
-rw-r--r--    1 ftp      ftp            51 Mar 01 15:41 ip6.arpa.gz.md5
-rw-r--r--    1 ftp      ftp            86 Mar 01 15:41 ip6.arpa.gz.sha256
-rw-r--r--    1 ftp      ftp            48 Mar 01 15:41 ip6.arpa.md5
-rw-r--r--    1 ftp      ftp            83 Mar 01 15:41 ip6.arpa.sha256
-rw-r--r--    1 ftp      ftp         60746 Mar 01 15:41 ip6.arpa.zone
-rw-r--r--    1 ftp      ftp         24313 Mar 01 15:41 ip6.arpa.zone.gz
-rw-r--r--    1 ftp      ftp            56 Mar 01 15:41 ip6.arpa.zone.gz.md5
-rw-r--r--    1 ftp      ftp            91 Mar 01 15:41 ip6.arpa.zone.gz.sha256
-rw-r--r--    1 ftp      ftp            53 Mar 01 15:41 ip6.arpa.zone.md5
-rw-r--r--    1 ftp      ftp            88 Mar 01 15:41 ip6.arpa.zone.sha256
-rw-r--r--    1 ftp      ftp            21 Mar 01 15:41 last_update.txt
-rw-r--r--    1 ftp      ftp          3291 Oct 20 19:35 named.cache
-rw-r--r--    1 ftp      ftp            33 Oct 20 19:35 named.cache.md5
-rw-r--r--    1 ftp      ftp            72 Oct 20 19:35 named.cache.sig
-rw-r--r--    1 ftp      ftp          3291 Oct 20 19:35 named.root
-rw-r--r--    1 ftp      ftp            33 Oct 20 19:35 named.root.md5
-rw-r--r--    1 ftp      ftp            72 Oct 20 19:35 named.root.sig
-rw-r--r--    1 ftp      ftp          2110 Oct 20 19:35 root-servers.net.zone
-rw-r--r--    1 ftp      ftp           574 Oct 20 19:35 root-servers.net.zone.gz
-rw-r--r--    1 ftp      ftp            33 Oct 20 19:35 root-servers.net.zone.gz.md5
-rw-r--r--    1 ftp      ftp            72 Oct 20 19:35 root-servers.net.zone.gz.sig
-rw-r--r--    1 ftp      ftp       2230524 Mar 01 05:11 root.zone
-rw-r--r--    1 ftp      ftp       1048009 Mar 01 05:11 root.zone.gz
-rw-r--r--    1 ftp      ftp            33 Mar 01 05:11 root.zone.gz.md5
-rw-r--r--    1 ftp      ftp            72 Mar 01 05:11 root.zone.gz.sig
-rw-r--r--    1 ftp      ftp            33 Mar 01 05:11 root.zone.md5
-rw-r--r--    1 ftp      ftp            72 Mar 01 05:11 root.zone.sig
2017-03-02 00:00:10 (751 KB/s) - ‘./domain/.listing’ saved [3930]

The sizes do not match (local 3930) -- retrieving.

--2017-03-02 00:00:10--  ftp://ftp.internic.net/domain/.listing
           => ‘./domain/.listing’
==> CWD not required.
--> PASV

227 Entering Passive Mode (192,0,32,9,183,75)
--> RETR .listing

150 Opening BINARY mode data connection for .listing (1829 bytes).
Length: 1829 (1.8K)

     0K .                                                     100% 11.1M=0s

226 Transfer complete.
2017-03-02 00:00:11 (11.1 MB/s) - ‘./domain/.listing’ saved [1829]

Remote file is newer than local file ‘./domain/INTERNIC_ROOT_ZONE.signatures’ -- retrieving.

--2017-03-02 00:00:11--  ftp://ftp.internic.net/domain/INTERNIC_ROOT_ZONE.signatures
           => ‘./domain/INTERNIC_ROOT_ZONE.signatures’
==> CWD not required.
--> PASV

227 Entering Passive Mode (192,0,32,9,42,185)
--> RETR INTERNIC_ROOT_ZONE.signatures

150 Opening BINARY mode data connection for INTERNIC_ROOT_ZONE.signatures (1224 bytes).
Length: 1224 (1.2K)

     0K .                                                     100% 8.11M=0s

226 Transfer complete.
2017-03-02 00:00:13 (8.11 MB/s) - ‘./domain/INTERNIC_ROOT_ZONE.signatures’ saved [1224]

Remote file is newer than local file ‘./domain/INTERNIC_ROOT_ZONE.signatures.asc’ -- retrieving.

--2017-03-02 00:00:13--  ftp://ftp.internic.net/domain/INTERNIC_ROOT_ZONE.signatures.asc
           => ‘./domain/INTERNIC_ROOT_ZONE.signatures.asc’
==> CWD not required.
--> PASV

227 Entering Passive Mode (192,0,32,9,120,49)
--> RETR INTERNIC_ROOT_ZONE.signatures.asc

150 Opening BINARY mode data connection for INTERNIC_ROOT_ZONE.signatures.asc (1469 bytes).
Length: 1469 (1.4K)

     0K .                                                     100% 8.98M=0s

226 Transfer complete.
2017-03-02 00:00:14 (8.98 MB/s) - ‘./domain/INTERNIC_ROOT_ZONE.signatures.asc’ saved [1469]

Remote file is newer than local file ‘./domain/arpa.zone’ -- retrieving.

--2017-03-02 00:00:14--  ftp://ftp.internic.net/domain/arpa.zone
           => ‘./domain/arpa.zone’
==> CWD not required.
--> PASV

227 Entering Passive Mode (192,0,32,9,52,114)
--> RETR arpa.zone

150 Opening BINARY mode data connection for arpa.zone (15186 bytes).
Length: 15186 (15K)

     0K .......... ....                                       100% 65.7K=0.2s

226 Transfer complete.
2017-03-02 00:00:15 (65.7 KB/s) - ‘./domain/arpa.zone’ saved [15186]

The sizes do not match (local 6633) -- retrieving.

--2017-03-02 00:00:15--  ftp://ftp.internic.net/domain/arpa.zone.gz
           => ‘./domain/arpa.zone.gz’
==> CWD not required.
--> PASV

227 Entering Passive Mode (192,0,32,9,41,64)
--> RETR arpa.zone.gz

150 Opening BINARY mode data connection for arpa.zone.gz (6637 bytes).
Length: 6637 (6.5K)

     0K ......                                                100% 31.5M=0s

226 Transfer complete.
2017-03-02 00:00:17 (31.5 MB/s) - ‘./domain/arpa.zone.gz’ saved [6637]

Remote file is newer than local file ‘./domain/arpa.zone.gz.md5’ -- retrieving.

--2017-03-02 00:00:17--  ftp://ftp.internic.net/domain/arpa.zone.gz.md5
           => ‘./domain/arpa.zone.gz.md5’
==> CWD not required.
--> PASV

227 Entering Passive Mode (192,0,32,9,239,124)
--> RETR arpa.zone.gz.md5

150 Opening BINARY mode data connection for arpa.zone.gz.md5 (33 bytes).
Length: 33

     0K                                                       100%  288K=0s

226 Transfer complete.
2017-03-02 00:00:17 (288 KB/s) - ‘./domain/arpa.zone.gz.md5’ saved [33]

Remote file is newer than local file ‘./domain/arpa.zone.gz.sig’ -- retrieving.

--2017-03-02 00:00:17--  ftp://ftp.internic.net/domain/arpa.zone.gz.sig
           => ‘./domain/arpa.zone.gz.sig’
==> CWD not required.
--> PASV

227 Entering Passive Mode (192,0,32,9,47,76)
--> RETR arpa.zone.gz.sig

150 Opening BINARY mode data connection for arpa.zone.gz.sig (72 bytes).
Length: 72

     0K                                                       100%  359K=0s

226 Transfer complete.
2017-03-02 00:00:18 (359 KB/s) - ‘./domain/arpa.zone.gz.sig’ saved [72]

Remote file no newer than local file ‘./domain/db.cache’ -- not retrieving.
Remote file no newer than local file ‘./domain/db.cache.md5’ -- not retrieving.
Remote file no newer than local file ‘./domain/db.cache.sig’ -- not retrieving.
Remote file is newer than local file ‘./domain/in-addr.arpa’ -- retrieving.

--2017-03-02 00:00:18--  ftp://ftp.internic.net/domain/in-addr.arpa
           => ‘./domain/in-addr.arpa’
==> CWD not required.
--> PASV

227 Entering Passive Mode (192,0,32,9,42,44)
--> RETR in-addr.arpa

150 Opening BINARY mode data connection for in-addr.arpa (228019 bytes).
Length: 228019 (223K)

     0K .......... .......... .......... .......... .......... 22%  113K 2s
    50K .......... .......... .......... .......... .......... 44%  227K 1s
   100K .......... .......... .......... .......... .......... 67%  222K 0s
   150K .......... .......... .......... .......... .......... 89%  113K 0s
   200K .......... .......... ..                              100% 34.0M=1.3s

226 Transfer complete.
2017-03-02 00:00:21 (167 KB/s) - ‘./domain/in-addr.arpa’ saved [228019]

Remote file is newer than local file ‘./domain/in-addr.arpa.gz’ -- retrieving.

--2017-03-02 00:00:21--  ftp://ftp.internic.net/domain/in-addr.arpa.gz
           => ‘./domain/in-addr.arpa.gz’
==> CWD not required.
--> PASV

227 Entering Passive Mode (192,0,32,9,71,30)
--> RETR in-addr.arpa.gz

150 Opening BINARY mode data connection for in-addr.arpa.gz (90371 bytes).
Length: 90371 (88K)

     0K .......... .......... .......... .......... .......... 56% 55.6K 1s
    50K .......... .......... .......... ........             100% 84.9K=1.4s

226 Transfer complete.
2017-03-02 00:00:23 (65.4 KB/s) - ‘./domain/in-addr.arpa.gz’ saved [90371]

Remote file is newer than local file ‘./domain/in-addr.arpa.gz.md5’ -- retrieving.

--2017-03-02 00:00:23--  ftp://ftp.internic.net/domain/in-addr.arpa.gz.md5
           => ‘./domain/in-addr.arpa.gz.md5’
==> CWD not required.
--> PASV

227 Entering Passive Mode (192,0,32,9,42,236)
--> RETR in-addr.arpa.gz.md5

150 Opening BINARY mode data connection for in-addr.arpa.gz.md5 (55 bytes).
Length: 55

     0K                                                       100%  480K=0s

226 Transfer complete.
2017-03-02 00:00:24 (480 KB/s) - ‘./domain/in-addr.arpa.gz.md5’ saved [55]

Remote file is newer than local file ‘./domain/in-addr.arpa.gz.sha256’ -- retrieving.

--2017-03-02 00:00:24--  ftp://ftp.internic.net/domain/in-addr.arpa.gz.sha256
           => ‘./domain/in-addr.arpa.gz.sha256’
==> CWD not required.
--> PASV

227 Entering Passive Mode (192,0,32,9,105,133)
--> RETR in-addr.arpa.gz.sha256

150 Opening BINARY mode data connection for in-addr.arpa.gz.sha256 (90 bytes).
Length: 90

     0K                                                       100%  785K=0s

226 Transfer complete.
2017-03-02 00:00:25 (785 KB/s) - ‘./domain/in-addr.arpa.gz.sha256’ saved [90]

Remote file is newer than local file ‘./domain/in-addr.arpa.md5’ -- retrieving.

--2017-03-02 00:00:25--  ftp://ftp.internic.net/domain/in-addr.arpa.md5
           => ‘./domain/in-addr.arpa.md5’
==> CWD not required.
--> PASV

227 Entering Passive Mode (192,0,32,9,51,16)
--> RETR in-addr.arpa.md5

150 Opening BINARY mode data connection for in-addr.arpa.md5 (52 bytes).
Length: 52

     0K                                                       100%  281K=0s

226 Transfer complete.
2017-03-02 00:00:26 (281 KB/s) - ‘./domain/in-addr.arpa.md5’ saved [52]

Remote file is newer than local file ‘./domain/in-addr.arpa.sha256’ -- retrieving.

--2017-03-02 00:00:26--  ftp://ftp.internic.net/domain/in-addr.arpa.sha256
           => ‘./domain/in-addr.arpa.sha256’
==> CWD not required.
--> PASV

227 Entering Passive Mode (192,0,32,9,232,180)
--> RETR in-addr.arpa.sha256

150 Opening BINARY mode data connection for in-addr.arpa.sha256 (87 bytes).
Length: 87

     0K                                                       100%  545K=0s

226 Transfer complete.
2017-03-02 00:00:27 (545 KB/s) - ‘./domain/in-addr.arpa.sha256’ saved [87]

Remote file is newer than local file ‘./domain/in-addr.arpa.zone’ -- retrieving.

--2017-03-02 00:00:27--  ftp://ftp.internic.net/domain/in-addr.arpa.zone
           => ‘./domain/in-addr.arpa.zone’
==> CWD not required.
--> PASV

227 Entering Passive Mode (192,0,32,9,147,63)
--> RETR in-addr.arpa.zone

150 Opening BINARY mode data connection for in-addr.arpa.zone (228019 bytes).
Length: 228019 (223K)

     0K .......... .......... .......... .......... .......... 22%  111K 2s
    50K .......... .......... .......... .......... .......... 44%  218K 1s
   100K .......... .......... .......... .......... .......... 67%  220K 0s
   150K .......... .......... .......... .......... .......... 89%  111K 0s
   200K .......... .......... ..                              100% 31.7M=1.4s

226 Transfer complete.
2017-03-02 00:00:30 (164 KB/s) - ‘./domain/in-addr.arpa.zone’ saved [228019]

Remote file is newer than local file ‘./domain/in-addr.arpa.zone.gz’ -- retrieving.

--2017-03-02 00:00:30--  ftp://ftp.internic.net/domain/in-addr.arpa.zone.gz
           => ‘./domain/in-addr.arpa.zone.gz’
==> CWD not required.
--> PASV

227 Entering Passive Mode (192,0,32,9,47,204)
--> RETR in-addr.arpa.zone.gz

150 Opening BINARY mode data connection for in-addr.arpa.zone.gz (90371 bytes).
Length: 90371 (88K)

     0K .......... .......... .......... .......... .......... 56%  111K 0s
    50K .......... .......... .......... ........             100% 9.62M=0.5s

226 Transfer complete.
2017-03-02 00:00:31 (194 KB/s) - ‘./domain/in-addr.arpa.zone.gz’ saved [90371]

Remote file is newer than local file ‘./domain/in-addr.arpa.zone.gz.md5’ -- retrieving.

--2017-03-02 00:00:31--  ftp://ftp.internic.net/domain/in-addr.arpa.zone.gz.md5
           => ‘./domain/in-addr.arpa.zone.gz.md5’
==> CWD not required.
--> PASV

227 Entering Passive Mode (192,0,32,9,145,167)
--> RETR in-addr.arpa.zone.gz.md5

150 Opening BINARY mode data connection for in-addr.arpa.zone.gz.md5 (60 bytes).
Length: 60

     0K                                                       100%  286K=0s

226 Transfer complete.
2017-03-02 00:00:32 (286 KB/s) - ‘./domain/in-addr.arpa.zone.gz.md5’ saved [60]

Remote file is newer than local file ‘./domain/in-addr.arpa.zone.gz.sha256’ -- retrieving.

--2017-03-02 00:00:32--  ftp://ftp.internic.net/domain/in-addr.arpa.zone.gz.sha256
           => ‘./domain/in-addr.arpa.zone.gz.sha256’
==> CWD not required.
--> PASV

227 Entering Passive Mode (192,0,32,9,77,187)
--> RETR in-addr.arpa.zone.gz.sha256

150 Opening BINARY mode data connection for in-addr.arpa.zone.gz.sha256 (95 bytes).
Length: 95

     0K                                                       100%  814K=0s

226 Transfer complete.
2017-03-02 00:00:33 (814 KB/s) - ‘./domain/in-addr.arpa.zone.gz.sha256’ saved [95]

Remote file is newer than local file ‘./domain/in-addr.arpa.zone.md5’ -- retrieving.

--2017-03-02 00:00:33--  ftp://ftp.internic.net/domain/in-addr.arpa.zone.md5
           => ‘./domain/in-addr.arpa.zone.md5’
==> CWD not required.
--> PASV

227 Entering Passive Mode (192,0,32,9,228,247)
--> RETR in-addr.arpa.zone.md5

150 Opening BINARY mode data connection for in-addr.arpa.zone.md5 (57 bytes).
Length: 57

     0K                                                       100%  293K=0s

226 Transfer complete.
2017-03-02 00:00:34 (293 KB/s) - ‘./domain/in-addr.arpa.zone.md5’ saved [57]

Remote file is newer than local file ‘./domain/in-addr.arpa.zone.sha256’ -- retrieving.

--2017-03-02 00:00:34--  ftp://ftp.internic.net/domain/in-addr.arpa.zone.sha256
           => ‘./domain/in-addr.arpa.zone.sha256’
==> CWD not required.
--> PASV

227 Entering Passive Mode (192,0,32,9,179,117)
--> RETR in-addr.arpa.zone.sha256

150 Opening BINARY mode data connection for in-addr.arpa.zone.sha256 (92 bytes).
Length: 92

     0K                                                       100%  508K=0s

226 Transfer complete.
2017-03-02 00:00:35 (508 KB/s) - ‘./domain/in-addr.arpa.zone.sha256’ saved [92]

Remote file is newer than local file ‘./domain/ip6.arpa’ -- retrieving.

--2017-03-02 00:00:35--  ftp://ftp.internic.net/domain/ip6.arpa
           => ‘./domain/ip6.arpa’
==> CWD not required.
--> PASV

227 Entering Passive Mode (192,0,32,9,195,175)
--> RETR ip6.arpa

150 Opening BINARY mode data connection for ip6.arpa (60746 bytes).
Length: 60746 (59K)

     0K .......... .......... .......... .......... .......... 84%  114K 0s
    50K .........                                             100% 9.21M=0.4s

226 Transfer complete.
2017-03-02 00:00:36 (135 KB/s) - ‘./domain/ip6.arpa’ saved [60746]

Remote file is newer than local file ‘./domain/ip6.arpa.gz’ -- retrieving.

--2017-03-02 00:00:36--  ftp://ftp.internic.net/domain/ip6.arpa.gz
           => ‘./domain/ip6.arpa.gz’
==> CWD not required.
--> PASV

227 Entering Passive Mode (192,0,32,9,42,166)
--> RETR ip6.arpa.gz

150 Opening BINARY mode data connection for ip6.arpa.gz (24313 bytes).
Length: 24313 (24K)

     0K .......... .......... ...                             100% 53.9K=0.4s

226 Transfer complete.
2017-03-02 00:00:37 (53.9 KB/s) - ‘./domain/ip6.arpa.gz’ saved [24313]

Remote file is newer than local file ‘./domain/ip6.arpa.gz.md5’ -- retrieving.

--2017-03-02 00:00:37--  ftp://ftp.internic.net/domain/ip6.arpa.gz.md5
           => ‘./domain/ip6.arpa.gz.md5’
==> CWD not required.
--> PASV

227 Entering Passive Mode (192,0,32,9,69,67)
--> RETR ip6.arpa.gz.md5

150 Opening BINARY mode data connection for ip6.arpa.gz.md5 (51 bytes).
Length: 51

     0K                                                       100%  330K=0s

226 Transfer complete.
2017-03-02 00:00:40 (330 KB/s) - ‘./domain/ip6.arpa.gz.md5’ saved [51]

Remote file is newer than local file ‘./domain/ip6.arpa.gz.sha256’ -- retrieving.

--2017-03-02 00:00:40--  ftp://ftp.internic.net/domain/ip6.arpa.gz.sha256
           => ‘./domain/ip6.arpa.gz.sha256’
==> CWD not required.
--> PASV

227 Entering Passive Mode (192,0,32,9,42,179)
--> RETR ip6.arpa.gz.sha256

150 Opening BINARY mode data connection for ip6.arpa.gz.sha256 (86 bytes).
Length: 86

     0K                                                       100%  483K=0s

226 Transfer complete.
2017-03-02 00:00:42 (483 KB/s) - ‘./domain/ip6.arpa.gz.sha256’ saved [86]

Remote file is newer than local file ‘./domain/ip6.arpa.md5’ -- retrieving.

--2017-03-02 00:00:42--  ftp://ftp.internic.net/domain/ip6.arpa.md5
           => ‘./domain/ip6.arpa.md5’
==> CWD not required.
--> PASV

227 Entering Passive Mode (192,0,32,9,42,166)
--> RETR ip6.arpa.md5

150 Opening BINARY mode data connection for ip6.arpa.md5 (48 bytes).
Length: 48

     0K                                                       100%  422K=0s

226 Transfer complete.
2017-03-02 00:00:43 (422 KB/s) - ‘./domain/ip6.arpa.md5’ saved [48]

Remote file is newer than local file ‘./domain/ip6.arpa.sha256’ -- retrieving.

--2017-03-02 00:00:43--  ftp://ftp.internic.net/domain/ip6.arpa.sha256
           => ‘./domain/ip6.arpa.sha256’
==> CWD not required.
--> PASV

227 Entering Passive Mode (192,0,32,9,42,188)
--> RETR ip6.arpa.sha256

150 Opening BINARY mode data connection for ip6.arpa.sha256 (83 bytes).
Length: 83

     0K                                                       100%  523K=0s

226 Transfer complete.
2017-03-02 00:00:44 (523 KB/s) - ‘./domain/ip6.arpa.sha256’ saved [83]

Remote file is newer than local file ‘./domain/ip6.arpa.zone’ -- retrieving.

--2017-03-02 00:00:44--  ftp://ftp.internic.net/domain/ip6.arpa.zone
           => ‘./domain/ip6.arpa.zone’
==> CWD not required.
--> PASV

227 Entering Passive Mode (192,0,32,9,109,81)
--> RETR ip6.arpa.zone

150 Opening BINARY mode data connection for ip6.arpa.zone (60746 bytes).
Length: 60746 (59K)

     0K .......... .......... .......... .......... .......... 84%  111K 0s
    50K .........                                             100% 22.4M=0.5s

226 Transfer complete.
2017-03-02 00:00:45 (131 KB/s) - ‘./domain/ip6.arpa.zone’ saved [60746]

Remote file is newer than local file ‘./domain/ip6.arpa.zone.gz’ -- retrieving.

--2017-03-02 00:00:45--  ftp://ftp.internic.net/domain/ip6.arpa.zone.gz
           => ‘./domain/ip6.arpa.zone.gz’
==> CWD not required.
--> PASV

227 Entering Passive Mode (192,0,32,9,102,117)
--> RETR ip6.arpa.zone.gz

150 Opening BINARY mode data connection for ip6.arpa.zone.gz (24313 bytes).
Length: 24313 (24K)

     0K .......... .......... ...                             100%  106K=0.2s

226 Transfer complete.
2017-03-02 00:00:46 (106 KB/s) - ‘./domain/ip6.arpa.zone.gz’ saved [24313]

Remote file is newer than local file ‘./domain/ip6.arpa.zone.gz.md5’ -- retrieving.

--2017-03-02 00:00:46--  ftp://ftp.internic.net/domain/ip6.arpa.zone.gz.md5
           => ‘./domain/ip6.arpa.zone.gz.md5’
==> CWD not required.
--> PASV

227 Entering Passive Mode (192,0,32,9,27,141)
--> RETR ip6.arpa.zone.gz.md5

150 Opening BINARY mode data connection for ip6.arpa.zone.gz.md5 (56 bytes).
Length: 56

     0K                                                       100%  480K=0s

226 Transfer complete.
2017-03-02 00:00:47 (480 KB/s) - ‘./domain/ip6.arpa.zone.gz.md5’ saved [56]

Remote file is newer than local file ‘./domain/ip6.arpa.zone.gz.sha256’ -- retrieving.

--2017-03-02 00:00:47--  ftp://ftp.internic.net/domain/ip6.arpa.zone.gz.sha256
           => ‘./domain/ip6.arpa.zone.gz.sha256’
==> CWD not required.
--> PASV

227 Entering Passive Mode (192,0,32,9,42,89)
--> RETR ip6.arpa.zone.gz.sha256

150 Opening BINARY mode data connection for ip6.arpa.zone.gz.sha256 (91 bytes).
Length: 91

     0K                                                       100%  573K=0s

226 Transfer complete.
2017-03-02 00:00:49 (573 KB/s) - ‘./domain/ip6.arpa.zone.gz.sha256’ saved [91]

Remote file is newer than local file ‘./domain/ip6.arpa.zone.md5’ -- retrieving.

--2017-03-02 00:00:49--  ftp://ftp.internic.net/domain/ip6.arpa.zone.md5
           => ‘./domain/ip6.arpa.zone.md5’
==> CWD not required.
--> PASV

227 Entering Passive Mode (192,0,32,9,240,83)
--> RETR ip6.arpa.zone.md5

150 Opening BINARY mode data connection for ip6.arpa.zone.md5 (53 bytes).
Length: 53

     0K                                                       100%  332K=0s

226 Transfer complete.
2017-03-02 00:00:51 (332 KB/s) - ‘./domain/ip6.arpa.zone.md5’ saved [53]

Remote file is newer than local file ‘./domain/ip6.arpa.zone.sha256’ -- retrieving.

--2017-03-02 00:00:51--  ftp://ftp.internic.net/domain/ip6.arpa.zone.sha256
           => ‘./domain/ip6.arpa.zone.sha256’
==> CWD not required.
--> PASV

227 Entering Passive Mode (192,0,32,9,68,221)
--> RETR ip6.arpa.zone.sha256

150 Opening BINARY mode data connection for ip6.arpa.zone.sha256 (88 bytes).
Length: 88

     0K                                                       100%  452K=0s

226 Transfer complete.
2017-03-02 00:00:52 (452 KB/s) - ‘./domain/ip6.arpa.zone.sha256’ saved [88]

Remote file is newer than local file ‘./domain/last_update.txt’ -- retrieving.

--2017-03-02 00:00:52--  ftp://ftp.internic.net/domain/last_update.txt
           => ‘./domain/last_update.txt’
==> CWD not required.
--> PASV

227 Entering Passive Mode (192,0,32,9,198,64)
--> RETR last_update.txt

150 Opening BINARY mode data connection for last_update.txt (21 bytes).
Length: 21

     0K                                                       100%  146K=0s

226 Transfer complete.
2017-03-02 00:00:53 (146 KB/s) - ‘./domain/last_update.txt’ saved [21]

Remote file no newer than local file ‘./domain/named.cache’ -- not retrieving.
Remote file no newer than local file ‘./domain/named.cache.md5’ -- not retrieving.
Remote file no newer than local file ‘./domain/named.cache.sig’ -- not retrieving.
Remote file no newer than local file ‘./domain/named.root’ -- not retrieving.
Remote file no newer than local file ‘./domain/named.root.md5’ -- not retrieving.
Remote file no newer than local file ‘./domain/named.root.sig’ -- not retrieving.
Remote file no newer than local file ‘./domain/root-servers.net.zone’ -- not retrieving.
Remote file no newer than local file ‘./domain/root-servers.net.zone.gz’ -- not retrieving.
Remote file no newer than local file ‘./domain/root-servers.net.zone.gz.md5’ -- not retrieving.
Remote file no newer than local file ‘./domain/root-servers.net.zone.gz.sig’ -- not retrieving.
The sizes do not match (local 2230137) -- retrieving.

--2017-03-02 00:00:53--  ftp://ftp.internic.net/domain/root.zone
           => ‘./domain/root.zone’
==> CWD not required.
--> PASV

227 Entering Passive Mode (192,0,32,9,90,137)
--> RETR root.zone

150 Opening BINARY mode data connection for root.zone (2230524 bytes).
Length: 2230524 (2.1M)

     0K .......... .......... .......... .......... ..........  2% 74.9K 28s
    50K .......... .......... .......... .......... ..........  4% 56.3K 32s
   100K .......... .......... .......... .......... ..........  6% 37.7K 39s
   150K .......... .......... .......... .......... ..........  9% 37.6K 42s
   200K .......... .......... .......... .......... .......... 11% 45.0K 41s
   250K .......... .......... .......... .......... .......... 13% 45.1K 40s
   300K .......... .......... .......... .......... .......... 16% 45.1K 39s
   350K .......... .......... .......... .......... .......... 18% 56.6K 37s
   400K .......... .......... .......... .......... .......... 20% 56.5K 36s
   450K .......... .......... .......... .......... .......... 22% 56.4K 34s
   500K .......... .......... .......... .......... .......... 25% 45.9K 33s
   550K .......... .......... .......... .......... .......... 27% 56.7K 32s
   600K .......... .......... .......... .......... .......... 29% 73.0K 30s
   650K .......... .......... .......... .......... .......... 32% 45.3K 29s
   700K .......... .......... .......... .......... .......... 34% 40.7K 29s
   750K .......... .......... .......... .......... .......... 36% 41.7K 28s
   800K .......... .......... .......... .......... .......... 39% 45.2K 27s
   850K .......... .......... .......... .......... .......... 41% 42.9K 26s
   900K .......... .......... .......... .......... .......... 43% 45.3K 26s
   950K .......... .......... .......... .......... .......... 45% 41.5K 25s
  1000K .......... .......... .......... .......... .......... 48% 42.3K 24s
  1050K .......... .......... .......... .......... .......... 50% 47.4K 23s
  1100K .......... .......... .......... .......... .......... 52% 69.9K 21s
  1150K .......... .......... .......... .......... .......... 55% 39.4K 21s
  1200K .......... .......... .......... .......... .......... 57% 45.0K 20s
  1250K .......... .......... .......... .......... .......... 59% 28.3K 19s
  1300K .......... .......... .......... .......... .......... 61% 69.2K 18s
  1350K .......... .......... .......... .......... .......... 64% 47.7K 17s
  1400K .......... .......... .......... .......... .......... 66% 41.1K 16s
  1450K .......... .......... .......... .......... .......... 68% 35.0K 15s
  1500K .......... .......... .......... .......... .......... 71% 45.4K 14s
  1550K .......... .......... .......... .......... .......... 73% 39.0K 13s
  1600K .......... .......... .......... .......... .......... 75% 53.8K 11s
  1650K .......... .......... .......... .......... .......... 78% 59.7K 10s
  1700K .......... .......... .......... .......... .......... 80% 56.7K 9s
  1750K .......... .......... .......... .......... .......... 82% 70.8K 8s
  1800K .......... .......... .......... .......... .......... 84% 63.9K 7s
  1850K .......... .......... .......... .......... .......... 87% 43.1K 6s
  1900K .......... .......... .......... .......... .......... 89% 45.3K 5s
  1950K .......... .......... .......... .......... .......... 91% 43.1K 4s
  2000K .......... .......... .......... .......... .......... 94% 29.1K 3s
  2050K .......... .......... .......... .......... .......... 96% 33.3K 2s
  2100K .......... .......... .......... .......... .......... 98% 22.7K 1s
  2150K .......... .......... ........                        100% 36.7K=49s

226 Transfer complete.
2017-03-02 00:01:42 (44.8 KB/s) - ‘./domain/root.zone’ saved [2230524]

The sizes do not match (local 1047873) -- retrieving.

--2017-03-02 00:01:43--  ftp://ftp.internic.net/domain/root.zone.gz
           => ‘./domain/root.zone.gz’
==> CWD not required.
--> PASV

227 Entering Passive Mode (192,0,32,9,205,46)
--> RETR root.zone.gz

150 Opening BINARY mode data connection for root.zone.gz (1048009 bytes).
Length: 1048009 (1023K)

     0K .......... .......... .......... .......... ..........  4% 75.3K 13s
    50K .......... .......... .......... .......... ..........  9% 75.6K 12s
   100K .......... .......... .......... .......... .......... 14% 56.6K 13s
   150K .......... .......... .......... .......... .......... 19%  113K 11s
   200K .......... .......... .......... .......... .......... 24% 56.8K 11s
   250K .......... .......... .......... .......... .......... 29% 56.8K 11s
   300K .......... .......... .......... .......... .......... 34% 56.8K 10s
   350K .......... .......... .......... .......... .......... 39% 75.7K 9s
   400K .......... .......... .......... .......... .......... 43% 45.5K 9s
   450K .......... .......... .......... .......... .......... 48% 75.6K 8s
   500K .......... .......... .......... .......... .......... 53% 56.6K 7s
   550K .......... .......... .......... .......... .......... 58% 56.7K 7s
   600K .......... .......... .......... .......... .......... 63% 75.5K 6s
   650K .......... .......... .......... .......... .......... 68% 56.8K 5s
   700K .......... .......... .......... .......... .......... 73% 56.8K 4s
   750K .......... .......... .......... .......... .......... 78% 45.4K 4s
   800K .......... .......... .......... .......... .......... 83% 32.4K 3s
   850K .......... .......... .......... .......... .......... 87% 36.4K 2s
   900K .......... .......... .......... .......... .......... 92% 37.8K 1s
   950K .......... .......... .......... .......... .......... 97% 45.4K 0s
  1000K .......... .......... ...                             100%  106K=19s

226 Transfer complete.
2017-03-02 00:02:02 (55.1 KB/s) - ‘./domain/root.zone.gz’ saved [1048009]

Remote file is newer than local file ‘./domain/root.zone.gz.md5’ -- retrieving.

--2017-03-02 00:02:02--  ftp://ftp.internic.net/domain/root.zone.gz.md5
           => ‘./domain/root.zone.gz.md5’
==> CWD not required.
--> PASV

227 Entering Passive Mode (192,0,32,9,42,198)
--> RETR root.zone.gz.md5

150 Opening BINARY mode data connection for root.zone.gz.md5 (33 bytes).
Length: 33

     0K                                                       100%  285K=0s

226 Transfer complete.
2017-03-02 00:02:03 (285 KB/s) - ‘./domain/root.zone.gz.md5’ saved [33]

Remote file is newer than local file ‘./domain/root.zone.gz.sig’ -- retrieving.

--2017-03-02 00:02:03--  ftp://ftp.internic.net/domain/root.zone.gz.sig
           => ‘./domain/root.zone.gz.sig’
==> CWD not required.
--> PASV

227 Entering Passive Mode (192,0,32,9,105,0)
--> RETR root.zone.gz.sig

150 Opening BINARY mode data connection for root.zone.gz.sig (72 bytes).
Length: 72

     0K                                                       100%  400K=0s

226 Transfer complete.
2017-03-02 00:02:04 (400 KB/s) - ‘./domain/root.zone.gz.sig’ saved [72]

Remote file is newer than local file ‘./domain/root.zone.md5’ -- retrieving.

--2017-03-02 00:02:04--  ftp://ftp.internic.net/domain/root.zone.md5
           => ‘./domain/root.zone.md5’
==> CWD not required.
--> PASV

227 Entering Passive Mode (192,0,32,9,132,114)
--> RETR root.zone.md5

150 Opening BINARY mode data connection for root.zone.md5 (33 bytes).
Length: 33

     0K                                                       100%  133K=0s

226 Transfer complete.
2017-03-02 00:02:05 (133 KB/s) - ‘./domain/root.zone.md5’ saved [33]

Remote file is newer than local file ‘./domain/root.zone.sig’ -- retrieving.

--2017-03-02 00:02:05--  ftp://ftp.internic.net/domain/root.zone.sig
           => ‘./domain/root.zone.sig’
==> CWD not required.
--> PASV

227 Entering Passive Mode (192,0,32,9,169,26)
--> RETR root.zone.sig

150 Opening BINARY mode data connection for root.zone.sig (72 bytes).
Length: 72

     0K                                                       100%  445K=0s

226 Transfer complete.
2017-03-02 00:02:06 (445 KB/s) - ‘./domain/root.zone.sig’ saved [72]

FINISHED --2017-03-02 00:02:06--
Total wall clock time: 2m 1s
Downloaded: 40 files, 3.9M in 1m 13s (54.7 KB/s)
