--2017-07-05 00:00:03--  ftp://ftp.internic.net/*
           => ‘./.listing’
Resolving ftp.internic.net (ftp.internic.net)... 192.0.32.9, 2620:0:2d0:200::9
Connecting to ftp.internic.net (ftp.internic.net)|192.0.32.9|:21... connected.
Logging in as anonymous ... 
220 Internic FTP Server
--> USER anonymous

331 Please specify the password.
--> PASS Turtle Power!

230 Login successful.
--> SYST

215 UNIX Type: L8
--> PWD

257 "/"
--> TYPE I

200 Switching to Binary mode.
==> CWD not needed.
--> PASV

227 Entering Passive Mode (192,0,32,9,96,237)
--> LIST -a

150 Here comes the directory listing.

     0K                                                        3.12M=0s

226 Directory send OK.
drwxr-xr-x    3 ftp      ftp          4096 Apr 04  2012 .
drwxr-xr-x    3 ftp      ftp          4096 Apr 04  2012 ..
drwxr-xr-x    2 ftp      ftp          4096 Sep 09  2015 domain
2017-07-05 00:00:07 (3.12 MB/s) - ‘./.listing’ saved [183]

--2017-07-05 00:00:07--  ftp://ftp.internic.net/domain/*
           => ‘./domain/.listing’
--> CWD /domain

250 Directory successfully changed.
--> PASV

227 Entering Passive Mode (192,0,32,9,8,2)
--> LIST -a

150 Here comes the directory listing.

     0K ...                                                    19.7M=0s

226 Directory send OK.
drwxr-xr-x    2 ftp      ftp          4096 Sep 09  2015 .
drwxr-xr-x    3 ftp      ftp          4096 Apr 04  2012 ..
-rw-r--r--    1 ftp      ftp          1829 Aug 18  2015 .listing
-rw-r--r--    1 ftp      ftp          1224 Jul 04 12:15 INTERNIC_ROOT_ZONE.signatures
-rw-r--r--    1 ftp      ftp          1469 Jul 04 12:15 INTERNIC_ROOT_ZONE.signatures.asc
-rw-r--r--    1 ftp      ftp         15438 Jul 04 12:15 arpa.zone
-rw-r--r--    1 ftp      ftp          6775 Jul 04 12:15 arpa.zone.gz
-rw-r--r--    1 ftp      ftp            33 Jul 04 12:15 arpa.zone.gz.md5
-rw-r--r--    1 ftp      ftp            72 Jul 04 12:15 arpa.zone.gz.sig
-rw-r--r--    1 ftp      ftp          3289 Jun 01 15:27 db.cache
-rw-r--r--    1 ftp      ftp            33 Jun 01 15:27 db.cache.md5
-rw-r--r--    1 ftp      ftp            72 Jun 01 15:27 db.cache.sig
-rw-r--r--    1 ftp      ftp        228753 Jul 04 15:41 in-addr.arpa
-rw-r--r--    1 ftp      ftp         90617 Jul 04 15:41 in-addr.arpa.gz
-rw-r--r--    1 ftp      ftp            55 Jul 04 15:41 in-addr.arpa.gz.md5
-rw-r--r--    1 ftp      ftp            90 Jul 04 15:41 in-addr.arpa.gz.sha256
-rw-r--r--    1 ftp      ftp            52 Jul 04 15:41 in-addr.arpa.md5
-rw-r--r--    1 ftp      ftp            87 Jul 04 15:41 in-addr.arpa.sha256
-rw-r--r--    1 ftp      ftp        228753 Jul 04 15:41 in-addr.arpa.zone
-rw-r--r--    1 ftp      ftp         90617 Jul 04 15:41 in-addr.arpa.zone.gz
-rw-r--r--    1 ftp      ftp            60 Jul 04 15:41 in-addr.arpa.zone.gz.md5
-rw-r--r--    1 ftp      ftp            95 Jul 04 15:41 in-addr.arpa.zone.gz.sha256
-rw-r--r--    1 ftp      ftp            57 Jul 04 15:41 in-addr.arpa.zone.md5
-rw-r--r--    1 ftp      ftp            92 Jul 04 15:41 in-addr.arpa.zone.sha256
-rw-r--r--    1 ftp      ftp         61264 Jul 04 15:41 ip6.arpa
-rw-r--r--    1 ftp      ftp         24325 Jul 04 15:41 ip6.arpa.gz
-rw-r--r--    1 ftp      ftp            51 Jul 04 15:41 ip6.arpa.gz.md5
-rw-r--r--    1 ftp      ftp            86 Jul 04 15:41 ip6.arpa.gz.sha256
-rw-r--r--    1 ftp      ftp            48 Jul 04 15:41 ip6.arpa.md5
-rw-r--r--    1 ftp      ftp            83 Jul 04 15:41 ip6.arpa.sha256
-rw-r--r--    1 ftp      ftp         61264 Jul 04 15:41 ip6.arpa.zone
-rw-r--r--    1 ftp      ftp         24325 Jul 04 15:41 ip6.arpa.zone.gz
-rw-r--r--    1 ftp      ftp            56 Jul 04 15:41 ip6.arpa.zone.gz.md5
-rw-r--r--    1 ftp      ftp            91 Jul 04 15:41 ip6.arpa.zone.gz.sha256
-rw-r--r--    1 ftp      ftp            53 Jul 04 15:41 ip6.arpa.zone.md5
-rw-r--r--    1 ftp      ftp            88 Jul 04 15:41 ip6.arpa.zone.sha256
-rw-r--r--    1 ftp      ftp            21 Jul 04 15:41 last_update.txt
-rw-r--r--    1 ftp      ftp          3289 Jun 01 15:27 named.cache
-rw-r--r--    1 ftp      ftp            33 Jun 01 15:27 named.cache.md5
-rw-r--r--    1 ftp      ftp            72 Jun 01 15:27 named.cache.sig
-rw-r--r--    1 ftp      ftp          3289 Jun 01 15:27 named.root
-rw-r--r--    1 ftp      ftp            33 Jun 01 15:27 named.root.md5
-rw-r--r--    1 ftp      ftp            72 Jun 01 15:27 named.root.sig
-rw-r--r--    1 ftp      ftp          2111 Jun 01 15:27 root-servers.net.zone
-rw-r--r--    1 ftp      ftp           575 Jun 01 15:27 root-servers.net.zone.gz
-rw-r--r--    1 ftp      ftp            33 Jun 01 15:27 root-servers.net.zone.gz.md5
-rw-r--r--    1 ftp      ftp            72 Jun 01 15:27 root-servers.net.zone.gz.sig
-rw-r--r--    1 ftp      ftp       2258848 Jul 04 06:13 root.zone
-rw-r--r--    1 ftp      ftp       1060549 Jul 04 06:13 root.zone.gz
-rw-r--r--    1 ftp      ftp            33 Jul 04 06:13 root.zone.gz.md5
-rw-r--r--    1 ftp      ftp            72 Jul 04 06:13 root.zone.gz.sig
-rw-r--r--    1 ftp      ftp            33 Jul 04 06:13 root.zone.md5
-rw-r--r--    1 ftp      ftp            72 Jul 04 06:13 root.zone.sig
2017-07-05 00:00:08 (19.7 MB/s) - ‘./domain/.listing’ saved [3930]

The sizes do not match (local 3930) -- retrieving.

--2017-07-05 00:00:08--  ftp://ftp.internic.net/domain/.listing
           => ‘./domain/.listing’
==> CWD not required.
--> PASV

227 Entering Passive Mode (192,0,32,9,41,99)
--> RETR .listing

150 Opening BINARY mode data connection for .listing (1829 bytes).
Length: 1829 (1.8K)

     0K .                                                     100% 14.3M=0s

226 Transfer complete.
2017-07-05 00:00:09 (14.3 MB/s) - ‘./domain/.listing’ saved [1829]

Remote file is newer than local file ‘./domain/INTERNIC_ROOT_ZONE.signatures’ -- retrieving.

--2017-07-05 00:00:09--  ftp://ftp.internic.net/domain/INTERNIC_ROOT_ZONE.signatures
           => ‘./domain/INTERNIC_ROOT_ZONE.signatures’
==> CWD not required.
--> PASV

227 Entering Passive Mode (192,0,32,9,58,93)
--> RETR INTERNIC_ROOT_ZONE.signatures

150 Opening BINARY mode data connection for INTERNIC_ROOT_ZONE.signatures (1224 bytes).
Length: 1224 (1.2K)

     0K .                                                     100% 9.57M=0s

226 Transfer complete.
2017-07-05 00:00:10 (9.57 MB/s) - ‘./domain/INTERNIC_ROOT_ZONE.signatures’ saved [1224]

Remote file is newer than local file ‘./domain/INTERNIC_ROOT_ZONE.signatures.asc’ -- retrieving.

--2017-07-05 00:00:10--  ftp://ftp.internic.net/domain/INTERNIC_ROOT_ZONE.signatures.asc
           => ‘./domain/INTERNIC_ROOT_ZONE.signatures.asc’
==> CWD not required.
--> PASV

227 Entering Passive Mode (192,0,32,9,209,246)
--> RETR INTERNIC_ROOT_ZONE.signatures.asc

150 Opening BINARY mode data connection for INTERNIC_ROOT_ZONE.signatures.asc (1469 bytes).
Length: 1469 (1.4K)

     0K .                                                     100% 11.8M=0s

226 Transfer complete.
2017-07-05 00:00:12 (11.8 MB/s) - ‘./domain/INTERNIC_ROOT_ZONE.signatures.asc’ saved [1469]

Remote file is newer than local file ‘./domain/arpa.zone’ -- retrieving.

--2017-07-05 00:00:12--  ftp://ftp.internic.net/domain/arpa.zone
           => ‘./domain/arpa.zone’
==> CWD not required.
--> PASV

227 Entering Passive Mode (192,0,32,9,187,43)
--> RETR arpa.zone

150 Opening BINARY mode data connection for arpa.zone (15438 bytes).
Length: 15438 (15K)

     0K .......... .....                                      100% 42.4M=0s

226 Transfer complete.
2017-07-05 00:00:13 (42.4 MB/s) - ‘./domain/arpa.zone’ saved [15438]

The sizes do not match (local 6782) -- retrieving.

--2017-07-05 00:00:13--  ftp://ftp.internic.net/domain/arpa.zone.gz
           => ‘./domain/arpa.zone.gz’
==> CWD not required.
--> PASV

227 Entering Passive Mode (192,0,32,9,101,232)
--> RETR arpa.zone.gz

150 Opening BINARY mode data connection for arpa.zone.gz (6775 bytes).
Length: 6775 (6.6K)

     0K ......                                                100%  137M=0s

226 Transfer complete.
2017-07-05 00:00:14 (137 MB/s) - ‘./domain/arpa.zone.gz’ saved [6775]

Remote file is newer than local file ‘./domain/arpa.zone.gz.md5’ -- retrieving.

--2017-07-05 00:00:14--  ftp://ftp.internic.net/domain/arpa.zone.gz.md5
           => ‘./domain/arpa.zone.gz.md5’
==> CWD not required.
--> PASV

227 Entering Passive Mode (192,0,32,9,122,125)
--> RETR arpa.zone.gz.md5

150 Opening BINARY mode data connection for arpa.zone.gz.md5 (33 bytes).
Length: 33

     0K                                                       100%  732K=0s

226 Transfer complete.
2017-07-05 00:00:15 (732 KB/s) - ‘./domain/arpa.zone.gz.md5’ saved [33]

Remote file is newer than local file ‘./domain/arpa.zone.gz.sig’ -- retrieving.

--2017-07-05 00:00:15--  ftp://ftp.internic.net/domain/arpa.zone.gz.sig
           => ‘./domain/arpa.zone.gz.sig’
==> CWD not required.
--> PASV

227 Entering Passive Mode (192,0,32,9,199,202)
--> RETR arpa.zone.gz.sig

150 Opening BINARY mode data connection for arpa.zone.gz.sig (72 bytes).
Length: 72

     0K                                                       100%  913K=0s

226 Transfer complete.
2017-07-05 00:00:16 (913 KB/s) - ‘./domain/arpa.zone.gz.sig’ saved [72]

Remote file no newer than local file ‘./domain/db.cache’ -- not retrieving.
Remote file no newer than local file ‘./domain/db.cache.md5’ -- not retrieving.
Remote file no newer than local file ‘./domain/db.cache.sig’ -- not retrieving.
Remote file is newer than local file ‘./domain/in-addr.arpa’ -- retrieving.

--2017-07-05 00:00:16--  ftp://ftp.internic.net/domain/in-addr.arpa
           => ‘./domain/in-addr.arpa’
==> CWD not required.
--> PASV

227 Entering Passive Mode (192,0,32,9,179,206)
--> RETR in-addr.arpa

150 Opening BINARY mode data connection for in-addr.arpa (228753 bytes).
Length: 228753 (223K)

     0K .......... .......... .......... .......... .......... 22% 81.6K 2s
    50K .......... .......... .......... .......... .......... 44%  163K 1s
   100K .......... .......... .......... .......... .......... 67% 15.3M 0s
   150K .......... .......... .......... .......... .......... 89%  162K 0s
   200K .......... .......... ...                             100%  107M=1.2s

226 Transfer complete.
2017-07-05 00:00:19 (182 KB/s) - ‘./domain/in-addr.arpa’ saved [228753]

Remote file is newer than local file ‘./domain/in-addr.arpa.gz’ -- retrieving.

--2017-07-05 00:00:19--  ftp://ftp.internic.net/domain/in-addr.arpa.gz
           => ‘./domain/in-addr.arpa.gz’
==> CWD not required.
--> PASV

227 Entering Passive Mode (192,0,32,9,250,26)
--> RETR in-addr.arpa.gz

150 Opening BINARY mode data connection for in-addr.arpa.gz (90617 bytes).
Length: 90617 (88K)

     0K .......... .......... .......... .......... .......... 56% 81.3K 0s
    50K .......... .......... .......... ........             100% 63.4M=0.6s

226 Transfer complete.
2017-07-05 00:00:21 (144 KB/s) - ‘./domain/in-addr.arpa.gz’ saved [90617]

Remote file is newer than local file ‘./domain/in-addr.arpa.gz.md5’ -- retrieving.

--2017-07-05 00:00:21--  ftp://ftp.internic.net/domain/in-addr.arpa.gz.md5
           => ‘./domain/in-addr.arpa.gz.md5’
==> CWD not required.
--> PASV

227 Entering Passive Mode (192,0,32,9,120,229)
--> RETR in-addr.arpa.gz.md5

150 Opening BINARY mode data connection for in-addr.arpa.gz.md5 (55 bytes).
Length: 55

     0K                                                       100% 1.22M=0s

226 Transfer complete.
2017-07-05 00:00:22 (1.22 MB/s) - ‘./domain/in-addr.arpa.gz.md5’ saved [55]

Remote file is newer than local file ‘./domain/in-addr.arpa.gz.sha256’ -- retrieving.

--2017-07-05 00:00:22--  ftp://ftp.internic.net/domain/in-addr.arpa.gz.sha256
           => ‘./domain/in-addr.arpa.gz.sha256’
==> CWD not required.
--> PASV

227 Entering Passive Mode (192,0,32,9,252,214)
--> RETR in-addr.arpa.gz.sha256

150 Opening BINARY mode data connection for in-addr.arpa.gz.sha256 (90 bytes).
Length: 90

     0K                                                       100% 1.72M=0s

226 Transfer complete.
2017-07-05 00:00:23 (1.72 MB/s) - ‘./domain/in-addr.arpa.gz.sha256’ saved [90]

Remote file is newer than local file ‘./domain/in-addr.arpa.md5’ -- retrieving.

--2017-07-05 00:00:23--  ftp://ftp.internic.net/domain/in-addr.arpa.md5
           => ‘./domain/in-addr.arpa.md5’
==> CWD not required.
--> PASV

227 Entering Passive Mode (192,0,32,9,42,96)
--> RETR in-addr.arpa.md5

150 Opening BINARY mode data connection for in-addr.arpa.md5 (52 bytes).
Length: 52

     0K                                                       100%  923K=0s

226 Transfer complete.
2017-07-05 00:00:24 (923 KB/s) - ‘./domain/in-addr.arpa.md5’ saved [52]

Remote file is newer than local file ‘./domain/in-addr.arpa.sha256’ -- retrieving.

--2017-07-05 00:00:24--  ftp://ftp.internic.net/domain/in-addr.arpa.sha256
           => ‘./domain/in-addr.arpa.sha256’
==> CWD not required.
--> PASV

227 Entering Passive Mode (192,0,32,9,201,217)
--> RETR in-addr.arpa.sha256

150 Opening BINARY mode data connection for in-addr.arpa.sha256 (87 bytes).
Length: 87

     0K                                                       100% 1.28M=0s

226 Transfer complete.
2017-07-05 00:00:27 (1.28 MB/s) - ‘./domain/in-addr.arpa.sha256’ saved [87]

Remote file is newer than local file ‘./domain/in-addr.arpa.zone’ -- retrieving.

--2017-07-05 00:00:27--  ftp://ftp.internic.net/domain/in-addr.arpa.zone
           => ‘./domain/in-addr.arpa.zone’
==> CWD not required.
--> PASV

227 Entering Passive Mode (192,0,32,9,197,213)
--> RETR in-addr.arpa.zone

150 Opening BINARY mode data connection for in-addr.arpa.zone (228753 bytes).
Length: 228753 (223K)

     0K .......... .......... .......... .......... .......... 22% 90.2K 2s
    50K .......... .......... .......... .......... .......... 44%  164K 1s
   100K .......... .......... .......... .......... .......... 67% 8.09M 0s
   150K .......... .......... .......... .......... .......... 89%  208K 0s
   200K .......... .......... ...                             100% 1.68M=1.1s

226 Transfer complete.
2017-07-05 00:00:29 (200 KB/s) - ‘./domain/in-addr.arpa.zone’ saved [228753]

Remote file is newer than local file ‘./domain/in-addr.arpa.zone.gz’ -- retrieving.

--2017-07-05 00:00:29--  ftp://ftp.internic.net/domain/in-addr.arpa.zone.gz
           => ‘./domain/in-addr.arpa.zone.gz’
==> CWD not required.
--> PASV

227 Entering Passive Mode (192,0,32,9,51,57)
--> RETR in-addr.arpa.zone.gz

150 Opening BINARY mode data connection for in-addr.arpa.zone.gz (90617 bytes).
Length: 90617 (88K)

     0K .......... .......... .......... .......... .......... 56% 40.7K 1s
    50K .......... .......... .......... ........             100% 46.5K=2.1s

226 Transfer complete.
2017-07-05 00:00:32 (43.0 KB/s) - ‘./domain/in-addr.arpa.zone.gz’ saved [90617]

Remote file is newer than local file ‘./domain/in-addr.arpa.zone.gz.md5’ -- retrieving.

--2017-07-05 00:00:32--  ftp://ftp.internic.net/domain/in-addr.arpa.zone.gz.md5
           => ‘./domain/in-addr.arpa.zone.gz.md5’
==> CWD not required.
--> PASV

227 Entering Passive Mode (192,0,32,9,118,204)
--> RETR in-addr.arpa.zone.gz.md5

150 Opening BINARY mode data connection for in-addr.arpa.zone.gz.md5 (60 bytes).
Length: 60

     0K                                                       100%  505K=0s

226 Transfer complete.
2017-07-05 00:00:33 (505 KB/s) - ‘./domain/in-addr.arpa.zone.gz.md5’ saved [60]

Remote file is newer than local file ‘./domain/in-addr.arpa.zone.gz.sha256’ -- retrieving.

--2017-07-05 00:00:33--  ftp://ftp.internic.net/domain/in-addr.arpa.zone.gz.sha256
           => ‘./domain/in-addr.arpa.zone.gz.sha256’
==> CWD not required.
--> PASV

227 Entering Passive Mode (192,0,32,9,252,97)
--> RETR in-addr.arpa.zone.gz.sha256

150 Opening BINARY mode data connection for in-addr.arpa.zone.gz.sha256 (95 bytes).
Length: 95

     0K                                                       100% 2.16M=0s

226 Transfer complete.
2017-07-05 00:00:34 (2.16 MB/s) - ‘./domain/in-addr.arpa.zone.gz.sha256’ saved [95]

Remote file is newer than local file ‘./domain/in-addr.arpa.zone.md5’ -- retrieving.

--2017-07-05 00:00:34--  ftp://ftp.internic.net/domain/in-addr.arpa.zone.md5
           => ‘./domain/in-addr.arpa.zone.md5’
==> CWD not required.
--> PASV

227 Entering Passive Mode (192,0,32,9,42,45)
--> RETR in-addr.arpa.zone.md5

150 Opening BINARY mode data connection for in-addr.arpa.zone.md5 (57 bytes).
Length: 57

     0K                                                       100% 1.26M=0s

226 Transfer complete.
2017-07-05 00:00:36 (1.26 MB/s) - ‘./domain/in-addr.arpa.zone.md5’ saved [57]

Remote file is newer than local file ‘./domain/in-addr.arpa.zone.sha256’ -- retrieving.

--2017-07-05 00:00:36--  ftp://ftp.internic.net/domain/in-addr.arpa.zone.sha256
           => ‘./domain/in-addr.arpa.zone.sha256’
==> CWD not required.
--> PASV

227 Entering Passive Mode (192,0,32,9,42,74)
--> RETR in-addr.arpa.zone.sha256

150 Opening BINARY mode data connection for in-addr.arpa.zone.sha256 (92 bytes).
Length: 92

     0K                                                       100% 1.11M=0s

226 Transfer complete.
2017-07-05 00:00:37 (1.11 MB/s) - ‘./domain/in-addr.arpa.zone.sha256’ saved [92]

Remote file is newer than local file ‘./domain/ip6.arpa’ -- retrieving.

--2017-07-05 00:00:37--  ftp://ftp.internic.net/domain/ip6.arpa
           => ‘./domain/ip6.arpa’
==> CWD not required.
--> PASV

227 Entering Passive Mode (192,0,32,9,175,210)
--> RETR ip6.arpa

150 Opening BINARY mode data connection for ip6.arpa (61264 bytes).
Length: 61264 (60K)

     0K .......... .......... .......... .......... .......... 83% 54.2K 0s
    50K .........                                             100% 39.8M=0.9s

226 Transfer complete.
2017-07-05 00:00:39 (64.9 KB/s) - ‘./domain/ip6.arpa’ saved [61264]

Remote file is newer than local file ‘./domain/ip6.arpa.gz’ -- retrieving.

--2017-07-05 00:00:39--  ftp://ftp.internic.net/domain/ip6.arpa.gz
           => ‘./domain/ip6.arpa.gz’
==> CWD not required.
--> PASV

227 Entering Passive Mode (192,0,32,9,240,170)
--> RETR ip6.arpa.gz

150 Opening BINARY mode data connection for ip6.arpa.gz (24325 bytes).
Length: 24325 (24K)

     0K .......... .......... ...                             100%  108K=0.2s

226 Transfer complete.
2017-07-05 00:00:40 (108 KB/s) - ‘./domain/ip6.arpa.gz’ saved [24325]

Remote file is newer than local file ‘./domain/ip6.arpa.gz.md5’ -- retrieving.

--2017-07-05 00:00:40--  ftp://ftp.internic.net/domain/ip6.arpa.gz.md5
           => ‘./domain/ip6.arpa.gz.md5’
==> CWD not required.
--> PASV

227 Entering Passive Mode (192,0,32,9,253,138)
--> RETR ip6.arpa.gz.md5

150 Opening BINARY mode data connection for ip6.arpa.gz.md5 (51 bytes).
Length: 51

     0K                                                       100% 1.11M=0s

226 Transfer complete.
2017-07-05 00:00:41 (1.11 MB/s) - ‘./domain/ip6.arpa.gz.md5’ saved [51]

Remote file is newer than local file ‘./domain/ip6.arpa.gz.sha256’ -- retrieving.

--2017-07-05 00:00:41--  ftp://ftp.internic.net/domain/ip6.arpa.gz.sha256
           => ‘./domain/ip6.arpa.gz.sha256’
==> CWD not required.
--> PASV

227 Entering Passive Mode (192,0,32,9,139,123)
--> RETR ip6.arpa.gz.sha256

150 Opening BINARY mode data connection for ip6.arpa.gz.sha256 (86 bytes).
Length: 86

     0K                                                       100% 1.86M=0s

226 Transfer complete.
2017-07-05 00:00:42 (1.86 MB/s) - ‘./domain/ip6.arpa.gz.sha256’ saved [86]

Remote file is newer than local file ‘./domain/ip6.arpa.md5’ -- retrieving.

--2017-07-05 00:00:42--  ftp://ftp.internic.net/domain/ip6.arpa.md5
           => ‘./domain/ip6.arpa.md5’
==> CWD not required.
--> PASV

227 Entering Passive Mode (192,0,32,9,41,142)
--> RETR ip6.arpa.md5

150 Opening BINARY mode data connection for ip6.arpa.md5 (48 bytes).
Length: 48

     0K                                                       100%  158K=0s

226 Transfer complete.
2017-07-05 00:00:44 (158 KB/s) - ‘./domain/ip6.arpa.md5’ saved [48]

Remote file is newer than local file ‘./domain/ip6.arpa.sha256’ -- retrieving.

--2017-07-05 00:00:44--  ftp://ftp.internic.net/domain/ip6.arpa.sha256
           => ‘./domain/ip6.arpa.sha256’
==> CWD not required.
--> PASV

227 Entering Passive Mode (192,0,32,9,177,102)
--> RETR ip6.arpa.sha256

150 Opening BINARY mode data connection for ip6.arpa.sha256 (83 bytes).
Length: 83

     0K                                                       100% 1.68M=0s

226 Transfer complete.
2017-07-05 00:00:45 (1.68 MB/s) - ‘./domain/ip6.arpa.sha256’ saved [83]

Remote file is newer than local file ‘./domain/ip6.arpa.zone’ -- retrieving.

--2017-07-05 00:00:45--  ftp://ftp.internic.net/domain/ip6.arpa.zone
           => ‘./domain/ip6.arpa.zone’
==> CWD not required.
--> PASV

227 Entering Passive Mode (192,0,32,9,206,25)
--> RETR ip6.arpa.zone

150 Opening BINARY mode data connection for ip6.arpa.zone (61264 bytes).
Length: 61264 (60K)

     0K .......... .......... .......... .......... .......... 83% 62.8K 0s
    50K .........                                             100% 75.6M=0.8s

226 Transfer complete.
2017-07-05 00:00:47 (75.1 KB/s) - ‘./domain/ip6.arpa.zone’ saved [61264]

Remote file is newer than local file ‘./domain/ip6.arpa.zone.gz’ -- retrieving.

--2017-07-05 00:00:47--  ftp://ftp.internic.net/domain/ip6.arpa.zone.gz
           => ‘./domain/ip6.arpa.zone.gz’
==> CWD not required.
--> PASV

227 Entering Passive Mode (192,0,32,9,78,132)
--> RETR ip6.arpa.zone.gz

150 Opening BINARY mode data connection for ip6.arpa.zone.gz (24325 bytes).
Length: 24325 (24K)

     0K .......... .......... ...                             100% 77.1K=0.3s

226 Transfer complete.
2017-07-05 00:00:48 (77.1 KB/s) - ‘./domain/ip6.arpa.zone.gz’ saved [24325]

Remote file is newer than local file ‘./domain/ip6.arpa.zone.gz.md5’ -- retrieving.

--2017-07-05 00:00:48--  ftp://ftp.internic.net/domain/ip6.arpa.zone.gz.md5
           => ‘./domain/ip6.arpa.zone.gz.md5’
==> CWD not required.
--> PASV

227 Entering Passive Mode (192,0,32,9,50,178)
--> RETR ip6.arpa.zone.gz.md5

150 Opening BINARY mode data connection for ip6.arpa.zone.gz.md5 (56 bytes).
Length: 56

     0K                                                       100%  448K=0s

226 Transfer complete.
2017-07-05 00:00:49 (448 KB/s) - ‘./domain/ip6.arpa.zone.gz.md5’ saved [56]

Remote file is newer than local file ‘./domain/ip6.arpa.zone.gz.sha256’ -- retrieving.

--2017-07-05 00:00:49--  ftp://ftp.internic.net/domain/ip6.arpa.zone.gz.sha256
           => ‘./domain/ip6.arpa.zone.gz.sha256’
==> CWD not required.
--> PASV

227 Entering Passive Mode (192,0,32,9,42,208)
--> RETR ip6.arpa.zone.gz.sha256

150 Opening BINARY mode data connection for ip6.arpa.zone.gz.sha256 (91 bytes).
Length: 91

     0K                                                       100%  639K=0s

226 Transfer complete.
2017-07-05 00:00:51 (639 KB/s) - ‘./domain/ip6.arpa.zone.gz.sha256’ saved [91]

Remote file is newer than local file ‘./domain/ip6.arpa.zone.md5’ -- retrieving.

--2017-07-05 00:00:51--  ftp://ftp.internic.net/domain/ip6.arpa.zone.md5
           => ‘./domain/ip6.arpa.zone.md5’
==> CWD not required.
--> PASV

227 Entering Passive Mode (192,0,32,9,115,89)
--> RETR ip6.arpa.zone.md5

150 Opening BINARY mode data connection for ip6.arpa.zone.md5 (53 bytes).
Length: 53

     0K                                                       100%  414K=0s

226 Transfer complete.
2017-07-05 00:00:52 (414 KB/s) - ‘./domain/ip6.arpa.zone.md5’ saved [53]

Remote file is newer than local file ‘./domain/ip6.arpa.zone.sha256’ -- retrieving.

--2017-07-05 00:00:52--  ftp://ftp.internic.net/domain/ip6.arpa.zone.sha256
           => ‘./domain/ip6.arpa.zone.sha256’
==> CWD not required.
--> PASV

227 Entering Passive Mode (192,0,32,9,64,237)
--> RETR ip6.arpa.zone.sha256

150 Opening BINARY mode data connection for ip6.arpa.zone.sha256 (88 bytes).
Length: 88

     0K                                                       100% 1.95M=0s

226 Transfer complete.
2017-07-05 00:00:52 (1.95 MB/s) - ‘./domain/ip6.arpa.zone.sha256’ saved [88]

Remote file is newer than local file ‘./domain/last_update.txt’ -- retrieving.

--2017-07-05 00:00:52--  ftp://ftp.internic.net/domain/last_update.txt
           => ‘./domain/last_update.txt’
==> CWD not required.
--> PASV

227 Entering Passive Mode (192,0,32,9,125,45)
--> RETR last_update.txt

150 Opening BINARY mode data connection for last_update.txt (21 bytes).
Length: 21

     0K                                                       100%  419K=0s

226 Transfer complete.
2017-07-05 00:00:53 (419 KB/s) - ‘./domain/last_update.txt’ saved [21]

Remote file no newer than local file ‘./domain/named.cache’ -- not retrieving.
Remote file no newer than local file ‘./domain/named.cache.md5’ -- not retrieving.
Remote file no newer than local file ‘./domain/named.cache.sig’ -- not retrieving.
Remote file no newer than local file ‘./domain/named.root’ -- not retrieving.
Remote file no newer than local file ‘./domain/named.root.md5’ -- not retrieving.
Remote file no newer than local file ‘./domain/named.root.sig’ -- not retrieving.
Remote file no newer than local file ‘./domain/root-servers.net.zone’ -- not retrieving.
Remote file no newer than local file ‘./domain/root-servers.net.zone.gz’ -- not retrieving.
Remote file no newer than local file ‘./domain/root-servers.net.zone.gz.md5’ -- not retrieving.
Remote file no newer than local file ‘./domain/root-servers.net.zone.gz.sig’ -- not retrieving.
Remote file is newer than local file ‘./domain/root.zone’ -- retrieving.

--2017-07-05 00:00:53--  ftp://ftp.internic.net/domain/root.zone
           => ‘./domain/root.zone’
==> CWD not required.
--> PASV

227 Entering Passive Mode (192,0,32,9,42,55)
--> RETR root.zone

150 Opening BINARY mode data connection for root.zone (2258848 bytes).
Length: 2258848 (2.2M)

     0K .......... .......... .......... .......... ..........  2% 54.6K 39s
    50K .......... .......... .......... .......... ..........  4% 67.1K 35s
   100K .......... .......... .......... .......... ..........  6% 85.3K 31s
   150K .......... .......... .......... .......... ..........  9% 93.4K 28s
   200K .......... .......... .......... .......... .......... 11% 55.6K 29s
   250K .......... .......... .......... .......... .......... 13%  163K 25s
   300K .......... .......... .......... .......... .......... 15% 81.4K 24s
   350K .......... .......... .......... .......... .......... 18% 81.4K 24s
   400K .......... .......... .......... .......... .......... 20%  161K 22s
   450K .......... .......... .......... .......... .......... 22%  164K 20s
   500K .......... .......... .......... .......... .......... 24% 81.4K 19s
   550K .......... .......... .......... .......... .......... 27%  163K 18s
   600K .......... .......... .......... .......... .......... 29%  160K 17s
   650K .......... .......... .......... .......... .......... 31%  226K 16s
   700K .......... .......... .......... .......... .......... 33% 1.33M 14s
   750K .......... .......... .......... .......... .......... 36%  198K 13s
   800K .......... .......... .......... .......... .......... 38%  163K 13s
   850K .......... .......... .......... .......... .......... 40%  164K 12s
   900K .......... .......... .......... .......... .......... 43%  163K 11s
   950K .......... .......... .......... .......... .......... 45% 14.4M 10s
  1000K .......... .......... .......... .......... .......... 47%  164K 10s
  1050K .......... .......... .......... .......... .......... 49%  163K 9s
  1100K .......... .......... .......... .......... .......... 52%  161K 9s
  1150K .......... .......... .......... .......... .......... 54%  220K 8s
  1200K .......... .......... .......... .......... .......... 56% 1.42M 7s
  1250K .......... .......... .......... .......... .......... 58%  201K 7s
  1300K .......... .......... .......... .......... .......... 61%  208K 6s
  1350K .......... .......... .......... .......... .......... 63% 85.1K 6s
  1400K .......... .......... .......... .......... .......... 65% 53.6M 6s
  1450K .......... .......... .......... .......... .......... 67% 52.2M 5s
  1500K .......... .......... .......... .......... .......... 70% 43.1M 5s
  1550K .......... .......... .......... .......... .......... 72% 82.9K 4s
  1600K .......... .......... .......... .......... .......... 74% 45.4M 4s
  1650K .......... .......... .......... .......... .......... 77% 96.3M 3s
  1700K .......... .......... .......... .......... .......... 79%  164K 3s
  1750K .......... .......... .......... .......... .......... 81% 21.0M 3s
  1800K .......... .......... .......... .......... .......... 83%  163K 2s
  1850K .......... .......... .......... .......... .......... 86%  162K 2s
  1900K .......... .......... .......... .......... .......... 88%  162K 2s
  1950K .......... .......... .......... .......... .......... 90%  115M 1s
  2000K .......... .......... .......... .......... .......... 92%  160K 1s
  2050K .......... .......... .......... .......... .......... 95%  169K 1s
  2100K .......... .......... .......... .......... .......... 97%  163K 0s
  2150K .......... .......... .......... .......... .......... 99%  227K 0s
  2200K .....                                                 100% 2.49M=14s

226 Transfer complete.
2017-07-05 00:01:08 (161 KB/s) - ‘./domain/root.zone’ saved [2258848]

The sizes do not match (local 1060492) -- retrieving.

--2017-07-05 00:01:08--  ftp://ftp.internic.net/domain/root.zone.gz
           => ‘./domain/root.zone.gz’
==> CWD not required.
--> PASV

227 Entering Passive Mode (192,0,32,9,73,238)
--> RETR root.zone.gz

150 Opening BINARY mode data connection for root.zone.gz (1060549 bytes).
Length: 1060549 (1.0M)

     0K .......... .......... .......... .......... ..........  4% 81.3K 12s
    50K .......... .......... .......... .......... ..........  9%  247K 8s
   100K .......... .......... .......... .......... .......... 14%  162K 7s
   150K .......... .......... .......... .......... .......... 19% 8.33M 5s
   200K .......... .......... .......... .......... .......... 24%  164K 5s
   250K .......... .......... .......... .......... .......... 28%  163K 4s
   300K .......... .......... .......... .......... .......... 33%  122K 4s
   350K .......... .......... .......... .......... .......... 38% 17.2M 3s
   400K .......... .......... .......... .......... .......... 43%  163K 3s
   450K .......... .......... .......... .......... .......... 48%  162K 3s
   500K .......... .......... .......... .......... .......... 53%  165K 3s
   550K .......... .......... .......... .......... .......... 57%  191K 2s
   600K .......... .......... .......... .......... .......... 62%  113M 2s
   650K .......... .......... .......... .......... .......... 67%  199K 2s
   700K .......... .......... .......... .......... .......... 72% 24.6M 1s
   750K .......... .......... .......... .......... .......... 77%  210K 1s
   800K .......... .......... .......... .......... .......... 82%  243K 1s
   850K .......... .......... .......... .......... .......... 86% 86.5K 1s
   900K .......... .......... .......... .......... .......... 91% 49.6M 0s
   950K .......... .......... .......... .......... .......... 96%  115M 0s
  1000K .......... .......... .......... .....                100%  117K=4.9s

226 Transfer complete.
2017-07-05 00:01:14 (211 KB/s) - ‘./domain/root.zone.gz’ saved [1060549]

Remote file is newer than local file ‘./domain/root.zone.gz.md5’ -- retrieving.

--2017-07-05 00:01:14--  ftp://ftp.internic.net/domain/root.zone.gz.md5
           => ‘./domain/root.zone.gz.md5’
==> CWD not required.
--> PASV

227 Entering Passive Mode (192,0,32,9,83,233)
--> RETR root.zone.gz.md5

150 Opening BINARY mode data connection for root.zone.gz.md5 (33 bytes).
Length: 33

     0K                                                       100% 94.8K=0s

226 Transfer complete.
2017-07-05 00:01:15 (94.8 KB/s) - ‘./domain/root.zone.gz.md5’ saved [33]

Remote file is newer than local file ‘./domain/root.zone.gz.sig’ -- retrieving.

--2017-07-05 00:01:15--  ftp://ftp.internic.net/domain/root.zone.gz.sig
           => ‘./domain/root.zone.gz.sig’
==> CWD not required.
--> PASV

227 Entering Passive Mode (192,0,32,9,110,14)
--> RETR root.zone.gz.sig

150 Opening BINARY mode data connection for root.zone.gz.sig (72 bytes).
Length: 72

     0K                                                       100%  163K=0s

226 Transfer complete.
2017-07-05 00:01:16 (163 KB/s) - ‘./domain/root.zone.gz.sig’ saved [72]

Remote file is newer than local file ‘./domain/root.zone.md5’ -- retrieving.

--2017-07-05 00:01:16--  ftp://ftp.internic.net/domain/root.zone.md5
           => ‘./domain/root.zone.md5’
==> CWD not required.
--> PASV

227 Entering Passive Mode (192,0,32,9,200,152)
--> RETR root.zone.md5

150 Opening BINARY mode data connection for root.zone.md5 (33 bytes).
Length: 33

     0K                                                       100%  658K=0s

226 Transfer complete.
2017-07-05 00:01:17 (658 KB/s) - ‘./domain/root.zone.md5’ saved [33]

Remote file is newer than local file ‘./domain/root.zone.sig’ -- retrieving.

--2017-07-05 00:01:17--  ftp://ftp.internic.net/domain/root.zone.sig
           => ‘./domain/root.zone.sig’
==> CWD not required.
--> PASV

227 Entering Passive Mode (192,0,32,9,77,202)
--> RETR root.zone.sig

150 Opening BINARY mode data connection for root.zone.sig (72 bytes).
Length: 72

     0K                                                       100%  581K=0s

226 Transfer complete.
2017-07-05 00:01:18 (581 KB/s) - ‘./domain/root.zone.sig’ saved [72]

FINISHED --2017-07-05 00:01:18--
Total wall clock time: 1m 16s
Downloaded: 40 files, 4.0M in 26s (157 KB/s)
