--2017-07-27 00:00:06--  ftp://ftp.internic.net/*
           => ‘./.listing’
Resolving ftp.internic.net (ftp.internic.net)... 192.0.32.9, 2620:0:2d0:200::9
Connecting to ftp.internic.net (ftp.internic.net)|192.0.32.9|:21... connected.
Logging in as anonymous ... 
220 Internic FTP Server
--> USER anonymous

331 Please specify the password.
--> PASS Turtle Power!

230 Login successful.
--> SYST

215 UNIX Type: L8
--> PWD

257 "/"
--> TYPE I

200 Switching to Binary mode.
==> CWD not needed.
--> PASV

227 Entering Passive Mode (192,0,32,9,203,173)
--> LIST -a

150 Here comes the directory listing.

     0K                                                         104K=0.002s

226 Directory send OK.
drwxr-xr-x    3 ftp      ftp          4096 Apr 04  2012 .
drwxr-xr-x    3 ftp      ftp          4096 Apr 04  2012 ..
drwxr-xr-x    2 ftp      ftp          4096 Sep 09  2015 domain
2017-07-27 00:00:10 (104 KB/s) - ‘./.listing’ saved [183]

--2017-07-27 00:00:10--  ftp://ftp.internic.net/domain/*
           => ‘./domain/.listing’
--> CWD /domain

250 Directory successfully changed.
--> PASV

227 Entering Passive Mode (192,0,32,9,212,72)
--> LIST -a

150 Here comes the directory listing.

     0K ...                                                    53.5K=0.07s

226 Directory send OK.
drwxr-xr-x    2 ftp      ftp          4096 Sep 09  2015 .
drwxr-xr-x    3 ftp      ftp          4096 Apr 04  2012 ..
-rw-r--r--    1 ftp      ftp          1829 Aug 18  2015 .listing
-rw-r--r--    1 ftp      ftp          1224 Jul 26 14:54 INTERNIC_ROOT_ZONE.signatures
-rw-r--r--    1 ftp      ftp          1469 Jul 26 14:54 INTERNIC_ROOT_ZONE.signatures.asc
-rw-r--r--    1 ftp      ftp         15228 Jul 26 14:34 arpa.zone
-rw-r--r--    1 ftp      ftp          6638 Jul 26 14:34 arpa.zone.gz
-rw-r--r--    1 ftp      ftp            33 Jul 26 14:34 arpa.zone.gz.md5
-rw-r--r--    1 ftp      ftp            72 Jul 26 14:34 arpa.zone.gz.sig
-rw-r--r--    1 ftp      ftp          3314 Jul 26 14:54 db.cache
-rw-r--r--    1 ftp      ftp            33 Jul 26 14:54 db.cache.md5
-rw-r--r--    1 ftp      ftp            72 Jul 26 14:54 db.cache.sig
-rw-r--r--    1 ftp      ftp        228558 Jul 26 15:40 in-addr.arpa
-rw-r--r--    1 ftp      ftp         90828 Jul 26 15:40 in-addr.arpa.gz
-rw-r--r--    1 ftp      ftp            55 Jul 26 15:40 in-addr.arpa.gz.md5
-rw-r--r--    1 ftp      ftp            90 Jul 26 15:40 in-addr.arpa.gz.sha256
-rw-r--r--    1 ftp      ftp            52 Jul 26 15:40 in-addr.arpa.md5
-rw-r--r--    1 ftp      ftp            87 Jul 26 15:40 in-addr.arpa.sha256
-rw-r--r--    1 ftp      ftp        228558 Jul 26 15:40 in-addr.arpa.zone
-rw-r--r--    1 ftp      ftp         90828 Jul 26 15:40 in-addr.arpa.zone.gz
-rw-r--r--    1 ftp      ftp            60 Jul 26 15:40 in-addr.arpa.zone.gz.md5
-rw-r--r--    1 ftp      ftp            95 Jul 26 15:40 in-addr.arpa.zone.gz.sha256
-rw-r--r--    1 ftp      ftp            57 Jul 26 15:40 in-addr.arpa.zone.md5
-rw-r--r--    1 ftp      ftp            92 Jul 26 15:40 in-addr.arpa.zone.sha256
-rw-r--r--    1 ftp      ftp         61264 Jul 26 15:40 ip6.arpa
-rw-r--r--    1 ftp      ftp         24378 Jul 26 15:40 ip6.arpa.gz
-rw-r--r--    1 ftp      ftp            51 Jul 26 15:40 ip6.arpa.gz.md5
-rw-r--r--    1 ftp      ftp            86 Jul 26 15:40 ip6.arpa.gz.sha256
-rw-r--r--    1 ftp      ftp            48 Jul 26 15:40 ip6.arpa.md5
-rw-r--r--    1 ftp      ftp            83 Jul 26 15:40 ip6.arpa.sha256
-rw-r--r--    1 ftp      ftp         61264 Jul 26 15:40 ip6.arpa.zone
-rw-r--r--    1 ftp      ftp         24378 Jul 26 15:40 ip6.arpa.zone.gz
-rw-r--r--    1 ftp      ftp            56 Jul 26 15:40 ip6.arpa.zone.gz.md5
-rw-r--r--    1 ftp      ftp            91 Jul 26 15:40 ip6.arpa.zone.gz.sha256
-rw-r--r--    1 ftp      ftp            53 Jul 26 15:40 ip6.arpa.zone.md5
-rw-r--r--    1 ftp      ftp            88 Jul 26 15:40 ip6.arpa.zone.sha256
-rw-r--r--    1 ftp      ftp            21 Jul 26 15:40 last_update.txt
-rw-r--r--    1 ftp      ftp          3314 Jul 26 14:54 named.cache
-rw-r--r--    1 ftp      ftp            33 Jul 26 14:54 named.cache.md5
-rw-r--r--    1 ftp      ftp            72 Jul 26 14:54 named.cache.sig
-rw-r--r--    1 ftp      ftp          3314 Jul 26 14:54 named.root
-rw-r--r--    1 ftp      ftp            33 Jul 26 14:54 named.root.md5
-rw-r--r--    1 ftp      ftp            72 Jul 26 14:54 named.root.sig
-rw-r--r--    1 ftp      ftp          2111 Jul 26 14:53 root-servers.net.zone
-rw-r--r--    1 ftp      ftp           573 Jul 26 14:53 root-servers.net.zone.gz
-rw-r--r--    1 ftp      ftp            33 Jul 26 14:53 root-servers.net.zone.gz.md5
-rw-r--r--    1 ftp      ftp            72 Jul 26 14:53 root-servers.net.zone.gz.sig
-rw-r--r--    1 ftp      ftp       2261871 Jul 26 14:53 root.zone
-rw-r--r--    1 ftp      ftp       1061916 Jul 26 14:53 root.zone.gz
-rw-r--r--    1 ftp      ftp            33 Jul 26 14:53 root.zone.gz.md5
-rw-r--r--    1 ftp      ftp            72 Jul 26 14:53 root.zone.gz.sig
-rw-r--r--    1 ftp      ftp            33 Jul 26 14:53 root.zone.md5
-rw-r--r--    1 ftp      ftp            72 Jul 26 14:53 root.zone.sig
2017-07-27 00:00:12 (53.5 KB/s) - ‘./domain/.listing’ saved [3930]

The sizes do not match (local 3930) -- retrieving.

--2017-07-27 00:00:12--  ftp://ftp.internic.net/domain/.listing
           => ‘./domain/.listing’
==> CWD not required.
--> PASV

227 Entering Passive Mode (192,0,32,9,42,86)
--> RETR .listing

150 Opening BINARY mode data connection for .listing (1829 bytes).
Length: 1829 (1.8K)

     0K .                                                     100% 24.2M=0s

226 Transfer complete.
2017-07-27 00:00:15 (24.2 MB/s) - ‘./domain/.listing’ saved [1829]

Remote file is newer than local file ‘./domain/INTERNIC_ROOT_ZONE.signatures’ -- retrieving.

--2017-07-27 00:00:15--  ftp://ftp.internic.net/domain/INTERNIC_ROOT_ZONE.signatures
           => ‘./domain/INTERNIC_ROOT_ZONE.signatures’
==> CWD not required.
--> PASV

227 Entering Passive Mode (192,0,32,9,42,118)
--> RETR INTERNIC_ROOT_ZONE.signatures

150 Opening BINARY mode data connection for INTERNIC_ROOT_ZONE.signatures (1224 bytes).
Length: 1224 (1.2K)

     0K .                                                     100% 25.9M=0s

226 Transfer complete.
2017-07-27 00:00:19 (25.9 MB/s) - ‘./domain/INTERNIC_ROOT_ZONE.signatures’ saved [1224]

Remote file is newer than local file ‘./domain/INTERNIC_ROOT_ZONE.signatures.asc’ -- retrieving.

--2017-07-27 00:00:19--  ftp://ftp.internic.net/domain/INTERNIC_ROOT_ZONE.signatures.asc
           => ‘./domain/INTERNIC_ROOT_ZONE.signatures.asc’
==> CWD not required.
--> PASV

227 Entering Passive Mode (192,0,32,9,113,7)
--> RETR INTERNIC_ROOT_ZONE.signatures.asc

150 Opening BINARY mode data connection for INTERNIC_ROOT_ZONE.signatures.asc (1469 bytes).
Length: 1469 (1.4K)

     0K .                                                     100%  360K=0.004s

226 Transfer complete.
2017-07-27 00:00:22 (360 KB/s) - ‘./domain/INTERNIC_ROOT_ZONE.signatures.asc’ saved [1469]

Remote file is newer than local file ‘./domain/arpa.zone’ -- retrieving.

--2017-07-27 00:00:22--  ftp://ftp.internic.net/domain/arpa.zone
           => ‘./domain/arpa.zone’
==> CWD not required.
--> PASV

227 Entering Passive Mode (192,0,32,9,168,225)
--> RETR arpa.zone

150 Opening BINARY mode data connection for arpa.zone (15228 bytes).
Length: 15228 (15K)

     0K .......... ....                                       100%  206K=0.07s

226 Transfer complete.
2017-07-27 00:00:23 (206 KB/s) - ‘./domain/arpa.zone’ saved [15228]

The sizes do not match (local 6652) -- retrieving.

--2017-07-27 00:00:23--  ftp://ftp.internic.net/domain/arpa.zone.gz
           => ‘./domain/arpa.zone.gz’
==> CWD not required.
--> PASV

227 Entering Passive Mode (192,0,32,9,201,74)
--> RETR arpa.zone.gz

150 Opening BINARY mode data connection for arpa.zone.gz (6638 bytes).
Length: 6638 (6.5K)

     0K ......                                                100%  103K=0.06s

226 Transfer complete.
2017-07-27 00:00:25 (103 KB/s) - ‘./domain/arpa.zone.gz’ saved [6638]

Remote file is newer than local file ‘./domain/arpa.zone.gz.md5’ -- retrieving.

--2017-07-27 00:00:25--  ftp://ftp.internic.net/domain/arpa.zone.gz.md5
           => ‘./domain/arpa.zone.gz.md5’
==> CWD not required.
--> PASV

227 Entering Passive Mode (192,0,32,9,42,137)
--> RETR arpa.zone.gz.md5

150 Opening BINARY mode data connection for arpa.zone.gz.md5 (33 bytes).
Length: 33

     0K                                                       100%  658K=0s

226 Transfer complete.
2017-07-27 00:00:26 (658 KB/s) - ‘./domain/arpa.zone.gz.md5’ saved [33]

Remote file is newer than local file ‘./domain/arpa.zone.gz.sig’ -- retrieving.

--2017-07-27 00:00:26--  ftp://ftp.internic.net/domain/arpa.zone.gz.sig
           => ‘./domain/arpa.zone.gz.sig’
==> CWD not required.
--> PASV

227 Entering Passive Mode (192,0,32,9,103,78)
--> RETR arpa.zone.gz.sig

150 Opening BINARY mode data connection for arpa.zone.gz.sig (72 bytes).
Length: 72

     0K                                                       100% 23.0K=0.003s

226 Transfer complete.
2017-07-27 00:00:27 (23.0 KB/s) - ‘./domain/arpa.zone.gz.sig’ saved [72]

The sizes do not match (local 3289) -- retrieving.

--2017-07-27 00:00:27--  ftp://ftp.internic.net/domain/db.cache
           => ‘./domain/db.cache’
==> CWD not required.
--> PASV

227 Entering Passive Mode (192,0,32,9,79,83)
--> RETR db.cache

150 Opening BINARY mode data connection for db.cache (3314 bytes).
Length: 3314 (3.2K)

     0K ...                                                   100% 41.0M=0s

226 Transfer complete.
2017-07-27 00:00:28 (41.0 MB/s) - ‘./domain/db.cache’ saved [3314]

Remote file is newer than local file ‘./domain/db.cache.md5’ -- retrieving.

--2017-07-27 00:00:28--  ftp://ftp.internic.net/domain/db.cache.md5
           => ‘./domain/db.cache.md5’
==> CWD not required.
--> PASV

227 Entering Passive Mode (192,0,32,9,41,69)
--> RETR db.cache.md5

150 Opening BINARY mode data connection for db.cache.md5 (33 bytes).
Length: 33

     0K                                                       100% 8.22K=0.004s

226 Transfer complete.
2017-07-27 00:00:29 (8.22 KB/s) - ‘./domain/db.cache.md5’ saved [33]

Remote file is newer than local file ‘./domain/db.cache.sig’ -- retrieving.

--2017-07-27 00:00:29--  ftp://ftp.internic.net/domain/db.cache.sig
           => ‘./domain/db.cache.sig’
==> CWD not required.
--> PASV

227 Entering Passive Mode (192,0,32,9,42,198)
--> RETR db.cache.sig

150 Opening BINARY mode data connection for db.cache.sig (72 bytes).
Length: 72

     0K                                                       100% 20.6K=0.003s

226 Transfer complete.
2017-07-27 00:00:30 (20.6 KB/s) - ‘./domain/db.cache.sig’ saved [72]

Remote file is newer than local file ‘./domain/in-addr.arpa’ -- retrieving.

--2017-07-27 00:00:30--  ftp://ftp.internic.net/domain/in-addr.arpa
           => ‘./domain/in-addr.arpa’
==> CWD not required.
--> PASV

227 Entering Passive Mode (192,0,32,9,41,106)
--> RETR in-addr.arpa

150 Opening BINARY mode data connection for in-addr.arpa (228558 bytes).
Length: 228558 (223K)

     0K .......... .......... .......... .......... .......... 22% 23.5K 7s
    50K .......... .......... .......... .......... .......... 44% 74.9K 3s
   100K .......... .......... .......... .......... .......... 67% 76.7K 2s
   150K .......... .......... .......... .......... .......... 89% 38.4K 1s
   200K .......... .......... ...                             100% 3.90K=11s

226 Transfer complete.
2017-07-27 00:00:42 (20.9 KB/s) - ‘./domain/in-addr.arpa’ saved [228558]

The sizes do not match (local 90827) -- retrieving.

--2017-07-27 00:00:42--  ftp://ftp.internic.net/domain/in-addr.arpa.gz
           => ‘./domain/in-addr.arpa.gz’
==> CWD not required.
--> PASV

227 Entering Passive Mode (192,0,32,9,18,126)
--> RETR in-addr.arpa.gz

150 Opening BINARY mode data connection for in-addr.arpa.gz (90822 bytes).
Length: 90828 (89K)

     0K .......... .......... .......... .......... .......... 56% 55.8K 1s
    50K .......... .......... .......... ........              99% 34.2K=2.0s

226 Transfer complete.
2017-07-27 00:00:45 (43.8 KB/s) - ‘./domain/in-addr.arpa.gz’ saved [90822]

Remote file is newer than local file ‘./domain/in-addr.arpa.gz.md5’ -- retrieving.

--2017-07-27 00:00:45--  ftp://ftp.internic.net/domain/in-addr.arpa.gz.md5
           => ‘./domain/in-addr.arpa.gz.md5’
==> CWD not required.
--> PASV

227 Entering Passive Mode (192,0,32,9,137,160)
--> RETR in-addr.arpa.gz.md5

150 Opening BINARY mode data connection for in-addr.arpa.gz.md5 (55 bytes).
Length: 55

     0K                                                       100% 3.35K=0.02s

226 Transfer complete.
2017-07-27 00:00:47 (3.35 KB/s) - ‘./domain/in-addr.arpa.gz.md5’ saved [55]

Remote file is newer than local file ‘./domain/in-addr.arpa.gz.sha256’ -- retrieving.

--2017-07-27 00:00:47--  ftp://ftp.internic.net/domain/in-addr.arpa.gz.sha256
           => ‘./domain/in-addr.arpa.gz.sha256’
==> CWD not required.
--> PASV

227 Entering Passive Mode (192,0,32,9,138,9)
--> RETR in-addr.arpa.gz.sha256

150 Opening BINARY mode data connection for in-addr.arpa.gz.sha256 (90 bytes).
Length: 90

     0K                                                       100%  651K=0s

226 Transfer complete.
2017-07-27 00:00:48 (651 KB/s) - ‘./domain/in-addr.arpa.gz.sha256’ saved [90]

Remote file is newer than local file ‘./domain/in-addr.arpa.md5’ -- retrieving.

--2017-07-27 00:00:48--  ftp://ftp.internic.net/domain/in-addr.arpa.md5
           => ‘./domain/in-addr.arpa.md5’
==> CWD not required.
--> PASV

227 Entering Passive Mode (192,0,32,9,164,146)
--> RETR in-addr.arpa.md5

150 Opening BINARY mode data connection for in-addr.arpa.md5 (52 bytes).
Length: 52

     0K                                                       100% 10.8K=0.005s

226 Transfer complete.
2017-07-27 00:00:49 (10.8 KB/s) - ‘./domain/in-addr.arpa.md5’ saved [52]

Remote file is newer than local file ‘./domain/in-addr.arpa.sha256’ -- retrieving.

--2017-07-27 00:00:49--  ftp://ftp.internic.net/domain/in-addr.arpa.sha256
           => ‘./domain/in-addr.arpa.sha256’
==> CWD not required.
--> PASV

227 Entering Passive Mode (192,0,32,9,144,198)
--> RETR in-addr.arpa.sha256

150 Opening BINARY mode data connection for in-addr.arpa.sha256 (87 bytes).
Length: 87

     0K                                                       100% 45.9K=0.002s

226 Transfer complete.
2017-07-27 00:00:50 (45.9 KB/s) - ‘./domain/in-addr.arpa.sha256’ saved [87]

Remote file is newer than local file ‘./domain/in-addr.arpa.zone’ -- retrieving.

--2017-07-27 00:00:50--  ftp://ftp.internic.net/domain/in-addr.arpa.zone
           => ‘./domain/in-addr.arpa.zone’
==> CWD not required.
--> PASV

227 Entering Passive Mode (192,0,32,9,42,86)
--> RETR in-addr.arpa.zone

150 Opening BINARY mode data connection for in-addr.arpa.zone (228558 bytes).
Length: 228558 (223K)

     0K .......... .......... .......... .......... .......... 22% 19.3K 9s
    50K .......... .......... .......... .......... .......... 44% 8.12K 11s
   100K .......... .......... .......... .......... .......... 67% 3.06K 12s
   150K .......... .......... .......... .......... .......... 89%  107K 3s
   200K .......... .......... ...                             100% 50.8K=26s

226 Transfer complete.
2017-07-27 00:01:17 (8.58 KB/s) - ‘./domain/in-addr.arpa.zone’ saved [228558]

The sizes do not match (local 90827) -- retrieving.

--2017-07-27 00:01:17--  ftp://ftp.internic.net/domain/in-addr.arpa.zone.gz
           => ‘./domain/in-addr.arpa.zone.gz’
==> CWD not required.
--> PASV

227 Entering Passive Mode (192,0,32,9,41,112)
--> RETR in-addr.arpa.zone.gz

150 Opening BINARY mode data connection for in-addr.arpa.zone.gz (90822 bytes).
Length: 90828 (89K)

     0K .......... .......... .......... .......... .......... 56% 31.9K 1s
    50K .......... .......... .......... ........              99% 8.39K=6.2s

226 Transfer complete.
2017-07-27 00:01:24 (14.4 KB/s) - ‘./domain/in-addr.arpa.zone.gz’ saved [90822]

Remote file is newer than local file ‘./domain/in-addr.arpa.zone.gz.md5’ -- retrieving.

--2017-07-27 00:01:24--  ftp://ftp.internic.net/domain/in-addr.arpa.zone.gz.md5
           => ‘./domain/in-addr.arpa.zone.gz.md5’
==> CWD not required.
--> PASV

227 Entering Passive Mode (192,0,32,9,47,172)
--> RETR in-addr.arpa.zone.gz.md5

150 Opening BINARY mode data connection for in-addr.arpa.zone.gz.md5 (60 bytes).
Length: 60

     0K                                                       100% 14.3K=0.004s

226 Transfer complete.
2017-07-27 00:01:25 (14.3 KB/s) - ‘./domain/in-addr.arpa.zone.gz.md5’ saved [60]

Remote file is newer than local file ‘./domain/in-addr.arpa.zone.gz.sha256’ -- retrieving.

--2017-07-27 00:01:25--  ftp://ftp.internic.net/domain/in-addr.arpa.zone.gz.sha256
           => ‘./domain/in-addr.arpa.zone.gz.sha256’
==> CWD not required.
--> PASV

227 Entering Passive Mode (192,0,32,9,75,18)
--> RETR in-addr.arpa.zone.gz.sha256

150 Opening BINARY mode data connection for in-addr.arpa.zone.gz.sha256 (95 bytes).
Length: 95

     0K                                                         0% 0.00 =0s

2017-07-27 00:16:26 (0.00 B/s) - Data connection: Connection timed out; 
226 Transfer complete.
Retrying.

--2017-07-27 00:16:27--  ftp://ftp.internic.net/domain/in-addr.arpa.zone.gz.sha256
  (try: 2) => ‘./domain/in-addr.arpa.zone.gz.sha256’
==> CWD not required.
--> PASV


Write failed, closing control connection.
Retrying.

--2017-07-27 00:16:29--  ftp://ftp.internic.net/domain/in-addr.arpa.zone.gz.sha256
  (try: 3) => ‘./domain/in-addr.arpa.zone.gz.sha256’
Connecting to ftp.internic.net (ftp.internic.net)|192.0.32.9|:21... connected.
Logging in as anonymous ... 
220 Internic FTP Server
--> USER anonymous

331 Please specify the password.
--> PASS Turtle Power!

230 Login successful.
--> SYST

215 UNIX Type: L8
--> PWD

257 "/"
--> TYPE I

200 Switching to Binary mode.
--> CWD /domain

250 Directory successfully changed.
--> PASV

227 Entering Passive Mode (192,0,32,9,135,240)
--> RETR in-addr.arpa.zone.gz.sha256

150 Opening BINARY mode data connection for in-addr.arpa.zone.gz.sha256 (95 bytes).
Length: 95

     0K                                                       100% 1.95K=0.05s

226 Transfer complete.
2017-07-27 00:16:33 (1.95 KB/s) - ‘./domain/in-addr.arpa.zone.gz.sha256’ saved [95]

Remote file is newer than local file ‘./domain/in-addr.arpa.zone.md5’ -- retrieving.

--2017-07-27 00:16:33--  ftp://ftp.internic.net/domain/in-addr.arpa.zone.md5
           => ‘./domain/in-addr.arpa.zone.md5’
==> CWD not required.
--> PASV

227 Entering Passive Mode (192,0,32,9,41,51)
--> RETR in-addr.arpa.zone.md5

150 Opening BINARY mode data connection for in-addr.arpa.zone.md5 (57 bytes).
Length: 57

     0K                                                       100% 8.62K=0.006s

226 Transfer complete.
2017-07-27 00:16:35 (8.62 KB/s) - ‘./domain/in-addr.arpa.zone.md5’ saved [57]

Remote file is newer than local file ‘./domain/in-addr.arpa.zone.sha256’ -- retrieving.

--2017-07-27 00:16:35--  ftp://ftp.internic.net/domain/in-addr.arpa.zone.sha256
           => ‘./domain/in-addr.arpa.zone.sha256’
==> CWD not required.
--> PASV

227 Entering Passive Mode (192,0,32,9,112,10)
--> RETR in-addr.arpa.zone.sha256

150 Opening BINARY mode data connection for in-addr.arpa.zone.sha256 (92 bytes).
Length: 92

     0K                                                       100% 19.8K=0.005s

226 Transfer complete.
2017-07-27 00:16:36 (19.8 KB/s) - ‘./domain/in-addr.arpa.zone.sha256’ saved [92]

Remote file is newer than local file ‘./domain/ip6.arpa’ -- retrieving.

--2017-07-27 00:16:36--  ftp://ftp.internic.net/domain/ip6.arpa
           => ‘./domain/ip6.arpa’
==> CWD not required.
--> PASV

227 Entering Passive Mode (192,0,32,9,164,25)
--> RETR ip6.arpa

150 Opening BINARY mode data connection for ip6.arpa (61264 bytes).
Length: 61264 (60K)

     0K .......... .......... .......... .......... .......... 83% 43.1K 0s
    50K .........                                             100% 79.3M=1.2s

226 Transfer complete.
2017-07-27 00:16:38 (51.6 KB/s) - ‘./domain/ip6.arpa’ saved [61264]

The sizes do not match (local 24381) -- retrieving.

--2017-07-27 00:16:38--  ftp://ftp.internic.net/domain/ip6.arpa.gz
           => ‘./domain/ip6.arpa.gz’
==> CWD not required.
--> PASV

227 Entering Passive Mode (192,0,32,9,41,110)
--> RETR ip6.arpa.gz

150 Opening BINARY mode data connection for ip6.arpa.gz (24378 bytes).
Length: 24378 (24K)

     0K .......... .......... ...                             100% 58.4K=0.4s

226 Transfer complete.
2017-07-27 00:16:40 (58.4 KB/s) - ‘./domain/ip6.arpa.gz’ saved [24378]

Remote file is newer than local file ‘./domain/ip6.arpa.gz.md5’ -- retrieving.

--2017-07-27 00:16:40--  ftp://ftp.internic.net/domain/ip6.arpa.gz.md5
           => ‘./domain/ip6.arpa.gz.md5’
==> CWD not required.
--> PASV

227 Entering Passive Mode (192,0,32,9,41,89)
--> RETR ip6.arpa.gz.md5

150 Opening BINARY mode data connection for ip6.arpa.gz.md5 (51 bytes).
Length: 51

     0K                                                         0% 0.00 =0s

2017-07-27 00:31:43 (0.00 B/s) - Data connection: Connection timed out; 
226 Transfer complete.
Retrying.

--2017-07-27 00:31:44--  ftp://ftp.internic.net/domain/ip6.arpa.gz.md5
  (try: 2) => ‘./domain/ip6.arpa.gz.md5’
==> CWD not required.
--> PASV


Write failed, closing control connection.
Retrying.

--2017-07-27 00:31:46--  ftp://ftp.internic.net/domain/ip6.arpa.gz.md5
  (try: 3) => ‘./domain/ip6.arpa.gz.md5’
Connecting to ftp.internic.net (ftp.internic.net)|192.0.32.9|:21... connected.
Logging in as anonymous ... 
220 Internic FTP Server
--> USER anonymous

331 Please specify the password.
--> PASS Turtle Power!

230 Login successful.
--> SYST

215 UNIX Type: L8
--> PWD

257 "/"
--> TYPE I

200 Switching to Binary mode.
--> CWD /domain

250 Directory successfully changed.
--> PASV

227 Entering Passive Mode (192,0,32,9,41,132)
--> RETR ip6.arpa.gz.md5

150 Opening BINARY mode data connection for ip6.arpa.gz.md5 (51 bytes).
Length: 51

     0K                                                       100%  967 =0.05s

226 Transfer complete.
2017-07-27 00:31:49 (967 B/s) - ‘./domain/ip6.arpa.gz.md5’ saved [51]

Remote file is newer than local file ‘./domain/ip6.arpa.gz.sha256’ -- retrieving.

--2017-07-27 00:31:49--  ftp://ftp.internic.net/domain/ip6.arpa.gz.sha256
           => ‘./domain/ip6.arpa.gz.sha256’
==> CWD not required.
--> PASV

227 Entering Passive Mode (192,0,32,9,64,80)
--> RETR ip6.arpa.gz.sha256

150 Opening BINARY mode data connection for ip6.arpa.gz.sha256 (86 bytes).
Length: 86

     0K                                                       100% 1.52M=0s

226 Transfer complete.
2017-07-27 00:31:50 (1.52 MB/s) - ‘./domain/ip6.arpa.gz.sha256’ saved [86]

Remote file is newer than local file ‘./domain/ip6.arpa.md5’ -- retrieving.

--2017-07-27 00:31:50--  ftp://ftp.internic.net/domain/ip6.arpa.md5
           => ‘./domain/ip6.arpa.md5’
==> CWD not required.
--> PASV

227 Entering Passive Mode (192,0,32,9,41,217)
--> RETR ip6.arpa.md5

150 Opening BINARY mode data connection for ip6.arpa.md5 (48 bytes).
Length: 48

     0K                                                       100%  945 =0.05s

226 Transfer complete.
2017-07-27 00:31:51 (945 B/s) - ‘./domain/ip6.arpa.md5’ saved [48]

Remote file is newer than local file ‘./domain/ip6.arpa.sha256’ -- retrieving.

--2017-07-27 00:31:51--  ftp://ftp.internic.net/domain/ip6.arpa.sha256
           => ‘./domain/ip6.arpa.sha256’
==> CWD not required.
--> PASV

227 Entering Passive Mode (192,0,32,9,8,152)
--> RETR ip6.arpa.sha256

150 Opening BINARY mode data connection for ip6.arpa.sha256 (83 bytes).
Length: 83

     0K                                                       100% 1.25K=0.07s

226 Transfer complete.
2017-07-27 00:31:52 (1.25 KB/s) - ‘./domain/ip6.arpa.sha256’ saved [83]

Remote file is newer than local file ‘./domain/ip6.arpa.zone’ -- retrieving.

--2017-07-27 00:31:52--  ftp://ftp.internic.net/domain/ip6.arpa.zone
           => ‘./domain/ip6.arpa.zone’
==> CWD not required.
--> PASV

227 Entering Passive Mode (192,0,32,9,5,37)
--> RETR ip6.arpa.zone

150 Opening BINARY mode data connection for ip6.arpa.zone (61264 bytes).
Length: 61264 (60K)

     0K .......... .......... .......... .......... .......... 83% 48.7K 0s
    50K .........                                             100% 29.7K=1.4s

226 Transfer complete.
2017-07-27 00:31:54 (44.1 KB/s) - ‘./domain/ip6.arpa.zone’ saved [61264]

The sizes do not match (local 24381) -- retrieving.

--2017-07-27 00:31:54--  ftp://ftp.internic.net/domain/ip6.arpa.zone.gz
           => ‘./domain/ip6.arpa.zone.gz’
==> CWD not required.
--> PASV

227 Entering Passive Mode (192,0,32,9,174,201)
--> RETR ip6.arpa.zone.gz

150 Opening BINARY mode data connection for ip6.arpa.zone.gz (24378 bytes).
Length: 24378 (24K)

     0K .......... .......... ...                             100% 68.3K=0.3s

226 Transfer complete.
2017-07-27 00:31:55 (68.3 KB/s) - ‘./domain/ip6.arpa.zone.gz’ saved [24378]

Remote file is newer than local file ‘./domain/ip6.arpa.zone.gz.md5’ -- retrieving.

--2017-07-27 00:31:55--  ftp://ftp.internic.net/domain/ip6.arpa.zone.gz.md5
           => ‘./domain/ip6.arpa.zone.gz.md5’
==> CWD not required.
--> PASV

227 Entering Passive Mode (192,0,32,9,60,219)
--> RETR ip6.arpa.zone.gz.md5

150 Opening BINARY mode data connection for ip6.arpa.zone.gz.md5 (56 bytes).
Length: 56

     0K                                                       100%  749K=0s

226 Transfer complete.
2017-07-27 00:31:57 (749 KB/s) - ‘./domain/ip6.arpa.zone.gz.md5’ saved [56]

Remote file is newer than local file ‘./domain/ip6.arpa.zone.gz.sha256’ -- retrieving.

--2017-07-27 00:31:57--  ftp://ftp.internic.net/domain/ip6.arpa.zone.gz.sha256
           => ‘./domain/ip6.arpa.zone.gz.sha256’
==> CWD not required.
--> PASV

227 Entering Passive Mode (192,0,32,9,133,95)
--> RETR ip6.arpa.zone.gz.sha256

150 Opening BINARY mode data connection for ip6.arpa.zone.gz.sha256 (91 bytes).
Length: 91

     0K                                                       100% 29.7K=0.003s

226 Transfer complete.
2017-07-27 00:31:59 (29.7 KB/s) - ‘./domain/ip6.arpa.zone.gz.sha256’ saved [91]

Remote file is newer than local file ‘./domain/ip6.arpa.zone.md5’ -- retrieving.

--2017-07-27 00:31:59--  ftp://ftp.internic.net/domain/ip6.arpa.zone.md5
           => ‘./domain/ip6.arpa.zone.md5’
==> CWD not required.
--> PASV

227 Entering Passive Mode (192,0,32,9,173,157)
--> RETR ip6.arpa.zone.md5

150 Opening BINARY mode data connection for ip6.arpa.zone.md5 (53 bytes).
Length: 53

     0K                                                       100%  582K=0s

226 Transfer complete.
2017-07-27 00:32:00 (582 KB/s) - ‘./domain/ip6.arpa.zone.md5’ saved [53]

Remote file is newer than local file ‘./domain/ip6.arpa.zone.sha256’ -- retrieving.

--2017-07-27 00:32:00--  ftp://ftp.internic.net/domain/ip6.arpa.zone.sha256
           => ‘./domain/ip6.arpa.zone.sha256’
==> CWD not required.
--> PASV

227 Entering Passive Mode (192,0,32,9,41,196)
--> RETR ip6.arpa.zone.sha256

150 Opening BINARY mode data connection for ip6.arpa.zone.sha256 (88 bytes).
Length: 88

     0K                                                       100%  294K=0s

226 Transfer complete.
2017-07-27 00:32:01 (294 KB/s) - ‘./domain/ip6.arpa.zone.sha256’ saved [88]

Remote file is newer than local file ‘./domain/last_update.txt’ -- retrieving.

--2017-07-27 00:32:01--  ftp://ftp.internic.net/domain/last_update.txt
           => ‘./domain/last_update.txt’
==> CWD not required.
--> PASV

227 Entering Passive Mode (192,0,32,9,42,215)
--> RETR last_update.txt

150 Opening BINARY mode data connection for last_update.txt (21 bytes).
Length: 21

     0K                                                       100%  209K=0s

226 Transfer complete.
2017-07-27 00:32:02 (209 KB/s) - ‘./domain/last_update.txt’ saved [21]

The sizes do not match (local 3289) -- retrieving.

--2017-07-27 00:32:02--  ftp://ftp.internic.net/domain/named.cache
           => ‘./domain/named.cache’
==> CWD not required.
--> PASV

227 Entering Passive Mode (192,0,32,9,42,77)
--> RETR named.cache

150 Opening BINARY mode data connection for named.cache (3314 bytes).
Length: 3314 (3.2K)

     0K ...                                                   100%  481K=0.007s

226 Transfer complete.
2017-07-27 00:32:03 (481 KB/s) - ‘./domain/named.cache’ saved [3314]

Remote file is newer than local file ‘./domain/named.cache.md5’ -- retrieving.

--2017-07-27 00:32:03--  ftp://ftp.internic.net/domain/named.cache.md5
           => ‘./domain/named.cache.md5’
==> CWD not required.
--> PASV

227 Entering Passive Mode (192,0,32,9,61,74)
--> RETR named.cache.md5

150 Opening BINARY mode data connection for named.cache.md5 (33 bytes).
Length: 33

     0K                                                       100% 15.6K=0.002s

226 Transfer complete.
2017-07-27 00:32:04 (15.6 KB/s) - ‘./domain/named.cache.md5’ saved [33]

Remote file is newer than local file ‘./domain/named.cache.sig’ -- retrieving.

--2017-07-27 00:32:04--  ftp://ftp.internic.net/domain/named.cache.sig
           => ‘./domain/named.cache.sig’
==> CWD not required.
--> PASV

227 Entering Passive Mode (192,0,32,9,42,160)
--> RETR named.cache.sig

150 Opening BINARY mode data connection for named.cache.sig (72 bytes).
Length: 72

     0K                                                       100% 1.07M=0s

226 Transfer complete.
2017-07-27 00:32:05 (1.07 MB/s) - ‘./domain/named.cache.sig’ saved [72]

The sizes do not match (local 3289) -- retrieving.

--2017-07-27 00:32:05--  ftp://ftp.internic.net/domain/named.root
           => ‘./domain/named.root’
==> CWD not required.
--> PASV

227 Entering Passive Mode (192,0,32,9,17,86)
--> RETR named.root

150 Opening BINARY mode data connection for named.root (3314 bytes).
Length: 3314 (3.2K)

     0K ...                                                   100% 42.7M=0s

226 Transfer complete.
2017-07-27 00:32:06 (42.7 MB/s) - ‘./domain/named.root’ saved [3314]

Remote file is newer than local file ‘./domain/named.root.md5’ -- retrieving.

--2017-07-27 00:32:06--  ftp://ftp.internic.net/domain/named.root.md5
           => ‘./domain/named.root.md5’
==> CWD not required.
--> PASV

227 Entering Passive Mode (192,0,32,9,206,163)
--> RETR named.root.md5

150 Opening BINARY mode data connection for named.root.md5 (33 bytes).
Length: 33

     0K                                                       100%  822 =0.04s

226 Transfer complete.
2017-07-27 00:32:07 (822 B/s) - ‘./domain/named.root.md5’ saved [33]

Remote file is newer than local file ‘./domain/named.root.sig’ -- retrieving.

--2017-07-27 00:32:07--  ftp://ftp.internic.net/domain/named.root.sig
           => ‘./domain/named.root.sig’
==> CWD not required.
--> PASV

227 Entering Passive Mode (192,0,32,9,208,45)
--> RETR named.root.sig

150 Opening BINARY mode data connection for named.root.sig (72 bytes).
Length: 72

     0K                                                       100% 1.69K=0.04s

226 Transfer complete.
2017-07-27 00:32:08 (1.69 KB/s) - ‘./domain/named.root.sig’ saved [72]

Remote file is newer than local file ‘./domain/root-servers.net.zone’ -- retrieving.

--2017-07-27 00:32:08--  ftp://ftp.internic.net/domain/root-servers.net.zone
           => ‘./domain/root-servers.net.zone’
==> CWD not required.
--> PASV

227 Entering Passive Mode (192,0,32,9,134,38)
--> RETR root-servers.net.zone

150 Opening BINARY mode data connection for root-servers.net.zone (2111 bytes).
Length: 2111 (2.1K)

     0K ..                                                    100%  253K=0.008s

226 Transfer complete.
2017-07-27 00:32:09 (253 KB/s) - ‘./domain/root-servers.net.zone’ saved [2111]

The sizes do not match (local 575) -- retrieving.

--2017-07-27 00:32:09--  ftp://ftp.internic.net/domain/root-servers.net.zone.gz
           => ‘./domain/root-servers.net.zone.gz’
==> CWD not required.
--> PASV

227 Entering Passive Mode (192,0,32,9,150,193)
--> RETR root-servers.net.zone.gz

150 Opening BINARY mode data connection for root-servers.net.zone.gz (573 bytes).
Length: 573

     0K                                                       100% 10.4K=0.05s

226 Transfer complete.
2017-07-27 00:32:10 (10.4 KB/s) - ‘./domain/root-servers.net.zone.gz’ saved [573]

Remote file is newer than local file ‘./domain/root-servers.net.zone.gz.md5’ -- retrieving.

--2017-07-27 00:32:10--  ftp://ftp.internic.net/domain/root-servers.net.zone.gz.md5
           => ‘./domain/root-servers.net.zone.gz.md5’
==> CWD not required.
--> PASV

227 Entering Passive Mode (192,0,32,9,160,215)
--> RETR root-servers.net.zone.gz.md5

150 Opening BINARY mode data connection for root-servers.net.zone.gz.md5 (33 bytes).
Length: 33

     0K                                                       100%  219K=0s

226 Transfer complete.
2017-07-27 00:32:11 (219 KB/s) - ‘./domain/root-servers.net.zone.gz.md5’ saved [33]

Remote file is newer than local file ‘./domain/root-servers.net.zone.gz.sig’ -- retrieving.

--2017-07-27 00:32:11--  ftp://ftp.internic.net/domain/root-servers.net.zone.gz.sig
           => ‘./domain/root-servers.net.zone.gz.sig’
==> CWD not required.
--> PASV

227 Entering Passive Mode (192,0,32,9,39,109)
--> RETR root-servers.net.zone.gz.sig

150 Opening BINARY mode data connection for root-servers.net.zone.gz.sig (72 bytes).
Length: 72

     0K                                                       100% 97.0K=0.001s

226 Transfer complete.
2017-07-27 00:32:12 (97.0 KB/s) - ‘./domain/root-servers.net.zone.gz.sig’ saved [72]

The sizes do not match (local 2261514) -- retrieving.

--2017-07-27 00:32:12--  ftp://ftp.internic.net/domain/root.zone
           => ‘./domain/root.zone’
==> CWD not required.
--> PASV

227 Entering Passive Mode (192,0,32,9,57,131)
--> RETR root.zone

150 Opening BINARY mode data connection for root.zone (2261871 bytes).
Length: 2261871 (2.2M)

     0K .......... .......... .......... .......... ..........  2% 1.02K 35m8s
    50K .......... .......... .......... .......... ..........  4% 1.16K 32m16s
   100K .......... .......... .......... .......... ..........  6% 28.7K 21m24s
   150K .......... .......... .......... .......... ..........  9% 27.4K 15m58s
   200K .......... .......... .......... .......... .......... 11% 4.13K 14m2s
   250K .......... .......... .......... .......... .......... 13% 1.59K 14m44s
   300K .......... .......... .......... .......... .......... 15% 3.51K 13m34s
   350K .......... .......... .......... .......... .......... 18% 39.1K 11m39s
   400K .......... .......... .......... .......... .......... 20% 14.9K 10m17s
   450K .......... .......... .......... .......... .......... 22% 8.73K 9m19s
   500K .......... .......... .......... .......... .......... 24% 10.7K 8m27s
   550K .......... .......... .......... .......... .......... 27% 1.15K 9m28s
   600K .......... .......... .......... .......... .......... 29% 84.1K 8m29s
   650K .......... .......... .......... .......... .......... 31% 87.8K 7m39s
   700K .......... .......... .......... .......... .......... 33% 93.1K 6m55s
   750K .......... .......... .......... .......... .......... 36% 3.00K 6m45s
   800K .......... .......... .......... .......... .......... 38% 1.51M 6m8s
   850K .......... .......... .......... .......... .......... 40% 95.4K 5m36s
   900K .......... .......... .......... .......... .......... 43% 6.51K 5m16s
   950K .......... .......... .......... .......... .......... 45% 82.8K 4m49s
  1000K .......... .......... .......... .......... .......... 47% 84.6M 4m24s
  1050K .......... .......... .......... .......... .......... 49%  119M 4m1s
  1100K .......... .......... .......... .......... .......... 52%  684K 3m40s
  1150K .......... .......... .......... .......... .......... 54% 2.13K 3m41s
  1200K .......... .......... .......... .......... .......... 56% 9.77K 3m25s
  1250K .......... .......... .......... .......... .......... 58% 50.2M 3m7s
  1300K .......... .......... .......... .......... .......... 61% 28.9M 2m50s
  1350K .......... .......... .......... .......... .......... 63% 42.3M 2m35s
  1400K .......... .......... .......... .......... .......... 65% 61.2M 2m20s
  1450K .......... .......... .......... .......... .......... 67% 5.33K 2m11s
  1500K .......... .......... .......... .......... .......... 70%  105K 1m58s
  1550K .......... .......... .......... .......... .......... 72%  304K 1m46s
  1600K .......... .......... .......... .......... .......... 74% 5.39K 97s
  1650K .......... .......... .......... .......... .......... 76%  140K 86s
  1700K .......... .......... .......... .......... .......... 79% 3.28K 79s
  1750K .......... .......... .......... .......... .......... 81% 17.8M 69s
  1800K .......... .......... .......... .......... .......... 83% 17.9M 59s
  1850K .......... .......... .......... .......... .......... 86% 32.0M 49s
  1900K .......... .......... .......... .......... .......... 88% 24.4M 40s
  1950K .......... .......... .......... .......... .......... 90% 35.7M 32s
  2000K .......... .......... .......... .......... .......... 92% 6.52K 24s
  2050K .......... .......... .......... .......... .......... 95%  112K 16s
  2100K .......... .......... .......... .......... .......... 97% 80.4M 9s
  2150K .......... .......... .......... .......... .......... 99% 85.2M 1s
  2200K ........                                              100% 87.4M=5m11s

226 Transfer complete.
2017-07-27 00:37:29 (7.11 KB/s) - ‘./domain/root.zone’ saved [2261871]

The sizes do not match (local 1061811) -- retrieving.

--2017-07-27 00:37:29--  ftp://ftp.internic.net/domain/root.zone.gz
           => ‘./domain/root.zone.gz’
==> CWD not required.
--> PASV

227 Entering Passive Mode (192,0,32,9,41,228)
--> RETR root.zone.gz

150 Opening BINARY mode data connection for root.zone.gz (1061916 bytes).
Length: 1061916 (1.0M)

     0K .......... .......... .......... .......... ..........  4% 18.9K 52s
    50K .......... .......... .......... .......... ..........  9%  108K 29s
   100K .......... .......... .......... .......... .......... 14% 43.5K 25s
   150K .......... .......... .......... .......... .......... 19% 30.0K 25s
   200K .......... .......... .......... .......... .......... 24% 41.6K 22s
   250K .......... .......... .......... .......... .......... 28% 38.9K 21s
   300K .......... .......... .......... .......... .......... 33% 41.5K 19s
   350K .......... .......... .......... .......... .......... 38% 30.8K 18s
   400K .......... .......... .......... .......... .......... 43% 36.9K 16s
   450K .......... .......... .......... .......... .......... 48% 42.9K 15s
   500K .......... .......... .......... .......... .......... 53% 43.6K 13s
   550K .......... .......... .......... .......... .......... 57% 37.0K 12s
   600K .......... .......... .......... .......... .......... 62% 44.5K 10s
   650K .......... .......... .......... .......... .......... 67% 30.2K 9s
   700K .......... .......... .......... .......... .......... 72% 65.3K 8s
   750K .......... .......... .......... .......... .......... 77% 12.3K 7s
   800K .......... .......... .......... .......... .......... 81% 51.0K 5s
   850K .......... .......... .......... .......... .......... 86% 43.7K 4s
   900K .......... .......... .......... .......... .......... 91% 30.6K 3s
   950K .......... .......... .......... .......... .......... 96% 11.2K 1s
  1000K .......... .......... .......... .......              100% 38.1K=33s

226 Transfer complete.
2017-07-27 00:38:03 (31.4 KB/s) - ‘./domain/root.zone.gz’ saved [1061916]

Remote file is newer than local file ‘./domain/root.zone.gz.md5’ -- retrieving.

--2017-07-27 00:38:03--  ftp://ftp.internic.net/domain/root.zone.gz.md5
           => ‘./domain/root.zone.gz.md5’
==> CWD not required.
--> PASV

227 Entering Passive Mode (192,0,32,9,50,152)
--> RETR root.zone.gz.md5

150 Opening BINARY mode data connection for root.zone.gz.md5 (33 bytes).
Length: 33

     0K                                                       100%  701 =0.05s

226 Transfer complete.
2017-07-27 00:38:05 (701 B/s) - ‘./domain/root.zone.gz.md5’ saved [33]

Remote file is newer than local file ‘./domain/root.zone.gz.sig’ -- retrieving.

--2017-07-27 00:38:05--  ftp://ftp.internic.net/domain/root.zone.gz.sig
           => ‘./domain/root.zone.gz.sig’
==> CWD not required.
--> PASV

227 Entering Passive Mode (192,0,32,9,41,206)
--> RETR root.zone.gz.sig

150 Opening BINARY mode data connection for root.zone.gz.sig (72 bytes).
Length: 72

     0K                                                       100% 55.6K=0.001s

226 Transfer complete.
2017-07-27 00:38:06 (55.6 KB/s) - ‘./domain/root.zone.gz.sig’ saved [72]

Remote file is newer than local file ‘./domain/root.zone.md5’ -- retrieving.

--2017-07-27 00:38:06--  ftp://ftp.internic.net/domain/root.zone.md5
           => ‘./domain/root.zone.md5’
==> CWD not required.
--> PASV

227 Entering Passive Mode (192,0,32,9,146,133)
--> RETR root.zone.md5

150 Opening BINARY mode data connection for root.zone.md5 (33 bytes).
Length: 33

     0K                                                       100%  171K=0s

226 Transfer complete.
2017-07-27 00:38:07 (171 KB/s) - ‘./domain/root.zone.md5’ saved [33]

Remote file is newer than local file ‘./domain/root.zone.sig’ -- retrieving.

--2017-07-27 00:38:07--  ftp://ftp.internic.net/domain/root.zone.sig
           => ‘./domain/root.zone.sig’
==> CWD not required.
--> PASV

227 Entering Passive Mode (192,0,32,9,77,74)
--> RETR root.zone.sig

150 Opening BINARY mode data connection for root.zone.sig (72 bytes).
Length: 72

     0K                                                       100% 76.7K=0.001s

226 Transfer complete.
2017-07-27 00:38:08 (76.7 KB/s) - ‘./domain/root.zone.sig’ saved [72]

FINISHED --2017-07-27 00:38:08--
Total wall clock time: 38m 2s
Downloaded: 53 files, 4.0M in 6m 33s (10.4 KB/s)
