--2017-05-27 00:00:04--  ftp://ftp.internic.net/*
           => ‘./.listing’
Resolving ftp.internic.net (ftp.internic.net)... 192.0.32.9, 2620:0:2d0:200::9
Connecting to ftp.internic.net (ftp.internic.net)|192.0.32.9|:21... connected.
Logging in as anonymous ... 
220 Internic FTP Server
--> USER anonymous

331 Please specify the password.
--> PASS Turtle Power!

230 Login successful.
--> SYST

215 UNIX Type: L8
--> PWD

257 "/"
--> TYPE I

200 Switching to Binary mode.
==> CWD not needed.
--> PASV

227 Entering Passive Mode (192,0,32,9,17,24)
--> LIST -a

150 Here comes the directory listing.

     0K                                                        2.53M=0s

226 Directory send OK.
drwxr-xr-x    3 ftp      ftp          4096 Apr 04  2012 .
drwxr-xr-x    3 ftp      ftp          4096 Apr 04  2012 ..
drwxr-xr-x    2 ftp      ftp          4096 Sep 09  2015 domain
2017-05-27 00:00:10 (2.53 MB/s) - ‘./.listing’ saved [183]

--2017-05-27 00:00:10--  ftp://ftp.internic.net/domain/*
           => ‘./domain/.listing’
--> CWD /domain

250 Directory successfully changed.
--> PASV

227 Entering Passive Mode (192,0,32,9,184,78)
--> LIST -a

150 Here comes the directory listing.

     0K ...                                                    5.46M=0.001s

226 Directory send OK.
drwxr-xr-x    2 ftp      ftp          4096 Sep 09  2015 .
drwxr-xr-x    3 ftp      ftp          4096 Apr 04  2012 ..
-rw-r--r--    1 ftp      ftp          1829 Aug 18  2015 .listing
-rw-r--r--    1 ftp      ftp          1224 May 26 12:44 INTERNIC_ROOT_ZONE.signatures
-rw-r--r--    1 ftp      ftp          1469 May 26 12:44 INTERNIC_ROOT_ZONE.signatures.asc
-rw-r--r--    1 ftp      ftp         15228 May 26 12:44 arpa.zone
-rw-r--r--    1 ftp      ftp          6644 May 26 12:44 arpa.zone.gz
-rw-r--r--    1 ftp      ftp            33 May 26 12:44 arpa.zone.gz.md5
-rw-r--r--    1 ftp      ftp            72 May 26 12:44 arpa.zone.gz.sig
-rw-r--r--    1 ftp      ftp          3289 Apr 11 15:01 db.cache
-rw-r--r--    1 ftp      ftp            33 Apr 11 15:01 db.cache.md5
-rw-r--r--    1 ftp      ftp            72 Apr 11 15:01 db.cache.sig
-rw-r--r--    1 ftp      ftp        230669 May 26 15:40 in-addr.arpa
-rw-r--r--    1 ftp      ftp         90364 May 26 15:40 in-addr.arpa.gz
-rw-r--r--    1 ftp      ftp            55 May 26 15:40 in-addr.arpa.gz.md5
-rw-r--r--    1 ftp      ftp            90 May 26 15:40 in-addr.arpa.gz.sha256
-rw-r--r--    1 ftp      ftp            52 May 26 15:40 in-addr.arpa.md5
-rw-r--r--    1 ftp      ftp            87 May 26 15:40 in-addr.arpa.sha256
-rw-r--r--    1 ftp      ftp        230669 May 26 15:40 in-addr.arpa.zone
-rw-r--r--    1 ftp      ftp         90364 May 26 15:40 in-addr.arpa.zone.gz
-rw-r--r--    1 ftp      ftp            60 May 26 15:40 in-addr.arpa.zone.gz.md5
-rw-r--r--    1 ftp      ftp            95 May 26 15:40 in-addr.arpa.zone.gz.sha256
-rw-r--r--    1 ftp      ftp            57 May 26 15:40 in-addr.arpa.zone.md5
-rw-r--r--    1 ftp      ftp            92 May 26 15:40 in-addr.arpa.zone.sha256
-rw-r--r--    1 ftp      ftp         61853 May 26 15:40 ip6.arpa
-rw-r--r--    1 ftp      ftp         24311 May 26 15:40 ip6.arpa.gz
-rw-r--r--    1 ftp      ftp            51 May 26 15:40 ip6.arpa.gz.md5
-rw-r--r--    1 ftp      ftp            86 May 26 15:40 ip6.arpa.gz.sha256
-rw-r--r--    1 ftp      ftp            48 May 26 15:40 ip6.arpa.md5
-rw-r--r--    1 ftp      ftp            83 May 26 15:40 ip6.arpa.sha256
-rw-r--r--    1 ftp      ftp         61853 May 26 15:40 ip6.arpa.zone
-rw-r--r--    1 ftp      ftp         24311 May 26 15:40 ip6.arpa.zone.gz
-rw-r--r--    1 ftp      ftp            56 May 26 15:40 ip6.arpa.zone.gz.md5
-rw-r--r--    1 ftp      ftp            91 May 26 15:40 ip6.arpa.zone.gz.sha256
-rw-r--r--    1 ftp      ftp            53 May 26 15:40 ip6.arpa.zone.md5
-rw-r--r--    1 ftp      ftp            88 May 26 15:40 ip6.arpa.zone.sha256
-rw-r--r--    1 ftp      ftp            21 May 26 15:40 last_update.txt
-rw-r--r--    1 ftp      ftp          3289 Apr 11 15:01 named.cache
-rw-r--r--    1 ftp      ftp            33 Apr 11 15:01 named.cache.md5
-rw-r--r--    1 ftp      ftp            72 Apr 11 15:01 named.cache.sig
-rw-r--r--    1 ftp      ftp          3289 Apr 11 15:01 named.root
-rw-r--r--    1 ftp      ftp            33 Apr 11 15:01 named.root.md5
-rw-r--r--    1 ftp      ftp            72 Apr 11 15:01 named.root.sig
-rw-r--r--    1 ftp      ftp          2110 Apr 11 15:01 root-servers.net.zone
-rw-r--r--    1 ftp      ftp           576 Apr 11 15:01 root-servers.net.zone.gz
-rw-r--r--    1 ftp      ftp            33 Apr 11 15:01 root-servers.net.zone.gz.md5
-rw-r--r--    1 ftp      ftp            72 Apr 11 15:01 root-servers.net.zone.gz.sig
-rw-r--r--    1 ftp      ftp       2236421 May 26 05:35 root.zone
-rw-r--r--    1 ftp      ftp       1050221 May 26 05:35 root.zone.gz
-rw-r--r--    1 ftp      ftp            33 May 26 05:35 root.zone.gz.md5
-rw-r--r--    1 ftp      ftp            72 May 26 05:35 root.zone.gz.sig
-rw-r--r--    1 ftp      ftp            33 May 26 05:35 root.zone.md5
-rw-r--r--    1 ftp      ftp            72 May 26 05:35 root.zone.sig
2017-05-27 00:00:12 (5.46 MB/s) - ‘./domain/.listing’ saved [3930]

The sizes do not match (local 3930) -- retrieving.

--2017-05-27 00:00:12--  ftp://ftp.internic.net/domain/.listing
           => ‘./domain/.listing’
==> CWD not required.
--> PASV

227 Entering Passive Mode (192,0,32,9,146,94)
--> RETR .listing

150 Opening BINARY mode data connection for .listing (1829 bytes).
Length: 1829 (1.8K)

     0K .                                                     100% 38.8M=0s

226 Transfer complete.
2017-05-27 00:00:13 (38.8 MB/s) - ‘./domain/.listing’ saved [1829]

Remote file is newer than local file ‘./domain/INTERNIC_ROOT_ZONE.signatures’ -- retrieving.

--2017-05-27 00:00:13--  ftp://ftp.internic.net/domain/INTERNIC_ROOT_ZONE.signatures
           => ‘./domain/INTERNIC_ROOT_ZONE.signatures’
==> CWD not required.
--> PASV

227 Entering Passive Mode (192,0,32,9,55,52)
--> RETR INTERNIC_ROOT_ZONE.signatures

150 Opening BINARY mode data connection for INTERNIC_ROOT_ZONE.signatures (1224 bytes).
Length: 1224 (1.2K)

     0K .                                                     100% 17.7M=0s

226 Transfer complete.
2017-05-27 00:00:15 (17.7 MB/s) - ‘./domain/INTERNIC_ROOT_ZONE.signatures’ saved [1224]

Remote file is newer than local file ‘./domain/INTERNIC_ROOT_ZONE.signatures.asc’ -- retrieving.

--2017-05-27 00:00:15--  ftp://ftp.internic.net/domain/INTERNIC_ROOT_ZONE.signatures.asc
           => ‘./domain/INTERNIC_ROOT_ZONE.signatures.asc’
==> CWD not required.
--> PASV

227 Entering Passive Mode (192,0,32,9,136,241)
--> RETR INTERNIC_ROOT_ZONE.signatures.asc

150 Opening BINARY mode data connection for INTERNIC_ROOT_ZONE.signatures.asc (1469 bytes).
Length: 1469 (1.4K)

     0K .                                                     100% 2.64M=0.001s

226 Transfer complete.
2017-05-27 00:00:19 (2.64 MB/s) - ‘./domain/INTERNIC_ROOT_ZONE.signatures.asc’ saved [1469]

Remote file is newer than local file ‘./domain/arpa.zone’ -- retrieving.

--2017-05-27 00:00:19--  ftp://ftp.internic.net/domain/arpa.zone
           => ‘./domain/arpa.zone’
==> CWD not required.
--> PASV

227 Entering Passive Mode (192,0,32,9,41,96)
--> RETR arpa.zone

150 Opening BINARY mode data connection for arpa.zone (15228 bytes).
Length: 15228 (15K)

     0K .......... ....                                       100% 2.60K=5.7s

226 Transfer complete.
2017-05-27 00:00:28 (2.60 KB/s) - ‘./domain/arpa.zone’ saved [15228]

The sizes do not match (local 6636) -- retrieving.

--2017-05-27 00:00:28--  ftp://ftp.internic.net/domain/arpa.zone.gz
           => ‘./domain/arpa.zone.gz’
==> CWD not required.
--> PASV

227 Entering Passive Mode (192,0,32,9,50,123)
--> RETR arpa.zone.gz

150 Opening BINARY mode data connection for arpa.zone.gz (6644 bytes).
Length: 6644 (6.5K)

     0K ......                                                100% 1.64M=0.004s

226 Transfer complete.
2017-05-27 00:00:31 (1.64 MB/s) - ‘./domain/arpa.zone.gz’ saved [6644]

Remote file is newer than local file ‘./domain/arpa.zone.gz.md5’ -- retrieving.

--2017-05-27 00:00:31--  ftp://ftp.internic.net/domain/arpa.zone.gz.md5
           => ‘./domain/arpa.zone.gz.md5’
==> CWD not required.
--> PASV

227 Entering Passive Mode (192,0,32,9,7,52)
--> RETR arpa.zone.gz.md5

150 Opening BINARY mode data connection for arpa.zone.gz.md5 (33 bytes).
Length: 33

     0K                                                       100%  388K=0s

226 Transfer complete.
2017-05-27 00:00:33 (388 KB/s) - ‘./domain/arpa.zone.gz.md5’ saved [33]

Remote file is newer than local file ‘./domain/arpa.zone.gz.sig’ -- retrieving.

--2017-05-27 00:00:33--  ftp://ftp.internic.net/domain/arpa.zone.gz.sig
           => ‘./domain/arpa.zone.gz.sig’
==> CWD not required.
--> PASV

227 Entering Passive Mode (192,0,32,9,41,101)
--> RETR arpa.zone.gz.sig

150 Opening BINARY mode data connection for arpa.zone.gz.sig (72 bytes).
Length: 72

     0K                                                       100%  469K=0s

226 Transfer complete.
2017-05-27 00:00:34 (469 KB/s) - ‘./domain/arpa.zone.gz.sig’ saved [72]

Remote file no newer than local file ‘./domain/db.cache’ -- not retrieving.
Remote file no newer than local file ‘./domain/db.cache.md5’ -- not retrieving.
Remote file no newer than local file ‘./domain/db.cache.sig’ -- not retrieving.
Remote file is newer than local file ‘./domain/in-addr.arpa’ -- retrieving.

--2017-05-27 00:00:34--  ftp://ftp.internic.net/domain/in-addr.arpa
           => ‘./domain/in-addr.arpa’
==> CWD not required.
--> PASV

227 Entering Passive Mode (192,0,32,9,135,177)
--> RETR in-addr.arpa

150 Opening BINARY mode data connection for in-addr.arpa (230669 bytes).
Length: 230669 (225K)

     0K .......... .......... .......... .......... .......... 22% 40.6K 4s
    50K .......... .......... .......... .......... .......... 44% 60.8K 3s
   100K .......... .......... .......... .......... .......... 66% 61.4K 1s
   150K .......... .......... .......... .......... .......... 88%  120K 0s
   200K .......... .......... .....                           100%  558K=3.3s

226 Transfer complete.
2017-05-27 00:00:39 (67.6 KB/s) - ‘./domain/in-addr.arpa’ saved [230669]

The sizes do not match (local 90222) -- retrieving.

--2017-05-27 00:00:39--  ftp://ftp.internic.net/domain/in-addr.arpa.gz
           => ‘./domain/in-addr.arpa.gz’
==> CWD not required.
--> PASV

227 Entering Passive Mode (192,0,32,9,41,42)
--> RETR in-addr.arpa.gz

150 Opening BINARY mode data connection for in-addr.arpa.gz (90364 bytes).
Length: 90364 (88K)

     0K .......... .......... .......... .......... .......... 56% 48.8K 1s
    50K .......... .......... .......... ........             100% 55.3K=1.7s

226 Transfer complete.
2017-05-27 00:00:46 (51.4 KB/s) - ‘./domain/in-addr.arpa.gz’ saved [90364]

Remote file is newer than local file ‘./domain/in-addr.arpa.gz.md5’ -- retrieving.

--2017-05-27 00:00:46--  ftp://ftp.internic.net/domain/in-addr.arpa.gz.md5
           => ‘./domain/in-addr.arpa.gz.md5’
==> CWD not required.
--> PASV

227 Entering Passive Mode (192,0,32,9,34,180)
--> RETR in-addr.arpa.gz.md5

150 Opening BINARY mode data connection for in-addr.arpa.gz.md5 (55 bytes).
Length: 55

     0K                                                       100% 15.5K=0.003s

226 Transfer complete.
2017-05-27 00:00:58 (15.5 KB/s) - ‘./domain/in-addr.arpa.gz.md5’ saved [55]

Remote file is newer than local file ‘./domain/in-addr.arpa.gz.sha256’ -- retrieving.

--2017-05-27 00:00:58--  ftp://ftp.internic.net/domain/in-addr.arpa.gz.sha256
           => ‘./domain/in-addr.arpa.gz.sha256’
==> CWD not required.
--> PASV

227 Entering Passive Mode (192,0,32,9,104,212)
--> RETR in-addr.arpa.gz.sha256

150 Opening BINARY mode data connection for in-addr.arpa.gz.sha256 (90 bytes).
Length: 90

     0K                                                       100% 1.87M=0s

226 Transfer complete.
2017-05-27 00:01:00 (1.87 MB/s) - ‘./domain/in-addr.arpa.gz.sha256’ saved [90]

Remote file is newer than local file ‘./domain/in-addr.arpa.md5’ -- retrieving.

--2017-05-27 00:01:00--  ftp://ftp.internic.net/domain/in-addr.arpa.md5
           => ‘./domain/in-addr.arpa.md5’
==> CWD not required.
--> PASV

227 Entering Passive Mode (192,0,32,9,218,156)
--> RETR in-addr.arpa.md5

150 Opening BINARY mode data connection for in-addr.arpa.md5 (52 bytes).
Length: 52

     0K                                                       100%  651K=0s

226 Transfer complete.
2017-05-27 00:01:05 (651 KB/s) - ‘./domain/in-addr.arpa.md5’ saved [52]

Remote file is newer than local file ‘./domain/in-addr.arpa.sha256’ -- retrieving.

--2017-05-27 00:01:05--  ftp://ftp.internic.net/domain/in-addr.arpa.sha256
           => ‘./domain/in-addr.arpa.sha256’
==> CWD not required.
--> PASV

227 Entering Passive Mode (192,0,32,9,224,60)
--> RETR in-addr.arpa.sha256

150 Opening BINARY mode data connection for in-addr.arpa.sha256 (87 bytes).
Length: 87

     0K                                                       100% 1.93M=0s

226 Transfer complete.
2017-05-27 00:01:06 (1.93 MB/s) - ‘./domain/in-addr.arpa.sha256’ saved [87]

Remote file is newer than local file ‘./domain/in-addr.arpa.zone’ -- retrieving.

--2017-05-27 00:01:06--  ftp://ftp.internic.net/domain/in-addr.arpa.zone
           => ‘./domain/in-addr.arpa.zone’
==> CWD not required.
--> PASV

227 Entering Passive Mode (192,0,32,9,18,65)
--> RETR in-addr.arpa.zone

150 Opening BINARY mode data connection for in-addr.arpa.zone (230669 bytes).
Length: 230669 (225K)

     0K .......... .......... .......... .......... .......... 22% 20.4K 9s
    50K .......... .......... .......... .......... .......... 44% 40.4M 3s
   100K .......... .......... .......... .......... .......... 66% 16.3K 3s
   150K .......... .......... .......... .......... .......... 88% 62.4M 1s
   200K .......... .......... .....                           100% 29.7M=5.5s

226 Transfer complete.
2017-05-27 00:01:13 (40.8 KB/s) - ‘./domain/in-addr.arpa.zone’ saved [230669]

The sizes do not match (local 90222) -- retrieving.

--2017-05-27 00:01:13--  ftp://ftp.internic.net/domain/in-addr.arpa.zone.gz
           => ‘./domain/in-addr.arpa.zone.gz’
==> CWD not required.
--> PASV

227 Entering Passive Mode (192,0,32,9,254,216)
--> RETR in-addr.arpa.zone.gz

150 Opening BINARY mode data connection for in-addr.arpa.zone.gz (90364 bytes).
Length: 90364 (88K)

     0K .......... .......... .......... .......... .......... 56% 40.7K 1s
    50K .......... .......... .......... ........             100% 31.0K=2.5s

226 Transfer complete.
2017-05-27 00:01:17 (35.9 KB/s) - ‘./domain/in-addr.arpa.zone.gz’ saved [90364]

Remote file is newer than local file ‘./domain/in-addr.arpa.zone.gz.md5’ -- retrieving.

--2017-05-27 00:01:17--  ftp://ftp.internic.net/domain/in-addr.arpa.zone.gz.md5
           => ‘./domain/in-addr.arpa.zone.gz.md5’
==> CWD not required.
--> PASV

227 Entering Passive Mode (192,0,32,9,54,250)
--> RETR in-addr.arpa.zone.gz.md5

150 Opening BINARY mode data connection for in-addr.arpa.zone.gz.md5 (60 bytes).
Length: 60

     0K                                                       100% 1.10M=0s

226 Transfer complete.
2017-05-27 00:01:19 (1.10 MB/s) - ‘./domain/in-addr.arpa.zone.gz.md5’ saved [60]

Remote file is newer than local file ‘./domain/in-addr.arpa.zone.gz.sha256’ -- retrieving.

--2017-05-27 00:01:19--  ftp://ftp.internic.net/domain/in-addr.arpa.zone.gz.sha256
           => ‘./domain/in-addr.arpa.zone.gz.sha256’
==> CWD not required.
--> PASV

227 Entering Passive Mode (192,0,32,9,61,174)
--> RETR in-addr.arpa.zone.gz.sha256

150 Opening BINARY mode data connection for in-addr.arpa.zone.gz.sha256 (95 bytes).
Length: 95

     0K                                                       100%  780K=0s

226 Transfer complete.
2017-05-27 00:01:22 (780 KB/s) - ‘./domain/in-addr.arpa.zone.gz.sha256’ saved [95]

Remote file is newer than local file ‘./domain/in-addr.arpa.zone.md5’ -- retrieving.

--2017-05-27 00:01:22--  ftp://ftp.internic.net/domain/in-addr.arpa.zone.md5
           => ‘./domain/in-addr.arpa.zone.md5’
==> CWD not required.
--> PASV

227 Entering Passive Mode (192,0,32,9,42,246)
--> RETR in-addr.arpa.zone.md5

150 Opening BINARY mode data connection for in-addr.arpa.zone.md5 (57 bytes).
Length: 57

     0K                                                       100%  752K=0s

226 Transfer complete.
2017-05-27 00:01:23 (752 KB/s) - ‘./domain/in-addr.arpa.zone.md5’ saved [57]

Remote file is newer than local file ‘./domain/in-addr.arpa.zone.sha256’ -- retrieving.

--2017-05-27 00:01:23--  ftp://ftp.internic.net/domain/in-addr.arpa.zone.sha256
           => ‘./domain/in-addr.arpa.zone.sha256’
==> CWD not required.
--> PASV

227 Entering Passive Mode (192,0,32,9,69,236)
--> RETR in-addr.arpa.zone.sha256

150 Opening BINARY mode data connection for in-addr.arpa.zone.sha256 (92 bytes).
Length: 92

     0K                                                       100% 1.15M=0s

226 Transfer complete.
2017-05-27 00:01:25 (1.15 MB/s) - ‘./domain/in-addr.arpa.zone.sha256’ saved [92]

Remote file is newer than local file ‘./domain/ip6.arpa’ -- retrieving.

--2017-05-27 00:01:25--  ftp://ftp.internic.net/domain/ip6.arpa
           => ‘./domain/ip6.arpa’
==> CWD not required.
--> PASV

227 Entering Passive Mode (192,0,32,9,47,25)
--> RETR ip6.arpa

150 Opening BINARY mode data connection for ip6.arpa (61853 bytes).
Length: 61853 (60K)

     0K .......... .......... .......... .......... .......... 82% 43.4K 0s
    50K ..........                                            100% 6.05M=1.2s

226 Transfer complete.
2017-05-27 00:01:28 (52.3 KB/s) - ‘./domain/ip6.arpa’ saved [61853]

The sizes do not match (local 24245) -- retrieving.

--2017-05-27 00:01:28--  ftp://ftp.internic.net/domain/ip6.arpa.gz
           => ‘./domain/ip6.arpa.gz’
==> CWD not required.
--> PASV

227 Entering Passive Mode (192,0,32,9,177,184)
--> RETR ip6.arpa.gz

150 Opening BINARY mode data connection for ip6.arpa.gz (24311 bytes).
Length: 24311 (24K)

     0K .......... .......... ...                             100% 57.7K=0.4s

226 Transfer complete.
2017-05-27 00:01:31 (57.7 KB/s) - ‘./domain/ip6.arpa.gz’ saved [24311]

Remote file is newer than local file ‘./domain/ip6.arpa.gz.md5’ -- retrieving.

--2017-05-27 00:01:31--  ftp://ftp.internic.net/domain/ip6.arpa.gz.md5
           => ‘./domain/ip6.arpa.gz.md5’
==> CWD not required.
--> PASV

227 Entering Passive Mode (192,0,32,9,113,173)
--> RETR ip6.arpa.gz.md5

150 Opening BINARY mode data connection for ip6.arpa.gz.md5 (51 bytes).
Length: 51

     0K                                                       100%  553K=0s

226 Transfer complete.
2017-05-27 00:01:33 (553 KB/s) - ‘./domain/ip6.arpa.gz.md5’ saved [51]

Remote file is newer than local file ‘./domain/ip6.arpa.gz.sha256’ -- retrieving.

--2017-05-27 00:01:33--  ftp://ftp.internic.net/domain/ip6.arpa.gz.sha256
           => ‘./domain/ip6.arpa.gz.sha256’
==> CWD not required.
--> PASV

227 Entering Passive Mode (192,0,32,9,196,162)
--> RETR ip6.arpa.gz.sha256

150 Opening BINARY mode data connection for ip6.arpa.gz.sha256 (86 bytes).
Length: 86

     0K                                                       100% 1000K=0s

226 Transfer complete.
2017-05-27 00:01:34 (1000 KB/s) - ‘./domain/ip6.arpa.gz.sha256’ saved [86]

Remote file is newer than local file ‘./domain/ip6.arpa.md5’ -- retrieving.

--2017-05-27 00:01:34--  ftp://ftp.internic.net/domain/ip6.arpa.md5
           => ‘./domain/ip6.arpa.md5’
==> CWD not required.
--> PASV

227 Entering Passive Mode (192,0,32,9,231,52)
--> RETR ip6.arpa.md5

150 Opening BINARY mode data connection for ip6.arpa.md5 (48 bytes).
Length: 48

     0K                                                       100%  565K=0s

226 Transfer complete.
2017-05-27 00:01:38 (565 KB/s) - ‘./domain/ip6.arpa.md5’ saved [48]

Remote file is newer than local file ‘./domain/ip6.arpa.sha256’ -- retrieving.

--2017-05-27 00:01:38--  ftp://ftp.internic.net/domain/ip6.arpa.sha256
           => ‘./domain/ip6.arpa.sha256’
==> CWD not required.
--> PASV

227 Entering Passive Mode (192,0,32,9,55,177)
--> RETR ip6.arpa.sha256

150 Opening BINARY mode data connection for ip6.arpa.sha256 (83 bytes).
Length: 83

     0K                                                       100% 1.84M=0s

226 Transfer complete.
2017-05-27 00:01:40 (1.84 MB/s) - ‘./domain/ip6.arpa.sha256’ saved [83]

Remote file is newer than local file ‘./domain/ip6.arpa.zone’ -- retrieving.

--2017-05-27 00:01:40--  ftp://ftp.internic.net/domain/ip6.arpa.zone
           => ‘./domain/ip6.arpa.zone’
==> CWD not required.
--> PASV

227 Entering Passive Mode (192,0,32,9,42,44)
--> RETR ip6.arpa.zone

150 Opening BINARY mode data connection for ip6.arpa.zone (61853 bytes).
Length: 61853 (60K)

     0K .......... .......... .......... .......... .......... 82% 30.6K 0s
    50K ..........                                            100% 53.2M=1.6s

226 Transfer complete.
2017-05-27 00:01:43 (37.0 KB/s) - ‘./domain/ip6.arpa.zone’ saved [61853]

The sizes do not match (local 24245) -- retrieving.

--2017-05-27 00:01:43--  ftp://ftp.internic.net/domain/ip6.arpa.zone.gz
           => ‘./domain/ip6.arpa.zone.gz’
==> CWD not required.
--> PASV

227 Entering Passive Mode (192,0,32,9,41,208)
--> RETR ip6.arpa.zone.gz

150 Opening BINARY mode data connection for ip6.arpa.zone.gz (24311 bytes).
Length: 24311 (24K)

     0K .......... .......... ...                             100% 58.0K=0.4s

226 Transfer complete.
2017-05-27 00:01:45 (58.0 KB/s) - ‘./domain/ip6.arpa.zone.gz’ saved [24311]

Remote file is newer than local file ‘./domain/ip6.arpa.zone.gz.md5’ -- retrieving.

--2017-05-27 00:01:45--  ftp://ftp.internic.net/domain/ip6.arpa.zone.gz.md5
           => ‘./domain/ip6.arpa.zone.gz.md5’
==> CWD not required.
--> PASV

227 Entering Passive Mode (192,0,32,9,6,159)
--> RETR ip6.arpa.zone.gz.md5

150 Opening BINARY mode data connection for ip6.arpa.zone.gz.md5 (56 bytes).
Length: 56

     0K                                                       100% 1.30M=0s

226 Transfer complete.
2017-05-27 00:01:46 (1.30 MB/s) - ‘./domain/ip6.arpa.zone.gz.md5’ saved [56]

Remote file is newer than local file ‘./domain/ip6.arpa.zone.gz.sha256’ -- retrieving.

--2017-05-27 00:01:46--  ftp://ftp.internic.net/domain/ip6.arpa.zone.gz.sha256
           => ‘./domain/ip6.arpa.zone.gz.sha256’
==> CWD not required.
--> PASV

227 Entering Passive Mode (192,0,32,9,234,115)
--> RETR ip6.arpa.zone.gz.sha256

150 Opening BINARY mode data connection for ip6.arpa.zone.gz.sha256 (91 bytes).
Length: 91

     0K                                                       100% 1.28M=0s

226 Transfer complete.
2017-05-27 00:01:51 (1.28 MB/s) - ‘./domain/ip6.arpa.zone.gz.sha256’ saved [91]

Remote file is newer than local file ‘./domain/ip6.arpa.zone.md5’ -- retrieving.

--2017-05-27 00:01:51--  ftp://ftp.internic.net/domain/ip6.arpa.zone.md5
           => ‘./domain/ip6.arpa.zone.md5’
==> CWD not required.
--> PASV

227 Entering Passive Mode (192,0,32,9,80,86)
--> RETR ip6.arpa.zone.md5

150 Opening BINARY mode data connection for ip6.arpa.zone.md5 (53 bytes).
Length: 53

     0K                                                       100%  303K=0s

226 Transfer complete.
2017-05-27 00:01:54 (303 KB/s) - ‘./domain/ip6.arpa.zone.md5’ saved [53]

Remote file is newer than local file ‘./domain/ip6.arpa.zone.sha256’ -- retrieving.

--2017-05-27 00:01:54--  ftp://ftp.internic.net/domain/ip6.arpa.zone.sha256
           => ‘./domain/ip6.arpa.zone.sha256’
==> CWD not required.
--> PASV

227 Entering Passive Mode (192,0,32,9,41,175)
--> RETR ip6.arpa.zone.sha256

150 Opening BINARY mode data connection for ip6.arpa.zone.sha256 (88 bytes).
Length: 88

     0K                                                       100% 1.10M=0s

226 Transfer complete.
2017-05-27 00:01:55 (1.10 MB/s) - ‘./domain/ip6.arpa.zone.sha256’ saved [88]

Remote file is newer than local file ‘./domain/last_update.txt’ -- retrieving.

--2017-05-27 00:01:55--  ftp://ftp.internic.net/domain/last_update.txt
           => ‘./domain/last_update.txt’
==> CWD not required.
--> PASV

227 Entering Passive Mode (192,0,32,9,42,76)
--> RETR last_update.txt

150 Opening BINARY mode data connection for last_update.txt (21 bytes).
Length: 21

     0K                                                       100%  192K=0s

226 Transfer complete.
2017-05-27 00:01:58 (192 KB/s) - ‘./domain/last_update.txt’ saved [21]

Remote file no newer than local file ‘./domain/named.cache’ -- not retrieving.
Remote file no newer than local file ‘./domain/named.cache.md5’ -- not retrieving.
Remote file no newer than local file ‘./domain/named.cache.sig’ -- not retrieving.
Remote file no newer than local file ‘./domain/named.root’ -- not retrieving.
Remote file no newer than local file ‘./domain/named.root.md5’ -- not retrieving.
Remote file no newer than local file ‘./domain/named.root.sig’ -- not retrieving.
Remote file no newer than local file ‘./domain/root-servers.net.zone’ -- not retrieving.
Remote file no newer than local file ‘./domain/root-servers.net.zone.gz’ -- not retrieving.
Remote file no newer than local file ‘./domain/root-servers.net.zone.gz.md5’ -- not retrieving.
Remote file no newer than local file ‘./domain/root-servers.net.zone.gz.sig’ -- not retrieving.
The sizes do not match (local 2237858) -- retrieving.

--2017-05-27 00:01:58--  ftp://ftp.internic.net/domain/root.zone
           => ‘./domain/root.zone’
==> CWD not required.
--> PASV

227 Entering Passive Mode (192,0,32,9,18,91)
--> RETR root.zone

150 Opening BINARY mode data connection for root.zone (2236421 bytes).
Length: 2236421 (2.1M)

     0K .......... .......... .......... .......... ..........  2% 40.6K 53s
    50K .......... .......... .......... .......... ..........  4% 60.8K 43s
   100K .......... .......... .......... .......... ..........  6% 61.4K 39s
   150K .......... .......... .......... .......... ..........  9%  120K 33s
   200K .......... .......... .......... .......... .......... 11% 61.5K 32s
   250K .......... .......... .......... .......... .......... 13% 5.05M 26s
   300K .......... .......... .......... .......... .......... 16%  121K 24s
   350K .......... .......... .......... .......... .......... 18%  166K 21s
   400K .......... .......... .......... .......... .......... 20%  164K 20s
   450K .......... .......... .......... .......... .......... 22% 6.30M 17s
   500K .......... .......... .......... .......... .......... 25%  123K 16s
   550K .......... .......... .......... .......... .......... 27% 5.79M 15s
   600K .......... .......... .......... .......... .......... 29%  125K 14s
   650K .......... .......... .......... .......... .......... 32% 3.99M 13s
   700K .......... .......... .......... .......... .......... 34%  126K 12s
   750K .......... .......... .......... .......... .......... 36% 4.77M 11s
   800K .......... .......... .......... .......... .......... 38%  128K 11s
   850K .......... .......... .......... .......... .......... 41% 6.48M 10s
   900K .......... .......... .......... .......... .......... 43% 5.07M 9s
   950K .......... .......... .......... .......... .......... 45%  127K 8s
  1000K .......... .......... .......... .......... .......... 48% 2.62M 8s
  1050K .......... .......... .......... .......... .......... 50% 3.63M 7s
  1100K .......... .......... .......... .......... .......... 52% 4.18M 6s
  1150K .......... .......... .......... .......... .......... 54%  134K 6s
  1200K .......... .......... .......... .......... .......... 57% 2.90M 6s
  1250K .......... .......... .......... .......... .......... 59% 4.98M 5s
  1300K .......... .......... .......... .......... .......... 61% 25.5M 5s
  1350K .......... .......... .......... .......... .......... 64%  132K 4s
  1400K .......... .......... .......... .......... .......... 66% 4.93M 4s
  1450K .......... .......... .......... .......... .......... 68% 4.35M 4s
  1500K .......... .......... .......... .......... .......... 70% 4.19M 3s
  1550K .......... .......... .......... .......... .......... 73% 5.24M 3s
  1600K .......... .......... .......... .......... .......... 75%  136K 3s
  1650K .......... .......... .......... .......... .......... 77% 4.62M 2s
  1700K .......... .......... .......... .......... .......... 80% 1.95M 2s
  1750K .......... .......... .......... .......... .......... 82%  107M 2s
  1800K .......... .......... .......... .......... .......... 84% 11.0M 2s
  1850K .......... .......... .......... .......... .......... 86%  135K 1s
  1900K .......... .......... .......... .......... .......... 89% 7.75M 1s
  1950K .......... .......... .......... .......... .......... 91% 3.89M 1s
  2000K .......... .......... .......... .......... .......... 93% 8.58M 1s
  2050K .......... .......... .......... .......... .......... 96% 3.53M 0s
  2100K .......... .......... .......... .......... .......... 98% 5.06M 0s
  2150K .......... .......... .......... ....                 100% 75.3M=8.9s

226 Transfer complete.
2017-05-27 00:02:08 (246 KB/s) - ‘./domain/root.zone’ saved [2236421]

The sizes do not match (local 1051112) -- retrieving.

--2017-05-27 00:02:08--  ftp://ftp.internic.net/domain/root.zone.gz
           => ‘./domain/root.zone.gz’
==> CWD not required.
--> PASV

227 Entering Passive Mode (192,0,32,9,185,10)
--> RETR root.zone.gz

150 Opening BINARY mode data connection for root.zone.gz (1050221 bytes).
Length: 1050221 (1.0M)

     0K .......... .......... .......... .......... ..........  4% 48.8K 20s
    50K .......... .......... .......... .......... ..........  9% 61.1K 17s
   100K .......... .......... .......... .......... .......... 14% 4.34M 11s
   150K .......... .......... .......... .......... .......... 19%  123K 9s
   200K .......... .......... .......... .......... .......... 24% 4.05M 7s
   250K .......... .......... .......... .......... .......... 29% 69.0K 7s
   300K .......... .......... .......... .......... .......... 34% 64.9M 6s
   350K .......... .......... .......... .......... .......... 39%  115M 5s
   400K .......... .......... .......... .......... .......... 43% 26.1K 6s
   450K .......... .......... .......... .......... .......... 48% 93.5M 5s
   500K .......... .......... .......... .......... .......... 53%  107M 4s
   550K .......... .......... .......... .......... .......... 58%  109M 3s
   600K .......... .......... .......... .......... .......... 63%  122K 3s
   650K .......... .......... .......... .......... .......... 68% 4.12M 2s
   700K .......... .......... .......... .......... .......... 73% 17.5K 3s
   750K .......... .......... .......... .......... .......... 78% 10.0M 2s
   800K .......... .......... .......... .......... .......... 82% 58.1M 2s
   850K .......... .......... .......... .......... .......... 87%  123K 1s
   900K .......... .......... .......... .......... .......... 92% 5.11M 1s
   950K .......... .......... .......... .......... .......... 97%  122K 0s
  1000K .......... .......... .....                           100% 8.35K=12s

226 Transfer complete.
2017-05-27 00:02:22 (84.8 KB/s) - ‘./domain/root.zone.gz’ saved [1050221]

Remote file is newer than local file ‘./domain/root.zone.gz.md5’ -- retrieving.

--2017-05-27 00:02:22--  ftp://ftp.internic.net/domain/root.zone.gz.md5
           => ‘./domain/root.zone.gz.md5’
==> CWD not required.
--> PASV

227 Entering Passive Mode (192,0,32,9,42,134)
--> RETR root.zone.gz.md5

150 Opening BINARY mode data connection for root.zone.gz.md5 (33 bytes).
Length: 33

     0K                                                       100%  732K=0s

226 Transfer complete.
2017-05-27 00:02:23 (732 KB/s) - ‘./domain/root.zone.gz.md5’ saved [33]

Remote file is newer than local file ‘./domain/root.zone.gz.sig’ -- retrieving.

--2017-05-27 00:02:24--  ftp://ftp.internic.net/domain/root.zone.gz.sig
           => ‘./domain/root.zone.gz.sig’
==> CWD not required.
--> PASV

227 Entering Passive Mode (192,0,32,9,108,117)
--> RETR root.zone.gz.sig

150 Opening BINARY mode data connection for root.zone.gz.sig (72 bytes).
Length: 72

     0K                                                       100%  703K=0s

226 Transfer complete.
2017-05-27 00:02:28 (703 KB/s) - ‘./domain/root.zone.gz.sig’ saved [72]

Remote file is newer than local file ‘./domain/root.zone.md5’ -- retrieving.

--2017-05-27 00:02:28--  ftp://ftp.internic.net/domain/root.zone.md5
           => ‘./domain/root.zone.md5’
==> CWD not required.
--> PASV

227 Entering Passive Mode (192,0,32,9,255,67)
--> RETR root.zone.md5

150 Opening BINARY mode data connection for root.zone.md5 (33 bytes).
Length: 33

     0K                                                       100%  716K=0s

226 Transfer complete.
2017-05-27 00:02:30 (716 KB/s) - ‘./domain/root.zone.md5’ saved [33]

Remote file is newer than local file ‘./domain/root.zone.sig’ -- retrieving.

--2017-05-27 00:02:30--  ftp://ftp.internic.net/domain/root.zone.sig
           => ‘./domain/root.zone.sig’
==> CWD not required.
--> PASV

227 Entering Passive Mode (192,0,32,9,22,53)
--> RETR root.zone.sig

150 Opening BINARY mode data connection for root.zone.sig (72 bytes).
Length: 72

     0K                                                       100% 1.02M=0s

226 Transfer complete.
2017-05-27 00:02:31 (1.02 MB/s) - ‘./domain/root.zone.sig’ saved [72]

FINISHED --2017-05-27 00:02:31--
Total wall clock time: 2m 28s
Downloaded: 40 files, 3.9M in 43s (93.1 KB/s)
