--2017-07-21 00:00:02--  ftp://ftp.internic.net/*
           => ‘./.listing’
Resolving ftp.internic.net (ftp.internic.net)... 192.0.32.9, 2620:0:2d0:200::9
Connecting to ftp.internic.net (ftp.internic.net)|192.0.32.9|:21... connected.
Logging in as anonymous ... 
220 Internic FTP Server
--> USER anonymous

331 Please specify the password.
--> PASS Turtle Power!

230 Login successful.
--> SYST

215 UNIX Type: L8
--> PWD

257 "/"
--> TYPE I

200 Switching to Binary mode.
==> CWD not needed.
--> PASV

227 Entering Passive Mode (192,0,32,9,41,249)
--> LIST -a

150 Here comes the directory listing.

     0K                                                         770K=0s

226 Directory send OK.
drwxr-xr-x    3 ftp      ftp          4096 Apr 04  2012 .
drwxr-xr-x    3 ftp      ftp          4096 Apr 04  2012 ..
drwxr-xr-x    2 ftp      ftp          4096 Sep 09  2015 domain
2017-07-21 00:00:06 (770 KB/s) - ‘./.listing’ saved [183]

--2017-07-21 00:00:06--  ftp://ftp.internic.net/domain/*
           => ‘./domain/.listing’
--> CWD /domain

250 Directory successfully changed.
--> PASV

227 Entering Passive Mode (192,0,32,9,42,32)
--> LIST -a

150 Here comes the directory listing.

     0K ...                                                    28.2M=0s

226 Directory send OK.
drwxr-xr-x    2 ftp      ftp          4096 Sep 09  2015 .
drwxr-xr-x    3 ftp      ftp          4096 Apr 04  2012 ..
-rw-r--r--    1 ftp      ftp          1829 Aug 18  2015 .listing
-rw-r--r--    1 ftp      ftp          1224 Jul 20 12:22 INTERNIC_ROOT_ZONE.signatures
-rw-r--r--    1 ftp      ftp          1469 Jul 20 12:22 INTERNIC_ROOT_ZONE.signatures.asc
-rw-r--r--    1 ftp      ftp         15228 Jul 20 12:22 arpa.zone
-rw-r--r--    1 ftp      ftp          6652 Jul 20 12:22 arpa.zone.gz
-rw-r--r--    1 ftp      ftp            33 Jul 20 12:22 arpa.zone.gz.md5
-rw-r--r--    1 ftp      ftp            72 Jul 20 12:22 arpa.zone.gz.sig
-rw-r--r--    1 ftp      ftp          3289 Jun 01 15:27 db.cache
-rw-r--r--    1 ftp      ftp            33 Jun 01 15:27 db.cache.md5
-rw-r--r--    1 ftp      ftp            72 Jun 01 15:27 db.cache.sig
-rw-r--r--    1 ftp      ftp        228558 Jul 20 15:40 in-addr.arpa
-rw-r--r--    1 ftp      ftp         90719 Jul 20 15:40 in-addr.arpa.gz
-rw-r--r--    1 ftp      ftp            55 Jul 20 15:40 in-addr.arpa.gz.md5
-rw-r--r--    1 ftp      ftp            90 Jul 20 15:40 in-addr.arpa.gz.sha256
-rw-r--r--    1 ftp      ftp            52 Jul 20 15:40 in-addr.arpa.md5
-rw-r--r--    1 ftp      ftp            87 Jul 20 15:40 in-addr.arpa.sha256
-rw-r--r--    1 ftp      ftp        228558 Jul 20 15:40 in-addr.arpa.zone
-rw-r--r--    1 ftp      ftp         90719 Jul 20 15:40 in-addr.arpa.zone.gz
-rw-r--r--    1 ftp      ftp            60 Jul 20 15:40 in-addr.arpa.zone.gz.md5
-rw-r--r--    1 ftp      ftp            95 Jul 20 15:40 in-addr.arpa.zone.gz.sha256
-rw-r--r--    1 ftp      ftp            57 Jul 20 15:40 in-addr.arpa.zone.md5
-rw-r--r--    1 ftp      ftp            92 Jul 20 15:40 in-addr.arpa.zone.sha256
-rw-r--r--    1 ftp      ftp         61264 Jul 20 15:40 ip6.arpa
-rw-r--r--    1 ftp      ftp         24364 Jul 20 15:40 ip6.arpa.gz
-rw-r--r--    1 ftp      ftp            51 Jul 20 15:40 ip6.arpa.gz.md5
-rw-r--r--    1 ftp      ftp            86 Jul 20 15:40 ip6.arpa.gz.sha256
-rw-r--r--    1 ftp      ftp            48 Jul 20 15:40 ip6.arpa.md5
-rw-r--r--    1 ftp      ftp            83 Jul 20 15:40 ip6.arpa.sha256
-rw-r--r--    1 ftp      ftp         61264 Jul 20 15:40 ip6.arpa.zone
-rw-r--r--    1 ftp      ftp         24364 Jul 20 15:40 ip6.arpa.zone.gz
-rw-r--r--    1 ftp      ftp            56 Jul 20 15:40 ip6.arpa.zone.gz.md5
-rw-r--r--    1 ftp      ftp            91 Jul 20 15:40 ip6.arpa.zone.gz.sha256
-rw-r--r--    1 ftp      ftp            53 Jul 20 15:40 ip6.arpa.zone.md5
-rw-r--r--    1 ftp      ftp            88 Jul 20 15:40 ip6.arpa.zone.sha256
-rw-r--r--    1 ftp      ftp            21 Jul 20 15:40 last_update.txt
-rw-r--r--    1 ftp      ftp          3289 Jun 01 15:27 named.cache
-rw-r--r--    1 ftp      ftp            33 Jun 01 15:27 named.cache.md5
-rw-r--r--    1 ftp      ftp            72 Jun 01 15:27 named.cache.sig
-rw-r--r--    1 ftp      ftp          3289 Jun 01 15:27 named.root
-rw-r--r--    1 ftp      ftp            33 Jun 01 15:27 named.root.md5
-rw-r--r--    1 ftp      ftp            72 Jun 01 15:27 named.root.sig
-rw-r--r--    1 ftp      ftp          2111 Jun 01 15:27 root-servers.net.zone
-rw-r--r--    1 ftp      ftp           575 Jun 01 15:27 root-servers.net.zone.gz
-rw-r--r--    1 ftp      ftp            33 Jun 01 15:27 root-servers.net.zone.gz.md5
-rw-r--r--    1 ftp      ftp            72 Jun 01 15:27 root-servers.net.zone.gz.sig
-rw-r--r--    1 ftp      ftp       2261255 Jul 20 05:40 root.zone
-rw-r--r--    1 ftp      ftp       1061544 Jul 20 05:40 root.zone.gz
-rw-r--r--    1 ftp      ftp            33 Jul 20 05:40 root.zone.gz.md5
-rw-r--r--    1 ftp      ftp            72 Jul 20 05:40 root.zone.gz.sig
-rw-r--r--    1 ftp      ftp            33 Jul 20 05:40 root.zone.md5
-rw-r--r--    1 ftp      ftp            72 Jul 20 05:40 root.zone.sig
2017-07-21 00:00:07 (28.2 MB/s) - ‘./domain/.listing’ saved [3930]

The sizes do not match (local 3930) -- retrieving.

--2017-07-21 00:00:07--  ftp://ftp.internic.net/domain/.listing
           => ‘./domain/.listing’
==> CWD not required.
--> PASV

227 Entering Passive Mode (192,0,32,9,22,236)
--> RETR .listing

150 Opening BINARY mode data connection for .listing (1829 bytes).
Length: 1829 (1.8K)

     0K .                                                     100% 27.3M=0s

226 Transfer complete.
2017-07-21 00:00:09 (27.3 MB/s) - ‘./domain/.listing’ saved [1829]

Remote file is newer than local file ‘./domain/INTERNIC_ROOT_ZONE.signatures’ -- retrieving.

--2017-07-21 00:00:09--  ftp://ftp.internic.net/domain/INTERNIC_ROOT_ZONE.signatures
           => ‘./domain/INTERNIC_ROOT_ZONE.signatures’
==> CWD not required.
--> PASV

227 Entering Passive Mode (192,0,32,9,244,227)
--> RETR INTERNIC_ROOT_ZONE.signatures

150 Opening BINARY mode data connection for INTERNIC_ROOT_ZONE.signatures (1224 bytes).
Length: 1224 (1.2K)

     0K .                                                     100% 16.4M=0s

226 Transfer complete.
2017-07-21 00:00:10 (16.4 MB/s) - ‘./domain/INTERNIC_ROOT_ZONE.signatures’ saved [1224]

Remote file is newer than local file ‘./domain/INTERNIC_ROOT_ZONE.signatures.asc’ -- retrieving.

--2017-07-21 00:00:10--  ftp://ftp.internic.net/domain/INTERNIC_ROOT_ZONE.signatures.asc
           => ‘./domain/INTERNIC_ROOT_ZONE.signatures.asc’
==> CWD not required.
--> PASV

227 Entering Passive Mode (192,0,32,9,107,214)
--> RETR INTERNIC_ROOT_ZONE.signatures.asc

150 Opening BINARY mode data connection for INTERNIC_ROOT_ZONE.signatures.asc (1469 bytes).
Length: 1469 (1.4K)

     0K .                                                     100%  892K=0.002s

226 Transfer complete.
2017-07-21 00:00:11 (892 KB/s) - ‘./domain/INTERNIC_ROOT_ZONE.signatures.asc’ saved [1469]

Remote file is newer than local file ‘./domain/arpa.zone’ -- retrieving.

--2017-07-21 00:00:11--  ftp://ftp.internic.net/domain/arpa.zone
           => ‘./domain/arpa.zone’
==> CWD not required.
--> PASV

227 Entering Passive Mode (192,0,32,9,29,189)
--> RETR arpa.zone

150 Opening BINARY mode data connection for arpa.zone (15228 bytes).
Length: 15228 (15K)

     0K .......... ....                                       100%  802K=0.02s

226 Transfer complete.
2017-07-21 00:00:12 (802 KB/s) - ‘./domain/arpa.zone’ saved [15228]

The sizes do not match (local 6644) -- retrieving.

--2017-07-21 00:00:12--  ftp://ftp.internic.net/domain/arpa.zone.gz
           => ‘./domain/arpa.zone.gz’
==> CWD not required.
--> PASV

227 Entering Passive Mode (192,0,32,9,154,39)
--> RETR arpa.zone.gz

150 Opening BINARY mode data connection for arpa.zone.gz (6652 bytes).
Length: 6652 (6.5K)

     0K ......                                                100%  951K=0.007s

226 Transfer complete.
2017-07-21 00:00:13 (951 KB/s) - ‘./domain/arpa.zone.gz’ saved [6652]

Remote file is newer than local file ‘./domain/arpa.zone.gz.md5’ -- retrieving.

--2017-07-21 00:00:13--  ftp://ftp.internic.net/domain/arpa.zone.gz.md5
           => ‘./domain/arpa.zone.gz.md5’
==> CWD not required.
--> PASV

227 Entering Passive Mode (192,0,32,9,41,249)
--> RETR arpa.zone.gz.md5

150 Opening BINARY mode data connection for arpa.zone.gz.md5 (33 bytes).
Length: 33

     0K                                                       100%  162K=0s

226 Transfer complete.
2017-07-21 00:00:14 (162 KB/s) - ‘./domain/arpa.zone.gz.md5’ saved [33]

Remote file is newer than local file ‘./domain/arpa.zone.gz.sig’ -- retrieving.

--2017-07-21 00:00:14--  ftp://ftp.internic.net/domain/arpa.zone.gz.sig
           => ‘./domain/arpa.zone.gz.sig’
==> CWD not required.
--> PASV

227 Entering Passive Mode (192,0,32,9,6,118)
--> RETR arpa.zone.gz.sig

150 Opening BINARY mode data connection for arpa.zone.gz.sig (72 bytes).
Length: 72

     0K                                                       100%  300K=0s

226 Transfer complete.
2017-07-21 00:00:15 (300 KB/s) - ‘./domain/arpa.zone.gz.sig’ saved [72]

Remote file no newer than local file ‘./domain/db.cache’ -- not retrieving.
Remote file no newer than local file ‘./domain/db.cache.md5’ -- not retrieving.
Remote file no newer than local file ‘./domain/db.cache.sig’ -- not retrieving.
Remote file is newer than local file ‘./domain/in-addr.arpa’ -- retrieving.

--2017-07-21 00:00:15--  ftp://ftp.internic.net/domain/in-addr.arpa
           => ‘./domain/in-addr.arpa’
==> CWD not required.
--> PASV

227 Entering Passive Mode (192,0,32,9,41,148)
--> RETR in-addr.arpa

150 Opening BINARY mode data connection for in-addr.arpa (228558 bytes).
Length: 228558 (223K)

     0K .......... .......... .......... .......... .......... 22% 81.3K 2s
    50K .......... .......... .......... .......... .......... 44%  163K 1s
   100K .......... .......... .......... .......... .......... 67% 3.48M 0s
   150K .......... .......... .......... .......... .......... 89%  168K 0s
   200K .......... .......... ...                             100% 7.10M=1.2s

226 Transfer complete.
2017-07-21 00:00:18 (181 KB/s) - ‘./domain/in-addr.arpa’ saved [228558]

Remote file is newer than local file ‘./domain/in-addr.arpa.gz’ -- retrieving.

--2017-07-21 00:00:18--  ftp://ftp.internic.net/domain/in-addr.arpa.gz
           => ‘./domain/in-addr.arpa.gz’
==> CWD not required.
--> PASV

227 Entering Passive Mode (192,0,32,9,189,119)
--> RETR in-addr.arpa.gz

150 Opening BINARY mode data connection for in-addr.arpa.gz (90719 bytes).
Length: 90719 (89K)

     0K .......... .......... .......... .......... .......... 56% 81.2K 0s
    50K .......... .......... .......... ........             100% 8.37M=0.6s

226 Transfer complete.
2017-07-21 00:00:20 (143 KB/s) - ‘./domain/in-addr.arpa.gz’ saved [90719]

Remote file is newer than local file ‘./domain/in-addr.arpa.gz.md5’ -- retrieving.

--2017-07-21 00:00:20--  ftp://ftp.internic.net/domain/in-addr.arpa.gz.md5
           => ‘./domain/in-addr.arpa.gz.md5’
==> CWD not required.
--> PASV

227 Entering Passive Mode (192,0,32,9,41,73)
--> RETR in-addr.arpa.gz.md5

150 Opening BINARY mode data connection for in-addr.arpa.gz.md5 (55 bytes).
Length: 55

     0K                                                       100%  437K=0s

226 Transfer complete.
2017-07-21 00:00:21 (437 KB/s) - ‘./domain/in-addr.arpa.gz.md5’ saved [55]

Remote file is newer than local file ‘./domain/in-addr.arpa.gz.sha256’ -- retrieving.

--2017-07-21 00:00:21--  ftp://ftp.internic.net/domain/in-addr.arpa.gz.sha256
           => ‘./domain/in-addr.arpa.gz.sha256’
==> CWD not required.
--> PASV

227 Entering Passive Mode (192,0,32,9,137,25)
--> RETR in-addr.arpa.gz.sha256

150 Opening BINARY mode data connection for in-addr.arpa.gz.sha256 (90 bytes).
Length: 90

     0K                                                       100%  977K=0s

226 Transfer complete.
2017-07-21 00:00:22 (977 KB/s) - ‘./domain/in-addr.arpa.gz.sha256’ saved [90]

Remote file is newer than local file ‘./domain/in-addr.arpa.md5’ -- retrieving.

--2017-07-21 00:00:22--  ftp://ftp.internic.net/domain/in-addr.arpa.md5
           => ‘./domain/in-addr.arpa.md5’
==> CWD not required.
--> PASV

227 Entering Passive Mode (192,0,32,9,80,61)
--> RETR in-addr.arpa.md5

150 Opening BINARY mode data connection for in-addr.arpa.md5 (52 bytes).
Length: 52

     0K                                                       100%  558K=0s

226 Transfer complete.
2017-07-21 00:00:23 (558 KB/s) - ‘./domain/in-addr.arpa.md5’ saved [52]

Remote file is newer than local file ‘./domain/in-addr.arpa.sha256’ -- retrieving.

--2017-07-21 00:00:23--  ftp://ftp.internic.net/domain/in-addr.arpa.sha256
           => ‘./domain/in-addr.arpa.sha256’
==> CWD not required.
--> PASV

227 Entering Passive Mode (192,0,32,9,58,106)
--> RETR in-addr.arpa.sha256

150 Opening BINARY mode data connection for in-addr.arpa.sha256 (87 bytes).
Length: 87

     0K                                                       100% 1.93M=0s

226 Transfer complete.
2017-07-21 00:00:24 (1.93 MB/s) - ‘./domain/in-addr.arpa.sha256’ saved [87]

Remote file is newer than local file ‘./domain/in-addr.arpa.zone’ -- retrieving.

--2017-07-21 00:00:24--  ftp://ftp.internic.net/domain/in-addr.arpa.zone
           => ‘./domain/in-addr.arpa.zone’
==> CWD not required.
--> PASV

227 Entering Passive Mode (192,0,32,9,174,196)
--> RETR in-addr.arpa.zone

150 Opening BINARY mode data connection for in-addr.arpa.zone (228558 bytes).
Length: 228558 (223K)

     0K .......... .......... .......... .......... .......... 22% 95.6K 2s
    50K .......... .......... .......... .......... .......... 44%  242K 1s
   100K .......... .......... .......... .......... .......... 67% 1.22M 0s
   150K .......... .......... .......... .......... .......... 89%  239K 0s
   200K .......... .......... ...                             100% 1.77M=1.0s

226 Transfer complete.
2017-07-21 00:00:26 (225 KB/s) - ‘./domain/in-addr.arpa.zone’ saved [228558]

Remote file is newer than local file ‘./domain/in-addr.arpa.zone.gz’ -- retrieving.

--2017-07-21 00:00:26--  ftp://ftp.internic.net/domain/in-addr.arpa.zone.gz
           => ‘./domain/in-addr.arpa.zone.gz’
==> CWD not required.
--> PASV

227 Entering Passive Mode (192,0,32,9,66,130)
--> RETR in-addr.arpa.zone.gz

150 Opening BINARY mode data connection for in-addr.arpa.zone.gz (90719 bytes).
Length: 90719 (89K)

     0K .......... .......... .......... .......... .......... 56% 90.8K 0s
    50K .......... .......... .......... ........             100% 92.1M=0.6s

226 Transfer complete.
2017-07-21 00:00:28 (161 KB/s) - ‘./domain/in-addr.arpa.zone.gz’ saved [90719]

Remote file is newer than local file ‘./domain/in-addr.arpa.zone.gz.md5’ -- retrieving.

--2017-07-21 00:00:28--  ftp://ftp.internic.net/domain/in-addr.arpa.zone.gz.md5
           => ‘./domain/in-addr.arpa.zone.gz.md5’
==> CWD not required.
--> PASV

227 Entering Passive Mode (192,0,32,9,206,73)
--> RETR in-addr.arpa.zone.gz.md5

150 Opening BINARY mode data connection for in-addr.arpa.zone.gz.md5 (60 bytes).
Length: 60

     0K                                                       100%  469K=0s

226 Transfer complete.
2017-07-21 00:00:29 (469 KB/s) - ‘./domain/in-addr.arpa.zone.gz.md5’ saved [60]

Remote file is newer than local file ‘./domain/in-addr.arpa.zone.gz.sha256’ -- retrieving.

--2017-07-21 00:00:29--  ftp://ftp.internic.net/domain/in-addr.arpa.zone.gz.sha256
           => ‘./domain/in-addr.arpa.zone.gz.sha256’
==> CWD not required.
--> PASV

227 Entering Passive Mode (192,0,32,9,138,183)
--> RETR in-addr.arpa.zone.gz.sha256

150 Opening BINARY mode data connection for in-addr.arpa.zone.gz.sha256 (95 bytes).
Length: 95

     0K                                                       100% 2.01M=0s

226 Transfer complete.
2017-07-21 00:00:30 (2.01 MB/s) - ‘./domain/in-addr.arpa.zone.gz.sha256’ saved [95]

Remote file is newer than local file ‘./domain/in-addr.arpa.zone.md5’ -- retrieving.

--2017-07-21 00:00:30--  ftp://ftp.internic.net/domain/in-addr.arpa.zone.md5
           => ‘./domain/in-addr.arpa.zone.md5’
==> CWD not required.
--> PASV

227 Entering Passive Mode (192,0,32,9,210,98)
--> RETR in-addr.arpa.zone.md5

150 Opening BINARY mode data connection for in-addr.arpa.zone.md5 (57 bytes).
Length: 57

     0K                                                       100%  472K=0s

226 Transfer complete.
2017-07-21 00:00:31 (472 KB/s) - ‘./domain/in-addr.arpa.zone.md5’ saved [57]

Remote file is newer than local file ‘./domain/in-addr.arpa.zone.sha256’ -- retrieving.

--2017-07-21 00:00:31--  ftp://ftp.internic.net/domain/in-addr.arpa.zone.sha256
           => ‘./domain/in-addr.arpa.zone.sha256’
==> CWD not required.
--> PASV

227 Entering Passive Mode (192,0,32,9,39,39)
--> RETR in-addr.arpa.zone.sha256

150 Opening BINARY mode data connection for in-addr.arpa.zone.sha256 (92 bytes).
Length: 92

     0K                                                       100% 1.75M=0s

226 Transfer complete.
2017-07-21 00:00:32 (1.75 MB/s) - ‘./domain/in-addr.arpa.zone.sha256’ saved [92]

Remote file is newer than local file ‘./domain/ip6.arpa’ -- retrieving.

--2017-07-21 00:00:32--  ftp://ftp.internic.net/domain/ip6.arpa
           => ‘./domain/ip6.arpa’
==> CWD not required.
--> PASV

227 Entering Passive Mode (192,0,32,9,109,205)
--> RETR ip6.arpa

150 Opening BINARY mode data connection for ip6.arpa (61264 bytes).
Length: 61264 (60K)

     0K .......... .......... .......... .......... .......... 83% 97.0K 0s
    50K .........                                             100% 57.1M=0.5s

226 Transfer complete.
2017-07-21 00:00:34 (116 KB/s) - ‘./domain/ip6.arpa’ saved [61264]

Remote file is newer than local file ‘./domain/ip6.arpa.gz’ -- retrieving.

--2017-07-21 00:00:34--  ftp://ftp.internic.net/domain/ip6.arpa.gz
           => ‘./domain/ip6.arpa.gz’
==> CWD not required.
--> PASV

227 Entering Passive Mode (192,0,32,9,230,252)
--> RETR ip6.arpa.gz

150 Opening BINARY mode data connection for ip6.arpa.gz (24364 bytes).
Length: 24364 (24K)

     0K .......... .......... ...                             100%  106K=0.2s

226 Transfer complete.
2017-07-21 00:00:35 (106 KB/s) - ‘./domain/ip6.arpa.gz’ saved [24364]

Remote file is newer than local file ‘./domain/ip6.arpa.gz.md5’ -- retrieving.

--2017-07-21 00:00:35--  ftp://ftp.internic.net/domain/ip6.arpa.gz.md5
           => ‘./domain/ip6.arpa.gz.md5’
==> CWD not required.
--> PASV

227 Entering Passive Mode (192,0,32,9,124,139)
--> RETR ip6.arpa.gz.md5

150 Opening BINARY mode data connection for ip6.arpa.gz.md5 (51 bytes).
Length: 51

     0K                                                       100%  682K=0s

226 Transfer complete.
2017-07-21 00:00:36 (682 KB/s) - ‘./domain/ip6.arpa.gz.md5’ saved [51]

Remote file is newer than local file ‘./domain/ip6.arpa.gz.sha256’ -- retrieving.

--2017-07-21 00:00:36--  ftp://ftp.internic.net/domain/ip6.arpa.gz.sha256
           => ‘./domain/ip6.arpa.gz.sha256’
==> CWD not required.
--> PASV

227 Entering Passive Mode (192,0,32,9,161,107)
--> RETR ip6.arpa.gz.sha256

150 Opening BINARY mode data connection for ip6.arpa.gz.sha256 (86 bytes).
Length: 86

     0K                                                       100% 1.22M=0s

226 Transfer complete.
2017-07-21 00:00:37 (1.22 MB/s) - ‘./domain/ip6.arpa.gz.sha256’ saved [86]

Remote file is newer than local file ‘./domain/ip6.arpa.md5’ -- retrieving.

--2017-07-21 00:00:37--  ftp://ftp.internic.net/domain/ip6.arpa.md5
           => ‘./domain/ip6.arpa.md5’
==> CWD not required.
--> PASV

227 Entering Passive Mode (192,0,32,9,86,204)
--> RETR ip6.arpa.md5

150 Opening BINARY mode data connection for ip6.arpa.md5 (48 bytes).
Length: 48

     0K                                                       100% 1.06M=0s

226 Transfer complete.
2017-07-21 00:00:38 (1.06 MB/s) - ‘./domain/ip6.arpa.md5’ saved [48]

Remote file is newer than local file ‘./domain/ip6.arpa.sha256’ -- retrieving.

--2017-07-21 00:00:38--  ftp://ftp.internic.net/domain/ip6.arpa.sha256
           => ‘./domain/ip6.arpa.sha256’
==> CWD not required.
--> PASV

227 Entering Passive Mode (192,0,32,9,175,117)
--> RETR ip6.arpa.sha256

150 Opening BINARY mode data connection for ip6.arpa.sha256 (83 bytes).
Length: 83

     0K                                                       100% 1.68M=0s

226 Transfer complete.
2017-07-21 00:00:39 (1.68 MB/s) - ‘./domain/ip6.arpa.sha256’ saved [83]

Remote file is newer than local file ‘./domain/ip6.arpa.zone’ -- retrieving.

--2017-07-21 00:00:39--  ftp://ftp.internic.net/domain/ip6.arpa.zone
           => ‘./domain/ip6.arpa.zone’
==> CWD not required.
--> PASV

227 Entering Passive Mode (192,0,32,9,166,44)
--> RETR ip6.arpa.zone

150 Opening BINARY mode data connection for ip6.arpa.zone (61264 bytes).
Length: 61264 (60K)

     0K .......... .......... .......... .......... .......... 83% 87.4K 0s
    50K .........                                             100% 40.0M=0.6s

226 Transfer complete.
2017-07-21 00:00:40 (105 KB/s) - ‘./domain/ip6.arpa.zone’ saved [61264]

Remote file is newer than local file ‘./domain/ip6.arpa.zone.gz’ -- retrieving.

--2017-07-21 00:00:40--  ftp://ftp.internic.net/domain/ip6.arpa.zone.gz
           => ‘./domain/ip6.arpa.zone.gz’
==> CWD not required.
--> PASV

227 Entering Passive Mode (192,0,32,9,41,211)
--> RETR ip6.arpa.zone.gz

150 Opening BINARY mode data connection for ip6.arpa.zone.gz (24364 bytes).
Length: 24364 (24K)

     0K .......... .......... ...                             100%  111K=0.2s

226 Transfer complete.
2017-07-21 00:00:42 (111 KB/s) - ‘./domain/ip6.arpa.zone.gz’ saved [24364]

Remote file is newer than local file ‘./domain/ip6.arpa.zone.gz.md5’ -- retrieving.

--2017-07-21 00:00:42--  ftp://ftp.internic.net/domain/ip6.arpa.zone.gz.md5
           => ‘./domain/ip6.arpa.zone.gz.md5’
==> CWD not required.
--> PASV

227 Entering Passive Mode (192,0,32,9,167,103)
--> RETR ip6.arpa.zone.gz.md5

150 Opening BINARY mode data connection for ip6.arpa.zone.gz.md5 (56 bytes).
Length: 56

     0K                                                       100%  739K=0s

226 Transfer complete.
2017-07-21 00:00:43 (739 KB/s) - ‘./domain/ip6.arpa.zone.gz.md5’ saved [56]

Remote file is newer than local file ‘./domain/ip6.arpa.zone.gz.sha256’ -- retrieving.

--2017-07-21 00:00:43--  ftp://ftp.internic.net/domain/ip6.arpa.zone.gz.sha256
           => ‘./domain/ip6.arpa.zone.gz.sha256’
==> CWD not required.
--> PASV

227 Entering Passive Mode (192,0,32,9,42,48)
--> RETR ip6.arpa.zone.gz.sha256

150 Opening BINARY mode data connection for ip6.arpa.zone.gz.sha256 (91 bytes).
Length: 91

     0K                                                       100%  694K=0s

226 Transfer complete.
2017-07-21 00:00:44 (694 KB/s) - ‘./domain/ip6.arpa.zone.gz.sha256’ saved [91]

Remote file is newer than local file ‘./domain/ip6.arpa.zone.md5’ -- retrieving.

--2017-07-21 00:00:44--  ftp://ftp.internic.net/domain/ip6.arpa.zone.md5
           => ‘./domain/ip6.arpa.zone.md5’
==> CWD not required.
--> PASV

227 Entering Passive Mode (192,0,32,9,75,86)
--> RETR ip6.arpa.zone.md5

150 Opening BINARY mode data connection for ip6.arpa.zone.md5 (53 bytes).
Length: 53

     0K                                                       100%  681K=0s

226 Transfer complete.
2017-07-21 00:00:45 (681 KB/s) - ‘./domain/ip6.arpa.zone.md5’ saved [53]

Remote file is newer than local file ‘./domain/ip6.arpa.zone.sha256’ -- retrieving.

--2017-07-21 00:00:45--  ftp://ftp.internic.net/domain/ip6.arpa.zone.sha256
           => ‘./domain/ip6.arpa.zone.sha256’
==> CWD not required.
--> PASV

227 Entering Passive Mode (192,0,32,9,183,74)
--> RETR ip6.arpa.zone.sha256

150 Opening BINARY mode data connection for ip6.arpa.zone.sha256 (88 bytes).
Length: 88

     0K                                                       100% 1.65M=0s

226 Transfer complete.
2017-07-21 00:00:46 (1.65 MB/s) - ‘./domain/ip6.arpa.zone.sha256’ saved [88]

Remote file is newer than local file ‘./domain/last_update.txt’ -- retrieving.

--2017-07-21 00:00:46--  ftp://ftp.internic.net/domain/last_update.txt
           => ‘./domain/last_update.txt’
==> CWD not required.
--> PASV

227 Entering Passive Mode (192,0,32,9,131,196)
--> RETR last_update.txt

150 Opening BINARY mode data connection for last_update.txt (21 bytes).
Length: 21

     0K                                                       100%  466K=0s

226 Transfer complete.
2017-07-21 00:00:47 (466 KB/s) - ‘./domain/last_update.txt’ saved [21]

Remote file no newer than local file ‘./domain/named.cache’ -- not retrieving.
Remote file no newer than local file ‘./domain/named.cache.md5’ -- not retrieving.
Remote file no newer than local file ‘./domain/named.cache.sig’ -- not retrieving.
Remote file no newer than local file ‘./domain/named.root’ -- not retrieving.
Remote file no newer than local file ‘./domain/named.root.md5’ -- not retrieving.
Remote file no newer than local file ‘./domain/named.root.sig’ -- not retrieving.
Remote file no newer than local file ‘./domain/root-servers.net.zone’ -- not retrieving.
Remote file no newer than local file ‘./domain/root-servers.net.zone.gz’ -- not retrieving.
Remote file no newer than local file ‘./domain/root-servers.net.zone.gz.md5’ -- not retrieving.
Remote file no newer than local file ‘./domain/root-servers.net.zone.gz.sig’ -- not retrieving.
The sizes do not match (local 2260929) -- retrieving.

--2017-07-21 00:00:47--  ftp://ftp.internic.net/domain/root.zone
           => ‘./domain/root.zone’
==> CWD not required.
--> PASV

227 Entering Passive Mode (192,0,32,9,41,67)
--> RETR root.zone

150 Opening BINARY mode data connection for root.zone (2261255 bytes).
Length: 2261255 (2.2M)

     0K .......... .......... .......... .......... ..........  2% 79.0K 27s
    50K .......... .......... .......... .......... ..........  4%  170K 20s
   100K .......... .......... .......... .......... ..........  6% 5.08M 13s
   150K .......... .......... .......... .......... ..........  9%  164K 12s
   200K .......... .......... .......... .......... .......... 11%  165K 12s
   250K .......... .......... .......... .......... .......... 13%  198K 11s
   300K .......... .......... .......... .......... .......... 15%  257K 11s
   350K .......... .......... .......... .......... .......... 18% 1.28M 9s
   400K .......... .......... .......... .......... .......... 20%  205K 9s
   450K .......... .......... .......... .......... .......... 22%  165K 9s
   500K .......... .......... .......... .......... .......... 24% 10.6M 8s
   550K .......... .......... .......... .......... .......... 27%  160K 8s
   600K .......... .......... .......... .......... .......... 29% 54.9M 7s
   650K .......... .......... .......... .......... .......... 31%  161K 7s
   700K .......... .......... .......... .......... .......... 33% 81.6K 7s
   750K .......... .......... .......... .......... .......... 36% 33.6M 7s
   800K .......... .......... .......... .......... .......... 38% 52.7M 6s
   850K .......... .......... .......... .......... .......... 40% 54.9M 6s
   900K .......... .......... .......... .......... .......... 43%  169K 5s
   950K .......... .......... .......... .......... .......... 45%  165K 5s
  1000K .......... .......... .......... .......... .......... 47% 7.24M 5s
  1050K .......... .......... .......... .......... .......... 49%  226K 5s
  1100K .......... .......... .......... .......... .......... 52%  180K 5s
  1150K .......... .......... .......... .......... .......... 54% 3.60M 4s
  1200K .......... .......... .......... .......... .......... 56%  161K 4s
  1250K .......... .......... .......... .......... .......... 58% 9.28M 4s
  1300K .......... .......... .......... .......... .......... 61%  228K 3s
  1350K .......... .......... .......... .......... .......... 63% 1.34M 3s
  1400K .......... .......... .......... .......... .......... 65%  268K 3s
  1450K .......... .......... .......... .......... .......... 67% 98.3K 3s
  1500K .......... .......... .......... .......... .......... 70% 55.6M 3s
  1550K .......... .......... .......... .......... .......... 72%  114M 2s
  1600K .......... .......... .......... .......... .......... 74%  113M 2s
  1650K .......... .......... .......... .......... .......... 76%  192K 2s
  1700K .......... .......... .......... .......... .......... 79%  162K 2s
  1750K .......... .......... .......... .......... .......... 81% 52.6M 2s
  1800K .......... .......... .......... .......... .......... 83%  167K 1s
  1850K .......... .......... .......... .......... .......... 86%  162K 1s
  1900K .......... .......... .......... .......... .......... 88% 15.3M 1s
  1950K .......... .......... .......... .......... .......... 90%  160K 1s
  2000K .......... .......... .......... .......... .......... 92%  161K 1s
  2050K .......... .......... .......... .......... .......... 95% 11.7M 0s
  2100K .......... .......... .......... .......... .......... 97%  172K 0s
  2150K .......... .......... .......... .......... .......... 99%  170K 0s
  2200K ........                                              100% 84.0M=8.6s

226 Transfer complete.
2017-07-21 00:00:57 (257 KB/s) - ‘./domain/root.zone’ saved [2261255]

The sizes do not match (local 1061509) -- retrieving.

--2017-07-21 00:00:57--  ftp://ftp.internic.net/domain/root.zone.gz
           => ‘./domain/root.zone.gz’
==> CWD not required.
--> PASV

227 Entering Passive Mode (192,0,32,9,136,98)
--> RETR root.zone.gz

150 Opening BINARY mode data connection for root.zone.gz (1061544 bytes).
Length: 1061544 (1.0M)

     0K .......... .......... .......... .......... ..........  4% 79.6K 12s
    50K .......... .......... .......... .......... ..........  9%  204K 8s
   100K .......... .......... .......... .......... .......... 14%  475K 6s
   150K .......... .......... .......... .......... .......... 19%  281K 5s
   200K .......... .......... .......... .......... .......... 24%  175K 5s
   250K .......... .......... .......... .......... .......... 28%  165K 4s
   300K .......... .......... .......... .......... .......... 33% 3.00M 3s
   350K .......... .......... .......... .......... .......... 38%  161K 3s
   400K .......... .......... .......... .......... .......... 43%  176K 3s
   450K .......... .......... .......... .......... .......... 48% 5.76M 3s
   500K .......... .......... .......... .......... .......... 53%  172K 2s
   550K .......... .......... .......... .......... .......... 57% 5.45M 2s
   600K .......... .......... .......... .......... .......... 62%  211K 2s
   650K .......... .......... .......... .......... .......... 67% 91.9K 2s
   700K .......... .......... .......... .......... .......... 72% 29.1M 1s
   750K .......... .......... .......... .......... .......... 77% 55.2M 1s
   800K .......... .......... .......... .......... .......... 81% 53.9M 1s
   850K .......... .......... .......... .......... .......... 86%  261K 1s
   900K .......... .......... .......... .......... .......... 91%  256K 0s
   950K .......... .......... .......... .......... .......... 96% 1.23M 0s
  1000K .......... .......... .......... ......               100%  209K=4.1s

226 Transfer complete.
2017-07-21 00:01:02 (256 KB/s) - ‘./domain/root.zone.gz’ saved [1061544]

Remote file is newer than local file ‘./domain/root.zone.gz.md5’ -- retrieving.

--2017-07-21 00:01:02--  ftp://ftp.internic.net/domain/root.zone.gz.md5
           => ‘./domain/root.zone.gz.md5’
==> CWD not required.
--> PASV

227 Entering Passive Mode (192,0,32,9,15,85)
--> RETR root.zone.gz.md5

150 Opening BINARY mode data connection for root.zone.gz.md5 (33 bytes).
Length: 33

     0K                                                       100% 36.5K=0.001s

226 Transfer complete.
2017-07-21 00:01:03 (36.5 KB/s) - ‘./domain/root.zone.gz.md5’ saved [33]

Remote file is newer than local file ‘./domain/root.zone.gz.sig’ -- retrieving.

--2017-07-21 00:01:03--  ftp://ftp.internic.net/domain/root.zone.gz.sig
           => ‘./domain/root.zone.gz.sig’
==> CWD not required.
--> PASV

227 Entering Passive Mode (192,0,32,9,24,5)
--> RETR root.zone.gz.sig

150 Opening BINARY mode data connection for root.zone.gz.sig (72 bytes).
Length: 72

     0K                                                       100% 1.56M=0s

226 Transfer complete.
2017-07-21 00:01:04 (1.56 MB/s) - ‘./domain/root.zone.gz.sig’ saved [72]

Remote file is newer than local file ‘./domain/root.zone.md5’ -- retrieving.

--2017-07-21 00:01:04--  ftp://ftp.internic.net/domain/root.zone.md5
           => ‘./domain/root.zone.md5’
==> CWD not required.
--> PASV

227 Entering Passive Mode (192,0,32,9,45,160)
--> RETR root.zone.md5

150 Opening BINARY mode data connection for root.zone.md5 (33 bytes).
Length: 33

     0K                                                       100%  441K=0s

226 Transfer complete.
2017-07-21 00:01:05 (441 KB/s) - ‘./domain/root.zone.md5’ saved [33]

Remote file is newer than local file ‘./domain/root.zone.sig’ -- retrieving.

--2017-07-21 00:01:05--  ftp://ftp.internic.net/domain/root.zone.sig
           => ‘./domain/root.zone.sig’
==> CWD not required.
--> PASV

227 Entering Passive Mode (192,0,32,9,216,197)
--> RETR root.zone.sig

150 Opening BINARY mode data connection for root.zone.sig (72 bytes).
Length: 72

     0K                                                       100% 1.46M=0s

226 Transfer complete.
2017-07-21 00:01:06 (1.46 MB/s) - ‘./domain/root.zone.sig’ saved [72]

FINISHED --2017-07-21 00:01:06--
Total wall clock time: 1m 4s
Downloaded: 40 files, 4.0M in 18s (231 KB/s)
