--2017-04-07 00:00:01--  ftp://ftp.internic.net/*
           => ‘./.listing’
Resolving ftp.internic.net (ftp.internic.net)... 192.0.32.9, 2620:0:2d0:200::9
Connecting to ftp.internic.net (ftp.internic.net)|192.0.32.9|:21... connected.
Logging in as anonymous ... 
220 Internic FTP Server
--> USER anonymous

331 Please specify the password.
--> PASS Turtle Power!

230 Login successful.
--> SYST

215 UNIX Type: L8
--> PWD

257 "/"
--> TYPE I

200 Switching to Binary mode.
==> CWD not needed.
--> PASV

227 Entering Passive Mode (192,0,32,9,181,90)
--> LIST -a

150 Here comes the directory listing.

     0K                                                        2.18M=0s

226 Directory send OK.
drwxr-xr-x    3 ftp      ftp          4096 Apr 04  2012 .
drwxr-xr-x    3 ftp      ftp          4096 Apr 04  2012 ..
drwxr-xr-x    2 ftp      ftp          4096 Sep 09  2015 domain
2017-04-07 00:00:13 (2.18 MB/s) - ‘./.listing’ saved [183]

--2017-04-07 00:00:13--  ftp://ftp.internic.net/domain/*
           => ‘./domain/.listing’
--> CWD /domain

250 Directory successfully changed.
--> PASV

227 Entering Passive Mode (192,0,32,9,42,47)
--> LIST -a

150 Here comes the directory listing.

     0K ...                                                     456K=0.008s

226 Directory send OK.
drwxr-xr-x    2 ftp      ftp          4096 Sep 09  2015 .
drwxr-xr-x    3 ftp      ftp          4096 Apr 04  2012 ..
-rw-r--r--    1 ftp      ftp          1829 Aug 18  2015 .listing
-rw-r--r--    1 ftp      ftp          1224 Apr 06 12:24 INTERNIC_ROOT_ZONE.signatures
-rw-r--r--    1 ftp      ftp          1469 Apr 06 12:24 INTERNIC_ROOT_ZONE.signatures.asc
-rw-r--r--    1 ftp      ftp         15438 Apr 06 12:24 arpa.zone
-rw-r--r--    1 ftp      ftp          6782 Apr 06 12:24 arpa.zone.gz
-rw-r--r--    1 ftp      ftp            33 Apr 06 12:24 arpa.zone.gz.md5
-rw-r--r--    1 ftp      ftp            72 Apr 06 12:24 arpa.zone.gz.sig
-rw-r--r--    1 ftp      ftp          3291 Oct 20 19:35 db.cache
-rw-r--r--    1 ftp      ftp            33 Oct 20 19:35 db.cache.md5
-rw-r--r--    1 ftp      ftp            72 Oct 20 19:35 db.cache.sig
-rw-r--r--    1 ftp      ftp        229871 Apr 06 15:40 in-addr.arpa
-rw-r--r--    1 ftp      ftp         90618 Apr 06 15:40 in-addr.arpa.gz
-rw-r--r--    1 ftp      ftp            55 Apr 06 15:40 in-addr.arpa.gz.md5
-rw-r--r--    1 ftp      ftp            90 Apr 06 15:40 in-addr.arpa.gz.sha256
-rw-r--r--    1 ftp      ftp            52 Apr 06 15:40 in-addr.arpa.md5
-rw-r--r--    1 ftp      ftp            87 Apr 06 15:40 in-addr.arpa.sha256
-rw-r--r--    1 ftp      ftp        229871 Apr 06 15:40 in-addr.arpa.zone
-rw-r--r--    1 ftp      ftp         90618 Apr 06 15:40 in-addr.arpa.zone.gz
-rw-r--r--    1 ftp      ftp            60 Apr 06 15:40 in-addr.arpa.zone.gz.md5
-rw-r--r--    1 ftp      ftp            95 Apr 06 15:40 in-addr.arpa.zone.gz.sha256
-rw-r--r--    1 ftp      ftp            57 Apr 06 15:40 in-addr.arpa.zone.md5
-rw-r--r--    1 ftp      ftp            92 Apr 06 15:40 in-addr.arpa.zone.sha256
-rw-r--r--    1 ftp      ftp         61853 Apr 06 15:40 ip6.arpa
-rw-r--r--    1 ftp      ftp         24432 Apr 06 15:40 ip6.arpa.gz
-rw-r--r--    1 ftp      ftp            51 Apr 06 15:40 ip6.arpa.gz.md5
-rw-r--r--    1 ftp      ftp            86 Apr 06 15:40 ip6.arpa.gz.sha256
-rw-r--r--    1 ftp      ftp            48 Apr 06 15:40 ip6.arpa.md5
-rw-r--r--    1 ftp      ftp            83 Apr 06 15:40 ip6.arpa.sha256
-rw-r--r--    1 ftp      ftp         61853 Apr 06 15:40 ip6.arpa.zone
-rw-r--r--    1 ftp      ftp         24432 Apr 06 15:40 ip6.arpa.zone.gz
-rw-r--r--    1 ftp      ftp            56 Apr 06 15:40 ip6.arpa.zone.gz.md5
-rw-r--r--    1 ftp      ftp            91 Apr 06 15:40 ip6.arpa.zone.gz.sha256
-rw-r--r--    1 ftp      ftp            53 Apr 06 15:40 ip6.arpa.zone.md5
-rw-r--r--    1 ftp      ftp            88 Apr 06 15:40 ip6.arpa.zone.sha256
-rw-r--r--    1 ftp      ftp            21 Apr 06 15:40 last_update.txt
-rw-r--r--    1 ftp      ftp          3291 Oct 20 19:35 named.cache
-rw-r--r--    1 ftp      ftp            33 Oct 20 19:35 named.cache.md5
-rw-r--r--    1 ftp      ftp            72 Oct 20 19:35 named.cache.sig
-rw-r--r--    1 ftp      ftp          3291 Oct 20 19:35 named.root
-rw-r--r--    1 ftp      ftp            33 Oct 20 19:35 named.root.md5
-rw-r--r--    1 ftp      ftp            72 Oct 20 19:35 named.root.sig
-rw-r--r--    1 ftp      ftp          2110 Oct 20 19:35 root-servers.net.zone
-rw-r--r--    1 ftp      ftp           574 Oct 20 19:35 root-servers.net.zone.gz
-rw-r--r--    1 ftp      ftp            33 Oct 20 19:35 root-servers.net.zone.gz.md5
-rw-r--r--    1 ftp      ftp            72 Oct 20 19:35 root-servers.net.zone.gz.sig
-rw-r--r--    1 ftp      ftp       2232361 Apr 06 05:09 root.zone
-rw-r--r--    1 ftp      ftp       1048539 Apr 06 05:09 root.zone.gz
-rw-r--r--    1 ftp      ftp            33 Apr 06 05:09 root.zone.gz.md5
-rw-r--r--    1 ftp      ftp            72 Apr 06 05:09 root.zone.gz.sig
-rw-r--r--    1 ftp      ftp            33 Apr 06 05:09 root.zone.md5
-rw-r--r--    1 ftp      ftp            71 Apr 06 05:09 root.zone.sig
2017-04-07 00:00:14 (456 KB/s) - ‘./domain/.listing’ saved [3930]

The sizes do not match (local 3930) -- retrieving.

--2017-04-07 00:00:14--  ftp://ftp.internic.net/domain/.listing
           => ‘./domain/.listing’
==> CWD not required.
--> PASV

227 Entering Passive Mode (192,0,32,9,228,188)
--> RETR .listing

150 Opening BINARY mode data connection for .listing (1829 bytes).
Length: 1829 (1.8K)

     0K .                                                     100% 14.7M=0s

226 Transfer complete.
2017-04-07 00:00:15 (14.7 MB/s) - ‘./domain/.listing’ saved [1829]

Remote file is newer than local file ‘./domain/INTERNIC_ROOT_ZONE.signatures’ -- retrieving.

--2017-04-07 00:00:15--  ftp://ftp.internic.net/domain/INTERNIC_ROOT_ZONE.signatures
           => ‘./domain/INTERNIC_ROOT_ZONE.signatures’
==> CWD not required.
--> PASV

227 Entering Passive Mode (192,0,32,9,190,81)
--> RETR INTERNIC_ROOT_ZONE.signatures

150 Opening BINARY mode data connection for INTERNIC_ROOT_ZONE.signatures (1224 bytes).
Length: 1224 (1.2K)

     0K .                                                     100% 1.65M=0.001s

226 Transfer complete.
2017-04-07 00:00:16 (1.65 MB/s) - ‘./domain/INTERNIC_ROOT_ZONE.signatures’ saved [1224]

Remote file is newer than local file ‘./domain/INTERNIC_ROOT_ZONE.signatures.asc’ -- retrieving.

--2017-04-07 00:00:16--  ftp://ftp.internic.net/domain/INTERNIC_ROOT_ZONE.signatures.asc
           => ‘./domain/INTERNIC_ROOT_ZONE.signatures.asc’
==> CWD not required.
--> PASV

227 Entering Passive Mode (192,0,32,9,75,41)
--> RETR INTERNIC_ROOT_ZONE.signatures.asc

150 Opening BINARY mode data connection for INTERNIC_ROOT_ZONE.signatures.asc (1469 bytes).
Length: 1469 (1.4K)

     0K .                                                     100% 10.5M=0s

226 Transfer complete.
2017-04-07 00:00:17 (10.5 MB/s) - ‘./domain/INTERNIC_ROOT_ZONE.signatures.asc’ saved [1469]

Remote file is newer than local file ‘./domain/arpa.zone’ -- retrieving.

--2017-04-07 00:00:17--  ftp://ftp.internic.net/domain/arpa.zone
           => ‘./domain/arpa.zone’
==> CWD not required.
--> PASV

227 Entering Passive Mode (192,0,32,9,129,179)
--> RETR arpa.zone

150 Opening BINARY mode data connection for arpa.zone (15438 bytes).
Length: 15438 (15K)

     0K .......... .....                                      100% 25.0M=0.001s

226 Transfer complete.
2017-04-07 00:00:17 (25.0 MB/s) - ‘./domain/arpa.zone’ saved [15438]

The sizes do not match (local 6781) -- retrieving.

--2017-04-07 00:00:17--  ftp://ftp.internic.net/domain/arpa.zone.gz
           => ‘./domain/arpa.zone.gz’
==> CWD not required.
--> PASV

227 Entering Passive Mode (192,0,32,9,20,97)
--> RETR arpa.zone.gz

150 Opening BINARY mode data connection for arpa.zone.gz (6782 bytes).
Length: 6782 (6.6K)

     0K ......                                                100%  141M=0s

226 Transfer complete.
2017-04-07 00:00:18 (141 MB/s) - ‘./domain/arpa.zone.gz’ saved [6782]

Remote file is newer than local file ‘./domain/arpa.zone.gz.md5’ -- retrieving.

--2017-04-07 00:00:18--  ftp://ftp.internic.net/domain/arpa.zone.gz.md5
           => ‘./domain/arpa.zone.gz.md5’
==> CWD not required.
--> PASV

227 Entering Passive Mode (192,0,32,9,112,178)
--> RETR arpa.zone.gz.md5

150 Opening BINARY mode data connection for arpa.zone.gz.md5 (33 bytes).
Length: 33

     0K                                                       100%  701K=0s

226 Transfer complete.
2017-04-07 00:00:19 (701 KB/s) - ‘./domain/arpa.zone.gz.md5’ saved [33]

Remote file is newer than local file ‘./domain/arpa.zone.gz.sig’ -- retrieving.

--2017-04-07 00:00:19--  ftp://ftp.internic.net/domain/arpa.zone.gz.sig
           => ‘./domain/arpa.zone.gz.sig’
==> CWD not required.
--> PASV

227 Entering Passive Mode (192,0,32,9,42,239)
--> RETR arpa.zone.gz.sig

150 Opening BINARY mode data connection for arpa.zone.gz.sig (72 bytes).
Length: 72

     0K                                                       100% 1.60M=0s

226 Transfer complete.
2017-04-07 00:00:20 (1.60 MB/s) - ‘./domain/arpa.zone.gz.sig’ saved [72]

Remote file no newer than local file ‘./domain/db.cache’ -- not retrieving.
Remote file no newer than local file ‘./domain/db.cache.md5’ -- not retrieving.
Remote file no newer than local file ‘./domain/db.cache.sig’ -- not retrieving.
Remote file is newer than local file ‘./domain/in-addr.arpa’ -- retrieving.

--2017-04-07 00:00:20--  ftp://ftp.internic.net/domain/in-addr.arpa
           => ‘./domain/in-addr.arpa’
==> CWD not required.
--> PASV

227 Entering Passive Mode (192,0,32,9,4,187)
--> RETR in-addr.arpa

150 Opening BINARY mode data connection for in-addr.arpa (229871 bytes).
Length: 229871 (224K)

     0K .......... .......... .......... .......... .......... 22% 84.4K 2s
    50K .......... .......... .......... .......... .......... 44%  270K 1s
   100K .......... .......... .......... .......... .......... 66%  128K 1s
   150K .......... .......... .......... .......... .......... 89% 84.8K 0s
   200K .......... .......... ....                            100%  105M=1.8s

226 Transfer complete.
2017-04-07 00:00:22 (128 KB/s) - ‘./domain/in-addr.arpa’ saved [229871]

The sizes do not match (local 90574) -- retrieving.

--2017-04-07 00:00:22--  ftp://ftp.internic.net/domain/in-addr.arpa.gz
           => ‘./domain/in-addr.arpa.gz’
==> CWD not required.
--> PASV

227 Entering Passive Mode (192,0,32,9,215,21)
--> RETR in-addr.arpa.gz

150 Opening BINARY mode data connection for in-addr.arpa.gz (90618 bytes).
Length: 90618 (88K)

     0K .......... .......... .......... .......... .......... 56% 86.0K 0s
    50K .......... .......... .......... ........             100%  203K=0.8s

226 Transfer complete.
2017-04-07 00:00:24 (115 KB/s) - ‘./domain/in-addr.arpa.gz’ saved [90618]

Remote file is newer than local file ‘./domain/in-addr.arpa.gz.md5’ -- retrieving.

--2017-04-07 00:00:24--  ftp://ftp.internic.net/domain/in-addr.arpa.gz.md5
           => ‘./domain/in-addr.arpa.gz.md5’
==> CWD not required.
--> PASV

227 Entering Passive Mode (192,0,32,9,121,209)
--> RETR in-addr.arpa.gz.md5

150 Opening BINARY mode data connection for in-addr.arpa.gz.md5 (55 bytes).
Length: 55

     0K                                                       100%  881K=0s

226 Transfer complete.
2017-04-07 00:00:25 (881 KB/s) - ‘./domain/in-addr.arpa.gz.md5’ saved [55]

Remote file is newer than local file ‘./domain/in-addr.arpa.gz.sha256’ -- retrieving.

--2017-04-07 00:00:25--  ftp://ftp.internic.net/domain/in-addr.arpa.gz.sha256
           => ‘./domain/in-addr.arpa.gz.sha256’
==> CWD not required.
--> PASV

227 Entering Passive Mode (192,0,32,9,225,25)
--> RETR in-addr.arpa.gz.sha256

150 Opening BINARY mode data connection for in-addr.arpa.gz.sha256 (90 bytes).
Length: 90

     0K                                                       100%  739K=0s

226 Transfer complete.
2017-04-07 00:00:25 (739 KB/s) - ‘./domain/in-addr.arpa.gz.sha256’ saved [90]

Remote file is newer than local file ‘./domain/in-addr.arpa.md5’ -- retrieving.

--2017-04-07 00:00:25--  ftp://ftp.internic.net/domain/in-addr.arpa.md5
           => ‘./domain/in-addr.arpa.md5’
==> CWD not required.
--> PASV

227 Entering Passive Mode (192,0,32,9,41,166)
--> RETR in-addr.arpa.md5

150 Opening BINARY mode data connection for in-addr.arpa.md5 (52 bytes).
Length: 52

     0K                                                       100%  244K=0s

226 Transfer complete.
2017-04-07 00:00:26 (244 KB/s) - ‘./domain/in-addr.arpa.md5’ saved [52]

Remote file is newer than local file ‘./domain/in-addr.arpa.sha256’ -- retrieving.

--2017-04-07 00:00:26--  ftp://ftp.internic.net/domain/in-addr.arpa.sha256
           => ‘./domain/in-addr.arpa.sha256’
==> CWD not required.
--> PASV

227 Entering Passive Mode (192,0,32,9,105,44)
--> RETR in-addr.arpa.sha256

150 Opening BINARY mode data connection for in-addr.arpa.sha256 (87 bytes).
Length: 87

     0K                                                       100% 1.63M=0s

226 Transfer complete.
2017-04-07 00:00:27 (1.63 MB/s) - ‘./domain/in-addr.arpa.sha256’ saved [87]

Remote file is newer than local file ‘./domain/in-addr.arpa.zone’ -- retrieving.

--2017-04-07 00:00:27--  ftp://ftp.internic.net/domain/in-addr.arpa.zone
           => ‘./domain/in-addr.arpa.zone’
==> CWD not required.
--> PASV

227 Entering Passive Mode (192,0,32,9,42,162)
--> RETR in-addr.arpa.zone

150 Opening BINARY mode data connection for in-addr.arpa.zone (229871 bytes).
Length: 229871 (224K)

     0K .......... .......... .......... .......... .......... 22%  127K 1s
    50K .......... .......... .......... .......... .......... 44%  277K 1s
   100K .......... .......... .......... .......... .......... 66%  277K 0s
   150K .......... .......... .......... .......... .......... 89% 9.03M 0s
   200K .......... .......... ....                            100%  136K=0.9s

226 Transfer complete.
2017-04-07 00:00:29 (239 KB/s) - ‘./domain/in-addr.arpa.zone’ saved [229871]

The sizes do not match (local 90574) -- retrieving.

--2017-04-07 00:00:29--  ftp://ftp.internic.net/domain/in-addr.arpa.zone.gz
           => ‘./domain/in-addr.arpa.zone.gz’
==> CWD not required.
--> PASV

227 Entering Passive Mode (192,0,32,9,188,244)
--> RETR in-addr.arpa.zone.gz

150 Opening BINARY mode data connection for in-addr.arpa.zone.gz (90618 bytes).
Length: 90618 (88K)

     0K .......... .......... .......... .......... .......... 56%  131K 0s
    50K .......... .......... .......... ........             100% 11.6M=0.4s

226 Transfer complete.
2017-04-07 00:00:31 (230 KB/s) - ‘./domain/in-addr.arpa.zone.gz’ saved [90618]

Remote file is newer than local file ‘./domain/in-addr.arpa.zone.gz.md5’ -- retrieving.

--2017-04-07 00:00:31--  ftp://ftp.internic.net/domain/in-addr.arpa.zone.gz.md5
           => ‘./domain/in-addr.arpa.zone.gz.md5’
==> CWD not required.
--> PASV

227 Entering Passive Mode (192,0,32,9,111,80)
--> RETR in-addr.arpa.zone.gz.md5

150 Opening BINARY mode data connection for in-addr.arpa.zone.gz.md5 (60 bytes).
Length: 60

     0K                                                       100%  265K=0s

226 Transfer complete.
2017-04-07 00:00:32 (265 KB/s) - ‘./domain/in-addr.arpa.zone.gz.md5’ saved [60]

Remote file is newer than local file ‘./domain/in-addr.arpa.zone.gz.sha256’ -- retrieving.

--2017-04-07 00:00:32--  ftp://ftp.internic.net/domain/in-addr.arpa.zone.gz.sha256
           => ‘./domain/in-addr.arpa.zone.gz.sha256’
==> CWD not required.
--> PASV

227 Entering Passive Mode (192,0,32,9,105,166)
--> RETR in-addr.arpa.zone.gz.sha256

150 Opening BINARY mode data connection for in-addr.arpa.zone.gz.sha256 (95 bytes).
Length: 95

     0K                                                       100%  780K=0s

226 Transfer complete.
2017-04-07 00:00:33 (780 KB/s) - ‘./domain/in-addr.arpa.zone.gz.sha256’ saved [95]

Remote file is newer than local file ‘./domain/in-addr.arpa.zone.md5’ -- retrieving.

--2017-04-07 00:00:33--  ftp://ftp.internic.net/domain/in-addr.arpa.zone.md5
           => ‘./domain/in-addr.arpa.zone.md5’
==> CWD not required.
--> PASV

227 Entering Passive Mode (192,0,32,9,41,124)
--> RETR in-addr.arpa.zone.md5

150 Opening BINARY mode data connection for in-addr.arpa.zone.md5 (57 bytes).
Length: 57

     0K                                                       100%  773K=0s

226 Transfer complete.
2017-04-07 00:00:33 (773 KB/s) - ‘./domain/in-addr.arpa.zone.md5’ saved [57]

Remote file is newer than local file ‘./domain/in-addr.arpa.zone.sha256’ -- retrieving.

--2017-04-07 00:00:33--  ftp://ftp.internic.net/domain/in-addr.arpa.zone.sha256
           => ‘./domain/in-addr.arpa.zone.sha256’
==> CWD not required.
--> PASV

227 Entering Passive Mode (192,0,32,9,164,139)
--> RETR in-addr.arpa.zone.sha256

150 Opening BINARY mode data connection for in-addr.arpa.zone.sha256 (92 bytes).
Length: 92

     0K                                                       100%  749K=0s

226 Transfer complete.
2017-04-07 00:00:34 (749 KB/s) - ‘./domain/in-addr.arpa.zone.sha256’ saved [92]

Remote file is newer than local file ‘./domain/ip6.arpa’ -- retrieving.

--2017-04-07 00:00:34--  ftp://ftp.internic.net/domain/ip6.arpa
           => ‘./domain/ip6.arpa’
==> CWD not required.
--> PASV

227 Entering Passive Mode (192,0,32,9,41,140)
--> RETR ip6.arpa

150 Opening BINARY mode data connection for ip6.arpa (61853 bytes).
Length: 61853 (60K)

     0K .......... .......... .......... .......... .......... 82% 84.8K 0s
    50K ..........                                            100% 94.9M=0.6s

226 Transfer complete.
2017-04-07 00:00:35 (102 KB/s) - ‘./domain/ip6.arpa’ saved [61853]

The sizes do not match (local 24419) -- retrieving.

--2017-04-07 00:00:35--  ftp://ftp.internic.net/domain/ip6.arpa.gz
           => ‘./domain/ip6.arpa.gz’
==> CWD not required.
--> PASV

227 Entering Passive Mode (192,0,32,9,168,74)
--> RETR ip6.arpa.gz

150 Opening BINARY mode data connection for ip6.arpa.gz (24440 bytes).
Length: 24432 (24K)

     0K .......... .......... ...                             100%  128K=0.2s

226 Transfer complete.
2017-04-07 00:00:36 (128 KB/s) - ‘./domain/ip6.arpa.gz’ saved [24440]

Remote file is newer than local file ‘./domain/ip6.arpa.gz.md5’ -- retrieving.

--2017-04-07 00:00:36--  ftp://ftp.internic.net/domain/ip6.arpa.gz.md5
           => ‘./domain/ip6.arpa.gz.md5’
==> CWD not required.
--> PASV

227 Entering Passive Mode (192,0,32,9,8,208)
--> RETR ip6.arpa.gz.md5

150 Opening BINARY mode data connection for ip6.arpa.gz.md5 (51 bytes).
Length: 51

     0K                                                       100%  415K=0s

226 Transfer complete.
2017-04-07 00:00:37 (415 KB/s) - ‘./domain/ip6.arpa.gz.md5’ saved [51]

Remote file is newer than local file ‘./domain/ip6.arpa.gz.sha256’ -- retrieving.

--2017-04-07 00:00:37--  ftp://ftp.internic.net/domain/ip6.arpa.gz.sha256
           => ‘./domain/ip6.arpa.gz.sha256’
==> CWD not required.
--> PASV

227 Entering Passive Mode (192,0,32,9,166,153)
--> RETR ip6.arpa.gz.sha256

150 Opening BINARY mode data connection for ip6.arpa.gz.sha256 (86 bytes).
Length: 86

     0K                                                       100% 1.64M=0s

226 Transfer complete.
2017-04-07 00:00:38 (1.64 MB/s) - ‘./domain/ip6.arpa.gz.sha256’ saved [86]

Remote file is newer than local file ‘./domain/ip6.arpa.md5’ -- retrieving.

--2017-04-07 00:00:38--  ftp://ftp.internic.net/domain/ip6.arpa.md5
           => ‘./domain/ip6.arpa.md5’
==> CWD not required.
--> PASV

227 Entering Passive Mode (192,0,32,9,42,200)
--> RETR ip6.arpa.md5

150 Opening BINARY mode data connection for ip6.arpa.md5 (48 bytes).
Length: 48

     0K                                                       100%  721K=0s

226 Transfer complete.
2017-04-07 00:00:39 (721 KB/s) - ‘./domain/ip6.arpa.md5’ saved [48]

Remote file is newer than local file ‘./domain/ip6.arpa.sha256’ -- retrieving.

--2017-04-07 00:00:39--  ftp://ftp.internic.net/domain/ip6.arpa.sha256
           => ‘./domain/ip6.arpa.sha256’
==> CWD not required.
--> PASV

227 Entering Passive Mode (192,0,32,9,142,145)
--> RETR ip6.arpa.sha256

150 Opening BINARY mode data connection for ip6.arpa.sha256 (83 bytes).
Length: 83

     0K                                                       100%  675K=0s

226 Transfer complete.
2017-04-07 00:00:40 (675 KB/s) - ‘./domain/ip6.arpa.sha256’ saved [83]

Remote file is newer than local file ‘./domain/ip6.arpa.zone’ -- retrieving.

--2017-04-07 00:00:40--  ftp://ftp.internic.net/domain/ip6.arpa.zone
           => ‘./domain/ip6.arpa.zone’
==> CWD not required.
--> PASV

227 Entering Passive Mode (192,0,32,9,222,241)
--> RETR ip6.arpa.zone

150 Opening BINARY mode data connection for ip6.arpa.zone (61853 bytes).
Length: 61853 (60K)

     0K .......... .......... .......... .......... .......... 82%  127K 0s
    50K ..........                                            100% 12.6M=0.4s

226 Transfer complete.
2017-04-07 00:00:41 (153 KB/s) - ‘./domain/ip6.arpa.zone’ saved [61853]

The sizes do not match (local 24423) -- retrieving.

--2017-04-07 00:00:41--  ftp://ftp.internic.net/domain/ip6.arpa.zone.gz
           => ‘./domain/ip6.arpa.zone.gz’
==> CWD not required.
--> PASV

227 Entering Passive Mode (192,0,32,9,41,182)
--> RETR ip6.arpa.zone.gz

150 Opening BINARY mode data connection for ip6.arpa.zone.gz (24440 bytes).
Length: 24432 (24K)

     0K .......... .......... ...                             100%  127K=0.2s

226 Transfer complete.
2017-04-07 00:00:42 (127 KB/s) - ‘./domain/ip6.arpa.zone.gz’ saved [24440]

Remote file is newer than local file ‘./domain/ip6.arpa.zone.gz.md5’ -- retrieving.

--2017-04-07 00:00:42--  ftp://ftp.internic.net/domain/ip6.arpa.zone.gz.md5
           => ‘./domain/ip6.arpa.zone.gz.md5’
==> CWD not required.
--> PASV

227 Entering Passive Mode (192,0,32,9,41,129)
--> RETR ip6.arpa.zone.gz.md5

150 Opening BINARY mode data connection for ip6.arpa.zone.gz.md5 (56 bytes).
Length: 56

     0K                                                       100%  304K=0s

226 Transfer complete.
2017-04-07 00:00:44 (304 KB/s) - ‘./domain/ip6.arpa.zone.gz.md5’ saved [56]

Remote file is newer than local file ‘./domain/ip6.arpa.zone.gz.sha256’ -- retrieving.

--2017-04-07 00:00:44--  ftp://ftp.internic.net/domain/ip6.arpa.zone.gz.sha256
           => ‘./domain/ip6.arpa.zone.gz.sha256’
==> CWD not required.
--> PASV

227 Entering Passive Mode (192,0,32,9,41,188)
--> RETR ip6.arpa.zone.gz.sha256

150 Opening BINARY mode data connection for ip6.arpa.zone.gz.sha256 (91 bytes).
Length: 91

     0K                                                       100% 2.23M=0s

226 Transfer complete.
2017-04-07 00:00:44 (2.23 MB/s) - ‘./domain/ip6.arpa.zone.gz.sha256’ saved [91]

Remote file is newer than local file ‘./domain/ip6.arpa.zone.md5’ -- retrieving.

--2017-04-07 00:00:44--  ftp://ftp.internic.net/domain/ip6.arpa.zone.md5
           => ‘./domain/ip6.arpa.zone.md5’
==> CWD not required.
--> PASV

227 Entering Passive Mode (192,0,32,9,56,189)
--> RETR ip6.arpa.zone.md5

150 Opening BINARY mode data connection for ip6.arpa.zone.md5 (53 bytes).
Length: 53

     0K                                                       100%  729K=0s

226 Transfer complete.
2017-04-07 00:00:45 (729 KB/s) - ‘./domain/ip6.arpa.zone.md5’ saved [53]

Remote file is newer than local file ‘./domain/ip6.arpa.zone.sha256’ -- retrieving.

--2017-04-07 00:00:45--  ftp://ftp.internic.net/domain/ip6.arpa.zone.sha256
           => ‘./domain/ip6.arpa.zone.sha256’
==> CWD not required.
--> PASV

227 Entering Passive Mode (192,0,32,9,101,0)
--> RETR ip6.arpa.zone.sha256

150 Opening BINARY mode data connection for ip6.arpa.zone.sha256 (88 bytes).
Length: 88

     0K                                                       100% 1.33M=0s

226 Transfer complete.
2017-04-07 00:00:46 (1.33 MB/s) - ‘./domain/ip6.arpa.zone.sha256’ saved [88]

Remote file is newer than local file ‘./domain/last_update.txt’ -- retrieving.

--2017-04-07 00:00:46--  ftp://ftp.internic.net/domain/last_update.txt
           => ‘./domain/last_update.txt’
==> CWD not required.
--> PASV

227 Entering Passive Mode (192,0,32,9,251,89)
--> RETR last_update.txt

150 Opening BINARY mode data connection for last_update.txt (21 bytes).
Length: 21

     0K                                                       100%  167K=0s

226 Transfer complete.
2017-04-07 00:00:47 (167 KB/s) - ‘./domain/last_update.txt’ saved [21]

Remote file no newer than local file ‘./domain/named.cache’ -- not retrieving.
Remote file no newer than local file ‘./domain/named.cache.md5’ -- not retrieving.
Remote file no newer than local file ‘./domain/named.cache.sig’ -- not retrieving.
Remote file no newer than local file ‘./domain/named.root’ -- not retrieving.
Remote file no newer than local file ‘./domain/named.root.md5’ -- not retrieving.
Remote file no newer than local file ‘./domain/named.root.sig’ -- not retrieving.
Remote file no newer than local file ‘./domain/root-servers.net.zone’ -- not retrieving.
Remote file no newer than local file ‘./domain/root-servers.net.zone.gz’ -- not retrieving.
Remote file no newer than local file ‘./domain/root-servers.net.zone.gz.md5’ -- not retrieving.
Remote file no newer than local file ‘./domain/root-servers.net.zone.gz.sig’ -- not retrieving.
Remote file is newer than local file ‘./domain/root.zone’ -- retrieving.

--2017-04-07 00:00:47--  ftp://ftp.internic.net/domain/root.zone
           => ‘./domain/root.zone’
==> CWD not required.
--> PASV

227 Entering Passive Mode (192,0,32,9,87,56)
--> RETR root.zone

150 Opening BINARY mode data connection for root.zone (2232361 bytes).
Length: 2232361 (2.1M)

     0K .......... .......... .......... .......... ..........  2%  135K 16s
    50K .......... .......... .......... .......... ..........  4%  268K 12s
   100K .......... .......... .......... .......... ..........  6%  251K 10s
   150K .......... .......... .......... .......... ..........  9% 8.93M 8s
   200K .......... .......... .......... .......... .......... 11% 66.2K 12s
   250K .......... .......... .......... .......... .......... 13% 11.2M 10s
   300K .......... .......... .......... .......... .......... 16%  115M 8s
   350K .......... .......... .......... .......... .......... 18% 91.3M 7s
   400K .......... .......... .......... .......... .......... 20%  270K 7s
   450K .......... .......... .......... .......... .......... 22%  250K 6s
   500K .......... .......... .......... .......... .......... 25% 66.2K 8s
   550K .......... .......... .......... .......... .......... 27% 16.4M 7s
   600K .......... .......... .......... .......... .......... 29% 34.3M 6s
   650K .......... .......... .......... .......... .......... 32%  292K 6s
   700K .......... .......... .......... .......... .......... 34%  251K 6s
   750K .......... .......... .......... .......... .......... 36%  246K 6s
   800K .......... .......... .......... .......... .......... 38% 53.2K 7s
   850K .......... .......... .......... .......... .......... 41% 98.2M 6s
   900K .......... .......... .......... .......... .......... 43% 89.8M 5s
   950K .......... .......... .......... .......... .......... 45% 70.8K 6s
  1000K .......... .......... .......... .......... .......... 48%  101K 6s
  1050K .......... .......... .......... .......... .......... 50% 67.3M 5s
  1100K .......... .......... .......... .......... .......... 52%  252K 5s
  1150K .......... .......... .......... .......... .......... 55% 94.9K 5s
  1200K .......... .......... .......... .......... .......... 57%  135K 5s
  1250K .......... .......... .......... .......... .......... 59% 77.1K 5s
  1300K .......... .......... .......... .......... .......... 61%  139K 5s
  1350K .......... .......... .......... .......... .......... 64% 84.7K 5s
  1400K .......... .......... .......... .......... .......... 66% 88.3K 4s
  1450K .......... .......... .......... .......... .......... 68% 59.5K 4s
  1500K .......... .......... .......... .......... .......... 71% 71.3K 4s
  1550K .......... .......... .......... .......... .......... 73% 89.8K 4s
  1600K .......... .......... .......... .......... .......... 75% 89.2K 4s
  1650K .......... .......... .......... .......... .......... 77% 92.0K 3s
  1700K .......... .......... .......... .......... .......... 80%  115K 3s
  1750K .......... .......... .......... .......... .......... 82%  100K 3s
  1800K .......... .......... .......... .......... .......... 84% 88.0K 2s
  1850K .......... .......... .......... .......... .......... 87%  151K 2s
  1900K .......... .......... .......... .......... .......... 89% 95.7K 2s
  1950K .......... .......... .......... .......... .......... 91% 90.9K 1s
  2000K .......... .......... .......... .......... .......... 94% 92.0K 1s
  2050K .......... .......... .......... .......... .......... 96%  103K 1s
  2100K .......... .......... .......... .......... .......... 98%  117K 0s
  2150K .......... .......... ..........                      100% 38.3K=17s

226 Transfer complete.
2017-04-07 00:01:04 (128 KB/s) - ‘./domain/root.zone’ saved [2232361]

The sizes do not match (local 1048434) -- retrieving.

--2017-04-07 00:01:04--  ftp://ftp.internic.net/domain/root.zone.gz
           => ‘./domain/root.zone.gz’
==> CWD not required.
--> PASV

227 Entering Passive Mode (192,0,32,9,41,22)
--> RETR root.zone.gz

150 Opening BINARY mode data connection for root.zone.gz (1048539 bytes).
Length: 1048539 (1024K)

     0K .......... .......... .......... .......... ..........  4% 90.3K 11s
    50K .......... .......... .......... .......... ..........  9%  128K 9s
   100K .......... .......... .......... .......... .......... 14% 89.0K 9s
   150K .......... .......... .......... .......... .......... 19%  132K 8s
   200K .......... .......... .......... .......... .......... 24%  125K 7s
   250K .......... .......... .......... .......... .......... 29%  138K 6s
   300K .......... .......... .......... .......... .......... 34%  272K 5s
   350K .......... .......... .......... .......... .......... 39% 65.1K 6s
   400K .......... .......... .......... .......... .......... 43% 3.74M 5s
   450K .......... .......... .......... .......... .......... 48%  277K 4s
   500K .......... .......... .......... .......... .......... 53%  138K 4s
   550K .......... .......... .......... .......... .......... 58%  129K 3s
   600K .......... .......... .......... .......... .......... 63%  248K 3s
   650K .......... .......... .......... .......... .......... 68%  134K 2s
   700K .......... .......... .......... .......... .......... 73%  269K 2s
   750K .......... .......... .......... .......... .......... 78%  206K 2s
   800K .......... .......... .......... .......... .......... 83% 94.5K 1s
   850K .......... .......... .......... .......... .......... 87%  276K 1s
   900K .......... .......... .......... .......... .......... 92%  138K 1s
   950K .......... .......... .......... .......... .......... 97%  198K 0s
  1000K .......... .......... ...                             100%  169K=7.0s

226 Transfer complete.
2017-04-07 00:01:12 (146 KB/s) - ‘./domain/root.zone.gz’ saved [1048539]

Remote file is newer than local file ‘./domain/root.zone.gz.md5’ -- retrieving.

--2017-04-07 00:01:12--  ftp://ftp.internic.net/domain/root.zone.gz.md5
           => ‘./domain/root.zone.gz.md5’
==> CWD not required.
--> PASV

227 Entering Passive Mode (192,0,32,9,52,155)
--> RETR root.zone.gz.md5

150 Opening BINARY mode data connection for root.zone.gz.md5 (33 bytes).
Length: 33

     0K                                                       100%  102K=0s

226 Transfer complete.
2017-04-07 00:01:13 (102 KB/s) - ‘./domain/root.zone.gz.md5’ saved [33]

Remote file is newer than local file ‘./domain/root.zone.gz.sig’ -- retrieving.

--2017-04-07 00:01:13--  ftp://ftp.internic.net/domain/root.zone.gz.sig
           => ‘./domain/root.zone.gz.sig’
==> CWD not required.
--> PASV

227 Entering Passive Mode (192,0,32,9,238,107)
--> RETR root.zone.gz.sig

150 Opening BINARY mode data connection for root.zone.gz.sig (72 bytes).
Length: 72

     0K                                                       100% 66.1K=0.001s

226 Transfer complete.
2017-04-07 00:01:14 (66.1 KB/s) - ‘./domain/root.zone.gz.sig’ saved [72]

Remote file is newer than local file ‘./domain/root.zone.md5’ -- retrieving.

--2017-04-07 00:01:14--  ftp://ftp.internic.net/domain/root.zone.md5
           => ‘./domain/root.zone.md5’
==> CWD not required.
--> PASV

227 Entering Passive Mode (192,0,32,9,17,67)
--> RETR root.zone.md5

150 Opening BINARY mode data connection for root.zone.md5 (33 bytes).
Length: 33

     0K                                                       100%  215K=0s

226 Transfer complete.
2017-04-07 00:01:15 (215 KB/s) - ‘./domain/root.zone.md5’ saved [33]

The sizes do not match (local 72) -- retrieving.

--2017-04-07 00:01:15--  ftp://ftp.internic.net/domain/root.zone.sig
           => ‘./domain/root.zone.sig’
==> CWD not required.
--> PASV

227 Entering Passive Mode (192,0,32,9,241,153)
--> RETR root.zone.sig

150 Opening BINARY mode data connection for root.zone.sig (71 bytes).
Length: 71

     0K                                                       100% 1.47M=0s

226 Transfer complete.
2017-04-07 00:01:15 (1.47 MB/s) - ‘./domain/root.zone.sig’ saved [71]

FINISHED --2017-04-07 00:01:15--
Total wall clock time: 1m 14s
Downloaded: 40 files, 3.9M in 29s (138 KB/s)
