--2017-03-08 00:00:03--  ftp://ftp.internic.net/*
           => ‘./.listing’
Resolving ftp.internic.net (ftp.internic.net)... 192.0.32.9, 2620:0:2d0:200::9
Connecting to ftp.internic.net (ftp.internic.net)|192.0.32.9|:21... connected.
Logging in as anonymous ... 
220 Internic FTP Server
--> USER anonymous

331 Please specify the password.
--> PASS Turtle Power!

230 Login successful.
--> SYST

215 UNIX Type: L8
--> PWD

257 "/"
--> TYPE I

200 Switching to Binary mode.
==> CWD not needed.
--> PASV

227 Entering Passive Mode (192,0,32,9,133,241)
--> LIST -a

150 Here comes the directory listing.

     0K                                                        1.01M=0s

226 Directory send OK.
drwxr-xr-x    3 ftp      ftp          4096 Apr 04  2012 .
drwxr-xr-x    3 ftp      ftp          4096 Apr 04  2012 ..
drwxr-xr-x    2 ftp      ftp          4096 Sep 09  2015 domain
2017-03-08 00:00:07 (1.01 MB/s) - ‘./.listing’ saved [183]

--2017-03-08 00:00:07--  ftp://ftp.internic.net/domain/*
           => ‘./domain/.listing’
--> CWD /domain

250 Directory successfully changed.
--> PASV

227 Entering Passive Mode (192,0,32,9,207,190)
--> LIST -a

150 Here comes the directory listing.

     0K ...                                                    25.0M=0s

226 Directory send OK.
drwxr-xr-x    2 ftp      ftp          4096 Sep 09  2015 .
drwxr-xr-x    3 ftp      ftp          4096 Apr 04  2012 ..
-rw-r--r--    1 ftp      ftp          1829 Aug 18  2015 .listing
-rw-r--r--    1 ftp      ftp          1224 Mar 07 12:34 INTERNIC_ROOT_ZONE.signatures
-rw-r--r--    1 ftp      ftp          1469 Mar 07 12:34 INTERNIC_ROOT_ZONE.signatures.asc
-rw-r--r--    1 ftp      ftp         15186 Mar 07 12:34 arpa.zone
-rw-r--r--    1 ftp      ftp          6639 Mar 07 12:34 arpa.zone.gz
-rw-r--r--    1 ftp      ftp            33 Mar 07 12:34 arpa.zone.gz.md5
-rw-r--r--    1 ftp      ftp            72 Mar 07 12:34 arpa.zone.gz.sig
-rw-r--r--    1 ftp      ftp          3291 Oct 20 19:35 db.cache
-rw-r--r--    1 ftp      ftp            33 Oct 20 19:35 db.cache.md5
-rw-r--r--    1 ftp      ftp            72 Oct 20 19:35 db.cache.sig
-rw-r--r--    1 ftp      ftp        228015 Mar 07 15:40 in-addr.arpa
-rw-r--r--    1 ftp      ftp         90459 Mar 07 15:40 in-addr.arpa.gz
-rw-r--r--    1 ftp      ftp            55 Mar 07 15:40 in-addr.arpa.gz.md5
-rw-r--r--    1 ftp      ftp            90 Mar 07 15:40 in-addr.arpa.gz.sha256
-rw-r--r--    1 ftp      ftp            52 Mar 07 15:40 in-addr.arpa.md5
-rw-r--r--    1 ftp      ftp            87 Mar 07 15:40 in-addr.arpa.sha256
-rw-r--r--    1 ftp      ftp        228015 Mar 07 15:40 in-addr.arpa.zone
-rw-r--r--    1 ftp      ftp         90459 Mar 07 15:40 in-addr.arpa.zone.gz
-rw-r--r--    1 ftp      ftp            60 Mar 07 15:40 in-addr.arpa.zone.gz.md5
-rw-r--r--    1 ftp      ftp            95 Mar 07 15:40 in-addr.arpa.zone.gz.sha256
-rw-r--r--    1 ftp      ftp            57 Mar 07 15:40 in-addr.arpa.zone.md5
-rw-r--r--    1 ftp      ftp            92 Mar 07 15:40 in-addr.arpa.zone.sha256
-rw-r--r--    1 ftp      ftp         60746 Mar 07 15:40 ip6.arpa
-rw-r--r--    1 ftp      ftp         24318 Mar 07 15:40 ip6.arpa.gz
-rw-r--r--    1 ftp      ftp            51 Mar 07 15:40 ip6.arpa.gz.md5
-rw-r--r--    1 ftp      ftp            86 Mar 07 15:40 ip6.arpa.gz.sha256
-rw-r--r--    1 ftp      ftp            48 Mar 07 15:40 ip6.arpa.md5
-rw-r--r--    1 ftp      ftp            83 Mar 07 15:40 ip6.arpa.sha256
-rw-r--r--    1 ftp      ftp         60746 Mar 07 15:40 ip6.arpa.zone
-rw-r--r--    1 ftp      ftp         24318 Mar 07 15:40 ip6.arpa.zone.gz
-rw-r--r--    1 ftp      ftp            56 Mar 07 15:40 ip6.arpa.zone.gz.md5
-rw-r--r--    1 ftp      ftp            91 Mar 07 15:40 ip6.arpa.zone.gz.sha256
-rw-r--r--    1 ftp      ftp            53 Mar 07 15:40 ip6.arpa.zone.md5
-rw-r--r--    1 ftp      ftp            88 Mar 07 15:40 ip6.arpa.zone.sha256
-rw-r--r--    1 ftp      ftp            21 Mar 07 15:40 last_update.txt
-rw-r--r--    1 ftp      ftp          3291 Oct 20 19:35 named.cache
-rw-r--r--    1 ftp      ftp            33 Oct 20 19:35 named.cache.md5
-rw-r--r--    1 ftp      ftp            72 Oct 20 19:35 named.cache.sig
-rw-r--r--    1 ftp      ftp          3291 Oct 20 19:35 named.root
-rw-r--r--    1 ftp      ftp            33 Oct 20 19:35 named.root.md5
-rw-r--r--    1 ftp      ftp            72 Oct 20 19:35 named.root.sig
-rw-r--r--    1 ftp      ftp          2110 Oct 20 19:35 root-servers.net.zone
-rw-r--r--    1 ftp      ftp           574 Oct 20 19:35 root-servers.net.zone.gz
-rw-r--r--    1 ftp      ftp            33 Oct 20 19:35 root-servers.net.zone.gz.md5
-rw-r--r--    1 ftp      ftp            72 Oct 20 19:35 root-servers.net.zone.gz.sig
-rw-r--r--    1 ftp      ftp       2232482 Mar 07 05:09 root.zone
-rw-r--r--    1 ftp      ftp       1048686 Mar 07 05:09 root.zone.gz
-rw-r--r--    1 ftp      ftp            33 Mar 07 05:09 root.zone.gz.md5
-rw-r--r--    1 ftp      ftp            72 Mar 07 05:09 root.zone.gz.sig
-rw-r--r--    1 ftp      ftp            33 Mar 07 05:09 root.zone.md5
-rw-r--r--    1 ftp      ftp            72 Mar 07 05:09 root.zone.sig
2017-03-08 00:00:08 (25.0 MB/s) - ‘./domain/.listing’ saved [3930]

The sizes do not match (local 3930) -- retrieving.

--2017-03-08 00:00:08--  ftp://ftp.internic.net/domain/.listing
           => ‘./domain/.listing’
==> CWD not required.
--> PASV

227 Entering Passive Mode (192,0,32,9,17,111)
--> RETR .listing

150 Opening BINARY mode data connection for .listing (1829 bytes).
Length: 1829 (1.8K)

     0K .                                                     100% 1.93M=0.001s

226 Transfer complete.
2017-03-08 00:00:09 (1.93 MB/s) - ‘./domain/.listing’ saved [1829]

Remote file is newer than local file ‘./domain/INTERNIC_ROOT_ZONE.signatures’ -- retrieving.

--2017-03-08 00:00:09--  ftp://ftp.internic.net/domain/INTERNIC_ROOT_ZONE.signatures
           => ‘./domain/INTERNIC_ROOT_ZONE.signatures’
==> CWD not required.
--> PASV

227 Entering Passive Mode (192,0,32,9,131,130)
--> RETR INTERNIC_ROOT_ZONE.signatures

150 Opening BINARY mode data connection for INTERNIC_ROOT_ZONE.signatures (1224 bytes).
Length: 1224 (1.2K)

     0K .                                                     100% 1.68M=0.001s

226 Transfer complete.
2017-03-08 00:00:10 (1.68 MB/s) - ‘./domain/INTERNIC_ROOT_ZONE.signatures’ saved [1224]

Remote file is newer than local file ‘./domain/INTERNIC_ROOT_ZONE.signatures.asc’ -- retrieving.

--2017-03-08 00:00:10--  ftp://ftp.internic.net/domain/INTERNIC_ROOT_ZONE.signatures.asc
           => ‘./domain/INTERNIC_ROOT_ZONE.signatures.asc’
==> CWD not required.
--> PASV

227 Entering Passive Mode (192,0,32,9,16,17)
--> RETR INTERNIC_ROOT_ZONE.signatures.asc

150 Opening BINARY mode data connection for INTERNIC_ROOT_ZONE.signatures.asc (1469 bytes).
Length: 1469 (1.4K)

     0K .                                                     100% 7.53M=0s

226 Transfer complete.
2017-03-08 00:00:12 (7.53 MB/s) - ‘./domain/INTERNIC_ROOT_ZONE.signatures.asc’ saved [1469]

Remote file is newer than local file ‘./domain/arpa.zone’ -- retrieving.

--2017-03-08 00:00:12--  ftp://ftp.internic.net/domain/arpa.zone
           => ‘./domain/arpa.zone’
==> CWD not required.
--> PASV

227 Entering Passive Mode (192,0,32,9,78,176)
--> RETR arpa.zone

150 Opening BINARY mode data connection for arpa.zone (15186 bytes).
Length: 15186 (15K)

     0K .......... ....                                       100% 12.0M=0.001s

226 Transfer complete.
2017-03-08 00:00:13 (12.0 MB/s) - ‘./domain/arpa.zone’ saved [15186]

The sizes do not match (local 6642) -- retrieving.

--2017-03-08 00:00:13--  ftp://ftp.internic.net/domain/arpa.zone.gz
           => ‘./domain/arpa.zone.gz’
==> CWD not required.
--> PASV

227 Entering Passive Mode (192,0,32,9,42,238)
--> RETR arpa.zone.gz

150 Opening BINARY mode data connection for arpa.zone.gz (6639 bytes).
Length: 6639 (6.5K)

     0K ......                                                100% 54.6M=0s

226 Transfer complete.
2017-03-08 00:00:14 (54.6 MB/s) - ‘./domain/arpa.zone.gz’ saved [6639]

Remote file is newer than local file ‘./domain/arpa.zone.gz.md5’ -- retrieving.

--2017-03-08 00:00:14--  ftp://ftp.internic.net/domain/arpa.zone.gz.md5
           => ‘./domain/arpa.zone.gz.md5’
==> CWD not required.
--> PASV

227 Entering Passive Mode (192,0,32,9,41,40)
--> RETR arpa.zone.gz.md5

150 Opening BINARY mode data connection for arpa.zone.gz.md5 (33 bytes).
Length: 33

     0K                                                       100%  288K=0s

226 Transfer complete.
2017-03-08 00:00:16 (288 KB/s) - ‘./domain/arpa.zone.gz.md5’ saved [33]

Remote file is newer than local file ‘./domain/arpa.zone.gz.sig’ -- retrieving.

--2017-03-08 00:00:16--  ftp://ftp.internic.net/domain/arpa.zone.gz.sig
           => ‘./domain/arpa.zone.gz.sig’
==> CWD not required.
--> PASV

227 Entering Passive Mode (192,0,32,9,41,18)
--> RETR arpa.zone.gz.sig

150 Opening BINARY mode data connection for arpa.zone.gz.sig (72 bytes).
Length: 72

     0K                                                       100%  628K=0s

226 Transfer complete.
2017-03-08 00:00:17 (628 KB/s) - ‘./domain/arpa.zone.gz.sig’ saved [72]

Remote file no newer than local file ‘./domain/db.cache’ -- not retrieving.
Remote file no newer than local file ‘./domain/db.cache.md5’ -- not retrieving.
Remote file no newer than local file ‘./domain/db.cache.sig’ -- not retrieving.
The sizes do not match (local 228019) -- retrieving.

--2017-03-08 00:00:17--  ftp://ftp.internic.net/domain/in-addr.arpa
           => ‘./domain/in-addr.arpa’
==> CWD not required.
--> PASV

227 Entering Passive Mode (192,0,32,9,41,183)
--> RETR in-addr.arpa

150 Opening BINARY mode data connection for in-addr.arpa (228015 bytes).
Length: 228015 (223K)

     0K .......... .......... .......... .......... .......... 22% 33.8K 5s
    50K .......... .......... .......... .......... .......... 44%  213K 2s
   100K .......... .......... .......... .......... .......... 67%  190K 1s
   150K .......... .......... .......... .......... .......... 89%  224K 0s
   200K .......... .......... ..                              100%  110K=2.4s

226 Transfer complete.
2017-03-08 00:00:20 (92.5 KB/s) - ‘./domain/in-addr.arpa’ saved [228015]

The sizes do not match (local 90412) -- retrieving.

--2017-03-08 00:00:20--  ftp://ftp.internic.net/domain/in-addr.arpa.gz
           => ‘./domain/in-addr.arpa.gz’
==> CWD not required.
--> PASV

227 Entering Passive Mode (192,0,32,9,42,68)
--> RETR in-addr.arpa.gz

150 Opening BINARY mode data connection for in-addr.arpa.gz (90459 bytes).
Length: 90459 (88K)

     0K .......... .......... .......... .......... .......... 56%  114K 0s
    50K .......... .......... .......... ........             100%  176K=0.7s

226 Transfer complete.
2017-03-08 00:00:21 (134 KB/s) - ‘./domain/in-addr.arpa.gz’ saved [90459]

Remote file is newer than local file ‘./domain/in-addr.arpa.gz.md5’ -- retrieving.

--2017-03-08 00:00:21--  ftp://ftp.internic.net/domain/in-addr.arpa.gz.md5
           => ‘./domain/in-addr.arpa.gz.md5’
==> CWD not required.
--> PASV

227 Entering Passive Mode (192,0,32,9,211,29)
--> RETR in-addr.arpa.gz.md5

150 Opening BINARY mode data connection for in-addr.arpa.gz.md5 (55 bytes).
Length: 55

     0K                                                       100%  484K=0s

226 Transfer complete.
2017-03-08 00:00:22 (484 KB/s) - ‘./domain/in-addr.arpa.gz.md5’ saved [55]

Remote file is newer than local file ‘./domain/in-addr.arpa.gz.sha256’ -- retrieving.

--2017-03-08 00:00:22--  ftp://ftp.internic.net/domain/in-addr.arpa.gz.sha256
           => ‘./domain/in-addr.arpa.gz.sha256’
==> CWD not required.
--> PASV

227 Entering Passive Mode (192,0,32,9,42,30)
--> RETR in-addr.arpa.gz.sha256

150 Opening BINARY mode data connection for in-addr.arpa.gz.sha256 (90 bytes).
Length: 90

     0K                                                       100%  582K=0s

226 Transfer complete.
2017-03-08 00:00:23 (582 KB/s) - ‘./domain/in-addr.arpa.gz.sha256’ saved [90]

Remote file is newer than local file ‘./domain/in-addr.arpa.md5’ -- retrieving.

--2017-03-08 00:00:23--  ftp://ftp.internic.net/domain/in-addr.arpa.md5
           => ‘./domain/in-addr.arpa.md5’
==> CWD not required.
--> PASV

227 Entering Passive Mode (192,0,32,9,218,43)
--> RETR in-addr.arpa.md5

150 Opening BINARY mode data connection for in-addr.arpa.md5 (52 bytes).
Length: 52

     0K                                                       100%  290K=0s

226 Transfer complete.
2017-03-08 00:00:25 (290 KB/s) - ‘./domain/in-addr.arpa.md5’ saved [52]

Remote file is newer than local file ‘./domain/in-addr.arpa.sha256’ -- retrieving.

--2017-03-08 00:00:25--  ftp://ftp.internic.net/domain/in-addr.arpa.sha256
           => ‘./domain/in-addr.arpa.sha256’
==> CWD not required.
--> PASV

227 Entering Passive Mode (192,0,32,9,89,125)
--> RETR in-addr.arpa.sha256

150 Opening BINARY mode data connection for in-addr.arpa.sha256 (87 bytes).
Length: 87

     0K                                                       100%  538K=0s

226 Transfer complete.
2017-03-08 00:00:26 (538 KB/s) - ‘./domain/in-addr.arpa.sha256’ saved [87]

The sizes do not match (local 228019) -- retrieving.

--2017-03-08 00:00:26--  ftp://ftp.internic.net/domain/in-addr.arpa.zone
           => ‘./domain/in-addr.arpa.zone’
==> CWD not required.
--> PASV

227 Entering Passive Mode (192,0,32,9,180,26)
--> RETR in-addr.arpa.zone

150 Opening BINARY mode data connection for in-addr.arpa.zone (228015 bytes).
Length: 228015 (223K)

     0K .......... .......... .......... .......... .......... 22%  112K 2s
    50K .......... .......... .......... .......... .......... 44%  222K 1s
   100K .......... .......... .......... .......... .......... 67%  222K 0s
   150K .......... .......... .......... .......... .......... 89%  224K 0s
   200K .......... .......... ..                              100% 8.15M=1.1s

226 Transfer complete.
2017-03-08 00:00:28 (198 KB/s) - ‘./domain/in-addr.arpa.zone’ saved [228015]

The sizes do not match (local 90412) -- retrieving.

--2017-03-08 00:00:28--  ftp://ftp.internic.net/domain/in-addr.arpa.zone.gz
           => ‘./domain/in-addr.arpa.zone.gz’
==> CWD not required.
--> PASV

227 Entering Passive Mode (192,0,32,9,109,121)
--> RETR in-addr.arpa.zone.gz

150 Opening BINARY mode data connection for in-addr.arpa.zone.gz (90459 bytes).
Length: 90459 (88K)

     0K .......... .......... .......... .......... .......... 56% 74.8K 1s
    50K .......... .......... .......... ........             100% 36.1M=0.7s

226 Transfer complete.
2017-03-08 00:00:29 (132 KB/s) - ‘./domain/in-addr.arpa.zone.gz’ saved [90459]

Remote file is newer than local file ‘./domain/in-addr.arpa.zone.gz.md5’ -- retrieving.

--2017-03-08 00:00:29--  ftp://ftp.internic.net/domain/in-addr.arpa.zone.gz.md5
           => ‘./domain/in-addr.arpa.zone.gz.md5’
==> CWD not required.
--> PASV

227 Entering Passive Mode (192,0,32,9,212,197)
--> RETR in-addr.arpa.zone.gz.md5

150 Opening BINARY mode data connection for in-addr.arpa.zone.gz.md5 (60 bytes).
Length: 60

     0K                                                       100%  294K=0s

226 Transfer complete.
2017-03-08 00:00:32 (294 KB/s) - ‘./domain/in-addr.arpa.zone.gz.md5’ saved [60]

Remote file is newer than local file ‘./domain/in-addr.arpa.zone.gz.sha256’ -- retrieving.

--2017-03-08 00:00:32--  ftp://ftp.internic.net/domain/in-addr.arpa.zone.gz.sha256
           => ‘./domain/in-addr.arpa.zone.gz.sha256’
==> CWD not required.
--> PASV

227 Entering Passive Mode (192,0,32,9,41,8)
--> RETR in-addr.arpa.zone.gz.sha256

150 Opening BINARY mode data connection for in-addr.arpa.zone.gz.sha256 (95 bytes).
Length: 95

     0K                                                       100%  836K=0s

226 Transfer complete.
2017-03-08 00:00:33 (836 KB/s) - ‘./domain/in-addr.arpa.zone.gz.sha256’ saved [95]

Remote file is newer than local file ‘./domain/in-addr.arpa.zone.md5’ -- retrieving.

--2017-03-08 00:00:33--  ftp://ftp.internic.net/domain/in-addr.arpa.zone.md5
           => ‘./domain/in-addr.arpa.zone.md5’
==> CWD not required.
--> PASV

227 Entering Passive Mode (192,0,32,9,141,246)
--> RETR in-addr.arpa.zone.md5

150 Opening BINARY mode data connection for in-addr.arpa.zone.md5 (57 bytes).
Length: 57

     0K                                                       100%  501K=0s

226 Transfer complete.
2017-03-08 00:00:34 (501 KB/s) - ‘./domain/in-addr.arpa.zone.md5’ saved [57]

Remote file is newer than local file ‘./domain/in-addr.arpa.zone.sha256’ -- retrieving.

--2017-03-08 00:00:34--  ftp://ftp.internic.net/domain/in-addr.arpa.zone.sha256
           => ‘./domain/in-addr.arpa.zone.sha256’
==> CWD not required.
--> PASV

227 Entering Passive Mode (192,0,32,9,226,201)
--> RETR in-addr.arpa.zone.sha256

150 Opening BINARY mode data connection for in-addr.arpa.zone.sha256 (92 bytes).
Length: 92

     0K                                                       100%  802K=0s

226 Transfer complete.
2017-03-08 00:00:34 (802 KB/s) - ‘./domain/in-addr.arpa.zone.sha256’ saved [92]

Remote file is newer than local file ‘./domain/ip6.arpa’ -- retrieving.

--2017-03-08 00:00:34--  ftp://ftp.internic.net/domain/ip6.arpa
           => ‘./domain/ip6.arpa’
==> CWD not required.
--> PASV

227 Entering Passive Mode (192,0,32,9,24,163)
--> RETR ip6.arpa

150 Opening BINARY mode data connection for ip6.arpa (60746 bytes).
Length: 60746 (59K)

     0K .......... .......... .......... .......... .......... 84% 74.4K 0s
    50K .........                                             100% 20.4M=0.7s

226 Transfer complete.
2017-03-08 00:00:36 (88.3 KB/s) - ‘./domain/ip6.arpa’ saved [60746]

The sizes do not match (local 24331) -- retrieving.

--2017-03-08 00:00:36--  ftp://ftp.internic.net/domain/ip6.arpa.gz
           => ‘./domain/ip6.arpa.gz’
==> CWD not required.
--> PASV

227 Entering Passive Mode (192,0,32,9,172,136)
--> RETR ip6.arpa.gz

150 Opening BINARY mode data connection for ip6.arpa.gz (24318 bytes).
Length: 24318 (24K)

     0K .......... .......... ...                             100% 53.0K=0.4s

226 Transfer complete.
2017-03-08 00:00:37 (53.0 KB/s) - ‘./domain/ip6.arpa.gz’ saved [24318]

Remote file is newer than local file ‘./domain/ip6.arpa.gz.md5’ -- retrieving.

--2017-03-08 00:00:37--  ftp://ftp.internic.net/domain/ip6.arpa.gz.md5
           => ‘./domain/ip6.arpa.gz.md5’
==> CWD not required.
--> PASV

227 Entering Passive Mode (192,0,32,9,102,29)
--> RETR ip6.arpa.gz.md5

150 Opening BINARY mode data connection for ip6.arpa.gz.md5 (51 bytes).
Length: 51

     0K                                                       100%  441K=0s

226 Transfer complete.
2017-03-08 00:00:38 (441 KB/s) - ‘./domain/ip6.arpa.gz.md5’ saved [51]

Remote file is newer than local file ‘./domain/ip6.arpa.gz.sha256’ -- retrieving.

--2017-03-08 00:00:38--  ftp://ftp.internic.net/domain/ip6.arpa.gz.sha256
           => ‘./domain/ip6.arpa.gz.sha256’
==> CWD not required.
--> PASV

227 Entering Passive Mode (192,0,32,9,42,81)
--> RETR ip6.arpa.gz.sha256

150 Opening BINARY mode data connection for ip6.arpa.gz.sha256 (86 bytes).
Length: 86

     0K                                                       100%  553K=0s

226 Transfer complete.
2017-03-08 00:00:39 (553 KB/s) - ‘./domain/ip6.arpa.gz.sha256’ saved [86]

Remote file is newer than local file ‘./domain/ip6.arpa.md5’ -- retrieving.

--2017-03-08 00:00:39--  ftp://ftp.internic.net/domain/ip6.arpa.md5
           => ‘./domain/ip6.arpa.md5’
==> CWD not required.
--> PASV

227 Entering Passive Mode (192,0,32,9,17,111)
--> RETR ip6.arpa.md5

150 Opening BINARY mode data connection for ip6.arpa.md5 (48 bytes).
Length: 48

     0K                                                       100%  422K=0s

226 Transfer complete.
2017-03-08 00:00:40 (422 KB/s) - ‘./domain/ip6.arpa.md5’ saved [48]

Remote file is newer than local file ‘./domain/ip6.arpa.sha256’ -- retrieving.

--2017-03-08 00:00:40--  ftp://ftp.internic.net/domain/ip6.arpa.sha256
           => ‘./domain/ip6.arpa.sha256’
==> CWD not required.
--> PASV

227 Entering Passive Mode (192,0,32,9,178,153)
--> RETR ip6.arpa.sha256

150 Opening BINARY mode data connection for ip6.arpa.sha256 (83 bytes).
Length: 83

     0K                                                       100%  520K=0s

226 Transfer complete.
2017-03-08 00:00:41 (520 KB/s) - ‘./domain/ip6.arpa.sha256’ saved [83]

Remote file is newer than local file ‘./domain/ip6.arpa.zone’ -- retrieving.

--2017-03-08 00:00:41--  ftp://ftp.internic.net/domain/ip6.arpa.zone
           => ‘./domain/ip6.arpa.zone’
==> CWD not required.
--> PASV

227 Entering Passive Mode (192,0,32,9,12,242)
--> RETR ip6.arpa.zone

150 Opening BINARY mode data connection for ip6.arpa.zone (60746 bytes).
Length: 60746 (59K)

     0K .......... .......... .......... .......... .......... 84% 75.9K 0s
    50K .........                                             100% 41.2M=0.7s

226 Transfer complete.
2017-03-08 00:00:43 (90.0 KB/s) - ‘./domain/ip6.arpa.zone’ saved [60746]

The sizes do not match (local 24331) -- retrieving.

--2017-03-08 00:00:43--  ftp://ftp.internic.net/domain/ip6.arpa.zone.gz
           => ‘./domain/ip6.arpa.zone.gz’
==> CWD not required.
--> PASV

227 Entering Passive Mode (192,0,32,9,90,222)
--> RETR ip6.arpa.zone.gz

150 Opening BINARY mode data connection for ip6.arpa.zone.gz (24321 bytes).
Length: 24318 (24K)

     0K .......... .......... ...                             100%  106K=0.2s

226 Transfer complete.
2017-03-08 00:00:44 (106 KB/s) - ‘./domain/ip6.arpa.zone.gz’ saved [24321]

Remote file is newer than local file ‘./domain/ip6.arpa.zone.gz.md5’ -- retrieving.

--2017-03-08 00:00:44--  ftp://ftp.internic.net/domain/ip6.arpa.zone.gz.md5
           => ‘./domain/ip6.arpa.zone.gz.md5’
==> CWD not required.
--> PASV

227 Entering Passive Mode (192,0,32,9,240,219)
--> RETR ip6.arpa.zone.gz.md5

150 Opening BINARY mode data connection for ip6.arpa.zone.gz.md5 (56 bytes).
Length: 56

     0K                                                       100%  285K=0s

226 Transfer complete.
2017-03-08 00:00:45 (285 KB/s) - ‘./domain/ip6.arpa.zone.gz.md5’ saved [56]

Remote file is newer than local file ‘./domain/ip6.arpa.zone.gz.sha256’ -- retrieving.

--2017-03-08 00:00:45--  ftp://ftp.internic.net/domain/ip6.arpa.zone.gz.sha256
           => ‘./domain/ip6.arpa.zone.gz.sha256’
==> CWD not required.
--> PASV

227 Entering Passive Mode (192,0,32,9,118,226)
--> RETR ip6.arpa.zone.gz.sha256

150 Opening BINARY mode data connection for ip6.arpa.zone.gz.sha256 (91 bytes).
Length: 91

     0K                                                       100%  801K=0s

226 Transfer complete.
2017-03-08 00:00:46 (801 KB/s) - ‘./domain/ip6.arpa.zone.gz.sha256’ saved [91]

Remote file is newer than local file ‘./domain/ip6.arpa.zone.md5’ -- retrieving.

--2017-03-08 00:00:46--  ftp://ftp.internic.net/domain/ip6.arpa.zone.md5
           => ‘./domain/ip6.arpa.zone.md5’
==> CWD not required.
--> PASV

227 Entering Passive Mode (192,0,32,9,66,57)
--> RETR ip6.arpa.zone.md5

150 Opening BINARY mode data connection for ip6.arpa.zone.md5 (53 bytes).
Length: 53

     0K                                                       100%  454K=0s

226 Transfer complete.
2017-03-08 00:00:46 (454 KB/s) - ‘./domain/ip6.arpa.zone.md5’ saved [53]

Remote file is newer than local file ‘./domain/ip6.arpa.zone.sha256’ -- retrieving.

--2017-03-08 00:00:46--  ftp://ftp.internic.net/domain/ip6.arpa.zone.sha256
           => ‘./domain/ip6.arpa.zone.sha256’
==> CWD not required.
--> PASV

227 Entering Passive Mode (192,0,32,9,174,186)
--> RETR ip6.arpa.zone.sha256

150 Opening BINARY mode data connection for ip6.arpa.zone.sha256 (88 bytes).
Length: 88

     0K                                                       100%  421K=0s

226 Transfer complete.
2017-03-08 00:00:47 (421 KB/s) - ‘./domain/ip6.arpa.zone.sha256’ saved [88]

Remote file is newer than local file ‘./domain/last_update.txt’ -- retrieving.

--2017-03-08 00:00:47--  ftp://ftp.internic.net/domain/last_update.txt
           => ‘./domain/last_update.txt’
==> CWD not required.
--> PASV

227 Entering Passive Mode (192,0,32,9,236,77)
--> RETR last_update.txt

150 Opening BINARY mode data connection for last_update.txt (21 bytes).
Length: 21

     0K                                                       100%  183K=0s

226 Transfer complete.
2017-03-08 00:00:48 (183 KB/s) - ‘./domain/last_update.txt’ saved [21]

Remote file no newer than local file ‘./domain/named.cache’ -- not retrieving.
Remote file no newer than local file ‘./domain/named.cache.md5’ -- not retrieving.
Remote file no newer than local file ‘./domain/named.cache.sig’ -- not retrieving.
Remote file no newer than local file ‘./domain/named.root’ -- not retrieving.
Remote file no newer than local file ‘./domain/named.root.md5’ -- not retrieving.
Remote file no newer than local file ‘./domain/named.root.sig’ -- not retrieving.
Remote file no newer than local file ‘./domain/root-servers.net.zone’ -- not retrieving.
Remote file no newer than local file ‘./domain/root-servers.net.zone.gz’ -- not retrieving.
Remote file no newer than local file ‘./domain/root-servers.net.zone.gz.md5’ -- not retrieving.
Remote file no newer than local file ‘./domain/root-servers.net.zone.gz.sig’ -- not retrieving.
Remote file is newer than local file ‘./domain/root.zone’ -- retrieving.

--2017-03-08 00:00:48--  ftp://ftp.internic.net/domain/root.zone
           => ‘./domain/root.zone’
==> CWD not required.
--> PASV

227 Entering Passive Mode (192,0,32,9,41,136)
--> RETR root.zone

150 Opening BINARY mode data connection for root.zone (2232482 bytes).
Length: 2232482 (2.1M)

     0K .......... .......... .......... .......... ..........  2%  113K 19s
    50K .......... .......... .......... .......... ..........  4%  227K 14s
   100K .......... .......... .......... .......... ..........  6%  226K 12s
   150K .......... .......... .......... .......... ..........  9%  227K 11s
   200K .......... .......... .......... .......... .......... 11%  113K 12s
   250K .......... .......... .......... .......... .......... 13%  232K 11s
   300K .......... .......... .......... .......... .......... 16% 75.4K 13s
   350K .......... .......... .......... .......... .......... 18%  227K 12s
   400K .......... .......... .......... .......... .......... 20% 33.7M 10s
   450K .......... .......... .......... .......... .......... 22%  114K 10s
   500K .......... .......... .......... .......... .......... 25%  114K 10s
   550K .......... .......... .......... .......... .......... 27%  225K 10s
   600K .......... .......... .......... .......... .......... 29%  113K 10s
   650K .......... .......... .......... .......... .......... 32%  199K 9s
   700K .......... .......... .......... .......... .......... 34%  113K 9s
   750K .......... .......... .......... .......... .......... 36%  216K 9s
   800K .......... .......... .......... .......... .......... 38% 76.9K 9s
   850K .......... .......... .......... .......... .......... 41%  109K 9s
   900K .......... .......... .......... .......... .......... 43% 75.7K 9s
   950K .......... .......... .......... .......... .......... 45% 75.3K 9s
  1000K .......... .......... .......... .......... .......... 48% 40.7K 9s
  1050K .......... .......... .......... .......... .......... 50% 41.6K 10s
  1100K .......... .......... .......... .......... .......... 52% 50.1K 10s
  1150K .......... .......... .......... .......... .......... 55% 45.4K 10s
  1200K .......... .......... .......... .......... .......... 57% 64.8K 10s
  1250K .......... .......... .......... .......... .......... 59% 55.9K 9s
  1300K .......... .......... .......... .......... .......... 61% 75.6K 9s
  1350K .......... .......... .......... .......... .......... 64% 75.9K 8s
  1400K .......... .......... .......... .......... .......... 66% 98.8K 8s
  1450K .......... .......... .......... .......... .......... 68% 90.4K 7s
  1500K .......... .......... .......... .......... .......... 71%  104K 7s
  1550K .......... .......... .......... .......... .......... 73%  108K 6s
  1600K .......... .......... .......... .......... .......... 75%  103K 6s
  1650K .......... .......... .......... .......... .......... 77% 80.5K 5s
  1700K .......... .......... .......... .......... .......... 80%  111K 5s
  1750K .......... .......... .......... .......... .......... 82% 75.7K 4s
  1800K .......... .......... .......... .......... .......... 84% 56.9K 4s
  1850K .......... .......... .......... .......... .......... 87% 44.3K 3s
  1900K .......... .......... .......... .......... .......... 89% 44.3K 3s
  1950K .......... .......... .......... .......... .......... 91% 32.1K 2s
  2000K .......... .......... .......... .......... .......... 94% 56.8K 2s
  2050K .......... .......... .......... .......... .......... 96% 53.1K 1s
  2100K .......... .......... .......... .......... .......... 98% 60.9K 0s
  2150K .......... .......... ..........                      100%  108K=27s

226 Transfer complete.
2017-03-08 00:01:16 (81.0 KB/s) - ‘./domain/root.zone’ saved [2232482]

The sizes do not match (local 1048609) -- retrieving.

--2017-03-08 00:01:16--  ftp://ftp.internic.net/domain/root.zone.gz
           => ‘./domain/root.zone.gz’
==> CWD not required.
--> PASV

227 Entering Passive Mode (192,0,32,9,69,155)
--> RETR root.zone.gz

150 Opening BINARY mode data connection for root.zone.gz (1048686 bytes).
Length: 1048686 (1.0M)

     0K .......... .......... .......... .......... ..........  4% 34.8K 28s
    50K .......... .......... .......... .......... ..........  9%  136K 17s
   100K .......... .......... .......... .......... .......... 14% 30.7K 20s
   150K .......... .......... .......... .......... .......... 19% 52.2K 18s
   200K .......... .......... .......... .......... .......... 24% 54.8K 16s
   250K .......... .......... .......... .......... .......... 29% 74.4K 14s
   300K .......... .......... .......... .......... .......... 34% 60.4K 13s
   350K .......... .......... .......... .......... .......... 39%  111K 11s
   400K .......... .......... .......... .......... .......... 43% 88.5K 10s
   450K .......... .......... .......... .......... .......... 48% 59.1K 9s
   500K .......... .......... .......... .......... .......... 53% 47.4K 8s
   550K .......... .......... .......... .......... .......... 58% 55.7K 8s
   600K .......... .......... .......... .......... .......... 63% 63.5K 7s
   650K .......... .......... .......... .......... .......... 68% 49.2K 6s
   700K .......... .......... .......... .......... .......... 73% 25.7K 5s
   750K .......... .......... .......... .......... .......... 78% 22.1K 5s
   800K .......... .......... .......... .......... .......... 82% 44.8K 4s
   850K .......... .......... .......... .......... .......... 87% 36.2K 3s
   900K .......... .......... .......... .......... .......... 92% 37.8K 2s
   950K .......... .......... .......... .......... .......... 97% 31.6K 1s
  1000K .......... .......... ....                            100% 11.1K=24s

226 Transfer complete.
2017-03-08 00:01:41 (42.3 KB/s) - ‘./domain/root.zone.gz’ saved [1048686]

Remote file is newer than local file ‘./domain/root.zone.gz.md5’ -- retrieving.

--2017-03-08 00:01:41--  ftp://ftp.internic.net/domain/root.zone.gz.md5
           => ‘./domain/root.zone.gz.md5’
==> CWD not required.
--> PASV

227 Entering Passive Mode (192,0,32,9,211,248)
--> RETR root.zone.gz.md5

150 Opening BINARY mode data connection for root.zone.gz.md5 (33 bytes).
Length: 33

     0K                                                       100%  288K=0s

226 Transfer complete.
2017-03-08 00:01:43 (288 KB/s) - ‘./domain/root.zone.gz.md5’ saved [33]

Remote file is newer than local file ‘./domain/root.zone.gz.sig’ -- retrieving.

--2017-03-08 00:01:43--  ftp://ftp.internic.net/domain/root.zone.gz.sig
           => ‘./domain/root.zone.gz.sig’
==> CWD not required.
--> PASV

227 Entering Passive Mode (192,0,32,9,241,143)
--> RETR root.zone.gz.sig

150 Opening BINARY mode data connection for root.zone.gz.sig (72 bytes).
Length: 72

     0K                                                       100%  622K=0s

226 Transfer complete.
2017-03-08 00:01:44 (622 KB/s) - ‘./domain/root.zone.gz.sig’ saved [72]

Remote file is newer than local file ‘./domain/root.zone.md5’ -- retrieving.

--2017-03-08 00:01:44--  ftp://ftp.internic.net/domain/root.zone.md5
           => ‘./domain/root.zone.md5’
==> CWD not required.
--> PASV

227 Entering Passive Mode (192,0,32,9,42,123)
--> RETR root.zone.md5

150 Opening BINARY mode data connection for root.zone.md5 (33 bytes).
Length: 33

     0K                                                       100%  215K=0s

226 Transfer complete.
2017-03-08 00:01:45 (215 KB/s) - ‘./domain/root.zone.md5’ saved [33]

Remote file is newer than local file ‘./domain/root.zone.sig’ -- retrieving.

--2017-03-08 00:01:45--  ftp://ftp.internic.net/domain/root.zone.sig
           => ‘./domain/root.zone.sig’
==> CWD not required.
--> PASV

227 Entering Passive Mode (192,0,32,9,41,45)
--> RETR root.zone.sig

150 Opening BINARY mode data connection for root.zone.sig (72 bytes).
Length: 72

     0K                                                       100%  335K=0s

226 Transfer complete.
2017-03-08 00:01:46 (335 KB/s) - ‘./domain/root.zone.sig’ saved [72]

FINISHED --2017-03-08 00:01:46--
Total wall clock time: 1m 43s
Downloaded: 40 files, 3.9M in 58s (69.4 KB/s)
