--2017-06-30 00:00:02--  ftp://ftp.internic.net/*
           => ‘./.listing’
Resolving ftp.internic.net (ftp.internic.net)... 192.0.32.9, 2620:0:2d0:200::9
Connecting to ftp.internic.net (ftp.internic.net)|192.0.32.9|:21... connected.
Logging in as anonymous ... 
220 Internic FTP Server
--> USER anonymous

331 Please specify the password.
--> PASS Turtle Power!

230 Login successful.
--> SYST

215 UNIX Type: L8
--> PWD

257 "/"
--> TYPE I

200 Switching to Binary mode.
==> CWD not needed.
--> PASV

227 Entering Passive Mode (192,0,32,9,41,54)
--> LIST -a

150 Here comes the directory listing.

     0K                                                         434K=0s

226 Directory send OK.
drwxr-xr-x    3 ftp      ftp          4096 Apr 04  2012 .
drwxr-xr-x    3 ftp      ftp          4096 Apr 04  2012 ..
drwxr-xr-x    2 ftp      ftp          4096 Sep 09  2015 domain
2017-06-30 00:00:05 (434 KB/s) - ‘./.listing’ saved [183]

--2017-06-30 00:00:05--  ftp://ftp.internic.net/domain/*
           => ‘./domain/.listing’
--> CWD /domain

250 Directory successfully changed.
--> PASV

227 Entering Passive Mode (192,0,32,9,42,88)
--> LIST -a

150 Here comes the directory listing.

     0K ...                                                    52.8M=0s

226 Directory send OK.
drwxr-xr-x    2 ftp      ftp          4096 Sep 09  2015 .
drwxr-xr-x    3 ftp      ftp          4096 Apr 04  2012 ..
-rw-r--r--    1 ftp      ftp          1829 Aug 18  2015 .listing
-rw-r--r--    1 ftp      ftp          1224 Jun 29 13:15 INTERNIC_ROOT_ZONE.signatures
-rw-r--r--    1 ftp      ftp          1469 Jun 29 13:15 INTERNIC_ROOT_ZONE.signatures.asc
-rw-r--r--    1 ftp      ftp         15438 Jun 29 13:15 arpa.zone
-rw-r--r--    1 ftp      ftp          6791 Jun 29 13:15 arpa.zone.gz
-rw-r--r--    1 ftp      ftp            33 Jun 29 13:15 arpa.zone.gz.md5
-rw-r--r--    1 ftp      ftp            72 Jun 29 13:15 arpa.zone.gz.sig
-rw-r--r--    1 ftp      ftp          3289 Jun 01 15:27 db.cache
-rw-r--r--    1 ftp      ftp            33 Jun 01 15:27 db.cache.md5
-rw-r--r--    1 ftp      ftp            72 Jun 01 15:27 db.cache.sig
-rw-r--r--    1 ftp      ftp        228753 Jun 29 15:40 in-addr.arpa
-rw-r--r--    1 ftp      ftp         90662 Jun 29 15:40 in-addr.arpa.gz
-rw-r--r--    1 ftp      ftp            55 Jun 29 15:40 in-addr.arpa.gz.md5
-rw-r--r--    1 ftp      ftp            90 Jun 29 15:40 in-addr.arpa.gz.sha256
-rw-r--r--    1 ftp      ftp            52 Jun 29 15:40 in-addr.arpa.md5
-rw-r--r--    1 ftp      ftp            87 Jun 29 15:40 in-addr.arpa.sha256
-rw-r--r--    1 ftp      ftp        228753 Jun 29 15:40 in-addr.arpa.zone
-rw-r--r--    1 ftp      ftp         90662 Jun 29 15:40 in-addr.arpa.zone.gz
-rw-r--r--    1 ftp      ftp            60 Jun 29 15:40 in-addr.arpa.zone.gz.md5
-rw-r--r--    1 ftp      ftp            95 Jun 29 15:40 in-addr.arpa.zone.gz.sha256
-rw-r--r--    1 ftp      ftp            57 Jun 29 15:40 in-addr.arpa.zone.md5
-rw-r--r--    1 ftp      ftp            92 Jun 29 15:40 in-addr.arpa.zone.sha256
-rw-r--r--    1 ftp      ftp         61264 Jun 29 15:40 ip6.arpa
-rw-r--r--    1 ftp      ftp         24320 Jun 29 15:40 ip6.arpa.gz
-rw-r--r--    1 ftp      ftp            51 Jun 29 15:40 ip6.arpa.gz.md5
-rw-r--r--    1 ftp      ftp            86 Jun 29 15:40 ip6.arpa.gz.sha256
-rw-r--r--    1 ftp      ftp            48 Jun 29 15:40 ip6.arpa.md5
-rw-r--r--    1 ftp      ftp            83 Jun 29 15:40 ip6.arpa.sha256
-rw-r--r--    1 ftp      ftp         61264 Jun 29 15:40 ip6.arpa.zone
-rw-r--r--    1 ftp      ftp         24320 Jun 29 15:40 ip6.arpa.zone.gz
-rw-r--r--    1 ftp      ftp            56 Jun 29 15:40 ip6.arpa.zone.gz.md5
-rw-r--r--    1 ftp      ftp            91 Jun 29 15:40 ip6.arpa.zone.gz.sha256
-rw-r--r--    1 ftp      ftp            53 Jun 29 15:40 ip6.arpa.zone.md5
-rw-r--r--    1 ftp      ftp            88 Jun 29 15:40 ip6.arpa.zone.sha256
-rw-r--r--    1 ftp      ftp            21 Jun 29 15:40 last_update.txt
-rw-r--r--    1 ftp      ftp          3289 Jun 01 15:27 named.cache
-rw-r--r--    1 ftp      ftp            33 Jun 01 15:27 named.cache.md5
-rw-r--r--    1 ftp      ftp            72 Jun 01 15:27 named.cache.sig
-rw-r--r--    1 ftp      ftp          3289 Jun 01 15:27 named.root
-rw-r--r--    1 ftp      ftp            33 Jun 01 15:27 named.root.md5
-rw-r--r--    1 ftp      ftp            72 Jun 01 15:27 named.root.sig
-rw-r--r--    1 ftp      ftp          2111 Jun 01 15:27 root-servers.net.zone
-rw-r--r--    1 ftp      ftp           575 Jun 01 15:27 root-servers.net.zone.gz
-rw-r--r--    1 ftp      ftp            33 Jun 01 15:27 root-servers.net.zone.gz.md5
-rw-r--r--    1 ftp      ftp            72 Jun 01 15:27 root-servers.net.zone.gz.sig
-rw-r--r--    1 ftp      ftp       2242833 Jun 29 05:10 root.zone
-rw-r--r--    1 ftp      ftp       1053136 Jun 29 05:10 root.zone.gz
-rw-r--r--    1 ftp      ftp            33 Jun 29 05:10 root.zone.gz.md5
-rw-r--r--    1 ftp      ftp            72 Jun 29 05:11 root.zone.gz.sig
-rw-r--r--    1 ftp      ftp            33 Jun 29 05:10 root.zone.md5
-rw-r--r--    1 ftp      ftp            72 Jun 29 05:11 root.zone.sig
2017-06-30 00:00:06 (52.8 MB/s) - ‘./domain/.listing’ saved [3930]

The sizes do not match (local 3930) -- retrieving.

--2017-06-30 00:00:06--  ftp://ftp.internic.net/domain/.listing
           => ‘./domain/.listing’
==> CWD not required.
--> PASV

227 Entering Passive Mode (192,0,32,9,112,2)
--> RETR .listing

150 Opening BINARY mode data connection for .listing (1829 bytes).
Length: 1829 (1.8K)

     0K .                                                     100% 23.3M=0s

226 Transfer complete.
2017-06-30 00:00:07 (23.3 MB/s) - ‘./domain/.listing’ saved [1829]

Remote file is newer than local file ‘./domain/INTERNIC_ROOT_ZONE.signatures’ -- retrieving.

--2017-06-30 00:00:07--  ftp://ftp.internic.net/domain/INTERNIC_ROOT_ZONE.signatures
           => ‘./domain/INTERNIC_ROOT_ZONE.signatures’
==> CWD not required.
--> PASV

227 Entering Passive Mode (192,0,32,9,193,228)
--> RETR INTERNIC_ROOT_ZONE.signatures

150 Opening BINARY mode data connection for INTERNIC_ROOT_ZONE.signatures (1224 bytes).
Length: 1224 (1.2K)

     0K .                                                     100% 17.7M=0s

226 Transfer complete.
2017-06-30 00:00:08 (17.7 MB/s) - ‘./domain/INTERNIC_ROOT_ZONE.signatures’ saved [1224]

Remote file is newer than local file ‘./domain/INTERNIC_ROOT_ZONE.signatures.asc’ -- retrieving.

--2017-06-30 00:00:08--  ftp://ftp.internic.net/domain/INTERNIC_ROOT_ZONE.signatures.asc
           => ‘./domain/INTERNIC_ROOT_ZONE.signatures.asc’
==> CWD not required.
--> PASV

227 Entering Passive Mode (192,0,32,9,204,169)
--> RETR INTERNIC_ROOT_ZONE.signatures.asc

150 Opening BINARY mode data connection for INTERNIC_ROOT_ZONE.signatures.asc (1469 bytes).
Length: 1469 (1.4K)

     0K .                                                     100%  586K=0.002s

226 Transfer complete.
2017-06-30 00:00:09 (586 KB/s) - ‘./domain/INTERNIC_ROOT_ZONE.signatures.asc’ saved [1469]

Remote file is newer than local file ‘./domain/arpa.zone’ -- retrieving.

--2017-06-30 00:00:09--  ftp://ftp.internic.net/domain/arpa.zone
           => ‘./domain/arpa.zone’
==> CWD not required.
--> PASV

227 Entering Passive Mode (192,0,32,9,113,36)
--> RETR arpa.zone

150 Opening BINARY mode data connection for arpa.zone (15438 bytes).
Length: 15438 (15K)

     0K .......... .....                                      100% 29.0M=0.001s

226 Transfer complete.
2017-06-30 00:00:10 (29.0 MB/s) - ‘./domain/arpa.zone’ saved [15438]

The sizes do not match (local 6789) -- retrieving.

--2017-06-30 00:00:10--  ftp://ftp.internic.net/domain/arpa.zone.gz
           => ‘./domain/arpa.zone.gz’
==> CWD not required.
--> PASV

227 Entering Passive Mode (192,0,32,9,30,91)
--> RETR arpa.zone.gz

150 Opening BINARY mode data connection for arpa.zone.gz (6791 bytes).
Length: 6791 (6.6K)

     0K ......                                                100%  147M=0s

226 Transfer complete.
2017-06-30 00:00:10 (147 MB/s) - ‘./domain/arpa.zone.gz’ saved [6791]

Remote file is newer than local file ‘./domain/arpa.zone.gz.md5’ -- retrieving.

--2017-06-30 00:00:10--  ftp://ftp.internic.net/domain/arpa.zone.gz.md5
           => ‘./domain/arpa.zone.gz.md5’
==> CWD not required.
--> PASV

227 Entering Passive Mode (192,0,32,9,111,71)
--> RETR arpa.zone.gz.md5

150 Opening BINARY mode data connection for arpa.zone.gz.md5 (33 bytes).
Length: 33

     0K                                                       100%  419K=0s

226 Transfer complete.
2017-06-30 00:00:11 (419 KB/s) - ‘./domain/arpa.zone.gz.md5’ saved [33]

Remote file is newer than local file ‘./domain/arpa.zone.gz.sig’ -- retrieving.

--2017-06-30 00:00:11--  ftp://ftp.internic.net/domain/arpa.zone.gz.sig
           => ‘./domain/arpa.zone.gz.sig’
==> CWD not required.
--> PASV

227 Entering Passive Mode (192,0,32,9,177,142)
--> RETR arpa.zone.gz.sig

150 Opening BINARY mode data connection for arpa.zone.gz.sig (72 bytes).
Length: 72

     0K                                                       100%  925K=0s

226 Transfer complete.
2017-06-30 00:00:12 (925 KB/s) - ‘./domain/arpa.zone.gz.sig’ saved [72]

Remote file no newer than local file ‘./domain/db.cache’ -- not retrieving.
Remote file no newer than local file ‘./domain/db.cache.md5’ -- not retrieving.
Remote file no newer than local file ‘./domain/db.cache.sig’ -- not retrieving.
Remote file is newer than local file ‘./domain/in-addr.arpa’ -- retrieving.

--2017-06-30 00:00:12--  ftp://ftp.internic.net/domain/in-addr.arpa
           => ‘./domain/in-addr.arpa’
==> CWD not required.
--> PASV

227 Entering Passive Mode (192,0,32,9,71,50)
--> RETR in-addr.arpa

150 Opening BINARY mode data connection for in-addr.arpa (228753 bytes).
Length: 228753 (223K)

     0K .......... .......... .......... .......... .......... 22%  122K 1s
    50K .......... .......... .......... .......... .......... 44%  243K 1s
   100K .......... .......... .......... .......... .......... 67% 6.79M 0s
   150K .......... .......... .......... .......... .......... 89%  247K 0s
   200K .......... .......... ...                             100% 26.8M=0.8s

226 Transfer complete.
2017-06-30 00:00:14 (270 KB/s) - ‘./domain/in-addr.arpa’ saved [228753]

The sizes do not match (local 90642) -- retrieving.

--2017-06-30 00:00:14--  ftp://ftp.internic.net/domain/in-addr.arpa.gz
           => ‘./domain/in-addr.arpa.gz’
==> CWD not required.
--> PASV

227 Entering Passive Mode (192,0,32,9,83,230)
--> RETR in-addr.arpa.gz

150 Opening BINARY mode data connection for in-addr.arpa.gz (90662 bytes).
Length: 90662 (89K)

     0K .......... .......... .......... .......... .......... 56%  111K 0s
    50K .......... .......... .......... ........             100% 5.62M=0.5s

226 Transfer complete.
2017-06-30 00:00:15 (194 KB/s) - ‘./domain/in-addr.arpa.gz’ saved [90662]

Remote file is newer than local file ‘./domain/in-addr.arpa.gz.md5’ -- retrieving.

--2017-06-30 00:00:15--  ftp://ftp.internic.net/domain/in-addr.arpa.gz.md5
           => ‘./domain/in-addr.arpa.gz.md5’
==> CWD not required.
--> PASV

227 Entering Passive Mode (192,0,32,9,157,216)
--> RETR in-addr.arpa.gz.md5

150 Opening BINARY mode data connection for in-addr.arpa.gz.md5 (55 bytes).
Length: 55

     0K                                                       100%  790K=0s

226 Transfer complete.
2017-06-30 00:00:16 (790 KB/s) - ‘./domain/in-addr.arpa.gz.md5’ saved [55]

Remote file is newer than local file ‘./domain/in-addr.arpa.gz.sha256’ -- retrieving.

--2017-06-30 00:00:16--  ftp://ftp.internic.net/domain/in-addr.arpa.gz.sha256
           => ‘./domain/in-addr.arpa.gz.sha256’
==> CWD not required.
--> PASV

227 Entering Passive Mode (192,0,32,9,163,172)
--> RETR in-addr.arpa.gz.sha256

150 Opening BINARY mode data connection for in-addr.arpa.gz.sha256 (90 bytes).
Length: 90

     0K                                                       100%  628K=0s

226 Transfer complete.
2017-06-30 00:00:16 (628 KB/s) - ‘./domain/in-addr.arpa.gz.sha256’ saved [90]

Remote file is newer than local file ‘./domain/in-addr.arpa.md5’ -- retrieving.

--2017-06-30 00:00:16--  ftp://ftp.internic.net/domain/in-addr.arpa.md5
           => ‘./domain/in-addr.arpa.md5’
==> CWD not required.
--> PASV

227 Entering Passive Mode (192,0,32,9,94,145)
--> RETR in-addr.arpa.md5

150 Opening BINARY mode data connection for in-addr.arpa.md5 (52 bytes).
Length: 52

     0K                                                       100%  996K=0s

226 Transfer complete.
2017-06-30 00:00:17 (996 KB/s) - ‘./domain/in-addr.arpa.md5’ saved [52]

Remote file is newer than local file ‘./domain/in-addr.arpa.sha256’ -- retrieving.

--2017-06-30 00:00:17--  ftp://ftp.internic.net/domain/in-addr.arpa.sha256
           => ‘./domain/in-addr.arpa.sha256’
==> CWD not required.
--> PASV

227 Entering Passive Mode (192,0,32,9,4,171)
--> RETR in-addr.arpa.sha256

150 Opening BINARY mode data connection for in-addr.arpa.sha256 (87 bytes).
Length: 87

     0K                                                       100% 1.51M=0s

226 Transfer complete.
2017-06-30 00:00:18 (1.51 MB/s) - ‘./domain/in-addr.arpa.sha256’ saved [87]

Remote file is newer than local file ‘./domain/in-addr.arpa.zone’ -- retrieving.

--2017-06-30 00:00:18--  ftp://ftp.internic.net/domain/in-addr.arpa.zone
           => ‘./domain/in-addr.arpa.zone’
==> CWD not required.
--> PASV

227 Entering Passive Mode (192,0,32,9,64,82)
--> RETR in-addr.arpa.zone

150 Opening BINARY mode data connection for in-addr.arpa.zone (228753 bytes).
Length: 228753 (223K)

     0K .......... .......... .......... .......... .......... 22%  120K 1s
    50K .......... .......... .......... .......... .......... 44%  255K 1s
   100K .......... .......... .......... .......... .......... 67% 3.42M 0s
   150K .......... .......... .......... .......... .......... 89%  244K 0s
   200K .......... .......... ...                             100% 4.93M=0.8s

226 Transfer complete.
2017-06-30 00:00:20 (267 KB/s) - ‘./domain/in-addr.arpa.zone’ saved [228753]

The sizes do not match (local 90642) -- retrieving.

--2017-06-30 00:00:20--  ftp://ftp.internic.net/domain/in-addr.arpa.zone.gz
           => ‘./domain/in-addr.arpa.zone.gz’
==> CWD not required.
--> PASV

227 Entering Passive Mode (192,0,32,9,41,251)
--> RETR in-addr.arpa.zone.gz

150 Opening BINARY mode data connection for in-addr.arpa.zone.gz (90662 bytes).
Length: 90662 (89K)

     0K .......... .......... .......... .......... .......... 56%  121K 0s
    50K .......... .......... .......... ........             100% 3.75M=0.4s

226 Transfer complete.
2017-06-30 00:00:21 (210 KB/s) - ‘./domain/in-addr.arpa.zone.gz’ saved [90662]

Remote file is newer than local file ‘./domain/in-addr.arpa.zone.gz.md5’ -- retrieving.

--2017-06-30 00:00:21--  ftp://ftp.internic.net/domain/in-addr.arpa.zone.gz.md5
           => ‘./domain/in-addr.arpa.zone.gz.md5’
==> CWD not required.
--> PASV

227 Entering Passive Mode (192,0,32,9,141,232)
--> RETR in-addr.arpa.zone.gz.md5

150 Opening BINARY mode data connection for in-addr.arpa.zone.gz.md5 (60 bytes).
Length: 60

     0K                                                       100%  803K=0s

226 Transfer complete.
2017-06-30 00:00:22 (803 KB/s) - ‘./domain/in-addr.arpa.zone.gz.md5’ saved [60]

Remote file is newer than local file ‘./domain/in-addr.arpa.zone.gz.sha256’ -- retrieving.

--2017-06-30 00:00:22--  ftp://ftp.internic.net/domain/in-addr.arpa.zone.gz.sha256
           => ‘./domain/in-addr.arpa.zone.gz.sha256’
==> CWD not required.
--> PASV

227 Entering Passive Mode (192,0,32,9,113,4)
--> RETR in-addr.arpa.zone.gz.sha256

150 Opening BINARY mode data connection for in-addr.arpa.zone.gz.sha256 (95 bytes).
Length: 95

     0K                                                       100% 2.06M=0s

226 Transfer complete.
2017-06-30 00:00:23 (2.06 MB/s) - ‘./domain/in-addr.arpa.zone.gz.sha256’ saved [95]

Remote file is newer than local file ‘./domain/in-addr.arpa.zone.md5’ -- retrieving.

--2017-06-30 00:00:23--  ftp://ftp.internic.net/domain/in-addr.arpa.zone.md5
           => ‘./domain/in-addr.arpa.zone.md5’
==> CWD not required.
--> PASV

227 Entering Passive Mode (192,0,32,9,41,12)
--> RETR in-addr.arpa.zone.md5

150 Opening BINARY mode data connection for in-addr.arpa.zone.md5 (57 bytes).
Length: 57

     0K                                                       100% 1.07M=0s

226 Transfer complete.
2017-06-30 00:00:24 (1.07 MB/s) - ‘./domain/in-addr.arpa.zone.md5’ saved [57]

Remote file is newer than local file ‘./domain/in-addr.arpa.zone.sha256’ -- retrieving.

--2017-06-30 00:00:24--  ftp://ftp.internic.net/domain/in-addr.arpa.zone.sha256
           => ‘./domain/in-addr.arpa.zone.sha256’
==> CWD not required.
--> PASV

227 Entering Passive Mode (192,0,32,9,41,134)
--> RETR in-addr.arpa.zone.sha256

150 Opening BINARY mode data connection for in-addr.arpa.zone.sha256 (92 bytes).
Length: 92

     0K                                                       100% 1.17M=0s

226 Transfer complete.
2017-06-30 00:00:24 (1.17 MB/s) - ‘./domain/in-addr.arpa.zone.sha256’ saved [92]

Remote file is newer than local file ‘./domain/ip6.arpa’ -- retrieving.

--2017-06-30 00:00:24--  ftp://ftp.internic.net/domain/ip6.arpa
           => ‘./domain/ip6.arpa’
==> CWD not required.
--> PASV

227 Entering Passive Mode (192,0,32,9,78,33)
--> RETR ip6.arpa

150 Opening BINARY mode data connection for ip6.arpa (61264 bytes).
Length: 61264 (60K)

     0K .......... .......... .......... .......... .......... 83%  123K 0s
    50K .........                                             100% 49.7M=0.4s

226 Transfer complete.
2017-06-30 00:00:26 (147 KB/s) - ‘./domain/ip6.arpa’ saved [61264]

The sizes do not match (local 24313) -- retrieving.

--2017-06-30 00:00:26--  ftp://ftp.internic.net/domain/ip6.arpa.gz
           => ‘./domain/ip6.arpa.gz’
==> CWD not required.
--> PASV

227 Entering Passive Mode (192,0,32,9,221,191)
--> RETR ip6.arpa.gz

150 Opening BINARY mode data connection for ip6.arpa.gz (24320 bytes).
Length: 24320 (24K)

     0K .......... .......... ...                             100%  134K=0.2s

226 Transfer complete.
2017-06-30 00:00:27 (134 KB/s) - ‘./domain/ip6.arpa.gz’ saved [24320]

Remote file is newer than local file ‘./domain/ip6.arpa.gz.md5’ -- retrieving.

--2017-06-30 00:00:27--  ftp://ftp.internic.net/domain/ip6.arpa.gz.md5
           => ‘./domain/ip6.arpa.gz.md5’
==> CWD not required.
--> PASV

227 Entering Passive Mode (192,0,32,9,147,150)
--> RETR ip6.arpa.gz.md5

150 Opening BINARY mode data connection for ip6.arpa.gz.md5 (51 bytes).
Length: 51

     0K                                                       100%  615K=0s

226 Transfer complete.
2017-06-30 00:00:27 (615 KB/s) - ‘./domain/ip6.arpa.gz.md5’ saved [51]

Remote file is newer than local file ‘./domain/ip6.arpa.gz.sha256’ -- retrieving.

--2017-06-30 00:00:27--  ftp://ftp.internic.net/domain/ip6.arpa.gz.sha256
           => ‘./domain/ip6.arpa.gz.sha256’
==> CWD not required.
--> PASV

227 Entering Passive Mode (192,0,32,9,41,188)
--> RETR ip6.arpa.gz.sha256

150 Opening BINARY mode data connection for ip6.arpa.gz.sha256 (86 bytes).
Length: 86

     0K                                                       100% 1.21M=0s

226 Transfer complete.
2017-06-30 00:00:28 (1.21 MB/s) - ‘./domain/ip6.arpa.gz.sha256’ saved [86]

Remote file is newer than local file ‘./domain/ip6.arpa.md5’ -- retrieving.

--2017-06-30 00:00:28--  ftp://ftp.internic.net/domain/ip6.arpa.md5
           => ‘./domain/ip6.arpa.md5’
==> CWD not required.
--> PASV

227 Entering Passive Mode (192,0,32,9,171,132)
--> RETR ip6.arpa.md5

150 Opening BINARY mode data connection for ip6.arpa.md5 (48 bytes).
Length: 48

     0K                                                       100%  586K=0s

226 Transfer complete.
2017-06-30 00:00:29 (586 KB/s) - ‘./domain/ip6.arpa.md5’ saved [48]

Remote file is newer than local file ‘./domain/ip6.arpa.sha256’ -- retrieving.

--2017-06-30 00:00:29--  ftp://ftp.internic.net/domain/ip6.arpa.sha256
           => ‘./domain/ip6.arpa.sha256’
==> CWD not required.
--> PASV

227 Entering Passive Mode (192,0,32,9,37,253)
--> RETR ip6.arpa.sha256

150 Opening BINARY mode data connection for ip6.arpa.sha256 (83 bytes).
Length: 83

     0K                                                       100% 1001K=0s

226 Transfer complete.
2017-06-30 00:00:30 (1001 KB/s) - ‘./domain/ip6.arpa.sha256’ saved [83]

Remote file is newer than local file ‘./domain/ip6.arpa.zone’ -- retrieving.

--2017-06-30 00:00:30--  ftp://ftp.internic.net/domain/ip6.arpa.zone
           => ‘./domain/ip6.arpa.zone’
==> CWD not required.
--> PASV

227 Entering Passive Mode (192,0,32,9,140,196)
--> RETR ip6.arpa.zone

150 Opening BINARY mode data connection for ip6.arpa.zone (61264 bytes).
Length: 61264 (60K)

     0K .......... .......... .......... .......... .......... 83%  132K 0s
    50K .........                                             100% 1.73M=0.4s

226 Transfer complete.
2017-06-30 00:00:31 (156 KB/s) - ‘./domain/ip6.arpa.zone’ saved [61264]

The sizes do not match (local 24313) -- retrieving.

--2017-06-30 00:00:31--  ftp://ftp.internic.net/domain/ip6.arpa.zone.gz
           => ‘./domain/ip6.arpa.zone.gz’
==> CWD not required.
--> PASV

227 Entering Passive Mode (192,0,32,9,48,53)
--> RETR ip6.arpa.zone.gz

150 Opening BINARY mode data connection for ip6.arpa.zone.gz (24320 bytes).
Length: 24320 (24K)

     0K .......... .......... ...                             100%  116K=0.2s

226 Transfer complete.
2017-06-30 00:00:32 (116 KB/s) - ‘./domain/ip6.arpa.zone.gz’ saved [24320]

Remote file is newer than local file ‘./domain/ip6.arpa.zone.gz.md5’ -- retrieving.

--2017-06-30 00:00:32--  ftp://ftp.internic.net/domain/ip6.arpa.zone.gz.md5
           => ‘./domain/ip6.arpa.zone.gz.md5’
==> CWD not required.
--> PASV

227 Entering Passive Mode (192,0,32,9,114,7)
--> RETR ip6.arpa.zone.gz.md5

150 Opening BINARY mode data connection for ip6.arpa.zone.gz.md5 (56 bytes).
Length: 56

     0K                                                       100%  749K=0s

226 Transfer complete.
2017-06-30 00:00:33 (749 KB/s) - ‘./domain/ip6.arpa.zone.gz.md5’ saved [56]

Remote file is newer than local file ‘./domain/ip6.arpa.zone.gz.sha256’ -- retrieving.

--2017-06-30 00:00:33--  ftp://ftp.internic.net/domain/ip6.arpa.zone.gz.sha256
           => ‘./domain/ip6.arpa.zone.gz.sha256’
==> CWD not required.
--> PASV

227 Entering Passive Mode (192,0,32,9,42,146)
--> RETR ip6.arpa.zone.gz.sha256

150 Opening BINARY mode data connection for ip6.arpa.zone.gz.sha256 (91 bytes).
Length: 91

     0K                                                       100% 1.89M=0s

226 Transfer complete.
2017-06-30 00:00:34 (1.89 MB/s) - ‘./domain/ip6.arpa.zone.gz.sha256’ saved [91]

Remote file is newer than local file ‘./domain/ip6.arpa.zone.md5’ -- retrieving.

--2017-06-30 00:00:34--  ftp://ftp.internic.net/domain/ip6.arpa.zone.md5
           => ‘./domain/ip6.arpa.zone.md5’
==> CWD not required.
--> PASV

227 Entering Passive Mode (192,0,32,9,50,237)
--> RETR ip6.arpa.zone.md5

150 Opening BINARY mode data connection for ip6.arpa.zone.md5 (53 bytes).
Length: 53

     0K                                                       100% 1.05M=0s

226 Transfer complete.
2017-06-30 00:00:35 (1.05 MB/s) - ‘./domain/ip6.arpa.zone.md5’ saved [53]

Remote file is newer than local file ‘./domain/ip6.arpa.zone.sha256’ -- retrieving.

--2017-06-30 00:00:35--  ftp://ftp.internic.net/domain/ip6.arpa.zone.sha256
           => ‘./domain/ip6.arpa.zone.sha256’
==> CWD not required.
--> PASV

227 Entering Passive Mode (192,0,32,9,143,167)
--> RETR ip6.arpa.zone.sha256

150 Opening BINARY mode data connection for ip6.arpa.zone.sha256 (88 bytes).
Length: 88

     0K                                                       100% 1.53M=0s

226 Transfer complete.
2017-06-30 00:00:36 (1.53 MB/s) - ‘./domain/ip6.arpa.zone.sha256’ saved [88]

Remote file is newer than local file ‘./domain/last_update.txt’ -- retrieving.

--2017-06-30 00:00:36--  ftp://ftp.internic.net/domain/last_update.txt
           => ‘./domain/last_update.txt’
==> CWD not required.
--> PASV

227 Entering Passive Mode (192,0,32,9,230,137)
--> RETR last_update.txt

150 Opening BINARY mode data connection for last_update.txt (21 bytes).
Length: 21

     0K                                                       100%  500K=0s

226 Transfer complete.
2017-06-30 00:00:36 (500 KB/s) - ‘./domain/last_update.txt’ saved [21]

Remote file no newer than local file ‘./domain/named.cache’ -- not retrieving.
Remote file no newer than local file ‘./domain/named.cache.md5’ -- not retrieving.
Remote file no newer than local file ‘./domain/named.cache.sig’ -- not retrieving.
Remote file no newer than local file ‘./domain/named.root’ -- not retrieving.
Remote file no newer than local file ‘./domain/named.root.md5’ -- not retrieving.
Remote file no newer than local file ‘./domain/named.root.sig’ -- not retrieving.
Remote file no newer than local file ‘./domain/root-servers.net.zone’ -- not retrieving.
Remote file no newer than local file ‘./domain/root-servers.net.zone.gz’ -- not retrieving.
Remote file no newer than local file ‘./domain/root-servers.net.zone.gz.md5’ -- not retrieving.
Remote file no newer than local file ‘./domain/root-servers.net.zone.gz.sig’ -- not retrieving.
The sizes do not match (local 2241202) -- retrieving.

--2017-06-30 00:00:36--  ftp://ftp.internic.net/domain/root.zone
           => ‘./domain/root.zone’
==> CWD not required.
--> PASV

227 Entering Passive Mode (192,0,32,9,206,252)
--> RETR root.zone

150 Opening BINARY mode data connection for root.zone (2242833 bytes).
Length: 2242833 (2.1M)

     0K .......... .......... .......... .......... ..........  2%  121K 18s
    50K .......... .......... .......... .......... ..........  4%  249K 13s
   100K .......... .......... .......... .......... ..........  6% 2.94M 9s
   150K .......... .......... .......... .......... ..........  9%  257K 8s
   200K .......... .......... .......... .......... .......... 11%  191K 8s
   250K .......... .......... .......... .......... .......... 13% 48.6M 7s
   300K .......... .......... .......... .......... .......... 15%  334K 7s
   350K .......... .......... .......... .......... .......... 18%  251K 6s
   400K .......... .......... .......... .......... .......... 20% 5.68M 6s
   450K .......... .......... .......... .......... .......... 22%  304K 5s
   500K .......... .......... .......... .......... .......... 25% 1.22M 5s
   550K .......... .......... .......... .......... .......... 27%  393K 5s
   600K .......... .......... .......... .......... .......... 29% 1.22M 4s
   650K .......... .......... .......... .......... .......... 31%  375K 4s
   700K .......... .......... .......... .......... .......... 34% 1.55M 4s
   750K .......... .......... .......... .......... .......... 36% 1.22M 4s
   800K .......... .......... .......... .......... .......... 38%  384K 3s
   850K .......... .......... .......... .......... .......... 41% 1.40M 3s
   900K .......... .......... .......... .......... .......... 43%  403K 3s
   950K .......... .......... .......... .......... .......... 45% 1.09M 3s
  1000K .......... .......... .......... .......... .......... 47%  451K 3s
  1050K .......... .......... .......... .......... .......... 50% 1.43M 2s
  1100K .......... .......... .......... .......... .......... 52% 1.07M 2s
  1150K .......... .......... .......... .......... .......... 54%  460K 2s
  1200K .......... .......... .......... .......... .......... 57% 1.41M 2s
  1250K .......... .......... .......... .......... .......... 59%  459K 2s
  1300K .......... .......... .......... .......... .......... 61% 1.22M 2s
  1350K .......... .......... .......... .......... .......... 63% 1.32M 2s
  1400K .......... .......... .......... .......... .......... 66%  491K 2s
  1450K .......... .......... .......... .......... .......... 68% 1.28M 1s
  1500K .......... .......... .......... .......... .......... 70% 1.23M 1s
  1550K .......... .......... .......... .......... .......... 73%  524K 1s
  1600K .......... .......... .......... .......... .......... 75% 1.30M 1s
  1650K .......... .......... .......... .......... .......... 77% 1.16M 1s
  1700K .......... .......... .......... .......... .......... 79%  588K 1s
  1750K .......... .......... .......... .......... .......... 82%  944K 1s
  1800K .......... .......... .......... .......... .......... 84% 1.59M 1s
  1850K .......... .......... .......... .......... .......... 86%  573K 1s
  1900K .......... .......... .......... .......... .......... 89% 1.35M 0s
  1950K .......... .......... .......... .......... .......... 91% 1.13M 0s
  2000K .......... .......... .......... .......... .......... 93% 1.19M 0s
  2050K .......... .......... .......... .......... .......... 95%  745K 0s
  2100K .......... .......... .......... .......... .......... 98% 1.17M 0s
  2150K .......... .......... .......... ..........           100%  785K=3.8s

226 Transfer complete.
2017-06-30 00:00:41 (581 KB/s) - ‘./domain/root.zone’ saved [2242833]

The sizes do not match (local 1052088) -- retrieving.

--2017-06-30 00:00:41--  ftp://ftp.internic.net/domain/root.zone.gz
           => ‘./domain/root.zone.gz’
==> CWD not required.
--> PASV

227 Entering Passive Mode (192,0,32,9,229,183)
--> RETR root.zone.gz

150 Opening BINARY mode data connection for root.zone.gz (1053136 bytes).
Length: 1053136 (1.0M)

     0K .......... .......... .......... .......... ..........  4%  131K 7s
    50K .......... .......... .......... .......... ..........  9%  309K 5s
   100K .......... .......... .......... .......... .......... 14% 1.11M 3s
   150K .......... .......... .......... .......... .......... 19%  316K 3s
   200K .......... .......... .......... .......... .......... 24%  304K 3s
   250K .......... .......... .......... .......... .......... 29%  322K 3s
   300K .......... .......... .......... .......... .......... 34%  323K 2s
   350K .......... .......... .......... .......... .......... 38% 1.09M 2s
   400K .......... .......... .......... .......... .......... 43%  333K 2s
   450K .......... .......... .......... .......... .......... 48%  337K 2s
   500K .......... .......... .......... .......... .......... 53% 1004K 1s
   550K .......... .......... .......... .......... .......... 58%  356K 1s
   600K .......... .......... .......... .......... .......... 63% 1.22M 1s
   650K .......... .......... .......... .......... .......... 68%  306K 1s
   700K .......... .......... .......... .......... .......... 72%  260K 1s
   750K .......... .......... .......... .......... .......... 77% 3.73M 1s
   800K .......... .......... .......... .......... .......... 82%  235K 0s
   850K .......... .......... .......... .......... .......... 87% 12.3M 0s
   900K .......... .......... .......... .......... .......... 92%  278K 0s
   950K .......... .......... .......... .......... .......... 97% 1.84M 0s
  1000K .......... .......... ........                        100% 1.20M=2.6s

226 Transfer complete.
2017-06-30 00:00:45 (394 KB/s) - ‘./domain/root.zone.gz’ saved [1053136]

Remote file is newer than local file ‘./domain/root.zone.gz.md5’ -- retrieving.

--2017-06-30 00:00:45--  ftp://ftp.internic.net/domain/root.zone.gz.md5
           => ‘./domain/root.zone.gz.md5’
==> CWD not required.
--> PASV

227 Entering Passive Mode (192,0,32,9,169,171)
--> RETR root.zone.gz.md5

150 Opening BINARY mode data connection for root.zone.gz.md5 (33 bytes).
Length: 33

     0K                                                       100%  474K=0s

226 Transfer complete.
2017-06-30 00:00:45 (474 KB/s) - ‘./domain/root.zone.gz.md5’ saved [33]

Remote file is newer than local file ‘./domain/root.zone.gz.sig’ -- retrieving.

--2017-06-30 00:00:45--  ftp://ftp.internic.net/domain/root.zone.gz.sig
           => ‘./domain/root.zone.gz.sig’
==> CWD not required.
--> PASV

227 Entering Passive Mode (192,0,32,9,178,247)
--> RETR root.zone.gz.sig

150 Opening BINARY mode data connection for root.zone.gz.sig (72 bytes).
Length: 72

     0K                                                       100%  963K=0s

226 Transfer complete.
2017-06-30 00:00:46 (963 KB/s) - ‘./domain/root.zone.gz.sig’ saved [72]

Remote file is newer than local file ‘./domain/root.zone.md5’ -- retrieving.

--2017-06-30 00:00:46--  ftp://ftp.internic.net/domain/root.zone.md5
           => ‘./domain/root.zone.md5’
==> CWD not required.
--> PASV

227 Entering Passive Mode (192,0,32,9,228,33)
--> RETR root.zone.md5

150 Opening BINARY mode data connection for root.zone.md5 (33 bytes).
Length: 33

     0K                                                       100%  384K=0s

226 Transfer complete.
2017-06-30 00:00:47 (384 KB/s) - ‘./domain/root.zone.md5’ saved [33]

Remote file is newer than local file ‘./domain/root.zone.sig’ -- retrieving.

--2017-06-30 00:00:47--  ftp://ftp.internic.net/domain/root.zone.sig
           => ‘./domain/root.zone.sig’
==> CWD not required.
--> PASV

227 Entering Passive Mode (192,0,32,9,42,216)
--> RETR root.zone.sig

150 Opening BINARY mode data connection for root.zone.sig (72 bytes).
Length: 72

     0K                                                       100%  901K=0s

226 Transfer complete.
2017-06-30 00:00:48 (901 KB/s) - ‘./domain/root.zone.sig’ saved [72]

FINISHED --2017-06-30 00:00:48--
Total wall clock time: 46s
Downloaded: 40 files, 3.9M in 10s (400 KB/s)
