--2017-08-07 00:00:02--  ftp://ftp.internic.net/*
           => ‘./.listing’
Resolving ftp.internic.net (ftp.internic.net)... 192.0.32.9, 2620:0:2d0:200::9
Connecting to ftp.internic.net (ftp.internic.net)|192.0.32.9|:21... connected.
Logging in as anonymous ... 
220 Internic FTP Server
--> USER anonymous

331 Please specify the password.
--> PASS Turtle Power!

230 Login successful.
--> SYST

215 UNIX Type: L8
--> PWD

257 "/"
--> TYPE I

200 Switching to Binary mode.
==> CWD not needed.
--> PASV

227 Entering Passive Mode (192,0,32,9,42,57)
--> LIST -a

150 Here comes the directory listing.

     0K                                                        1.49M=0s

226 Directory send OK.
drwxr-xr-x    3 ftp      ftp          4096 Apr 04  2012 .
drwxr-xr-x    3 ftp      ftp          4096 Apr 04  2012 ..
drwxr-xr-x    2 ftp      ftp          4096 Sep 09  2015 domain
2017-08-07 00:00:06 (1.49 MB/s) - ‘./.listing’ saved [183]

--2017-08-07 00:00:06--  ftp://ftp.internic.net/domain/*
           => ‘./domain/.listing’
--> CWD /domain

250 Directory successfully changed.
--> PASV

227 Entering Passive Mode (192,0,32,9,206,242)
--> LIST -a

150 Here comes the directory listing.

     0K ...                                                    39.0M=0s

226 Directory send OK.
drwxr-xr-x    2 ftp      ftp          4096 Sep 09  2015 .
drwxr-xr-x    3 ftp      ftp          4096 Apr 04  2012 ..
-rw-r--r--    1 ftp      ftp          1829 Aug 18  2015 .listing
-rw-r--r--    1 ftp      ftp          1224 Aug 06 12:50 INTERNIC_ROOT_ZONE.signatures
-rw-r--r--    1 ftp      ftp          1469 Aug 06 12:50 INTERNIC_ROOT_ZONE.signatures.asc
-rw-r--r--    1 ftp      ftp         15228 Aug 06 12:50 arpa.zone
-rw-r--r--    1 ftp      ftp          6647 Aug 06 12:50 arpa.zone.gz
-rw-r--r--    1 ftp      ftp            33 Aug 06 12:50 arpa.zone.gz.md5
-rw-r--r--    1 ftp      ftp            72 Aug 06 12:50 arpa.zone.gz.sig
-rw-r--r--    1 ftp      ftp          3314 Jul 26 14:54 db.cache
-rw-r--r--    1 ftp      ftp            33 Jul 26 14:54 db.cache.md5
-rw-r--r--    1 ftp      ftp            72 Jul 26 14:54 db.cache.sig
-rw-r--r--    1 ftp      ftp        228780 Aug 06 15:40 in-addr.arpa
-rw-r--r--    1 ftp      ftp         90942 Aug 06 15:40 in-addr.arpa.gz
-rw-r--r--    1 ftp      ftp            55 Aug 06 15:40 in-addr.arpa.gz.md5
-rw-r--r--    1 ftp      ftp            90 Aug 06 15:40 in-addr.arpa.gz.sha256
-rw-r--r--    1 ftp      ftp            52 Aug 06 15:40 in-addr.arpa.md5
-rw-r--r--    1 ftp      ftp            87 Aug 06 15:40 in-addr.arpa.sha256
-rw-r--r--    1 ftp      ftp        228780 Aug 06 15:40 in-addr.arpa.zone
-rw-r--r--    1 ftp      ftp         90942 Aug 06 15:40 in-addr.arpa.zone.gz
-rw-r--r--    1 ftp      ftp            60 Aug 06 15:40 in-addr.arpa.zone.gz.md5
-rw-r--r--    1 ftp      ftp            95 Aug 06 15:40 in-addr.arpa.zone.gz.sha256
-rw-r--r--    1 ftp      ftp            57 Aug 06 15:40 in-addr.arpa.zone.md5
-rw-r--r--    1 ftp      ftp            92 Aug 06 15:40 in-addr.arpa.zone.sha256
-rw-r--r--    1 ftp      ftp         61480 Aug 06 15:40 ip6.arpa
-rw-r--r--    1 ftp      ftp         24491 Aug 06 15:40 ip6.arpa.gz
-rw-r--r--    1 ftp      ftp            51 Aug 06 15:40 ip6.arpa.gz.md5
-rw-r--r--    1 ftp      ftp            86 Aug 06 15:40 ip6.arpa.gz.sha256
-rw-r--r--    1 ftp      ftp            48 Aug 06 15:40 ip6.arpa.md5
-rw-r--r--    1 ftp      ftp            83 Aug 06 15:40 ip6.arpa.sha256
-rw-r--r--    1 ftp      ftp         61480 Aug 06 15:40 ip6.arpa.zone
-rw-r--r--    1 ftp      ftp         24491 Aug 06 15:40 ip6.arpa.zone.gz
-rw-r--r--    1 ftp      ftp            56 Aug 06 15:40 ip6.arpa.zone.gz.md5
-rw-r--r--    1 ftp      ftp            91 Aug 06 15:40 ip6.arpa.zone.gz.sha256
-rw-r--r--    1 ftp      ftp            53 Aug 06 15:40 ip6.arpa.zone.md5
-rw-r--r--    1 ftp      ftp            88 Aug 06 15:40 ip6.arpa.zone.sha256
-rw-r--r--    1 ftp      ftp            21 Aug 06 15:40 last_update.txt
-rw-r--r--    1 ftp      ftp          3314 Jul 26 14:54 named.cache
-rw-r--r--    1 ftp      ftp            33 Jul 26 14:54 named.cache.md5
-rw-r--r--    1 ftp      ftp            72 Jul 26 14:54 named.cache.sig
-rw-r--r--    1 ftp      ftp          3314 Jul 26 14:54 named.root
-rw-r--r--    1 ftp      ftp            33 Jul 26 14:54 named.root.md5
-rw-r--r--    1 ftp      ftp            72 Jul 26 14:54 named.root.sig
-rw-r--r--    1 ftp      ftp          2111 Jul 26 14:53 root-servers.net.zone
-rw-r--r--    1 ftp      ftp           573 Jul 26 14:53 root-servers.net.zone.gz
-rw-r--r--    1 ftp      ftp            33 Jul 26 14:53 root-servers.net.zone.gz.md5
-rw-r--r--    1 ftp      ftp            72 Jul 26 14:53 root-servers.net.zone.gz.sig
-rw-r--r--    1 ftp      ftp       2263499 Aug 06 05:17 root.zone
-rw-r--r--    1 ftp      ftp       1063101 Aug 06 05:17 root.zone.gz
-rw-r--r--    1 ftp      ftp            33 Aug 06 05:17 root.zone.gz.md5
-rw-r--r--    1 ftp      ftp            72 Aug 06 05:17 root.zone.gz.sig
-rw-r--r--    1 ftp      ftp            33 Aug 06 05:17 root.zone.md5
-rw-r--r--    1 ftp      ftp            72 Aug 06 05:17 root.zone.sig
2017-08-07 00:00:08 (39.0 MB/s) - ‘./domain/.listing’ saved [3930]

The sizes do not match (local 3930) -- retrieving.

--2017-08-07 00:00:08--  ftp://ftp.internic.net/domain/.listing
           => ‘./domain/.listing’
==> CWD not required.
--> PASV

227 Entering Passive Mode (192,0,32,9,92,218)
--> RETR .listing

150 Opening BINARY mode data connection for .listing (1829 bytes).
Length: 1829 (1.8K)

     0K .                                                     100% 14.7M=0s

226 Transfer complete.
2017-08-07 00:00:09 (14.7 MB/s) - ‘./domain/.listing’ saved [1829]

Remote file is newer than local file ‘./domain/INTERNIC_ROOT_ZONE.signatures’ -- retrieving.

--2017-08-07 00:00:09--  ftp://ftp.internic.net/domain/INTERNIC_ROOT_ZONE.signatures
           => ‘./domain/INTERNIC_ROOT_ZONE.signatures’
==> CWD not required.
--> PASV

227 Entering Passive Mode (192,0,32,9,80,118)
--> RETR INTERNIC_ROOT_ZONE.signatures

150 Opening BINARY mode data connection for INTERNIC_ROOT_ZONE.signatures (1224 bytes).
Length: 1224 (1.2K)

     0K .                                                     100% 8.34M=0s

226 Transfer complete.
2017-08-07 00:00:10 (8.34 MB/s) - ‘./domain/INTERNIC_ROOT_ZONE.signatures’ saved [1224]

Remote file is newer than local file ‘./domain/INTERNIC_ROOT_ZONE.signatures.asc’ -- retrieving.

--2017-08-07 00:00:10--  ftp://ftp.internic.net/domain/INTERNIC_ROOT_ZONE.signatures.asc
           => ‘./domain/INTERNIC_ROOT_ZONE.signatures.asc’
==> CWD not required.
--> PASV

227 Entering Passive Mode (192,0,32,9,174,61)
--> RETR INTERNIC_ROOT_ZONE.signatures.asc

150 Opening BINARY mode data connection for INTERNIC_ROOT_ZONE.signatures.asc (1469 bytes).
Length: 1469 (1.4K)

     0K .                                                     100% 6.49M=0s

226 Transfer complete.
2017-08-07 00:00:11 (6.49 MB/s) - ‘./domain/INTERNIC_ROOT_ZONE.signatures.asc’ saved [1469]

Remote file is newer than local file ‘./domain/arpa.zone’ -- retrieving.

--2017-08-07 00:00:11--  ftp://ftp.internic.net/domain/arpa.zone
           => ‘./domain/arpa.zone’
==> CWD not required.
--> PASV

227 Entering Passive Mode (192,0,32,9,15,179)
--> RETR arpa.zone

150 Opening BINARY mode data connection for arpa.zone (15228 bytes).
Length: 15228 (15K)

     0K .......... ....                                       100% 18.2M=0.001s

226 Transfer complete.
2017-08-07 00:00:12 (18.2 MB/s) - ‘./domain/arpa.zone’ saved [15228]

The sizes do not match (local 6656) -- retrieving.

--2017-08-07 00:00:13--  ftp://ftp.internic.net/domain/arpa.zone.gz
           => ‘./domain/arpa.zone.gz’
==> CWD not required.
--> PASV

227 Entering Passive Mode (192,0,32,9,42,163)
--> RETR arpa.zone.gz

150 Opening BINARY mode data connection for arpa.zone.gz (6647 bytes).
Length: 6647 (6.5K)

     0K ......                                                100% 68.9M=0s

226 Transfer complete.
2017-08-07 00:00:14 (68.9 MB/s) - ‘./domain/arpa.zone.gz’ saved [6647]

Remote file is newer than local file ‘./domain/arpa.zone.gz.md5’ -- retrieving.

--2017-08-07 00:00:14--  ftp://ftp.internic.net/domain/arpa.zone.gz.md5
           => ‘./domain/arpa.zone.gz.md5’
==> CWD not required.
--> PASV

227 Entering Passive Mode (192,0,32,9,233,143)
--> RETR arpa.zone.gz.md5

150 Opening BINARY mode data connection for arpa.zone.gz.md5 (33 bytes).
Length: 33

     0K                                                       100%  575K=0s

226 Transfer complete.
2017-08-07 00:00:15 (575 KB/s) - ‘./domain/arpa.zone.gz.md5’ saved [33]

Remote file is newer than local file ‘./domain/arpa.zone.gz.sig’ -- retrieving.

--2017-08-07 00:00:15--  ftp://ftp.internic.net/domain/arpa.zone.gz.sig
           => ‘./domain/arpa.zone.gz.sig’
==> CWD not required.
--> PASV

227 Entering Passive Mode (192,0,32,9,41,133)
--> RETR arpa.zone.gz.sig

150 Opening BINARY mode data connection for arpa.zone.gz.sig (72 bytes).
Length: 72

     0K                                                       100%  799K=0s

226 Transfer complete.
2017-08-07 00:00:16 (799 KB/s) - ‘./domain/arpa.zone.gz.sig’ saved [72]

Remote file no newer than local file ‘./domain/db.cache’ -- not retrieving.
Remote file no newer than local file ‘./domain/db.cache.md5’ -- not retrieving.
Remote file no newer than local file ‘./domain/db.cache.sig’ -- not retrieving.
Remote file is newer than local file ‘./domain/in-addr.arpa’ -- retrieving.

--2017-08-07 00:00:16--  ftp://ftp.internic.net/domain/in-addr.arpa
           => ‘./domain/in-addr.arpa’
==> CWD not required.
--> PASV

227 Entering Passive Mode (192,0,32,9,146,132)
--> RETR in-addr.arpa

150 Opening BINARY mode data connection for in-addr.arpa (228780 bytes).
Length: 228780 (223K)

     0K .......... .......... .......... .......... .......... 22% 82.6K 2s
    50K .......... .......... .......... .......... .......... 44% 81.6K 2s
   100K .......... .......... .......... .......... .......... 67%  162K 1s
   150K .......... .......... .......... .......... .......... 89% 81.4K 0s
   200K .......... .......... ...                             100% 32.3M=2.1s

226 Transfer complete.
2017-08-07 00:00:20 (104 KB/s) - ‘./domain/in-addr.arpa’ saved [228780]

The sizes do not match (local 90944) -- retrieving.

--2017-08-07 00:00:20--  ftp://ftp.internic.net/domain/in-addr.arpa.gz
           => ‘./domain/in-addr.arpa.gz’
==> CWD not required.
--> PASV

227 Entering Passive Mode (192,0,32,9,198,223)
--> RETR in-addr.arpa.gz

150 Opening BINARY mode data connection for in-addr.arpa.gz (90942 bytes).
Length: 90942 (89K)

     0K .......... .......... .......... .......... .......... 56% 80.7K 0s
    50K .......... .......... .......... ........             100%  128K=0.9s

226 Transfer complete.
2017-08-07 00:00:22 (96.3 KB/s) - ‘./domain/in-addr.arpa.gz’ saved [90942]

Remote file is newer than local file ‘./domain/in-addr.arpa.gz.md5’ -- retrieving.

--2017-08-07 00:00:22--  ftp://ftp.internic.net/domain/in-addr.arpa.gz.md5
           => ‘./domain/in-addr.arpa.gz.md5’
==> CWD not required.
--> PASV

227 Entering Passive Mode (192,0,32,9,41,37)
--> RETR in-addr.arpa.gz.md5

150 Opening BINARY mode data connection for in-addr.arpa.gz.md5 (55 bytes).
Length: 55

     0K                                                       100%  707K=0s

226 Transfer complete.
2017-08-07 00:00:23 (707 KB/s) - ‘./domain/in-addr.arpa.gz.md5’ saved [55]

Remote file is newer than local file ‘./domain/in-addr.arpa.gz.sha256’ -- retrieving.

--2017-08-07 00:00:23--  ftp://ftp.internic.net/domain/in-addr.arpa.gz.sha256
           => ‘./domain/in-addr.arpa.gz.sha256’
==> CWD not required.
--> PASV

227 Entering Passive Mode (192,0,32,9,42,102)
--> RETR in-addr.arpa.gz.sha256

150 Opening BINARY mode data connection for in-addr.arpa.gz.sha256 (90 bytes).
Length: 90

     0K                                                       100% 1.95M=0s

226 Transfer complete.
2017-08-07 00:00:24 (1.95 MB/s) - ‘./domain/in-addr.arpa.gz.sha256’ saved [90]

Remote file is newer than local file ‘./domain/in-addr.arpa.md5’ -- retrieving.

--2017-08-07 00:00:24--  ftp://ftp.internic.net/domain/in-addr.arpa.md5
           => ‘./domain/in-addr.arpa.md5’
==> CWD not required.
--> PASV

227 Entering Passive Mode (192,0,32,9,242,65)
--> RETR in-addr.arpa.md5

150 Opening BINARY mode data connection for in-addr.arpa.md5 (52 bytes).
Length: 52

     0K                                                       100%  238K=0s

226 Transfer complete.
2017-08-07 00:00:28 (238 KB/s) - ‘./domain/in-addr.arpa.md5’ saved [52]

Remote file is newer than local file ‘./domain/in-addr.arpa.sha256’ -- retrieving.

--2017-08-07 00:00:28--  ftp://ftp.internic.net/domain/in-addr.arpa.sha256
           => ‘./domain/in-addr.arpa.sha256’
==> CWD not required.
--> PASV

227 Entering Passive Mode (192,0,32,9,219,109)
--> RETR in-addr.arpa.sha256

150 Opening BINARY mode data connection for in-addr.arpa.sha256 (87 bytes).
Length: 87

     0K                                                       100% 1.66M=0s

226 Transfer complete.
2017-08-07 00:00:29 (1.66 MB/s) - ‘./domain/in-addr.arpa.sha256’ saved [87]

Remote file is newer than local file ‘./domain/in-addr.arpa.zone’ -- retrieving.

--2017-08-07 00:00:29--  ftp://ftp.internic.net/domain/in-addr.arpa.zone
           => ‘./domain/in-addr.arpa.zone’
==> CWD not required.
--> PASV

227 Entering Passive Mode (192,0,32,9,68,141)
--> RETR in-addr.arpa.zone

150 Opening BINARY mode data connection for in-addr.arpa.zone (228780 bytes).
Length: 228780 (223K)

     0K .......... .......... .......... .......... .......... 22%  102K 2s
    50K .......... .......... .......... .......... .......... 44% 82.0K 1s
   100K .......... .......... .......... .......... .......... 67%  161K 1s
   150K .......... .......... .......... .......... .......... 89% 92.8K 0s
   200K .......... .......... ...                             100% 1.30M=2.0s

226 Transfer complete.
2017-08-07 00:00:32 (113 KB/s) - ‘./domain/in-addr.arpa.zone’ saved [228780]

The sizes do not match (local 90944) -- retrieving.

--2017-08-07 00:00:32--  ftp://ftp.internic.net/domain/in-addr.arpa.zone.gz
           => ‘./domain/in-addr.arpa.zone.gz’
==> CWD not required.
--> PASV

227 Entering Passive Mode (192,0,32,9,203,146)
--> RETR in-addr.arpa.zone.gz

150 Opening BINARY mode data connection for in-addr.arpa.zone.gz (90942 bytes).
Length: 90942 (89K)

     0K .......... .......... .......... .......... .......... 56% 81.3K 0s
    50K .......... .......... .......... ........             100%  153K=0.9s

226 Transfer complete.
2017-08-07 00:00:34 (102 KB/s) - ‘./domain/in-addr.arpa.zone.gz’ saved [90942]

Remote file is newer than local file ‘./domain/in-addr.arpa.zone.gz.md5’ -- retrieving.

--2017-08-07 00:00:34--  ftp://ftp.internic.net/domain/in-addr.arpa.zone.gz.md5
           => ‘./domain/in-addr.arpa.zone.gz.md5’
==> CWD not required.
--> PASV

227 Entering Passive Mode (192,0,32,9,201,32)
--> RETR in-addr.arpa.zone.gz.md5

150 Opening BINARY mode data connection for in-addr.arpa.zone.gz.md5 (60 bytes).
Length: 60

     0K                                                       100%  761K=0s

226 Transfer complete.
2017-08-07 00:00:35 (761 KB/s) - ‘./domain/in-addr.arpa.zone.gz.md5’ saved [60]

Remote file is newer than local file ‘./domain/in-addr.arpa.zone.gz.sha256’ -- retrieving.

--2017-08-07 00:00:35--  ftp://ftp.internic.net/domain/in-addr.arpa.zone.gz.sha256
           => ‘./domain/in-addr.arpa.zone.gz.sha256’
==> CWD not required.
--> PASV

227 Entering Passive Mode (192,0,32,9,236,208)
--> RETR in-addr.arpa.zone.gz.sha256

150 Opening BINARY mode data connection for in-addr.arpa.zone.gz.sha256 (95 bytes).
Length: 95

     0K                                                       100%  760K=0s

226 Transfer complete.
2017-08-07 00:00:36 (760 KB/s) - ‘./domain/in-addr.arpa.zone.gz.sha256’ saved [95]

Remote file is newer than local file ‘./domain/in-addr.arpa.zone.md5’ -- retrieving.

--2017-08-07 00:00:36--  ftp://ftp.internic.net/domain/in-addr.arpa.zone.md5
           => ‘./domain/in-addr.arpa.zone.md5’
==> CWD not required.
--> PASV

227 Entering Passive Mode (192,0,32,9,103,187)
--> RETR in-addr.arpa.zone.md5

150 Opening BINARY mode data connection for in-addr.arpa.zone.md5 (57 bytes).
Length: 57

     0K                                                       100%  432K=0s

226 Transfer complete.
2017-08-07 00:00:38 (432 KB/s) - ‘./domain/in-addr.arpa.zone.md5’ saved [57]

Remote file is newer than local file ‘./domain/in-addr.arpa.zone.sha256’ -- retrieving.

--2017-08-07 00:00:38--  ftp://ftp.internic.net/domain/in-addr.arpa.zone.sha256
           => ‘./domain/in-addr.arpa.zone.sha256’
==> CWD not required.
--> PASV

227 Entering Passive Mode (192,0,32,9,121,154)
--> RETR in-addr.arpa.zone.sha256

150 Opening BINARY mode data connection for in-addr.arpa.zone.sha256 (92 bytes).
Length: 92

     0K                                                       100%  755K=0s

226 Transfer complete.
2017-08-07 00:00:39 (755 KB/s) - ‘./domain/in-addr.arpa.zone.sha256’ saved [92]

Remote file is newer than local file ‘./domain/ip6.arpa’ -- retrieving.

--2017-08-07 00:00:39--  ftp://ftp.internic.net/domain/ip6.arpa
           => ‘./domain/ip6.arpa’
==> CWD not required.
--> PASV

227 Entering Passive Mode (192,0,32,9,77,78)
--> RETR ip6.arpa

150 Opening BINARY mode data connection for ip6.arpa (61480 bytes).
Length: 61480 (60K)

     0K .......... .......... .......... .......... .......... 83% 81.2K 0s
    50K ..........                                            100% 23.9M=0.6s

226 Transfer complete.
2017-08-07 00:00:43 (97.5 KB/s) - ‘./domain/ip6.arpa’ saved [61480]

Remote file is newer than local file ‘./domain/ip6.arpa.gz’ -- retrieving.

--2017-08-07 00:00:43--  ftp://ftp.internic.net/domain/ip6.arpa.gz
           => ‘./domain/ip6.arpa.gz’
==> CWD not required.
--> PASV

227 Entering Passive Mode (192,0,32,9,4,173)
--> RETR ip6.arpa.gz

150 Opening BINARY mode data connection for ip6.arpa.gz (24491 bytes).
Length: 24491 (24K)

     0K .......... .......... ...                             100% 78.5K=0.3s

226 Transfer complete.
2017-08-07 00:00:45 (78.5 KB/s) - ‘./domain/ip6.arpa.gz’ saved [24491]

Remote file is newer than local file ‘./domain/ip6.arpa.gz.md5’ -- retrieving.

--2017-08-07 00:00:45--  ftp://ftp.internic.net/domain/ip6.arpa.gz.md5
           => ‘./domain/ip6.arpa.gz.md5’
==> CWD not required.
--> PASV

227 Entering Passive Mode (192,0,32,9,140,240)
--> RETR ip6.arpa.gz.md5

150 Opening BINARY mode data connection for ip6.arpa.gz.md5 (51 bytes).
Length: 51

     0K                                                       100%  449K=0s

226 Transfer complete.
2017-08-07 00:00:46 (449 KB/s) - ‘./domain/ip6.arpa.gz.md5’ saved [51]

Remote file is newer than local file ‘./domain/ip6.arpa.gz.sha256’ -- retrieving.

--2017-08-07 00:00:46--  ftp://ftp.internic.net/domain/ip6.arpa.gz.sha256
           => ‘./domain/ip6.arpa.gz.sha256’
==> CWD not required.
--> PASV

227 Entering Passive Mode (192,0,32,9,219,162)
--> RETR ip6.arpa.gz.sha256

150 Opening BINARY mode data connection for ip6.arpa.gz.sha256 (86 bytes).
Length: 86

     0K                                                       100%  792K=0s

226 Transfer complete.
2017-08-07 00:00:47 (792 KB/s) - ‘./domain/ip6.arpa.gz.sha256’ saved [86]

Remote file is newer than local file ‘./domain/ip6.arpa.md5’ -- retrieving.

--2017-08-07 00:00:47--  ftp://ftp.internic.net/domain/ip6.arpa.md5
           => ‘./domain/ip6.arpa.md5’
==> CWD not required.
--> PASV

227 Entering Passive Mode (192,0,32,9,41,42)
--> RETR ip6.arpa.md5

150 Opening BINARY mode data connection for ip6.arpa.md5 (48 bytes).
Length: 48

     0K                                                       100%  347K=0s

226 Transfer complete.
2017-08-07 00:00:49 (347 KB/s) - ‘./domain/ip6.arpa.md5’ saved [48]

Remote file is newer than local file ‘./domain/ip6.arpa.sha256’ -- retrieving.

--2017-08-07 00:00:49--  ftp://ftp.internic.net/domain/ip6.arpa.sha256
           => ‘./domain/ip6.arpa.sha256’
==> CWD not required.
--> PASV

227 Entering Passive Mode (192,0,32,9,38,16)
--> RETR ip6.arpa.sha256

150 Opening BINARY mode data connection for ip6.arpa.sha256 (83 bytes).
Length: 83

     0K                                                       100%  803K=0s

226 Transfer complete.
2017-08-07 00:00:50 (803 KB/s) - ‘./domain/ip6.arpa.sha256’ saved [83]

Remote file is newer than local file ‘./domain/ip6.arpa.zone’ -- retrieving.

--2017-08-07 00:00:50--  ftp://ftp.internic.net/domain/ip6.arpa.zone
           => ‘./domain/ip6.arpa.zone’
==> CWD not required.
--> PASV

227 Entering Passive Mode (192,0,32,9,6,106)
--> RETR ip6.arpa.zone

150 Opening BINARY mode data connection for ip6.arpa.zone (61480 bytes).
Length: 61480 (60K)

     0K .......... .......... .......... .......... .......... 83%  111K 0s
    50K ..........                                            100% 1.55M=0.5s

226 Transfer complete.
2017-08-07 00:00:51 (131 KB/s) - ‘./domain/ip6.arpa.zone’ saved [61480]

Remote file is newer than local file ‘./domain/ip6.arpa.zone.gz’ -- retrieving.

--2017-08-07 00:00:51--  ftp://ftp.internic.net/domain/ip6.arpa.zone.gz
           => ‘./domain/ip6.arpa.zone.gz’
==> CWD not required.
--> PASV

227 Entering Passive Mode (192,0,32,9,42,35)
--> RETR ip6.arpa.zone.gz

150 Opening BINARY mode data connection for ip6.arpa.zone.gz (24491 bytes).
Length: 24491 (24K)

     0K .......... .......... ...                             100% 88.3K=0.3s

226 Transfer complete.
2017-08-07 00:00:52 (88.3 KB/s) - ‘./domain/ip6.arpa.zone.gz’ saved [24491]

Remote file is newer than local file ‘./domain/ip6.arpa.zone.gz.md5’ -- retrieving.

--2017-08-07 00:00:52--  ftp://ftp.internic.net/domain/ip6.arpa.zone.gz.md5
           => ‘./domain/ip6.arpa.zone.gz.md5’
==> CWD not required.
--> PASV

227 Entering Passive Mode (192,0,32,9,194,126)
--> RETR ip6.arpa.zone.gz.md5

150 Opening BINARY mode data connection for ip6.arpa.zone.gz.md5 (56 bytes).
Length: 56

     0K                                                       100%  456K=0s

226 Transfer complete.
2017-08-07 00:00:54 (456 KB/s) - ‘./domain/ip6.arpa.zone.gz.md5’ saved [56]

Remote file is newer than local file ‘./domain/ip6.arpa.zone.gz.sha256’ -- retrieving.

--2017-08-07 00:00:54--  ftp://ftp.internic.net/domain/ip6.arpa.zone.gz.sha256
           => ‘./domain/ip6.arpa.zone.gz.sha256’
==> CWD not required.
--> PASV

227 Entering Passive Mode (192,0,32,9,172,191)
--> RETR ip6.arpa.zone.gz.sha256

150 Opening BINARY mode data connection for ip6.arpa.zone.gz.sha256 (91 bytes).
Length: 91

     0K                                                       100%  728K=0s

226 Transfer complete.
2017-08-07 00:00:55 (728 KB/s) - ‘./domain/ip6.arpa.zone.gz.sha256’ saved [91]

Remote file is newer than local file ‘./domain/ip6.arpa.zone.md5’ -- retrieving.

--2017-08-07 00:00:55--  ftp://ftp.internic.net/domain/ip6.arpa.zone.md5
           => ‘./domain/ip6.arpa.zone.md5’
==> CWD not required.
--> PASV

227 Entering Passive Mode (192,0,32,9,42,41)
--> RETR ip6.arpa.zone.md5

150 Opening BINARY mode data connection for ip6.arpa.zone.md5 (53 bytes).
Length: 53

     0K                                                       100% 73.1K=0.001s

226 Transfer complete.
2017-08-07 00:00:56 (73.1 KB/s) - ‘./domain/ip6.arpa.zone.md5’ saved [53]

Remote file is newer than local file ‘./domain/ip6.arpa.zone.sha256’ -- retrieving.

--2017-08-07 00:00:56--  ftp://ftp.internic.net/domain/ip6.arpa.zone.sha256
           => ‘./domain/ip6.arpa.zone.sha256’
==> CWD not required.
--> PASV

227 Entering Passive Mode (192,0,32,9,210,52)
--> RETR ip6.arpa.zone.sha256

150 Opening BINARY mode data connection for ip6.arpa.zone.sha256 (88 bytes).
Length: 88

     0K                                                       100%  392K=0s

226 Transfer complete.
2017-08-07 00:00:57 (392 KB/s) - ‘./domain/ip6.arpa.zone.sha256’ saved [88]

Remote file is newer than local file ‘./domain/last_update.txt’ -- retrieving.

--2017-08-07 00:00:57--  ftp://ftp.internic.net/domain/last_update.txt
           => ‘./domain/last_update.txt’
==> CWD not required.
--> PASV

227 Entering Passive Mode (192,0,32,9,203,237)
--> RETR last_update.txt

150 Opening BINARY mode data connection for last_update.txt (21 bytes).
Length: 21

     0K                                                       100%  102K=0s

226 Transfer complete.
2017-08-07 00:00:58 (102 KB/s) - ‘./domain/last_update.txt’ saved [21]

Remote file no newer than local file ‘./domain/named.cache’ -- not retrieving.
Remote file no newer than local file ‘./domain/named.cache.md5’ -- not retrieving.
Remote file no newer than local file ‘./domain/named.cache.sig’ -- not retrieving.
Remote file no newer than local file ‘./domain/named.root’ -- not retrieving.
Remote file no newer than local file ‘./domain/named.root.md5’ -- not retrieving.
Remote file no newer than local file ‘./domain/named.root.sig’ -- not retrieving.
Remote file no newer than local file ‘./domain/root-servers.net.zone’ -- not retrieving.
Remote file no newer than local file ‘./domain/root-servers.net.zone.gz’ -- not retrieving.
Remote file no newer than local file ‘./domain/root-servers.net.zone.gz.md5’ -- not retrieving.
Remote file no newer than local file ‘./domain/root-servers.net.zone.gz.sig’ -- not retrieving.
The sizes do not match (local 2263467) -- retrieving.

--2017-08-07 00:00:58--  ftp://ftp.internic.net/domain/root.zone
           => ‘./domain/root.zone’
==> CWD not required.
--> PASV

227 Entering Passive Mode (192,0,32,9,200,123)
--> RETR root.zone

150 Opening BINARY mode data connection for root.zone (2263499 bytes).
Length: 2263499 (2.2M)

     0K .......... .......... .......... .......... ..........  2% 92.7K 23s
    50K .......... .......... .......... .......... ..........  4% 99.0K 22s
   100K .......... .......... .......... .......... ..........  6% 98.8K 21s
   150K .......... .......... .......... .......... ..........  9%  172K 19s
   200K .......... .......... .......... .......... .......... 11%  160K 17s
   250K .......... .......... .......... .......... .......... 13% 97.9K 17s
   300K .......... .......... .......... .......... .......... 15%  210K 15s
   350K .......... .......... .......... .......... .......... 18%  217K 14s
   400K .......... .......... .......... .......... .......... 20%  214K 13s
   450K .......... .......... .......... .......... .......... 22%  220K 12s
   500K .......... .......... .......... .......... .......... 24%  165K 12s
   550K .......... .......... .......... .......... .......... 27%  158K 11s
   600K .......... .......... .......... .......... .......... 29%  169K 11s
   650K .......... .......... .......... .......... .......... 31%  168K 10s
   700K .......... .......... .......... .......... .......... 33%  159K 10s
   750K .......... .......... .......... .......... .......... 36%  166K 10s
   800K .......... .......... .......... .......... .......... 38% 5.91M 9s
   850K .......... .......... .......... .......... .......... 40% 59.9K 9s
   900K .......... .......... .......... .......... .......... 42% 54.0M 8s
   950K .......... .......... .......... .......... .......... 45% 10.5M 8s
  1000K .......... .......... .......... .......... .......... 47% 52.2M 7s
  1050K .......... .......... .......... .......... .......... 49% 3.21M 6s
  1100K .......... .......... .......... .......... .......... 52%  187K 6s
  1150K .......... .......... .......... .......... .......... 54% 9.26M 6s
  1200K .......... .......... .......... .......... .......... 56%  162K 5s
  1250K .......... .......... .......... .......... .......... 58%  166K 5s
  1300K .......... .......... .......... .......... .......... 61% 7.60M 5s
  1350K .......... .......... .......... .......... .......... 63%  164K 4s
  1400K .......... .......... .......... .......... .......... 65%  166K 4s
  1450K .......... .......... .......... .......... .......... 67% 16.5M 4s
  1500K .......... .......... .......... .......... .......... 70%  160K 3s
  1550K .......... .......... .......... .......... .......... 72% 16.5M 3s
  1600K .......... .......... .......... .......... .......... 74%  168K 3s
  1650K .......... .......... .......... .......... .......... 76% 7.03M 3s
  1700K .......... .......... .......... .......... .......... 79% 82.7K 2s
  1750K .......... .......... .......... .......... .......... 81% 57.6M 2s
  1800K .......... .......... .......... .......... .......... 83% 27.7M 2s
  1850K .......... .......... .......... .......... .......... 85%  163K 2s
  1900K .......... .......... .......... .......... .......... 88%  164K 1s
  1950K .......... .......... .......... .......... .......... 90% 6.81M 1s
  2000K .......... .......... .......... .......... .......... 92%  164K 1s
  2050K .......... .......... .......... .......... .......... 95%  163K 1s
  2100K .......... .......... .......... .......... .......... 97% 27.3M 0s
  2150K .......... .......... .......... .......... .......... 99%  164K 0s
  2200K ..........                                            100% 12.1M=11s

226 Transfer complete.
2017-08-07 00:01:10 (210 KB/s) - ‘./domain/root.zone’ saved [2263499]

The sizes do not match (local 1063067) -- retrieving.

--2017-08-07 00:01:10--  ftp://ftp.internic.net/domain/root.zone.gz
           => ‘./domain/root.zone.gz’
==> CWD not required.
--> PASV

227 Entering Passive Mode (192,0,32,9,147,175)
--> RETR root.zone.gz

150 Opening BINARY mode data connection for root.zone.gz (1063101 bytes).
Length: 1063101 (1.0M)

     0K .......... .......... .......... .......... ..........  4% 81.3K 12s
    50K .......... .......... .......... .......... ..........  9%  165K 9s
   100K .......... .......... .......... .......... .......... 14% 5.68M 5s
   150K .......... .......... .......... .......... .......... 19%  155K 5s
   200K .......... .......... .......... .......... .......... 24%  173K 5s
   250K .......... .......... .......... .......... .......... 28%  164K 5s
   300K .......... .......... .......... .......... .......... 33% 17.5M 4s
   350K .......... .......... .......... .......... .......... 38%  158K 3s
   400K .......... .......... .......... .......... .......... 43%  161K 3s
   450K .......... .......... .......... .......... .......... 48%  171K 3s
   500K .......... .......... .......... .......... .......... 52% 8.05M 2s
   550K .......... .......... .......... .......... .......... 57%  165K 2s
   600K .......... .......... .......... .......... .......... 62% 6.80M 2s
   650K .......... .......... .......... .......... .......... 67%  165K 2s
   700K .......... .......... .......... .......... .......... 72%  165K 1s
   750K .......... .......... .......... .......... .......... 77% 19.0M 1s
   800K .......... .......... .......... .......... .......... 81%  210K 1s
   850K .......... .......... .......... .......... .......... 86%  771K 1s
   900K .......... .......... .......... .......... .......... 91%  239K 0s
   950K .......... .......... .......... .......... .......... 96% 2.16M 0s
  1000K .......... .......... .......... ........             100%  137K=4.5s

226 Transfer complete.
2017-08-07 00:01:16 (231 KB/s) - ‘./domain/root.zone.gz’ saved [1063101]

Remote file is newer than local file ‘./domain/root.zone.gz.md5’ -- retrieving.

--2017-08-07 00:01:16--  ftp://ftp.internic.net/domain/root.zone.gz.md5
           => ‘./domain/root.zone.gz.md5’
==> CWD not required.
--> PASV

227 Entering Passive Mode (192,0,32,9,15,137)
--> RETR root.zone.gz.md5

150 Opening BINARY mode data connection for root.zone.gz.md5 (33 bytes).
Length: 33

     0K                                                       100%  275K=0s

226 Transfer complete.
2017-08-07 00:01:17 (275 KB/s) - ‘./domain/root.zone.gz.md5’ saved [33]

Remote file is newer than local file ‘./domain/root.zone.gz.sig’ -- retrieving.

--2017-08-07 00:01:17--  ftp://ftp.internic.net/domain/root.zone.gz.sig
           => ‘./domain/root.zone.gz.sig’
==> CWD not required.
--> PASV

227 Entering Passive Mode (192,0,32,9,131,111)
--> RETR root.zone.gz.sig

150 Opening BINARY mode data connection for root.zone.gz.sig (72 bytes).
Length: 72

     0K                                                       100% 1.06M=0s

226 Transfer complete.
2017-08-07 00:01:18 (1.06 MB/s) - ‘./domain/root.zone.gz.sig’ saved [72]

Remote file is newer than local file ‘./domain/root.zone.md5’ -- retrieving.

--2017-08-07 00:01:18--  ftp://ftp.internic.net/domain/root.zone.md5
           => ‘./domain/root.zone.md5’
==> CWD not required.
--> PASV

227 Entering Passive Mode (192,0,32,9,17,253)
--> RETR root.zone.md5

150 Opening BINARY mode data connection for root.zone.md5 (33 bytes).
Length: 33

     0K                                                       100%  269K=0s

226 Transfer complete.
2017-08-07 00:01:19 (269 KB/s) - ‘./domain/root.zone.md5’ saved [33]

Remote file is newer than local file ‘./domain/root.zone.sig’ -- retrieving.

--2017-08-07 00:01:19--  ftp://ftp.internic.net/domain/root.zone.sig
           => ‘./domain/root.zone.sig’
==> CWD not required.
--> PASV

227 Entering Passive Mode (192,0,32,9,8,251)
--> RETR root.zone.sig

150 Opening BINARY mode data connection for root.zone.sig (72 bytes).
Length: 72

     0K                                                       100%  596K=0s

226 Transfer complete.
2017-08-07 00:01:20 (596 KB/s) - ‘./domain/root.zone.sig’ saved [72]

FINISHED --2017-08-07 00:01:20--
Total wall clock time: 1m 18s
Downloaded: 40 files, 4.0M in 23s (180 KB/s)
