--2017-06-13 00:00:03--  ftp://ftp.internic.net/*
           => ‘./.listing’
Resolving ftp.internic.net (ftp.internic.net)... 192.0.32.9, 2620:0:2d0:200::9
Connecting to ftp.internic.net (ftp.internic.net)|192.0.32.9|:21... connected.
Logging in as anonymous ... 
220 Internic FTP Server
--> USER anonymous

331 Please specify the password.
--> PASS Turtle Power!

230 Login successful.
--> SYST

215 UNIX Type: L8
--> PWD

257 "/"
--> TYPE I

200 Switching to Binary mode.
==> CWD not needed.
--> PASV

227 Entering Passive Mode (192,0,32,9,92,159)
--> LIST -a

150 Here comes the directory listing.

     0K                                                        1.76M=0s

226 Directory send OK.
drwxr-xr-x    3 ftp      ftp          4096 Apr 04  2012 .
drwxr-xr-x    3 ftp      ftp          4096 Apr 04  2012 ..
drwxr-xr-x    2 ftp      ftp          4096 Sep 09  2015 domain
2017-06-13 00:00:12 (1.76 MB/s) - ‘./.listing’ saved [183]

--2017-06-13 00:00:12--  ftp://ftp.internic.net/domain/*
           => ‘./domain/.listing’
--> CWD /domain

250 Directory successfully changed.
--> PASV

227 Entering Passive Mode (192,0,32,9,50,110)
--> LIST -a

150 Here comes the directory listing.

     0K ...                                                    52.8M=0s

226 Directory send OK.
drwxr-xr-x    2 ftp      ftp          4096 Sep 09  2015 .
drwxr-xr-x    3 ftp      ftp          4096 Apr 04  2012 ..
-rw-r--r--    1 ftp      ftp          1829 Aug 18  2015 .listing
-rw-r--r--    1 ftp      ftp          1224 Jun 12 12:16 INTERNIC_ROOT_ZONE.signatures
-rw-r--r--    1 ftp      ftp          1469 Jun 12 12:16 INTERNIC_ROOT_ZONE.signatures.asc
-rw-r--r--    1 ftp      ftp         15228 Jun 12 12:16 arpa.zone
-rw-r--r--    1 ftp      ftp          6659 Jun 12 12:16 arpa.zone.gz
-rw-r--r--    1 ftp      ftp            33 Jun 12 12:16 arpa.zone.gz.md5
-rw-r--r--    1 ftp      ftp            72 Jun 12 12:16 arpa.zone.gz.sig
-rw-r--r--    1 ftp      ftp          3289 Jun 01 15:27 db.cache
-rw-r--r--    1 ftp      ftp            33 Jun 01 15:27 db.cache.md5
-rw-r--r--    1 ftp      ftp            72 Jun 01 15:27 db.cache.sig
-rw-r--r--    1 ftp      ftp        228753 Jun 12 15:40 in-addr.arpa
-rw-r--r--    1 ftp      ftp         90507 Jun 12 15:40 in-addr.arpa.gz
-rw-r--r--    1 ftp      ftp            55 Jun 12 15:40 in-addr.arpa.gz.md5
-rw-r--r--    1 ftp      ftp            90 Jun 12 15:40 in-addr.arpa.gz.sha256
-rw-r--r--    1 ftp      ftp            52 Jun 12 15:40 in-addr.arpa.md5
-rw-r--r--    1 ftp      ftp            87 Jun 12 15:40 in-addr.arpa.sha256
-rw-r--r--    1 ftp      ftp        228753 Jun 12 15:40 in-addr.arpa.zone
-rw-r--r--    1 ftp      ftp         90507 Jun 12 15:40 in-addr.arpa.zone.gz
-rw-r--r--    1 ftp      ftp            60 Jun 12 15:40 in-addr.arpa.zone.gz.md5
-rw-r--r--    1 ftp      ftp            95 Jun 12 15:40 in-addr.arpa.zone.gz.sha256
-rw-r--r--    1 ftp      ftp            57 Jun 12 15:40 in-addr.arpa.zone.md5
-rw-r--r--    1 ftp      ftp            92 Jun 12 15:40 in-addr.arpa.zone.sha256
-rw-r--r--    1 ftp      ftp         61264 Jun 12 15:40 ip6.arpa
-rw-r--r--    1 ftp      ftp         24268 Jun 12 15:40 ip6.arpa.gz
-rw-r--r--    1 ftp      ftp            51 Jun 12 15:40 ip6.arpa.gz.md5
-rw-r--r--    1 ftp      ftp            86 Jun 12 15:40 ip6.arpa.gz.sha256
-rw-r--r--    1 ftp      ftp            48 Jun 12 15:40 ip6.arpa.md5
-rw-r--r--    1 ftp      ftp            83 Jun 12 15:40 ip6.arpa.sha256
-rw-r--r--    1 ftp      ftp         61264 Jun 12 15:40 ip6.arpa.zone
-rw-r--r--    1 ftp      ftp         24268 Jun 12 15:40 ip6.arpa.zone.gz
-rw-r--r--    1 ftp      ftp            56 Jun 12 15:40 ip6.arpa.zone.gz.md5
-rw-r--r--    1 ftp      ftp            91 Jun 12 15:40 ip6.arpa.zone.gz.sha256
-rw-r--r--    1 ftp      ftp            53 Jun 12 15:40 ip6.arpa.zone.md5
-rw-r--r--    1 ftp      ftp            88 Jun 12 15:40 ip6.arpa.zone.sha256
-rw-r--r--    1 ftp      ftp            21 Jun 12 15:40 last_update.txt
-rw-r--r--    1 ftp      ftp          3289 Jun 01 15:27 named.cache
-rw-r--r--    1 ftp      ftp            33 Jun 01 15:27 named.cache.md5
-rw-r--r--    1 ftp      ftp            72 Jun 01 15:27 named.cache.sig
-rw-r--r--    1 ftp      ftp          3289 Jun 01 15:27 named.root
-rw-r--r--    1 ftp      ftp            33 Jun 01 15:27 named.root.md5
-rw-r--r--    1 ftp      ftp            72 Jun 01 15:27 named.root.sig
-rw-r--r--    1 ftp      ftp          2111 Jun 01 15:27 root-servers.net.zone
-rw-r--r--    1 ftp      ftp           575 Jun 01 15:27 root-servers.net.zone.gz
-rw-r--r--    1 ftp      ftp            33 Jun 01 15:27 root-servers.net.zone.gz.md5
-rw-r--r--    1 ftp      ftp            72 Jun 01 15:27 root-servers.net.zone.gz.sig
-rw-r--r--    1 ftp      ftp       2239304 Jun 12 05:08 root.zone
-rw-r--r--    1 ftp      ftp       1051551 Jun 12 05:08 root.zone.gz
-rw-r--r--    1 ftp      ftp            33 Jun 12 05:08 root.zone.gz.md5
-rw-r--r--    1 ftp      ftp            72 Jun 12 05:08 root.zone.gz.sig
-rw-r--r--    1 ftp      ftp            33 Jun 12 05:08 root.zone.md5
-rw-r--r--    1 ftp      ftp            72 Jun 12 05:08 root.zone.sig
2017-06-13 00:00:13 (52.8 MB/s) - ‘./domain/.listing’ saved [3930]

The sizes do not match (local 3930) -- retrieving.

--2017-06-13 00:00:13--  ftp://ftp.internic.net/domain/.listing
           => ‘./domain/.listing’
==> CWD not required.
--> PASV

227 Entering Passive Mode (192,0,32,9,177,184)
--> RETR .listing

150 Opening BINARY mode data connection for .listing (1829 bytes).
Length: 1829 (1.8K)

     0K .                                                     100% 23.6M=0s

226 Transfer complete.
2017-06-13 00:00:16 (23.6 MB/s) - ‘./domain/.listing’ saved [1829]

Remote file is newer than local file ‘./domain/INTERNIC_ROOT_ZONE.signatures’ -- retrieving.

--2017-06-13 00:00:16--  ftp://ftp.internic.net/domain/INTERNIC_ROOT_ZONE.signatures
           => ‘./domain/INTERNIC_ROOT_ZONE.signatures’
==> CWD not required.
--> PASV

227 Entering Passive Mode (192,0,32,9,139,66)
--> RETR INTERNIC_ROOT_ZONE.signatures

150 Opening BINARY mode data connection for INTERNIC_ROOT_ZONE.signatures (1224 bytes).
Length: 1224 (1.2K)

     0K .                                                     100% 6.56M=0s

226 Transfer complete.
2017-06-13 00:00:17 (6.56 MB/s) - ‘./domain/INTERNIC_ROOT_ZONE.signatures’ saved [1224]

Remote file is newer than local file ‘./domain/INTERNIC_ROOT_ZONE.signatures.asc’ -- retrieving.

--2017-06-13 00:00:17--  ftp://ftp.internic.net/domain/INTERNIC_ROOT_ZONE.signatures.asc
           => ‘./domain/INTERNIC_ROOT_ZONE.signatures.asc’
==> CWD not required.
--> PASV

227 Entering Passive Mode (192,0,32,9,115,42)
--> RETR INTERNIC_ROOT_ZONE.signatures.asc

150 Opening BINARY mode data connection for INTERNIC_ROOT_ZONE.signatures.asc (1469 bytes).
Length: 1469 (1.4K)

     0K .                                                     100% 18.0M=0s

226 Transfer complete.
2017-06-13 00:00:18 (18.0 MB/s) - ‘./domain/INTERNIC_ROOT_ZONE.signatures.asc’ saved [1469]

Remote file is newer than local file ‘./domain/arpa.zone’ -- retrieving.

--2017-06-13 00:00:18--  ftp://ftp.internic.net/domain/arpa.zone
           => ‘./domain/arpa.zone’
==> CWD not required.
--> PASV

227 Entering Passive Mode (192,0,32,9,222,215)
--> RETR arpa.zone

150 Opening BINARY mode data connection for arpa.zone (15228 bytes).
Length: 15228 (15K)

     0K .......... ....                                       100%  563K=0.03s

226 Transfer complete.
2017-06-13 00:00:19 (563 KB/s) - ‘./domain/arpa.zone’ saved [15228]

The sizes do not match (local 6650) -- retrieving.

--2017-06-13 00:00:19--  ftp://ftp.internic.net/domain/arpa.zone.gz
           => ‘./domain/arpa.zone.gz’
==> CWD not required.
--> PASV

227 Entering Passive Mode (192,0,32,9,181,124)
--> RETR arpa.zone.gz

150 Opening BINARY mode data connection for arpa.zone.gz (6659 bytes).
Length: 6659 (6.5K)

     0K ......                                                100% 88.2M=0s

226 Transfer complete.
2017-06-13 00:00:20 (88.2 MB/s) - ‘./domain/arpa.zone.gz’ saved [6659]

Remote file is newer than local file ‘./domain/arpa.zone.gz.md5’ -- retrieving.

--2017-06-13 00:00:20--  ftp://ftp.internic.net/domain/arpa.zone.gz.md5
           => ‘./domain/arpa.zone.gz.md5’
==> CWD not required.
--> PASV

227 Entering Passive Mode (192,0,32,9,165,227)
--> RETR arpa.zone.gz.md5

150 Opening BINARY mode data connection for arpa.zone.gz.md5 (33 bytes).
Length: 33

     0K                                                       100%  430K=0s

226 Transfer complete.
2017-06-13 00:00:22 (430 KB/s) - ‘./domain/arpa.zone.gz.md5’ saved [33]

Remote file is newer than local file ‘./domain/arpa.zone.gz.sig’ -- retrieving.

--2017-06-13 00:00:22--  ftp://ftp.internic.net/domain/arpa.zone.gz.sig
           => ‘./domain/arpa.zone.gz.sig’
==> CWD not required.
--> PASV

227 Entering Passive Mode (192,0,32,9,42,12)
--> RETR arpa.zone.gz.sig

150 Opening BINARY mode data connection for arpa.zone.gz.sig (72 bytes).
Length: 72

     0K                                                       100%  990K=0s

226 Transfer complete.
2017-06-13 00:00:23 (990 KB/s) - ‘./domain/arpa.zone.gz.sig’ saved [72]

Remote file no newer than local file ‘./domain/db.cache’ -- not retrieving.
Remote file no newer than local file ‘./domain/db.cache.md5’ -- not retrieving.
Remote file no newer than local file ‘./domain/db.cache.sig’ -- not retrieving.
Remote file is newer than local file ‘./domain/in-addr.arpa’ -- retrieving.

--2017-06-13 00:00:23--  ftp://ftp.internic.net/domain/in-addr.arpa
           => ‘./domain/in-addr.arpa’
==> CWD not required.
--> PASV

227 Entering Passive Mode (192,0,32,9,187,167)
--> RETR in-addr.arpa

150 Opening BINARY mode data connection for in-addr.arpa (228753 bytes).
Length: 228753 (223K)

     0K .......... .......... .......... .......... .......... 22% 82.3K 2s
    50K .......... .......... .......... .......... .......... 44%  159K 1s
   100K .......... .......... .......... .......... .......... 67% 4.10M 0s
   150K .......... .......... .......... .......... .......... 89%  139K 0s
   200K .......... .......... ...                             100%  410K=1.3s

226 Transfer complete.
2017-06-13 00:00:25 (165 KB/s) - ‘./domain/in-addr.arpa’ saved [228753]

The sizes do not match (local 90611) -- retrieving.

--2017-06-13 00:00:25--  ftp://ftp.internic.net/domain/in-addr.arpa.gz
           => ‘./domain/in-addr.arpa.gz’
==> CWD not required.
--> PASV

227 Entering Passive Mode (192,0,32,9,12,112)
--> RETR in-addr.arpa.gz

150 Opening BINARY mode data connection for in-addr.arpa.gz (90507 bytes).
Length: 90507 (88K)

     0K .......... .......... .......... .......... .......... 56% 89.0K 0s
    50K .......... .......... .......... ........             100%  337K=0.7s

226 Transfer complete.
2017-06-13 00:00:27 (131 KB/s) - ‘./domain/in-addr.arpa.gz’ saved [90507]

Remote file is newer than local file ‘./domain/in-addr.arpa.gz.md5’ -- retrieving.

--2017-06-13 00:00:27--  ftp://ftp.internic.net/domain/in-addr.arpa.gz.md5
           => ‘./domain/in-addr.arpa.gz.md5’
==> CWD not required.
--> PASV

227 Entering Passive Mode (192,0,32,9,5,201)
--> RETR in-addr.arpa.gz.md5

150 Opening BINARY mode data connection for in-addr.arpa.gz.md5 (55 bytes).
Length: 55

     0K                                                       100% 16.7K=0.003s

226 Transfer complete.
2017-06-13 00:00:28 (16.7 KB/s) - ‘./domain/in-addr.arpa.gz.md5’ saved [55]

Remote file is newer than local file ‘./domain/in-addr.arpa.gz.sha256’ -- retrieving.

--2017-06-13 00:00:28--  ftp://ftp.internic.net/domain/in-addr.arpa.gz.sha256
           => ‘./domain/in-addr.arpa.gz.sha256’
==> CWD not required.
--> PASV

227 Entering Passive Mode (192,0,32,9,42,124)
--> RETR in-addr.arpa.gz.sha256

150 Opening BINARY mode data connection for in-addr.arpa.gz.sha256 (90 bytes).
Length: 90

     0K                                                       100% 33.8 =2.7s

226 Transfer complete.
2017-06-13 00:00:32 (33.8 B/s) - ‘./domain/in-addr.arpa.gz.sha256’ saved [90]

Remote file is newer than local file ‘./domain/in-addr.arpa.md5’ -- retrieving.

--2017-06-13 00:00:32--  ftp://ftp.internic.net/domain/in-addr.arpa.md5
           => ‘./domain/in-addr.arpa.md5’
==> CWD not required.
--> PASV

227 Entering Passive Mode (192,0,32,9,41,85)
--> RETR in-addr.arpa.md5

150 Opening BINARY mode data connection for in-addr.arpa.md5 (52 bytes).
Length: 52

     0K                                                       100%  635K=0s

226 Transfer complete.
2017-06-13 00:00:34 (635 KB/s) - ‘./domain/in-addr.arpa.md5’ saved [52]

Remote file is newer than local file ‘./domain/in-addr.arpa.sha256’ -- retrieving.

--2017-06-13 00:00:34--  ftp://ftp.internic.net/domain/in-addr.arpa.sha256
           => ‘./domain/in-addr.arpa.sha256’
==> CWD not required.
--> PASV

227 Entering Passive Mode (192,0,32,9,145,39)
--> RETR in-addr.arpa.sha256

150 Opening BINARY mode data connection for in-addr.arpa.sha256 (87 bytes).
Length: 87

     0K                                                       100% 1.19M=0s

226 Transfer complete.
2017-06-13 00:00:35 (1.19 MB/s) - ‘./domain/in-addr.arpa.sha256’ saved [87]

Remote file is newer than local file ‘./domain/in-addr.arpa.zone’ -- retrieving.

--2017-06-13 00:00:35--  ftp://ftp.internic.net/domain/in-addr.arpa.zone
           => ‘./domain/in-addr.arpa.zone’
==> CWD not required.
--> PASV

227 Entering Passive Mode (192,0,32,9,161,194)
--> RETR in-addr.arpa.zone

150 Opening BINARY mode data connection for in-addr.arpa.zone (228753 bytes).
Length: 228753 (223K)

     0K .......... .......... .......... .......... .......... 22% 92.4K 2s
    50K .......... .......... .......... .......... .......... 44%  161K 1s
   100K .......... .......... .......... .......... .......... 67% 3.55M 0s
   150K .......... .......... .......... .......... .......... 89%  161K 0s
   200K .......... .......... ...                             100% 21.9M=1.2s

226 Transfer complete.
2017-06-13 00:00:37 (190 KB/s) - ‘./domain/in-addr.arpa.zone’ saved [228753]

The sizes do not match (local 90611) -- retrieving.

--2017-06-13 00:00:37--  ftp://ftp.internic.net/domain/in-addr.arpa.zone.gz
           => ‘./domain/in-addr.arpa.zone.gz’
==> CWD not required.
--> PASV

227 Entering Passive Mode (192,0,32,9,204,197)
--> RETR in-addr.arpa.zone.gz

150 Opening BINARY mode data connection for in-addr.arpa.zone.gz (90507 bytes).
Length: 90507 (88K)

     0K .......... .......... .......... .......... .......... 56% 81.2K 0s
    50K .......... .......... .......... ........             100% 1.18M=0.6s

226 Transfer complete.
2017-06-13 00:00:39 (137 KB/s) - ‘./domain/in-addr.arpa.zone.gz’ saved [90507]

Remote file is newer than local file ‘./domain/in-addr.arpa.zone.gz.md5’ -- retrieving.

--2017-06-13 00:00:39--  ftp://ftp.internic.net/domain/in-addr.arpa.zone.gz.md5
           => ‘./domain/in-addr.arpa.zone.gz.md5’
==> CWD not required.
--> PASV

227 Entering Passive Mode (192,0,32,9,13,161)
--> RETR in-addr.arpa.zone.gz.md5

150 Opening BINARY mode data connection for in-addr.arpa.zone.gz.md5 (60 bytes).
Length: 60

     0K                                                       100% 1.36M=0s

226 Transfer complete.
2017-06-13 00:00:40 (1.36 MB/s) - ‘./domain/in-addr.arpa.zone.gz.md5’ saved [60]

Remote file is newer than local file ‘./domain/in-addr.arpa.zone.gz.sha256’ -- retrieving.

--2017-06-13 00:00:40--  ftp://ftp.internic.net/domain/in-addr.arpa.zone.gz.sha256
           => ‘./domain/in-addr.arpa.zone.gz.sha256’
==> CWD not required.
--> PASV

227 Entering Passive Mode (192,0,32,9,138,150)
--> RETR in-addr.arpa.zone.gz.sha256

150 Opening BINARY mode data connection for in-addr.arpa.zone.gz.sha256 (95 bytes).
Length: 95

     0K                                                       100% 1.35M=0s

226 Transfer complete.
2017-06-13 00:00:41 (1.35 MB/s) - ‘./domain/in-addr.arpa.zone.gz.sha256’ saved [95]

Remote file is newer than local file ‘./domain/in-addr.arpa.zone.md5’ -- retrieving.

--2017-06-13 00:00:41--  ftp://ftp.internic.net/domain/in-addr.arpa.zone.md5
           => ‘./domain/in-addr.arpa.zone.md5’
==> CWD not required.
--> PASV

227 Entering Passive Mode (192,0,32,9,13,180)
--> RETR in-addr.arpa.zone.md5

150 Opening BINARY mode data connection for in-addr.arpa.zone.md5 (57 bytes).
Length: 57

     0K                                                       100%  625K=0s

226 Transfer complete.
2017-06-13 00:00:42 (625 KB/s) - ‘./domain/in-addr.arpa.zone.md5’ saved [57]

Remote file is newer than local file ‘./domain/in-addr.arpa.zone.sha256’ -- retrieving.

--2017-06-13 00:00:42--  ftp://ftp.internic.net/domain/in-addr.arpa.zone.sha256
           => ‘./domain/in-addr.arpa.zone.sha256’
==> CWD not required.
--> PASV

227 Entering Passive Mode (192,0,32,9,39,30)
--> RETR in-addr.arpa.zone.sha256

150 Opening BINARY mode data connection for in-addr.arpa.zone.sha256 (92 bytes).
Length: 92

     0K                                                       100% 1.15M=0s

226 Transfer complete.
2017-06-13 00:00:44 (1.15 MB/s) - ‘./domain/in-addr.arpa.zone.sha256’ saved [92]

Remote file is newer than local file ‘./domain/ip6.arpa’ -- retrieving.

--2017-06-13 00:00:44--  ftp://ftp.internic.net/domain/ip6.arpa
           => ‘./domain/ip6.arpa’
==> CWD not required.
--> PASV

227 Entering Passive Mode (192,0,32,9,42,105)
--> RETR ip6.arpa

150 Opening BINARY mode data connection for ip6.arpa (61264 bytes).
Length: 61264 (60K)

     0K .......... .......... .......... .......... .......... 83% 71.6K 0s
    50K .........                                             100% 74.4M=0.7s

226 Transfer complete.
2017-06-13 00:00:46 (85.7 KB/s) - ‘./domain/ip6.arpa’ saved [61264]

Remote file is newer than local file ‘./domain/ip6.arpa.gz’ -- retrieving.

--2017-06-13 00:00:46--  ftp://ftp.internic.net/domain/ip6.arpa.gz
           => ‘./domain/ip6.arpa.gz’
==> CWD not required.
--> PASV

227 Entering Passive Mode (192,0,32,9,83,165)
--> RETR ip6.arpa.gz

150 Opening BINARY mode data connection for ip6.arpa.gz (24268 bytes).
Length: 24268 (24K)

     0K .......... .......... ...                             100% 89.8K=0.3s

226 Transfer complete.
2017-06-13 00:00:47 (89.8 KB/s) - ‘./domain/ip6.arpa.gz’ saved [24268]

Remote file is newer than local file ‘./domain/ip6.arpa.gz.md5’ -- retrieving.

--2017-06-13 00:00:47--  ftp://ftp.internic.net/domain/ip6.arpa.gz.md5
           => ‘./domain/ip6.arpa.gz.md5’
==> CWD not required.
--> PASV

227 Entering Passive Mode (192,0,32,9,229,22)
--> RETR ip6.arpa.gz.md5

150 Opening BINARY mode data connection for ip6.arpa.gz.md5 (51 bytes).
Length: 51

     0K                                                       100% 30.4K=0.002s

226 Transfer complete.
2017-06-13 00:00:48 (30.4 KB/s) - ‘./domain/ip6.arpa.gz.md5’ saved [51]

Remote file is newer than local file ‘./domain/ip6.arpa.gz.sha256’ -- retrieving.

--2017-06-13 00:00:48--  ftp://ftp.internic.net/domain/ip6.arpa.gz.sha256
           => ‘./domain/ip6.arpa.gz.sha256’
==> CWD not required.
--> PASV

227 Entering Passive Mode (192,0,32,9,57,42)
--> RETR ip6.arpa.gz.sha256

150 Opening BINARY mode data connection for ip6.arpa.gz.sha256 (86 bytes).
Length: 86

     0K                                                       100% 1.21M=0s

226 Transfer complete.
2017-06-13 00:00:49 (1.21 MB/s) - ‘./domain/ip6.arpa.gz.sha256’ saved [86]

Remote file is newer than local file ‘./domain/ip6.arpa.md5’ -- retrieving.

--2017-06-13 00:00:49--  ftp://ftp.internic.net/domain/ip6.arpa.md5
           => ‘./domain/ip6.arpa.md5’
==> CWD not required.
--> PASV

227 Entering Passive Mode (192,0,32,9,231,75)
--> RETR ip6.arpa.md5

150 Opening BINARY mode data connection for ip6.arpa.md5 (48 bytes).
Length: 48

     0K                                                       100%  572K=0s

226 Transfer complete.
2017-06-13 00:00:51 (572 KB/s) - ‘./domain/ip6.arpa.md5’ saved [48]

Remote file is newer than local file ‘./domain/ip6.arpa.sha256’ -- retrieving.

--2017-06-13 00:00:51--  ftp://ftp.internic.net/domain/ip6.arpa.sha256
           => ‘./domain/ip6.arpa.sha256’
==> CWD not required.
--> PASV

227 Entering Passive Mode (192,0,32,9,132,103)
--> RETR ip6.arpa.sha256

150 Opening BINARY mode data connection for ip6.arpa.sha256 (83 bytes).
Length: 83

     0K                                                       100% 1.13M=0s

226 Transfer complete.
2017-06-13 00:00:52 (1.13 MB/s) - ‘./domain/ip6.arpa.sha256’ saved [83]

Remote file is newer than local file ‘./domain/ip6.arpa.zone’ -- retrieving.

--2017-06-13 00:00:52--  ftp://ftp.internic.net/domain/ip6.arpa.zone
           => ‘./domain/ip6.arpa.zone’
==> CWD not required.
--> PASV

227 Entering Passive Mode (192,0,32,9,41,48)
--> RETR ip6.arpa.zone

150 Opening BINARY mode data connection for ip6.arpa.zone (61264 bytes).
Length: 61264 (60K)

     0K .......... .......... .......... .......... .......... 83% 88.7K 0s
    50K .........                                             100% 1.35M=0.6s

226 Transfer complete.
2017-06-13 00:00:54 (105 KB/s) - ‘./domain/ip6.arpa.zone’ saved [61264]

Remote file is newer than local file ‘./domain/ip6.arpa.zone.gz’ -- retrieving.

--2017-06-13 00:00:54--  ftp://ftp.internic.net/domain/ip6.arpa.zone.gz
           => ‘./domain/ip6.arpa.zone.gz’
==> CWD not required.
--> PASV

227 Entering Passive Mode (192,0,32,9,41,111)
--> RETR ip6.arpa.zone.gz

150 Opening BINARY mode data connection for ip6.arpa.zone.gz (24268 bytes).
Length: 24268 (24K)

     0K .......... .......... ...                             100% 76.6K=0.3s

226 Transfer complete.
2017-06-13 00:00:55 (76.6 KB/s) - ‘./domain/ip6.arpa.zone.gz’ saved [24268]

Remote file is newer than local file ‘./domain/ip6.arpa.zone.gz.md5’ -- retrieving.

--2017-06-13 00:00:55--  ftp://ftp.internic.net/domain/ip6.arpa.zone.gz.md5
           => ‘./domain/ip6.arpa.zone.gz.md5’
==> CWD not required.
--> PASV

227 Entering Passive Mode (192,0,32,9,42,73)
--> RETR ip6.arpa.zone.gz.md5

150 Opening BINARY mode data connection for ip6.arpa.zone.gz.md5 (56 bytes).
Length: 56

     0K                                                       100%  720K=0s

226 Transfer complete.
2017-06-13 00:00:56 (720 KB/s) - ‘./domain/ip6.arpa.zone.gz.md5’ saved [56]

Remote file is newer than local file ‘./domain/ip6.arpa.zone.gz.sha256’ -- retrieving.

--2017-06-13 00:00:56--  ftp://ftp.internic.net/domain/ip6.arpa.zone.gz.sha256
           => ‘./domain/ip6.arpa.zone.gz.sha256’
==> CWD not required.
--> PASV

227 Entering Passive Mode (192,0,32,9,234,60)
--> RETR ip6.arpa.zone.gz.sha256

150 Opening BINARY mode data connection for ip6.arpa.zone.gz.sha256 (91 bytes).
Length: 91

     0K                                                       100% 1.08M=0s

226 Transfer complete.
2017-06-13 00:00:57 (1.08 MB/s) - ‘./domain/ip6.arpa.zone.gz.sha256’ saved [91]

Remote file is newer than local file ‘./domain/ip6.arpa.zone.md5’ -- retrieving.

--2017-06-13 00:00:57--  ftp://ftp.internic.net/domain/ip6.arpa.zone.md5
           => ‘./domain/ip6.arpa.zone.md5’
==> CWD not required.
--> PASV

227 Entering Passive Mode (192,0,32,9,238,162)
--> RETR ip6.arpa.zone.md5

150 Opening BINARY mode data connection for ip6.arpa.zone.md5 (53 bytes).
Length: 53

     0K                                                       100%  624K=0s

226 Transfer complete.
2017-06-13 00:00:59 (624 KB/s) - ‘./domain/ip6.arpa.zone.md5’ saved [53]

Remote file is newer than local file ‘./domain/ip6.arpa.zone.sha256’ -- retrieving.

--2017-06-13 00:00:59--  ftp://ftp.internic.net/domain/ip6.arpa.zone.sha256
           => ‘./domain/ip6.arpa.zone.sha256’
==> CWD not required.
--> PASV

227 Entering Passive Mode (192,0,32,9,42,153)
--> RETR ip6.arpa.zone.sha256

150 Opening BINARY mode data connection for ip6.arpa.zone.sha256 (88 bytes).
Length: 88

     0K                                                       100% 1.17M=0s

226 Transfer complete.
2017-06-13 00:01:00 (1.17 MB/s) - ‘./domain/ip6.arpa.zone.sha256’ saved [88]

Remote file is newer than local file ‘./domain/last_update.txt’ -- retrieving.

--2017-06-13 00:01:00--  ftp://ftp.internic.net/domain/last_update.txt
           => ‘./domain/last_update.txt’
==> CWD not required.
--> PASV

227 Entering Passive Mode (192,0,32,9,36,189)
--> RETR last_update.txt

150 Opening BINARY mode data connection for last_update.txt (21 bytes).
Length: 21

     0K                                                       100%  225K=0s

226 Transfer complete.
2017-06-13 00:01:01 (225 KB/s) - ‘./domain/last_update.txt’ saved [21]

Remote file no newer than local file ‘./domain/named.cache’ -- not retrieving.
Remote file no newer than local file ‘./domain/named.cache.md5’ -- not retrieving.
Remote file no newer than local file ‘./domain/named.cache.sig’ -- not retrieving.
Remote file no newer than local file ‘./domain/named.root’ -- not retrieving.
Remote file no newer than local file ‘./domain/named.root.md5’ -- not retrieving.
Remote file no newer than local file ‘./domain/named.root.sig’ -- not retrieving.
Remote file no newer than local file ‘./domain/root-servers.net.zone’ -- not retrieving.
Remote file no newer than local file ‘./domain/root-servers.net.zone.gz’ -- not retrieving.
Remote file no newer than local file ‘./domain/root-servers.net.zone.gz.md5’ -- not retrieving.
Remote file no newer than local file ‘./domain/root-servers.net.zone.gz.sig’ -- not retrieving.
Remote file is newer than local file ‘./domain/root.zone’ -- retrieving.

--2017-06-13 00:01:01--  ftp://ftp.internic.net/domain/root.zone
           => ‘./domain/root.zone’
==> CWD not required.
--> PASV

227 Entering Passive Mode (192,0,32,9,144,233)
--> RETR root.zone

150 Opening BINARY mode data connection for root.zone (2239304 bytes).
Length: 2239304 (2.1M)

     0K .......... .......... .......... .......... ..........  2% 71.3K 30s
    50K .......... .......... .......... .......... ..........  4%  164K 21s
   100K .......... .......... .......... .......... ..........  6% 1.08M 14s
   150K .......... .......... .......... .......... ..........  9%  163K 13s
   200K .......... .......... .......... .......... .......... 11%  180K 13s
   250K .......... .......... .......... .......... .......... 13%  407K 11s
   300K .......... .......... .......... .......... .......... 16%  237K 10s
   350K .......... .......... .......... .......... .......... 18%  192K 10s
   400K .......... .......... .......... .......... .......... 20%  617K 9s
   450K .......... .......... .......... .......... .......... 22%  239K 8s
   500K .......... .......... .......... .......... .......... 25%  554K 8s
   550K .......... .......... .......... .......... .......... 27%  209K 8s
   600K .......... .......... .......... .......... .......... 29%  416K 7s
   650K .......... .......... .......... .......... .......... 32%  282K 7s
   700K .......... .......... .......... .......... .......... 34%  525K 6s
   750K .......... .......... .......... .......... .......... 36%  335K 6s
   800K .......... .......... .......... .......... .......... 38%  396K 6s
   850K .......... .......... .......... .......... .......... 41%  459K 5s
   900K .......... .......... .......... .......... .......... 43%  370K 5s
   950K .......... .......... .......... .......... .......... 45%  440K 5s
  1000K .......... .......... .......... .......... .......... 48%  149K 5s
  1050K .......... .......... .......... .......... .......... 50% 55.7M 4s
  1100K .......... .......... .......... .......... .......... 52% 1.03M 4s
  1150K .......... .......... .......... .......... .......... 54%  339K 4s
  1200K .......... .......... .......... .......... .......... 57%  323K 3s
  1250K .......... .......... .......... .......... .......... 59%  341K 3s
  1300K .......... .......... .......... .......... .......... 61%  345K 3s
  1350K .......... .......... .......... .......... .......... 64%  353K 3s
  1400K .......... .......... .......... .......... .......... 66%  348K 3s
  1450K .......... .......... .......... .......... .......... 68%  412K 2s
  1500K .......... .......... .......... .......... .......... 70%  134K 2s
  1550K .......... .......... .......... .......... .......... 73%  282K 2s
  1600K .......... .......... .......... .......... .......... 75% 79.3M 2s
  1650K .......... .......... .......... .......... .......... 77%  718K 2s
  1700K .......... .......... .......... .......... .......... 80%  235K 2s
  1750K .......... .......... .......... .......... .......... 82%  366K 1s
  1800K .......... .......... .......... .......... .......... 84%  313K 1s
  1850K .......... .......... .......... .......... .......... 86%  268K 1s
  1900K .......... .......... .......... .......... .......... 89%  325K 1s
  1950K .......... .......... .......... .......... .......... 91%  276K 1s
  2000K .......... .......... .......... .......... .......... 93%  365K 0s
  2050K .......... .......... .......... .......... .......... 96%  322K 0s
  2100K .......... .......... .......... .......... .......... 98%  389K 0s
  2150K .......... .......... .......... ......               100%  337K=7.4s

226 Transfer complete.
2017-06-13 00:01:10 (294 KB/s) - ‘./domain/root.zone’ saved [2239304]

The sizes do not match (local 1051522) -- retrieving.

--2017-06-13 00:01:10--  ftp://ftp.internic.net/domain/root.zone.gz
           => ‘./domain/root.zone.gz’
==> CWD not required.
--> PASV

227 Entering Passive Mode (192,0,32,9,41,112)
--> RETR root.zone.gz

150 Opening BINARY mode data connection for root.zone.gz (1051551 bytes).
Length: 1051551 (1.0M)

     0K .......... .......... .......... .......... ..........  4% 85.6K 11s
    50K .......... .......... .......... .......... ..........  9% 80.0K 11s
   100K .......... .......... .......... .......... .......... 14%  158K 9s
   150K .......... .......... .......... .......... .......... 19%  163K 8s
   200K .......... .......... .......... .......... .......... 24%  716K 6s
   250K .......... .......... .......... .......... .......... 29%  155K 5s
   300K .......... .......... .......... .......... .......... 34%  187K 5s
   350K .......... .......... .......... .......... .......... 38%  190K 4s
   400K .......... .......... .......... .......... .......... 43%  165K 4s
   450K .......... .......... .......... .......... .......... 48% 1.07M 3s
   500K .......... .......... .......... .......... .......... 53%  181K 3s
   550K .......... .......... .......... .......... .......... 58%  169K 3s
   600K .......... .......... .......... .......... .......... 63%  126K 2s
   650K .......... .......... .......... .......... .......... 68% 81.9M 2s
   700K .......... .......... .......... .......... .......... 73%  348K 2s
   750K .......... .......... .......... .......... .......... 77%  178K 1s
   800K .......... .......... .......... .......... .......... 82%  182K 1s
   850K .......... .......... .......... .......... .......... 87%  450K 1s
   900K .......... .......... .......... .......... .......... 92%  202K 0s
   950K .......... .......... .......... .......... .......... 97%  210K 0s
  1000K .......... .......... ......                          100%  629K=5.4s

226 Transfer complete.
2017-06-13 00:01:16 (190 KB/s) - ‘./domain/root.zone.gz’ saved [1051551]

Remote file is newer than local file ‘./domain/root.zone.gz.md5’ -- retrieving.

--2017-06-13 00:01:16--  ftp://ftp.internic.net/domain/root.zone.gz.md5
           => ‘./domain/root.zone.gz.md5’
==> CWD not required.
--> PASV

227 Entering Passive Mode (192,0,32,9,241,71)
--> RETR root.zone.gz.md5

150 Opening BINARY mode data connection for root.zone.gz.md5 (33 bytes).
Length: 33

     0K                                                       100%  332K=0s

226 Transfer complete.
2017-06-13 00:01:18 (332 KB/s) - ‘./domain/root.zone.gz.md5’ saved [33]

Remote file is newer than local file ‘./domain/root.zone.gz.sig’ -- retrieving.

--2017-06-13 00:01:18--  ftp://ftp.internic.net/domain/root.zone.gz.sig
           => ‘./domain/root.zone.gz.sig’
==> CWD not required.
--> PASV

227 Entering Passive Mode (192,0,32,9,189,177)
--> RETR root.zone.gz.sig

150 Opening BINARY mode data connection for root.zone.gz.sig (72 bytes).
Length: 72

     0K                                                       100% 1019K=0s

226 Transfer complete.
2017-06-13 00:01:19 (1019 KB/s) - ‘./domain/root.zone.gz.sig’ saved [72]

Remote file is newer than local file ‘./domain/root.zone.md5’ -- retrieving.

--2017-06-13 00:01:19--  ftp://ftp.internic.net/domain/root.zone.md5
           => ‘./domain/root.zone.md5’
==> CWD not required.
--> PASV

227 Entering Passive Mode (192,0,32,9,166,90)
--> RETR root.zone.md5

150 Opening BINARY mode data connection for root.zone.md5 (33 bytes).
Length: 33

     0K                                                       100%  290K=0s

226 Transfer complete.
2017-06-13 00:01:22 (290 KB/s) - ‘./domain/root.zone.md5’ saved [33]

Remote file is newer than local file ‘./domain/root.zone.sig’ -- retrieving.

--2017-06-13 00:01:22--  ftp://ftp.internic.net/domain/root.zone.sig
           => ‘./domain/root.zone.sig’
==> CWD not required.
--> PASV

227 Entering Passive Mode (192,0,32,9,230,79)
--> RETR root.zone.sig

150 Opening BINARY mode data connection for root.zone.sig (72 bytes).
Length: 72

     0K                                                       100% 1.01M=0s

226 Transfer complete.
2017-06-13 00:01:23 (1.01 MB/s) - ‘./domain/root.zone.sig’ saved [72]

FINISHED --2017-06-13 00:01:23--
Total wall clock time: 1m 20s
Downloaded: 40 files, 3.9M in 21s (190 KB/s)
