--2017-05-12 00:00:03--  ftp://ftp.internic.net/*
           => ‘./.listing’
Resolving ftp.internic.net (ftp.internic.net)... 192.0.32.9, 2620:0:2d0:200::9
Connecting to ftp.internic.net (ftp.internic.net)|192.0.32.9|:21... connected.
Logging in as anonymous ... 
220 Internic FTP Server
--> USER anonymous

331 Please specify the password.
--> PASS Turtle Power!

230 Login successful.
--> SYST

215 UNIX Type: L8
--> PWD

257 "/"
--> TYPE I

200 Switching to Binary mode.
==> CWD not needed.
--> PASV

227 Entering Passive Mode (192,0,32,9,208,106)
--> LIST -a

150 Here comes the directory listing.

     0K                                                         350K=0.001s

226 Directory send OK.
drwxr-xr-x    3 ftp      ftp          4096 Apr 04  2012 .
drwxr-xr-x    3 ftp      ftp          4096 Apr 04  2012 ..
drwxr-xr-x    2 ftp      ftp          4096 Sep 09  2015 domain
2017-05-12 00:00:14 (350 KB/s) - ‘./.listing’ saved [183]

--2017-05-12 00:00:15--  ftp://ftp.internic.net/domain/*
           => ‘./domain/.listing’
--> CWD /domain

250 Directory successfully changed.
--> PASV

227 Entering Passive Mode (192,0,32,9,61,119)
--> LIST -a

150 Here comes the directory listing.

     0K ...                                                    2.07M=0.002s

226 Directory send OK.
drwxr-xr-x    2 ftp      ftp          4096 Sep 09  2015 .
drwxr-xr-x    3 ftp      ftp          4096 Apr 04  2012 ..
-rw-r--r--    1 ftp      ftp          1829 Aug 18  2015 .listing
-rw-r--r--    1 ftp      ftp          1224 May 11 12:16 INTERNIC_ROOT_ZONE.signatures
-rw-r--r--    1 ftp      ftp          1469 May 11 12:16 INTERNIC_ROOT_ZONE.signatures.asc
-rw-r--r--    1 ftp      ftp         15228 May 11 12:16 arpa.zone
-rw-r--r--    1 ftp      ftp          6663 May 11 12:16 arpa.zone.gz
-rw-r--r--    1 ftp      ftp            33 May 11 12:16 arpa.zone.gz.md5
-rw-r--r--    1 ftp      ftp            72 May 11 12:16 arpa.zone.gz.sig
-rw-r--r--    1 ftp      ftp          3289 Apr 11 15:01 db.cache
-rw-r--r--    1 ftp      ftp            33 Apr 11 15:01 db.cache.md5
-rw-r--r--    1 ftp      ftp            72 Apr 11 15:01 db.cache.sig
-rw-r--r--    1 ftp      ftp        230486 May 11 15:41 in-addr.arpa
-rw-r--r--    1 ftp      ftp         89786 May 11 15:41 in-addr.arpa.gz
-rw-r--r--    1 ftp      ftp            55 May 11 15:41 in-addr.arpa.gz.md5
-rw-r--r--    1 ftp      ftp            90 May 11 15:41 in-addr.arpa.gz.sha256
-rw-r--r--    1 ftp      ftp            52 May 11 15:41 in-addr.arpa.md5
-rw-r--r--    1 ftp      ftp            87 May 11 15:41 in-addr.arpa.sha256
-rw-r--r--    1 ftp      ftp        230486 May 11 15:41 in-addr.arpa.zone
-rw-r--r--    1 ftp      ftp         89786 May 11 15:41 in-addr.arpa.zone.gz
-rw-r--r--    1 ftp      ftp            60 May 11 15:41 in-addr.arpa.zone.gz.md5
-rw-r--r--    1 ftp      ftp            95 May 11 15:41 in-addr.arpa.zone.gz.sha256
-rw-r--r--    1 ftp      ftp            57 May 11 15:41 in-addr.arpa.zone.md5
-rw-r--r--    1 ftp      ftp            92 May 11 15:41 in-addr.arpa.zone.sha256
-rw-r--r--    1 ftp      ftp         62071 May 11 15:41 ip6.arpa
-rw-r--r--    1 ftp      ftp         24375 May 11 15:41 ip6.arpa.gz
-rw-r--r--    1 ftp      ftp            51 May 11 15:41 ip6.arpa.gz.md5
-rw-r--r--    1 ftp      ftp            86 May 11 15:41 ip6.arpa.gz.sha256
-rw-r--r--    1 ftp      ftp            48 May 11 15:41 ip6.arpa.md5
-rw-r--r--    1 ftp      ftp            83 May 11 15:41 ip6.arpa.sha256
-rw-r--r--    1 ftp      ftp         62071 May 11 15:41 ip6.arpa.zone
-rw-r--r--    1 ftp      ftp         24375 May 11 15:41 ip6.arpa.zone.gz
-rw-r--r--    1 ftp      ftp            56 May 11 15:41 ip6.arpa.zone.gz.md5
-rw-r--r--    1 ftp      ftp            91 May 11 15:41 ip6.arpa.zone.gz.sha256
-rw-r--r--    1 ftp      ftp            53 May 11 15:41 ip6.arpa.zone.md5
-rw-r--r--    1 ftp      ftp            88 May 11 15:41 ip6.arpa.zone.sha256
-rw-r--r--    1 ftp      ftp            21 May 11 15:41 last_update.txt
-rw-r--r--    1 ftp      ftp          3289 Apr 11 15:01 named.cache
-rw-r--r--    1 ftp      ftp            33 Apr 11 15:01 named.cache.md5
-rw-r--r--    1 ftp      ftp            72 Apr 11 15:01 named.cache.sig
-rw-r--r--    1 ftp      ftp          3289 Apr 11 15:01 named.root
-rw-r--r--    1 ftp      ftp            33 Apr 11 15:01 named.root.md5
-rw-r--r--    1 ftp      ftp            72 Apr 11 15:01 named.root.sig
-rw-r--r--    1 ftp      ftp          2110 Apr 11 15:01 root-servers.net.zone
-rw-r--r--    1 ftp      ftp           576 Apr 11 15:01 root-servers.net.zone.gz
-rw-r--r--    1 ftp      ftp            33 Apr 11 15:01 root-servers.net.zone.gz.md5
-rw-r--r--    1 ftp      ftp            72 Apr 11 15:01 root-servers.net.zone.gz.sig
-rw-r--r--    1 ftp      ftp       2235925 May 11 05:08 root.zone
-rw-r--r--    1 ftp      ftp       1050227 May 11 05:08 root.zone.gz
-rw-r--r--    1 ftp      ftp            33 May 11 05:08 root.zone.gz.md5
-rw-r--r--    1 ftp      ftp            72 May 11 05:08 root.zone.gz.sig
-rw-r--r--    1 ftp      ftp            33 May 11 05:08 root.zone.md5
-rw-r--r--    1 ftp      ftp            72 May 11 05:08 root.zone.sig
2017-05-12 00:00:16 (2.07 MB/s) - ‘./domain/.listing’ saved [3930]

The sizes do not match (local 3930) -- retrieving.

--2017-05-12 00:00:16--  ftp://ftp.internic.net/domain/.listing
           => ‘./domain/.listing’
==> CWD not required.
--> PASV

227 Entering Passive Mode (192,0,32,9,7,87)
--> RETR .listing

150 Opening BINARY mode data connection for .listing (1829 bytes).
Length: 1829 (1.8K)

     0K .                                                     100% 15.3M=0s

226 Transfer complete.
2017-05-12 00:00:18 (15.3 MB/s) - ‘./domain/.listing’ saved [1829]

Remote file is newer than local file ‘./domain/INTERNIC_ROOT_ZONE.signatures’ -- retrieving.

--2017-05-12 00:00:18--  ftp://ftp.internic.net/domain/INTERNIC_ROOT_ZONE.signatures
           => ‘./domain/INTERNIC_ROOT_ZONE.signatures’
==> CWD not required.
--> PASV

227 Entering Passive Mode (192,0,32,9,230,177)
--> RETR INTERNIC_ROOT_ZONE.signatures

150 Opening BINARY mode data connection for INTERNIC_ROOT_ZONE.signatures (1224 bytes).
Length: 1224 (1.2K)

     0K .                                                     100% 1.96M=0.001s

226 Transfer complete.
2017-05-12 00:00:19 (1.96 MB/s) - ‘./domain/INTERNIC_ROOT_ZONE.signatures’ saved [1224]

Remote file is newer than local file ‘./domain/INTERNIC_ROOT_ZONE.signatures.asc’ -- retrieving.

--2017-05-12 00:00:19--  ftp://ftp.internic.net/domain/INTERNIC_ROOT_ZONE.signatures.asc
           => ‘./domain/INTERNIC_ROOT_ZONE.signatures.asc’
==> CWD not required.
--> PASV

227 Entering Passive Mode (192,0,32,9,42,23)
--> RETR INTERNIC_ROOT_ZONE.signatures.asc

150 Opening BINARY mode data connection for INTERNIC_ROOT_ZONE.signatures.asc (1469 bytes).
Length: 1469 (1.4K)

     0K .                                                     100% 12.2M=0s

226 Transfer complete.
2017-05-12 00:00:20 (12.2 MB/s) - ‘./domain/INTERNIC_ROOT_ZONE.signatures.asc’ saved [1469]

Remote file is newer than local file ‘./domain/arpa.zone’ -- retrieving.

--2017-05-12 00:00:20--  ftp://ftp.internic.net/domain/arpa.zone
           => ‘./domain/arpa.zone’
==> CWD not required.
--> PASV

227 Entering Passive Mode (192,0,32,9,22,59)
--> RETR arpa.zone

150 Opening BINARY mode data connection for arpa.zone (15228 bytes).
Length: 15228 (15K)

     0K .......... ....                                       100% 1.99M=0.007s

226 Transfer complete.
2017-05-12 00:00:21 (1.99 MB/s) - ‘./domain/arpa.zone’ saved [15228]

The sizes do not match (local 6660) -- retrieving.

--2017-05-12 00:00:21--  ftp://ftp.internic.net/domain/arpa.zone.gz
           => ‘./domain/arpa.zone.gz’
==> CWD not required.
--> PASV

227 Entering Passive Mode (192,0,32,9,139,166)
--> RETR arpa.zone.gz

150 Opening BINARY mode data connection for arpa.zone.gz (6663 bytes).
Length: 6663 (6.5K)

     0K ......                                                100% 3.63M=0.002s

226 Transfer complete.
2017-05-12 00:00:23 (3.63 MB/s) - ‘./domain/arpa.zone.gz’ saved [6663]

Remote file is newer than local file ‘./domain/arpa.zone.gz.md5’ -- retrieving.

--2017-05-12 00:00:23--  ftp://ftp.internic.net/domain/arpa.zone.gz.md5
           => ‘./domain/arpa.zone.gz.md5’
==> CWD not required.
--> PASV

227 Entering Passive Mode (192,0,32,9,47,191)
--> RETR arpa.zone.gz.md5

150 Opening BINARY mode data connection for arpa.zone.gz.md5 (33 bytes).
Length: 33

     0K                                                       100%  826K=0s

226 Transfer complete.
2017-05-12 00:00:24 (826 KB/s) - ‘./domain/arpa.zone.gz.md5’ saved [33]

Remote file is newer than local file ‘./domain/arpa.zone.gz.sig’ -- retrieving.

--2017-05-12 00:00:24--  ftp://ftp.internic.net/domain/arpa.zone.gz.sig
           => ‘./domain/arpa.zone.gz.sig’
==> CWD not required.
--> PASV

227 Entering Passive Mode (192,0,32,9,79,53)
--> RETR arpa.zone.gz.sig

150 Opening BINARY mode data connection for arpa.zone.gz.sig (72 bytes).
Length: 72

     0K                                                       100% 1.60M=0s

226 Transfer complete.
2017-05-12 00:00:25 (1.60 MB/s) - ‘./domain/arpa.zone.gz.sig’ saved [72]

Remote file no newer than local file ‘./domain/db.cache’ -- not retrieving.
Remote file no newer than local file ‘./domain/db.cache.md5’ -- not retrieving.
Remote file no newer than local file ‘./domain/db.cache.sig’ -- not retrieving.
The sizes do not match (local 230454) -- retrieving.

--2017-05-12 00:00:25--  ftp://ftp.internic.net/domain/in-addr.arpa
           => ‘./domain/in-addr.arpa’
==> CWD not required.
--> PASV

227 Entering Passive Mode (192,0,32,9,103,119)
--> RETR in-addr.arpa

150 Opening BINARY mode data connection for in-addr.arpa (230486 bytes).
Length: 230486 (225K)

     0K .......... .......... .......... .......... .......... 22% 88.1K 2s
    50K .......... .......... .......... .......... .......... 44%  180K 1s
   100K .......... .......... .......... .......... .......... 66% 8.61M 0s
   150K .......... .......... .......... .......... .......... 88%  180K 0s
   200K .......... .......... .....                           100% 45.4K=1.7s

226 Transfer complete.
2017-05-12 00:00:27 (134 KB/s) - ‘./domain/in-addr.arpa’ saved [230486]

The sizes do not match (local 89652) -- retrieving.

--2017-05-12 00:00:27--  ftp://ftp.internic.net/domain/in-addr.arpa.gz
           => ‘./domain/in-addr.arpa.gz’
==> CWD not required.
--> PASV

227 Entering Passive Mode (192,0,32,9,42,103)
--> RETR in-addr.arpa.gz

150 Opening BINARY mode data connection for in-addr.arpa.gz (89786 bytes).
Length: 89786 (88K)

     0K .......... .......... .......... .......... .......... 57% 93.2K 0s
    50K .......... .......... .......... .......              100% 10.4M=0.5s

226 Transfer complete.
2017-05-12 00:00:29 (162 KB/s) - ‘./domain/in-addr.arpa.gz’ saved [89786]

Remote file is newer than local file ‘./domain/in-addr.arpa.gz.md5’ -- retrieving.

--2017-05-12 00:00:29--  ftp://ftp.internic.net/domain/in-addr.arpa.gz.md5
           => ‘./domain/in-addr.arpa.gz.md5’
==> CWD not required.
--> PASV

227 Entering Passive Mode (192,0,32,9,162,168)
--> RETR in-addr.arpa.gz.md5

150 Opening BINARY mode data connection for in-addr.arpa.gz.md5 (55 bytes).
Length: 55

     0K                                                       100%  208K=0s

226 Transfer complete.
2017-05-12 00:00:30 (208 KB/s) - ‘./domain/in-addr.arpa.gz.md5’ saved [55]

Remote file is newer than local file ‘./domain/in-addr.arpa.gz.sha256’ -- retrieving.

--2017-05-12 00:00:30--  ftp://ftp.internic.net/domain/in-addr.arpa.gz.sha256
           => ‘./domain/in-addr.arpa.gz.sha256’
==> CWD not required.
--> PASV

227 Entering Passive Mode (192,0,32,9,4,249)
--> RETR in-addr.arpa.gz.sha256

150 Opening BINARY mode data connection for in-addr.arpa.gz.sha256 (90 bytes).
Length: 90

     0K                                                       100%  433K=0s

226 Transfer complete.
2017-05-12 00:00:31 (433 KB/s) - ‘./domain/in-addr.arpa.gz.sha256’ saved [90]

Remote file is newer than local file ‘./domain/in-addr.arpa.md5’ -- retrieving.

--2017-05-12 00:00:31--  ftp://ftp.internic.net/domain/in-addr.arpa.md5
           => ‘./domain/in-addr.arpa.md5’
==> CWD not required.
--> PASV

227 Entering Passive Mode (192,0,32,9,165,229)
--> RETR in-addr.arpa.md5

150 Opening BINARY mode data connection for in-addr.arpa.md5 (52 bytes).
Length: 52

     0K                                                       100%  227K=0s

226 Transfer complete.
2017-05-12 00:00:34 (227 KB/s) - ‘./domain/in-addr.arpa.md5’ saved [52]

Remote file is newer than local file ‘./domain/in-addr.arpa.sha256’ -- retrieving.

--2017-05-12 00:00:34--  ftp://ftp.internic.net/domain/in-addr.arpa.sha256
           => ‘./domain/in-addr.arpa.sha256’
==> CWD not required.
--> PASV

227 Entering Passive Mode (192,0,32,9,41,185)
--> RETR in-addr.arpa.sha256

150 Opening BINARY mode data connection for in-addr.arpa.sha256 (87 bytes).
Length: 87

     0K                                                       100% 17.4K=0.005s

226 Transfer complete.
2017-05-12 00:00:35 (17.4 KB/s) - ‘./domain/in-addr.arpa.sha256’ saved [87]

The sizes do not match (local 230454) -- retrieving.

--2017-05-12 00:00:35--  ftp://ftp.internic.net/domain/in-addr.arpa.zone
           => ‘./domain/in-addr.arpa.zone’
==> CWD not required.
--> PASV

227 Entering Passive Mode (192,0,32,9,94,62)
--> RETR in-addr.arpa.zone

150 Opening BINARY mode data connection for in-addr.arpa.zone (230486 bytes).
Length: 230486 (225K)

     0K .......... .......... .......... .......... .......... 22% 92.7K 2s
    50K .......... .......... .......... .......... .......... 44%  187K 1s
   100K .......... .......... .......... .......... .......... 66% 6.06M 0s
   150K .......... .......... .......... .......... .......... 88%  188K 0s
   200K .......... .......... .....                           100% 95.0K=1.3s

226 Transfer complete.
2017-05-12 00:00:37 (167 KB/s) - ‘./domain/in-addr.arpa.zone’ saved [230486]

The sizes do not match (local 89652) -- retrieving.

--2017-05-12 00:00:37--  ftp://ftp.internic.net/domain/in-addr.arpa.zone.gz
           => ‘./domain/in-addr.arpa.zone.gz’
==> CWD not required.
--> PASV

227 Entering Passive Mode (192,0,32,9,247,7)
--> RETR in-addr.arpa.zone.gz

150 Opening BINARY mode data connection for in-addr.arpa.zone.gz (89786 bytes).
Length: 89786 (88K)

     0K .......... .......... .......... .......... .......... 57% 90.7K 0s
    50K .......... .......... .......... .......              100% 13.6M=0.6s

226 Transfer complete.
2017-05-12 00:00:39 (158 KB/s) - ‘./domain/in-addr.arpa.zone.gz’ saved [89786]

Remote file is newer than local file ‘./domain/in-addr.arpa.zone.gz.md5’ -- retrieving.

--2017-05-12 00:00:39--  ftp://ftp.internic.net/domain/in-addr.arpa.zone.gz.md5
           => ‘./domain/in-addr.arpa.zone.gz.md5’
==> CWD not required.
--> PASV

227 Entering Passive Mode (192,0,32,9,93,167)
--> RETR in-addr.arpa.zone.gz.md5

150 Opening BINARY mode data connection for in-addr.arpa.zone.gz.md5 (60 bytes).
Length: 60

     0K                                                       100%  528K=0s

226 Transfer complete.
2017-05-12 00:00:40 (528 KB/s) - ‘./domain/in-addr.arpa.zone.gz.md5’ saved [60]

Remote file is newer than local file ‘./domain/in-addr.arpa.zone.gz.sha256’ -- retrieving.

--2017-05-12 00:00:40--  ftp://ftp.internic.net/domain/in-addr.arpa.zone.gz.sha256
           => ‘./domain/in-addr.arpa.zone.gz.sha256’
==> CWD not required.
--> PASV

227 Entering Passive Mode (192,0,32,9,141,7)
--> RETR in-addr.arpa.zone.gz.sha256

150 Opening BINARY mode data connection for in-addr.arpa.zone.gz.sha256 (95 bytes).
Length: 95

     0K                                                       100% 2.16M=0s

226 Transfer complete.
2017-05-12 00:00:41 (2.16 MB/s) - ‘./domain/in-addr.arpa.zone.gz.sha256’ saved [95]

Remote file is newer than local file ‘./domain/in-addr.arpa.zone.md5’ -- retrieving.

--2017-05-12 00:00:41--  ftp://ftp.internic.net/domain/in-addr.arpa.zone.md5
           => ‘./domain/in-addr.arpa.zone.md5’
==> CWD not required.
--> PASV

227 Entering Passive Mode (192,0,32,9,180,254)
--> RETR in-addr.arpa.zone.md5

150 Opening BINARY mode data connection for in-addr.arpa.zone.md5 (57 bytes).
Length: 57

     0K                                                       100%  246K=0s

226 Transfer complete.
2017-05-12 00:00:45 (246 KB/s) - ‘./domain/in-addr.arpa.zone.md5’ saved [57]

Remote file is newer than local file ‘./domain/in-addr.arpa.zone.sha256’ -- retrieving.

--2017-05-12 00:00:45--  ftp://ftp.internic.net/domain/in-addr.arpa.zone.sha256
           => ‘./domain/in-addr.arpa.zone.sha256’
==> CWD not required.
--> PASV

227 Entering Passive Mode (192,0,32,9,237,103)
--> RETR in-addr.arpa.zone.sha256

150 Opening BINARY mode data connection for in-addr.arpa.zone.sha256 (92 bytes).
Length: 92

     0K                                                       100%  538K=0s

226 Transfer complete.
2017-05-12 00:00:46 (538 KB/s) - ‘./domain/in-addr.arpa.zone.sha256’ saved [92]

Remote file is newer than local file ‘./domain/ip6.arpa’ -- retrieving.

--2017-05-12 00:00:46--  ftp://ftp.internic.net/domain/ip6.arpa
           => ‘./domain/ip6.arpa’
==> CWD not required.
--> PASV

227 Entering Passive Mode (192,0,32,9,42,64)
--> RETR ip6.arpa

150 Opening BINARY mode data connection for ip6.arpa (62071 bytes).
Length: 62071 (61K)

     0K .......... .......... .......... .......... .......... 82% 91.2K 0s
    50K ..........                                            100% 6.03M=0.5s

226 Transfer complete.
2017-05-12 00:00:48 (110 KB/s) - ‘./domain/ip6.arpa’ saved [62071]

The sizes do not match (local 24299) -- retrieving.

--2017-05-12 00:00:48--  ftp://ftp.internic.net/domain/ip6.arpa.gz
           => ‘./domain/ip6.arpa.gz’
==> CWD not required.
--> PASV

227 Entering Passive Mode (192,0,32,9,41,126)
--> RETR ip6.arpa.gz

150 Opening BINARY mode data connection for ip6.arpa.gz (24375 bytes).
Length: 24375 (24K)

     0K .......... .......... ...                             100% 88.6K=0.3s

226 Transfer complete.
2017-05-12 00:00:49 (88.6 KB/s) - ‘./domain/ip6.arpa.gz’ saved [24375]

Remote file is newer than local file ‘./domain/ip6.arpa.gz.md5’ -- retrieving.

--2017-05-12 00:00:49--  ftp://ftp.internic.net/domain/ip6.arpa.gz.md5
           => ‘./domain/ip6.arpa.gz.md5’
==> CWD not required.
--> PASV

227 Entering Passive Mode (192,0,32,9,52,174)
--> RETR ip6.arpa.gz.md5

150 Opening BINARY mode data connection for ip6.arpa.gz.md5 (51 bytes).
Length: 51

     0K                                                       100%  906K=0s

226 Transfer complete.
2017-05-12 00:00:50 (906 KB/s) - ‘./domain/ip6.arpa.gz.md5’ saved [51]

Remote file is newer than local file ‘./domain/ip6.arpa.gz.sha256’ -- retrieving.

--2017-05-12 00:00:50--  ftp://ftp.internic.net/domain/ip6.arpa.gz.sha256
           => ‘./domain/ip6.arpa.gz.sha256’
==> CWD not required.
--> PASV

227 Entering Passive Mode (192,0,32,9,49,214)
--> RETR ip6.arpa.gz.sha256

150 Opening BINARY mode data connection for ip6.arpa.gz.sha256 (86 bytes).
Length: 86

     0K                                                       100%  737K=0s

226 Transfer complete.
2017-05-12 00:00:51 (737 KB/s) - ‘./domain/ip6.arpa.gz.sha256’ saved [86]

Remote file is newer than local file ‘./domain/ip6.arpa.md5’ -- retrieving.

--2017-05-12 00:00:51--  ftp://ftp.internic.net/domain/ip6.arpa.md5
           => ‘./domain/ip6.arpa.md5’
==> CWD not required.
--> PASV

227 Entering Passive Mode (192,0,32,9,107,140)
--> RETR ip6.arpa.md5

150 Opening BINARY mode data connection for ip6.arpa.md5 (48 bytes).
Length: 48

     0K                                                       100%  401K=0s

226 Transfer complete.
2017-05-12 00:00:53 (401 KB/s) - ‘./domain/ip6.arpa.md5’ saved [48]

Remote file is newer than local file ‘./domain/ip6.arpa.sha256’ -- retrieving.

--2017-05-12 00:00:53--  ftp://ftp.internic.net/domain/ip6.arpa.sha256
           => ‘./domain/ip6.arpa.sha256’
==> CWD not required.
--> PASV

227 Entering Passive Mode (192,0,32,9,233,233)
--> RETR ip6.arpa.sha256

150 Opening BINARY mode data connection for ip6.arpa.sha256 (83 bytes).
Length: 83

     0K                                                       100% 23.9K=0.003s

226 Transfer complete.
2017-05-12 00:00:54 (23.9 KB/s) - ‘./domain/ip6.arpa.sha256’ saved [83]

Remote file is newer than local file ‘./domain/ip6.arpa.zone’ -- retrieving.

--2017-05-12 00:00:54--  ftp://ftp.internic.net/domain/ip6.arpa.zone
           => ‘./domain/ip6.arpa.zone’
==> CWD not required.
--> PASV

227 Entering Passive Mode (192,0,32,9,210,21)
--> RETR ip6.arpa.zone

150 Opening BINARY mode data connection for ip6.arpa.zone (62071 bytes).
Length: 62071 (61K)

     0K .......... .......... .......... .......... .......... 82% 90.0K 0s
    50K ..........                                            100% 17.3M=0.6s

226 Transfer complete.
2017-05-12 00:00:55 (109 KB/s) - ‘./domain/ip6.arpa.zone’ saved [62071]

The sizes do not match (local 24299) -- retrieving.

--2017-05-12 00:00:55--  ftp://ftp.internic.net/domain/ip6.arpa.zone.gz
           => ‘./domain/ip6.arpa.zone.gz’
==> CWD not required.
--> PASV

227 Entering Passive Mode (192,0,32,9,41,164)
--> RETR ip6.arpa.zone.gz

150 Opening BINARY mode data connection for ip6.arpa.zone.gz (24375 bytes).
Length: 24375 (24K)

     0K .......... .......... ...                             100% 13.7M=0.002s

226 Transfer complete.
2017-05-12 00:00:58 (13.7 MB/s) - ‘./domain/ip6.arpa.zone.gz’ saved [24375]

Remote file is newer than local file ‘./domain/ip6.arpa.zone.gz.md5’ -- retrieving.

--2017-05-12 00:00:58--  ftp://ftp.internic.net/domain/ip6.arpa.zone.gz.md5
           => ‘./domain/ip6.arpa.zone.gz.md5’
==> CWD not required.
--> PASV

227 Entering Passive Mode (192,0,32,9,126,190)
--> RETR ip6.arpa.zone.gz.md5

150 Opening BINARY mode data connection for ip6.arpa.zone.gz.md5 (56 bytes).
Length: 56

     0K                                                       100%  399K=0s

226 Transfer complete.
2017-05-12 00:00:59 (399 KB/s) - ‘./domain/ip6.arpa.zone.gz.md5’ saved [56]

Remote file is newer than local file ‘./domain/ip6.arpa.zone.gz.sha256’ -- retrieving.

--2017-05-12 00:00:59--  ftp://ftp.internic.net/domain/ip6.arpa.zone.gz.sha256
           => ‘./domain/ip6.arpa.zone.gz.sha256’
==> CWD not required.
--> PASV

227 Entering Passive Mode (192,0,32,9,42,64)
--> RETR ip6.arpa.zone.gz.sha256

150 Opening BINARY mode data connection for ip6.arpa.zone.gz.sha256 (91 bytes).
Length: 91

     0K                                                       100% 75.6K=0.001s

226 Transfer complete.
2017-05-12 00:01:00 (75.6 KB/s) - ‘./domain/ip6.arpa.zone.gz.sha256’ saved [91]

Remote file is newer than local file ‘./domain/ip6.arpa.zone.md5’ -- retrieving.

--2017-05-12 00:01:00--  ftp://ftp.internic.net/domain/ip6.arpa.zone.md5
           => ‘./domain/ip6.arpa.zone.md5’
==> CWD not required.
--> PASV

227 Entering Passive Mode (192,0,32,9,245,2)
--> RETR ip6.arpa.zone.md5

150 Opening BINARY mode data connection for ip6.arpa.zone.md5 (53 bytes).
Length: 53

     0K                                                       100% 32.5K=0.002s

226 Transfer complete.
2017-05-12 00:01:01 (32.5 KB/s) - ‘./domain/ip6.arpa.zone.md5’ saved [53]

Remote file is newer than local file ‘./domain/ip6.arpa.zone.sha256’ -- retrieving.

--2017-05-12 00:01:01--  ftp://ftp.internic.net/domain/ip6.arpa.zone.sha256
           => ‘./domain/ip6.arpa.zone.sha256’
==> CWD not required.
--> PASV

227 Entering Passive Mode (192,0,32,9,42,96)
--> RETR ip6.arpa.zone.sha256

150 Opening BINARY mode data connection for ip6.arpa.zone.sha256 (88 bytes).
Length: 88

     0K                                                       100%  761K=0s

226 Transfer complete.
2017-05-12 00:01:02 (761 KB/s) - ‘./domain/ip6.arpa.zone.sha256’ saved [88]

Remote file is newer than local file ‘./domain/last_update.txt’ -- retrieving.

--2017-05-12 00:01:02--  ftp://ftp.internic.net/domain/last_update.txt
           => ‘./domain/last_update.txt’
==> CWD not required.
--> PASV

227 Entering Passive Mode (192,0,32,9,106,64)
--> RETR last_update.txt

150 Opening BINARY mode data connection for last_update.txt (21 bytes).
Length: 21

     0K                                                       100%  488K=0s

226 Transfer complete.
2017-05-12 00:01:03 (488 KB/s) - ‘./domain/last_update.txt’ saved [21]

Remote file no newer than local file ‘./domain/named.cache’ -- not retrieving.
Remote file no newer than local file ‘./domain/named.cache.md5’ -- not retrieving.
Remote file no newer than local file ‘./domain/named.cache.sig’ -- not retrieving.
Remote file no newer than local file ‘./domain/named.root’ -- not retrieving.
Remote file no newer than local file ‘./domain/named.root.md5’ -- not retrieving.
Remote file no newer than local file ‘./domain/named.root.sig’ -- not retrieving.
Remote file no newer than local file ‘./domain/root-servers.net.zone’ -- not retrieving.
Remote file no newer than local file ‘./domain/root-servers.net.zone.gz’ -- not retrieving.
Remote file no newer than local file ‘./domain/root-servers.net.zone.gz.md5’ -- not retrieving.
Remote file no newer than local file ‘./domain/root-servers.net.zone.gz.sig’ -- not retrieving.
Remote file is newer than local file ‘./domain/root.zone’ -- retrieving.

--2017-05-12 00:01:04--  ftp://ftp.internic.net/domain/root.zone
           => ‘./domain/root.zone’
==> CWD not required.
--> PASV

227 Entering Passive Mode (192,0,32,9,201,78)
--> RETR root.zone

150 Opening BINARY mode data connection for root.zone (2235925 bytes).
Length: 2235925 (2.1M)

     0K .......... .......... .......... .......... ..........  2% 94.0K 23s
    50K .......... .......... .......... .......... ..........  4%  186K 17s
   100K .......... .......... .......... .......... ..........  6%  187K 14s
   150K .......... .......... .......... .......... ..........  9%  191K 13s
   200K .......... .......... .......... .......... .......... 11% 61.9K 17s
   250K .......... .......... .......... .......... .......... 13% 17.4M 13s
   300K .......... .......... .......... .......... .......... 16% 73.1M 11s
   350K .......... .......... .......... .......... .......... 18% 89.4M 10s
   400K .......... .......... .......... .......... .......... 20%  194K 9s
   450K .......... .......... .......... .......... .......... 22% 62.2K 11s
   500K .......... .......... .......... .......... .......... 25% 10.4M 10s
   550K .......... .......... .......... .......... .......... 27%  196K 9s
   600K .......... .......... .......... .......... .......... 29%  186K 9s
   650K .......... .......... .......... .......... .......... 32%  185K 8s
   700K .......... .......... .......... .......... .......... 34%  188K 8s
   750K .......... .......... .......... .......... .......... 36%  194K 8s
   800K .......... .......... .......... .......... .......... 38%  191K 8s
   850K .......... .......... .......... .......... .......... 41% 93.0K 8s
   900K .......... .......... .......... .......... .......... 43% 18.6M 7s
   950K .......... .......... .......... .......... .......... 45%  193K 7s
  1000K .......... .......... .......... .......... .......... 48%  190K 6s
  1050K .......... .......... .......... .......... .......... 50% 92.9K 6s
  1100K .......... .......... .......... .......... .......... 52% 1.08M 6s
  1150K .......... .......... .......... .......... .......... 54%  105K 6s
  1200K .......... .......... .......... .......... .......... 57% 92.3K 6s
  1250K .......... .......... .......... .......... .......... 59%  191K 5s
  1300K .......... .......... .......... .......... .......... 61%  158K 5s
  1350K .......... .......... .......... .......... .......... 64%  101K 5s
  1400K .......... .......... .......... .......... .......... 66%  161K 4s
  1450K .......... .......... .......... .......... .......... 68% 74.7K 4s
  1500K .......... .......... .......... .......... .......... 70% 93.3K 4s
  1550K .......... .......... .......... .......... .......... 73%  124K 4s
  1600K .......... .......... .......... .......... .......... 75%  103K 4s
  1650K .......... .......... .......... .......... .......... 77% 92.6K 3s
  1700K .......... .......... .......... .......... .......... 80%  115K 3s
  1750K .......... .......... .......... .......... .......... 82%  109K 3s
  1800K .......... .......... .......... .......... .......... 84% 96.0K 2s
  1850K .......... .......... .......... .......... .......... 87% 94.1K 2s
  1900K .......... .......... .......... .......... .......... 89% 92.7K 2s
  1950K .......... .......... .......... .......... .......... 91% 67.1K 1s
  2000K .......... .......... .......... .......... .......... 93% 63.8K 1s
  2050K .......... .......... .......... .......... .......... 96% 74.5K 1s
  2100K .......... .......... .......... .......... .......... 98% 71.8K 0s
  2150K .......... .......... .......... ...                  100%  106K=17s

226 Transfer complete.
2017-05-12 00:01:22 (127 KB/s) - ‘./domain/root.zone’ saved [2235925]

The sizes do not match (local 1050234) -- retrieving.

--2017-05-12 00:01:22--  ftp://ftp.internic.net/domain/root.zone.gz
           => ‘./domain/root.zone.gz’
==> CWD not required.
--> PASV

227 Entering Passive Mode (192,0,32,9,41,62)
--> RETR root.zone.gz

150 Opening BINARY mode data connection for root.zone.gz (1050227 bytes).
Length: 1050227 (1.0M)

     0K .......... .......... .......... .......... ..........  4% 60.6K 16s
    50K .......... .......... .......... .......... ..........  9% 36.0K 20s
   100K .......... .......... .......... .......... .......... 14%  179K 15s
   150K .......... .......... .......... .......... .......... 19% 61.6K 14s
   200K .......... .......... .......... .......... .......... 24% 89.8K 12s
   250K .......... .......... .......... .......... .......... 29% 61.1K 11s
   300K .......... .......... .......... .......... .......... 34% 60.5K 11s
   350K .......... .......... .......... .......... .......... 39% 45.1K 10s
   400K .......... .......... .......... .......... .......... 43% 96.7K 9s
   450K .......... .......... .......... .......... .......... 48% 86.7K 8s
   500K .......... .......... .......... .......... .......... 53% 91.9K 7s
   550K .......... .......... .......... .......... .......... 58% 63.3K 6s
   600K .......... .......... .......... .......... .......... 63% 57.6K 6s
   650K .......... .......... .......... .......... .......... 68% 92.3K 5s
   700K .......... .......... .......... .......... .......... 73% 89.6K 4s
   750K .......... .......... .......... .......... .......... 78% 63.9K 3s
   800K .......... .......... .......... .......... .......... 82% 58.7K 3s
   850K .......... .......... .......... .......... .......... 87% 62.9K 2s
   900K .......... .......... .......... .......... .......... 92% 87.2K 1s
   950K .......... .......... .......... .......... .......... 97% 60.4K 0s
  1000K .......... .......... .....                           100%  112K=15s

226 Transfer complete.
2017-05-12 00:01:38 (68.1 KB/s) - ‘./domain/root.zone.gz’ saved [1050227]

Remote file is newer than local file ‘./domain/root.zone.gz.md5’ -- retrieving.

--2017-05-12 00:01:38--  ftp://ftp.internic.net/domain/root.zone.gz.md5
           => ‘./domain/root.zone.gz.md5’
==> CWD not required.
--> PASV

227 Entering Passive Mode (192,0,32,9,74,80)
--> RETR root.zone.gz.md5

150 Opening BINARY mode data connection for root.zone.gz.md5 (33 bytes).
Length: 33

     0K                                                       100% 61.4K=0.001s

226 Transfer complete.
2017-05-12 00:01:39 (61.4 KB/s) - ‘./domain/root.zone.gz.md5’ saved [33]

Remote file is newer than local file ‘./domain/root.zone.gz.sig’ -- retrieving.

--2017-05-12 00:01:39--  ftp://ftp.internic.net/domain/root.zone.gz.sig
           => ‘./domain/root.zone.gz.sig’
==> CWD not required.
--> PASV

227 Entering Passive Mode (192,0,32,9,169,179)
--> RETR root.zone.gz.sig

150 Opening BINARY mode data connection for root.zone.gz.sig (72 bytes).
Length: 72

     0K                                                       100%  628K=0s

226 Transfer complete.
2017-05-12 00:01:40 (628 KB/s) - ‘./domain/root.zone.gz.sig’ saved [72]

Remote file is newer than local file ‘./domain/root.zone.md5’ -- retrieving.

--2017-05-12 00:01:40--  ftp://ftp.internic.net/domain/root.zone.md5
           => ‘./domain/root.zone.md5’
==> CWD not required.
--> PASV

227 Entering Passive Mode (192,0,32,9,245,242)
--> RETR root.zone.md5

150 Opening BINARY mode data connection for root.zone.md5 (33 bytes).
Length: 33

     0K                                                       100% 9.40K=0.003s

226 Transfer complete.
2017-05-12 00:01:41 (9.40 KB/s) - ‘./domain/root.zone.md5’ saved [33]

Remote file is newer than local file ‘./domain/root.zone.sig’ -- retrieving.

--2017-05-12 00:01:41--  ftp://ftp.internic.net/domain/root.zone.sig
           => ‘./domain/root.zone.sig’
==> CWD not required.
--> PASV

227 Entering Passive Mode (192,0,32,9,42,183)
--> RETR root.zone.sig

150 Opening BINARY mode data connection for root.zone.sig (72 bytes).
Length: 72

     0K                                                       100% 16.4K=0.004s

226 Transfer complete.
2017-05-12 00:01:42 (16.4 KB/s) - ‘./domain/root.zone.sig’ saved [72]

FINISHED --2017-05-12 00:01:42--
Total wall clock time: 1m 40s
Downloaded: 40 files, 3.9M in 38s (107 KB/s)
