--2017-04-10 00:00:03--  ftp://ftp.internic.net/*
           => ‘./.listing’
Resolving ftp.internic.net (ftp.internic.net)... 192.0.32.9, 2620:0:2d0:200::9
Connecting to ftp.internic.net (ftp.internic.net)|192.0.32.9|:21... connected.
Logging in as anonymous ... 
220 Internic FTP Server
--> USER anonymous

331 Please specify the password.
--> PASS Turtle Power!

230 Login successful.
--> SYST

215 UNIX Type: L8
--> PWD

257 "/"
--> TYPE I

200 Switching to Binary mode.
==> CWD not needed.
--> PASV

227 Entering Passive Mode (192,0,32,9,126,159)
--> LIST -a

150 Here comes the directory listing.

     0K                                                        1004K=0s

226 Directory send OK.
drwxr-xr-x    3 ftp      ftp          4096 Apr 04  2012 .
drwxr-xr-x    3 ftp      ftp          4096 Apr 04  2012 ..
drwxr-xr-x    2 ftp      ftp          4096 Sep 09  2015 domain
2017-04-10 00:00:09 (1004 KB/s) - ‘./.listing’ saved [183]

--2017-04-10 00:00:09--  ftp://ftp.internic.net/domain/*
           => ‘./domain/.listing’
--> CWD /domain

250 Directory successfully changed.
--> PASV

227 Entering Passive Mode (192,0,32,9,189,252)
--> LIST -a

150 Here comes the directory listing.

     0K ...                                                    73.8K=0.05s

226 Directory send OK.
drwxr-xr-x    2 ftp      ftp          4096 Sep 09  2015 .
drwxr-xr-x    3 ftp      ftp          4096 Apr 04  2012 ..
-rw-r--r--    1 ftp      ftp          1829 Aug 18  2015 .listing
-rw-r--r--    1 ftp      ftp          1224 Apr 09 12:19 INTERNIC_ROOT_ZONE.signatures
-rw-r--r--    1 ftp      ftp          1469 Apr 09 12:19 INTERNIC_ROOT_ZONE.signatures.asc
-rw-r--r--    1 ftp      ftp         15438 Apr 09 12:19 arpa.zone
-rw-r--r--    1 ftp      ftp          6789 Apr 09 12:19 arpa.zone.gz
-rw-r--r--    1 ftp      ftp            33 Apr 09 12:19 arpa.zone.gz.md5
-rw-r--r--    1 ftp      ftp            72 Apr 09 12:19 arpa.zone.gz.sig
-rw-r--r--    1 ftp      ftp          3291 Oct 20 19:35 db.cache
-rw-r--r--    1 ftp      ftp            33 Oct 20 19:35 db.cache.md5
-rw-r--r--    1 ftp      ftp            72 Oct 20 19:35 db.cache.sig
-rw-r--r--    1 ftp      ftp        229871 Apr 09 15:40 in-addr.arpa
-rw-r--r--    1 ftp      ftp         90633 Apr 09 15:40 in-addr.arpa.gz
-rw-r--r--    1 ftp      ftp            55 Apr 09 15:40 in-addr.arpa.gz.md5
-rw-r--r--    1 ftp      ftp            90 Apr 09 15:40 in-addr.arpa.gz.sha256
-rw-r--r--    1 ftp      ftp            52 Apr 09 15:40 in-addr.arpa.md5
-rw-r--r--    1 ftp      ftp            87 Apr 09 15:40 in-addr.arpa.sha256
-rw-r--r--    1 ftp      ftp        229871 Apr 09 15:40 in-addr.arpa.zone
-rw-r--r--    1 ftp      ftp         90633 Apr 09 15:40 in-addr.arpa.zone.gz
-rw-r--r--    1 ftp      ftp            60 Apr 09 15:40 in-addr.arpa.zone.gz.md5
-rw-r--r--    1 ftp      ftp            95 Apr 09 15:40 in-addr.arpa.zone.gz.sha256
-rw-r--r--    1 ftp      ftp            57 Apr 09 15:40 in-addr.arpa.zone.md5
-rw-r--r--    1 ftp      ftp            92 Apr 09 15:40 in-addr.arpa.zone.sha256
-rw-r--r--    1 ftp      ftp         61853 Apr 09 15:40 ip6.arpa
-rw-r--r--    1 ftp      ftp         24441 Apr 09 15:40 ip6.arpa.gz
-rw-r--r--    1 ftp      ftp            51 Apr 09 15:40 ip6.arpa.gz.md5
-rw-r--r--    1 ftp      ftp            86 Apr 09 15:40 ip6.arpa.gz.sha256
-rw-r--r--    1 ftp      ftp            48 Apr 09 15:40 ip6.arpa.md5
-rw-r--r--    1 ftp      ftp            83 Apr 09 15:40 ip6.arpa.sha256
-rw-r--r--    1 ftp      ftp         61853 Apr 09 15:40 ip6.arpa.zone
-rw-r--r--    1 ftp      ftp         24441 Apr 09 15:40 ip6.arpa.zone.gz
-rw-r--r--    1 ftp      ftp            56 Apr 09 15:40 ip6.arpa.zone.gz.md5
-rw-r--r--    1 ftp      ftp            91 Apr 09 15:40 ip6.arpa.zone.gz.sha256
-rw-r--r--    1 ftp      ftp            53 Apr 09 15:40 ip6.arpa.zone.md5
-rw-r--r--    1 ftp      ftp            88 Apr 09 15:40 ip6.arpa.zone.sha256
-rw-r--r--    1 ftp      ftp            21 Apr 09 15:40 last_update.txt
-rw-r--r--    1 ftp      ftp          3291 Oct 20 19:35 named.cache
-rw-r--r--    1 ftp      ftp            33 Oct 20 19:35 named.cache.md5
-rw-r--r--    1 ftp      ftp            72 Oct 20 19:35 named.cache.sig
-rw-r--r--    1 ftp      ftp          3291 Oct 20 19:35 named.root
-rw-r--r--    1 ftp      ftp            33 Oct 20 19:35 named.root.md5
-rw-r--r--    1 ftp      ftp            72 Oct 20 19:35 named.root.sig
-rw-r--r--    1 ftp      ftp          2110 Oct 20 19:35 root-servers.net.zone
-rw-r--r--    1 ftp      ftp           574 Oct 20 19:35 root-servers.net.zone.gz
-rw-r--r--    1 ftp      ftp            33 Oct 20 19:35 root-servers.net.zone.gz.md5
-rw-r--r--    1 ftp      ftp            72 Oct 20 19:35 root-servers.net.zone.gz.sig
-rw-r--r--    1 ftp      ftp       2236427 Apr 09 05:08 root.zone
-rw-r--r--    1 ftp      ftp       1050353 Apr 09 05:08 root.zone.gz
-rw-r--r--    1 ftp      ftp            33 Apr 09 05:08 root.zone.gz.md5
-rw-r--r--    1 ftp      ftp            72 Apr 09 05:08 root.zone.gz.sig
-rw-r--r--    1 ftp      ftp            33 Apr 09 05:08 root.zone.md5
-rw-r--r--    1 ftp      ftp            72 Apr 09 05:08 root.zone.sig
2017-04-10 00:00:11 (73.8 KB/s) - ‘./domain/.listing’ saved [3930]

The sizes do not match (local 3930) -- retrieving.

--2017-04-10 00:00:11--  ftp://ftp.internic.net/domain/.listing
           => ‘./domain/.listing’
==> CWD not required.
--> PASV

227 Entering Passive Mode (192,0,32,9,6,2)
--> RETR .listing

150 Opening BINARY mode data connection for .listing (1829 bytes).
Length: 1829 (1.8K)

     0K .                                                     100% 13.8M=0s

226 Transfer complete.
2017-04-10 00:00:12 (13.8 MB/s) - ‘./domain/.listing’ saved [1829]

Remote file is newer than local file ‘./domain/INTERNIC_ROOT_ZONE.signatures’ -- retrieving.

--2017-04-10 00:00:12--  ftp://ftp.internic.net/domain/INTERNIC_ROOT_ZONE.signatures
           => ‘./domain/INTERNIC_ROOT_ZONE.signatures’
==> CWD not required.
--> PASV

227 Entering Passive Mode (192,0,32,9,92,152)
--> RETR INTERNIC_ROOT_ZONE.signatures

150 Opening BINARY mode data connection for INTERNIC_ROOT_ZONE.signatures (1224 bytes).
Length: 1224 (1.2K)

     0K .                                                     100% 10.4M=0s

226 Transfer complete.
2017-04-10 00:00:13 (10.4 MB/s) - ‘./domain/INTERNIC_ROOT_ZONE.signatures’ saved [1224]

Remote file is newer than local file ‘./domain/INTERNIC_ROOT_ZONE.signatures.asc’ -- retrieving.

--2017-04-10 00:00:13--  ftp://ftp.internic.net/domain/INTERNIC_ROOT_ZONE.signatures.asc
           => ‘./domain/INTERNIC_ROOT_ZONE.signatures.asc’
==> CWD not required.
--> PASV

227 Entering Passive Mode (192,0,32,9,42,59)
--> RETR INTERNIC_ROOT_ZONE.signatures.asc

150 Opening BINARY mode data connection for INTERNIC_ROOT_ZONE.signatures.asc (1469 bytes).
Length: 1469 (1.4K)

     0K .                                                     100% 9.80M=0s

226 Transfer complete.
2017-04-10 00:00:14 (9.80 MB/s) - ‘./domain/INTERNIC_ROOT_ZONE.signatures.asc’ saved [1469]

Remote file is newer than local file ‘./domain/arpa.zone’ -- retrieving.

--2017-04-10 00:00:14--  ftp://ftp.internic.net/domain/arpa.zone
           => ‘./domain/arpa.zone’
==> CWD not required.
--> PASV

227 Entering Passive Mode (192,0,32,9,30,80)
--> RETR arpa.zone

150 Opening BINARY mode data connection for arpa.zone (15438 bytes).
Length: 15438 (15K)

     0K .......... .....                                      100% 10.9M=0.001s

226 Transfer complete.
2017-04-10 00:00:15 (10.9 MB/s) - ‘./domain/arpa.zone’ saved [15438]

The sizes do not match (local 6780) -- retrieving.

--2017-04-10 00:00:15--  ftp://ftp.internic.net/domain/arpa.zone.gz
           => ‘./domain/arpa.zone.gz’
==> CWD not required.
--> PASV

227 Entering Passive Mode (192,0,32,9,202,148)
--> RETR arpa.zone.gz

150 Opening BINARY mode data connection for arpa.zone.gz (6789 bytes).
Length: 6789 (6.6K)

     0K ......                                                100% 56.3M=0s

226 Transfer complete.
2017-04-10 00:00:16 (56.3 MB/s) - ‘./domain/arpa.zone.gz’ saved [6789]

Remote file is newer than local file ‘./domain/arpa.zone.gz.md5’ -- retrieving.

--2017-04-10 00:00:16--  ftp://ftp.internic.net/domain/arpa.zone.gz.md5
           => ‘./domain/arpa.zone.gz.md5’
==> CWD not required.
--> PASV

227 Entering Passive Mode (192,0,32,9,227,157)
--> RETR arpa.zone.gz.md5

150 Opening BINARY mode data connection for arpa.zone.gz.md5 (33 bytes).
Length: 33

     0K                                                       100%  296K=0s

226 Transfer complete.
2017-04-10 00:00:17 (296 KB/s) - ‘./domain/arpa.zone.gz.md5’ saved [33]

Remote file is newer than local file ‘./domain/arpa.zone.gz.sig’ -- retrieving.

--2017-04-10 00:00:17--  ftp://ftp.internic.net/domain/arpa.zone.gz.sig
           => ‘./domain/arpa.zone.gz.sig’
==> CWD not required.
--> PASV

227 Entering Passive Mode (192,0,32,9,83,146)
--> RETR arpa.zone.gz.sig

150 Opening BINARY mode data connection for arpa.zone.gz.sig (72 bytes).
Length: 72

     0K                                                       100%  639K=0s

226 Transfer complete.
2017-04-10 00:00:19 (639 KB/s) - ‘./domain/arpa.zone.gz.sig’ saved [72]

Remote file no newer than local file ‘./domain/db.cache’ -- not retrieving.
Remote file no newer than local file ‘./domain/db.cache.md5’ -- not retrieving.
Remote file no newer than local file ‘./domain/db.cache.sig’ -- not retrieving.
Remote file is newer than local file ‘./domain/in-addr.arpa’ -- retrieving.

--2017-04-10 00:00:19--  ftp://ftp.internic.net/domain/in-addr.arpa
           => ‘./domain/in-addr.arpa’
==> CWD not required.
--> PASV

227 Entering Passive Mode (192,0,32,9,145,229)
--> RETR in-addr.arpa

150 Opening BINARY mode data connection for in-addr.arpa (229871 bytes).
Length: 229871 (224K)

     0K .......... .......... .......... .......... .......... 22% 94.4K 2s
    50K .......... .......... .......... .......... .......... 44%  190K 1s
   100K .......... .......... .......... .......... .......... 66% 10.6M 0s
   150K .......... .......... .......... .......... .......... 89%  188K 0s
   200K .......... .......... ....                            100% 93.9K=1.3s

226 Transfer complete.
2017-04-10 00:00:21 (170 KB/s) - ‘./domain/in-addr.arpa’ saved [229871]

The sizes do not match (local 90654) -- retrieving.

--2017-04-10 00:00:21--  ftp://ftp.internic.net/domain/in-addr.arpa.gz
           => ‘./domain/in-addr.arpa.gz’
==> CWD not required.
--> PASV

227 Entering Passive Mode (192,0,32,9,31,171)
--> RETR in-addr.arpa.gz

150 Opening BINARY mode data connection for in-addr.arpa.gz (90633 bytes).
Length: 90633 (89K)

     0K .......... .......... .......... .......... .......... 56% 87.1K 0s
    50K .......... .......... .......... ........             100% 11.3M=0.6s

226 Transfer complete.
2017-04-10 00:00:23 (153 KB/s) - ‘./domain/in-addr.arpa.gz’ saved [90633]

Remote file is newer than local file ‘./domain/in-addr.arpa.gz.md5’ -- retrieving.

--2017-04-10 00:00:23--  ftp://ftp.internic.net/domain/in-addr.arpa.gz.md5
           => ‘./domain/in-addr.arpa.gz.md5’
==> CWD not required.
--> PASV

227 Entering Passive Mode (192,0,32,9,60,178)
--> RETR in-addr.arpa.gz.md5

150 Opening BINARY mode data connection for in-addr.arpa.gz.md5 (55 bytes).
Length: 55

     0K                                                       100%  942K=0s

226 Transfer complete.
2017-04-10 00:00:24 (942 KB/s) - ‘./domain/in-addr.arpa.gz.md5’ saved [55]

Remote file is newer than local file ‘./domain/in-addr.arpa.gz.sha256’ -- retrieving.

--2017-04-10 00:00:24--  ftp://ftp.internic.net/domain/in-addr.arpa.gz.sha256
           => ‘./domain/in-addr.arpa.gz.sha256’
==> CWD not required.
--> PASV

227 Entering Passive Mode (192,0,32,9,61,217)
--> RETR in-addr.arpa.gz.sha256

150 Opening BINARY mode data connection for in-addr.arpa.gz.sha256 (90 bytes).
Length: 90

     0K                                                       100% 1.59M=0s

226 Transfer complete.
2017-04-10 00:00:25 (1.59 MB/s) - ‘./domain/in-addr.arpa.gz.sha256’ saved [90]

Remote file is newer than local file ‘./domain/in-addr.arpa.md5’ -- retrieving.

--2017-04-10 00:00:25--  ftp://ftp.internic.net/domain/in-addr.arpa.md5
           => ‘./domain/in-addr.arpa.md5’
==> CWD not required.
--> PASV

227 Entering Passive Mode (192,0,32,9,42,180)
--> RETR in-addr.arpa.md5

150 Opening BINARY mode data connection for in-addr.arpa.md5 (52 bytes).
Length: 52

     0K                                                       100%  457K=0s

226 Transfer complete.
2017-04-10 00:00:26 (457 KB/s) - ‘./domain/in-addr.arpa.md5’ saved [52]

Remote file is newer than local file ‘./domain/in-addr.arpa.sha256’ -- retrieving.

--2017-04-10 00:00:26--  ftp://ftp.internic.net/domain/in-addr.arpa.sha256
           => ‘./domain/in-addr.arpa.sha256’
==> CWD not required.
--> PASV

227 Entering Passive Mode (192,0,32,9,134,151)
--> RETR in-addr.arpa.sha256

150 Opening BINARY mode data connection for in-addr.arpa.sha256 (87 bytes).
Length: 87

     0K                                                       100% 1.98M=0s

226 Transfer complete.
2017-04-10 00:00:27 (1.98 MB/s) - ‘./domain/in-addr.arpa.sha256’ saved [87]

Remote file is newer than local file ‘./domain/in-addr.arpa.zone’ -- retrieving.

--2017-04-10 00:00:27--  ftp://ftp.internic.net/domain/in-addr.arpa.zone
           => ‘./domain/in-addr.arpa.zone’
==> CWD not required.
--> PASV

227 Entering Passive Mode (192,0,32,9,134,104)
--> RETR in-addr.arpa.zone

150 Opening BINARY mode data connection for in-addr.arpa.zone (229871 bytes).
Length: 229871 (224K)

     0K .......... .......... .......... .......... .......... 22%  139K 1s
    50K .......... .......... .......... .......... .......... 44%  284K 1s
   100K .......... .......... .......... .......... .......... 66% 10.6M 0s
   150K .......... .......... .......... .......... .......... 89%  280K 0s
   200K .......... .......... ....                            100%  143K=0.9s

226 Transfer complete.
2017-04-10 00:00:29 (252 KB/s) - ‘./domain/in-addr.arpa.zone’ saved [229871]

The sizes do not match (local 90654) -- retrieving.

--2017-04-10 00:00:29--  ftp://ftp.internic.net/domain/in-addr.arpa.zone.gz
           => ‘./domain/in-addr.arpa.zone.gz’
==> CWD not required.
--> PASV

227 Entering Passive Mode (192,0,32,9,165,203)
--> RETR in-addr.arpa.zone.gz

150 Opening BINARY mode data connection for in-addr.arpa.zone.gz (90633 bytes).
Length: 90633 (89K)

     0K .......... .......... .......... .......... .......... 56%  139K 0s
    50K .......... .......... .......... ........             100% 15.3M=0.4s

226 Transfer complete.
2017-04-10 00:00:30 (245 KB/s) - ‘./domain/in-addr.arpa.zone.gz’ saved [90633]

Remote file is newer than local file ‘./domain/in-addr.arpa.zone.gz.md5’ -- retrieving.

--2017-04-10 00:00:30--  ftp://ftp.internic.net/domain/in-addr.arpa.zone.gz.md5
           => ‘./domain/in-addr.arpa.zone.gz.md5’
==> CWD not required.
--> PASV

227 Entering Passive Mode (192,0,32,9,42,11)
--> RETR in-addr.arpa.zone.gz.md5

150 Opening BINARY mode data connection for in-addr.arpa.zone.gz.md5 (60 bytes).
Length: 60

     0K                                                       100% 1.43M=0s

226 Transfer complete.
2017-04-10 00:00:30 (1.43 MB/s) - ‘./domain/in-addr.arpa.zone.gz.md5’ saved [60]

Remote file is newer than local file ‘./domain/in-addr.arpa.zone.gz.sha256’ -- retrieving.

--2017-04-10 00:00:30--  ftp://ftp.internic.net/domain/in-addr.arpa.zone.gz.sha256
           => ‘./domain/in-addr.arpa.zone.gz.sha256’
==> CWD not required.
--> PASV

227 Entering Passive Mode (192,0,32,9,129,63)
--> RETR in-addr.arpa.zone.gz.sha256

150 Opening BINARY mode data connection for in-addr.arpa.zone.gz.sha256 (95 bytes).
Length: 95

     0K                                                       100%  836K=0s

226 Transfer complete.
2017-04-10 00:00:31 (836 KB/s) - ‘./domain/in-addr.arpa.zone.gz.sha256’ saved [95]

Remote file is newer than local file ‘./domain/in-addr.arpa.zone.md5’ -- retrieving.

--2017-04-10 00:00:31--  ftp://ftp.internic.net/domain/in-addr.arpa.zone.md5
           => ‘./domain/in-addr.arpa.zone.md5’
==> CWD not required.
--> PASV

227 Entering Passive Mode (192,0,32,9,42,190)
--> RETR in-addr.arpa.zone.md5

150 Opening BINARY mode data connection for in-addr.arpa.zone.md5 (57 bytes).
Length: 57

     0K                                                       100%  501K=0s

226 Transfer complete.
2017-04-10 00:00:32 (501 KB/s) - ‘./domain/in-addr.arpa.zone.md5’ saved [57]

Remote file is newer than local file ‘./domain/in-addr.arpa.zone.sha256’ -- retrieving.

--2017-04-10 00:00:32--  ftp://ftp.internic.net/domain/in-addr.arpa.zone.sha256
           => ‘./domain/in-addr.arpa.zone.sha256’
==> CWD not required.
--> PASV

227 Entering Passive Mode (192,0,32,9,17,47)
--> RETR in-addr.arpa.zone.sha256

150 Opening BINARY mode data connection for in-addr.arpa.zone.sha256 (92 bytes).
Length: 92

     0K                                                       100%  795K=0s

226 Transfer complete.
2017-04-10 00:00:33 (795 KB/s) - ‘./domain/in-addr.arpa.zone.sha256’ saved [92]

Remote file is newer than local file ‘./domain/ip6.arpa’ -- retrieving.

--2017-04-10 00:00:33--  ftp://ftp.internic.net/domain/ip6.arpa
           => ‘./domain/ip6.arpa’
==> CWD not required.
--> PASV

227 Entering Passive Mode (192,0,32,9,225,111)
--> RETR ip6.arpa

150 Opening BINARY mode data connection for ip6.arpa (61853 bytes).
Length: 61853 (60K)

     0K .......... .......... .......... .......... .......... 82%  138K 0s
    50K ..........                                            100% 11.0M=0.4s

226 Transfer complete.
2017-04-10 00:00:34 (166 KB/s) - ‘./domain/ip6.arpa’ saved [61853]

The sizes do not match (local 24450) -- retrieving.

--2017-04-10 00:00:34--  ftp://ftp.internic.net/domain/ip6.arpa.gz
           => ‘./domain/ip6.arpa.gz’
==> CWD not required.
--> PASV

227 Entering Passive Mode (192,0,32,9,247,179)
--> RETR ip6.arpa.gz

150 Opening BINARY mode data connection for ip6.arpa.gz (24441 bytes).
Length: 24441 (24K)

     0K .......... .......... ...                             100% 96.9K=0.2s

226 Transfer complete.
2017-04-10 00:00:35 (96.9 KB/s) - ‘./domain/ip6.arpa.gz’ saved [24441]

Remote file is newer than local file ‘./domain/ip6.arpa.gz.md5’ -- retrieving.

--2017-04-10 00:00:35--  ftp://ftp.internic.net/domain/ip6.arpa.gz.md5
           => ‘./domain/ip6.arpa.gz.md5’
==> CWD not required.
--> PASV

227 Entering Passive Mode (192,0,32,9,36,37)
--> RETR ip6.arpa.gz.md5

150 Opening BINARY mode data connection for ip6.arpa.gz.md5 (51 bytes).
Length: 51

     0K                                                       100%  343K=0s

226 Transfer complete.
2017-04-10 00:00:36 (343 KB/s) - ‘./domain/ip6.arpa.gz.md5’ saved [51]

Remote file is newer than local file ‘./domain/ip6.arpa.gz.sha256’ -- retrieving.

--2017-04-10 00:00:36--  ftp://ftp.internic.net/domain/ip6.arpa.gz.sha256
           => ‘./domain/ip6.arpa.gz.sha256’
==> CWD not required.
--> PASV

227 Entering Passive Mode (192,0,32,9,109,35)
--> RETR ip6.arpa.gz.sha256

150 Opening BINARY mode data connection for ip6.arpa.gz.sha256 (86 bytes).
Length: 86

     0K                                                       100% 1.52M=0s

226 Transfer complete.
2017-04-10 00:00:37 (1.52 MB/s) - ‘./domain/ip6.arpa.gz.sha256’ saved [86]

Remote file is newer than local file ‘./domain/ip6.arpa.md5’ -- retrieving.

--2017-04-10 00:00:37--  ftp://ftp.internic.net/domain/ip6.arpa.md5
           => ‘./domain/ip6.arpa.md5’
==> CWD not required.
--> PASV

227 Entering Passive Mode (192,0,32,9,16,225)
--> RETR ip6.arpa.md5

150 Opening BINARY mode data connection for ip6.arpa.md5 (48 bytes).
Length: 48

     0K                                                       100% 1.20M=0s

226 Transfer complete.
2017-04-10 00:00:38 (1.20 MB/s) - ‘./domain/ip6.arpa.md5’ saved [48]

Remote file is newer than local file ‘./domain/ip6.arpa.sha256’ -- retrieving.

--2017-04-10 00:00:38--  ftp://ftp.internic.net/domain/ip6.arpa.sha256
           => ‘./domain/ip6.arpa.sha256’
==> CWD not required.
--> PASV

227 Entering Passive Mode (192,0,32,9,225,149)
--> RETR ip6.arpa.sha256

150 Opening BINARY mode data connection for ip6.arpa.sha256 (83 bytes).
Length: 83

     0K                                                       100% 1.93M=0s

226 Transfer complete.
2017-04-10 00:00:39 (1.93 MB/s) - ‘./domain/ip6.arpa.sha256’ saved [83]

Remote file is newer than local file ‘./domain/ip6.arpa.zone’ -- retrieving.

--2017-04-10 00:00:39--  ftp://ftp.internic.net/domain/ip6.arpa.zone
           => ‘./domain/ip6.arpa.zone’
==> CWD not required.
--> PASV

227 Entering Passive Mode (192,0,32,9,63,75)
--> RETR ip6.arpa.zone

150 Opening BINARY mode data connection for ip6.arpa.zone (61853 bytes).
Length: 61853 (60K)

     0K .......... .......... .......... .......... .......... 82% 88.3K 0s
    50K ..........                                            100% 12.2M=0.6s

226 Transfer complete.
2017-04-10 00:00:41 (107 KB/s) - ‘./domain/ip6.arpa.zone’ saved [61853]

The sizes do not match (local 24451) -- retrieving.

--2017-04-10 00:00:41--  ftp://ftp.internic.net/domain/ip6.arpa.zone.gz
           => ‘./domain/ip6.arpa.zone.gz’
==> CWD not required.
--> PASV

227 Entering Passive Mode (192,0,32,9,89,39)
--> RETR ip6.arpa.zone.gz

150 Opening BINARY mode data connection for ip6.arpa.zone.gz (24441 bytes).
Length: 24441 (24K)

     0K .......... .......... ...                             100% 92.8K=0.3s

226 Transfer complete.
2017-04-10 00:00:42 (92.8 KB/s) - ‘./domain/ip6.arpa.zone.gz’ saved [24441]

Remote file is newer than local file ‘./domain/ip6.arpa.zone.gz.md5’ -- retrieving.

--2017-04-10 00:00:42--  ftp://ftp.internic.net/domain/ip6.arpa.zone.gz.md5
           => ‘./domain/ip6.arpa.zone.gz.md5’
==> CWD not required.
--> PASV

227 Entering Passive Mode (192,0,32,9,31,225)
--> RETR ip6.arpa.zone.gz.md5

150 Opening BINARY mode data connection for ip6.arpa.zone.gz.md5 (56 bytes).
Length: 56

     0K                                                       100%  493K=0s

226 Transfer complete.
2017-04-10 00:00:43 (493 KB/s) - ‘./domain/ip6.arpa.zone.gz.md5’ saved [56]

Remote file is newer than local file ‘./domain/ip6.arpa.zone.gz.sha256’ -- retrieving.

--2017-04-10 00:00:44--  ftp://ftp.internic.net/domain/ip6.arpa.zone.gz.sha256
           => ‘./domain/ip6.arpa.zone.gz.sha256’
==> CWD not required.
--> PASV

227 Entering Passive Mode (192,0,32,9,141,188)
--> RETR ip6.arpa.zone.gz.sha256

150 Opening BINARY mode data connection for ip6.arpa.zone.gz.sha256 (91 bytes).
Length: 91

     0K                                                       100%  815K=0s

226 Transfer complete.
2017-04-10 00:00:45 (815 KB/s) - ‘./domain/ip6.arpa.zone.gz.sha256’ saved [91]

Remote file is newer than local file ‘./domain/ip6.arpa.zone.md5’ -- retrieving.

--2017-04-10 00:00:45--  ftp://ftp.internic.net/domain/ip6.arpa.zone.md5
           => ‘./domain/ip6.arpa.zone.md5’
==> CWD not required.
--> PASV

227 Entering Passive Mode (192,0,32,9,33,96)
--> RETR ip6.arpa.zone.md5

150 Opening BINARY mode data connection for ip6.arpa.zone.md5 (53 bytes).
Length: 53

     0K                                                       100% 1.05M=0s

226 Transfer complete.
2017-04-10 00:00:46 (1.05 MB/s) - ‘./domain/ip6.arpa.zone.md5’ saved [53]

Remote file is newer than local file ‘./domain/ip6.arpa.zone.sha256’ -- retrieving.

--2017-04-10 00:00:46--  ftp://ftp.internic.net/domain/ip6.arpa.zone.sha256
           => ‘./domain/ip6.arpa.zone.sha256’
==> CWD not required.
--> PASV

227 Entering Passive Mode (192,0,32,9,41,71)
--> RETR ip6.arpa.zone.sha256

150 Opening BINARY mode data connection for ip6.arpa.zone.sha256 (88 bytes).
Length: 88

     0K                                                       100%  589K=0s

226 Transfer complete.
2017-04-10 00:00:47 (589 KB/s) - ‘./domain/ip6.arpa.zone.sha256’ saved [88]

Remote file is newer than local file ‘./domain/last_update.txt’ -- retrieving.

--2017-04-10 00:00:47--  ftp://ftp.internic.net/domain/last_update.txt
           => ‘./domain/last_update.txt’
==> CWD not required.
--> PASV

227 Entering Passive Mode (192,0,32,9,42,94)
--> RETR last_update.txt

150 Opening BINARY mode data connection for last_update.txt (21 bytes).
Length: 21

     0K                                                       100%  186K=0s

226 Transfer complete.
2017-04-10 00:00:48 (186 KB/s) - ‘./domain/last_update.txt’ saved [21]

Remote file no newer than local file ‘./domain/named.cache’ -- not retrieving.
Remote file no newer than local file ‘./domain/named.cache.md5’ -- not retrieving.
Remote file no newer than local file ‘./domain/named.cache.sig’ -- not retrieving.
Remote file no newer than local file ‘./domain/named.root’ -- not retrieving.
Remote file no newer than local file ‘./domain/named.root.md5’ -- not retrieving.
Remote file no newer than local file ‘./domain/named.root.sig’ -- not retrieving.
Remote file no newer than local file ‘./domain/root-servers.net.zone’ -- not retrieving.
Remote file no newer than local file ‘./domain/root-servers.net.zone.gz’ -- not retrieving.
Remote file no newer than local file ‘./domain/root-servers.net.zone.gz.md5’ -- not retrieving.
Remote file no newer than local file ‘./domain/root-servers.net.zone.gz.sig’ -- not retrieving.
The sizes do not match (local 2235882) -- retrieving.

--2017-04-10 00:00:48--  ftp://ftp.internic.net/domain/root.zone
           => ‘./domain/root.zone’
==> CWD not required.
--> PASV

227 Entering Passive Mode (192,0,32,9,118,210)
--> RETR root.zone

150 Opening BINARY mode data connection for root.zone (2236427 bytes).
Length: 2236427 (2.1M)

     0K .......... .......... .......... .......... ..........  2% 95.4K 22s
    50K .......... .......... .......... .......... ..........  4%  204K 16s
   100K .......... .......... .......... .......... ..........  6% 11.2M 10s
   150K .......... .......... .......... .......... ..........  9%  207K 10s
   200K .......... .......... .......... .......... .......... 11%  207K 10s
   250K .......... .......... .......... .......... .......... 13%  204K 9s
   300K .......... .......... .......... .......... .......... 16% 11.9M 8s
   350K .......... .......... .......... .......... .......... 18% 96.2K 9s
   400K .......... .......... .......... .......... .......... 20% 34.6M 8s
   450K .......... .......... .......... .......... .......... 22% 34.1M 7s
   500K .......... .......... .......... .......... .......... 25%  200K 7s
   550K .......... .......... .......... .......... .......... 27%  189K 7s
   600K .......... .......... .......... .......... .......... 29%  190K 7s
   650K .......... .......... .......... .......... .......... 32%  187K 7s
   700K .......... .......... .......... .......... .......... 34% 6.39M 6s
   750K .......... .......... .......... .......... .......... 36%  187K 6s
   800K .......... .......... .......... .......... .......... 38%  186K 6s
   850K .......... .......... .......... .......... .......... 41%  182K 6s
   900K .......... .......... .......... .......... .......... 43% 7.51M 5s
   950K .......... .......... .......... .......... .......... 45%  180K 5s
  1000K .......... .......... .......... .......... .......... 48%  175K 5s
  1050K .......... .......... .......... .......... .......... 50% 9.92M 4s
  1100K .......... .......... .......... .......... .......... 52%  178K 4s
  1150K .......... .......... .......... .......... .......... 54%  180K 4s
  1200K .......... .......... .......... .......... .......... 57% 11.7M 4s
  1250K .......... .......... .......... .......... .......... 59%  188K 4s
  1300K .......... .......... .......... .......... .......... 61%  779K 3s
  1350K .......... .......... .......... .......... .......... 64%  253K 3s
  1400K .......... .......... .......... .......... .......... 66%  197K 3s
  1450K .......... .......... .......... .......... .......... 68%  949K 3s
  1500K .......... .......... .......... .......... .......... 70%  245K 2s
  1550K .......... .......... .......... .......... .......... 73%  192K 2s
  1600K .......... .......... .......... .......... .......... 75%  965K 2s
  1650K .......... .......... .......... .......... .......... 77%  228K 2s
  1700K .......... .......... .......... .......... .......... 80%  184K 2s
  1750K .......... .......... .......... .......... .......... 82% 10.2M 1s
  1800K .......... .......... .......... .......... .......... 84%  179K 1s
  1850K .......... .......... .......... .......... .......... 86%  176K 1s
  1900K .......... .......... .......... .......... .......... 89% 12.5M 1s
  1950K .......... .......... .......... .......... .......... 91%  178K 1s
  2000K .......... .......... .......... .......... .......... 93%  703K 1s
  2050K .......... .......... .......... .......... .......... 96%  231K 0s
  2100K .......... .......... .......... .......... .......... 98%  177K 0s
  2150K .......... .......... .......... ....                 100% 12.1M=8.3s

226 Transfer complete.
2017-04-10 00:01:00 (263 KB/s) - ‘./domain/root.zone’ saved [2236427]

The sizes do not match (local 1050104) -- retrieving.

--2017-04-10 00:01:00--  ftp://ftp.internic.net/domain/root.zone.gz
           => ‘./domain/root.zone.gz’
==> CWD not required.
--> PASV

227 Entering Passive Mode (192,0,32,9,41,56)
--> RETR root.zone.gz

150 Opening BINARY mode data connection for root.zone.gz (1050353 bytes).
Length: 1050353 (1.0M)

     0K .......... .......... .......... .......... ..........  4% 88.9K 11s
    50K .......... .......... .......... .......... ..........  9%  176K 8s
   100K .......... .......... .......... .......... .......... 14% 11.2M 5s
   150K .......... .......... .......... .......... .......... 19%  179K 5s
   200K .......... .......... .......... .......... .......... 24%  184K 4s
   250K .......... .......... .......... .......... .......... 29%  178K 4s
   300K .......... .......... .......... .......... .......... 34%  185K 4s
   350K .......... .......... .......... .......... .......... 38% 13.8M 3s
   400K .......... .......... .......... .......... .......... 43%  283K 3s
   450K .......... .......... .......... .......... .......... 48%  284K 2s
   500K .......... .......... .......... .......... .......... 53% 11.1M 2s
   550K .......... .......... .......... .......... .......... 58%  285K 2s
   600K .......... .......... .......... .......... .......... 63%  284K 2s
   650K .......... .......... .......... .......... .......... 68% 11.3M 1s
   700K .......... .......... .......... .......... .......... 73%  287K 1s
   750K .......... .......... .......... .......... .......... 77% 10.2M 1s
   800K .......... .......... .......... .......... .......... 82%  287K 1s
   850K .......... .......... .......... .......... .......... 87% 10.3M 0s
   900K .......... .......... .......... .......... .......... 92%  288K 0s
   950K .......... .......... .......... .......... .......... 97% 9.63M 0s
  1000K .......... .......... .....                           100%  151K=3.4s

226 Transfer complete.
2017-04-10 00:01:05 (304 KB/s) - ‘./domain/root.zone.gz’ saved [1050353]

Remote file is newer than local file ‘./domain/root.zone.gz.md5’ -- retrieving.

--2017-04-10 00:01:05--  ftp://ftp.internic.net/domain/root.zone.gz.md5
           => ‘./domain/root.zone.gz.md5’
==> CWD not required.
--> PASV

227 Entering Passive Mode (192,0,32,9,78,32)
--> RETR root.zone.gz.md5

150 Opening BINARY mode data connection for root.zone.gz.md5 (33 bytes).
Length: 33

     0K                                                       100%  296K=0s

226 Transfer complete.
2017-04-10 00:01:06 (296 KB/s) - ‘./domain/root.zone.gz.md5’ saved [33]

Remote file is newer than local file ‘./domain/root.zone.gz.sig’ -- retrieving.

--2017-04-10 00:01:06--  ftp://ftp.internic.net/domain/root.zone.gz.sig
           => ‘./domain/root.zone.gz.sig’
==> CWD not required.
--> PASV

227 Entering Passive Mode (192,0,32,9,41,168)
--> RETR root.zone.gz.sig

150 Opening BINARY mode data connection for root.zone.gz.sig (72 bytes).
Length: 72

     0K                                                       100% 1.37M=0s

226 Transfer complete.
2017-04-10 00:01:06 (1.37 MB/s) - ‘./domain/root.zone.gz.sig’ saved [72]

Remote file is newer than local file ‘./domain/root.zone.md5’ -- retrieving.

--2017-04-10 00:01:06--  ftp://ftp.internic.net/domain/root.zone.md5
           => ‘./domain/root.zone.md5’
==> CWD not required.
--> PASV

227 Entering Passive Mode (192,0,32,9,41,162)
--> RETR root.zone.md5

150 Opening BINARY mode data connection for root.zone.md5 (33 bytes).
Length: 33

     0K                                                       100%  290K=0s

226 Transfer complete.
2017-04-10 00:01:07 (290 KB/s) - ‘./domain/root.zone.md5’ saved [33]

Remote file is newer than local file ‘./domain/root.zone.sig’ -- retrieving.

--2017-04-10 00:01:07--  ftp://ftp.internic.net/domain/root.zone.sig
           => ‘./domain/root.zone.sig’
==> CWD not required.
--> PASV

227 Entering Passive Mode (192,0,32,9,178,153)
--> RETR root.zone.sig

150 Opening BINARY mode data connection for root.zone.sig (72 bytes).
Length: 72

     0K                                                       100% 1.86M=0s

226 Transfer complete.
2017-04-10 00:01:08 (1.86 MB/s) - ‘./domain/root.zone.sig’ saved [72]

FINISHED --2017-04-10 00:01:08--
Total wall clock time: 1m 5s
Downloaded: 40 files, 3.9M in 16s (247 KB/s)
