--2017-05-14 00:00:02--  ftp://ftp.internic.net/*
           => ‘./.listing’
Resolving ftp.internic.net (ftp.internic.net)... 192.0.32.9, 2620:0:2d0:200::9
Connecting to ftp.internic.net (ftp.internic.net)|192.0.32.9|:21... connected.
Logging in as anonymous ... 
220 Internic FTP Server
--> USER anonymous

331 Please specify the password.
--> PASS Turtle Power!

230 Login successful.
--> SYST

215 UNIX Type: L8
--> PWD

257 "/"
--> TYPE I

200 Switching to Binary mode.
==> CWD not needed.
--> PASV

227 Entering Passive Mode (192,0,32,9,182,203)
--> LIST -a

150 Here comes the directory listing.

     0K                                                        1.84M=0s

226 Directory send OK.
drwxr-xr-x    3 ftp      ftp          4096 Apr 04  2012 .
drwxr-xr-x    3 ftp      ftp          4096 Apr 04  2012 ..
drwxr-xr-x    2 ftp      ftp          4096 Sep 09  2015 domain
2017-05-14 00:00:06 (1.84 MB/s) - ‘./.listing’ saved [183]

--2017-05-14 00:00:06--  ftp://ftp.internic.net/domain/*
           => ‘./domain/.listing’
--> CWD /domain

250 Directory successfully changed.
--> PASV

227 Entering Passive Mode (192,0,32,9,86,1)
--> LIST -a

150 Here comes the directory listing.

     0K ...                                                    3.06M=0.001s

226 Directory send OK.
drwxr-xr-x    2 ftp      ftp          4096 Sep 09  2015 .
drwxr-xr-x    3 ftp      ftp          4096 Apr 04  2012 ..
-rw-r--r--    1 ftp      ftp          1829 Aug 18  2015 .listing
-rw-r--r--    1 ftp      ftp          1224 May 13 12:29 INTERNIC_ROOT_ZONE.signatures
-rw-r--r--    1 ftp      ftp          1469 May 13 12:29 INTERNIC_ROOT_ZONE.signatures.asc
-rw-r--r--    1 ftp      ftp         15228 May 13 12:29 arpa.zone
-rw-r--r--    1 ftp      ftp          6649 May 13 12:29 arpa.zone.gz
-rw-r--r--    1 ftp      ftp            33 May 13 12:29 arpa.zone.gz.md5
-rw-r--r--    1 ftp      ftp            72 May 13 12:29 arpa.zone.gz.sig
-rw-r--r--    1 ftp      ftp          3289 Apr 11 15:01 db.cache
-rw-r--r--    1 ftp      ftp            33 Apr 11 15:01 db.cache.md5
-rw-r--r--    1 ftp      ftp            72 Apr 11 15:01 db.cache.sig
-rw-r--r--    1 ftp      ftp        230891 May 13 15:40 in-addr.arpa
-rw-r--r--    1 ftp      ftp         90369 May 13 15:40 in-addr.arpa.gz
-rw-r--r--    1 ftp      ftp            55 May 13 15:40 in-addr.arpa.gz.md5
-rw-r--r--    1 ftp      ftp            90 May 13 15:40 in-addr.arpa.gz.sha256
-rw-r--r--    1 ftp      ftp            52 May 13 15:40 in-addr.arpa.md5
-rw-r--r--    1 ftp      ftp            87 May 13 15:40 in-addr.arpa.sha256
-rw-r--r--    1 ftp      ftp        230891 May 13 15:40 in-addr.arpa.zone
-rw-r--r--    1 ftp      ftp         90369 May 13 15:40 in-addr.arpa.zone.gz
-rw-r--r--    1 ftp      ftp            60 May 13 15:40 in-addr.arpa.zone.gz.md5
-rw-r--r--    1 ftp      ftp            95 May 13 15:40 in-addr.arpa.zone.gz.sha256
-rw-r--r--    1 ftp      ftp            57 May 13 15:40 in-addr.arpa.zone.md5
-rw-r--r--    1 ftp      ftp            92 May 13 15:40 in-addr.arpa.zone.sha256
-rw-r--r--    1 ftp      ftp         62071 May 13 15:40 ip6.arpa
-rw-r--r--    1 ftp      ftp         24375 May 13 15:40 ip6.arpa.gz
-rw-r--r--    1 ftp      ftp            51 May 13 15:40 ip6.arpa.gz.md5
-rw-r--r--    1 ftp      ftp            86 May 13 15:40 ip6.arpa.gz.sha256
-rw-r--r--    1 ftp      ftp            48 May 13 15:40 ip6.arpa.md5
-rw-r--r--    1 ftp      ftp            83 May 13 15:40 ip6.arpa.sha256
-rw-r--r--    1 ftp      ftp         62071 May 13 15:40 ip6.arpa.zone
-rw-r--r--    1 ftp      ftp         24375 May 13 15:40 ip6.arpa.zone.gz
-rw-r--r--    1 ftp      ftp            56 May 13 15:40 ip6.arpa.zone.gz.md5
-rw-r--r--    1 ftp      ftp            91 May 13 15:40 ip6.arpa.zone.gz.sha256
-rw-r--r--    1 ftp      ftp            53 May 13 15:40 ip6.arpa.zone.md5
-rw-r--r--    1 ftp      ftp            88 May 13 15:40 ip6.arpa.zone.sha256
-rw-r--r--    1 ftp      ftp            21 May 13 15:40 last_update.txt
-rw-r--r--    1 ftp      ftp          3289 Apr 11 15:01 named.cache
-rw-r--r--    1 ftp      ftp            33 Apr 11 15:01 named.cache.md5
-rw-r--r--    1 ftp      ftp            72 Apr 11 15:01 named.cache.sig
-rw-r--r--    1 ftp      ftp          3289 Apr 11 15:01 named.root
-rw-r--r--    1 ftp      ftp            33 Apr 11 15:01 named.root.md5
-rw-r--r--    1 ftp      ftp            72 Apr 11 15:01 named.root.sig
-rw-r--r--    1 ftp      ftp          2110 Apr 11 15:01 root-servers.net.zone
-rw-r--r--    1 ftp      ftp           576 Apr 11 15:01 root-servers.net.zone.gz
-rw-r--r--    1 ftp      ftp            33 Apr 11 15:01 root-servers.net.zone.gz.md5
-rw-r--r--    1 ftp      ftp            72 Apr 11 15:01 root-servers.net.zone.gz.sig
-rw-r--r--    1 ftp      ftp       2236242 May 13 06:48 root.zone
-rw-r--r--    1 ftp      ftp       1050140 May 13 06:48 root.zone.gz
-rw-r--r--    1 ftp      ftp            33 May 13 06:48 root.zone.gz.md5
-rw-r--r--    1 ftp      ftp            72 May 13 06:48 root.zone.gz.sig
-rw-r--r--    1 ftp      ftp            33 May 13 06:48 root.zone.md5
-rw-r--r--    1 ftp      ftp            72 May 13 06:48 root.zone.sig
2017-05-14 00:00:09 (3.06 MB/s) - ‘./domain/.listing’ saved [3930]

The sizes do not match (local 3930) -- retrieving.

--2017-05-14 00:00:09--  ftp://ftp.internic.net/domain/.listing
           => ‘./domain/.listing’
==> CWD not required.
--> PASV

227 Entering Passive Mode (192,0,32,9,79,216)
--> RETR .listing

150 Opening BINARY mode data connection for .listing (1829 bytes).
Length: 1829 (1.8K)

     0K .                                                     100%  677K=0.003s

226 Transfer complete.
2017-05-14 00:00:10 (677 KB/s) - ‘./domain/.listing’ saved [1829]

Remote file is newer than local file ‘./domain/INTERNIC_ROOT_ZONE.signatures’ -- retrieving.

--2017-05-14 00:00:10--  ftp://ftp.internic.net/domain/INTERNIC_ROOT_ZONE.signatures
           => ‘./domain/INTERNIC_ROOT_ZONE.signatures’
==> CWD not required.
--> PASV

227 Entering Passive Mode (192,0,32,9,143,101)
--> RETR INTERNIC_ROOT_ZONE.signatures

150 Opening BINARY mode data connection for INTERNIC_ROOT_ZONE.signatures (1224 bytes).
Length: 1224 (1.2K)

     0K .                                                     100% 8.28M=0s

226 Transfer complete.
2017-05-14 00:00:11 (8.28 MB/s) - ‘./domain/INTERNIC_ROOT_ZONE.signatures’ saved [1224]

Remote file is newer than local file ‘./domain/INTERNIC_ROOT_ZONE.signatures.asc’ -- retrieving.

--2017-05-14 00:00:11--  ftp://ftp.internic.net/domain/INTERNIC_ROOT_ZONE.signatures.asc
           => ‘./domain/INTERNIC_ROOT_ZONE.signatures.asc’
==> CWD not required.
--> PASV

227 Entering Passive Mode (192,0,32,9,6,92)
--> RETR INTERNIC_ROOT_ZONE.signatures.asc

150 Opening BINARY mode data connection for INTERNIC_ROOT_ZONE.signatures.asc (1469 bytes).
Length: 1469 (1.4K)

     0K .                                                     100% 12.2M=0s

226 Transfer complete.
2017-05-14 00:00:12 (12.2 MB/s) - ‘./domain/INTERNIC_ROOT_ZONE.signatures.asc’ saved [1469]

Remote file is newer than local file ‘./domain/arpa.zone’ -- retrieving.

--2017-05-14 00:00:12--  ftp://ftp.internic.net/domain/arpa.zone
           => ‘./domain/arpa.zone’
==> CWD not required.
--> PASV

227 Entering Passive Mode (192,0,32,9,42,176)
--> RETR arpa.zone

150 Opening BINARY mode data connection for arpa.zone (15228 bytes).
Length: 15228 (15K)

     0K .......... ....                                       100%  889K=0.02s

226 Transfer complete.
2017-05-14 00:00:13 (889 KB/s) - ‘./domain/arpa.zone’ saved [15228]

Remote file is newer than local file ‘./domain/arpa.zone.gz’ -- retrieving.

--2017-05-14 00:00:13--  ftp://ftp.internic.net/domain/arpa.zone.gz
           => ‘./domain/arpa.zone.gz’
==> CWD not required.
--> PASV

227 Entering Passive Mode (192,0,32,9,142,227)
--> RETR arpa.zone.gz

150 Opening BINARY mode data connection for arpa.zone.gz (6649 bytes).
Length: 6649 (6.5K)

     0K ......                                                100%  891K=0.007s

226 Transfer complete.
2017-05-14 00:00:14 (891 KB/s) - ‘./domain/arpa.zone.gz’ saved [6649]

Remote file is newer than local file ‘./domain/arpa.zone.gz.md5’ -- retrieving.

--2017-05-14 00:00:14--  ftp://ftp.internic.net/domain/arpa.zone.gz.md5
           => ‘./domain/arpa.zone.gz.md5’
==> CWD not required.
--> PASV

227 Entering Passive Mode (192,0,32,9,245,159)
--> RETR arpa.zone.gz.md5

150 Opening BINARY mode data connection for arpa.zone.gz.md5 (33 bytes).
Length: 33

     0K                                                       100%  288K=0s

226 Transfer complete.
2017-05-14 00:00:15 (288 KB/s) - ‘./domain/arpa.zone.gz.md5’ saved [33]

Remote file is newer than local file ‘./domain/arpa.zone.gz.sig’ -- retrieving.

--2017-05-14 00:00:15--  ftp://ftp.internic.net/domain/arpa.zone.gz.sig
           => ‘./domain/arpa.zone.gz.sig’
==> CWD not required.
--> PASV

227 Entering Passive Mode (192,0,32,9,163,169)
--> RETR arpa.zone.gz.sig

150 Opening BINARY mode data connection for arpa.zone.gz.sig (72 bytes).
Length: 72

     0K                                                       100% 7.50K=0.009s

226 Transfer complete.
2017-05-14 00:00:16 (7.50 KB/s) - ‘./domain/arpa.zone.gz.sig’ saved [72]

Remote file no newer than local file ‘./domain/db.cache’ -- not retrieving.
Remote file no newer than local file ‘./domain/db.cache.md5’ -- not retrieving.
Remote file no newer than local file ‘./domain/db.cache.sig’ -- not retrieving.
Remote file is newer than local file ‘./domain/in-addr.arpa’ -- retrieving.

--2017-05-14 00:00:16--  ftp://ftp.internic.net/domain/in-addr.arpa
           => ‘./domain/in-addr.arpa’
==> CWD not required.
--> PASV

227 Entering Passive Mode (192,0,32,9,41,30)
--> RETR in-addr.arpa

150 Opening BINARY mode data connection for in-addr.arpa (230891 bytes).
Length: 230891 (225K)

     0K .......... .......... .......... .......... .......... 22% 92.9K 2s
    50K .......... .......... .......... .......... .......... 44%  186K 1s
   100K .......... .......... .......... .......... .......... 66% 9.55M 0s
   150K .......... .......... .......... .......... .......... 88%  186K 0s
   200K .......... .......... .....                           100% 97.8K=1.3s

226 Transfer complete.
2017-05-14 00:00:18 (168 KB/s) - ‘./domain/in-addr.arpa’ saved [230891]

Remote file is newer than local file ‘./domain/in-addr.arpa.gz’ -- retrieving.

--2017-05-14 00:00:18--  ftp://ftp.internic.net/domain/in-addr.arpa.gz
           => ‘./domain/in-addr.arpa.gz’
==> CWD not required.
--> PASV

227 Entering Passive Mode (192,0,32,9,17,214)
--> RETR in-addr.arpa.gz

150 Opening BINARY mode data connection for in-addr.arpa.gz (90369 bytes).
Length: 90369 (88K)

     0K .......... .......... .......... .......... .......... 56% 94.5K 0s
    50K .......... .......... .......... ........             100% 10.6M=0.5s

226 Transfer complete.
2017-05-14 00:00:20 (166 KB/s) - ‘./domain/in-addr.arpa.gz’ saved [90369]

Remote file is newer than local file ‘./domain/in-addr.arpa.gz.md5’ -- retrieving.

--2017-05-14 00:00:20--  ftp://ftp.internic.net/domain/in-addr.arpa.gz.md5
           => ‘./domain/in-addr.arpa.gz.md5’
==> CWD not required.
--> PASV

227 Entering Passive Mode (192,0,32,9,82,194)
--> RETR in-addr.arpa.gz.md5

150 Opening BINARY mode data connection for in-addr.arpa.gz.md5 (55 bytes).
Length: 55

     0K                                                       100%  471K=0s

226 Transfer complete.
2017-05-14 00:00:21 (471 KB/s) - ‘./domain/in-addr.arpa.gz.md5’ saved [55]

Remote file is newer than local file ‘./domain/in-addr.arpa.gz.sha256’ -- retrieving.

--2017-05-14 00:00:21--  ftp://ftp.internic.net/domain/in-addr.arpa.gz.sha256
           => ‘./domain/in-addr.arpa.gz.sha256’
==> CWD not required.
--> PASV

227 Entering Passive Mode (192,0,32,9,132,52)
--> RETR in-addr.arpa.gz.sha256

150 Opening BINARY mode data connection for in-addr.arpa.gz.sha256 (90 bytes).
Length: 90

     0K                                                       100%  785K=0s

226 Transfer complete.
2017-05-14 00:00:22 (785 KB/s) - ‘./domain/in-addr.arpa.gz.sha256’ saved [90]

Remote file is newer than local file ‘./domain/in-addr.arpa.md5’ -- retrieving.

--2017-05-14 00:00:22--  ftp://ftp.internic.net/domain/in-addr.arpa.md5
           => ‘./domain/in-addr.arpa.md5’
==> CWD not required.
--> PASV

227 Entering Passive Mode (192,0,32,9,71,186)
--> RETR in-addr.arpa.md5

150 Opening BINARY mode data connection for in-addr.arpa.md5 (52 bytes).
Length: 52

     0K                                                       100%  430K=0s

226 Transfer complete.
2017-05-14 00:00:23 (430 KB/s) - ‘./domain/in-addr.arpa.md5’ saved [52]

Remote file is newer than local file ‘./domain/in-addr.arpa.sha256’ -- retrieving.

--2017-05-14 00:00:23--  ftp://ftp.internic.net/domain/in-addr.arpa.sha256
           => ‘./domain/in-addr.arpa.sha256’
==> CWD not required.
--> PASV

227 Entering Passive Mode (192,0,32,9,10,10)
--> RETR in-addr.arpa.sha256

150 Opening BINARY mode data connection for in-addr.arpa.sha256 (87 bytes).
Length: 87

     0K                                                       100% 10.2K=0.008s

226 Transfer complete.
2017-05-14 00:00:24 (10.2 KB/s) - ‘./domain/in-addr.arpa.sha256’ saved [87]

Remote file is newer than local file ‘./domain/in-addr.arpa.zone’ -- retrieving.

--2017-05-14 00:00:24--  ftp://ftp.internic.net/domain/in-addr.arpa.zone
           => ‘./domain/in-addr.arpa.zone’
==> CWD not required.
--> PASV

227 Entering Passive Mode (192,0,32,9,43,220)
--> RETR in-addr.arpa.zone

150 Opening BINARY mode data connection for in-addr.arpa.zone (230891 bytes).
Length: 230891 (225K)

     0K .......... .......... .......... .......... .......... 22%  102K 2s
    50K .......... .......... .......... .......... .......... 44%  194K 1s
   100K .......... .......... .......... .......... .......... 66% 10.7M 0s
   150K .......... .......... .......... .......... .......... 88%  192K 0s
   200K .......... .......... .....                           100% 96.6K=1.3s

226 Transfer complete.
2017-05-14 00:00:26 (176 KB/s) - ‘./domain/in-addr.arpa.zone’ saved [230891]

Remote file is newer than local file ‘./domain/in-addr.arpa.zone.gz’ -- retrieving.

--2017-05-14 00:00:26--  ftp://ftp.internic.net/domain/in-addr.arpa.zone.gz
           => ‘./domain/in-addr.arpa.zone.gz’
==> CWD not required.
--> PASV

227 Entering Passive Mode (192,0,32,9,156,38)
--> RETR in-addr.arpa.zone.gz

150 Opening BINARY mode data connection for in-addr.arpa.zone.gz (90369 bytes).
Length: 90369 (88K)

     0K .......... .......... .......... .......... .......... 56% 95.1K 0s
    50K .......... .......... .......... ........             100% 9.66M=0.5s

226 Transfer complete.
2017-05-14 00:00:28 (167 KB/s) - ‘./domain/in-addr.arpa.zone.gz’ saved [90369]

Remote file is newer than local file ‘./domain/in-addr.arpa.zone.gz.md5’ -- retrieving.

--2017-05-14 00:00:28--  ftp://ftp.internic.net/domain/in-addr.arpa.zone.gz.md5
           => ‘./domain/in-addr.arpa.zone.gz.md5’
==> CWD not required.
--> PASV

227 Entering Passive Mode (192,0,32,9,42,157)
--> RETR in-addr.arpa.zone.gz.md5

150 Opening BINARY mode data connection for in-addr.arpa.zone.gz.md5 (60 bytes).
Length: 60

     0K                                                       100% 8.02K=0.007s

226 Transfer complete.
2017-05-14 00:00:29 (8.02 KB/s) - ‘./domain/in-addr.arpa.zone.gz.md5’ saved [60]

Remote file is newer than local file ‘./domain/in-addr.arpa.zone.gz.sha256’ -- retrieving.

--2017-05-14 00:00:29--  ftp://ftp.internic.net/domain/in-addr.arpa.zone.gz.sha256
           => ‘./domain/in-addr.arpa.zone.gz.sha256’
==> CWD not required.
--> PASV

227 Entering Passive Mode (192,0,32,9,41,164)
--> RETR in-addr.arpa.zone.gz.sha256

150 Opening BINARY mode data connection for in-addr.arpa.zone.gz.sha256 (95 bytes).
Length: 95

     0K                                                       100% 20.2K=0.005s

226 Transfer complete.
2017-05-14 00:00:30 (20.2 KB/s) - ‘./domain/in-addr.arpa.zone.gz.sha256’ saved [95]

Remote file is newer than local file ‘./domain/in-addr.arpa.zone.md5’ -- retrieving.

--2017-05-14 00:00:30--  ftp://ftp.internic.net/domain/in-addr.arpa.zone.md5
           => ‘./domain/in-addr.arpa.zone.md5’
==> CWD not required.
--> PASV

227 Entering Passive Mode (192,0,32,9,111,210)
--> RETR in-addr.arpa.zone.md5

150 Opening BINARY mode data connection for in-addr.arpa.zone.md5 (57 bytes).
Length: 57

     0K                                                       100%  493K=0s

226 Transfer complete.
2017-05-14 00:00:31 (493 KB/s) - ‘./domain/in-addr.arpa.zone.md5’ saved [57]

Remote file is newer than local file ‘./domain/in-addr.arpa.zone.sha256’ -- retrieving.

--2017-05-14 00:00:31--  ftp://ftp.internic.net/domain/in-addr.arpa.zone.sha256
           => ‘./domain/in-addr.arpa.zone.sha256’
==> CWD not required.
--> PASV

227 Entering Passive Mode (192,0,32,9,42,0)
--> RETR in-addr.arpa.zone.sha256

150 Opening BINARY mode data connection for in-addr.arpa.zone.sha256 (92 bytes).
Length: 92

     0K                                                       100%  802K=0s

226 Transfer complete.
2017-05-14 00:00:32 (802 KB/s) - ‘./domain/in-addr.arpa.zone.sha256’ saved [92]

Remote file is newer than local file ‘./domain/ip6.arpa’ -- retrieving.

--2017-05-14 00:00:32--  ftp://ftp.internic.net/domain/ip6.arpa
           => ‘./domain/ip6.arpa’
==> CWD not required.
--> PASV

227 Entering Passive Mode (192,0,32,9,41,121)
--> RETR ip6.arpa

150 Opening BINARY mode data connection for ip6.arpa (62071 bytes).
Length: 62071 (61K)

     0K .......... .......... .......... .......... .......... 82% 94.0K 0s
    50K ..........                                            100% 9.49M=0.5s

226 Transfer complete.
2017-05-14 00:00:34 (114 KB/s) - ‘./domain/ip6.arpa’ saved [62071]

Remote file is newer than local file ‘./domain/ip6.arpa.gz’ -- retrieving.

--2017-05-14 00:00:34--  ftp://ftp.internic.net/domain/ip6.arpa.gz
           => ‘./domain/ip6.arpa.gz’
==> CWD not required.
--> PASV

227 Entering Passive Mode (192,0,32,9,78,121)
--> RETR ip6.arpa.gz

150 Opening BINARY mode data connection for ip6.arpa.gz (24375 bytes).
Length: 24375 (24K)

     0K .......... .......... ...                             100% 89.0K=0.3s

226 Transfer complete.
2017-05-14 00:00:35 (89.0 KB/s) - ‘./domain/ip6.arpa.gz’ saved [24375]

Remote file is newer than local file ‘./domain/ip6.arpa.gz.md5’ -- retrieving.

--2017-05-14 00:00:35--  ftp://ftp.internic.net/domain/ip6.arpa.gz.md5
           => ‘./domain/ip6.arpa.gz.md5’
==> CWD not required.
--> PASV

227 Entering Passive Mode (192,0,32,9,41,217)
--> RETR ip6.arpa.gz.md5

150 Opening BINARY mode data connection for ip6.arpa.gz.md5 (51 bytes).
Length: 51

     0K                                                       100%  445K=0s

226 Transfer complete.
2017-05-14 00:00:36 (445 KB/s) - ‘./domain/ip6.arpa.gz.md5’ saved [51]

Remote file is newer than local file ‘./domain/ip6.arpa.gz.sha256’ -- retrieving.

--2017-05-14 00:00:36--  ftp://ftp.internic.net/domain/ip6.arpa.gz.sha256
           => ‘./domain/ip6.arpa.gz.sha256’
==> CWD not required.
--> PASV

227 Entering Passive Mode (192,0,32,9,219,123)
--> RETR ip6.arpa.gz.sha256

150 Opening BINARY mode data connection for ip6.arpa.gz.sha256 (86 bytes).
Length: 86

     0K                                                       100% 2.10M=0s

226 Transfer complete.
2017-05-14 00:00:37 (2.10 MB/s) - ‘./domain/ip6.arpa.gz.sha256’ saved [86]

Remote file is newer than local file ‘./domain/ip6.arpa.md5’ -- retrieving.

--2017-05-14 00:00:37--  ftp://ftp.internic.net/domain/ip6.arpa.md5
           => ‘./domain/ip6.arpa.md5’
==> CWD not required.
--> PASV

227 Entering Passive Mode (192,0,32,9,226,69)
--> RETR ip6.arpa.md5

150 Opening BINARY mode data connection for ip6.arpa.md5 (48 bytes).
Length: 48

     0K                                                       100%  593K=0s

226 Transfer complete.
2017-05-14 00:00:38 (593 KB/s) - ‘./domain/ip6.arpa.md5’ saved [48]

Remote file is newer than local file ‘./domain/ip6.arpa.sha256’ -- retrieving.

--2017-05-14 00:00:38--  ftp://ftp.internic.net/domain/ip6.arpa.sha256
           => ‘./domain/ip6.arpa.sha256’
==> CWD not required.
--> PASV

227 Entering Passive Mode (192,0,32,9,35,89)
--> RETR ip6.arpa.sha256

150 Opening BINARY mode data connection for ip6.arpa.sha256 (83 bytes).
Length: 83

     0K                                                       100%  730K=0s

226 Transfer complete.
2017-05-14 00:00:39 (730 KB/s) - ‘./domain/ip6.arpa.sha256’ saved [83]

Remote file is newer than local file ‘./domain/ip6.arpa.zone’ -- retrieving.

--2017-05-14 00:00:39--  ftp://ftp.internic.net/domain/ip6.arpa.zone
           => ‘./domain/ip6.arpa.zone’
==> CWD not required.
--> PASV

227 Entering Passive Mode (192,0,32,9,223,197)
--> RETR ip6.arpa.zone

150 Opening BINARY mode data connection for ip6.arpa.zone (62071 bytes).
Length: 62071 (61K)

     0K .......... .......... .......... .......... .......... 82%  104K 0s
    50K ..........                                            100% 13.4M=0.5s

226 Transfer complete.
2017-05-14 00:00:41 (126 KB/s) - ‘./domain/ip6.arpa.zone’ saved [62071]

Remote file is newer than local file ‘./domain/ip6.arpa.zone.gz’ -- retrieving.

--2017-05-14 00:00:41--  ftp://ftp.internic.net/domain/ip6.arpa.zone.gz
           => ‘./domain/ip6.arpa.zone.gz’
==> CWD not required.
--> PASV

227 Entering Passive Mode (192,0,32,9,41,83)
--> RETR ip6.arpa.zone.gz

150 Opening BINARY mode data connection for ip6.arpa.zone.gz (24375 bytes).
Length: 24375 (24K)

     0K .......... .......... ...                             100% 88.1K=0.3s

226 Transfer complete.
2017-05-14 00:00:42 (88.1 KB/s) - ‘./domain/ip6.arpa.zone.gz’ saved [24375]

Remote file is newer than local file ‘./domain/ip6.arpa.zone.gz.md5’ -- retrieving.

--2017-05-14 00:00:42--  ftp://ftp.internic.net/domain/ip6.arpa.zone.gz.md5
           => ‘./domain/ip6.arpa.zone.gz.md5’
==> CWD not required.
--> PASV

227 Entering Passive Mode (192,0,32,9,41,57)
--> RETR ip6.arpa.zone.gz.md5

150 Opening BINARY mode data connection for ip6.arpa.zone.gz.md5 (56 bytes).
Length: 56

     0K                                                       100% 4.01K=0.01s

226 Transfer complete.
2017-05-14 00:00:43 (4.01 KB/s) - ‘./domain/ip6.arpa.zone.gz.md5’ saved [56]

Remote file is newer than local file ‘./domain/ip6.arpa.zone.gz.sha256’ -- retrieving.

--2017-05-14 00:00:43--  ftp://ftp.internic.net/domain/ip6.arpa.zone.gz.sha256
           => ‘./domain/ip6.arpa.zone.gz.sha256’
==> CWD not required.
--> PASV

227 Entering Passive Mode (192,0,32,9,42,16)
--> RETR ip6.arpa.zone.gz.sha256

150 Opening BINARY mode data connection for ip6.arpa.zone.gz.sha256 (91 bytes).
Length: 91

     0K                                                       100%  793K=0s

226 Transfer complete.
2017-05-14 00:00:44 (793 KB/s) - ‘./domain/ip6.arpa.zone.gz.sha256’ saved [91]

Remote file is newer than local file ‘./domain/ip6.arpa.zone.md5’ -- retrieving.

--2017-05-14 00:00:44--  ftp://ftp.internic.net/domain/ip6.arpa.zone.md5
           => ‘./domain/ip6.arpa.zone.md5’
==> CWD not required.
--> PASV

227 Entering Passive Mode (192,0,32,9,21,210)
--> RETR ip6.arpa.zone.md5

150 Opening BINARY mode data connection for ip6.arpa.zone.md5 (53 bytes).
Length: 53

     0K                                                       100% 5.58K=0.009s

226 Transfer complete.
2017-05-14 00:00:45 (5.58 KB/s) - ‘./domain/ip6.arpa.zone.md5’ saved [53]

Remote file is newer than local file ‘./domain/ip6.arpa.zone.sha256’ -- retrieving.

--2017-05-14 00:00:45--  ftp://ftp.internic.net/domain/ip6.arpa.zone.sha256
           => ‘./domain/ip6.arpa.zone.sha256’
==> CWD not required.
--> PASV

227 Entering Passive Mode (192,0,32,9,232,191)
--> RETR ip6.arpa.zone.sha256

150 Opening BINARY mode data connection for ip6.arpa.zone.sha256 (88 bytes).
Length: 88

     0K                                                       100%  407K=0s

226 Transfer complete.
2017-05-14 00:00:46 (407 KB/s) - ‘./domain/ip6.arpa.zone.sha256’ saved [88]

Remote file is newer than local file ‘./domain/last_update.txt’ -- retrieving.

--2017-05-14 00:00:46--  ftp://ftp.internic.net/domain/last_update.txt
           => ‘./domain/last_update.txt’
==> CWD not required.
--> PASV

227 Entering Passive Mode (192,0,32,9,31,197)
--> RETR last_update.txt

150 Opening BINARY mode data connection for last_update.txt (21 bytes).
Length: 21

     0K                                                       100%  183K=0s

226 Transfer complete.
2017-05-14 00:00:47 (183 KB/s) - ‘./domain/last_update.txt’ saved [21]

Remote file no newer than local file ‘./domain/named.cache’ -- not retrieving.
Remote file no newer than local file ‘./domain/named.cache.md5’ -- not retrieving.
Remote file no newer than local file ‘./domain/named.cache.sig’ -- not retrieving.
Remote file no newer than local file ‘./domain/named.root’ -- not retrieving.
Remote file no newer than local file ‘./domain/named.root.md5’ -- not retrieving.
Remote file no newer than local file ‘./domain/named.root.sig’ -- not retrieving.
Remote file no newer than local file ‘./domain/root-servers.net.zone’ -- not retrieving.
Remote file no newer than local file ‘./domain/root-servers.net.zone.gz’ -- not retrieving.
Remote file no newer than local file ‘./domain/root-servers.net.zone.gz.md5’ -- not retrieving.
Remote file no newer than local file ‘./domain/root-servers.net.zone.gz.sig’ -- not retrieving.
The sizes do not match (local 2236095) -- retrieving.

--2017-05-14 00:00:47--  ftp://ftp.internic.net/domain/root.zone
           => ‘./domain/root.zone’
==> CWD not required.
--> PASV

227 Entering Passive Mode (192,0,32,9,70,97)
--> RETR root.zone

150 Opening BINARY mode data connection for root.zone (2236242 bytes).
Length: 2236242 (2.1M)

     0K .......... .......... .......... .......... ..........  2% 94.7K 23s
    50K .......... .......... .......... .......... ..........  4% 96.0K 22s
   100K .......... .......... .......... .......... ..........  6% 33.1M 14s
   150K .......... .......... .......... .......... ..........  9%  193K 13s
   200K .......... .......... .......... .......... .......... 11%  190K 12s
   250K .......... .......... .......... .......... .......... 13%  188K 12s
   300K .......... .......... .......... .......... .......... 16%  186K 11s
   350K .......... .......... .......... .......... .......... 18%  183K 11s
   400K .......... .......... .......... .......... .......... 20%  107K 11s
   450K .......... .......... .......... .......... .......... 22%  723K 10s
   500K .......... .......... .......... .......... .......... 25%  201K 9s
   550K .......... .......... .......... .......... .......... 27%  193K 9s
   600K .......... .......... .......... .......... .......... 29%  190K 9s
   650K .......... .......... .......... .......... .......... 32%  105K 9s
   700K .......... .......... .......... .......... .......... 34% 37.9M 8s
   750K .......... .......... .......... .......... .......... 36%  106K 8s
   800K .......... .......... .......... .......... .......... 38%  201K 8s
   850K .......... .......... .......... .......... .......... 41%  192K 7s
   900K .......... .......... .......... .......... .......... 43%  193K 7s
   950K .......... .......... .......... .......... .......... 45%  187K 7s
  1000K .......... .......... .......... .......... .......... 48%  189K 6s
  1050K .......... .......... .......... .......... .......... 50%  192K 6s
  1100K .......... .......... .......... .......... .......... 52%  202K 6s
  1150K .......... .......... .......... .......... .......... 54%  694K 5s
  1200K .......... .......... .......... .......... .......... 57%  197K 5s
  1250K .......... .......... .......... .......... .......... 59%  189K 5s
  1300K .......... .......... .......... .......... .......... 61%  187K 5s
  1350K .......... .......... .......... .......... .......... 64%  186K 4s
  1400K .......... .......... .......... .......... .......... 66%  208K 4s
  1450K .......... .......... .......... .......... .......... 68%  196K 4s
  1500K .......... .......... .......... .......... .......... 70%  232K 3s
  1550K .......... .......... .......... .......... .......... 73%  186K 3s
  1600K .......... .......... .......... .......... .......... 75% 96.0K 3s
  1650K .......... .......... .......... .......... .......... 77%  824K 3s
  1700K .......... .......... .......... .......... .......... 80%  112K 2s
  1750K .......... .......... .......... .......... .......... 82%  143K 2s
  1800K .......... .......... .......... .......... .......... 84%  264K 2s
  1850K .......... .......... .......... .......... .......... 87%  153K 2s
  1900K .......... .......... .......... .......... .......... 89%  106K 1s
  1950K .......... .......... .......... .......... .......... 91% 97.6K 1s
  2000K .......... .......... .......... .......... .......... 93%  145K 1s
  2050K .......... .......... .......... .......... .......... 96%  103K 0s
  2100K .......... .......... .......... .......... .......... 98%  111K 0s
  2150K .......... .......... .......... ...                  100%  130K=13s

226 Transfer complete.
2017-05-14 00:01:01 (168 KB/s) - ‘./domain/root.zone’ saved [2236242]

The sizes do not match (local 1050303) -- retrieving.

--2017-05-14 00:01:01--  ftp://ftp.internic.net/domain/root.zone.gz
           => ‘./domain/root.zone.gz’
==> CWD not required.
--> PASV

227 Entering Passive Mode (192,0,32,9,104,130)
--> RETR root.zone.gz

150 Opening BINARY mode data connection for root.zone.gz (1050140 bytes).
Length: 1050140 (1.0M)

     0K .......... .......... .......... .......... ..........  4%  100K 10s
    50K .......... .......... .......... .......... ..........  9% 94.1K 10s
   100K .......... .......... .......... .......... .......... 14% 66.3K 10s
   150K .......... .......... .......... .......... .......... 19% 97.7K 9s
   200K .......... .......... .......... .......... .......... 24% 95.6K 9s
   250K .......... .......... .......... .......... .......... 29% 96.3K 8s
   300K .......... .......... .......... .......... .......... 34%  102K 7s
   350K .......... .......... .......... .......... .......... 39% 97.3K 7s
   400K .......... .......... .......... .......... .......... 43%  156K 6s
   450K .......... .......... .......... .......... .......... 48%  109K 5s
   500K .......... .......... .......... .......... .......... 53%  102K 5s
   550K .......... .......... .......... .......... .......... 58%  179K 4s
   600K .......... .......... .......... .......... .......... 63% 97.5K 4s
   650K .......... .......... .......... .......... .......... 68%  162K 3s
   700K .......... .......... .......... .......... .......... 73%  103K 3s
   750K .......... .......... .......... .......... .......... 78% 96.9K 2s
   800K .......... .......... .......... .......... .......... 82%  183K 2s
   850K .......... .......... .......... .......... .......... 87%  184K 1s
   900K .......... .......... .......... .......... .......... 92%  164K 1s
   950K .......... .......... .......... .......... .......... 97%  124K 0s
  1000K .......... .......... .....                           100% 1.56M=9.0s

226 Transfer complete.
2017-05-14 00:01:11 (114 KB/s) - ‘./domain/root.zone.gz’ saved [1050140]

Remote file is newer than local file ‘./domain/root.zone.gz.md5’ -- retrieving.

--2017-05-14 00:01:11--  ftp://ftp.internic.net/domain/root.zone.gz.md5
           => ‘./domain/root.zone.gz.md5’
==> CWD not required.
--> PASV

227 Entering Passive Mode (192,0,32,9,41,201)
--> RETR root.zone.gz.md5

150 Opening BINARY mode data connection for root.zone.gz.md5 (33 bytes).
Length: 33

     0K                                                       100%  275K=0s

226 Transfer complete.
2017-05-14 00:01:12 (275 KB/s) - ‘./domain/root.zone.gz.md5’ saved [33]

Remote file is newer than local file ‘./domain/root.zone.gz.sig’ -- retrieving.

--2017-05-14 00:01:12--  ftp://ftp.internic.net/domain/root.zone.gz.sig
           => ‘./domain/root.zone.gz.sig’
==> CWD not required.
--> PASV

227 Entering Passive Mode (192,0,32,9,104,146)
--> RETR root.zone.gz.sig

150 Opening BINARY mode data connection for root.zone.gz.sig (72 bytes).
Length: 72

     0K                                                       100%  633K=0s

226 Transfer complete.
2017-05-14 00:01:14 (633 KB/s) - ‘./domain/root.zone.gz.sig’ saved [72]

Remote file is newer than local file ‘./domain/root.zone.md5’ -- retrieving.

--2017-05-14 00:01:14--  ftp://ftp.internic.net/domain/root.zone.md5
           => ‘./domain/root.zone.md5’
==> CWD not required.
--> PASV

227 Entering Passive Mode (192,0,32,9,73,212)
--> RETR root.zone.md5

150 Opening BINARY mode data connection for root.zone.md5 (33 bytes).
Length: 33

     0K                                                       100%  285K=0s

226 Transfer complete.
2017-05-14 00:01:15 (285 KB/s) - ‘./domain/root.zone.md5’ saved [33]

Remote file is newer than local file ‘./domain/root.zone.sig’ -- retrieving.

--2017-05-14 00:01:15--  ftp://ftp.internic.net/domain/root.zone.sig
           => ‘./domain/root.zone.sig’
==> CWD not required.
--> PASV

227 Entering Passive Mode (192,0,32,9,42,61)
--> RETR root.zone.sig

150 Opening BINARY mode data connection for root.zone.sig (72 bytes).
Length: 72

     0K                                                       100%  617K=0s

226 Transfer complete.
2017-05-14 00:01:16 (617 KB/s) - ‘./domain/root.zone.sig’ saved [72]

FINISHED --2017-05-14 00:01:16--
Total wall clock time: 1m 13s
Downloaded: 40 files, 3.9M in 27s (148 KB/s)
