--2017-07-25 00:00:03--  ftp://ftp.internic.net/*
           => ‘./.listing’
Resolving ftp.internic.net (ftp.internic.net)... 192.0.32.9, 2620:0:2d0:200::9
Connecting to ftp.internic.net (ftp.internic.net)|192.0.32.9|:21... connected.
Logging in as anonymous ... 
220 Internic FTP Server
--> USER anonymous

331 Please specify the password.
--> PASS Turtle Power!

230 Login successful.
--> SYST

215 UNIX Type: L8
--> PWD

257 "/"
--> TYPE I

200 Switching to Binary mode.
==> CWD not needed.
--> PASV

227 Entering Passive Mode (192,0,32,9,136,72)
--> LIST -a

150 Here comes the directory listing.

     0K                                                         898K=0s

226 Directory send OK.
drwxr-xr-x    3 ftp      ftp          4096 Apr 04  2012 .
drwxr-xr-x    3 ftp      ftp          4096 Apr 04  2012 ..
drwxr-xr-x    2 ftp      ftp          4096 Sep 09  2015 domain
2017-07-25 00:00:07 (898 KB/s) - ‘./.listing’ saved [183]

--2017-07-25 00:00:07--  ftp://ftp.internic.net/domain/*
           => ‘./domain/.listing’
--> CWD /domain

250 Directory successfully changed.
--> PASV

227 Entering Passive Mode (192,0,32,9,41,211)
--> LIST -a

150 Here comes the directory listing.

     0K ...                                                    3.00M=0.001s

226 Directory send OK.
drwxr-xr-x    2 ftp      ftp          4096 Sep 09  2015 .
drwxr-xr-x    3 ftp      ftp          4096 Apr 04  2012 ..
-rw-r--r--    1 ftp      ftp          1829 Aug 18  2015 .listing
-rw-r--r--    1 ftp      ftp          1224 Jul 24 12:33 INTERNIC_ROOT_ZONE.signatures
-rw-r--r--    1 ftp      ftp          1469 Jul 24 12:33 INTERNIC_ROOT_ZONE.signatures.asc
-rw-r--r--    1 ftp      ftp         15228 Jul 24 12:33 arpa.zone
-rw-r--r--    1 ftp      ftp          6643 Jul 24 12:33 arpa.zone.gz
-rw-r--r--    1 ftp      ftp            33 Jul 24 12:33 arpa.zone.gz.md5
-rw-r--r--    1 ftp      ftp            72 Jul 24 12:33 arpa.zone.gz.sig
-rw-r--r--    1 ftp      ftp          3289 Jun 01 15:27 db.cache
-rw-r--r--    1 ftp      ftp            33 Jun 01 15:27 db.cache.md5
-rw-r--r--    1 ftp      ftp            72 Jun 01 15:27 db.cache.sig
-rw-r--r--    1 ftp      ftp        228558 Jul 24 15:41 in-addr.arpa
-rw-r--r--    1 ftp      ftp         90731 Jul 24 15:41 in-addr.arpa.gz
-rw-r--r--    1 ftp      ftp            55 Jul 24 15:41 in-addr.arpa.gz.md5
-rw-r--r--    1 ftp      ftp            90 Jul 24 15:41 in-addr.arpa.gz.sha256
-rw-r--r--    1 ftp      ftp            52 Jul 24 15:41 in-addr.arpa.md5
-rw-r--r--    1 ftp      ftp            87 Jul 24 15:41 in-addr.arpa.sha256
-rw-r--r--    1 ftp      ftp        228558 Jul 24 15:41 in-addr.arpa.zone
-rw-r--r--    1 ftp      ftp         90731 Jul 24 15:41 in-addr.arpa.zone.gz
-rw-r--r--    1 ftp      ftp            60 Jul 24 15:41 in-addr.arpa.zone.gz.md5
-rw-r--r--    1 ftp      ftp            95 Jul 24 15:41 in-addr.arpa.zone.gz.sha256
-rw-r--r--    1 ftp      ftp            57 Jul 24 15:41 in-addr.arpa.zone.md5
-rw-r--r--    1 ftp      ftp            92 Jul 24 15:41 in-addr.arpa.zone.sha256
-rw-r--r--    1 ftp      ftp         61264 Jul 24 15:41 ip6.arpa
-rw-r--r--    1 ftp      ftp         24356 Jul 24 15:41 ip6.arpa.gz
-rw-r--r--    1 ftp      ftp            51 Jul 24 15:41 ip6.arpa.gz.md5
-rw-r--r--    1 ftp      ftp            86 Jul 24 15:41 ip6.arpa.gz.sha256
-rw-r--r--    1 ftp      ftp            48 Jul 24 15:41 ip6.arpa.md5
-rw-r--r--    1 ftp      ftp            83 Jul 24 15:41 ip6.arpa.sha256
-rw-r--r--    1 ftp      ftp         61264 Jul 24 15:41 ip6.arpa.zone
-rw-r--r--    1 ftp      ftp         24356 Jul 24 15:41 ip6.arpa.zone.gz
-rw-r--r--    1 ftp      ftp            56 Jul 24 15:41 ip6.arpa.zone.gz.md5
-rw-r--r--    1 ftp      ftp            91 Jul 24 15:41 ip6.arpa.zone.gz.sha256
-rw-r--r--    1 ftp      ftp            53 Jul 24 15:41 ip6.arpa.zone.md5
-rw-r--r--    1 ftp      ftp            88 Jul 24 15:41 ip6.arpa.zone.sha256
-rw-r--r--    1 ftp      ftp            21 Jul 24 15:41 last_update.txt
-rw-r--r--    1 ftp      ftp          3289 Jun 01 15:27 named.cache
-rw-r--r--    1 ftp      ftp            33 Jun 01 15:27 named.cache.md5
-rw-r--r--    1 ftp      ftp            72 Jun 01 15:27 named.cache.sig
-rw-r--r--    1 ftp      ftp          3289 Jun 01 15:27 named.root
-rw-r--r--    1 ftp      ftp            33 Jun 01 15:27 named.root.md5
-rw-r--r--    1 ftp      ftp            72 Jun 01 15:27 named.root.sig
-rw-r--r--    1 ftp      ftp          2111 Jun 01 15:27 root-servers.net.zone
-rw-r--r--    1 ftp      ftp           575 Jun 01 15:27 root-servers.net.zone.gz
-rw-r--r--    1 ftp      ftp            33 Jun 01 15:27 root-servers.net.zone.gz.md5
-rw-r--r--    1 ftp      ftp            72 Jun 01 15:27 root-servers.net.zone.gz.sig
-rw-r--r--    1 ftp      ftp       2261514 Jul 24 05:12 root.zone
-rw-r--r--    1 ftp      ftp       1061753 Jul 24 05:12 root.zone.gz
-rw-r--r--    1 ftp      ftp            33 Jul 24 05:12 root.zone.gz.md5
-rw-r--r--    1 ftp      ftp            72 Jul 24 05:12 root.zone.gz.sig
-rw-r--r--    1 ftp      ftp            33 Jul 24 05:12 root.zone.md5
-rw-r--r--    1 ftp      ftp            72 Jul 24 05:12 root.zone.sig
2017-07-25 00:00:09 (3.00 MB/s) - ‘./domain/.listing’ saved [3930]

The sizes do not match (local 3930) -- retrieving.

--2017-07-25 00:00:09--  ftp://ftp.internic.net/domain/.listing
           => ‘./domain/.listing’
==> CWD not required.
--> PASV

227 Entering Passive Mode (192,0,32,9,123,44)
--> RETR .listing

150 Opening BINARY mode data connection for .listing (1829 bytes).
Length: 1829 (1.8K)

     0K .                                                     100% 34.2M=0s

226 Transfer complete.
2017-07-25 00:00:10 (34.2 MB/s) - ‘./domain/.listing’ saved [1829]

Remote file is newer than local file ‘./domain/INTERNIC_ROOT_ZONE.signatures’ -- retrieving.

--2017-07-25 00:00:10--  ftp://ftp.internic.net/domain/INTERNIC_ROOT_ZONE.signatures
           => ‘./domain/INTERNIC_ROOT_ZONE.signatures’
==> CWD not required.
--> PASV

227 Entering Passive Mode (192,0,32,9,7,247)
--> RETR INTERNIC_ROOT_ZONE.signatures

150 Opening BINARY mode data connection for INTERNIC_ROOT_ZONE.signatures (1224 bytes).
Length: 1224 (1.2K)

     0K .                                                     100% 10.4M=0s

226 Transfer complete.
2017-07-25 00:00:11 (10.4 MB/s) - ‘./domain/INTERNIC_ROOT_ZONE.signatures’ saved [1224]

Remote file is newer than local file ‘./domain/INTERNIC_ROOT_ZONE.signatures.asc’ -- retrieving.

--2017-07-25 00:00:11--  ftp://ftp.internic.net/domain/INTERNIC_ROOT_ZONE.signatures.asc
           => ‘./domain/INTERNIC_ROOT_ZONE.signatures.asc’
==> CWD not required.
--> PASV

227 Entering Passive Mode (192,0,32,9,163,115)
--> RETR INTERNIC_ROOT_ZONE.signatures.asc

150 Opening BINARY mode data connection for INTERNIC_ROOT_ZONE.signatures.asc (1469 bytes).
Length: 1469 (1.4K)

     0K .                                                     100%  384K=0.004s

226 Transfer complete.
2017-07-25 00:00:13 (384 KB/s) - ‘./domain/INTERNIC_ROOT_ZONE.signatures.asc’ saved [1469]

Remote file is newer than local file ‘./domain/arpa.zone’ -- retrieving.

--2017-07-25 00:00:13--  ftp://ftp.internic.net/domain/arpa.zone
           => ‘./domain/arpa.zone’
==> CWD not required.
--> PASV

227 Entering Passive Mode (192,0,32,9,47,63)
--> RETR arpa.zone

150 Opening BINARY mode data connection for arpa.zone (15228 bytes).
Length: 15228 (15K)

     0K .......... ....                                       100%  562K=0.03s

226 Transfer complete.
2017-07-25 00:00:14 (562 KB/s) - ‘./domain/arpa.zone’ saved [15228]

The sizes do not match (local 6641) -- retrieving.

--2017-07-25 00:00:14--  ftp://ftp.internic.net/domain/arpa.zone.gz
           => ‘./domain/arpa.zone.gz’
==> CWD not required.
--> PASV

227 Entering Passive Mode (192,0,32,9,97,171)
--> RETR arpa.zone.gz

150 Opening BINARY mode data connection for arpa.zone.gz (6643 bytes).
Length: 6643 (6.5K)

     0K ......                                                100% 1.55M=0.004s

226 Transfer complete.
2017-07-25 00:00:15 (1.55 MB/s) - ‘./domain/arpa.zone.gz’ saved [6643]

Remote file is newer than local file ‘./domain/arpa.zone.gz.md5’ -- retrieving.

--2017-07-25 00:00:15--  ftp://ftp.internic.net/domain/arpa.zone.gz.md5
           => ‘./domain/arpa.zone.gz.md5’
==> CWD not required.
--> PASV

227 Entering Passive Mode (192,0,32,9,127,184)
--> RETR arpa.zone.gz.md5

150 Opening BINARY mode data connection for arpa.zone.gz.md5 (33 bytes).
Length: 33

     0K                                                       100%  632K=0s

226 Transfer complete.
2017-07-25 00:00:17 (632 KB/s) - ‘./domain/arpa.zone.gz.md5’ saved [33]

Remote file is newer than local file ‘./domain/arpa.zone.gz.sig’ -- retrieving.

--2017-07-25 00:00:17--  ftp://ftp.internic.net/domain/arpa.zone.gz.sig
           => ‘./domain/arpa.zone.gz.sig’
==> CWD not required.
--> PASV

227 Entering Passive Mode (192,0,32,9,159,66)
--> RETR arpa.zone.gz.sig

150 Opening BINARY mode data connection for arpa.zone.gz.sig (72 bytes).
Length: 72

     0K                                                       100%  868K=0s

226 Transfer complete.
2017-07-25 00:00:18 (868 KB/s) - ‘./domain/arpa.zone.gz.sig’ saved [72]

Remote file no newer than local file ‘./domain/db.cache’ -- not retrieving.
Remote file no newer than local file ‘./domain/db.cache.md5’ -- not retrieving.
Remote file no newer than local file ‘./domain/db.cache.sig’ -- not retrieving.
Remote file is newer than local file ‘./domain/in-addr.arpa’ -- retrieving.

--2017-07-25 00:00:18--  ftp://ftp.internic.net/domain/in-addr.arpa
           => ‘./domain/in-addr.arpa’
==> CWD not required.
--> PASV

227 Entering Passive Mode (192,0,32,9,42,45)
--> RETR in-addr.arpa

150 Opening BINARY mode data connection for in-addr.arpa (228558 bytes).
Length: 228558 (223K)

     0K .......... .......... .......... .......... .......... 22% 68.6K 3s
    50K .......... .......... .......... .......... .......... 44%  140K 1s
   100K .......... .......... .......... .......... .......... 67% 2.38M 1s
   150K .......... .......... .......... .......... .......... 89%  144K 0s
   200K .......... .......... ...                             100%  847K=1.5s

226 Transfer complete.
2017-07-25 00:00:21 (151 KB/s) - ‘./domain/in-addr.arpa’ saved [228558]

The sizes do not match (local 90715) -- retrieving.

--2017-07-25 00:00:21--  ftp://ftp.internic.net/domain/in-addr.arpa.gz
           => ‘./domain/in-addr.arpa.gz’
==> CWD not required.
--> PASV

227 Entering Passive Mode (192,0,32,9,204,203)
--> RETR in-addr.arpa.gz

150 Opening BINARY mode data connection for in-addr.arpa.gz (90731 bytes).
Length: 90731 (89K)

     0K .......... .......... .......... .......... .......... 56% 84.2K 0s
    50K .......... .......... .......... ........             100% 1.45M=0.6s

226 Transfer complete.
2017-07-25 00:00:23 (143 KB/s) - ‘./domain/in-addr.arpa.gz’ saved [90731]

Remote file is newer than local file ‘./domain/in-addr.arpa.gz.md5’ -- retrieving.

--2017-07-25 00:00:23--  ftp://ftp.internic.net/domain/in-addr.arpa.gz.md5
           => ‘./domain/in-addr.arpa.gz.md5’
==> CWD not required.
--> PASV

227 Entering Passive Mode (192,0,32,9,42,144)
--> RETR in-addr.arpa.gz.md5

150 Opening BINARY mode data connection for in-addr.arpa.gz.md5 (55 bytes).
Length: 55

     0K                                                       100%  347K=0s

226 Transfer complete.
2017-07-25 00:00:24 (347 KB/s) - ‘./domain/in-addr.arpa.gz.md5’ saved [55]

Remote file is newer than local file ‘./domain/in-addr.arpa.gz.sha256’ -- retrieving.

--2017-07-25 00:00:24--  ftp://ftp.internic.net/domain/in-addr.arpa.gz.sha256
           => ‘./domain/in-addr.arpa.gz.sha256’
==> CWD not required.
--> PASV

227 Entering Passive Mode (192,0,32,9,139,204)
--> RETR in-addr.arpa.gz.sha256

150 Opening BINARY mode data connection for in-addr.arpa.gz.sha256 (90 bytes).
Length: 90

     0K                                                       100% 1.65M=0s

226 Transfer complete.
2017-07-25 00:00:26 (1.65 MB/s) - ‘./domain/in-addr.arpa.gz.sha256’ saved [90]

Remote file is newer than local file ‘./domain/in-addr.arpa.md5’ -- retrieving.

--2017-07-25 00:00:26--  ftp://ftp.internic.net/domain/in-addr.arpa.md5
           => ‘./domain/in-addr.arpa.md5’
==> CWD not required.
--> PASV

227 Entering Passive Mode (192,0,32,9,41,249)
--> RETR in-addr.arpa.md5

150 Opening BINARY mode data connection for in-addr.arpa.md5 (52 bytes).
Length: 52

     0K                                                       100% 1016K=0s

226 Transfer complete.
2017-07-25 00:00:27 (1016 KB/s) - ‘./domain/in-addr.arpa.md5’ saved [52]

Remote file is newer than local file ‘./domain/in-addr.arpa.sha256’ -- retrieving.

--2017-07-25 00:00:27--  ftp://ftp.internic.net/domain/in-addr.arpa.sha256
           => ‘./domain/in-addr.arpa.sha256’
==> CWD not required.
--> PASV

227 Entering Passive Mode (192,0,32,9,219,92)
--> RETR in-addr.arpa.sha256

150 Opening BINARY mode data connection for in-addr.arpa.sha256 (87 bytes).
Length: 87

     0K                                                       100% 1.08M=0s

226 Transfer complete.
2017-07-25 00:00:28 (1.08 MB/s) - ‘./domain/in-addr.arpa.sha256’ saved [87]

Remote file is newer than local file ‘./domain/in-addr.arpa.zone’ -- retrieving.

--2017-07-25 00:00:28--  ftp://ftp.internic.net/domain/in-addr.arpa.zone
           => ‘./domain/in-addr.arpa.zone’
==> CWD not required.
--> PASV

227 Entering Passive Mode (192,0,32,9,41,228)
--> RETR in-addr.arpa.zone

150 Opening BINARY mode data connection for in-addr.arpa.zone (228558 bytes).
Length: 228558 (223K)

     0K .......... .......... .......... .......... .......... 22% 76.1K 2s
    50K .......... .......... .......... .......... .......... 44%  172K 1s
   100K .......... .......... .......... .......... .......... 67%  966K 0s
   150K .......... .......... .......... .......... .......... 89%  173K 0s
   200K .......... .......... ...                             100%  893K=1.3s

226 Transfer complete.
2017-07-25 00:00:31 (170 KB/s) - ‘./domain/in-addr.arpa.zone’ saved [228558]

The sizes do not match (local 90715) -- retrieving.

--2017-07-25 00:00:31--  ftp://ftp.internic.net/domain/in-addr.arpa.zone.gz
           => ‘./domain/in-addr.arpa.zone.gz’
==> CWD not required.
--> PASV

227 Entering Passive Mode (192,0,32,9,42,122)
--> RETR in-addr.arpa.zone.gz

150 Opening BINARY mode data connection for in-addr.arpa.zone.gz (90731 bytes).
Length: 90731 (89K)

     0K .......... .......... .......... .......... .......... 56% 77.2K 1s
    50K .......... .......... .......... ........             100%  991K=0.7s

226 Transfer complete.
2017-07-25 00:00:33 (129 KB/s) - ‘./domain/in-addr.arpa.zone.gz’ saved [90731]

Remote file is newer than local file ‘./domain/in-addr.arpa.zone.gz.md5’ -- retrieving.

--2017-07-25 00:00:33--  ftp://ftp.internic.net/domain/in-addr.arpa.zone.gz.md5
           => ‘./domain/in-addr.arpa.zone.gz.md5’
==> CWD not required.
--> PASV

227 Entering Passive Mode (192,0,32,9,87,90)
--> RETR in-addr.arpa.zone.gz.md5

150 Opening BINARY mode data connection for in-addr.arpa.zone.gz.md5 (60 bytes).
Length: 60

     0K                                                       100% 1.36M=0s

226 Transfer complete.
2017-07-25 00:00:35 (1.36 MB/s) - ‘./domain/in-addr.arpa.zone.gz.md5’ saved [60]

Remote file is newer than local file ‘./domain/in-addr.arpa.zone.gz.sha256’ -- retrieving.

--2017-07-25 00:00:35--  ftp://ftp.internic.net/domain/in-addr.arpa.zone.gz.sha256
           => ‘./domain/in-addr.arpa.zone.gz.sha256’
==> CWD not required.
--> PASV

227 Entering Passive Mode (192,0,32,9,76,188)
--> RETR in-addr.arpa.zone.gz.sha256

150 Opening BINARY mode data connection for in-addr.arpa.zone.gz.sha256 (95 bytes).
Length: 95

     0K                                                       100% 59.9K=0.002s

226 Transfer complete.
2017-07-25 00:00:36 (59.9 KB/s) - ‘./domain/in-addr.arpa.zone.gz.sha256’ saved [95]

Remote file is newer than local file ‘./domain/in-addr.arpa.zone.md5’ -- retrieving.

--2017-07-25 00:00:36--  ftp://ftp.internic.net/domain/in-addr.arpa.zone.md5
           => ‘./domain/in-addr.arpa.zone.md5’
==> CWD not required.
--> PASV

227 Entering Passive Mode (192,0,32,9,41,25)
--> RETR in-addr.arpa.zone.md5

150 Opening BINARY mode data connection for in-addr.arpa.zone.md5 (57 bytes).
Length: 57

     0K                                                       100% 1.33K=0.04s

226 Transfer complete.
2017-07-25 00:00:37 (1.33 KB/s) - ‘./domain/in-addr.arpa.zone.md5’ saved [57]

Remote file is newer than local file ‘./domain/in-addr.arpa.zone.sha256’ -- retrieving.

--2017-07-25 00:00:37--  ftp://ftp.internic.net/domain/in-addr.arpa.zone.sha256
           => ‘./domain/in-addr.arpa.zone.sha256’
==> CWD not required.
--> PASV

227 Entering Passive Mode (192,0,32,9,41,169)
--> RETR in-addr.arpa.zone.sha256

150 Opening BINARY mode data connection for in-addr.arpa.zone.sha256 (92 bytes).
Length: 92

     0K                                                       100%  917K=0s

226 Transfer complete.
2017-07-25 00:00:39 (917 KB/s) - ‘./domain/in-addr.arpa.zone.sha256’ saved [92]

Remote file is newer than local file ‘./domain/ip6.arpa’ -- retrieving.

--2017-07-25 00:00:39--  ftp://ftp.internic.net/domain/ip6.arpa
           => ‘./domain/ip6.arpa’
==> CWD not required.
--> PASV

227 Entering Passive Mode (192,0,32,9,41,206)
--> RETR ip6.arpa

150 Opening BINARY mode data connection for ip6.arpa (61264 bytes).
Length: 61264 (60K)

     0K .......... .......... .......... .......... .......... 83% 67.9K 0s
    50K .........                                             100% 2.76M=0.7s

226 Transfer complete.
2017-07-25 00:00:41 (80.9 KB/s) - ‘./domain/ip6.arpa’ saved [61264]

The sizes do not match (local 24368) -- retrieving.

--2017-07-25 00:00:41--  ftp://ftp.internic.net/domain/ip6.arpa.gz
           => ‘./domain/ip6.arpa.gz’
==> CWD not required.
--> PASV

227 Entering Passive Mode (192,0,32,9,41,196)
--> RETR ip6.arpa.gz

150 Opening BINARY mode data connection for ip6.arpa.gz (24356 bytes).
Length: 24356 (24K)

     0K .......... .......... ...                             100% 73.4K=0.3s

226 Transfer complete.
2017-07-25 00:00:42 (73.4 KB/s) - ‘./domain/ip6.arpa.gz’ saved [24356]

Remote file is newer than local file ‘./domain/ip6.arpa.gz.md5’ -- retrieving.

--2017-07-25 00:00:42--  ftp://ftp.internic.net/domain/ip6.arpa.gz.md5
           => ‘./domain/ip6.arpa.gz.md5’
==> CWD not required.
--> PASV

227 Entering Passive Mode (192,0,32,9,155,70)
--> RETR ip6.arpa.gz.md5

150 Opening BINARY mode data connection for ip6.arpa.gz.md5 (51 bytes).
Length: 51

     0K                                                       100% 9.82K=0.005s

226 Transfer complete.
2017-07-25 00:00:44 (9.82 KB/s) - ‘./domain/ip6.arpa.gz.md5’ saved [51]

Remote file is newer than local file ‘./domain/ip6.arpa.gz.sha256’ -- retrieving.

--2017-07-25 00:00:44--  ftp://ftp.internic.net/domain/ip6.arpa.gz.sha256
           => ‘./domain/ip6.arpa.gz.sha256’
==> CWD not required.
--> PASV

227 Entering Passive Mode (192,0,32,9,41,196)
--> RETR ip6.arpa.gz.sha256

150 Opening BINARY mode data connection for ip6.arpa.gz.sha256 (86 bytes).
Length: 86

     0K                                                       100%  444K=0s

226 Transfer complete.
2017-07-25 00:00:45 (444 KB/s) - ‘./domain/ip6.arpa.gz.sha256’ saved [86]

Remote file is newer than local file ‘./domain/ip6.arpa.md5’ -- retrieving.

--2017-07-25 00:00:45--  ftp://ftp.internic.net/domain/ip6.arpa.md5
           => ‘./domain/ip6.arpa.md5’
==> CWD not required.
--> PASV

227 Entering Passive Mode (192,0,32,9,77,106)
--> RETR ip6.arpa.md5

150 Opening BINARY mode data connection for ip6.arpa.md5 (48 bytes).
Length: 48

     0K                                                       100%  700K=0s

226 Transfer complete.
2017-07-25 00:00:46 (700 KB/s) - ‘./domain/ip6.arpa.md5’ saved [48]

Remote file is newer than local file ‘./domain/ip6.arpa.sha256’ -- retrieving.

--2017-07-25 00:00:46--  ftp://ftp.internic.net/domain/ip6.arpa.sha256
           => ‘./domain/ip6.arpa.sha256’
==> CWD not required.
--> PASV

227 Entering Passive Mode (192,0,32,9,152,165)
--> RETR ip6.arpa.sha256

150 Opening BINARY mode data connection for ip6.arpa.sha256 (83 bytes).
Length: 83

     0K                                                       100% 7.50K=0.01s

226 Transfer complete.
2017-07-25 00:00:47 (7.50 KB/s) - ‘./domain/ip6.arpa.sha256’ saved [83]

Remote file is newer than local file ‘./domain/ip6.arpa.zone’ -- retrieving.

--2017-07-25 00:00:47--  ftp://ftp.internic.net/domain/ip6.arpa.zone
           => ‘./domain/ip6.arpa.zone’
==> CWD not required.
--> PASV

227 Entering Passive Mode (192,0,32,9,239,47)
--> RETR ip6.arpa.zone

150 Opening BINARY mode data connection for ip6.arpa.zone (61264 bytes).
Length: 61264 (60K)

     0K .......... .......... .......... .......... .......... 83% 48.1K 0s
    50K .........                                             100%  117M=1.0s

226 Transfer complete.
2017-07-25 00:00:50 (57.5 KB/s) - ‘./domain/ip6.arpa.zone’ saved [61264]

The sizes do not match (local 24368) -- retrieving.

--2017-07-25 00:00:50--  ftp://ftp.internic.net/domain/ip6.arpa.zone.gz
           => ‘./domain/ip6.arpa.zone.gz’
==> CWD not required.
--> PASV

227 Entering Passive Mode (192,0,32,9,168,165)
--> RETR ip6.arpa.zone.gz

150 Opening BINARY mode data connection for ip6.arpa.zone.gz (24356 bytes).
Length: 24356 (24K)

     0K .......... .......... ...                             100% 76.8K=0.3s

226 Transfer complete.
2017-07-25 00:00:52 (76.8 KB/s) - ‘./domain/ip6.arpa.zone.gz’ saved [24356]

Remote file is newer than local file ‘./domain/ip6.arpa.zone.gz.md5’ -- retrieving.

--2017-07-25 00:00:52--  ftp://ftp.internic.net/domain/ip6.arpa.zone.gz.md5
           => ‘./domain/ip6.arpa.zone.gz.md5’
==> CWD not required.
--> PASV

227 Entering Passive Mode (192,0,32,9,41,196)
--> RETR ip6.arpa.zone.gz.md5

150 Opening BINARY mode data connection for ip6.arpa.zone.gz.md5 (56 bytes).
Length: 56

     0K                                                       100% 9.64K=0.006s

226 Transfer complete.
2017-07-25 00:00:53 (9.64 KB/s) - ‘./domain/ip6.arpa.zone.gz.md5’ saved [56]

Remote file is newer than local file ‘./domain/ip6.arpa.zone.gz.sha256’ -- retrieving.

--2017-07-25 00:00:53--  ftp://ftp.internic.net/domain/ip6.arpa.zone.gz.sha256
           => ‘./domain/ip6.arpa.zone.gz.sha256’
==> CWD not required.
--> PASV

227 Entering Passive Mode (192,0,32,9,124,134)
--> RETR ip6.arpa.zone.gz.sha256

150 Opening BINARY mode data connection for ip6.arpa.zone.gz.sha256 (91 bytes).
Length: 91

     0K                                                       100% 4.88K=0.02s

226 Transfer complete.
2017-07-25 00:00:54 (4.88 KB/s) - ‘./domain/ip6.arpa.zone.gz.sha256’ saved [91]

Remote file is newer than local file ‘./domain/ip6.arpa.zone.md5’ -- retrieving.

--2017-07-25 00:00:54--  ftp://ftp.internic.net/domain/ip6.arpa.zone.md5
           => ‘./domain/ip6.arpa.zone.md5’
==> CWD not required.
--> PASV

227 Entering Passive Mode (192,0,32,9,42,183)
--> RETR ip6.arpa.zone.md5

150 Opening BINARY mode data connection for ip6.arpa.zone.md5 (53 bytes).
Length: 53

     0K                                                       100% 1.15M=0s

226 Transfer complete.
2017-07-25 00:00:55 (1.15 MB/s) - ‘./domain/ip6.arpa.zone.md5’ saved [53]

Remote file is newer than local file ‘./domain/ip6.arpa.zone.sha256’ -- retrieving.

--2017-07-25 00:00:55--  ftp://ftp.internic.net/domain/ip6.arpa.zone.sha256
           => ‘./domain/ip6.arpa.zone.sha256’
==> CWD not required.
--> PASV

227 Entering Passive Mode (192,0,32,9,124,38)
--> RETR ip6.arpa.zone.sha256

150 Opening BINARY mode data connection for ip6.arpa.zone.sha256 (88 bytes).
Length: 88

     0K                                                       100% 2.00M=0s

226 Transfer complete.
2017-07-25 00:00:57 (2.00 MB/s) - ‘./domain/ip6.arpa.zone.sha256’ saved [88]

Remote file is newer than local file ‘./domain/last_update.txt’ -- retrieving.

--2017-07-25 00:00:57--  ftp://ftp.internic.net/domain/last_update.txt
           => ‘./domain/last_update.txt’
==> CWD not required.
--> PASV

227 Entering Passive Mode (192,0,32,9,42,208)
--> RETR last_update.txt

150 Opening BINARY mode data connection for last_update.txt (21 bytes).
Length: 21

     0K                                                       100% 1.70K=0.01s

226 Transfer complete.
2017-07-25 00:00:58 (1.70 KB/s) - ‘./domain/last_update.txt’ saved [21]

Remote file no newer than local file ‘./domain/named.cache’ -- not retrieving.
Remote file no newer than local file ‘./domain/named.cache.md5’ -- not retrieving.
Remote file no newer than local file ‘./domain/named.cache.sig’ -- not retrieving.
Remote file no newer than local file ‘./domain/named.root’ -- not retrieving.
Remote file no newer than local file ‘./domain/named.root.md5’ -- not retrieving.
Remote file no newer than local file ‘./domain/named.root.sig’ -- not retrieving.
Remote file no newer than local file ‘./domain/root-servers.net.zone’ -- not retrieving.
Remote file no newer than local file ‘./domain/root-servers.net.zone.gz’ -- not retrieving.
Remote file no newer than local file ‘./domain/root-servers.net.zone.gz.md5’ -- not retrieving.
Remote file no newer than local file ‘./domain/root-servers.net.zone.gz.sig’ -- not retrieving.
Remote file is newer than local file ‘./domain/root.zone’ -- retrieving.

--2017-07-25 00:00:58--  ftp://ftp.internic.net/domain/root.zone
           => ‘./domain/root.zone’
==> CWD not required.
--> PASV

227 Entering Passive Mode (192,0,32,9,41,222)
--> RETR root.zone

150 Opening BINARY mode data connection for root.zone (2261514 bytes).
Length: 2261514 (2.2M)

     0K .......... .......... .......... .......... ..........  2% 82.7K 26s
    50K .......... .......... .......... .......... ..........  4%  153K 20s
   100K .......... .......... .......... .......... ..........  6% 3.37M 13s
   150K .......... .......... .......... .......... ..........  9%  131K 13s
   200K .......... .......... .......... .......... .......... 11%  153K 13s
   250K .......... .......... .......... .......... .......... 13%  160K 13s
   300K .......... .......... .......... .......... .......... 15% 1.64M 11s
   350K .......... .......... .......... .......... .......... 18% 67.3K 12s
   400K .......... .......... .......... .......... .......... 20% 45.2M 11s
   450K .......... .......... .......... .......... .......... 22% 58.8M 9s
   500K .......... .......... .......... .......... .......... 24%  168K 9s
   550K .......... .......... .......... .......... .......... 27% 1.44M 8s
   600K .......... .......... .......... .......... .......... 29%  167K 8s
   650K .......... .......... .......... .......... .......... 31%  163K 8s
   700K .......... .......... .......... .......... .......... 33% 60.8K 9s
   750K .......... .......... .......... .......... .......... 36%  104M 8s
   800K .......... .......... .......... .......... .......... 38% 67.1M 7s
   850K .......... .......... .......... .......... .......... 40%  156K 7s
   900K .......... .......... .......... .......... .......... 43%  158K 7s
   950K .......... .......... .......... .......... .......... 45%  735K 6s
  1000K .......... .......... .......... .......... .......... 47%  161K 6s
  1050K .......... .......... .......... .......... .......... 49%  157K 6s
  1100K .......... .......... .......... .......... .......... 52%  155K 6s
  1150K .......... .......... .......... .......... .......... 54%  127K 6s
  1200K .......... .......... .......... .......... .......... 56% 99.4M 5s
  1250K .......... .......... .......... .......... .......... 58%  164K 5s
  1300K .......... .......... .......... .......... .......... 61%  136K 5s
  1350K .......... .......... .......... .......... .......... 63%  161K 4s
  1400K .......... .......... .......... .......... .......... 65%  170K 4s
  1450K .......... .......... .......... .......... .......... 67%  168K 4s
  1500K .......... .......... .......... .......... .......... 70%  469K 3s
  1550K .......... .......... .......... .......... .......... 72%  174K 3s
  1600K .......... .......... .......... .......... .......... 74% 71.8K 3s
  1650K .......... .......... .......... .......... .......... 76% 63.4M 3s
  1700K .......... .......... .......... .......... .......... 79%  123K 3s
  1750K .......... .......... .......... .......... .......... 81%  122K 2s
  1800K .......... .......... .......... .......... .......... 83%  123K 2s
  1850K .......... .......... .......... .......... .......... 86%  171K 2s
  1900K .......... .......... .......... .......... .......... 88%  156K 1s
  1950K .......... .......... .......... .......... .......... 90% 1.59M 1s
  2000K .......... .......... .......... .......... .......... 92%  130K 1s
  2050K .......... .......... .......... .......... .......... 95%  122K 1s
  2100K .......... .......... .......... .......... .......... 97%  149K 0s
  2150K .......... .......... .......... .......... .......... 99%  151K 0s
  2200K ........                                              100% 3.15M=13s

226 Transfer complete.
2017-07-25 00:01:12 (176 KB/s) - ‘./domain/root.zone’ saved [2261514]

The sizes do not match (local 1061754) -- retrieving.

--2017-07-25 00:01:12--  ftp://ftp.internic.net/domain/root.zone.gz
           => ‘./domain/root.zone.gz’
==> CWD not required.
--> PASV

227 Entering Passive Mode (192,0,32,9,74,71)
--> RETR root.zone.gz

150 Opening BINARY mode data connection for root.zone.gz (1061753 bytes).
Length: 1061753 (1.0M)

     0K .......... .......... .......... .......... ..........  4% 78.6K 13s
    50K .......... .......... .......... .......... ..........  9%  165K 9s
   100K .......... .......... .......... .......... .......... 14%  820K 6s
   150K .......... .......... .......... .......... .......... 19%  155K 6s
   200K .......... .......... .......... .......... .......... 24%  169K 5s
   250K .......... .......... .......... .......... .......... 28%  632K 4s
   300K .......... .......... .......... .......... .......... 33%  218K 4s
   350K .......... .......... .......... .......... .......... 38%  649K 3s
   400K .......... .......... .......... .......... .......... 43%  227K 3s
   450K .......... .......... .......... .......... .......... 48%  647K 2s
   500K .......... .......... .......... .......... .......... 53%  229K 2s
   550K .......... .......... .......... .......... .......... 57%  732K 2s
   600K .......... .......... .......... .......... .......... 62%  653K 2s
   650K .......... .......... .......... .......... .......... 67%  225K 1s
   700K .......... .......... .......... .......... .......... 72%  825K 1s
   750K .......... .......... .......... .......... .......... 77%  225K 1s
   800K .......... .......... .......... .......... .......... 81%  839K 1s
   850K .......... .......... .......... .......... .......... 86%  713K 1s
   900K .......... .......... .......... .......... .......... 91%  215K 0s
   950K .......... .......... .......... .......... .......... 96% 1.02M 0s
  1000K .......... .......... .......... ......               100%  827K=3.6s

226 Transfer complete.
2017-07-25 00:01:17 (286 KB/s) - ‘./domain/root.zone.gz’ saved [1061753]

Remote file is newer than local file ‘./domain/root.zone.gz.md5’ -- retrieving.

--2017-07-25 00:01:17--  ftp://ftp.internic.net/domain/root.zone.gz.md5
           => ‘./domain/root.zone.gz.md5’
==> CWD not required.
--> PASV

227 Entering Passive Mode (192,0,32,9,153,185)
--> RETR root.zone.gz.md5

150 Opening BINARY mode data connection for root.zone.gz.md5 (33 bytes).
Length: 33

     0K                                                       100%  645K=0s

226 Transfer complete.
2017-07-25 00:01:18 (645 KB/s) - ‘./domain/root.zone.gz.md5’ saved [33]

Remote file is newer than local file ‘./domain/root.zone.gz.sig’ -- retrieving.

--2017-07-25 00:01:18--  ftp://ftp.internic.net/domain/root.zone.gz.sig
           => ‘./domain/root.zone.gz.sig’
==> CWD not required.
--> PASV

227 Entering Passive Mode (192,0,32,9,12,150)
--> RETR root.zone.gz.sig

150 Opening BINARY mode data connection for root.zone.gz.sig (72 bytes).
Length: 72

     0K                                                       100% 1.32M=0s

226 Transfer complete.
2017-07-25 00:01:20 (1.32 MB/s) - ‘./domain/root.zone.gz.sig’ saved [72]

Remote file is newer than local file ‘./domain/root.zone.md5’ -- retrieving.

--2017-07-25 00:01:20--  ftp://ftp.internic.net/domain/root.zone.md5
           => ‘./domain/root.zone.md5’
==> CWD not required.
--> PASV

227 Entering Passive Mode (192,0,32,9,111,56)
--> RETR root.zone.md5

150 Opening BINARY mode data connection for root.zone.md5 (33 bytes).
Length: 33

     0K                                                       100%  467K=0s

226 Transfer complete.
2017-07-25 00:01:21 (467 KB/s) - ‘./domain/root.zone.md5’ saved [33]

Remote file is newer than local file ‘./domain/root.zone.sig’ -- retrieving.

--2017-07-25 00:01:21--  ftp://ftp.internic.net/domain/root.zone.sig
           => ‘./domain/root.zone.sig’
==> CWD not required.
--> PASV

227 Entering Passive Mode (192,0,32,9,39,154)
--> RETR root.zone.sig

150 Opening BINARY mode data connection for root.zone.sig (72 bytes).
Length: 72

     0K                                                       100% 56.8K=0.001s

226 Transfer complete.
2017-07-25 00:01:22 (56.8 KB/s) - ‘./domain/root.zone.sig’ saved [72]

FINISHED --2017-07-25 00:01:22--
Total wall clock time: 1m 19s
Downloaded: 40 files, 4.0M in 23s (178 KB/s)
