--2017-07-08 00:00:03--  ftp://ftp.internic.net/*
           => ‘./.listing’
Resolving ftp.internic.net (ftp.internic.net)... 192.0.32.9, 2620:0:2d0:200::9
Connecting to ftp.internic.net (ftp.internic.net)|192.0.32.9|:21... connected.
Logging in as anonymous ... 
220 Internic FTP Server
--> USER anonymous

331 Please specify the password.
--> PASS Turtle Power!

230 Login successful.
--> SYST

215 UNIX Type: L8
--> PWD

257 "/"
--> TYPE I

200 Switching to Binary mode.
==> CWD not needed.
--> PASV

227 Entering Passive Mode (192,0,32,9,221,127)
--> LIST -a

150 Here comes the directory listing.

     0K                                                         993K=0s

226 Directory send OK.
drwxr-xr-x    3 ftp      ftp          4096 Apr 04  2012 .
drwxr-xr-x    3 ftp      ftp          4096 Apr 04  2012 ..
drwxr-xr-x    2 ftp      ftp          4096 Sep 09  2015 domain
2017-07-08 00:00:07 (993 KB/s) - ‘./.listing’ saved [183]

--2017-07-08 00:00:07--  ftp://ftp.internic.net/domain/*
           => ‘./domain/.listing’
--> CWD /domain

250 Directory successfully changed.
--> PASV

227 Entering Passive Mode (192,0,32,9,245,106)
--> LIST -a

150 Here comes the directory listing.

     0K ...                                                    1.91M=0.002s

226 Directory send OK.
drwxr-xr-x    2 ftp      ftp          4096 Sep 09  2015 .
drwxr-xr-x    3 ftp      ftp          4096 Apr 04  2012 ..
-rw-r--r--    1 ftp      ftp          1829 Aug 18  2015 .listing
-rw-r--r--    1 ftp      ftp          1224 Jul 07 12:17 INTERNIC_ROOT_ZONE.signatures
-rw-r--r--    1 ftp      ftp          1469 Jul 07 12:17 INTERNIC_ROOT_ZONE.signatures.asc
-rw-r--r--    1 ftp      ftp         15438 Jul 07 12:17 arpa.zone
-rw-r--r--    1 ftp      ftp          6775 Jul 07 12:17 arpa.zone.gz
-rw-r--r--    1 ftp      ftp            33 Jul 07 12:17 arpa.zone.gz.md5
-rw-r--r--    1 ftp      ftp            72 Jul 07 12:17 arpa.zone.gz.sig
-rw-r--r--    1 ftp      ftp          3289 Jun 01 15:27 db.cache
-rw-r--r--    1 ftp      ftp            33 Jun 01 15:27 db.cache.md5
-rw-r--r--    1 ftp      ftp            72 Jun 01 15:27 db.cache.sig
-rw-r--r--    1 ftp      ftp        228753 Jul 07 15:40 in-addr.arpa
-rw-r--r--    1 ftp      ftp         90617 Jul 07 15:40 in-addr.arpa.gz
-rw-r--r--    1 ftp      ftp            55 Jul 07 15:40 in-addr.arpa.gz.md5
-rw-r--r--    1 ftp      ftp            90 Jul 07 15:40 in-addr.arpa.gz.sha256
-rw-r--r--    1 ftp      ftp            52 Jul 07 15:40 in-addr.arpa.md5
-rw-r--r--    1 ftp      ftp            87 Jul 07 15:40 in-addr.arpa.sha256
-rw-r--r--    1 ftp      ftp        228753 Jul 07 15:40 in-addr.arpa.zone
-rw-r--r--    1 ftp      ftp         90617 Jul 07 15:40 in-addr.arpa.zone.gz
-rw-r--r--    1 ftp      ftp            60 Jul 07 15:40 in-addr.arpa.zone.gz.md5
-rw-r--r--    1 ftp      ftp            95 Jul 07 15:40 in-addr.arpa.zone.gz.sha256
-rw-r--r--    1 ftp      ftp            57 Jul 07 15:40 in-addr.arpa.zone.md5
-rw-r--r--    1 ftp      ftp            92 Jul 07 15:40 in-addr.arpa.zone.sha256
-rw-r--r--    1 ftp      ftp         61264 Jul 07 15:40 ip6.arpa
-rw-r--r--    1 ftp      ftp         24321 Jul 07 15:40 ip6.arpa.gz
-rw-r--r--    1 ftp      ftp            51 Jul 07 15:40 ip6.arpa.gz.md5
-rw-r--r--    1 ftp      ftp            86 Jul 07 15:40 ip6.arpa.gz.sha256
-rw-r--r--    1 ftp      ftp            48 Jul 07 15:40 ip6.arpa.md5
-rw-r--r--    1 ftp      ftp            83 Jul 07 15:40 ip6.arpa.sha256
-rw-r--r--    1 ftp      ftp         61264 Jul 07 15:40 ip6.arpa.zone
-rw-r--r--    1 ftp      ftp         24321 Jul 07 15:40 ip6.arpa.zone.gz
-rw-r--r--    1 ftp      ftp            56 Jul 07 15:40 ip6.arpa.zone.gz.md5
-rw-r--r--    1 ftp      ftp            91 Jul 07 15:40 ip6.arpa.zone.gz.sha256
-rw-r--r--    1 ftp      ftp            53 Jul 07 15:40 ip6.arpa.zone.md5
-rw-r--r--    1 ftp      ftp            88 Jul 07 15:40 ip6.arpa.zone.sha256
-rw-r--r--    1 ftp      ftp            21 Jul 07 15:40 last_update.txt
-rw-r--r--    1 ftp      ftp          3289 Jun 01 15:27 named.cache
-rw-r--r--    1 ftp      ftp            33 Jun 01 15:27 named.cache.md5
-rw-r--r--    1 ftp      ftp            72 Jun 01 15:27 named.cache.sig
-rw-r--r--    1 ftp      ftp          3289 Jun 01 15:27 named.root
-rw-r--r--    1 ftp      ftp            33 Jun 01 15:27 named.root.md5
-rw-r--r--    1 ftp      ftp            72 Jun 01 15:27 named.root.sig
-rw-r--r--    1 ftp      ftp          2111 Jun 01 15:27 root-servers.net.zone
-rw-r--r--    1 ftp      ftp           575 Jun 01 15:27 root-servers.net.zone.gz
-rw-r--r--    1 ftp      ftp            33 Jun 01 15:27 root-servers.net.zone.gz.md5
-rw-r--r--    1 ftp      ftp            72 Jun 01 15:27 root-servers.net.zone.gz.sig
-rw-r--r--    1 ftp      ftp       2259133 Jul 07 05:24 root.zone
-rw-r--r--    1 ftp      ftp       1060458 Jul 07 05:24 root.zone.gz
-rw-r--r--    1 ftp      ftp            33 Jul 07 05:24 root.zone.gz.md5
-rw-r--r--    1 ftp      ftp            72 Jul 07 05:24 root.zone.gz.sig
-rw-r--r--    1 ftp      ftp            33 Jul 07 05:24 root.zone.md5
-rw-r--r--    1 ftp      ftp            72 Jul 07 05:24 root.zone.sig
2017-07-08 00:00:08 (1.91 MB/s) - ‘./domain/.listing’ saved [3930]

The sizes do not match (local 3930) -- retrieving.

--2017-07-08 00:00:08--  ftp://ftp.internic.net/domain/.listing
           => ‘./domain/.listing’
==> CWD not required.
--> PASV

227 Entering Passive Mode (192,0,32,9,201,43)
--> RETR .listing

150 Opening BINARY mode data connection for .listing (1829 bytes).
Length: 1829 (1.8K)

     0K .                                                     100% 5.76M=0s

226 Transfer complete.
2017-07-08 00:00:09 (5.76 MB/s) - ‘./domain/.listing’ saved [1829]

Remote file is newer than local file ‘./domain/INTERNIC_ROOT_ZONE.signatures’ -- retrieving.

--2017-07-08 00:00:09--  ftp://ftp.internic.net/domain/INTERNIC_ROOT_ZONE.signatures
           => ‘./domain/INTERNIC_ROOT_ZONE.signatures’
==> CWD not required.
--> PASV

227 Entering Passive Mode (192,0,32,9,108,68)
--> RETR INTERNIC_ROOT_ZONE.signatures

150 Opening BINARY mode data connection for INTERNIC_ROOT_ZONE.signatures (1224 bytes).
Length: 1224 (1.2K)

     0K .                                                     100% 16.0M=0s

226 Transfer complete.
2017-07-08 00:00:10 (16.0 MB/s) - ‘./domain/INTERNIC_ROOT_ZONE.signatures’ saved [1224]

Remote file is newer than local file ‘./domain/INTERNIC_ROOT_ZONE.signatures.asc’ -- retrieving.

--2017-07-08 00:00:10--  ftp://ftp.internic.net/domain/INTERNIC_ROOT_ZONE.signatures.asc
           => ‘./domain/INTERNIC_ROOT_ZONE.signatures.asc’
==> CWD not required.
--> PASV

227 Entering Passive Mode (192,0,32,9,125,223)
--> RETR INTERNIC_ROOT_ZONE.signatures.asc

150 Opening BINARY mode data connection for INTERNIC_ROOT_ZONE.signatures.asc (1469 bytes).
Length: 1469 (1.4K)

     0K .                                                     100% 16.9M=0s

226 Transfer complete.
2017-07-08 00:00:12 (16.9 MB/s) - ‘./domain/INTERNIC_ROOT_ZONE.signatures.asc’ saved [1469]

Remote file is newer than local file ‘./domain/arpa.zone’ -- retrieving.

--2017-07-08 00:00:12--  ftp://ftp.internic.net/domain/arpa.zone
           => ‘./domain/arpa.zone’
==> CWD not required.
--> PASV

227 Entering Passive Mode (192,0,32,9,42,197)
--> RETR arpa.zone

150 Opening BINARY mode data connection for arpa.zone (15438 bytes).
Length: 15438 (15K)

     0K .......... .....                                      100% 8.20M=0.002s

226 Transfer complete.
2017-07-08 00:00:13 (8.20 MB/s) - ‘./domain/arpa.zone’ saved [15438]

The sizes do not match (local 6768) -- retrieving.

--2017-07-08 00:00:13--  ftp://ftp.internic.net/domain/arpa.zone.gz
           => ‘./domain/arpa.zone.gz’
==> CWD not required.
--> PASV

227 Entering Passive Mode (192,0,32,9,108,163)
--> RETR arpa.zone.gz

150 Opening BINARY mode data connection for arpa.zone.gz (6775 bytes).
Length: 6775 (6.6K)

     0K ......                                                100% 52.1M=0s

226 Transfer complete.
2017-07-08 00:00:14 (52.1 MB/s) - ‘./domain/arpa.zone.gz’ saved [6775]

Remote file is newer than local file ‘./domain/arpa.zone.gz.md5’ -- retrieving.

--2017-07-08 00:00:14--  ftp://ftp.internic.net/domain/arpa.zone.gz.md5
           => ‘./domain/arpa.zone.gz.md5’
==> CWD not required.
--> PASV

227 Entering Passive Mode (192,0,32,9,152,103)
--> RETR arpa.zone.gz.md5

150 Opening BINARY mode data connection for arpa.zone.gz.md5 (33 bytes).
Length: 33

     0K                                                       100%  260K=0s

226 Transfer complete.
2017-07-08 00:00:15 (260 KB/s) - ‘./domain/arpa.zone.gz.md5’ saved [33]

Remote file is newer than local file ‘./domain/arpa.zone.gz.sig’ -- retrieving.

--2017-07-08 00:00:15--  ftp://ftp.internic.net/domain/arpa.zone.gz.sig
           => ‘./domain/arpa.zone.gz.sig’
==> CWD not required.
--> PASV

227 Entering Passive Mode (192,0,32,9,26,53)
--> RETR arpa.zone.gz.sig

150 Opening BINARY mode data connection for arpa.zone.gz.sig (72 bytes).
Length: 72

     0K                                                       100%  606K=0s

226 Transfer complete.
2017-07-08 00:00:16 (606 KB/s) - ‘./domain/arpa.zone.gz.sig’ saved [72]

Remote file no newer than local file ‘./domain/db.cache’ -- not retrieving.
Remote file no newer than local file ‘./domain/db.cache.md5’ -- not retrieving.
Remote file no newer than local file ‘./domain/db.cache.sig’ -- not retrieving.
Remote file is newer than local file ‘./domain/in-addr.arpa’ -- retrieving.

--2017-07-08 00:00:16--  ftp://ftp.internic.net/domain/in-addr.arpa
           => ‘./domain/in-addr.arpa’
==> CWD not required.
--> PASV

227 Entering Passive Mode (192,0,32,9,90,229)
--> RETR in-addr.arpa

150 Opening BINARY mode data connection for in-addr.arpa (228753 bytes).
Length: 228753 (223K)

     0K .......... .......... .......... .......... .......... 22% 57.6K 3s
    50K .......... .......... .......... .......... .......... 44% 54.3K 2s
   100K .......... .......... .......... .......... .......... 67% 54.2K 1s
   150K .......... .......... .......... .......... .......... 89% 61.2K 0s
   200K .......... .......... ...                             100% 75.9K=3.8s

226 Transfer complete.
2017-07-08 00:00:21 (58.2 KB/s) - ‘./domain/in-addr.arpa’ saved [228753]

Remote file is newer than local file ‘./domain/in-addr.arpa.gz’ -- retrieving.

--2017-07-08 00:00:21--  ftp://ftp.internic.net/domain/in-addr.arpa.gz
           => ‘./domain/in-addr.arpa.gz’
==> CWD not required.
--> PASV

227 Entering Passive Mode (192,0,32,9,189,21)
--> RETR in-addr.arpa.gz

150 Opening BINARY mode data connection for in-addr.arpa.gz (90617 bytes).
Length: 90617 (88K)

     0K .......... .......... .......... .......... .......... 56% 84.3K 0s
    50K .......... .......... .......... ........             100% 4.08M=0.6s

226 Transfer complete.
2017-07-08 00:00:23 (147 KB/s) - ‘./domain/in-addr.arpa.gz’ saved [90617]

Remote file is newer than local file ‘./domain/in-addr.arpa.gz.md5’ -- retrieving.

--2017-07-08 00:00:24--  ftp://ftp.internic.net/domain/in-addr.arpa.gz.md5
           => ‘./domain/in-addr.arpa.gz.md5’
==> CWD not required.
--> PASV

227 Entering Passive Mode (192,0,32,9,166,227)
--> RETR in-addr.arpa.gz.md5

150 Opening BINARY mode data connection for in-addr.arpa.gz.md5 (55 bytes).
Length: 55

     0K                                                       100%  790K=0s

226 Transfer complete.
2017-07-08 00:00:25 (790 KB/s) - ‘./domain/in-addr.arpa.gz.md5’ saved [55]

Remote file is newer than local file ‘./domain/in-addr.arpa.gz.sha256’ -- retrieving.

--2017-07-08 00:00:25--  ftp://ftp.internic.net/domain/in-addr.arpa.gz.sha256
           => ‘./domain/in-addr.arpa.gz.sha256’
==> CWD not required.
--> PASV

227 Entering Passive Mode (192,0,32,9,90,197)
--> RETR in-addr.arpa.gz.sha256

150 Opening BINARY mode data connection for in-addr.arpa.gz.sha256 (90 bytes).
Length: 90

     0K                                                       100% 1.19M=0s

226 Transfer complete.
2017-07-08 00:00:26 (1.19 MB/s) - ‘./domain/in-addr.arpa.gz.sha256’ saved [90]

Remote file is newer than local file ‘./domain/in-addr.arpa.md5’ -- retrieving.

--2017-07-08 00:00:26--  ftp://ftp.internic.net/domain/in-addr.arpa.md5
           => ‘./domain/in-addr.arpa.md5’
==> CWD not required.
--> PASV

227 Entering Passive Mode (192,0,32,9,7,66)
--> RETR in-addr.arpa.md5

150 Opening BINARY mode data connection for in-addr.arpa.md5 (52 bytes).
Length: 52

     0K                                                       100% 16.9K=0.003s

226 Transfer complete.
2017-07-08 00:00:27 (16.9 KB/s) - ‘./domain/in-addr.arpa.md5’ saved [52]

Remote file is newer than local file ‘./domain/in-addr.arpa.sha256’ -- retrieving.

--2017-07-08 00:00:27--  ftp://ftp.internic.net/domain/in-addr.arpa.sha256
           => ‘./domain/in-addr.arpa.sha256’
==> CWD not required.
--> PASV

227 Entering Passive Mode (192,0,32,9,69,23)
--> RETR in-addr.arpa.sha256

150 Opening BINARY mode data connection for in-addr.arpa.sha256 (87 bytes).
Length: 87

     0K                                                       100% 69.4K=0.001s

226 Transfer complete.
2017-07-08 00:00:28 (69.4 KB/s) - ‘./domain/in-addr.arpa.sha256’ saved [87]

Remote file is newer than local file ‘./domain/in-addr.arpa.zone’ -- retrieving.

--2017-07-08 00:00:28--  ftp://ftp.internic.net/domain/in-addr.arpa.zone
           => ‘./domain/in-addr.arpa.zone’
==> CWD not required.
--> PASV

227 Entering Passive Mode (192,0,32,9,72,183)
--> RETR in-addr.arpa.zone

150 Opening BINARY mode data connection for in-addr.arpa.zone (228753 bytes).
Length: 228753 (223K)

     0K .......... .......... .......... .......... .......... 22% 55.6K 3s
    50K .......... .......... .......... .......... .......... 44% 54.3K 2s
   100K .......... .......... .......... .......... .......... 67% 54.4K 1s
   150K .......... .......... .......... .......... .......... 89% 40.6K 0s
   200K .......... .......... ...                             100% 77.0K=4.3s

226 Transfer complete.
2017-07-08 00:00:33 (52.3 KB/s) - ‘./domain/in-addr.arpa.zone’ saved [228753]

Remote file is newer than local file ‘./domain/in-addr.arpa.zone.gz’ -- retrieving.

--2017-07-08 00:00:33--  ftp://ftp.internic.net/domain/in-addr.arpa.zone.gz
           => ‘./domain/in-addr.arpa.zone.gz’
==> CWD not required.
--> PASV

227 Entering Passive Mode (192,0,32,9,206,182)
--> RETR in-addr.arpa.zone.gz

150 Opening BINARY mode data connection for in-addr.arpa.zone.gz (90617 bytes).
Length: 90617 (88K)

     0K .......... .......... .......... .......... .......... 56% 64.2K 1s
    50K .......... .......... .......... ........             100% 7.05M=0.8s

226 Transfer complete.
2017-07-08 00:00:35 (113 KB/s) - ‘./domain/in-addr.arpa.zone.gz’ saved [90617]

Remote file is newer than local file ‘./domain/in-addr.arpa.zone.gz.md5’ -- retrieving.

--2017-07-08 00:00:35--  ftp://ftp.internic.net/domain/in-addr.arpa.zone.gz.md5
           => ‘./domain/in-addr.arpa.zone.gz.md5’
==> CWD not required.
--> PASV

227 Entering Passive Mode (192,0,32,9,159,122)
--> RETR in-addr.arpa.zone.gz.md5

150 Opening BINARY mode data connection for in-addr.arpa.zone.gz.md5 (60 bytes).
Length: 60

     0K                                                       100%  465K=0s

226 Transfer complete.
2017-07-08 00:00:36 (465 KB/s) - ‘./domain/in-addr.arpa.zone.gz.md5’ saved [60]

Remote file is newer than local file ‘./domain/in-addr.arpa.zone.gz.sha256’ -- retrieving.

--2017-07-08 00:00:36--  ftp://ftp.internic.net/domain/in-addr.arpa.zone.gz.sha256
           => ‘./domain/in-addr.arpa.zone.gz.sha256’
==> CWD not required.
--> PASV

227 Entering Passive Mode (192,0,32,9,146,221)
--> RETR in-addr.arpa.zone.gz.sha256

150 Opening BINARY mode data connection for in-addr.arpa.zone.gz.sha256 (95 bytes).
Length: 95

     0K                                                       100%  682K=0s

226 Transfer complete.
2017-07-08 00:00:37 (682 KB/s) - ‘./domain/in-addr.arpa.zone.gz.sha256’ saved [95]

Remote file is newer than local file ‘./domain/in-addr.arpa.zone.md5’ -- retrieving.

--2017-07-08 00:00:37--  ftp://ftp.internic.net/domain/in-addr.arpa.zone.md5
           => ‘./domain/in-addr.arpa.zone.md5’
==> CWD not required.
--> PASV

227 Entering Passive Mode (192,0,32,9,250,207)
--> RETR in-addr.arpa.zone.md5

150 Opening BINARY mode data connection for in-addr.arpa.zone.md5 (57 bytes).
Length: 57

     0K                                                       100%  264K=0s

226 Transfer complete.
2017-07-08 00:00:38 (264 KB/s) - ‘./domain/in-addr.arpa.zone.md5’ saved [57]

Remote file is newer than local file ‘./domain/in-addr.arpa.zone.sha256’ -- retrieving.

--2017-07-08 00:00:38--  ftp://ftp.internic.net/domain/in-addr.arpa.zone.sha256
           => ‘./domain/in-addr.arpa.zone.sha256’
==> CWD not required.
--> PASV

227 Entering Passive Mode (192,0,32,9,193,46)
--> RETR in-addr.arpa.zone.sha256

150 Opening BINARY mode data connection for in-addr.arpa.zone.sha256 (92 bytes).
Length: 92

     0K                                                       100% 1.99M=0s

226 Transfer complete.
2017-07-08 00:00:39 (1.99 MB/s) - ‘./domain/in-addr.arpa.zone.sha256’ saved [92]

Remote file is newer than local file ‘./domain/ip6.arpa’ -- retrieving.

--2017-07-08 00:00:39--  ftp://ftp.internic.net/domain/ip6.arpa
           => ‘./domain/ip6.arpa’
==> CWD not required.
--> PASV

227 Entering Passive Mode (192,0,32,9,114,0)
--> RETR ip6.arpa

150 Opening BINARY mode data connection for ip6.arpa (61264 bytes).
Length: 61264 (60K)

     0K .......... .......... .......... .......... .......... 83% 99.7K 0s
    50K .........                                             100% 1.71M=0.5s

226 Transfer complete.
2017-07-08 00:00:41 (118 KB/s) - ‘./domain/ip6.arpa’ saved [61264]

Remote file is newer than local file ‘./domain/ip6.arpa.gz’ -- retrieving.

--2017-07-08 00:00:41--  ftp://ftp.internic.net/domain/ip6.arpa.gz
           => ‘./domain/ip6.arpa.gz’
==> CWD not required.
--> PASV

227 Entering Passive Mode (192,0,32,9,137,12)
--> RETR ip6.arpa.gz

150 Opening BINARY mode data connection for ip6.arpa.gz (24321 bytes).
Length: 24321 (24K)

     0K .......... .......... ...                             100% 82.7K=0.3s

226 Transfer complete.
2017-07-08 00:00:42 (82.7 KB/s) - ‘./domain/ip6.arpa.gz’ saved [24321]

Remote file is newer than local file ‘./domain/ip6.arpa.gz.md5’ -- retrieving.

--2017-07-08 00:00:42--  ftp://ftp.internic.net/domain/ip6.arpa.gz.md5
           => ‘./domain/ip6.arpa.gz.md5’
==> CWD not required.
--> PASV

227 Entering Passive Mode (192,0,32,9,41,28)
--> RETR ip6.arpa.gz.md5

150 Opening BINARY mode data connection for ip6.arpa.gz.md5 (51 bytes).
Length: 51

     0K                                                       100% 1.11M=0s

226 Transfer complete.
2017-07-08 00:00:43 (1.11 MB/s) - ‘./domain/ip6.arpa.gz.md5’ saved [51]

Remote file is newer than local file ‘./domain/ip6.arpa.gz.sha256’ -- retrieving.

--2017-07-08 00:00:43--  ftp://ftp.internic.net/domain/ip6.arpa.gz.sha256
           => ‘./domain/ip6.arpa.gz.sha256’
==> CWD not required.
--> PASV

227 Entering Passive Mode (192,0,32,9,194,32)
--> RETR ip6.arpa.gz.sha256

150 Opening BINARY mode data connection for ip6.arpa.gz.sha256 (86 bytes).
Length: 86

     0K                                                       100%  706K=0s

226 Transfer complete.
2017-07-08 00:00:45 (706 KB/s) - ‘./domain/ip6.arpa.gz.sha256’ saved [86]

Remote file is newer than local file ‘./domain/ip6.arpa.md5’ -- retrieving.

--2017-07-08 00:00:45--  ftp://ftp.internic.net/domain/ip6.arpa.md5
           => ‘./domain/ip6.arpa.md5’
==> CWD not required.
--> PASV

227 Entering Passive Mode (192,0,32,9,41,92)
--> RETR ip6.arpa.md5

150 Opening BINARY mode data connection for ip6.arpa.md5 (48 bytes).
Length: 48

     0K                                                       100%  633K=0s

226 Transfer complete.
2017-07-08 00:00:46 (633 KB/s) - ‘./domain/ip6.arpa.md5’ saved [48]

Remote file is newer than local file ‘./domain/ip6.arpa.sha256’ -- retrieving.

--2017-07-08 00:00:46--  ftp://ftp.internic.net/domain/ip6.arpa.sha256
           => ‘./domain/ip6.arpa.sha256’
==> CWD not required.
--> PASV

227 Entering Passive Mode (192,0,32,9,41,43)
--> RETR ip6.arpa.sha256

150 Opening BINARY mode data connection for ip6.arpa.sha256 (83 bytes).
Length: 83

     0K                                                       100% 1.01M=0s

226 Transfer complete.
2017-07-08 00:00:47 (1.01 MB/s) - ‘./domain/ip6.arpa.sha256’ saved [83]

Remote file is newer than local file ‘./domain/ip6.arpa.zone’ -- retrieving.

--2017-07-08 00:00:47--  ftp://ftp.internic.net/domain/ip6.arpa.zone
           => ‘./domain/ip6.arpa.zone’
==> CWD not required.
--> PASV

227 Entering Passive Mode (192,0,32,9,11,19)
--> RETR ip6.arpa.zone

150 Opening BINARY mode data connection for ip6.arpa.zone (61264 bytes).
Length: 61264 (60K)

     0K .......... .......... .......... .......... .......... 83% 52.5K 0s
    50K .........                                             100%  692K=1.0s

226 Transfer complete.
2017-07-08 00:00:49 (61.9 KB/s) - ‘./domain/ip6.arpa.zone’ saved [61264]

Remote file is newer than local file ‘./domain/ip6.arpa.zone.gz’ -- retrieving.

--2017-07-08 00:00:49--  ftp://ftp.internic.net/domain/ip6.arpa.zone.gz
           => ‘./domain/ip6.arpa.zone.gz’
==> CWD not required.
--> PASV

227 Entering Passive Mode (192,0,32,9,42,178)
--> RETR ip6.arpa.zone.gz

150 Opening BINARY mode data connection for ip6.arpa.zone.gz (24321 bytes).
Length: 24321 (24K)

     0K .......... .......... ...                             100% 78.2K=0.3s

226 Transfer complete.
2017-07-08 00:00:50 (78.2 KB/s) - ‘./domain/ip6.arpa.zone.gz’ saved [24321]

Remote file is newer than local file ‘./domain/ip6.arpa.zone.gz.md5’ -- retrieving.

--2017-07-08 00:00:50--  ftp://ftp.internic.net/domain/ip6.arpa.zone.gz.md5
           => ‘./domain/ip6.arpa.zone.gz.md5’
==> CWD not required.
--> PASV

227 Entering Passive Mode (192,0,32,9,7,8)
--> RETR ip6.arpa.zone.gz.md5

150 Opening BINARY mode data connection for ip6.arpa.zone.gz.md5 (56 bytes).
Length: 56

     0K                                                       100%  659K=0s

226 Transfer complete.
2017-07-08 00:00:52 (659 KB/s) - ‘./domain/ip6.arpa.zone.gz.md5’ saved [56]

Remote file is newer than local file ‘./domain/ip6.arpa.zone.gz.sha256’ -- retrieving.

--2017-07-08 00:00:52--  ftp://ftp.internic.net/domain/ip6.arpa.zone.gz.sha256
           => ‘./domain/ip6.arpa.zone.gz.sha256’
==> CWD not required.
--> PASV

227 Entering Passive Mode (192,0,32,9,41,108)
--> RETR ip6.arpa.zone.gz.sha256

150 Opening BINARY mode data connection for ip6.arpa.zone.gz.sha256 (91 bytes).
Length: 91

     0K                                                       100% 1.16M=0s

226 Transfer complete.
2017-07-08 00:00:53 (1.16 MB/s) - ‘./domain/ip6.arpa.zone.gz.sha256’ saved [91]

Remote file is newer than local file ‘./domain/ip6.arpa.zone.md5’ -- retrieving.

--2017-07-08 00:00:53--  ftp://ftp.internic.net/domain/ip6.arpa.zone.md5
           => ‘./domain/ip6.arpa.zone.md5’
==> CWD not required.
--> PASV

227 Entering Passive Mode (192,0,32,9,42,5)
--> RETR ip6.arpa.zone.md5

150 Opening BINARY mode data connection for ip6.arpa.zone.md5 (53 bytes).
Length: 53

     0K                                                       100%  690K=0s

226 Transfer complete.
2017-07-08 00:00:54 (690 KB/s) - ‘./domain/ip6.arpa.zone.md5’ saved [53]

Remote file is newer than local file ‘./domain/ip6.arpa.zone.sha256’ -- retrieving.

--2017-07-08 00:00:54--  ftp://ftp.internic.net/domain/ip6.arpa.zone.sha256
           => ‘./domain/ip6.arpa.zone.sha256’
==> CWD not required.
--> PASV

227 Entering Passive Mode (192,0,32,9,17,163)
--> RETR ip6.arpa.zone.sha256

150 Opening BINARY mode data connection for ip6.arpa.zone.sha256 (88 bytes).
Length: 88

     0K                                                       100%  741K=0s

226 Transfer complete.
2017-07-08 00:00:55 (741 KB/s) - ‘./domain/ip6.arpa.zone.sha256’ saved [88]

Remote file is newer than local file ‘./domain/last_update.txt’ -- retrieving.

--2017-07-08 00:00:55--  ftp://ftp.internic.net/domain/last_update.txt
           => ‘./domain/last_update.txt’
==> CWD not required.
--> PASV

227 Entering Passive Mode (192,0,32,9,69,26)
--> RETR last_update.txt

150 Opening BINARY mode data connection for last_update.txt (21 bytes).
Length: 21

     0K                                                       100%  270K=0s

226 Transfer complete.
2017-07-08 00:00:56 (270 KB/s) - ‘./domain/last_update.txt’ saved [21]

Remote file no newer than local file ‘./domain/named.cache’ -- not retrieving.
Remote file no newer than local file ‘./domain/named.cache.md5’ -- not retrieving.
Remote file no newer than local file ‘./domain/named.cache.sig’ -- not retrieving.
Remote file no newer than local file ‘./domain/named.root’ -- not retrieving.
Remote file no newer than local file ‘./domain/named.root.md5’ -- not retrieving.
Remote file no newer than local file ‘./domain/named.root.sig’ -- not retrieving.
Remote file no newer than local file ‘./domain/root-servers.net.zone’ -- not retrieving.
Remote file no newer than local file ‘./domain/root-servers.net.zone.gz’ -- not retrieving.
Remote file no newer than local file ‘./domain/root-servers.net.zone.gz.md5’ -- not retrieving.
Remote file no newer than local file ‘./domain/root-servers.net.zone.gz.sig’ -- not retrieving.
The sizes do not match (local 2259006) -- retrieving.

--2017-07-08 00:00:56--  ftp://ftp.internic.net/domain/root.zone
           => ‘./domain/root.zone’
==> CWD not required.
--> PASV

227 Entering Passive Mode (192,0,32,9,251,169)
--> RETR root.zone

150 Opening BINARY mode data connection for root.zone (2259133 bytes).
Length: 2259133 (2.2M)

     0K .......... .......... .......... .......... ..........  2%  111K 19s
    50K .......... .......... .......... .......... ..........  4%  192K 15s
   100K .......... .......... .......... .......... ..........  6% 2.00M 10s
   150K .......... .......... .......... .......... ..........  9%  165K 10s
   200K .......... .......... .......... .......... .......... 11%  160K 11s
   250K .......... .......... .......... .......... .......... 13%  170K 10s
   300K .......... .......... .......... .......... .......... 15% 96.6K 11s
   350K .......... .......... .......... .......... .......... 18% 3.37M 10s
   400K .......... .......... .......... .......... .......... 20% 30.3M 9s
   450K .......... .......... .......... .......... .......... 22% 1.89M 8s
   500K .......... .......... .......... .......... .......... 24%  175K 8s
   550K .......... .......... .......... .......... .......... 27%  179K 7s
   600K .......... .......... .......... .......... .......... 29% 96.2K 8s
   650K .......... .......... .......... .......... .......... 31% 14.9M 7s
   700K .......... .......... .......... .......... .......... 33% 8.31M 6s
   750K .......... .......... .......... .......... .......... 36%  225K 6s
   800K .......... .......... .......... .......... .......... 38% 1.22M 6s
   850K .......... .......... .......... .......... .......... 40% 72.7K 6s
   900K .......... .......... .......... .......... .......... 43% 13.3M 6s
   950K .......... .......... .......... .......... .......... 45% 3.29M 5s
  1000K .......... .......... .......... .......... .......... 47%  210K 5s
  1050K .......... .......... .......... .......... .......... 49%  211K 5s
  1100K .......... .......... .......... .......... .......... 52%  176K 5s
  1150K .......... .......... .......... .......... .......... 54%  193K 4s
  1200K .......... .......... .......... .......... .......... 56%  192K 4s
  1250K .......... .......... .......... .......... .......... 58% 82.7K 4s
  1300K .......... .......... .......... .......... .......... 61% 11.2M 4s
  1350K .......... .......... .......... .......... .......... 63% 82.6K 4s
  1400K .......... .......... .......... .......... .......... 65%  155K 4s
  1450K .......... .......... .......... .......... .......... 67%  171K 3s
  1500K .......... .......... .......... .......... .......... 70%  159K 3s
  1550K .......... .......... .......... .......... .......... 72%  167K 3s
  1600K .......... .......... .......... .......... .......... 74%  164K 3s
  1650K .......... .......... .......... .......... .......... 77% 4.08M 2s
  1700K .......... .......... .......... .......... .......... 79%  158K 2s
  1750K .......... .......... .......... .......... .......... 81%  166K 2s
  1800K .......... .......... .......... .......... .......... 83%  165K 2s
  1850K .......... .......... .......... .......... .......... 86%  154K 2s
  1900K .......... .......... .......... .......... .......... 88%  145K 1s
  1950K .......... .......... .......... .......... .......... 90%  252K 1s
  2000K .......... .......... .......... .......... .......... 92%  200K 1s
  2050K .......... .......... .......... .......... .......... 95%  155K 1s
  2100K .......... .......... .......... .......... .......... 97%  167K 0s
  2150K .......... .......... .......... .......... .......... 99%  167K 0s
  2200K ......                                                100% 19.1M=11s

226 Transfer complete.
2017-07-08 00:01:09 (196 KB/s) - ‘./domain/root.zone’ saved [2259133]

The sizes do not match (local 1060666) -- retrieving.

--2017-07-08 00:01:09--  ftp://ftp.internic.net/domain/root.zone.gz
           => ‘./domain/root.zone.gz’
==> CWD not required.
--> PASV

227 Entering Passive Mode (192,0,32,9,245,189)
--> RETR root.zone.gz

150 Opening BINARY mode data connection for root.zone.gz (1060458 bytes).
Length: 1060458 (1.0M)

     0K .......... .......... .......... .......... ..........  4% 61.1K 16s
    50K .......... .......... .......... .......... ..........  9% 54.3K 16s
   100K .......... .......... .......... .......... .......... 14% 61.3K 15s
   150K .......... .......... .......... .......... .......... 19% 53.9K 15s
   200K .......... .......... .......... .......... .......... 24% 54.5K 14s
   250K .......... .......... .......... .......... .......... 28% 54.3K 13s
   300K .......... .......... .......... .......... .......... 33% 54.0K 12s
   350K .......... .......... .......... .......... .......... 38% 40.8K 12s
   400K .......... .......... .......... .......... .......... 43% 54.3K 11s
   450K .......... .......... .......... .......... .......... 48% 54.2K 10s
   500K .......... .......... .......... .......... .......... 53% 54.1K 9s
   550K .......... .......... .......... .......... .......... 57% 32.6K 9s
   600K .......... .......... .......... .......... .......... 62% 53.9K 8s
   650K .......... .......... .......... .......... .......... 67% 59.6K 6s
   700K .......... .......... .......... .......... .......... 72% 55.8K 5s
   750K .......... .......... .......... .......... .......... 77% 43.6K 5s
   800K .......... .......... .......... .......... .......... 82% 55.5K 4s
   850K .......... .......... .......... .......... .......... 86% 53.9K 3s
   900K .......... .......... .......... .......... .......... 91% 53.8K 2s
   950K .......... .......... .......... .......... .......... 96% 51.8K 1s
  1000K .......... .......... .......... .....                100% 63.8K=20s

226 Transfer complete.
2017-07-08 00:01:30 (52.1 KB/s) - ‘./domain/root.zone.gz’ saved [1060458]

Remote file is newer than local file ‘./domain/root.zone.gz.md5’ -- retrieving.

--2017-07-08 00:01:30--  ftp://ftp.internic.net/domain/root.zone.gz.md5
           => ‘./domain/root.zone.gz.md5’
==> CWD not required.
--> PASV

227 Entering Passive Mode (192,0,32,9,83,251)
--> RETR root.zone.gz.md5

150 Opening BINARY mode data connection for root.zone.gz.md5 (33 bytes).
Length: 33

     0K                                                       100%  454K=0s

226 Transfer complete.
2017-07-08 00:01:31 (454 KB/s) - ‘./domain/root.zone.gz.md5’ saved [33]

Remote file is newer than local file ‘./domain/root.zone.gz.sig’ -- retrieving.

--2017-07-08 00:01:31--  ftp://ftp.internic.net/domain/root.zone.gz.sig
           => ‘./domain/root.zone.gz.sig’
==> CWD not required.
--> PASV

227 Entering Passive Mode (192,0,32,9,83,129)
--> RETR root.zone.gz.sig

150 Opening BINARY mode data connection for root.zone.gz.sig (72 bytes).
Length: 72

     0K                                                       100%  857K=0s

226 Transfer complete.
2017-07-08 00:01:32 (857 KB/s) - ‘./domain/root.zone.gz.sig’ saved [72]

Remote file is newer than local file ‘./domain/root.zone.md5’ -- retrieving.

--2017-07-08 00:01:32--  ftp://ftp.internic.net/domain/root.zone.md5
           => ‘./domain/root.zone.md5’
==> CWD not required.
--> PASV

227 Entering Passive Mode (192,0,32,9,7,53)
--> RETR root.zone.md5

150 Opening BINARY mode data connection for root.zone.md5 (33 bytes).
Length: 33

     0K                                                       100%  301K=0s

226 Transfer complete.
2017-07-08 00:01:33 (301 KB/s) - ‘./domain/root.zone.md5’ saved [33]

Remote file is newer than local file ‘./domain/root.zone.sig’ -- retrieving.

--2017-07-08 00:01:33--  ftp://ftp.internic.net/domain/root.zone.sig
           => ‘./domain/root.zone.sig’
==> CWD not required.
--> PASV

227 Entering Passive Mode (192,0,32,9,229,103)
--> RETR root.zone.sig

150 Opening BINARY mode data connection for root.zone.sig (72 bytes).
Length: 72

     0K                                                       100%  521K=0s

226 Transfer complete.
2017-07-08 00:01:34 (521 KB/s) - ‘./domain/root.zone.sig’ saved [72]

FINISHED --2017-07-08 00:01:34--
Total wall clock time: 1m 32s
Downloaded: 40 files, 4.0M in 43s (95.2 KB/s)
