--2017-08-30 00:00:02--  ftp://ftp.internic.net/*
           => ‘./.listing’
Resolving ftp.internic.net (ftp.internic.net)... 192.0.32.9, 2620:0:2d0:200::9
Connecting to ftp.internic.net (ftp.internic.net)|192.0.32.9|:21... connected.
Logging in as anonymous ... 
220 Internic FTP Server
--> USER anonymous

331 Please specify the password.
--> PASS Turtle Power!

230 Login successful.
--> SYST

215 UNIX Type: L8
--> PWD

257 "/"
--> TYPE I

200 Switching to Binary mode.
==> CWD not needed.
--> PASV

227 Entering Passive Mode (192,0,32,9,135,196)
--> LIST -a

150 Here comes the directory listing.

     0K                                                        3.97M=0s

226 Directory send OK.
drwxr-xr-x    3 ftp      ftp          4096 Apr 04  2012 .
drwxr-xr-x    3 ftp      ftp          4096 Apr 04  2012 ..
drwxr-xr-x    2 ftp      ftp          4096 Sep 09  2015 domain
2017-08-30 00:00:16 (3.97 MB/s) - ‘./.listing’ saved [183]

--2017-08-30 00:00:16--  ftp://ftp.internic.net/domain/*
           => ‘./domain/.listing’
--> CWD /domain

250 Directory successfully changed.
--> PASV

227 Entering Passive Mode (192,0,32,9,7,251)
--> LIST -a

150 Here comes the directory listing.

     0K ...                                                     587K=0.007s

226 Directory send OK.
drwxr-xr-x    2 ftp      ftp          4096 Sep 09  2015 .
drwxr-xr-x    3 ftp      ftp          4096 Apr 04  2012 ..
-rw-r--r--    1 ftp      ftp          1829 Aug 18  2015 .listing
-rw-r--r--    1 ftp      ftp          1224 Aug 29 13:58 INTERNIC_ROOT_ZONE.signatures
-rw-r--r--    1 ftp      ftp          1469 Aug 29 13:59 INTERNIC_ROOT_ZONE.signatures.asc
-rw-r--r--    1 ftp      ftp         15228 Aug 29 13:48 arpa.zone
-rw-r--r--    1 ftp      ftp          6641 Aug 29 13:48 arpa.zone.gz
-rw-r--r--    1 ftp      ftp            33 Aug 29 13:49 arpa.zone.gz.md5
-rw-r--r--    1 ftp      ftp            72 Aug 29 13:49 arpa.zone.gz.sig
-rw-r--r--    1 ftp      ftp          3316 Aug 29 13:58 db.cache
-rw-r--r--    1 ftp      ftp            33 Aug 29 13:59 db.cache.md5
-rw-r--r--    1 ftp      ftp            72 Aug 29 13:59 db.cache.sig
-rw-r--r--    1 ftp      ftp        228558 Aug 29 16:00 in-addr.arpa
-rw-r--r--    1 ftp      ftp         90817 Aug 29 16:00 in-addr.arpa.gz
-rw-r--r--    1 ftp      ftp            55 Aug 29 16:00 in-addr.arpa.gz.md5
-rw-r--r--    1 ftp      ftp            90 Aug 29 16:00 in-addr.arpa.gz.sha256
-rw-r--r--    1 ftp      ftp            52 Aug 29 16:00 in-addr.arpa.md5
-rw-r--r--    1 ftp      ftp            87 Aug 29 16:00 in-addr.arpa.sha256
-rw-r--r--    1 ftp      ftp        228558 Aug 29 16:00 in-addr.arpa.zone
-rw-r--r--    1 ftp      ftp         90817 Aug 29 16:00 in-addr.arpa.zone.gz
-rw-r--r--    1 ftp      ftp            60 Aug 29 16:00 in-addr.arpa.zone.gz.md5
-rw-r--r--    1 ftp      ftp            95 Aug 29 16:00 in-addr.arpa.zone.gz.sha256
-rw-r--r--    1 ftp      ftp            57 Aug 29 16:00 in-addr.arpa.zone.md5
-rw-r--r--    1 ftp      ftp            92 Aug 29 16:00 in-addr.arpa.zone.sha256
-rw-r--r--    1 ftp      ftp         61151 Aug 29 16:00 ip6.arpa
-rw-r--r--    1 ftp      ftp         24319 Aug 29 16:00 ip6.arpa.gz
-rw-r--r--    1 ftp      ftp            51 Aug 29 16:00 ip6.arpa.gz.md5
-rw-r--r--    1 ftp      ftp            86 Aug 29 16:00 ip6.arpa.gz.sha256
-rw-r--r--    1 ftp      ftp            48 Aug 29 16:00 ip6.arpa.md5
-rw-r--r--    1 ftp      ftp            83 Aug 29 16:00 ip6.arpa.sha256
-rw-r--r--    1 ftp      ftp         61151 Aug 29 16:00 ip6.arpa.zone
-rw-r--r--    1 ftp      ftp         24319 Aug 29 16:00 ip6.arpa.zone.gz
-rw-r--r--    1 ftp      ftp            56 Aug 29 16:00 ip6.arpa.zone.gz.md5
-rw-r--r--    1 ftp      ftp            91 Aug 29 16:00 ip6.arpa.zone.gz.sha256
-rw-r--r--    1 ftp      ftp            53 Aug 29 16:00 ip6.arpa.zone.md5
-rw-r--r--    1 ftp      ftp            88 Aug 29 16:00 ip6.arpa.zone.sha256
-rw-r--r--    1 ftp      ftp            21 Aug 29 16:00 last_update.txt
-rw-r--r--    1 ftp      ftp          3316 Aug 29 13:58 named.cache
-rw-r--r--    1 ftp      ftp            33 Aug 29 13:59 named.cache.md5
-rw-r--r--    1 ftp      ftp            72 Aug 29 13:59 named.cache.sig
-rw-r--r--    1 ftp      ftp          3316 Aug 29 13:59 named.root
-rw-r--r--    1 ftp      ftp            33 Aug 29 13:59 named.root.md5
-rw-r--r--    1 ftp      ftp            72 Aug 29 13:59 named.root.sig
-rw-r--r--    1 ftp      ftp          2111 Aug 29 13:59 root-servers.net.zone
-rw-r--r--    1 ftp      ftp           574 Aug 29 13:59 root-servers.net.zone.gz
-rw-r--r--    1 ftp      ftp            33 Aug 29 13:59 root-servers.net.zone.gz.md5
-rw-r--r--    1 ftp      ftp            72 Aug 29 13:59 root-servers.net.zone.gz.sig
-rw-r--r--    1 ftp      ftp       2263471 Aug 29 13:59 root.zone
-rw-r--r--    1 ftp      ftp       1062979 Aug 29 13:59 root.zone.gz
-rw-r--r--    1 ftp      ftp            33 Aug 29 13:59 root.zone.gz.md5
-rw-r--r--    1 ftp      ftp            72 Aug 29 13:59 root.zone.gz.sig
-rw-r--r--    1 ftp      ftp            33 Aug 29 13:59 root.zone.md5
-rw-r--r--    1 ftp      ftp            72 Aug 29 13:59 root.zone.sig
2017-08-30 00:00:25 (587 KB/s) - ‘./domain/.listing’ saved [3930]

The sizes do not match (local 3930) -- retrieving.

--2017-08-30 00:00:25--  ftp://ftp.internic.net/domain/.listing
           => ‘./domain/.listing’
==> CWD not required.
--> PASV

227 Entering Passive Mode (192,0,32,9,169,37)
--> RETR .listing

150 Opening BINARY mode data connection for .listing (1829 bytes).
Length: 1829 (1.8K)

     0K .                                                     100% 16.9M=0s

226 Transfer complete.
2017-08-30 00:00:28 (16.9 MB/s) - ‘./domain/.listing’ saved [1829]

Remote file is newer than local file ‘./domain/INTERNIC_ROOT_ZONE.signatures’ -- retrieving.

--2017-08-30 00:00:28--  ftp://ftp.internic.net/domain/INTERNIC_ROOT_ZONE.signatures
           => ‘./domain/INTERNIC_ROOT_ZONE.signatures’
==> CWD not required.
--> PASV

227 Entering Passive Mode (192,0,32,9,41,127)
--> RETR INTERNIC_ROOT_ZONE.signatures

150 Opening BINARY mode data connection for INTERNIC_ROOT_ZONE.signatures (1224 bytes).
Length: 1224 (1.2K)

     0K .                                                     100%  264K=0.005s

226 Transfer complete.
2017-08-30 00:00:30 (264 KB/s) - ‘./domain/INTERNIC_ROOT_ZONE.signatures’ saved [1224]

Remote file is newer than local file ‘./domain/INTERNIC_ROOT_ZONE.signatures.asc’ -- retrieving.

--2017-08-30 00:00:30--  ftp://ftp.internic.net/domain/INTERNIC_ROOT_ZONE.signatures.asc
           => ‘./domain/INTERNIC_ROOT_ZONE.signatures.asc’
==> CWD not required.
--> PASV

227 Entering Passive Mode (192,0,32,9,201,175)
--> RETR INTERNIC_ROOT_ZONE.signatures.asc

150 Opening BINARY mode data connection for INTERNIC_ROOT_ZONE.signatures.asc (1469 bytes).
Length: 1469 (1.4K)

     0K .                                                     100%  479 =3.1s

226 Transfer complete.
2017-08-30 00:00:34 (479 B/s) - ‘./domain/INTERNIC_ROOT_ZONE.signatures.asc’ saved [1469]

Remote file is newer than local file ‘./domain/arpa.zone’ -- retrieving.

--2017-08-30 00:00:34--  ftp://ftp.internic.net/domain/arpa.zone
           => ‘./domain/arpa.zone’
==> CWD not required.
--> PASV

227 Entering Passive Mode (192,0,32,9,5,150)
--> RETR arpa.zone

150 Opening BINARY mode data connection for arpa.zone (15228 bytes).
Length: 15228 (15K)

     0K .......... ..                                          85% 7.84K=1.6s

2017-08-30 00:15:40 (7.84 KB/s) - Data connection: Connection timed out; 
226 Transfer complete.
Retrying.

--2017-08-30 00:15:41--  ftp://ftp.internic.net/domain/arpa.zone
  (try: 2) => ‘./domain/arpa.zone’
==> CWD not required.
--> PASV


Write failed, closing control connection.
Retrying.

--2017-08-30 00:15:43--  ftp://ftp.internic.net/domain/arpa.zone
  (try: 3) => ‘./domain/arpa.zone’
Connecting to ftp.internic.net (ftp.internic.net)|192.0.32.9|:21... connected.
Logging in as anonymous ... 
220 Internic FTP Server
--> USER anonymous

331 Please specify the password.
--> PASS Turtle Power!

230 Login successful.
--> SYST

215 UNIX Type: L8
--> PWD

257 "/"
--> TYPE I

200 Switching to Binary mode.
--> CWD /domain

250 Directory successfully changed.
--> PASV

227 Entering Passive Mode (192,0,32,9,107,174)
--> REST 13032

350 Restart position accepted (13032).
--> RETR arpa.zone

150 Opening BINARY mode data connection for arpa.zone (15228 bytes).
Length: 15228 (15K), 2196 (2.1K) remaining

     0K ,,,,,,,,,, ,,..                                       100% 17.2M=0s

226 Transfer complete.
2017-08-30 00:15:58 (17.2 MB/s) - ‘./domain/arpa.zone’ saved [15228]

The sizes do not match (local 6657) -- retrieving.

--2017-08-30 00:15:58--  ftp://ftp.internic.net/domain/arpa.zone.gz
           => ‘./domain/arpa.zone.gz’
==> CWD not required.
--> PASV

227 Entering Passive Mode (192,0,32,9,80,175)
--> RETR arpa.zone.gz

150 Opening BINARY mode data connection for arpa.zone.gz (6641 bytes).
Length: 6641 (6.5K)

     0K ......                                                100% 1.57M=0.004s

226 Transfer complete.
2017-08-30 00:15:59 (1.57 MB/s) - ‘./domain/arpa.zone.gz’ saved [6641]

Remote file is newer than local file ‘./domain/arpa.zone.gz.md5’ -- retrieving.

--2017-08-30 00:15:59--  ftp://ftp.internic.net/domain/arpa.zone.gz.md5
           => ‘./domain/arpa.zone.gz.md5’
==> CWD not required.
--> PASV

227 Entering Passive Mode (192,0,32,9,165,74)
--> RETR arpa.zone.gz.md5

150 Opening BINARY mode data connection for arpa.zone.gz.md5 (33 bytes).
Length: 33

     0K                                                       100%  379K=0s

226 Transfer complete.
2017-08-30 00:16:02 (379 KB/s) - ‘./domain/arpa.zone.gz.md5’ saved [33]

Remote file is newer than local file ‘./domain/arpa.zone.gz.sig’ -- retrieving.

--2017-08-30 00:16:02--  ftp://ftp.internic.net/domain/arpa.zone.gz.sig
           => ‘./domain/arpa.zone.gz.sig’
==> CWD not required.
--> PASV

227 Entering Passive Mode (192,0,32,9,153,236)
--> RETR arpa.zone.gz.sig

150 Opening BINARY mode data connection for arpa.zone.gz.sig (72 bytes).
Length: 72

     0K                                                       100%  106K=0.001s

226 Transfer complete.
2017-08-30 00:16:04 (106 KB/s) - ‘./domain/arpa.zone.gz.sig’ saved [72]

The sizes do not match (local 3314) -- retrieving.

--2017-08-30 00:16:04--  ftp://ftp.internic.net/domain/db.cache
           => ‘./domain/db.cache’
==> CWD not required.
--> PASV

227 Entering Passive Mode (192,0,32,9,226,135)
--> RETR db.cache

150 Opening BINARY mode data connection for db.cache (3316 bytes).
Length: 3316 (3.2K)

     0K ...                                                   100% 2.87M=0.001s

226 Transfer complete.
2017-08-30 00:16:07 (2.87 MB/s) - ‘./domain/db.cache’ saved [3316]

Remote file is newer than local file ‘./domain/db.cache.md5’ -- retrieving.

--2017-08-30 00:16:07--  ftp://ftp.internic.net/domain/db.cache.md5
           => ‘./domain/db.cache.md5’
==> CWD not required.
--> PASV

227 Entering Passive Mode (192,0,32,9,41,161)
--> RETR db.cache.md5

150 Opening BINARY mode data connection for db.cache.md5 (33 bytes).
Length: 33

     0K                                                       100%  701K=0s

226 Transfer complete.
2017-08-30 00:16:17 (701 KB/s) - ‘./domain/db.cache.md5’ saved [33]

Remote file is newer than local file ‘./domain/db.cache.sig’ -- retrieving.

--2017-08-30 00:16:18--  ftp://ftp.internic.net/domain/db.cache.sig
           => ‘./domain/db.cache.sig’
==> CWD not required.
--> PASV

227 Entering Passive Mode (192,0,32,9,42,175)
--> RETR db.cache.sig

150 Opening BINARY mode data connection for db.cache.sig (72 bytes).
Length: 72

     0K                                                         0% 0.00 =0s

2017-08-30 00:31:24 (0.00 B/s) - Data connection: Connection timed out; 
226 Transfer complete.
Retrying.

--2017-08-30 00:31:25--  ftp://ftp.internic.net/domain/db.cache.sig
  (try: 2) => ‘./domain/db.cache.sig’
==> CWD not required.
--> PASV


Write failed, closing control connection.
Retrying.

--2017-08-30 00:31:27--  ftp://ftp.internic.net/domain/db.cache.sig
  (try: 3) => ‘./domain/db.cache.sig’
Connecting to ftp.internic.net (ftp.internic.net)|192.0.32.9|:21... connected.
Logging in as anonymous ... 
220 Internic FTP Server
--> USER anonymous

331 Please specify the password.
--> PASS Turtle Power!

230 Login successful.
--> SYST

215 UNIX Type: L8
--> PWD

257 "/"
--> TYPE I

200 Switching to Binary mode.
--> CWD /domain

250 Directory successfully changed.
--> PASV

227 Entering Passive Mode (192,0,32,9,115,240)
--> RETR db.cache.sig

150 Opening BINARY mode data connection for db.cache.sig (72 bytes).
Length: 72

     0K                                                       100%  591K=0s

226 Transfer complete.
2017-08-30 00:31:39 (591 KB/s) - ‘./domain/db.cache.sig’ saved [72]

Remote file is newer than local file ‘./domain/in-addr.arpa’ -- retrieving.

--2017-08-30 00:31:39--  ftp://ftp.internic.net/domain/in-addr.arpa
           => ‘./domain/in-addr.arpa’
==> CWD not required.
--> PASV

227 Entering Passive Mode (192,0,32,9,7,187)
--> RETR in-addr.arpa

150 Opening BINARY mode data connection for in-addr.arpa (228558 bytes).
Length: 228558 (223K)

     0K .......... .......... .......... .......... .......... 22% 54.3K 3s
    50K .......... .......... .......... .......... .......... 44% 54.4K 2s
   100K .......... .......... .......... .......... .......... 67% 54.3K 1s
   150K .......... .......... .......... .......... .......... 89% 54.3K 0s
   200K .......... .......... ...                             100% 37.8K=4.3s

226 Transfer complete.
2017-08-30 00:31:46 (52.0 KB/s) - ‘./domain/in-addr.arpa’ saved [228558]

The sizes do not match (local 90876) -- retrieving.

--2017-08-30 00:31:46--  ftp://ftp.internic.net/domain/in-addr.arpa.gz
           => ‘./domain/in-addr.arpa.gz’
==> CWD not required.
--> PASV

227 Entering Passive Mode (192,0,32,9,42,19)
--> RETR in-addr.arpa.gz

150 Opening BINARY mode data connection for in-addr.arpa.gz (90817 bytes).
Length: 90817 (89K)

     0K .......... .......... .......... .......... .......... 56% 40.7K 1s
    50K .......... .......... .......... ........             100% 31.5K=2.5s

226 Transfer complete.
2017-08-30 00:31:50 (36.1 KB/s) - ‘./domain/in-addr.arpa.gz’ saved [90817]

Remote file is newer than local file ‘./domain/in-addr.arpa.gz.md5’ -- retrieving.

--2017-08-30 00:31:50--  ftp://ftp.internic.net/domain/in-addr.arpa.gz.md5
           => ‘./domain/in-addr.arpa.gz.md5’
==> CWD not required.
--> PASV

227 Entering Passive Mode (192,0,32,9,237,113)
--> RETR in-addr.arpa.gz.md5

150 Opening BINARY mode data connection for in-addr.arpa.gz.md5 (55 bytes).
Length: 55

     0K                                                       100%  351K=0s

226 Transfer complete.
2017-08-30 00:31:51 (351 KB/s) - ‘./domain/in-addr.arpa.gz.md5’ saved [55]

Remote file is newer than local file ‘./domain/in-addr.arpa.gz.sha256’ -- retrieving.

--2017-08-30 00:31:51--  ftp://ftp.internic.net/domain/in-addr.arpa.gz.sha256
           => ‘./domain/in-addr.arpa.gz.sha256’
==> CWD not required.
--> PASV

227 Entering Passive Mode (192,0,32,9,41,213)
--> RETR in-addr.arpa.gz.sha256

150 Opening BINARY mode data connection for in-addr.arpa.gz.sha256 (90 bytes).
Length: 90

     0K                                                       100%  771K=0s

226 Transfer complete.
2017-08-30 00:31:55 (771 KB/s) - ‘./domain/in-addr.arpa.gz.sha256’ saved [90]

Remote file is newer than local file ‘./domain/in-addr.arpa.md5’ -- retrieving.

--2017-08-30 00:31:55--  ftp://ftp.internic.net/domain/in-addr.arpa.md5
           => ‘./domain/in-addr.arpa.md5’
==> CWD not required.
--> PASV

227 Entering Passive Mode (192,0,32,9,42,236)
--> RETR in-addr.arpa.md5

150 Opening BINARY mode data connection for in-addr.arpa.md5 (52 bytes).
Length: 52

     0K                                                       100%  484K=0s

226 Transfer complete.
2017-08-30 00:31:57 (484 KB/s) - ‘./domain/in-addr.arpa.md5’ saved [52]

Remote file is newer than local file ‘./domain/in-addr.arpa.sha256’ -- retrieving.

--2017-08-30 00:31:57--  ftp://ftp.internic.net/domain/in-addr.arpa.sha256
           => ‘./domain/in-addr.arpa.sha256’
==> CWD not required.
--> PASV

227 Entering Passive Mode (192,0,32,9,179,202)
--> RETR in-addr.arpa.sha256

150 Opening BINARY mode data connection for in-addr.arpa.sha256 (87 bytes).
Length: 87

     0K                                                       100% 1.28M=0s

226 Transfer complete.
2017-08-30 00:31:58 (1.28 MB/s) - ‘./domain/in-addr.arpa.sha256’ saved [87]

Remote file is newer than local file ‘./domain/in-addr.arpa.zone’ -- retrieving.

--2017-08-30 00:31:58--  ftp://ftp.internic.net/domain/in-addr.arpa.zone
           => ‘./domain/in-addr.arpa.zone’
==> CWD not required.
--> PASV

227 Entering Passive Mode (192,0,32,9,125,36)
--> RETR in-addr.arpa.zone

150 Opening BINARY mode data connection for in-addr.arpa.zone (228558 bytes).
Length: 228558 (223K)

     0K .......... .......... .......... .......... .......... 22% 24.4K 7s
    50K .......... .......... .......... .......... .......... 44% 54.3K 4s
   100K .......... .......... .......... .......... .......... 67% 58.8K 2s
   150K .......... .......... .......... .......... .......... 89% 55.5K 1s
   200K .......... .......... ...                             100% 38.5K=5.3s

226 Transfer complete.
2017-08-30 00:32:04 (41.9 KB/s) - ‘./domain/in-addr.arpa.zone’ saved [228558]

The sizes do not match (local 90876) -- retrieving.

--2017-08-30 00:32:04--  ftp://ftp.internic.net/domain/in-addr.arpa.zone.gz
           => ‘./domain/in-addr.arpa.zone.gz’
==> CWD not required.
--> PASV

227 Entering Passive Mode (192,0,32,9,41,197)
--> RETR in-addr.arpa.zone.gz

150 Opening BINARY mode data connection for in-addr.arpa.zone.gz (90817 bytes).
Length: 90817 (89K)

     0K .......... .......... .......... .......... .......... 56% 32.5K 1s
    50K .......... .......... .......... ........             100% 47.1K=2.4s

226 Transfer complete.
2017-08-30 00:32:10 (37.6 KB/s) - ‘./domain/in-addr.arpa.zone.gz’ saved [90817]

Remote file is newer than local file ‘./domain/in-addr.arpa.zone.gz.md5’ -- retrieving.

--2017-08-30 00:32:10--  ftp://ftp.internic.net/domain/in-addr.arpa.zone.gz.md5
           => ‘./domain/in-addr.arpa.zone.gz.md5’
==> CWD not required.
--> PASV

227 Entering Passive Mode (192,0,32,9,41,192)
--> RETR in-addr.arpa.zone.gz.md5

150 Opening BINARY mode data connection for in-addr.arpa.zone.gz.md5 (60 bytes).
Length: 60

     0K                                                       100%  651K=0s

226 Transfer complete.
2017-08-30 00:32:14 (651 KB/s) - ‘./domain/in-addr.arpa.zone.gz.md5’ saved [60]

Remote file is newer than local file ‘./domain/in-addr.arpa.zone.gz.sha256’ -- retrieving.

--2017-08-30 00:32:14--  ftp://ftp.internic.net/domain/in-addr.arpa.zone.gz.sha256
           => ‘./domain/in-addr.arpa.zone.gz.sha256’
==> CWD not required.
--> PASV

227 Entering Passive Mode (192,0,32,9,89,106)
--> RETR in-addr.arpa.zone.gz.sha256

150 Opening BINARY mode data connection for in-addr.arpa.zone.gz.sha256 (95 bytes).
Length: 95

     0K                                                       100% 1.24M=0s

226 Transfer complete.
2017-08-30 00:32:19 (1.24 MB/s) - ‘./domain/in-addr.arpa.zone.gz.sha256’ saved [95]

Remote file is newer than local file ‘./domain/in-addr.arpa.zone.md5’ -- retrieving.

--2017-08-30 00:32:19--  ftp://ftp.internic.net/domain/in-addr.arpa.zone.md5
           => ‘./domain/in-addr.arpa.zone.md5’
==> CWD not required.
--> PASV

227 Entering Passive Mode (192,0,32,9,79,252)
--> RETR in-addr.arpa.zone.md5

150 Opening BINARY mode data connection for in-addr.arpa.zone.md5 (57 bytes).
Length: 57

     0K                                                       100%  472K=0s

226 Transfer complete.
2017-08-30 00:32:20 (472 KB/s) - ‘./domain/in-addr.arpa.zone.md5’ saved [57]

Remote file is newer than local file ‘./domain/in-addr.arpa.zone.sha256’ -- retrieving.

--2017-08-30 00:32:20--  ftp://ftp.internic.net/domain/in-addr.arpa.zone.sha256
           => ‘./domain/in-addr.arpa.zone.sha256’
==> CWD not required.
--> PASV

227 Entering Passive Mode (192,0,32,9,170,3)
--> RETR in-addr.arpa.zone.sha256

150 Opening BINARY mode data connection for in-addr.arpa.zone.sha256 (92 bytes).
Length: 92

     0K                                                       100%  749K=0s

226 Transfer complete.
2017-08-30 00:32:22 (749 KB/s) - ‘./domain/in-addr.arpa.zone.sha256’ saved [92]

Remote file is newer than local file ‘./domain/ip6.arpa’ -- retrieving.

--2017-08-30 00:32:22--  ftp://ftp.internic.net/domain/ip6.arpa
           => ‘./domain/ip6.arpa’
==> CWD not required.
--> PASV

227 Entering Passive Mode (192,0,32,9,111,153)
--> RETR ip6.arpa

150 Opening BINARY mode data connection for ip6.arpa (61151 bytes).
Length: 61151 (60K)

     0K .......... .......... .......... .......... .......... 83% 12.7K 1s
    50K .........                                             100% 48.9M=3.9s

226 Transfer complete.
2017-08-30 00:32:27 (15.2 KB/s) - ‘./domain/ip6.arpa’ saved [61151]

The sizes do not match (local 24346) -- retrieving.

--2017-08-30 00:32:27--  ftp://ftp.internic.net/domain/ip6.arpa.gz
           => ‘./domain/ip6.arpa.gz’
==> CWD not required.
--> PASV

227 Entering Passive Mode (192,0,32,9,241,24)
--> RETR ip6.arpa.gz

150 Opening BINARY mode data connection for ip6.arpa.gz (24319 bytes).
Length: 24319 (24K)

     0K .......... .......... ...                             100% 58.3K=0.4s

226 Transfer complete.
2017-08-30 00:32:29 (58.3 KB/s) - ‘./domain/ip6.arpa.gz’ saved [24319]

Remote file is newer than local file ‘./domain/ip6.arpa.gz.md5’ -- retrieving.

--2017-08-30 00:32:29--  ftp://ftp.internic.net/domain/ip6.arpa.gz.md5
           => ‘./domain/ip6.arpa.gz.md5’
==> CWD not required.
--> PASV

227 Entering Passive Mode (192,0,32,9,41,79)
--> RETR ip6.arpa.gz.md5

150 Opening BINARY mode data connection for ip6.arpa.gz.md5 (51 bytes).
Length: 51

     0K                                                       100%  996K=0s

226 Transfer complete.
2017-08-30 00:32:32 (996 KB/s) - ‘./domain/ip6.arpa.gz.md5’ saved [51]

Remote file is newer than local file ‘./domain/ip6.arpa.gz.sha256’ -- retrieving.

--2017-08-30 00:32:32--  ftp://ftp.internic.net/domain/ip6.arpa.gz.sha256
           => ‘./domain/ip6.arpa.gz.sha256’
==> CWD not required.
--> PASV

227 Entering Passive Mode (192,0,32,9,78,2)
--> RETR ip6.arpa.gz.sha256

150 Opening BINARY mode data connection for ip6.arpa.gz.sha256 (86 bytes).
Length: 86

     0K                                                       100% 1.04M=0s

226 Transfer complete.
2017-08-30 00:32:35 (1.04 MB/s) - ‘./domain/ip6.arpa.gz.sha256’ saved [86]

Remote file is newer than local file ‘./domain/ip6.arpa.md5’ -- retrieving.

--2017-08-30 00:32:35--  ftp://ftp.internic.net/domain/ip6.arpa.md5
           => ‘./domain/ip6.arpa.md5’
==> CWD not required.
--> PASV

227 Entering Passive Mode (192,0,32,9,41,26)
--> RETR ip6.arpa.md5

150 Opening BINARY mode data connection for ip6.arpa.md5 (48 bytes).
Length: 48

     0K                                                       100% 1.06M=0s

226 Transfer complete.
2017-08-30 00:32:36 (1.06 MB/s) - ‘./domain/ip6.arpa.md5’ saved [48]

Remote file is newer than local file ‘./domain/ip6.arpa.sha256’ -- retrieving.

--2017-08-30 00:32:36--  ftp://ftp.internic.net/domain/ip6.arpa.sha256
           => ‘./domain/ip6.arpa.sha256’
==> CWD not required.
--> PASV

227 Entering Passive Mode (192,0,32,9,47,243)
--> RETR ip6.arpa.sha256

150 Opening BINARY mode data connection for ip6.arpa.sha256 (83 bytes).
Length: 83

     0K                                                       100%  954K=0s

226 Transfer complete.
2017-08-30 00:32:37 (954 KB/s) - ‘./domain/ip6.arpa.sha256’ saved [83]

Remote file is newer than local file ‘./domain/ip6.arpa.zone’ -- retrieving.

--2017-08-30 00:32:37--  ftp://ftp.internic.net/domain/ip6.arpa.zone
           => ‘./domain/ip6.arpa.zone’
==> CWD not required.
--> PASV

227 Entering Passive Mode (192,0,32,9,41,64)
--> RETR ip6.arpa.zone

150 Opening BINARY mode data connection for ip6.arpa.zone (61151 bytes).
Length: 61151 (60K)

     0K .......... .......... .......... .......... .......... 83% 18.1K 1s
    50K .........                                             100% 1.94M=2.8s

226 Transfer complete.
2017-08-30 00:32:45 (21.6 KB/s) - ‘./domain/ip6.arpa.zone’ saved [61151]

The sizes do not match (local 24346) -- retrieving.

--2017-08-30 00:32:45--  ftp://ftp.internic.net/domain/ip6.arpa.zone.gz
           => ‘./domain/ip6.arpa.zone.gz’
==> CWD not required.
--> PASV

227 Entering Passive Mode (192,0,32,9,42,108)
--> RETR ip6.arpa.zone.gz

150 Opening BINARY mode data connection for ip6.arpa.zone.gz (24319 bytes).
Length: 24319 (24K)

     0K .......... .......... ...                             100% 58.1K=0.4s

226 Transfer complete.
2017-08-30 00:32:51 (58.1 KB/s) - ‘./domain/ip6.arpa.zone.gz’ saved [24319]

Remote file is newer than local file ‘./domain/ip6.arpa.zone.gz.md5’ -- retrieving.

--2017-08-30 00:32:51--  ftp://ftp.internic.net/domain/ip6.arpa.zone.gz.md5
           => ‘./domain/ip6.arpa.zone.gz.md5’
==> CWD not required.
--> PASV

227 Entering Passive Mode (192,0,32,9,81,200)
--> RETR ip6.arpa.zone.gz.md5

150 Opening BINARY mode data connection for ip6.arpa.zone.gz.md5 (56 bytes).
Length: 56

     0K                                                       100%  484K=0s

226 Transfer complete.
2017-08-30 00:32:53 (484 KB/s) - ‘./domain/ip6.arpa.zone.gz.md5’ saved [56]

Remote file is newer than local file ‘./domain/ip6.arpa.zone.gz.sha256’ -- retrieving.

--2017-08-30 00:32:53--  ftp://ftp.internic.net/domain/ip6.arpa.zone.gz.sha256
           => ‘./domain/ip6.arpa.zone.gz.sha256’
==> CWD not required.
--> PASV

227 Entering Passive Mode (192,0,32,9,42,220)
--> RETR ip6.arpa.zone.gz.sha256

150 Opening BINARY mode data connection for ip6.arpa.zone.gz.sha256 (91 bytes).
Length: 91

     0K                                                       100% 1.93M=0s

226 Transfer complete.
2017-08-30 00:32:54 (1.93 MB/s) - ‘./domain/ip6.arpa.zone.gz.sha256’ saved [91]

Remote file is newer than local file ‘./domain/ip6.arpa.zone.md5’ -- retrieving.

--2017-08-30 00:32:55--  ftp://ftp.internic.net/domain/ip6.arpa.zone.md5
           => ‘./domain/ip6.arpa.zone.md5’
==> CWD not required.
--> PASV

227 Entering Passive Mode (192,0,32,9,8,177)
--> RETR ip6.arpa.zone.md5

150 Opening BINARY mode data connection for ip6.arpa.zone.md5 (53 bytes).
Length: 53

     0K                                                       100%  575K=0s

226 Transfer complete.
2017-08-30 00:32:57 (575 KB/s) - ‘./domain/ip6.arpa.zone.md5’ saved [53]

Remote file is newer than local file ‘./domain/ip6.arpa.zone.sha256’ -- retrieving.

--2017-08-30 00:32:57--  ftp://ftp.internic.net/domain/ip6.arpa.zone.sha256
           => ‘./domain/ip6.arpa.zone.sha256’
==> CWD not required.
--> PASV

227 Entering Passive Mode (192,0,32,9,158,23)
--> RETR ip6.arpa.zone.sha256

150 Opening BINARY mode data connection for ip6.arpa.zone.sha256 (88 bytes).
Length: 88

     0K                                                       100% 1.79M=0s

226 Transfer complete.
2017-08-30 00:32:58 (1.79 MB/s) - ‘./domain/ip6.arpa.zone.sha256’ saved [88]

Remote file is newer than local file ‘./domain/last_update.txt’ -- retrieving.

--2017-08-30 00:32:58--  ftp://ftp.internic.net/domain/last_update.txt
           => ‘./domain/last_update.txt’
==> CWD not required.
--> PASV

227 Entering Passive Mode (192,0,32,9,45,228)
--> RETR last_update.txt

150 Opening BINARY mode data connection for last_update.txt (21 bytes).
Length: 21

     0K                                                       100%  165K=0s

226 Transfer complete.
2017-08-30 00:33:00 (165 KB/s) - ‘./domain/last_update.txt’ saved [21]

The sizes do not match (local 3314) -- retrieving.

--2017-08-30 00:33:00--  ftp://ftp.internic.net/domain/named.cache
           => ‘./domain/named.cache’
==> CWD not required.
--> PASV

227 Entering Passive Mode (192,0,32,9,41,85)
--> RETR named.cache

150 Opening BINARY mode data connection for named.cache (3316 bytes).
Length: 3316 (3.2K)

     0K ...                                                   100% 70.3M=0s

226 Transfer complete.
2017-08-30 00:33:02 (70.3 MB/s) - ‘./domain/named.cache’ saved [3316]

Remote file is newer than local file ‘./domain/named.cache.md5’ -- retrieving.

--2017-08-30 00:33:02--  ftp://ftp.internic.net/domain/named.cache.md5
           => ‘./domain/named.cache.md5’
==> CWD not required.
--> PASV

227 Entering Passive Mode (192,0,32,9,253,244)
--> RETR named.cache.md5

150 Opening BINARY mode data connection for named.cache.md5 (33 bytes).
Length: 33

     0K                                                       100%  186K=0s

226 Transfer complete.
2017-08-30 00:33:03 (186 KB/s) - ‘./domain/named.cache.md5’ saved [33]

Remote file is newer than local file ‘./domain/named.cache.sig’ -- retrieving.

--2017-08-30 00:33:03--  ftp://ftp.internic.net/domain/named.cache.sig
           => ‘./domain/named.cache.sig’
==> CWD not required.
--> PASV

227 Entering Passive Mode (192,0,32,9,41,176)
--> RETR named.cache.sig

150 Opening BINARY mode data connection for named.cache.sig (72 bytes).
Length: 72

     0K                                                       100%  756K=0s

226 Transfer complete.
2017-08-30 00:33:06 (756 KB/s) - ‘./domain/named.cache.sig’ saved [72]

The sizes do not match (local 3314) -- retrieving.

--2017-08-30 00:33:06--  ftp://ftp.internic.net/domain/named.root
           => ‘./domain/named.root’
==> CWD not required.
--> PASV

227 Entering Passive Mode (192,0,32,9,152,46)
--> RETR named.root

150 Opening BINARY mode data connection for named.root (3316 bytes).
Length: 3316 (3.2K)

     0K ...                                                   100% 1.67K=1.9s

226 Transfer complete.
2017-08-30 00:33:09 (1.67 KB/s) - ‘./domain/named.root’ saved [3316]

Remote file is newer than local file ‘./domain/named.root.md5’ -- retrieving.

--2017-08-30 00:33:09--  ftp://ftp.internic.net/domain/named.root.md5
           => ‘./domain/named.root.md5’
==> CWD not required.
--> PASV

227 Entering Passive Mode (192,0,32,9,143,73)
--> RETR named.root.md5

150 Opening BINARY mode data connection for named.root.md5 (33 bytes).
Length: 33

     0K                                                       100%  732K=0s

226 Transfer complete.
2017-08-30 00:33:10 (732 KB/s) - ‘./domain/named.root.md5’ saved [33]

Remote file is newer than local file ‘./domain/named.root.sig’ -- retrieving.

--2017-08-30 00:33:10--  ftp://ftp.internic.net/domain/named.root.sig
           => ‘./domain/named.root.sig’
==> CWD not required.
--> PASV

227 Entering Passive Mode (192,0,32,9,139,168)
--> RETR named.root.sig

150 Opening BINARY mode data connection for named.root.sig (72 bytes).
Length: 72

     0K                                                       100%  963K=0s

226 Transfer complete.
2017-08-30 00:33:15 (963 KB/s) - ‘./domain/named.root.sig’ saved [72]

Remote file is newer than local file ‘./domain/root-servers.net.zone’ -- retrieving.

--2017-08-30 00:33:15--  ftp://ftp.internic.net/domain/root-servers.net.zone
           => ‘./domain/root-servers.net.zone’
==> CWD not required.
--> PASV

227 Entering Passive Mode (192,0,32,9,63,185)
--> RETR root-servers.net.zone

150 Opening BINARY mode data connection for root-servers.net.zone (2111 bytes).
Length: 2111 (2.1K)

     0K ..                                                    100% 22.9M=0s

226 Transfer complete.
2017-08-30 00:33:20 (22.9 MB/s) - ‘./domain/root-servers.net.zone’ saved [2111]

The sizes do not match (local 573) -- retrieving.

--2017-08-30 00:33:20--  ftp://ftp.internic.net/domain/root-servers.net.zone.gz
           => ‘./domain/root-servers.net.zone.gz’
==> CWD not required.
--> PASV

227 Entering Passive Mode (192,0,32,9,175,198)
--> RETR root-servers.net.zone.gz

150 Opening BINARY mode data connection for root-servers.net.zone.gz (574 bytes).
Length: 574

     0K                                                       100% 4.93M=0s

226 Transfer complete.
2017-08-30 00:33:22 (4.93 MB/s) - ‘./domain/root-servers.net.zone.gz’ saved [574]

Remote file is newer than local file ‘./domain/root-servers.net.zone.gz.md5’ -- retrieving.

--2017-08-30 00:33:22--  ftp://ftp.internic.net/domain/root-servers.net.zone.gz.md5
           => ‘./domain/root-servers.net.zone.gz.md5’
==> CWD not required.
--> PASV

227 Entering Passive Mode (192,0,32,9,36,157)
--> RETR root-servers.net.zone.gz.md5

150 Opening BINARY mode data connection for root-servers.net.zone.gz.md5 (33 bytes).
Length: 33

     0K                                                       100%  201K=0s

226 Transfer complete.
2017-08-30 00:33:28 (201 KB/s) - ‘./domain/root-servers.net.zone.gz.md5’ saved [33]

Remote file is newer than local file ‘./domain/root-servers.net.zone.gz.sig’ -- retrieving.

--2017-08-30 00:33:28--  ftp://ftp.internic.net/domain/root-servers.net.zone.gz.sig
           => ‘./domain/root-servers.net.zone.gz.sig’
==> CWD not required.
--> PASV

227 Entering Passive Mode (192,0,32,9,32,185)
--> RETR root-servers.net.zone.gz.sig

150 Opening BINARY mode data connection for root-servers.net.zone.gz.sig (72 bytes).
Length: 72

     0K                                                       100% 1.53M=0s

226 Transfer complete.
2017-08-30 00:33:35 (1.53 MB/s) - ‘./domain/root-servers.net.zone.gz.sig’ saved [72]

Remote file is newer than local file ‘./domain/root.zone’ -- retrieving.

--2017-08-30 00:33:35--  ftp://ftp.internic.net/domain/root.zone
           => ‘./domain/root.zone’
==> CWD not required.
--> PASV

227 Entering Passive Mode (192,0,32,9,113,152)
--> RETR root.zone

150 Opening BINARY mode data connection for root.zone (2263471 bytes).
Length: 2263471 (2.2M)

     0K .......... .......... .......... .......... ..........  2% 11.1K 3m15s
    50K .......... .......... .......... .......... ..........  4% 18.1K 2m33s
   100K .......... .......... .......... .......... ..........  6% 30.5K 2m2s
   150K .......... .......... .......... .......... ..........  9% 25.2K 1m50s
   200K .......... .......... .......... .......... .......... 11% 31.2K 98s
   250K .......... .......... .......... .......... .......... 13% 20.4K 95s
   300K .......... .......... .......... .......... .......... 15% 47.9K 85s
   350K .......... .......... .......... .......... .......... 18% 30.9K 80s
   400K .......... .......... .......... .......... .......... 20% 24.6K 77s
   450K .......... .......... .......... .......... .......... 22% 32.2K 73s
   500K .......... .......... .......... .......... .......... 24% 31.2K 69s
   550K .......... .......... .......... .......... .......... 27% 31.7K 65s
   600K .......... .......... .......... .......... .......... 29% 30.5K 62s
   650K .......... .......... .......... .......... .......... 31% 24.5K 61s
   700K .......... .......... .......... .......... .......... 33% 30.5K 58s
   750K .......... .......... .......... .......... .......... 36% 40.5K 55s
   800K .......... .......... .......... .......... .......... 38% 32.4K 52s
   850K .......... .......... .......... .......... .......... 40% 44.7K 49s
   900K .......... .......... .......... .......... .......... 42% 30.5K 47s
   950K .......... .......... .......... .......... .......... 45% 30.6K 45s
  1000K .......... .......... .......... .......... .......... 47% 40.5K 42s
  1050K .......... .......... .......... .......... .......... 49% 30.6K 40s
  1100K .......... .......... .......... .......... .......... 52% 40.4K 38s
  1150K .......... .......... .......... .......... .......... 54% 30.7K 36s
  1200K .......... .......... .......... .......... .......... 56% 60.6K 33s
  1250K .......... .......... .......... .......... .......... 58% 25.8K 32s
  1300K .......... .......... .......... .......... .......... 61% 30.5K 30s
  1350K .......... .......... .......... .......... .......... 63% 25.7K 28s
  1400K .......... .......... .......... .......... .......... 65% 24.5K 27s
  1450K .......... .......... .......... .......... .......... 67% 20.4K 25s
  1500K .......... .......... .......... .......... .......... 70% 27.1K 24s
  1550K .......... .......... .......... .......... .......... 72% 24.4K 22s
  1600K .......... .......... .......... .......... .......... 74% 32.6K 20s
  1650K .......... .......... .......... .......... .......... 76% 30.1K 18s
  1700K .......... .......... .......... .......... .......... 79% 40.0K 16s
  1750K .......... .......... .......... .......... .......... 81% 24.9K 15s
  1800K .......... .......... .......... .......... .......... 83% 23.2K 13s
  1850K .......... .......... .......... .......... .......... 85% 30.7K 11s
  1900K .......... .......... .......... .......... .......... 88% 30.5K 9s
  1950K .......... .......... .......... .......... .......... 90% 18.3K 8s
  2000K .......... .......... .......... .......... .......... 92% 18.6K 6s
  2050K .......... .......... .......... .......... .......... 95% 30.5K 4s
  2100K .......... .......... .......... .......... .......... 97% 16.3K 2s
  2150K .......... .......... .......... .......... .......... 99% 24.4K 0s
  2200K ..........                                            100% 28.1M=81s

226 Transfer complete.
2017-08-30 00:35:00 (27.2 KB/s) - ‘./domain/root.zone’ saved [2263471]

The sizes do not match (local 1063003) -- retrieving.

--2017-08-30 00:35:00--  ftp://ftp.internic.net/domain/root.zone.gz
           => ‘./domain/root.zone.gz’
==> CWD not required.
--> PASV

227 Entering Passive Mode (192,0,32,9,48,76)
--> RETR root.zone.gz

150 Opening BINARY mode data connection for root.zone.gz (1062979 bytes).
Length: 1062979 (1.0M)

     0K .......... .......... .......... .......... ..........  4% 34.9K 28s
    50K .......... .......... .......... .......... ..........  9% 44.3K 24s
   100K .......... .......... .......... .......... .......... 14% 24.4K 27s
   150K .......... .......... .......... .......... .......... 19% 40.7K 24s
   200K .......... .......... .......... .......... .......... 24% 21.3K 26s
   250K .......... .......... .......... .......... .......... 28% 40.4K 23s
   300K .......... .......... .......... .......... .......... 33% 30.6K 22s
   350K .......... .......... .......... .......... .......... 38% 40.7K 20s
   400K .......... .......... .......... .......... .......... 43% 30.5K 18s
   450K .......... .......... .......... .......... .......... 48% 44.1K 16s
   500K .......... .......... .......... .......... .......... 52% 41.0K 14s
   550K .......... .......... .......... .......... .......... 57% 40.7K 13s
   600K .......... .......... .......... .......... .......... 62% 44.4K 11s
   650K .......... .......... .......... .......... .......... 67% 32.5K 10s
   700K .......... .......... .......... .......... .......... 72% 61.0K 8s
   750K .......... .......... .......... .......... .......... 77% 22.2K 7s
   800K .......... .......... .......... .......... .......... 81% 40.7K 5s
   850K .......... .......... .......... .......... .......... 86% 34.9K 4s
   900K .......... .......... .......... .......... .......... 91% 30.5K 3s
   950K .......... .......... .......... .......... .......... 96%  122K 1s
  1000K .......... .......... .......... ........             100% 46.7K=29s

226 Transfer complete.
2017-08-30 00:35:31 (36.1 KB/s) - ‘./domain/root.zone.gz’ saved [1062979]

Remote file is newer than local file ‘./domain/root.zone.gz.md5’ -- retrieving.

--2017-08-30 00:35:31--  ftp://ftp.internic.net/domain/root.zone.gz.md5
           => ‘./domain/root.zone.gz.md5’
==> CWD not required.
--> PASV

227 Entering Passive Mode (192,0,32,9,216,97)
--> RETR root.zone.gz.md5

150 Opening BINARY mode data connection for root.zone.gz.md5 (33 bytes).
Length: 33

     0K                                                       100%  716K=0s

226 Transfer complete.
2017-08-30 00:35:32 (716 KB/s) - ‘./domain/root.zone.gz.md5’ saved [33]

Remote file is newer than local file ‘./domain/root.zone.gz.sig’ -- retrieving.

--2017-08-30 00:35:32--  ftp://ftp.internic.net/domain/root.zone.gz.sig
           => ‘./domain/root.zone.gz.sig’
==> CWD not required.
--> PASV

227 Entering Passive Mode (192,0,32,9,84,215)
--> RETR root.zone.gz.sig

150 Opening BINARY mode data connection for root.zone.gz.sig (72 bytes).
Length: 72

     0K                                                       100%  454K=0s

226 Transfer complete.
2017-08-30 00:35:34 (454 KB/s) - ‘./domain/root.zone.gz.sig’ saved [72]

Remote file is newer than local file ‘./domain/root.zone.md5’ -- retrieving.

--2017-08-30 00:35:34--  ftp://ftp.internic.net/domain/root.zone.md5
           => ‘./domain/root.zone.md5’
==> CWD not required.
--> PASV

227 Entering Passive Mode (192,0,32,9,208,201)
--> RETR root.zone.md5

150 Opening BINARY mode data connection for root.zone.md5 (33 bytes).
Length: 33

     0K                                                       100%  250K=0s

226 Transfer complete.
2017-08-30 00:35:35 (250 KB/s) - ‘./domain/root.zone.md5’ saved [33]

Remote file is newer than local file ‘./domain/root.zone.sig’ -- retrieving.

--2017-08-30 00:35:35--  ftp://ftp.internic.net/domain/root.zone.sig
           => ‘./domain/root.zone.sig’
==> CWD not required.
--> PASV

227 Entering Passive Mode (192,0,32,9,166,138)
--> RETR root.zone.sig

150 Opening BINARY mode data connection for root.zone.sig (72 bytes).
Length: 72

     0K                                                       100% 1.53M=0s

226 Transfer complete.
2017-08-30 00:35:38 (1.53 MB/s) - ‘./domain/root.zone.sig’ saved [72]

FINISHED --2017-08-30 00:35:38--
Total wall clock time: 35m 36s
Downloaded: 53 files, 4.0M in 2m 19s (29.4 KB/s)
