--2017-05-02 00:00:02--  ftp://ftp.internic.net/*
           => ‘./.listing’
Resolving ftp.internic.net (ftp.internic.net)... 192.0.32.9, 2620:0:2d0:200::9
Connecting to ftp.internic.net (ftp.internic.net)|192.0.32.9|:21... connected.
Logging in as anonymous ... 
220 Internic FTP Server
--> USER anonymous

331 Please specify the password.
--> PASS Turtle Power!

230 Login successful.
--> SYST

215 UNIX Type: L8
--> PWD

257 "/"
--> TYPE I

200 Switching to Binary mode.
==> CWD not needed.
--> PASV

227 Entering Passive Mode (192,0,32,9,42,117)
--> LIST -a

150 Here comes the directory listing.

     0K                                                        7.85K=0.02s

226 Directory send OK.
drwxr-xr-x    3 ftp      ftp          4096 Apr 04  2012 .
drwxr-xr-x    3 ftp      ftp          4096 Apr 04  2012 ..
drwxr-xr-x    2 ftp      ftp          4096 Sep 09  2015 domain
2017-05-02 00:00:06 (7.85 KB/s) - ‘./.listing’ saved [183]

--2017-05-02 00:00:06--  ftp://ftp.internic.net/domain/*
           => ‘./domain/.listing’
--> CWD /domain

250 Directory successfully changed.
--> PASV

227 Entering Passive Mode (192,0,32,9,41,150)
--> LIST -a

150 Here comes the directory listing.

     0K ...                                                     680K=0.006s

226 Directory send OK.
drwxr-xr-x    2 ftp      ftp          4096 Sep 09  2015 .
drwxr-xr-x    3 ftp      ftp          4096 Apr 04  2012 ..
-rw-r--r--    1 ftp      ftp          1829 Aug 18  2015 .listing
-rw-r--r--    1 ftp      ftp          1224 May 01 12:43 INTERNIC_ROOT_ZONE.signatures
-rw-r--r--    1 ftp      ftp          1469 May 01 12:43 INTERNIC_ROOT_ZONE.signatures.asc
-rw-r--r--    1 ftp      ftp         15228 May 01 12:43 arpa.zone
-rw-r--r--    1 ftp      ftp          6647 May 01 12:43 arpa.zone.gz
-rw-r--r--    1 ftp      ftp            33 May 01 12:43 arpa.zone.gz.md5
-rw-r--r--    1 ftp      ftp            72 May 01 12:43 arpa.zone.gz.sig
-rw-r--r--    1 ftp      ftp          3289 Apr 11 15:01 db.cache
-rw-r--r--    1 ftp      ftp            33 Apr 11 15:01 db.cache.md5
-rw-r--r--    1 ftp      ftp            72 Apr 11 15:01 db.cache.sig
-rw-r--r--    1 ftp      ftp        230454 May 01 15:41 in-addr.arpa
-rw-r--r--    1 ftp      ftp         89652 May 01 15:41 in-addr.arpa.gz
-rw-r--r--    1 ftp      ftp            55 May 01 15:41 in-addr.arpa.gz.md5
-rw-r--r--    1 ftp      ftp            90 May 01 15:41 in-addr.arpa.gz.sha256
-rw-r--r--    1 ftp      ftp            52 May 01 15:41 in-addr.arpa.md5
-rw-r--r--    1 ftp      ftp            87 May 01 15:41 in-addr.arpa.sha256
-rw-r--r--    1 ftp      ftp        230454 May 01 15:41 in-addr.arpa.zone
-rw-r--r--    1 ftp      ftp         89652 May 01 15:41 in-addr.arpa.zone.gz
-rw-r--r--    1 ftp      ftp            60 May 01 15:41 in-addr.arpa.zone.gz.md5
-rw-r--r--    1 ftp      ftp            95 May 01 15:41 in-addr.arpa.zone.gz.sha256
-rw-r--r--    1 ftp      ftp            57 May 01 15:41 in-addr.arpa.zone.md5
-rw-r--r--    1 ftp      ftp            92 May 01 15:41 in-addr.arpa.zone.sha256
-rw-r--r--    1 ftp      ftp         62071 May 01 15:41 ip6.arpa
-rw-r--r--    1 ftp      ftp         24199 May 01 15:41 ip6.arpa.gz
-rw-r--r--    1 ftp      ftp            51 May 01 15:41 ip6.arpa.gz.md5
-rw-r--r--    1 ftp      ftp            86 May 01 15:41 ip6.arpa.gz.sha256
-rw-r--r--    1 ftp      ftp            48 May 01 15:41 ip6.arpa.md5
-rw-r--r--    1 ftp      ftp            83 May 01 15:41 ip6.arpa.sha256
-rw-r--r--    1 ftp      ftp         62071 May 01 15:41 ip6.arpa.zone
-rw-r--r--    1 ftp      ftp         24199 May 01 15:41 ip6.arpa.zone.gz
-rw-r--r--    1 ftp      ftp            56 May 01 15:41 ip6.arpa.zone.gz.md5
-rw-r--r--    1 ftp      ftp            91 May 01 15:41 ip6.arpa.zone.gz.sha256
-rw-r--r--    1 ftp      ftp            53 May 01 15:41 ip6.arpa.zone.md5
-rw-r--r--    1 ftp      ftp            88 May 01 15:41 ip6.arpa.zone.sha256
-rw-r--r--    1 ftp      ftp            21 May 01 15:41 last_update.txt
-rw-r--r--    1 ftp      ftp          3289 Apr 11 15:01 named.cache
-rw-r--r--    1 ftp      ftp            33 Apr 11 15:01 named.cache.md5
-rw-r--r--    1 ftp      ftp            72 Apr 11 15:01 named.cache.sig
-rw-r--r--    1 ftp      ftp          3289 Apr 11 15:01 named.root
-rw-r--r--    1 ftp      ftp            33 Apr 11 15:01 named.root.md5
-rw-r--r--    1 ftp      ftp            72 Apr 11 15:01 named.root.sig
-rw-r--r--    1 ftp      ftp          2110 Apr 11 15:01 root-servers.net.zone
-rw-r--r--    1 ftp      ftp           576 Apr 11 15:01 root-servers.net.zone.gz
-rw-r--r--    1 ftp      ftp            33 Apr 11 15:01 root-servers.net.zone.gz.md5
-rw-r--r--    1 ftp      ftp            72 Apr 11 15:01 root-servers.net.zone.gz.sig
-rw-r--r--    1 ftp      ftp       2235247 May 01 05:51 root.zone
-rw-r--r--    1 ftp      ftp       1049971 May 01 05:51 root.zone.gz
-rw-r--r--    1 ftp      ftp            33 May 01 05:51 root.zone.gz.md5
-rw-r--r--    1 ftp      ftp            72 May 01 05:51 root.zone.gz.sig
-rw-r--r--    1 ftp      ftp            33 May 01 05:51 root.zone.md5
-rw-r--r--    1 ftp      ftp            72 May 01 05:51 root.zone.sig
2017-05-02 00:00:07 (680 KB/s) - ‘./domain/.listing’ saved [3930]

The sizes do not match (local 3930) -- retrieving.

--2017-05-02 00:00:07--  ftp://ftp.internic.net/domain/.listing
           => ‘./domain/.listing’
==> CWD not required.
--> PASV

227 Entering Passive Mode (192,0,32,9,244,38)
--> RETR .listing

150 Opening BINARY mode data connection for .listing (1829 bytes).
Length: 1829 (1.8K)

     0K .                                                     100% 35.6M=0s

226 Transfer complete.
2017-05-02 00:00:08 (35.6 MB/s) - ‘./domain/.listing’ saved [1829]

Remote file is newer than local file ‘./domain/INTERNIC_ROOT_ZONE.signatures’ -- retrieving.

--2017-05-02 00:00:08--  ftp://ftp.internic.net/domain/INTERNIC_ROOT_ZONE.signatures
           => ‘./domain/INTERNIC_ROOT_ZONE.signatures’
==> CWD not required.
--> PASV

227 Entering Passive Mode (192,0,32,9,41,219)
--> RETR INTERNIC_ROOT_ZONE.signatures

150 Opening BINARY mode data connection for INTERNIC_ROOT_ZONE.signatures (1224 bytes).
Length: 1224 (1.2K)

     0K .                                                     100% 46.7K=0.03s

226 Transfer complete.
2017-05-02 00:00:10 (46.7 KB/s) - ‘./domain/INTERNIC_ROOT_ZONE.signatures’ saved [1224]

Remote file is newer than local file ‘./domain/INTERNIC_ROOT_ZONE.signatures.asc’ -- retrieving.

--2017-05-02 00:00:10--  ftp://ftp.internic.net/domain/INTERNIC_ROOT_ZONE.signatures.asc
           => ‘./domain/INTERNIC_ROOT_ZONE.signatures.asc’
==> CWD not required.
--> PASV

227 Entering Passive Mode (192,0,32,9,41,140)
--> RETR INTERNIC_ROOT_ZONE.signatures.asc

150 Opening BINARY mode data connection for INTERNIC_ROOT_ZONE.signatures.asc (1469 bytes).
Length: 1469 (1.4K)

     0K .                                                     100% 14.0M=0s

226 Transfer complete.
2017-05-02 00:00:11 (14.0 MB/s) - ‘./domain/INTERNIC_ROOT_ZONE.signatures.asc’ saved [1469]

Remote file is newer than local file ‘./domain/arpa.zone’ -- retrieving.

--2017-05-02 00:00:11--  ftp://ftp.internic.net/domain/arpa.zone
           => ‘./domain/arpa.zone’
==> CWD not required.
--> PASV

227 Entering Passive Mode (192,0,32,9,43,4)
--> RETR arpa.zone

150 Opening BINARY mode data connection for arpa.zone (15228 bytes).
Length: 15228 (15K)

     0K .......... ....                                       100%  635K=0.02s

226 Transfer complete.
2017-05-02 00:00:12 (635 KB/s) - ‘./domain/arpa.zone’ saved [15228]

The sizes do not match (local 6642) -- retrieving.

--2017-05-02 00:00:12--  ftp://ftp.internic.net/domain/arpa.zone.gz
           => ‘./domain/arpa.zone.gz’
==> CWD not required.
--> PASV

227 Entering Passive Mode (192,0,32,9,99,28)
--> RETR arpa.zone.gz

150 Opening BINARY mode data connection for arpa.zone.gz (6647 bytes).
Length: 6647 (6.5K)

     0K ......                                                100%  155M=0s

226 Transfer complete.
2017-05-02 00:00:13 (155 MB/s) - ‘./domain/arpa.zone.gz’ saved [6647]

Remote file is newer than local file ‘./domain/arpa.zone.gz.md5’ -- retrieving.

--2017-05-02 00:00:13--  ftp://ftp.internic.net/domain/arpa.zone.gz.md5
           => ‘./domain/arpa.zone.gz.md5’
==> CWD not required.
--> PASV

227 Entering Passive Mode (192,0,32,9,79,122)
--> RETR arpa.zone.gz.md5

150 Opening BINARY mode data connection for arpa.zone.gz.md5 (33 bytes).
Length: 33

     0K                                                       100% 2.08K=0.02s

226 Transfer complete.
2017-05-02 00:00:14 (2.08 KB/s) - ‘./domain/arpa.zone.gz.md5’ saved [33]

Remote file is newer than local file ‘./domain/arpa.zone.gz.sig’ -- retrieving.

--2017-05-02 00:00:14--  ftp://ftp.internic.net/domain/arpa.zone.gz.sig
           => ‘./domain/arpa.zone.gz.sig’
==> CWD not required.
--> PASV

227 Entering Passive Mode (192,0,32,9,122,95)
--> RETR arpa.zone.gz.sig

150 Opening BINARY mode data connection for arpa.zone.gz.sig (72 bytes).
Length: 72

     0K                                                       100%  601K=0s

226 Transfer complete.
2017-05-02 00:00:15 (601 KB/s) - ‘./domain/arpa.zone.gz.sig’ saved [72]

Remote file no newer than local file ‘./domain/db.cache’ -- not retrieving.
Remote file no newer than local file ‘./domain/db.cache.md5’ -- not retrieving.
Remote file no newer than local file ‘./domain/db.cache.sig’ -- not retrieving.
The sizes do not match (local 230231) -- retrieving.

--2017-05-02 00:00:15--  ftp://ftp.internic.net/domain/in-addr.arpa
           => ‘./domain/in-addr.arpa’
==> CWD not required.
--> PASV

227 Entering Passive Mode (192,0,32,9,159,48)
--> RETR in-addr.arpa

150 Opening BINARY mode data connection for in-addr.arpa (230454 bytes).
Length: 230454 (225K)

     0K .......... .......... .......... .......... .......... 22% 93.7K 2s
    50K .......... .......... .......... .......... .......... 44%  182K 1s
   100K .......... .......... .......... .......... .......... 66% 10.7M 0s
   150K .......... .......... .......... .......... .......... 88% 87.9K 0s
   200K .......... .......... .....                           100% 37.1M=1.4s

226 Transfer complete.
2017-05-02 00:00:17 (163 KB/s) - ‘./domain/in-addr.arpa’ saved [230454]

The sizes do not match (local 89530) -- retrieving.

--2017-05-02 00:00:17--  ftp://ftp.internic.net/domain/in-addr.arpa.gz
           => ‘./domain/in-addr.arpa.gz’
==> CWD not required.
--> PASV

227 Entering Passive Mode (192,0,32,9,155,185)
--> RETR in-addr.arpa.gz

150 Opening BINARY mode data connection for in-addr.arpa.gz (89652 bytes).
Length: 89652 (88K)

     0K .......... .......... .......... .......... .......... 57% 89.9K 0s
    50K .......... .......... .......... .......              100% 11.9M=0.6s

226 Transfer complete.
2017-05-02 00:00:19 (157 KB/s) - ‘./domain/in-addr.arpa.gz’ saved [89652]

Remote file is newer than local file ‘./domain/in-addr.arpa.gz.md5’ -- retrieving.

--2017-05-02 00:00:19--  ftp://ftp.internic.net/domain/in-addr.arpa.gz.md5
           => ‘./domain/in-addr.arpa.gz.md5’
==> CWD not required.
--> PASV

227 Entering Passive Mode (192,0,32,9,45,226)
--> RETR in-addr.arpa.gz.md5

150 Opening BINARY mode data connection for in-addr.arpa.gz.md5 (55 bytes).
Length: 55

     0K                                                       100% 1.34M=0s

226 Transfer complete.
2017-05-02 00:00:20 (1.34 MB/s) - ‘./domain/in-addr.arpa.gz.md5’ saved [55]

Remote file is newer than local file ‘./domain/in-addr.arpa.gz.sha256’ -- retrieving.

--2017-05-02 00:00:20--  ftp://ftp.internic.net/domain/in-addr.arpa.gz.sha256
           => ‘./domain/in-addr.arpa.gz.sha256’
==> CWD not required.
--> PASV

227 Entering Passive Mode (192,0,32,9,41,107)
--> RETR in-addr.arpa.gz.sha256

150 Opening BINARY mode data connection for in-addr.arpa.gz.sha256 (90 bytes).
Length: 90

     0K                                                       100% 1.45M=0s

226 Transfer complete.
2017-05-02 00:00:22 (1.45 MB/s) - ‘./domain/in-addr.arpa.gz.sha256’ saved [90]

Remote file is newer than local file ‘./domain/in-addr.arpa.md5’ -- retrieving.

--2017-05-02 00:00:22--  ftp://ftp.internic.net/domain/in-addr.arpa.md5
           => ‘./domain/in-addr.arpa.md5’
==> CWD not required.
--> PASV

227 Entering Passive Mode (192,0,32,9,242,16)
--> RETR in-addr.arpa.md5

150 Opening BINARY mode data connection for in-addr.arpa.md5 (52 bytes).
Length: 52

     0K                                                       100%  758K=0s

226 Transfer complete.
2017-05-02 00:00:23 (758 KB/s) - ‘./domain/in-addr.arpa.md5’ saved [52]

Remote file is newer than local file ‘./domain/in-addr.arpa.sha256’ -- retrieving.

--2017-05-02 00:00:23--  ftp://ftp.internic.net/domain/in-addr.arpa.sha256
           => ‘./domain/in-addr.arpa.sha256’
==> CWD not required.
--> PASV

227 Entering Passive Mode (192,0,32,9,226,77)
--> RETR in-addr.arpa.sha256

150 Opening BINARY mode data connection for in-addr.arpa.sha256 (87 bytes).
Length: 87

     0K                                                       100% 6.31K=0.01s

226 Transfer complete.
2017-05-02 00:00:24 (6.31 KB/s) - ‘./domain/in-addr.arpa.sha256’ saved [87]

The sizes do not match (local 230231) -- retrieving.

--2017-05-02 00:00:24--  ftp://ftp.internic.net/domain/in-addr.arpa.zone
           => ‘./domain/in-addr.arpa.zone’
==> CWD not required.
--> PASV

227 Entering Passive Mode (192,0,32,9,184,199)
--> RETR in-addr.arpa.zone

150 Opening BINARY mode data connection for in-addr.arpa.zone (230454 bytes).
Length: 230454 (225K)

     0K .......... .......... .......... .......... .......... 22% 94.9K 2s
    50K .......... .......... .......... .......... .......... 44%  186K 1s
   100K .......... .......... .......... .......... .......... 66% 11.6M 0s
   150K .......... .......... .......... .......... .......... 88%  177K 0s
   200K .......... .......... .....                           100% 91.7K=1.4s

226 Transfer complete.
2017-05-02 00:00:26 (166 KB/s) - ‘./domain/in-addr.arpa.zone’ saved [230454]

The sizes do not match (local 89530) -- retrieving.

--2017-05-02 00:00:26--  ftp://ftp.internic.net/domain/in-addr.arpa.zone.gz
           => ‘./domain/in-addr.arpa.zone.gz’
==> CWD not required.
--> PASV

227 Entering Passive Mode (192,0,32,9,157,133)
--> RETR in-addr.arpa.zone.gz

150 Opening BINARY mode data connection for in-addr.arpa.zone.gz (89652 bytes).
Length: 89652 (88K)

     0K .......... .......... .......... .......... .......... 57% 94.2K 0s
    50K .......... .......... .......... .......              100% 15.3M=0.5s

226 Transfer complete.
2017-05-02 00:00:28 (164 KB/s) - ‘./domain/in-addr.arpa.zone.gz’ saved [89652]

Remote file is newer than local file ‘./domain/in-addr.arpa.zone.gz.md5’ -- retrieving.

--2017-05-02 00:00:28--  ftp://ftp.internic.net/domain/in-addr.arpa.zone.gz.md5
           => ‘./domain/in-addr.arpa.zone.gz.md5’
==> CWD not required.
--> PASV

227 Entering Passive Mode (192,0,32,9,42,149)
--> RETR in-addr.arpa.zone.gz.md5

150 Opening BINARY mode data connection for in-addr.arpa.zone.gz.md5 (60 bytes).
Length: 60

     0K                                                       100%  519K=0s

226 Transfer complete.
2017-05-02 00:00:29 (519 KB/s) - ‘./domain/in-addr.arpa.zone.gz.md5’ saved [60]

Remote file is newer than local file ‘./domain/in-addr.arpa.zone.gz.sha256’ -- retrieving.

--2017-05-02 00:00:29--  ftp://ftp.internic.net/domain/in-addr.arpa.zone.gz.sha256
           => ‘./domain/in-addr.arpa.zone.gz.sha256’
==> CWD not required.
--> PASV

227 Entering Passive Mode (192,0,32,9,49,147)
--> RETR in-addr.arpa.zone.gz.sha256

150 Opening BINARY mode data connection for in-addr.arpa.zone.gz.sha256 (95 bytes).
Length: 95

     0K                                                       100% 15.9K=0.006s

226 Transfer complete.
2017-05-02 00:00:30 (15.9 KB/s) - ‘./domain/in-addr.arpa.zone.gz.sha256’ saved [95]

Remote file is newer than local file ‘./domain/in-addr.arpa.zone.md5’ -- retrieving.

--2017-05-02 00:00:30--  ftp://ftp.internic.net/domain/in-addr.arpa.zone.md5
           => ‘./domain/in-addr.arpa.zone.md5’
==> CWD not required.
--> PASV

227 Entering Passive Mode (192,0,32,9,47,29)
--> RETR in-addr.arpa.zone.md5

150 Opening BINARY mode data connection for in-addr.arpa.zone.md5 (57 bytes).
Length: 57

     0K                                                       100%  497K=0s

226 Transfer complete.
2017-05-02 00:00:31 (497 KB/s) - ‘./domain/in-addr.arpa.zone.md5’ saved [57]

Remote file is newer than local file ‘./domain/in-addr.arpa.zone.sha256’ -- retrieving.

--2017-05-02 00:00:31--  ftp://ftp.internic.net/domain/in-addr.arpa.zone.sha256
           => ‘./domain/in-addr.arpa.zone.sha256’
==> CWD not required.
--> PASV

227 Entering Passive Mode (192,0,32,9,15,0)
--> RETR in-addr.arpa.zone.sha256

150 Opening BINARY mode data connection for in-addr.arpa.zone.sha256 (92 bytes).
Length: 92

     0K                                                       100%  775K=0s

226 Transfer complete.
2017-05-02 00:00:32 (775 KB/s) - ‘./domain/in-addr.arpa.zone.sha256’ saved [92]

The sizes do not match (local 61853) -- retrieving.

--2017-05-02 00:00:32--  ftp://ftp.internic.net/domain/ip6.arpa
           => ‘./domain/ip6.arpa’
==> CWD not required.
--> PASV

227 Entering Passive Mode (192,0,32,9,82,106)
--> RETR ip6.arpa

150 Opening BINARY mode data connection for ip6.arpa (62071 bytes).
Length: 62071 (61K)

     0K .......... .......... .......... .......... .......... 82% 90.7K 0s
    50K ..........                                            100% 23.5M=0.6s

226 Transfer complete.
2017-05-02 00:00:34 (110 KB/s) - ‘./domain/ip6.arpa’ saved [62071]

The sizes do not match (local 24052) -- retrieving.

--2017-05-02 00:00:34--  ftp://ftp.internic.net/domain/ip6.arpa.gz
           => ‘./domain/ip6.arpa.gz’
==> CWD not required.
--> PASV

227 Entering Passive Mode (192,0,32,9,41,140)
--> RETR ip6.arpa.gz

150 Opening BINARY mode data connection for ip6.arpa.gz (24199 bytes).
Length: 24199 (24K)

     0K .......... .......... ...                             100% 92.9K=0.3s

226 Transfer complete.
2017-05-02 00:00:35 (92.9 KB/s) - ‘./domain/ip6.arpa.gz’ saved [24199]

Remote file is newer than local file ‘./domain/ip6.arpa.gz.md5’ -- retrieving.

--2017-05-02 00:00:35--  ftp://ftp.internic.net/domain/ip6.arpa.gz.md5
           => ‘./domain/ip6.arpa.gz.md5’
==> CWD not required.
--> PASV

227 Entering Passive Mode (192,0,32,9,135,34)
--> RETR ip6.arpa.gz.md5

150 Opening BINARY mode data connection for ip6.arpa.gz.md5 (51 bytes).
Length: 51

     0K                                                       100% 31.9K=0.002s

226 Transfer complete.
2017-05-02 00:00:36 (31.9 KB/s) - ‘./domain/ip6.arpa.gz.md5’ saved [51]

Remote file is newer than local file ‘./domain/ip6.arpa.gz.sha256’ -- retrieving.

--2017-05-02 00:00:36--  ftp://ftp.internic.net/domain/ip6.arpa.gz.sha256
           => ‘./domain/ip6.arpa.gz.sha256’
==> CWD not required.
--> PASV

227 Entering Passive Mode (192,0,32,9,80,101)
--> RETR ip6.arpa.gz.sha256

150 Opening BINARY mode data connection for ip6.arpa.gz.sha256 (86 bytes).
Length: 86

     0K                                                       100%  179K=0s

226 Transfer complete.
2017-05-02 00:00:37 (179 KB/s) - ‘./domain/ip6.arpa.gz.sha256’ saved [86]

Remote file is newer than local file ‘./domain/ip6.arpa.md5’ -- retrieving.

--2017-05-02 00:00:37--  ftp://ftp.internic.net/domain/ip6.arpa.md5
           => ‘./domain/ip6.arpa.md5’
==> CWD not required.
--> PASV

227 Entering Passive Mode (192,0,32,9,135,8)
--> RETR ip6.arpa.md5

150 Opening BINARY mode data connection for ip6.arpa.md5 (48 bytes).
Length: 48

     0K                                                       100% 23.3K=0.002s

226 Transfer complete.
2017-05-02 00:00:38 (23.3 KB/s) - ‘./domain/ip6.arpa.md5’ saved [48]

Remote file is newer than local file ‘./domain/ip6.arpa.sha256’ -- retrieving.

--2017-05-02 00:00:38--  ftp://ftp.internic.net/domain/ip6.arpa.sha256
           => ‘./domain/ip6.arpa.sha256’
==> CWD not required.
--> PASV

227 Entering Passive Mode (192,0,32,9,41,60)
--> RETR ip6.arpa.sha256

150 Opening BINARY mode data connection for ip6.arpa.sha256 (83 bytes).
Length: 83

     0K                                                       100% 1.55M=0s

226 Transfer complete.
2017-05-02 00:00:39 (1.55 MB/s) - ‘./domain/ip6.arpa.sha256’ saved [83]

The sizes do not match (local 61853) -- retrieving.

--2017-05-02 00:00:39--  ftp://ftp.internic.net/domain/ip6.arpa.zone
           => ‘./domain/ip6.arpa.zone’
==> CWD not required.
--> PASV

227 Entering Passive Mode (192,0,32,9,41,92)
--> RETR ip6.arpa.zone

150 Opening BINARY mode data connection for ip6.arpa.zone (62071 bytes).
Length: 62071 (61K)

     0K .......... .......... .......... .......... .......... 82% 96.8K 0s
    50K ..........                                            100% 37.0M=0.5s

226 Transfer complete.
2017-05-02 00:00:41 (117 KB/s) - ‘./domain/ip6.arpa.zone’ saved [62071]

The sizes do not match (local 24052) -- retrieving.

--2017-05-02 00:00:41--  ftp://ftp.internic.net/domain/ip6.arpa.zone.gz
           => ‘./domain/ip6.arpa.zone.gz’
==> CWD not required.
--> PASV

227 Entering Passive Mode (192,0,32,9,13,47)
--> RETR ip6.arpa.zone.gz

150 Opening BINARY mode data connection for ip6.arpa.zone.gz (24199 bytes).
Length: 24199 (24K)

     0K .......... .......... ...                             100% 93.6K=0.3s

226 Transfer complete.
2017-05-02 00:00:42 (93.6 KB/s) - ‘./domain/ip6.arpa.zone.gz’ saved [24199]

Remote file is newer than local file ‘./domain/ip6.arpa.zone.gz.md5’ -- retrieving.

--2017-05-02 00:00:42--  ftp://ftp.internic.net/domain/ip6.arpa.zone.gz.md5
           => ‘./domain/ip6.arpa.zone.gz.md5’
==> CWD not required.
--> PASV

227 Entering Passive Mode (192,0,32,9,115,252)
--> RETR ip6.arpa.zone.gz.md5

150 Opening BINARY mode data connection for ip6.arpa.zone.gz.md5 (56 bytes).
Length: 56

     0K                                                       100% 1.19M=0s

226 Transfer complete.
2017-05-02 00:00:43 (1.19 MB/s) - ‘./domain/ip6.arpa.zone.gz.md5’ saved [56]

Remote file is newer than local file ‘./domain/ip6.arpa.zone.gz.sha256’ -- retrieving.

--2017-05-02 00:00:43--  ftp://ftp.internic.net/domain/ip6.arpa.zone.gz.sha256
           => ‘./domain/ip6.arpa.zone.gz.sha256’
==> CWD not required.
--> PASV

227 Entering Passive Mode (192,0,32,9,34,138)
--> RETR ip6.arpa.zone.gz.sha256

150 Opening BINARY mode data connection for ip6.arpa.zone.gz.sha256 (91 bytes).
Length: 91

     0K                                                       100% 1.42M=0s

226 Transfer complete.
2017-05-02 00:00:44 (1.42 MB/s) - ‘./domain/ip6.arpa.zone.gz.sha256’ saved [91]

Remote file is newer than local file ‘./domain/ip6.arpa.zone.md5’ -- retrieving.

--2017-05-02 00:00:44--  ftp://ftp.internic.net/domain/ip6.arpa.zone.md5
           => ‘./domain/ip6.arpa.zone.md5’
==> CWD not required.
--> PASV

227 Entering Passive Mode (192,0,32,9,94,172)
--> RETR ip6.arpa.zone.md5

150 Opening BINARY mode data connection for ip6.arpa.zone.md5 (53 bytes).
Length: 53

     0K                                                       100% 5.52K=0.009s

226 Transfer complete.
2017-05-02 00:00:45 (5.52 KB/s) - ‘./domain/ip6.arpa.zone.md5’ saved [53]

Remote file is newer than local file ‘./domain/ip6.arpa.zone.sha256’ -- retrieving.

--2017-05-02 00:00:45--  ftp://ftp.internic.net/domain/ip6.arpa.zone.sha256
           => ‘./domain/ip6.arpa.zone.sha256’
==> CWD not required.
--> PASV

227 Entering Passive Mode (192,0,32,9,47,189)
--> RETR ip6.arpa.zone.sha256

150 Opening BINARY mode data connection for ip6.arpa.zone.sha256 (88 bytes).
Length: 88

     0K                                                       100%  423K=0s

226 Transfer complete.
2017-05-02 00:00:46 (423 KB/s) - ‘./domain/ip6.arpa.zone.sha256’ saved [88]

Remote file is newer than local file ‘./domain/last_update.txt’ -- retrieving.

--2017-05-02 00:00:46--  ftp://ftp.internic.net/domain/last_update.txt
           => ‘./domain/last_update.txt’
==> CWD not required.
--> PASV

227 Entering Passive Mode (192,0,32,9,111,64)
--> RETR last_update.txt

150 Opening BINARY mode data connection for last_update.txt (21 bytes).
Length: 21

     0K                                                       100%  186K=0s

226 Transfer complete.
2017-05-02 00:00:47 (186 KB/s) - ‘./domain/last_update.txt’ saved [21]

Remote file no newer than local file ‘./domain/named.cache’ -- not retrieving.
Remote file no newer than local file ‘./domain/named.cache.md5’ -- not retrieving.
Remote file no newer than local file ‘./domain/named.cache.sig’ -- not retrieving.
Remote file no newer than local file ‘./domain/named.root’ -- not retrieving.
Remote file no newer than local file ‘./domain/named.root.md5’ -- not retrieving.
Remote file no newer than local file ‘./domain/named.root.sig’ -- not retrieving.
Remote file no newer than local file ‘./domain/root-servers.net.zone’ -- not retrieving.
Remote file no newer than local file ‘./domain/root-servers.net.zone.gz’ -- not retrieving.
Remote file no newer than local file ‘./domain/root-servers.net.zone.gz.md5’ -- not retrieving.
Remote file no newer than local file ‘./domain/root-servers.net.zone.gz.sig’ -- not retrieving.
Remote file is newer than local file ‘./domain/root.zone’ -- retrieving.

--2017-05-02 00:00:47--  ftp://ftp.internic.net/domain/root.zone
           => ‘./domain/root.zone’
==> CWD not required.
--> PASV

227 Entering Passive Mode (192,0,32,9,16,165)
--> RETR root.zone

150 Opening BINARY mode data connection for root.zone (2235247 bytes).
Length: 2235247 (2.1M)

     0K .......... .......... .......... .......... ..........  2% 93.6K 23s
    50K .......... .......... .......... .......... ..........  4%  189K 17s
   100K .......... .......... .......... .......... ..........  6% 7.04M 11s
   150K .......... .......... .......... .......... ..........  9%  193K 11s
   200K .......... .......... .......... .......... .......... 11%  204K 10s
   250K .......... .......... .......... .......... .......... 13%  205K 10s
   300K .......... .......... .......... .......... .......... 16% 9.39M 8s
   350K .......... .......... .......... .......... .......... 18%  205K 8s
   400K .......... .......... .......... .......... .......... 20% 7.97M 7s
   450K .......... .......... .......... .......... .......... 22%  200K 7s
   500K .......... .......... .......... .......... .......... 25% 7.12M 6s
   550K .......... .......... .......... .......... .......... 27%  196K 6s
   600K .......... .......... .......... .......... .......... 29% 8.23M 5s
   650K .......... .......... .......... .......... .......... 32%  186K 6s
   700K .......... .......... .......... .......... .......... 34% 26.2M 5s
   750K .......... .......... .......... .......... .......... 36%  184K 5s
   800K .......... .......... .......... .......... .......... 38% 12.0M 5s
   850K .......... .......... .......... .......... .......... 41% 92.0K 5s
   900K .......... .......... .......... .......... .......... 43%  203K 5s
   950K .......... .......... .......... .......... .......... 45% 58.5M 4s
  1000K .......... .......... .......... .......... .......... 48% 52.7M 4s
  1050K .......... .......... .......... .......... .......... 50% 61.5M 4s
  1100K .......... .......... .......... .......... .......... 52% 14.4M 3s
  1150K .......... .......... .......... .......... .......... 54%  200K 3s
  1200K .......... .......... .......... .......... .......... 57% 10.6M 3s
  1250K .......... .......... .......... .......... .......... 59%  196K 3s
  1300K .......... .......... .......... .......... .......... 61%  192K 3s
  1350K .......... .......... .......... .......... .......... 64% 8.35M 2s
  1400K .......... .......... .......... .......... .......... 66%  190K 2s
  1450K .......... .......... .......... .......... .......... 68% 2.67M 2s
  1500K .......... .......... .......... .......... .......... 71% 33.6M 2s
  1550K .......... .......... .......... .......... .......... 73% 63.6K 2s
  1600K .......... .......... .......... .......... .......... 75% 37.3M 2s
  1650K .......... .......... .......... .......... .......... 77% 3.25M 2s
  1700K .......... .......... .......... .......... .......... 80% 37.4M 1s
  1750K .......... .......... .......... .......... .......... 82%  227K 1s
  1800K .......... .......... .......... .......... .......... 84% 2.38M 1s
  1850K .......... .......... .......... .......... .......... 87%  216K 1s
  1900K .......... .......... .......... .......... .......... 89% 6.99M 1s
  1950K .......... .......... .......... .......... .......... 91%  182K 1s
  2000K .......... .......... .......... .......... .......... 93% 2.77M 0s
  2050K .......... .......... .......... .......... .......... 96%  202K 0s
  2100K .......... .......... .......... .......... .......... 98%  792K 0s
  2150K .......... .......... .......... ..                   100%  175K=6.8s

226 Transfer complete.
2017-05-02 00:02:54 (321 KB/s) - ‘./domain/root.zone’ saved [2235247]

The sizes do not match (local 1049761) -- retrieving.

--2017-05-02 00:02:54--  ftp://ftp.internic.net/domain/root.zone.gz
           => ‘./domain/root.zone.gz’
==> CWD not required.
--> PASV

227 Entering Passive Mode (192,0,32,9,32,216)
--> RETR root.zone.gz

150 Opening BINARY mode data connection for root.zone.gz (1049971 bytes).
Length: 1049971 (1.0M)

     0K .......... .......... .......... .......... ..........  4% 87.5K 11s
    50K .......... .......... .......... .......... ..........  9%  194K 8s
   100K .......... .......... .......... .......... .......... 14% 5.17M 5s
   150K .......... .......... .......... .......... .......... 19%  203K 4s
   200K .......... .......... .......... .......... .......... 24%  198K 4s
   250K .......... .......... .......... .......... .......... 29%  191K 4s
   300K .......... .......... .......... .......... .......... 34% 9.60M 3s
   350K .......... .......... .......... .......... .......... 39%  184K 3s
   400K .......... .......... .......... .......... .......... 43% 8.45M 2s
   450K .......... .......... .......... .......... .......... 48%  185K 2s
   500K .......... .......... .......... .......... .......... 53% 8.91M 2s
   550K .......... .......... .......... .......... .......... 58%  191K 2s
   600K .......... .......... .......... .......... .......... 63% 8.30M 1s
   650K .......... .......... .......... .......... .......... 68%  207K 1s
   700K .......... .......... .......... .......... .......... 73% 10.7M 1s
   750K .......... .......... .......... .......... .......... 78%  207K 1s
   800K .......... .......... .......... .......... .......... 82% 14.2M 1s
   850K .......... .......... .......... .......... .......... 87% 9.53M 0s
   900K .......... .......... .......... .......... .......... 92%  203K 0s
   950K .......... .......... .......... .......... .......... 97% 9.35M 0s
  1000K .......... .......... .....                           100% 10.2M=3.2s

226 Transfer complete.
2017-05-02 00:02:58 (323 KB/s) - ‘./domain/root.zone.gz’ saved [1049971]

Remote file is newer than local file ‘./domain/root.zone.gz.md5’ -- retrieving.

--2017-05-02 00:02:58--  ftp://ftp.internic.net/domain/root.zone.gz.md5
           => ‘./domain/root.zone.gz.md5’
==> CWD not required.
--> PASV

227 Entering Passive Mode (192,0,32,9,83,166)
--> RETR root.zone.gz.md5

150 Opening BINARY mode data connection for root.zone.gz.md5 (33 bytes).
Length: 33

     0K                                                       100%  745 =0.04s

226 Transfer complete.
2017-05-02 00:02:59 (745 B/s) - ‘./domain/root.zone.gz.md5’ saved [33]

Remote file is newer than local file ‘./domain/root.zone.gz.sig’ -- retrieving.

--2017-05-02 00:02:59--  ftp://ftp.internic.net/domain/root.zone.gz.sig
           => ‘./domain/root.zone.gz.sig’
==> CWD not required.
--> PASV

227 Entering Passive Mode (192,0,32,9,42,200)
--> RETR root.zone.gz.sig

150 Opening BINARY mode data connection for root.zone.gz.sig (72 bytes).
Length: 72

     0K                                                       100% 1.32M=0s

226 Transfer complete.
2017-05-02 00:03:00 (1.32 MB/s) - ‘./domain/root.zone.gz.sig’ saved [72]

Remote file is newer than local file ‘./domain/root.zone.md5’ -- retrieving.

--2017-05-02 00:03:00--  ftp://ftp.internic.net/domain/root.zone.md5
           => ‘./domain/root.zone.md5’
==> CWD not required.
--> PASV

227 Entering Passive Mode (192,0,32,9,239,247)
--> RETR root.zone.md5

150 Opening BINARY mode data connection for root.zone.md5 (33 bytes).
Length: 33

     0K                                                       100%  174K=0s

226 Transfer complete.
2017-05-02 00:03:01 (174 KB/s) - ‘./domain/root.zone.md5’ saved [33]

Remote file is newer than local file ‘./domain/root.zone.sig’ -- retrieving.

--2017-05-02 00:03:01--  ftp://ftp.internic.net/domain/root.zone.sig
           => ‘./domain/root.zone.sig’
==> CWD not required.
--> PASV

227 Entering Passive Mode (192,0,32,9,24,192)
--> RETR root.zone.sig

150 Opening BINARY mode data connection for root.zone.sig (72 bytes).
Length: 72

     0K                                                       100%  633K=0s

226 Transfer complete.
2017-05-02 00:03:03 (633 KB/s) - ‘./domain/root.zone.sig’ saved [72]

FINISHED --2017-05-02 00:03:03--
Total wall clock time: 3m 0s
Downloaded: 40 files, 3.9M in 16s (259 KB/s)
