--2017-07-26 00:00:03--  ftp://ftp.internic.net/*
           => ‘./.listing’
Resolving ftp.internic.net (ftp.internic.net)... 192.0.32.9, 2620:0:2d0:200::9
Connecting to ftp.internic.net (ftp.internic.net)|192.0.32.9|:21... connected.
Logging in as anonymous ... 
220 Internic FTP Server
--> USER anonymous

331 Please specify the password.
--> PASS Turtle Power!

230 Login successful.
--> SYST

215 UNIX Type: L8
--> PWD

257 "/"
--> TYPE I

200 Switching to Binary mode.
==> CWD not needed.
--> PASV

227 Entering Passive Mode (192,0,32,9,39,244)
--> LIST -a

150 Here comes the directory listing.

     0K                                                         145K=0.001s

226 Directory send OK.
drwxr-xr-x    3 ftp      ftp          4096 Apr 04  2012 .
drwxr-xr-x    3 ftp      ftp          4096 Apr 04  2012 ..
drwxr-xr-x    2 ftp      ftp          4096 Sep 09  2015 domain
2017-07-26 00:00:08 (145 KB/s) - ‘./.listing’ saved [183]

--2017-07-26 00:00:08--  ftp://ftp.internic.net/domain/*
           => ‘./domain/.listing’
--> CWD /domain

250 Directory successfully changed.
--> PASV

227 Entering Passive Mode (192,0,32,9,41,240)
--> LIST -a

150 Here comes the directory listing.

     0K ...                                                    31.5M=0s

226 Directory send OK.
drwxr-xr-x    2 ftp      ftp          4096 Sep 09  2015 .
drwxr-xr-x    3 ftp      ftp          4096 Apr 04  2012 ..
-rw-r--r--    1 ftp      ftp          1829 Aug 18  2015 .listing
-rw-r--r--    1 ftp      ftp          1224 Jul 25 12:28 INTERNIC_ROOT_ZONE.signatures
-rw-r--r--    1 ftp      ftp          1469 Jul 25 12:28 INTERNIC_ROOT_ZONE.signatures.asc
-rw-r--r--    1 ftp      ftp         15228 Jul 25 12:28 arpa.zone
-rw-r--r--    1 ftp      ftp          6652 Jul 25 12:28 arpa.zone.gz
-rw-r--r--    1 ftp      ftp            33 Jul 25 12:28 arpa.zone.gz.md5
-rw-r--r--    1 ftp      ftp            72 Jul 25 12:28 arpa.zone.gz.sig
-rw-r--r--    1 ftp      ftp          3289 Jun 01 15:27 db.cache
-rw-r--r--    1 ftp      ftp            33 Jun 01 15:27 db.cache.md5
-rw-r--r--    1 ftp      ftp            72 Jun 01 15:27 db.cache.sig
-rw-r--r--    1 ftp      ftp        228558 Jul 25 15:40 in-addr.arpa
-rw-r--r--    1 ftp      ftp         90827 Jul 25 15:40 in-addr.arpa.gz
-rw-r--r--    1 ftp      ftp            55 Jul 25 15:40 in-addr.arpa.gz.md5
-rw-r--r--    1 ftp      ftp            90 Jul 25 15:40 in-addr.arpa.gz.sha256
-rw-r--r--    1 ftp      ftp            52 Jul 25 15:40 in-addr.arpa.md5
-rw-r--r--    1 ftp      ftp            87 Jul 25 15:40 in-addr.arpa.sha256
-rw-r--r--    1 ftp      ftp        228558 Jul 25 15:40 in-addr.arpa.zone
-rw-r--r--    1 ftp      ftp         90827 Jul 25 15:40 in-addr.arpa.zone.gz
-rw-r--r--    1 ftp      ftp            60 Jul 25 15:40 in-addr.arpa.zone.gz.md5
-rw-r--r--    1 ftp      ftp            95 Jul 25 15:40 in-addr.arpa.zone.gz.sha256
-rw-r--r--    1 ftp      ftp            57 Jul 25 15:40 in-addr.arpa.zone.md5
-rw-r--r--    1 ftp      ftp            92 Jul 25 15:40 in-addr.arpa.zone.sha256
-rw-r--r--    1 ftp      ftp         61264 Jul 25 15:40 ip6.arpa
-rw-r--r--    1 ftp      ftp         24381 Jul 25 15:40 ip6.arpa.gz
-rw-r--r--    1 ftp      ftp            51 Jul 25 15:40 ip6.arpa.gz.md5
-rw-r--r--    1 ftp      ftp            86 Jul 25 15:40 ip6.arpa.gz.sha256
-rw-r--r--    1 ftp      ftp            48 Jul 25 15:40 ip6.arpa.md5
-rw-r--r--    1 ftp      ftp            83 Jul 25 15:40 ip6.arpa.sha256
-rw-r--r--    1 ftp      ftp         61264 Jul 25 15:40 ip6.arpa.zone
-rw-r--r--    1 ftp      ftp         24381 Jul 25 15:40 ip6.arpa.zone.gz
-rw-r--r--    1 ftp      ftp            56 Jul 25 15:40 ip6.arpa.zone.gz.md5
-rw-r--r--    1 ftp      ftp            91 Jul 25 15:40 ip6.arpa.zone.gz.sha256
-rw-r--r--    1 ftp      ftp            53 Jul 25 15:40 ip6.arpa.zone.md5
-rw-r--r--    1 ftp      ftp            88 Jul 25 15:40 ip6.arpa.zone.sha256
-rw-r--r--    1 ftp      ftp            21 Jul 25 15:40 last_update.txt
-rw-r--r--    1 ftp      ftp          3289 Jun 01 15:27 named.cache
-rw-r--r--    1 ftp      ftp            33 Jun 01 15:27 named.cache.md5
-rw-r--r--    1 ftp      ftp            72 Jun 01 15:27 named.cache.sig
-rw-r--r--    1 ftp      ftp          3289 Jun 01 15:27 named.root
-rw-r--r--    1 ftp      ftp            33 Jun 01 15:27 named.root.md5
-rw-r--r--    1 ftp      ftp            72 Jun 01 15:27 named.root.sig
-rw-r--r--    1 ftp      ftp          2111 Jun 01 15:27 root-servers.net.zone
-rw-r--r--    1 ftp      ftp           575 Jun 01 15:27 root-servers.net.zone.gz
-rw-r--r--    1 ftp      ftp            33 Jun 01 15:27 root-servers.net.zone.gz.md5
-rw-r--r--    1 ftp      ftp            72 Jun 01 15:27 root-servers.net.zone.gz.sig
-rw-r--r--    1 ftp      ftp       2261514 Jul 25 05:43 root.zone
-rw-r--r--    1 ftp      ftp       1061811 Jul 25 05:43 root.zone.gz
-rw-r--r--    1 ftp      ftp            33 Jul 25 05:43 root.zone.gz.md5
-rw-r--r--    1 ftp      ftp            72 Jul 25 05:43 root.zone.gz.sig
-rw-r--r--    1 ftp      ftp            33 Jul 25 05:43 root.zone.md5
-rw-r--r--    1 ftp      ftp            72 Jul 25 05:43 root.zone.sig
2017-07-26 00:00:10 (31.5 MB/s) - ‘./domain/.listing’ saved [3930]

The sizes do not match (local 3930) -- retrieving.

--2017-07-26 00:00:10--  ftp://ftp.internic.net/domain/.listing
           => ‘./domain/.listing’
==> CWD not required.
--> PASV

227 Entering Passive Mode (192,0,32,9,63,227)
--> RETR .listing

150 Opening BINARY mode data connection for .listing (1829 bytes).
Length: 1829 (1.8K)

     0K .                                                     100% 25.7M=0s

226 Transfer complete.
2017-07-26 00:00:11 (25.7 MB/s) - ‘./domain/.listing’ saved [1829]

Remote file is newer than local file ‘./domain/INTERNIC_ROOT_ZONE.signatures’ -- retrieving.

--2017-07-26 00:00:11--  ftp://ftp.internic.net/domain/INTERNIC_ROOT_ZONE.signatures
           => ‘./domain/INTERNIC_ROOT_ZONE.signatures’
==> CWD not required.
--> PASV

227 Entering Passive Mode (192,0,32,9,107,189)
--> RETR INTERNIC_ROOT_ZONE.signatures

150 Opening BINARY mode data connection for INTERNIC_ROOT_ZONE.signatures (1224 bytes).
Length: 1224 (1.2K)

     0K .                                                     100% 25.4M=0s

226 Transfer complete.
2017-07-26 00:00:12 (25.4 MB/s) - ‘./domain/INTERNIC_ROOT_ZONE.signatures’ saved [1224]

Remote file is newer than local file ‘./domain/INTERNIC_ROOT_ZONE.signatures.asc’ -- retrieving.

--2017-07-26 00:00:12--  ftp://ftp.internic.net/domain/INTERNIC_ROOT_ZONE.signatures.asc
           => ‘./domain/INTERNIC_ROOT_ZONE.signatures.asc’
==> CWD not required.
--> PASV

227 Entering Passive Mode (192,0,32,9,142,215)
--> RETR INTERNIC_ROOT_ZONE.signatures.asc

150 Opening BINARY mode data connection for INTERNIC_ROOT_ZONE.signatures.asc (1469 bytes).
Length: 1469 (1.4K)

     0K .                                                     100% 29.2M=0s

226 Transfer complete.
2017-07-26 00:00:13 (29.2 MB/s) - ‘./domain/INTERNIC_ROOT_ZONE.signatures.asc’ saved [1469]

Remote file is newer than local file ‘./domain/arpa.zone’ -- retrieving.

--2017-07-26 00:00:13--  ftp://ftp.internic.net/domain/arpa.zone
           => ‘./domain/arpa.zone’
==> CWD not required.
--> PASV

227 Entering Passive Mode (192,0,32,9,224,236)
--> RETR arpa.zone

150 Opening BINARY mode data connection for arpa.zone (15228 bytes).
Length: 15228 (15K)

     0K .......... ....                                       100% 16.1M=0.001s

226 Transfer complete.
2017-07-26 00:00:14 (16.1 MB/s) - ‘./domain/arpa.zone’ saved [15228]

The sizes do not match (local 6643) -- retrieving.

--2017-07-26 00:00:14--  ftp://ftp.internic.net/domain/arpa.zone.gz
           => ‘./domain/arpa.zone.gz’
==> CWD not required.
--> PASV

227 Entering Passive Mode (192,0,32,9,252,218)
--> RETR arpa.zone.gz

150 Opening BINARY mode data connection for arpa.zone.gz (6652 bytes).
Length: 6652 (6.5K)

     0K ......                                                100% 3.92M=0.002s

226 Transfer complete.
2017-07-26 00:00:15 (3.92 MB/s) - ‘./domain/arpa.zone.gz’ saved [6652]

Remote file is newer than local file ‘./domain/arpa.zone.gz.md5’ -- retrieving.

--2017-07-26 00:00:15--  ftp://ftp.internic.net/domain/arpa.zone.gz.md5
           => ‘./domain/arpa.zone.gz.md5’
==> CWD not required.
--> PASV

227 Entering Passive Mode (192,0,32,9,41,111)
--> RETR arpa.zone.gz.md5

150 Opening BINARY mode data connection for arpa.zone.gz.md5 (33 bytes).
Length: 33

     0K                                                       100% 11.7K=0.003s

226 Transfer complete.
2017-07-26 00:00:16 (11.7 KB/s) - ‘./domain/arpa.zone.gz.md5’ saved [33]

Remote file is newer than local file ‘./domain/arpa.zone.gz.sig’ -- retrieving.

--2017-07-26 00:00:16--  ftp://ftp.internic.net/domain/arpa.zone.gz.sig
           => ‘./domain/arpa.zone.gz.sig’
==> CWD not required.
--> PASV

227 Entering Passive Mode (192,0,32,9,166,202)
--> RETR arpa.zone.gz.sig

150 Opening BINARY mode data connection for arpa.zone.gz.sig (72 bytes).
Length: 72

     0K                                                       100%  510K=0s

226 Transfer complete.
2017-07-26 00:00:18 (510 KB/s) - ‘./domain/arpa.zone.gz.sig’ saved [72]

Remote file no newer than local file ‘./domain/db.cache’ -- not retrieving.
Remote file no newer than local file ‘./domain/db.cache.md5’ -- not retrieving.
Remote file no newer than local file ‘./domain/db.cache.sig’ -- not retrieving.
Remote file is newer than local file ‘./domain/in-addr.arpa’ -- retrieving.

--2017-07-26 00:00:18--  ftp://ftp.internic.net/domain/in-addr.arpa
           => ‘./domain/in-addr.arpa’
==> CWD not required.
--> PASV

227 Entering Passive Mode (192,0,32,9,14,247)
--> RETR in-addr.arpa

150 Opening BINARY mode data connection for in-addr.arpa (228558 bytes).
Length: 228558 (223K)

     0K .......... .......... .......... .......... .......... 22% 83.9K 2s
    50K .......... .......... .......... .......... .......... 44%  159K 1s
   100K .......... .......... .......... .......... .......... 67% 82.4K 1s
   150K .......... .......... .......... .......... .......... 89%  207K 0s
   200K .......... .......... ...                             100% 85.9K=2.0s

226 Transfer complete.
2017-07-26 00:00:21 (110 KB/s) - ‘./domain/in-addr.arpa’ saved [228558]

The sizes do not match (local 90731) -- retrieving.

--2017-07-26 00:00:21--  ftp://ftp.internic.net/domain/in-addr.arpa.gz
           => ‘./domain/in-addr.arpa.gz’
==> CWD not required.
--> PASV

227 Entering Passive Mode (192,0,32,9,41,181)
--> RETR in-addr.arpa.gz

150 Opening BINARY mode data connection for in-addr.arpa.gz (90827 bytes).
Length: 90827 (89K)

     0K .......... .......... .......... .......... .......... 56% 96.5K 0s
    50K .......... .......... .......... ........             100%  135K=0.8s

226 Transfer complete.
2017-07-26 00:00:23 (110 KB/s) - ‘./domain/in-addr.arpa.gz’ saved [90827]

Remote file is newer than local file ‘./domain/in-addr.arpa.gz.md5’ -- retrieving.

--2017-07-26 00:00:23--  ftp://ftp.internic.net/domain/in-addr.arpa.gz.md5
           => ‘./domain/in-addr.arpa.gz.md5’
==> CWD not required.
--> PASV

227 Entering Passive Mode (192,0,32,9,76,0)
--> RETR in-addr.arpa.gz.md5

150 Opening BINARY mode data connection for in-addr.arpa.gz.md5 (55 bytes).
Length: 55

     0K                                                       100% 1.19M=0s

226 Transfer complete.
2017-07-26 00:00:24 (1.19 MB/s) - ‘./domain/in-addr.arpa.gz.md5’ saved [55]

Remote file is newer than local file ‘./domain/in-addr.arpa.gz.sha256’ -- retrieving.

--2017-07-26 00:00:24--  ftp://ftp.internic.net/domain/in-addr.arpa.gz.sha256
           => ‘./domain/in-addr.arpa.gz.sha256’
==> CWD not required.
--> PASV

227 Entering Passive Mode (192,0,32,9,216,62)
--> RETR in-addr.arpa.gz.sha256

150 Opening BINARY mode data connection for in-addr.arpa.gz.sha256 (90 bytes).
Length: 90

     0K                                                       100% 1.19M=0s

226 Transfer complete.
2017-07-26 00:00:25 (1.19 MB/s) - ‘./domain/in-addr.arpa.gz.sha256’ saved [90]

Remote file is newer than local file ‘./domain/in-addr.arpa.md5’ -- retrieving.

--2017-07-26 00:00:25--  ftp://ftp.internic.net/domain/in-addr.arpa.md5
           => ‘./domain/in-addr.arpa.md5’
==> CWD not required.
--> PASV

227 Entering Passive Mode (192,0,32,9,6,191)
--> RETR in-addr.arpa.md5

150 Opening BINARY mode data connection for in-addr.arpa.md5 (52 bytes).
Length: 52

     0K                                                       100% 1.08M=0s

226 Transfer complete.
2017-07-26 00:00:26 (1.08 MB/s) - ‘./domain/in-addr.arpa.md5’ saved [52]

Remote file is newer than local file ‘./domain/in-addr.arpa.sha256’ -- retrieving.

--2017-07-26 00:00:26--  ftp://ftp.internic.net/domain/in-addr.arpa.sha256
           => ‘./domain/in-addr.arpa.sha256’
==> CWD not required.
--> PASV

227 Entering Passive Mode (192,0,32,9,41,128)
--> RETR in-addr.arpa.sha256

150 Opening BINARY mode data connection for in-addr.arpa.sha256 (87 bytes).
Length: 87

     0K                                                       100% 1.98M=0s

226 Transfer complete.
2017-07-26 00:00:27 (1.98 MB/s) - ‘./domain/in-addr.arpa.sha256’ saved [87]

Remote file is newer than local file ‘./domain/in-addr.arpa.zone’ -- retrieving.

--2017-07-26 00:00:27--  ftp://ftp.internic.net/domain/in-addr.arpa.zone
           => ‘./domain/in-addr.arpa.zone’
==> CWD not required.
--> PASV

227 Entering Passive Mode (192,0,32,9,41,224)
--> RETR in-addr.arpa.zone

150 Opening BINARY mode data connection for in-addr.arpa.zone (228558 bytes).
Length: 228558 (223K)

     0K .......... .......... .......... .......... .......... 22%  110K 2s
    50K .......... .......... .......... .......... .......... 44%  207K 1s
   100K .......... .......... .......... .......... .......... 67%  117K 1s
   150K .......... .......... .......... .......... .......... 89%  159K 0s
   200K .......... .......... ...                             100% 74.9K=1.7s

226 Transfer complete.
2017-07-26 00:00:30 (128 KB/s) - ‘./domain/in-addr.arpa.zone’ saved [228558]

The sizes do not match (local 90731) -- retrieving.

--2017-07-26 00:00:30--  ftp://ftp.internic.net/domain/in-addr.arpa.zone.gz
           => ‘./domain/in-addr.arpa.zone.gz’
==> CWD not required.
--> PASV

227 Entering Passive Mode (192,0,32,9,133,6)
--> RETR in-addr.arpa.zone.gz

150 Opening BINARY mode data connection for in-addr.arpa.zone.gz (90827 bytes).
Length: 90827 (89K)

     0K .......... .......... .......... .......... .......... 56% 97.5K 0s
    50K .......... .......... .......... ........             100%  125K=0.8s

226 Transfer complete.
2017-07-26 00:00:32 (108 KB/s) - ‘./domain/in-addr.arpa.zone.gz’ saved [90827]

Remote file is newer than local file ‘./domain/in-addr.arpa.zone.gz.md5’ -- retrieving.

--2017-07-26 00:00:32--  ftp://ftp.internic.net/domain/in-addr.arpa.zone.gz.md5
           => ‘./domain/in-addr.arpa.zone.gz.md5’
==> CWD not required.
--> PASV

227 Entering Passive Mode (192,0,32,9,13,209)
--> RETR in-addr.arpa.zone.gz.md5

150 Opening BINARY mode data connection for in-addr.arpa.zone.gz.md5 (60 bytes).
Length: 60

     0K                                                       100% 1.43M=0s

226 Transfer complete.
2017-07-26 00:00:33 (1.43 MB/s) - ‘./domain/in-addr.arpa.zone.gz.md5’ saved [60]

Remote file is newer than local file ‘./domain/in-addr.arpa.zone.gz.sha256’ -- retrieving.

--2017-07-26 00:00:33--  ftp://ftp.internic.net/domain/in-addr.arpa.zone.gz.sha256
           => ‘./domain/in-addr.arpa.zone.gz.sha256’
==> CWD not required.
--> PASV

227 Entering Passive Mode (192,0,32,9,178,110)
--> RETR in-addr.arpa.zone.gz.sha256

150 Opening BINARY mode data connection for in-addr.arpa.zone.gz.sha256 (95 bytes).
Length: 95

     0K                                                       100% 1.37M=0s

226 Transfer complete.
2017-07-26 00:00:34 (1.37 MB/s) - ‘./domain/in-addr.arpa.zone.gz.sha256’ saved [95]

Remote file is newer than local file ‘./domain/in-addr.arpa.zone.md5’ -- retrieving.

--2017-07-26 00:00:34--  ftp://ftp.internic.net/domain/in-addr.arpa.zone.md5
           => ‘./domain/in-addr.arpa.zone.md5’
==> CWD not required.
--> PASV

227 Entering Passive Mode (192,0,32,9,41,122)
--> RETR in-addr.arpa.zone.md5

150 Opening BINARY mode data connection for in-addr.arpa.zone.md5 (57 bytes).
Length: 57

     0K                                                       100% 1.05M=0s

226 Transfer complete.
2017-07-26 00:00:35 (1.05 MB/s) - ‘./domain/in-addr.arpa.zone.md5’ saved [57]

Remote file is newer than local file ‘./domain/in-addr.arpa.zone.sha256’ -- retrieving.

--2017-07-26 00:00:35--  ftp://ftp.internic.net/domain/in-addr.arpa.zone.sha256
           => ‘./domain/in-addr.arpa.zone.sha256’
==> CWD not required.
--> PASV

227 Entering Passive Mode (192,0,32,9,41,74)
--> RETR in-addr.arpa.zone.sha256

150 Opening BINARY mode data connection for in-addr.arpa.zone.sha256 (92 bytes).
Length: 92

     0K                                                       100% 1.87M=0s

226 Transfer complete.
2017-07-26 00:00:36 (1.87 MB/s) - ‘./domain/in-addr.arpa.zone.sha256’ saved [92]

Remote file is newer than local file ‘./domain/ip6.arpa’ -- retrieving.

--2017-07-26 00:00:36--  ftp://ftp.internic.net/domain/ip6.arpa
           => ‘./domain/ip6.arpa’
==> CWD not required.
--> PASV

227 Entering Passive Mode (192,0,32,9,184,107)
--> RETR ip6.arpa

150 Opening BINARY mode data connection for ip6.arpa (61264 bytes).
Length: 61264 (60K)

     0K .......... .......... .......... .......... .......... 83% 81.5K 0s
    50K .........                                             100% 96.9M=0.6s

226 Transfer complete.
2017-07-26 00:00:38 (97.5 KB/s) - ‘./domain/ip6.arpa’ saved [61264]

The sizes do not match (local 24356) -- retrieving.

--2017-07-26 00:00:38--  ftp://ftp.internic.net/domain/ip6.arpa.gz
           => ‘./domain/ip6.arpa.gz’
==> CWD not required.
--> PASV

227 Entering Passive Mode (192,0,32,9,103,196)
--> RETR ip6.arpa.gz

150 Opening BINARY mode data connection for ip6.arpa.gz (24381 bytes).
Length: 24381 (24K)

     0K .......... .......... ...                             100% 78.2K=0.3s

226 Transfer complete.
2017-07-26 00:00:40 (78.2 KB/s) - ‘./domain/ip6.arpa.gz’ saved [24381]

Remote file is newer than local file ‘./domain/ip6.arpa.gz.md5’ -- retrieving.

--2017-07-26 00:00:40--  ftp://ftp.internic.net/domain/ip6.arpa.gz.md5
           => ‘./domain/ip6.arpa.gz.md5’
==> CWD not required.
--> PASV

227 Entering Passive Mode (192,0,32,9,45,145)
--> RETR ip6.arpa.gz.md5

150 Opening BINARY mode data connection for ip6.arpa.gz.md5 (51 bytes).
Length: 51

     0K                                                       100%  530K=0s

226 Transfer complete.
2017-07-26 00:00:41 (530 KB/s) - ‘./domain/ip6.arpa.gz.md5’ saved [51]

Remote file is newer than local file ‘./domain/ip6.arpa.gz.sha256’ -- retrieving.

--2017-07-26 00:00:41--  ftp://ftp.internic.net/domain/ip6.arpa.gz.sha256
           => ‘./domain/ip6.arpa.gz.sha256’
==> CWD not required.
--> PASV

227 Entering Passive Mode (192,0,32,9,146,94)
--> RETR ip6.arpa.gz.sha256

150 Opening BINARY mode data connection for ip6.arpa.gz.sha256 (86 bytes).
Length: 86

     0K                                                       100%  377K=0s

226 Transfer complete.
2017-07-26 00:00:42 (377 KB/s) - ‘./domain/ip6.arpa.gz.sha256’ saved [86]

Remote file is newer than local file ‘./domain/ip6.arpa.md5’ -- retrieving.

--2017-07-26 00:00:42--  ftp://ftp.internic.net/domain/ip6.arpa.md5
           => ‘./domain/ip6.arpa.md5’
==> CWD not required.
--> PASV

227 Entering Passive Mode (192,0,32,9,42,44)
--> RETR ip6.arpa.md5

150 Opening BINARY mode data connection for ip6.arpa.md5 (48 bytes).
Length: 48

     0K                                                       100%  521K=0s

226 Transfer complete.
2017-07-26 00:00:43 (521 KB/s) - ‘./domain/ip6.arpa.md5’ saved [48]

Remote file is newer than local file ‘./domain/ip6.arpa.sha256’ -- retrieving.

--2017-07-26 00:00:43--  ftp://ftp.internic.net/domain/ip6.arpa.sha256
           => ‘./domain/ip6.arpa.sha256’
==> CWD not required.
--> PASV

227 Entering Passive Mode (192,0,32,9,108,224)
--> RETR ip6.arpa.sha256

150 Opening BINARY mode data connection for ip6.arpa.sha256 (83 bytes).
Length: 83

     0K                                                       100% 1.88M=0s

226 Transfer complete.
2017-07-26 00:00:44 (1.88 MB/s) - ‘./domain/ip6.arpa.sha256’ saved [83]

Remote file is newer than local file ‘./domain/ip6.arpa.zone’ -- retrieving.

--2017-07-26 00:00:44--  ftp://ftp.internic.net/domain/ip6.arpa.zone
           => ‘./domain/ip6.arpa.zone’
==> CWD not required.
--> PASV

227 Entering Passive Mode (192,0,32,9,73,202)
--> RETR ip6.arpa.zone

150 Opening BINARY mode data connection for ip6.arpa.zone (61264 bytes).
Length: 61264 (60K)

     0K .......... .......... .......... .......... .......... 83% 92.8K 0s
    50K .........                                             100% 1.88M=0.5s

226 Transfer complete.
2017-07-26 00:00:46 (110 KB/s) - ‘./domain/ip6.arpa.zone’ saved [61264]

The sizes do not match (local 24356) -- retrieving.

--2017-07-26 00:00:46--  ftp://ftp.internic.net/domain/ip6.arpa.zone.gz
           => ‘./domain/ip6.arpa.zone.gz’
==> CWD not required.
--> PASV

227 Entering Passive Mode (192,0,32,9,123,56)
--> RETR ip6.arpa.zone.gz

150 Opening BINARY mode data connection for ip6.arpa.zone.gz (24381 bytes).
Length: 24381 (24K)

     0K .......... .......... ...                             100% 77.4K=0.3s

226 Transfer complete.
2017-07-26 00:00:48 (77.4 KB/s) - ‘./domain/ip6.arpa.zone.gz’ saved [24381]

Remote file is newer than local file ‘./domain/ip6.arpa.zone.gz.md5’ -- retrieving.

--2017-07-26 00:00:48--  ftp://ftp.internic.net/domain/ip6.arpa.zone.gz.md5
           => ‘./domain/ip6.arpa.zone.gz.md5’
==> CWD not required.
--> PASV

227 Entering Passive Mode (192,0,32,9,84,103)
--> RETR ip6.arpa.zone.gz.md5

150 Opening BINARY mode data connection for ip6.arpa.zone.gz.md5 (56 bytes).
Length: 56

     0K                                                       100% 1.03M=0s

226 Transfer complete.
2017-07-26 00:00:49 (1.03 MB/s) - ‘./domain/ip6.arpa.zone.gz.md5’ saved [56]

Remote file is newer than local file ‘./domain/ip6.arpa.zone.gz.sha256’ -- retrieving.

--2017-07-26 00:00:49--  ftp://ftp.internic.net/domain/ip6.arpa.zone.gz.sha256
           => ‘./domain/ip6.arpa.zone.gz.sha256’
==> CWD not required.
--> PASV

227 Entering Passive Mode (192,0,32,9,42,134)
--> RETR ip6.arpa.zone.gz.sha256

150 Opening BINARY mode data connection for ip6.arpa.zone.gz.sha256 (91 bytes).
Length: 91

     0K                                                       100%  177K=0.001s

226 Transfer complete.
2017-07-26 00:00:50 (177 KB/s) - ‘./domain/ip6.arpa.zone.gz.sha256’ saved [91]

Remote file is newer than local file ‘./domain/ip6.arpa.zone.md5’ -- retrieving.

--2017-07-26 00:00:50--  ftp://ftp.internic.net/domain/ip6.arpa.zone.md5
           => ‘./domain/ip6.arpa.zone.md5’
==> CWD not required.
--> PASV

227 Entering Passive Mode (192,0,32,9,28,165)
--> RETR ip6.arpa.zone.md5

150 Opening BINARY mode data connection for ip6.arpa.zone.md5 (53 bytes).
Length: 53

     0K                                                       100% 13.6K=0.004s

226 Transfer complete.
2017-07-26 00:00:51 (13.6 KB/s) - ‘./domain/ip6.arpa.zone.md5’ saved [53]

Remote file is newer than local file ‘./domain/ip6.arpa.zone.sha256’ -- retrieving.

--2017-07-26 00:00:51--  ftp://ftp.internic.net/domain/ip6.arpa.zone.sha256
           => ‘./domain/ip6.arpa.zone.sha256’
==> CWD not required.
--> PASV

227 Entering Passive Mode (192,0,32,9,93,254)
--> RETR ip6.arpa.zone.sha256

150 Opening BINARY mode data connection for ip6.arpa.zone.sha256 (88 bytes).
Length: 88

     0K                                                       100% 1.04M=0s

226 Transfer complete.
2017-07-26 00:00:52 (1.04 MB/s) - ‘./domain/ip6.arpa.zone.sha256’ saved [88]

Remote file is newer than local file ‘./domain/last_update.txt’ -- retrieving.

--2017-07-26 00:00:52--  ftp://ftp.internic.net/domain/last_update.txt
           => ‘./domain/last_update.txt’
==> CWD not required.
--> PASV

227 Entering Passive Mode (192,0,32,9,115,160)
--> RETR last_update.txt

150 Opening BINARY mode data connection for last_update.txt (21 bytes).
Length: 21

     0K                                                       100%  456K=0s

226 Transfer complete.
2017-07-26 00:00:53 (456 KB/s) - ‘./domain/last_update.txt’ saved [21]

Remote file no newer than local file ‘./domain/named.cache’ -- not retrieving.
Remote file no newer than local file ‘./domain/named.cache.md5’ -- not retrieving.
Remote file no newer than local file ‘./domain/named.cache.sig’ -- not retrieving.
Remote file no newer than local file ‘./domain/named.root’ -- not retrieving.
Remote file no newer than local file ‘./domain/named.root.md5’ -- not retrieving.
Remote file no newer than local file ‘./domain/named.root.sig’ -- not retrieving.
Remote file no newer than local file ‘./domain/root-servers.net.zone’ -- not retrieving.
Remote file no newer than local file ‘./domain/root-servers.net.zone.gz’ -- not retrieving.
Remote file no newer than local file ‘./domain/root-servers.net.zone.gz.md5’ -- not retrieving.
Remote file no newer than local file ‘./domain/root-servers.net.zone.gz.sig’ -- not retrieving.
Remote file is newer than local file ‘./domain/root.zone’ -- retrieving.

--2017-07-26 00:00:53--  ftp://ftp.internic.net/domain/root.zone
           => ‘./domain/root.zone’
==> CWD not required.
--> PASV

227 Entering Passive Mode (192,0,32,9,178,254)
--> RETR root.zone

150 Opening BINARY mode data connection for root.zone (2261514 bytes).
Length: 2261514 (2.2M)

     0K .......... .......... .......... .......... ..........  2% 45.9K 47s
    50K .......... .......... .......... .......... ..........  4% 11.6M 23s
   100K .......... .......... .......... .......... ..........  6% 43.2K 31s
   150K .......... .......... .......... .......... ..........  9% 98.1K 28s
   200K .......... .......... .......... .......... .......... 11% 54.4K 29s
   250K .......... .......... .......... .......... .......... 13% 81.3K 27s
   300K .......... .......... .......... .......... .......... 15% 39.8K 29s
   350K .......... .......... .......... .......... .......... 18%  171K 26s
   400K .......... .......... .......... .......... .......... 20% 70.7K 26s
   450K .......... .......... .......... .......... .......... 22%  102K 24s
   500K .......... .......... .......... .......... .......... 24%  104K 23s
   550K .......... .......... .......... .......... .......... 27% 75.0K 22s
   600K .......... .......... .......... .......... .......... 29% 81.6K 21s
   650K .......... .......... .......... .......... .......... 31% 97.7K 20s
   700K .......... .......... .......... .......... .......... 33% 40.5K 21s
   750K .......... .......... .......... .......... .......... 36% 47.6M 19s
   800K .......... .......... .......... .......... .......... 38% 92.2K 18s
   850K .......... .......... .......... .......... .......... 40% 86.2K 17s
   900K .......... .......... .......... .......... .......... 43% 81.1K 16s
   950K .......... .......... .......... .......... .......... 45% 81.9K 16s
  1000K .......... .......... .......... .......... .......... 47% 81.2K 15s
  1050K .......... .......... .......... .......... .......... 49%  205K 14s
  1100K .......... .......... .......... .......... .......... 52% 86.5K 13s
  1150K .......... .......... .......... .......... .......... 54% 84.5K 13s
  1200K .......... .......... .......... .......... .......... 56%  151K 12s
  1250K .......... .......... .......... .......... .......... 58% 81.6K 11s
  1300K .......... .......... .......... .......... .......... 61% 97.9K 10s
  1350K .......... .......... .......... .......... .......... 63%  140K 10s
  1400K .......... .......... .......... .......... .......... 65%  193K 9s
  1450K .......... .......... .......... .......... .......... 67%  164K 8s
  1500K .......... .......... .......... .......... .......... 70%  160K 7s
  1550K .......... .......... .......... .......... .......... 72%  162K 7s
  1600K .......... .......... .......... .......... .......... 74%  165K 6s
  1650K .......... .......... .......... .......... .......... 76%  236K 6s
  1700K .......... .......... .......... .......... .......... 79%  766K 5s
  1750K .......... .......... .......... .......... .......... 81%  280K 4s
  1800K .......... .......... .......... .......... .......... 83%  724K 4s
  1850K .......... .......... .......... .......... .......... 86%  324K 3s
  1900K .......... .......... .......... .......... .......... 88%  791K 3s
  1950K .......... .......... .......... .......... .......... 90%  339K 2s
  2000K .......... .......... .......... .......... .......... 92%  628K 1s
  2050K .......... .......... .......... .......... .......... 95%  312K 1s
  2100K .......... .......... .......... .......... .......... 97%  915K 1s
  2150K .......... .......... .......... .......... .......... 99%  450K 0s
  2200K ........                                              100%  868K=20s

226 Transfer complete.
2017-07-26 00:01:14 (113 KB/s) - ‘./domain/root.zone’ saved [2261514]

The sizes do not match (local 1061753) -- retrieving.

--2017-07-26 00:01:14--  ftp://ftp.internic.net/domain/root.zone.gz
           => ‘./domain/root.zone.gz’
==> CWD not required.
--> PASV

227 Entering Passive Mode (192,0,32,9,78,50)
--> RETR root.zone.gz

150 Opening BINARY mode data connection for root.zone.gz (1061811 bytes).
Length: 1061811 (1.0M)

     0K .......... .......... .......... .......... ..........  4%  101K 10s
    50K .......... .......... .......... .......... ..........  9%  231K 7s
   100K .......... .......... .......... .......... .......... 14% 1004K 4s
   150K .......... .......... .......... .......... .......... 19%  199K 4s
   200K .......... .......... .......... .......... .......... 24%  161K 4s
   250K .......... .......... .......... .......... .......... 28%  165K 4s
   300K .......... .......... .......... .......... .......... 33% 6.65M 3s
   350K .......... .......... .......... .......... .......... 38%  168K 3s
   400K .......... .......... .......... .......... .......... 43%  187K 3s
   450K .......... .......... .......... .......... .......... 48%  278K 3s
   500K .......... .......... .......... .......... .......... 53%  567K 2s
   550K .......... .......... .......... .......... .......... 57%  275K 2s
   600K .......... .......... .......... .......... .......... 62%  781K 2s
   650K .......... .......... .......... .......... .......... 67%  195K 1s
   700K .......... .......... .......... .......... .......... 72%  165K 1s
   750K .......... .......... .......... .......... .......... 77% 15.0M 1s
   800K .......... .......... .......... .......... .......... 81%  224K 1s
   850K .......... .......... .......... .......... .......... 86% 1.39M 1s
   900K .......... .......... .......... .......... .......... 91%  207K 0s
   950K .......... .......... .......... .......... .......... 96% 9.11M 0s
  1000K .......... .......... .......... ......               100%  123K=4.1s

226 Transfer complete.
2017-07-26 00:01:19 (254 KB/s) - ‘./domain/root.zone.gz’ saved [1061811]

Remote file is newer than local file ‘./domain/root.zone.gz.md5’ -- retrieving.

--2017-07-26 00:01:19--  ftp://ftp.internic.net/domain/root.zone.gz.md5
           => ‘./domain/root.zone.gz.md5’
==> CWD not required.
--> PASV

227 Entering Passive Mode (192,0,32,9,212,205)
--> RETR root.zone.gz.md5

150 Opening BINARY mode data connection for root.zone.gz.md5 (33 bytes).
Length: 33

     0K                                                       100%  732K=0s

226 Transfer complete.
2017-07-26 00:01:21 (732 KB/s) - ‘./domain/root.zone.gz.md5’ saved [33]

Remote file is newer than local file ‘./domain/root.zone.gz.sig’ -- retrieving.

--2017-07-26 00:01:21--  ftp://ftp.internic.net/domain/root.zone.gz.sig
           => ‘./domain/root.zone.gz.sig’
==> CWD not required.
--> PASV

227 Entering Passive Mode (192,0,32,9,251,119)
--> RETR root.zone.gz.sig

150 Opening BINARY mode data connection for root.zone.gz.sig (72 bytes).
Length: 72

     0K                                                       100% 1.60M=0s

226 Transfer complete.
2017-07-26 00:01:22 (1.60 MB/s) - ‘./domain/root.zone.gz.sig’ saved [72]

Remote file is newer than local file ‘./domain/root.zone.md5’ -- retrieving.

--2017-07-26 00:01:22--  ftp://ftp.internic.net/domain/root.zone.md5
           => ‘./domain/root.zone.md5’
==> CWD not required.
--> PASV

227 Entering Passive Mode (192,0,32,9,195,127)
--> RETR root.zone.md5

150 Opening BINARY mode data connection for root.zone.md5 (33 bytes).
Length: 33

     0K                                                       100%  419K=0s

226 Transfer complete.
2017-07-26 00:01:23 (419 KB/s) - ‘./domain/root.zone.md5’ saved [33]

Remote file is newer than local file ‘./domain/root.zone.sig’ -- retrieving.

--2017-07-26 00:01:23--  ftp://ftp.internic.net/domain/root.zone.sig
           => ‘./domain/root.zone.sig’
==> CWD not required.
--> PASV

227 Entering Passive Mode (192,0,32,9,171,194)
--> RETR root.zone.sig

150 Opening BINARY mode data connection for root.zone.sig (72 bytes).
Length: 72

     0K                                                       100% 65.7K=0.001s

226 Transfer complete.
2017-07-26 00:01:24 (65.7 KB/s) - ‘./domain/root.zone.sig’ saved [72]

FINISHED --2017-07-26 00:01:24--
Total wall clock time: 1m 21s
Downloaded: 40 files, 4.0M in 31s (132 KB/s)
