--2017-07-14 00:00:02--  ftp://ftp.internic.net/*
           => ‘./.listing’
Resolving ftp.internic.net (ftp.internic.net)... 192.0.32.9, 2620:0:2d0:200::9
Connecting to ftp.internic.net (ftp.internic.net)|192.0.32.9|:21... connected.
Logging in as anonymous ... 
220 Internic FTP Server
--> USER anonymous

331 Please specify the password.
--> PASS Turtle Power!

230 Login successful.
--> SYST

215 UNIX Type: L8
--> PWD

257 "/"
--> TYPE I

200 Switching to Binary mode.
==> CWD not needed.
--> PASV

227 Entering Passive Mode (192,0,32,9,97,75)
--> LIST -a

150 Here comes the directory listing.

     0K                                                         680K=0s

226 Directory send OK.
drwxr-xr-x    3 ftp      ftp          4096 Apr 04  2012 .
drwxr-xr-x    3 ftp      ftp          4096 Apr 04  2012 ..
drwxr-xr-x    2 ftp      ftp          4096 Sep 09  2015 domain
2017-07-14 00:00:06 (680 KB/s) - ‘./.listing’ saved [183]

--2017-07-14 00:00:06--  ftp://ftp.internic.net/domain/*
           => ‘./domain/.listing’
--> CWD /domain

250 Directory successfully changed.
--> PASV

227 Entering Passive Mode (192,0,32,9,42,202)
--> LIST -a

150 Here comes the directory listing.

     0K ...                                                    11.9M=0s

226 Directory send OK.
drwxr-xr-x    2 ftp      ftp          4096 Sep 09  2015 .
drwxr-xr-x    3 ftp      ftp          4096 Apr 04  2012 ..
-rw-r--r--    1 ftp      ftp          1829 Aug 18  2015 .listing
-rw-r--r--    1 ftp      ftp          1224 Jul 13 12:21 INTERNIC_ROOT_ZONE.signatures
-rw-r--r--    1 ftp      ftp          1469 Jul 13 12:21 INTERNIC_ROOT_ZONE.signatures.asc
-rw-r--r--    1 ftp      ftp         15228 Jul 13 12:21 arpa.zone
-rw-r--r--    1 ftp      ftp          6640 Jul 13 12:21 arpa.zone.gz
-rw-r--r--    1 ftp      ftp            33 Jul 13 12:21 arpa.zone.gz.md5
-rw-r--r--    1 ftp      ftp            72 Jul 13 12:21 arpa.zone.gz.sig
-rw-r--r--    1 ftp      ftp          3289 Jun 01 15:27 db.cache
-rw-r--r--    1 ftp      ftp            33 Jun 01 15:27 db.cache.md5
-rw-r--r--    1 ftp      ftp            72 Jun 01 15:27 db.cache.sig
-rw-r--r--    1 ftp      ftp        228558 Jul 13 15:40 in-addr.arpa
-rw-r--r--    1 ftp      ftp         90675 Jul 13 15:40 in-addr.arpa.gz
-rw-r--r--    1 ftp      ftp            55 Jul 13 15:40 in-addr.arpa.gz.md5
-rw-r--r--    1 ftp      ftp            90 Jul 13 15:40 in-addr.arpa.gz.sha256
-rw-r--r--    1 ftp      ftp            52 Jul 13 15:40 in-addr.arpa.md5
-rw-r--r--    1 ftp      ftp            87 Jul 13 15:40 in-addr.arpa.sha256
-rw-r--r--    1 ftp      ftp        228558 Jul 13 15:40 in-addr.arpa.zone
-rw-r--r--    1 ftp      ftp         90675 Jul 13 15:40 in-addr.arpa.zone.gz
-rw-r--r--    1 ftp      ftp            60 Jul 13 15:40 in-addr.arpa.zone.gz.md5
-rw-r--r--    1 ftp      ftp            95 Jul 13 15:40 in-addr.arpa.zone.gz.sha256
-rw-r--r--    1 ftp      ftp            57 Jul 13 15:40 in-addr.arpa.zone.md5
-rw-r--r--    1 ftp      ftp            92 Jul 13 15:40 in-addr.arpa.zone.sha256
-rw-r--r--    1 ftp      ftp         61264 Jul 13 15:40 ip6.arpa
-rw-r--r--    1 ftp      ftp         24336 Jul 13 15:40 ip6.arpa.gz
-rw-r--r--    1 ftp      ftp            51 Jul 13 15:40 ip6.arpa.gz.md5
-rw-r--r--    1 ftp      ftp            86 Jul 13 15:40 ip6.arpa.gz.sha256
-rw-r--r--    1 ftp      ftp            48 Jul 13 15:40 ip6.arpa.md5
-rw-r--r--    1 ftp      ftp            83 Jul 13 15:40 ip6.arpa.sha256
-rw-r--r--    1 ftp      ftp         61264 Jul 13 15:40 ip6.arpa.zone
-rw-r--r--    1 ftp      ftp         24336 Jul 13 15:40 ip6.arpa.zone.gz
-rw-r--r--    1 ftp      ftp            56 Jul 13 15:40 ip6.arpa.zone.gz.md5
-rw-r--r--    1 ftp      ftp            91 Jul 13 15:40 ip6.arpa.zone.gz.sha256
-rw-r--r--    1 ftp      ftp            53 Jul 13 15:40 ip6.arpa.zone.md5
-rw-r--r--    1 ftp      ftp            88 Jul 13 15:40 ip6.arpa.zone.sha256
-rw-r--r--    1 ftp      ftp            21 Jul 13 15:40 last_update.txt
-rw-r--r--    1 ftp      ftp          3289 Jun 01 15:27 named.cache
-rw-r--r--    1 ftp      ftp            33 Jun 01 15:27 named.cache.md5
-rw-r--r--    1 ftp      ftp            72 Jun 01 15:27 named.cache.sig
-rw-r--r--    1 ftp      ftp          3289 Jun 01 15:27 named.root
-rw-r--r--    1 ftp      ftp            33 Jun 01 15:27 named.root.md5
-rw-r--r--    1 ftp      ftp            72 Jun 01 15:27 named.root.sig
-rw-r--r--    1 ftp      ftp          2111 Jun 01 15:27 root-servers.net.zone
-rw-r--r--    1 ftp      ftp           575 Jun 01 15:27 root-servers.net.zone.gz
-rw-r--r--    1 ftp      ftp            33 Jun 01 15:27 root-servers.net.zone.gz.md5
-rw-r--r--    1 ftp      ftp            72 Jun 01 15:27 root-servers.net.zone.gz.sig
-rw-r--r--    1 ftp      ftp       2260732 Jul 13 05:54 root.zone
-rw-r--r--    1 ftp      ftp       1061382 Jul 13 05:54 root.zone.gz
-rw-r--r--    1 ftp      ftp            33 Jul 13 05:54 root.zone.gz.md5
-rw-r--r--    1 ftp      ftp            72 Jul 13 05:54 root.zone.gz.sig
-rw-r--r--    1 ftp      ftp            33 Jul 13 05:54 root.zone.md5
-rw-r--r--    1 ftp      ftp            72 Jul 13 05:54 root.zone.sig
2017-07-14 00:00:08 (11.9 MB/s) - ‘./domain/.listing’ saved [3930]

The sizes do not match (local 3930) -- retrieving.

--2017-07-14 00:00:08--  ftp://ftp.internic.net/domain/.listing
           => ‘./domain/.listing’
==> CWD not required.
--> PASV

227 Entering Passive Mode (192,0,32,9,176,112)
--> RETR .listing

150 Opening BINARY mode data connection for .listing (1829 bytes).
Length: 1829 (1.8K)

     0K .                                                     100%  800K=0.002s

226 Transfer complete.
2017-07-14 00:00:09 (800 KB/s) - ‘./domain/.listing’ saved [1829]

Remote file is newer than local file ‘./domain/INTERNIC_ROOT_ZONE.signatures’ -- retrieving.

--2017-07-14 00:00:09--  ftp://ftp.internic.net/domain/INTERNIC_ROOT_ZONE.signatures
           => ‘./domain/INTERNIC_ROOT_ZONE.signatures’
==> CWD not required.
--> PASV

227 Entering Passive Mode (192,0,32,9,41,179)
--> RETR INTERNIC_ROOT_ZONE.signatures

150 Opening BINARY mode data connection for INTERNIC_ROOT_ZONE.signatures (1224 bytes).
Length: 1224 (1.2K)

     0K .                                                     100% 25.9M=0s

226 Transfer complete.
2017-07-14 00:00:10 (25.9 MB/s) - ‘./domain/INTERNIC_ROOT_ZONE.signatures’ saved [1224]

Remote file is newer than local file ‘./domain/INTERNIC_ROOT_ZONE.signatures.asc’ -- retrieving.

--2017-07-14 00:00:10--  ftp://ftp.internic.net/domain/INTERNIC_ROOT_ZONE.signatures.asc
           => ‘./domain/INTERNIC_ROOT_ZONE.signatures.asc’
==> CWD not required.
--> PASV

227 Entering Passive Mode (192,0,32,9,94,254)
--> RETR INTERNIC_ROOT_ZONE.signatures.asc

150 Opening BINARY mode data connection for INTERNIC_ROOT_ZONE.signatures.asc (1469 bytes).
Length: 1469 (1.4K)

     0K .                                                     100% 10.6M=0s

226 Transfer complete.
2017-07-14 00:00:11 (10.6 MB/s) - ‘./domain/INTERNIC_ROOT_ZONE.signatures.asc’ saved [1469]

Remote file is newer than local file ‘./domain/arpa.zone’ -- retrieving.

--2017-07-14 00:00:11--  ftp://ftp.internic.net/domain/arpa.zone
           => ‘./domain/arpa.zone’
==> CWD not required.
--> PASV

227 Entering Passive Mode (192,0,32,9,35,228)
--> RETR arpa.zone

150 Opening BINARY mode data connection for arpa.zone (15228 bytes).
Length: 15228 (15K)

     0K .......... ....                                       100% 1.16M=0.01s

226 Transfer complete.
2017-07-14 00:00:12 (1.16 MB/s) - ‘./domain/arpa.zone’ saved [15228]

The sizes do not match (local 6646) -- retrieving.

--2017-07-14 00:00:12--  ftp://ftp.internic.net/domain/arpa.zone.gz
           => ‘./domain/arpa.zone.gz’
==> CWD not required.
--> PASV

227 Entering Passive Mode (192,0,32,9,153,206)
--> RETR arpa.zone.gz

150 Opening BINARY mode data connection for arpa.zone.gz (6640 bytes).
Length: 6640 (6.5K)

     0K ......                                                100% 50.3M=0s

226 Transfer complete.
2017-07-14 00:00:13 (50.3 MB/s) - ‘./domain/arpa.zone.gz’ saved [6640]

Remote file is newer than local file ‘./domain/arpa.zone.gz.md5’ -- retrieving.

--2017-07-14 00:00:13--  ftp://ftp.internic.net/domain/arpa.zone.gz.md5
           => ‘./domain/arpa.zone.gz.md5’
==> CWD not required.
--> PASV

227 Entering Passive Mode (192,0,32,9,209,108)
--> RETR arpa.zone.gz.md5

150 Opening BINARY mode data connection for arpa.zone.gz.md5 (33 bytes).
Length: 33

     0K                                                       100%  262K=0s

226 Transfer complete.
2017-07-14 00:00:15 (262 KB/s) - ‘./domain/arpa.zone.gz.md5’ saved [33]

Remote file is newer than local file ‘./domain/arpa.zone.gz.sig’ -- retrieving.

--2017-07-14 00:00:15--  ftp://ftp.internic.net/domain/arpa.zone.gz.sig
           => ‘./domain/arpa.zone.gz.sig’
==> CWD not required.
--> PASV

227 Entering Passive Mode (192,0,32,9,215,237)
--> RETR arpa.zone.gz.sig

150 Opening BINARY mode data connection for arpa.zone.gz.sig (72 bytes).
Length: 72

     0K                                                       100%  567K=0s

226 Transfer complete.
2017-07-14 00:00:16 (567 KB/s) - ‘./domain/arpa.zone.gz.sig’ saved [72]

Remote file no newer than local file ‘./domain/db.cache’ -- not retrieving.
Remote file no newer than local file ‘./domain/db.cache.md5’ -- not retrieving.
Remote file no newer than local file ‘./domain/db.cache.sig’ -- not retrieving.
The sizes do not match (local 228753) -- retrieving.

--2017-07-14 00:00:16--  ftp://ftp.internic.net/domain/in-addr.arpa
           => ‘./domain/in-addr.arpa’
==> CWD not required.
--> PASV

227 Entering Passive Mode (192,0,32,9,13,176)
--> RETR in-addr.arpa

150 Opening BINARY mode data connection for in-addr.arpa (228558 bytes).
Length: 228558 (223K)

     0K .......... .......... .......... .......... .......... 22% 89.8K 2s
    50K .......... .......... .......... .......... .......... 44% 86.4K 1s
   100K .......... .......... .......... .......... .......... 67% 82.6K 1s
   150K .......... .......... .......... .......... .......... 89% 81.6K 0s
   200K .......... .......... ...                             100% 10.0M=2.4s

226 Transfer complete.
2017-07-14 00:00:20 (94.8 KB/s) - ‘./domain/in-addr.arpa’ saved [228558]

The sizes do not match (local 90712) -- retrieving.

--2017-07-14 00:00:20--  ftp://ftp.internic.net/domain/in-addr.arpa.gz
           => ‘./domain/in-addr.arpa.gz’
==> CWD not required.
--> PASV

227 Entering Passive Mode (192,0,32,9,41,212)
--> RETR in-addr.arpa.gz

150 Opening BINARY mode data connection for in-addr.arpa.gz (90672 bytes).
Length: 90675 (89K)

     0K .......... .......... .......... .......... .......... 56% 81.5K 0s
    50K .......... .......... .......... ........              99% 62.7K=1.2s

226 Transfer complete.
2017-07-14 00:00:22 (72.1 KB/s) - ‘./domain/in-addr.arpa.gz’ saved [90672]

Remote file is newer than local file ‘./domain/in-addr.arpa.gz.md5’ -- retrieving.

--2017-07-14 00:00:22--  ftp://ftp.internic.net/domain/in-addr.arpa.gz.md5
           => ‘./domain/in-addr.arpa.gz.md5’
==> CWD not required.
--> PASV

227 Entering Passive Mode (192,0,32,9,77,106)
--> RETR in-addr.arpa.gz.md5

150 Opening BINARY mode data connection for in-addr.arpa.gz.md5 (55 bytes).
Length: 55

     0K                                                       100%  778K=0s

226 Transfer complete.
2017-07-14 00:00:23 (778 KB/s) - ‘./domain/in-addr.arpa.gz.md5’ saved [55]

Remote file is newer than local file ‘./domain/in-addr.arpa.gz.sha256’ -- retrieving.

--2017-07-14 00:00:23--  ftp://ftp.internic.net/domain/in-addr.arpa.gz.sha256
           => ‘./domain/in-addr.arpa.gz.sha256’
==> CWD not required.
--> PASV

227 Entering Passive Mode (192,0,32,9,42,39)
--> RETR in-addr.arpa.gz.sha256

150 Opening BINARY mode data connection for in-addr.arpa.gz.sha256 (90 bytes).
Length: 90

     0K                                                       100% 1.16M=0s

226 Transfer complete.
2017-07-14 00:00:24 (1.16 MB/s) - ‘./domain/in-addr.arpa.gz.sha256’ saved [90]

Remote file is newer than local file ‘./domain/in-addr.arpa.md5’ -- retrieving.

--2017-07-14 00:00:25--  ftp://ftp.internic.net/domain/in-addr.arpa.md5
           => ‘./domain/in-addr.arpa.md5’
==> CWD not required.
--> PASV

227 Entering Passive Mode (192,0,32,9,35,179)
--> RETR in-addr.arpa.md5

150 Opening BINARY mode data connection for in-addr.arpa.md5 (52 bytes).
Length: 52

     0K                                                       100% 1.06M=0s

226 Transfer complete.
2017-07-14 00:00:26 (1.06 MB/s) - ‘./domain/in-addr.arpa.md5’ saved [52]

Remote file is newer than local file ‘./domain/in-addr.arpa.sha256’ -- retrieving.

--2017-07-14 00:00:26--  ftp://ftp.internic.net/domain/in-addr.arpa.sha256
           => ‘./domain/in-addr.arpa.sha256’
==> CWD not required.
--> PASV

227 Entering Passive Mode (192,0,32,9,42,141)
--> RETR in-addr.arpa.sha256

150 Opening BINARY mode data connection for in-addr.arpa.sha256 (87 bytes).
Length: 87

     0K                                                       100% 60.6K=0.001s

226 Transfer complete.
2017-07-14 00:00:27 (60.6 KB/s) - ‘./domain/in-addr.arpa.sha256’ saved [87]

The sizes do not match (local 228753) -- retrieving.

--2017-07-14 00:00:27--  ftp://ftp.internic.net/domain/in-addr.arpa.zone
           => ‘./domain/in-addr.arpa.zone’
==> CWD not required.
--> PASV

227 Entering Passive Mode (192,0,32,9,238,228)
--> RETR in-addr.arpa.zone

150 Opening BINARY mode data connection for in-addr.arpa.zone (228558 bytes).
Length: 228558 (223K)

     0K .......... .......... .......... .......... .......... 22% 93.4K 2s
    50K .......... .......... .......... .......... .......... 44% 79.8K 1s
   100K .......... .......... .......... .......... .......... 67% 87.0K 1s
   150K .......... .......... .......... .......... .......... 89% 81.4K 0s
   200K .......... .......... ...                             100% 12.7M=2.4s

226 Transfer complete.
2017-07-14 00:00:30 (94.9 KB/s) - ‘./domain/in-addr.arpa.zone’ saved [228558]

The sizes do not match (local 90712) -- retrieving.

--2017-07-14 00:00:30--  ftp://ftp.internic.net/domain/in-addr.arpa.zone.gz
           => ‘./domain/in-addr.arpa.zone.gz’
==> CWD not required.
--> PASV

227 Entering Passive Mode (192,0,32,9,42,26)
--> RETR in-addr.arpa.zone.gz

150 Opening BINARY mode data connection for in-addr.arpa.zone.gz (90672 bytes).
Length: 90675 (89K)

     0K .......... .......... .......... .......... .......... 56% 80.4K 0s
    50K .......... .......... .......... ........              99% 63.7K=1.2s

226 Transfer complete.
2017-07-14 00:00:33 (72.1 KB/s) - ‘./domain/in-addr.arpa.zone.gz’ saved [90672]

Remote file is newer than local file ‘./domain/in-addr.arpa.zone.gz.md5’ -- retrieving.

--2017-07-14 00:00:33--  ftp://ftp.internic.net/domain/in-addr.arpa.zone.gz.md5
           => ‘./domain/in-addr.arpa.zone.gz.md5’
==> CWD not required.
--> PASV

227 Entering Passive Mode (192,0,32,9,166,91)
--> RETR in-addr.arpa.zone.gz.md5

150 Opening BINARY mode data connection for in-addr.arpa.zone.gz.md5 (60 bytes).
Length: 60

     0K                                                       100% 1010K=0s

226 Transfer complete.
2017-07-14 00:00:34 (1010 KB/s) - ‘./domain/in-addr.arpa.zone.gz.md5’ saved [60]

Remote file is newer than local file ‘./domain/in-addr.arpa.zone.gz.sha256’ -- retrieving.

--2017-07-14 00:00:34--  ftp://ftp.internic.net/domain/in-addr.arpa.zone.gz.sha256
           => ‘./domain/in-addr.arpa.zone.gz.sha256’
==> CWD not required.
--> PASV

227 Entering Passive Mode (192,0,32,9,125,208)
--> RETR in-addr.arpa.zone.gz.sha256

150 Opening BINARY mode data connection for in-addr.arpa.zone.gz.sha256 (95 bytes).
Length: 95

     0K                                                       100% 1.02M=0s

226 Transfer complete.
2017-07-14 00:00:35 (1.02 MB/s) - ‘./domain/in-addr.arpa.zone.gz.sha256’ saved [95]

Remote file is newer than local file ‘./domain/in-addr.arpa.zone.md5’ -- retrieving.

--2017-07-14 00:00:35--  ftp://ftp.internic.net/domain/in-addr.arpa.zone.md5
           => ‘./domain/in-addr.arpa.zone.md5’
==> CWD not required.
--> PASV

227 Entering Passive Mode (192,0,32,9,201,3)
--> RETR in-addr.arpa.zone.md5

150 Opening BINARY mode data connection for in-addr.arpa.zone.md5 (57 bytes).
Length: 57

     0K                                                       100%  449K=0s

226 Transfer complete.
2017-07-14 00:00:36 (449 KB/s) - ‘./domain/in-addr.arpa.zone.md5’ saved [57]

Remote file is newer than local file ‘./domain/in-addr.arpa.zone.sha256’ -- retrieving.

--2017-07-14 00:00:36--  ftp://ftp.internic.net/domain/in-addr.arpa.zone.sha256
           => ‘./domain/in-addr.arpa.zone.sha256’
==> CWD not required.
--> PASV

227 Entering Passive Mode (192,0,32,9,42,23)
--> RETR in-addr.arpa.zone.sha256

150 Opening BINARY mode data connection for in-addr.arpa.zone.sha256 (92 bytes).
Length: 92

     0K                                                       100% 1.20M=0s

226 Transfer complete.
2017-07-14 00:00:38 (1.20 MB/s) - ‘./domain/in-addr.arpa.zone.sha256’ saved [92]

Remote file is newer than local file ‘./domain/ip6.arpa’ -- retrieving.

--2017-07-14 00:00:38--  ftp://ftp.internic.net/domain/ip6.arpa
           => ‘./domain/ip6.arpa’
==> CWD not required.
--> PASV

227 Entering Passive Mode (192,0,32,9,42,240)
--> RETR ip6.arpa

150 Opening BINARY mode data connection for ip6.arpa (61264 bytes).
Length: 61264 (60K)

     0K .......... .......... .......... .......... .......... 83% 81.4K 0s
    50K .........                                             100% 48.7M=0.6s

226 Transfer complete.
2017-07-14 00:00:40 (97.4 KB/s) - ‘./domain/ip6.arpa’ saved [61264]

The sizes do not match (local 24329) -- retrieving.

--2017-07-14 00:00:40--  ftp://ftp.internic.net/domain/ip6.arpa.gz
           => ‘./domain/ip6.arpa.gz’
==> CWD not required.
--> PASV

227 Entering Passive Mode (192,0,32,9,127,34)
--> RETR ip6.arpa.gz

150 Opening BINARY mode data connection for ip6.arpa.gz (24336 bytes).
Length: 24336 (24K)

     0K .......... .......... ...                             100% 77.5K=0.3s

226 Transfer complete.
2017-07-14 00:00:41 (77.5 KB/s) - ‘./domain/ip6.arpa.gz’ saved [24336]

Remote file is newer than local file ‘./domain/ip6.arpa.gz.md5’ -- retrieving.

--2017-07-14 00:00:41--  ftp://ftp.internic.net/domain/ip6.arpa.gz.md5
           => ‘./domain/ip6.arpa.gz.md5’
==> CWD not required.
--> PASV

227 Entering Passive Mode (192,0,32,9,191,175)
--> RETR ip6.arpa.gz.md5

150 Opening BINARY mode data connection for ip6.arpa.gz.md5 (51 bytes).
Length: 51

     0K                                                       100%  457K=0s

226 Transfer complete.
2017-07-14 00:00:42 (457 KB/s) - ‘./domain/ip6.arpa.gz.md5’ saved [51]

Remote file is newer than local file ‘./domain/ip6.arpa.gz.sha256’ -- retrieving.

--2017-07-14 00:00:42--  ftp://ftp.internic.net/domain/ip6.arpa.gz.sha256
           => ‘./domain/ip6.arpa.gz.sha256’
==> CWD not required.
--> PASV

227 Entering Passive Mode (192,0,32,9,80,74)
--> RETR ip6.arpa.gz.sha256

150 Opening BINARY mode data connection for ip6.arpa.gz.sha256 (86 bytes).
Length: 86

     0K                                                       100% 1.07M=0s

226 Transfer complete.
2017-07-14 00:00:43 (1.07 MB/s) - ‘./domain/ip6.arpa.gz.sha256’ saved [86]

Remote file is newer than local file ‘./domain/ip6.arpa.md5’ -- retrieving.

--2017-07-14 00:00:43--  ftp://ftp.internic.net/domain/ip6.arpa.md5
           => ‘./domain/ip6.arpa.md5’
==> CWD not required.
--> PASV

227 Entering Passive Mode (192,0,32,9,41,179)
--> RETR ip6.arpa.md5

150 Opening BINARY mode data connection for ip6.arpa.md5 (48 bytes).
Length: 48

     0K                                                       100% 55.4K=0.001s

226 Transfer complete.
2017-07-14 00:00:44 (55.4 KB/s) - ‘./domain/ip6.arpa.md5’ saved [48]

Remote file is newer than local file ‘./domain/ip6.arpa.sha256’ -- retrieving.

--2017-07-14 00:00:44--  ftp://ftp.internic.net/domain/ip6.arpa.sha256
           => ‘./domain/ip6.arpa.sha256’
==> CWD not required.
--> PASV

227 Entering Passive Mode (192,0,32,9,178,223)
--> RETR ip6.arpa.sha256

150 Opening BINARY mode data connection for ip6.arpa.sha256 (83 bytes).
Length: 83

     0K                                                       100% 1.76M=0s

226 Transfer complete.
2017-07-14 00:00:46 (1.76 MB/s) - ‘./domain/ip6.arpa.sha256’ saved [83]

Remote file is newer than local file ‘./domain/ip6.arpa.zone’ -- retrieving.

--2017-07-14 00:00:46--  ftp://ftp.internic.net/domain/ip6.arpa.zone
           => ‘./domain/ip6.arpa.zone’
==> CWD not required.
--> PASV

227 Entering Passive Mode (192,0,32,9,71,173)
--> RETR ip6.arpa.zone

150 Opening BINARY mode data connection for ip6.arpa.zone (61264 bytes).
Length: 61264 (60K)

     0K .......... .......... .......... .......... .......... 83% 80.8K 0s
    50K .........                                             100% 61.5M=0.6s

226 Transfer complete.
2017-07-14 00:00:47 (96.7 KB/s) - ‘./domain/ip6.arpa.zone’ saved [61264]

The sizes do not match (local 24329) -- retrieving.

--2017-07-14 00:00:47--  ftp://ftp.internic.net/domain/ip6.arpa.zone.gz
           => ‘./domain/ip6.arpa.zone.gz’
==> CWD not required.
--> PASV

227 Entering Passive Mode (192,0,32,9,236,187)
--> RETR ip6.arpa.zone.gz

150 Opening BINARY mode data connection for ip6.arpa.zone.gz (24336 bytes).
Length: 24336 (24K)

     0K .......... .......... ...                             100% 68.8K=0.3s

226 Transfer complete.
2017-07-14 00:00:49 (68.8 KB/s) - ‘./domain/ip6.arpa.zone.gz’ saved [24336]

Remote file is newer than local file ‘./domain/ip6.arpa.zone.gz.md5’ -- retrieving.

--2017-07-14 00:00:49--  ftp://ftp.internic.net/domain/ip6.arpa.zone.gz.md5
           => ‘./domain/ip6.arpa.zone.gz.md5’
==> CWD not required.
--> PASV

227 Entering Passive Mode (192,0,32,9,42,221)
--> RETR ip6.arpa.zone.gz.md5

150 Opening BINARY mode data connection for ip6.arpa.zone.gz.md5 (56 bytes).
Length: 56

     0K                                                       100%  309K=0s

226 Transfer complete.
2017-07-14 00:00:50 (309 KB/s) - ‘./domain/ip6.arpa.zone.gz.md5’ saved [56]

Remote file is newer than local file ‘./domain/ip6.arpa.zone.gz.sha256’ -- retrieving.

--2017-07-14 00:00:50--  ftp://ftp.internic.net/domain/ip6.arpa.zone.gz.sha256
           => ‘./domain/ip6.arpa.zone.gz.sha256’
==> CWD not required.
--> PASV

227 Entering Passive Mode (192,0,32,9,208,61)
--> RETR ip6.arpa.zone.gz.sha256

150 Opening BINARY mode data connection for ip6.arpa.zone.gz.sha256 (91 bytes).
Length: 91

     0K                                                       100%  760K=0s

226 Transfer complete.
2017-07-14 00:00:51 (760 KB/s) - ‘./domain/ip6.arpa.zone.gz.sha256’ saved [91]

Remote file is newer than local file ‘./domain/ip6.arpa.zone.md5’ -- retrieving.

--2017-07-14 00:00:51--  ftp://ftp.internic.net/domain/ip6.arpa.zone.md5
           => ‘./domain/ip6.arpa.zone.md5’
==> CWD not required.
--> PASV

227 Entering Passive Mode (192,0,32,9,247,77)
--> RETR ip6.arpa.zone.md5

150 Opening BINARY mode data connection for ip6.arpa.zone.md5 (53 bytes).
Length: 53

     0K                                                       100% 1.12M=0s

226 Transfer complete.
2017-07-14 00:00:52 (1.12 MB/s) - ‘./domain/ip6.arpa.zone.md5’ saved [53]

Remote file is newer than local file ‘./domain/ip6.arpa.zone.sha256’ -- retrieving.

--2017-07-14 00:00:52--  ftp://ftp.internic.net/domain/ip6.arpa.zone.sha256
           => ‘./domain/ip6.arpa.zone.sha256’
==> CWD not required.
--> PASV

227 Entering Passive Mode (192,0,32,9,205,13)
--> RETR ip6.arpa.zone.sha256

150 Opening BINARY mode data connection for ip6.arpa.zone.sha256 (88 bytes).
Length: 88

     0K                                                       100% 1.95M=0s

226 Transfer complete.
2017-07-14 00:00:53 (1.95 MB/s) - ‘./domain/ip6.arpa.zone.sha256’ saved [88]

Remote file is newer than local file ‘./domain/last_update.txt’ -- retrieving.

--2017-07-14 00:00:53--  ftp://ftp.internic.net/domain/last_update.txt
           => ‘./domain/last_update.txt’
==> CWD not required.
--> PASV

227 Entering Passive Mode (192,0,32,9,94,174)
--> RETR last_update.txt

150 Opening BINARY mode data connection for last_update.txt (21 bytes).
Length: 21

     0K                                                       100%  128K=0s

226 Transfer complete.
2017-07-14 00:00:54 (128 KB/s) - ‘./domain/last_update.txt’ saved [21]

Remote file no newer than local file ‘./domain/named.cache’ -- not retrieving.
Remote file no newer than local file ‘./domain/named.cache.md5’ -- not retrieving.
Remote file no newer than local file ‘./domain/named.cache.sig’ -- not retrieving.
Remote file no newer than local file ‘./domain/named.root’ -- not retrieving.
Remote file no newer than local file ‘./domain/named.root.md5’ -- not retrieving.
Remote file no newer than local file ‘./domain/named.root.sig’ -- not retrieving.
Remote file no newer than local file ‘./domain/root-servers.net.zone’ -- not retrieving.
Remote file no newer than local file ‘./domain/root-servers.net.zone.gz’ -- not retrieving.
Remote file no newer than local file ‘./domain/root-servers.net.zone.gz.md5’ -- not retrieving.
Remote file no newer than local file ‘./domain/root-servers.net.zone.gz.sig’ -- not retrieving.
The sizes do not match (local 2260566) -- retrieving.

--2017-07-14 00:00:54--  ftp://ftp.internic.net/domain/root.zone
           => ‘./domain/root.zone’
==> CWD not required.
--> PASV

227 Entering Passive Mode (192,0,32,9,143,159)
--> RETR root.zone

150 Opening BINARY mode data connection for root.zone (2260732 bytes).
Length: 2260732 (2.2M)

     0K .......... .......... .......... .......... ..........  2% 97.6K 22s
    50K .......... .......... .......... .......... ..........  4%  111K 20s
   100K .......... .......... .......... .......... ..........  6%  105K 20s
   150K .......... .......... .......... .......... ..........  9%  155K 18s
   200K .......... .......... .......... .......... .......... 11%  145K 16s
   250K .......... .......... .......... .......... .......... 13%  121K 16s
   300K .......... .......... .......... .......... .......... 15%  211K 15s
   350K .......... .......... .......... .......... .......... 18%  214K 13s
   400K .......... .......... .......... .......... .......... 20%  225K 13s
   450K .......... .......... .......... .......... .......... 22% 86.1K 13s
   500K .......... .......... .......... .......... .......... 24%  223K 12s
   550K .......... .......... .......... .......... .......... 27% 1.33M 11s
   600K .......... .......... .......... .......... .......... 29%  195K 10s
   650K .......... .......... .......... .......... .......... 31% 68.4K 11s
   700K .......... .......... .......... .......... .......... 33% 50.7M 10s
   750K .......... .......... .......... .......... .......... 36% 47.0M 9s
   800K .......... .......... .......... .......... .......... 38% 1.29M 8s
   850K .......... .......... .......... .......... .......... 40%  225K 8s
   900K .......... .......... .......... .......... .......... 43%  209K 7s
   950K .......... .......... .......... .......... .......... 45%  211K 7s
  1000K .......... .......... .......... .......... .......... 47%  246K 7s
  1050K .......... .......... .......... .......... .......... 49%  244K 6s
  1100K .......... .......... .......... .......... .......... 52%  237K 6s
  1150K .......... .......... .......... .......... .......... 54%  198K 6s
  1200K .......... .......... .......... .......... .......... 56% 35.2M 5s
  1250K .......... .......... .......... .......... .......... 58%  235K 5s
  1300K .......... .......... .......... .......... .......... 61%  236K 4s
  1350K .......... .......... .......... .......... .......... 63%  228K 4s
  1400K .......... .......... .......... .......... .......... 65%  180K 4s
  1450K .......... .......... .......... .......... .......... 67%  214K 4s
  1500K .......... .......... .......... .......... .......... 70%  170K 3s
  1550K .......... .......... .......... .......... .......... 72%  167K 3s
  1600K .......... .......... .......... .......... .......... 74%  159K 3s
  1650K .......... .......... .......... .......... .......... 77%  167K 3s
  1700K .......... .......... .......... .......... .......... 79%  149K 2s
  1750K .......... .......... .......... .......... .......... 81% 40.5M 2s
  1800K .......... .......... .......... .......... .......... 83%  162K 2s
  1850K .......... .......... .......... .......... .......... 86%  193K 2s
  1900K .......... .......... .......... .......... .......... 88%  216K 1s
  1950K .......... .......... .......... .......... .......... 90% 41.3K 1s
  2000K .......... .......... .......... .......... .......... 92%  284K 1s
  2050K .......... .......... .......... .......... .......... 95%  260K 1s
  2100K .......... .......... .......... .......... .......... 97%  213K 0s
  2150K .......... .......... .......... .......... .......... 99%  225K 0s
  2200K .......                                               100% 2.11M=12s

226 Transfer complete.
2017-07-14 00:01:07 (181 KB/s) - ‘./domain/root.zone’ saved [2260732]

The sizes do not match (local 1061281) -- retrieving.

--2017-07-14 00:01:07--  ftp://ftp.internic.net/domain/root.zone.gz
           => ‘./domain/root.zone.gz’
==> CWD not required.
--> PASV

227 Entering Passive Mode (192,0,32,9,6,38)
--> RETR root.zone.gz

150 Opening BINARY mode data connection for root.zone.gz (1061382 bytes).
Length: 1061382 (1.0M)

     0K .......... .......... .......... .......... ..........  4%  111K 9s
    50K .......... .......... .......... .......... ..........  9%  180K 7s
   100K .......... .......... .......... .......... .......... 14%  213K 6s
   150K .......... .......... .......... .......... .......... 19%  177K 5s
   200K .......... .......... .......... .......... .......... 24%  163K 5s
   250K .......... .......... .......... .......... .......... 28%  165K 5s
   300K .......... .......... .......... .......... .......... 33%  160K 4s
   350K .......... .......... .......... .......... .......... 38%  169K 4s
   400K .......... .......... .......... .......... .......... 43%  166K 4s
   450K .......... .......... .......... .......... .......... 48%  157K 3s
   500K .......... .......... .......... .......... .......... 53%  165K 3s
   550K .......... .......... .......... .......... .......... 57% 7.44M 2s
   600K .......... .......... .......... .......... .......... 62%  210K 2s
   650K .......... .......... .......... .......... .......... 67%  184K 2s
   700K .......... .......... .......... .......... .......... 72% 2.99M 1s
   750K .......... .......... .......... .......... .......... 77%  173K 1s
   800K .......... .......... .......... .......... .......... 82%  225K 1s
   850K .......... .......... .......... .......... .......... 86% 1.26M 1s
   900K .......... .......... .......... .......... .......... 91%  194K 0s
   950K .......... .......... .......... .......... .......... 96% 16.3M 0s
  1000K .......... .......... .......... ......               100%  122K=5.0s

226 Transfer complete.
2017-07-14 00:01:14 (206 KB/s) - ‘./domain/root.zone.gz’ saved [1061382]

Remote file is newer than local file ‘./domain/root.zone.gz.md5’ -- retrieving.

--2017-07-14 00:01:14--  ftp://ftp.internic.net/domain/root.zone.gz.md5
           => ‘./domain/root.zone.gz.md5’
==> CWD not required.
--> PASV

227 Entering Passive Mode (192,0,32,9,213,50)
--> RETR root.zone.gz.md5

150 Opening BINARY mode data connection for root.zone.gz.md5 (33 bytes).
Length: 33

     0K                                                       100%  256K=0s

226 Transfer complete.
2017-07-14 00:01:15 (256 KB/s) - ‘./domain/root.zone.gz.md5’ saved [33]

Remote file is newer than local file ‘./domain/root.zone.gz.sig’ -- retrieving.

--2017-07-14 00:01:15--  ftp://ftp.internic.net/domain/root.zone.gz.sig
           => ‘./domain/root.zone.gz.sig’
==> CWD not required.
--> PASV

227 Entering Passive Mode (192,0,32,9,66,24)
--> RETR root.zone.gz.sig

150 Opening BINARY mode data connection for root.zone.gz.sig (72 bytes).
Length: 72

     0K                                                       100%  320K=0s

226 Transfer complete.
2017-07-14 00:01:16 (320 KB/s) - ‘./domain/root.zone.gz.sig’ saved [72]

Remote file is newer than local file ‘./domain/root.zone.md5’ -- retrieving.

--2017-07-14 00:01:16--  ftp://ftp.internic.net/domain/root.zone.md5
           => ‘./domain/root.zone.md5’
==> CWD not required.
--> PASV

227 Entering Passive Mode (192,0,32,9,42,106)
--> RETR root.zone.md5

150 Opening BINARY mode data connection for root.zone.md5 (33 bytes).
Length: 33

     0K                                                       100% 52.4K=0.001s

226 Transfer complete.
2017-07-14 00:01:17 (52.4 KB/s) - ‘./domain/root.zone.md5’ saved [33]

Remote file is newer than local file ‘./domain/root.zone.sig’ -- retrieving.

--2017-07-14 00:01:17--  ftp://ftp.internic.net/domain/root.zone.sig
           => ‘./domain/root.zone.sig’
==> CWD not required.
--> PASV

227 Entering Passive Mode (192,0,32,9,121,190)
--> RETR root.zone.sig

150 Opening BINARY mode data connection for root.zone.sig (72 bytes).
Length: 72

     0K                                                       100% 1.40M=0s

226 Transfer complete.
2017-07-14 00:01:18 (1.40 MB/s) - ‘./domain/root.zone.sig’ saved [72]

FINISHED --2017-07-14 00:01:18--
Total wall clock time: 1m 16s
Downloaded: 40 files, 4.0M in 26s (155 KB/s)
