--2017-02-10 00:00:04--  ftp://ftp.internic.net/*
           => ‘./.listing’
Resolving ftp.internic.net (ftp.internic.net)... 192.0.32.9, 2620:0:2d0:200::9
Connecting to ftp.internic.net (ftp.internic.net)|192.0.32.9|:21... connected.
Logging in as anonymous ... 
220 Internic FTP Server
--> USER anonymous

331 Please specify the password.
--> PASS Turtle Power!

230 Login successful.
--> SYST

215 UNIX Type: L8
--> PWD

257 "/"
--> TYPE I

200 Switching to Binary mode.
==> CWD not needed.
--> PASV

227 Entering Passive Mode (192,0,32,9,45,251)
--> LIST -a

150 Here comes the directory listing.

     0K                                                        1.60M=0s

226 Directory send OK.
drwxr-xr-x    3 ftp      ftp          4096 Apr 04  2012 .
drwxr-xr-x    3 ftp      ftp          4096 Apr 04  2012 ..
drwxr-xr-x    2 ftp      ftp          4096 Sep 09  2015 domain
2017-02-10 00:00:06 (1.60 MB/s) - ‘./.listing’ saved [183]

--2017-02-10 00:00:06--  ftp://ftp.internic.net/domain/*
           => ‘./domain/.listing’
--> CWD /domain

250 Directory successfully changed.
--> PASV

227 Entering Passive Mode (192,0,32,9,182,117)
--> LIST -a

150 Here comes the directory listing.

     0K ...                                                     611K=0.006s

226 Directory send OK.
drwxr-xr-x    2 ftp      ftp          4096 Sep 09  2015 .
drwxr-xr-x    3 ftp      ftp          4096 Apr 04  2012 ..
-rw-r--r--    1 ftp      ftp          1829 Aug 18  2015 .listing
-rw-r--r--    1 ftp      ftp          1224 Feb 09 12:15 INTERNIC_ROOT_ZONE.signatures
-rw-r--r--    1 ftp      ftp          1469 Feb 09 12:15 INTERNIC_ROOT_ZONE.signatures.asc
-rw-r--r--    1 ftp      ftp         15186 Feb 09 12:15 arpa.zone
-rw-r--r--    1 ftp      ftp          6638 Feb 09 12:15 arpa.zone.gz
-rw-r--r--    1 ftp      ftp            33 Feb 09 12:15 arpa.zone.gz.md5
-rw-r--r--    1 ftp      ftp            72 Feb 09 12:15 arpa.zone.gz.sig
-rw-r--r--    1 ftp      ftp          3291 Oct 20 19:35 db.cache
-rw-r--r--    1 ftp      ftp            33 Oct 20 19:35 db.cache.md5
-rw-r--r--    1 ftp      ftp            72 Oct 20 19:35 db.cache.sig
-rw-r--r--    1 ftp      ftp        227882 Feb 09 16:00 in-addr.arpa
-rw-r--r--    1 ftp      ftp         90163 Feb 09 16:00 in-addr.arpa.gz
-rw-r--r--    1 ftp      ftp            55 Feb 09 16:00 in-addr.arpa.gz.md5
-rw-r--r--    1 ftp      ftp            90 Feb 09 16:00 in-addr.arpa.gz.sha256
-rw-r--r--    1 ftp      ftp            52 Feb 09 16:00 in-addr.arpa.md5
-rw-r--r--    1 ftp      ftp            87 Feb 09 16:00 in-addr.arpa.sha256
-rw-r--r--    1 ftp      ftp        227882 Feb 09 16:00 in-addr.arpa.zone
-rw-r--r--    1 ftp      ftp         90163 Feb 09 16:00 in-addr.arpa.zone.gz
-rw-r--r--    1 ftp      ftp            60 Feb 09 16:00 in-addr.arpa.zone.gz.md5
-rw-r--r--    1 ftp      ftp            95 Feb 09 16:00 in-addr.arpa.zone.gz.sha256
-rw-r--r--    1 ftp      ftp            57 Feb 09 16:00 in-addr.arpa.zone.md5
-rw-r--r--    1 ftp      ftp            92 Feb 09 16:00 in-addr.arpa.zone.sha256
-rw-r--r--    1 ftp      ftp         60964 Feb 09 16:00 ip6.arpa
-rw-r--r--    1 ftp      ftp         24407 Feb 09 16:00 ip6.arpa.gz
-rw-r--r--    1 ftp      ftp            51 Feb 09 16:00 ip6.arpa.gz.md5
-rw-r--r--    1 ftp      ftp            86 Feb 09 16:00 ip6.arpa.gz.sha256
-rw-r--r--    1 ftp      ftp            48 Feb 09 16:00 ip6.arpa.md5
-rw-r--r--    1 ftp      ftp            83 Feb 09 16:00 ip6.arpa.sha256
-rw-r--r--    1 ftp      ftp         60964 Feb 09 16:00 ip6.arpa.zone
-rw-r--r--    1 ftp      ftp         24407 Feb 09 16:00 ip6.arpa.zone.gz
-rw-r--r--    1 ftp      ftp            56 Feb 09 16:00 ip6.arpa.zone.gz.md5
-rw-r--r--    1 ftp      ftp            91 Feb 09 16:00 ip6.arpa.zone.gz.sha256
-rw-r--r--    1 ftp      ftp            53 Feb 09 16:00 ip6.arpa.zone.md5
-rw-r--r--    1 ftp      ftp            88 Feb 09 16:00 ip6.arpa.zone.sha256
-rw-r--r--    1 ftp      ftp            21 Feb 09 16:00 last_update.txt
-rw-r--r--    1 ftp      ftp          3291 Oct 20 19:35 named.cache
-rw-r--r--    1 ftp      ftp            33 Oct 20 19:35 named.cache.md5
-rw-r--r--    1 ftp      ftp            72 Oct 20 19:35 named.cache.sig
-rw-r--r--    1 ftp      ftp          3291 Oct 20 19:35 named.root
-rw-r--r--    1 ftp      ftp            33 Oct 20 19:35 named.root.md5
-rw-r--r--    1 ftp      ftp            72 Oct 20 19:35 named.root.sig
-rw-r--r--    1 ftp      ftp          2110 Oct 20 19:35 root-servers.net.zone
-rw-r--r--    1 ftp      ftp           574 Oct 20 19:35 root-servers.net.zone.gz
-rw-r--r--    1 ftp      ftp            33 Oct 20 19:35 root-servers.net.zone.gz.md5
-rw-r--r--    1 ftp      ftp            72 Oct 20 19:35 root-servers.net.zone.gz.sig
-rw-r--r--    1 ftp      ftp       2226825 Feb 09 05:59 root.zone
-rw-r--r--    1 ftp      ftp       1045934 Feb 09 05:59 root.zone.gz
-rw-r--r--    1 ftp      ftp            33 Feb 09 05:59 root.zone.gz.md5
-rw-r--r--    1 ftp      ftp            72 Feb 09 05:59 root.zone.gz.sig
-rw-r--r--    1 ftp      ftp            33 Feb 09 05:59 root.zone.md5
-rw-r--r--    1 ftp      ftp            72 Feb 09 05:59 root.zone.sig
2017-02-10 00:00:18 (611 KB/s) - ‘./domain/.listing’ saved [3930]

The sizes do not match (local 3930) -- retrieving.

--2017-02-10 00:00:18--  ftp://ftp.internic.net/domain/.listing
           => ‘./domain/.listing’
==> CWD not required.
--> PASV

227 Entering Passive Mode (192,0,32,9,24,238)
--> RETR .listing

150 Opening BINARY mode data connection for .listing (1829 bytes).
Length: 1829 (1.8K)

     0K .                                                     100% 9.04M=0s

226 Transfer complete.
2017-02-10 00:00:19 (9.04 MB/s) - ‘./domain/.listing’ saved [1829]

Remote file is newer than local file ‘./domain/INTERNIC_ROOT_ZONE.signatures’ -- retrieving.

--2017-02-10 00:00:19--  ftp://ftp.internic.net/domain/INTERNIC_ROOT_ZONE.signatures
           => ‘./domain/INTERNIC_ROOT_ZONE.signatures’
==> CWD not required.
--> PASV

227 Entering Passive Mode (192,0,32,9,41,122)
--> RETR INTERNIC_ROOT_ZONE.signatures

150 Opening BINARY mode data connection for INTERNIC_ROOT_ZONE.signatures (1224 bytes).
Length: 1224 (1.2K)

     0K .                                                     100% 9.12M=0s

226 Transfer complete.
2017-02-10 00:00:19 (9.12 MB/s) - ‘./domain/INTERNIC_ROOT_ZONE.signatures’ saved [1224]

Remote file is newer than local file ‘./domain/INTERNIC_ROOT_ZONE.signatures.asc’ -- retrieving.

--2017-02-10 00:00:19--  ftp://ftp.internic.net/domain/INTERNIC_ROOT_ZONE.signatures.asc
           => ‘./domain/INTERNIC_ROOT_ZONE.signatures.asc’
==> CWD not required.
--> PASV

227 Entering Passive Mode (192,0,32,9,238,98)
--> RETR INTERNIC_ROOT_ZONE.signatures.asc

150 Opening BINARY mode data connection for INTERNIC_ROOT_ZONE.signatures.asc (1469 bytes).
Length: 1469 (1.4K)

     0K .                                                     100% 6.97M=0s

226 Transfer complete.
2017-02-10 00:00:20 (6.97 MB/s) - ‘./domain/INTERNIC_ROOT_ZONE.signatures.asc’ saved [1469]

Remote file is newer than local file ‘./domain/arpa.zone’ -- retrieving.

--2017-02-10 00:00:20--  ftp://ftp.internic.net/domain/arpa.zone
           => ‘./domain/arpa.zone’
==> CWD not required.
--> PASV

227 Entering Passive Mode (192,0,32,9,42,236)
--> RETR arpa.zone

150 Opening BINARY mode data connection for arpa.zone (15186 bytes).
Length: 15186 (15K)

     0K .......... ....                                       100% 11.9M=0.001s

226 Transfer complete.
2017-02-10 00:00:21 (11.9 MB/s) - ‘./domain/arpa.zone’ saved [15186]

The sizes do not match (local 6636) -- retrieving.

--2017-02-10 00:00:21--  ftp://ftp.internic.net/domain/arpa.zone.gz
           => ‘./domain/arpa.zone.gz’
==> CWD not required.
--> PASV

227 Entering Passive Mode (192,0,32,9,41,239)
--> RETR arpa.zone.gz

150 Opening BINARY mode data connection for arpa.zone.gz (6638 bytes).
Length: 6638 (6.5K)

     0K ......                                                100% 46.2M=0s

226 Transfer complete.
2017-02-10 00:00:22 (46.2 MB/s) - ‘./domain/arpa.zone.gz’ saved [6638]

Remote file is newer than local file ‘./domain/arpa.zone.gz.md5’ -- retrieving.

--2017-02-10 00:00:22--  ftp://ftp.internic.net/domain/arpa.zone.gz.md5
           => ‘./domain/arpa.zone.gz.md5’
==> CWD not required.
--> PASV

227 Entering Passive Mode (192,0,32,9,184,222)
--> RETR arpa.zone.gz.md5

150 Opening BINARY mode data connection for arpa.zone.gz.md5 (33 bytes).
Length: 33

     0K                                                       100%  156K=0s

226 Transfer complete.
2017-02-10 00:00:23 (156 KB/s) - ‘./domain/arpa.zone.gz.md5’ saved [33]

Remote file is newer than local file ‘./domain/arpa.zone.gz.sig’ -- retrieving.

--2017-02-10 00:00:23--  ftp://ftp.internic.net/domain/arpa.zone.gz.sig
           => ‘./domain/arpa.zone.gz.sig’
==> CWD not required.
--> PASV

227 Entering Passive Mode (192,0,32,9,240,252)
--> RETR arpa.zone.gz.sig

150 Opening BINARY mode data connection for arpa.zone.gz.sig (72 bytes).
Length: 72

     0K                                                       100%  628K=0s

226 Transfer complete.
2017-02-10 00:00:23 (628 KB/s) - ‘./domain/arpa.zone.gz.sig’ saved [72]

Remote file no newer than local file ‘./domain/db.cache’ -- not retrieving.
Remote file no newer than local file ‘./domain/db.cache.md5’ -- not retrieving.
Remote file no newer than local file ‘./domain/db.cache.sig’ -- not retrieving.
Remote file is newer than local file ‘./domain/in-addr.arpa’ -- retrieving.

--2017-02-10 00:00:23--  ftp://ftp.internic.net/domain/in-addr.arpa
           => ‘./domain/in-addr.arpa’
==> CWD not required.
--> PASV

227 Entering Passive Mode (192,0,32,9,42,220)
--> RETR in-addr.arpa

150 Opening BINARY mode data connection for in-addr.arpa (227882 bytes).
Length: 227882 (223K)

     0K .......... .......... .......... .......... .......... 22%  132K 1s
    50K .......... .......... .......... .......... .......... 44%  266K 1s
   100K .......... .......... .......... .......... .......... 67% 9.49M 0s
   150K .......... .......... .......... .......... .......... 89%  266K 0s
   200K .......... .......... ..                              100%  122K=0.9s

226 Transfer complete.
2017-02-10 00:00:25 (236 KB/s) - ‘./domain/in-addr.arpa’ saved [227882]

Remote file is newer than local file ‘./domain/in-addr.arpa.gz’ -- retrieving.

--2017-02-10 00:00:25--  ftp://ftp.internic.net/domain/in-addr.arpa.gz
           => ‘./domain/in-addr.arpa.gz’
==> CWD not required.
--> PASV

227 Entering Passive Mode (192,0,32,9,176,179)
--> RETR in-addr.arpa.gz

150 Opening BINARY mode data connection for in-addr.arpa.gz (90163 bytes).
Length: 90163 (88K)

     0K .......... .......... .......... .......... .......... 56%  132K 0s
    50K .......... .......... .......... ........             100% 12.4M=0.4s

226 Transfer complete.
2017-02-10 00:00:26 (231 KB/s) - ‘./domain/in-addr.arpa.gz’ saved [90163]

Remote file is newer than local file ‘./domain/in-addr.arpa.gz.md5’ -- retrieving.

--2017-02-10 00:00:26--  ftp://ftp.internic.net/domain/in-addr.arpa.gz.md5
           => ‘./domain/in-addr.arpa.gz.md5’
==> CWD not required.
--> PASV

227 Entering Passive Mode (192,0,32,9,42,188)
--> RETR in-addr.arpa.gz.md5

150 Opening BINARY mode data connection for in-addr.arpa.gz.md5 (55 bytes).
Length: 55

     0K                                                       100%  484K=0s

226 Transfer complete.
2017-02-10 00:00:27 (484 KB/s) - ‘./domain/in-addr.arpa.gz.md5’ saved [55]

Remote file is newer than local file ‘./domain/in-addr.arpa.gz.sha256’ -- retrieving.

--2017-02-10 00:00:27--  ftp://ftp.internic.net/domain/in-addr.arpa.gz.sha256
           => ‘./domain/in-addr.arpa.gz.sha256’
==> CWD not required.
--> PASV

227 Entering Passive Mode (192,0,32,9,41,31)
--> RETR in-addr.arpa.gz.sha256

150 Opening BINARY mode data connection for in-addr.arpa.gz.sha256 (90 bytes).
Length: 90

     0K                                                       100%  778K=0s

226 Transfer complete.
2017-02-10 00:00:31 (778 KB/s) - ‘./domain/in-addr.arpa.gz.sha256’ saved [90]

Remote file is newer than local file ‘./domain/in-addr.arpa.md5’ -- retrieving.

--2017-02-10 00:00:31--  ftp://ftp.internic.net/domain/in-addr.arpa.md5
           => ‘./domain/in-addr.arpa.md5’
==> CWD not required.
--> PASV

227 Entering Passive Mode (192,0,32,9,121,106)
--> RETR in-addr.arpa.md5

150 Opening BINARY mode data connection for in-addr.arpa.md5 (52 bytes).
Length: 52

     0K                                                       100%  249K=0s

226 Transfer complete.
2017-02-10 00:00:35 (249 KB/s) - ‘./domain/in-addr.arpa.md5’ saved [52]

Remote file is newer than local file ‘./domain/in-addr.arpa.sha256’ -- retrieving.

--2017-02-10 00:00:35--  ftp://ftp.internic.net/domain/in-addr.arpa.sha256
           => ‘./domain/in-addr.arpa.sha256’
==> CWD not required.
--> PASV

227 Entering Passive Mode (192,0,32,9,41,128)
--> RETR in-addr.arpa.sha256

150 Opening BINARY mode data connection for in-addr.arpa.sha256 (87 bytes).
Length: 87

     0K                                                       100%  772K=0s

226 Transfer complete.
2017-02-10 00:00:36 (772 KB/s) - ‘./domain/in-addr.arpa.sha256’ saved [87]

Remote file is newer than local file ‘./domain/in-addr.arpa.zone’ -- retrieving.

--2017-02-10 00:00:36--  ftp://ftp.internic.net/domain/in-addr.arpa.zone
           => ‘./domain/in-addr.arpa.zone’
==> CWD not required.
--> PASV

227 Entering Passive Mode (192,0,32,9,41,224)
--> RETR in-addr.arpa.zone

150 Opening BINARY mode data connection for in-addr.arpa.zone (227882 bytes).
Length: 227882 (223K)

     0K .......... .......... .......... .......... .......... 22%  120K 1s
    50K .......... .......... .......... .......... .......... 44%  243K 1s
   100K .......... .......... .......... .......... .......... 67%  119K 1s
   150K .......... .......... .......... .......... .......... 89%  241K 0s
   200K .......... .......... ..                              100% 13.2M=1.2s

226 Transfer complete.
2017-02-10 00:00:38 (178 KB/s) - ‘./domain/in-addr.arpa.zone’ saved [227882]

Remote file is newer than local file ‘./domain/in-addr.arpa.zone.gz’ -- retrieving.

--2017-02-10 00:00:38--  ftp://ftp.internic.net/domain/in-addr.arpa.zone.gz
           => ‘./domain/in-addr.arpa.zone.gz’
==> CWD not required.
--> PASV

227 Entering Passive Mode (192,0,32,9,42,131)
--> RETR in-addr.arpa.zone.gz

150 Opening BINARY mode data connection for in-addr.arpa.zone.gz (90163 bytes).
Length: 90163 (88K)

     0K .......... .......... .......... .......... .......... 56%  120K 0s
    50K .......... .......... .......... ........             100% 11.8M=0.4s

226 Transfer complete.
2017-02-10 00:00:39 (211 KB/s) - ‘./domain/in-addr.arpa.zone.gz’ saved [90163]

Remote file is newer than local file ‘./domain/in-addr.arpa.zone.gz.md5’ -- retrieving.

--2017-02-10 00:00:39--  ftp://ftp.internic.net/domain/in-addr.arpa.zone.gz.md5
           => ‘./domain/in-addr.arpa.zone.gz.md5’
==> CWD not required.
--> PASV

227 Entering Passive Mode (192,0,32,9,179,208)
--> RETR in-addr.arpa.zone.gz.md5

150 Opening BINARY mode data connection for in-addr.arpa.zone.gz.md5 (60 bytes).
Length: 60

     0K                                                       100%  523K=0s

226 Transfer complete.
2017-02-10 00:00:40 (523 KB/s) - ‘./domain/in-addr.arpa.zone.gz.md5’ saved [60]

Remote file is newer than local file ‘./domain/in-addr.arpa.zone.gz.sha256’ -- retrieving.

--2017-02-10 00:00:40--  ftp://ftp.internic.net/domain/in-addr.arpa.zone.gz.sha256
           => ‘./domain/in-addr.arpa.zone.gz.sha256’
==> CWD not required.
--> PASV

227 Entering Passive Mode (192,0,32,9,233,95)
--> RETR in-addr.arpa.zone.gz.sha256

150 Opening BINARY mode data connection for in-addr.arpa.zone.gz.sha256 (95 bytes).
Length: 95

     0K                                                       100%  455K=0s

226 Transfer complete.
2017-02-10 00:00:44 (455 KB/s) - ‘./domain/in-addr.arpa.zone.gz.sha256’ saved [95]

Remote file is newer than local file ‘./domain/in-addr.arpa.zone.md5’ -- retrieving.

--2017-02-10 00:00:44--  ftp://ftp.internic.net/domain/in-addr.arpa.zone.md5
           => ‘./domain/in-addr.arpa.zone.md5’
==> CWD not required.
--> PASV

227 Entering Passive Mode (192,0,32,9,82,225)
--> RETR in-addr.arpa.zone.md5

150 Opening BINARY mode data connection for in-addr.arpa.zone.md5 (57 bytes).
Length: 57

     0K                                                       100%  506K=0s

226 Transfer complete.
2017-02-10 00:00:45 (506 KB/s) - ‘./domain/in-addr.arpa.zone.md5’ saved [57]

Remote file is newer than local file ‘./domain/in-addr.arpa.zone.sha256’ -- retrieving.

--2017-02-10 00:00:45--  ftp://ftp.internic.net/domain/in-addr.arpa.zone.sha256
           => ‘./domain/in-addr.arpa.zone.sha256’
==> CWD not required.
--> PASV

227 Entering Passive Mode (192,0,32,9,143,118)
--> RETR in-addr.arpa.zone.sha256

150 Opening BINARY mode data connection for in-addr.arpa.zone.sha256 (92 bytes).
Length: 92

     0K                                                       100%  817K=0s

226 Transfer complete.
2017-02-10 00:00:46 (817 KB/s) - ‘./domain/in-addr.arpa.zone.sha256’ saved [92]

Remote file is newer than local file ‘./domain/ip6.arpa’ -- retrieving.

--2017-02-10 00:00:46--  ftp://ftp.internic.net/domain/ip6.arpa
           => ‘./domain/ip6.arpa’
==> CWD not required.
--> PASV

227 Entering Passive Mode (192,0,32,9,42,19)
--> RETR ip6.arpa

150 Opening BINARY mode data connection for ip6.arpa (60964 bytes).
Length: 60964 (60K)

     0K .......... .......... .......... .......... .......... 83%  119K 0s
    50K .........                                             100% 11.2M=0.4s

226 Transfer complete.
2017-02-10 00:00:48 (141 KB/s) - ‘./domain/ip6.arpa’ saved [60964]

Remote file is newer than local file ‘./domain/ip6.arpa.gz’ -- retrieving.

--2017-02-10 00:00:48--  ftp://ftp.internic.net/domain/ip6.arpa.gz
           => ‘./domain/ip6.arpa.gz’
==> CWD not required.
--> PASV

227 Entering Passive Mode (192,0,32,9,41,223)
--> RETR ip6.arpa.gz

150 Opening BINARY mode data connection for ip6.arpa.gz (24407 bytes).
Length: 24407 (24K)

     0K .......... .......... ...                             100%  124K=0.2s

226 Transfer complete.
2017-02-10 00:00:49 (124 KB/s) - ‘./domain/ip6.arpa.gz’ saved [24407]

Remote file is newer than local file ‘./domain/ip6.arpa.gz.md5’ -- retrieving.

--2017-02-10 00:00:49--  ftp://ftp.internic.net/domain/ip6.arpa.gz.md5
           => ‘./domain/ip6.arpa.gz.md5’
==> CWD not required.
--> PASV

227 Entering Passive Mode (192,0,32,9,41,31)
--> RETR ip6.arpa.gz.md5

150 Opening BINARY mode data connection for ip6.arpa.gz.md5 (51 bytes).
Length: 51

     0K                                                       100%  328K=0s

226 Transfer complete.
2017-02-10 00:00:49 (328 KB/s) - ‘./domain/ip6.arpa.gz.md5’ saved [51]

Remote file is newer than local file ‘./domain/ip6.arpa.gz.sha256’ -- retrieving.

--2017-02-10 00:00:49--  ftp://ftp.internic.net/domain/ip6.arpa.gz.sha256
           => ‘./domain/ip6.arpa.gz.sha256’
==> CWD not required.
--> PASV

227 Entering Passive Mode (192,0,32,9,41,64)
--> RETR ip6.arpa.gz.sha256

150 Opening BINARY mode data connection for ip6.arpa.gz.sha256 (86 bytes).
Length: 86

     0K                                                       100%  757K=0s

226 Transfer complete.
2017-02-10 00:00:50 (757 KB/s) - ‘./domain/ip6.arpa.gz.sha256’ saved [86]

Remote file is newer than local file ‘./domain/ip6.arpa.md5’ -- retrieving.

--2017-02-10 00:00:50--  ftp://ftp.internic.net/domain/ip6.arpa.md5
           => ‘./domain/ip6.arpa.md5’
==> CWD not required.
--> PASV

227 Entering Passive Mode (192,0,32,9,16,118)
--> RETR ip6.arpa.md5

150 Opening BINARY mode data connection for ip6.arpa.md5 (48 bytes).
Length: 48

     0K                                                       100%  426K=0s

226 Transfer complete.
2017-02-10 00:00:51 (426 KB/s) - ‘./domain/ip6.arpa.md5’ saved [48]

Remote file is newer than local file ‘./domain/ip6.arpa.sha256’ -- retrieving.

--2017-02-10 00:00:51--  ftp://ftp.internic.net/domain/ip6.arpa.sha256
           => ‘./domain/ip6.arpa.sha256’
==> CWD not required.
--> PASV

227 Entering Passive Mode (192,0,32,9,37,131)
--> RETR ip6.arpa.sha256

150 Opening BINARY mode data connection for ip6.arpa.sha256 (83 bytes).
Length: 83

     0K                                                       100%  575K=0s

226 Transfer complete.
2017-02-10 00:00:52 (575 KB/s) - ‘./domain/ip6.arpa.sha256’ saved [83]

Remote file is newer than local file ‘./domain/ip6.arpa.zone’ -- retrieving.

--2017-02-10 00:00:52--  ftp://ftp.internic.net/domain/ip6.arpa.zone
           => ‘./domain/ip6.arpa.zone’
==> CWD not required.
--> PASV

227 Entering Passive Mode (192,0,32,9,13,244)
--> RETR ip6.arpa.zone

150 Opening BINARY mode data connection for ip6.arpa.zone (60964 bytes).
Length: 60964 (60K)

     0K .......... .......... .......... .......... .......... 83%  131K 0s
    50K .........                                             100% 20.6M=0.4s

226 Transfer complete.
2017-02-10 00:00:53 (156 KB/s) - ‘./domain/ip6.arpa.zone’ saved [60964]

Remote file is newer than local file ‘./domain/ip6.arpa.zone.gz’ -- retrieving.

--2017-02-10 00:00:53--  ftp://ftp.internic.net/domain/ip6.arpa.zone.gz
           => ‘./domain/ip6.arpa.zone.gz’
==> CWD not required.
--> PASV

227 Entering Passive Mode (192,0,32,9,52,109)
--> RETR ip6.arpa.zone.gz

150 Opening BINARY mode data connection for ip6.arpa.zone.gz (24407 bytes).
Length: 24407 (24K)

     0K .......... .......... ...                             100%  125K=0.2s

226 Transfer complete.
2017-02-10 00:00:54 (125 KB/s) - ‘./domain/ip6.arpa.zone.gz’ saved [24407]

Remote file is newer than local file ‘./domain/ip6.arpa.zone.gz.md5’ -- retrieving.

--2017-02-10 00:00:54--  ftp://ftp.internic.net/domain/ip6.arpa.zone.gz.md5
           => ‘./domain/ip6.arpa.zone.gz.md5’
==> CWD not required.
--> PASV

227 Entering Passive Mode (192,0,32,9,154,140)
--> RETR ip6.arpa.zone.gz.md5

150 Opening BINARY mode data connection for ip6.arpa.zone.gz.md5 (56 bytes).
Length: 56

     0K                                                       100%  497K=0s

226 Transfer complete.
2017-02-10 00:00:55 (497 KB/s) - ‘./domain/ip6.arpa.zone.gz.md5’ saved [56]

Remote file is newer than local file ‘./domain/ip6.arpa.zone.gz.sha256’ -- retrieving.

--2017-02-10 00:00:55--  ftp://ftp.internic.net/domain/ip6.arpa.zone.gz.sha256
           => ‘./domain/ip6.arpa.zone.gz.sha256’
==> CWD not required.
--> PASV

227 Entering Passive Mode (192,0,32,9,42,227)
--> RETR ip6.arpa.zone.gz.sha256

150 Opening BINARY mode data connection for ip6.arpa.zone.gz.sha256 (91 bytes).
Length: 91

     0K                                                       100%  786K=0s

226 Transfer complete.
2017-02-10 00:00:55 (786 KB/s) - ‘./domain/ip6.arpa.zone.gz.sha256’ saved [91]

Remote file is newer than local file ‘./domain/ip6.arpa.zone.md5’ -- retrieving.

--2017-02-10 00:00:55--  ftp://ftp.internic.net/domain/ip6.arpa.zone.md5
           => ‘./domain/ip6.arpa.zone.md5’
==> CWD not required.
--> PASV

227 Entering Passive Mode (192,0,32,9,41,42)
--> RETR ip6.arpa.zone.md5

150 Opening BINARY mode data connection for ip6.arpa.zone.md5 (53 bytes).
Length: 53

     0K                                                       100%  466K=0s

226 Transfer complete.
2017-02-10 00:00:56 (466 KB/s) - ‘./domain/ip6.arpa.zone.md5’ saved [53]

Remote file is newer than local file ‘./domain/ip6.arpa.zone.sha256’ -- retrieving.

--2017-02-10 00:00:56--  ftp://ftp.internic.net/domain/ip6.arpa.zone.sha256
           => ‘./domain/ip6.arpa.zone.sha256’
==> CWD not required.
--> PASV

227 Entering Passive Mode (192,0,32,9,138,153)
--> RETR ip6.arpa.zone.sha256

150 Opening BINARY mode data connection for ip6.arpa.zone.sha256 (88 bytes).
Length: 88

     0K                                                       100%  781K=0s

226 Transfer complete.
2017-02-10 00:00:57 (781 KB/s) - ‘./domain/ip6.arpa.zone.sha256’ saved [88]

Remote file is newer than local file ‘./domain/last_update.txt’ -- retrieving.

--2017-02-10 00:00:57--  ftp://ftp.internic.net/domain/last_update.txt
           => ‘./domain/last_update.txt’
==> CWD not required.
--> PASV

227 Entering Passive Mode (192,0,32,9,27,29)
--> RETR last_update.txt

150 Opening BINARY mode data connection for last_update.txt (21 bytes).
Length: 21

     0K                                                       100%  108K=0s

226 Transfer complete.
2017-02-10 00:00:58 (108 KB/s) - ‘./domain/last_update.txt’ saved [21]

Remote file no newer than local file ‘./domain/named.cache’ -- not retrieving.
Remote file no newer than local file ‘./domain/named.cache.md5’ -- not retrieving.
Remote file no newer than local file ‘./domain/named.cache.sig’ -- not retrieving.
Remote file no newer than local file ‘./domain/named.root’ -- not retrieving.
Remote file no newer than local file ‘./domain/named.root.md5’ -- not retrieving.
Remote file no newer than local file ‘./domain/named.root.sig’ -- not retrieving.
Remote file no newer than local file ‘./domain/root-servers.net.zone’ -- not retrieving.
Remote file no newer than local file ‘./domain/root-servers.net.zone.gz’ -- not retrieving.
Remote file no newer than local file ‘./domain/root-servers.net.zone.gz.md5’ -- not retrieving.
Remote file no newer than local file ‘./domain/root-servers.net.zone.gz.sig’ -- not retrieving.
Remote file no newer than local file ‘./domain/root.zone’ -- not retrieving.
Remote file no newer than local file ‘./domain/root.zone.gz’ -- not retrieving.
Remote file no newer than local file ‘./domain/root.zone.gz.md5’ -- not retrieving.
Remote file no newer than local file ‘./domain/root.zone.gz.sig’ -- not retrieving.
Remote file no newer than local file ‘./domain/root.zone.md5’ -- not retrieving.
Remote file no newer than local file ‘./domain/root.zone.sig’ -- not retrieving.
FINISHED --2017-02-10 00:00:58--
Total wall clock time: 54s
Downloaded: 34 files, 819K in 4.2s (195 KB/s)
