--2017-04-17 00:00:02--  ftp://ftp.internic.net/*
           => ‘./.listing’
Resolving ftp.internic.net (ftp.internic.net)... 192.0.32.9, 2620:0:2d0:200::9
Connecting to ftp.internic.net (ftp.internic.net)|192.0.32.9|:21... connected.
Logging in as anonymous ... 
220 Internic FTP Server
--> USER anonymous

331 Please specify the password.
--> PASS Turtle Power!

230 Login successful.
--> SYST

215 UNIX Type: L8
--> PWD

257 "/"
--> TYPE I

200 Switching to Binary mode.
==> CWD not needed.
--> PASV

227 Entering Passive Mode (192,0,32,9,70,179)
--> LIST -a

150 Here comes the directory listing.

     0K                                                        17.4K=0.01s

226 Directory send OK.
drwxr-xr-x    3 ftp      ftp          4096 Apr 04  2012 .
drwxr-xr-x    3 ftp      ftp          4096 Apr 04  2012 ..
drwxr-xr-x    2 ftp      ftp          4096 Sep 09  2015 domain
2017-04-17 00:00:18 (17.4 KB/s) - ‘./.listing’ saved [183]

--2017-04-17 00:00:19--  ftp://ftp.internic.net/domain/*
           => ‘./domain/.listing’
--> CWD /domain

250 Directory successfully changed.
--> PASV

227 Entering Passive Mode (192,0,32,9,70,174)
--> LIST -a

150 Here comes the directory listing.

     0K ...                                                     699K=0.005s

226 Directory send OK.
drwxr-xr-x    2 ftp      ftp          4096 Sep 09  2015 .
drwxr-xr-x    3 ftp      ftp          4096 Apr 04  2012 ..
-rw-r--r--    1 ftp      ftp          1829 Aug 18  2015 .listing
-rw-r--r--    1 ftp      ftp          1224 Apr 16 12:33 INTERNIC_ROOT_ZONE.signatures
-rw-r--r--    1 ftp      ftp          1469 Apr 16 12:33 INTERNIC_ROOT_ZONE.signatures.asc
-rw-r--r--    1 ftp      ftp         15228 Apr 16 12:33 arpa.zone
-rw-r--r--    1 ftp      ftp          6651 Apr 16 12:33 arpa.zone.gz
-rw-r--r--    1 ftp      ftp            33 Apr 16 12:33 arpa.zone.gz.md5
-rw-r--r--    1 ftp      ftp            72 Apr 16 12:33 arpa.zone.gz.sig
-rw-r--r--    1 ftp      ftp          3289 Apr 11 15:01 db.cache
-rw-r--r--    1 ftp      ftp            33 Apr 11 15:01 db.cache.md5
-rw-r--r--    1 ftp      ftp            72 Apr 11 15:01 db.cache.sig
-rw-r--r--    1 ftp      ftp        229871 Apr 16 15:40 in-addr.arpa
-rw-r--r--    1 ftp      ftp         90626 Apr 16 15:40 in-addr.arpa.gz
-rw-r--r--    1 ftp      ftp            55 Apr 16 15:40 in-addr.arpa.gz.md5
-rw-r--r--    1 ftp      ftp            90 Apr 16 15:40 in-addr.arpa.gz.sha256
-rw-r--r--    1 ftp      ftp            52 Apr 16 15:40 in-addr.arpa.md5
-rw-r--r--    1 ftp      ftp            87 Apr 16 15:40 in-addr.arpa.sha256
-rw-r--r--    1 ftp      ftp        229871 Apr 16 15:40 in-addr.arpa.zone
-rw-r--r--    1 ftp      ftp         90626 Apr 16 15:40 in-addr.arpa.zone.gz
-rw-r--r--    1 ftp      ftp            60 Apr 16 15:40 in-addr.arpa.zone.gz.md5
-rw-r--r--    1 ftp      ftp            95 Apr 16 15:40 in-addr.arpa.zone.gz.sha256
-rw-r--r--    1 ftp      ftp            57 Apr 16 15:40 in-addr.arpa.zone.md5
-rw-r--r--    1 ftp      ftp            92 Apr 16 15:40 in-addr.arpa.zone.sha256
-rw-r--r--    1 ftp      ftp         61853 Apr 16 15:40 ip6.arpa
-rw-r--r--    1 ftp      ftp         24437 Apr 16 15:40 ip6.arpa.gz
-rw-r--r--    1 ftp      ftp            51 Apr 16 15:40 ip6.arpa.gz.md5
-rw-r--r--    1 ftp      ftp            86 Apr 16 15:40 ip6.arpa.gz.sha256
-rw-r--r--    1 ftp      ftp            48 Apr 16 15:40 ip6.arpa.md5
-rw-r--r--    1 ftp      ftp            83 Apr 16 15:40 ip6.arpa.sha256
-rw-r--r--    1 ftp      ftp         61853 Apr 16 15:40 ip6.arpa.zone
-rw-r--r--    1 ftp      ftp         24437 Apr 16 15:40 ip6.arpa.zone.gz
-rw-r--r--    1 ftp      ftp            56 Apr 16 15:40 ip6.arpa.zone.gz.md5
-rw-r--r--    1 ftp      ftp            91 Apr 16 15:40 ip6.arpa.zone.gz.sha256
-rw-r--r--    1 ftp      ftp            53 Apr 16 15:40 ip6.arpa.zone.md5
-rw-r--r--    1 ftp      ftp            88 Apr 16 15:40 ip6.arpa.zone.sha256
-rw-r--r--    1 ftp      ftp            21 Apr 16 15:40 last_update.txt
-rw-r--r--    1 ftp      ftp          3289 Apr 11 15:01 named.cache
-rw-r--r--    1 ftp      ftp            33 Apr 11 15:01 named.cache.md5
-rw-r--r--    1 ftp      ftp            72 Apr 11 15:01 named.cache.sig
-rw-r--r--    1 ftp      ftp          3289 Apr 11 15:01 named.root
-rw-r--r--    1 ftp      ftp            33 Apr 11 15:01 named.root.md5
-rw-r--r--    1 ftp      ftp            72 Apr 11 15:01 named.root.sig
-rw-r--r--    1 ftp      ftp          2110 Apr 11 15:01 root-servers.net.zone
-rw-r--r--    1 ftp      ftp           576 Apr 11 15:01 root-servers.net.zone.gz
-rw-r--r--    1 ftp      ftp            33 Apr 11 15:01 root-servers.net.zone.gz.md5
-rw-r--r--    1 ftp      ftp            72 Apr 11 15:01 root-servers.net.zone.gz.sig
-rw-r--r--    1 ftp      ftp       2235246 Apr 16 05:10 root.zone
-rw-r--r--    1 ftp      ftp       1049724 Apr 16 05:10 root.zone.gz
-rw-r--r--    1 ftp      ftp            33 Apr 16 05:10 root.zone.gz.md5
-rw-r--r--    1 ftp      ftp            72 Apr 16 05:10 root.zone.gz.sig
-rw-r--r--    1 ftp      ftp            33 Apr 16 05:10 root.zone.md5
-rw-r--r--    1 ftp      ftp            72 Apr 16 05:10 root.zone.sig
2017-04-17 00:00:20 (699 KB/s) - ‘./domain/.listing’ saved [3930]

The sizes do not match (local 3930) -- retrieving.

--2017-04-17 00:00:20--  ftp://ftp.internic.net/domain/.listing
           => ‘./domain/.listing’
==> CWD not required.
--> PASV

227 Entering Passive Mode (192,0,32,9,42,207)
--> RETR .listing

150 Opening BINARY mode data connection for .listing (1829 bytes).
Length: 1829 (1.8K)

     0K .                                                     100% 60.8K=0.03s

226 Transfer complete.
2017-04-17 00:00:21 (60.8 KB/s) - ‘./domain/.listing’ saved [1829]

Remote file is newer than local file ‘./domain/INTERNIC_ROOT_ZONE.signatures’ -- retrieving.

--2017-04-17 00:00:21--  ftp://ftp.internic.net/domain/INTERNIC_ROOT_ZONE.signatures
           => ‘./domain/INTERNIC_ROOT_ZONE.signatures’
==> CWD not required.
--> PASV

227 Entering Passive Mode (192,0,32,9,133,61)
--> RETR INTERNIC_ROOT_ZONE.signatures

150 Opening BINARY mode data connection for INTERNIC_ROOT_ZONE.signatures (1224 bytes).
Length: 1224 (1.2K)

     0K .                                                     100%  362K=0.003s

226 Transfer complete.
2017-04-17 00:00:22 (362 KB/s) - ‘./domain/INTERNIC_ROOT_ZONE.signatures’ saved [1224]

Remote file is newer than local file ‘./domain/INTERNIC_ROOT_ZONE.signatures.asc’ -- retrieving.

--2017-04-17 00:00:22--  ftp://ftp.internic.net/domain/INTERNIC_ROOT_ZONE.signatures.asc
           => ‘./domain/INTERNIC_ROOT_ZONE.signatures.asc’
==> CWD not required.
--> PASV

227 Entering Passive Mode (192,0,32,9,215,101)
--> RETR INTERNIC_ROOT_ZONE.signatures.asc

150 Opening BINARY mode data connection for INTERNIC_ROOT_ZONE.signatures.asc (1469 bytes).
Length: 1469 (1.4K)

     0K .                                                     100%  171K=0.008s

226 Transfer complete.
2017-04-17 00:00:23 (171 KB/s) - ‘./domain/INTERNIC_ROOT_ZONE.signatures.asc’ saved [1469]

Remote file is newer than local file ‘./domain/arpa.zone’ -- retrieving.

--2017-04-17 00:00:23--  ftp://ftp.internic.net/domain/arpa.zone
           => ‘./domain/arpa.zone’
==> CWD not required.
--> PASV

227 Entering Passive Mode (192,0,32,9,101,183)
--> RETR arpa.zone

150 Opening BINARY mode data connection for arpa.zone (15228 bytes).
Length: 15228 (15K)

     0K .......... ....                                       100% 31.0M=0s

226 Transfer complete.
2017-04-17 00:00:24 (31.0 MB/s) - ‘./domain/arpa.zone’ saved [15228]

The sizes do not match (local 6642) -- retrieving.

--2017-04-17 00:00:24--  ftp://ftp.internic.net/domain/arpa.zone.gz
           => ‘./domain/arpa.zone.gz’
==> CWD not required.
--> PASV

227 Entering Passive Mode (192,0,32,9,32,197)
--> RETR arpa.zone.gz

150 Opening BINARY mode data connection for arpa.zone.gz (6651 bytes).
Length: 6651 (6.5K)

     0K ......                                                100%  491K=0.01s

226 Transfer complete.
2017-04-17 00:00:25 (491 KB/s) - ‘./domain/arpa.zone.gz’ saved [6651]

Remote file is newer than local file ‘./domain/arpa.zone.gz.md5’ -- retrieving.

--2017-04-17 00:00:25--  ftp://ftp.internic.net/domain/arpa.zone.gz.md5
           => ‘./domain/arpa.zone.gz.md5’
==> CWD not required.
--> PASV

227 Entering Passive Mode (192,0,32,9,212,17)
--> RETR arpa.zone.gz.md5

150 Opening BINARY mode data connection for arpa.zone.gz.md5 (33 bytes).
Length: 33

     0K                                                       100% 1.21K=0.03s

226 Transfer complete.
2017-04-17 00:00:26 (1.21 KB/s) - ‘./domain/arpa.zone.gz.md5’ saved [33]

Remote file is newer than local file ‘./domain/arpa.zone.gz.sig’ -- retrieving.

--2017-04-17 00:00:26--  ftp://ftp.internic.net/domain/arpa.zone.gz.sig
           => ‘./domain/arpa.zone.gz.sig’
==> CWD not required.
--> PASV

227 Entering Passive Mode (192,0,32,9,208,95)
--> RETR arpa.zone.gz.sig

150 Opening BINARY mode data connection for arpa.zone.gz.sig (72 bytes).
Length: 72

     0K                                                       100% 64.4K=0.001s

226 Transfer complete.
2017-04-17 00:00:27 (64.4 KB/s) - ‘./domain/arpa.zone.gz.sig’ saved [72]

Remote file no newer than local file ‘./domain/db.cache’ -- not retrieving.
Remote file no newer than local file ‘./domain/db.cache.md5’ -- not retrieving.
Remote file no newer than local file ‘./domain/db.cache.sig’ -- not retrieving.
Remote file is newer than local file ‘./domain/in-addr.arpa’ -- retrieving.

--2017-04-17 00:00:27--  ftp://ftp.internic.net/domain/in-addr.arpa
           => ‘./domain/in-addr.arpa’
==> CWD not required.
--> PASV

227 Entering Passive Mode (192,0,32,9,67,225)
--> RETR in-addr.arpa

150 Opening BINARY mode data connection for in-addr.arpa (229871 bytes).
Length: 229871 (224K)

     0K .......... .......... .......... .......... .......... 22% 93.1K 2s
    50K .......... .......... .......... .......... .......... 44%  213K 1s
   100K .......... .......... .......... .......... .......... 66% 6.19M 0s
   150K .......... .......... .......... .......... .......... 89%  209K 0s
   200K .......... .......... ....                            100%  102K=1.3s

226 Transfer complete.
2017-04-17 00:00:29 (179 KB/s) - ‘./domain/in-addr.arpa’ saved [229871]

The sizes do not match (local 90619) -- retrieving.

--2017-04-17 00:00:29--  ftp://ftp.internic.net/domain/in-addr.arpa.gz
           => ‘./domain/in-addr.arpa.gz’
==> CWD not required.
--> PASV

227 Entering Passive Mode (192,0,32,9,250,226)
--> RETR in-addr.arpa.gz

150 Opening BINARY mode data connection for in-addr.arpa.gz (90626 bytes).
Length: 90626 (89K)

     0K .......... .......... .......... .......... .......... 56% 86.2K 0s
    50K .......... .......... .......... ........             100% 10.9M=0.6s

226 Transfer complete.
2017-04-17 00:00:30 (152 KB/s) - ‘./domain/in-addr.arpa.gz’ saved [90626]

Remote file is newer than local file ‘./domain/in-addr.arpa.gz.md5’ -- retrieving.

--2017-04-17 00:00:30--  ftp://ftp.internic.net/domain/in-addr.arpa.gz.md5
           => ‘./domain/in-addr.arpa.gz.md5’
==> CWD not required.
--> PASV

227 Entering Passive Mode (192,0,32,9,7,79)
--> RETR in-addr.arpa.gz.md5

150 Opening BINARY mode data connection for in-addr.arpa.gz.md5 (55 bytes).
Length: 55

     0K                                                       100%  404 =0.1s

226 Transfer complete.
2017-04-17 00:00:31 (404 B/s) - ‘./domain/in-addr.arpa.gz.md5’ saved [55]

Remote file is newer than local file ‘./domain/in-addr.arpa.gz.sha256’ -- retrieving.

--2017-04-17 00:00:31--  ftp://ftp.internic.net/domain/in-addr.arpa.gz.sha256
           => ‘./domain/in-addr.arpa.gz.sha256’
==> CWD not required.
--> PASV

227 Entering Passive Mode (192,0,32,9,42,95)
--> RETR in-addr.arpa.gz.sha256

150 Opening BINARY mode data connection for in-addr.arpa.gz.sha256 (90 bytes).
Length: 90

     0K                                                       100% 8.56K=0.01s

226 Transfer complete.
2017-04-17 00:00:32 (8.56 KB/s) - ‘./domain/in-addr.arpa.gz.sha256’ saved [90]

Remote file is newer than local file ‘./domain/in-addr.arpa.md5’ -- retrieving.

--2017-04-17 00:00:32--  ftp://ftp.internic.net/domain/in-addr.arpa.md5
           => ‘./domain/in-addr.arpa.md5’
==> CWD not required.
--> PASV

227 Entering Passive Mode (192,0,32,9,37,151)
--> RETR in-addr.arpa.md5

150 Opening BINARY mode data connection for in-addr.arpa.md5 (52 bytes).
Length: 52

     0K                                                       100% 3.77K=0.01s

226 Transfer complete.
2017-04-17 00:00:33 (3.77 KB/s) - ‘./domain/in-addr.arpa.md5’ saved [52]

Remote file is newer than local file ‘./domain/in-addr.arpa.sha256’ -- retrieving.

--2017-04-17 00:00:33--  ftp://ftp.internic.net/domain/in-addr.arpa.sha256
           => ‘./domain/in-addr.arpa.sha256’
==> CWD not required.
--> PASV

227 Entering Passive Mode (192,0,32,9,153,59)
--> RETR in-addr.arpa.sha256

150 Opening BINARY mode data connection for in-addr.arpa.sha256 (87 bytes).
Length: 87

     0K                                                       100%  563K=0s

226 Transfer complete.
2017-04-17 00:00:34 (563 KB/s) - ‘./domain/in-addr.arpa.sha256’ saved [87]

Remote file is newer than local file ‘./domain/in-addr.arpa.zone’ -- retrieving.

--2017-04-17 00:00:34--  ftp://ftp.internic.net/domain/in-addr.arpa.zone
           => ‘./domain/in-addr.arpa.zone’
==> CWD not required.
--> PASV

227 Entering Passive Mode (192,0,32,9,144,56)
--> RETR in-addr.arpa.zone

150 Opening BINARY mode data connection for in-addr.arpa.zone (229871 bytes).
Length: 229871 (224K)

     0K .......... .......... .......... .......... .......... 22% 84.5K 2s
    50K .......... .......... .......... .......... .......... 44%  206K 1s
   100K .......... .......... .......... .......... .......... 66% 6.28M 0s
   150K .......... .......... .......... .......... .......... 89%  203K 0s
   200K .......... .......... ....                            100%  101K=1.3s

226 Transfer complete.
2017-04-17 00:00:37 (169 KB/s) - ‘./domain/in-addr.arpa.zone’ saved [229871]

The sizes do not match (local 90619) -- retrieving.

--2017-04-17 00:00:37--  ftp://ftp.internic.net/domain/in-addr.arpa.zone.gz
           => ‘./domain/in-addr.arpa.zone.gz’
==> CWD not required.
--> PASV

227 Entering Passive Mode (192,0,32,9,182,36)
--> RETR in-addr.arpa.zone.gz

150 Opening BINARY mode data connection for in-addr.arpa.zone.gz (90626 bytes).
Length: 90626 (89K)

     0K .......... .......... .......... .......... .......... 56% 83.6K 0s
    50K .......... .......... .......... ........             100% 8.49M=0.6s

226 Transfer complete.
2017-04-17 00:00:38 (147 KB/s) - ‘./domain/in-addr.arpa.zone.gz’ saved [90626]

Remote file is newer than local file ‘./domain/in-addr.arpa.zone.gz.md5’ -- retrieving.

--2017-04-17 00:00:38--  ftp://ftp.internic.net/domain/in-addr.arpa.zone.gz.md5
           => ‘./domain/in-addr.arpa.zone.gz.md5’
==> CWD not required.
--> PASV

227 Entering Passive Mode (192,0,32,9,103,197)
--> RETR in-addr.arpa.zone.gz.md5

150 Opening BINARY mode data connection for in-addr.arpa.zone.gz.md5 (60 bytes).
Length: 60

     0K                                                       100%  705 =0.09s

226 Transfer complete.
2017-04-17 00:00:39 (705 B/s) - ‘./domain/in-addr.arpa.zone.gz.md5’ saved [60]

Remote file is newer than local file ‘./domain/in-addr.arpa.zone.gz.sha256’ -- retrieving.

--2017-04-17 00:00:39--  ftp://ftp.internic.net/domain/in-addr.arpa.zone.gz.sha256
           => ‘./domain/in-addr.arpa.zone.gz.sha256’
==> CWD not required.
--> PASV

227 Entering Passive Mode (192,0,32,9,197,48)
--> RETR in-addr.arpa.zone.gz.sha256

150 Opening BINARY mode data connection for in-addr.arpa.zone.gz.sha256 (95 bytes).
Length: 95

     0K                                                       100% 1.52K=0.06s

226 Transfer complete.
2017-04-17 00:00:40 (1.52 KB/s) - ‘./domain/in-addr.arpa.zone.gz.sha256’ saved [95]

Remote file is newer than local file ‘./domain/in-addr.arpa.zone.md5’ -- retrieving.

--2017-04-17 00:00:40--  ftp://ftp.internic.net/domain/in-addr.arpa.zone.md5
           => ‘./domain/in-addr.arpa.zone.md5’
==> CWD not required.
--> PASV

227 Entering Passive Mode (192,0,32,9,112,56)
--> RETR in-addr.arpa.zone.md5

150 Opening BINARY mode data connection for in-addr.arpa.zone.md5 (57 bytes).
Length: 57

     0K                                                       100%  661 =0.09s

226 Transfer complete.
2017-04-17 00:00:41 (661 B/s) - ‘./domain/in-addr.arpa.zone.md5’ saved [57]

Remote file is newer than local file ‘./domain/in-addr.arpa.zone.sha256’ -- retrieving.

--2017-04-17 00:00:41--  ftp://ftp.internic.net/domain/in-addr.arpa.zone.sha256
           => ‘./domain/in-addr.arpa.zone.sha256’
==> CWD not required.
--> PASV

227 Entering Passive Mode (192,0,32,9,167,229)
--> RETR in-addr.arpa.zone.sha256

150 Opening BINARY mode data connection for in-addr.arpa.zone.sha256 (92 bytes).
Length: 92

     0K                                                       100% 5.97K=0.02s

226 Transfer complete.
2017-04-17 00:00:42 (5.97 KB/s) - ‘./domain/in-addr.arpa.zone.sha256’ saved [92]

Remote file is newer than local file ‘./domain/ip6.arpa’ -- retrieving.

--2017-04-17 00:00:42--  ftp://ftp.internic.net/domain/ip6.arpa
           => ‘./domain/ip6.arpa’
==> CWD not required.
--> PASV

227 Entering Passive Mode (192,0,32,9,176,98)
--> RETR ip6.arpa

150 Opening BINARY mode data connection for ip6.arpa (61853 bytes).
Length: 61853 (60K)

     0K .......... .......... .......... .......... .......... 82%  102K 0s
    50K ..........                                            100% 40.8M=0.5s

226 Transfer complete.
2017-04-17 00:00:44 (123 KB/s) - ‘./domain/ip6.arpa’ saved [61853]

The sizes do not match (local 24430) -- retrieving.

--2017-04-17 00:00:44--  ftp://ftp.internic.net/domain/ip6.arpa.gz
           => ‘./domain/ip6.arpa.gz’
==> CWD not required.
--> PASV

227 Entering Passive Mode (192,0,32,9,42,2)
--> RETR ip6.arpa.gz

150 Opening BINARY mode data connection for ip6.arpa.gz (24437 bytes).
Length: 24437 (24K)

     0K .......... .......... ...                             100%  101K=0.2s

226 Transfer complete.
2017-04-17 00:00:45 (101 KB/s) - ‘./domain/ip6.arpa.gz’ saved [24437]

Remote file is newer than local file ‘./domain/ip6.arpa.gz.md5’ -- retrieving.

--2017-04-17 00:00:45--  ftp://ftp.internic.net/domain/ip6.arpa.gz.md5
           => ‘./domain/ip6.arpa.gz.md5’
==> CWD not required.
--> PASV

227 Entering Passive Mode (192,0,32,9,41,219)
--> RETR ip6.arpa.gz.md5

150 Opening BINARY mode data connection for ip6.arpa.gz.md5 (51 bytes).
Length: 51

     0K                                                       100%  837 =0.06s

226 Transfer complete.
2017-04-17 00:00:46 (837 B/s) - ‘./domain/ip6.arpa.gz.md5’ saved [51]

Remote file is newer than local file ‘./domain/ip6.arpa.gz.sha256’ -- retrieving.

--2017-04-17 00:00:46--  ftp://ftp.internic.net/domain/ip6.arpa.gz.sha256
           => ‘./domain/ip6.arpa.gz.sha256’
==> CWD not required.
--> PASV

227 Entering Passive Mode (192,0,32,9,206,108)
--> RETR ip6.arpa.gz.sha256

150 Opening BINARY mode data connection for ip6.arpa.gz.sha256 (86 bytes).
Length: 86

     0K                                                       100% 1.00K=0.08s

226 Transfer complete.
2017-04-17 00:00:47 (1.00 KB/s) - ‘./domain/ip6.arpa.gz.sha256’ saved [86]

Remote file is newer than local file ‘./domain/ip6.arpa.md5’ -- retrieving.

--2017-04-17 00:00:47--  ftp://ftp.internic.net/domain/ip6.arpa.md5
           => ‘./domain/ip6.arpa.md5’
==> CWD not required.
--> PASV

227 Entering Passive Mode (192,0,32,9,86,4)
--> RETR ip6.arpa.md5

150 Opening BINARY mode data connection for ip6.arpa.md5 (48 bytes).
Length: 48

     0K                                                       100% 2.69K=0.02s

226 Transfer complete.
2017-04-17 00:00:48 (2.69 KB/s) - ‘./domain/ip6.arpa.md5’ saved [48]

Remote file is newer than local file ‘./domain/ip6.arpa.sha256’ -- retrieving.

--2017-04-17 00:00:48--  ftp://ftp.internic.net/domain/ip6.arpa.sha256
           => ‘./domain/ip6.arpa.sha256’
==> CWD not required.
--> PASV

227 Entering Passive Mode (192,0,32,9,41,188)
--> RETR ip6.arpa.sha256

150 Opening BINARY mode data connection for ip6.arpa.sha256 (83 bytes).
Length: 83

     0K                                                       100% 10.9K=0.007s

226 Transfer complete.
2017-04-17 00:00:49 (10.9 KB/s) - ‘./domain/ip6.arpa.sha256’ saved [83]

Remote file is newer than local file ‘./domain/ip6.arpa.zone’ -- retrieving.

--2017-04-17 00:00:49--  ftp://ftp.internic.net/domain/ip6.arpa.zone
           => ‘./domain/ip6.arpa.zone’
==> CWD not required.
--> PASV

227 Entering Passive Mode (192,0,32,9,253,117)
--> RETR ip6.arpa.zone

150 Opening BINARY mode data connection for ip6.arpa.zone (61853 bytes).
Length: 61853 (60K)

     0K .......... .......... .......... .......... .......... 82%  103K 0s
    50K ..........                                            100% 14.2M=0.5s

226 Transfer complete.
2017-04-17 00:00:50 (124 KB/s) - ‘./domain/ip6.arpa.zone’ saved [61853]

The sizes do not match (local 24430) -- retrieving.

--2017-04-17 00:00:50--  ftp://ftp.internic.net/domain/ip6.arpa.zone.gz
           => ‘./domain/ip6.arpa.zone.gz’
==> CWD not required.
--> PASV

227 Entering Passive Mode (192,0,32,9,121,204)
--> RETR ip6.arpa.zone.gz

150 Opening BINARY mode data connection for ip6.arpa.zone.gz (24437 bytes).
Length: 24437 (24K)

     0K .......... .......... ...                             100% 87.1K=0.3s

226 Transfer complete.
2017-04-17 00:00:52 (87.1 KB/s) - ‘./domain/ip6.arpa.zone.gz’ saved [24437]

Remote file is newer than local file ‘./domain/ip6.arpa.zone.gz.md5’ -- retrieving.

--2017-04-17 00:00:52--  ftp://ftp.internic.net/domain/ip6.arpa.zone.gz.md5
           => ‘./domain/ip6.arpa.zone.gz.md5’
==> CWD not required.
--> PASV

227 Entering Passive Mode (192,0,32,9,227,1)
--> RETR ip6.arpa.zone.gz.md5

150 Opening BINARY mode data connection for ip6.arpa.zone.gz.md5 (56 bytes).
Length: 56

     0K                                                       100% 23.3K=0.002s

226 Transfer complete.
2017-04-17 00:00:53 (23.3 KB/s) - ‘./domain/ip6.arpa.zone.gz.md5’ saved [56]

Remote file is newer than local file ‘./domain/ip6.arpa.zone.gz.sha256’ -- retrieving.

--2017-04-17 00:00:53--  ftp://ftp.internic.net/domain/ip6.arpa.zone.gz.sha256
           => ‘./domain/ip6.arpa.zone.gz.sha256’
==> CWD not required.
--> PASV

227 Entering Passive Mode (192,0,32,9,79,23)
--> RETR ip6.arpa.zone.gz.sha256

150 Opening BINARY mode data connection for ip6.arpa.zone.gz.sha256 (91 bytes).
Length: 91

     0K                                                       100%  442K=0s

226 Transfer complete.
2017-04-17 00:00:54 (442 KB/s) - ‘./domain/ip6.arpa.zone.gz.sha256’ saved [91]

Remote file is newer than local file ‘./domain/ip6.arpa.zone.md5’ -- retrieving.

--2017-04-17 00:00:54--  ftp://ftp.internic.net/domain/ip6.arpa.zone.md5
           => ‘./domain/ip6.arpa.zone.md5’
==> CWD not required.
--> PASV

227 Entering Passive Mode (192,0,32,9,41,17)
--> RETR ip6.arpa.zone.md5

150 Opening BINARY mode data connection for ip6.arpa.zone.md5 (53 bytes).
Length: 53

     0K                                                       100% 2.37K=0.02s

226 Transfer complete.
2017-04-17 00:00:55 (2.37 KB/s) - ‘./domain/ip6.arpa.zone.md5’ saved [53]

Remote file is newer than local file ‘./domain/ip6.arpa.zone.sha256’ -- retrieving.

--2017-04-17 00:00:55--  ftp://ftp.internic.net/domain/ip6.arpa.zone.sha256
           => ‘./domain/ip6.arpa.zone.sha256’
==> CWD not required.
--> PASV

227 Entering Passive Mode (192,0,32,9,82,224)
--> RETR ip6.arpa.zone.sha256

150 Opening BINARY mode data connection for ip6.arpa.zone.sha256 (88 bytes).
Length: 88

     0K                                                       100% 27.5K=0.003s

226 Transfer complete.
2017-04-17 00:00:56 (27.5 KB/s) - ‘./domain/ip6.arpa.zone.sha256’ saved [88]

Remote file is newer than local file ‘./domain/last_update.txt’ -- retrieving.

--2017-04-17 00:00:56--  ftp://ftp.internic.net/domain/last_update.txt
           => ‘./domain/last_update.txt’
==> CWD not required.
--> PASV

227 Entering Passive Mode (192,0,32,9,42,168)
--> RETR last_update.txt

150 Opening BINARY mode data connection for last_update.txt (21 bytes).
Length: 21

     0K                                                       100%  152K=0s

226 Transfer complete.
2017-04-17 00:00:57 (152 KB/s) - ‘./domain/last_update.txt’ saved [21]

Remote file no newer than local file ‘./domain/named.cache’ -- not retrieving.
Remote file no newer than local file ‘./domain/named.cache.md5’ -- not retrieving.
Remote file no newer than local file ‘./domain/named.cache.sig’ -- not retrieving.
Remote file no newer than local file ‘./domain/named.root’ -- not retrieving.
Remote file no newer than local file ‘./domain/named.root.md5’ -- not retrieving.
Remote file no newer than local file ‘./domain/named.root.sig’ -- not retrieving.
Remote file no newer than local file ‘./domain/root-servers.net.zone’ -- not retrieving.
Remote file no newer than local file ‘./domain/root-servers.net.zone.gz’ -- not retrieving.
Remote file no newer than local file ‘./domain/root-servers.net.zone.gz.md5’ -- not retrieving.
Remote file no newer than local file ‘./domain/root-servers.net.zone.gz.sig’ -- not retrieving.
Remote file is newer than local file ‘./domain/root.zone’ -- retrieving.

--2017-04-17 00:00:57--  ftp://ftp.internic.net/domain/root.zone
           => ‘./domain/root.zone’
==> CWD not required.
--> PASV

227 Entering Passive Mode (192,0,32,9,42,101)
--> RETR root.zone

150 Opening BINARY mode data connection for root.zone (2235246 bytes).
Length: 2235246 (2.1M)

     0K .......... .......... .......... .......... ..........  2% 82.7K 26s
    50K .......... .......... .......... .......... ..........  4%  207K 18s
   100K .......... .......... .......... .......... ..........  6% 10.1M 12s
   150K .......... .......... .......... .......... ..........  9%  206K 11s
   200K .......... .......... .......... .......... .......... 11% 10.4M 8s
   250K .......... .......... .......... .......... .......... 13%  103K 10s
   300K .......... .......... .......... .......... .......... 16% 18.1M 8s
   350K .......... .......... .......... .......... .......... 18% 23.9M 7s
   400K .......... .......... .......... .......... .......... 20%  231K 7s
   450K .......... .......... .......... .......... .......... 22% 3.77M 6s
   500K .......... .......... .......... .......... .......... 25% 17.7M 5s
   550K .......... .......... .......... .......... .......... 27% 31.7M 5s
   600K .......... .......... .......... .......... .......... 29% 36.2M 4s
   650K .......... .......... .......... .......... .......... 32% 36.7M 4s
   700K .......... .......... .......... .......... .......... 34%  225K 4s
   750K .......... .......... .......... .......... .......... 36% 7.44M 4s
   800K .......... .......... .......... .......... .......... 38% 5.03M 3s
   850K .......... .......... .......... .......... .......... 41%  222K 3s
   900K .......... .......... .......... .......... .......... 43% 5.44M 3s
   950K .......... .......... .......... .......... .......... 45% 9.34M 3s
  1000K .......... .......... .......... .......... .......... 48% 5.71M 2s
  1050K .......... .......... .......... .......... .......... 50%  223K 2s
  1100K .......... .......... .......... .......... .......... 52% 7.33M 2s
  1150K .......... .......... .......... .......... .......... 54% 5.42M 2s
  1200K .......... .......... .......... .......... .......... 57%  221K 2s
  1250K .......... .......... .......... .......... .......... 59% 6.01M 2s
  1300K .......... .......... .......... .......... .......... 61% 6.69M 2s
  1350K .......... .......... .......... .......... .......... 64% 10.3M 2s
  1400K .......... .......... .......... .......... .......... 66%  224K 2s
  1450K .......... .......... .......... .......... .......... 68% 5.16M 1s
  1500K .......... .......... .......... .......... .......... 71% 13.7M 1s
  1550K .......... .......... .......... .......... .......... 73% 8.11M 1s
  1600K .......... .......... .......... .......... .......... 75%  218K 1s
  1650K .......... .......... .......... .......... .......... 77% 4.51M 1s
  1700K .......... .......... .......... .......... .......... 80% 26.0M 1s
  1750K .......... .......... .......... .......... .......... 82% 8.11M 1s
  1800K .......... .......... .......... .......... .......... 84% 6.03M 1s
  1850K .......... .......... .......... .......... .......... 87%  226K 1s
  1900K .......... .......... .......... .......... .......... 89% 15.0M 0s
  1950K .......... .......... .......... .......... .......... 91% 6.77M 0s
  2000K .......... .......... .......... .......... .......... 93% 5.91M 0s
  2050K .......... .......... .......... .......... .......... 96%  226K 0s
  2100K .......... .......... .......... .......... .......... 98% 9.39M 0s
  2150K .......... .......... .......... ..                   100% 12.6M=3.8s

226 Transfer complete.
2017-04-17 00:01:01 (580 KB/s) - ‘./domain/root.zone’ saved [2235246]

The sizes do not match (local 1049700) -- retrieving.

--2017-04-17 00:01:01--  ftp://ftp.internic.net/domain/root.zone.gz
           => ‘./domain/root.zone.gz’
==> CWD not required.
--> PASV

227 Entering Passive Mode (192,0,32,9,41,124)
--> RETR root.zone.gz

150 Opening BINARY mode data connection for root.zone.gz (1049724 bytes).
Length: 1049724 (1.0M)

     0K .......... .......... .......... .......... ..........  4%  110K 9s
    50K .......... .......... .......... .......... ..........  9%  227K 6s
   100K .......... .......... .......... .......... .......... 14% 7.17M 4s
   150K .......... .......... .......... .......... .......... 19%  225K 4s
   200K .......... .......... .......... .......... .......... 24%  225K 3s
   250K .......... .......... .......... .......... .......... 29%  231K 3s
   300K .......... .......... .......... .......... .......... 34%  221K 3s
   350K .......... .......... .......... .......... .......... 39%  235K 3s
   400K .......... .......... .......... .......... .......... 43% 37.9M 2s
   450K .......... .......... .......... .......... .......... 48% 28.1M 2s
   500K .......... .......... .......... .......... .......... 53% 36.9M 2s
   550K .......... .......... .......... .......... .......... 58% 38.9M 1s
   600K .......... .......... .......... .......... .......... 63% 37.3M 1s
   650K .......... .......... .......... .......... .......... 68%  246K 1s
   700K .......... .......... .......... .......... .......... 73% 11.9M 1s
   750K .......... .......... .......... .......... .......... 78%  235K 1s
   800K .......... .......... .......... .......... .......... 82% 4.26M 0s
   850K .......... .......... .......... .......... .......... 87% 15.0M 0s
   900K .......... .......... .......... .......... .......... 92%  232K 0s
   950K .......... .......... .......... .......... .......... 97% 11.1M 0s
  1000K .......... .......... .....                           100% 12.3M=2.4s

226 Transfer complete.
2017-04-17 00:01:05 (420 KB/s) - ‘./domain/root.zone.gz’ saved [1049724]

Remote file is newer than local file ‘./domain/root.zone.gz.md5’ -- retrieving.

--2017-04-17 00:01:05--  ftp://ftp.internic.net/domain/root.zone.gz.md5
           => ‘./domain/root.zone.gz.md5’
==> CWD not required.
--> PASV

227 Entering Passive Mode (192,0,32,9,195,198)
--> RETR root.zone.gz.md5

150 Opening BINARY mode data connection for root.zone.gz.md5 (33 bytes).
Length: 33

     0K                                                       100%  817 =0.04s

226 Transfer complete.
2017-04-17 00:01:06 (817 B/s) - ‘./domain/root.zone.gz.md5’ saved [33]

Remote file is newer than local file ‘./domain/root.zone.gz.sig’ -- retrieving.

--2017-04-17 00:01:06--  ftp://ftp.internic.net/domain/root.zone.gz.sig
           => ‘./domain/root.zone.gz.sig’
==> CWD not required.
--> PASV

227 Entering Passive Mode (192,0,32,9,143,42)
--> RETR root.zone.gz.sig

150 Opening BINARY mode data connection for root.zone.gz.sig (72 bytes).
Length: 72

     0K                                                       100% 5.47K=0.01s

226 Transfer complete.
2017-04-17 00:01:07 (5.47 KB/s) - ‘./domain/root.zone.gz.sig’ saved [72]

Remote file is newer than local file ‘./domain/root.zone.md5’ -- retrieving.

--2017-04-17 00:01:07--  ftp://ftp.internic.net/domain/root.zone.md5
           => ‘./domain/root.zone.md5’
==> CWD not required.
--> PASV

227 Entering Passive Mode (192,0,32,9,27,36)
--> RETR root.zone.md5

150 Opening BINARY mode data connection for root.zone.md5 (33 bytes).
Length: 33

     0K                                                       100% 3.10K=0.01s

226 Transfer complete.
2017-04-17 00:01:08 (3.10 KB/s) - ‘./domain/root.zone.md5’ saved [33]

Remote file is newer than local file ‘./domain/root.zone.sig’ -- retrieving.

--2017-04-17 00:01:08--  ftp://ftp.internic.net/domain/root.zone.sig
           => ‘./domain/root.zone.sig’
==> CWD not required.
--> PASV

227 Entering Passive Mode (192,0,32,9,80,210)
--> RETR root.zone.sig

150 Opening BINARY mode data connection for root.zone.sig (72 bytes).
Length: 72

     0K                                                       100%  676K=0s

226 Transfer complete.
2017-04-17 00:01:09 (676 KB/s) - ‘./domain/root.zone.sig’ saved [72]

FINISHED --2017-04-17 00:01:09--
Total wall clock time: 1m 7s
Downloaded: 40 files, 3.9M in 12s (330 KB/s)
