--2017-03-14 20:42:43--  ftp://ftp.internic.net/*
           => ‘./.listing’
Resolving ftp.internic.net (ftp.internic.net)... 192.0.32.9, 2620:0:2d0:200::9
Connecting to ftp.internic.net (ftp.internic.net)|192.0.32.9|:21... connected.
Logging in as anonymous ... 
220 Internic FTP Server
--> USER anonymous

331 Please specify the password.
--> PASS Turtle Power!

230 Login successful.
--> SYST

215 UNIX Type: L8
--> PWD

257 "/"
--> TYPE I

200 Switching to Binary mode.
==> CWD not needed.
--> PASV

227 Entering Passive Mode (192,0,32,9,143,95)
--> LIST -a

150 Here comes the directory listing.

     0K                                                        1.29M=0s

226 Directory send OK.
drwxr-xr-x    3 ftp      ftp          4096 Apr 04  2012 .
drwxr-xr-x    3 ftp      ftp          4096 Apr 04  2012 ..
drwxr-xr-x    2 ftp      ftp          4096 Sep 09  2015 domain
2017-03-14 20:42:46 (1.29 MB/s) - ‘./.listing’ saved [183]

--2017-03-14 20:42:46--  ftp://ftp.internic.net/domain/*
           => ‘./domain/.listing’
--> CWD /domain

250 Directory successfully changed.
--> PASV

227 Entering Passive Mode (192,0,32,9,33,108)
--> LIST -a

150 Here comes the directory listing.

     0K ...                                                     746K=0.005s

226 Directory send OK.
drwxr-xr-x    2 ftp      ftp          4096 Sep 09  2015 .
drwxr-xr-x    3 ftp      ftp          4096 Apr 04  2012 ..
-rw-r--r--    1 ftp      ftp          1829 Aug 18  2015 .listing
-rw-r--r--    1 ftp      ftp          1224 Mar 14 12:24 INTERNIC_ROOT_ZONE.signatures
-rw-r--r--    1 ftp      ftp          1469 Mar 14 12:24 INTERNIC_ROOT_ZONE.signatures.asc
-rw-r--r--    1 ftp      ftp         15186 Mar 14 12:24 arpa.zone
-rw-r--r--    1 ftp      ftp          6638 Mar 14 12:24 arpa.zone.gz
-rw-r--r--    1 ftp      ftp            33 Mar 14 12:24 arpa.zone.gz.md5
-rw-r--r--    1 ftp      ftp            72 Mar 14 12:24 arpa.zone.gz.sig
-rw-r--r--    1 ftp      ftp          3291 Oct 20 19:35 db.cache
-rw-r--r--    1 ftp      ftp            33 Oct 20 19:35 db.cache.md5
-rw-r--r--    1 ftp      ftp            72 Oct 20 19:35 db.cache.sig
-rw-r--r--    1 ftp      ftp        228015 Mar 14 12:41 in-addr.arpa
-rw-r--r--    1 ftp      ftp         90406 Mar 14 12:41 in-addr.arpa.gz
-rw-r--r--    1 ftp      ftp            55 Mar 14 12:41 in-addr.arpa.gz.md5
-rw-r--r--    1 ftp      ftp            90 Mar 14 12:41 in-addr.arpa.gz.sha256
-rw-r--r--    1 ftp      ftp            52 Mar 14 12:41 in-addr.arpa.md5
-rw-r--r--    1 ftp      ftp            87 Mar 14 12:41 in-addr.arpa.sha256
-rw-r--r--    1 ftp      ftp        228015 Mar 14 12:41 in-addr.arpa.zone
-rw-r--r--    1 ftp      ftp         90406 Mar 14 12:41 in-addr.arpa.zone.gz
-rw-r--r--    1 ftp      ftp            60 Mar 14 12:41 in-addr.arpa.zone.gz.md5
-rw-r--r--    1 ftp      ftp            95 Mar 14 12:41 in-addr.arpa.zone.gz.sha256
-rw-r--r--    1 ftp      ftp            57 Mar 14 12:41 in-addr.arpa.zone.md5
-rw-r--r--    1 ftp      ftp            92 Mar 14 12:41 in-addr.arpa.zone.sha256
-rw-r--r--    1 ftp      ftp         60746 Mar 14 12:41 ip6.arpa
-rw-r--r--    1 ftp      ftp         24337 Mar 14 12:41 ip6.arpa.gz
-rw-r--r--    1 ftp      ftp            51 Mar 14 12:41 ip6.arpa.gz.md5
-rw-r--r--    1 ftp      ftp            86 Mar 14 12:41 ip6.arpa.gz.sha256
-rw-r--r--    1 ftp      ftp            48 Mar 14 12:41 ip6.arpa.md5
-rw-r--r--    1 ftp      ftp            83 Mar 14 12:41 ip6.arpa.sha256
-rw-r--r--    1 ftp      ftp         60746 Mar 14 12:41 ip6.arpa.zone
-rw-r--r--    1 ftp      ftp         24337 Mar 14 12:41 ip6.arpa.zone.gz
-rw-r--r--    1 ftp      ftp            56 Mar 14 12:41 ip6.arpa.zone.gz.md5
-rw-r--r--    1 ftp      ftp            91 Mar 14 12:41 ip6.arpa.zone.gz.sha256
-rw-r--r--    1 ftp      ftp            53 Mar 14 12:41 ip6.arpa.zone.md5
-rw-r--r--    1 ftp      ftp            88 Mar 14 12:41 ip6.arpa.zone.sha256
-rw-r--r--    1 ftp      ftp            21 Mar 14 12:41 last_update.txt
-rw-r--r--    1 ftp      ftp          3291 Oct 20 19:35 named.cache
-rw-r--r--    1 ftp      ftp            33 Oct 20 19:35 named.cache.md5
-rw-r--r--    1 ftp      ftp            72 Oct 20 19:35 named.cache.sig
-rw-r--r--    1 ftp      ftp          3291 Oct 20 19:35 named.root
-rw-r--r--    1 ftp      ftp            33 Oct 20 19:35 named.root.md5
-rw-r--r--    1 ftp      ftp            72 Oct 20 19:35 named.root.sig
-rw-r--r--    1 ftp      ftp          2110 Oct 20 19:35 root-servers.net.zone
-rw-r--r--    1 ftp      ftp           574 Oct 20 19:35 root-servers.net.zone.gz
-rw-r--r--    1 ftp      ftp            33 Oct 20 19:35 root-servers.net.zone.gz.md5
-rw-r--r--    1 ftp      ftp            72 Oct 20 19:35 root-servers.net.zone.gz.sig
-rw-r--r--    1 ftp      ftp       2230823 Mar 14 05:36 root.zone
-rw-r--r--    1 ftp      ftp       1047782 Mar 14 05:36 root.zone.gz
-rw-r--r--    1 ftp      ftp            33 Mar 14 05:36 root.zone.gz.md5
-rw-r--r--    1 ftp      ftp            72 Mar 14 05:36 root.zone.gz.sig
-rw-r--r--    1 ftp      ftp            33 Mar 14 05:36 root.zone.md5
-rw-r--r--    1 ftp      ftp            72 Mar 14 05:36 root.zone.sig
2017-03-14 20:42:47 (746 KB/s) - ‘./domain/.listing’ saved [3930]

The sizes do not match (local 3930) -- retrieving.

--2017-03-14 20:42:47--  ftp://ftp.internic.net/domain/.listing
           => ‘./domain/.listing’
==> CWD not required.
--> PASV

227 Entering Passive Mode (192,0,32,9,99,233)
--> RETR .listing

150 Opening BINARY mode data connection for .listing (1829 bytes).
Length: 1829 (1.8K)

     0K .                                                     100% 15.3M=0s

226 Transfer complete.
2017-03-14 20:42:48 (15.3 MB/s) - ‘./domain/.listing’ saved [1829]

Remote file is newer than local file ‘./domain/INTERNIC_ROOT_ZONE.signatures’ -- retrieving.

--2017-03-14 20:42:48--  ftp://ftp.internic.net/domain/INTERNIC_ROOT_ZONE.signatures
           => ‘./domain/INTERNIC_ROOT_ZONE.signatures’
==> CWD not required.
--> PASV

227 Entering Passive Mode (192,0,32,9,30,100)
--> RETR INTERNIC_ROOT_ZONE.signatures

150 Opening BINARY mode data connection for INTERNIC_ROOT_ZONE.signatures (1224 bytes).
Length: 1224 (1.2K)

     0K .                                                     100% 10.3M=0s

226 Transfer complete.
2017-03-14 20:42:49 (10.3 MB/s) - ‘./domain/INTERNIC_ROOT_ZONE.signatures’ saved [1224]

Remote file is newer than local file ‘./domain/INTERNIC_ROOT_ZONE.signatures.asc’ -- retrieving.

--2017-03-14 20:42:49--  ftp://ftp.internic.net/domain/INTERNIC_ROOT_ZONE.signatures.asc
           => ‘./domain/INTERNIC_ROOT_ZONE.signatures.asc’
==> CWD not required.
--> PASV

227 Entering Passive Mode (192,0,32,9,238,19)
--> RETR INTERNIC_ROOT_ZONE.signatures.asc

150 Opening BINARY mode data connection for INTERNIC_ROOT_ZONE.signatures.asc (1469 bytes).
Length: 1469 (1.4K)

     0K .                                                     100% 1.66M=0.001s

226 Transfer complete.
2017-03-14 20:42:49 (1.66 MB/s) - ‘./domain/INTERNIC_ROOT_ZONE.signatures.asc’ saved [1469]

Remote file is newer than local file ‘./domain/arpa.zone’ -- retrieving.

--2017-03-14 20:42:49--  ftp://ftp.internic.net/domain/arpa.zone
           => ‘./domain/arpa.zone’
==> CWD not required.
--> PASV

227 Entering Passive Mode (192,0,32,9,41,41)
--> RETR arpa.zone

150 Opening BINARY mode data connection for arpa.zone (15186 bytes).
Length: 15186 (15K)

     0K .......... ....                                       100% 3.55M=0.004s

226 Transfer complete.
2017-03-14 20:42:50 (3.55 MB/s) - ‘./domain/arpa.zone’ saved [15186]

The sizes do not match (local 6643) -- retrieving.

--2017-03-14 20:42:50--  ftp://ftp.internic.net/domain/arpa.zone.gz
           => ‘./domain/arpa.zone.gz’
==> CWD not required.
--> PASV

227 Entering Passive Mode (192,0,32,9,143,101)
--> RETR arpa.zone.gz

150 Opening BINARY mode data connection for arpa.zone.gz (6638 bytes).
Length: 6638 (6.5K)

     0K ......                                                100% 5.01M=0.001s

226 Transfer complete.
2017-03-14 20:42:51 (5.01 MB/s) - ‘./domain/arpa.zone.gz’ saved [6638]

Remote file is newer than local file ‘./domain/arpa.zone.gz.md5’ -- retrieving.

--2017-03-14 20:42:51--  ftp://ftp.internic.net/domain/arpa.zone.gz.md5
           => ‘./domain/arpa.zone.gz.md5’
==> CWD not required.
--> PASV

227 Entering Passive Mode (192,0,32,9,178,127)
--> RETR arpa.zone.gz.md5

150 Opening BINARY mode data connection for arpa.zone.gz.md5 (33 bytes).
Length: 33

     0K                                                       100%  293K=0s

226 Transfer complete.
2017-03-14 20:42:51 (293 KB/s) - ‘./domain/arpa.zone.gz.md5’ saved [33]

Remote file is newer than local file ‘./domain/arpa.zone.gz.sig’ -- retrieving.

--2017-03-14 20:42:51--  ftp://ftp.internic.net/domain/arpa.zone.gz.sig
           => ‘./domain/arpa.zone.gz.sig’
==> CWD not required.
--> PASV

227 Entering Passive Mode (192,0,32,9,150,107)
--> RETR arpa.zone.gz.sig

150 Opening BINARY mode data connection for arpa.zone.gz.sig (72 bytes).
Length: 72

     0K                                                       100%  628K=0s

226 Transfer complete.
2017-03-14 20:42:52 (628 KB/s) - ‘./domain/arpa.zone.gz.sig’ saved [72]

Remote file no newer than local file ‘./domain/db.cache’ -- not retrieving.
Remote file no newer than local file ‘./domain/db.cache.md5’ -- not retrieving.
Remote file no newer than local file ‘./domain/db.cache.sig’ -- not retrieving.
Remote file is newer than local file ‘./domain/in-addr.arpa’ -- retrieving.

--2017-03-14 20:42:52--  ftp://ftp.internic.net/domain/in-addr.arpa
           => ‘./domain/in-addr.arpa’
==> CWD not required.
--> PASV

227 Entering Passive Mode (192,0,32,9,41,78)
--> RETR in-addr.arpa

150 Opening BINARY mode data connection for in-addr.arpa (228015 bytes).
Length: 228015 (223K)

     0K .......... .......... .......... .......... .......... 22%  151K 1s
    50K .......... .......... .......... .......... .......... 44%  306K 1s
   100K .......... .......... .......... .......... .......... 67% 7.33M 0s
   150K .......... .......... .......... .......... .......... 89%  305K 0s
   200K .......... .......... ..                              100%  143K=0.8s

226 Transfer complete.
2017-03-14 20:42:54 (270 KB/s) - ‘./domain/in-addr.arpa’ saved [228015]

Remote file is newer than local file ‘./domain/in-addr.arpa.gz’ -- retrieving.

--2017-03-14 20:42:54--  ftp://ftp.internic.net/domain/in-addr.arpa.gz
           => ‘./domain/in-addr.arpa.gz’
==> CWD not required.
--> PASV

227 Entering Passive Mode (192,0,32,9,78,238)
--> RETR in-addr.arpa.gz

150 Opening BINARY mode data connection for in-addr.arpa.gz (90406 bytes).
Length: 90406 (88K)

     0K .......... .......... .......... .......... .......... 56%  148K 0s
    50K .......... .......... .......... ........             100% 13.8M=0.3s

226 Transfer complete.
2017-03-14 20:42:55 (260 KB/s) - ‘./domain/in-addr.arpa.gz’ saved [90406]

Remote file is newer than local file ‘./domain/in-addr.arpa.gz.md5’ -- retrieving.

--2017-03-14 20:42:55--  ftp://ftp.internic.net/domain/in-addr.arpa.gz.md5
           => ‘./domain/in-addr.arpa.gz.md5’
==> CWD not required.
--> PASV

227 Entering Passive Mode (192,0,32,9,233,110)
--> RETR in-addr.arpa.gz.md5

150 Opening BINARY mode data connection for in-addr.arpa.gz.md5 (55 bytes).
Length: 55

     0K                                                       100%  344K=0s

226 Transfer complete.
2017-03-14 20:42:55 (344 KB/s) - ‘./domain/in-addr.arpa.gz.md5’ saved [55]

Remote file is newer than local file ‘./domain/in-addr.arpa.gz.sha256’ -- retrieving.

--2017-03-14 20:42:55--  ftp://ftp.internic.net/domain/in-addr.arpa.gz.sha256
           => ‘./domain/in-addr.arpa.gz.sha256’
==> CWD not required.
--> PASV

227 Entering Passive Mode (192,0,32,9,160,48)
--> RETR in-addr.arpa.gz.sha256

150 Opening BINARY mode data connection for in-addr.arpa.gz.sha256 (90 bytes).
Length: 90

     0K                                                       100%  792K=0s

226 Transfer complete.
2017-03-14 20:42:56 (792 KB/s) - ‘./domain/in-addr.arpa.gz.sha256’ saved [90]

Remote file is newer than local file ‘./domain/in-addr.arpa.md5’ -- retrieving.

--2017-03-14 20:42:56--  ftp://ftp.internic.net/domain/in-addr.arpa.md5
           => ‘./domain/in-addr.arpa.md5’
==> CWD not required.
--> PASV

227 Entering Passive Mode (192,0,32,9,211,254)
--> RETR in-addr.arpa.md5

150 Opening BINARY mode data connection for in-addr.arpa.md5 (52 bytes).
Length: 52

     0K                                                       100%  243K=0s

226 Transfer complete.
2017-03-14 20:42:57 (243 KB/s) - ‘./domain/in-addr.arpa.md5’ saved [52]

Remote file is newer than local file ‘./domain/in-addr.arpa.sha256’ -- retrieving.

--2017-03-14 20:42:57--  ftp://ftp.internic.net/domain/in-addr.arpa.sha256
           => ‘./domain/in-addr.arpa.sha256’
==> CWD not required.
--> PASV

227 Entering Passive Mode (192,0,32,9,6,203)
--> RETR in-addr.arpa.sha256

150 Opening BINARY mode data connection for in-addr.arpa.sha256 (87 bytes).
Length: 87

     0K                                                       100%  772K=0s

226 Transfer complete.
2017-03-14 20:42:57 (772 KB/s) - ‘./domain/in-addr.arpa.sha256’ saved [87]

Remote file is newer than local file ‘./domain/in-addr.arpa.zone’ -- retrieving.

--2017-03-14 20:42:57--  ftp://ftp.internic.net/domain/in-addr.arpa.zone
           => ‘./domain/in-addr.arpa.zone’
==> CWD not required.
--> PASV

227 Entering Passive Mode (192,0,32,9,48,87)
--> RETR in-addr.arpa.zone

150 Opening BINARY mode data connection for in-addr.arpa.zone (228015 bytes).
Length: 228015 (223K)

     0K .......... .......... .......... .......... .......... 22% 97.3K 2s
    50K .......... .......... .......... .......... .......... 44% 40.6M 1s
   100K .......... .......... .......... .......... .......... 67%  148K 0s
   150K .......... .......... .......... .......... .......... 89%  293K 0s
   200K .......... .......... ..                              100% 30.9K=1.8s

226 Transfer complete.
2017-03-14 20:43:00 (127 KB/s) - ‘./domain/in-addr.arpa.zone’ saved [228015]

Remote file is newer than local file ‘./domain/in-addr.arpa.zone.gz’ -- retrieving.

--2017-03-14 20:43:00--  ftp://ftp.internic.net/domain/in-addr.arpa.zone.gz
           => ‘./domain/in-addr.arpa.zone.gz’
==> CWD not required.
--> PASV

227 Entering Passive Mode (192,0,32,9,89,227)
--> RETR in-addr.arpa.zone.gz

150 Opening BINARY mode data connection for in-addr.arpa.zone.gz (90406 bytes).
Length: 90406 (88K)

     0K .......... .......... .......... .......... .......... 56%  147K 0s
    50K .......... .......... .......... ........             100% 12.5M=0.3s

226 Transfer complete.
2017-03-14 20:43:01 (258 KB/s) - ‘./domain/in-addr.arpa.zone.gz’ saved [90406]

Remote file is newer than local file ‘./domain/in-addr.arpa.zone.gz.md5’ -- retrieving.

--2017-03-14 20:43:01--  ftp://ftp.internic.net/domain/in-addr.arpa.zone.gz.md5
           => ‘./domain/in-addr.arpa.zone.gz.md5’
==> CWD not required.
--> PASV

227 Entering Passive Mode (192,0,32,9,61,122)
--> RETR in-addr.arpa.zone.gz.md5

150 Opening BINARY mode data connection for in-addr.arpa.zone.gz.md5 (60 bytes).
Length: 60

     0K                                                       100%  293K=0s

226 Transfer complete.
2017-03-14 20:43:01 (293 KB/s) - ‘./domain/in-addr.arpa.zone.gz.md5’ saved [60]

Remote file is newer than local file ‘./domain/in-addr.arpa.zone.gz.sha256’ -- retrieving.

--2017-03-14 20:43:01--  ftp://ftp.internic.net/domain/in-addr.arpa.zone.gz.sha256
           => ‘./domain/in-addr.arpa.zone.gz.sha256’
==> CWD not required.
--> PASV

227 Entering Passive Mode (192,0,32,9,147,20)
--> RETR in-addr.arpa.zone.gz.sha256

150 Opening BINARY mode data connection for in-addr.arpa.zone.gz.sha256 (95 bytes).
Length: 95

     0K                                                       100%  471K=0s

226 Transfer complete.
2017-03-14 20:43:02 (471 KB/s) - ‘./domain/in-addr.arpa.zone.gz.sha256’ saved [95]

Remote file is newer than local file ‘./domain/in-addr.arpa.zone.md5’ -- retrieving.

--2017-03-14 20:43:02--  ftp://ftp.internic.net/domain/in-addr.arpa.zone.md5
           => ‘./domain/in-addr.arpa.zone.md5’
==> CWD not required.
--> PASV

227 Entering Passive Mode (192,0,32,9,146,5)
--> RETR in-addr.arpa.zone.md5

150 Opening BINARY mode data connection for in-addr.arpa.zone.md5 (57 bytes).
Length: 57

     0K                                                       100%  277K=0s

226 Transfer complete.
2017-03-14 20:43:03 (277 KB/s) - ‘./domain/in-addr.arpa.zone.md5’ saved [57]

Remote file is newer than local file ‘./domain/in-addr.arpa.zone.sha256’ -- retrieving.

--2017-03-14 20:43:03--  ftp://ftp.internic.net/domain/in-addr.arpa.zone.sha256
           => ‘./domain/in-addr.arpa.zone.sha256’
==> CWD not required.
--> PASV

227 Entering Passive Mode (192,0,32,9,159,53)
--> RETR in-addr.arpa.zone.sha256

150 Opening BINARY mode data connection for in-addr.arpa.zone.sha256 (92 bytes).
Length: 92

     0K                                                       100%  809K=0s

226 Transfer complete.
2017-03-14 20:43:04 (809 KB/s) - ‘./domain/in-addr.arpa.zone.sha256’ saved [92]

Remote file is newer than local file ‘./domain/ip6.arpa’ -- retrieving.

--2017-03-14 20:43:04--  ftp://ftp.internic.net/domain/ip6.arpa
           => ‘./domain/ip6.arpa’
==> CWD not required.
--> PASV

227 Entering Passive Mode (192,0,32,9,139,134)
--> RETR ip6.arpa

150 Opening BINARY mode data connection for ip6.arpa (60746 bytes).
Length: 60746 (59K)

     0K .......... .......... .......... .......... .......... 84%  147K 0s
    50K .........                                             100% 11.2M=0.3s

226 Transfer complete.
2017-03-14 20:43:05 (174 KB/s) - ‘./domain/ip6.arpa’ saved [60746]

Remote file is newer than local file ‘./domain/ip6.arpa.gz’ -- retrieving.

--2017-03-14 20:43:05--  ftp://ftp.internic.net/domain/ip6.arpa.gz
           => ‘./domain/ip6.arpa.gz’
==> CWD not required.
--> PASV

227 Entering Passive Mode (192,0,32,9,41,14)
--> RETR ip6.arpa.gz

150 Opening BINARY mode data connection for ip6.arpa.gz (24337 bytes).
Length: 24337 (24K)

     0K .......... .......... ...                             100%  141K=0.2s

226 Transfer complete.
2017-03-14 20:43:05 (141 KB/s) - ‘./domain/ip6.arpa.gz’ saved [24337]

Remote file is newer than local file ‘./domain/ip6.arpa.gz.md5’ -- retrieving.

--2017-03-14 20:43:05--  ftp://ftp.internic.net/domain/ip6.arpa.gz.md5
           => ‘./domain/ip6.arpa.gz.md5’
==> CWD not required.
--> PASV

227 Entering Passive Mode (192,0,32,9,42,74)
--> RETR ip6.arpa.gz.md5

150 Opening BINARY mode data connection for ip6.arpa.gz.md5 (51 bytes).
Length: 51

     0K                                                       100%  337K=0s

226 Transfer complete.
2017-03-14 20:43:06 (337 KB/s) - ‘./domain/ip6.arpa.gz.md5’ saved [51]

Remote file is newer than local file ‘./domain/ip6.arpa.gz.sha256’ -- retrieving.

--2017-03-14 20:43:06--  ftp://ftp.internic.net/domain/ip6.arpa.gz.sha256
           => ‘./domain/ip6.arpa.gz.sha256’
==> CWD not required.
--> PASV

227 Entering Passive Mode (192,0,32,9,41,201)
--> RETR ip6.arpa.gz.sha256

150 Opening BINARY mode data connection for ip6.arpa.gz.sha256 (86 bytes).
Length: 86

     0K                                                       100%  763K=0s

226 Transfer complete.
2017-03-14 20:43:07 (763 KB/s) - ‘./domain/ip6.arpa.gz.sha256’ saved [86]

Remote file is newer than local file ‘./domain/ip6.arpa.md5’ -- retrieving.

--2017-03-14 20:43:07--  ftp://ftp.internic.net/domain/ip6.arpa.md5
           => ‘./domain/ip6.arpa.md5’
==> CWD not required.
--> PASV

227 Entering Passive Mode (192,0,32,9,199,26)
--> RETR ip6.arpa.md5

150 Opening BINARY mode data connection for ip6.arpa.md5 (48 bytes).
Length: 48

     0K                                                       100% 71.9K=0.001s

226 Transfer complete.
2017-03-14 20:43:07 (71.9 KB/s) - ‘./domain/ip6.arpa.md5’ saved [48]

Remote file is newer than local file ‘./domain/ip6.arpa.sha256’ -- retrieving.

--2017-03-14 20:43:07--  ftp://ftp.internic.net/domain/ip6.arpa.sha256
           => ‘./domain/ip6.arpa.sha256’
==> CWD not required.
--> PASV

227 Entering Passive Mode (192,0,32,9,166,204)
--> RETR ip6.arpa.sha256

150 Opening BINARY mode data connection for ip6.arpa.sha256 (83 bytes).
Length: 83

     0K                                                       100%  705K=0s

226 Transfer complete.
2017-03-14 20:43:08 (705 KB/s) - ‘./domain/ip6.arpa.sha256’ saved [83]

Remote file is newer than local file ‘./domain/ip6.arpa.zone’ -- retrieving.

--2017-03-14 20:43:08--  ftp://ftp.internic.net/domain/ip6.arpa.zone
           => ‘./domain/ip6.arpa.zone’
==> CWD not required.
--> PASV

227 Entering Passive Mode (192,0,32,9,79,2)
--> RETR ip6.arpa.zone

150 Opening BINARY mode data connection for ip6.arpa.zone (60746 bytes).
Length: 60746 (59K)

     0K .......... .......... .......... .......... .......... 84%  151K 0s
    50K .........                                             100% 21.5M=0.3s

226 Transfer complete.
2017-03-14 20:43:09 (179 KB/s) - ‘./domain/ip6.arpa.zone’ saved [60746]

Remote file is newer than local file ‘./domain/ip6.arpa.zone.gz’ -- retrieving.

--2017-03-14 20:43:09--  ftp://ftp.internic.net/domain/ip6.arpa.zone.gz
           => ‘./domain/ip6.arpa.zone.gz’
==> CWD not required.
--> PASV

227 Entering Passive Mode (192,0,32,9,166,252)
--> RETR ip6.arpa.zone.gz

150 Opening BINARY mode data connection for ip6.arpa.zone.gz (24337 bytes).
Length: 24337 (24K)

     0K .......... .......... ...                             100%  145K=0.2s

226 Transfer complete.
2017-03-14 20:43:10 (145 KB/s) - ‘./domain/ip6.arpa.zone.gz’ saved [24337]

Remote file is newer than local file ‘./domain/ip6.arpa.zone.gz.md5’ -- retrieving.

--2017-03-14 20:43:10--  ftp://ftp.internic.net/domain/ip6.arpa.zone.gz.md5
           => ‘./domain/ip6.arpa.zone.gz.md5’
==> CWD not required.
--> PASV

227 Entering Passive Mode (192,0,32,9,41,222)
--> RETR ip6.arpa.zone.gz.md5

150 Opening BINARY mode data connection for ip6.arpa.zone.gz.md5 (56 bytes).
Length: 56

     0K                                                       100%  493K=0s

226 Transfer complete.
2017-03-14 20:43:11 (493 KB/s) - ‘./domain/ip6.arpa.zone.gz.md5’ saved [56]

Remote file is newer than local file ‘./domain/ip6.arpa.zone.gz.sha256’ -- retrieving.

--2017-03-14 20:43:11--  ftp://ftp.internic.net/domain/ip6.arpa.zone.gz.sha256
           => ‘./domain/ip6.arpa.zone.gz.sha256’
==> CWD not required.
--> PASV

227 Entering Passive Mode (192,0,32,9,176,45)
--> RETR ip6.arpa.zone.gz.sha256

150 Opening BINARY mode data connection for ip6.arpa.zone.gz.sha256 (91 bytes).
Length: 91

     0K                                                       100%  801K=0s

226 Transfer complete.
2017-03-14 20:43:11 (801 KB/s) - ‘./domain/ip6.arpa.zone.gz.sha256’ saved [91]

Remote file is newer than local file ‘./domain/ip6.arpa.zone.md5’ -- retrieving.

--2017-03-14 20:43:11--  ftp://ftp.internic.net/domain/ip6.arpa.zone.md5
           => ‘./domain/ip6.arpa.zone.md5’
==> CWD not required.
--> PASV

227 Entering Passive Mode (192,0,32,9,228,227)
--> RETR ip6.arpa.zone.md5

150 Opening BINARY mode data connection for ip6.arpa.zone.md5 (53 bytes).
Length: 53

     0K                                                       100%  462K=0s

226 Transfer complete.
2017-03-14 20:43:12 (462 KB/s) - ‘./domain/ip6.arpa.zone.md5’ saved [53]

Remote file is newer than local file ‘./domain/ip6.arpa.zone.sha256’ -- retrieving.

--2017-03-14 20:43:12--  ftp://ftp.internic.net/domain/ip6.arpa.zone.sha256
           => ‘./domain/ip6.arpa.zone.sha256’
==> CWD not required.
--> PASV

227 Entering Passive Mode (192,0,32,9,89,126)
--> RETR ip6.arpa.zone.sha256

150 Opening BINARY mode data connection for ip6.arpa.zone.sha256 (88 bytes).
Length: 88

     0K                                                       100%  417K=0s

226 Transfer complete.
2017-03-14 20:43:13 (417 KB/s) - ‘./domain/ip6.arpa.zone.sha256’ saved [88]

Remote file is newer than local file ‘./domain/last_update.txt’ -- retrieving.

--2017-03-14 20:43:13--  ftp://ftp.internic.net/domain/last_update.txt
           => ‘./domain/last_update.txt’
==> CWD not required.
--> PASV

227 Entering Passive Mode (192,0,32,9,42,237)
--> RETR last_update.txt

150 Opening BINARY mode data connection for last_update.txt (21 bytes).
Length: 21

     0K                                                       100%  119K=0s

226 Transfer complete.
2017-03-14 20:43:13 (119 KB/s) - ‘./domain/last_update.txt’ saved [21]

Remote file no newer than local file ‘./domain/named.cache’ -- not retrieving.
Remote file no newer than local file ‘./domain/named.cache.md5’ -- not retrieving.
Remote file no newer than local file ‘./domain/named.cache.sig’ -- not retrieving.
Remote file no newer than local file ‘./domain/named.root’ -- not retrieving.
Remote file no newer than local file ‘./domain/named.root.md5’ -- not retrieving.
Remote file no newer than local file ‘./domain/named.root.sig’ -- not retrieving.
Remote file no newer than local file ‘./domain/root-servers.net.zone’ -- not retrieving.
Remote file no newer than local file ‘./domain/root-servers.net.zone.gz’ -- not retrieving.
Remote file no newer than local file ‘./domain/root-servers.net.zone.gz.md5’ -- not retrieving.
Remote file no newer than local file ‘./domain/root-servers.net.zone.gz.sig’ -- not retrieving.
Remote file is newer than local file ‘./domain/root.zone’ -- retrieving.

--2017-03-14 20:43:13--  ftp://ftp.internic.net/domain/root.zone
           => ‘./domain/root.zone’
==> CWD not required.
--> PASV

227 Entering Passive Mode (192,0,32,9,42,112)
--> RETR root.zone

150 Opening BINARY mode data connection for root.zone (2230823 bytes).
Length: 2230823 (2.1M)

     0K .......... .......... .......... .......... ..........  2%  150K 14s
    50K .......... .......... .......... .......... ..........  4%  150K 14s
   100K .......... .......... .......... .......... ..........  6% 35.4M 9s
   150K .......... .......... .......... .......... ..........  9%  302K 8s
   200K .......... .......... .......... .......... .......... 11%  152K 9s
   250K .......... .......... .......... .......... .......... 13%  303K 8s
   300K .......... .......... .......... .......... .......... 16%  303K 8s
   350K .......... .......... .......... .......... .......... 18%  303K 7s
   400K .......... .......... .......... .......... .......... 20%  303K 7s
   450K .......... .......... .......... .......... .......... 22% 6.18M 6s
   500K .......... .......... .......... .......... .......... 25%  303K 6s
   550K .......... .......... .......... .......... .......... 27%  151K 6s
   600K .......... .......... .......... .......... .......... 29% 35.8M 5s
   650K .......... .......... .......... .......... .......... 32%  157K 6s
   700K .......... .......... .......... .......... .......... 34%  149K 6s
   750K .......... .......... .......... .......... .......... 36% 17.5M 5s
   800K .......... .......... .......... .......... .......... 39%  156K 5s
   850K .......... .......... .......... .......... .......... 41%  101K 5s
   900K .......... .......... .......... .......... .......... 43% 39.1M 5s
   950K .......... .......... .......... .......... .......... 45%  153K 5s
  1000K .......... .......... .......... .......... .......... 48%  153K 5s
  1050K .......... .......... .......... .......... .......... 50%  206K 5s
  1100K .......... .......... .......... .......... .......... 52% 85.6K 5s
  1150K .......... .......... .......... .......... .......... 55% 18.4M 4s
  1200K .......... .......... .......... .......... .......... 57%  101K 4s
  1250K .......... .......... .......... .......... .......... 59%  152K 4s
  1300K .......... .......... .......... .......... .......... 61% 89.1K 4s
  1350K .......... .......... .......... .......... .......... 64% 38.4M 4s
  1400K .......... .......... .......... .......... .......... 66%  118K 4s
  1450K .......... .......... .......... .......... .......... 68%  151K 3s
  1500K .......... .......... .......... .......... .......... 71%  151K 3s
  1550K .......... .......... .......... .......... .......... 73% 74.3K 3s
  1600K .......... .......... .......... .......... .......... 75%  137K 3s
  1650K .......... .......... .......... .......... .......... 78%  200K 3s
  1700K .......... .......... .......... .......... .......... 80% 69.3K 2s
  1750K .......... .......... .......... .......... .......... 82% 77.3K 2s
  1800K .......... .......... .......... .......... .......... 84% 90.9K 2s
  1850K .......... .......... .......... .......... .......... 87% 52.3K 2s
  1900K .......... .......... .......... .......... .......... 89% 70.9K 1s
  1950K .......... .......... .......... .......... .......... 91% 66.2K 1s
  2000K .......... .......... .......... .......... .......... 94% 47.9K 1s
  2050K .......... .......... .......... .......... .......... 96% 34.8K 1s
  2100K .......... .......... .......... .......... .......... 98% 45.0K 0s
  2150K .......... .......... ........                        100%  127K=17s

226 Transfer complete.
2017-03-14 20:43:31 (127 KB/s) - ‘./domain/root.zone’ saved [2230823]

The sizes do not match (local 1047689) -- retrieving.

--2017-03-14 20:43:31--  ftp://ftp.internic.net/domain/root.zone.gz
           => ‘./domain/root.zone.gz’
==> CWD not required.
--> PASV

227 Entering Passive Mode (192,0,32,9,236,91)
--> RETR root.zone.gz

150 Opening BINARY mode data connection for root.zone.gz (1047782 bytes).
Length: 1047782 (1023K)

     0K .......... .......... .......... .......... ..........  4%  101K 10s
    50K .......... .......... .......... .......... ..........  9% 98.8K 9s
   100K .......... .......... .......... .......... .......... 14%  103K 9s
   150K .......... .......... .......... .......... .......... 19%  146K 8s
   200K .......... .......... .......... .......... .......... 24% 77.3K 8s
   250K .......... .......... .......... .......... .......... 29%  151K 7s
   300K .......... .......... .......... .......... .......... 34% 93.3K 6s
   350K .......... .......... .......... .......... .......... 39% 98.1K 6s
   400K .......... .......... .......... .......... .......... 43% 64.2K 6s
   450K .......... .......... .......... .......... .......... 48% 81.8K 5s
   500K .......... .......... .......... .......... .......... 53% 90.3K 5s
   550K .......... .......... .......... .......... .......... 58% 81.1K 5s
   600K .......... .......... .......... .......... .......... 63% 80.8K 4s
   650K .......... .......... .......... .......... .......... 68%  101K 3s
   700K .......... .......... .......... .......... .......... 73% 75.5K 3s
   750K .......... .......... .......... .......... .......... 78% 56.1K 3s
   800K .......... .......... .......... .......... .......... 83% 64.1K 2s
   850K .......... .......... .......... .......... .......... 87% 65.1K 1s
   900K .......... .......... .......... .......... .......... 92% 85.9K 1s
   950K .......... .......... .......... .......... .......... 97% 60.7K 0s
  1000K .......... .......... ...                             100%  117K=12s

226 Transfer complete.
2017-03-14 20:43:44 (83.6 KB/s) - ‘./domain/root.zone.gz’ saved [1047782]

Remote file is newer than local file ‘./domain/root.zone.gz.md5’ -- retrieving.

--2017-03-14 20:43:44--  ftp://ftp.internic.net/domain/root.zone.gz.md5
           => ‘./domain/root.zone.gz.md5’
==> CWD not required.
--> PASV

227 Entering Passive Mode (192,0,32,9,101,104)
--> RETR root.zone.gz.md5

150 Opening BINARY mode data connection for root.zone.gz.md5 (33 bytes).
Length: 33

     0K                                                       100%  293K=0s

226 Transfer complete.
2017-03-14 20:43:45 (293 KB/s) - ‘./domain/root.zone.gz.md5’ saved [33]

Remote file is newer than local file ‘./domain/root.zone.gz.sig’ -- retrieving.

--2017-03-14 20:43:45--  ftp://ftp.internic.net/domain/root.zone.gz.sig
           => ‘./domain/root.zone.gz.sig’
==> CWD not required.
--> PASV

227 Entering Passive Mode (192,0,32,9,247,218)
--> RETR root.zone.gz.sig

150 Opening BINARY mode data connection for root.zone.gz.sig (72 bytes).
Length: 72

     0K                                                       100%  330K=0s

226 Transfer complete.
2017-03-14 20:43:46 (330 KB/s) - ‘./domain/root.zone.gz.sig’ saved [72]

Remote file is newer than local file ‘./domain/root.zone.md5’ -- retrieving.

--2017-03-14 20:43:46--  ftp://ftp.internic.net/domain/root.zone.md5
           => ‘./domain/root.zone.md5’
==> CWD not required.
--> PASV

227 Entering Passive Mode (192,0,32,9,228,206)
--> RETR root.zone.md5

150 Opening BINARY mode data connection for root.zone.md5 (33 bytes).
Length: 33

     0K                                                       100%  290K=0s

226 Transfer complete.
2017-03-14 20:43:46 (290 KB/s) - ‘./domain/root.zone.md5’ saved [33]

Remote file is newer than local file ‘./domain/root.zone.sig’ -- retrieving.

--2017-03-14 20:43:46--  ftp://ftp.internic.net/domain/root.zone.sig
           => ‘./domain/root.zone.sig’
==> CWD not required.
--> PASV

227 Entering Passive Mode (192,0,32,9,41,126)
--> RETR root.zone.sig

150 Opening BINARY mode data connection for root.zone.sig (72 bytes).
Length: 72

     0K                                                       100% 97.5K=0.001s

226 Transfer complete.
2017-03-14 20:43:47 (97.5 KB/s) - ‘./domain/root.zone.sig’ saved [72]

FINISHED --2017-03-14 20:43:47--
Total wall clock time: 1m 4s
Downloaded: 40 files, 3.9M in 34s (119 KB/s)
