--2017-03-07 00:00:04--  ftp://ftp.internic.net/*
           => ‘./.listing’
Resolving ftp.internic.net (ftp.internic.net)... 192.0.32.9, 2620:0:2d0:200::9
Connecting to ftp.internic.net (ftp.internic.net)|192.0.32.9|:21... connected.
Logging in as anonymous ... 
220 Internic FTP Server
--> USER anonymous

331 Please specify the password.
--> PASS Turtle Power!

230 Login successful.
--> SYST

215 UNIX Type: L8
--> PWD

257 "/"
--> TYPE I

200 Switching to Binary mode.
==> CWD not needed.
--> PASV

227 Entering Passive Mode (192,0,32,9,96,220)
--> LIST -a

150 Here comes the directory listing.

     0K                                                         855K=0s

226 Directory send OK.
drwxr-xr-x    3 ftp      ftp          4096 Apr 04  2012 .
drwxr-xr-x    3 ftp      ftp          4096 Apr 04  2012 ..
drwxr-xr-x    2 ftp      ftp          4096 Sep 09  2015 domain
2017-03-07 00:00:11 (855 KB/s) - ‘./.listing’ saved [183]

--2017-03-07 00:00:11--  ftp://ftp.internic.net/domain/*
           => ‘./domain/.listing’
--> CWD /domain

250 Directory successfully changed.
--> PASV

227 Entering Passive Mode (192,0,32,9,106,214)
--> LIST -a

150 Here comes the directory listing.

     0K ...                                                     628K=0.006s

226 Directory send OK.
drwxr-xr-x    2 ftp      ftp          4096 Sep 09  2015 .
drwxr-xr-x    3 ftp      ftp          4096 Apr 04  2012 ..
-rw-r--r--    1 ftp      ftp          1829 Aug 18  2015 .listing
-rw-r--r--    1 ftp      ftp          1224 Mar 06 12:16 INTERNIC_ROOT_ZONE.signatures
-rw-r--r--    1 ftp      ftp          1469 Mar 06 12:16 INTERNIC_ROOT_ZONE.signatures.asc
-rw-r--r--    1 ftp      ftp         15186 Mar 06 12:16 arpa.zone
-rw-r--r--    1 ftp      ftp          6642 Mar 06 12:16 arpa.zone.gz
-rw-r--r--    1 ftp      ftp            33 Mar 06 12:16 arpa.zone.gz.md5
-rw-r--r--    1 ftp      ftp            72 Mar 06 12:16 arpa.zone.gz.sig
-rw-r--r--    1 ftp      ftp          3291 Oct 20 19:35 db.cache
-rw-r--r--    1 ftp      ftp            33 Oct 20 19:35 db.cache.md5
-rw-r--r--    1 ftp      ftp            72 Oct 20 19:35 db.cache.sig
-rw-r--r--    1 ftp      ftp        228019 Mar 06 15:40 in-addr.arpa
-rw-r--r--    1 ftp      ftp         90412 Mar 06 15:40 in-addr.arpa.gz
-rw-r--r--    1 ftp      ftp            55 Mar 06 15:40 in-addr.arpa.gz.md5
-rw-r--r--    1 ftp      ftp            90 Mar 06 15:40 in-addr.arpa.gz.sha256
-rw-r--r--    1 ftp      ftp            52 Mar 06 15:40 in-addr.arpa.md5
-rw-r--r--    1 ftp      ftp            87 Mar 06 15:40 in-addr.arpa.sha256
-rw-r--r--    1 ftp      ftp        228019 Mar 06 15:40 in-addr.arpa.zone
-rw-r--r--    1 ftp      ftp         90412 Mar 06 15:40 in-addr.arpa.zone.gz
-rw-r--r--    1 ftp      ftp            60 Mar 06 15:40 in-addr.arpa.zone.gz.md5
-rw-r--r--    1 ftp      ftp            95 Mar 06 15:40 in-addr.arpa.zone.gz.sha256
-rw-r--r--    1 ftp      ftp            57 Mar 06 15:40 in-addr.arpa.zone.md5
-rw-r--r--    1 ftp      ftp            92 Mar 06 15:40 in-addr.arpa.zone.sha256
-rw-r--r--    1 ftp      ftp         60746 Mar 06 15:40 ip6.arpa
-rw-r--r--    1 ftp      ftp         24331 Mar 06 15:40 ip6.arpa.gz
-rw-r--r--    1 ftp      ftp            51 Mar 06 15:40 ip6.arpa.gz.md5
-rw-r--r--    1 ftp      ftp            86 Mar 06 15:40 ip6.arpa.gz.sha256
-rw-r--r--    1 ftp      ftp            48 Mar 06 15:40 ip6.arpa.md5
-rw-r--r--    1 ftp      ftp            83 Mar 06 15:40 ip6.arpa.sha256
-rw-r--r--    1 ftp      ftp         60746 Mar 06 15:40 ip6.arpa.zone
-rw-r--r--    1 ftp      ftp         24331 Mar 06 15:40 ip6.arpa.zone.gz
-rw-r--r--    1 ftp      ftp            56 Mar 06 15:40 ip6.arpa.zone.gz.md5
-rw-r--r--    1 ftp      ftp            91 Mar 06 15:40 ip6.arpa.zone.gz.sha256
-rw-r--r--    1 ftp      ftp            53 Mar 06 15:40 ip6.arpa.zone.md5
-rw-r--r--    1 ftp      ftp            88 Mar 06 15:40 ip6.arpa.zone.sha256
-rw-r--r--    1 ftp      ftp            21 Mar 06 15:40 last_update.txt
-rw-r--r--    1 ftp      ftp          3291 Oct 20 19:35 named.cache
-rw-r--r--    1 ftp      ftp            33 Oct 20 19:35 named.cache.md5
-rw-r--r--    1 ftp      ftp            72 Oct 20 19:35 named.cache.sig
-rw-r--r--    1 ftp      ftp          3291 Oct 20 19:35 named.root
-rw-r--r--    1 ftp      ftp            33 Oct 20 19:35 named.root.md5
-rw-r--r--    1 ftp      ftp            72 Oct 20 19:35 named.root.sig
-rw-r--r--    1 ftp      ftp          2110 Oct 20 19:35 root-servers.net.zone
-rw-r--r--    1 ftp      ftp           574 Oct 20 19:35 root-servers.net.zone.gz
-rw-r--r--    1 ftp      ftp            33 Oct 20 19:35 root-servers.net.zone.gz.md5
-rw-r--r--    1 ftp      ftp            72 Oct 20 19:35 root-servers.net.zone.gz.sig
-rw-r--r--    1 ftp      ftp       2232482 Mar 06 05:45 root.zone
-rw-r--r--    1 ftp      ftp       1048609 Mar 06 05:45 root.zone.gz
-rw-r--r--    1 ftp      ftp            33 Mar 06 05:45 root.zone.gz.md5
-rw-r--r--    1 ftp      ftp            72 Mar 06 05:45 root.zone.gz.sig
-rw-r--r--    1 ftp      ftp            33 Mar 06 05:45 root.zone.md5
-rw-r--r--    1 ftp      ftp            72 Mar 06 05:45 root.zone.sig
2017-03-07 00:00:12 (628 KB/s) - ‘./domain/.listing’ saved [3930]

The sizes do not match (local 3930) -- retrieving.

--2017-03-07 00:00:12--  ftp://ftp.internic.net/domain/.listing
           => ‘./domain/.listing’
==> CWD not required.
--> PASV

227 Entering Passive Mode (192,0,32,9,238,72)
--> RETR .listing

150 Opening BINARY mode data connection for .listing (1829 bytes).
Length: 1829 (1.8K)

     0K .                                                     100%  760K=0.002s

226 Transfer complete.
2017-03-07 00:00:13 (760 KB/s) - ‘./domain/.listing’ saved [1829]

Remote file is newer than local file ‘./domain/INTERNIC_ROOT_ZONE.signatures’ -- retrieving.

--2017-03-07 00:00:13--  ftp://ftp.internic.net/domain/INTERNIC_ROOT_ZONE.signatures
           => ‘./domain/INTERNIC_ROOT_ZONE.signatures’
==> CWD not required.
--> PASV

227 Entering Passive Mode (192,0,32,9,41,149)
--> RETR INTERNIC_ROOT_ZONE.signatures

150 Opening BINARY mode data connection for INTERNIC_ROOT_ZONE.signatures (1224 bytes).
Length: 1224 (1.2K)

     0K .                                                     100% 5.64M=0s

226 Transfer complete.
2017-03-07 00:00:14 (5.64 MB/s) - ‘./domain/INTERNIC_ROOT_ZONE.signatures’ saved [1224]

Remote file is newer than local file ‘./domain/INTERNIC_ROOT_ZONE.signatures.asc’ -- retrieving.

--2017-03-07 00:00:14--  ftp://ftp.internic.net/domain/INTERNIC_ROOT_ZONE.signatures.asc
           => ‘./domain/INTERNIC_ROOT_ZONE.signatures.asc’
==> CWD not required.
--> PASV

227 Entering Passive Mode (192,0,32,9,208,28)
--> RETR INTERNIC_ROOT_ZONE.signatures.asc

150 Opening BINARY mode data connection for INTERNIC_ROOT_ZONE.signatures.asc (1469 bytes).
Length: 1469 (1.4K)

     0K .                                                     100% 9.47M=0s

226 Transfer complete.
2017-03-07 00:00:15 (9.47 MB/s) - ‘./domain/INTERNIC_ROOT_ZONE.signatures.asc’ saved [1469]

Remote file is newer than local file ‘./domain/arpa.zone’ -- retrieving.

--2017-03-07 00:00:15--  ftp://ftp.internic.net/domain/arpa.zone
           => ‘./domain/arpa.zone’
==> CWD not required.
--> PASV

227 Entering Passive Mode (192,0,32,9,41,144)
--> RETR arpa.zone

150 Opening BINARY mode data connection for arpa.zone (15186 bytes).
Length: 15186 (15K)

     0K .......... ....                                       100% 28.0M=0.001s

226 Transfer complete.
2017-03-07 00:00:16 (28.0 MB/s) - ‘./domain/arpa.zone’ saved [15186]

Remote file is newer than local file ‘./domain/arpa.zone.gz’ -- retrieving.

--2017-03-07 00:00:16--  ftp://ftp.internic.net/domain/arpa.zone.gz
           => ‘./domain/arpa.zone.gz’
==> CWD not required.
--> PASV

227 Entering Passive Mode (192,0,32,9,69,137)
--> RETR arpa.zone.gz

150 Opening BINARY mode data connection for arpa.zone.gz (6642 bytes).
Length: 6642 (6.5K)

     0K ......                                                100% 40.6M=0s

226 Transfer complete.
2017-03-07 00:00:17 (40.6 MB/s) - ‘./domain/arpa.zone.gz’ saved [6642]

Remote file is newer than local file ‘./domain/arpa.zone.gz.md5’ -- retrieving.

--2017-03-07 00:00:17--  ftp://ftp.internic.net/domain/arpa.zone.gz.md5
           => ‘./domain/arpa.zone.gz.md5’
==> CWD not required.
--> PASV

227 Entering Passive Mode (192,0,32,9,32,6)
--> RETR arpa.zone.gz.md5

150 Opening BINARY mode data connection for arpa.zone.gz.md5 (33 bytes).
Length: 33

     0K                                                       100%  204K=0s

226 Transfer complete.
2017-03-07 00:00:18 (204 KB/s) - ‘./domain/arpa.zone.gz.md5’ saved [33]

Remote file is newer than local file ‘./domain/arpa.zone.gz.sig’ -- retrieving.

--2017-03-07 00:00:18--  ftp://ftp.internic.net/domain/arpa.zone.gz.sig
           => ‘./domain/arpa.zone.gz.sig’
==> CWD not required.
--> PASV

227 Entering Passive Mode (192,0,32,9,12,96)
--> RETR arpa.zone.gz.sig

150 Opening BINARY mode data connection for arpa.zone.gz.sig (72 bytes).
Length: 72

     0K                                                       100%  617K=0s

226 Transfer complete.
2017-03-07 00:00:19 (617 KB/s) - ‘./domain/arpa.zone.gz.sig’ saved [72]

Remote file no newer than local file ‘./domain/db.cache’ -- not retrieving.
Remote file no newer than local file ‘./domain/db.cache.md5’ -- not retrieving.
Remote file no newer than local file ‘./domain/db.cache.sig’ -- not retrieving.
Remote file is newer than local file ‘./domain/in-addr.arpa’ -- retrieving.

--2017-03-07 00:00:19--  ftp://ftp.internic.net/domain/in-addr.arpa
           => ‘./domain/in-addr.arpa’
==> CWD not required.
--> PASV

227 Entering Passive Mode (192,0,32,9,188,175)
--> RETR in-addr.arpa

150 Opening BINARY mode data connection for in-addr.arpa (228019 bytes).
Length: 228019 (223K)

     0K .......... .......... .......... .......... .......... 22%  111K 2s
    50K .......... .......... .......... .......... .......... 44%  247K 1s
   100K .......... .......... .......... .......... .......... 67% 3.57M 0s
   150K .......... .......... .......... .......... .......... 89%  231K 0s
   200K .......... .......... ..                              100% 34.8M=0.9s

226 Transfer complete.
2017-03-07 00:00:20 (252 KB/s) - ‘./domain/in-addr.arpa’ saved [228019]

The sizes do not match (local 90388) -- retrieving.

--2017-03-07 00:00:21--  ftp://ftp.internic.net/domain/in-addr.arpa.gz
           => ‘./domain/in-addr.arpa.gz’
==> CWD not required.
--> PASV

227 Entering Passive Mode (192,0,32,9,133,6)
--> RETR in-addr.arpa.gz

150 Opening BINARY mode data connection for in-addr.arpa.gz (90412 bytes).
Length: 90412 (88K)

     0K .......... .......... .......... .......... .......... 56% 75.3K 1s
    50K .......... .......... .......... ........             100% 20.9M=0.7s

226 Transfer complete.
2017-03-07 00:00:22 (133 KB/s) - ‘./domain/in-addr.arpa.gz’ saved [90412]

Remote file is newer than local file ‘./domain/in-addr.arpa.gz.md5’ -- retrieving.

--2017-03-07 00:00:22--  ftp://ftp.internic.net/domain/in-addr.arpa.gz.md5
           => ‘./domain/in-addr.arpa.gz.md5’
==> CWD not required.
--> PASV

227 Entering Passive Mode (192,0,32,9,42,54)
--> RETR in-addr.arpa.gz.md5

150 Opening BINARY mode data connection for in-addr.arpa.gz.md5 (55 bytes).
Length: 55

     0K                                                       100%  480K=0s

226 Transfer complete.
2017-03-07 00:00:23 (480 KB/s) - ‘./domain/in-addr.arpa.gz.md5’ saved [55]

Remote file is newer than local file ‘./domain/in-addr.arpa.gz.sha256’ -- retrieving.

--2017-03-07 00:00:23--  ftp://ftp.internic.net/domain/in-addr.arpa.gz.sha256
           => ‘./domain/in-addr.arpa.gz.sha256’
==> CWD not required.
--> PASV

227 Entering Passive Mode (192,0,32,9,82,129)
--> RETR in-addr.arpa.gz.sha256

150 Opening BINARY mode data connection for in-addr.arpa.gz.sha256 (90 bytes).
Length: 90

     0K                                                       100%  463K=0s

226 Transfer complete.
2017-03-07 00:00:24 (463 KB/s) - ‘./domain/in-addr.arpa.gz.sha256’ saved [90]

Remote file is newer than local file ‘./domain/in-addr.arpa.md5’ -- retrieving.

--2017-03-07 00:00:24--  ftp://ftp.internic.net/domain/in-addr.arpa.md5
           => ‘./domain/in-addr.arpa.md5’
==> CWD not required.
--> PASV

227 Entering Passive Mode (192,0,32,9,32,25)
--> RETR in-addr.arpa.md5

150 Opening BINARY mode data connection for in-addr.arpa.md5 (52 bytes).
Length: 52

     0K                                                       100%  254K=0s

226 Transfer complete.
2017-03-07 00:00:25 (254 KB/s) - ‘./domain/in-addr.arpa.md5’ saved [52]

Remote file is newer than local file ‘./domain/in-addr.arpa.sha256’ -- retrieving.

--2017-03-07 00:00:25--  ftp://ftp.internic.net/domain/in-addr.arpa.sha256
           => ‘./domain/in-addr.arpa.sha256’
==> CWD not required.
--> PASV

227 Entering Passive Mode (192,0,32,9,41,42)
--> RETR in-addr.arpa.sha256

150 Opening BINARY mode data connection for in-addr.arpa.sha256 (87 bytes).
Length: 87

     0K                                                       100%  759K=0s

226 Transfer complete.
2017-03-07 00:00:26 (759 KB/s) - ‘./domain/in-addr.arpa.sha256’ saved [87]

Remote file is newer than local file ‘./domain/in-addr.arpa.zone’ -- retrieving.

--2017-03-07 00:00:26--  ftp://ftp.internic.net/domain/in-addr.arpa.zone
           => ‘./domain/in-addr.arpa.zone’
==> CWD not required.
--> PASV

227 Entering Passive Mode (192,0,32,9,64,54)
--> RETR in-addr.arpa.zone

150 Opening BINARY mode data connection for in-addr.arpa.zone (228019 bytes).
Length: 228019 (223K)

     0K .......... .......... .......... .......... .......... 22%  113K 2s
    50K .......... .......... .......... .......... .......... 44%  115K 1s
   100K .......... .......... .......... .......... .......... 67%  224K 1s
   150K .......... .......... .......... .......... .......... 89% 36.6M 0s
   200K .......... .......... ..                              100% 52.1K=1.5s

226 Transfer complete.
2017-03-07 00:00:28 (145 KB/s) - ‘./domain/in-addr.arpa.zone’ saved [228019]

The sizes do not match (local 90388) -- retrieving.

--2017-03-07 00:00:28--  ftp://ftp.internic.net/domain/in-addr.arpa.zone.gz
           => ‘./domain/in-addr.arpa.zone.gz’
==> CWD not required.
--> PASV

227 Entering Passive Mode (192,0,32,9,241,103)
--> RETR in-addr.arpa.zone.gz

150 Opening BINARY mode data connection for in-addr.arpa.zone.gz (90412 bytes).
Length: 90412 (88K)

     0K .......... .......... .......... .......... .......... 56%  116K 0s
    50K .......... .......... .......... ........             100% 12.4M=0.4s

226 Transfer complete.
2017-03-07 00:00:29 (204 KB/s) - ‘./domain/in-addr.arpa.zone.gz’ saved [90412]

Remote file is newer than local file ‘./domain/in-addr.arpa.zone.gz.md5’ -- retrieving.

--2017-03-07 00:00:29--  ftp://ftp.internic.net/domain/in-addr.arpa.zone.gz.md5
           => ‘./domain/in-addr.arpa.zone.gz.md5’
==> CWD not required.
--> PASV

227 Entering Passive Mode (192,0,32,9,251,109)
--> RETR in-addr.arpa.zone.gz.md5

150 Opening BINARY mode data connection for in-addr.arpa.zone.gz.md5 (60 bytes).
Length: 60

     0K                                                       100%  523K=0s

226 Transfer complete.
2017-03-07 00:00:30 (523 KB/s) - ‘./domain/in-addr.arpa.zone.gz.md5’ saved [60]

Remote file is newer than local file ‘./domain/in-addr.arpa.zone.gz.sha256’ -- retrieving.

--2017-03-07 00:00:30--  ftp://ftp.internic.net/domain/in-addr.arpa.zone.gz.sha256
           => ‘./domain/in-addr.arpa.zone.gz.sha256’
==> CWD not required.
--> PASV

227 Entering Passive Mode (192,0,32,9,167,123)
--> RETR in-addr.arpa.zone.gz.sha256

150 Opening BINARY mode data connection for in-addr.arpa.zone.gz.sha256 (95 bytes).
Length: 95

     0K                                                       100%  515K=0s

226 Transfer complete.
2017-03-07 00:00:31 (515 KB/s) - ‘./domain/in-addr.arpa.zone.gz.sha256’ saved [95]

Remote file is newer than local file ‘./domain/in-addr.arpa.zone.md5’ -- retrieving.

--2017-03-07 00:00:31--  ftp://ftp.internic.net/domain/in-addr.arpa.zone.md5
           => ‘./domain/in-addr.arpa.zone.md5’
==> CWD not required.
--> PASV

227 Entering Passive Mode (192,0,32,9,214,192)
--> RETR in-addr.arpa.zone.md5

150 Opening BINARY mode data connection for in-addr.arpa.zone.md5 (57 bytes).
Length: 57

     0K                                                       100%  376K=0s

226 Transfer complete.
2017-03-07 00:00:32 (376 KB/s) - ‘./domain/in-addr.arpa.zone.md5’ saved [57]

Remote file is newer than local file ‘./domain/in-addr.arpa.zone.sha256’ -- retrieving.

--2017-03-07 00:00:32--  ftp://ftp.internic.net/domain/in-addr.arpa.zone.sha256
           => ‘./domain/in-addr.arpa.zone.sha256’
==> CWD not required.
--> PASV

227 Entering Passive Mode (192,0,32,9,73,138)
--> RETR in-addr.arpa.zone.sha256

150 Opening BINARY mode data connection for in-addr.arpa.zone.sha256 (92 bytes).
Length: 92

     0K                                                       100%  603K=0s

226 Transfer complete.
2017-03-07 00:00:33 (603 KB/s) - ‘./domain/in-addr.arpa.zone.sha256’ saved [92]

Remote file is newer than local file ‘./domain/ip6.arpa’ -- retrieving.

--2017-03-07 00:00:33--  ftp://ftp.internic.net/domain/ip6.arpa
           => ‘./domain/ip6.arpa’
==> CWD not required.
--> PASV

227 Entering Passive Mode (192,0,32,9,252,31)
--> RETR ip6.arpa

150 Opening BINARY mode data connection for ip6.arpa (60746 bytes).
Length: 60746 (59K)

     0K .......... .......... .......... .......... .......... 84%  113K 0s
    50K .........                                             100% 30.9M=0.4s

226 Transfer complete.
2017-03-07 00:00:34 (134 KB/s) - ‘./domain/ip6.arpa’ saved [60746]

The sizes do not match (local 24319) -- retrieving.

--2017-03-07 00:00:34--  ftp://ftp.internic.net/domain/ip6.arpa.gz
           => ‘./domain/ip6.arpa.gz’
==> CWD not required.
--> PASV

227 Entering Passive Mode (192,0,32,9,204,128)
--> RETR ip6.arpa.gz

150 Opening BINARY mode data connection for ip6.arpa.gz (24331 bytes).
Length: 24331 (24K)

     0K .......... .......... ...                             100% 11.7K=2.0s

226 Transfer complete.
2017-03-07 00:00:37 (11.7 KB/s) - ‘./domain/ip6.arpa.gz’ saved [24331]

Remote file is newer than local file ‘./domain/ip6.arpa.gz.md5’ -- retrieving.

--2017-03-07 00:00:37--  ftp://ftp.internic.net/domain/ip6.arpa.gz.md5
           => ‘./domain/ip6.arpa.gz.md5’
==> CWD not required.
--> PASV

227 Entering Passive Mode (192,0,32,9,236,122)
--> RETR ip6.arpa.gz.md5

150 Opening BINARY mode data connection for ip6.arpa.gz.md5 (51 bytes).
Length: 51

     0K                                                       100%  283K=0s

226 Transfer complete.
2017-03-07 00:00:38 (283 KB/s) - ‘./domain/ip6.arpa.gz.md5’ saved [51]

Remote file is newer than local file ‘./domain/ip6.arpa.gz.sha256’ -- retrieving.

--2017-03-07 00:00:38--  ftp://ftp.internic.net/domain/ip6.arpa.gz.sha256
           => ‘./domain/ip6.arpa.gz.sha256’
==> CWD not required.
--> PASV

227 Entering Passive Mode (192,0,32,9,88,75)
--> RETR ip6.arpa.gz.sha256

150 Opening BINARY mode data connection for ip6.arpa.gz.sha256 (86 bytes).
Length: 86

     0K                                                       100%  757K=0s

226 Transfer complete.
2017-03-07 00:00:39 (757 KB/s) - ‘./domain/ip6.arpa.gz.sha256’ saved [86]

Remote file is newer than local file ‘./domain/ip6.arpa.md5’ -- retrieving.

--2017-03-07 00:00:39--  ftp://ftp.internic.net/domain/ip6.arpa.md5
           => ‘./domain/ip6.arpa.md5’
==> CWD not required.
--> PASV

227 Entering Passive Mode (192,0,32,9,111,134)
--> RETR ip6.arpa.md5

150 Opening BINARY mode data connection for ip6.arpa.md5 (48 bytes).
Length: 48

     0K                                                       100%  419K=0s

226 Transfer complete.
2017-03-07 00:00:40 (419 KB/s) - ‘./domain/ip6.arpa.md5’ saved [48]

Remote file is newer than local file ‘./domain/ip6.arpa.sha256’ -- retrieving.

--2017-03-07 00:00:40--  ftp://ftp.internic.net/domain/ip6.arpa.sha256
           => ‘./domain/ip6.arpa.sha256’
==> CWD not required.
--> PASV

227 Entering Passive Mode (192,0,32,9,160,156)
--> RETR ip6.arpa.sha256

150 Opening BINARY mode data connection for ip6.arpa.sha256 (83 bytes).
Length: 83

     0K                                                       100%  348K=0s

226 Transfer complete.
2017-03-07 00:00:41 (348 KB/s) - ‘./domain/ip6.arpa.sha256’ saved [83]

Remote file is newer than local file ‘./domain/ip6.arpa.zone’ -- retrieving.

--2017-03-07 00:00:41--  ftp://ftp.internic.net/domain/ip6.arpa.zone
           => ‘./domain/ip6.arpa.zone’
==> CWD not required.
--> PASV

227 Entering Passive Mode (192,0,32,9,87,78)
--> RETR ip6.arpa.zone

150 Opening BINARY mode data connection for ip6.arpa.zone (60746 bytes).
Length: 60746 (59K)

     0K .......... .......... .......... .......... .......... 84%  113K 0s
    50K .........                                             100% 30.8M=0.4s

226 Transfer complete.
2017-03-07 00:00:42 (134 KB/s) - ‘./domain/ip6.arpa.zone’ saved [60746]

The sizes do not match (local 24319) -- retrieving.

--2017-03-07 00:00:42--  ftp://ftp.internic.net/domain/ip6.arpa.zone.gz
           => ‘./domain/ip6.arpa.zone.gz’
==> CWD not required.
--> PASV

227 Entering Passive Mode (192,0,32,9,41,197)
--> RETR ip6.arpa.zone.gz

150 Opening BINARY mode data connection for ip6.arpa.zone.gz (24331 bytes).
Length: 24331 (24K)

     0K .......... .......... ...                             100% 30.5M=0.001s

226 Transfer complete.
2017-03-07 00:00:44 (30.5 MB/s) - ‘./domain/ip6.arpa.zone.gz’ saved [24331]

Remote file is newer than local file ‘./domain/ip6.arpa.zone.gz.md5’ -- retrieving.

--2017-03-07 00:00:44--  ftp://ftp.internic.net/domain/ip6.arpa.zone.gz.md5
           => ‘./domain/ip6.arpa.zone.gz.md5’
==> CWD not required.
--> PASV

227 Entering Passive Mode (192,0,32,9,240,3)
--> RETR ip6.arpa.zone.gz.md5

150 Opening BINARY mode data connection for ip6.arpa.zone.gz.md5 (56 bytes).
Length: 56

     0K                                                       100%  488K=0s

226 Transfer complete.
2017-03-07 00:02:44 (488 KB/s) - ‘./domain/ip6.arpa.zone.gz.md5’ saved [56]

Remote file is newer than local file ‘./domain/ip6.arpa.zone.gz.sha256’ -- retrieving.

--2017-03-07 00:02:44--  ftp://ftp.internic.net/domain/ip6.arpa.zone.gz.sha256
           => ‘./domain/ip6.arpa.zone.gz.sha256’
==> CWD not required.
--> PASV

227 Entering Passive Mode (192,0,32,9,104,190)
--> RETR ip6.arpa.zone.gz.sha256

150 Opening BINARY mode data connection for ip6.arpa.zone.gz.sha256 (91 bytes).
Length: 91

     0K                                                       100%  566K=0s

226 Transfer complete.
2017-03-07 00:02:45 (566 KB/s) - ‘./domain/ip6.arpa.zone.gz.sha256’ saved [91]

Remote file is newer than local file ‘./domain/ip6.arpa.zone.md5’ -- retrieving.

--2017-03-07 00:02:46--  ftp://ftp.internic.net/domain/ip6.arpa.zone.md5
           => ‘./domain/ip6.arpa.zone.md5’
==> CWD not required.
--> PASV

227 Entering Passive Mode (192,0,32,9,106,153)
--> RETR ip6.arpa.zone.md5

150 Opening BINARY mode data connection for ip6.arpa.zone.md5 (53 bytes).
Length: 53

     0K                                                       100%  267K=0s

226 Transfer complete.
2017-03-07 00:02:46 (267 KB/s) - ‘./domain/ip6.arpa.zone.md5’ saved [53]

Remote file is newer than local file ‘./domain/ip6.arpa.zone.sha256’ -- retrieving.

--2017-03-07 00:02:46--  ftp://ftp.internic.net/domain/ip6.arpa.zone.sha256
           => ‘./domain/ip6.arpa.zone.sha256’
==> CWD not required.
--> PASV

227 Entering Passive Mode (192,0,32,9,211,159)
--> RETR ip6.arpa.zone.sha256

150 Opening BINARY mode data connection for ip6.arpa.zone.sha256 (88 bytes).
Length: 88

     0K                                                       100%  761K=0s

226 Transfer complete.
2017-03-07 00:02:47 (761 KB/s) - ‘./domain/ip6.arpa.zone.sha256’ saved [88]

Remote file is newer than local file ‘./domain/last_update.txt’ -- retrieving.

--2017-03-07 00:02:47--  ftp://ftp.internic.net/domain/last_update.txt
           => ‘./domain/last_update.txt’
==> CWD not required.
--> PASV

227 Entering Passive Mode (192,0,32,9,237,193)
--> RETR last_update.txt

150 Opening BINARY mode data connection for last_update.txt (21 bytes).
Length: 21

     0K                                                       100%  186K=0s

226 Transfer complete.
2017-03-07 00:02:48 (186 KB/s) - ‘./domain/last_update.txt’ saved [21]

Remote file no newer than local file ‘./domain/named.cache’ -- not retrieving.
Remote file no newer than local file ‘./domain/named.cache.md5’ -- not retrieving.
Remote file no newer than local file ‘./domain/named.cache.sig’ -- not retrieving.
Remote file no newer than local file ‘./domain/named.root’ -- not retrieving.
Remote file no newer than local file ‘./domain/named.root.md5’ -- not retrieving.
Remote file no newer than local file ‘./domain/named.root.sig’ -- not retrieving.
Remote file no newer than local file ‘./domain/root-servers.net.zone’ -- not retrieving.
Remote file no newer than local file ‘./domain/root-servers.net.zone.gz’ -- not retrieving.
Remote file no newer than local file ‘./domain/root-servers.net.zone.gz.md5’ -- not retrieving.
Remote file no newer than local file ‘./domain/root-servers.net.zone.gz.sig’ -- not retrieving.
Remote file is newer than local file ‘./domain/root.zone’ -- retrieving.

--2017-03-07 00:02:48--  ftp://ftp.internic.net/domain/root.zone
           => ‘./domain/root.zone’
==> CWD not required.
--> PASV

227 Entering Passive Mode (192,0,32,9,42,166)
--> RETR root.zone

150 Opening BINARY mode data connection for root.zone (2232482 bytes).
Length: 2232482 (2.1M)

     0K .......... .......... .......... .......... ..........  2%  111K 19s
    50K .......... .......... .......... .......... ..........  4%  229K 14s
   100K .......... .......... .......... .......... ..........  6% 50.2K 23s
   150K .......... .......... .......... .......... ..........  9% 4.55M 17s
   200K .......... .......... .......... .......... .......... 11% 20.8M 13s
   250K .......... .......... .......... .......... .......... 13%  238K 12s
   300K .......... .......... .......... .......... .......... 16%  214K 11s
   350K .......... .......... .......... .......... .......... 18%  242K 10s
   400K .......... .......... .......... .......... .......... 20% 6.96M 9s
   450K .......... .......... .......... .......... .......... 22%  112K 9s
   500K .......... .......... .......... .......... .......... 25% 72.5K 10s
   550K .......... .......... .......... .......... .......... 27% 25.2M 9s
   600K .......... .......... .......... .......... .......... 29% 14.8M 8s
   650K .......... .......... .......... .......... .......... 32%  113K 8s
   700K .......... .......... .......... .......... .......... 34%  236K 8s
   750K .......... .......... .......... .......... .......... 36%  227K 8s
   800K .......... .......... .......... .......... .......... 38%  112K 8s
   850K .......... .......... .......... .......... .......... 41%  226K 7s
   900K .......... .......... .......... .......... .......... 43%  232K 7s
   950K .......... .......... .......... .......... .......... 45%  225K 6s
  1000K .......... .......... .......... .......... .......... 48% 75.3K 7s
  1050K .......... .......... .......... .......... .......... 50% 56.3K 7s
  1100K .......... .......... .......... .......... .......... 52%  113K 7s
  1150K .......... .......... .......... .......... .......... 55% 57.3K 7s
  1200K .......... .......... .......... .......... .......... 57% 45.2K 7s
  1250K .......... .......... .......... .......... .......... 59% 56.6K 7s
  1300K .......... .......... .......... .......... .......... 61% 56.4K 7s
  1350K .......... .......... .......... .......... .......... 64% 76.7K 7s
  1400K .......... .......... .......... .......... .......... 66% 75.6K 6s
  1450K .......... .......... .......... .......... .......... 68%  110K 6s
  1500K .......... .......... .......... .......... .......... 71%  106K 5s
  1550K .......... .......... .......... .......... .......... 73%  114K 5s
  1600K .......... .......... .......... .......... .......... 75% 82.0K 5s
  1650K .......... .......... .......... .......... .......... 77%  187K 4s
  1700K .......... .......... .......... .......... .......... 80%  126K 4s
  1750K .......... .......... .......... .......... .......... 82%  187K 3s
  1800K .......... .......... .......... .......... .......... 84%  129K 3s
  1850K .......... .......... .......... .......... .......... 87% 53.8K 2s
  1900K .......... .......... .......... .......... .......... 89% 38.7M 2s
  1950K .......... .......... .......... .......... .......... 91% 79.8K 2s
  2000K .......... .......... .......... .......... .......... 94%  114K 1s
  2050K .......... .......... .......... .......... .......... 96%  101K 1s
  2100K .......... .......... .......... .......... .......... 98% 81.7K 0s
  2150K .......... .......... ..........                      100% 68.3K=19s

226 Transfer complete.
2017-03-07 00:03:09 (113 KB/s) - ‘./domain/root.zone’ saved [2232482]

The sizes do not match (local 1048553) -- retrieving.

--2017-03-07 00:03:09--  ftp://ftp.internic.net/domain/root.zone.gz
           => ‘./domain/root.zone.gz’
==> CWD not required.
--> PASV

227 Entering Passive Mode (192,0,32,9,104,14)
--> RETR root.zone.gz

150 Opening BINARY mode data connection for root.zone.gz (1048609 bytes).
Length: 1048609 (1.0M)

     0K .......... .......... .......... .......... ..........  4%  115K 8s
    50K .......... .......... .......... .......... ..........  9%  228K 6s
   100K .......... .......... .......... .......... .......... 14%  220K 5s
   150K .......... .......... .......... .......... .......... 19%  237K 4s
   200K .......... .......... .......... .......... .......... 24%  234K 4s
   250K .......... .......... .......... .......... .......... 29%  228K 4s
   300K .......... .......... .......... .......... .......... 34% 8.99M 3s
   350K .......... .......... .......... .......... .......... 39%  218K 3s
   400K .......... .......... .......... .......... .......... 43%  231K 3s
   450K .......... .......... .......... .......... .......... 48% 13.6M 2s
   500K .......... .......... .......... .......... .......... 53%  242K 2s
   550K .......... .......... .......... .......... .......... 58% 77.3K 2s
   600K .......... .......... .......... .......... .......... 63% 3.35M 2s
   650K .......... .......... .......... .......... .......... 68%  250K 1s
   700K .......... .......... .......... .......... .......... 73%  231K 1s
   750K .......... .......... .......... .......... .......... 78%  227K 1s
   800K .......... .......... .......... .......... .......... 83%  114K 1s
   850K .......... .......... .......... .......... .......... 87%  248K 1s
   900K .......... .......... .......... .......... .......... 92%  225K 0s
   950K .......... .......... .......... .......... .......... 97%  112K 0s
  1000K .......... .......... ....                            100%  117K=5.0s

226 Transfer complete.
2017-03-07 00:03:14 (205 KB/s) - ‘./domain/root.zone.gz’ saved [1048609]

Remote file is newer than local file ‘./domain/root.zone.gz.md5’ -- retrieving.

--2017-03-07 00:03:14--  ftp://ftp.internic.net/domain/root.zone.gz.md5
           => ‘./domain/root.zone.gz.md5’
==> CWD not required.
--> PASV

227 Entering Passive Mode (192,0,32,9,58,134)
--> RETR root.zone.gz.md5

150 Opening BINARY mode data connection for root.zone.gz.md5 (33 bytes).
Length: 33

     0K                                                       100%  207K=0s

226 Transfer complete.
2017-03-07 00:03:15 (207 KB/s) - ‘./domain/root.zone.gz.md5’ saved [33]

Remote file is newer than local file ‘./domain/root.zone.gz.sig’ -- retrieving.

--2017-03-07 00:03:15--  ftp://ftp.internic.net/domain/root.zone.gz.sig
           => ‘./domain/root.zone.gz.sig’
==> CWD not required.
--> PASV

227 Entering Passive Mode (192,0,32,9,39,187)
--> RETR root.zone.gz.sig

150 Opening BINARY mode data connection for root.zone.gz.sig (72 bytes).
Length: 72

     0K                                                       100%  154K=0s

226 Transfer complete.
2017-03-07 00:03:16 (154 KB/s) - ‘./domain/root.zone.gz.sig’ saved [72]

Remote file is newer than local file ‘./domain/root.zone.md5’ -- retrieving.

--2017-03-07 00:03:16--  ftp://ftp.internic.net/domain/root.zone.md5
           => ‘./domain/root.zone.md5’
==> CWD not required.
--> PASV

227 Entering Passive Mode (192,0,32,9,42,163)
--> RETR root.zone.md5

150 Opening BINARY mode data connection for root.zone.md5 (33 bytes).
Length: 33

     0K                                                       100%  164K=0s

226 Transfer complete.
2017-03-07 00:03:17 (164 KB/s) - ‘./domain/root.zone.md5’ saved [33]

Remote file is newer than local file ‘./domain/root.zone.sig’ -- retrieving.

--2017-03-07 00:03:17--  ftp://ftp.internic.net/domain/root.zone.sig
           => ‘./domain/root.zone.sig’
==> CWD not required.
--> PASV

227 Entering Passive Mode (192,0,32,9,42,243)
--> RETR root.zone.sig

150 Opening BINARY mode data connection for root.zone.sig (72 bytes).
Length: 72

     0K                                                       100%  475K=0s

226 Transfer complete.
2017-03-07 00:03:18 (475 KB/s) - ‘./domain/root.zone.sig’ saved [72]

FINISHED --2017-03-07 00:03:18--
Total wall clock time: 3m 14s
Downloaded: 40 files, 3.9M in 31s (131 KB/s)
