--2017-05-07 00:00:02--  ftp://ftp.internic.net/*
           => ‘./.listing’
Resolving ftp.internic.net (ftp.internic.net)... 192.0.32.9, 2620:0:2d0:200::9
Connecting to ftp.internic.net (ftp.internic.net)|192.0.32.9|:21... connected.
Logging in as anonymous ... 
220 Internic FTP Server
--> USER anonymous

331 Please specify the password.
--> PASS Turtle Power!

230 Login successful.
--> SYST

215 UNIX Type: L8
--> PWD

257 "/"
--> TYPE I

200 Switching to Binary mode.
==> CWD not needed.
--> PASV

227 Entering Passive Mode (192,0,32,9,241,241)
--> LIST -a

150 Here comes the directory listing.

     0K                                                        13.4K=0.01s

226 Directory send OK.
drwxr-xr-x    3 ftp      ftp          4096 Apr 04  2012 .
drwxr-xr-x    3 ftp      ftp          4096 Apr 04  2012 ..
drwxr-xr-x    2 ftp      ftp          4096 Sep 09  2015 domain
2017-05-07 00:00:09 (13.4 KB/s) - ‘./.listing’ saved [183]

--2017-05-07 00:00:09--  ftp://ftp.internic.net/domain/*
           => ‘./domain/.listing’
--> CWD /domain

250 Directory successfully changed.
--> PASV

227 Entering Passive Mode (192,0,32,9,236,156)
--> LIST -a

150 Here comes the directory listing.

     0K ...                                                     434K=0.009s

226 Directory send OK.
drwxr-xr-x    2 ftp      ftp          4096 Sep 09  2015 .
drwxr-xr-x    3 ftp      ftp          4096 Apr 04  2012 ..
-rw-r--r--    1 ftp      ftp          1829 Aug 18  2015 .listing
-rw-r--r--    1 ftp      ftp          1224 May 06 12:15 INTERNIC_ROOT_ZONE.signatures
-rw-r--r--    1 ftp      ftp          1469 May 06 12:15 INTERNIC_ROOT_ZONE.signatures.asc
-rw-r--r--    1 ftp      ftp         15228 May 06 12:15 arpa.zone
-rw-r--r--    1 ftp      ftp          6658 May 06 12:15 arpa.zone.gz
-rw-r--r--    1 ftp      ftp            33 May 06 12:15 arpa.zone.gz.md5
-rw-r--r--    1 ftp      ftp            72 May 06 12:15 arpa.zone.gz.sig
-rw-r--r--    1 ftp      ftp          3289 Apr 11 15:01 db.cache
-rw-r--r--    1 ftp      ftp            33 Apr 11 15:01 db.cache.md5
-rw-r--r--    1 ftp      ftp            72 Apr 11 15:01 db.cache.sig
-rw-r--r--    1 ftp      ftp        230454 May 06 15:40 in-addr.arpa
-rw-r--r--    1 ftp      ftp         89652 May 06 15:40 in-addr.arpa.gz
-rw-r--r--    1 ftp      ftp            55 May 06 15:40 in-addr.arpa.gz.md5
-rw-r--r--    1 ftp      ftp            90 May 06 15:40 in-addr.arpa.gz.sha256
-rw-r--r--    1 ftp      ftp            52 May 06 15:40 in-addr.arpa.md5
-rw-r--r--    1 ftp      ftp            87 May 06 15:40 in-addr.arpa.sha256
-rw-r--r--    1 ftp      ftp        230454 May 06 15:40 in-addr.arpa.zone
-rw-r--r--    1 ftp      ftp         89652 May 06 15:40 in-addr.arpa.zone.gz
-rw-r--r--    1 ftp      ftp            60 May 06 15:40 in-addr.arpa.zone.gz.md5
-rw-r--r--    1 ftp      ftp            95 May 06 15:40 in-addr.arpa.zone.gz.sha256
-rw-r--r--    1 ftp      ftp            57 May 06 15:40 in-addr.arpa.zone.md5
-rw-r--r--    1 ftp      ftp            92 May 06 15:40 in-addr.arpa.zone.sha256
-rw-r--r--    1 ftp      ftp         62071 May 06 15:40 ip6.arpa
-rw-r--r--    1 ftp      ftp         24199 May 06 15:40 ip6.arpa.gz
-rw-r--r--    1 ftp      ftp            51 May 06 15:40 ip6.arpa.gz.md5
-rw-r--r--    1 ftp      ftp            86 May 06 15:40 ip6.arpa.gz.sha256
-rw-r--r--    1 ftp      ftp            48 May 06 15:40 ip6.arpa.md5
-rw-r--r--    1 ftp      ftp            83 May 06 15:40 ip6.arpa.sha256
-rw-r--r--    1 ftp      ftp         62071 May 06 15:40 ip6.arpa.zone
-rw-r--r--    1 ftp      ftp         24199 May 06 15:40 ip6.arpa.zone.gz
-rw-r--r--    1 ftp      ftp            56 May 06 15:40 ip6.arpa.zone.gz.md5
-rw-r--r--    1 ftp      ftp            91 May 06 15:40 ip6.arpa.zone.gz.sha256
-rw-r--r--    1 ftp      ftp            53 May 06 15:40 ip6.arpa.zone.md5
-rw-r--r--    1 ftp      ftp            88 May 06 15:40 ip6.arpa.zone.sha256
-rw-r--r--    1 ftp      ftp            21 May 06 15:40 last_update.txt
-rw-r--r--    1 ftp      ftp          3289 Apr 11 15:01 named.cache
-rw-r--r--    1 ftp      ftp            33 Apr 11 15:01 named.cache.md5
-rw-r--r--    1 ftp      ftp            72 Apr 11 15:01 named.cache.sig
-rw-r--r--    1 ftp      ftp          3289 Apr 11 15:01 named.root
-rw-r--r--    1 ftp      ftp            33 Apr 11 15:01 named.root.md5
-rw-r--r--    1 ftp      ftp            72 Apr 11 15:01 named.root.sig
-rw-r--r--    1 ftp      ftp          2110 Apr 11 15:01 root-servers.net.zone
-rw-r--r--    1 ftp      ftp           576 Apr 11 15:01 root-servers.net.zone.gz
-rw-r--r--    1 ftp      ftp            33 Apr 11 15:01 root-servers.net.zone.gz.md5
-rw-r--r--    1 ftp      ftp            72 Apr 11 15:01 root-servers.net.zone.gz.sig
-rw-r--r--    1 ftp      ftp       2235683 May 06 05:50 root.zone
-rw-r--r--    1 ftp      ftp       1050110 May 06 05:50 root.zone.gz
-rw-r--r--    1 ftp      ftp            33 May 06 05:50 root.zone.gz.md5
-rw-r--r--    1 ftp      ftp            72 May 06 05:50 root.zone.gz.sig
-rw-r--r--    1 ftp      ftp            33 May 06 05:50 root.zone.md5
-rw-r--r--    1 ftp      ftp            72 May 06 05:50 root.zone.sig
2017-05-07 00:00:11 (434 KB/s) - ‘./domain/.listing’ saved [3930]

The sizes do not match (local 3930) -- retrieving.

--2017-05-07 00:00:11--  ftp://ftp.internic.net/domain/.listing
           => ‘./domain/.listing’
==> CWD not required.
--> PASV

227 Entering Passive Mode (192,0,32,9,83,254)
--> RETR .listing

150 Opening BINARY mode data connection for .listing (1829 bytes).
Length: 1829 (1.8K)

     0K .                                                     100% 65.0K=0.03s

226 Transfer complete.
2017-05-07 00:00:12 (65.0 KB/s) - ‘./domain/.listing’ saved [1829]

Remote file is newer than local file ‘./domain/INTERNIC_ROOT_ZONE.signatures’ -- retrieving.

--2017-05-07 00:00:12--  ftp://ftp.internic.net/domain/INTERNIC_ROOT_ZONE.signatures
           => ‘./domain/INTERNIC_ROOT_ZONE.signatures’
==> CWD not required.
--> PASV

227 Entering Passive Mode (192,0,32,9,15,191)
--> RETR INTERNIC_ROOT_ZONE.signatures

150 Opening BINARY mode data connection for INTERNIC_ROOT_ZONE.signatures (1224 bytes).
Length: 1224 (1.2K)

     0K .                                                     100%  113K=0.01s

226 Transfer complete.
2017-05-07 00:00:13 (113 KB/s) - ‘./domain/INTERNIC_ROOT_ZONE.signatures’ saved [1224]

Remote file is newer than local file ‘./domain/INTERNIC_ROOT_ZONE.signatures.asc’ -- retrieving.

--2017-05-07 00:00:13--  ftp://ftp.internic.net/domain/INTERNIC_ROOT_ZONE.signatures.asc
           => ‘./domain/INTERNIC_ROOT_ZONE.signatures.asc’
==> CWD not required.
--> PASV

227 Entering Passive Mode (192,0,32,9,20,83)
--> RETR INTERNIC_ROOT_ZONE.signatures.asc

150 Opening BINARY mode data connection for INTERNIC_ROOT_ZONE.signatures.asc (1469 bytes).
Length: 1469 (1.4K)

     0K .                                                     100% 12.2M=0s

226 Transfer complete.
2017-05-07 00:00:15 (12.2 MB/s) - ‘./domain/INTERNIC_ROOT_ZONE.signatures.asc’ saved [1469]

Remote file is newer than local file ‘./domain/arpa.zone’ -- retrieving.

--2017-05-07 00:00:15--  ftp://ftp.internic.net/domain/arpa.zone
           => ‘./domain/arpa.zone’
==> CWD not required.
--> PASV

227 Entering Passive Mode (192,0,32,9,42,39)
--> RETR arpa.zone

150 Opening BINARY mode data connection for arpa.zone (15228 bytes).
Length: 15228 (15K)

     0K .......... ....                                       100% 11.9M=0.001s

226 Transfer complete.
2017-05-07 00:00:16 (11.9 MB/s) - ‘./domain/arpa.zone’ saved [15228]

The sizes do not match (local 6648) -- retrieving.

--2017-05-07 00:00:16--  ftp://ftp.internic.net/domain/arpa.zone.gz
           => ‘./domain/arpa.zone.gz’
==> CWD not required.
--> PASV

227 Entering Passive Mode (192,0,32,9,229,136)
--> RETR arpa.zone.gz

150 Opening BINARY mode data connection for arpa.zone.gz (6658 bytes).
Length: 6658 (6.5K)

     0K ......                                                100% 54.3M=0s

226 Transfer complete.
2017-05-07 00:00:18 (54.3 MB/s) - ‘./domain/arpa.zone.gz’ saved [6658]

Remote file is newer than local file ‘./domain/arpa.zone.gz.md5’ -- retrieving.

--2017-05-07 00:00:18--  ftp://ftp.internic.net/domain/arpa.zone.gz.md5
           => ‘./domain/arpa.zone.gz.md5’
==> CWD not required.
--> PASV

227 Entering Passive Mode (192,0,32,9,54,171)
--> RETR arpa.zone.gz.md5

150 Opening BINARY mode data connection for arpa.zone.gz.md5 (33 bytes).
Length: 33

     0K                                                       100%  271K=0s

226 Transfer complete.
2017-05-07 00:00:19 (271 KB/s) - ‘./domain/arpa.zone.gz.md5’ saved [33]

Remote file is newer than local file ‘./domain/arpa.zone.gz.sig’ -- retrieving.

--2017-05-07 00:00:19--  ftp://ftp.internic.net/domain/arpa.zone.gz.sig
           => ‘./domain/arpa.zone.gz.sig’
==> CWD not required.
--> PASV

227 Entering Passive Mode (192,0,32,9,73,163)
--> RETR arpa.zone.gz.sig

150 Opening BINARY mode data connection for arpa.zone.gz.sig (72 bytes).
Length: 72

     0K                                                       100%  601K=0s

226 Transfer complete.
2017-05-07 00:00:20 (601 KB/s) - ‘./domain/arpa.zone.gz.sig’ saved [72]

Remote file no newer than local file ‘./domain/db.cache’ -- not retrieving.
Remote file no newer than local file ‘./domain/db.cache.md5’ -- not retrieving.
Remote file no newer than local file ‘./domain/db.cache.sig’ -- not retrieving.
Remote file is newer than local file ‘./domain/in-addr.arpa’ -- retrieving.

--2017-05-07 00:00:20--  ftp://ftp.internic.net/domain/in-addr.arpa
           => ‘./domain/in-addr.arpa’
==> CWD not required.
--> PASV

227 Entering Passive Mode (192,0,32,9,144,160)
--> RETR in-addr.arpa

150 Opening BINARY mode data connection for in-addr.arpa (230454 bytes).
Length: 230454 (225K)

     0K .......... .......... .......... .......... .......... 22% 86.9K 2s
    50K .......... .......... .......... .......... .......... 44%  155K 1s
   100K .......... .......... .......... .......... .......... 66% 77.4K 1s
   150K .......... .......... .......... .......... .......... 88% 56.8M 0s
   200K .......... .......... .....                           100% 79.1K=1.9s

226 Transfer complete.
2017-05-07 00:00:23 (121 KB/s) - ‘./domain/in-addr.arpa’ saved [230454]

Remote file is newer than local file ‘./domain/in-addr.arpa.gz’ -- retrieving.

--2017-05-07 00:00:23--  ftp://ftp.internic.net/domain/in-addr.arpa.gz
           => ‘./domain/in-addr.arpa.gz’
==> CWD not required.
--> PASV

227 Entering Passive Mode (192,0,32,9,42,157)
--> RETR in-addr.arpa.gz

150 Opening BINARY mode data connection for in-addr.arpa.gz (89652 bytes).
Length: 89652 (88K)

     0K .......... .......... .......... .......... .......... 57% 50.8K 1s
    50K .......... .......... .......... .......              100% 42.1M=1.0s

226 Transfer complete.
2017-05-07 00:00:26 (88.9 KB/s) - ‘./domain/in-addr.arpa.gz’ saved [89652]

Remote file is newer than local file ‘./domain/in-addr.arpa.gz.md5’ -- retrieving.

--2017-05-07 00:00:26--  ftp://ftp.internic.net/domain/in-addr.arpa.gz.md5
           => ‘./domain/in-addr.arpa.gz.md5’
==> CWD not required.
--> PASV

227 Entering Passive Mode (192,0,32,9,33,11)
--> RETR in-addr.arpa.gz.md5

150 Opening BINARY mode data connection for in-addr.arpa.gz.md5 (55 bytes).
Length: 55

     0K                                                       100%  475K=0s

226 Transfer complete.
2017-05-07 00:00:28 (475 KB/s) - ‘./domain/in-addr.arpa.gz.md5’ saved [55]

Remote file is newer than local file ‘./domain/in-addr.arpa.gz.sha256’ -- retrieving.

--2017-05-07 00:00:28--  ftp://ftp.internic.net/domain/in-addr.arpa.gz.sha256
           => ‘./domain/in-addr.arpa.gz.sha256’
==> CWD not required.
--> PASV

227 Entering Passive Mode (192,0,32,9,42,247)
--> RETR in-addr.arpa.gz.sha256

150 Opening BINARY mode data connection for in-addr.arpa.gz.sha256 (90 bytes).
Length: 90

     0K                                                       100%  423K=0s

226 Transfer complete.
2017-05-07 00:00:29 (423 KB/s) - ‘./domain/in-addr.arpa.gz.sha256’ saved [90]

Remote file is newer than local file ‘./domain/in-addr.arpa.md5’ -- retrieving.

--2017-05-07 00:00:29--  ftp://ftp.internic.net/domain/in-addr.arpa.md5
           => ‘./domain/in-addr.arpa.md5’
==> CWD not required.
--> PASV

227 Entering Passive Mode (192,0,32,9,73,89)
--> RETR in-addr.arpa.md5

150 Opening BINARY mode data connection for in-addr.arpa.md5 (52 bytes).
Length: 52

     0K                                                       100%  109K=0s

226 Transfer complete.
2017-05-07 00:00:32 (109 KB/s) - ‘./domain/in-addr.arpa.md5’ saved [52]

Remote file is newer than local file ‘./domain/in-addr.arpa.sha256’ -- retrieving.

--2017-05-07 00:00:32--  ftp://ftp.internic.net/domain/in-addr.arpa.sha256
           => ‘./domain/in-addr.arpa.sha256’
==> CWD not required.
--> PASV

227 Entering Passive Mode (192,0,32,9,163,228)
--> RETR in-addr.arpa.sha256

150 Opening BINARY mode data connection for in-addr.arpa.sha256 (87 bytes).
Length: 87

     0K                                                       100%  745K=0s

226 Transfer complete.
2017-05-07 00:00:33 (745 KB/s) - ‘./domain/in-addr.arpa.sha256’ saved [87]

Remote file is newer than local file ‘./domain/in-addr.arpa.zone’ -- retrieving.

--2017-05-07 00:00:33--  ftp://ftp.internic.net/domain/in-addr.arpa.zone
           => ‘./domain/in-addr.arpa.zone’
==> CWD not required.
--> PASV

227 Entering Passive Mode (192,0,32,9,51,196)
--> RETR in-addr.arpa.zone

150 Opening BINARY mode data connection for in-addr.arpa.zone (230454 bytes).
Length: 230454 (225K)

     0K .......... .......... .......... .......... .......... 22% 97.3K 2s
    50K .......... .......... .......... .......... .......... 44%  221K 1s
   100K .......... .......... .......... .......... .......... 66%  210K 0s
   150K .......... .......... .......... .......... .......... 88% 9.21M 0s
   200K .......... .......... .....                           100% 99.6K=1.2s

226 Transfer complete.
2017-05-07 00:00:36 (182 KB/s) - ‘./domain/in-addr.arpa.zone’ saved [230454]

Remote file is newer than local file ‘./domain/in-addr.arpa.zone.gz’ -- retrieving.

--2017-05-07 00:00:36--  ftp://ftp.internic.net/domain/in-addr.arpa.zone.gz
           => ‘./domain/in-addr.arpa.zone.gz’
==> CWD not required.
--> PASV

227 Entering Passive Mode (192,0,32,9,237,221)
--> RETR in-addr.arpa.zone.gz

150 Opening BINARY mode data connection for in-addr.arpa.zone.gz (89652 bytes).
Length: 89652 (88K)

     0K .......... .......... .......... .......... .......... 57% 91.9K 0s
    50K .......... .......... .......... .......              100%  134K=0.8s

226 Transfer complete.
2017-05-07 00:00:38 (106 KB/s) - ‘./domain/in-addr.arpa.zone.gz’ saved [89652]

Remote file is newer than local file ‘./domain/in-addr.arpa.zone.gz.md5’ -- retrieving.

--2017-05-07 00:00:38--  ftp://ftp.internic.net/domain/in-addr.arpa.zone.gz.md5
           => ‘./domain/in-addr.arpa.zone.gz.md5’
==> CWD not required.
--> PASV

227 Entering Passive Mode (192,0,32,9,106,231)
--> RETR in-addr.arpa.zone.gz.md5

150 Opening BINARY mode data connection for in-addr.arpa.zone.gz.md5 (60 bytes).
Length: 60

     0K                                                       100%  523K=0s

226 Transfer complete.
2017-05-07 00:00:39 (523 KB/s) - ‘./domain/in-addr.arpa.zone.gz.md5’ saved [60]

Remote file is newer than local file ‘./domain/in-addr.arpa.zone.gz.sha256’ -- retrieving.

--2017-05-07 00:00:39--  ftp://ftp.internic.net/domain/in-addr.arpa.zone.gz.sha256
           => ‘./domain/in-addr.arpa.zone.gz.sha256’
==> CWD not required.
--> PASV

227 Entering Passive Mode (192,0,32,9,42,250)
--> RETR in-addr.arpa.zone.gz.sha256

150 Opening BINARY mode data connection for in-addr.arpa.zone.gz.sha256 (95 bytes).
Length: 95

     0K                                                       100%  760K=0s

226 Transfer complete.
2017-05-07 00:00:40 (760 KB/s) - ‘./domain/in-addr.arpa.zone.gz.sha256’ saved [95]

Remote file is newer than local file ‘./domain/in-addr.arpa.zone.md5’ -- retrieving.

--2017-05-07 00:00:40--  ftp://ftp.internic.net/domain/in-addr.arpa.zone.md5
           => ‘./domain/in-addr.arpa.zone.md5’
==> CWD not required.
--> PASV

227 Entering Passive Mode (192,0,32,9,18,34)
--> RETR in-addr.arpa.zone.md5

150 Opening BINARY mode data connection for in-addr.arpa.zone.md5 (57 bytes).
Length: 57

     0K                                                       100%  493K=0s

226 Transfer complete.
2017-05-07 00:00:42 (493 KB/s) - ‘./domain/in-addr.arpa.zone.md5’ saved [57]

Remote file is newer than local file ‘./domain/in-addr.arpa.zone.sha256’ -- retrieving.

--2017-05-07 00:00:42--  ftp://ftp.internic.net/domain/in-addr.arpa.zone.sha256
           => ‘./domain/in-addr.arpa.zone.sha256’
==> CWD not required.
--> PASV

227 Entering Passive Mode (192,0,32,9,58,122)
--> RETR in-addr.arpa.zone.sha256

150 Opening BINARY mode data connection for in-addr.arpa.zone.sha256 (92 bytes).
Length: 92

     0K                                                       100%  802K=0s

226 Transfer complete.
2017-05-07 00:00:43 (802 KB/s) - ‘./domain/in-addr.arpa.zone.sha256’ saved [92]

Remote file is newer than local file ‘./domain/ip6.arpa’ -- retrieving.

--2017-05-07 00:00:43--  ftp://ftp.internic.net/domain/ip6.arpa
           => ‘./domain/ip6.arpa’
==> CWD not required.
--> PASV

227 Entering Passive Mode (192,0,32,9,237,189)
--> RETR ip6.arpa

150 Opening BINARY mode data connection for ip6.arpa (62071 bytes).
Length: 62071 (61K)

     0K .......... .......... .......... .......... .......... 82% 33.3K 0s
    50K ..........                                            100% 33.4K=1.8s

226 Transfer complete.
2017-05-07 00:00:47 (33.3 KB/s) - ‘./domain/ip6.arpa’ saved [62071]

Remote file is newer than local file ‘./domain/ip6.arpa.gz’ -- retrieving.

--2017-05-07 00:00:47--  ftp://ftp.internic.net/domain/ip6.arpa.gz
           => ‘./domain/ip6.arpa.gz’
==> CWD not required.
--> PASV

227 Entering Passive Mode (192,0,32,9,174,217)
--> RETR ip6.arpa.gz

150 Opening BINARY mode data connection for ip6.arpa.gz (24199 bytes).
Length: 24199 (24K)

     0K .......... .......... ...                             100% 78.6K=0.3s

226 Transfer complete.
2017-05-07 00:00:49 (78.6 KB/s) - ‘./domain/ip6.arpa.gz’ saved [24199]

Remote file is newer than local file ‘./domain/ip6.arpa.gz.md5’ -- retrieving.

--2017-05-07 00:00:49--  ftp://ftp.internic.net/domain/ip6.arpa.gz.md5
           => ‘./domain/ip6.arpa.gz.md5’
==> CWD not required.
--> PASV

227 Entering Passive Mode (192,0,32,9,41,84)
--> RETR ip6.arpa.gz.md5

150 Opening BINARY mode data connection for ip6.arpa.gz.md5 (51 bytes).
Length: 51

     0K                                                       100% 12.0K=0.004s

226 Transfer complete.
2017-05-07 00:00:50 (12.0 KB/s) - ‘./domain/ip6.arpa.gz.md5’ saved [51]

Remote file is newer than local file ‘./domain/ip6.arpa.gz.sha256’ -- retrieving.

--2017-05-07 00:00:50--  ftp://ftp.internic.net/domain/ip6.arpa.gz.sha256
           => ‘./domain/ip6.arpa.gz.sha256’
==> CWD not required.
--> PASV

227 Entering Passive Mode (192,0,32,9,41,185)
--> RETR ip6.arpa.gz.sha256

150 Opening BINARY mode data connection for ip6.arpa.gz.sha256 (86 bytes).
Length: 86

     0K                                                       100%  737K=0s

226 Transfer complete.
2017-05-07 00:00:51 (737 KB/s) - ‘./domain/ip6.arpa.gz.sha256’ saved [86]

Remote file is newer than local file ‘./domain/ip6.arpa.md5’ -- retrieving.

--2017-05-07 00:00:51--  ftp://ftp.internic.net/domain/ip6.arpa.md5
           => ‘./domain/ip6.arpa.md5’
==> CWD not required.
--> PASV

227 Entering Passive Mode (192,0,32,9,41,185)
--> RETR ip6.arpa.md5

150 Opening BINARY mode data connection for ip6.arpa.md5 (48 bytes).
Length: 48

     0K                                                       100%  617K=0s

226 Transfer complete.
2017-05-07 00:00:52 (617 KB/s) - ‘./domain/ip6.arpa.md5’ saved [48]

Remote file is newer than local file ‘./domain/ip6.arpa.sha256’ -- retrieving.

--2017-05-07 00:00:52--  ftp://ftp.internic.net/domain/ip6.arpa.sha256
           => ‘./domain/ip6.arpa.sha256’
==> CWD not required.
--> PASV

227 Entering Passive Mode (192,0,32,9,242,181)
--> RETR ip6.arpa.sha256

150 Opening BINARY mode data connection for ip6.arpa.sha256 (83 bytes).
Length: 83

     0K                                                       100%  693K=0s

226 Transfer complete.
2017-05-07 00:00:54 (693 KB/s) - ‘./domain/ip6.arpa.sha256’ saved [83]

Remote file is newer than local file ‘./domain/ip6.arpa.zone’ -- retrieving.

--2017-05-07 00:00:54--  ftp://ftp.internic.net/domain/ip6.arpa.zone
           => ‘./domain/ip6.arpa.zone’
==> CWD not required.
--> PASV

227 Entering Passive Mode (192,0,32,9,168,85)
--> RETR ip6.arpa.zone

150 Opening BINARY mode data connection for ip6.arpa.zone (62071 bytes).
Length: 62071 (61K)

     0K .......... .......... .......... .......... .......... 82% 53.3K 0s
    50K ..........                                            100% 35.4K=1.2s

226 Transfer complete.
2017-05-07 00:00:56 (49.0 KB/s) - ‘./domain/ip6.arpa.zone’ saved [62071]

Remote file is newer than local file ‘./domain/ip6.arpa.zone.gz’ -- retrieving.

--2017-05-07 00:00:56--  ftp://ftp.internic.net/domain/ip6.arpa.zone.gz
           => ‘./domain/ip6.arpa.zone.gz’
==> CWD not required.
--> PASV

227 Entering Passive Mode (192,0,32,9,30,20)
--> RETR ip6.arpa.zone.gz

150 Opening BINARY mode data connection for ip6.arpa.zone.gz (24199 bytes).
Length: 24199 (24K)

     0K .......... .......... ...                             100% 79.6K=0.3s

226 Transfer complete.
2017-05-07 00:00:58 (79.6 KB/s) - ‘./domain/ip6.arpa.zone.gz’ saved [24199]

Remote file is newer than local file ‘./domain/ip6.arpa.zone.gz.md5’ -- retrieving.

--2017-05-07 00:00:58--  ftp://ftp.internic.net/domain/ip6.arpa.zone.gz.md5
           => ‘./domain/ip6.arpa.zone.gz.md5’
==> CWD not required.
--> PASV

227 Entering Passive Mode (192,0,32,9,181,63)
--> RETR ip6.arpa.zone.gz.md5

150 Opening BINARY mode data connection for ip6.arpa.zone.gz.md5 (56 bytes).
Length: 56

     0K                                                       100%  720K=0s

226 Transfer complete.
2017-05-07 00:00:59 (720 KB/s) - ‘./domain/ip6.arpa.zone.gz.md5’ saved [56]

Remote file is newer than local file ‘./domain/ip6.arpa.zone.gz.sha256’ -- retrieving.

--2017-05-07 00:00:59--  ftp://ftp.internic.net/domain/ip6.arpa.zone.gz.sha256
           => ‘./domain/ip6.arpa.zone.gz.sha256’
==> CWD not required.
--> PASV

227 Entering Passive Mode (192,0,32,9,80,218)
--> RETR ip6.arpa.zone.gz.sha256

150 Opening BINARY mode data connection for ip6.arpa.zone.gz.sha256 (91 bytes).
Length: 91

     0K                                                       100%  780K=0s

226 Transfer complete.
2017-05-07 00:01:00 (780 KB/s) - ‘./domain/ip6.arpa.zone.gz.sha256’ saved [91]

Remote file is newer than local file ‘./domain/ip6.arpa.zone.md5’ -- retrieving.

--2017-05-07 00:01:00--  ftp://ftp.internic.net/domain/ip6.arpa.zone.md5
           => ‘./domain/ip6.arpa.zone.md5’
==> CWD not required.
--> PASV

227 Entering Passive Mode (192,0,32,9,41,206)
--> RETR ip6.arpa.zone.md5

150 Opening BINARY mode data connection for ip6.arpa.zone.md5 (53 bytes).
Length: 53

     0K                                                       100%  458K=0s

226 Transfer complete.
2017-05-07 00:01:01 (458 KB/s) - ‘./domain/ip6.arpa.zone.md5’ saved [53]

Remote file is newer than local file ‘./domain/ip6.arpa.zone.sha256’ -- retrieving.

--2017-05-07 00:01:01--  ftp://ftp.internic.net/domain/ip6.arpa.zone.sha256
           => ‘./domain/ip6.arpa.zone.sha256’
==> CWD not required.
--> PASV

227 Entering Passive Mode (192,0,32,9,42,192)
--> RETR ip6.arpa.zone.sha256

150 Opening BINARY mode data connection for ip6.arpa.zone.sha256 (88 bytes).
Length: 88

     0K                                                       100%  761K=0s

226 Transfer complete.
2017-05-07 00:01:03 (761 KB/s) - ‘./domain/ip6.arpa.zone.sha256’ saved [88]

Remote file is newer than local file ‘./domain/last_update.txt’ -- retrieving.

--2017-05-07 00:01:03--  ftp://ftp.internic.net/domain/last_update.txt
           => ‘./domain/last_update.txt’
==> CWD not required.
--> PASV

227 Entering Passive Mode (192,0,32,9,42,112)
--> RETR last_update.txt

150 Opening BINARY mode data connection for last_update.txt (21 bytes).
Length: 21

     0K                                                       100% 3.89K=0.005s

226 Transfer complete.
2017-05-07 00:01:04 (3.89 KB/s) - ‘./domain/last_update.txt’ saved [21]

Remote file no newer than local file ‘./domain/named.cache’ -- not retrieving.
Remote file no newer than local file ‘./domain/named.cache.md5’ -- not retrieving.
Remote file no newer than local file ‘./domain/named.cache.sig’ -- not retrieving.
Remote file no newer than local file ‘./domain/named.root’ -- not retrieving.
Remote file no newer than local file ‘./domain/named.root.md5’ -- not retrieving.
Remote file no newer than local file ‘./domain/named.root.sig’ -- not retrieving.
Remote file no newer than local file ‘./domain/root-servers.net.zone’ -- not retrieving.
Remote file no newer than local file ‘./domain/root-servers.net.zone.gz’ -- not retrieving.
Remote file no newer than local file ‘./domain/root-servers.net.zone.gz.md5’ -- not retrieving.
Remote file no newer than local file ‘./domain/root-servers.net.zone.gz.sig’ -- not retrieving.
The sizes do not match (local 2235463) -- retrieving.

--2017-05-07 00:01:04--  ftp://ftp.internic.net/domain/root.zone
           => ‘./domain/root.zone’
==> CWD not required.
--> PASV

227 Entering Passive Mode (192,0,32,9,33,54)
--> RETR root.zone

150 Opening BINARY mode data connection for root.zone (2235683 bytes).
Length: 2235683 (2.1M)

     0K .......... .......... .......... .......... ..........  2% 54.4K 39s
    50K .......... .......... .......... .......... ..........  4% 59.7K 37s
   100K .......... .......... .......... .......... ..........  6% 60.1K 35s
   150K .......... .......... .......... .......... ..........  9% 95.6K 31s
   200K .......... .......... .......... .......... .......... 11% 59.9K 31s
   250K .......... .......... .......... .......... .......... 13% 33.8M 25s
   300K .......... .......... .......... .......... .......... 16% 94.5K 23s
   350K .......... .......... .......... .......... .......... 18% 90.2K 22s
   400K .......... .......... .......... .......... .......... 20%  187K 20s
   450K .......... .......... .......... .......... .......... 22%  195K 19s
   500K .......... .......... .......... .......... .......... 25% 46.2K 20s
   550K .......... .......... .......... .......... .......... 27% 17.5M 18s
   600K .......... .......... .......... .......... .......... 29%  196K 16s
   650K .......... .......... .......... .......... .......... 32% 93.8K 16s
   700K .......... .......... .......... .......... .......... 34%  179K 15s
   750K .......... .......... .......... .......... .......... 36% 92.8K 14s
   800K .......... .......... .......... .......... .......... 38%  182K 13s
   850K .......... .......... .......... .......... .......... 41% 30.7K 14s
   900K .......... .......... .......... .......... .......... 43% 28.0M 13s
   950K .......... .......... .......... .......... .......... 45% 88.2K 13s
  1000K .......... .......... .......... .......... .......... 48%  183K 12s
  1050K .......... .......... .......... .......... .......... 50% 87.5K 11s
  1100K .......... .......... .......... .......... .......... 52%  170K 11s
  1150K .......... .......... .......... .......... .......... 54%  178K 10s
  1200K .......... .......... .......... .......... .......... 57%  181K 9s
  1250K .......... .......... .......... .......... .......... 59% 86.8K 9s
  1300K .......... .......... .......... .......... .......... 61% 87.8K 8s
  1350K .......... .......... .......... .......... .......... 64%  193K 8s
  1400K .......... .......... .......... .......... .......... 66%  180K 7s
  1450K .......... .......... .......... .......... .......... 68%  170K 7s
  1500K .......... .......... .......... .......... .......... 70% 58.9K 6s
  1550K .......... .......... .......... .......... .......... 73%  180K 6s
  1600K .......... .......... .......... .......... .......... 75%  168K 5s
  1650K .......... .......... .......... .......... .......... 77% 84.6K 5s
  1700K .......... .......... .......... .......... .......... 80%  172K 4s
  1750K .......... .......... .......... .......... .......... 82% 91.3K 4s
  1800K .......... .......... .......... .......... .......... 84%  158K 3s
  1850K .......... .......... .......... .......... .......... 87% 90.9K 3s
  1900K .......... .......... .......... .......... .......... 89%  160K 2s
  1950K .......... .......... .......... .......... .......... 91% 58.7K 2s
  2000K .......... .......... .......... .......... .......... 93% 1.30M 1s
  2050K .......... .......... .......... .......... .......... 96% 89.7K 1s
  2100K .......... .......... .......... .......... .......... 98%  140K 0s
  2150K .......... .......... .......... ...                  100%  136K=20s

226 Transfer complete.
2017-05-07 00:01:26 (107 KB/s) - ‘./domain/root.zone’ saved [2235683]

The sizes do not match (local 1050062) -- retrieving.

--2017-05-07 00:01:26--  ftp://ftp.internic.net/domain/root.zone.gz
           => ‘./domain/root.zone.gz’
==> CWD not required.
--> PASV

227 Entering Passive Mode (192,0,32,9,60,182)
--> RETR root.zone.gz

150 Opening BINARY mode data connection for root.zone.gz (1050110 bytes).
Length: 1050110 (1.0M)

     0K .......... .......... .......... .......... ..........  4% 88.7K 11s
    50K .......... .......... .......... .......... ..........  9% 90.1K 10s
   100K .......... .......... .......... .......... .......... 14%  171K 8s
   150K .......... .......... .......... .......... .......... 19% 89.4K 8s
   200K .......... .......... .......... .......... .......... 24%  189K 7s
   250K .......... .......... .......... .......... .......... 29%  178K 6s
   300K .......... .......... .......... .......... .......... 34% 47.1K 7s
   350K .......... .......... .......... .......... .......... 39% 37.0M 6s
   400K .......... .......... .......... .......... .......... 43%  888K 5s
   450K .......... .......... .......... .......... .......... 48% 87.5K 4s
   500K .......... .......... .......... .......... .......... 53%  170K 4s
   550K .......... .......... .......... .......... .......... 58%  176K 3s
   600K .......... .......... .......... .......... .......... 63% 91.2K 3s
   650K .......... .......... .......... .......... .......... 68%  169K 3s
   700K .......... .......... .......... .......... .......... 73%  169K 2s
   750K .......... .......... .......... .......... .......... 78%  167K 2s
   800K .......... .......... .......... .......... .......... 82% 90.8K 1s
   850K .......... .......... .......... .......... .......... 87% 85.0K 1s
   900K .......... .......... .......... .......... .......... 92%  171K 1s
   950K .......... .......... .......... .......... .......... 97%  184K 0s
  1000K .......... .......... .....                           100% 95.7K=8.2s

226 Transfer complete.
2017-05-07 00:01:35 (125 KB/s) - ‘./domain/root.zone.gz’ saved [1050110]

Remote file is newer than local file ‘./domain/root.zone.gz.md5’ -- retrieving.

--2017-05-07 00:01:35--  ftp://ftp.internic.net/domain/root.zone.gz.md5
           => ‘./domain/root.zone.gz.md5’
==> CWD not required.
--> PASV

227 Entering Passive Mode (192,0,32,9,231,144)
--> RETR root.zone.gz.md5

150 Opening BINARY mode data connection for root.zone.gz.md5 (33 bytes).
Length: 33

     0K                                                       100% 2.21K=0.01s

226 Transfer complete.
2017-05-07 00:01:36 (2.21 KB/s) - ‘./domain/root.zone.gz.md5’ saved [33]

Remote file is newer than local file ‘./domain/root.zone.gz.sig’ -- retrieving.

--2017-05-07 00:01:36--  ftp://ftp.internic.net/domain/root.zone.gz.sig
           => ‘./domain/root.zone.gz.sig’
==> CWD not required.
--> PASV

227 Entering Passive Mode (192,0,32,9,44,38)
--> RETR root.zone.gz.sig

150 Opening BINARY mode data connection for root.zone.gz.sig (72 bytes).
Length: 72

     0K                                                       100%  622K=0s

226 Transfer complete.
2017-05-07 00:01:37 (622 KB/s) - ‘./domain/root.zone.gz.sig’ saved [72]

Remote file is newer than local file ‘./domain/root.zone.md5’ -- retrieving.

--2017-05-07 00:01:37--  ftp://ftp.internic.net/domain/root.zone.md5
           => ‘./domain/root.zone.md5’
==> CWD not required.
--> PASV

227 Entering Passive Mode (192,0,32,9,8,98)
--> RETR root.zone.md5

150 Opening BINARY mode data connection for root.zone.md5 (33 bytes).
Length: 33

     0K                                                       100%  288K=0s

226 Transfer complete.
2017-05-07 00:01:38 (288 KB/s) - ‘./domain/root.zone.md5’ saved [33]

Remote file is newer than local file ‘./domain/root.zone.sig’ -- retrieving.

--2017-05-07 00:01:38--  ftp://ftp.internic.net/domain/root.zone.sig
           => ‘./domain/root.zone.sig’
==> CWD not required.
--> PASV

227 Entering Passive Mode (192,0,32,9,236,6)
--> RETR root.zone.sig

150 Opening BINARY mode data connection for root.zone.sig (72 bytes).
Length: 72

     0K                                                       100% 23.4K=0.003s

226 Transfer complete.
2017-05-07 00:01:40 (23.4 KB/s) - ‘./domain/root.zone.sig’ saved [72]

FINISHED --2017-05-07 00:01:40--
Total wall clock time: 1m 37s
Downloaded: 40 files, 3.9M in 37s (108 KB/s)
