--2017-03-19 00:00:04--  ftp://ftp.internic.net/*
           => ‘./.listing’
Resolving ftp.internic.net (ftp.internic.net)... 192.0.32.9, 2620:0:2d0:200::9
Connecting to ftp.internic.net (ftp.internic.net)|192.0.32.9|:21... connected.
Logging in as anonymous ... 
220 Internic FTP Server
--> USER anonymous

331 Please specify the password.
--> PASS Turtle Power!

230 Login successful.
--> SYST

215 UNIX Type: L8
--> PWD

257 "/"
--> TYPE I

200 Switching to Binary mode.
==> CWD not needed.
--> PASV

227 Entering Passive Mode (192,0,32,9,73,102)
--> LIST -a

150 Here comes the directory listing.

     0K                                                        1.56M=0s

226 Directory send OK.
drwxr-xr-x    3 ftp      ftp          4096 Apr 04  2012 .
drwxr-xr-x    3 ftp      ftp          4096 Apr 04  2012 ..
drwxr-xr-x    2 ftp      ftp          4096 Sep 09  2015 domain
2017-03-19 00:00:12 (1.56 MB/s) - ‘./.listing’ saved [183]

--2017-03-19 00:00:12--  ftp://ftp.internic.net/domain/*
           => ‘./domain/.listing’
--> CWD /domain

250 Directory successfully changed.
--> PASV

227 Entering Passive Mode (192,0,32,9,38,249)
--> LIST -a

150 Here comes the directory listing.

     0K ...                                                     695K=0.006s

226 Directory send OK.
drwxr-xr-x    2 ftp      ftp          4096 Sep 09  2015 .
drwxr-xr-x    3 ftp      ftp          4096 Apr 04  2012 ..
-rw-r--r--    1 ftp      ftp          1829 Aug 18  2015 .listing
-rw-r--r--    1 ftp      ftp          1224 Mar 18 12:16 INTERNIC_ROOT_ZONE.signatures
-rw-r--r--    1 ftp      ftp          1469 Mar 18 12:16 INTERNIC_ROOT_ZONE.signatures.asc
-rw-r--r--    1 ftp      ftp         15228 Mar 18 12:16 arpa.zone
-rw-r--r--    1 ftp      ftp          6644 Mar 18 12:16 arpa.zone.gz
-rw-r--r--    1 ftp      ftp            33 Mar 18 12:16 arpa.zone.gz.md5
-rw-r--r--    1 ftp      ftp            72 Mar 18 12:16 arpa.zone.gz.sig
-rw-r--r--    1 ftp      ftp          3291 Oct 20 19:35 db.cache
-rw-r--r--    1 ftp      ftp            33 Oct 20 19:35 db.cache.md5
-rw-r--r--    1 ftp      ftp            72 Oct 20 19:35 db.cache.sig
-rw-r--r--    1 ftp      ftp        228015 Mar 18 15:40 in-addr.arpa
-rw-r--r--    1 ftp      ftp         90406 Mar 18 15:40 in-addr.arpa.gz
-rw-r--r--    1 ftp      ftp            55 Mar 18 15:40 in-addr.arpa.gz.md5
-rw-r--r--    1 ftp      ftp            90 Mar 18 15:40 in-addr.arpa.gz.sha256
-rw-r--r--    1 ftp      ftp            52 Mar 18 15:40 in-addr.arpa.md5
-rw-r--r--    1 ftp      ftp            87 Mar 18 15:40 in-addr.arpa.sha256
-rw-r--r--    1 ftp      ftp        228015 Mar 18 15:40 in-addr.arpa.zone
-rw-r--r--    1 ftp      ftp         90406 Mar 18 15:40 in-addr.arpa.zone.gz
-rw-r--r--    1 ftp      ftp            60 Mar 18 15:40 in-addr.arpa.zone.gz.md5
-rw-r--r--    1 ftp      ftp            95 Mar 18 15:40 in-addr.arpa.zone.gz.sha256
-rw-r--r--    1 ftp      ftp            57 Mar 18 15:40 in-addr.arpa.zone.md5
-rw-r--r--    1 ftp      ftp            92 Mar 18 15:40 in-addr.arpa.zone.sha256
-rw-r--r--    1 ftp      ftp         60746 Mar 18 15:40 ip6.arpa
-rw-r--r--    1 ftp      ftp         24337 Mar 18 15:40 ip6.arpa.gz
-rw-r--r--    1 ftp      ftp            51 Mar 18 15:40 ip6.arpa.gz.md5
-rw-r--r--    1 ftp      ftp            86 Mar 18 15:40 ip6.arpa.gz.sha256
-rw-r--r--    1 ftp      ftp            48 Mar 18 15:40 ip6.arpa.md5
-rw-r--r--    1 ftp      ftp            83 Mar 18 15:40 ip6.arpa.sha256
-rw-r--r--    1 ftp      ftp         60746 Mar 18 15:40 ip6.arpa.zone
-rw-r--r--    1 ftp      ftp         24337 Mar 18 15:40 ip6.arpa.zone.gz
-rw-r--r--    1 ftp      ftp            56 Mar 18 15:40 ip6.arpa.zone.gz.md5
-rw-r--r--    1 ftp      ftp            91 Mar 18 15:40 ip6.arpa.zone.gz.sha256
-rw-r--r--    1 ftp      ftp            53 Mar 18 15:40 ip6.arpa.zone.md5
-rw-r--r--    1 ftp      ftp            88 Mar 18 15:40 ip6.arpa.zone.sha256
-rw-r--r--    1 ftp      ftp            21 Mar 18 15:40 last_update.txt
-rw-r--r--    1 ftp      ftp          3291 Oct 20 19:35 named.cache
-rw-r--r--    1 ftp      ftp            33 Oct 20 19:35 named.cache.md5
-rw-r--r--    1 ftp      ftp            72 Oct 20 19:35 named.cache.sig
-rw-r--r--    1 ftp      ftp          3291 Oct 20 19:35 named.root
-rw-r--r--    1 ftp      ftp            33 Oct 20 19:35 named.root.md5
-rw-r--r--    1 ftp      ftp            72 Oct 20 19:35 named.root.sig
-rw-r--r--    1 ftp      ftp          2110 Oct 20 19:35 root-servers.net.zone
-rw-r--r--    1 ftp      ftp           574 Oct 20 19:35 root-servers.net.zone.gz
-rw-r--r--    1 ftp      ftp            33 Oct 20 19:35 root-servers.net.zone.gz.md5
-rw-r--r--    1 ftp      ftp            72 Oct 20 19:35 root-servers.net.zone.gz.sig
-rw-r--r--    1 ftp      ftp       2230823 Mar 18 05:14 root.zone
-rw-r--r--    1 ftp      ftp       1047562 Mar 18 05:14 root.zone.gz
-rw-r--r--    1 ftp      ftp            33 Mar 18 05:14 root.zone.gz.md5
-rw-r--r--    1 ftp      ftp            72 Mar 18 05:14 root.zone.gz.sig
-rw-r--r--    1 ftp      ftp            33 Mar 18 05:14 root.zone.md5
-rw-r--r--    1 ftp      ftp            72 Mar 18 05:14 root.zone.sig
2017-03-19 00:00:13 (695 KB/s) - ‘./domain/.listing’ saved [3930]

The sizes do not match (local 3930) -- retrieving.

--2017-03-19 00:00:13--  ftp://ftp.internic.net/domain/.listing
           => ‘./domain/.listing’
==> CWD not required.
--> PASV

227 Entering Passive Mode (192,0,32,9,119,53)
--> RETR .listing

150 Opening BINARY mode data connection for .listing (1829 bytes).
Length: 1829 (1.8K)

     0K .                                                     100%  647K=0.003s

226 Transfer complete.
2017-03-19 00:00:14 (647 KB/s) - ‘./domain/.listing’ saved [1829]

Remote file is newer than local file ‘./domain/INTERNIC_ROOT_ZONE.signatures’ -- retrieving.

--2017-03-19 00:00:14--  ftp://ftp.internic.net/domain/INTERNIC_ROOT_ZONE.signatures
           => ‘./domain/INTERNIC_ROOT_ZONE.signatures’
==> CWD not required.
--> PASV

227 Entering Passive Mode (192,0,32,9,110,182)
--> RETR INTERNIC_ROOT_ZONE.signatures

150 Opening BINARY mode data connection for INTERNIC_ROOT_ZONE.signatures (1224 bytes).
Length: 1224 (1.2K)

     0K .                                                     100% 5.59M=0s

226 Transfer complete.
2017-03-19 00:00:15 (5.59 MB/s) - ‘./domain/INTERNIC_ROOT_ZONE.signatures’ saved [1224]

Remote file is newer than local file ‘./domain/INTERNIC_ROOT_ZONE.signatures.asc’ -- retrieving.

--2017-03-19 00:00:15--  ftp://ftp.internic.net/domain/INTERNIC_ROOT_ZONE.signatures.asc
           => ‘./domain/INTERNIC_ROOT_ZONE.signatures.asc’
==> CWD not required.
--> PASV

227 Entering Passive Mode (192,0,32,9,109,194)
--> RETR INTERNIC_ROOT_ZONE.signatures.asc

150 Opening BINARY mode data connection for INTERNIC_ROOT_ZONE.signatures.asc (1469 bytes).
Length: 1469 (1.4K)

     0K .                                                     100% 8.76M=0s

226 Transfer complete.
2017-03-19 00:00:16 (8.76 MB/s) - ‘./domain/INTERNIC_ROOT_ZONE.signatures.asc’ saved [1469]

The sizes do not match (local 15186) -- retrieving.

--2017-03-19 00:00:16--  ftp://ftp.internic.net/domain/arpa.zone
           => ‘./domain/arpa.zone’
==> CWD not required.
--> PASV

227 Entering Passive Mode (192,0,32,9,230,4)
--> RETR arpa.zone

150 Opening BINARY mode data connection for arpa.zone (15228 bytes).
Length: 15228 (15K)

     0K .......... ....                                       100% 3.89M=0.004s

226 Transfer complete.
2017-03-19 00:00:16 (3.89 MB/s) - ‘./domain/arpa.zone’ saved [15228]

The sizes do not match (local 6633) -- retrieving.

--2017-03-19 00:00:16--  ftp://ftp.internic.net/domain/arpa.zone.gz
           => ‘./domain/arpa.zone.gz’
==> CWD not required.
--> PASV

227 Entering Passive Mode (192,0,32,9,37,167)
--> RETR arpa.zone.gz

150 Opening BINARY mode data connection for arpa.zone.gz (6644 bytes).
Length: 6644 (6.5K)

     0K ......                                                100% 35.0M=0s

226 Transfer complete.
2017-03-19 00:00:17 (35.0 MB/s) - ‘./domain/arpa.zone.gz’ saved [6644]

Remote file is newer than local file ‘./domain/arpa.zone.gz.md5’ -- retrieving.

--2017-03-19 00:00:17--  ftp://ftp.internic.net/domain/arpa.zone.gz.md5
           => ‘./domain/arpa.zone.gz.md5’
==> CWD not required.
--> PASV

227 Entering Passive Mode (192,0,32,9,41,28)
--> RETR arpa.zone.gz.md5

150 Opening BINARY mode data connection for arpa.zone.gz.md5 (33 bytes).
Length: 33

     0K                                                       100%  283K=0s

226 Transfer complete.
2017-03-19 00:00:18 (283 KB/s) - ‘./domain/arpa.zone.gz.md5’ saved [33]

Remote file is newer than local file ‘./domain/arpa.zone.gz.sig’ -- retrieving.

--2017-03-19 00:00:18--  ftp://ftp.internic.net/domain/arpa.zone.gz.sig
           => ‘./domain/arpa.zone.gz.sig’
==> CWD not required.
--> PASV

227 Entering Passive Mode (192,0,32,9,175,13)
--> RETR arpa.zone.gz.sig

150 Opening BINARY mode data connection for arpa.zone.gz.sig (72 bytes).
Length: 72

     0K                                                       100%  338K=0s

226 Transfer complete.
2017-03-19 00:00:19 (338 KB/s) - ‘./domain/arpa.zone.gz.sig’ saved [72]

Remote file no newer than local file ‘./domain/db.cache’ -- not retrieving.
Remote file no newer than local file ‘./domain/db.cache.md5’ -- not retrieving.
Remote file no newer than local file ‘./domain/db.cache.sig’ -- not retrieving.
Remote file is newer than local file ‘./domain/in-addr.arpa’ -- retrieving.

--2017-03-19 00:00:19--  ftp://ftp.internic.net/domain/in-addr.arpa
           => ‘./domain/in-addr.arpa’
==> CWD not required.
--> PASV

227 Entering Passive Mode (192,0,32,9,41,129)
--> RETR in-addr.arpa

150 Opening BINARY mode data connection for in-addr.arpa (228015 bytes).
Length: 228015 (223K)

     0K .......... .......... .......... .......... .......... 22%  123K 1s
    50K .......... .......... .......... .......... .......... 44%  250K 1s
   100K .......... .......... .......... .......... .......... 67% 5.01M 0s
   150K .......... .......... .......... .......... .......... 89%  254K 0s
   200K .......... .......... ..                              100% 5.56M=0.8s

226 Transfer complete.
2017-03-19 00:00:21 (272 KB/s) - ‘./domain/in-addr.arpa’ saved [228015]

Remote file is newer than local file ‘./domain/in-addr.arpa.gz’ -- retrieving.

--2017-03-19 00:00:21--  ftp://ftp.internic.net/domain/in-addr.arpa.gz
           => ‘./domain/in-addr.arpa.gz’
==> CWD not required.
--> PASV

227 Entering Passive Mode (192,0,32,9,101,240)
--> RETR in-addr.arpa.gz

150 Opening BINARY mode data connection for in-addr.arpa.gz (90406 bytes).
Length: 90406 (88K)

     0K .......... .......... .......... .......... .......... 56%  128K 0s
    50K .......... .......... .......... ........             100% 2.19M=0.4s

226 Transfer complete.
2017-03-19 00:00:22 (217 KB/s) - ‘./domain/in-addr.arpa.gz’ saved [90406]

Remote file is newer than local file ‘./domain/in-addr.arpa.gz.md5’ -- retrieving.

--2017-03-19 00:00:22--  ftp://ftp.internic.net/domain/in-addr.arpa.gz.md5
           => ‘./domain/in-addr.arpa.gz.md5’
==> CWD not required.
--> PASV

227 Entering Passive Mode (192,0,32,9,198,227)
--> RETR in-addr.arpa.gz.md5

150 Opening BINARY mode data connection for in-addr.arpa.gz.md5 (55 bytes).
Length: 55

     0K                                                       100%  475K=0s

226 Transfer complete.
2017-03-19 00:00:23 (475 KB/s) - ‘./domain/in-addr.arpa.gz.md5’ saved [55]

Remote file is newer than local file ‘./domain/in-addr.arpa.gz.sha256’ -- retrieving.

--2017-03-19 00:00:23--  ftp://ftp.internic.net/domain/in-addr.arpa.gz.sha256
           => ‘./domain/in-addr.arpa.gz.sha256’
==> CWD not required.
--> PASV

227 Entering Passive Mode (192,0,32,9,97,174)
--> RETR in-addr.arpa.gz.sha256

150 Opening BINARY mode data connection for in-addr.arpa.gz.sha256 (90 bytes).
Length: 90

     0K                                                       100%  468K=0s

226 Transfer complete.
2017-03-19 00:00:23 (468 KB/s) - ‘./domain/in-addr.arpa.gz.sha256’ saved [90]

Remote file is newer than local file ‘./domain/in-addr.arpa.md5’ -- retrieving.

--2017-03-19 00:00:23--  ftp://ftp.internic.net/domain/in-addr.arpa.md5
           => ‘./domain/in-addr.arpa.md5’
==> CWD not required.
--> PASV

227 Entering Passive Mode (192,0,32,9,125,133)
--> RETR in-addr.arpa.md5

150 Opening BINARY mode data connection for in-addr.arpa.md5 (52 bytes).
Length: 52

     0K                                                       100%  416K=0s

226 Transfer complete.
2017-03-19 00:00:24 (416 KB/s) - ‘./domain/in-addr.arpa.md5’ saved [52]

Remote file is newer than local file ‘./domain/in-addr.arpa.sha256’ -- retrieving.

--2017-03-19 00:00:24--  ftp://ftp.internic.net/domain/in-addr.arpa.sha256
           => ‘./domain/in-addr.arpa.sha256’
==> CWD not required.
--> PASV

227 Entering Passive Mode (192,0,32,9,101,7)
--> RETR in-addr.arpa.sha256

150 Opening BINARY mode data connection for in-addr.arpa.sha256 (87 bytes).
Length: 87

     0K                                                       100%  509K=0s

226 Transfer complete.
2017-03-19 00:00:25 (509 KB/s) - ‘./domain/in-addr.arpa.sha256’ saved [87]

Remote file is newer than local file ‘./domain/in-addr.arpa.zone’ -- retrieving.

--2017-03-19 00:00:25--  ftp://ftp.internic.net/domain/in-addr.arpa.zone
           => ‘./domain/in-addr.arpa.zone’
==> CWD not required.
--> PASV

227 Entering Passive Mode (192,0,32,9,11,174)
--> RETR in-addr.arpa.zone

150 Opening BINARY mode data connection for in-addr.arpa.zone (228015 bytes).
Length: 228015 (223K)

     0K .......... .......... .......... .......... .......... 22% 83.0K 2s
    50K .......... .......... .......... .......... .......... 44% 39.0M 1s
   100K .......... .......... .......... .......... .......... 67%  122K 0s
   150K .......... .......... .......... .......... .......... 89%  225K 0s
   200K .......... .......... ..                              100% 49.5K=1.7s

226 Transfer complete.
2017-03-19 00:00:27 (131 KB/s) - ‘./domain/in-addr.arpa.zone’ saved [228015]

Remote file is newer than local file ‘./domain/in-addr.arpa.zone.gz’ -- retrieving.

--2017-03-19 00:00:27--  ftp://ftp.internic.net/domain/in-addr.arpa.zone.gz
           => ‘./domain/in-addr.arpa.zone.gz’
==> CWD not required.
--> PASV

227 Entering Passive Mode (192,0,32,9,253,213)
--> RETR in-addr.arpa.zone.gz

150 Opening BINARY mode data connection for in-addr.arpa.zone.gz (90406 bytes).
Length: 90406 (88K)

     0K .......... .......... .......... .......... .......... 56%  126K 0s
    50K .......... .......... .......... ........             100% 96.5K=0.8s

226 Transfer complete.
2017-03-19 00:00:29 (111 KB/s) - ‘./domain/in-addr.arpa.zone.gz’ saved [90406]

Remote file is newer than local file ‘./domain/in-addr.arpa.zone.gz.md5’ -- retrieving.

--2017-03-19 00:00:29--  ftp://ftp.internic.net/domain/in-addr.arpa.zone.gz.md5
           => ‘./domain/in-addr.arpa.zone.gz.md5’
==> CWD not required.
--> PASV

227 Entering Passive Mode (192,0,32,9,232,221)
--> RETR in-addr.arpa.zone.gz.md5

150 Opening BINARY mode data connection for in-addr.arpa.zone.gz.md5 (60 bytes).
Length: 60

     0K                                                       100%  335K=0s

226 Transfer complete.
2017-03-19 00:00:30 (335 KB/s) - ‘./domain/in-addr.arpa.zone.gz.md5’ saved [60]

Remote file is newer than local file ‘./domain/in-addr.arpa.zone.gz.sha256’ -- retrieving.

--2017-03-19 00:00:30--  ftp://ftp.internic.net/domain/in-addr.arpa.zone.gz.sha256
           => ‘./domain/in-addr.arpa.zone.gz.sha256’
==> CWD not required.
--> PASV

227 Entering Passive Mode (192,0,32,9,41,139)
--> RETR in-addr.arpa.zone.gz.sha256

150 Opening BINARY mode data connection for in-addr.arpa.zone.gz.sha256 (95 bytes).
Length: 95

     0K                                                       100%  496K=0s

226 Transfer complete.
2017-03-19 00:00:31 (496 KB/s) - ‘./domain/in-addr.arpa.zone.gz.sha256’ saved [95]

Remote file is newer than local file ‘./domain/in-addr.arpa.zone.md5’ -- retrieving.

--2017-03-19 00:00:31--  ftp://ftp.internic.net/domain/in-addr.arpa.zone.md5
           => ‘./domain/in-addr.arpa.zone.md5’
==> CWD not required.
--> PASV

227 Entering Passive Mode (192,0,32,9,187,67)
--> RETR in-addr.arpa.zone.md5

150 Opening BINARY mode data connection for in-addr.arpa.zone.md5 (57 bytes).
Length: 57

     0K                                                       100%  172K=0s

226 Transfer complete.
2017-03-19 00:00:31 (172 KB/s) - ‘./domain/in-addr.arpa.zone.md5’ saved [57]

Remote file is newer than local file ‘./domain/in-addr.arpa.zone.sha256’ -- retrieving.

--2017-03-19 00:00:32--  ftp://ftp.internic.net/domain/in-addr.arpa.zone.sha256
           => ‘./domain/in-addr.arpa.zone.sha256’
==> CWD not required.
--> PASV

227 Entering Passive Mode (192,0,32,9,42,18)
--> RETR in-addr.arpa.zone.sha256

150 Opening BINARY mode data connection for in-addr.arpa.zone.sha256 (92 bytes).
Length: 92

     0K                                                       100%  781K=0s

226 Transfer complete.
2017-03-19 00:00:32 (781 KB/s) - ‘./domain/in-addr.arpa.zone.sha256’ saved [92]

Remote file is newer than local file ‘./domain/ip6.arpa’ -- retrieving.

--2017-03-19 00:00:32--  ftp://ftp.internic.net/domain/ip6.arpa
           => ‘./domain/ip6.arpa’
==> CWD not required.
--> PASV

227 Entering Passive Mode (192,0,32,9,162,202)
--> RETR ip6.arpa

150 Opening BINARY mode data connection for ip6.arpa (60746 bytes).
Length: 60746 (59K)

     0K .......... .......... .......... .......... .......... 84% 82.1K 0s
    50K .........                                             100% 36.9M=0.6s

226 Transfer complete.
2017-03-19 00:00:34 (97.4 KB/s) - ‘./domain/ip6.arpa’ saved [60746]

Remote file is newer than local file ‘./domain/ip6.arpa.gz’ -- retrieving.

--2017-03-19 00:00:34--  ftp://ftp.internic.net/domain/ip6.arpa.gz
           => ‘./domain/ip6.arpa.gz’
==> CWD not required.
--> PASV

227 Entering Passive Mode (192,0,32,9,201,124)
--> RETR ip6.arpa.gz

150 Opening BINARY mode data connection for ip6.arpa.gz (24337 bytes).
Length: 24337 (24K)

     0K .......... .......... ...                             100%  117K=0.2s

226 Transfer complete.
2017-03-19 00:00:35 (117 KB/s) - ‘./domain/ip6.arpa.gz’ saved [24337]

Remote file is newer than local file ‘./domain/ip6.arpa.gz.md5’ -- retrieving.

--2017-03-19 00:00:35--  ftp://ftp.internic.net/domain/ip6.arpa.gz.md5
           => ‘./domain/ip6.arpa.gz.md5’
==> CWD not required.
--> PASV

227 Entering Passive Mode (192,0,32,9,106,82)
--> RETR ip6.arpa.gz.md5

150 Opening BINARY mode data connection for ip6.arpa.gz.md5 (51 bytes).
Length: 51

     0K                                                       100%  445K=0s

226 Transfer complete.
2017-03-19 00:00:36 (445 KB/s) - ‘./domain/ip6.arpa.gz.md5’ saved [51]

Remote file is newer than local file ‘./domain/ip6.arpa.gz.sha256’ -- retrieving.

--2017-03-19 00:00:36--  ftp://ftp.internic.net/domain/ip6.arpa.gz.sha256
           => ‘./domain/ip6.arpa.gz.sha256’
==> CWD not required.
--> PASV

227 Entering Passive Mode (192,0,32,9,164,97)
--> RETR ip6.arpa.gz.sha256

150 Opening BINARY mode data connection for ip6.arpa.gz.sha256 (86 bytes).
Length: 86

     0K                                                       100%  737K=0s

226 Transfer complete.
2017-03-19 00:00:36 (737 KB/s) - ‘./domain/ip6.arpa.gz.sha256’ saved [86]

Remote file is newer than local file ‘./domain/ip6.arpa.md5’ -- retrieving.

--2017-03-19 00:00:36--  ftp://ftp.internic.net/domain/ip6.arpa.md5
           => ‘./domain/ip6.arpa.md5’
==> CWD not required.
--> PASV

227 Entering Passive Mode (192,0,32,9,42,104)
--> RETR ip6.arpa.md5

150 Opening BINARY mode data connection for ip6.arpa.md5 (48 bytes).
Length: 48

     0K                                                       100%  236K=0s

226 Transfer complete.
2017-03-19 00:00:37 (236 KB/s) - ‘./domain/ip6.arpa.md5’ saved [48]

Remote file is newer than local file ‘./domain/ip6.arpa.sha256’ -- retrieving.

--2017-03-19 00:00:37--  ftp://ftp.internic.net/domain/ip6.arpa.sha256
           => ‘./domain/ip6.arpa.sha256’
==> CWD not required.
--> PASV

227 Entering Passive Mode (192,0,32,9,226,151)
--> RETR ip6.arpa.sha256

150 Opening BINARY mode data connection for ip6.arpa.sha256 (83 bytes).
Length: 83

     0K                                                       100%  482K=0s

226 Transfer complete.
2017-03-19 00:00:38 (482 KB/s) - ‘./domain/ip6.arpa.sha256’ saved [83]

Remote file is newer than local file ‘./domain/ip6.arpa.zone’ -- retrieving.

--2017-03-19 00:00:38--  ftp://ftp.internic.net/domain/ip6.arpa.zone
           => ‘./domain/ip6.arpa.zone’
==> CWD not required.
--> PASV

227 Entering Passive Mode (192,0,32,9,97,206)
--> RETR ip6.arpa.zone

150 Opening BINARY mode data connection for ip6.arpa.zone (60746 bytes).
Length: 60746 (59K)

     0K .......... .......... .......... .......... .......... 84%  106K 0s
    50K .........                                             100% 3.78M=0.5s

226 Transfer complete.
2017-03-19 00:00:39 (125 KB/s) - ‘./domain/ip6.arpa.zone’ saved [60746]

Remote file is newer than local file ‘./domain/ip6.arpa.zone.gz’ -- retrieving.

--2017-03-19 00:00:39--  ftp://ftp.internic.net/domain/ip6.arpa.zone.gz
           => ‘./domain/ip6.arpa.zone.gz’
==> CWD not required.
--> PASV

227 Entering Passive Mode (192,0,32,9,234,88)
--> RETR ip6.arpa.zone.gz

150 Opening BINARY mode data connection for ip6.arpa.zone.gz (24337 bytes).
Length: 24337 (24K)

     0K .......... .......... ...                             100% 54.0K=0.4s

226 Transfer complete.
2017-03-19 00:00:41 (54.0 KB/s) - ‘./domain/ip6.arpa.zone.gz’ saved [24337]

Remote file is newer than local file ‘./domain/ip6.arpa.zone.gz.md5’ -- retrieving.

--2017-03-19 00:00:41--  ftp://ftp.internic.net/domain/ip6.arpa.zone.gz.md5
           => ‘./domain/ip6.arpa.zone.gz.md5’
==> CWD not required.
--> PASV

227 Entering Passive Mode (192,0,32,9,35,155)
--> RETR ip6.arpa.zone.gz.md5

150 Opening BINARY mode data connection for ip6.arpa.zone.gz.md5 (56 bytes).
Length: 56

     0K                                                       100%  467K=0s

226 Transfer complete.
2017-03-19 00:00:42 (467 KB/s) - ‘./domain/ip6.arpa.zone.gz.md5’ saved [56]

Remote file is newer than local file ‘./domain/ip6.arpa.zone.gz.sha256’ -- retrieving.

--2017-03-19 00:00:42--  ftp://ftp.internic.net/domain/ip6.arpa.zone.gz.sha256
           => ‘./domain/ip6.arpa.zone.gz.sha256’
==> CWD not required.
--> PASV

227 Entering Passive Mode (192,0,32,9,41,81)
--> RETR ip6.arpa.zone.gz.sha256

150 Opening BINARY mode data connection for ip6.arpa.zone.gz.sha256 (91 bytes).
Length: 91

     0K                                                       100%  282K=0s

226 Transfer complete.
2017-03-19 00:00:43 (282 KB/s) - ‘./domain/ip6.arpa.zone.gz.sha256’ saved [91]

Remote file is newer than local file ‘./domain/ip6.arpa.zone.md5’ -- retrieving.

--2017-03-19 00:00:43--  ftp://ftp.internic.net/domain/ip6.arpa.zone.md5
           => ‘./domain/ip6.arpa.zone.md5’
==> CWD not required.
--> PASV

227 Entering Passive Mode (192,0,32,9,15,250)
--> RETR ip6.arpa.zone.md5

150 Opening BINARY mode data connection for ip6.arpa.zone.md5 (53 bytes).
Length: 53

     0K                                                       100%  454K=0s

226 Transfer complete.
2017-03-19 00:00:44 (454 KB/s) - ‘./domain/ip6.arpa.zone.md5’ saved [53]

Remote file is newer than local file ‘./domain/ip6.arpa.zone.sha256’ -- retrieving.

--2017-03-19 00:00:44--  ftp://ftp.internic.net/domain/ip6.arpa.zone.sha256
           => ‘./domain/ip6.arpa.zone.sha256’
==> CWD not required.
--> PASV

227 Entering Passive Mode (192,0,32,9,78,54)
--> RETR ip6.arpa.zone.sha256

150 Opening BINARY mode data connection for ip6.arpa.zone.sha256 (88 bytes).
Length: 88

     0K                                                       100%  747K=0s

226 Transfer complete.
2017-03-19 00:00:45 (747 KB/s) - ‘./domain/ip6.arpa.zone.sha256’ saved [88]

Remote file is newer than local file ‘./domain/last_update.txt’ -- retrieving.

--2017-03-19 00:00:45--  ftp://ftp.internic.net/domain/last_update.txt
           => ‘./domain/last_update.txt’
==> CWD not required.
--> PASV

227 Entering Passive Mode (192,0,32,9,41,203)
--> RETR last_update.txt

150 Opening BINARY mode data connection for last_update.txt (21 bytes).
Length: 21

     0K                                                       100%  109K=0s

226 Transfer complete.
2017-03-19 00:00:45 (109 KB/s) - ‘./domain/last_update.txt’ saved [21]

Remote file no newer than local file ‘./domain/named.cache’ -- not retrieving.
Remote file no newer than local file ‘./domain/named.cache.md5’ -- not retrieving.
Remote file no newer than local file ‘./domain/named.cache.sig’ -- not retrieving.
Remote file no newer than local file ‘./domain/named.root’ -- not retrieving.
Remote file no newer than local file ‘./domain/named.root.md5’ -- not retrieving.
Remote file no newer than local file ‘./domain/named.root.sig’ -- not retrieving.
Remote file no newer than local file ‘./domain/root-servers.net.zone’ -- not retrieving.
Remote file no newer than local file ‘./domain/root-servers.net.zone.gz’ -- not retrieving.
Remote file no newer than local file ‘./domain/root-servers.net.zone.gz.md5’ -- not retrieving.
Remote file no newer than local file ‘./domain/root-servers.net.zone.gz.sig’ -- not retrieving.
Remote file is newer than local file ‘./domain/root.zone’ -- retrieving.

--2017-03-19 00:00:45--  ftp://ftp.internic.net/domain/root.zone
           => ‘./domain/root.zone’
==> CWD not required.
--> PASV

227 Entering Passive Mode (192,0,32,9,41,44)
--> RETR root.zone

150 Opening BINARY mode data connection for root.zone (2230823 bytes).
Length: 2230823 (2.1M)

     0K .......... .......... .......... .......... ..........  2% 77.3K 28s
    50K .......... .......... .......... .......... ..........  4% 74.2K 27s
   100K .......... .......... .......... .......... ..........  6% 74.4K 27s
   150K .......... .......... .......... .......... ..........  9%  105K 24s
   200K .......... .......... .......... .......... .......... 11% 57.9K 26s
   250K .......... .......... .......... .......... .......... 13% 53.2K 27s
   300K .......... .......... .......... .......... .......... 16% 53.2K 27s
   350K .......... .......... .......... .......... .......... 18% 41.5K 29s
   400K .......... .......... .......... .......... .......... 20% 32.8K 31s
   450K .......... .......... .......... .......... .......... 22% 50.9K 30s
   500K .......... .......... .......... .......... .......... 25% 37.7K 30s
   550K .......... .......... .......... .......... .......... 27% 57.3K 29s
   600K .......... .......... .......... .......... .......... 29% 41.9K 29s
   650K .......... .......... .......... .......... .......... 32% 91.2K 27s
   700K .......... .......... .......... .......... .......... 34% 57.3K 26s
   750K .......... .......... .......... .......... .......... 36% 78.3K 25s
   800K .......... .......... .......... .......... .......... 39% 65.7K 24s
   850K .......... .......... .......... .......... .......... 41% 65.5K 23s
   900K .......... .......... .......... .......... .......... 43%  111K 21s
   950K .......... .......... .......... .......... .......... 45% 81.4K 20s
  1000K .......... .......... .......... .......... .......... 48% 68.0K 19s
  1050K .......... .......... .......... .......... .......... 50% 74.9K 18s
  1100K .......... .......... .......... .......... .......... 52% 47.6K 17s
  1150K .......... .......... .......... .......... .......... 55% 56.7K 17s
  1200K .......... .......... .......... .......... .......... 57% 75.3K 16s
  1250K .......... .......... .......... .......... .......... 59% 75.8K 15s
  1300K .......... .......... .......... .......... .......... 61% 75.7K 14s
  1350K .......... .......... .......... .......... .......... 64% 95.9K 13s
  1400K .......... .......... .......... .......... .......... 66% 88.9K 12s
  1450K .......... .......... .......... .......... .......... 68%  112K 11s
  1500K .......... .......... .......... .......... .......... 71% 92.7K 10s
  1550K .......... .......... .......... .......... .......... 73% 92.6K 9s
  1600K .......... .......... .......... .......... .......... 75% 92.4K 8s
  1650K .......... .......... .......... .......... .......... 78% 88.4K 7s
  1700K .......... .......... .......... .......... .......... 80% 75.8K 7s
  1750K .......... .......... .......... .......... .......... 82% 84.2K 6s
  1800K .......... .......... .......... .......... .......... 84% 68.7K 5s
  1850K .......... .......... .......... .......... .......... 87% 86.3K 4s
  1900K .......... .......... .......... .......... .......... 89% 60.6K 3s
  1950K .......... .......... .......... .......... .......... 91% 50.5K 3s
  2000K .......... .......... .......... .......... .......... 94% 67.3K 2s
  2050K .......... .......... .......... .......... .......... 96% 75.7K 1s
  2100K .......... .......... .......... .......... .......... 98% 86.7K 0s
  2150K .......... .......... ........                        100%  132K=33s

226 Transfer complete.
2017-03-19 00:01:19 (66.9 KB/s) - ‘./domain/root.zone’ saved [2230823]

The sizes do not match (local 1047820) -- retrieving.

--2017-03-19 00:01:19--  ftp://ftp.internic.net/domain/root.zone.gz
           => ‘./domain/root.zone.gz’
==> CWD not required.
--> PASV

227 Entering Passive Mode (192,0,32,9,242,39)
--> RETR root.zone.gz

150 Opening BINARY mode data connection for root.zone.gz (1047562 bytes).
Length: 1047562 (1023K)

     0K .......... .......... .......... .......... ..........  4% 75.4K 13s
    50K .......... .......... .......... .......... ..........  9% 45.2K 16s
   100K .......... .......... .......... .......... .......... 14% 75.7K 14s
   150K .......... .......... .......... .......... .......... 19%  114K 12s
   200K .......... .......... .......... .......... .......... 24% 74.8K 11s
   250K .......... .......... .......... .......... .......... 29%  113K 10s
   300K .......... .......... .......... .......... .......... 34% 75.7K 9s
   350K .......... .......... .......... .......... .......... 39% 75.7K 8s
   400K .......... .......... .......... .......... .......... 43% 77.5K 8s
   450K .......... .......... .......... .......... .......... 48%  113K 7s
   500K .......... .......... .......... .......... .......... 53% 93.9K 6s
   550K .......... .......... .......... .......... .......... 58% 98.0K 5s
   600K .......... .......... .......... .......... .......... 63%  102K 5s
   650K .......... .......... .......... .......... .......... 68% 65.9K 4s
   700K .......... .......... .......... .......... .......... 73%  114K 3s
   750K .......... .......... .......... .......... .......... 78% 62.7K 3s
   800K .......... .......... .......... .......... .......... 83% 76.5K 2s
   850K .......... .......... .......... .......... .......... 87% 77.6K 2s
   900K .......... .......... .......... .......... .......... 92% 88.1K 1s
   950K .......... .......... .......... .......... .......... 97% 92.7K 0s
  1000K .......... .......... ...                             100%  108K=13s

226 Transfer complete.
2017-03-19 00:01:32 (81.6 KB/s) - ‘./domain/root.zone.gz’ saved [1047562]

Remote file is newer than local file ‘./domain/root.zone.gz.md5’ -- retrieving.

--2017-03-19 00:01:32--  ftp://ftp.internic.net/domain/root.zone.gz.md5
           => ‘./domain/root.zone.gz.md5’
==> CWD not required.
--> PASV

227 Entering Passive Mode (192,0,32,9,110,235)
--> RETR root.zone.gz.md5

150 Opening BINARY mode data connection for root.zone.gz.md5 (33 bytes).
Length: 33

     0K                                                       100%  174K=0s

226 Transfer complete.
2017-03-19 00:01:33 (174 KB/s) - ‘./domain/root.zone.gz.md5’ saved [33]

Remote file is newer than local file ‘./domain/root.zone.gz.sig’ -- retrieving.

--2017-03-19 00:01:33--  ftp://ftp.internic.net/domain/root.zone.gz.sig
           => ‘./domain/root.zone.gz.sig’
==> CWD not required.
--> PASV

227 Entering Passive Mode (192,0,32,9,42,159)
--> RETR root.zone.gz.sig

150 Opening BINARY mode data connection for root.zone.gz.sig (72 bytes).
Length: 72

     0K                                                       100%  357K=0s

226 Transfer complete.
2017-03-19 00:01:34 (357 KB/s) - ‘./domain/root.zone.gz.sig’ saved [72]

Remote file is newer than local file ‘./domain/root.zone.md5’ -- retrieving.

--2017-03-19 00:01:34--  ftp://ftp.internic.net/domain/root.zone.md5
           => ‘./domain/root.zone.md5’
==> CWD not required.
--> PASV

227 Entering Passive Mode (192,0,32,9,221,47)
--> RETR root.zone.md5

150 Opening BINARY mode data connection for root.zone.md5 (33 bytes).
Length: 33

     0K                                                       100%  166K=0s

226 Transfer complete.
2017-03-19 00:01:35 (166 KB/s) - ‘./domain/root.zone.md5’ saved [33]

Remote file is newer than local file ‘./domain/root.zone.sig’ -- retrieving.

--2017-03-19 00:01:35--  ftp://ftp.internic.net/domain/root.zone.sig
           => ‘./domain/root.zone.sig’
==> CWD not required.
--> PASV

227 Entering Passive Mode (192,0,32,9,58,226)
--> RETR root.zone.sig

150 Opening BINARY mode data connection for root.zone.sig (72 bytes).
Length: 72

     0K                                                       100%  622K=0s

226 Transfer complete.
2017-03-19 00:01:36 (622 KB/s) - ‘./domain/root.zone.sig’ saved [72]

FINISHED --2017-03-19 00:01:36--
Total wall clock time: 1m 32s
Downloaded: 40 files, 3.9M in 51s (79.5 KB/s)
