--2017-03-29 00:00:02--  ftp://ftp.internic.net/*
           => ‘./.listing’
Resolving ftp.internic.net (ftp.internic.net)... 192.0.32.9, 2620:0:2d0:200::9
Connecting to ftp.internic.net (ftp.internic.net)|192.0.32.9|:21... connected.
Logging in as anonymous ... 
220 Internic FTP Server
--> USER anonymous

331 Please specify the password.
--> PASS Turtle Power!

230 Login successful.
--> SYST

215 UNIX Type: L8
--> PWD

257 "/"
--> TYPE I

200 Switching to Binary mode.
==> CWD not needed.
--> PASV

227 Entering Passive Mode (192,0,32,9,17,73)
--> LIST -a

150 Here comes the directory listing.

     0K                                                        1.26M=0s

226 Directory send OK.
drwxr-xr-x    3 ftp      ftp          4096 Apr 04  2012 .
drwxr-xr-x    3 ftp      ftp          4096 Apr 04  2012 ..
drwxr-xr-x    2 ftp      ftp          4096 Sep 09  2015 domain
2017-03-29 00:00:06 (1.26 MB/s) - ‘./.listing’ saved [183]

--2017-03-29 00:00:06--  ftp://ftp.internic.net/domain/*
           => ‘./domain/.listing’
--> CWD /domain

250 Directory successfully changed.
--> PASV

227 Entering Passive Mode (192,0,32,9,225,25)
--> LIST -a

150 Here comes the directory listing.

     0K ...                                                     587K=0.007s

226 Directory send OK.
drwxr-xr-x    2 ftp      ftp          4096 Sep 09  2015 .
drwxr-xr-x    3 ftp      ftp          4096 Apr 04  2012 ..
-rw-r--r--    1 ftp      ftp          1829 Aug 18  2015 .listing
-rw-r--r--    1 ftp      ftp          1224 Mar 28 12:16 INTERNIC_ROOT_ZONE.signatures
-rw-r--r--    1 ftp      ftp          1469 Mar 28 12:16 INTERNIC_ROOT_ZONE.signatures.asc
-rw-r--r--    1 ftp      ftp         15438 Mar 28 12:16 arpa.zone
-rw-r--r--    1 ftp      ftp          6782 Mar 28 12:16 arpa.zone.gz
-rw-r--r--    1 ftp      ftp            33 Mar 28 12:16 arpa.zone.gz.md5
-rw-r--r--    1 ftp      ftp            72 Mar 28 12:16 arpa.zone.gz.sig
-rw-r--r--    1 ftp      ftp          3291 Oct 20 19:35 db.cache
-rw-r--r--    1 ftp      ftp            33 Oct 20 19:35 db.cache.md5
-rw-r--r--    1 ftp      ftp            72 Oct 20 19:35 db.cache.sig
-rw-r--r--    1 ftp      ftp        229869 Mar 28 15:40 in-addr.arpa
-rw-r--r--    1 ftp      ftp         90543 Mar 28 15:40 in-addr.arpa.gz
-rw-r--r--    1 ftp      ftp            55 Mar 28 15:40 in-addr.arpa.gz.md5
-rw-r--r--    1 ftp      ftp            90 Mar 28 15:40 in-addr.arpa.gz.sha256
-rw-r--r--    1 ftp      ftp            52 Mar 28 15:40 in-addr.arpa.md5
-rw-r--r--    1 ftp      ftp            87 Mar 28 15:40 in-addr.arpa.sha256
-rw-r--r--    1 ftp      ftp        229869 Mar 28 15:40 in-addr.arpa.zone
-rw-r--r--    1 ftp      ftp         90543 Mar 28 15:40 in-addr.arpa.zone.gz
-rw-r--r--    1 ftp      ftp            60 Mar 28 15:40 in-addr.arpa.zone.gz.md5
-rw-r--r--    1 ftp      ftp            95 Mar 28 15:40 in-addr.arpa.zone.gz.sha256
-rw-r--r--    1 ftp      ftp            57 Mar 28 15:40 in-addr.arpa.zone.md5
-rw-r--r--    1 ftp      ftp            92 Mar 28 15:40 in-addr.arpa.zone.sha256
-rw-r--r--    1 ftp      ftp         61865 Mar 28 15:40 ip6.arpa
-rw-r--r--    1 ftp      ftp         24398 Mar 28 15:40 ip6.arpa.gz
-rw-r--r--    1 ftp      ftp            51 Mar 28 15:40 ip6.arpa.gz.md5
-rw-r--r--    1 ftp      ftp            86 Mar 28 15:40 ip6.arpa.gz.sha256
-rw-r--r--    1 ftp      ftp            48 Mar 28 15:40 ip6.arpa.md5
-rw-r--r--    1 ftp      ftp            83 Mar 28 15:40 ip6.arpa.sha256
-rw-r--r--    1 ftp      ftp         61865 Mar 28 15:40 ip6.arpa.zone
-rw-r--r--    1 ftp      ftp         24398 Mar 28 15:40 ip6.arpa.zone.gz
-rw-r--r--    1 ftp      ftp            56 Mar 28 15:40 ip6.arpa.zone.gz.md5
-rw-r--r--    1 ftp      ftp            91 Mar 28 15:40 ip6.arpa.zone.gz.sha256
-rw-r--r--    1 ftp      ftp            53 Mar 28 15:40 ip6.arpa.zone.md5
-rw-r--r--    1 ftp      ftp            88 Mar 28 15:40 ip6.arpa.zone.sha256
-rw-r--r--    1 ftp      ftp            21 Mar 28 15:40 last_update.txt
-rw-r--r--    1 ftp      ftp          3291 Oct 20 19:35 named.cache
-rw-r--r--    1 ftp      ftp            33 Oct 20 19:35 named.cache.md5
-rw-r--r--    1 ftp      ftp            72 Oct 20 19:35 named.cache.sig
-rw-r--r--    1 ftp      ftp          3291 Oct 20 19:35 named.root
-rw-r--r--    1 ftp      ftp            33 Oct 20 19:35 named.root.md5
-rw-r--r--    1 ftp      ftp            72 Oct 20 19:35 named.root.sig
-rw-r--r--    1 ftp      ftp          2110 Oct 20 19:35 root-servers.net.zone
-rw-r--r--    1 ftp      ftp           574 Oct 20 19:35 root-servers.net.zone.gz
-rw-r--r--    1 ftp      ftp            33 Oct 20 19:35 root-servers.net.zone.gz.md5
-rw-r--r--    1 ftp      ftp            72 Oct 20 19:35 root-servers.net.zone.gz.sig
-rw-r--r--    1 ftp      ftp       2232227 Mar 28 05:12 root.zone
-rw-r--r--    1 ftp      ftp       1048416 Mar 28 05:12 root.zone.gz
-rw-r--r--    1 ftp      ftp            33 Mar 28 05:12 root.zone.gz.md5
-rw-r--r--    1 ftp      ftp            72 Mar 28 05:12 root.zone.gz.sig
-rw-r--r--    1 ftp      ftp            33 Mar 28 05:12 root.zone.md5
-rw-r--r--    1 ftp      ftp            72 Mar 28 05:12 root.zone.sig
2017-03-29 00:00:07 (587 KB/s) - ‘./domain/.listing’ saved [3930]

The sizes do not match (local 3930) -- retrieving.

--2017-03-29 00:00:07--  ftp://ftp.internic.net/domain/.listing
           => ‘./domain/.listing’
==> CWD not required.
--> PASV

227 Entering Passive Mode (192,0,32,9,48,40)
--> RETR .listing

150 Opening BINARY mode data connection for .listing (1829 bytes).
Length: 1829 (1.8K)

     0K .                                                     100% 2.12M=0.001s

226 Transfer complete.
2017-03-29 00:00:08 (2.12 MB/s) - ‘./domain/.listing’ saved [1829]

Remote file is newer than local file ‘./domain/INTERNIC_ROOT_ZONE.signatures’ -- retrieving.

--2017-03-29 00:00:08--  ftp://ftp.internic.net/domain/INTERNIC_ROOT_ZONE.signatures
           => ‘./domain/INTERNIC_ROOT_ZONE.signatures’
==> CWD not required.
--> PASV

227 Entering Passive Mode (192,0,32,9,42,2)
--> RETR INTERNIC_ROOT_ZONE.signatures

150 Opening BINARY mode data connection for INTERNIC_ROOT_ZONE.signatures (1224 bytes).
Length: 1224 (1.2K)

     0K .                                                     100% 14.4M=0s

226 Transfer complete.
2017-03-29 00:00:08 (14.4 MB/s) - ‘./domain/INTERNIC_ROOT_ZONE.signatures’ saved [1224]

Remote file is newer than local file ‘./domain/INTERNIC_ROOT_ZONE.signatures.asc’ -- retrieving.

--2017-03-29 00:00:08--  ftp://ftp.internic.net/domain/INTERNIC_ROOT_ZONE.signatures.asc
           => ‘./domain/INTERNIC_ROOT_ZONE.signatures.asc’
==> CWD not required.
--> PASV

227 Entering Passive Mode (192,0,32,9,87,168)
--> RETR INTERNIC_ROOT_ZONE.signatures.asc

150 Opening BINARY mode data connection for INTERNIC_ROOT_ZONE.signatures.asc (1469 bytes).
Length: 1469 (1.4K)

     0K .                                                     100% 4.64M=0s

226 Transfer complete.
2017-03-29 00:00:09 (4.64 MB/s) - ‘./domain/INTERNIC_ROOT_ZONE.signatures.asc’ saved [1469]

Remote file is newer than local file ‘./domain/arpa.zone’ -- retrieving.

--2017-03-29 00:00:09--  ftp://ftp.internic.net/domain/arpa.zone
           => ‘./domain/arpa.zone’
==> CWD not required.
--> PASV

227 Entering Passive Mode (192,0,32,9,251,36)
--> RETR arpa.zone

150 Opening BINARY mode data connection for arpa.zone (15438 bytes).
Length: 15438 (15K)

     0K .......... .....                                      100% 31.2M=0s

226 Transfer complete.
2017-03-29 00:00:10 (31.2 MB/s) - ‘./domain/arpa.zone’ saved [15438]

The sizes do not match (local 6772) -- retrieving.

--2017-03-29 00:00:10--  ftp://ftp.internic.net/domain/arpa.zone.gz
           => ‘./domain/arpa.zone.gz’
==> CWD not required.
--> PASV

227 Entering Passive Mode (192,0,32,9,73,54)
--> RETR arpa.zone.gz

150 Opening BINARY mode data connection for arpa.zone.gz (6782 bytes).
Length: 6782 (6.6K)

     0K ......                                                100% 10.7M=0.001s

226 Transfer complete.
2017-03-29 00:00:10 (10.7 MB/s) - ‘./domain/arpa.zone.gz’ saved [6782]

Remote file is newer than local file ‘./domain/arpa.zone.gz.md5’ -- retrieving.

--2017-03-29 00:00:10--  ftp://ftp.internic.net/domain/arpa.zone.gz.md5
           => ‘./domain/arpa.zone.gz.md5’
==> CWD not required.
--> PASV

227 Entering Passive Mode (192,0,32,9,58,242)
--> RETR arpa.zone.gz.md5

150 Opening BINARY mode data connection for arpa.zone.gz.md5 (33 bytes).
Length: 33

     0K                                                       100%  290K=0s

226 Transfer complete.
2017-03-29 00:00:11 (290 KB/s) - ‘./domain/arpa.zone.gz.md5’ saved [33]

Remote file is newer than local file ‘./domain/arpa.zone.gz.sig’ -- retrieving.

--2017-03-29 00:00:11--  ftp://ftp.internic.net/domain/arpa.zone.gz.sig
           => ‘./domain/arpa.zone.gz.sig’
==> CWD not required.
--> PASV

227 Entering Passive Mode (192,0,32,9,41,81)
--> RETR arpa.zone.gz.sig

150 Opening BINARY mode data connection for arpa.zone.gz.sig (72 bytes).
Length: 72

     0K                                                       100%  639K=0s

226 Transfer complete.
2017-03-29 00:00:12 (639 KB/s) - ‘./domain/arpa.zone.gz.sig’ saved [72]

Remote file no newer than local file ‘./domain/db.cache’ -- not retrieving.
Remote file no newer than local file ‘./domain/db.cache.md5’ -- not retrieving.
Remote file no newer than local file ‘./domain/db.cache.sig’ -- not retrieving.
Remote file is newer than local file ‘./domain/in-addr.arpa’ -- retrieving.

--2017-03-29 00:00:12--  ftp://ftp.internic.net/domain/in-addr.arpa
           => ‘./domain/in-addr.arpa’
==> CWD not required.
--> PASV

227 Entering Passive Mode (192,0,32,9,241,67)
--> RETR in-addr.arpa

150 Opening BINARY mode data connection for in-addr.arpa (229869 bytes).
Length: 229869 (224K)

     0K .......... .......... .......... .......... .......... 22%  148K 1s
    50K .......... .......... .......... .......... .......... 44% 31.8K 2s
   100K .......... .......... .......... .......... .......... 66%  299K 1s
   150K .......... .......... .......... .......... .......... 89% 59.3K 0s
   200K .......... .......... ....                            100% 72.5K=3.3s

226 Transfer complete.
2017-03-29 00:00:16 (68.8 KB/s) - ‘./domain/in-addr.arpa’ saved [229869]

Remote file is newer than local file ‘./domain/in-addr.arpa.gz’ -- retrieving.

--2017-03-29 00:00:16--  ftp://ftp.internic.net/domain/in-addr.arpa.gz
           => ‘./domain/in-addr.arpa.gz’
==> CWD not required.
--> PASV

227 Entering Passive Mode (192,0,32,9,175,253)
--> RETR in-addr.arpa.gz

150 Opening BINARY mode data connection for in-addr.arpa.gz (90543 bytes).
Length: 90543 (88K)

     0K .......... .......... .......... .......... .......... 56% 98.7K 0s
    50K .......... .......... .......... ........             100%  114K=0.8s

226 Transfer complete.
2017-03-29 00:00:17 (105 KB/s) - ‘./domain/in-addr.arpa.gz’ saved [90543]

Remote file is newer than local file ‘./domain/in-addr.arpa.gz.md5’ -- retrieving.

--2017-03-29 00:00:17--  ftp://ftp.internic.net/domain/in-addr.arpa.gz.md5
           => ‘./domain/in-addr.arpa.gz.md5’
==> CWD not required.
--> PASV

227 Entering Passive Mode (192,0,32,9,198,158)
--> RETR in-addr.arpa.gz.md5

150 Opening BINARY mode data connection for in-addr.arpa.gz.md5 (55 bytes).
Length: 55

     0K                                                       100%  488K=0s

226 Transfer complete.
2017-03-29 00:00:18 (488 KB/s) - ‘./domain/in-addr.arpa.gz.md5’ saved [55]

Remote file is newer than local file ‘./domain/in-addr.arpa.gz.sha256’ -- retrieving.

--2017-03-29 00:00:18--  ftp://ftp.internic.net/domain/in-addr.arpa.gz.sha256
           => ‘./domain/in-addr.arpa.gz.sha256’
==> CWD not required.
--> PASV

227 Entering Passive Mode (192,0,32,9,41,118)
--> RETR in-addr.arpa.gz.sha256

150 Opening BINARY mode data connection for in-addr.arpa.gz.sha256 (90 bytes).
Length: 90

     0K                                                       100%  792K=0s

226 Transfer complete.
2017-03-29 00:00:19 (792 KB/s) - ‘./domain/in-addr.arpa.gz.sha256’ saved [90]

Remote file is newer than local file ‘./domain/in-addr.arpa.md5’ -- retrieving.

--2017-03-29 00:00:19--  ftp://ftp.internic.net/domain/in-addr.arpa.md5
           => ‘./domain/in-addr.arpa.md5’
==> CWD not required.
--> PASV

227 Entering Passive Mode (192,0,32,9,42,69)
--> RETR in-addr.arpa.md5

150 Opening BINARY mode data connection for in-addr.arpa.md5 (52 bytes).
Length: 52

     0K                                                       100%  109K=0s

226 Transfer complete.
2017-03-29 00:00:19 (109 KB/s) - ‘./domain/in-addr.arpa.md5’ saved [52]

Remote file is newer than local file ‘./domain/in-addr.arpa.sha256’ -- retrieving.

--2017-03-29 00:00:19--  ftp://ftp.internic.net/domain/in-addr.arpa.sha256
           => ‘./domain/in-addr.arpa.sha256’
==> CWD not required.
--> PASV

227 Entering Passive Mode (192,0,32,9,42,127)
--> RETR in-addr.arpa.sha256

150 Opening BINARY mode data connection for in-addr.arpa.sha256 (87 bytes).
Length: 87

     0K                                                       100%  765K=0s

226 Transfer complete.
2017-03-29 00:00:20 (765 KB/s) - ‘./domain/in-addr.arpa.sha256’ saved [87]

Remote file is newer than local file ‘./domain/in-addr.arpa.zone’ -- retrieving.

--2017-03-29 00:00:20--  ftp://ftp.internic.net/domain/in-addr.arpa.zone
           => ‘./domain/in-addr.arpa.zone’
==> CWD not required.
--> PASV

227 Entering Passive Mode (192,0,32,9,77,85)
--> RETR in-addr.arpa.zone

150 Opening BINARY mode data connection for in-addr.arpa.zone (229869 bytes).
Length: 229869 (224K)

     0K .......... .......... .......... .......... .......... 22% 95.4K 2s
    50K .......... .......... .......... .......... .......... 44% 94.4K 1s
   100K .......... .......... .......... .......... .......... 66% 95.6K 1s
   150K .......... .......... .......... .......... .......... 89%  145K 0s
   200K .......... .......... ....                            100%  142K=2.1s

226 Transfer complete.
2017-03-29 00:00:23 (107 KB/s) - ‘./domain/in-addr.arpa.zone’ saved [229869]

Remote file is newer than local file ‘./domain/in-addr.arpa.zone.gz’ -- retrieving.

--2017-03-29 00:00:23--  ftp://ftp.internic.net/domain/in-addr.arpa.zone.gz
           => ‘./domain/in-addr.arpa.zone.gz’
==> CWD not required.
--> PASV

227 Entering Passive Mode (192,0,32,9,42,162)
--> RETR in-addr.arpa.zone.gz

150 Opening BINARY mode data connection for in-addr.arpa.zone.gz (90543 bytes).
Length: 90543 (88K)

     0K .......... .......... .......... .......... .......... 56% 96.1K 0s
    50K .......... .......... .......... ........             100% 34.9K=1.6s

226 Transfer complete.
2017-03-29 00:00:25 (54.6 KB/s) - ‘./domain/in-addr.arpa.zone.gz’ saved [90543]

Remote file is newer than local file ‘./domain/in-addr.arpa.zone.gz.md5’ -- retrieving.

--2017-03-29 00:00:25--  ftp://ftp.internic.net/domain/in-addr.arpa.zone.gz.md5
           => ‘./domain/in-addr.arpa.zone.gz.md5’
==> CWD not required.
--> PASV

227 Entering Passive Mode (192,0,32,9,235,227)
--> RETR in-addr.arpa.zone.gz.md5

150 Opening BINARY mode data connection for in-addr.arpa.zone.gz.md5 (60 bytes).
Length: 60

     0K                                                       100%  888K=0s

226 Transfer complete.
2017-03-29 00:00:26 (888 KB/s) - ‘./domain/in-addr.arpa.zone.gz.md5’ saved [60]

Remote file is newer than local file ‘./domain/in-addr.arpa.zone.gz.sha256’ -- retrieving.

--2017-03-29 00:00:26--  ftp://ftp.internic.net/domain/in-addr.arpa.zone.gz.sha256
           => ‘./domain/in-addr.arpa.zone.gz.sha256’
==> CWD not required.
--> PASV

227 Entering Passive Mode (192,0,32,9,42,34)
--> RETR in-addr.arpa.zone.gz.sha256

150 Opening BINARY mode data connection for in-addr.arpa.zone.gz.sha256 (95 bytes).
Length: 95

     0K                                                       100%  195K=0s

226 Transfer complete.
2017-03-29 00:00:26 (195 KB/s) - ‘./domain/in-addr.arpa.zone.gz.sha256’ saved [95]

Remote file is newer than local file ‘./domain/in-addr.arpa.zone.md5’ -- retrieving.

--2017-03-29 00:00:26--  ftp://ftp.internic.net/domain/in-addr.arpa.zone.md5
           => ‘./domain/in-addr.arpa.zone.md5’
==> CWD not required.
--> PASV

227 Entering Passive Mode (192,0,32,9,124,174)
--> RETR in-addr.arpa.zone.md5

150 Opening BINARY mode data connection for in-addr.arpa.zone.md5 (57 bytes).
Length: 57

     0K                                                       100%  511K=0s

226 Transfer complete.
2017-03-29 00:00:27 (511 KB/s) - ‘./domain/in-addr.arpa.zone.md5’ saved [57]

Remote file is newer than local file ‘./domain/in-addr.arpa.zone.sha256’ -- retrieving.

--2017-03-29 00:00:27--  ftp://ftp.internic.net/domain/in-addr.arpa.zone.sha256
           => ‘./domain/in-addr.arpa.zone.sha256’
==> CWD not required.
--> PASV

227 Entering Passive Mode (192,0,32,9,41,113)
--> RETR in-addr.arpa.zone.sha256

150 Opening BINARY mode data connection for in-addr.arpa.zone.sha256 (92 bytes).
Length: 92

     0K                                                       100%  809K=0s

226 Transfer complete.
2017-03-29 00:00:28 (809 KB/s) - ‘./domain/in-addr.arpa.zone.sha256’ saved [92]

Remote file is newer than local file ‘./domain/ip6.arpa’ -- retrieving.

--2017-03-29 00:00:28--  ftp://ftp.internic.net/domain/ip6.arpa
           => ‘./domain/ip6.arpa’
==> CWD not required.
--> PASV

227 Entering Passive Mode (192,0,32,9,122,162)
--> RETR ip6.arpa

150 Opening BINARY mode data connection for ip6.arpa (61865 bytes).
Length: 61865 (60K)

     0K .......... .......... .......... .......... .......... 82% 98.7K 0s
    50K ..........                                            100% 62.0K=0.7s

226 Transfer complete.
2017-03-29 00:00:29 (89.6 KB/s) - ‘./domain/ip6.arpa’ saved [61865]

Remote file is newer than local file ‘./domain/ip6.arpa.gz’ -- retrieving.

--2017-03-29 00:00:29--  ftp://ftp.internic.net/domain/ip6.arpa.gz
           => ‘./domain/ip6.arpa.gz’
==> CWD not required.
--> PASV

227 Entering Passive Mode (192,0,32,9,42,130)
--> RETR ip6.arpa.gz

150 Opening BINARY mode data connection for ip6.arpa.gz (24398 bytes).
Length: 24398 (24K)

     0K .......... .......... ...                             100%  138K=0.2s

226 Transfer complete.
2017-03-29 00:00:30 (138 KB/s) - ‘./domain/ip6.arpa.gz’ saved [24398]

Remote file is newer than local file ‘./domain/ip6.arpa.gz.md5’ -- retrieving.

--2017-03-29 00:00:30--  ftp://ftp.internic.net/domain/ip6.arpa.gz.md5
           => ‘./domain/ip6.arpa.gz.md5’
==> CWD not required.
--> PASV

227 Entering Passive Mode (192,0,32,9,42,239)
--> RETR ip6.arpa.gz.md5

150 Opening BINARY mode data connection for ip6.arpa.gz.md5 (51 bytes).
Length: 51

     0K                                                       100%  457K=0s

226 Transfer complete.
2017-03-29 00:00:31 (457 KB/s) - ‘./domain/ip6.arpa.gz.md5’ saved [51]

Remote file is newer than local file ‘./domain/ip6.arpa.gz.sha256’ -- retrieving.

--2017-03-29 00:00:31--  ftp://ftp.internic.net/domain/ip6.arpa.gz.sha256
           => ‘./domain/ip6.arpa.gz.sha256’
==> CWD not required.
--> PASV

227 Entering Passive Mode (192,0,32,9,8,173)
--> RETR ip6.arpa.gz.sha256

150 Opening BINARY mode data connection for ip6.arpa.gz.sha256 (86 bytes).
Length: 86

     0K                                                       100% 1.24M=0s

226 Transfer complete.
2017-03-29 00:00:31 (1.24 MB/s) - ‘./domain/ip6.arpa.gz.sha256’ saved [86]

Remote file is newer than local file ‘./domain/ip6.arpa.md5’ -- retrieving.

--2017-03-29 00:00:31--  ftp://ftp.internic.net/domain/ip6.arpa.md5
           => ‘./domain/ip6.arpa.md5’
==> CWD not required.
--> PASV

227 Entering Passive Mode (192,0,32,9,102,41)
--> RETR ip6.arpa.md5

150 Opening BINARY mode data connection for ip6.arpa.md5 (48 bytes).
Length: 48

     0K                                                       100%  422K=0s

226 Transfer complete.
2017-03-29 00:00:32 (422 KB/s) - ‘./domain/ip6.arpa.md5’ saved [48]

Remote file is newer than local file ‘./domain/ip6.arpa.sha256’ -- retrieving.

--2017-03-29 00:00:32--  ftp://ftp.internic.net/domain/ip6.arpa.sha256
           => ‘./domain/ip6.arpa.sha256’
==> CWD not required.
--> PASV

227 Entering Passive Mode (192,0,32,9,121,182)
--> RETR ip6.arpa.sha256

150 Opening BINARY mode data connection for ip6.arpa.sha256 (83 bytes).
Length: 83

     0K                                                       100%  370K=0s

226 Transfer complete.
2017-03-29 00:00:33 (370 KB/s) - ‘./domain/ip6.arpa.sha256’ saved [83]

Remote file is newer than local file ‘./domain/ip6.arpa.zone’ -- retrieving.

--2017-03-29 00:00:33--  ftp://ftp.internic.net/domain/ip6.arpa.zone
           => ‘./domain/ip6.arpa.zone’
==> CWD not required.
--> PASV

227 Entering Passive Mode (192,0,32,9,41,182)
--> RETR ip6.arpa.zone

150 Opening BINARY mode data connection for ip6.arpa.zone (61865 bytes).
Length: 61865 (60K)

     0K .......... .......... .......... .......... .......... 82% 96.8K 0s
    50K ..........                                            100% 60.6K=0.7s

226 Transfer complete.
2017-03-29 00:00:34 (87.8 KB/s) - ‘./domain/ip6.arpa.zone’ saved [61865]

Remote file is newer than local file ‘./domain/ip6.arpa.zone.gz’ -- retrieving.

--2017-03-29 00:00:34--  ftp://ftp.internic.net/domain/ip6.arpa.zone.gz
           => ‘./domain/ip6.arpa.zone.gz’
==> CWD not required.
--> PASV

227 Entering Passive Mode (192,0,32,9,232,74)
--> RETR ip6.arpa.zone.gz

150 Opening BINARY mode data connection for ip6.arpa.zone.gz (24398 bytes).
Length: 24398 (24K)

     0K .......... .......... ...                             100%  137K=0.2s

226 Transfer complete.
2017-03-29 00:00:35 (137 KB/s) - ‘./domain/ip6.arpa.zone.gz’ saved [24398]

Remote file is newer than local file ‘./domain/ip6.arpa.zone.gz.md5’ -- retrieving.

--2017-03-29 00:00:35--  ftp://ftp.internic.net/domain/ip6.arpa.zone.gz.md5
           => ‘./domain/ip6.arpa.zone.gz.md5’
==> CWD not required.
--> PASV

227 Entering Passive Mode (192,0,32,9,122,82)
--> RETR ip6.arpa.zone.gz.md5

150 Opening BINARY mode data connection for ip6.arpa.zone.gz.md5 (56 bytes).
Length: 56

     0K                                                       100% 1.14M=0s

226 Transfer complete.
2017-03-29 00:00:36 (1.14 MB/s) - ‘./domain/ip6.arpa.zone.gz.md5’ saved [56]

Remote file is newer than local file ‘./domain/ip6.arpa.zone.gz.sha256’ -- retrieving.

--2017-03-29 00:00:36--  ftp://ftp.internic.net/domain/ip6.arpa.zone.gz.sha256
           => ‘./domain/ip6.arpa.zone.gz.sha256’
==> CWD not required.
--> PASV

227 Entering Passive Mode (192,0,32,9,244,230)
--> RETR ip6.arpa.zone.gz.sha256

150 Opening BINARY mode data connection for ip6.arpa.zone.gz.sha256 (91 bytes).
Length: 91

     0K                                                       100%  808K=0s

226 Transfer complete.
2017-03-29 00:00:36 (808 KB/s) - ‘./domain/ip6.arpa.zone.gz.sha256’ saved [91]

Remote file is newer than local file ‘./domain/ip6.arpa.zone.md5’ -- retrieving.

--2017-03-29 00:00:36--  ftp://ftp.internic.net/domain/ip6.arpa.zone.md5
           => ‘./domain/ip6.arpa.zone.md5’
==> CWD not required.
--> PASV

227 Entering Passive Mode (192,0,32,9,158,140)
--> RETR ip6.arpa.zone.md5

150 Opening BINARY mode data connection for ip6.arpa.zone.md5 (53 bytes).
Length: 53

     0K                                                       100%  471K=0s

226 Transfer complete.
2017-03-29 00:00:37 (471 KB/s) - ‘./domain/ip6.arpa.zone.md5’ saved [53]

Remote file is newer than local file ‘./domain/ip6.arpa.zone.sha256’ -- retrieving.

--2017-03-29 00:00:37--  ftp://ftp.internic.net/domain/ip6.arpa.zone.sha256
           => ‘./domain/ip6.arpa.zone.sha256’
==> CWD not required.
--> PASV

227 Entering Passive Mode (192,0,32,9,42,21)
--> RETR ip6.arpa.zone.sha256

150 Opening BINARY mode data connection for ip6.arpa.zone.sha256 (88 bytes).
Length: 88

     0K                                                       100% 2.27M=0s

226 Transfer complete.
2017-03-29 00:00:38 (2.27 MB/s) - ‘./domain/ip6.arpa.zone.sha256’ saved [88]

Remote file is newer than local file ‘./domain/last_update.txt’ -- retrieving.

--2017-03-29 00:00:38--  ftp://ftp.internic.net/domain/last_update.txt
           => ‘./domain/last_update.txt’
==> CWD not required.
--> PASV

227 Entering Passive Mode (192,0,32,9,70,244)
--> RETR last_update.txt

150 Opening BINARY mode data connection for last_update.txt (21 bytes).
Length: 21

     0K                                                       100%  185K=0s

226 Transfer complete.
2017-03-29 00:00:39 (185 KB/s) - ‘./domain/last_update.txt’ saved [21]

Remote file no newer than local file ‘./domain/named.cache’ -- not retrieving.
Remote file no newer than local file ‘./domain/named.cache.md5’ -- not retrieving.
Remote file no newer than local file ‘./domain/named.cache.sig’ -- not retrieving.
Remote file no newer than local file ‘./domain/named.root’ -- not retrieving.
Remote file no newer than local file ‘./domain/named.root.md5’ -- not retrieving.
Remote file no newer than local file ‘./domain/named.root.sig’ -- not retrieving.
Remote file no newer than local file ‘./domain/root-servers.net.zone’ -- not retrieving.
Remote file no newer than local file ‘./domain/root-servers.net.zone.gz’ -- not retrieving.
Remote file no newer than local file ‘./domain/root-servers.net.zone.gz.md5’ -- not retrieving.
Remote file no newer than local file ‘./domain/root-servers.net.zone.gz.sig’ -- not retrieving.
The sizes do not match (local 2232132) -- retrieving.

--2017-03-29 00:00:39--  ftp://ftp.internic.net/domain/root.zone
           => ‘./domain/root.zone’
==> CWD not required.
--> PASV

227 Entering Passive Mode (192,0,32,9,210,205)
--> RETR root.zone

150 Opening BINARY mode data connection for root.zone (2232227 bytes).
Length: 2232227 (2.1M)

     0K .......... .......... .......... .......... ..........  2% 48.5K 44s
    50K .......... .......... .......... .......... ..........  4%  276K 25s
   100K .......... .......... .......... .......... ..........  6% 72.3K 26s
   150K .......... .......... .......... .......... ..........  9% 72.4K 26s
   200K .......... .......... .......... .......... .......... 11% 96.5K 24s
   250K .......... .......... .......... .......... .......... 13%  144K 22s
   300K .......... .......... .......... .......... .......... 16% 69.0K 22s
   350K .......... .......... .......... .......... .......... 18%  122K 20s
   400K .......... .......... .......... .......... .......... 20%  108K 19s
   450K .......... .......... .......... .......... .......... 22% 96.8K 19s
   500K .......... .......... .......... .......... .......... 25%  120K 18s
   550K .......... .......... .......... .......... .......... 27%  112K 17s
   600K .......... .......... .......... .......... .......... 29%  145K 16s
   650K .......... .......... .......... .......... .......... 32%  144K 15s
   700K .......... .......... .......... .......... .......... 34%  145K 14s
   750K .......... .......... .......... .......... .......... 36%  144K 13s
   800K .......... .......... .......... .......... .......... 38%  209K 13s
   850K .......... .......... .......... .......... .......... 41%  146K 12s
   900K .......... .......... .......... .......... .......... 43%  178K 11s
   950K .......... .......... .......... .......... .......... 45%  153K 11s
  1000K .......... .......... .......... .......... .......... 48%  258K 10s
  1050K .......... .......... .......... .......... .......... 50%  154K 9s
  1100K .......... .......... .......... .......... .......... 52%  259K 9s
  1150K .......... .......... .......... .......... .......... 55%  211K 8s
  1200K .......... .......... .......... .......... .......... 57%  282K 8s
  1250K .......... .......... .......... .......... .......... 59%  255K 7s
  1300K .......... .......... .......... .......... .......... 61%  269K 6s
  1350K .......... .......... .......... .......... .......... 64%  289K 6s
  1400K .......... .......... .......... .......... .......... 66%  322K 5s
  1450K .......... .......... .......... .......... .......... 68%  273K 5s
  1500K .......... .......... .......... .......... .......... 71%  277K 5s
  1550K .......... .......... .......... .......... .......... 73%  629K 4s
  1600K .......... .......... .......... .......... .......... 75%  365K 4s
  1650K .......... .......... .......... .......... .......... 77%  484K 3s
  1700K .......... .......... .......... .......... .......... 80%  582K 3s
  1750K .......... .......... .......... .......... .......... 82%  325K 2s
  1800K .......... .......... .......... .......... .......... 84%  986K 2s
  1850K .......... .......... .......... .......... .......... 87%  410K 2s
  1900K .......... .......... .......... .......... .......... 89%  997K 1s
  1950K .......... .......... .......... .......... .......... 91%  408K 1s
  2000K .......... .......... .......... .......... .......... 94% 2.60M 1s
  2050K .......... .......... .......... .......... .......... 96%  571K 0s
  2100K .......... .......... .......... .......... .......... 98%  208K 0s
  2150K .......... .......... .........                       100% 18.1M=12s

226 Transfer complete.
2017-03-29 00:00:52 (175 KB/s) - ‘./domain/root.zone’ saved [2232227]

The sizes do not match (local 1048394) -- retrieving.

--2017-03-29 00:00:52--  ftp://ftp.internic.net/domain/root.zone.gz
           => ‘./domain/root.zone.gz’
==> CWD not required.
--> PASV

227 Entering Passive Mode (192,0,32,9,184,183)
--> RETR root.zone.gz

150 Opening BINARY mode data connection for root.zone.gz (1048416 bytes).
Length: 1048416 (1024K)

     0K .......... .......... .......... .......... ..........  4%  148K 7s
    50K .......... .......... .......... .......... ..........  9%  298K 5s
   100K .......... .......... .......... .......... .......... 14% 5.37M 3s
   150K .......... .......... .......... .......... .......... 19%  299K 3s
   200K .......... .......... .......... .......... .......... 24%  307K 3s
   250K .......... .......... .......... .......... .......... 29% 7.23M 2s
   300K .......... .......... .......... .......... .......... 34%  307K 2s
   350K .......... .......... .......... .......... .......... 39%  139K 2s
   400K .......... .......... .......... .......... .......... 43%  104M 2s
   450K .......... .......... .......... .......... .......... 48%  109M 1s
   500K .......... .......... .......... .......... .......... 53%  287K 1s
   550K .......... .......... .......... .......... .......... 58% 31.7M 1s
   600K .......... .......... .......... .......... .......... 63%  300K 1s
   650K .......... .......... .......... .......... .......... 68% 10.5M 1s
   700K .......... .......... .......... .......... .......... 73%  299K 1s
   750K .......... .......... .......... .......... .......... 78%  148K 1s
   800K .......... .......... .......... .......... .......... 83% 9.91M 0s
   850K .......... .......... .......... .......... .......... 87%  145K 0s
   900K .......... .......... .......... .......... .......... 92% 90.8M 0s
   950K .......... .......... .......... .......... .......... 97%  108M 0s
  1000K .......... .......... ...                             100% 28.4M=2.6s

226 Transfer complete.
2017-03-29 00:00:55 (397 KB/s) - ‘./domain/root.zone.gz’ saved [1048416]

Remote file is newer than local file ‘./domain/root.zone.gz.md5’ -- retrieving.

--2017-03-29 00:00:55--  ftp://ftp.internic.net/domain/root.zone.gz.md5
           => ‘./domain/root.zone.gz.md5’
==> CWD not required.
--> PASV

227 Entering Passive Mode (192,0,32,9,16,31)
--> RETR root.zone.gz.md5

150 Opening BINARY mode data connection for root.zone.gz.md5 (33 bytes).
Length: 33

     0K                                                       100%  290K=0s

226 Transfer complete.
2017-03-29 00:00:56 (290 KB/s) - ‘./domain/root.zone.gz.md5’ saved [33]

Remote file is newer than local file ‘./domain/root.zone.gz.sig’ -- retrieving.

--2017-03-29 00:00:56--  ftp://ftp.internic.net/domain/root.zone.gz.sig
           => ‘./domain/root.zone.gz.sig’
==> CWD not required.
--> PASV

227 Entering Passive Mode (192,0,32,9,41,107)
--> RETR root.zone.gz.sig

150 Opening BINARY mode data connection for root.zone.gz.sig (72 bytes).
Length: 72

     0K                                                       100%  639K=0s

226 Transfer complete.
2017-03-29 00:00:56 (639 KB/s) - ‘./domain/root.zone.gz.sig’ saved [72]

Remote file is newer than local file ‘./domain/root.zone.md5’ -- retrieving.

--2017-03-29 00:00:56--  ftp://ftp.internic.net/domain/root.zone.md5
           => ‘./domain/root.zone.md5’
==> CWD not required.
--> PASV

227 Entering Passive Mode (192,0,32,9,41,182)
--> RETR root.zone.md5

150 Opening BINARY mode data connection for root.zone.md5 (33 bytes).
Length: 33

     0K                                                       100%  528K=0s

226 Transfer complete.
2017-03-29 00:00:57 (528 KB/s) - ‘./domain/root.zone.md5’ saved [33]

Remote file is newer than local file ‘./domain/root.zone.sig’ -- retrieving.

--2017-03-29 00:00:57--  ftp://ftp.internic.net/domain/root.zone.sig
           => ‘./domain/root.zone.sig’
==> CWD not required.
--> PASV

227 Entering Passive Mode (192,0,32,9,41,156)
--> RETR root.zone.sig

150 Opening BINARY mode data connection for root.zone.sig (72 bytes).
Length: 72

     0K                                                       100%  384K=0s

226 Transfer complete.
2017-03-29 00:00:58 (384 KB/s) - ‘./domain/root.zone.sig’ saved [72]

FINISHED --2017-03-29 00:00:58--
Total wall clock time: 56s
Downloaded: 40 files, 3.9M in 25s (164 KB/s)
