--2017-03-11 00:00:04--  ftp://ftp.internic.net/*
           => ‘./.listing’
Resolving ftp.internic.net (ftp.internic.net)... 192.0.32.9, 2620:0:2d0:200::9
Connecting to ftp.internic.net (ftp.internic.net)|192.0.32.9|:21... connected.
Logging in as anonymous ... 
220 Internic FTP Server
--> USER anonymous

331 Please specify the password.
--> PASS Turtle Power!

230 Login successful.
--> SYST

215 UNIX Type: L8
--> PWD

257 "/"
--> TYPE I

200 Switching to Binary mode.
==> CWD not needed.
--> PASV

227 Entering Passive Mode (192,0,32,9,41,58)
--> LIST -a

150 Here comes the directory listing.

     0K                                                        1.62M=0s

226 Directory send OK.
drwxr-xr-x    3 ftp      ftp          4096 Apr 04  2012 .
drwxr-xr-x    3 ftp      ftp          4096 Apr 04  2012 ..
drwxr-xr-x    2 ftp      ftp          4096 Sep 09  2015 domain
2017-03-11 00:00:08 (1.62 MB/s) - ‘./.listing’ saved [183]

--2017-03-11 00:00:08--  ftp://ftp.internic.net/domain/*
           => ‘./domain/.listing’
--> CWD /domain

250 Directory successfully changed.
--> PASV

227 Entering Passive Mode (192,0,32,9,72,180)
--> LIST -a

150 Here comes the directory listing.

     0K ...                                                    24.8M=0s

226 Directory send OK.
drwxr-xr-x    2 ftp      ftp          4096 Sep 09  2015 .
drwxr-xr-x    3 ftp      ftp          4096 Apr 04  2012 ..
-rw-r--r--    1 ftp      ftp          1829 Aug 18  2015 .listing
-rw-r--r--    1 ftp      ftp          1224 Mar 10 12:15 INTERNIC_ROOT_ZONE.signatures
-rw-r--r--    1 ftp      ftp          1469 Mar 10 12:15 INTERNIC_ROOT_ZONE.signatures.asc
-rw-r--r--    1 ftp      ftp         15186 Mar 10 12:15 arpa.zone
-rw-r--r--    1 ftp      ftp          6635 Mar 10 12:15 arpa.zone.gz
-rw-r--r--    1 ftp      ftp            33 Mar 10 12:15 arpa.zone.gz.md5
-rw-r--r--    1 ftp      ftp            72 Mar 10 12:15 arpa.zone.gz.sig
-rw-r--r--    1 ftp      ftp          3291 Oct 20 19:35 db.cache
-rw-r--r--    1 ftp      ftp            33 Oct 20 19:35 db.cache.md5
-rw-r--r--    1 ftp      ftp            72 Oct 20 19:35 db.cache.sig
-rw-r--r--    1 ftp      ftp        228015 Mar 10 15:40 in-addr.arpa
-rw-r--r--    1 ftp      ftp         90412 Mar 10 15:40 in-addr.arpa.gz
-rw-r--r--    1 ftp      ftp            55 Mar 10 15:40 in-addr.arpa.gz.md5
-rw-r--r--    1 ftp      ftp            90 Mar 10 15:40 in-addr.arpa.gz.sha256
-rw-r--r--    1 ftp      ftp            52 Mar 10 15:40 in-addr.arpa.md5
-rw-r--r--    1 ftp      ftp            87 Mar 10 15:40 in-addr.arpa.sha256
-rw-r--r--    1 ftp      ftp        228015 Mar 10 15:40 in-addr.arpa.zone
-rw-r--r--    1 ftp      ftp         90412 Mar 10 15:40 in-addr.arpa.zone.gz
-rw-r--r--    1 ftp      ftp            60 Mar 10 15:40 in-addr.arpa.zone.gz.md5
-rw-r--r--    1 ftp      ftp            95 Mar 10 15:40 in-addr.arpa.zone.gz.sha256
-rw-r--r--    1 ftp      ftp            57 Mar 10 15:40 in-addr.arpa.zone.md5
-rw-r--r--    1 ftp      ftp            92 Mar 10 15:40 in-addr.arpa.zone.sha256
-rw-r--r--    1 ftp      ftp         60746 Mar 10 15:40 ip6.arpa
-rw-r--r--    1 ftp      ftp         24340 Mar 10 15:40 ip6.arpa.gz
-rw-r--r--    1 ftp      ftp            51 Mar 10 15:40 ip6.arpa.gz.md5
-rw-r--r--    1 ftp      ftp            86 Mar 10 15:40 ip6.arpa.gz.sha256
-rw-r--r--    1 ftp      ftp            48 Mar 10 15:40 ip6.arpa.md5
-rw-r--r--    1 ftp      ftp            83 Mar 10 15:40 ip6.arpa.sha256
-rw-r--r--    1 ftp      ftp         60746 Mar 10 15:40 ip6.arpa.zone
-rw-r--r--    1 ftp      ftp         24340 Mar 10 15:40 ip6.arpa.zone.gz
-rw-r--r--    1 ftp      ftp            56 Mar 10 15:40 ip6.arpa.zone.gz.md5
-rw-r--r--    1 ftp      ftp            91 Mar 10 15:40 ip6.arpa.zone.gz.sha256
-rw-r--r--    1 ftp      ftp            53 Mar 10 15:40 ip6.arpa.zone.md5
-rw-r--r--    1 ftp      ftp            88 Mar 10 15:40 ip6.arpa.zone.sha256
-rw-r--r--    1 ftp      ftp            21 Mar 10 15:40 last_update.txt
-rw-r--r--    1 ftp      ftp          3291 Oct 20 19:35 named.cache
-rw-r--r--    1 ftp      ftp            33 Oct 20 19:35 named.cache.md5
-rw-r--r--    1 ftp      ftp            72 Oct 20 19:35 named.cache.sig
-rw-r--r--    1 ftp      ftp          3291 Oct 20 19:35 named.root
-rw-r--r--    1 ftp      ftp            33 Oct 20 19:35 named.root.md5
-rw-r--r--    1 ftp      ftp            72 Oct 20 19:35 named.root.sig
-rw-r--r--    1 ftp      ftp          2110 Oct 20 19:35 root-servers.net.zone
-rw-r--r--    1 ftp      ftp           574 Oct 20 19:35 root-servers.net.zone.gz
-rw-r--r--    1 ftp      ftp            33 Oct 20 19:35 root-servers.net.zone.gz.md5
-rw-r--r--    1 ftp      ftp            72 Oct 20 19:35 root-servers.net.zone.gz.sig
-rw-r--r--    1 ftp      ftp       2230823 Mar 10 05:08 root.zone
-rw-r--r--    1 ftp      ftp       1047776 Mar 10 05:08 root.zone.gz
-rw-r--r--    1 ftp      ftp            33 Mar 10 05:08 root.zone.gz.md5
-rw-r--r--    1 ftp      ftp            72 Mar 10 05:08 root.zone.gz.sig
-rw-r--r--    1 ftp      ftp            33 Mar 10 05:08 root.zone.md5
-rw-r--r--    1 ftp      ftp            72 Mar 10 05:08 root.zone.sig
2017-03-11 00:00:09 (24.8 MB/s) - ‘./domain/.listing’ saved [3930]

The sizes do not match (local 3930) -- retrieving.

--2017-03-11 00:00:09--  ftp://ftp.internic.net/domain/.listing
           => ‘./domain/.listing’
==> CWD not required.
--> PASV

227 Entering Passive Mode (192,0,32,9,41,32)
--> RETR .listing

150 Opening BINARY mode data connection for .listing (1829 bytes).
Length: 1829 (1.8K)

     0K .                                                     100% 8.47M=0s

226 Transfer complete.
2017-03-11 00:00:10 (8.47 MB/s) - ‘./domain/.listing’ saved [1829]

Remote file is newer than local file ‘./domain/INTERNIC_ROOT_ZONE.signatures’ -- retrieving.

--2017-03-11 00:00:10--  ftp://ftp.internic.net/domain/INTERNIC_ROOT_ZONE.signatures
           => ‘./domain/INTERNIC_ROOT_ZONE.signatures’
==> CWD not required.
--> PASV

227 Entering Passive Mode (192,0,32,9,49,8)
--> RETR INTERNIC_ROOT_ZONE.signatures

150 Opening BINARY mode data connection for INTERNIC_ROOT_ZONE.signatures (1224 bytes).
Length: 1224 (1.2K)

     0K .                                                     100% 9.81M=0s

226 Transfer complete.
2017-03-11 00:00:12 (9.81 MB/s) - ‘./domain/INTERNIC_ROOT_ZONE.signatures’ saved [1224]

Remote file is newer than local file ‘./domain/INTERNIC_ROOT_ZONE.signatures.asc’ -- retrieving.

--2017-03-11 00:00:12--  ftp://ftp.internic.net/domain/INTERNIC_ROOT_ZONE.signatures.asc
           => ‘./domain/INTERNIC_ROOT_ZONE.signatures.asc’
==> CWD not required.
--> PASV

227 Entering Passive Mode (192,0,32,9,153,101)
--> RETR INTERNIC_ROOT_ZONE.signatures.asc

150 Opening BINARY mode data connection for INTERNIC_ROOT_ZONE.signatures.asc (1469 bytes).
Length: 1469 (1.4K)

     0K .                                                     100% 12.6M=0s

226 Transfer complete.
2017-03-11 00:00:13 (12.6 MB/s) - ‘./domain/INTERNIC_ROOT_ZONE.signatures.asc’ saved [1469]

Remote file is newer than local file ‘./domain/arpa.zone’ -- retrieving.

--2017-03-11 00:00:13--  ftp://ftp.internic.net/domain/arpa.zone
           => ‘./domain/arpa.zone’
==> CWD not required.
--> PASV

227 Entering Passive Mode (192,0,32,9,126,77)
--> RETR arpa.zone

150 Opening BINARY mode data connection for arpa.zone (15186 bytes).
Length: 15186 (15K)

     0K .......... ....                                       100% 10.6M=0.001s

226 Transfer complete.
2017-03-11 00:00:14 (10.6 MB/s) - ‘./domain/arpa.zone’ saved [15186]

The sizes do not match (local 6633) -- retrieving.

--2017-03-11 00:00:14--  ftp://ftp.internic.net/domain/arpa.zone.gz
           => ‘./domain/arpa.zone.gz’
==> CWD not required.
--> PASV

227 Entering Passive Mode (192,0,32,9,41,240)
--> RETR arpa.zone.gz

150 Opening BINARY mode data connection for arpa.zone.gz (6635 bytes).
Length: 6635 (6.5K)

     0K ......                                                100% 41.1M=0s

226 Transfer complete.
2017-03-11 00:00:15 (41.1 MB/s) - ‘./domain/arpa.zone.gz’ saved [6635]

Remote file is newer than local file ‘./domain/arpa.zone.gz.md5’ -- retrieving.

--2017-03-11 00:00:15--  ftp://ftp.internic.net/domain/arpa.zone.gz.md5
           => ‘./domain/arpa.zone.gz.md5’
==> CWD not required.
--> PASV

227 Entering Passive Mode (192,0,32,9,41,47)
--> RETR arpa.zone.gz.md5

150 Opening BINARY mode data connection for arpa.zone.gz.md5 (33 bytes).
Length: 33

     0K                                                       100%  290K=0s

226 Transfer complete.
2017-03-11 00:00:16 (290 KB/s) - ‘./domain/arpa.zone.gz.md5’ saved [33]

Remote file is newer than local file ‘./domain/arpa.zone.gz.sig’ -- retrieving.

--2017-03-11 00:00:16--  ftp://ftp.internic.net/domain/arpa.zone.gz.sig
           => ‘./domain/arpa.zone.gz.sig’
==> CWD not required.
--> PASV

227 Entering Passive Mode (192,0,32,9,76,218)
--> RETR arpa.zone.gz.sig

150 Opening BINARY mode data connection for arpa.zone.gz.sig (72 bytes).
Length: 72

     0K                                                       100%  469K=0s

226 Transfer complete.
2017-03-11 00:00:17 (469 KB/s) - ‘./domain/arpa.zone.gz.sig’ saved [72]

Remote file no newer than local file ‘./domain/db.cache’ -- not retrieving.
Remote file no newer than local file ‘./domain/db.cache.md5’ -- not retrieving.
Remote file no newer than local file ‘./domain/db.cache.sig’ -- not retrieving.
Remote file is newer than local file ‘./domain/in-addr.arpa’ -- retrieving.

--2017-03-11 00:00:17--  ftp://ftp.internic.net/domain/in-addr.arpa
           => ‘./domain/in-addr.arpa’
==> CWD not required.
--> PASV

227 Entering Passive Mode (192,0,32,9,174,247)
--> RETR in-addr.arpa

150 Opening BINARY mode data connection for in-addr.arpa (228015 bytes).
Length: 228015 (223K)

     0K .......... .......... .......... .......... .......... 22%  115K 2s
    50K .......... .......... .......... .......... .......... 44%  114K 1s
   100K .......... .......... .......... .......... .......... 67%  115K 1s
   150K .......... .......... .......... .......... .......... 89% 76.7K 0s
   200K .......... .......... ..                              100% 52.2K=2.4s

226 Transfer complete.
2017-03-11 00:00:20 (93.1 KB/s) - ‘./domain/in-addr.arpa’ saved [228015]

The sizes do not match (local 90493) -- retrieving.

--2017-03-11 00:00:20--  ftp://ftp.internic.net/domain/in-addr.arpa.gz
           => ‘./domain/in-addr.arpa.gz’
==> CWD not required.
--> PASV

227 Entering Passive Mode (192,0,32,9,43,87)
--> RETR in-addr.arpa.gz

150 Opening BINARY mode data connection for in-addr.arpa.gz (90412 bytes).
Length: 90412 (88K)

     0K .......... .......... .......... .......... .......... 56%  113K 0s
    50K .......... .......... .......... ........             100% 9.57M=0.4s

226 Transfer complete.
2017-03-11 00:00:21 (198 KB/s) - ‘./domain/in-addr.arpa.gz’ saved [90412]

Remote file is newer than local file ‘./domain/in-addr.arpa.gz.md5’ -- retrieving.

--2017-03-11 00:00:21--  ftp://ftp.internic.net/domain/in-addr.arpa.gz.md5
           => ‘./domain/in-addr.arpa.gz.md5’
==> CWD not required.
--> PASV

227 Entering Passive Mode (192,0,32,9,42,19)
--> RETR in-addr.arpa.gz.md5

150 Opening BINARY mode data connection for in-addr.arpa.gz.md5 (55 bytes).
Length: 55

     0K                                                       100%  340K=0s

226 Transfer complete.
2017-03-11 00:00:22 (340 KB/s) - ‘./domain/in-addr.arpa.gz.md5’ saved [55]

Remote file is newer than local file ‘./domain/in-addr.arpa.gz.sha256’ -- retrieving.

--2017-03-11 00:00:22--  ftp://ftp.internic.net/domain/in-addr.arpa.gz.sha256
           => ‘./domain/in-addr.arpa.gz.sha256’
==> CWD not required.
--> PASV

227 Entering Passive Mode (192,0,32,9,62,8)
--> RETR in-addr.arpa.gz.sha256

150 Opening BINARY mode data connection for in-addr.arpa.gz.sha256 (90 bytes).
Length: 90

     0K                                                       100%  792K=0s

226 Transfer complete.
2017-03-11 00:00:23 (792 KB/s) - ‘./domain/in-addr.arpa.gz.sha256’ saved [90]

Remote file is newer than local file ‘./domain/in-addr.arpa.md5’ -- retrieving.

--2017-03-11 00:00:23--  ftp://ftp.internic.net/domain/in-addr.arpa.md5
           => ‘./domain/in-addr.arpa.md5’
==> CWD not required.
--> PASV

227 Entering Passive Mode (192,0,32,9,42,76)
--> RETR in-addr.arpa.md5

150 Opening BINARY mode data connection for in-addr.arpa.md5 (52 bytes).
Length: 52

     0K                                                       100%  462K=0s

226 Transfer complete.
2017-03-11 00:00:24 (462 KB/s) - ‘./domain/in-addr.arpa.md5’ saved [52]

Remote file is newer than local file ‘./domain/in-addr.arpa.sha256’ -- retrieving.

--2017-03-11 00:00:24--  ftp://ftp.internic.net/domain/in-addr.arpa.sha256
           => ‘./domain/in-addr.arpa.sha256’
==> CWD not required.
--> PASV

227 Entering Passive Mode (192,0,32,9,230,133)
--> RETR in-addr.arpa.sha256

150 Opening BINARY mode data connection for in-addr.arpa.sha256 (87 bytes).
Length: 87

     0K                                                       100%  772K=0s

226 Transfer complete.
2017-03-11 00:00:25 (772 KB/s) - ‘./domain/in-addr.arpa.sha256’ saved [87]

Remote file is newer than local file ‘./domain/in-addr.arpa.zone’ -- retrieving.

--2017-03-11 00:00:25--  ftp://ftp.internic.net/domain/in-addr.arpa.zone
           => ‘./domain/in-addr.arpa.zone’
==> CWD not required.
--> PASV

227 Entering Passive Mode (192,0,32,9,41,202)
--> RETR in-addr.arpa.zone

150 Opening BINARY mode data connection for in-addr.arpa.zone (228015 bytes).
Length: 228015 (223K)

     0K .......... .......... .......... .......... .......... 22%  112K 2s
    50K .......... .......... .......... .......... .......... 44%  113K 1s
   100K .......... .......... .......... .......... .......... 67% 18.6M 0s
   150K .......... .......... .......... .......... .......... 89%  100K 0s
   200K .......... .......... ..                              100% 33.2M=1.4s

226 Transfer complete.
2017-03-11 00:00:27 (160 KB/s) - ‘./domain/in-addr.arpa.zone’ saved [228015]

The sizes do not match (local 90493) -- retrieving.

--2017-03-11 00:00:27--  ftp://ftp.internic.net/domain/in-addr.arpa.zone.gz
           => ‘./domain/in-addr.arpa.zone.gz’
==> CWD not required.
--> PASV

227 Entering Passive Mode (192,0,32,9,41,127)
--> RETR in-addr.arpa.zone.gz

150 Opening BINARY mode data connection for in-addr.arpa.zone.gz (90412 bytes).
Length: 90412 (88K)

     0K .......... .......... .......... .......... .......... 56%  114K 0s
    50K .......... .......... .......... ........             100% 7.53M=0.4s

226 Transfer complete.
2017-03-11 00:00:29 (199 KB/s) - ‘./domain/in-addr.arpa.zone.gz’ saved [90412]

Remote file is newer than local file ‘./domain/in-addr.arpa.zone.gz.md5’ -- retrieving.

--2017-03-11 00:00:29--  ftp://ftp.internic.net/domain/in-addr.arpa.zone.gz.md5
           => ‘./domain/in-addr.arpa.zone.gz.md5’
==> CWD not required.
--> PASV

227 Entering Passive Mode (192,0,32,9,142,34)
--> RETR in-addr.arpa.zone.gz.md5

150 Opening BINARY mode data connection for in-addr.arpa.zone.gz.md5 (60 bytes).
Length: 60

     0K                                                       100%  538K=0s

226 Transfer complete.
2017-03-11 00:00:29 (538 KB/s) - ‘./domain/in-addr.arpa.zone.gz.md5’ saved [60]

Remote file is newer than local file ‘./domain/in-addr.arpa.zone.gz.sha256’ -- retrieving.

--2017-03-11 00:00:29--  ftp://ftp.internic.net/domain/in-addr.arpa.zone.gz.sha256
           => ‘./domain/in-addr.arpa.zone.gz.sha256’
==> CWD not required.
--> PASV

227 Entering Passive Mode (192,0,32,9,15,83)
--> RETR in-addr.arpa.zone.gz.sha256

150 Opening BINARY mode data connection for in-addr.arpa.zone.gz.sha256 (95 bytes).
Length: 95

     0K                                                       100%  469K=0s

226 Transfer complete.
2017-03-11 00:00:31 (469 KB/s) - ‘./domain/in-addr.arpa.zone.gz.sha256’ saved [95]

Remote file is newer than local file ‘./domain/in-addr.arpa.zone.md5’ -- retrieving.

--2017-03-11 00:00:31--  ftp://ftp.internic.net/domain/in-addr.arpa.zone.md5
           => ‘./domain/in-addr.arpa.zone.md5’
==> CWD not required.
--> PASV

227 Entering Passive Mode (192,0,32,9,42,51)
--> RETR in-addr.arpa.zone.md5

150 Opening BINARY mode data connection for in-addr.arpa.zone.md5 (57 bytes).
Length: 57

     0K                                                       100%  506K=0s

226 Transfer complete.
2017-03-11 00:00:32 (506 KB/s) - ‘./domain/in-addr.arpa.zone.md5’ saved [57]

Remote file is newer than local file ‘./domain/in-addr.arpa.zone.sha256’ -- retrieving.

--2017-03-11 00:00:32--  ftp://ftp.internic.net/domain/in-addr.arpa.zone.sha256
           => ‘./domain/in-addr.arpa.zone.sha256’
==> CWD not required.
--> PASV

227 Entering Passive Mode (192,0,32,9,160,243)
--> RETR in-addr.arpa.zone.sha256

150 Opening BINARY mode data connection for in-addr.arpa.zone.sha256 (92 bytes).
Length: 92

     0K                                                       100%  480K=0s

226 Transfer complete.
2017-03-11 00:00:33 (480 KB/s) - ‘./domain/in-addr.arpa.zone.sha256’ saved [92]

Remote file is newer than local file ‘./domain/ip6.arpa’ -- retrieving.

--2017-03-11 00:00:33--  ftp://ftp.internic.net/domain/ip6.arpa
           => ‘./domain/ip6.arpa’
==> CWD not required.
--> PASV

227 Entering Passive Mode (192,0,32,9,41,149)
--> RETR ip6.arpa

150 Opening BINARY mode data connection for ip6.arpa (60746 bytes).
Length: 60746 (59K)

     0K .......... .......... .......... .......... .......... 84% 57.6K 0s
    50K .........                                             100% 43.0K=1.1s

226 Transfer complete.
2017-03-11 00:00:36 (54.7 KB/s) - ‘./domain/ip6.arpa’ saved [60746]

The sizes do not match (local 24350) -- retrieving.

--2017-03-11 00:00:36--  ftp://ftp.internic.net/domain/ip6.arpa.gz
           => ‘./domain/ip6.arpa.gz’
==> CWD not required.
--> PASV

227 Entering Passive Mode (192,0,32,9,241,194)
--> RETR ip6.arpa.gz

150 Opening BINARY mode data connection for ip6.arpa.gz (24339 bytes).
Length: 24340 (24K)

     0K .......... .......... ...                              99%  108K=0.2s

226 Transfer complete.
2017-03-11 00:00:37 (108 KB/s) - ‘./domain/ip6.arpa.gz’ saved [24339]

Remote file is newer than local file ‘./domain/ip6.arpa.gz.md5’ -- retrieving.

--2017-03-11 00:00:37--  ftp://ftp.internic.net/domain/ip6.arpa.gz.md5
           => ‘./domain/ip6.arpa.gz.md5’
==> CWD not required.
--> PASV

227 Entering Passive Mode (192,0,32,9,236,176)
--> RETR ip6.arpa.gz.md5

150 Opening BINARY mode data connection for ip6.arpa.gz.md5 (51 bytes).
Length: 51

     0K                                                       100%  457K=0s

226 Transfer complete.
2017-03-11 00:00:38 (457 KB/s) - ‘./domain/ip6.arpa.gz.md5’ saved [51]

Remote file is newer than local file ‘./domain/ip6.arpa.gz.sha256’ -- retrieving.

--2017-03-11 00:00:38--  ftp://ftp.internic.net/domain/ip6.arpa.gz.sha256
           => ‘./domain/ip6.arpa.gz.sha256’
==> CWD not required.
--> PASV

227 Entering Passive Mode (192,0,32,9,228,215)
--> RETR ip6.arpa.gz.sha256

150 Opening BINARY mode data connection for ip6.arpa.gz.sha256 (86 bytes).
Length: 86

     0K                                                       100%  763K=0s

226 Transfer complete.
2017-03-11 00:00:39 (763 KB/s) - ‘./domain/ip6.arpa.gz.sha256’ saved [86]

Remote file is newer than local file ‘./domain/ip6.arpa.md5’ -- retrieving.

--2017-03-11 00:00:39--  ftp://ftp.internic.net/domain/ip6.arpa.md5
           => ‘./domain/ip6.arpa.md5’
==> CWD not required.
--> PASV

227 Entering Passive Mode (192,0,32,9,195,90)
--> RETR ip6.arpa.md5

150 Opening BINARY mode data connection for ip6.arpa.md5 (48 bytes).
Length: 48

     0K                                                       100%  430K=0s

226 Transfer complete.
2017-03-11 00:00:40 (430 KB/s) - ‘./domain/ip6.arpa.md5’ saved [48]

Remote file is newer than local file ‘./domain/ip6.arpa.sha256’ -- retrieving.

--2017-03-11 00:00:40--  ftp://ftp.internic.net/domain/ip6.arpa.sha256
           => ‘./domain/ip6.arpa.sha256’
==> CWD not required.
--> PASV

227 Entering Passive Mode (192,0,32,9,235,103)
--> RETR ip6.arpa.sha256

150 Opening BINARY mode data connection for ip6.arpa.sha256 (83 bytes).
Length: 83

     0K                                                       100%  737K=0s

226 Transfer complete.
2017-03-11 00:00:41 (737 KB/s) - ‘./domain/ip6.arpa.sha256’ saved [83]

Remote file is newer than local file ‘./domain/ip6.arpa.zone’ -- retrieving.

--2017-03-11 00:00:41--  ftp://ftp.internic.net/domain/ip6.arpa.zone
           => ‘./domain/ip6.arpa.zone’
==> CWD not required.
--> PASV

227 Entering Passive Mode (192,0,32,9,237,30)
--> RETR ip6.arpa.zone

150 Opening BINARY mode data connection for ip6.arpa.zone (60746 bytes).
Length: 60746 (59K)

     0K .......... .......... .......... .......... .......... 84% 57.2K 0s
    50K .........                                             100% 41.0M=0.9s

226 Transfer complete.
2017-03-11 00:00:43 (67.9 KB/s) - ‘./domain/ip6.arpa.zone’ saved [60746]

The sizes do not match (local 24350) -- retrieving.

--2017-03-11 00:00:43--  ftp://ftp.internic.net/domain/ip6.arpa.zone.gz
           => ‘./domain/ip6.arpa.zone.gz’
==> CWD not required.
--> PASV

227 Entering Passive Mode (192,0,32,9,41,207)
--> RETR ip6.arpa.zone.gz

150 Opening BINARY mode data connection for ip6.arpa.zone.gz (24339 bytes).
Length: 24340 (24K)

     0K .......... .......... ...                              99%  109K=0.2s

226 Transfer complete.
2017-03-11 00:00:44 (109 KB/s) - ‘./domain/ip6.arpa.zone.gz’ saved [24339]

Remote file is newer than local file ‘./domain/ip6.arpa.zone.gz.md5’ -- retrieving.

--2017-03-11 00:00:44--  ftp://ftp.internic.net/domain/ip6.arpa.zone.gz.md5
           => ‘./domain/ip6.arpa.zone.gz.md5’
==> CWD not required.
--> PASV

227 Entering Passive Mode (192,0,32,9,123,13)
--> RETR ip6.arpa.zone.gz.md5

150 Opening BINARY mode data connection for ip6.arpa.zone.gz.md5 (56 bytes).
Length: 56

     0K                                                       100%  493K=0s

226 Transfer complete.
2017-03-11 00:00:45 (493 KB/s) - ‘./domain/ip6.arpa.zone.gz.md5’ saved [56]

Remote file is newer than local file ‘./domain/ip6.arpa.zone.gz.sha256’ -- retrieving.

--2017-03-11 00:00:45--  ftp://ftp.internic.net/domain/ip6.arpa.zone.gz.sha256
           => ‘./domain/ip6.arpa.zone.gz.sha256’
==> CWD not required.
--> PASV

227 Entering Passive Mode (192,0,32,9,86,170)
--> RETR ip6.arpa.zone.gz.sha256

150 Opening BINARY mode data connection for ip6.arpa.zone.gz.sha256 (91 bytes).
Length: 91

     0K                                                       100%  480K=0s

226 Transfer complete.
2017-03-11 00:00:46 (480 KB/s) - ‘./domain/ip6.arpa.zone.gz.sha256’ saved [91]

Remote file is newer than local file ‘./domain/ip6.arpa.zone.md5’ -- retrieving.

--2017-03-11 00:00:46--  ftp://ftp.internic.net/domain/ip6.arpa.zone.md5
           => ‘./domain/ip6.arpa.zone.md5’
==> CWD not required.
--> PASV

227 Entering Passive Mode (192,0,32,9,68,194)
--> RETR ip6.arpa.zone.md5

150 Opening BINARY mode data connection for ip6.arpa.zone.md5 (53 bytes).
Length: 53

     0K                                                       100%  336K=0s

226 Transfer complete.
2017-03-11 00:00:46 (336 KB/s) - ‘./domain/ip6.arpa.zone.md5’ saved [53]

Remote file is newer than local file ‘./domain/ip6.arpa.zone.sha256’ -- retrieving.

--2017-03-11 00:00:46--  ftp://ftp.internic.net/domain/ip6.arpa.zone.sha256
           => ‘./domain/ip6.arpa.zone.sha256’
==> CWD not required.
--> PASV

227 Entering Passive Mode (192,0,32,9,101,230)
--> RETR ip6.arpa.zone.sha256

150 Opening BINARY mode data connection for ip6.arpa.zone.sha256 (88 bytes).
Length: 88

     0K                                                       100%  788K=0s

226 Transfer complete.
2017-03-11 00:00:47 (788 KB/s) - ‘./domain/ip6.arpa.zone.sha256’ saved [88]

Remote file is newer than local file ‘./domain/last_update.txt’ -- retrieving.

--2017-03-11 00:00:47--  ftp://ftp.internic.net/domain/last_update.txt
           => ‘./domain/last_update.txt’
==> CWD not required.
--> PASV

227 Entering Passive Mode (192,0,32,9,77,113)
--> RETR last_update.txt

150 Opening BINARY mode data connection for last_update.txt (21 bytes).
Length: 21

     0K                                                       100%  186K=0s

226 Transfer complete.
2017-03-11 00:00:48 (186 KB/s) - ‘./domain/last_update.txt’ saved [21]

Remote file no newer than local file ‘./domain/named.cache’ -- not retrieving.
Remote file no newer than local file ‘./domain/named.cache.md5’ -- not retrieving.
Remote file no newer than local file ‘./domain/named.cache.sig’ -- not retrieving.
Remote file no newer than local file ‘./domain/named.root’ -- not retrieving.
Remote file no newer than local file ‘./domain/named.root.md5’ -- not retrieving.
Remote file no newer than local file ‘./domain/named.root.sig’ -- not retrieving.
Remote file no newer than local file ‘./domain/root-servers.net.zone’ -- not retrieving.
Remote file no newer than local file ‘./domain/root-servers.net.zone.gz’ -- not retrieving.
Remote file no newer than local file ‘./domain/root-servers.net.zone.gz.md5’ -- not retrieving.
Remote file no newer than local file ‘./domain/root-servers.net.zone.gz.sig’ -- not retrieving.
The sizes do not match (local 2230910) -- retrieving.

--2017-03-11 00:00:48--  ftp://ftp.internic.net/domain/root.zone
           => ‘./domain/root.zone’
==> CWD not required.
--> PASV

227 Entering Passive Mode (192,0,32,9,17,7)
--> RETR root.zone

150 Opening BINARY mode data connection for root.zone (2230823 bytes).
Length: 2230823 (2.1M)

     0K .......... .......... .......... .......... ..........  2% 77.2K 28s
    50K .......... .......... .......... .......... ..........  4% 76.0K 27s
   100K .......... .......... .......... .......... ..........  6% 57.7K 29s
   150K .......... .......... .......... .......... ..........  9% 75.6K 28s
   200K .......... .......... .......... .......... .......... 11% 76.4K 27s
   250K .......... .......... .......... .......... .......... 13% 46.4K 29s
   300K .......... .......... .......... .......... .......... 16%  115K 26s
   350K .......... .......... .......... .......... .......... 18% 70.1K 25s
   400K .......... .......... .......... .......... .......... 20% 74.3K 25s
   450K .......... .......... .......... .......... .......... 22% 78.4K 24s
   500K .......... .......... .......... .......... .......... 25% 82.8K 23s
   550K .......... .......... .......... .......... .......... 27%  104K 21s
   600K .......... .......... .......... .......... .......... 29% 57.7K 21s
   650K .......... .......... .......... .......... .......... 32% 75.6K 20s
   700K .......... .......... .......... .......... .......... 34% 59.5K 20s
   750K .......... .......... .......... .......... .......... 36%  109K 19s
   800K .......... .......... .......... .......... .......... 39% 80.0K 18s
   850K .......... .......... .......... .......... .......... 41% 71.8K 17s
   900K .......... .......... .......... .......... .......... 43%  116K 16s
   950K .......... .......... .......... .......... .......... 45% 60.3K 16s
  1000K .......... .......... .......... .......... .......... 48%  115K 15s
  1050K .......... .......... .......... .......... .......... 50% 77.0K 14s
  1100K .......... .......... .......... .......... .......... 52%  115K 13s
  1150K .......... .......... .......... .......... .......... 55%  115K 13s
  1200K .......... .......... .......... .......... .......... 57% 56.2K 12s
  1250K .......... .......... .......... .......... .......... 59% 48.8K 12s
  1300K .......... .......... .......... .......... .......... 61% 58.0K 11s
  1350K .......... .......... .......... .......... .......... 64% 58.0K 11s
  1400K .......... .......... .......... .......... .......... 66% 57.2K 10s
  1450K .......... .......... .......... .......... .......... 68% 71.4K 9s
  1500K .......... .......... .......... .......... .......... 71% 60.6K 9s
  1550K .......... .......... .......... .......... .......... 73% 76.6K 8s
  1600K .......... .......... .......... .......... .......... 75% 74.1K 7s
  1650K .......... .......... .......... .......... .......... 78% 80.7K 7s
  1700K .......... .......... .......... .......... .......... 80% 56.3K 6s
  1750K .......... .......... .......... .......... .......... 82% 49.0K 5s
  1800K .......... .......... .......... .......... .......... 84% 54.9K 5s
  1850K .......... .......... .......... .......... .......... 87% 57.6K 4s
  1900K .......... .......... .......... .......... .......... 89% 44.8K 3s
  1950K .......... .......... .......... .......... .......... 91% 59.5K 3s
  2000K .......... .......... .......... .......... .......... 94% 58.1K 2s
  2050K .......... .......... .......... .......... .......... 96% 74.0K 1s
  2100K .......... .......... .......... .......... .......... 98% 37.0K 0s
  2150K .......... .......... ........                        100% 43.7K=33s

226 Transfer complete.
2017-03-11 00:01:22 (66.7 KB/s) - ‘./domain/root.zone’ saved [2230823]

The sizes do not match (local 1047832) -- retrieving.

--2017-03-11 00:01:22--  ftp://ftp.internic.net/domain/root.zone.gz
           => ‘./domain/root.zone.gz’
==> CWD not required.
--> PASV

227 Entering Passive Mode (192,0,32,9,108,192)
--> RETR root.zone.gz

150 Opening BINARY mode data connection for root.zone.gz (1047776 bytes).
Length: 1047776 (1023K)

     0K .......... .......... .......... .......... ..........  4% 57.1K 17s
    50K .......... .......... .......... .......... ..........  9% 57.5K 16s
   100K .......... .......... .......... .......... .......... 14% 76.5K 14s
   150K .......... .......... .......... .......... .......... 19% 57.4K 13s
   200K .......... .......... .......... .......... .......... 24% 76.5K 12s
   250K .......... .......... .......... .......... .......... 29%  115K 11s
   300K .......... .......... .......... .......... .......... 34% 76.6K 10s
   350K .......... .......... .......... .......... .......... 39%  115K 8s
   400K .......... .......... .......... .......... .......... 43%  115K 7s
   450K .......... .......... .......... .......... .......... 48%  187K 6s
   500K .......... .......... .......... .......... .......... 53%  130K 6s
   550K .......... .......... .......... .......... .......... 58%  205K 5s
   600K .......... .......... .......... .......... .......... 63%  229K 4s
   650K .......... .......... .......... .......... .......... 68%  231K 3s
   700K .......... .......... .......... .......... .......... 73%  251K 3s
   750K .......... .......... .......... .......... .......... 78%  115K 2s
   800K .......... .......... .......... .......... .......... 83% 25.0M 2s
   850K .......... .......... .......... .......... .......... 87%  215K 1s
   900K .......... .......... .......... .......... .......... 92%  117K 1s
   950K .......... .......... .......... .......... .......... 97%  229K 0s
  1000K .......... .......... ...                             100%  107K=8.9s

226 Transfer complete.
2017-03-11 00:01:32 (114 KB/s) - ‘./domain/root.zone.gz’ saved [1047776]

Remote file is newer than local file ‘./domain/root.zone.gz.md5’ -- retrieving.

--2017-03-11 00:01:32--  ftp://ftp.internic.net/domain/root.zone.gz.md5
           => ‘./domain/root.zone.gz.md5’
==> CWD not required.
--> PASV

227 Entering Passive Mode (192,0,32,9,216,27)
--> RETR root.zone.gz.md5

150 Opening BINARY mode data connection for root.zone.gz.md5 (33 bytes).
Length: 33

     0K                                                       100%  293K=0s

226 Transfer complete.
2017-03-11 00:01:33 (293 KB/s) - ‘./domain/root.zone.gz.md5’ saved [33]

Remote file is newer than local file ‘./domain/root.zone.gz.sig’ -- retrieving.

--2017-03-11 00:01:33--  ftp://ftp.internic.net/domain/root.zone.gz.sig
           => ‘./domain/root.zone.gz.sig’
==> CWD not required.
--> PASV

227 Entering Passive Mode (192,0,32,9,45,222)
--> RETR root.zone.gz.sig

150 Opening BINARY mode data connection for root.zone.gz.sig (72 bytes).
Length: 72

     0K                                                       100%  628K=0s

226 Transfer complete.
2017-03-11 00:01:33 (628 KB/s) - ‘./domain/root.zone.gz.sig’ saved [72]

Remote file is newer than local file ‘./domain/root.zone.md5’ -- retrieving.

--2017-03-11 00:01:34--  ftp://ftp.internic.net/domain/root.zone.md5
           => ‘./domain/root.zone.md5’
==> CWD not required.
--> PASV

227 Entering Passive Mode (192,0,32,9,67,240)
--> RETR root.zone.md5

150 Opening BINARY mode data connection for root.zone.md5 (33 bytes).
Length: 33

     0K                                                       100%  160K=0s

226 Transfer complete.
2017-03-11 00:01:34 (160 KB/s) - ‘./domain/root.zone.md5’ saved [33]

Remote file is newer than local file ‘./domain/root.zone.sig’ -- retrieving.

--2017-03-11 00:01:34--  ftp://ftp.internic.net/domain/root.zone.sig
           => ‘./domain/root.zone.sig’
==> CWD not required.
--> PASV

227 Entering Passive Mode (192,0,32,9,42,67)
--> RETR root.zone.sig

150 Opening BINARY mode data connection for root.zone.sig (72 bytes).
Length: 72

     0K                                                       100%  639K=0s

226 Transfer complete.
2017-03-11 00:01:35 (639 KB/s) - ‘./domain/root.zone.sig’ saved [72]

FINISHED --2017-03-11 00:01:35--
Total wall clock time: 1m 32s
Downloaded: 40 files, 3.9M in 49s (82.6 KB/s)
