--2017-08-06 00:00:02--  ftp://ftp.internic.net/*
           => ‘./.listing’
Resolving ftp.internic.net (ftp.internic.net)... 192.0.32.9, 2620:0:2d0:200::9
Connecting to ftp.internic.net (ftp.internic.net)|192.0.32.9|:21... connected.
Logging in as anonymous ... 
220 Internic FTP Server
--> USER anonymous

331 Please specify the password.
--> PASS Turtle Power!

230 Login successful.
--> SYST

215 UNIX Type: L8
--> PWD

257 "/"
--> TYPE I

200 Switching to Binary mode.
==> CWD not needed.
--> PASV

227 Entering Passive Mode (192,0,32,9,41,123)
--> LIST -a

150 Here comes the directory listing.

     0K                                                        1.42M=0s

226 Directory send OK.
drwxr-xr-x    3 ftp      ftp          4096 Apr 04  2012 .
drwxr-xr-x    3 ftp      ftp          4096 Apr 04  2012 ..
drwxr-xr-x    2 ftp      ftp          4096 Sep 09  2015 domain
2017-08-06 00:00:07 (1.42 MB/s) - ‘./.listing’ saved [183]

--2017-08-06 00:00:07--  ftp://ftp.internic.net/domain/*
           => ‘./domain/.listing’
--> CWD /domain

250 Directory successfully changed.
--> PASV

227 Entering Passive Mode (192,0,32,9,215,85)
--> LIST -a

150 Here comes the directory listing.

     0K ...                                                    2.94M=0.001s

226 Directory send OK.
drwxr-xr-x    2 ftp      ftp          4096 Sep 09  2015 .
drwxr-xr-x    3 ftp      ftp          4096 Apr 04  2012 ..
-rw-r--r--    1 ftp      ftp          1829 Aug 18  2015 .listing
-rw-r--r--    1 ftp      ftp          1224 Aug 05 12:21 INTERNIC_ROOT_ZONE.signatures
-rw-r--r--    1 ftp      ftp          1469 Aug 05 12:21 INTERNIC_ROOT_ZONE.signatures.asc
-rw-r--r--    1 ftp      ftp         15228 Aug 05 12:21 arpa.zone
-rw-r--r--    1 ftp      ftp          6656 Aug 05 12:21 arpa.zone.gz
-rw-r--r--    1 ftp      ftp            33 Aug 05 12:21 arpa.zone.gz.md5
-rw-r--r--    1 ftp      ftp            72 Aug 05 12:21 arpa.zone.gz.sig
-rw-r--r--    1 ftp      ftp          3314 Jul 26 14:54 db.cache
-rw-r--r--    1 ftp      ftp            33 Jul 26 14:54 db.cache.md5
-rw-r--r--    1 ftp      ftp            72 Jul 26 14:54 db.cache.sig
-rw-r--r--    1 ftp      ftp        228780 Aug 05 15:40 in-addr.arpa
-rw-r--r--    1 ftp      ftp         90944 Aug 05 15:40 in-addr.arpa.gz
-rw-r--r--    1 ftp      ftp            55 Aug 05 15:40 in-addr.arpa.gz.md5
-rw-r--r--    1 ftp      ftp            90 Aug 05 15:40 in-addr.arpa.gz.sha256
-rw-r--r--    1 ftp      ftp            52 Aug 05 15:40 in-addr.arpa.md5
-rw-r--r--    1 ftp      ftp            87 Aug 05 15:40 in-addr.arpa.sha256
-rw-r--r--    1 ftp      ftp        228780 Aug 05 15:40 in-addr.arpa.zone
-rw-r--r--    1 ftp      ftp         90944 Aug 05 15:40 in-addr.arpa.zone.gz
-rw-r--r--    1 ftp      ftp            60 Aug 05 15:40 in-addr.arpa.zone.gz.md5
-rw-r--r--    1 ftp      ftp            95 Aug 05 15:40 in-addr.arpa.zone.gz.sha256
-rw-r--r--    1 ftp      ftp            57 Aug 05 15:40 in-addr.arpa.zone.md5
-rw-r--r--    1 ftp      ftp            92 Aug 05 15:40 in-addr.arpa.zone.sha256
-rw-r--r--    1 ftp      ftp         61480 Aug 05 15:40 ip6.arpa
-rw-r--r--    1 ftp      ftp         24491 Aug 05 15:40 ip6.arpa.gz
-rw-r--r--    1 ftp      ftp            51 Aug 05 15:40 ip6.arpa.gz.md5
-rw-r--r--    1 ftp      ftp            86 Aug 05 15:40 ip6.arpa.gz.sha256
-rw-r--r--    1 ftp      ftp            48 Aug 05 15:40 ip6.arpa.md5
-rw-r--r--    1 ftp      ftp            83 Aug 05 15:40 ip6.arpa.sha256
-rw-r--r--    1 ftp      ftp         61480 Aug 05 15:40 ip6.arpa.zone
-rw-r--r--    1 ftp      ftp         24491 Aug 05 15:40 ip6.arpa.zone.gz
-rw-r--r--    1 ftp      ftp            56 Aug 05 15:40 ip6.arpa.zone.gz.md5
-rw-r--r--    1 ftp      ftp            91 Aug 05 15:40 ip6.arpa.zone.gz.sha256
-rw-r--r--    1 ftp      ftp            53 Aug 05 15:40 ip6.arpa.zone.md5
-rw-r--r--    1 ftp      ftp            88 Aug 05 15:40 ip6.arpa.zone.sha256
-rw-r--r--    1 ftp      ftp            21 Aug 05 15:40 last_update.txt
-rw-r--r--    1 ftp      ftp          3314 Jul 26 14:54 named.cache
-rw-r--r--    1 ftp      ftp            33 Jul 26 14:54 named.cache.md5
-rw-r--r--    1 ftp      ftp            72 Jul 26 14:54 named.cache.sig
-rw-r--r--    1 ftp      ftp          3314 Jul 26 14:54 named.root
-rw-r--r--    1 ftp      ftp            33 Jul 26 14:54 named.root.md5
-rw-r--r--    1 ftp      ftp            72 Jul 26 14:54 named.root.sig
-rw-r--r--    1 ftp      ftp          2111 Jul 26 14:53 root-servers.net.zone
-rw-r--r--    1 ftp      ftp           573 Jul 26 14:53 root-servers.net.zone.gz
-rw-r--r--    1 ftp      ftp            33 Jul 26 14:53 root-servers.net.zone.gz.md5
-rw-r--r--    1 ftp      ftp            72 Jul 26 14:53 root-servers.net.zone.gz.sig
-rw-r--r--    1 ftp      ftp       2263467 Aug 05 05:30 root.zone
-rw-r--r--    1 ftp      ftp       1063067 Aug 05 05:30 root.zone.gz
-rw-r--r--    1 ftp      ftp            33 Aug 05 05:30 root.zone.gz.md5
-rw-r--r--    1 ftp      ftp            72 Aug 05 05:30 root.zone.gz.sig
-rw-r--r--    1 ftp      ftp            33 Aug 05 05:30 root.zone.md5
-rw-r--r--    1 ftp      ftp            72 Aug 05 05:30 root.zone.sig
2017-08-06 00:00:09 (2.94 MB/s) - ‘./domain/.listing’ saved [3930]

The sizes do not match (local 3930) -- retrieving.

--2017-08-06 00:00:09--  ftp://ftp.internic.net/domain/.listing
           => ‘./domain/.listing’
==> CWD not required.
--> PASV

227 Entering Passive Mode (192,0,32,9,103,101)
--> RETR .listing

150 Opening BINARY mode data connection for .listing (1829 bytes).
Length: 1829 (1.8K)

     0K .                                                     100% 27.7M=0s

226 Transfer complete.
2017-08-06 00:00:10 (27.7 MB/s) - ‘./domain/.listing’ saved [1829]

Remote file is newer than local file ‘./domain/INTERNIC_ROOT_ZONE.signatures’ -- retrieving.

--2017-08-06 00:00:10--  ftp://ftp.internic.net/domain/INTERNIC_ROOT_ZONE.signatures
           => ‘./domain/INTERNIC_ROOT_ZONE.signatures’
==> CWD not required.
--> PASV

227 Entering Passive Mode (192,0,32,9,236,222)
--> RETR INTERNIC_ROOT_ZONE.signatures

150 Opening BINARY mode data connection for INTERNIC_ROOT_ZONE.signatures (1224 bytes).
Length: 1224 (1.2K)

     0K .                                                     100% 9.12M=0s

226 Transfer complete.
2017-08-06 00:00:11 (9.12 MB/s) - ‘./domain/INTERNIC_ROOT_ZONE.signatures’ saved [1224]

Remote file is newer than local file ‘./domain/INTERNIC_ROOT_ZONE.signatures.asc’ -- retrieving.

--2017-08-06 00:00:11--  ftp://ftp.internic.net/domain/INTERNIC_ROOT_ZONE.signatures.asc
           => ‘./domain/INTERNIC_ROOT_ZONE.signatures.asc’
==> CWD not required.
--> PASV

227 Entering Passive Mode (192,0,32,9,90,165)
--> RETR INTERNIC_ROOT_ZONE.signatures.asc

150 Opening BINARY mode data connection for INTERNIC_ROOT_ZONE.signatures.asc (1469 bytes).
Length: 1469 (1.4K)

     0K .                                                     100% 18.2M=0s

226 Transfer complete.
2017-08-06 00:00:13 (18.2 MB/s) - ‘./domain/INTERNIC_ROOT_ZONE.signatures.asc’ saved [1469]

Remote file is newer than local file ‘./domain/arpa.zone’ -- retrieving.

--2017-08-06 00:00:13--  ftp://ftp.internic.net/domain/arpa.zone
           => ‘./domain/arpa.zone’
==> CWD not required.
--> PASV

227 Entering Passive Mode (192,0,32,9,179,75)
--> RETR arpa.zone

150 Opening BINARY mode data connection for arpa.zone (15228 bytes).
Length: 15228 (15K)

     0K .......... ....                                       100% 39.9M=0s

226 Transfer complete.
2017-08-06 00:00:14 (39.9 MB/s) - ‘./domain/arpa.zone’ saved [15228]

The sizes do not match (local 6661) -- retrieving.

--2017-08-06 00:00:14--  ftp://ftp.internic.net/domain/arpa.zone.gz
           => ‘./domain/arpa.zone.gz’
==> CWD not required.
--> PASV

227 Entering Passive Mode (192,0,32,9,61,213)
--> RETR arpa.zone.gz

150 Opening BINARY mode data connection for arpa.zone.gz (6656 bytes).
Length: 6656 (6.5K)

     0K ......                                                100% 81.4M=0s

226 Transfer complete.
2017-08-06 00:00:15 (81.4 MB/s) - ‘./domain/arpa.zone.gz’ saved [6656]

Remote file is newer than local file ‘./domain/arpa.zone.gz.md5’ -- retrieving.

--2017-08-06 00:00:15--  ftp://ftp.internic.net/domain/arpa.zone.gz.md5
           => ‘./domain/arpa.zone.gz.md5’
==> CWD not required.
--> PASV

227 Entering Passive Mode (192,0,32,9,131,1)
--> RETR arpa.zone.gz.md5

150 Opening BINARY mode data connection for arpa.zone.gz.md5 (33 bytes).
Length: 33

     0K                                                       100%  749K=0s

226 Transfer complete.
2017-08-06 00:00:16 (749 KB/s) - ‘./domain/arpa.zone.gz.md5’ saved [33]

Remote file is newer than local file ‘./domain/arpa.zone.gz.sig’ -- retrieving.

--2017-08-06 00:00:16--  ftp://ftp.internic.net/domain/arpa.zone.gz.sig
           => ‘./domain/arpa.zone.gz.sig’
==> CWD not required.
--> PASV

227 Entering Passive Mode (192,0,32,9,41,230)
--> RETR arpa.zone.gz.sig

150 Opening BINARY mode data connection for arpa.zone.gz.sig (72 bytes).
Length: 72

     0K                                                       100%  345K=0s

226 Transfer complete.
2017-08-06 00:00:17 (345 KB/s) - ‘./domain/arpa.zone.gz.sig’ saved [72]

Remote file no newer than local file ‘./domain/db.cache’ -- not retrieving.
Remote file no newer than local file ‘./domain/db.cache.md5’ -- not retrieving.
Remote file no newer than local file ‘./domain/db.cache.sig’ -- not retrieving.
Remote file is newer than local file ‘./domain/in-addr.arpa’ -- retrieving.

--2017-08-06 00:00:20--  ftp://ftp.internic.net/domain/in-addr.arpa
           => ‘./domain/in-addr.arpa’
==> CWD not required.
--> PASV

227 Entering Passive Mode (192,0,32,9,4,219)
--> RETR in-addr.arpa

150 Opening BINARY mode data connection for in-addr.arpa (228780 bytes).
Length: 228780 (223K)

     0K .......... .......... .......... .......... .......... 22% 44.4K 4s
    50K .......... .......... .......... .......... .......... 44% 54.3K 3s
   100K .......... .......... .......... .......... .......... 67% 43.0K 2s
   150K .......... .......... .......... .......... .......... 89% 86.9K 0s
   200K .......... .......... ...                             100% 75.8K=4.1s

226 Transfer complete.
2017-08-06 00:00:25 (54.6 KB/s) - ‘./domain/in-addr.arpa’ saved [228780]

Remote file is newer than local file ‘./domain/in-addr.arpa.gz’ -- retrieving.

--2017-08-06 00:00:25--  ftp://ftp.internic.net/domain/in-addr.arpa.gz
           => ‘./domain/in-addr.arpa.gz’
==> CWD not required.
--> PASV

227 Entering Passive Mode (192,0,32,9,63,7)
--> RETR in-addr.arpa.gz

150 Opening BINARY mode data connection for in-addr.arpa.gz (90944 bytes).
Length: 90944 (89K)

     0K .......... .......... .......... .......... .......... 56% 54.4K 1s
    50K .......... .......... .......... ........             100% 62.8K=1.5s

226 Transfer complete.
2017-08-06 00:00:28 (57.8 KB/s) - ‘./domain/in-addr.arpa.gz’ saved [90944]

Remote file is newer than local file ‘./domain/in-addr.arpa.gz.md5’ -- retrieving.

--2017-08-06 00:00:28--  ftp://ftp.internic.net/domain/in-addr.arpa.gz.md5
           => ‘./domain/in-addr.arpa.gz.md5’
==> CWD not required.
--> PASV

227 Entering Passive Mode (192,0,32,9,88,109)
--> RETR in-addr.arpa.gz.md5

150 Opening BINARY mode data connection for in-addr.arpa.gz.md5 (55 bytes).
Length: 55

     0K                                                       100%  433K=0s

226 Transfer complete.
2017-08-06 00:00:29 (433 KB/s) - ‘./domain/in-addr.arpa.gz.md5’ saved [55]

Remote file is newer than local file ‘./domain/in-addr.arpa.gz.sha256’ -- retrieving.

--2017-08-06 00:00:29--  ftp://ftp.internic.net/domain/in-addr.arpa.gz.sha256
           => ‘./domain/in-addr.arpa.gz.sha256’
==> CWD not required.
--> PASV

227 Entering Passive Mode (192,0,32,9,42,47)
--> RETR in-addr.arpa.gz.sha256

150 Opening BINARY mode data connection for in-addr.arpa.gz.sha256 (90 bytes).
Length: 90

     0K                                                       100% 1.23M=0s

226 Transfer complete.
2017-08-06 00:00:30 (1.23 MB/s) - ‘./domain/in-addr.arpa.gz.sha256’ saved [90]

Remote file is newer than local file ‘./domain/in-addr.arpa.md5’ -- retrieving.

--2017-08-06 00:00:30--  ftp://ftp.internic.net/domain/in-addr.arpa.md5
           => ‘./domain/in-addr.arpa.md5’
==> CWD not required.
--> PASV

227 Entering Passive Mode (192,0,32,9,240,31)
--> RETR in-addr.arpa.md5

150 Opening BINARY mode data connection for in-addr.arpa.md5 (52 bytes).
Length: 52

     0K                                                       100%  819K=0s

226 Transfer complete.
2017-08-06 00:00:31 (819 KB/s) - ‘./domain/in-addr.arpa.md5’ saved [52]

Remote file is newer than local file ‘./domain/in-addr.arpa.sha256’ -- retrieving.

--2017-08-06 00:00:31--  ftp://ftp.internic.net/domain/in-addr.arpa.sha256
           => ‘./domain/in-addr.arpa.sha256’
==> CWD not required.
--> PASV

227 Entering Passive Mode (192,0,32,9,13,114)
--> RETR in-addr.arpa.sha256

150 Opening BINARY mode data connection for in-addr.arpa.sha256 (87 bytes).
Length: 87

     0K                                                       100% 1.28M=0s

226 Transfer complete.
2017-08-06 00:00:32 (1.28 MB/s) - ‘./domain/in-addr.arpa.sha256’ saved [87]

Remote file is newer than local file ‘./domain/in-addr.arpa.zone’ -- retrieving.

--2017-08-06 00:00:33--  ftp://ftp.internic.net/domain/in-addr.arpa.zone
           => ‘./domain/in-addr.arpa.zone’
==> CWD not required.
--> PASV

227 Entering Passive Mode (192,0,32,9,41,123)
--> RETR in-addr.arpa.zone

150 Opening BINARY mode data connection for in-addr.arpa.zone (228780 bytes).
Length: 228780 (223K)

     0K .......... .......... .......... .......... .......... 22% 32.6K 5s
    50K .......... .......... .......... .......... .......... 44% 42.0K 3s
   100K .......... .......... .......... .......... .......... 67% 5.30K 6s
   150K .......... .......... .......... .......... .......... 89% 10.2K 2s
   200K .......... .......... ...                             100% 9.94K=19s

226 Transfer complete.
2017-08-06 00:00:53 (11.5 KB/s) - ‘./domain/in-addr.arpa.zone’ saved [228780]

Remote file is newer than local file ‘./domain/in-addr.arpa.zone.gz’ -- retrieving.

--2017-08-06 00:00:53--  ftp://ftp.internic.net/domain/in-addr.arpa.zone.gz
           => ‘./domain/in-addr.arpa.zone.gz’
==> CWD not required.
--> PASV

227 Entering Passive Mode (192,0,32,9,81,185)
--> RETR in-addr.arpa.zone.gz

150 Opening BINARY mode data connection for in-addr.arpa.zone.gz (90944 bytes).
Length: 90944 (89K)

     0K .......... .......... .......... .......... .......... 56% 54.3K 1s
    50K .......... .......... .......... ........             100% 63.2K=1.5s

226 Transfer complete.
2017-08-06 00:00:56 (57.9 KB/s) - ‘./domain/in-addr.arpa.zone.gz’ saved [90944]

Remote file is newer than local file ‘./domain/in-addr.arpa.zone.gz.md5’ -- retrieving.

--2017-08-06 00:00:56--  ftp://ftp.internic.net/domain/in-addr.arpa.zone.gz.md5
           => ‘./domain/in-addr.arpa.zone.gz.md5’
==> CWD not required.
--> PASV

227 Entering Passive Mode (192,0,32,9,49,83)
--> RETR in-addr.arpa.zone.gz.md5

150 Opening BINARY mode data connection for in-addr.arpa.zone.gz.md5 (60 bytes).
Length: 60

     0K                                                       100%  732K=0s

226 Transfer complete.
2017-08-06 00:00:57 (732 KB/s) - ‘./domain/in-addr.arpa.zone.gz.md5’ saved [60]

Remote file is newer than local file ‘./domain/in-addr.arpa.zone.gz.sha256’ -- retrieving.

--2017-08-06 00:00:57--  ftp://ftp.internic.net/domain/in-addr.arpa.zone.gz.sha256
           => ‘./domain/in-addr.arpa.zone.gz.sha256’
==> CWD not required.
--> PASV

227 Entering Passive Mode (192,0,32,9,177,211)
--> RETR in-addr.arpa.zone.gz.sha256

150 Opening BINARY mode data connection for in-addr.arpa.zone.gz.sha256 (95 bytes).
Length: 95

     0K                                                       100% 1.18M=0s

226 Transfer complete.
2017-08-06 00:00:58 (1.18 MB/s) - ‘./domain/in-addr.arpa.zone.gz.sha256’ saved [95]

Remote file is newer than local file ‘./domain/in-addr.arpa.zone.md5’ -- retrieving.

--2017-08-06 00:00:58--  ftp://ftp.internic.net/domain/in-addr.arpa.zone.md5
           => ‘./domain/in-addr.arpa.zone.md5’
==> CWD not required.
--> PASV

227 Entering Passive Mode (192,0,32,9,42,117)
--> RETR in-addr.arpa.zone.md5

150 Opening BINARY mode data connection for in-addr.arpa.zone.md5 (57 bytes).
Length: 57

     0K                                                       100% 1.24M=0s

226 Transfer complete.
2017-08-06 00:01:00 (1.24 MB/s) - ‘./domain/in-addr.arpa.zone.md5’ saved [57]

Remote file is newer than local file ‘./domain/in-addr.arpa.zone.sha256’ -- retrieving.

--2017-08-06 00:01:00--  ftp://ftp.internic.net/domain/in-addr.arpa.zone.sha256
           => ‘./domain/in-addr.arpa.zone.sha256’
==> CWD not required.
--> PASV

227 Entering Passive Mode (192,0,32,9,62,225)
--> RETR in-addr.arpa.zone.sha256

150 Opening BINARY mode data connection for in-addr.arpa.zone.sha256 (92 bytes).
Length: 92

     0K                                                       100% 2.04M=0s

226 Transfer complete.
2017-08-06 00:01:01 (2.04 MB/s) - ‘./domain/in-addr.arpa.zone.sha256’ saved [92]

Remote file is newer than local file ‘./domain/ip6.arpa’ -- retrieving.

--2017-08-06 00:01:01--  ftp://ftp.internic.net/domain/ip6.arpa
           => ‘./domain/ip6.arpa’
==> CWD not required.
--> PASV

227 Entering Passive Mode (192,0,32,9,123,68)
--> RETR ip6.arpa

150 Opening BINARY mode data connection for ip6.arpa (61480 bytes).
Length: 61480 (60K)

     0K .......... .......... .......... .......... .......... 83% 52.4K 0s
    50K ..........                                            100% 70.0M=1.0s

226 Transfer complete.
2017-08-06 00:01:03 (62.9 KB/s) - ‘./domain/ip6.arpa’ saved [61480]

Remote file is newer than local file ‘./domain/ip6.arpa.gz’ -- retrieving.

--2017-08-06 00:01:03--  ftp://ftp.internic.net/domain/ip6.arpa.gz
           => ‘./domain/ip6.arpa.gz’
==> CWD not required.
--> PASV

227 Entering Passive Mode (192,0,32,9,41,124)
--> RETR ip6.arpa.gz

150 Opening BINARY mode data connection for ip6.arpa.gz (24491 bytes).
Length: 24491 (24K)

     0K .......... .......... ...                             100% 79.4K=0.3s

226 Transfer complete.
2017-08-06 00:01:04 (79.4 KB/s) - ‘./domain/ip6.arpa.gz’ saved [24491]

Remote file is newer than local file ‘./domain/ip6.arpa.gz.md5’ -- retrieving.

--2017-08-06 00:01:04--  ftp://ftp.internic.net/domain/ip6.arpa.gz.md5
           => ‘./domain/ip6.arpa.gz.md5’
==> CWD not required.
--> PASV

227 Entering Passive Mode (192,0,32,9,42,40)
--> RETR ip6.arpa.gz.md5

150 Opening BINARY mode data connection for ip6.arpa.gz.md5 (51 bytes).
Length: 51

     0K                                                       100% 1.11M=0s

226 Transfer complete.
2017-08-06 00:01:05 (1.11 MB/s) - ‘./domain/ip6.arpa.gz.md5’ saved [51]

Remote file is newer than local file ‘./domain/ip6.arpa.gz.sha256’ -- retrieving.

--2017-08-06 00:01:05--  ftp://ftp.internic.net/domain/ip6.arpa.gz.sha256
           => ‘./domain/ip6.arpa.gz.sha256’
==> CWD not required.
--> PASV

227 Entering Passive Mode (192,0,32,9,8,138)
--> RETR ip6.arpa.gz.sha256

150 Opening BINARY mode data connection for ip6.arpa.gz.sha256 (86 bytes).
Length: 86

     0K                                                       100% 1.78M=0s

226 Transfer complete.
2017-08-06 00:01:07 (1.78 MB/s) - ‘./domain/ip6.arpa.gz.sha256’ saved [86]

Remote file is newer than local file ‘./domain/ip6.arpa.md5’ -- retrieving.

--2017-08-06 00:01:07--  ftp://ftp.internic.net/domain/ip6.arpa.md5
           => ‘./domain/ip6.arpa.md5’
==> CWD not required.
--> PASV

227 Entering Passive Mode (192,0,32,9,142,251)
--> RETR ip6.arpa.md5

150 Opening BINARY mode data connection for ip6.arpa.md5 (48 bytes).
Length: 48

     0K                                                       100%  384K=0s

226 Transfer complete.
2017-08-06 00:01:08 (384 KB/s) - ‘./domain/ip6.arpa.md5’ saved [48]

Remote file is newer than local file ‘./domain/ip6.arpa.sha256’ -- retrieving.

--2017-08-06 00:01:08--  ftp://ftp.internic.net/domain/ip6.arpa.sha256
           => ‘./domain/ip6.arpa.sha256’
==> CWD not required.
--> PASV

227 Entering Passive Mode (192,0,32,9,218,162)
--> RETR ip6.arpa.sha256

150 Opening BINARY mode data connection for ip6.arpa.sha256 (83 bytes).
Length: 83

     0K                                                       100%  687K=0s

226 Transfer complete.
2017-08-06 00:01:09 (687 KB/s) - ‘./domain/ip6.arpa.sha256’ saved [83]

Remote file is newer than local file ‘./domain/ip6.arpa.zone’ -- retrieving.

--2017-08-06 00:01:09--  ftp://ftp.internic.net/domain/ip6.arpa.zone
           => ‘./domain/ip6.arpa.zone’
==> CWD not required.
--> PASV

227 Entering Passive Mode (192,0,32,9,33,206)
--> RETR ip6.arpa.zone

150 Opening BINARY mode data connection for ip6.arpa.zone (61480 bytes).
Length: 61480 (60K)

     0K .......... .......... .......... .......... .......... 83% 55.5K 0s
    50K ..........                                            100% 51.3M=0.9s

226 Transfer complete.
2017-08-06 00:01:11 (66.7 KB/s) - ‘./domain/ip6.arpa.zone’ saved [61480]

Remote file is newer than local file ‘./domain/ip6.arpa.zone.gz’ -- retrieving.

--2017-08-06 00:01:11--  ftp://ftp.internic.net/domain/ip6.arpa.zone.gz
           => ‘./domain/ip6.arpa.zone.gz’
==> CWD not required.
--> PASV

227 Entering Passive Mode (192,0,32,9,43,105)
--> RETR ip6.arpa.zone.gz

150 Opening BINARY mode data connection for ip6.arpa.zone.gz (24491 bytes).
Length: 24491 (24K)

     0K .......... .......... ...                             100% 77.5K=0.3s

226 Transfer complete.
2017-08-06 00:01:13 (77.5 KB/s) - ‘./domain/ip6.arpa.zone.gz’ saved [24491]

Remote file is newer than local file ‘./domain/ip6.arpa.zone.gz.md5’ -- retrieving.

--2017-08-06 00:01:13--  ftp://ftp.internic.net/domain/ip6.arpa.zone.gz.md5
           => ‘./domain/ip6.arpa.zone.gz.md5’
==> CWD not required.
--> PASV

227 Entering Passive Mode (192,0,32,9,118,116)
--> RETR ip6.arpa.zone.gz.md5

150 Opening BINARY mode data connection for ip6.arpa.zone.gz.md5 (56 bytes).
Length: 56

     0K                                                       100%  441K=0s

226 Transfer complete.
2017-08-06 00:01:14 (441 KB/s) - ‘./domain/ip6.arpa.zone.gz.md5’ saved [56]

Remote file is newer than local file ‘./domain/ip6.arpa.zone.gz.sha256’ -- retrieving.

--2017-08-06 00:01:14--  ftp://ftp.internic.net/domain/ip6.arpa.zone.gz.sha256
           => ‘./domain/ip6.arpa.zone.gz.sha256’
==> CWD not required.
--> PASV

227 Entering Passive Mode (192,0,32,9,53,218)
--> RETR ip6.arpa.zone.gz.sha256

150 Opening BINARY mode data connection for ip6.arpa.zone.gz.sha256 (91 bytes).
Length: 91

     0K                                                       100%  717K=0s

226 Transfer complete.
2017-08-06 00:01:15 (717 KB/s) - ‘./domain/ip6.arpa.zone.gz.sha256’ saved [91]

Remote file is newer than local file ‘./domain/ip6.arpa.zone.md5’ -- retrieving.

--2017-08-06 00:01:15--  ftp://ftp.internic.net/domain/ip6.arpa.zone.md5
           => ‘./domain/ip6.arpa.zone.md5’
==> CWD not required.
--> PASV

227 Entering Passive Mode (192,0,32,9,42,82)
--> RETR ip6.arpa.zone.md5

150 Opening BINARY mode data connection for ip6.arpa.zone.md5 (53 bytes).
Length: 53

     0K                                                       100%  414K=0s

226 Transfer complete.
2017-08-06 00:01:16 (414 KB/s) - ‘./domain/ip6.arpa.zone.md5’ saved [53]

Remote file is newer than local file ‘./domain/ip6.arpa.zone.sha256’ -- retrieving.

--2017-08-06 00:01:16--  ftp://ftp.internic.net/domain/ip6.arpa.zone.sha256
           => ‘./domain/ip6.arpa.zone.sha256’
==> CWD not required.
--> PASV

227 Entering Passive Mode (192,0,32,9,43,190)
--> RETR ip6.arpa.zone.sha256

150 Opening BINARY mode data connection for ip6.arpa.zone.sha256 (88 bytes).
Length: 88

     0K                                                       100%  851K=0s

226 Transfer complete.
2017-08-06 00:01:17 (851 KB/s) - ‘./domain/ip6.arpa.zone.sha256’ saved [88]

Remote file is newer than local file ‘./domain/last_update.txt’ -- retrieving.

--2017-08-06 00:01:17--  ftp://ftp.internic.net/domain/last_update.txt
           => ‘./domain/last_update.txt’
==> CWD not required.
--> PASV

227 Entering Passive Mode (192,0,32,9,5,199)
--> RETR last_update.txt

150 Opening BINARY mode data connection for last_update.txt (21 bytes).
Length: 21

     0K                                                       100%  164K=0s

226 Transfer complete.
2017-08-06 00:01:18 (164 KB/s) - ‘./domain/last_update.txt’ saved [21]

Remote file no newer than local file ‘./domain/named.cache’ -- not retrieving.
Remote file no newer than local file ‘./domain/named.cache.md5’ -- not retrieving.
Remote file no newer than local file ‘./domain/named.cache.sig’ -- not retrieving.
Remote file no newer than local file ‘./domain/named.root’ -- not retrieving.
Remote file no newer than local file ‘./domain/named.root.md5’ -- not retrieving.
Remote file no newer than local file ‘./domain/named.root.sig’ -- not retrieving.
Remote file no newer than local file ‘./domain/root-servers.net.zone’ -- not retrieving.
Remote file no newer than local file ‘./domain/root-servers.net.zone.gz’ -- not retrieving.
Remote file no newer than local file ‘./domain/root-servers.net.zone.gz.md5’ -- not retrieving.
Remote file no newer than local file ‘./domain/root-servers.net.zone.gz.sig’ -- not retrieving.
The sizes do not match (local 2263468) -- retrieving.

--2017-08-06 00:01:18--  ftp://ftp.internic.net/domain/root.zone
           => ‘./domain/root.zone’
==> CWD not required.
--> PASV

227 Entering Passive Mode (192,0,32,9,74,210)
--> RETR root.zone

150 Opening BINARY mode data connection for root.zone (2263467 bytes).
Length: 2263467 (2.2M)

     0K .......... .......... .......... .......... ..........  2% 54.3K 40s
    50K .......... .......... .......... .......... ..........  4% 72.8K 34s
   100K .......... .......... .......... .......... ..........  6% 95.3K 29s
   150K .......... .......... .......... .......... ..........  9% 70.9K 29s
   200K .......... .......... .......... .......... .......... 11%  106K 26s
   250K .......... .......... .......... .......... .......... 13%  199K 23s
   300K .......... .......... .......... .......... .......... 15% 93.5K 22s
   350K .......... .......... .......... .......... .......... 18%  204K 20s
   400K .......... .......... .......... .......... .......... 20%  187K 18s
   450K .......... .......... .......... .......... .......... 22% 35.0K 21s
   500K .......... .......... .......... .......... .......... 24% 80.5K 20s
   550K .......... .......... .......... .......... .......... 27% 21.5M 18s
   600K .......... .......... .......... .......... .......... 29% 21.6M 16s
   650K .......... .......... .......... .......... .......... 31%  167K 15s
   700K .......... .......... .......... .......... .......... 33% 81.2K 15s
   750K .......... .......... .......... .......... .......... 36% 81.8K 14s
   800K .......... .......... .......... .......... .......... 38% 36.8M 13s
   850K .......... .......... .......... .......... .......... 40%  164K 12s
   900K .......... .......... .......... .......... .......... 42%  161K 12s
   950K .......... .......... .......... .......... .......... 45%  163K 11s
  1000K .......... .......... .......... .......... .......... 47%  163K 10s
  1050K .......... .......... .......... .......... .......... 49% 98.6K 10s
  1100K .......... .......... .......... .......... .......... 52% 60.9K 10s
  1150K .......... .......... .......... .......... .......... 54%  166K 9s
  1200K .......... .......... .......... .......... .......... 56% 29.3M 8s
  1250K .......... .......... .......... .......... .......... 58% 20.3M 8s
  1300K .......... .......... .......... .......... .......... 61% 81.5K 7s
  1350K .......... .......... .......... .......... .......... 63%  163K 7s
  1400K .......... .......... .......... .......... .......... 65%  161K 6s
  1450K .......... .......... .......... .......... .......... 67%  163K 6s
  1500K .......... .......... .......... .......... .......... 70% 81.1K 6s
  1550K .......... .......... .......... .......... .......... 72%  162K 5s
  1600K .......... .......... .......... .......... .......... 74% 36.2M 5s
  1650K .......... .......... .......... .......... .......... 76% 82.3K 4s
  1700K .......... .......... .......... .......... .......... 79%  162K 4s
  1750K .......... .......... .......... .......... .......... 81%  162K 3s
  1800K .......... .......... .......... .......... .......... 83%  164K 3s
  1850K .......... .......... .......... .......... .......... 85% 81.5K 3s
  1900K .......... .......... .......... .......... .......... 88%  163K 2s
  1950K .......... .......... .......... .......... .......... 90%  161K 2s
  2000K .......... .......... .......... .......... .......... 92%  163K 1s
  2050K .......... .......... .......... .......... .......... 95%  162K 1s
  2100K .......... .......... .......... .......... .......... 97% 98.7K 0s
  2150K .......... .......... .......... .......... .......... 99%  162K 0s
  2200K ..........                                            100% 26.0M=18s

226 Transfer complete.
2017-08-06 00:01:37 (125 KB/s) - ‘./domain/root.zone’ saved [2263467]

The sizes do not match (local 1063060) -- retrieving.

--2017-08-06 00:01:37--  ftp://ftp.internic.net/domain/root.zone.gz
           => ‘./domain/root.zone.gz’
==> CWD not required.
--> PASV

227 Entering Passive Mode (192,0,32,9,174,108)
--> RETR root.zone.gz

150 Opening BINARY mode data connection for root.zone.gz (1063067 bytes).
Length: 1063067 (1.0M)

     0K .......... .......... .......... .......... ..........  4% 81.7K 12s
    50K .......... .......... .......... .......... ..........  9%  162K 9s
   100K .......... .......... .......... .......... .......... 14%  161K 7s
   150K .......... .......... .......... .......... .......... 19% 82.1K 8s
   200K .......... .......... .......... .......... .......... 24%  163K 7s
   250K .......... .......... .......... .......... .......... 28%  204K 6s
   300K .......... .......... .......... .......... .......... 33%  187K 5s
   350K .......... .......... .......... .......... .......... 38% 74.8K 5s
   400K .......... .......... .......... .......... .......... 43%  198K 5s
   450K .......... .......... .......... .......... .......... 48%  160K 4s
   500K .......... .......... .......... .......... .......... 52% 82.0K 4s
   550K .......... .......... .......... .......... .......... 57%  162K 4s
   600K .......... .......... .......... .......... .......... 62% 80.1K 3s
   650K .......... .......... .......... .......... .......... 67%  165K 3s
   700K .......... .......... .......... .......... .......... 72%  165K 2s
   750K .......... .......... .......... .......... .......... 77% 97.9K 2s
   800K .......... .......... .......... .......... .......... 81%  161K 2s
   850K .......... .......... .......... .......... .......... 86%  160K 1s
   900K .......... .......... .......... .......... .......... 91%  166K 1s
   950K .......... .......... .......... .......... .......... 96%  161K 0s
  1000K .......... .......... .......... ........             100%  125K=8.1s

226 Transfer complete.
2017-08-06 00:01:47 (128 KB/s) - ‘./domain/root.zone.gz’ saved [1063067]

Remote file is newer than local file ‘./domain/root.zone.gz.md5’ -- retrieving.

--2017-08-06 00:01:47--  ftp://ftp.internic.net/domain/root.zone.gz.md5
           => ‘./domain/root.zone.gz.md5’
==> CWD not required.
--> PASV

227 Entering Passive Mode (192,0,32,9,254,214)
--> RETR root.zone.gz.md5

150 Opening BINARY mode data connection for root.zone.gz.md5 (33 bytes).
Length: 33

     0K                                                       100%  271K=0s

226 Transfer complete.
2017-08-06 00:01:48 (271 KB/s) - ‘./domain/root.zone.gz.md5’ saved [33]

Remote file is newer than local file ‘./domain/root.zone.gz.sig’ -- retrieving.

--2017-08-06 00:01:48--  ftp://ftp.internic.net/domain/root.zone.gz.sig
           => ‘./domain/root.zone.gz.sig’
==> CWD not required.
--> PASV

227 Entering Passive Mode (192,0,32,9,42,50)
--> RETR root.zone.gz.sig

150 Opening BINARY mode data connection for root.zone.gz.sig (72 bytes).
Length: 72

     0K                                                       100%  703K=0s

226 Transfer complete.
2017-08-06 00:01:49 (703 KB/s) - ‘./domain/root.zone.gz.sig’ saved [72]

Remote file is newer than local file ‘./domain/root.zone.md5’ -- retrieving.

--2017-08-06 00:01:49--  ftp://ftp.internic.net/domain/root.zone.md5
           => ‘./domain/root.zone.md5’
==> CWD not required.
--> PASV

227 Entering Passive Mode (192,0,32,9,99,214)
--> RETR root.zone.md5

150 Opening BINARY mode data connection for root.zone.md5 (33 bytes).
Length: 33

     0K                                                       100%  467K=0s

226 Transfer complete.
2017-08-06 00:01:50 (467 KB/s) - ‘./domain/root.zone.md5’ saved [33]

Remote file is newer than local file ‘./domain/root.zone.sig’ -- retrieving.

--2017-08-06 00:01:50--  ftp://ftp.internic.net/domain/root.zone.sig
           => ‘./domain/root.zone.sig’
==> CWD not required.
--> PASV

227 Entering Passive Mode (192,0,32,9,42,104)
--> RETR root.zone.sig

150 Opening BINARY mode data connection for root.zone.sig (72 bytes).
Length: 72

     0K                                                         0% 0.00 =0s

2017-08-06 00:16:52 (0.00 B/s) - Data connection: Connection timed out; 
226 Transfer complete.
Retrying.

--2017-08-06 00:16:53--  ftp://ftp.internic.net/domain/root.zone.sig
  (try: 2) => ‘./domain/root.zone.sig’
==> CWD not required.
--> PASV


Write failed, closing control connection.
Retrying.

--2017-08-06 00:16:55--  ftp://ftp.internic.net/domain/root.zone.sig
  (try: 3) => ‘./domain/root.zone.sig’
Connecting to ftp.internic.net (ftp.internic.net)|192.0.32.9|:21... connected.
Logging in as anonymous ... 
220 Internic FTP Server
--> USER anonymous

331 Please specify the password.
--> PASS Turtle Power!

230 Login successful.
--> SYST

215 UNIX Type: L8
--> PWD

257 "/"
--> TYPE I

200 Switching to Binary mode.
--> CWD /domain

250 Directory successfully changed.
--> PASV

227 Entering Passive Mode (192,0,32,9,129,120)
--> RETR root.zone.sig

150 Opening BINARY mode data connection for root.zone.sig (72 bytes).
Length: 72

     0K                                                       100% 1.53M=0s

226 Transfer complete.
2017-08-06 00:16:58 (1.53 MB/s) - ‘./domain/root.zone.sig’ saved [72]

FINISHED --2017-08-06 00:16:58--
Total wall clock time: 16m 57s
Downloaded: 40 files, 4.0M in 55s (74.2 KB/s)
