--2017-01-10 06:00:08--  ftp://ftp.internic.net/*
           => ‘./.listing’
Resolving ftp.internic.net (ftp.internic.net)... 192.0.32.9, 2620:0:2d0:200::9
Connecting to ftp.internic.net (ftp.internic.net)|192.0.32.9|:21... connected.
Logging in as anonymous ... 
220 Internic FTP Server
--> USER anonymous

331 Please specify the password.
--> PASS Turtle Power!

230 Login successful.
--> SYST

215 UNIX Type: L8
--> PWD

257 "/"
--> TYPE I

200 Switching to Binary mode.
==> CWD not needed.
--> PASV

227 Entering Passive Mode (192,0,32,9,159,33)
--> LIST -a

150 Here comes the directory listing.

     0K                                                         889K=0s

226 Directory send OK.
drwxr-xr-x    3 ftp      ftp          4096 Apr 04  2012 .
drwxr-xr-x    3 ftp      ftp          4096 Apr 04  2012 ..
drwxr-xr-x    2 ftp      ftp          4096 Sep 09  2015 domain
2017-01-10 06:00:11 (889 KB/s) - ‘./.listing’ saved [183]

--2017-01-10 06:00:11--  ftp://ftp.internic.net/domain/*
           => ‘./domain/.listing’
--> CWD /domain

250 Directory successfully changed.
--> PASV

227 Entering Passive Mode (192,0,32,9,187,202)
--> LIST -a

150 Here comes the directory listing.

     0K ...                                                     755K=0.005s

226 Directory send OK.
drwxr-xr-x    2 ftp      ftp          4096 Sep 09  2015 .
drwxr-xr-x    3 ftp      ftp          4096 Apr 04  2012 ..
-rw-r--r--    1 ftp      ftp          1829 Aug 18  2015 .listing
-rw-r--r--    1 ftp      ftp          1224 Jan 09 19:25 INTERNIC_ROOT_ZONE.signatures
-rw-r--r--    1 ftp      ftp          1469 Jan 09 19:25 INTERNIC_ROOT_ZONE.signatures.asc
-rw-r--r--    1 ftp      ftp         15355 Jan 09 12:21 arpa.zone
-rw-r--r--    1 ftp      ftp          6771 Jan 09 12:21 arpa.zone.gz
-rw-r--r--    1 ftp      ftp            33 Jan 09 12:21 arpa.zone.gz.md5
-rw-r--r--    1 ftp      ftp            72 Jan 09 12:21 arpa.zone.gz.sig
-rw-r--r--    1 ftp      ftp          3291 Oct 20 19:35 db.cache
-rw-r--r--    1 ftp      ftp            33 Oct 20 19:35 db.cache.md5
-rw-r--r--    1 ftp      ftp            72 Oct 20 19:35 db.cache.sig
-rw-r--r--    1 ftp      ftp        225915 Jan 09 21:40 in-addr.arpa
-rw-r--r--    1 ftp      ftp         89552 Jan 09 21:40 in-addr.arpa.gz
-rw-r--r--    1 ftp      ftp            55 Jan 09 21:40 in-addr.arpa.gz.md5
-rw-r--r--    1 ftp      ftp            90 Jan 09 21:40 in-addr.arpa.gz.sha256
-rw-r--r--    1 ftp      ftp            52 Jan 09 21:40 in-addr.arpa.md5
-rw-r--r--    1 ftp      ftp            87 Jan 09 21:40 in-addr.arpa.sha256
-rw-r--r--    1 ftp      ftp        225915 Jan 09 21:40 in-addr.arpa.zone
-rw-r--r--    1 ftp      ftp         89552 Jan 09 21:40 in-addr.arpa.zone.gz
-rw-r--r--    1 ftp      ftp            60 Jan 09 21:40 in-addr.arpa.zone.gz.md5
-rw-r--r--    1 ftp      ftp            95 Jan 09 21:40 in-addr.arpa.zone.gz.sha256
-rw-r--r--    1 ftp      ftp            57 Jan 09 21:40 in-addr.arpa.zone.md5
-rw-r--r--    1 ftp      ftp            92 Jan 09 21:40 in-addr.arpa.zone.sha256
-rw-r--r--    1 ftp      ftp         59500 Jan 09 21:40 ip6.arpa
-rw-r--r--    1 ftp      ftp         24066 Jan 09 21:40 ip6.arpa.gz
-rw-r--r--    1 ftp      ftp            51 Jan 09 21:40 ip6.arpa.gz.md5
-rw-r--r--    1 ftp      ftp            86 Jan 09 21:40 ip6.arpa.gz.sha256
-rw-r--r--    1 ftp      ftp            48 Jan 09 21:40 ip6.arpa.md5
-rw-r--r--    1 ftp      ftp            83 Jan 09 21:40 ip6.arpa.sha256
-rw-r--r--    1 ftp      ftp         59500 Jan 09 21:40 ip6.arpa.zone
-rw-r--r--    1 ftp      ftp         24066 Jan 09 21:40 ip6.arpa.zone.gz
-rw-r--r--    1 ftp      ftp            56 Jan 09 21:40 ip6.arpa.zone.gz.md5
-rw-r--r--    1 ftp      ftp            91 Jan 09 21:40 ip6.arpa.zone.gz.sha256
-rw-r--r--    1 ftp      ftp            53 Jan 09 21:40 ip6.arpa.zone.md5
-rw-r--r--    1 ftp      ftp            88 Jan 09 21:40 ip6.arpa.zone.sha256
-rw-r--r--    1 ftp      ftp            21 Jan 09 21:40 last_update.txt
-rw-r--r--    1 ftp      ftp          3291 Oct 20 19:35 named.cache
-rw-r--r--    1 ftp      ftp            33 Oct 20 19:35 named.cache.md5
-rw-r--r--    1 ftp      ftp            72 Oct 20 19:35 named.cache.sig
-rw-r--r--    1 ftp      ftp          3291 Oct 20 19:35 named.root
-rw-r--r--    1 ftp      ftp            33 Oct 20 19:35 named.root.md5
-rw-r--r--    1 ftp      ftp            72 Oct 20 19:35 named.root.sig
-rw-r--r--    1 ftp      ftp          2110 Oct 20 19:35 root-servers.net.zone
-rw-r--r--    1 ftp      ftp           574 Oct 20 19:35 root-servers.net.zone.gz
-rw-r--r--    1 ftp      ftp            33 Oct 20 19:35 root-servers.net.zone.gz.md5
-rw-r--r--    1 ftp      ftp            72 Oct 20 19:35 root-servers.net.zone.gz.sig
-rw-r--r--    1 ftp      ftp       2226193 Jan 09 17:07 root.zone
-rw-r--r--    1 ftp      ftp       1045647 Jan 09 17:07 root.zone.gz
-rw-r--r--    1 ftp      ftp            33 Jan 09 17:07 root.zone.gz.md5
-rw-r--r--    1 ftp      ftp            72 Jan 09 17:07 root.zone.gz.sig
-rw-r--r--    1 ftp      ftp            33 Jan 09 17:07 root.zone.md5
-rw-r--r--    1 ftp      ftp            72 Jan 09 17:07 root.zone.sig
2017-01-10 06:00:11 (755 KB/s) - ‘./domain/.listing’ saved [3930]

The sizes do not match (local 3930) -- retrieving.

--2017-01-10 06:00:11--  ftp://ftp.internic.net/domain/.listing
           => ‘./domain/.listing’
==> CWD not required.
--> PASV

227 Entering Passive Mode (192,0,32,9,42,139)
--> REST 3930

350 Restart position accepted (3930).
--> RETR .listing

150 Opening BINARY mode data connection for .listing (1829 bytes).
Length: 1829 (1.8K), -2101 remaining

     0K ,,,                                                   214% 0.00 =0s

226 Transfer complete.
2017-01-10 06:00:12 (0.00 B/s) - ‘./domain/.listing’ saved [3930]

Remote file is newer than local file ‘./domain/INTERNIC_ROOT_ZONE.signatures’ -- retrieving.

--2017-01-10 06:00:12--  ftp://ftp.internic.net/domain/INTERNIC_ROOT_ZONE.signatures
           => ‘./domain/INTERNIC_ROOT_ZONE.signatures’
==> CWD not required.
--> PASV

227 Entering Passive Mode (192,0,32,9,240,145)
--> REST 1224

350 Restart position accepted (1224).
--> RETR INTERNIC_ROOT_ZONE.signatures

150 Opening BINARY mode data connection for INTERNIC_ROOT_ZONE.signatures (1224 bytes).
Length: 1224 (1.2K), 0 remaining

     0K ,                                                     100% 0.00 =0s

226 Transfer complete.
2017-01-10 06:00:13 (0.00 B/s) - ‘./domain/INTERNIC_ROOT_ZONE.signatures’ saved [1224]

Remote file is newer than local file ‘./domain/INTERNIC_ROOT_ZONE.signatures.asc’ -- retrieving.

--2017-01-10 06:00:13--  ftp://ftp.internic.net/domain/INTERNIC_ROOT_ZONE.signatures.asc
           => ‘./domain/INTERNIC_ROOT_ZONE.signatures.asc’
==> CWD not required.
--> PASV

227 Entering Passive Mode (192,0,32,9,115,173)
--> REST 1469

350 Restart position accepted (1469).
--> RETR INTERNIC_ROOT_ZONE.signatures.asc

150 Opening BINARY mode data connection for INTERNIC_ROOT_ZONE.signatures.asc (1469 bytes).
Length: 1469 (1.4K), 0 remaining

     0K ,                                                     100% 0.00 =0s

226 Transfer complete.
2017-01-10 06:00:14 (0.00 B/s) - ‘./domain/INTERNIC_ROOT_ZONE.signatures.asc’ saved [1469]

Remote file no newer than local file ‘./domain/arpa.zone’ -- not retrieving.
The sizes do not match (local 6779) -- retrieving.

--2017-01-10 06:00:14--  ftp://ftp.internic.net/domain/arpa.zone.gz
           => ‘./domain/arpa.zone.gz’
==> CWD not required.
--> PASV

227 Entering Passive Mode (192,0,32,9,73,34)
--> REST 6779

350 Restart position accepted (6779).
--> RETR arpa.zone.gz

150 Opening BINARY mode data connection for arpa.zone.gz (6771 bytes).
Length: 6771 (6.6K), -8 remaining

     0K ,,,,,,                                                100% 0.00 =0s

226 Transfer complete.
2017-01-10 06:00:15 (0.00 B/s) - ‘./domain/arpa.zone.gz’ saved [6779]

Remote file no newer than local file ‘./domain/arpa.zone.gz.md5’ -- not retrieving.
Remote file no newer than local file ‘./domain/arpa.zone.gz.sig’ -- not retrieving.
Remote file no newer than local file ‘./domain/db.cache’ -- not retrieving.
Remote file no newer than local file ‘./domain/db.cache.md5’ -- not retrieving.
Remote file no newer than local file ‘./domain/db.cache.sig’ -- not retrieving.
Remote file is newer than local file ‘./domain/in-addr.arpa’ -- retrieving.

--2017-01-10 06:00:15--  ftp://ftp.internic.net/domain/in-addr.arpa
           => ‘./domain/in-addr.arpa’
==> CWD not required.
--> PASV

227 Entering Passive Mode (192,0,32,9,137,45)
--> REST 225915

350 Restart position accepted (225915).
--> RETR in-addr.arpa

150 Opening BINARY mode data connection for in-addr.arpa (225915 bytes).
Length: 225915 (221K), 0 remaining

        [ skipping 200K ]
   200K ,,,,,,,,,, ,,,,,,,,,,                                 100% 0.00 =0s

226 Transfer complete.
2017-01-10 06:00:16 (0.00 B/s) - ‘./domain/in-addr.arpa’ saved [225915]

The sizes do not match (local 89687) -- retrieving.

--2017-01-10 06:00:16--  ftp://ftp.internic.net/domain/in-addr.arpa.gz
           => ‘./domain/in-addr.arpa.gz’
==> CWD not required.
--> PASV

227 Entering Passive Mode (192,0,32,9,234,52)
--> REST 89687

350 Restart position accepted (89687).
--> RETR in-addr.arpa.gz

150 Opening BINARY mode data connection for in-addr.arpa.gz (89552 bytes).
Length: 89552 (87K), -135 remaining

        [ skipping 50K ]
    50K ,,,,,,,,,, ,,,,,,,,,, ,,,,,,,,,, ,,,,,,,              100% 0.00 =0s

226 Transfer complete.
2017-01-10 06:00:17 (0.00 B/s) - ‘./domain/in-addr.arpa.gz’ saved [89687]

Remote file is newer than local file ‘./domain/in-addr.arpa.gz.md5’ -- retrieving.

--2017-01-10 06:00:17--  ftp://ftp.internic.net/domain/in-addr.arpa.gz.md5
           => ‘./domain/in-addr.arpa.gz.md5’
==> CWD not required.
--> PASV

227 Entering Passive Mode (192,0,32,9,38,7)
--> REST 55

350 Restart position accepted (55).
--> RETR in-addr.arpa.gz.md5

150 Opening BINARY mode data connection for in-addr.arpa.gz.md5 (55 bytes).
Length: 55, 0 remaining

     0K
     0K                                                       100% 0.00 =0s

226 Transfer complete.
2017-01-10 06:00:18 (0.00 B/s) - ‘./domain/in-addr.arpa.gz.md5’ saved [55]

Remote file is newer than local file ‘./domain/in-addr.arpa.gz.sha256’ -- retrieving.

--2017-01-10 06:00:18--  ftp://ftp.internic.net/domain/in-addr.arpa.gz.sha256
           => ‘./domain/in-addr.arpa.gz.sha256’
==> CWD not required.
--> PASV

227 Entering Passive Mode (192,0,32,9,22,34)
--> REST 90

350 Restart position accepted (90).
--> RETR in-addr.arpa.gz.sha256

150 Opening BINARY mode data connection for in-addr.arpa.gz.sha256 (90 bytes).
Length: 90, 0 remaining

     0K
     0K                                                       100% 0.00 =0s

226 Transfer complete.
2017-01-10 06:00:20 (0.00 B/s) - ‘./domain/in-addr.arpa.gz.sha256’ saved [90]

Remote file is newer than local file ‘./domain/in-addr.arpa.md5’ -- retrieving.

--2017-01-10 06:00:20--  ftp://ftp.internic.net/domain/in-addr.arpa.md5
           => ‘./domain/in-addr.arpa.md5’
==> CWD not required.
--> PASV

227 Entering Passive Mode (192,0,32,9,42,196)
--> REST 52

350 Restart position accepted (52).
--> RETR in-addr.arpa.md5

150 Opening BINARY mode data connection for in-addr.arpa.md5 (52 bytes).
Length: 52, 0 remaining

     0K
     0K                                                       100% 0.00 =0s

226 Transfer complete.
2017-01-10 06:00:21 (0.00 B/s) - ‘./domain/in-addr.arpa.md5’ saved [52]

Remote file is newer than local file ‘./domain/in-addr.arpa.sha256’ -- retrieving.

--2017-01-10 06:00:21--  ftp://ftp.internic.net/domain/in-addr.arpa.sha256
           => ‘./domain/in-addr.arpa.sha256’
==> CWD not required.
--> PASV

227 Entering Passive Mode (192,0,32,9,42,241)
--> REST 87

350 Restart position accepted (87).
--> RETR in-addr.arpa.sha256

150 Opening BINARY mode data connection for in-addr.arpa.sha256 (87 bytes).
Length: 87, 0 remaining

     0K
     0K                                                       100% 0.00 =0s

226 Transfer complete.
2017-01-10 06:00:22 (0.00 B/s) - ‘./domain/in-addr.arpa.sha256’ saved [87]

Remote file is newer than local file ‘./domain/in-addr.arpa.zone’ -- retrieving.

--2017-01-10 06:00:22--  ftp://ftp.internic.net/domain/in-addr.arpa.zone
           => ‘./domain/in-addr.arpa.zone’
==> CWD not required.
--> PASV

227 Entering Passive Mode (192,0,32,9,135,35)
--> REST 225915

350 Restart position accepted (225915).
--> RETR in-addr.arpa.zone

150 Opening BINARY mode data connection for in-addr.arpa.zone (225915 bytes).
Length: 225915 (221K), 0 remaining

        [ skipping 200K ]
   200K ,,,,,,,,,, ,,,,,,,,,,                                 100% 0.00 =0s

226 Transfer complete.
2017-01-10 06:00:22 (0.00 B/s) - ‘./domain/in-addr.arpa.zone’ saved [225915]

The sizes do not match (local 89687) -- retrieving.

--2017-01-10 06:00:22--  ftp://ftp.internic.net/domain/in-addr.arpa.zone.gz
           => ‘./domain/in-addr.arpa.zone.gz’
==> CWD not required.
--> PASV

227 Entering Passive Mode (192,0,32,9,245,145)
--> REST 89687

350 Restart position accepted (89687).
--> RETR in-addr.arpa.zone.gz

150 Opening BINARY mode data connection for in-addr.arpa.zone.gz (89552 bytes).
Length: 89552 (87K), -135 remaining

        [ skipping 50K ]
    50K ,,,,,,,,,, ,,,,,,,,,, ,,,,,,,,,, ,,,,,,,              100% 0.00 =0s

226 Transfer complete.
2017-01-10 06:00:23 (0.00 B/s) - ‘./domain/in-addr.arpa.zone.gz’ saved [89687]

Remote file is newer than local file ‘./domain/in-addr.arpa.zone.gz.md5’ -- retrieving.

--2017-01-10 06:00:23--  ftp://ftp.internic.net/domain/in-addr.arpa.zone.gz.md5
           => ‘./domain/in-addr.arpa.zone.gz.md5’
==> CWD not required.
--> PASV

227 Entering Passive Mode (192,0,32,9,254,58)
--> REST 60

350 Restart position accepted (60).
--> RETR in-addr.arpa.zone.gz.md5

150 Opening BINARY mode data connection for in-addr.arpa.zone.gz.md5 (60 bytes).
Length: 60, 0 remaining

     0K
     0K                                                       100% 0.00 =0s

226 Transfer complete.
2017-01-10 06:00:27 (0.00 B/s) - ‘./domain/in-addr.arpa.zone.gz.md5’ saved [60]

Remote file is newer than local file ‘./domain/in-addr.arpa.zone.gz.sha256’ -- retrieving.

--2017-01-10 06:00:27--  ftp://ftp.internic.net/domain/in-addr.arpa.zone.gz.sha256
           => ‘./domain/in-addr.arpa.zone.gz.sha256’
==> CWD not required.
--> PASV

227 Entering Passive Mode (192,0,32,9,153,136)
--> REST 95

350 Restart position accepted (95).
--> RETR in-addr.arpa.zone.gz.sha256

150 Opening BINARY mode data connection for in-addr.arpa.zone.gz.sha256 (95 bytes).
Length: 95, 0 remaining

     0K
     0K                                                       100% 0.00 =0s

226 Transfer complete.
2017-01-10 06:00:28 (0.00 B/s) - ‘./domain/in-addr.arpa.zone.gz.sha256’ saved [95]

Remote file is newer than local file ‘./domain/in-addr.arpa.zone.md5’ -- retrieving.

--2017-01-10 06:00:28--  ftp://ftp.internic.net/domain/in-addr.arpa.zone.md5
           => ‘./domain/in-addr.arpa.zone.md5’
==> CWD not required.
--> PASV

227 Entering Passive Mode (192,0,32,9,137,61)
--> REST 57

350 Restart position accepted (57).
--> RETR in-addr.arpa.zone.md5

150 Opening BINARY mode data connection for in-addr.arpa.zone.md5 (57 bytes).
Length: 57, 0 remaining

     0K
     0K                                                       100% 0.00 =0s

226 Transfer complete.
2017-01-10 06:00:29 (0.00 B/s) - ‘./domain/in-addr.arpa.zone.md5’ saved [57]

Remote file is newer than local file ‘./domain/in-addr.arpa.zone.sha256’ -- retrieving.

--2017-01-10 06:00:29--  ftp://ftp.internic.net/domain/in-addr.arpa.zone.sha256
           => ‘./domain/in-addr.arpa.zone.sha256’
==> CWD not required.
--> PASV

227 Entering Passive Mode (192,0,32,9,235,223)
--> REST 92

350 Restart position accepted (92).
--> RETR in-addr.arpa.zone.sha256

150 Opening BINARY mode data connection for in-addr.arpa.zone.sha256 (92 bytes).
Length: 92, 0 remaining

     0K
     0K                                                       100% 0.00 =0s

226 Transfer complete.
2017-01-10 06:00:30 (0.00 B/s) - ‘./domain/in-addr.arpa.zone.sha256’ saved [92]

Remote file is newer than local file ‘./domain/ip6.arpa’ -- retrieving.

--2017-01-10 06:00:30--  ftp://ftp.internic.net/domain/ip6.arpa
           => ‘./domain/ip6.arpa’
==> CWD not required.
--> PASV

227 Entering Passive Mode (192,0,32,9,91,255)
--> REST 59500

350 Restart position accepted (59500).
--> RETR ip6.arpa

150 Opening BINARY mode data connection for ip6.arpa (59500 bytes).
Length: 59500 (58K), 0 remaining

        [ skipping 50K ]
    50K ,,,,,,,,                                              100% 0.00 =0s

226 Transfer complete.
2017-01-10 06:00:31 (0.00 B/s) - ‘./domain/ip6.arpa’ saved [59500]

The sizes do not match (local 24104) -- retrieving.

--2017-01-10 06:00:31--  ftp://ftp.internic.net/domain/ip6.arpa.gz
           => ‘./domain/ip6.arpa.gz’
==> CWD not required.
--> PASV

227 Entering Passive Mode (192,0,32,9,42,113)
--> REST 24104

350 Restart position accepted (24104).
--> RETR ip6.arpa.gz

150 Opening BINARY mode data connection for ip6.arpa.gz (24066 bytes).
Length: 24066 (24K), -38 remaining

     0K ,,,,,,,,,, ,,,,,,,,,, ,,,                             100% 0.00 =0s

226 Transfer complete.
2017-01-10 06:00:32 (0.00 B/s) - ‘./domain/ip6.arpa.gz’ saved [24104]

Remote file is newer than local file ‘./domain/ip6.arpa.gz.md5’ -- retrieving.

--2017-01-10 06:00:32--  ftp://ftp.internic.net/domain/ip6.arpa.gz.md5
           => ‘./domain/ip6.arpa.gz.md5’
==> CWD not required.
--> PASV

227 Entering Passive Mode (192,0,32,9,230,2)
--> REST 51

350 Restart position accepted (51).
--> RETR ip6.arpa.gz.md5

150 Opening BINARY mode data connection for ip6.arpa.gz.md5 (51 bytes).
Length: 51, 0 remaining

     0K
     0K                                                       100% 0.00 =0s

226 Transfer complete.
2017-01-10 06:00:33 (0.00 B/s) - ‘./domain/ip6.arpa.gz.md5’ saved [51]

Remote file is newer than local file ‘./domain/ip6.arpa.gz.sha256’ -- retrieving.

--2017-01-10 06:00:33--  ftp://ftp.internic.net/domain/ip6.arpa.gz.sha256
           => ‘./domain/ip6.arpa.gz.sha256’
==> CWD not required.
--> PASV

227 Entering Passive Mode (192,0,32,9,41,29)
--> REST 86

350 Restart position accepted (86).
--> RETR ip6.arpa.gz.sha256

150 Opening BINARY mode data connection for ip6.arpa.gz.sha256 (86 bytes).
Length: 86, 0 remaining

     0K
     0K                                                       100% 0.00 =0s

226 Transfer complete.
2017-01-10 06:00:34 (0.00 B/s) - ‘./domain/ip6.arpa.gz.sha256’ saved [86]

Remote file is newer than local file ‘./domain/ip6.arpa.md5’ -- retrieving.

--2017-01-10 06:00:34--  ftp://ftp.internic.net/domain/ip6.arpa.md5
           => ‘./domain/ip6.arpa.md5’
==> CWD not required.
--> PASV

227 Entering Passive Mode (192,0,32,9,109,195)
--> REST 48

350 Restart position accepted (48).
--> RETR ip6.arpa.md5

150 Opening BINARY mode data connection for ip6.arpa.md5 (48 bytes).
Length: 48, 0 remaining

     0K
     0K                                                       100% 0.00 =0s

226 Transfer complete.
2017-01-10 06:00:35 (0.00 B/s) - ‘./domain/ip6.arpa.md5’ saved [48]

Remote file is newer than local file ‘./domain/ip6.arpa.sha256’ -- retrieving.

--2017-01-10 06:00:35--  ftp://ftp.internic.net/domain/ip6.arpa.sha256
           => ‘./domain/ip6.arpa.sha256’
==> CWD not required.
--> PASV

227 Entering Passive Mode (192,0,32,9,244,53)
--> REST 83

350 Restart position accepted (83).
--> RETR ip6.arpa.sha256

150 Opening BINARY mode data connection for ip6.arpa.sha256 (83 bytes).
Length: 83, 0 remaining

     0K
     0K                                                       100% 0.00 =0s

226 Transfer complete.
2017-01-10 06:00:36 (0.00 B/s) - ‘./domain/ip6.arpa.sha256’ saved [83]

Remote file is newer than local file ‘./domain/ip6.arpa.zone’ -- retrieving.

--2017-01-10 06:00:36--  ftp://ftp.internic.net/domain/ip6.arpa.zone
           => ‘./domain/ip6.arpa.zone’
==> CWD not required.
--> PASV

227 Entering Passive Mode (192,0,32,9,77,179)
--> REST 59500

350 Restart position accepted (59500).
--> RETR ip6.arpa.zone

150 Opening BINARY mode data connection for ip6.arpa.zone (59500 bytes).
Length: 59500 (58K), 0 remaining

        [ skipping 50K ]
    50K ,,,,,,,,                                              100% 0.00 =0s

226 Transfer complete.
2017-01-10 06:00:37 (0.00 B/s) - ‘./domain/ip6.arpa.zone’ saved [59500]

The sizes do not match (local 24104) -- retrieving.

--2017-01-10 06:00:37--  ftp://ftp.internic.net/domain/ip6.arpa.zone.gz
           => ‘./domain/ip6.arpa.zone.gz’
==> CWD not required.
--> PASV

227 Entering Passive Mode (192,0,32,9,81,213)
--> REST 24104

350 Restart position accepted (24104).
--> RETR ip6.arpa.zone.gz

150 Opening BINARY mode data connection for ip6.arpa.zone.gz (24066 bytes).
Length: 24066 (24K), -38 remaining

     0K ,,,,,,,,,, ,,,,,,,,,, ,,,                             100% 0.00 =0s

226 Transfer complete.
2017-01-10 06:00:38 (0.00 B/s) - ‘./domain/ip6.arpa.zone.gz’ saved [24104]

Remote file is newer than local file ‘./domain/ip6.arpa.zone.gz.md5’ -- retrieving.

--2017-01-10 06:00:38--  ftp://ftp.internic.net/domain/ip6.arpa.zone.gz.md5
           => ‘./domain/ip6.arpa.zone.gz.md5’
==> CWD not required.
--> PASV

227 Entering Passive Mode (192,0,32,9,247,115)
--> REST 56

350 Restart position accepted (56).
--> RETR ip6.arpa.zone.gz.md5

150 Opening BINARY mode data connection for ip6.arpa.zone.gz.md5 (56 bytes).
Length: 56, 0 remaining

     0K
     0K                                                       100% 0.00 =0s

226 Transfer complete.
2017-01-10 06:00:39 (0.00 B/s) - ‘./domain/ip6.arpa.zone.gz.md5’ saved [56]

Remote file is newer than local file ‘./domain/ip6.arpa.zone.gz.sha256’ -- retrieving.

--2017-01-10 06:00:39--  ftp://ftp.internic.net/domain/ip6.arpa.zone.gz.sha256
           => ‘./domain/ip6.arpa.zone.gz.sha256’
==> CWD not required.
--> PASV

227 Entering Passive Mode (192,0,32,9,218,129)
--> REST 91

350 Restart position accepted (91).
--> RETR ip6.arpa.zone.gz.sha256

150 Opening BINARY mode data connection for ip6.arpa.zone.gz.sha256 (91 bytes).
Length: 91, 0 remaining

     0K
     0K                                                       100% 0.00 =0s

226 Transfer complete.
2017-01-10 06:00:40 (0.00 B/s) - ‘./domain/ip6.arpa.zone.gz.sha256’ saved [91]

Remote file is newer than local file ‘./domain/ip6.arpa.zone.md5’ -- retrieving.

--2017-01-10 06:00:40--  ftp://ftp.internic.net/domain/ip6.arpa.zone.md5
           => ‘./domain/ip6.arpa.zone.md5’
==> CWD not required.
--> PASV

227 Entering Passive Mode (192,0,32,9,136,163)
--> REST 53

350 Restart position accepted (53).
--> RETR ip6.arpa.zone.md5

150 Opening BINARY mode data connection for ip6.arpa.zone.md5 (53 bytes).
Length: 53, 0 remaining

     0K
     0K                                                       100% 0.00 =0s

226 Transfer complete.
2017-01-10 06:00:41 (0.00 B/s) - ‘./domain/ip6.arpa.zone.md5’ saved [53]

Remote file is newer than local file ‘./domain/ip6.arpa.zone.sha256’ -- retrieving.

--2017-01-10 06:00:41--  ftp://ftp.internic.net/domain/ip6.arpa.zone.sha256
           => ‘./domain/ip6.arpa.zone.sha256’
==> CWD not required.
--> PASV

227 Entering Passive Mode (192,0,32,9,170,97)
--> REST 88

350 Restart position accepted (88).
--> RETR ip6.arpa.zone.sha256

150 Opening BINARY mode data connection for ip6.arpa.zone.sha256 (88 bytes).
Length: 88, 0 remaining

     0K
     0K                                                       100% 0.00 =0s

226 Transfer complete.
2017-01-10 06:00:42 (0.00 B/s) - ‘./domain/ip6.arpa.zone.sha256’ saved [88]

Remote file is newer than local file ‘./domain/last_update.txt’ -- retrieving.

--2017-01-10 06:00:42--  ftp://ftp.internic.net/domain/last_update.txt
           => ‘./domain/last_update.txt’
==> CWD not required.
--> PASV

227 Entering Passive Mode (192,0,32,9,41,200)
--> REST 21

350 Restart position accepted (21).
--> RETR last_update.txt

150 Opening BINARY mode data connection for last_update.txt (21 bytes).
Length: 21, 0 remaining

     0K
     0K                                                       100% 0.00 =0s

226 Transfer complete.
2017-01-10 06:00:43 (0.00 B/s) - ‘./domain/last_update.txt’ saved [21]

Remote file no newer than local file ‘./domain/named.cache’ -- not retrieving.
Remote file no newer than local file ‘./domain/named.cache.md5’ -- not retrieving.
Remote file no newer than local file ‘./domain/named.cache.sig’ -- not retrieving.
Remote file no newer than local file ‘./domain/named.root’ -- not retrieving.
Remote file no newer than local file ‘./domain/named.root.md5’ -- not retrieving.
Remote file no newer than local file ‘./domain/named.root.sig’ -- not retrieving.
Remote file no newer than local file ‘./domain/root-servers.net.zone’ -- not retrieving.
Remote file no newer than local file ‘./domain/root-servers.net.zone.gz’ -- not retrieving.
Remote file no newer than local file ‘./domain/root-servers.net.zone.gz.md5’ -- not retrieving.
Remote file no newer than local file ‘./domain/root-servers.net.zone.gz.sig’ -- not retrieving.
Remote file is newer than local file ‘./domain/root.zone’ -- retrieving.

--2017-01-10 06:00:43--  ftp://ftp.internic.net/domain/root.zone
           => ‘./domain/root.zone’
==> CWD not required.
--> PASV

227 Entering Passive Mode (192,0,32,9,12,109)
--> REST 2226193

350 Restart position accepted (2226193).
--> RETR root.zone

150 Opening BINARY mode data connection for root.zone (2226193 bytes).
Length: 2226193 (2.1M), 0 remaining

        [ skipping 2150K ]
  2150K ,,,,,,,,,, ,,,,,,,,,, ,,,,                            100% 0.00 =0s

226 Transfer complete.
2017-01-10 06:00:44 (0.00 B/s) - ‘./domain/root.zone’ saved [2226193]

The sizes do not match (local 1045684) -- retrieving.

--2017-01-10 06:00:44--  ftp://ftp.internic.net/domain/root.zone.gz
           => ‘./domain/root.zone.gz’
==> CWD not required.
--> PASV

227 Entering Passive Mode (192,0,32,9,183,153)
--> REST 1045684

350 Restart position accepted (1045684).
--> RETR root.zone.gz

150 Opening BINARY mode data connection for root.zone.gz (1045647 bytes).
Length: 1045647 (1021K), -37 remaining

        [ skipping 1000K ]
  1000K ,,,,,,,,,, ,,,,,,,,,, ,                               100% 0.00 =0s

226 Transfer complete.
2017-01-10 06:00:48 (0.00 B/s) - ‘./domain/root.zone.gz’ saved [1045684]

Remote file is newer than local file ‘./domain/root.zone.gz.md5’ -- retrieving.

--2017-01-10 06:00:48--  ftp://ftp.internic.net/domain/root.zone.gz.md5
           => ‘./domain/root.zone.gz.md5’
==> CWD not required.
--> PASV

227 Entering Passive Mode (192,0,32,9,112,1)
--> REST 33

350 Restart position accepted (33).
--> RETR root.zone.gz.md5

150 Opening BINARY mode data connection for root.zone.gz.md5 (33 bytes).
Length: 33, 0 remaining

     0K
     0K                                                       100% 0.00 =0s

226 Transfer complete.
2017-01-10 06:00:49 (0.00 B/s) - ‘./domain/root.zone.gz.md5’ saved [33]

Remote file is newer than local file ‘./domain/root.zone.gz.sig’ -- retrieving.

--2017-01-10 06:00:49--  ftp://ftp.internic.net/domain/root.zone.gz.sig
           => ‘./domain/root.zone.gz.sig’
==> CWD not required.
--> PASV

227 Entering Passive Mode (192,0,32,9,146,169)
--> REST 72

350 Restart position accepted (72).
--> RETR root.zone.gz.sig

150 Opening BINARY mode data connection for root.zone.gz.sig (72 bytes).
Length: 72, 0 remaining

     0K
     0K                                                       100% 0.00 =0s

226 Transfer complete.
2017-01-10 06:00:50 (0.00 B/s) - ‘./domain/root.zone.gz.sig’ saved [72]

Remote file is newer than local file ‘./domain/root.zone.md5’ -- retrieving.

--2017-01-10 06:00:50--  ftp://ftp.internic.net/domain/root.zone.md5
           => ‘./domain/root.zone.md5’
==> CWD not required.
--> PASV

227 Entering Passive Mode (192,0,32,9,6,39)
--> REST 33

350 Restart position accepted (33).
--> RETR root.zone.md5

150 Opening BINARY mode data connection for root.zone.md5 (33 bytes).
Length: 33, 0 remaining

     0K
     0K                                                       100% 0.00 =0s

226 Transfer complete.
2017-01-10 06:00:51 (0.00 B/s) - ‘./domain/root.zone.md5’ saved [33]

Remote file is newer than local file ‘./domain/root.zone.sig’ -- retrieving.

--2017-01-10 06:00:51--  ftp://ftp.internic.net/domain/root.zone.sig
           => ‘./domain/root.zone.sig’
==> CWD not required.
--> PASV

227 Entering Passive Mode (192,0,32,9,80,203)
--> REST 72

350 Restart position accepted (72).
--> RETR root.zone.sig

150 Opening BINARY mode data connection for root.zone.sig (72 bytes).
Length: 72, 0 remaining

     0K
     0K                                                       100% 0.00 =0s

226 Transfer complete.
2017-01-10 06:00:52 (0.00 B/s) - ‘./domain/root.zone.sig’ saved [72]

FINISHED --2017-01-10 06:00:52--
Total wall clock time: 44s
Downloaded: 37 files, 3.9M in 0.005s (738 MB/s)
