--2017-02-19 00:00:02--  ftp://ftp.internic.net/*
           => ‘./.listing’
Resolving ftp.internic.net (ftp.internic.net)... 192.0.32.9, 2620:0:2d0:200::9
Connecting to ftp.internic.net (ftp.internic.net)|192.0.32.9|:21... connected.
Logging in as anonymous ... 
220 Internic FTP Server
--> USER anonymous

331 Please specify the password.
--> PASS Turtle Power!

230 Login successful.
--> SYST

215 UNIX Type: L8
--> PWD

257 "/"
--> TYPE I

200 Switching to Binary mode.
==> CWD not needed.
--> PASV

227 Entering Passive Mode (192,0,32,9,51,112)
--> LIST -a

150 Here comes the directory listing.

     0K                                                        1.12M=0s

226 Directory send OK.
drwxr-xr-x    3 ftp      ftp          4096 Apr 04  2012 .
drwxr-xr-x    3 ftp      ftp          4096 Apr 04  2012 ..
drwxr-xr-x    2 ftp      ftp          4096 Sep 09  2015 domain
2017-02-19 00:00:12 (1.12 MB/s) - ‘./.listing’ saved [183]

--2017-02-19 00:00:12--  ftp://ftp.internic.net/domain/*
           => ‘./domain/.listing’
--> CWD /domain

250 Directory successfully changed.
--> PASV

227 Entering Passive Mode (192,0,32,9,41,47)
--> LIST -a

150 Here comes the directory listing.

     0K ...                                                    1.02M=0.004s

226 Directory send OK.
drwxr-xr-x    2 ftp      ftp          4096 Sep 09  2015 .
drwxr-xr-x    3 ftp      ftp          4096 Apr 04  2012 ..
-rw-r--r--    1 ftp      ftp          1829 Aug 18  2015 .listing
-rw-r--r--    1 ftp      ftp          1224 Feb 18 12:16 INTERNIC_ROOT_ZONE.signatures
-rw-r--r--    1 ftp      ftp          1469 Feb 18 12:16 INTERNIC_ROOT_ZONE.signatures.asc
-rw-r--r--    1 ftp      ftp         15186 Feb 18 12:16 arpa.zone
-rw-r--r--    1 ftp      ftp          6638 Feb 18 12:16 arpa.zone.gz
-rw-r--r--    1 ftp      ftp            33 Feb 18 12:16 arpa.zone.gz.md5
-rw-r--r--    1 ftp      ftp            72 Feb 18 12:16 arpa.zone.gz.sig
-rw-r--r--    1 ftp      ftp          3291 Oct 20 19:35 db.cache
-rw-r--r--    1 ftp      ftp            33 Oct 20 19:35 db.cache.md5
-rw-r--r--    1 ftp      ftp            72 Oct 20 19:35 db.cache.sig
-rw-r--r--    1 ftp      ftp        227882 Feb 18 15:41 in-addr.arpa
-rw-r--r--    1 ftp      ftp         90160 Feb 18 15:41 in-addr.arpa.gz
-rw-r--r--    1 ftp      ftp            55 Feb 18 15:41 in-addr.arpa.gz.md5
-rw-r--r--    1 ftp      ftp            90 Feb 18 15:41 in-addr.arpa.gz.sha256
-rw-r--r--    1 ftp      ftp            52 Feb 18 15:41 in-addr.arpa.md5
-rw-r--r--    1 ftp      ftp            87 Feb 18 15:41 in-addr.arpa.sha256
-rw-r--r--    1 ftp      ftp        227882 Feb 18 15:41 in-addr.arpa.zone
-rw-r--r--    1 ftp      ftp         90160 Feb 18 15:41 in-addr.arpa.zone.gz
-rw-r--r--    1 ftp      ftp            60 Feb 18 15:41 in-addr.arpa.zone.gz.md5
-rw-r--r--    1 ftp      ftp            95 Feb 18 15:41 in-addr.arpa.zone.gz.sha256
-rw-r--r--    1 ftp      ftp            57 Feb 18 15:41 in-addr.arpa.zone.md5
-rw-r--r--    1 ftp      ftp            92 Feb 18 15:41 in-addr.arpa.zone.sha256
-rw-r--r--    1 ftp      ftp         60964 Feb 18 15:41 ip6.arpa
-rw-r--r--    1 ftp      ftp         24408 Feb 18 15:41 ip6.arpa.gz
-rw-r--r--    1 ftp      ftp            51 Feb 18 15:41 ip6.arpa.gz.md5
-rw-r--r--    1 ftp      ftp            86 Feb 18 15:41 ip6.arpa.gz.sha256
-rw-r--r--    1 ftp      ftp            48 Feb 18 15:41 ip6.arpa.md5
-rw-r--r--    1 ftp      ftp            83 Feb 18 15:41 ip6.arpa.sha256
-rw-r--r--    1 ftp      ftp         60964 Feb 18 15:41 ip6.arpa.zone
-rw-r--r--    1 ftp      ftp         24408 Feb 18 15:41 ip6.arpa.zone.gz
-rw-r--r--    1 ftp      ftp            56 Feb 18 15:41 ip6.arpa.zone.gz.md5
-rw-r--r--    1 ftp      ftp            91 Feb 18 15:41 ip6.arpa.zone.gz.sha256
-rw-r--r--    1 ftp      ftp            53 Feb 18 15:41 ip6.arpa.zone.md5
-rw-r--r--    1 ftp      ftp            88 Feb 18 15:41 ip6.arpa.zone.sha256
-rw-r--r--    1 ftp      ftp            21 Feb 18 15:41 last_update.txt
-rw-r--r--    1 ftp      ftp          3291 Oct 20 19:35 named.cache
-rw-r--r--    1 ftp      ftp            33 Oct 20 19:35 named.cache.md5
-rw-r--r--    1 ftp      ftp            72 Oct 20 19:35 named.cache.sig
-rw-r--r--    1 ftp      ftp          3291 Oct 20 19:35 named.root
-rw-r--r--    1 ftp      ftp            33 Oct 20 19:35 named.root.md5
-rw-r--r--    1 ftp      ftp            72 Oct 20 19:35 named.root.sig
-rw-r--r--    1 ftp      ftp          2110 Oct 20 19:35 root-servers.net.zone
-rw-r--r--    1 ftp      ftp           574 Oct 20 19:35 root-servers.net.zone.gz
-rw-r--r--    1 ftp      ftp            33 Oct 20 19:35 root-servers.net.zone.gz.md5
-rw-r--r--    1 ftp      ftp            72 Oct 20 19:35 root-servers.net.zone.gz.sig
-rw-r--r--    1 ftp      ftp       2229534 Feb 18 06:12 root.zone
-rw-r--r--    1 ftp      ftp       1047663 Feb 18 06:12 root.zone.gz
-rw-r--r--    1 ftp      ftp            33 Feb 18 06:12 root.zone.gz.md5
-rw-r--r--    1 ftp      ftp            72 Feb 18 06:12 root.zone.gz.sig
-rw-r--r--    1 ftp      ftp            33 Feb 18 06:12 root.zone.md5
-rw-r--r--    1 ftp      ftp            72 Feb 18 06:12 root.zone.sig
2017-02-19 00:00:13 (1.02 MB/s) - ‘./domain/.listing’ saved [3930]

The sizes do not match (local 3930) -- retrieving.

--2017-02-19 00:00:13--  ftp://ftp.internic.net/domain/.listing
           => ‘./domain/.listing’
==> CWD not required.
--> PASV

227 Entering Passive Mode (192,0,32,9,205,81)
--> RETR .listing

150 Opening BINARY mode data connection for .listing (1829 bytes).
Length: 1829 (1.8K)

     0K .                                                     100% 10.9M=0s

226 Transfer complete.
2017-02-19 00:00:14 (10.9 MB/s) - ‘./domain/.listing’ saved [1829]

Remote file is newer than local file ‘./domain/INTERNIC_ROOT_ZONE.signatures’ -- retrieving.

--2017-02-19 00:00:14--  ftp://ftp.internic.net/domain/INTERNIC_ROOT_ZONE.signatures
           => ‘./domain/INTERNIC_ROOT_ZONE.signatures’
==> CWD not required.
--> PASV

227 Entering Passive Mode (192,0,32,9,108,15)
--> RETR INTERNIC_ROOT_ZONE.signatures

150 Opening BINARY mode data connection for INTERNIC_ROOT_ZONE.signatures (1224 bytes).
Length: 1224 (1.2K)

     0K .                                                     100% 20.8M=0s

226 Transfer complete.
2017-02-19 00:00:15 (20.8 MB/s) - ‘./domain/INTERNIC_ROOT_ZONE.signatures’ saved [1224]

Remote file is newer than local file ‘./domain/INTERNIC_ROOT_ZONE.signatures.asc’ -- retrieving.

--2017-02-19 00:00:15--  ftp://ftp.internic.net/domain/INTERNIC_ROOT_ZONE.signatures.asc
           => ‘./domain/INTERNIC_ROOT_ZONE.signatures.asc’
==> CWD not required.
--> PASV

227 Entering Passive Mode (192,0,32,9,41,96)
--> RETR INTERNIC_ROOT_ZONE.signatures.asc

150 Opening BINARY mode data connection for INTERNIC_ROOT_ZONE.signatures.asc (1469 bytes).
Length: 1469 (1.4K)

     0K .                                                     100% 11.8M=0s

226 Transfer complete.
2017-02-19 00:00:15 (11.8 MB/s) - ‘./domain/INTERNIC_ROOT_ZONE.signatures.asc’ saved [1469]

Remote file is newer than local file ‘./domain/arpa.zone’ -- retrieving.

--2017-02-19 00:00:15--  ftp://ftp.internic.net/domain/arpa.zone
           => ‘./domain/arpa.zone’
==> CWD not required.
--> PASV

227 Entering Passive Mode (192,0,32,9,42,60)
--> RETR arpa.zone

150 Opening BINARY mode data connection for arpa.zone (15186 bytes).
Length: 15186 (15K)

     0K .......... ....                                       100% 17.0M=0.001s

226 Transfer complete.
2017-02-19 00:00:16 (17.0 MB/s) - ‘./domain/arpa.zone’ saved [15186]

The sizes do not match (local 6641) -- retrieving.

--2017-02-19 00:00:16--  ftp://ftp.internic.net/domain/arpa.zone.gz
           => ‘./domain/arpa.zone.gz’
==> CWD not required.
--> PASV

227 Entering Passive Mode (192,0,32,9,42,156)
--> RETR arpa.zone.gz

150 Opening BINARY mode data connection for arpa.zone.gz (6638 bytes).
Length: 6638 (6.5K)

     0K ......                                                100%  102M=0s

226 Transfer complete.
2017-02-19 00:00:17 (102 MB/s) - ‘./domain/arpa.zone.gz’ saved [6638]

Remote file is newer than local file ‘./domain/arpa.zone.gz.md5’ -- retrieving.

--2017-02-19 00:00:17--  ftp://ftp.internic.net/domain/arpa.zone.gz.md5
           => ‘./domain/arpa.zone.gz.md5’
==> CWD not required.
--> PASV

227 Entering Passive Mode (192,0,32,9,6,229)
--> RETR arpa.zone.gz.md5

150 Opening BINARY mode data connection for arpa.zone.gz.md5 (33 bytes).
Length: 33

     0K                                                       100% 5.46K=0.006s

226 Transfer complete.
2017-02-19 00:00:17 (5.46 KB/s) - ‘./domain/arpa.zone.gz.md5’ saved [33]

Remote file is newer than local file ‘./domain/arpa.zone.gz.sig’ -- retrieving.

--2017-02-19 00:00:17--  ftp://ftp.internic.net/domain/arpa.zone.gz.sig
           => ‘./domain/arpa.zone.gz.sig’
==> CWD not required.
--> PASV

227 Entering Passive Mode (192,0,32,9,41,181)
--> RETR arpa.zone.gz.sig

150 Opening BINARY mode data connection for arpa.zone.gz.sig (72 bytes).
Length: 72

     0K                                                       100%  273K=0s

226 Transfer complete.
2017-02-19 00:00:18 (273 KB/s) - ‘./domain/arpa.zone.gz.sig’ saved [72]

Remote file no newer than local file ‘./domain/db.cache’ -- not retrieving.
Remote file no newer than local file ‘./domain/db.cache.md5’ -- not retrieving.
Remote file no newer than local file ‘./domain/db.cache.sig’ -- not retrieving.
Remote file is newer than local file ‘./domain/in-addr.arpa’ -- retrieving.

--2017-02-19 00:00:18--  ftp://ftp.internic.net/domain/in-addr.arpa
           => ‘./domain/in-addr.arpa’
==> CWD not required.
--> PASV

227 Entering Passive Mode (192,0,32,9,41,191)
--> RETR in-addr.arpa

150 Opening BINARY mode data connection for in-addr.arpa (227882 bytes).
Length: 227882 (223K)

     0K .......... .......... .......... .......... .......... 22%  143K 1s
    50K .......... .......... .......... .......... .......... 44%  292K 1s
   100K .......... .......... .......... .......... .......... 67% 7.13M 0s
   150K .......... .......... .......... .......... .......... 89%  290K 0s
   200K .......... .......... ..                              100%  136K=0.9s

226 Transfer complete.
2017-02-19 00:00:20 (257 KB/s) - ‘./domain/in-addr.arpa’ saved [227882]

Remote file is newer than local file ‘./domain/in-addr.arpa.gz’ -- retrieving.

--2017-02-19 00:00:20--  ftp://ftp.internic.net/domain/in-addr.arpa.gz
           => ‘./domain/in-addr.arpa.gz’
==> CWD not required.
--> PASV

227 Entering Passive Mode (192,0,32,9,111,115)
--> RETR in-addr.arpa.gz

150 Opening BINARY mode data connection for in-addr.arpa.gz (90160 bytes).
Length: 90160 (88K)

     0K .......... .......... .......... .......... .......... 56%  145K 0s
    50K .......... .......... .......... ........             100% 2.24M=0.4s

226 Transfer complete.
2017-02-19 00:00:21 (244 KB/s) - ‘./domain/in-addr.arpa.gz’ saved [90160]

Remote file is newer than local file ‘./domain/in-addr.arpa.gz.md5’ -- retrieving.

--2017-02-19 00:00:21--  ftp://ftp.internic.net/domain/in-addr.arpa.gz.md5
           => ‘./domain/in-addr.arpa.gz.md5’
==> CWD not required.
--> PASV

227 Entering Passive Mode (192,0,32,9,82,209)
--> RETR in-addr.arpa.gz.md5

150 Opening BINARY mode data connection for in-addr.arpa.gz.md5 (55 bytes).
Length: 55

     0K                                                       100% 1.34M=0s

226 Transfer complete.
2017-02-19 00:00:22 (1.34 MB/s) - ‘./domain/in-addr.arpa.gz.md5’ saved [55]

Remote file is newer than local file ‘./domain/in-addr.arpa.gz.sha256’ -- retrieving.

--2017-02-19 00:00:22--  ftp://ftp.internic.net/domain/in-addr.arpa.gz.sha256
           => ‘./domain/in-addr.arpa.gz.sha256’
==> CWD not required.
--> PASV

227 Entering Passive Mode (192,0,32,9,141,187)
--> RETR in-addr.arpa.gz.sha256

150 Opening BINARY mode data connection for in-addr.arpa.gz.sha256 (90 bytes).
Length: 90

     0K                                                       100%  764K=0s

226 Transfer complete.
2017-02-19 00:00:22 (764 KB/s) - ‘./domain/in-addr.arpa.gz.sha256’ saved [90]

Remote file is newer than local file ‘./domain/in-addr.arpa.md5’ -- retrieving.

--2017-02-19 00:00:22--  ftp://ftp.internic.net/domain/in-addr.arpa.md5
           => ‘./domain/in-addr.arpa.md5’
==> CWD not required.
--> PASV

227 Entering Passive Mode (192,0,32,9,134,229)
--> RETR in-addr.arpa.md5

150 Opening BINARY mode data connection for in-addr.arpa.md5 (52 bytes).
Length: 52

     0K                                                       100%  445K=0s

226 Transfer complete.
2017-02-19 00:00:23 (445 KB/s) - ‘./domain/in-addr.arpa.md5’ saved [52]

Remote file is newer than local file ‘./domain/in-addr.arpa.sha256’ -- retrieving.

--2017-02-19 00:00:23--  ftp://ftp.internic.net/domain/in-addr.arpa.sha256
           => ‘./domain/in-addr.arpa.sha256’
==> CWD not required.
--> PASV

227 Entering Passive Mode (192,0,32,9,41,90)
--> RETR in-addr.arpa.sha256

150 Opening BINARY mode data connection for in-addr.arpa.sha256 (87 bytes).
Length: 87

     0K                                                       100% 1.34M=0s

226 Transfer complete.
2017-02-19 00:00:24 (1.34 MB/s) - ‘./domain/in-addr.arpa.sha256’ saved [87]

Remote file is newer than local file ‘./domain/in-addr.arpa.zone’ -- retrieving.

--2017-02-19 00:00:24--  ftp://ftp.internic.net/domain/in-addr.arpa.zone
           => ‘./domain/in-addr.arpa.zone’
==> CWD not required.
--> PASV

227 Entering Passive Mode (192,0,32,9,137,240)
--> RETR in-addr.arpa.zone

150 Opening BINARY mode data connection for in-addr.arpa.zone (227882 bytes).
Length: 227882 (223K)

     0K .......... .......... .......... .......... .......... 22%  141K 1s
    50K .......... .......... .......... .......... .......... 44%  284K 1s
   100K .......... .......... .......... .......... .......... 67% 10.6M 0s
   150K .......... .......... .......... .......... .......... 89%  283K 0s
   200K .......... .......... ..                              100% 10.9M=0.7s

226 Transfer complete.
2017-02-19 00:00:25 (311 KB/s) - ‘./domain/in-addr.arpa.zone’ saved [227882]

Remote file is newer than local file ‘./domain/in-addr.arpa.zone.gz’ -- retrieving.

--2017-02-19 00:00:25--  ftp://ftp.internic.net/domain/in-addr.arpa.zone.gz
           => ‘./domain/in-addr.arpa.zone.gz’
==> CWD not required.
--> PASV

227 Entering Passive Mode (192,0,32,9,214,208)
--> RETR in-addr.arpa.zone.gz

150 Opening BINARY mode data connection for in-addr.arpa.zone.gz (90160 bytes).
Length: 90160 (88K)

     0K .......... .......... .......... .......... .......... 56%  141K 0s
    50K .......... .......... .......... ........             100% 2.70M=0.4s

226 Transfer complete.
2017-02-19 00:00:26 (240 KB/s) - ‘./domain/in-addr.arpa.zone.gz’ saved [90160]

Remote file is newer than local file ‘./domain/in-addr.arpa.zone.gz.md5’ -- retrieving.

--2017-02-19 00:00:26--  ftp://ftp.internic.net/domain/in-addr.arpa.zone.gz.md5
           => ‘./domain/in-addr.arpa.zone.gz.md5’
==> CWD not required.
--> PASV

227 Entering Passive Mode (192,0,32,9,42,105)
--> RETR in-addr.arpa.zone.gz.md5

150 Opening BINARY mode data connection for in-addr.arpa.zone.gz.md5 (60 bytes).
Length: 60

     0K                                                       100% 1.40M=0s

226 Transfer complete.
2017-02-19 00:00:27 (1.40 MB/s) - ‘./domain/in-addr.arpa.zone.gz.md5’ saved [60]

Remote file is newer than local file ‘./domain/in-addr.arpa.zone.gz.sha256’ -- retrieving.

--2017-02-19 00:00:27--  ftp://ftp.internic.net/domain/in-addr.arpa.zone.gz.sha256
           => ‘./domain/in-addr.arpa.zone.gz.sha256’
==> CWD not required.
--> PASV

227 Entering Passive Mode (192,0,32,9,42,230)
--> RETR in-addr.arpa.zone.gz.sha256

150 Opening BINARY mode data connection for in-addr.arpa.zone.gz.sha256 (95 bytes).
Length: 95

     0K                                                       100%  793K=0s

226 Transfer complete.
2017-02-19 00:00:28 (793 KB/s) - ‘./domain/in-addr.arpa.zone.gz.sha256’ saved [95]

Remote file is newer than local file ‘./domain/in-addr.arpa.zone.md5’ -- retrieving.

--2017-02-19 00:00:28--  ftp://ftp.internic.net/domain/in-addr.arpa.zone.md5
           => ‘./domain/in-addr.arpa.zone.md5’
==> CWD not required.
--> PASV

227 Entering Passive Mode (192,0,32,9,85,67)
--> RETR in-addr.arpa.zone.md5

150 Opening BINARY mode data connection for in-addr.arpa.zone.md5 (57 bytes).
Length: 57

     0K                                                       100%  831K=0s

226 Transfer complete.
2017-02-19 00:00:28 (831 KB/s) - ‘./domain/in-addr.arpa.zone.md5’ saved [57]

Remote file is newer than local file ‘./domain/in-addr.arpa.zone.sha256’ -- retrieving.

--2017-02-19 00:00:28--  ftp://ftp.internic.net/domain/in-addr.arpa.zone.sha256
           => ‘./domain/in-addr.arpa.zone.sha256’
==> CWD not required.
--> PASV

227 Entering Passive Mode (192,0,32,9,42,195)
--> RETR in-addr.arpa.zone.sha256

150 Opening BINARY mode data connection for in-addr.arpa.zone.sha256 (92 bytes).
Length: 92

     0K                                                       100%  730K=0s

226 Transfer complete.
2017-02-19 00:00:29 (730 KB/s) - ‘./domain/in-addr.arpa.zone.sha256’ saved [92]

Remote file is newer than local file ‘./domain/ip6.arpa’ -- retrieving.

--2017-02-19 00:00:29--  ftp://ftp.internic.net/domain/ip6.arpa
           => ‘./domain/ip6.arpa’
==> CWD not required.
--> PASV

227 Entering Passive Mode (192,0,32,9,75,61)
--> RETR ip6.arpa

150 Opening BINARY mode data connection for ip6.arpa (60964 bytes).
Length: 60964 (60K)

     0K .......... .......... .......... .......... .......... 83%  139K 0s
    50K .........                                             100% 26.2M=0.4s

226 Transfer complete.
2017-02-19 00:00:30 (165 KB/s) - ‘./domain/ip6.arpa’ saved [60964]

Remote file is newer than local file ‘./domain/ip6.arpa.gz’ -- retrieving.

--2017-02-19 00:00:30--  ftp://ftp.internic.net/domain/ip6.arpa.gz
           => ‘./domain/ip6.arpa.gz’
==> CWD not required.
--> PASV

227 Entering Passive Mode (192,0,32,9,107,77)
--> RETR ip6.arpa.gz

150 Opening BINARY mode data connection for ip6.arpa.gz (24408 bytes).
Length: 24408 (24K)

     0K .......... .......... ...                             100%  138K=0.2s

226 Transfer complete.
2017-02-19 00:00:31 (138 KB/s) - ‘./domain/ip6.arpa.gz’ saved [24408]

Remote file is newer than local file ‘./domain/ip6.arpa.gz.md5’ -- retrieving.

--2017-02-19 00:00:31--  ftp://ftp.internic.net/domain/ip6.arpa.gz.md5
           => ‘./domain/ip6.arpa.gz.md5’
==> CWD not required.
--> PASV

227 Entering Passive Mode (192,0,32,9,41,122)
--> RETR ip6.arpa.gz.md5

150 Opening BINARY mode data connection for ip6.arpa.gz.md5 (51 bytes).
Length: 51

     0K                                                       100%  429K=0s

226 Transfer complete.
2017-02-19 00:00:32 (429 KB/s) - ‘./domain/ip6.arpa.gz.md5’ saved [51]

Remote file is newer than local file ‘./domain/ip6.arpa.gz.sha256’ -- retrieving.

--2017-02-19 00:00:32--  ftp://ftp.internic.net/domain/ip6.arpa.gz.sha256
           => ‘./domain/ip6.arpa.gz.sha256’
==> CWD not required.
--> PASV

227 Entering Passive Mode (192,0,32,9,41,127)
--> RETR ip6.arpa.gz.sha256

150 Opening BINARY mode data connection for ip6.arpa.gz.sha256 (86 bytes).
Length: 86

     0K                                                       100% 2.10M=0s

226 Transfer complete.
2017-02-19 00:00:32 (2.10 MB/s) - ‘./domain/ip6.arpa.gz.sha256’ saved [86]

Remote file is newer than local file ‘./domain/ip6.arpa.md5’ -- retrieving.

--2017-02-19 00:00:32--  ftp://ftp.internic.net/domain/ip6.arpa.md5
           => ‘./domain/ip6.arpa.md5’
==> CWD not required.
--> PASV

227 Entering Passive Mode (192,0,32,9,48,83)
--> RETR ip6.arpa.md5

150 Opening BINARY mode data connection for ip6.arpa.md5 (48 bytes).
Length: 48

     0K                                                       100%  123K=0s

226 Transfer complete.
2017-02-19 00:00:33 (123 KB/s) - ‘./domain/ip6.arpa.md5’ saved [48]

Remote file is newer than local file ‘./domain/ip6.arpa.sha256’ -- retrieving.

--2017-02-19 00:00:33--  ftp://ftp.internic.net/domain/ip6.arpa.sha256
           => ‘./domain/ip6.arpa.sha256’
==> CWD not required.
--> PASV

227 Entering Passive Mode (192,0,32,9,11,114)
--> RETR ip6.arpa.sha256

150 Opening BINARY mode data connection for ip6.arpa.sha256 (83 bytes).
Length: 83

     0K                                                       100%  772K=0s

226 Transfer complete.
2017-02-19 00:00:34 (772 KB/s) - ‘./domain/ip6.arpa.sha256’ saved [83]

Remote file is newer than local file ‘./domain/ip6.arpa.zone’ -- retrieving.

--2017-02-19 00:00:34--  ftp://ftp.internic.net/domain/ip6.arpa.zone
           => ‘./domain/ip6.arpa.zone’
==> CWD not required.
--> PASV

227 Entering Passive Mode (192,0,32,9,79,233)
--> RETR ip6.arpa.zone

150 Opening BINARY mode data connection for ip6.arpa.zone (60964 bytes).
Length: 60964 (60K)

     0K .......... .......... .......... .......... .......... 83%  143K 0s
    50K .........                                             100% 29.5M=0.3s

226 Transfer complete.
2017-02-19 00:00:35 (170 KB/s) - ‘./domain/ip6.arpa.zone’ saved [60964]

Remote file is newer than local file ‘./domain/ip6.arpa.zone.gz’ -- retrieving.

--2017-02-19 00:00:35--  ftp://ftp.internic.net/domain/ip6.arpa.zone.gz
           => ‘./domain/ip6.arpa.zone.gz’
==> CWD not required.
--> PASV

227 Entering Passive Mode (192,0,32,9,10,204)
--> RETR ip6.arpa.zone.gz

150 Opening BINARY mode data connection for ip6.arpa.zone.gz (24408 bytes).
Length: 24408 (24K)

     0K .......... .......... ...                             100%  138K=0.2s

226 Transfer complete.
2017-02-19 00:00:36 (138 KB/s) - ‘./domain/ip6.arpa.zone.gz’ saved [24408]

Remote file is newer than local file ‘./domain/ip6.arpa.zone.gz.md5’ -- retrieving.

--2017-02-19 00:00:36--  ftp://ftp.internic.net/domain/ip6.arpa.zone.gz.md5
           => ‘./domain/ip6.arpa.zone.gz.md5’
==> CWD not required.
--> PASV

227 Entering Passive Mode (192,0,32,9,138,6)
--> RETR ip6.arpa.zone.gz.md5

150 Opening BINARY mode data connection for ip6.arpa.zone.gz.md5 (56 bytes).
Length: 56

     0K                                                       100%  267K=0s

226 Transfer complete.
2017-02-19 00:00:36 (267 KB/s) - ‘./domain/ip6.arpa.zone.gz.md5’ saved [56]

Remote file is newer than local file ‘./domain/ip6.arpa.zone.gz.sha256’ -- retrieving.

--2017-02-19 00:00:36--  ftp://ftp.internic.net/domain/ip6.arpa.zone.gz.sha256
           => ‘./domain/ip6.arpa.zone.gz.sha256’
==> CWD not required.
--> PASV

227 Entering Passive Mode (192,0,32,9,41,122)
--> RETR ip6.arpa.zone.gz.sha256

150 Opening BINARY mode data connection for ip6.arpa.zone.gz.sha256 (91 bytes).
Length: 91

     0K                                                       100% 2.23M=0s

226 Transfer complete.
2017-02-19 00:00:37 (2.23 MB/s) - ‘./domain/ip6.arpa.zone.gz.sha256’ saved [91]

Remote file is newer than local file ‘./domain/ip6.arpa.zone.md5’ -- retrieving.

--2017-02-19 00:00:37--  ftp://ftp.internic.net/domain/ip6.arpa.zone.md5
           => ‘./domain/ip6.arpa.zone.md5’
==> CWD not required.
--> PASV

227 Entering Passive Mode (192,0,32,9,42,131)
--> RETR ip6.arpa.zone.md5

150 Opening BINARY mode data connection for ip6.arpa.zone.md5 (53 bytes).
Length: 53

     0K                                                       100%  306K=0s

226 Transfer complete.
2017-02-19 00:00:38 (306 KB/s) - ‘./domain/ip6.arpa.zone.md5’ saved [53]

Remote file is newer than local file ‘./domain/ip6.arpa.zone.sha256’ -- retrieving.

--2017-02-19 00:00:38--  ftp://ftp.internic.net/domain/ip6.arpa.zone.sha256
           => ‘./domain/ip6.arpa.zone.sha256’
==> CWD not required.
--> PASV

227 Entering Passive Mode (192,0,32,9,184,148)
--> RETR ip6.arpa.zone.sha256

150 Opening BINARY mode data connection for ip6.arpa.zone.sha256 (88 bytes).
Length: 88

     0K                                                       100% 1.55M=0s

226 Transfer complete.
2017-02-19 00:00:39 (1.55 MB/s) - ‘./domain/ip6.arpa.zone.sha256’ saved [88]

Remote file is newer than local file ‘./domain/last_update.txt’ -- retrieving.

--2017-02-19 00:00:39--  ftp://ftp.internic.net/domain/last_update.txt
           => ‘./domain/last_update.txt’
==> CWD not required.
--> PASV

227 Entering Passive Mode (192,0,32,9,168,148)
--> RETR last_update.txt

150 Opening BINARY mode data connection for last_update.txt (21 bytes).
Length: 21

     0K                                                       100%  175K=0s

226 Transfer complete.
2017-02-19 00:00:39 (175 KB/s) - ‘./domain/last_update.txt’ saved [21]

Remote file no newer than local file ‘./domain/named.cache’ -- not retrieving.
Remote file no newer than local file ‘./domain/named.cache.md5’ -- not retrieving.
Remote file no newer than local file ‘./domain/named.cache.sig’ -- not retrieving.
Remote file no newer than local file ‘./domain/named.root’ -- not retrieving.
Remote file no newer than local file ‘./domain/named.root.md5’ -- not retrieving.
Remote file no newer than local file ‘./domain/named.root.sig’ -- not retrieving.
Remote file no newer than local file ‘./domain/root-servers.net.zone’ -- not retrieving.
Remote file no newer than local file ‘./domain/root-servers.net.zone.gz’ -- not retrieving.
Remote file no newer than local file ‘./domain/root-servers.net.zone.gz.md5’ -- not retrieving.
Remote file no newer than local file ‘./domain/root-servers.net.zone.gz.sig’ -- not retrieving.
The sizes do not match (local 2229627) -- retrieving.

--2017-02-19 00:00:39--  ftp://ftp.internic.net/domain/root.zone
           => ‘./domain/root.zone’
==> CWD not required.
--> PASV

227 Entering Passive Mode (192,0,32,9,42,201)
--> RETR root.zone

150 Opening BINARY mode data connection for root.zone (2229534 bytes).
Length: 2229534 (2.1M)

     0K .......... .......... .......... .......... ..........  2%  144K 15s
    50K .......... .......... .......... .......... ..........  4%  291K 11s
   100K .......... .......... .......... .......... ..........  6% 10.5M 7s
   150K .......... .......... .......... .......... ..........  9%  290K 7s
   200K .......... .......... .......... .......... .......... 11%  286K 7s
   250K .......... .......... .......... .......... .......... 13%  141K 8s
   300K .......... .......... .......... .......... .......... 16%  297K 7s
   350K .......... .......... .......... .......... .......... 18% 39.2M 6s
   400K .......... .......... .......... .......... .......... 20% 27.5M 5s
   450K .......... .......... .......... .......... .......... 22% 35.3M 5s
   500K .......... .......... .......... .......... .......... 25%  266K 5s
   550K .......... .......... .......... .......... .......... 27%  137K 5s
   600K .......... .......... .......... .......... .......... 29% 49.8M 5s
   650K .......... .......... .......... .......... .......... 32% 52.5M 4s
   700K .......... .......... .......... .......... .......... 34% 99.9K 5s
   750K .......... .......... .......... .......... .......... 36% 69.4M 4s
   800K .......... .......... .......... .......... .......... 39% 79.9M 4s
   850K .......... .......... .......... .......... .......... 41%  293K 4s
   900K .......... .......... .......... .......... .......... 43%  261K 4s
   950K .......... .......... .......... .......... .......... 45%  271K 4s
  1000K .......... .......... .......... .......... .......... 48% 96.1K 4s
  1050K .......... .......... .......... .......... .......... 50% 98.8M 3s
  1100K .......... .......... .......... .......... .......... 52%  314K 3s
  1150K .......... .......... .......... .......... .......... 55%  159K 3s
  1200K .......... .......... .......... .......... .......... 57%  287K 3s
  1250K .......... .......... .......... .......... .......... 59%  214K 3s
  1300K .......... .......... .......... .......... .......... 62%  107K 3s
  1350K .......... .......... .......... .......... .......... 64%  771K 3s
  1400K .......... .......... .......... .......... .......... 66%  151K 3s
  1450K .......... .......... .......... .......... .......... 68%  165K 3s
  1500K .......... .......... .......... .......... .......... 71%  202K 2s
  1550K .......... .......... .......... .......... .......... 73%  265K 2s
  1600K .......... .......... .......... .......... .......... 75%  150K 2s
  1650K .......... .......... .......... .......... .......... 78%  286K 2s
  1700K .......... .......... .......... .......... .......... 80%  261K 2s
  1750K .......... .......... .......... .......... .......... 82%  151K 1s
  1800K .......... .......... .......... .......... .......... 84%  284K 1s
  1850K .......... .......... .......... .......... .......... 87%  154K 1s
  1900K .......... .......... .......... .......... .......... 89%  218K 1s
  1950K .......... .......... .......... .......... .......... 91%  150K 1s
  2000K .......... .......... .......... .......... .......... 94%  200K 1s
  2050K .......... .......... .......... .......... .......... 96%  197K 0s
  2100K .......... .......... .......... .......... .......... 98%  244K 0s
  2150K .......... .......... .......                         100%  193K=9.0s

226 Transfer complete.
2017-02-19 00:00:49 (243 KB/s) - ‘./domain/root.zone’ saved [2229534]

The sizes do not match (local 1047681) -- retrieving.

--2017-02-19 00:00:49--  ftp://ftp.internic.net/domain/root.zone.gz
           => ‘./domain/root.zone.gz’
==> CWD not required.
--> PASV

227 Entering Passive Mode (192,0,32,9,42,179)
--> RETR root.zone.gz

150 Opening BINARY mode data connection for root.zone.gz (1047663 bytes).
Length: 1047663 (1023K)

     0K .......... .......... .......... .......... ..........  4%  143K 7s
    50K .......... .......... .......... .......... ..........  9%  288K 5s
   100K .......... .......... .......... .......... .......... 14% 11.4M 3s
   150K .......... .......... .......... .......... .......... 19%  288K 3s
   200K .......... .......... .......... .......... .......... 24%  270K 3s
   250K .......... .......... .......... .......... .......... 29% 10.4M 2s
   300K .......... .......... .......... .......... .......... 34%  296K 2s
   350K .......... .......... .......... .......... .......... 39% 10.5M 2s
   400K .......... .......... .......... .......... .......... 43%  295K 2s
   450K .......... .......... .......... .......... .......... 48% 12.0M 1s
   500K .......... .......... .......... .......... .......... 53%  288K 1s
   550K .......... .......... .......... .......... .......... 58% 27.9M 1s
   600K .......... .......... .......... .......... .......... 63%  288K 1s
   650K .......... .......... .......... .......... .......... 68% 2.98M 1s
   700K .......... .......... .......... .......... .......... 73% 99.5K 1s
   750K .......... .......... .......... .......... .......... 78% 9.59M 1s
   800K .......... .......... .......... .......... .......... 83% 38.0M 0s
   850K .......... .......... .......... .......... .......... 87% 37.2M 0s
   900K .......... .......... .......... .......... .......... 92% 4.32M 0s
   950K .......... .......... .......... .......... .......... 97%  316K 0s
  1000K .......... .......... ...                             100% 15.9M=2.3s

226 Transfer complete.
2017-02-19 00:00:52 (448 KB/s) - ‘./domain/root.zone.gz’ saved [1047663]

Remote file is newer than local file ‘./domain/root.zone.gz.md5’ -- retrieving.

--2017-02-19 00:00:52--  ftp://ftp.internic.net/domain/root.zone.gz.md5
           => ‘./domain/root.zone.gz.md5’
==> CWD not required.
--> PASV

227 Entering Passive Mode (192,0,32,9,103,142)
--> RETR root.zone.gz.md5

150 Opening BINARY mode data connection for root.zone.gz.md5 (33 bytes).
Length: 33

     0K                                                       100% 46.1K=0.001s

226 Transfer complete.
2017-02-19 00:00:53 (46.1 KB/s) - ‘./domain/root.zone.gz.md5’ saved [33]

Remote file is newer than local file ‘./domain/root.zone.gz.sig’ -- retrieving.

--2017-02-19 00:00:53--  ftp://ftp.internic.net/domain/root.zone.gz.sig
           => ‘./domain/root.zone.gz.sig’
==> CWD not required.
--> PASV

227 Entering Passive Mode (192,0,32,9,98,139)
--> RETR root.zone.gz.sig

150 Opening BINARY mode data connection for root.zone.gz.sig (72 bytes).
Length: 72

     0K                                                       100%  617K=0s

226 Transfer complete.
2017-02-19 00:00:53 (617 KB/s) - ‘./domain/root.zone.gz.sig’ saved [72]

Remote file is newer than local file ‘./domain/root.zone.md5’ -- retrieving.

--2017-02-19 00:00:53--  ftp://ftp.internic.net/domain/root.zone.md5
           => ‘./domain/root.zone.md5’
==> CWD not required.
--> PASV

227 Entering Passive Mode (192,0,32,9,140,154)
--> RETR root.zone.md5

150 Opening BINARY mode data connection for root.zone.md5 (33 bytes).
Length: 33

     0K                                                       100%  280K=0s

226 Transfer complete.
2017-02-19 00:00:54 (280 KB/s) - ‘./domain/root.zone.md5’ saved [33]

Remote file is newer than local file ‘./domain/root.zone.sig’ -- retrieving.

--2017-02-19 00:00:54--  ftp://ftp.internic.net/domain/root.zone.sig
           => ‘./domain/root.zone.sig’
==> CWD not required.
--> PASV

227 Entering Passive Mode (192,0,32,9,43,215)
--> RETR root.zone.sig

150 Opening BINARY mode data connection for root.zone.sig (72 bytes).
Length: 72

     0K                                                       100%  676K=0s

226 Transfer complete.
2017-02-19 00:00:55 (676 KB/s) - ‘./domain/root.zone.sig’ saved [72]

FINISHED --2017-02-19 00:00:55--
Total wall clock time: 53s
Downloaded: 40 files, 3.9M in 15s (275 KB/s)
