--2017-03-09 00:00:05--  ftp://ftp.internic.net/*
           => ‘./.listing’
Resolving ftp.internic.net (ftp.internic.net)... 192.0.32.9, 2620:0:2d0:200::9
Connecting to ftp.internic.net (ftp.internic.net)|192.0.32.9|:21... connected.
Logging in as anonymous ... 
220 Internic FTP Server
--> USER anonymous

331 Please specify the password.
--> PASS Turtle Power!

230 Login successful.
--> SYST

215 UNIX Type: L8
--> PWD

257 "/"
--> TYPE I

200 Switching to Binary mode.
==> CWD not needed.
--> PASV

227 Entering Passive Mode (192,0,32,9,190,159)
--> LIST -a

150 Here comes the directory listing.

     0K                                                         839K=0s

226 Directory send OK.
drwxr-xr-x    3 ftp      ftp          4096 Apr 04  2012 .
drwxr-xr-x    3 ftp      ftp          4096 Apr 04  2012 ..
drwxr-xr-x    2 ftp      ftp          4096 Sep 09  2015 domain
2017-03-09 00:00:08 (839 KB/s) - ‘./.listing’ saved [183]

--2017-03-09 00:00:08--  ftp://ftp.internic.net/domain/*
           => ‘./domain/.listing’
--> CWD /domain

250 Directory successfully changed.
--> PASV

227 Entering Passive Mode (192,0,32,9,178,153)
--> LIST -a

150 Here comes the directory listing.

     0K ...                                                     739K=0.005s

226 Directory send OK.
drwxr-xr-x    2 ftp      ftp          4096 Sep 09  2015 .
drwxr-xr-x    3 ftp      ftp          4096 Apr 04  2012 ..
-rw-r--r--    1 ftp      ftp          1829 Aug 18  2015 .listing
-rw-r--r--    1 ftp      ftp          1224 Mar 08 12:14 INTERNIC_ROOT_ZONE.signatures
-rw-r--r--    1 ftp      ftp          1469 Mar 08 12:14 INTERNIC_ROOT_ZONE.signatures.asc
-rw-r--r--    1 ftp      ftp         15186 Mar 08 12:14 arpa.zone
-rw-r--r--    1 ftp      ftp          6641 Mar 08 12:14 arpa.zone.gz
-rw-r--r--    1 ftp      ftp            33 Mar 08 12:14 arpa.zone.gz.md5
-rw-r--r--    1 ftp      ftp            72 Mar 08 12:14 arpa.zone.gz.sig
-rw-r--r--    1 ftp      ftp          3291 Oct 20 19:35 db.cache
-rw-r--r--    1 ftp      ftp            33 Oct 20 19:35 db.cache.md5
-rw-r--r--    1 ftp      ftp            72 Oct 20 19:35 db.cache.sig
-rw-r--r--    1 ftp      ftp        228015 Mar 08 15:41 in-addr.arpa
-rw-r--r--    1 ftp      ftp         90465 Mar 08 15:41 in-addr.arpa.gz
-rw-r--r--    1 ftp      ftp            55 Mar 08 15:41 in-addr.arpa.gz.md5
-rw-r--r--    1 ftp      ftp            90 Mar 08 15:41 in-addr.arpa.gz.sha256
-rw-r--r--    1 ftp      ftp            52 Mar 08 15:41 in-addr.arpa.md5
-rw-r--r--    1 ftp      ftp            87 Mar 08 15:41 in-addr.arpa.sha256
-rw-r--r--    1 ftp      ftp        228015 Mar 08 15:41 in-addr.arpa.zone
-rw-r--r--    1 ftp      ftp         90465 Mar 08 15:41 in-addr.arpa.zone.gz
-rw-r--r--    1 ftp      ftp            60 Mar 08 15:41 in-addr.arpa.zone.gz.md5
-rw-r--r--    1 ftp      ftp            95 Mar 08 15:41 in-addr.arpa.zone.gz.sha256
-rw-r--r--    1 ftp      ftp            57 Mar 08 15:41 in-addr.arpa.zone.md5
-rw-r--r--    1 ftp      ftp            92 Mar 08 15:41 in-addr.arpa.zone.sha256
-rw-r--r--    1 ftp      ftp         60746 Mar 08 15:41 ip6.arpa
-rw-r--r--    1 ftp      ftp         24333 Mar 08 15:41 ip6.arpa.gz
-rw-r--r--    1 ftp      ftp            51 Mar 08 15:41 ip6.arpa.gz.md5
-rw-r--r--    1 ftp      ftp            86 Mar 08 15:41 ip6.arpa.gz.sha256
-rw-r--r--    1 ftp      ftp            48 Mar 08 15:41 ip6.arpa.md5
-rw-r--r--    1 ftp      ftp            83 Mar 08 15:41 ip6.arpa.sha256
-rw-r--r--    1 ftp      ftp         60746 Mar 08 15:41 ip6.arpa.zone
-rw-r--r--    1 ftp      ftp         24333 Mar 08 15:41 ip6.arpa.zone.gz
-rw-r--r--    1 ftp      ftp            56 Mar 08 15:41 ip6.arpa.zone.gz.md5
-rw-r--r--    1 ftp      ftp            91 Mar 08 15:41 ip6.arpa.zone.gz.sha256
-rw-r--r--    1 ftp      ftp            53 Mar 08 15:41 ip6.arpa.zone.md5
-rw-r--r--    1 ftp      ftp            88 Mar 08 15:41 ip6.arpa.zone.sha256
-rw-r--r--    1 ftp      ftp            21 Mar 08 15:41 last_update.txt
-rw-r--r--    1 ftp      ftp          3291 Oct 20 19:35 named.cache
-rw-r--r--    1 ftp      ftp            33 Oct 20 19:35 named.cache.md5
-rw-r--r--    1 ftp      ftp            72 Oct 20 19:35 named.cache.sig
-rw-r--r--    1 ftp      ftp          3291 Oct 20 19:35 named.root
-rw-r--r--    1 ftp      ftp            33 Oct 20 19:35 named.root.md5
-rw-r--r--    1 ftp      ftp            72 Oct 20 19:35 named.root.sig
-rw-r--r--    1 ftp      ftp          2110 Oct 20 19:35 root-servers.net.zone
-rw-r--r--    1 ftp      ftp           574 Oct 20 19:35 root-servers.net.zone.gz
-rw-r--r--    1 ftp      ftp            33 Oct 20 19:35 root-servers.net.zone.gz.md5
-rw-r--r--    1 ftp      ftp            72 Oct 20 19:35 root-servers.net.zone.gz.sig
-rw-r--r--    1 ftp      ftp       2231160 Mar 08 05:07 root.zone
-rw-r--r--    1 ftp      ftp       1047907 Mar 08 05:07 root.zone.gz
-rw-r--r--    1 ftp      ftp            33 Mar 08 05:07 root.zone.gz.md5
-rw-r--r--    1 ftp      ftp            72 Mar 08 05:07 root.zone.gz.sig
-rw-r--r--    1 ftp      ftp            33 Mar 08 05:07 root.zone.md5
-rw-r--r--    1 ftp      ftp            72 Mar 08 05:07 root.zone.sig
2017-03-09 00:00:10 (739 KB/s) - ‘./domain/.listing’ saved [3930]

The sizes do not match (local 3930) -- retrieving.

--2017-03-09 00:00:10--  ftp://ftp.internic.net/domain/.listing
           => ‘./domain/.listing’
==> CWD not required.
--> PASV

227 Entering Passive Mode (192,0,32,9,225,127)
--> RETR .listing

150 Opening BINARY mode data connection for .listing (1829 bytes).
Length: 1829 (1.8K)

     0K .                                                     100% 8.19M=0s

226 Transfer complete.
2017-03-09 00:00:11 (8.19 MB/s) - ‘./domain/.listing’ saved [1829]

Remote file is newer than local file ‘./domain/INTERNIC_ROOT_ZONE.signatures’ -- retrieving.

--2017-03-09 00:00:11--  ftp://ftp.internic.net/domain/INTERNIC_ROOT_ZONE.signatures
           => ‘./domain/INTERNIC_ROOT_ZONE.signatures’
==> CWD not required.
--> PASV

227 Entering Passive Mode (192,0,32,9,231,102)
--> RETR INTERNIC_ROOT_ZONE.signatures

150 Opening BINARY mode data connection for INTERNIC_ROOT_ZONE.signatures (1224 bytes).
Length: 1224 (1.2K)

     0K .                                                     100% 9.89M=0s

226 Transfer complete.
2017-03-09 00:00:12 (9.89 MB/s) - ‘./domain/INTERNIC_ROOT_ZONE.signatures’ saved [1224]

Remote file is newer than local file ‘./domain/INTERNIC_ROOT_ZONE.signatures.asc’ -- retrieving.

--2017-03-09 00:00:12--  ftp://ftp.internic.net/domain/INTERNIC_ROOT_ZONE.signatures.asc
           => ‘./domain/INTERNIC_ROOT_ZONE.signatures.asc’
==> CWD not required.
--> PASV

227 Entering Passive Mode (192,0,32,9,171,208)
--> RETR INTERNIC_ROOT_ZONE.signatures.asc

150 Opening BINARY mode data connection for INTERNIC_ROOT_ZONE.signatures.asc (1469 bytes).
Length: 1469 (1.4K)

     0K .                                                     100% 12.0M=0s

226 Transfer complete.
2017-03-09 00:00:13 (12.0 MB/s) - ‘./domain/INTERNIC_ROOT_ZONE.signatures.asc’ saved [1469]

Remote file is newer than local file ‘./domain/arpa.zone’ -- retrieving.

--2017-03-09 00:00:13--  ftp://ftp.internic.net/domain/arpa.zone
           => ‘./domain/arpa.zone’
==> CWD not required.
--> PASV

227 Entering Passive Mode (192,0,32,9,54,88)
--> RETR arpa.zone

150 Opening BINARY mode data connection for arpa.zone (15186 bytes).
Length: 15186 (15K)

     0K .......... ....                                       100% 11.4K=1.3s

226 Transfer complete.
2017-03-09 00:00:16 (11.4 KB/s) - ‘./domain/arpa.zone’ saved [15186]

The sizes do not match (local 6639) -- retrieving.

--2017-03-09 00:00:16--  ftp://ftp.internic.net/domain/arpa.zone.gz
           => ‘./domain/arpa.zone.gz’
==> CWD not required.
--> PASV

227 Entering Passive Mode (192,0,32,9,59,175)
--> RETR arpa.zone.gz

150 Opening BINARY mode data connection for arpa.zone.gz (6641 bytes).
Length: 6641 (6.5K)

     0K ......                                                100% 5.43M=0.001s

226 Transfer complete.
2017-03-09 00:00:17 (5.43 MB/s) - ‘./domain/arpa.zone.gz’ saved [6641]

Remote file is newer than local file ‘./domain/arpa.zone.gz.md5’ -- retrieving.

--2017-03-09 00:00:17--  ftp://ftp.internic.net/domain/arpa.zone.gz.md5
           => ‘./domain/arpa.zone.gz.md5’
==> CWD not required.
--> PASV

227 Entering Passive Mode (192,0,32,9,170,20)
--> RETR arpa.zone.gz.md5

150 Opening BINARY mode data connection for arpa.zone.gz.md5 (33 bytes).
Length: 33

     0K                                                       100%  208K=0s

226 Transfer complete.
2017-03-09 00:00:18 (208 KB/s) - ‘./domain/arpa.zone.gz.md5’ saved [33]

Remote file is newer than local file ‘./domain/arpa.zone.gz.sig’ -- retrieving.

--2017-03-09 00:00:18--  ftp://ftp.internic.net/domain/arpa.zone.gz.sig
           => ‘./domain/arpa.zone.gz.sig’
==> CWD not required.
--> PASV

227 Entering Passive Mode (192,0,32,9,42,196)
--> RETR arpa.zone.gz.sig

150 Opening BINARY mode data connection for arpa.zone.gz.sig (72 bytes).
Length: 72

     0K                                                       100%  445K=0s

226 Transfer complete.
2017-03-09 00:00:19 (445 KB/s) - ‘./domain/arpa.zone.gz.sig’ saved [72]

Remote file no newer than local file ‘./domain/db.cache’ -- not retrieving.
Remote file no newer than local file ‘./domain/db.cache.md5’ -- not retrieving.
Remote file no newer than local file ‘./domain/db.cache.sig’ -- not retrieving.
Remote file is newer than local file ‘./domain/in-addr.arpa’ -- retrieving.

--2017-03-09 00:00:19--  ftp://ftp.internic.net/domain/in-addr.arpa
           => ‘./domain/in-addr.arpa’
==> CWD not required.
--> PASV

227 Entering Passive Mode (192,0,32,9,116,37)
--> RETR in-addr.arpa

150 Opening BINARY mode data connection for in-addr.arpa (228015 bytes).
Length: 228015 (223K)

     0K .......... .......... .......... .......... .......... 22% 37.6K 5s
    50K .......... .......... .......... .......... .......... 44% 55.5K 3s
   100K .......... .......... .......... .......... .......... 67% 37.3K 2s
   150K .......... .......... .......... .......... .......... 89% 56.4K 1s
   200K .......... .......... ..                              100% 45.2K=5.0s

226 Transfer complete.
2017-03-09 00:00:25 (44.9 KB/s) - ‘./domain/in-addr.arpa’ saved [228015]

The sizes do not match (local 90459) -- retrieving.

--2017-03-09 00:00:25--  ftp://ftp.internic.net/domain/in-addr.arpa.gz
           => ‘./domain/in-addr.arpa.gz’
==> CWD not required.
--> PASV

227 Entering Passive Mode (192,0,32,9,133,14)
--> RETR in-addr.arpa.gz

150 Opening BINARY mode data connection for in-addr.arpa.gz (90465 bytes).
Length: 90465 (88K)

     0K .......... .......... .......... .......... .......... 56% 44.1K 1s
    50K .......... .......... .......... ........             100% 24.2K=2.7s

226 Transfer complete.
2017-03-09 00:00:28 (32.5 KB/s) - ‘./domain/in-addr.arpa.gz’ saved [90465]

Remote file is newer than local file ‘./domain/in-addr.arpa.gz.md5’ -- retrieving.

--2017-03-09 00:00:28--  ftp://ftp.internic.net/domain/in-addr.arpa.gz.md5
           => ‘./domain/in-addr.arpa.gz.md5’
==> CWD not required.
--> PASV

227 Entering Passive Mode (192,0,32,9,12,66)
--> RETR in-addr.arpa.gz.md5

150 Opening BINARY mode data connection for in-addr.arpa.gz.md5 (55 bytes).
Length: 55

     0K                                                       100%  169K=0s

226 Transfer complete.
2017-03-09 00:00:29 (169 KB/s) - ‘./domain/in-addr.arpa.gz.md5’ saved [55]

Remote file is newer than local file ‘./domain/in-addr.arpa.gz.sha256’ -- retrieving.

--2017-03-09 00:00:29--  ftp://ftp.internic.net/domain/in-addr.arpa.gz.sha256
           => ‘./domain/in-addr.arpa.gz.sha256’
==> CWD not required.
--> PASV

227 Entering Passive Mode (192,0,32,9,151,233)
--> RETR in-addr.arpa.gz.sha256

150 Opening BINARY mode data connection for in-addr.arpa.gz.sha256 (90 bytes).
Length: 90

     0K                                                       100%  778K=0s

226 Transfer complete.
2017-03-09 00:00:30 (778 KB/s) - ‘./domain/in-addr.arpa.gz.sha256’ saved [90]

Remote file is newer than local file ‘./domain/in-addr.arpa.md5’ -- retrieving.

--2017-03-09 00:00:30--  ftp://ftp.internic.net/domain/in-addr.arpa.md5
           => ‘./domain/in-addr.arpa.md5’
==> CWD not required.
--> PASV

227 Entering Passive Mode (192,0,32,9,239,171)
--> RETR in-addr.arpa.md5

150 Opening BINARY mode data connection for in-addr.arpa.md5 (52 bytes).
Length: 52

     0K                                                       100%  312K=0s

226 Transfer complete.
2017-03-09 00:00:31 (312 KB/s) - ‘./domain/in-addr.arpa.md5’ saved [52]

Remote file is newer than local file ‘./domain/in-addr.arpa.sha256’ -- retrieving.

--2017-03-09 00:00:31--  ftp://ftp.internic.net/domain/in-addr.arpa.sha256
           => ‘./domain/in-addr.arpa.sha256’
==> CWD not required.
--> PASV

227 Entering Passive Mode (192,0,32,9,41,93)
--> RETR in-addr.arpa.sha256

150 Opening BINARY mode data connection for in-addr.arpa.sha256 (87 bytes).
Length: 87

     0K                                                       100%  759K=0s

226 Transfer complete.
2017-03-09 00:00:33 (759 KB/s) - ‘./domain/in-addr.arpa.sha256’ saved [87]

Remote file is newer than local file ‘./domain/in-addr.arpa.zone’ -- retrieving.

--2017-03-09 00:00:33--  ftp://ftp.internic.net/domain/in-addr.arpa.zone
           => ‘./domain/in-addr.arpa.zone’
==> CWD not required.
--> PASV

227 Entering Passive Mode (192,0,32,9,166,141)
--> RETR in-addr.arpa.zone

150 Opening BINARY mode data connection for in-addr.arpa.zone (228015 bytes).
Length: 228015 (223K)

     0K .......... .......... .......... .......... .......... 22% 55.4K 3s
    50K .......... .......... .......... .......... .......... 44% 72.7K 2s
   100K .......... .......... .......... .......... .......... 67% 55.4K 1s
   150K .......... .......... .......... .......... .......... 89% 74.1K 0s
   200K .......... .......... ..                              100%  100K=3.4s

226 Transfer complete.
2017-03-09 00:00:37 (65.6 KB/s) - ‘./domain/in-addr.arpa.zone’ saved [228015]

The sizes do not match (local 90459) -- retrieving.

--2017-03-09 00:00:37--  ftp://ftp.internic.net/domain/in-addr.arpa.zone.gz
           => ‘./domain/in-addr.arpa.zone.gz’
==> CWD not required.
--> PASV

227 Entering Passive Mode (192,0,32,9,88,118)
--> RETR in-addr.arpa.zone.gz

150 Opening BINARY mode data connection for in-addr.arpa.zone.gz (90500 bytes).
Length: 90465 (88K)

     0K .......... .......... .......... .......... .......... 56% 56.2K 1s
    50K .......... .......... .......... ........             100% 27.2K=2.3s

226 Transfer complete.
2017-03-09 00:00:40 (38.4 KB/s) - ‘./domain/in-addr.arpa.zone.gz’ saved [90500]

Remote file is newer than local file ‘./domain/in-addr.arpa.zone.gz.md5’ -- retrieving.

--2017-03-09 00:00:40--  ftp://ftp.internic.net/domain/in-addr.arpa.zone.gz.md5
           => ‘./domain/in-addr.arpa.zone.gz.md5’
==> CWD not required.
--> PASV

227 Entering Passive Mode (192,0,32,9,6,232)
--> RETR in-addr.arpa.zone.gz.md5

150 Opening BINARY mode data connection for in-addr.arpa.zone.gz.md5 (60 bytes).
Length: 60

     0K                                                       100%  284K=0s

226 Transfer complete.
2017-03-09 00:00:41 (284 KB/s) - ‘./domain/in-addr.arpa.zone.gz.md5’ saved [60]

Remote file is newer than local file ‘./domain/in-addr.arpa.zone.gz.sha256’ -- retrieving.

--2017-03-09 00:00:41--  ftp://ftp.internic.net/domain/in-addr.arpa.zone.gz.sha256
           => ‘./domain/in-addr.arpa.zone.gz.sha256’
==> CWD not required.
--> PASV

227 Entering Passive Mode (192,0,32,9,42,222)
--> RETR in-addr.arpa.zone.gz.sha256

150 Opening BINARY mode data connection for in-addr.arpa.zone.gz.sha256 (95 bytes).
Length: 95

     0K                                                       100%  667K=0s

226 Transfer complete.
2017-03-09 00:00:42 (667 KB/s) - ‘./domain/in-addr.arpa.zone.gz.sha256’ saved [95]

Remote file is newer than local file ‘./domain/in-addr.arpa.zone.md5’ -- retrieving.

--2017-03-09 00:00:42--  ftp://ftp.internic.net/domain/in-addr.arpa.zone.md5
           => ‘./domain/in-addr.arpa.zone.md5’
==> CWD not required.
--> PASV

227 Entering Passive Mode (192,0,32,9,12,216)
--> RETR in-addr.arpa.zone.md5

150 Opening BINARY mode data connection for in-addr.arpa.zone.md5 (57 bytes).
Length: 57

     0K                                                       100% 41.0 =1.4s

226 Transfer complete.
2017-03-09 00:00:45 (41.0 B/s) - ‘./domain/in-addr.arpa.zone.md5’ saved [57]

Remote file is newer than local file ‘./domain/in-addr.arpa.zone.sha256’ -- retrieving.

--2017-03-09 00:00:45--  ftp://ftp.internic.net/domain/in-addr.arpa.zone.sha256
           => ‘./domain/in-addr.arpa.zone.sha256’
==> CWD not required.
--> PASV


Error in server response, closing control connection.
Retrying.

--2017-03-09 00:01:05--  ftp://ftp.internic.net/domain/in-addr.arpa.zone.sha256
  (try: 2) => ‘./domain/in-addr.arpa.zone.sha256’
Connecting to ftp.internic.net (ftp.internic.net)|192.0.32.9|:21... connected.
Logging in as anonymous ... 
220 Internic FTP Server
--> USER anonymous

331 Please specify the password.
--> PASS Turtle Power!

230 Login successful.
--> SYST

215 UNIX Type: L8
--> PWD

257 "/"
--> TYPE I

200 Switching to Binary mode.
--> CWD /domain

250 Directory successfully changed.
--> PASV

227 Entering Passive Mode (192,0,32,9,103,94)
--> RETR in-addr.arpa.zone.sha256

150 Opening BINARY mode data connection for in-addr.arpa.zone.sha256 (92 bytes).
Length: 92

     0K                                                       100%  795K=0s

226 Transfer complete.
2017-03-09 00:01:31 (795 KB/s) - ‘./domain/in-addr.arpa.zone.sha256’ saved [92]

Remote file is newer than local file ‘./domain/ip6.arpa’ -- retrieving.

--2017-03-09 00:01:31--  ftp://ftp.internic.net/domain/ip6.arpa
           => ‘./domain/ip6.arpa’
==> CWD not required.
--> PASV

227 Entering Passive Mode (192,0,32,9,41,218)
--> RETR ip6.arpa

150 Opening BINARY mode data connection for ip6.arpa (60746 bytes).
Length: 60746 (59K)

     0K .......... .......... .......... .......... .......... 84%  109K 0s
    50K .........                                             100% 19.6M=0.5s

226 Transfer complete.
2017-03-09 00:01:33 (129 KB/s) - ‘./domain/ip6.arpa’ saved [60746]

The sizes do not match (local 24318) -- retrieving.

--2017-03-09 00:01:33--  ftp://ftp.internic.net/domain/ip6.arpa.gz
           => ‘./domain/ip6.arpa.gz’
==> CWD not required.
--> PASV

227 Entering Passive Mode (192,0,32,9,92,80)
--> RETR ip6.arpa.gz

150 Opening BINARY mode data connection for ip6.arpa.gz (24367 bytes).
Length: 24333 (24K)

     0K .......... .......... ...                             100%  107K=0.2s

226 Transfer complete.
2017-03-09 00:01:34 (107 KB/s) - ‘./domain/ip6.arpa.gz’ saved [24367]

Remote file is newer than local file ‘./domain/ip6.arpa.gz.md5’ -- retrieving.

--2017-03-09 00:01:34--  ftp://ftp.internic.net/domain/ip6.arpa.gz.md5
           => ‘./domain/ip6.arpa.gz.md5’
==> CWD not required.
--> PASV

227 Entering Passive Mode (192,0,32,9,41,127)
--> RETR ip6.arpa.gz.md5

150 Opening BINARY mode data connection for ip6.arpa.gz.md5 (51 bytes).
Length: 51

     0K                                                       100%  298K=0s

226 Transfer complete.
2017-03-09 00:01:35 (298 KB/s) - ‘./domain/ip6.arpa.gz.md5’ saved [51]

Remote file is newer than local file ‘./domain/ip6.arpa.gz.sha256’ -- retrieving.

--2017-03-09 00:01:35--  ftp://ftp.internic.net/domain/ip6.arpa.gz.sha256
           => ‘./domain/ip6.arpa.gz.sha256’
==> CWD not required.
--> PASV

227 Entering Passive Mode (192,0,32,9,42,86)
--> RETR ip6.arpa.gz.sha256

150 Opening BINARY mode data connection for ip6.arpa.gz.sha256 (86 bytes).
Length: 86

     0K                                                       100%  737K=0s

226 Transfer complete.
2017-03-09 00:01:36 (737 KB/s) - ‘./domain/ip6.arpa.gz.sha256’ saved [86]

Remote file is newer than local file ‘./domain/ip6.arpa.md5’ -- retrieving.

--2017-03-09 00:01:36--  ftp://ftp.internic.net/domain/ip6.arpa.md5
           => ‘./domain/ip6.arpa.md5’
==> CWD not required.
--> PASV

227 Entering Passive Mode (192,0,32,9,235,82)
--> RETR ip6.arpa.md5

150 Opening BINARY mode data connection for ip6.arpa.md5 (48 bytes).
Length: 48

     0K                                                       100%  415K=0s

226 Transfer complete.
2017-03-09 00:01:37 (415 KB/s) - ‘./domain/ip6.arpa.md5’ saved [48]

Remote file is newer than local file ‘./domain/ip6.arpa.sha256’ -- retrieving.

--2017-03-09 00:01:37--  ftp://ftp.internic.net/domain/ip6.arpa.sha256
           => ‘./domain/ip6.arpa.sha256’
==> CWD not required.
--> PASV

227 Entering Passive Mode (192,0,32,9,42,99)
--> RETR ip6.arpa.sha256

150 Opening BINARY mode data connection for ip6.arpa.sha256 (83 bytes).
Length: 83

     0K                                                       100%  448K=0s

226 Transfer complete.
2017-03-09 00:01:39 (448 KB/s) - ‘./domain/ip6.arpa.sha256’ saved [83]

Remote file is newer than local file ‘./domain/ip6.arpa.zone’ -- retrieving.

--2017-03-09 00:01:39--  ftp://ftp.internic.net/domain/ip6.arpa.zone
           => ‘./domain/ip6.arpa.zone’
==> CWD not required.
--> PASV

227 Entering Passive Mode (192,0,32,9,41,5)
--> RETR ip6.arpa.zone

150 Opening BINARY mode data connection for ip6.arpa.zone (60746 bytes).
Length: 60746 (59K)

     0K .......... .......... .......... .......... .......... 84% 75.2K 0s
    50K .........                                             100% 11.8K=1.5s

226 Transfer complete.
2017-03-09 00:01:41 (40.8 KB/s) - ‘./domain/ip6.arpa.zone’ saved [60746]

The sizes do not match (local 24321) -- retrieving.

--2017-03-09 00:01:41--  ftp://ftp.internic.net/domain/ip6.arpa.zone.gz
           => ‘./domain/ip6.arpa.zone.gz’
==> CWD not required.
--> PASV

227 Entering Passive Mode (192,0,32,9,143,137)
--> RETR ip6.arpa.zone.gz

150 Opening BINARY mode data connection for ip6.arpa.zone.gz (24367 bytes).
Length: 24333 (24K)

     0K .......... .......... ...                             100% 53.4K=0.4s

226 Transfer complete.
2017-03-09 00:01:43 (53.4 KB/s) - ‘./domain/ip6.arpa.zone.gz’ saved [24367]

Remote file is newer than local file ‘./domain/ip6.arpa.zone.gz.md5’ -- retrieving.

--2017-03-09 00:01:43--  ftp://ftp.internic.net/domain/ip6.arpa.zone.gz.md5
           => ‘./domain/ip6.arpa.zone.gz.md5’
==> CWD not required.
--> PASV

227 Entering Passive Mode (192,0,32,9,72,49)
--> RETR ip6.arpa.zone.gz.md5

150 Opening BINARY mode data connection for ip6.arpa.zone.gz.md5 (56 bytes).
Length: 56

     0K                                                       100%  480K=0s

226 Transfer complete.
2017-03-09 00:01:44 (480 KB/s) - ‘./domain/ip6.arpa.zone.gz.md5’ saved [56]

Remote file is newer than local file ‘./domain/ip6.arpa.zone.gz.sha256’ -- retrieving.

--2017-03-09 00:01:44--  ftp://ftp.internic.net/domain/ip6.arpa.zone.gz.sha256
           => ‘./domain/ip6.arpa.zone.gz.sha256’
==> CWD not required.
--> PASV

227 Entering Passive Mode (192,0,32,9,114,36)
--> RETR ip6.arpa.zone.gz.sha256

150 Opening BINARY mode data connection for ip6.arpa.zone.gz.sha256 (91 bytes).
Length: 91

     0K                                                       100%  592K=0s

226 Transfer complete.
2017-03-09 00:01:46 (592 KB/s) - ‘./domain/ip6.arpa.zone.gz.sha256’ saved [91]

Remote file is newer than local file ‘./domain/ip6.arpa.zone.md5’ -- retrieving.

--2017-03-09 00:01:46--  ftp://ftp.internic.net/domain/ip6.arpa.zone.md5
           => ‘./domain/ip6.arpa.zone.md5’
==> CWD not required.
--> PASV

227 Entering Passive Mode (192,0,32,9,41,160)
--> RETR ip6.arpa.zone.md5

150 Opening BINARY mode data connection for ip6.arpa.zone.md5 (53 bytes).
Length: 53

     0K                                                       100%  312K=0s

226 Transfer complete.
2017-03-09 00:01:47 (312 KB/s) - ‘./domain/ip6.arpa.zone.md5’ saved [53]

Remote file is newer than local file ‘./domain/ip6.arpa.zone.sha256’ -- retrieving.

--2017-03-09 00:01:47--  ftp://ftp.internic.net/domain/ip6.arpa.zone.sha256
           => ‘./domain/ip6.arpa.zone.sha256’
==> CWD not required.
--> PASV

227 Entering Passive Mode (192,0,32,9,42,131)
--> RETR ip6.arpa.zone.sha256

150 Opening BINARY mode data connection for ip6.arpa.zone.sha256 (88 bytes).
Length: 88

     0K                                                       100%  741K=0s

226 Transfer complete.
2017-03-09 00:01:47 (741 KB/s) - ‘./domain/ip6.arpa.zone.sha256’ saved [88]

Remote file is newer than local file ‘./domain/last_update.txt’ -- retrieving.

--2017-03-09 00:01:47--  ftp://ftp.internic.net/domain/last_update.txt
           => ‘./domain/last_update.txt’
==> CWD not required.
--> PASV

227 Entering Passive Mode (192,0,32,9,237,219)
--> RETR last_update.txt

150 Opening BINARY mode data connection for last_update.txt (21 bytes).
Length: 21

     0K                                                       100%  133K=0s

226 Transfer complete.
2017-03-09 00:01:49 (133 KB/s) - ‘./domain/last_update.txt’ saved [21]

Remote file no newer than local file ‘./domain/named.cache’ -- not retrieving.
Remote file no newer than local file ‘./domain/named.cache.md5’ -- not retrieving.
Remote file no newer than local file ‘./domain/named.cache.sig’ -- not retrieving.
Remote file no newer than local file ‘./domain/named.root’ -- not retrieving.
Remote file no newer than local file ‘./domain/named.root.md5’ -- not retrieving.
Remote file no newer than local file ‘./domain/named.root.sig’ -- not retrieving.
Remote file no newer than local file ‘./domain/root-servers.net.zone’ -- not retrieving.
Remote file no newer than local file ‘./domain/root-servers.net.zone.gz’ -- not retrieving.
Remote file no newer than local file ‘./domain/root-servers.net.zone.gz.md5’ -- not retrieving.
Remote file no newer than local file ‘./domain/root-servers.net.zone.gz.sig’ -- not retrieving.
The sizes do not match (local 2232482) -- retrieving.

--2017-03-09 00:01:49--  ftp://ftp.internic.net/domain/root.zone
           => ‘./domain/root.zone’
==> CWD not required.
--> PASV

227 Entering Passive Mode (192,0,32,9,90,25)
--> RETR root.zone

150 Opening BINARY mode data connection for root.zone (2231160 bytes).
Length: 2231160 (2.1M)

     0K .......... .......... .......... .......... ..........  2% 73.0K 29s
    50K .......... .......... .......... .......... ..........  4%  222K 19s
   100K .......... .......... .......... .......... ..........  6%  216K 15s
   150K .......... .......... .......... .......... ..........  9%  111K 16s
   200K .......... .......... .......... .......... .......... 11%  108K 16s
   250K .......... .......... .......... .......... .......... 13%  110K 16s
   300K .......... .......... .......... .......... .......... 16%  217K 14s
   350K .......... .......... .......... .......... .......... 18% 44.1K 17s
   400K .......... .......... .......... .......... .......... 20% 54.4K 18s
   450K .......... .......... .......... .......... .......... 22% 55.2K 19s
   500K .......... .......... .......... .......... .......... 25% 68.6K 19s
   550K .......... .......... .......... .......... .......... 27% 46.3K 20s
   600K .......... .......... .......... .......... .......... 29% 99.4K 19s
   650K .......... .......... .......... .......... .......... 32% 79.9K 18s
   700K .......... .......... .......... .......... .......... 34% 83.1K 18s
   750K .......... .......... .......... .......... .......... 36% 86.4K 17s
   800K .......... .......... .......... .......... .......... 39% 73.7K 16s
   850K .......... .......... .......... .......... .......... 41% 55.2K 16s
   900K .......... .......... .......... .......... .......... 43% 62.1K 16s
   950K .......... .......... .......... .......... .......... 45% 62.8K 15s
  1000K .......... .......... .......... .......... .......... 48% 98.5K 15s
  1050K .......... .......... .......... .......... .......... 50% 78.7K 14s
  1100K .......... .......... .......... .......... .......... 52% 95.4K 13s
  1150K .......... .......... .......... .......... .......... 55% 69.6K 13s
  1200K .......... .......... .......... .......... .......... 57% 83.2K 12s
  1250K .......... .......... .......... .......... .......... 59% 55.4K 11s
  1300K .......... .......... .......... .......... .......... 61% 72.3K 11s
  1350K .......... .......... .......... .......... .......... 64% 73.8K 10s
  1400K .......... .......... .......... .......... .......... 66% 70.2K 10s
  1450K .......... .......... .......... .......... .......... 68% 88.1K 9s
  1500K .......... .......... .......... .......... .......... 71% 59.4K 8s
  1550K .......... .......... .......... .......... .......... 73% 87.2K 8s
  1600K .......... .......... .......... .......... .......... 75% 82.7K 7s
  1650K .......... .......... .......... .......... .......... 78% 72.1K 6s
  1700K .......... .......... .......... .......... .......... 80% 73.8K 6s
  1750K .......... .......... .......... .......... .......... 82% 72.4K 5s
  1800K .......... .......... .......... .......... .......... 84% 94.4K 4s
  1850K .......... .......... .......... .......... .......... 87% 73.5K 4s
  1900K .......... .......... .......... .......... .......... 89% 73.9K 3s
  1950K .......... .......... .......... .......... .......... 91% 73.9K 2s
  2000K .......... .......... .......... .......... .......... 94% 73.6K 2s
  2050K .......... .......... .......... .......... .......... 96% 72.8K 1s
  2100K .......... .......... .......... .......... .......... 98% 72.9K 0s
  2150K .......... .......... ........                        100% 67.6K=29s

226 Transfer complete.
2017-03-09 00:02:19 (76.0 KB/s) - ‘./domain/root.zone’ saved [2231160]

The sizes do not match (local 1048686) -- retrieving.

--2017-03-09 00:02:19--  ftp://ftp.internic.net/domain/root.zone.gz
           => ‘./domain/root.zone.gz’
==> CWD not required.
--> PASV

227 Entering Passive Mode (192,0,32,9,42,12)
--> RETR root.zone.gz

150 Opening BINARY mode data connection for root.zone.gz (1047907 bytes).
Length: 1047907 (1023K)

     0K .......... .......... .......... .......... ..........  4% 73.5K 13s
    50K .......... .......... .......... .......... ..........  9%  224K 8s
   100K .......... .......... .......... .......... .......... 14% 73.2K 9s
   150K .......... .......... .......... .......... .......... 19%  224K 7s
   200K .......... .......... .......... .......... .......... 24%  110K 7s
   250K .......... .......... .......... .......... .......... 29%  220K 6s
   300K .......... .......... .......... .......... .......... 34%  111K 6s
   350K .......... .......... .......... .......... .......... 39%  109K 5s
   400K .......... .......... .......... .......... .......... 43% 74.2K 5s
   450K .......... .......... .......... .......... .......... 48% 79.0K 5s
   500K .......... .......... .......... .......... .......... 53% 55.3K 5s
   550K .......... .......... .......... .......... .......... 58%  149K 4s
   600K .......... .......... .......... .......... .......... 63% 82.3K 4s
   650K .......... .......... .......... .......... .......... 68% 74.0K 3s
   700K .......... .......... .......... .......... .......... 73%  111K 3s
   750K .......... .......... .......... .......... .......... 78% 73.8K 2s
   800K .......... .......... .......... .......... .......... 83% 73.8K 2s
   850K .......... .......... .......... .......... .......... 87% 72.1K 1s
   900K .......... .......... .......... .......... .......... 92% 92.8K 1s
   950K .......... .......... .......... .......... .......... 97% 60.1K 0s
  1000K .......... .......... ...                             100% 11.6K=13s

226 Transfer complete.
2017-03-09 00:02:33 (78.0 KB/s) - ‘./domain/root.zone.gz’ saved [1047907]

Remote file is newer than local file ‘./domain/root.zone.gz.md5’ -- retrieving.

--2017-03-09 00:02:33--  ftp://ftp.internic.net/domain/root.zone.gz.md5
           => ‘./domain/root.zone.gz.md5’
==> CWD not required.
--> PASV

227 Entering Passive Mode (192,0,32,9,157,84)
--> RETR root.zone.gz.md5

150 Opening BINARY mode data connection for root.zone.gz.md5 (33 bytes).
Length: 33

     0K                                                       100%  288K=0s

226 Transfer complete.
2017-03-09 00:02:34 (288 KB/s) - ‘./domain/root.zone.gz.md5’ saved [33]

Remote file is newer than local file ‘./domain/root.zone.gz.sig’ -- retrieving.

--2017-03-09 00:02:34--  ftp://ftp.internic.net/domain/root.zone.gz.sig
           => ‘./domain/root.zone.gz.sig’
==> CWD not required.
--> PASV

227 Entering Passive Mode (192,0,32,9,41,128)
--> RETR root.zone.gz.sig

150 Opening BINARY mode data connection for root.zone.gz.sig (72 bytes).
Length: 72

     0K                                                       100%  382K=0s

226 Transfer complete.
2017-03-09 00:02:35 (382 KB/s) - ‘./domain/root.zone.gz.sig’ saved [72]

Remote file is newer than local file ‘./domain/root.zone.md5’ -- retrieving.

--2017-03-09 00:02:35--  ftp://ftp.internic.net/domain/root.zone.md5
           => ‘./domain/root.zone.md5’
==> CWD not required.
--> PASV

227 Entering Passive Mode (192,0,32,9,41,128)
--> RETR root.zone.md5

150 Opening BINARY mode data connection for root.zone.md5 (33 bytes).
Length: 33

     0K                                                       100%  280K=0s

226 Transfer complete.
2017-03-09 00:02:36 (280 KB/s) - ‘./domain/root.zone.md5’ saved [33]

Remote file is newer than local file ‘./domain/root.zone.sig’ -- retrieving.

--2017-03-09 00:02:36--  ftp://ftp.internic.net/domain/root.zone.sig
           => ‘./domain/root.zone.sig’
==> CWD not required.
--> PASV

227 Entering Passive Mode (192,0,32,9,41,159)
--> RETR root.zone.sig

150 Opening BINARY mode data connection for root.zone.sig (72 bytes).
Length: 72

     0K                                                       100%  622K=0s

226 Transfer complete.
2017-03-09 00:02:38 (622 KB/s) - ‘./domain/root.zone.sig’ saved [72]

FINISHED --2017-03-09 00:02:38--
Total wall clock time: 2m 33s
Downloaded: 40 files, 3.9M in 1m 0s (66.6 KB/s)
