--2017-08-23 00:00:02--  ftp://ftp.internic.net/*
           => ‘./.listing’
Resolving ftp.internic.net (ftp.internic.net)... 192.0.32.9, 2620:0:2d0:200::9
Connecting to ftp.internic.net (ftp.internic.net)|192.0.32.9|:21... connected.
Logging in as anonymous ... 
220 Internic FTP Server
--> USER anonymous

331 Please specify the password.
--> PASS Turtle Power!

230 Login successful.
--> SYST

215 UNIX Type: L8
--> PWD

257 "/"
--> TYPE I

200 Switching to Binary mode.
==> CWD not needed.
--> PASV

227 Entering Passive Mode (192,0,32,9,223,168)
--> LIST -a

150 Here comes the directory listing.

     0K                                                         103K=0.002s

226 Directory send OK.
drwxr-xr-x    3 ftp      ftp          4096 Apr 04  2012 .
drwxr-xr-x    3 ftp      ftp          4096 Apr 04  2012 ..
drwxr-xr-x    2 ftp      ftp          4096 Sep 09  2015 domain
2017-08-23 00:00:06 (103 KB/s) - ‘./.listing’ saved [183]

--2017-08-23 00:00:06--  ftp://ftp.internic.net/domain/*
           => ‘./domain/.listing’
--> CWD /domain

250 Directory successfully changed.
--> PASV

227 Entering Passive Mode (192,0,32,9,42,80)
--> LIST -a

150 Here comes the directory listing.

     0K ...                                                     476K=0.008s

226 Directory send OK.
drwxr-xr-x    2 ftp      ftp          4096 Sep 09  2015 .
drwxr-xr-x    3 ftp      ftp          4096 Apr 04  2012 ..
-rw-r--r--    1 ftp      ftp          1829 Aug 18  2015 .listing
-rw-r--r--    1 ftp      ftp          1224 Aug 22 12:43 INTERNIC_ROOT_ZONE.signatures
-rw-r--r--    1 ftp      ftp          1469 Aug 22 12:43 INTERNIC_ROOT_ZONE.signatures.asc
-rw-r--r--    1 ftp      ftp         15228 Aug 22 12:43 arpa.zone
-rw-r--r--    1 ftp      ftp          6644 Aug 22 12:43 arpa.zone.gz
-rw-r--r--    1 ftp      ftp            33 Aug 22 12:43 arpa.zone.gz.md5
-rw-r--r--    1 ftp      ftp            72 Aug 22 12:43 arpa.zone.gz.sig
-rw-r--r--    1 ftp      ftp          3314 Jul 26 14:54 db.cache
-rw-r--r--    1 ftp      ftp            33 Jul 26 14:54 db.cache.md5
-rw-r--r--    1 ftp      ftp            72 Jul 26 14:54 db.cache.sig
-rw-r--r--    1 ftp      ftp        228558 Aug 22 15:40 in-addr.arpa
-rw-r--r--    1 ftp      ftp         90794 Aug 22 15:40 in-addr.arpa.gz
-rw-r--r--    1 ftp      ftp            55 Aug 22 15:40 in-addr.arpa.gz.md5
-rw-r--r--    1 ftp      ftp            90 Aug 22 15:40 in-addr.arpa.gz.sha256
-rw-r--r--    1 ftp      ftp            52 Aug 22 15:40 in-addr.arpa.md5
-rw-r--r--    1 ftp      ftp            87 Aug 22 15:40 in-addr.arpa.sha256
-rw-r--r--    1 ftp      ftp        228558 Aug 22 15:40 in-addr.arpa.zone
-rw-r--r--    1 ftp      ftp         90794 Aug 22 15:40 in-addr.arpa.zone.gz
-rw-r--r--    1 ftp      ftp            60 Aug 22 15:40 in-addr.arpa.zone.gz.md5
-rw-r--r--    1 ftp      ftp            95 Aug 22 15:40 in-addr.arpa.zone.gz.sha256
-rw-r--r--    1 ftp      ftp            57 Aug 22 15:40 in-addr.arpa.zone.md5
-rw-r--r--    1 ftp      ftp            92 Aug 22 15:40 in-addr.arpa.zone.sha256
-rw-r--r--    1 ftp      ftp         61151 Aug 22 15:40 ip6.arpa
-rw-r--r--    1 ftp      ftp         24384 Aug 22 15:40 ip6.arpa.gz
-rw-r--r--    1 ftp      ftp            51 Aug 22 15:40 ip6.arpa.gz.md5
-rw-r--r--    1 ftp      ftp            86 Aug 22 15:40 ip6.arpa.gz.sha256
-rw-r--r--    1 ftp      ftp            48 Aug 22 15:40 ip6.arpa.md5
-rw-r--r--    1 ftp      ftp            83 Aug 22 15:40 ip6.arpa.sha256
-rw-r--r--    1 ftp      ftp         61151 Aug 22 15:40 ip6.arpa.zone
-rw-r--r--    1 ftp      ftp         24384 Aug 22 15:40 ip6.arpa.zone.gz
-rw-r--r--    1 ftp      ftp            56 Aug 22 15:40 ip6.arpa.zone.gz.md5
-rw-r--r--    1 ftp      ftp            91 Aug 22 15:40 ip6.arpa.zone.gz.sha256
-rw-r--r--    1 ftp      ftp            53 Aug 22 15:40 ip6.arpa.zone.md5
-rw-r--r--    1 ftp      ftp            88 Aug 22 15:40 ip6.arpa.zone.sha256
-rw-r--r--    1 ftp      ftp            21 Aug 22 15:40 last_update.txt
-rw-r--r--    1 ftp      ftp          3314 Jul 26 14:54 named.cache
-rw-r--r--    1 ftp      ftp            33 Jul 26 14:54 named.cache.md5
-rw-r--r--    1 ftp      ftp            72 Jul 26 14:54 named.cache.sig
-rw-r--r--    1 ftp      ftp          3314 Jul 26 14:54 named.root
-rw-r--r--    1 ftp      ftp            33 Jul 26 14:54 named.root.md5
-rw-r--r--    1 ftp      ftp            72 Jul 26 14:54 named.root.sig
-rw-r--r--    1 ftp      ftp          2111 Jul 26 14:53 root-servers.net.zone
-rw-r--r--    1 ftp      ftp           573 Jul 26 14:53 root-servers.net.zone.gz
-rw-r--r--    1 ftp      ftp            33 Jul 26 14:53 root-servers.net.zone.gz.md5
-rw-r--r--    1 ftp      ftp            72 Jul 26 14:53 root-servers.net.zone.gz.sig
-rw-r--r--    1 ftp      ftp       2263495 Aug 22 05:13 root.zone
-rw-r--r--    1 ftp      ftp       1063064 Aug 22 05:13 root.zone.gz
-rw-r--r--    1 ftp      ftp            33 Aug 22 05:13 root.zone.gz.md5
-rw-r--r--    1 ftp      ftp            72 Aug 22 05:13 root.zone.gz.sig
-rw-r--r--    1 ftp      ftp            33 Aug 22 05:13 root.zone.md5
-rw-r--r--    1 ftp      ftp            72 Aug 22 05:13 root.zone.sig
2017-08-23 00:00:07 (476 KB/s) - ‘./domain/.listing’ saved [3930]

The sizes do not match (local 3930) -- retrieving.

--2017-08-23 00:00:07--  ftp://ftp.internic.net/domain/.listing
           => ‘./domain/.listing’
==> CWD not required.
--> PASV

227 Entering Passive Mode (192,0,32,9,42,58)
--> RETR .listing

150 Opening BINARY mode data connection for .listing (1829 bytes).
Length: 1829 (1.8K)

     0K .                                                     100%  514K=0.003s

226 Transfer complete.
2017-08-23 00:00:08 (514 KB/s) - ‘./domain/.listing’ saved [1829]

Remote file is newer than local file ‘./domain/INTERNIC_ROOT_ZONE.signatures’ -- retrieving.

--2017-08-23 00:00:08--  ftp://ftp.internic.net/domain/INTERNIC_ROOT_ZONE.signatures
           => ‘./domain/INTERNIC_ROOT_ZONE.signatures’
==> CWD not required.
--> PASV

227 Entering Passive Mode (192,0,32,9,53,53)
--> RETR INTERNIC_ROOT_ZONE.signatures

150 Opening BINARY mode data connection for INTERNIC_ROOT_ZONE.signatures (1224 bytes).
Length: 1224 (1.2K)

     0K .                                                     100% 1.98M=0.001s

226 Transfer complete.
2017-08-23 00:00:10 (1.98 MB/s) - ‘./domain/INTERNIC_ROOT_ZONE.signatures’ saved [1224]

Remote file is newer than local file ‘./domain/INTERNIC_ROOT_ZONE.signatures.asc’ -- retrieving.

--2017-08-23 00:00:10--  ftp://ftp.internic.net/domain/INTERNIC_ROOT_ZONE.signatures.asc
           => ‘./domain/INTERNIC_ROOT_ZONE.signatures.asc’
==> CWD not required.
--> PASV

227 Entering Passive Mode (192,0,32,9,74,170)
--> RETR INTERNIC_ROOT_ZONE.signatures.asc

150 Opening BINARY mode data connection for INTERNIC_ROOT_ZONE.signatures.asc (1469 bytes).
Length: 1469 (1.4K)

     0K .                                                     100%  842K=0.002s

226 Transfer complete.
2017-08-23 00:00:11 (842 KB/s) - ‘./domain/INTERNIC_ROOT_ZONE.signatures.asc’ saved [1469]

Remote file is newer than local file ‘./domain/arpa.zone’ -- retrieving.

--2017-08-23 00:00:11--  ftp://ftp.internic.net/domain/arpa.zone
           => ‘./domain/arpa.zone’
==> CWD not required.
--> PASV

227 Entering Passive Mode (192,0,32,9,11,59)
--> RETR arpa.zone

150 Opening BINARY mode data connection for arpa.zone (15228 bytes).
Length: 15228 (15K)

     0K .......... ....                                       100% 2.44M=0.006s

226 Transfer complete.
2017-08-23 00:00:12 (2.44 MB/s) - ‘./domain/arpa.zone’ saved [15228]

The sizes do not match (local 6646) -- retrieving.

--2017-08-23 00:00:12--  ftp://ftp.internic.net/domain/arpa.zone.gz
           => ‘./domain/arpa.zone.gz’
==> CWD not required.
--> PASV

227 Entering Passive Mode (192,0,32,9,5,88)
--> RETR arpa.zone.gz

150 Opening BINARY mode data connection for arpa.zone.gz (6644 bytes).
Length: 6644 (6.5K)

     0K ......                                                100% 2.61M=0.002s

226 Transfer complete.
2017-08-23 00:00:13 (2.61 MB/s) - ‘./domain/arpa.zone.gz’ saved [6644]

Remote file is newer than local file ‘./domain/arpa.zone.gz.md5’ -- retrieving.

--2017-08-23 00:00:13--  ftp://ftp.internic.net/domain/arpa.zone.gz.md5
           => ‘./domain/arpa.zone.gz.md5’
==> CWD not required.
--> PASV

227 Entering Passive Mode (192,0,32,9,146,168)
--> RETR arpa.zone.gz.md5

150 Opening BINARY mode data connection for arpa.zone.gz.md5 (33 bytes).
Length: 33

     0K                                                       100%  632K=0s

226 Transfer complete.
2017-08-23 00:00:15 (632 KB/s) - ‘./domain/arpa.zone.gz.md5’ saved [33]

Remote file is newer than local file ‘./domain/arpa.zone.gz.sig’ -- retrieving.

--2017-08-23 00:00:15--  ftp://ftp.internic.net/domain/arpa.zone.gz.sig
           => ‘./domain/arpa.zone.gz.sig’
==> CWD not required.
--> PASV

227 Entering Passive Mode (192,0,32,9,202,189)
--> RETR arpa.zone.gz.sig

150 Opening BINARY mode data connection for arpa.zone.gz.sig (72 bytes).
Length: 72

     0K                                                       100%  990K=0s

226 Transfer complete.
2017-08-23 00:00:16 (990 KB/s) - ‘./domain/arpa.zone.gz.sig’ saved [72]

Remote file no newer than local file ‘./domain/db.cache’ -- not retrieving.
Remote file no newer than local file ‘./domain/db.cache.md5’ -- not retrieving.
Remote file no newer than local file ‘./domain/db.cache.sig’ -- not retrieving.
The sizes do not match (local 228780) -- retrieving.

--2017-08-23 00:00:16--  ftp://ftp.internic.net/domain/in-addr.arpa
           => ‘./domain/in-addr.arpa’
==> CWD not required.
--> PASV

227 Entering Passive Mode (192,0,32,9,41,41)
--> RETR in-addr.arpa

150 Opening BINARY mode data connection for in-addr.arpa (228558 bytes).
Length: 228558 (223K)

     0K .......... .......... .......... .......... .......... 22% 84.5K 2s
    50K .......... .......... .......... .......... .......... 44%  166K 1s
   100K .......... .......... .......... .......... .......... 67% 2.83M 0s
   150K .......... .......... .......... .......... .......... 89%  162K 0s
   200K .......... .......... ...                             100% 4.30M=1.2s

226 Transfer complete.
2017-08-23 00:00:18 (182 KB/s) - ‘./domain/in-addr.arpa’ saved [228558]

The sizes do not match (local 90923) -- retrieving.

--2017-08-23 00:00:18--  ftp://ftp.internic.net/domain/in-addr.arpa.gz
           => ‘./domain/in-addr.arpa.gz’
==> CWD not required.
--> PASV

227 Entering Passive Mode (192,0,32,9,42,61)
--> RETR in-addr.arpa.gz

150 Opening BINARY mode data connection for in-addr.arpa.gz (90794 bytes).
Length: 90794 (89K)

     0K .......... .......... .......... .......... .......... 56% 80.5K 0s
    50K .......... .......... .......... ........             100% 4.81M=0.6s

226 Transfer complete.
2017-08-23 00:00:20 (141 KB/s) - ‘./domain/in-addr.arpa.gz’ saved [90794]

Remote file is newer than local file ‘./domain/in-addr.arpa.gz.md5’ -- retrieving.

--2017-08-23 00:00:20--  ftp://ftp.internic.net/domain/in-addr.arpa.gz.md5
           => ‘./domain/in-addr.arpa.gz.md5’
==> CWD not required.
--> PASV

227 Entering Passive Mode (192,0,32,9,45,173)
--> RETR in-addr.arpa.gz.md5

150 Opening BINARY mode data connection for in-addr.arpa.gz.md5 (55 bytes).
Length: 55

     0K                                                       100% 1.17M=0s

226 Transfer complete.
2017-08-23 00:00:21 (1.17 MB/s) - ‘./domain/in-addr.arpa.gz.md5’ saved [55]

Remote file is newer than local file ‘./domain/in-addr.arpa.gz.sha256’ -- retrieving.

--2017-08-23 00:00:21--  ftp://ftp.internic.net/domain/in-addr.arpa.gz.sha256
           => ‘./domain/in-addr.arpa.gz.sha256’
==> CWD not required.
--> PASV

227 Entering Passive Mode (192,0,32,9,58,64)
--> RETR in-addr.arpa.gz.sha256

150 Opening BINARY mode data connection for in-addr.arpa.gz.sha256 (90 bytes).
Length: 90

     0K                                                       100% 6.64K=0.01s

226 Transfer complete.
2017-08-23 00:00:22 (6.64 KB/s) - ‘./domain/in-addr.arpa.gz.sha256’ saved [90]

Remote file is newer than local file ‘./domain/in-addr.arpa.md5’ -- retrieving.

--2017-08-23 00:00:22--  ftp://ftp.internic.net/domain/in-addr.arpa.md5
           => ‘./domain/in-addr.arpa.md5’
==> CWD not required.
--> PASV

227 Entering Passive Mode (192,0,32,9,42,125)
--> RETR in-addr.arpa.md5

150 Opening BINARY mode data connection for in-addr.arpa.md5 (52 bytes).
Length: 52

     0K                                                       100% 1.03M=0s

226 Transfer complete.
2017-08-23 00:00:24 (1.03 MB/s) - ‘./domain/in-addr.arpa.md5’ saved [52]

Remote file is newer than local file ‘./domain/in-addr.arpa.sha256’ -- retrieving.

--2017-08-23 00:00:24--  ftp://ftp.internic.net/domain/in-addr.arpa.sha256
           => ‘./domain/in-addr.arpa.sha256’
==> CWD not required.
--> PASV

227 Entering Passive Mode (192,0,32,9,140,124)
--> RETR in-addr.arpa.sha256

150 Opening BINARY mode data connection for in-addr.arpa.sha256 (87 bytes).
Length: 87

     0K                                                       100% 1.17M=0s

226 Transfer complete.
2017-08-23 00:00:25 (1.17 MB/s) - ‘./domain/in-addr.arpa.sha256’ saved [87]

The sizes do not match (local 228780) -- retrieving.

--2017-08-23 00:00:25--  ftp://ftp.internic.net/domain/in-addr.arpa.zone
           => ‘./domain/in-addr.arpa.zone’
==> CWD not required.
--> PASV

227 Entering Passive Mode (192,0,32,9,80,151)
--> RETR in-addr.arpa.zone

150 Opening BINARY mode data connection for in-addr.arpa.zone (228558 bytes).
Length: 228558 (223K)

     0K .......... .......... .......... .......... .......... 22% 84.4K 2s
    50K .......... .......... .......... .......... .......... 44% 78.7K 2s
   100K .......... .......... .......... .......... .......... 67%  156K 1s
   150K .......... .......... .......... .......... .......... 89%  160K 0s
   200K .......... .......... ...                             100% 80.5K=2.1s

226 Transfer complete.
2017-08-23 00:00:28 (104 KB/s) - ‘./domain/in-addr.arpa.zone’ saved [228558]

The sizes do not match (local 90923) -- retrieving.

--2017-08-23 00:00:28--  ftp://ftp.internic.net/domain/in-addr.arpa.zone.gz
           => ‘./domain/in-addr.arpa.zone.gz’
==> CWD not required.
--> PASV

227 Entering Passive Mode (192,0,32,9,93,160)
--> RETR in-addr.arpa.zone.gz

150 Opening BINARY mode data connection for in-addr.arpa.zone.gz (90794 bytes).
Length: 90794 (89K)

     0K .......... .......... .......... .......... .......... 56% 96.2K 0s
    50K .......... .......... .......... ........             100% 1.21M=0.6s

226 Transfer complete.
2017-08-23 00:00:30 (161 KB/s) - ‘./domain/in-addr.arpa.zone.gz’ saved [90794]

Remote file is newer than local file ‘./domain/in-addr.arpa.zone.gz.md5’ -- retrieving.

--2017-08-23 00:00:30--  ftp://ftp.internic.net/domain/in-addr.arpa.zone.gz.md5
           => ‘./domain/in-addr.arpa.zone.gz.md5’
==> CWD not required.
--> PASV

227 Entering Passive Mode (192,0,32,9,41,25)
--> RETR in-addr.arpa.zone.gz.md5

150 Opening BINARY mode data connection for in-addr.arpa.zone.gz.md5 (60 bytes).
Length: 60

     0K                                                       100% 1.14M=0s

226 Transfer complete.
2017-08-23 00:00:31 (1.14 MB/s) - ‘./domain/in-addr.arpa.zone.gz.md5’ saved [60]

Remote file is newer than local file ‘./domain/in-addr.arpa.zone.gz.sha256’ -- retrieving.

--2017-08-23 00:00:31--  ftp://ftp.internic.net/domain/in-addr.arpa.zone.gz.sha256
           => ‘./domain/in-addr.arpa.zone.gz.sha256’
==> CWD not required.
--> PASV

227 Entering Passive Mode (192,0,32,9,41,83)
--> RETR in-addr.arpa.zone.gz.sha256

150 Opening BINARY mode data connection for in-addr.arpa.zone.gz.sha256 (95 bytes).
Length: 95

     0K                                                       100% 1.09M=0s

226 Transfer complete.
2017-08-23 00:00:32 (1.09 MB/s) - ‘./domain/in-addr.arpa.zone.gz.sha256’ saved [95]

Remote file is newer than local file ‘./domain/in-addr.arpa.zone.md5’ -- retrieving.

--2017-08-23 00:00:32--  ftp://ftp.internic.net/domain/in-addr.arpa.zone.md5
           => ‘./domain/in-addr.arpa.zone.md5’
==> CWD not required.
--> PASV

227 Entering Passive Mode (192,0,32,9,41,132)
--> RETR in-addr.arpa.zone.md5

150 Opening BINARY mode data connection for in-addr.arpa.zone.md5 (57 bytes).
Length: 57

     0K                                                       100% 1.11M=0s

226 Transfer complete.
2017-08-23 00:00:34 (1.11 MB/s) - ‘./domain/in-addr.arpa.zone.md5’ saved [57]

Remote file is newer than local file ‘./domain/in-addr.arpa.zone.sha256’ -- retrieving.

--2017-08-23 00:00:34--  ftp://ftp.internic.net/domain/in-addr.arpa.zone.sha256
           => ‘./domain/in-addr.arpa.zone.sha256’
==> CWD not required.
--> PASV

227 Entering Passive Mode (192,0,32,9,169,196)
--> RETR in-addr.arpa.zone.sha256

150 Opening BINARY mode data connection for in-addr.arpa.zone.sha256 (92 bytes).
Length: 92

     0K                                                       100%  987K=0s

226 Transfer complete.
2017-08-23 00:00:35 (987 KB/s) - ‘./domain/in-addr.arpa.zone.sha256’ saved [92]

The sizes do not match (local 61369) -- retrieving.

--2017-08-23 00:00:35--  ftp://ftp.internic.net/domain/ip6.arpa
           => ‘./domain/ip6.arpa’
==> CWD not required.
--> PASV

227 Entering Passive Mode (192,0,32,9,190,164)
--> RETR ip6.arpa

150 Opening BINARY mode data connection for ip6.arpa (61151 bytes).
Length: 61151 (60K)

     0K .......... .......... .......... .......... .......... 83% 29.2K 0s
    50K .........                                             100% 38.8K=2.0s

226 Transfer complete.
2017-08-23 00:00:38 (30.4 KB/s) - ‘./domain/ip6.arpa’ saved [61151]

The sizes do not match (local 24499) -- retrieving.

--2017-08-23 00:00:38--  ftp://ftp.internic.net/domain/ip6.arpa.gz
           => ‘./domain/ip6.arpa.gz’
==> CWD not required.
--> PASV

227 Entering Passive Mode (192,0,32,9,166,204)
--> RETR ip6.arpa.gz

150 Opening BINARY mode data connection for ip6.arpa.gz (24384 bytes).
Length: 24384 (24K)

     0K .......... .......... ...                             100% 93.0K=0.3s

226 Transfer complete.
2017-08-23 00:00:39 (93.0 KB/s) - ‘./domain/ip6.arpa.gz’ saved [24384]

Remote file is newer than local file ‘./domain/ip6.arpa.gz.md5’ -- retrieving.

--2017-08-23 00:00:39--  ftp://ftp.internic.net/domain/ip6.arpa.gz.md5
           => ‘./domain/ip6.arpa.gz.md5’
==> CWD not required.
--> PASV

227 Entering Passive Mode (192,0,32,9,108,70)
--> RETR ip6.arpa.gz.md5

150 Opening BINARY mode data connection for ip6.arpa.gz.md5 (51 bytes).
Length: 51

     0K                                                       100% 1.06M=0s

226 Transfer complete.
2017-08-23 00:00:40 (1.06 MB/s) - ‘./domain/ip6.arpa.gz.md5’ saved [51]

Remote file is newer than local file ‘./domain/ip6.arpa.gz.sha256’ -- retrieving.

--2017-08-23 00:00:40--  ftp://ftp.internic.net/domain/ip6.arpa.gz.sha256
           => ‘./domain/ip6.arpa.gz.sha256’
==> CWD not required.
--> PASV

227 Entering Passive Mode (192,0,32,9,231,55)
--> RETR ip6.arpa.gz.sha256

150 Opening BINARY mode data connection for ip6.arpa.gz.sha256 (86 bytes).
Length: 86

     0K                                                       100%  154K=0.001s

226 Transfer complete.
2017-08-23 00:00:41 (154 KB/s) - ‘./domain/ip6.arpa.gz.sha256’ saved [86]

Remote file is newer than local file ‘./domain/ip6.arpa.md5’ -- retrieving.

--2017-08-23 00:00:41--  ftp://ftp.internic.net/domain/ip6.arpa.md5
           => ‘./domain/ip6.arpa.md5’
==> CWD not required.
--> PASV

227 Entering Passive Mode (192,0,32,9,157,7)
--> RETR ip6.arpa.md5

150 Opening BINARY mode data connection for ip6.arpa.md5 (48 bytes).
Length: 48

     0K                                                       100%  919K=0s

226 Transfer complete.
2017-08-23 00:00:42 (919 KB/s) - ‘./domain/ip6.arpa.md5’ saved [48]

Remote file is newer than local file ‘./domain/ip6.arpa.sha256’ -- retrieving.

--2017-08-23 00:00:42--  ftp://ftp.internic.net/domain/ip6.arpa.sha256
           => ‘./domain/ip6.arpa.sha256’
==> CWD not required.
--> PASV

227 Entering Passive Mode (192,0,32,9,41,254)
--> RETR ip6.arpa.sha256

150 Opening BINARY mode data connection for ip6.arpa.sha256 (83 bytes).
Length: 83

     0K                                                       100% 31.5K=0.003s

226 Transfer complete.
2017-08-23 00:00:43 (31.5 KB/s) - ‘./domain/ip6.arpa.sha256’ saved [83]

The sizes do not match (local 61369) -- retrieving.

--2017-08-23 00:00:43--  ftp://ftp.internic.net/domain/ip6.arpa.zone
           => ‘./domain/ip6.arpa.zone’
==> CWD not required.
--> PASV

227 Entering Passive Mode (192,0,32,9,42,16)
--> RETR ip6.arpa.zone

150 Opening BINARY mode data connection for ip6.arpa.zone (61151 bytes).
Length: 61151 (60K)

     0K .......... .......... .......... .......... .......... 83% 62.0K 0s
    50K .........                                             100%  407K=0.8s

226 Transfer complete.
2017-08-23 00:00:45 (71.9 KB/s) - ‘./domain/ip6.arpa.zone’ saved [61151]

The sizes do not match (local 24499) -- retrieving.

--2017-08-23 00:00:45--  ftp://ftp.internic.net/domain/ip6.arpa.zone.gz
           => ‘./domain/ip6.arpa.zone.gz’
==> CWD not required.
--> PASV

227 Entering Passive Mode (192,0,32,9,186,23)
--> RETR ip6.arpa.zone.gz

150 Opening BINARY mode data connection for ip6.arpa.zone.gz (24384 bytes).
Length: 24384 (24K)

     0K .......... .......... ...                             100% 89.4K=0.3s

226 Transfer complete.
2017-08-23 00:00:46 (89.4 KB/s) - ‘./domain/ip6.arpa.zone.gz’ saved [24384]

Remote file is newer than local file ‘./domain/ip6.arpa.zone.gz.md5’ -- retrieving.

--2017-08-23 00:00:46--  ftp://ftp.internic.net/domain/ip6.arpa.zone.gz.md5
           => ‘./domain/ip6.arpa.zone.gz.md5’
==> CWD not required.
--> PASV

227 Entering Passive Mode (192,0,32,9,59,70)
--> RETR ip6.arpa.zone.gz.md5

150 Opening BINARY mode data connection for ip6.arpa.zone.gz.md5 (56 bytes).
Length: 56

     0K                                                       100% 2.27K=0.02s

226 Transfer complete.
2017-08-23 00:00:47 (2.27 KB/s) - ‘./domain/ip6.arpa.zone.gz.md5’ saved [56]

Remote file is newer than local file ‘./domain/ip6.arpa.zone.gz.sha256’ -- retrieving.

--2017-08-23 00:00:47--  ftp://ftp.internic.net/domain/ip6.arpa.zone.gz.sha256
           => ‘./domain/ip6.arpa.zone.gz.sha256’
==> CWD not required.
--> PASV

227 Entering Passive Mode (192,0,32,9,41,195)
--> RETR ip6.arpa.zone.gz.sha256

150 Opening BINARY mode data connection for ip6.arpa.zone.gz.sha256 (91 bytes).
Length: 91

     0K                                                       100% 18.9K=0.005s

226 Transfer complete.
2017-08-23 00:00:49 (18.9 KB/s) - ‘./domain/ip6.arpa.zone.gz.sha256’ saved [91]

Remote file is newer than local file ‘./domain/ip6.arpa.zone.md5’ -- retrieving.

--2017-08-23 00:00:49--  ftp://ftp.internic.net/domain/ip6.arpa.zone.md5
           => ‘./domain/ip6.arpa.zone.md5’
==> CWD not required.
--> PASV

227 Entering Passive Mode (192,0,32,9,42,74)
--> RETR ip6.arpa.zone.md5

150 Opening BINARY mode data connection for ip6.arpa.zone.md5 (53 bytes).
Length: 53

     0K                                                       100% 26.9K=0.002s

226 Transfer complete.
2017-08-23 00:00:50 (26.9 KB/s) - ‘./domain/ip6.arpa.zone.md5’ saved [53]

Remote file is newer than local file ‘./domain/ip6.arpa.zone.sha256’ -- retrieving.

--2017-08-23 00:00:50--  ftp://ftp.internic.net/domain/ip6.arpa.zone.sha256
           => ‘./domain/ip6.arpa.zone.sha256’
==> CWD not required.
--> PASV

227 Entering Passive Mode (192,0,32,9,7,96)
--> RETR ip6.arpa.zone.sha256

150 Opening BINARY mode data connection for ip6.arpa.zone.sha256 (88 bytes).
Length: 88

     0K                                                       100% 14.5K=0.006s

226 Transfer complete.
2017-08-23 00:00:51 (14.5 KB/s) - ‘./domain/ip6.arpa.zone.sha256’ saved [88]

Remote file is newer than local file ‘./domain/last_update.txt’ -- retrieving.

--2017-08-23 00:00:51--  ftp://ftp.internic.net/domain/last_update.txt
           => ‘./domain/last_update.txt’
==> CWD not required.
--> PASV

227 Entering Passive Mode (192,0,32,9,18,8)
--> RETR last_update.txt

150 Opening BINARY mode data connection for last_update.txt (21 bytes).
Length: 21

     0K                                                       100%  266K=0s

226 Transfer complete.
2017-08-23 00:00:52 (266 KB/s) - ‘./domain/last_update.txt’ saved [21]

Remote file no newer than local file ‘./domain/named.cache’ -- not retrieving.
Remote file no newer than local file ‘./domain/named.cache.md5’ -- not retrieving.
Remote file no newer than local file ‘./domain/named.cache.sig’ -- not retrieving.
Remote file no newer than local file ‘./domain/named.root’ -- not retrieving.
Remote file no newer than local file ‘./domain/named.root.md5’ -- not retrieving.
Remote file no newer than local file ‘./domain/named.root.sig’ -- not retrieving.
Remote file no newer than local file ‘./domain/root-servers.net.zone’ -- not retrieving.
Remote file no newer than local file ‘./domain/root-servers.net.zone.gz’ -- not retrieving.
Remote file no newer than local file ‘./domain/root-servers.net.zone.gz.md5’ -- not retrieving.
Remote file no newer than local file ‘./domain/root-servers.net.zone.gz.sig’ -- not retrieving.
Remote file is newer than local file ‘./domain/root.zone’ -- retrieving.

--2017-08-23 00:00:52--  ftp://ftp.internic.net/domain/root.zone
           => ‘./domain/root.zone’
==> CWD not required.
--> PASV

227 Entering Passive Mode (192,0,32,9,231,58)
--> RETR root.zone

150 Opening BINARY mode data connection for root.zone (2263495 bytes).
Length: 2263495 (2.2M)

     0K .......... .......... .......... .......... ..........  2% 88.9K 24s
    50K .......... .......... .......... .......... ..........  4% 66.6K 28s
   100K .......... .......... .......... .......... ..........  6% 95.5K 25s
   150K .......... .......... .......... .......... ..........  9%  169K 21s
   200K .......... .......... .......... .......... .......... 11% 91.5K 21s
   250K .......... .......... .......... .......... .......... 13%  104K 20s
   300K .......... .......... .......... .......... .......... 15%  148K 19s
   350K .......... .......... .......... .......... .......... 18%  194K 17s
   400K .......... .......... .......... .......... .......... 20%  192K 16s
   450K .......... .......... .......... .......... .......... 22%  194K 15s
   500K .......... .......... .......... .......... .......... 24%  218K 14s
   550K .......... .......... .......... .......... .......... 27%  200K 13s
   600K .......... .......... .......... .......... .......... 29%  654K 12s
   650K .......... .......... .......... .......... .......... 31%  215K 11s
   700K .......... .......... .......... .......... .......... 33%  637K 10s
   750K .......... .......... .......... .......... .......... 36%  213K 9s
   800K .......... .......... .......... .......... .......... 38% 1.26M 9s
   850K .......... .......... .......... .......... .......... 40%  238K 8s
   900K .......... .......... .......... .......... .......... 42% 1.26M 8s
   950K .......... .......... .......... .......... .......... 45%  301K 7s
  1000K .......... .......... .......... .......... .......... 47%  711K 7s
  1050K .......... .......... .......... .......... .......... 49%  362K 6s
  1100K .......... .......... .......... .......... .......... 52%  716K 6s
  1150K .......... .......... .......... .......... .......... 54%  752K 5s
  1200K .......... .......... .......... .......... .......... 56%  422K 5s
  1250K .......... .......... .......... .......... .......... 58%  666K 4s
  1300K .......... .......... .......... .......... .......... 61%  781K 4s
  1350K .......... .......... .......... .......... .......... 63%  416K 4s
  1400K .......... .......... .......... .......... .......... 65% 1.10M 3s
  1450K .......... .......... .......... .......... .......... 67%  574K 3s
  1500K .......... .......... .......... .......... .......... 70%  938K 3s
  1550K .......... .......... .......... .......... .......... 72%  456K 3s
  1600K .......... .......... .......... .......... .......... 74%  886K 2s
  1650K .......... .......... .......... .......... .......... 76%  796K 2s
  1700K .......... .......... .......... .......... .......... 79% 1.09M 2s
  1750K .......... .......... .......... .......... .......... 81%  478K 2s
  1800K .......... .......... .......... .......... .......... 83% 1003K 1s
  1850K .......... .......... .......... .......... .......... 85%  811K 1s
  1900K .......... .......... .......... .......... .......... 88% 1.31M 1s
  1950K .......... .......... .......... .......... .......... 90%  492K 1s
  2000K .......... .......... .......... .......... .......... 92% 1.22M 1s
  2050K .......... .......... .......... .......... .......... 95%  939K 0s
  2100K .......... .......... .......... .......... .......... 97% 1.06M 0s
  2150K .......... .......... .......... .......... .......... 99% 1.33M 0s
  2200K ..........                                            100%  214K=7.6s

226 Transfer complete.
2017-08-23 00:01:00 (291 KB/s) - ‘./domain/root.zone’ saved [2263495]

The sizes do not match (local 1062944) -- retrieving.

--2017-08-23 00:01:00--  ftp://ftp.internic.net/domain/root.zone.gz
           => ‘./domain/root.zone.gz’
==> CWD not required.
--> PASV

227 Entering Passive Mode (192,0,32,9,37,162)
--> RETR root.zone.gz

150 Opening BINARY mode data connection for root.zone.gz (1063064 bytes).
Length: 1063064 (1.0M)

     0K .......... .......... .......... .......... ..........  4% 81.5K 12s
    50K .......... .......... .......... .......... ..........  9%  181K 8s
   100K .......... .......... .......... .......... .......... 14% 1.58M 5s
   150K .......... .......... .......... .......... .......... 19%  139K 5s
   200K .......... .......... .......... .......... .......... 24%  192K 5s
   250K .......... .......... .......... .......... .......... 28% 1.39M 4s
   300K .......... .......... .......... .......... .......... 33% 1.12M 3s
   350K .......... .......... .......... .......... .......... 38%  207K 3s
   400K .......... .......... .......... .......... .......... 43% 2.79M 2s
   450K .......... .......... .......... .......... .......... 48%  181K 2s
   500K .......... .......... .......... .......... .......... 52% 1.00M 2s
   550K .......... .......... .......... .......... .......... 57% 4.80M 2s
   600K .......... .......... .......... .......... .......... 62%  205K 1s
   650K .......... .......... .......... .......... .......... 67% 1.38M 1s
   700K .......... .......... .......... .......... .......... 72% 1.26M 1s
   750K .......... .......... .......... .......... .......... 77%  212K 1s
   800K .......... .......... .......... .......... .......... 81% 7.17M 1s
   850K .......... .......... .......... .......... .......... 86% 1.40M 0s
   900K .......... .......... .......... .......... .......... 91% 1.20M 0s
   950K .......... .......... .......... .......... .......... 96%  188K 0s
  1000K .......... .......... .......... ........             100% 14.7M=3.1s

226 Transfer complete.
2017-08-23 00:01:05 (333 KB/s) - ‘./domain/root.zone.gz’ saved [1063064]

Remote file is newer than local file ‘./domain/root.zone.gz.md5’ -- retrieving.

--2017-08-23 00:01:05--  ftp://ftp.internic.net/domain/root.zone.gz.md5
           => ‘./domain/root.zone.gz.md5’
==> CWD not required.
--> PASV

227 Entering Passive Mode (192,0,32,9,238,35)
--> RETR root.zone.gz.md5

150 Opening BINARY mode data connection for root.zone.gz.md5 (33 bytes).
Length: 33

     0K                                                       100%  671K=0s

226 Transfer complete.
2017-08-23 00:01:06 (671 KB/s) - ‘./domain/root.zone.gz.md5’ saved [33]

Remote file is newer than local file ‘./domain/root.zone.gz.sig’ -- retrieving.

--2017-08-23 00:01:06--  ftp://ftp.internic.net/domain/root.zone.gz.sig
           => ‘./domain/root.zone.gz.sig’
==> CWD not required.
--> PASV

227 Entering Passive Mode (192,0,32,9,186,208)
--> RETR root.zone.gz.sig

150 Opening BINARY mode data connection for root.zone.gz.sig (72 bytes).
Length: 72

     0K                                                       100%  596K=0s

226 Transfer complete.
2017-08-23 00:01:07 (596 KB/s) - ‘./domain/root.zone.gz.sig’ saved [72]

Remote file is newer than local file ‘./domain/root.zone.md5’ -- retrieving.

--2017-08-23 00:01:07--  ftp://ftp.internic.net/domain/root.zone.md5
           => ‘./domain/root.zone.md5’
==> CWD not required.
--> PASV

227 Entering Passive Mode (192,0,32,9,26,138)
--> RETR root.zone.md5

150 Opening BINARY mode data connection for root.zone.md5 (33 bytes).
Length: 33

     0K                                                       100%  403K=0s

226 Transfer complete.
2017-08-23 00:01:08 (403 KB/s) - ‘./domain/root.zone.md5’ saved [33]

Remote file is newer than local file ‘./domain/root.zone.sig’ -- retrieving.

--2017-08-23 00:01:08--  ftp://ftp.internic.net/domain/root.zone.sig
           => ‘./domain/root.zone.sig’
==> CWD not required.
--> PASV

227 Entering Passive Mode (192,0,32,9,126,68)
--> RETR root.zone.sig

150 Opening BINARY mode data connection for root.zone.sig (72 bytes).
Length: 72

     0K                                                       100% 1019K=0s

226 Transfer complete.
2017-08-23 00:01:09 (1019 KB/s) - ‘./domain/root.zone.sig’ saved [72]

FINISHED --2017-08-23 00:01:09--
Total wall clock time: 1m 7s
Downloaded: 40 files, 4.0M in 19s (218 KB/s)
