--2017-06-05 00:00:03--  ftp://ftp.internic.net/*
           => ‘./.listing’
Resolving ftp.internic.net (ftp.internic.net)... 192.0.32.9, 2620:0:2d0:200::9
Connecting to ftp.internic.net (ftp.internic.net)|192.0.32.9|:21... connected.
Logging in as anonymous ... 
220 Internic FTP Server
--> USER anonymous

331 Please specify the password.
--> PASS Turtle Power!

230 Login successful.
--> SYST

215 UNIX Type: L8
--> PWD

257 "/"
--> TYPE I

200 Switching to Binary mode.
==> CWD not needed.
--> PASV

227 Entering Passive Mode (192,0,32,9,112,178)
--> LIST -a

150 Here comes the directory listing.

     0K                                                        1.49M=0s

226 Directory send OK.
drwxr-xr-x    3 ftp      ftp          4096 Apr 04  2012 .
drwxr-xr-x    3 ftp      ftp          4096 Apr 04  2012 ..
drwxr-xr-x    2 ftp      ftp          4096 Sep 09  2015 domain
2017-06-05 00:00:15 (1.49 MB/s) - ‘./.listing’ saved [183]

--2017-06-05 00:00:15--  ftp://ftp.internic.net/domain/*
           => ‘./domain/.listing’
--> CWD /domain

250 Directory successfully changed.
--> PASV

227 Entering Passive Mode (192,0,32,9,206,86)
--> LIST -a

150 Here comes the directory listing.

     0K ...                                                    26.4M=0s

226 Directory send OK.
drwxr-xr-x    2 ftp      ftp          4096 Sep 09  2015 .
drwxr-xr-x    3 ftp      ftp          4096 Apr 04  2012 ..
-rw-r--r--    1 ftp      ftp          1829 Aug 18  2015 .listing
-rw-r--r--    1 ftp      ftp          1224 Jun 04 12:15 INTERNIC_ROOT_ZONE.signatures
-rw-r--r--    1 ftp      ftp          1469 Jun 04 12:15 INTERNIC_ROOT_ZONE.signatures.asc
-rw-r--r--    1 ftp      ftp         15228 Jun 04 12:15 arpa.zone
-rw-r--r--    1 ftp      ftp          6666 Jun 04 12:15 arpa.zone.gz
-rw-r--r--    1 ftp      ftp            33 Jun 04 12:15 arpa.zone.gz.md5
-rw-r--r--    1 ftp      ftp            72 Jun 04 12:15 arpa.zone.gz.sig
-rw-r--r--    1 ftp      ftp          3289 Jun 01 15:27 db.cache
-rw-r--r--    1 ftp      ftp            33 Jun 01 15:27 db.cache.md5
-rw-r--r--    1 ftp      ftp            72 Jun 01 15:27 db.cache.sig
-rw-r--r--    1 ftp      ftp        228369 Jun 04 15:41 in-addr.arpa
-rw-r--r--    1 ftp      ftp         90200 Jun 04 15:41 in-addr.arpa.gz
-rw-r--r--    1 ftp      ftp            55 Jun 04 15:41 in-addr.arpa.gz.md5
-rw-r--r--    1 ftp      ftp            90 Jun 04 15:41 in-addr.arpa.gz.sha256
-rw-r--r--    1 ftp      ftp            52 Jun 04 15:41 in-addr.arpa.md5
-rw-r--r--    1 ftp      ftp            87 Jun 04 15:41 in-addr.arpa.sha256
-rw-r--r--    1 ftp      ftp        228369 Jun 04 15:41 in-addr.arpa.zone
-rw-r--r--    1 ftp      ftp         90200 Jun 04 15:41 in-addr.arpa.zone.gz
-rw-r--r--    1 ftp      ftp            60 Jun 04 15:41 in-addr.arpa.zone.gz.md5
-rw-r--r--    1 ftp      ftp            95 Jun 04 15:41 in-addr.arpa.zone.gz.sha256
-rw-r--r--    1 ftp      ftp            57 Jun 04 15:41 in-addr.arpa.zone.md5
-rw-r--r--    1 ftp      ftp            92 Jun 04 15:41 in-addr.arpa.zone.sha256
-rw-r--r--    1 ftp      ftp         61264 Jun 04 15:41 ip6.arpa
-rw-r--r--    1 ftp      ftp         24255 Jun 04 15:41 ip6.arpa.gz
-rw-r--r--    1 ftp      ftp            51 Jun 04 15:41 ip6.arpa.gz.md5
-rw-r--r--    1 ftp      ftp            86 Jun 04 15:41 ip6.arpa.gz.sha256
-rw-r--r--    1 ftp      ftp            48 Jun 04 15:41 ip6.arpa.md5
-rw-r--r--    1 ftp      ftp            83 Jun 04 15:41 ip6.arpa.sha256
-rw-r--r--    1 ftp      ftp         61264 Jun 04 15:41 ip6.arpa.zone
-rw-r--r--    1 ftp      ftp         24255 Jun 04 15:41 ip6.arpa.zone.gz
-rw-r--r--    1 ftp      ftp            56 Jun 04 15:41 ip6.arpa.zone.gz.md5
-rw-r--r--    1 ftp      ftp            91 Jun 04 15:41 ip6.arpa.zone.gz.sha256
-rw-r--r--    1 ftp      ftp            53 Jun 04 15:41 ip6.arpa.zone.md5
-rw-r--r--    1 ftp      ftp            88 Jun 04 15:41 ip6.arpa.zone.sha256
-rw-r--r--    1 ftp      ftp            21 Jun 04 15:41 last_update.txt
-rw-r--r--    1 ftp      ftp          3289 Jun 01 15:27 named.cache
-rw-r--r--    1 ftp      ftp            33 Jun 01 15:27 named.cache.md5
-rw-r--r--    1 ftp      ftp            72 Jun 01 15:27 named.cache.sig
-rw-r--r--    1 ftp      ftp          3289 Jun 01 15:27 named.root
-rw-r--r--    1 ftp      ftp            33 Jun 01 15:27 named.root.md5
-rw-r--r--    1 ftp      ftp            72 Jun 01 15:27 named.root.sig
-rw-r--r--    1 ftp      ftp          2111 Jun 01 15:27 root-servers.net.zone
-rw-r--r--    1 ftp      ftp           575 Jun 01 15:27 root-servers.net.zone.gz
-rw-r--r--    1 ftp      ftp            33 Jun 01 15:27 root-servers.net.zone.gz.md5
-rw-r--r--    1 ftp      ftp            72 Jun 01 15:27 root-servers.net.zone.gz.sig
-rw-r--r--    1 ftp      ftp       2237298 Jun 04 05:49 root.zone
-rw-r--r--    1 ftp      ftp       1050470 Jun 04 05:49 root.zone.gz
-rw-r--r--    1 ftp      ftp            33 Jun 04 05:49 root.zone.gz.md5
-rw-r--r--    1 ftp      ftp            72 Jun 04 05:49 root.zone.gz.sig
-rw-r--r--    1 ftp      ftp            33 Jun 04 05:49 root.zone.md5
-rw-r--r--    1 ftp      ftp            72 Jun 04 05:49 root.zone.sig
2017-06-05 00:00:17 (26.4 MB/s) - ‘./domain/.listing’ saved [3930]

The sizes do not match (local 3930) -- retrieving.

--2017-06-05 00:00:17--  ftp://ftp.internic.net/domain/.listing
           => ‘./domain/.listing’
==> CWD not required.
--> PASV

227 Entering Passive Mode (192,0,32,9,74,255)
--> RETR .listing

150 Opening BINARY mode data connection for .listing (1829 bytes).
Length: 1829 (1.8K)

     0K .                                                     100% 12.2M=0s

226 Transfer complete.
2017-06-05 00:00:22 (12.2 MB/s) - ‘./domain/.listing’ saved [1829]

Remote file is newer than local file ‘./domain/INTERNIC_ROOT_ZONE.signatures’ -- retrieving.

--2017-06-05 00:00:22--  ftp://ftp.internic.net/domain/INTERNIC_ROOT_ZONE.signatures
           => ‘./domain/INTERNIC_ROOT_ZONE.signatures’
==> CWD not required.
--> PASV

227 Entering Passive Mode (192,0,32,9,42,127)
--> RETR INTERNIC_ROOT_ZONE.signatures

150 Opening BINARY mode data connection for INTERNIC_ROOT_ZONE.signatures (1224 bytes).
Length: 1224 (1.2K)

     0K .                                                     100% 8.22M=0s

226 Transfer complete.
2017-06-05 00:00:23 (8.22 MB/s) - ‘./domain/INTERNIC_ROOT_ZONE.signatures’ saved [1224]

Remote file is newer than local file ‘./domain/INTERNIC_ROOT_ZONE.signatures.asc’ -- retrieving.

--2017-06-05 00:00:23--  ftp://ftp.internic.net/domain/INTERNIC_ROOT_ZONE.signatures.asc
           => ‘./domain/INTERNIC_ROOT_ZONE.signatures.asc’
==> CWD not required.
--> PASV

227 Entering Passive Mode (192,0,32,9,143,167)
--> RETR INTERNIC_ROOT_ZONE.signatures.asc

150 Opening BINARY mode data connection for INTERNIC_ROOT_ZONE.signatures.asc (1469 bytes).
Length: 1469 (1.4K)

     0K .                                                     100% 31.8M=0s

226 Transfer complete.
2017-06-05 00:00:25 (31.8 MB/s) - ‘./domain/INTERNIC_ROOT_ZONE.signatures.asc’ saved [1469]

Remote file is newer than local file ‘./domain/arpa.zone’ -- retrieving.

--2017-06-05 00:00:25--  ftp://ftp.internic.net/domain/arpa.zone
           => ‘./domain/arpa.zone’
==> CWD not required.
--> PASV

227 Entering Passive Mode (192,0,32,9,48,130)
--> RETR arpa.zone

150 Opening BINARY mode data connection for arpa.zone (15228 bytes).
Length: 15228 (15K)

     0K .......... ....                                       100% 9.48M=0.002s

226 Transfer complete.
2017-06-05 00:00:26 (9.48 MB/s) - ‘./domain/arpa.zone’ saved [15228]

The sizes do not match (local 6648) -- retrieving.

--2017-06-05 00:00:26--  ftp://ftp.internic.net/domain/arpa.zone.gz
           => ‘./domain/arpa.zone.gz’
==> CWD not required.
--> PASV

227 Entering Passive Mode (192,0,32,9,174,150)
--> RETR arpa.zone.gz

150 Opening BINARY mode data connection for arpa.zone.gz (6666 bytes).
Length: 6666 (6.5K)

     0K ......                                                100% 51.7M=0s

226 Transfer complete.
2017-06-05 00:00:28 (51.7 MB/s) - ‘./domain/arpa.zone.gz’ saved [6666]

Remote file is newer than local file ‘./domain/arpa.zone.gz.md5’ -- retrieving.

--2017-06-05 00:00:28--  ftp://ftp.internic.net/domain/arpa.zone.gz.md5
           => ‘./domain/arpa.zone.gz.md5’
==> CWD not required.
--> PASV

227 Entering Passive Mode (192,0,32,9,255,77)
--> RETR arpa.zone.gz.md5

150 Opening BINARY mode data connection for arpa.zone.gz.md5 (33 bytes).
Length: 33

     0K                                                       100%  278K=0s

226 Transfer complete.
2017-06-05 00:00:30 (278 KB/s) - ‘./domain/arpa.zone.gz.md5’ saved [33]

Remote file is newer than local file ‘./domain/arpa.zone.gz.sig’ -- retrieving.

--2017-06-05 00:00:30--  ftp://ftp.internic.net/domain/arpa.zone.gz.sig
           => ‘./domain/arpa.zone.gz.sig’
==> CWD not required.
--> PASV

227 Entering Passive Mode (192,0,32,9,41,113)
--> RETR arpa.zone.gz.sig

150 Opening BINARY mode data connection for arpa.zone.gz.sig (72 bytes).
Length: 72

     0K                                                       100% 1.46M=0s

226 Transfer complete.
2017-06-05 00:00:32 (1.46 MB/s) - ‘./domain/arpa.zone.gz.sig’ saved [72]

Remote file no newer than local file ‘./domain/db.cache’ -- not retrieving.
Remote file no newer than local file ‘./domain/db.cache.md5’ -- not retrieving.
Remote file no newer than local file ‘./domain/db.cache.sig’ -- not retrieving.
Remote file is newer than local file ‘./domain/in-addr.arpa’ -- retrieving.

--2017-06-05 00:00:32--  ftp://ftp.internic.net/domain/in-addr.arpa
           => ‘./domain/in-addr.arpa’
==> CWD not required.
--> PASV

227 Entering Passive Mode (192,0,32,9,103,226)
--> RETR in-addr.arpa

150 Opening BINARY mode data connection for in-addr.arpa (228369 bytes).
Length: 228369 (223K)

     0K .......... .......... .......... .......... .......... 22% 40.6K 4s
    50K .......... .......... .......... .......... .......... 44% 40.7K 3s
   100K .......... .......... .......... .......... .......... 67% 51.9K 2s
   150K .......... .......... .......... .......... .......... 89% 46.4K 1s
   200K .......... .......... ...                             100% 51.3M=4.5s

226 Transfer complete.
2017-06-05 00:00:39 (49.5 KB/s) - ‘./domain/in-addr.arpa’ saved [228369]

Remote file is newer than local file ‘./domain/in-addr.arpa.gz’ -- retrieving.

--2017-06-05 00:00:39--  ftp://ftp.internic.net/domain/in-addr.arpa.gz
           => ‘./domain/in-addr.arpa.gz’
==> CWD not required.
--> PASV

227 Entering Passive Mode (192,0,32,9,42,8)
--> RETR in-addr.arpa.gz

150 Opening BINARY mode data connection for in-addr.arpa.gz (90200 bytes).
Length: 90200 (88K)

     0K .......... .......... .......... .......... .......... 56% 41.0K 1s
    50K .......... .......... .......... ........             100% 92.2K=1.6s

226 Transfer complete.
2017-06-05 00:00:43 (53.9 KB/s) - ‘./domain/in-addr.arpa.gz’ saved [90200]

Remote file is newer than local file ‘./domain/in-addr.arpa.gz.md5’ -- retrieving.

--2017-06-05 00:00:43--  ftp://ftp.internic.net/domain/in-addr.arpa.gz.md5
           => ‘./domain/in-addr.arpa.gz.md5’
==> CWD not required.
--> PASV

227 Entering Passive Mode (192,0,32,9,177,78)
--> RETR in-addr.arpa.gz.md5

150 Opening BINARY mode data connection for in-addr.arpa.gz.md5 (55 bytes).
Length: 55

     0K                                                       100%  248K=0s

226 Transfer complete.
2017-06-05 00:00:44 (248 KB/s) - ‘./domain/in-addr.arpa.gz.md5’ saved [55]

Remote file is newer than local file ‘./domain/in-addr.arpa.gz.sha256’ -- retrieving.

--2017-06-05 00:00:44--  ftp://ftp.internic.net/domain/in-addr.arpa.gz.sha256
           => ‘./domain/in-addr.arpa.gz.sha256’
==> CWD not required.
--> PASV

227 Entering Passive Mode (192,0,32,9,130,93)
--> RETR in-addr.arpa.gz.sha256

150 Opening BINARY mode data connection for in-addr.arpa.gz.sha256 (90 bytes).
Length: 90

     0K                                                       100%  703K=0s

226 Transfer complete.
2017-06-05 00:00:46 (703 KB/s) - ‘./domain/in-addr.arpa.gz.sha256’ saved [90]

Remote file is newer than local file ‘./domain/in-addr.arpa.md5’ -- retrieving.

--2017-06-05 00:00:46--  ftp://ftp.internic.net/domain/in-addr.arpa.md5
           => ‘./domain/in-addr.arpa.md5’
==> CWD not required.
--> PASV

227 Entering Passive Mode (192,0,32,9,106,101)
--> RETR in-addr.arpa.md5

150 Opening BINARY mode data connection for in-addr.arpa.md5 (52 bytes).
Length: 52

     0K                                                       100%  577K=0s

226 Transfer complete.
2017-06-05 00:00:48 (577 KB/s) - ‘./domain/in-addr.arpa.md5’ saved [52]

Remote file is newer than local file ‘./domain/in-addr.arpa.sha256’ -- retrieving.

--2017-06-05 00:00:48--  ftp://ftp.internic.net/domain/in-addr.arpa.sha256
           => ‘./domain/in-addr.arpa.sha256’
==> CWD not required.
--> PASV

227 Entering Passive Mode (192,0,32,9,41,118)
--> RETR in-addr.arpa.sha256

150 Opening BINARY mode data connection for in-addr.arpa.sha256 (87 bytes).
Length: 87

     0K                                                       100%  732K=0s

226 Transfer complete.
2017-06-05 00:00:50 (732 KB/s) - ‘./domain/in-addr.arpa.sha256’ saved [87]

Remote file is newer than local file ‘./domain/in-addr.arpa.zone’ -- retrieving.

--2017-06-05 00:00:50--  ftp://ftp.internic.net/domain/in-addr.arpa.zone
           => ‘./domain/in-addr.arpa.zone’
==> CWD not required.
--> PASV

227 Entering Passive Mode (192,0,32,9,134,196)
--> RETR in-addr.arpa.zone

150 Opening BINARY mode data connection for in-addr.arpa.zone (228369 bytes).
Length: 228369 (223K)

     0K .......... .......... .......... .......... .......... 22% 40.9K 4s
    50K .......... .......... .......... .......... .......... 44%  119K 2s
   100K .......... .......... .......... .......... .......... 67%  121K 1s
   150K .......... .......... .......... .......... .......... 89% 7.57M 0s
   200K .......... .......... ...                             100% 59.0K=2.5s

226 Transfer complete.
2017-06-05 00:00:54 (91.0 KB/s) - ‘./domain/in-addr.arpa.zone’ saved [228369]

Remote file is newer than local file ‘./domain/in-addr.arpa.zone.gz’ -- retrieving.

--2017-06-05 00:00:54--  ftp://ftp.internic.net/domain/in-addr.arpa.zone.gz
           => ‘./domain/in-addr.arpa.zone.gz’
==> CWD not required.
--> PASV

227 Entering Passive Mode (192,0,32,9,57,161)
--> RETR in-addr.arpa.zone.gz

150 Opening BINARY mode data connection for in-addr.arpa.zone.gz (90200 bytes).
Length: 90200 (88K)

     0K .......... .......... .......... .......... .......... 56% 49.1K 1s
    50K .......... .......... .......... ........             100% 46.3K=1.8s

226 Transfer complete.
2017-06-05 00:00:58 (47.9 KB/s) - ‘./domain/in-addr.arpa.zone.gz’ saved [90200]

Remote file is newer than local file ‘./domain/in-addr.arpa.zone.gz.md5’ -- retrieving.

--2017-06-05 00:00:58--  ftp://ftp.internic.net/domain/in-addr.arpa.zone.gz.md5
           => ‘./domain/in-addr.arpa.zone.gz.md5’
==> CWD not required.
--> PASV

227 Entering Passive Mode (192,0,32,9,42,216)
--> RETR in-addr.arpa.zone.gz.md5

150 Opening BINARY mode data connection for in-addr.arpa.zone.gz.md5 (60 bytes).
Length: 60

     0K                                                       100%  492K=0s

226 Transfer complete.
2017-06-05 00:00:59 (492 KB/s) - ‘./domain/in-addr.arpa.zone.gz.md5’ saved [60]

Remote file is newer than local file ‘./domain/in-addr.arpa.zone.gz.sha256’ -- retrieving.

--2017-06-05 00:00:59--  ftp://ftp.internic.net/domain/in-addr.arpa.zone.gz.sha256
           => ‘./domain/in-addr.arpa.zone.gz.sha256’
==> CWD not required.
--> PASV

227 Entering Passive Mode (192,0,32,9,41,17)
--> RETR in-addr.arpa.zone.gz.sha256

150 Opening BINARY mode data connection for in-addr.arpa.zone.gz.sha256 (95 bytes).
Length: 95

     0K                                                       100%  780K=0s

226 Transfer complete.
2017-06-05 00:01:10 (780 KB/s) - ‘./domain/in-addr.arpa.zone.gz.sha256’ saved [95]

Remote file is newer than local file ‘./domain/in-addr.arpa.zone.md5’ -- retrieving.

--2017-06-05 00:01:10--  ftp://ftp.internic.net/domain/in-addr.arpa.zone.md5
           => ‘./domain/in-addr.arpa.zone.md5’
==> CWD not required.
--> PASV

227 Entering Passive Mode (192,0,32,9,80,66)
--> RETR in-addr.arpa.zone.md5

150 Opening BINARY mode data connection for in-addr.arpa.zone.md5 (57 bytes).
Length: 57

     0K                                                       100% 78.0K=0.001s

226 Transfer complete.
2017-06-05 00:01:16 (78.0 KB/s) - ‘./domain/in-addr.arpa.zone.md5’ saved [57]

Remote file is newer than local file ‘./domain/in-addr.arpa.zone.sha256’ -- retrieving.

--2017-06-05 00:01:16--  ftp://ftp.internic.net/domain/in-addr.arpa.zone.sha256
           => ‘./domain/in-addr.arpa.zone.sha256’
==> CWD not required.
--> PASV

227 Entering Passive Mode (192,0,32,9,194,250)
--> RETR in-addr.arpa.zone.sha256

150 Opening BINARY mode data connection for in-addr.arpa.zone.sha256 (92 bytes).
Length: 92

     0K                                                       100%  405K=0s

226 Transfer complete.
2017-06-05 00:01:25 (405 KB/s) - ‘./domain/in-addr.arpa.zone.sha256’ saved [92]

Remote file is newer than local file ‘./domain/ip6.arpa’ -- retrieving.

--2017-06-05 00:01:25--  ftp://ftp.internic.net/domain/ip6.arpa
           => ‘./domain/ip6.arpa’
==> CWD not required.
--> PASV

227 Entering Passive Mode (192,0,32,9,51,65)
--> RETR ip6.arpa

150 Opening BINARY mode data connection for ip6.arpa (61264 bytes).
Length: 61264 (60K)

     0K .......... .......... .......... .......... .......... 83% 15.2K 1s
    50K .........                                             100% 16.0K=3.9s

226 Transfer complete.
2017-06-05 00:01:32 (15.4 KB/s) - ‘./domain/ip6.arpa’ saved [61264]

Remote file is newer than local file ‘./domain/ip6.arpa.gz’ -- retrieving.

--2017-06-05 00:01:32--  ftp://ftp.internic.net/domain/ip6.arpa.gz
           => ‘./domain/ip6.arpa.gz’
==> CWD not required.
--> PASV

227 Entering Passive Mode (192,0,32,9,16,130)
--> RETR ip6.arpa.gz

150 Opening BINARY mode data connection for ip6.arpa.gz (24255 bytes).
Length: 24255 (24K)

     0K .......... .......... ...                             100% 8.06K=2.9s

226 Transfer complete.
2017-06-05 00:01:37 (8.06 KB/s) - ‘./domain/ip6.arpa.gz’ saved [24255]

Remote file is newer than local file ‘./domain/ip6.arpa.gz.md5’ -- retrieving.

--2017-06-05 00:01:37--  ftp://ftp.internic.net/domain/ip6.arpa.gz.md5
           => ‘./domain/ip6.arpa.gz.md5’
==> CWD not required.
--> PASV

227 Entering Passive Mode (192,0,32,9,42,162)
--> RETR ip6.arpa.gz.md5

150 Opening BINARY mode data connection for ip6.arpa.gz.md5 (51 bytes).
Length: 51

     0K                                                       100%  630K=0s

226 Transfer complete.
2017-06-05 00:01:39 (630 KB/s) - ‘./domain/ip6.arpa.gz.md5’ saved [51]

Remote file is newer than local file ‘./domain/ip6.arpa.gz.sha256’ -- retrieving.

--2017-06-05 00:01:39--  ftp://ftp.internic.net/domain/ip6.arpa.gz.sha256
           => ‘./domain/ip6.arpa.gz.sha256’
==> CWD not required.
--> PASV

227 Entering Passive Mode (192,0,32,9,191,112)
--> RETR ip6.arpa.gz.sha256

150 Opening BINARY mode data connection for ip6.arpa.gz.sha256 (86 bytes).
Length: 86

     0K                                                       100% 84.8K=0.001s

226 Transfer complete.
2017-06-05 00:01:44 (84.8 KB/s) - ‘./domain/ip6.arpa.gz.sha256’ saved [86]

Remote file is newer than local file ‘./domain/ip6.arpa.md5’ -- retrieving.

--2017-06-05 00:01:44--  ftp://ftp.internic.net/domain/ip6.arpa.md5
           => ‘./domain/ip6.arpa.md5’
==> CWD not required.
--> PASV

227 Entering Passive Mode (192,0,32,9,42,223)
--> RETR ip6.arpa.md5

150 Opening BINARY mode data connection for ip6.arpa.md5 (48 bytes).
Length: 48

     0K                                                       100%  251K=0s

226 Transfer complete.
2017-06-05 00:01:50 (251 KB/s) - ‘./domain/ip6.arpa.md5’ saved [48]

Remote file is newer than local file ‘./domain/ip6.arpa.sha256’ -- retrieving.

--2017-06-05 00:01:50--  ftp://ftp.internic.net/domain/ip6.arpa.sha256
           => ‘./domain/ip6.arpa.sha256’
==> CWD not required.
--> PASV

227 Entering Passive Mode (192,0,32,9,241,180)
--> RETR ip6.arpa.sha256

150 Opening BINARY mode data connection for ip6.arpa.sha256 (83 bytes).
Length: 83

     0K                                                       100% 6.14 =14s

226 Transfer complete.
2017-06-05 00:02:07 (6.14 B/s) - ‘./domain/ip6.arpa.sha256’ saved [83]

Remote file is newer than local file ‘./domain/ip6.arpa.zone’ -- retrieving.

--2017-06-05 00:02:07--  ftp://ftp.internic.net/domain/ip6.arpa.zone
           => ‘./domain/ip6.arpa.zone’
==> CWD not required.
--> PASV

227 Entering Passive Mode (192,0,32,9,41,28)
--> RETR ip6.arpa.zone

150 Opening BINARY mode data connection for ip6.arpa.zone (61264 bytes).
Length: 61264 (60K)

     0K .......... .......... .......... .......... .......... 83% 4.28K 2s
    50K .........                                             100% 22.2K=12s

226 Transfer complete.
2017-06-05 00:02:21 (4.94 KB/s) - ‘./domain/ip6.arpa.zone’ saved [61264]

Remote file is newer than local file ‘./domain/ip6.arpa.zone.gz’ -- retrieving.

--2017-06-05 00:02:21--  ftp://ftp.internic.net/domain/ip6.arpa.zone.gz
           => ‘./domain/ip6.arpa.zone.gz’
==> CWD not required.
--> PASV

227 Entering Passive Mode (192,0,32,9,246,99)
--> RETR ip6.arpa.zone.gz

150 Opening BINARY mode data connection for ip6.arpa.zone.gz (24255 bytes).
Length: 24255 (24K)

     0K .......... .......... ...                             100% 47.3K=0.5s

226 Transfer complete.
2017-06-05 00:02:24 (47.3 KB/s) - ‘./domain/ip6.arpa.zone.gz’ saved [24255]

Remote file is newer than local file ‘./domain/ip6.arpa.zone.gz.md5’ -- retrieving.

--2017-06-05 00:02:24--  ftp://ftp.internic.net/domain/ip6.arpa.zone.gz.md5
           => ‘./domain/ip6.arpa.zone.gz.md5’
==> CWD not required.
--> PASV

227 Entering Passive Mode (192,0,32,9,88,170)
--> RETR ip6.arpa.zone.gz.md5

150 Opening BINARY mode data connection for ip6.arpa.zone.gz.md5 (56 bytes).
Length: 56

     0K                                                       100%  552K=0s

226 Transfer complete.
2017-06-05 00:02:28 (552 KB/s) - ‘./domain/ip6.arpa.zone.gz.md5’ saved [56]

Remote file is newer than local file ‘./domain/ip6.arpa.zone.gz.sha256’ -- retrieving.

--2017-06-05 00:02:28--  ftp://ftp.internic.net/domain/ip6.arpa.zone.gz.sha256
           => ‘./domain/ip6.arpa.zone.gz.sha256’
==> CWD not required.
--> PASV

227 Entering Passive Mode (192,0,32,9,179,59)
--> RETR ip6.arpa.zone.gz.sha256

150 Opening BINARY mode data connection for ip6.arpa.zone.gz.sha256 (91 bytes).
Length: 91

     0K                                                       100%  346K=0s

226 Transfer complete.
2017-06-05 00:02:31 (346 KB/s) - ‘./domain/ip6.arpa.zone.gz.sha256’ saved [91]

Remote file is newer than local file ‘./domain/ip6.arpa.zone.md5’ -- retrieving.

--2017-06-05 00:02:31--  ftp://ftp.internic.net/domain/ip6.arpa.zone.md5
           => ‘./domain/ip6.arpa.zone.md5’
==> CWD not required.
--> PASV

227 Entering Passive Mode (192,0,32,9,200,112)
--> RETR ip6.arpa.zone.md5

150 Opening BINARY mode data connection for ip6.arpa.zone.md5 (53 bytes).
Length: 53

     0K                                                       100%  372K=0s

226 Transfer complete.
2017-06-05 00:02:34 (372 KB/s) - ‘./domain/ip6.arpa.zone.md5’ saved [53]

Remote file is newer than local file ‘./domain/ip6.arpa.zone.sha256’ -- retrieving.

--2017-06-05 00:02:34--  ftp://ftp.internic.net/domain/ip6.arpa.zone.sha256
           => ‘./domain/ip6.arpa.zone.sha256’
==> CWD not required.
--> PASV

227 Entering Passive Mode (192,0,32,9,100,161)
--> RETR ip6.arpa.zone.sha256

150 Opening BINARY mode data connection for ip6.arpa.zone.sha256 (88 bytes).
Length: 88

     0K                                                       100%  554K=0s

226 Transfer complete.
2017-06-05 00:02:36 (554 KB/s) - ‘./domain/ip6.arpa.zone.sha256’ saved [88]

Remote file is newer than local file ‘./domain/last_update.txt’ -- retrieving.

--2017-06-05 00:02:36--  ftp://ftp.internic.net/domain/last_update.txt
           => ‘./domain/last_update.txt’
==> CWD not required.
--> PASV

227 Entering Passive Mode (192,0,32,9,225,137)
--> RETR last_update.txt

150 Opening BINARY mode data connection for last_update.txt (21 bytes).
Length: 21

     0K                                                       100%  195K=0s

226 Transfer complete.
2017-06-05 00:02:38 (195 KB/s) - ‘./domain/last_update.txt’ saved [21]

Remote file no newer than local file ‘./domain/named.cache’ -- not retrieving.
Remote file no newer than local file ‘./domain/named.cache.md5’ -- not retrieving.
Remote file no newer than local file ‘./domain/named.cache.sig’ -- not retrieving.
Remote file no newer than local file ‘./domain/named.root’ -- not retrieving.
Remote file no newer than local file ‘./domain/named.root.md5’ -- not retrieving.
Remote file no newer than local file ‘./domain/named.root.sig’ -- not retrieving.
Remote file no newer than local file ‘./domain/root-servers.net.zone’ -- not retrieving.
Remote file no newer than local file ‘./domain/root-servers.net.zone.gz’ -- not retrieving.
Remote file no newer than local file ‘./domain/root-servers.net.zone.gz.md5’ -- not retrieving.
Remote file no newer than local file ‘./domain/root-servers.net.zone.gz.sig’ -- not retrieving.
Remote file is newer than local file ‘./domain/root.zone’ -- retrieving.

--2017-06-05 00:02:38--  ftp://ftp.internic.net/domain/root.zone
           => ‘./domain/root.zone’
==> CWD not required.
--> PASV

227 Entering Passive Mode (192,0,32,9,78,113)
--> RETR root.zone

150 Opening BINARY mode data connection for root.zone (2237298 bytes).
Length: 2237298 (2.1M)

     0K .......... .......... .......... .......... ..........  2% 10.4K 3m26s
    50K .......... .......... .......... .......... ..........  4% 30.6K 2m14s
   100K .......... .......... .......... .......... ..........  6% 48.6K 1m41s
   150K .......... .......... .......... .......... ..........  9% 14.5K 1m48s
   200K .......... .......... .......... .......... .......... 11% 47.6K 93s
   250K .......... .......... .......... .......... .......... 13% 40.1K 83s
   300K .......... .......... .......... .......... .......... 16% 55.3K 74s
   350K .......... .......... .......... .......... .......... 18%  160K 64s
   400K .......... .......... .......... .......... .......... 20%  119K 57s
   450K .......... .......... .......... .......... .......... 22% 81.6K 52s
   500K .......... .......... .......... .......... .......... 25% 27.3K 51s
   550K .......... .......... .......... .......... .......... 27% 16.2K 54s
   600K .......... .......... .......... .......... .......... 29% 82.0K 50s
   650K .......... .......... .......... .......... .......... 32% 96.9K 46s
   700K .......... .......... .......... .......... .......... 34%  138K 42s
   750K .......... .......... .......... .......... .......... 36% 1.55M 38s
   800K .......... .......... .......... .......... .......... 38% 95.3K 35s
   850K .......... .......... .......... .......... .......... 41% 41.0K 34s
   900K .......... .......... .......... .......... .......... 43% 40.3K 32s
   950K .......... .......... .......... .......... .......... 45% 18.4M 29s
  1000K .......... .......... .......... .......... .......... 48% 34.9K 28s
  1050K .......... .......... .......... .......... .......... 50% 48.8K 27s
  1100K .......... .......... .......... .......... .......... 52% 7.66M 25s
  1150K .......... .......... .......... .......... .......... 54% 76.3K 23s
  1200K .......... .......... .......... .......... .......... 57%  202K 21s
  1250K .......... .......... .......... .......... .......... 59% 1.06M 19s
  1300K .......... .......... .......... .......... .......... 61% 46.3K 18s
  1350K .......... .......... .......... .......... .......... 64% 9.71M 16s
  1400K .......... .......... .......... .......... .......... 66% 48.7K 15s
  1450K .......... .......... .......... .......... .......... 68% 70.9K 14s
  1500K .......... .......... .......... .......... .......... 70% 16.1M 13s
  1550K .......... .......... .......... .......... .......... 73% 96.3K 12s
  1600K .......... .......... .......... .......... .......... 75% 13.6K 11s
  1650K .......... .......... .......... .......... .......... 77% 38.6M 10s
  1700K .......... .......... .......... .......... .......... 80% 15.3K 10s
  1750K .......... .......... .......... .......... .......... 82%  119K 8s
  1800K .......... .......... .......... .......... .......... 84% 60.8K 7s
  1850K .......... .......... .......... .......... .......... 86%  124K 6s
  1900K .......... .......... .......... .......... .......... 89% 12.5K 5s
  1950K .......... .......... .......... .......... .......... 91% 96.3K 4s
  2000K .......... .......... .......... .......... .......... 93% 28.4K 3s
  2050K .......... .......... .......... .......... .......... 96%  170K 2s
  2100K .......... .......... .......... .......... .......... 98%  118K 1s
  2150K .......... .......... .......... ....                 100% 89.6K=48s

226 Transfer complete.
2017-06-05 00:03:28 (45.9 KB/s) - ‘./domain/root.zone’ saved [2237298]

The sizes do not match (local 1050551) -- retrieving.

--2017-06-05 00:03:28--  ftp://ftp.internic.net/domain/root.zone.gz
           => ‘./domain/root.zone.gz’
==> CWD not required.
--> PASV

227 Entering Passive Mode (192,0,32,9,118,36)
--> RETR root.zone.gz

150 Opening BINARY mode data connection for root.zone.gz (1050470 bytes).
Length: 1050470 (1.0M)

     0K .......... .......... .......... .......... ..........  4% 6.42K 2m32s
    50K .......... .......... .......... .......... ..........  9% 30.6K 87s
   100K .......... .......... .......... .......... .......... 14% 32.5K 64s
   150K .......... .......... .......... .......... .......... 19% 24.5K 54s
   200K .......... .......... .......... .......... .......... 24% 40.6K 44s
   250K .......... .......... .......... .......... .......... 29% 16.9K 42s
   300K .......... .......... .......... .......... .......... 34% 27.1K 37s
   350K .......... .......... .......... .......... .......... 38% 9.21K 38s
   400K .......... .......... .......... .......... .......... 43% 37.6K 33s
   450K .......... .......... .......... .......... .......... 48% 32.5K 29s
   500K .......... .......... .......... .......... .......... 53% 9.84K 28s
   550K .......... .......... .......... .......... .......... 58% 43.0K 24s
   600K .......... .......... .......... .......... .......... 63% 60.9K 20s
   650K .......... .......... .......... .......... .......... 68% 30.6K 17s
   700K .......... .......... .......... .......... .......... 73% 33.8K 14s
   750K .......... .......... .......... .......... .......... 77%  125K 11s
   800K .......... .......... .......... .......... .......... 82% 35.7K 8s
   850K .......... .......... .......... .......... .......... 87% 18.8K 6s
   900K .......... .......... .......... .......... .......... 92% 7.97K 4s
   950K .......... .......... .......... .......... .......... 97% 19.7K 1s
  1000K .......... .......... .....                           100% 21.1K=52s

226 Transfer complete.
2017-06-05 00:04:23 (19.7 KB/s) - ‘./domain/root.zone.gz’ saved [1050470]

Remote file is newer than local file ‘./domain/root.zone.gz.md5’ -- retrieving.

--2017-06-05 00:04:23--  ftp://ftp.internic.net/domain/root.zone.gz.md5
           => ‘./domain/root.zone.gz.md5’
==> CWD not required.
--> PASV

227 Entering Passive Mode (192,0,32,9,243,241)
--> RETR root.zone.gz.md5

150 Opening BINARY mode data connection for root.zone.gz.md5 (33 bytes).
Length: 33

     0K                                                       100%  117K=0s

226 Transfer complete.
2017-06-05 00:04:24 (117 KB/s) - ‘./domain/root.zone.gz.md5’ saved [33]

Remote file is newer than local file ‘./domain/root.zone.gz.sig’ -- retrieving.

--2017-06-05 00:04:24--  ftp://ftp.internic.net/domain/root.zone.gz.sig
           => ‘./domain/root.zone.gz.sig’
==> CWD not required.
--> PASV

227 Entering Passive Mode (192,0,32,9,108,243)
--> RETR root.zone.gz.sig

150 Opening BINARY mode data connection for root.zone.gz.sig (72 bytes).
Length: 72

     0K                                                       100%  596K=0s

226 Transfer complete.
2017-06-05 00:04:27 (596 KB/s) - ‘./domain/root.zone.gz.sig’ saved [72]

Remote file is newer than local file ‘./domain/root.zone.md5’ -- retrieving.

--2017-06-05 00:04:27--  ftp://ftp.internic.net/domain/root.zone.md5
           => ‘./domain/root.zone.md5’
==> CWD not required.
--> PASV

227 Entering Passive Mode (192,0,32,9,208,175)
--> RETR root.zone.md5

150 Opening BINARY mode data connection for root.zone.md5 (33 bytes).
Length: 33

     0K                                                       100% 56.2K=0.001s

226 Transfer complete.
2017-06-05 00:04:28 (56.2 KB/s) - ‘./domain/root.zone.md5’ saved [33]

Remote file is newer than local file ‘./domain/root.zone.sig’ -- retrieving.

--2017-06-05 00:04:28--  ftp://ftp.internic.net/domain/root.zone.sig
           => ‘./domain/root.zone.sig’
==> CWD not required.
--> PASV

227 Entering Passive Mode (192,0,32,9,174,38)
--> RETR root.zone.sig

150 Opening BINARY mode data connection for root.zone.sig (72 bytes).
Length: 72

     0K                                                       100%  732K=0s

226 Transfer complete.
2017-06-05 00:04:30 (732 KB/s) - ‘./domain/root.zone.sig’ saved [72]

FINISHED --2017-06-05 00:04:30--
Total wall clock time: 4m 27s
Downloaded: 40 files, 3.9M in 2m 23s (28.2 KB/s)
