--2017-02-08 16:38:31--  ftp://ftp.internic.net/*
           => ‘./.listing’
Resolving ftp.internic.net (ftp.internic.net)... 192.0.32.9
Connecting to ftp.internic.net (ftp.internic.net)|192.0.32.9|:21... connected.
Logging in as anonymous ... 
220 Internic FTP Server
--> USER anonymous

331 Please specify the password.
--> PASS Turtle Power!

230 Login successful.
--> SYST

215 UNIX Type: L8
--> PWD

257 "/"
--> TYPE I

200 Switching to Binary mode.
==> CWD not needed.
--> PASV

227 Entering Passive Mode (192,0,32,9,241,75)
--> LIST -a

150 Here comes the directory listing.

     0K                                                        5.26K=0.03s

226 Directory send OK.
drwxr-xr-x    3 ftp      ftp          4096 Apr 04  2012 .
drwxr-xr-x    3 ftp      ftp          4096 Apr 04  2012 ..
drwxr-xr-x    2 ftp      ftp          4096 Sep 09  2015 domain
2017-02-08 16:38:44 (5.26 KB/s) - ‘./.listing’ saved [183]

--2017-02-08 16:38:44--  ftp://ftp.internic.net/domain/*
           => ‘./domain/.listing’
--> CWD /domain

250 Directory successfully changed.
--> PASV

227 Entering Passive Mode (192,0,32,9,142,110)
--> LIST -a

150 Here comes the directory listing.

     0K ...                                                     606K=0.006s

226 Directory send OK.
drwxr-xr-x    2 ftp      ftp          4096 Sep 09  2015 .
drwxr-xr-x    3 ftp      ftp          4096 Apr 04  2012 ..
-rw-r--r--    1 ftp      ftp          1829 Aug 18  2015 .listing
-rw-r--r--    1 ftp      ftp          1224 Feb 08 05:51 INTERNIC_ROOT_ZONE.signatures
-rw-r--r--    1 ftp      ftp          1469 Feb 08 05:51 INTERNIC_ROOT_ZONE.signatures.asc
-rw-r--r--    1 ftp      ftp         15186 Feb 08 00:17 arpa.zone
-rw-r--r--    1 ftp      ftp          6621 Feb 08 00:17 arpa.zone.gz
-rw-r--r--    1 ftp      ftp            33 Feb 08 00:17 arpa.zone.gz.md5
-rw-r--r--    1 ftp      ftp            72 Feb 08 00:17 arpa.zone.gz.sig
-rw-r--r--    1 ftp      ftp          3291 Oct 20 19:35 db.cache
-rw-r--r--    1 ftp      ftp            33 Oct 20 19:35 db.cache.md5
-rw-r--r--    1 ftp      ftp            72 Oct 20 19:35 db.cache.sig
-rw-r--r--    1 ftp      ftp        227885 Feb 08 08:20 in-addr.arpa
-rw-r--r--    1 ftp      ftp         90183 Feb 08 08:20 in-addr.arpa.gz
-rw-r--r--    1 ftp      ftp            55 Feb 08 08:20 in-addr.arpa.gz.md5
-rw-r--r--    1 ftp      ftp            90 Feb 08 08:20 in-addr.arpa.gz.sha256
-rw-r--r--    1 ftp      ftp            52 Feb 08 08:20 in-addr.arpa.md5
-rw-r--r--    1 ftp      ftp            87 Feb 08 08:20 in-addr.arpa.sha256
-rw-r--r--    1 ftp      ftp        227885 Feb 08 08:20 in-addr.arpa.zone
-rw-r--r--    1 ftp      ftp         90183 Feb 08 08:20 in-addr.arpa.zone.gz
-rw-r--r--    1 ftp      ftp            60 Feb 08 08:20 in-addr.arpa.zone.gz.md5
-rw-r--r--    1 ftp      ftp            95 Feb 08 08:20 in-addr.arpa.zone.gz.sha256
-rw-r--r--    1 ftp      ftp            57 Feb 08 08:20 in-addr.arpa.zone.md5
-rw-r--r--    1 ftp      ftp            92 Feb 08 08:20 in-addr.arpa.zone.sha256
-rw-r--r--    1 ftp      ftp         60964 Feb 08 08:20 ip6.arpa
-rw-r--r--    1 ftp      ftp         24419 Feb 08 08:20 ip6.arpa.gz
-rw-r--r--    1 ftp      ftp            51 Feb 08 08:20 ip6.arpa.gz.md5
-rw-r--r--    1 ftp      ftp            86 Feb 08 08:20 ip6.arpa.gz.sha256
-rw-r--r--    1 ftp      ftp            48 Feb 08 08:20 ip6.arpa.md5
-rw-r--r--    1 ftp      ftp            83 Feb 08 08:20 ip6.arpa.sha256
-rw-r--r--    1 ftp      ftp         60964 Feb 08 08:20 ip6.arpa.zone
-rw-r--r--    1 ftp      ftp         24419 Feb 08 08:20 ip6.arpa.zone.gz
-rw-r--r--    1 ftp      ftp            56 Feb 08 08:20 ip6.arpa.zone.gz.md5
-rw-r--r--    1 ftp      ftp            91 Feb 08 08:20 ip6.arpa.zone.gz.sha256
-rw-r--r--    1 ftp      ftp            53 Feb 08 08:20 ip6.arpa.zone.md5
-rw-r--r--    1 ftp      ftp            88 Feb 08 08:20 ip6.arpa.zone.sha256
-rw-r--r--    1 ftp      ftp            21 Feb 08 08:20 last_update.txt
-rw-r--r--    1 ftp      ftp          3291 Oct 20 19:35 named.cache
-rw-r--r--    1 ftp      ftp            33 Oct 20 19:35 named.cache.md5
-rw-r--r--    1 ftp      ftp            72 Oct 20 19:35 named.cache.sig
-rw-r--r--    1 ftp      ftp          3291 Oct 20 19:35 named.root
-rw-r--r--    1 ftp      ftp            33 Oct 20 19:35 named.root.md5
-rw-r--r--    1 ftp      ftp            72 Oct 20 19:35 named.root.sig
-rw-r--r--    1 ftp      ftp          2110 Oct 20 19:35 root-servers.net.zone
-rw-r--r--    1 ftp      ftp           574 Oct 20 19:35 root-servers.net.zone.gz
-rw-r--r--    1 ftp      ftp            33 Oct 20 19:35 root-servers.net.zone.gz.md5
-rw-r--r--    1 ftp      ftp            72 Oct 20 19:35 root-servers.net.zone.gz.sig
-rw-r--r--    1 ftp      ftp       2226825 Feb 08 05:51 root.zone
-rw-r--r--    1 ftp      ftp       1045890 Feb 08 05:51 root.zone.gz
-rw-r--r--    1 ftp      ftp            33 Feb 08 05:51 root.zone.gz.md5
-rw-r--r--    1 ftp      ftp            72 Feb 08 05:51 root.zone.gz.sig
-rw-r--r--    1 ftp      ftp            33 Feb 08 05:51 root.zone.md5
-rw-r--r--    1 ftp      ftp            72 Feb 08 05:51 root.zone.sig
2017-02-08 16:38:50 (606 KB/s) - ‘./domain/.listing’ saved [3930]

The sizes do not match (local 3930) -- retrieving.

--2017-02-08 16:38:50--  ftp://ftp.internic.net/domain/.listing
           => ‘./domain/.listing’
==> CWD not required.
--> PASV

227 Entering Passive Mode (192,0,32,9,42,192)
--> REST 3930

350 Restart position accepted (3930).
--> RETR .listing

150 Opening BINARY mode data connection for .listing (1829 bytes).
Length: 1829 (1.8K), -2101 remaining

     0K ,,,                                                   214% 0.00 =0s

226 Transfer complete.
2017-02-08 16:38:51 (0.00 B/s) - ‘./domain/.listing’ saved [3930]

Remote file is newer than local file ‘./domain/INTERNIC_ROOT_ZONE.signatures’ -- retrieving.

--2017-02-08 16:38:51--  ftp://ftp.internic.net/domain/INTERNIC_ROOT_ZONE.signatures
           => ‘./domain/INTERNIC_ROOT_ZONE.signatures’
==> CWD not required.
--> PASV

227 Entering Passive Mode (192,0,32,9,135,10)
--> REST 1224

350 Restart position accepted (1224).
--> RETR INTERNIC_ROOT_ZONE.signatures

150 Opening BINARY mode data connection for INTERNIC_ROOT_ZONE.signatures (1224 bytes).
Length: 1224 (1.2K), 0 remaining

     0K ,                                                     100% 0.00 =0s

226 Transfer complete.
2017-02-08 16:38:53 (0.00 B/s) - ‘./domain/INTERNIC_ROOT_ZONE.signatures’ saved [1224]

Remote file is newer than local file ‘./domain/INTERNIC_ROOT_ZONE.signatures.asc’ -- retrieving.

--2017-02-08 16:38:53--  ftp://ftp.internic.net/domain/INTERNIC_ROOT_ZONE.signatures.asc
           => ‘./domain/INTERNIC_ROOT_ZONE.signatures.asc’
==> CWD not required.
--> PASV

227 Entering Passive Mode (192,0,32,9,119,125)
--> REST 1469

350 Restart position accepted (1469).
--> RETR INTERNIC_ROOT_ZONE.signatures.asc

150 Opening BINARY mode data connection for INTERNIC_ROOT_ZONE.signatures.asc (1469 bytes).
Length: 1469 (1.4K), 0 remaining

     0K ,                                                     100% 0.00 =0s

226 Transfer complete.
2017-02-08 16:38:54 (0.00 B/s) - ‘./domain/INTERNIC_ROOT_ZONE.signatures.asc’ saved [1469]

Remote file is newer than local file ‘./domain/arpa.zone’ -- retrieving.

--2017-02-08 16:38:54--  ftp://ftp.internic.net/domain/arpa.zone
           => ‘./domain/arpa.zone’
==> CWD not required.
--> PASV

227 Entering Passive Mode (192,0,32,9,42,106)
--> REST 15186

350 Restart position accepted (15186).
--> RETR arpa.zone

150 Opening BINARY mode data connection for arpa.zone (15186 bytes).
Length: 15186 (15K), 0 remaining

     0K ,,,,,,,,,, ,,,,                                       100% 0.00 =0s

226 Transfer complete.
2017-02-08 16:38:55 (0.00 B/s) - ‘./domain/arpa.zone’ saved [15186]

The sizes do not match (local 6637) -- retrieving.

--2017-02-08 16:38:55--  ftp://ftp.internic.net/domain/arpa.zone.gz
           => ‘./domain/arpa.zone.gz’
==> CWD not required.
--> PASV

227 Entering Passive Mode (192,0,32,9,41,254)
--> REST 6637

350 Restart position accepted (6637).
--> RETR arpa.zone.gz

150 Opening BINARY mode data connection for arpa.zone.gz (6621 bytes).
Length: 6621 (6.5K), -16 remaining

     0K ,,,,,,                                                100% 0.00 =0s

226 Transfer complete.
2017-02-08 16:38:57 (0.00 B/s) - ‘./domain/arpa.zone.gz’ saved [6637]

Remote file is newer than local file ‘./domain/arpa.zone.gz.md5’ -- retrieving.

--2017-02-08 16:38:57--  ftp://ftp.internic.net/domain/arpa.zone.gz.md5
           => ‘./domain/arpa.zone.gz.md5’
==> CWD not required.
--> PASV

227 Entering Passive Mode (192,0,32,9,113,246)
--> REST 33

350 Restart position accepted (33).
--> RETR arpa.zone.gz.md5

150 Opening BINARY mode data connection for arpa.zone.gz.md5 (33 bytes).
Length: 33, 0 remaining

     0K
     0K                                                       100% 0.00 =0s

226 Transfer complete.
2017-02-08 16:38:58 (0.00 B/s) - ‘./domain/arpa.zone.gz.md5’ saved [33]

Remote file is newer than local file ‘./domain/arpa.zone.gz.sig’ -- retrieving.

--2017-02-08 16:38:58--  ftp://ftp.internic.net/domain/arpa.zone.gz.sig
           => ‘./domain/arpa.zone.gz.sig’
==> CWD not required.
--> PASV

227 Entering Passive Mode (192,0,32,9,238,9)
--> REST 72

350 Restart position accepted (72).
--> RETR arpa.zone.gz.sig

150 Opening BINARY mode data connection for arpa.zone.gz.sig (72 bytes).
Length: 72, 0 remaining

     0K
     0K                                                       100% 0.00 =0s

226 Transfer complete.
2017-02-08 16:38:59 (0.00 B/s) - ‘./domain/arpa.zone.gz.sig’ saved [72]

Remote file no newer than local file ‘./domain/db.cache’ -- not retrieving.
Remote file no newer than local file ‘./domain/db.cache.md5’ -- not retrieving.
Remote file no newer than local file ‘./domain/db.cache.sig’ -- not retrieving.
The sizes do not match (local 227905) -- retrieving.

--2017-02-08 16:38:59--  ftp://ftp.internic.net/domain/in-addr.arpa
           => ‘./domain/in-addr.arpa’
==> CWD not required.
--> PASV

227 Entering Passive Mode (192,0,32,9,175,8)
--> REST 227905

350 Restart position accepted (227905).
--> RETR in-addr.arpa

150 Opening BINARY mode data connection for in-addr.arpa (227885 bytes).
Length: 227885 (223K), -20 remaining

        [ skipping 200K ]
   200K ,,,,,,,,,, ,,,,,,,,,, ,,                              100% 0.00 =0s

226 Transfer complete.
2017-02-08 16:39:01 (0.00 B/s) - ‘./domain/in-addr.arpa’ saved [227905]

The sizes do not match (local 90248) -- retrieving.

--2017-02-08 16:39:01--  ftp://ftp.internic.net/domain/in-addr.arpa.gz
           => ‘./domain/in-addr.arpa.gz’
==> CWD not required.
--> PASV

227 Entering Passive Mode (192,0,32,9,40,194)
--> REST 90248

350 Restart position accepted (90248).
--> RETR in-addr.arpa.gz

150 Opening BINARY mode data connection for in-addr.arpa.gz (90183 bytes).
Length: 90183 (88K), -65 remaining

        [ skipping 50K ]
    50K ,,,,,,,,,, ,,,,,,,,,, ,,,,,,,,,, ,,,,,,,,             100% 0.00 =0s

226 Transfer complete.
2017-02-08 16:39:02 (0.00 B/s) - ‘./domain/in-addr.arpa.gz’ saved [90248]

Remote file is newer than local file ‘./domain/in-addr.arpa.gz.md5’ -- retrieving.

--2017-02-08 16:39:02--  ftp://ftp.internic.net/domain/in-addr.arpa.gz.md5
           => ‘./domain/in-addr.arpa.gz.md5’
==> CWD not required.
--> PASV

227 Entering Passive Mode (192,0,32,9,77,170)
--> REST 55

350 Restart position accepted (55).
--> RETR in-addr.arpa.gz.md5

150 Opening BINARY mode data connection for in-addr.arpa.gz.md5 (55 bytes).
Length: 55, 0 remaining

     0K
     0K                                                       100% 0.00 =0s

226 Transfer complete.
2017-02-08 16:39:04 (0.00 B/s) - ‘./domain/in-addr.arpa.gz.md5’ saved [55]

Remote file is newer than local file ‘./domain/in-addr.arpa.gz.sha256’ -- retrieving.

--2017-02-08 16:39:04--  ftp://ftp.internic.net/domain/in-addr.arpa.gz.sha256
           => ‘./domain/in-addr.arpa.gz.sha256’
==> CWD not required.
--> PASV

227 Entering Passive Mode (192,0,32,9,32,208)
--> REST 90

350 Restart position accepted (90).
--> RETR in-addr.arpa.gz.sha256

150 Opening BINARY mode data connection for in-addr.arpa.gz.sha256 (90 bytes).
Length: 90, 0 remaining

     0K
     0K                                                       100% 0.00 =0s

226 Transfer complete.
2017-02-08 16:39:05 (0.00 B/s) - ‘./domain/in-addr.arpa.gz.sha256’ saved [90]

Remote file is newer than local file ‘./domain/in-addr.arpa.md5’ -- retrieving.

--2017-02-08 16:39:05--  ftp://ftp.internic.net/domain/in-addr.arpa.md5
           => ‘./domain/in-addr.arpa.md5’
==> CWD not required.
--> PASV

227 Entering Passive Mode (192,0,32,9,41,67)
--> REST 52

350 Restart position accepted (52).
--> RETR in-addr.arpa.md5

150 Opening BINARY mode data connection for in-addr.arpa.md5 (52 bytes).
Length: 52, 0 remaining

     0K
     0K                                                       100% 0.00 =0s

226 Transfer complete.
2017-02-08 16:39:07 (0.00 B/s) - ‘./domain/in-addr.arpa.md5’ saved [52]

Remote file is newer than local file ‘./domain/in-addr.arpa.sha256’ -- retrieving.

--2017-02-08 16:39:07--  ftp://ftp.internic.net/domain/in-addr.arpa.sha256
           => ‘./domain/in-addr.arpa.sha256’
==> CWD not required.
--> PASV

227 Entering Passive Mode (192,0,32,9,44,59)
--> REST 87

350 Restart position accepted (87).
--> RETR in-addr.arpa.sha256

150 Opening BINARY mode data connection for in-addr.arpa.sha256 (87 bytes).
Length: 87, 0 remaining

     0K
     0K                                                       100% 0.00 =0s

226 Transfer complete.
2017-02-08 16:39:08 (0.00 B/s) - ‘./domain/in-addr.arpa.sha256’ saved [87]

The sizes do not match (local 227905) -- retrieving.

--2017-02-08 16:39:08--  ftp://ftp.internic.net/domain/in-addr.arpa.zone
           => ‘./domain/in-addr.arpa.zone’
==> CWD not required.
--> PASV

227 Entering Passive Mode (192,0,32,9,41,206)
--> REST 227905

350 Restart position accepted (227905).
--> RETR in-addr.arpa.zone

150 Opening BINARY mode data connection for in-addr.arpa.zone (227885 bytes).
Length: 227885 (223K), -20 remaining

        [ skipping 200K ]
   200K ,,,,,,,,,, ,,,,,,,,,, ,,                              100% 0.00 =0s

226 Transfer complete.
2017-02-08 16:39:13 (0.00 B/s) - ‘./domain/in-addr.arpa.zone’ saved [227905]

The sizes do not match (local 90248) -- retrieving.

--2017-02-08 16:39:13--  ftp://ftp.internic.net/domain/in-addr.arpa.zone.gz
           => ‘./domain/in-addr.arpa.zone.gz’
==> CWD not required.
--> PASV

227 Entering Passive Mode (192,0,32,9,140,86)
--> REST 90248

350 Restart position accepted (90248).
--> RETR in-addr.arpa.zone.gz

150 Opening BINARY mode data connection for in-addr.arpa.zone.gz (90183 bytes).
Length: 90183 (88K), -65 remaining

        [ skipping 50K ]
    50K ,,,,,,,,,, ,,,,,,,,,, ,,,,,,,,,, ,,,,,,,,             100% 0.00 =0s

226 Transfer complete.
2017-02-08 16:39:16 (0.00 B/s) - ‘./domain/in-addr.arpa.zone.gz’ saved [90248]

Remote file is newer than local file ‘./domain/in-addr.arpa.zone.gz.md5’ -- retrieving.

--2017-02-08 16:39:16--  ftp://ftp.internic.net/domain/in-addr.arpa.zone.gz.md5
           => ‘./domain/in-addr.arpa.zone.gz.md5’
==> CWD not required.
--> PASV

227 Entering Passive Mode (192,0,32,9,244,163)
--> REST 60

350 Restart position accepted (60).
--> RETR in-addr.arpa.zone.gz.md5

150 Opening BINARY mode data connection for in-addr.arpa.zone.gz.md5 (60 bytes).
Length: 60, 0 remaining

     0K
     0K                                                       100% 0.00 =0s

226 Transfer complete.
2017-02-08 16:39:23 (0.00 B/s) - ‘./domain/in-addr.arpa.zone.gz.md5’ saved [60]

Remote file is newer than local file ‘./domain/in-addr.arpa.zone.gz.sha256’ -- retrieving.

--2017-02-08 16:39:23--  ftp://ftp.internic.net/domain/in-addr.arpa.zone.gz.sha256
           => ‘./domain/in-addr.arpa.zone.gz.sha256’
==> CWD not required.
--> PASV

227 Entering Passive Mode (192,0,32,9,52,36)
--> REST 95

350 Restart position accepted (95).
--> RETR in-addr.arpa.zone.gz.sha256

150 Opening BINARY mode data connection for in-addr.arpa.zone.gz.sha256 (95 bytes).
Length: 95, 0 remaining

     0K
     0K                                                       100% 0.00 =0s

226 Transfer complete.
2017-02-08 16:39:25 (0.00 B/s) - ‘./domain/in-addr.arpa.zone.gz.sha256’ saved [95]

Remote file is newer than local file ‘./domain/in-addr.arpa.zone.md5’ -- retrieving.

--2017-02-08 16:39:25--  ftp://ftp.internic.net/domain/in-addr.arpa.zone.md5
           => ‘./domain/in-addr.arpa.zone.md5’
==> CWD not required.
--> PASV

227 Entering Passive Mode (192,0,32,9,80,250)
--> REST 57

350 Restart position accepted (57).
--> RETR in-addr.arpa.zone.md5

150 Opening BINARY mode data connection for in-addr.arpa.zone.md5 (57 bytes).
Length: 57, 0 remaining

     0K
     0K                                                       100% 0.00 =0s

226 Transfer complete.
2017-02-08 16:39:27 (0.00 B/s) - ‘./domain/in-addr.arpa.zone.md5’ saved [57]

Remote file is newer than local file ‘./domain/in-addr.arpa.zone.sha256’ -- retrieving.

--2017-02-08 16:39:27--  ftp://ftp.internic.net/domain/in-addr.arpa.zone.sha256
           => ‘./domain/in-addr.arpa.zone.sha256’
==> CWD not required.
--> PASV

227 Entering Passive Mode (192,0,32,9,5,21)
--> REST 92

350 Restart position accepted (92).
--> RETR in-addr.arpa.zone.sha256

150 Opening BINARY mode data connection for in-addr.arpa.zone.sha256 (92 bytes).
Length: 92, 0 remaining

     0K
     0K                                                       100% 0.00 =0s

226 Transfer complete.
2017-02-08 16:39:29 (0.00 B/s) - ‘./domain/in-addr.arpa.zone.sha256’ saved [92]

Remote file is newer than local file ‘./domain/ip6.arpa’ -- retrieving.

--2017-02-08 16:39:29--  ftp://ftp.internic.net/domain/ip6.arpa
           => ‘./domain/ip6.arpa’
==> CWD not required.
--> PASV

227 Entering Passive Mode (192,0,32,9,53,79)
--> REST 60964

350 Restart position accepted (60964).
--> RETR ip6.arpa

150 Opening BINARY mode data connection for ip6.arpa (60964 bytes).
Length: 60964 (60K), 0 remaining

        [ skipping 50K ]
    50K ,,,,,,,,,                                             100% 0.00 =0s

226 Transfer complete.
2017-02-08 16:39:30 (0.00 B/s) - ‘./domain/ip6.arpa’ saved [60964]

The sizes do not match (local 24437) -- retrieving.

--2017-02-08 16:39:30--  ftp://ftp.internic.net/domain/ip6.arpa.gz
           => ‘./domain/ip6.arpa.gz’
==> CWD not required.
--> PASV

227 Entering Passive Mode (192,0,32,9,252,134)
--> REST 24437

350 Restart position accepted (24437).
--> RETR ip6.arpa.gz

150 Opening BINARY mode data connection for ip6.arpa.gz (24419 bytes).
Length: 24419 (24K), -18 remaining

     0K ,,,,,,,,,, ,,,,,,,,,, ,,,                             100% 0.00 =0s

226 Transfer complete.
2017-02-08 16:39:31 (0.00 B/s) - ‘./domain/ip6.arpa.gz’ saved [24437]

Remote file is newer than local file ‘./domain/ip6.arpa.gz.md5’ -- retrieving.

--2017-02-08 16:39:31--  ftp://ftp.internic.net/domain/ip6.arpa.gz.md5
           => ‘./domain/ip6.arpa.gz.md5’
==> CWD not required.
--> PASV

227 Entering Passive Mode (192,0,32,9,132,180)
--> REST 51

350 Restart position accepted (51).
--> RETR ip6.arpa.gz.md5

150 Opening BINARY mode data connection for ip6.arpa.gz.md5 (51 bytes).
Length: 51, 0 remaining

     0K
     0K                                                       100% 0.00 =0s

226 Transfer complete.
2017-02-08 16:39:33 (0.00 B/s) - ‘./domain/ip6.arpa.gz.md5’ saved [51]

Remote file is newer than local file ‘./domain/ip6.arpa.gz.sha256’ -- retrieving.

--2017-02-08 16:39:33--  ftp://ftp.internic.net/domain/ip6.arpa.gz.sha256
           => ‘./domain/ip6.arpa.gz.sha256’
==> CWD not required.
--> PASV

227 Entering Passive Mode (192,0,32,9,112,173)
--> REST 86

350 Restart position accepted (86).
--> RETR ip6.arpa.gz.sha256

150 Opening BINARY mode data connection for ip6.arpa.gz.sha256 (86 bytes).
Length: 86, 0 remaining

     0K
     0K                                                       100% 0.00 =0s

226 Transfer complete.
2017-02-08 16:39:34 (0.00 B/s) - ‘./domain/ip6.arpa.gz.sha256’ saved [86]

Remote file is newer than local file ‘./domain/ip6.arpa.md5’ -- retrieving.

--2017-02-08 16:39:34--  ftp://ftp.internic.net/domain/ip6.arpa.md5
           => ‘./domain/ip6.arpa.md5’
==> CWD not required.
--> PASV

227 Entering Passive Mode (192,0,32,9,75,166)
--> REST 48

350 Restart position accepted (48).
--> RETR ip6.arpa.md5

150 Opening BINARY mode data connection for ip6.arpa.md5 (48 bytes).
Length: 48, 0 remaining

     0K
     0K                                                       100% 0.00 =0s

226 Transfer complete.
2017-02-08 16:39:35 (0.00 B/s) - ‘./domain/ip6.arpa.md5’ saved [48]

Remote file is newer than local file ‘./domain/ip6.arpa.sha256’ -- retrieving.

--2017-02-08 16:39:35--  ftp://ftp.internic.net/domain/ip6.arpa.sha256
           => ‘./domain/ip6.arpa.sha256’
==> CWD not required.
--> PASV

227 Entering Passive Mode (192,0,32,9,37,248)
--> REST 83

350 Restart position accepted (83).
--> RETR ip6.arpa.sha256

150 Opening BINARY mode data connection for ip6.arpa.sha256 (83 bytes).
Length: 83, 0 remaining

     0K
     0K                                                       100% 0.00 =0s

226 Transfer complete.
2017-02-08 16:39:36 (0.00 B/s) - ‘./domain/ip6.arpa.sha256’ saved [83]

Remote file is newer than local file ‘./domain/ip6.arpa.zone’ -- retrieving.

--2017-02-08 16:39:36--  ftp://ftp.internic.net/domain/ip6.arpa.zone
           => ‘./domain/ip6.arpa.zone’
==> CWD not required.
--> PASV

227 Entering Passive Mode (192,0,32,9,171,107)
--> REST 60964

350 Restart position accepted (60964).
--> RETR ip6.arpa.zone

150 Opening BINARY mode data connection for ip6.arpa.zone (60964 bytes).
Length: 60964 (60K), 0 remaining

        [ skipping 50K ]
    50K ,,,,,,,,,                                             100% 0.00 =0s

226 Transfer complete.
2017-02-08 16:39:37 (0.00 B/s) - ‘./domain/ip6.arpa.zone’ saved [60964]

The sizes do not match (local 24437) -- retrieving.

--2017-02-08 16:39:37--  ftp://ftp.internic.net/domain/ip6.arpa.zone.gz
           => ‘./domain/ip6.arpa.zone.gz’
==> CWD not required.
--> PASV

227 Entering Passive Mode (192,0,32,9,27,11)
--> REST 24437

350 Restart position accepted (24437).
--> RETR ip6.arpa.zone.gz

150 Opening BINARY mode data connection for ip6.arpa.zone.gz (24419 bytes).
Length: 24419 (24K), -18 remaining

     0K ,,,,,,,,,, ,,,,,,,,,, ,,,                             100% 0.00 =0s

226 Transfer complete.
2017-02-08 16:39:38 (0.00 B/s) - ‘./domain/ip6.arpa.zone.gz’ saved [24437]

Remote file is newer than local file ‘./domain/ip6.arpa.zone.gz.md5’ -- retrieving.

--2017-02-08 16:39:38--  ftp://ftp.internic.net/domain/ip6.arpa.zone.gz.md5
           => ‘./domain/ip6.arpa.zone.gz.md5’
==> CWD not required.
--> PASV

227 Entering Passive Mode (192,0,32,9,46,116)
--> REST 56

350 Restart position accepted (56).
--> RETR ip6.arpa.zone.gz.md5

150 Opening BINARY mode data connection for ip6.arpa.zone.gz.md5 (56 bytes).
Length: 56, 0 remaining

     0K
     0K                                                       100% 0.00 =0s

226 Transfer complete.
2017-02-08 16:39:40 (0.00 B/s) - ‘./domain/ip6.arpa.zone.gz.md5’ saved [56]

Remote file is newer than local file ‘./domain/ip6.arpa.zone.gz.sha256’ -- retrieving.

--2017-02-08 16:39:40--  ftp://ftp.internic.net/domain/ip6.arpa.zone.gz.sha256
           => ‘./domain/ip6.arpa.zone.gz.sha256’
==> CWD not required.
--> PASV

227 Entering Passive Mode (192,0,32,9,42,39)
--> REST 91

350 Restart position accepted (91).
--> RETR ip6.arpa.zone.gz.sha256

150 Opening BINARY mode data connection for ip6.arpa.zone.gz.sha256 (91 bytes).
Length: 91, 0 remaining

     0K
     0K                                                       100% 0.00 =0s

226 Transfer complete.
2017-02-08 16:39:42 (0.00 B/s) - ‘./domain/ip6.arpa.zone.gz.sha256’ saved [91]

Remote file is newer than local file ‘./domain/ip6.arpa.zone.md5’ -- retrieving.

--2017-02-08 16:39:42--  ftp://ftp.internic.net/domain/ip6.arpa.zone.md5
           => ‘./domain/ip6.arpa.zone.md5’
==> CWD not required.
--> PASV

227 Entering Passive Mode (192,0,32,9,41,51)
--> REST 53

350 Restart position accepted (53).
--> RETR ip6.arpa.zone.md5

150 Opening BINARY mode data connection for ip6.arpa.zone.md5 (53 bytes).
Length: 53, 0 remaining

     0K
     0K                                                       100% 0.00 =0s

226 Transfer complete.
2017-02-08 16:39:43 (0.00 B/s) - ‘./domain/ip6.arpa.zone.md5’ saved [53]

Remote file is newer than local file ‘./domain/ip6.arpa.zone.sha256’ -- retrieving.

--2017-02-08 16:39:43--  ftp://ftp.internic.net/domain/ip6.arpa.zone.sha256
           => ‘./domain/ip6.arpa.zone.sha256’
==> CWD not required.
--> PASV

227 Entering Passive Mode (192,0,32,9,66,31)
--> REST 88

350 Restart position accepted (88).
--> RETR ip6.arpa.zone.sha256

150 Opening BINARY mode data connection for ip6.arpa.zone.sha256 (88 bytes).
Length: 88, 0 remaining

     0K
     0K                                                       100% 0.00 =0s

226 Transfer complete.
2017-02-08 16:39:44 (0.00 B/s) - ‘./domain/ip6.arpa.zone.sha256’ saved [88]

Remote file is newer than local file ‘./domain/last_update.txt’ -- retrieving.

--2017-02-08 16:39:44--  ftp://ftp.internic.net/domain/last_update.txt
           => ‘./domain/last_update.txt’
==> CWD not required.
--> PASV

227 Entering Passive Mode (192,0,32,9,40,66)
--> REST 21

350 Restart position accepted (21).
--> RETR last_update.txt

150 Opening BINARY mode data connection for last_update.txt (21 bytes).
Length: 21, 0 remaining

     0K
     0K                                                       100% 0.00 =0s

226 Transfer complete.
2017-02-08 16:39:45 (0.00 B/s) - ‘./domain/last_update.txt’ saved [21]

Remote file no newer than local file ‘./domain/named.cache’ -- not retrieving.
Remote file no newer than local file ‘./domain/named.cache.md5’ -- not retrieving.
Remote file no newer than local file ‘./domain/named.cache.sig’ -- not retrieving.
Remote file no newer than local file ‘./domain/named.root’ -- not retrieving.
Remote file no newer than local file ‘./domain/named.root.md5’ -- not retrieving.
Remote file no newer than local file ‘./domain/named.root.sig’ -- not retrieving.
Remote file no newer than local file ‘./domain/root-servers.net.zone’ -- not retrieving.
Remote file no newer than local file ‘./domain/root-servers.net.zone.gz’ -- not retrieving.
Remote file no newer than local file ‘./domain/root-servers.net.zone.gz.md5’ -- not retrieving.
Remote file no newer than local file ‘./domain/root-servers.net.zone.gz.sig’ -- not retrieving.
The sizes do not match (local 2226992) -- retrieving.

--2017-02-08 16:39:45--  ftp://ftp.internic.net/domain/root.zone
           => ‘./domain/root.zone’
==> CWD not required.
--> PASV

227 Entering Passive Mode (192,0,32,9,41,233)
--> REST 2226992

350 Restart position accepted (2226992).
--> RETR root.zone

150 Opening BINARY mode data connection for root.zone (2226825 bytes).
Length: 2226825 (2.1M), -167 remaining

        [ skipping 2150K ]
  2150K ,,,,,,,,,, ,,,,,,,,,, ,,,,                            100% 0.00 =0s

226 Transfer complete.
2017-02-08 16:39:47 (0.00 B/s) - ‘./domain/root.zone’ saved [2226992]

The sizes do not match (local 1046122) -- retrieving.

--2017-02-08 16:39:47--  ftp://ftp.internic.net/domain/root.zone.gz
           => ‘./domain/root.zone.gz’
==> CWD not required.
--> PASV

227 Entering Passive Mode (192,0,32,9,41,180)
--> REST 1046122

350 Restart position accepted (1046122).
--> RETR root.zone.gz

150 Opening BINARY mode data connection for root.zone.gz (1045890 bytes).
Length: 1045890 (1021K), -232 remaining

        [ skipping 1000K ]
  1000K ,,,,,,,,,, ,,,,,,,,,, ,                               100% 0.00 =0s

226 Transfer complete.
2017-02-08 16:39:48 (0.00 B/s) - ‘./domain/root.zone.gz’ saved [1046122]

Remote file is newer than local file ‘./domain/root.zone.gz.md5’ -- retrieving.

--2017-02-08 16:39:48--  ftp://ftp.internic.net/domain/root.zone.gz.md5
           => ‘./domain/root.zone.gz.md5’
==> CWD not required.
--> PASV

227 Entering Passive Mode (192,0,32,9,78,169)
--> REST 33

350 Restart position accepted (33).
--> RETR root.zone.gz.md5

150 Opening BINARY mode data connection for root.zone.gz.md5 (33 bytes).
Length: 33, 0 remaining

     0K
     0K                                                       100% 0.00 =0s

226 Transfer complete.
2017-02-08 16:39:50 (0.00 B/s) - ‘./domain/root.zone.gz.md5’ saved [33]

Remote file is newer than local file ‘./domain/root.zone.gz.sig’ -- retrieving.

--2017-02-08 16:39:50--  ftp://ftp.internic.net/domain/root.zone.gz.sig
           => ‘./domain/root.zone.gz.sig’
==> CWD not required.
--> PASV

227 Entering Passive Mode (192,0,32,9,164,83)
--> REST 72

350 Restart position accepted (72).
--> RETR root.zone.gz.sig

150 Opening BINARY mode data connection for root.zone.gz.sig (72 bytes).
Length: 72, 0 remaining

     0K
     0K                                                       100% 0.00 =0s

226 Transfer complete.
2017-02-08 16:39:51 (0.00 B/s) - ‘./domain/root.zone.gz.sig’ saved [72]

Remote file is newer than local file ‘./domain/root.zone.md5’ -- retrieving.

--2017-02-08 16:39:51--  ftp://ftp.internic.net/domain/root.zone.md5
           => ‘./domain/root.zone.md5’
==> CWD not required.
--> PASV

227 Entering Passive Mode (192,0,32,9,62,179)
--> REST 33

350 Restart position accepted (33).
--> RETR root.zone.md5

150 Opening BINARY mode data connection for root.zone.md5 (33 bytes).
Length: 33, 0 remaining

     0K
     0K                                                       100% 0.00 =0s

226 Transfer complete.
2017-02-08 16:39:53 (0.00 B/s) - ‘./domain/root.zone.md5’ saved [33]

Remote file is newer than local file ‘./domain/root.zone.sig’ -- retrieving.

--2017-02-08 16:39:53--  ftp://ftp.internic.net/domain/root.zone.sig
           => ‘./domain/root.zone.sig’
==> CWD not required.
--> PASV

227 Entering Passive Mode (192,0,32,9,220,172)
--> REST 72

350 Restart position accepted (72).
--> RETR root.zone.sig

150 Opening BINARY mode data connection for root.zone.sig (72 bytes).
Length: 72, 0 remaining

     0K
     0K                                                       100% 0.00 =0s

226 Transfer complete.
2017-02-08 16:39:54 (0.00 B/s) - ‘./domain/root.zone.sig’ saved [72]

FINISHED --2017-02-08 16:39:54--
Total wall clock time: 1m 24s
Downloaded: 40 files, 3.9M in 0.04s (97.4 MB/s)
