--2017-07-28 00:00:03--  ftp://ftp.internic.net/*
           => ‘./.listing’
Resolving ftp.internic.net (ftp.internic.net)... 192.0.32.9, 2620:0:2d0:200::9
Connecting to ftp.internic.net (ftp.internic.net)|192.0.32.9|:21... connected.
Logging in as anonymous ... 
220 Internic FTP Server
--> USER anonymous

331 Please specify the password.
--> PASS Turtle Power!

230 Login successful.
--> SYST

215 UNIX Type: L8
--> PWD

257 "/"
--> TYPE I

200 Switching to Binary mode.
==> CWD not needed.
--> PASV

227 Entering Passive Mode (192,0,32,9,200,81)
--> LIST -a

150 Here comes the directory listing.

     0K                                                         715K=0s

226 Directory send OK.
drwxr-xr-x    3 ftp      ftp          4096 Apr 04  2012 .
drwxr-xr-x    3 ftp      ftp          4096 Apr 04  2012 ..
drwxr-xr-x    2 ftp      ftp          4096 Sep 09  2015 domain
2017-07-28 00:00:06 (715 KB/s) - ‘./.listing’ saved [183]

--2017-07-28 00:00:06--  ftp://ftp.internic.net/domain/*
           => ‘./domain/.listing’
--> CWD /domain

250 Directory successfully changed.
--> PASV

227 Entering Passive Mode (192,0,32,9,32,102)
--> LIST -a

150 Here comes the directory listing.

     0K ...                                                    1.57M=0.002s

226 Directory send OK.
drwxr-xr-x    2 ftp      ftp          4096 Sep 09  2015 .
drwxr-xr-x    3 ftp      ftp          4096 Apr 04  2012 ..
-rw-r--r--    1 ftp      ftp          1829 Aug 18  2015 .listing
-rw-r--r--    1 ftp      ftp          1224 Jul 27 14:50 INTERNIC_ROOT_ZONE.signatures
-rw-r--r--    1 ftp      ftp          1469 Jul 27 14:50 INTERNIC_ROOT_ZONE.signatures.asc
-rw-r--r--    1 ftp      ftp         15228 Jul 27 12:54 arpa.zone
-rw-r--r--    1 ftp      ftp          6647 Jul 27 12:54 arpa.zone.gz
-rw-r--r--    1 ftp      ftp            33 Jul 27 12:54 arpa.zone.gz.md5
-rw-r--r--    1 ftp      ftp            71 Jul 27 12:54 arpa.zone.gz.sig
-rw-r--r--    1 ftp      ftp          3314 Jul 26 14:54 db.cache
-rw-r--r--    1 ftp      ftp            33 Jul 26 14:54 db.cache.md5
-rw-r--r--    1 ftp      ftp            72 Jul 26 14:54 db.cache.sig
-rw-r--r--    1 ftp      ftp        228558 Jul 27 15:40 in-addr.arpa
-rw-r--r--    1 ftp      ftp         90760 Jul 27 15:40 in-addr.arpa.gz
-rw-r--r--    1 ftp      ftp            55 Jul 27 15:40 in-addr.arpa.gz.md5
-rw-r--r--    1 ftp      ftp            90 Jul 27 15:40 in-addr.arpa.gz.sha256
-rw-r--r--    1 ftp      ftp            52 Jul 27 15:40 in-addr.arpa.md5
-rw-r--r--    1 ftp      ftp            87 Jul 27 15:40 in-addr.arpa.sha256
-rw-r--r--    1 ftp      ftp        228558 Jul 27 15:40 in-addr.arpa.zone
-rw-r--r--    1 ftp      ftp         90760 Jul 27 15:40 in-addr.arpa.zone.gz
-rw-r--r--    1 ftp      ftp            60 Jul 27 15:40 in-addr.arpa.zone.gz.md5
-rw-r--r--    1 ftp      ftp            95 Jul 27 15:40 in-addr.arpa.zone.gz.sha256
-rw-r--r--    1 ftp      ftp            57 Jul 27 15:40 in-addr.arpa.zone.md5
-rw-r--r--    1 ftp      ftp            92 Jul 27 15:40 in-addr.arpa.zone.sha256
-rw-r--r--    1 ftp      ftp         61264 Jul 27 15:40 ip6.arpa
-rw-r--r--    1 ftp      ftp         24370 Jul 27 15:40 ip6.arpa.gz
-rw-r--r--    1 ftp      ftp            51 Jul 27 15:40 ip6.arpa.gz.md5
-rw-r--r--    1 ftp      ftp            86 Jul 27 15:40 ip6.arpa.gz.sha256
-rw-r--r--    1 ftp      ftp            48 Jul 27 15:40 ip6.arpa.md5
-rw-r--r--    1 ftp      ftp            83 Jul 27 15:40 ip6.arpa.sha256
-rw-r--r--    1 ftp      ftp         61264 Jul 27 15:40 ip6.arpa.zone
-rw-r--r--    1 ftp      ftp         24370 Jul 27 15:40 ip6.arpa.zone.gz
-rw-r--r--    1 ftp      ftp            56 Jul 27 15:40 ip6.arpa.zone.gz.md5
-rw-r--r--    1 ftp      ftp            91 Jul 27 15:40 ip6.arpa.zone.gz.sha256
-rw-r--r--    1 ftp      ftp            53 Jul 27 15:40 ip6.arpa.zone.md5
-rw-r--r--    1 ftp      ftp            88 Jul 27 15:40 ip6.arpa.zone.sha256
-rw-r--r--    1 ftp      ftp            21 Jul 27 15:40 last_update.txt
-rw-r--r--    1 ftp      ftp          3314 Jul 26 14:54 named.cache
-rw-r--r--    1 ftp      ftp            33 Jul 26 14:54 named.cache.md5
-rw-r--r--    1 ftp      ftp            72 Jul 26 14:54 named.cache.sig
-rw-r--r--    1 ftp      ftp          3314 Jul 26 14:54 named.root
-rw-r--r--    1 ftp      ftp            33 Jul 26 14:54 named.root.md5
-rw-r--r--    1 ftp      ftp            72 Jul 26 14:54 named.root.sig
-rw-r--r--    1 ftp      ftp          2111 Jul 26 14:53 root-servers.net.zone
-rw-r--r--    1 ftp      ftp           573 Jul 26 14:53 root-servers.net.zone.gz
-rw-r--r--    1 ftp      ftp            33 Jul 26 14:53 root-servers.net.zone.gz.md5
-rw-r--r--    1 ftp      ftp            72 Jul 26 14:53 root-servers.net.zone.gz.sig
-rw-r--r--    1 ftp      ftp       2262766 Jul 27 14:50 root.zone
-rw-r--r--    1 ftp      ftp       1062525 Jul 27 14:50 root.zone.gz
-rw-r--r--    1 ftp      ftp            33 Jul 27 14:50 root.zone.gz.md5
-rw-r--r--    1 ftp      ftp            72 Jul 27 14:50 root.zone.gz.sig
-rw-r--r--    1 ftp      ftp            33 Jul 27 14:50 root.zone.md5
-rw-r--r--    1 ftp      ftp            72 Jul 27 14:50 root.zone.sig
2017-07-28 00:00:07 (1.57 MB/s) - ‘./domain/.listing’ saved [3930]

The sizes do not match (local 3930) -- retrieving.

--2017-07-28 00:00:07--  ftp://ftp.internic.net/domain/.listing
           => ‘./domain/.listing’
==> CWD not required.
--> PASV

227 Entering Passive Mode (192,0,32,9,207,249)
--> RETR .listing

150 Opening BINARY mode data connection for .listing (1829 bytes).
Length: 1829 (1.8K)

     0K .                                                     100%  880K=0.002s

226 Transfer complete.
2017-07-28 00:00:08 (880 KB/s) - ‘./domain/.listing’ saved [1829]

Remote file is newer than local file ‘./domain/INTERNIC_ROOT_ZONE.signatures’ -- retrieving.

--2017-07-28 00:00:08--  ftp://ftp.internic.net/domain/INTERNIC_ROOT_ZONE.signatures
           => ‘./domain/INTERNIC_ROOT_ZONE.signatures’
==> CWD not required.
--> PASV

227 Entering Passive Mode (192,0,32,9,117,28)
--> RETR INTERNIC_ROOT_ZONE.signatures

150 Opening BINARY mode data connection for INTERNIC_ROOT_ZONE.signatures (1224 bytes).
Length: 1224 (1.2K)

     0K .                                                     100% 12.3M=0s

226 Transfer complete.
2017-07-28 00:00:09 (12.3 MB/s) - ‘./domain/INTERNIC_ROOT_ZONE.signatures’ saved [1224]

Remote file is newer than local file ‘./domain/INTERNIC_ROOT_ZONE.signatures.asc’ -- retrieving.

--2017-07-28 00:00:09--  ftp://ftp.internic.net/domain/INTERNIC_ROOT_ZONE.signatures.asc
           => ‘./domain/INTERNIC_ROOT_ZONE.signatures.asc’
==> CWD not required.
--> PASV

227 Entering Passive Mode (192,0,32,9,14,24)
--> RETR INTERNIC_ROOT_ZONE.signatures.asc

150 Opening BINARY mode data connection for INTERNIC_ROOT_ZONE.signatures.asc (1469 bytes).
Length: 1469 (1.4K)

     0K .                                                     100% 4.45M=0s

226 Transfer complete.
2017-07-28 00:00:10 (4.45 MB/s) - ‘./domain/INTERNIC_ROOT_ZONE.signatures.asc’ saved [1469]

Remote file is newer than local file ‘./domain/arpa.zone’ -- retrieving.

--2017-07-28 00:00:10--  ftp://ftp.internic.net/domain/arpa.zone
           => ‘./domain/arpa.zone’
==> CWD not required.
--> PASV

227 Entering Passive Mode (192,0,32,9,163,42)
--> RETR arpa.zone

150 Opening BINARY mode data connection for arpa.zone (15228 bytes).
Length: 15228 (15K)

     0K .......... ....                                       100% 1.01M=0.01s

226 Transfer complete.
2017-07-28 00:00:11 (1.01 MB/s) - ‘./domain/arpa.zone’ saved [15228]

The sizes do not match (local 6638) -- retrieving.

--2017-07-28 00:00:11--  ftp://ftp.internic.net/domain/arpa.zone.gz
           => ‘./domain/arpa.zone.gz’
==> CWD not required.
--> PASV

227 Entering Passive Mode (192,0,32,9,42,44)
--> RETR arpa.zone.gz

150 Opening BINARY mode data connection for arpa.zone.gz (6647 bytes).
Length: 6647 (6.5K)

     0K ......                                                100% 1.31M=0.005s

226 Transfer complete.
2017-07-28 00:00:12 (1.31 MB/s) - ‘./domain/arpa.zone.gz’ saved [6647]

Remote file is newer than local file ‘./domain/arpa.zone.gz.md5’ -- retrieving.

--2017-07-28 00:00:12--  ftp://ftp.internic.net/domain/arpa.zone.gz.md5
           => ‘./domain/arpa.zone.gz.md5’
==> CWD not required.
--> PASV

227 Entering Passive Mode (192,0,32,9,118,0)
--> RETR arpa.zone.gz.md5

150 Opening BINARY mode data connection for arpa.zone.gz.md5 (33 bytes).
Length: 33

     0K                                                       100%  424K=0s

226 Transfer complete.
2017-07-28 00:00:13 (424 KB/s) - ‘./domain/arpa.zone.gz.md5’ saved [33]

The sizes do not match (local 72) -- retrieving.

--2017-07-28 00:00:13--  ftp://ftp.internic.net/domain/arpa.zone.gz.sig
           => ‘./domain/arpa.zone.gz.sig’
==> CWD not required.
--> PASV

227 Entering Passive Mode (192,0,32,9,15,169)
--> RETR arpa.zone.gz.sig

150 Opening BINARY mode data connection for arpa.zone.gz.sig (71 bytes).
Length: 71

     0K                                                       100%  103K=0.001s

226 Transfer complete.
2017-07-28 00:00:14 (103 KB/s) - ‘./domain/arpa.zone.gz.sig’ saved [71]

Remote file no newer than local file ‘./domain/db.cache’ -- not retrieving.
Remote file no newer than local file ‘./domain/db.cache.md5’ -- not retrieving.
Remote file no newer than local file ‘./domain/db.cache.sig’ -- not retrieving.
Remote file is newer than local file ‘./domain/in-addr.arpa’ -- retrieving.

--2017-07-28 00:00:14--  ftp://ftp.internic.net/domain/in-addr.arpa
           => ‘./domain/in-addr.arpa’
==> CWD not required.
--> PASV

227 Entering Passive Mode (192,0,32,9,42,134)
--> RETR in-addr.arpa

150 Opening BINARY mode data connection for in-addr.arpa (228558 bytes).
Length: 228558 (223K)

     0K .......... .......... .......... .......... .......... 22% 90.4K 2s
    50K .......... .......... .......... .......... .......... 44%  237K 1s
   100K .......... .......... .......... .......... .......... 67%  610K 0s
   150K .......... .......... .......... .......... .......... 89%  223K 0s
   200K .......... .......... ...                             100%  567K=1.1s

226 Transfer complete.
2017-07-28 00:00:16 (201 KB/s) - ‘./domain/in-addr.arpa’ saved [228558]

The sizes do not match (local 90822) -- retrieving.

--2017-07-28 00:00:16--  ftp://ftp.internic.net/domain/in-addr.arpa.gz
           => ‘./domain/in-addr.arpa.gz’
==> CWD not required.
--> PASV

227 Entering Passive Mode (192,0,32,9,75,248)
--> RETR in-addr.arpa.gz

150 Opening BINARY mode data connection for in-addr.arpa.gz (90760 bytes).
Length: 90760 (89K)

     0K .......... .......... .......... .......... .......... 56%  109K 0s
    50K .......... .......... .......... ........             100%  683K=0.5s

226 Transfer complete.
2017-07-28 00:00:18 (172 KB/s) - ‘./domain/in-addr.arpa.gz’ saved [90760]

Remote file is newer than local file ‘./domain/in-addr.arpa.gz.md5’ -- retrieving.

--2017-07-28 00:00:18--  ftp://ftp.internic.net/domain/in-addr.arpa.gz.md5
           => ‘./domain/in-addr.arpa.gz.md5’
==> CWD not required.
--> PASV

227 Entering Passive Mode (192,0,32,9,75,39)
--> RETR in-addr.arpa.gz.md5

150 Opening BINARY mode data connection for in-addr.arpa.gz.md5 (55 bytes).
Length: 55

     0K                                                       100% 1.19M=0s

226 Transfer complete.
2017-07-28 00:00:19 (1.19 MB/s) - ‘./domain/in-addr.arpa.gz.md5’ saved [55]

Remote file is newer than local file ‘./domain/in-addr.arpa.gz.sha256’ -- retrieving.

--2017-07-28 00:00:19--  ftp://ftp.internic.net/domain/in-addr.arpa.gz.sha256
           => ‘./domain/in-addr.arpa.gz.sha256’
==> CWD not required.
--> PASV

227 Entering Passive Mode (192,0,32,9,42,54)
--> RETR in-addr.arpa.gz.sha256

150 Opening BINARY mode data connection for in-addr.arpa.gz.sha256 (90 bytes).
Length: 90

     0K                                                       100% 1.87M=0s

226 Transfer complete.
2017-07-28 00:00:20 (1.87 MB/s) - ‘./domain/in-addr.arpa.gz.sha256’ saved [90]

Remote file is newer than local file ‘./domain/in-addr.arpa.md5’ -- retrieving.

--2017-07-28 00:00:20--  ftp://ftp.internic.net/domain/in-addr.arpa.md5
           => ‘./domain/in-addr.arpa.md5’
==> CWD not required.
--> PASV

227 Entering Passive Mode (192,0,32,9,41,240)
--> RETR in-addr.arpa.md5

150 Opening BINARY mode data connection for in-addr.arpa.md5 (52 bytes).
Length: 52

     0K                                                       100%  552K=0s

226 Transfer complete.
2017-07-28 00:00:21 (552 KB/s) - ‘./domain/in-addr.arpa.md5’ saved [52]

Remote file is newer than local file ‘./domain/in-addr.arpa.sha256’ -- retrieving.

--2017-07-28 00:00:21--  ftp://ftp.internic.net/domain/in-addr.arpa.sha256
           => ‘./domain/in-addr.arpa.sha256’
==> CWD not required.
--> PASV

227 Entering Passive Mode (192,0,32,9,42,230)
--> RETR in-addr.arpa.sha256

150 Opening BINARY mode data connection for in-addr.arpa.sha256 (87 bytes).
Length: 87

     0K                                                       100% 1.09M=0s

226 Transfer complete.
2017-07-28 00:00:22 (1.09 MB/s) - ‘./domain/in-addr.arpa.sha256’ saved [87]

Remote file is newer than local file ‘./domain/in-addr.arpa.zone’ -- retrieving.

--2017-07-28 00:00:22--  ftp://ftp.internic.net/domain/in-addr.arpa.zone
           => ‘./domain/in-addr.arpa.zone’
==> CWD not required.
--> PASV

227 Entering Passive Mode (192,0,32,9,41,37)
--> RETR in-addr.arpa.zone

150 Opening BINARY mode data connection for in-addr.arpa.zone (228558 bytes).
Length: 228558 (223K)

     0K .......... .......... .......... .......... .......... 22%  112K 2s
    50K .......... .......... .......... .......... .......... 44%  240K 1s
   100K .......... .......... .......... .......... .......... 67% 1.15M 0s
   150K .......... .......... .......... .......... .......... 89%  237K 0s
   200K .......... .......... ...                             100%  679K=0.9s

226 Transfer complete.
2017-07-28 00:00:24 (237 KB/s) - ‘./domain/in-addr.arpa.zone’ saved [228558]

The sizes do not match (local 90822) -- retrieving.

--2017-07-28 00:00:24--  ftp://ftp.internic.net/domain/in-addr.arpa.zone.gz
           => ‘./domain/in-addr.arpa.zone.gz’
==> CWD not required.
--> PASV

227 Entering Passive Mode (192,0,32,9,9,207)
--> RETR in-addr.arpa.zone.gz

150 Opening BINARY mode data connection for in-addr.arpa.zone.gz (90760 bytes).
Length: 90760 (89K)

     0K .......... .......... .......... .......... .......... 56%  104K 0s
    50K .......... .......... .......... ........             100% 1.54M=0.5s

226 Transfer complete.
2017-07-28 00:00:25 (175 KB/s) - ‘./domain/in-addr.arpa.zone.gz’ saved [90760]

Remote file is newer than local file ‘./domain/in-addr.arpa.zone.gz.md5’ -- retrieving.

--2017-07-28 00:00:25--  ftp://ftp.internic.net/domain/in-addr.arpa.zone.gz.md5
           => ‘./domain/in-addr.arpa.zone.gz.md5’
==> CWD not required.
--> PASV

227 Entering Passive Mode (192,0,32,9,42,108)
--> RETR in-addr.arpa.zone.gz.md5

150 Opening BINARY mode data connection for in-addr.arpa.zone.gz.md5 (60 bytes).
Length: 60

     0K                                                       100%  586K=0s

226 Transfer complete.
2017-07-28 00:00:26 (586 KB/s) - ‘./domain/in-addr.arpa.zone.gz.md5’ saved [60]

Remote file is newer than local file ‘./domain/in-addr.arpa.zone.gz.sha256’ -- retrieving.

--2017-07-28 00:00:26--  ftp://ftp.internic.net/domain/in-addr.arpa.zone.gz.sha256
           => ‘./domain/in-addr.arpa.zone.gz.sha256’
==> CWD not required.
--> PASV

227 Entering Passive Mode (192,0,32,9,18,129)
--> RETR in-addr.arpa.zone.gz.sha256

150 Opening BINARY mode data connection for in-addr.arpa.zone.gz.sha256 (95 bytes).
Length: 95

     0K                                                       100% 1.78M=0s

226 Transfer complete.
2017-07-28 00:00:27 (1.78 MB/s) - ‘./domain/in-addr.arpa.zone.gz.sha256’ saved [95]

Remote file is newer than local file ‘./domain/in-addr.arpa.zone.md5’ -- retrieving.

--2017-07-28 00:00:27--  ftp://ftp.internic.net/domain/in-addr.arpa.zone.md5
           => ‘./domain/in-addr.arpa.zone.md5’
==> CWD not required.
--> PASV

227 Entering Passive Mode (192,0,32,9,41,37)
--> RETR in-addr.arpa.zone.md5

150 Opening BINARY mode data connection for in-addr.arpa.zone.md5 (57 bytes).
Length: 57

     0K                                                       100%  784K=0s

226 Transfer complete.
2017-07-28 00:00:28 (784 KB/s) - ‘./domain/in-addr.arpa.zone.md5’ saved [57]

Remote file is newer than local file ‘./domain/in-addr.arpa.zone.sha256’ -- retrieving.

--2017-07-28 00:00:28--  ftp://ftp.internic.net/domain/in-addr.arpa.zone.sha256
           => ‘./domain/in-addr.arpa.zone.sha256’
==> CWD not required.
--> PASV

227 Entering Passive Mode (192,0,32,9,5,73)
--> RETR in-addr.arpa.zone.sha256

150 Opening BINARY mode data connection for in-addr.arpa.zone.sha256 (92 bytes).
Length: 92

     0K                                                       100% 41.7K=0.002s

226 Transfer complete.
2017-07-28 00:00:29 (41.7 KB/s) - ‘./domain/in-addr.arpa.zone.sha256’ saved [92]

Remote file is newer than local file ‘./domain/ip6.arpa’ -- retrieving.

--2017-07-28 00:00:29--  ftp://ftp.internic.net/domain/ip6.arpa
           => ‘./domain/ip6.arpa’
==> CWD not required.
--> PASV

227 Entering Passive Mode (192,0,32,9,152,1)
--> RETR ip6.arpa

150 Opening BINARY mode data connection for ip6.arpa (61264 bytes).
Length: 61264 (60K)

     0K .......... .......... .......... .......... .......... 83%  111K 0s
    50K .........                                             100% 1.31M=0.5s

226 Transfer complete.
2017-07-28 00:00:30 (131 KB/s) - ‘./domain/ip6.arpa’ saved [61264]

The sizes do not match (local 24378) -- retrieving.

--2017-07-28 00:00:30--  ftp://ftp.internic.net/domain/ip6.arpa.gz
           => ‘./domain/ip6.arpa.gz’
==> CWD not required.
--> PASV

227 Entering Passive Mode (192,0,32,9,42,35)
--> RETR ip6.arpa.gz

150 Opening BINARY mode data connection for ip6.arpa.gz (24370 bytes).
Length: 24370 (24K)

     0K .......... .......... ...                             100%  103K=0.2s

226 Transfer complete.
2017-07-28 00:00:31 (103 KB/s) - ‘./domain/ip6.arpa.gz’ saved [24370]

Remote file is newer than local file ‘./domain/ip6.arpa.gz.md5’ -- retrieving.

--2017-07-28 00:00:31--  ftp://ftp.internic.net/domain/ip6.arpa.gz.md5
           => ‘./domain/ip6.arpa.gz.md5’
==> CWD not required.
--> PASV

227 Entering Passive Mode (192,0,32,9,43,93)
--> RETR ip6.arpa.gz.md5

150 Opening BINARY mode data connection for ip6.arpa.gz.md5 (51 bytes).
Length: 51

     0K                                                       100% 1.13M=0s

226 Transfer complete.
2017-07-28 00:00:32 (1.13 MB/s) - ‘./domain/ip6.arpa.gz.md5’ saved [51]

Remote file is newer than local file ‘./domain/ip6.arpa.gz.sha256’ -- retrieving.

--2017-07-28 00:00:32--  ftp://ftp.internic.net/domain/ip6.arpa.gz.sha256
           => ‘./domain/ip6.arpa.gz.sha256’
==> CWD not required.
--> PASV

227 Entering Passive Mode (192,0,32,9,42,118)
--> RETR ip6.arpa.gz.sha256

150 Opening BINARY mode data connection for ip6.arpa.gz.sha256 (86 bytes).
Length: 86

     0K                                                       100% 1.75M=0s

226 Transfer complete.
2017-07-28 00:00:33 (1.75 MB/s) - ‘./domain/ip6.arpa.gz.sha256’ saved [86]

Remote file is newer than local file ‘./domain/ip6.arpa.md5’ -- retrieving.

--2017-07-28 00:00:33--  ftp://ftp.internic.net/domain/ip6.arpa.md5
           => ‘./domain/ip6.arpa.md5’
==> CWD not required.
--> PASV

227 Entering Passive Mode (192,0,32,9,71,142)
--> RETR ip6.arpa.md5

150 Opening BINARY mode data connection for ip6.arpa.md5 (48 bytes).
Length: 48

     0K                                                       100% 1.04M=0s

226 Transfer complete.
2017-07-28 00:00:34 (1.04 MB/s) - ‘./domain/ip6.arpa.md5’ saved [48]

Remote file is newer than local file ‘./domain/ip6.arpa.sha256’ -- retrieving.

--2017-07-28 00:00:34--  ftp://ftp.internic.net/domain/ip6.arpa.sha256
           => ‘./domain/ip6.arpa.sha256’
==> CWD not required.
--> PASV

227 Entering Passive Mode (192,0,32,9,8,206)
--> RETR ip6.arpa.sha256

150 Opening BINARY mode data connection for ip6.arpa.sha256 (83 bytes).
Length: 83

     0K                                                       100%  407K=0s

226 Transfer complete.
2017-07-28 00:00:35 (407 KB/s) - ‘./domain/ip6.arpa.sha256’ saved [83]

Remote file is newer than local file ‘./domain/ip6.arpa.zone’ -- retrieving.

--2017-07-28 00:00:35--  ftp://ftp.internic.net/domain/ip6.arpa.zone
           => ‘./domain/ip6.arpa.zone’
==> CWD not required.
--> PASV

227 Entering Passive Mode (192,0,32,9,67,127)
--> RETR ip6.arpa.zone

150 Opening BINARY mode data connection for ip6.arpa.zone (61264 bytes).
Length: 61264 (60K)

     0K .......... .......... .......... .......... .......... 83%  108K 0s
    50K .........                                             100%  812K=0.5s

226 Transfer complete.
2017-07-28 00:00:36 (126 KB/s) - ‘./domain/ip6.arpa.zone’ saved [61264]

The sizes do not match (local 24378) -- retrieving.

--2017-07-28 00:00:36--  ftp://ftp.internic.net/domain/ip6.arpa.zone.gz
           => ‘./domain/ip6.arpa.zone.gz’
==> CWD not required.
--> PASV

227 Entering Passive Mode (192,0,32,9,112,28)
--> RETR ip6.arpa.zone.gz

150 Opening BINARY mode data connection for ip6.arpa.zone.gz (24370 bytes).
Length: 24370 (24K)

     0K .......... .......... ...                             100% 94.7K=0.3s

226 Transfer complete.
2017-07-28 00:00:38 (94.7 KB/s) - ‘./domain/ip6.arpa.zone.gz’ saved [24370]

Remote file is newer than local file ‘./domain/ip6.arpa.zone.gz.md5’ -- retrieving.

--2017-07-28 00:00:38--  ftp://ftp.internic.net/domain/ip6.arpa.zone.gz.md5
           => ‘./domain/ip6.arpa.zone.gz.md5’
==> CWD not required.
--> PASV

227 Entering Passive Mode (192,0,32,9,41,58)
--> RETR ip6.arpa.zone.gz.md5

150 Opening BINARY mode data connection for ip6.arpa.zone.gz.md5 (56 bytes).
Length: 56

     0K                                                       100%  749K=0s

226 Transfer complete.
2017-07-28 00:00:39 (749 KB/s) - ‘./domain/ip6.arpa.zone.gz.md5’ saved [56]

Remote file is newer than local file ‘./domain/ip6.arpa.zone.gz.sha256’ -- retrieving.

--2017-07-28 00:00:39--  ftp://ftp.internic.net/domain/ip6.arpa.zone.gz.sha256
           => ‘./domain/ip6.arpa.zone.gz.sha256’
==> CWD not required.
--> PASV

227 Entering Passive Mode (192,0,32,9,66,75)
--> RETR ip6.arpa.zone.gz.sha256

150 Opening BINARY mode data connection for ip6.arpa.zone.gz.sha256 (91 bytes).
Length: 91

     0K                                                       100% 1.07M=0s

226 Transfer complete.
2017-07-28 00:00:39 (1.07 MB/s) - ‘./domain/ip6.arpa.zone.gz.sha256’ saved [91]

Remote file is newer than local file ‘./domain/ip6.arpa.zone.md5’ -- retrieving.

--2017-07-28 00:00:39--  ftp://ftp.internic.net/domain/ip6.arpa.zone.md5
           => ‘./domain/ip6.arpa.zone.md5’
==> CWD not required.
--> PASV

227 Entering Passive Mode (192,0,32,9,166,112)
--> RETR ip6.arpa.zone.md5

150 Opening BINARY mode data connection for ip6.arpa.zone.md5 (53 bytes).
Length: 53

     0K                                                       100%  156K=0s

226 Transfer complete.
2017-07-28 00:00:41 (156 KB/s) - ‘./domain/ip6.arpa.zone.md5’ saved [53]

Remote file is newer than local file ‘./domain/ip6.arpa.zone.sha256’ -- retrieving.

--2017-07-28 00:00:41--  ftp://ftp.internic.net/domain/ip6.arpa.zone.sha256
           => ‘./domain/ip6.arpa.zone.sha256’
==> CWD not required.
--> PASV

227 Entering Passive Mode (192,0,32,9,107,205)
--> RETR ip6.arpa.zone.sha256

150 Opening BINARY mode data connection for ip6.arpa.zone.sha256 (88 bytes).
Length: 88

     0K                                                       100%  275K=0s

226 Transfer complete.
2017-07-28 00:00:42 (275 KB/s) - ‘./domain/ip6.arpa.zone.sha256’ saved [88]

Remote file is newer than local file ‘./domain/last_update.txt’ -- retrieving.

--2017-07-28 00:00:42--  ftp://ftp.internic.net/domain/last_update.txt
           => ‘./domain/last_update.txt’
==> CWD not required.
--> PASV

227 Entering Passive Mode (192,0,32,9,77,212)
--> RETR last_update.txt

150 Opening BINARY mode data connection for last_update.txt (21 bytes).
Length: 21

     0K                                                       100%  488K=0s

226 Transfer complete.
2017-07-28 00:00:43 (488 KB/s) - ‘./domain/last_update.txt’ saved [21]

Remote file no newer than local file ‘./domain/named.cache’ -- not retrieving.
Remote file no newer than local file ‘./domain/named.cache.md5’ -- not retrieving.
Remote file no newer than local file ‘./domain/named.cache.sig’ -- not retrieving.
Remote file no newer than local file ‘./domain/named.root’ -- not retrieving.
Remote file no newer than local file ‘./domain/named.root.md5’ -- not retrieving.
Remote file no newer than local file ‘./domain/named.root.sig’ -- not retrieving.
Remote file no newer than local file ‘./domain/root-servers.net.zone’ -- not retrieving.
Remote file no newer than local file ‘./domain/root-servers.net.zone.gz’ -- not retrieving.
Remote file no newer than local file ‘./domain/root-servers.net.zone.gz.md5’ -- not retrieving.
Remote file no newer than local file ‘./domain/root-servers.net.zone.gz.sig’ -- not retrieving.
The sizes do not match (local 2261871) -- retrieving.

--2017-07-28 00:00:43--  ftp://ftp.internic.net/domain/root.zone
           => ‘./domain/root.zone’
==> CWD not required.
--> PASV

227 Entering Passive Mode (192,0,32,9,41,15)
--> RETR root.zone

150 Opening BINARY mode data connection for root.zone (2262766 bytes).
Length: 2262766 (2.2M)

     0K .......... .......... .......... .......... ..........  2%  112K 19s
    50K .......... .......... .......... .......... ..........  4%  165K 16s
   100K .......... .......... .......... .......... ..........  6% 2.28M 11s
   150K .......... .......... .......... .......... ..........  9%  213K 10s
   200K .......... .......... .......... .......... .......... 11%  225K 10s
   250K .......... .......... .......... .......... .......... 13%  917K 8s
   300K .......... .......... .......... .......... .......... 15%  360K 8s
   350K .......... .......... .......... .......... .......... 18%  757K 7s
   400K .......... .......... .......... .......... .......... 20%  141K 7s
   450K .......... .......... .......... .......... .......... 22% 64.5M 6s
   500K .......... .......... .......... .......... .......... 24% 83.6M 6s
   550K .......... .......... .......... .......... .......... 27%  104M 5s
   600K .......... .......... .......... .......... .......... 29%  417K 5s
   650K .......... .......... .......... .......... .......... 31%  495K 4s
   700K .......... .......... .......... .......... .......... 33%  399K 4s
   750K .......... .......... .......... .......... .......... 36%  553K 4s
   800K .......... .......... .......... .......... .......... 38%  434K 4s
   850K .......... .......... .......... .......... .......... 40%  533K 4s
   900K .......... .......... .......... .......... .......... 42%  431K 3s
   950K .......... .......... .......... .......... .......... 45%  556K 3s
  1000K .......... .......... .......... .......... .......... 47%  571K 3s
  1050K .......... .......... .......... .......... .......... 49%  455K 3s
  1100K .......... .......... .......... .......... .......... 52%  672K 3s
  1150K .......... .......... .......... .......... .......... 54%  466K 3s
  1200K .......... .......... .......... .......... .......... 56%  553K 2s
  1250K .......... .......... .......... .......... .......... 58%  582K 2s
  1300K .......... .......... .......... .......... .......... 61%  460K 2s
  1350K .......... .......... .......... .......... .......... 63%  592K 2s
  1400K .......... .......... .......... .......... .......... 65%  632K 2s
  1450K .......... .......... .......... .......... .......... 67%  459K 2s
  1500K .......... .......... .......... .......... .......... 70%  805K 2s
  1550K .......... .......... .......... .......... .......... 72%  458K 1s
  1600K .......... .......... .......... .......... .......... 74%  630K 1s
  1650K .......... .......... .......... .......... .......... 76%  704K 1s
  1700K .......... .......... .......... .......... .......... 79%  428K 1s
  1750K .......... .......... .......... .......... .......... 81%  866K 1s
  1800K .......... .......... .......... .......... .......... 83%  522K 1s
  1850K .......... .......... .......... .......... .......... 85%  547K 1s
  1900K .......... .......... .......... .......... .......... 88%  579K 1s
  1950K .......... .......... .......... .......... .......... 90%  571K 0s
  2000K .......... .......... .......... .......... .......... 92%  531K 0s
  2050K .......... .......... .......... .......... .......... 95%  465K 0s
  2100K .......... .......... .......... .......... .......... 97%  389K 0s
  2150K .......... .......... .......... .......... .......... 99%  595K 0s
  2200K .........                                             100% 1.12M=4.9s

226 Transfer complete.
2017-07-28 00:00:48 (450 KB/s) - ‘./domain/root.zone’ saved [2262766]

The sizes do not match (local 1061916) -- retrieving.

--2017-07-28 00:00:48--  ftp://ftp.internic.net/domain/root.zone.gz
           => ‘./domain/root.zone.gz’
==> CWD not required.
--> PASV

227 Entering Passive Mode (192,0,32,9,100,109)
--> RETR root.zone.gz

150 Opening BINARY mode data connection for root.zone.gz (1062525 bytes).
Length: 1062525 (1.0M)

     0K .......... .......... .......... .......... ..........  4% 96.4K 10s
    50K .......... .......... .......... .......... ..........  9%  235K 7s
   100K .......... .......... .......... .......... .......... 14%  462K 5s
   150K .......... .......... .......... .......... .......... 19%  245K 4s
   200K .......... .......... .......... .......... .......... 24%  291K 4s
   250K .......... .......... .......... .......... .......... 28%  660K 3s
   300K .......... .......... .......... .......... .......... 33%  320K 3s
   350K .......... .......... .......... .......... .......... 38%  642K 2s
   400K .......... .......... .......... .......... .......... 43%  337K 2s
   450K .......... .......... .......... .......... .......... 48%  698K 2s
   500K .......... .......... .......... .......... .......... 53%  359K 2s
   550K .......... .......... .......... .......... .......... 57%  697K 1s
   600K .......... .......... .......... .......... .......... 62%  391K 1s
   650K .......... .......... .......... .......... .......... 67%  572K 1s
   700K .......... .......... .......... .......... .......... 72%  577K 1s
   750K .......... .......... .......... .......... .......... 77%  407K 1s
   800K .......... .......... .......... .......... .......... 81%  434K 1s
   850K .......... .......... .......... .......... .......... 86%  428K 0s
   900K .......... .......... .......... .......... .......... 91%  655K 0s
   950K .......... .......... .......... .......... .......... 96% 68.9K 0s
  1000K .......... .......... .......... .......              100% 32.2M=3.4s

226 Transfer complete.
2017-07-28 00:00:53 (304 KB/s) - ‘./domain/root.zone.gz’ saved [1062525]

Remote file is newer than local file ‘./domain/root.zone.gz.md5’ -- retrieving.

--2017-07-28 00:00:53--  ftp://ftp.internic.net/domain/root.zone.gz.md5
           => ‘./domain/root.zone.gz.md5’
==> CWD not required.
--> PASV

227 Entering Passive Mode (192,0,32,9,246,69)
--> RETR root.zone.gz.md5

150 Opening BINARY mode data connection for root.zone.gz.md5 (33 bytes).
Length: 33

     0K                                                       100%  701K=0s

226 Transfer complete.
2017-07-28 00:00:54 (701 KB/s) - ‘./domain/root.zone.gz.md5’ saved [33]

Remote file is newer than local file ‘./domain/root.zone.gz.sig’ -- retrieving.

--2017-07-28 00:00:54--  ftp://ftp.internic.net/domain/root.zone.gz.sig
           => ‘./domain/root.zone.gz.sig’
==> CWD not required.
--> PASV

227 Entering Passive Mode (192,0,32,9,170,108)
--> RETR root.zone.gz.sig

150 Opening BINARY mode data connection for root.zone.gz.sig (72 bytes).
Length: 72

     0K                                                       100%  818K=0s

226 Transfer complete.
2017-07-28 00:00:55 (818 KB/s) - ‘./domain/root.zone.gz.sig’ saved [72]

Remote file is newer than local file ‘./domain/root.zone.md5’ -- retrieving.

--2017-07-28 00:00:55--  ftp://ftp.internic.net/domain/root.zone.md5
           => ‘./domain/root.zone.md5’
==> CWD not required.
--> PASV

227 Entering Passive Mode (192,0,32,9,12,213)
--> RETR root.zone.md5

150 Opening BINARY mode data connection for root.zone.md5 (33 bytes).
Length: 33

     0K                                                       100%  254K=0s

226 Transfer complete.
2017-07-28 00:00:56 (254 KB/s) - ‘./domain/root.zone.md5’ saved [33]

Remote file is newer than local file ‘./domain/root.zone.sig’ -- retrieving.

--2017-07-28 00:00:56--  ftp://ftp.internic.net/domain/root.zone.sig
           => ‘./domain/root.zone.sig’
==> CWD not required.
--> PASV

227 Entering Passive Mode (192,0,32,9,176,150)
--> RETR root.zone.sig

150 Opening BINARY mode data connection for root.zone.sig (72 bytes).
Length: 72

     0K                                                       100%  938K=0s

226 Transfer complete.
2017-07-28 00:00:57 (938 KB/s) - ‘./domain/root.zone.sig’ saved [72]

FINISHED --2017-07-28 00:00:57--
Total wall clock time: 54s
Downloaded: 40 files, 4.0M in 13s (317 KB/s)
