--2017-06-28 00:00:02--  ftp://ftp.internic.net/*
           => ‘./.listing’
Resolving ftp.internic.net (ftp.internic.net)... 192.0.32.9, 2620:0:2d0:200::9
Connecting to ftp.internic.net (ftp.internic.net)|192.0.32.9|:21... connected.
Logging in as anonymous ... 
220 Internic FTP Server
--> USER anonymous

331 Please specify the password.
--> PASS Turtle Power!

230 Login successful.
--> SYST

215 UNIX Type: L8
--> PWD

257 "/"
--> TYPE I

200 Switching to Binary mode.
==> CWD not needed.
--> PASV

227 Entering Passive Mode (192,0,32,9,21,97)
--> LIST -a

150 Here comes the directory listing.

     0K                                                        3.79M=0s

226 Directory send OK.
drwxr-xr-x    3 ftp      ftp          4096 Apr 04  2012 .
drwxr-xr-x    3 ftp      ftp          4096 Apr 04  2012 ..
drwxr-xr-x    2 ftp      ftp          4096 Sep 09  2015 domain
2017-06-28 00:00:06 (3.79 MB/s) - ‘./.listing’ saved [183]

--2017-06-28 00:00:06--  ftp://ftp.internic.net/domain/*
           => ‘./domain/.listing’
--> CWD /domain

250 Directory successfully changed.
--> PASV

227 Entering Passive Mode (192,0,32,9,240,139)
--> LIST -a

150 Here comes the directory listing.

     0K ...                                                     393K=0.01s

226 Directory send OK.
drwxr-xr-x    2 ftp      ftp          4096 Sep 09  2015 .
drwxr-xr-x    3 ftp      ftp          4096 Apr 04  2012 ..
-rw-r--r--    1 ftp      ftp          1829 Aug 18  2015 .listing
-rw-r--r--    1 ftp      ftp          1224 Jun 27 12:56 INTERNIC_ROOT_ZONE.signatures
-rw-r--r--    1 ftp      ftp          1469 Jun 27 12:56 INTERNIC_ROOT_ZONE.signatures.asc
-rw-r--r--    1 ftp      ftp         15438 Jun 27 12:56 arpa.zone
-rw-r--r--    1 ftp      ftp          6774 Jun 27 12:56 arpa.zone.gz
-rw-r--r--    1 ftp      ftp            33 Jun 27 12:56 arpa.zone.gz.md5
-rw-r--r--    1 ftp      ftp            72 Jun 27 12:56 arpa.zone.gz.sig
-rw-r--r--    1 ftp      ftp          3289 Jun 01 15:27 db.cache
-rw-r--r--    1 ftp      ftp            33 Jun 01 15:27 db.cache.md5
-rw-r--r--    1 ftp      ftp            72 Jun 01 15:27 db.cache.sig
-rw-r--r--    1 ftp      ftp        228753 Jun 27 15:41 in-addr.arpa
-rw-r--r--    1 ftp      ftp         90636 Jun 27 15:41 in-addr.arpa.gz
-rw-r--r--    1 ftp      ftp            55 Jun 27 15:41 in-addr.arpa.gz.md5
-rw-r--r--    1 ftp      ftp            90 Jun 27 15:41 in-addr.arpa.gz.sha256
-rw-r--r--    1 ftp      ftp            52 Jun 27 15:41 in-addr.arpa.md5
-rw-r--r--    1 ftp      ftp            87 Jun 27 15:41 in-addr.arpa.sha256
-rw-r--r--    1 ftp      ftp        228753 Jun 27 15:41 in-addr.arpa.zone
-rw-r--r--    1 ftp      ftp         90636 Jun 27 15:41 in-addr.arpa.zone.gz
-rw-r--r--    1 ftp      ftp            60 Jun 27 15:41 in-addr.arpa.zone.gz.md5
-rw-r--r--    1 ftp      ftp            95 Jun 27 15:41 in-addr.arpa.zone.gz.sha256
-rw-r--r--    1 ftp      ftp            57 Jun 27 15:41 in-addr.arpa.zone.md5
-rw-r--r--    1 ftp      ftp            92 Jun 27 15:41 in-addr.arpa.zone.sha256
-rw-r--r--    1 ftp      ftp         61264 Jun 27 15:41 ip6.arpa
-rw-r--r--    1 ftp      ftp         24313 Jun 27 15:41 ip6.arpa.gz
-rw-r--r--    1 ftp      ftp            51 Jun 27 15:41 ip6.arpa.gz.md5
-rw-r--r--    1 ftp      ftp            86 Jun 27 15:41 ip6.arpa.gz.sha256
-rw-r--r--    1 ftp      ftp            48 Jun 27 15:41 ip6.arpa.md5
-rw-r--r--    1 ftp      ftp            83 Jun 27 15:41 ip6.arpa.sha256
-rw-r--r--    1 ftp      ftp         61264 Jun 27 15:41 ip6.arpa.zone
-rw-r--r--    1 ftp      ftp         24313 Jun 27 15:41 ip6.arpa.zone.gz
-rw-r--r--    1 ftp      ftp            56 Jun 27 15:41 ip6.arpa.zone.gz.md5
-rw-r--r--    1 ftp      ftp            91 Jun 27 15:41 ip6.arpa.zone.gz.sha256
-rw-r--r--    1 ftp      ftp            53 Jun 27 15:41 ip6.arpa.zone.md5
-rw-r--r--    1 ftp      ftp            88 Jun 27 15:41 ip6.arpa.zone.sha256
-rw-r--r--    1 ftp      ftp            21 Jun 27 15:41 last_update.txt
-rw-r--r--    1 ftp      ftp          3289 Jun 01 15:27 named.cache
-rw-r--r--    1 ftp      ftp            33 Jun 01 15:27 named.cache.md5
-rw-r--r--    1 ftp      ftp            72 Jun 01 15:27 named.cache.sig
-rw-r--r--    1 ftp      ftp          3289 Jun 01 15:27 named.root
-rw-r--r--    1 ftp      ftp            33 Jun 01 15:27 named.root.md5
-rw-r--r--    1 ftp      ftp            72 Jun 01 15:27 named.root.sig
-rw-r--r--    1 ftp      ftp          2111 Jun 01 15:27 root-servers.net.zone
-rw-r--r--    1 ftp      ftp           575 Jun 01 15:27 root-servers.net.zone.gz
-rw-r--r--    1 ftp      ftp            33 Jun 01 15:27 root-servers.net.zone.gz.md5
-rw-r--r--    1 ftp      ftp            72 Jun 01 15:27 root-servers.net.zone.gz.sig
-rw-r--r--    1 ftp      ftp       2241041 Jun 27 05:12 root.zone
-rw-r--r--    1 ftp      ftp       1052136 Jun 27 05:12 root.zone.gz
-rw-r--r--    1 ftp      ftp            33 Jun 27 05:12 root.zone.gz.md5
-rw-r--r--    1 ftp      ftp            72 Jun 27 05:12 root.zone.gz.sig
-rw-r--r--    1 ftp      ftp            33 Jun 27 05:12 root.zone.md5
-rw-r--r--    1 ftp      ftp            72 Jun 27 05:12 root.zone.sig
2017-06-28 00:00:08 (393 KB/s) - ‘./domain/.listing’ saved [3930]

The sizes do not match (local 3930) -- retrieving.

--2017-06-28 00:00:08--  ftp://ftp.internic.net/domain/.listing
           => ‘./domain/.listing’
==> CWD not required.
--> PASV

227 Entering Passive Mode (192,0,32,9,176,27)
--> RETR .listing

150 Opening BINARY mode data connection for .listing (1829 bytes).
Length: 1829 (1.8K)

     0K .                                                     100% 7.79M=0s

226 Transfer complete.
2017-06-28 00:00:09 (7.79 MB/s) - ‘./domain/.listing’ saved [1829]

Remote file is newer than local file ‘./domain/INTERNIC_ROOT_ZONE.signatures’ -- retrieving.

--2017-06-28 00:00:09--  ftp://ftp.internic.net/domain/INTERNIC_ROOT_ZONE.signatures
           => ‘./domain/INTERNIC_ROOT_ZONE.signatures’
==> CWD not required.
--> PASV

227 Entering Passive Mode (192,0,32,9,161,90)
--> RETR INTERNIC_ROOT_ZONE.signatures

150 Opening BINARY mode data connection for INTERNIC_ROOT_ZONE.signatures (1224 bytes).
Length: 1224 (1.2K)

     0K .                                                     100% 22.4M=0s

226 Transfer complete.
2017-06-28 00:00:10 (22.4 MB/s) - ‘./domain/INTERNIC_ROOT_ZONE.signatures’ saved [1224]

Remote file is newer than local file ‘./domain/INTERNIC_ROOT_ZONE.signatures.asc’ -- retrieving.

--2017-06-28 00:00:10--  ftp://ftp.internic.net/domain/INTERNIC_ROOT_ZONE.signatures.asc
           => ‘./domain/INTERNIC_ROOT_ZONE.signatures.asc’
==> CWD not required.
--> PASV

227 Entering Passive Mode (192,0,32,9,42,123)
--> RETR INTERNIC_ROOT_ZONE.signatures.asc

150 Opening BINARY mode data connection for INTERNIC_ROOT_ZONE.signatures.asc (1469 bytes).
Length: 1469 (1.4K)

     0K .                                                     100% 12.5M=0s

226 Transfer complete.
2017-06-28 00:00:11 (12.5 MB/s) - ‘./domain/INTERNIC_ROOT_ZONE.signatures.asc’ saved [1469]

Remote file is newer than local file ‘./domain/arpa.zone’ -- retrieving.

--2017-06-28 00:00:11--  ftp://ftp.internic.net/domain/arpa.zone
           => ‘./domain/arpa.zone’
==> CWD not required.
--> PASV

227 Entering Passive Mode (192,0,32,9,147,215)
--> RETR arpa.zone

150 Opening BINARY mode data connection for arpa.zone (15438 bytes).
Length: 15438 (15K)

     0K .......... .....                                      100% 2.23M=0.007s

226 Transfer complete.
2017-06-28 00:00:12 (2.23 MB/s) - ‘./domain/arpa.zone’ saved [15438]

The sizes do not match (local 6783) -- retrieving.

--2017-06-28 00:00:12--  ftp://ftp.internic.net/domain/arpa.zone.gz
           => ‘./domain/arpa.zone.gz’
==> CWD not required.
--> PASV

227 Entering Passive Mode (192,0,32,9,239,78)
--> RETR arpa.zone.gz

150 Opening BINARY mode data connection for arpa.zone.gz (6774 bytes).
Length: 6774 (6.6K)

     0K ......                                                100% 53.8M=0s

226 Transfer complete.
2017-06-28 00:00:14 (53.8 MB/s) - ‘./domain/arpa.zone.gz’ saved [6774]

Remote file is newer than local file ‘./domain/arpa.zone.gz.md5’ -- retrieving.

--2017-06-28 00:00:14--  ftp://ftp.internic.net/domain/arpa.zone.gz.md5
           => ‘./domain/arpa.zone.gz.md5’
==> CWD not required.
--> PASV

227 Entering Passive Mode (192,0,32,9,119,89)
--> RETR arpa.zone.gz.md5

150 Opening BINARY mode data connection for arpa.zone.gz.md5 (33 bytes).
Length: 33

     0K                                                       100%  310K=0s

226 Transfer complete.
2017-06-28 00:00:15 (310 KB/s) - ‘./domain/arpa.zone.gz.md5’ saved [33]

Remote file is newer than local file ‘./domain/arpa.zone.gz.sig’ -- retrieving.

--2017-06-28 00:00:15--  ftp://ftp.internic.net/domain/arpa.zone.gz.sig
           => ‘./domain/arpa.zone.gz.sig’
==> CWD not required.
--> PASV

227 Entering Passive Mode (192,0,32,9,70,77)
--> RETR arpa.zone.gz.sig

150 Opening BINARY mode data connection for arpa.zone.gz.sig (72 bytes).
Length: 72

     0K                                                       100%  676K=0s

226 Transfer complete.
2017-06-28 00:00:16 (676 KB/s) - ‘./domain/arpa.zone.gz.sig’ saved [72]

Remote file no newer than local file ‘./domain/db.cache’ -- not retrieving.
Remote file no newer than local file ‘./domain/db.cache.md5’ -- not retrieving.
Remote file no newer than local file ‘./domain/db.cache.sig’ -- not retrieving.
Remote file is newer than local file ‘./domain/in-addr.arpa’ -- retrieving.

--2017-06-28 00:00:16--  ftp://ftp.internic.net/domain/in-addr.arpa
           => ‘./domain/in-addr.arpa’
==> CWD not required.
--> PASV

227 Entering Passive Mode (192,0,32,9,37,36)
--> RETR in-addr.arpa

150 Opening BINARY mode data connection for in-addr.arpa (228753 bytes).
Length: 228753 (223K)

     0K .......... .......... .......... .......... .......... 22%  109K 2s
    50K .......... .......... .......... .......... .......... 44%  139K 1s
   100K .......... .......... .......... .......... .......... 67% 3.48M 0s
   150K .......... .......... .......... .......... .......... 89%  166K 0s
   200K .......... .......... ...                             100% 79.2K=1.4s

226 Transfer complete.
2017-06-28 00:00:19 (156 KB/s) - ‘./domain/in-addr.arpa’ saved [228753]

The sizes do not match (local 90686) -- retrieving.

--2017-06-28 00:00:19--  ftp://ftp.internic.net/domain/in-addr.arpa.gz
           => ‘./domain/in-addr.arpa.gz’
==> CWD not required.
--> PASV

227 Entering Passive Mode (192,0,32,9,248,188)
--> RETR in-addr.arpa.gz

150 Opening BINARY mode data connection for in-addr.arpa.gz (90636 bytes).
Length: 90636 (89K)

     0K .......... .......... .......... .......... .......... 56%  110K 0s
    50K .......... .......... .......... ........             100% 5.53M=0.5s

226 Transfer complete.
2017-06-28 00:00:20 (192 KB/s) - ‘./domain/in-addr.arpa.gz’ saved [90636]

Remote file is newer than local file ‘./domain/in-addr.arpa.gz.md5’ -- retrieving.

--2017-06-28 00:00:20--  ftp://ftp.internic.net/domain/in-addr.arpa.gz.md5
           => ‘./domain/in-addr.arpa.gz.md5’
==> CWD not required.
--> PASV

227 Entering Passive Mode (192,0,32,9,41,109)
--> RETR in-addr.arpa.gz.md5

150 Opening BINARY mode data connection for in-addr.arpa.gz.md5 (55 bytes).
Length: 55

     0K                                                       100%  437K=0s

226 Transfer complete.
2017-06-28 00:00:22 (437 KB/s) - ‘./domain/in-addr.arpa.gz.md5’ saved [55]

Remote file is newer than local file ‘./domain/in-addr.arpa.gz.sha256’ -- retrieving.

--2017-06-28 00:00:22--  ftp://ftp.internic.net/domain/in-addr.arpa.gz.sha256
           => ‘./domain/in-addr.arpa.gz.sha256’
==> CWD not required.
--> PASV

227 Entering Passive Mode (192,0,32,9,186,36)
--> RETR in-addr.arpa.gz.sha256

150 Opening BINARY mode data connection for in-addr.arpa.gz.sha256 (90 bytes).
Length: 90

     0K                                                       100%  945K=0s

226 Transfer complete.
2017-06-28 00:00:23 (945 KB/s) - ‘./domain/in-addr.arpa.gz.sha256’ saved [90]

Remote file is newer than local file ‘./domain/in-addr.arpa.md5’ -- retrieving.

--2017-06-28 00:00:23--  ftp://ftp.internic.net/domain/in-addr.arpa.md5
           => ‘./domain/in-addr.arpa.md5’
==> CWD not required.
--> PASV

227 Entering Passive Mode (192,0,32,9,41,82)
--> RETR in-addr.arpa.md5

150 Opening BINARY mode data connection for in-addr.arpa.md5 (52 bytes).
Length: 52

     0K                                                       100%  391K=0s

226 Transfer complete.
2017-06-28 00:00:24 (391 KB/s) - ‘./domain/in-addr.arpa.md5’ saved [52]

Remote file is newer than local file ‘./domain/in-addr.arpa.sha256’ -- retrieving.

--2017-06-28 00:00:24--  ftp://ftp.internic.net/domain/in-addr.arpa.sha256
           => ‘./domain/in-addr.arpa.sha256’
==> CWD not required.
--> PASV

227 Entering Passive Mode (192,0,32,9,14,208)
--> RETR in-addr.arpa.sha256

150 Opening BINARY mode data connection for in-addr.arpa.sha256 (87 bytes).
Length: 87

     0K                                                       100%  772K=0s

226 Transfer complete.
2017-06-28 00:00:25 (772 KB/s) - ‘./domain/in-addr.arpa.sha256’ saved [87]

Remote file is newer than local file ‘./domain/in-addr.arpa.zone’ -- retrieving.

--2017-06-28 00:00:25--  ftp://ftp.internic.net/domain/in-addr.arpa.zone
           => ‘./domain/in-addr.arpa.zone’
==> CWD not required.
--> PASV

227 Entering Passive Mode (192,0,32,9,41,141)
--> RETR in-addr.arpa.zone

150 Opening BINARY mode data connection for in-addr.arpa.zone (228753 bytes).
Length: 228753 (223K)

     0K .......... .......... .......... .......... .......... 22% 78.6K 2s
    50K .......... .......... .......... .......... .......... 44%  174K 1s
   100K .......... .......... .......... .......... .......... 67% 3.46M 0s
   150K .......... .......... .......... .......... .......... 89%  161K 0s
   200K .......... .......... ...                             100% 81.3K=1.5s

226 Transfer complete.
2017-06-28 00:00:27 (145 KB/s) - ‘./domain/in-addr.arpa.zone’ saved [228753]

The sizes do not match (local 90686) -- retrieving.

--2017-06-28 00:00:27--  ftp://ftp.internic.net/domain/in-addr.arpa.zone.gz
           => ‘./domain/in-addr.arpa.zone.gz’
==> CWD not required.
--> PASV

227 Entering Passive Mode (192,0,32,9,203,186)
--> RETR in-addr.arpa.zone.gz

150 Opening BINARY mode data connection for in-addr.arpa.zone.gz (90636 bytes).
Length: 90636 (89K)

     0K .......... .......... .......... .......... .......... 56% 20.7K 2s
    50K .......... .......... .......... ........             100% 56.7K=3.1s

226 Transfer complete.
2017-06-28 00:00:32 (28.6 KB/s) - ‘./domain/in-addr.arpa.zone.gz’ saved [90636]

Remote file is newer than local file ‘./domain/in-addr.arpa.zone.gz.md5’ -- retrieving.

--2017-06-28 00:00:32--  ftp://ftp.internic.net/domain/in-addr.arpa.zone.gz.md5
           => ‘./domain/in-addr.arpa.zone.gz.md5’
==> CWD not required.
--> PASV

227 Entering Passive Mode (192,0,32,9,171,10)
--> RETR in-addr.arpa.zone.gz.md5

150 Opening BINARY mode data connection for in-addr.arpa.zone.gz.md5 (60 bytes).
Length: 60

     0K                                                       100% 1.12M=0s

226 Transfer complete.
2017-06-28 00:00:33 (1.12 MB/s) - ‘./domain/in-addr.arpa.zone.gz.md5’ saved [60]

Remote file is newer than local file ‘./domain/in-addr.arpa.zone.gz.sha256’ -- retrieving.

--2017-06-28 00:00:33--  ftp://ftp.internic.net/domain/in-addr.arpa.zone.gz.sha256
           => ‘./domain/in-addr.arpa.zone.gz.sha256’
==> CWD not required.
--> PASV

227 Entering Passive Mode (192,0,32,9,205,150)
--> RETR in-addr.arpa.zone.gz.sha256

150 Opening BINARY mode data connection for in-addr.arpa.zone.gz.sha256 (95 bytes).
Length: 95

     0K                                                       100% 1.62M=0s

226 Transfer complete.
2017-06-28 00:00:34 (1.62 MB/s) - ‘./domain/in-addr.arpa.zone.gz.sha256’ saved [95]

Remote file is newer than local file ‘./domain/in-addr.arpa.zone.md5’ -- retrieving.

--2017-06-28 00:00:34--  ftp://ftp.internic.net/domain/in-addr.arpa.zone.md5
           => ‘./domain/in-addr.arpa.zone.md5’
==> CWD not required.
--> PASV

227 Entering Passive Mode (192,0,32,9,186,241)
--> RETR in-addr.arpa.zone.md5

150 Opening BINARY mode data connection for in-addr.arpa.zone.md5 (57 bytes).
Length: 57

     0K                                                       100%  456K=0s

226 Transfer complete.
2017-06-28 00:00:35 (456 KB/s) - ‘./domain/in-addr.arpa.zone.md5’ saved [57]

Remote file is newer than local file ‘./domain/in-addr.arpa.zone.sha256’ -- retrieving.

--2017-06-28 00:00:35--  ftp://ftp.internic.net/domain/in-addr.arpa.zone.sha256
           => ‘./domain/in-addr.arpa.zone.sha256’
==> CWD not required.
--> PASV

227 Entering Passive Mode (192,0,32,9,101,148)
--> RETR in-addr.arpa.zone.sha256

150 Opening BINARY mode data connection for in-addr.arpa.zone.sha256 (92 bytes).
Length: 92

     0K                                                       100% 1.99M=0s

226 Transfer complete.
2017-06-28 00:00:36 (1.99 MB/s) - ‘./domain/in-addr.arpa.zone.sha256’ saved [92]

Remote file is newer than local file ‘./domain/ip6.arpa’ -- retrieving.

--2017-06-28 00:00:36--  ftp://ftp.internic.net/domain/ip6.arpa
           => ‘./domain/ip6.arpa’
==> CWD not required.
--> PASV

227 Entering Passive Mode (192,0,32,9,66,115)
--> RETR ip6.arpa

150 Opening BINARY mode data connection for ip6.arpa (61264 bytes).
Length: 61264 (60K)

     0K .......... .......... .......... .......... .......... 83% 81.2K 0s
    50K .........                                             100% 32.5K=0.9s

226 Transfer complete.
2017-06-28 00:00:39 (65.2 KB/s) - ‘./domain/ip6.arpa’ saved [61264]

Remote file is newer than local file ‘./domain/ip6.arpa.gz’ -- retrieving.

--2017-06-28 00:00:39--  ftp://ftp.internic.net/domain/ip6.arpa.gz
           => ‘./domain/ip6.arpa.gz’
==> CWD not required.
--> PASV

227 Entering Passive Mode (192,0,32,9,84,133)
--> RETR ip6.arpa.gz

150 Opening BINARY mode data connection for ip6.arpa.gz (24313 bytes).
Length: 24313 (24K)

     0K .......... .......... ...                             100% 63.8K=0.4s

226 Transfer complete.
2017-06-28 00:00:40 (63.8 KB/s) - ‘./domain/ip6.arpa.gz’ saved [24313]

Remote file is newer than local file ‘./domain/ip6.arpa.gz.md5’ -- retrieving.

--2017-06-28 00:00:40--  ftp://ftp.internic.net/domain/ip6.arpa.gz.md5
           => ‘./domain/ip6.arpa.gz.md5’
==> CWD not required.
--> PASV

227 Entering Passive Mode (192,0,32,9,108,178)
--> RETR ip6.arpa.gz.md5

150 Opening BINARY mode data connection for ip6.arpa.gz.md5 (51 bytes).
Length: 51

     0K                                                       100%  323K=0s

226 Transfer complete.
2017-06-28 00:00:41 (323 KB/s) - ‘./domain/ip6.arpa.gz.md5’ saved [51]

Remote file is newer than local file ‘./domain/ip6.arpa.gz.sha256’ -- retrieving.

--2017-06-28 00:00:41--  ftp://ftp.internic.net/domain/ip6.arpa.gz.sha256
           => ‘./domain/ip6.arpa.gz.sha256’
==> CWD not required.
--> PASV

227 Entering Passive Mode (192,0,32,9,43,64)
--> RETR ip6.arpa.gz.sha256

150 Opening BINARY mode data connection for ip6.arpa.gz.sha256 (86 bytes).
Length: 86

     0K                                                       100%  461K=0s

226 Transfer complete.
2017-06-28 00:00:42 (461 KB/s) - ‘./domain/ip6.arpa.gz.sha256’ saved [86]

Remote file is newer than local file ‘./domain/ip6.arpa.md5’ -- retrieving.

--2017-06-28 00:00:42--  ftp://ftp.internic.net/domain/ip6.arpa.md5
           => ‘./domain/ip6.arpa.md5’
==> CWD not required.
--> PASV

227 Entering Passive Mode (192,0,32,9,70,66)
--> RETR ip6.arpa.md5

150 Opening BINARY mode data connection for ip6.arpa.md5 (48 bytes).
Length: 48

     0K                                                       100%  901K=0s

226 Transfer complete.
2017-06-28 00:00:44 (901 KB/s) - ‘./domain/ip6.arpa.md5’ saved [48]

Remote file is newer than local file ‘./domain/ip6.arpa.sha256’ -- retrieving.

--2017-06-28 00:00:44--  ftp://ftp.internic.net/domain/ip6.arpa.sha256
           => ‘./domain/ip6.arpa.sha256’
==> CWD not required.
--> PASV

227 Entering Passive Mode (192,0,32,9,50,233)
--> RETR ip6.arpa.sha256

150 Opening BINARY mode data connection for ip6.arpa.sha256 (83 bytes).
Length: 83

     0K                                                       100% 1.15M=0s

226 Transfer complete.
2017-06-28 00:00:45 (1.15 MB/s) - ‘./domain/ip6.arpa.sha256’ saved [83]

Remote file is newer than local file ‘./domain/ip6.arpa.zone’ -- retrieving.

--2017-06-28 00:00:45--  ftp://ftp.internic.net/domain/ip6.arpa.zone
           => ‘./domain/ip6.arpa.zone’
==> CWD not required.
--> PASV

227 Entering Passive Mode (192,0,32,9,116,21)
--> RETR ip6.arpa.zone

150 Opening BINARY mode data connection for ip6.arpa.zone (61264 bytes).
Length: 61264 (60K)

     0K .......... .......... .......... .......... .......... 83% 36.4K 0s
    50K .........                                             100%  995K=1.4s

226 Transfer complete.
2017-06-28 00:00:48 (43.3 KB/s) - ‘./domain/ip6.arpa.zone’ saved [61264]

Remote file is newer than local file ‘./domain/ip6.arpa.zone.gz’ -- retrieving.

--2017-06-28 00:00:48--  ftp://ftp.internic.net/domain/ip6.arpa.zone.gz
           => ‘./domain/ip6.arpa.zone.gz’
==> CWD not required.
--> PASV

227 Entering Passive Mode (192,0,32,9,216,233)
--> RETR ip6.arpa.zone.gz

150 Opening BINARY mode data connection for ip6.arpa.zone.gz (24313 bytes).
Length: 24313 (24K)

     0K .......... .......... ...                             100% 60.3K=0.4s

226 Transfer complete.
2017-06-28 00:00:50 (60.3 KB/s) - ‘./domain/ip6.arpa.zone.gz’ saved [24313]

Remote file is newer than local file ‘./domain/ip6.arpa.zone.gz.md5’ -- retrieving.

--2017-06-28 00:00:50--  ftp://ftp.internic.net/domain/ip6.arpa.zone.gz.md5
           => ‘./domain/ip6.arpa.zone.gz.md5’
==> CWD not required.
--> PASV

227 Entering Passive Mode (192,0,32,9,238,5)
--> RETR ip6.arpa.zone.gz.md5

150 Opening BINARY mode data connection for ip6.arpa.zone.gz.md5 (56 bytes).
Length: 56

     0K                                                       100%  291K=0s

226 Transfer complete.
2017-06-28 00:00:51 (291 KB/s) - ‘./domain/ip6.arpa.zone.gz.md5’ saved [56]

Remote file is newer than local file ‘./domain/ip6.arpa.zone.gz.sha256’ -- retrieving.

--2017-06-28 00:00:51--  ftp://ftp.internic.net/domain/ip6.arpa.zone.gz.sha256
           => ‘./domain/ip6.arpa.zone.gz.sha256’
==> CWD not required.
--> PASV

227 Entering Passive Mode (192,0,32,9,42,235)
--> RETR ip6.arpa.zone.gz.sha256

150 Opening BINARY mode data connection for ip6.arpa.zone.gz.sha256 (91 bytes).
Length: 91

     0K                                                       100%  823K=0s

226 Transfer complete.
2017-06-28 00:00:52 (823 KB/s) - ‘./domain/ip6.arpa.zone.gz.sha256’ saved [91]

Remote file is newer than local file ‘./domain/ip6.arpa.zone.md5’ -- retrieving.

--2017-06-28 00:00:52--  ftp://ftp.internic.net/domain/ip6.arpa.zone.md5
           => ‘./domain/ip6.arpa.zone.md5’
==> CWD not required.
--> PASV

227 Entering Passive Mode (192,0,32,9,42,91)
--> RETR ip6.arpa.zone.md5

150 Opening BINARY mode data connection for ip6.arpa.zone.md5 (53 bytes).
Length: 53

     0K                                                       100%  773K=0s

226 Transfer complete.
2017-06-28 00:00:53 (773 KB/s) - ‘./domain/ip6.arpa.zone.md5’ saved [53]

Remote file is newer than local file ‘./domain/ip6.arpa.zone.sha256’ -- retrieving.

--2017-06-28 00:00:53--  ftp://ftp.internic.net/domain/ip6.arpa.zone.sha256
           => ‘./domain/ip6.arpa.zone.sha256’
==> CWD not required.
--> PASV

227 Entering Passive Mode (192,0,32,9,89,216)
--> RETR ip6.arpa.zone.sha256

150 Opening BINARY mode data connection for ip6.arpa.zone.sha256 (88 bytes).
Length: 88

     0K                                                       100%  614K=0s

226 Transfer complete.
2017-06-28 00:00:55 (614 KB/s) - ‘./domain/ip6.arpa.zone.sha256’ saved [88]

Remote file is newer than local file ‘./domain/last_update.txt’ -- retrieving.

--2017-06-28 00:00:55--  ftp://ftp.internic.net/domain/last_update.txt
           => ‘./domain/last_update.txt’
==> CWD not required.
--> PASV

227 Entering Passive Mode (192,0,32,9,202,238)
--> RETR last_update.txt

150 Opening BINARY mode data connection for last_update.txt (21 bytes).
Length: 21

     0K                                                       100% 61.8K=0s

226 Transfer complete.
2017-06-28 00:00:56 (61.8 KB/s) - ‘./domain/last_update.txt’ saved [21]

Remote file no newer than local file ‘./domain/named.cache’ -- not retrieving.
Remote file no newer than local file ‘./domain/named.cache.md5’ -- not retrieving.
Remote file no newer than local file ‘./domain/named.cache.sig’ -- not retrieving.
Remote file no newer than local file ‘./domain/named.root’ -- not retrieving.
Remote file no newer than local file ‘./domain/named.root.md5’ -- not retrieving.
Remote file no newer than local file ‘./domain/named.root.sig’ -- not retrieving.
Remote file no newer than local file ‘./domain/root-servers.net.zone’ -- not retrieving.
Remote file no newer than local file ‘./domain/root-servers.net.zone.gz’ -- not retrieving.
Remote file no newer than local file ‘./domain/root-servers.net.zone.gz.md5’ -- not retrieving.
Remote file no newer than local file ‘./domain/root-servers.net.zone.gz.sig’ -- not retrieving.
Remote file is newer than local file ‘./domain/root.zone’ -- retrieving.

--2017-06-28 00:00:56--  ftp://ftp.internic.net/domain/root.zone
           => ‘./domain/root.zone’
==> CWD not required.
--> PASV

227 Entering Passive Mode (192,0,32,9,113,106)
--> RETR root.zone

150 Opening BINARY mode data connection for root.zone (2241041 bytes).
Length: 2241041 (2.1M)

     0K .......... .......... .......... .......... ..........  2% 80.9K 26s
    50K .......... .......... .......... .......... ..........  4% 54.7K 32s
   100K .......... .......... .......... .......... ..........  6% 81.4K 29s
   150K .......... .......... .......... .......... ..........  9%  158K 24s
   200K .......... .......... .......... .......... .......... 11% 80.8K 24s
   250K .......... .......... .......... .......... .......... 13%  166K 21s
   300K .......... .......... .......... .......... .......... 15% 98.3K 20s
   350K .......... .......... .......... .......... .......... 18%  161K 19s
   400K .......... .......... .......... .......... .......... 20%  267K 17s
   450K .......... .......... .......... .......... .......... 22%  297K 15s
   500K .......... .......... .......... .......... .......... 25% 1023K 14s
   550K .......... .......... .......... .......... .......... 27%  263K 13s
   600K .......... .......... .......... .......... .......... 29%  332K 12s
   650K .......... .......... .......... .......... .......... 31%  357K 11s
   700K .......... .......... .......... .......... .......... 34%  686K 10s
   750K .......... .......... .......... .......... .......... 36%  366K 9s
   800K .......... .......... .......... .......... .......... 38%  794K 8s
   850K .......... .......... .......... .......... .......... 41%  338K 8s
   900K .......... .......... .......... .......... .......... 43% 1.27M 7s
   950K .......... .......... .......... .......... .......... 45%  359K 7s
  1000K .......... .......... .......... .......... .......... 47% 1.11M 6s
  1050K .......... .......... .......... .......... .......... 50%  475K 6s
  1100K .......... .......... .......... .......... .......... 52%  727K 5s
  1150K .......... .......... .......... .......... .......... 54%  442K 5s
  1200K .......... .......... .......... .......... .......... 57%  918K 5s
  1250K .......... .......... .......... .......... .......... 59%  590K 4s
  1300K .......... .......... .......... .......... .......... 61%  707K 4s
  1350K .......... .......... .......... .......... .......... 63%  951K 4s
  1400K .......... .......... .......... .......... .......... 66%  565K 3s
  1450K .......... .......... .......... .......... .......... 68% 1.01M 3s
  1500K .......... .......... .......... .......... .......... 70%  925K 3s
  1550K .......... .......... .......... .......... .......... 73%  613K 2s
  1600K .......... .......... .......... .......... .......... 75% 1.06M 2s
  1650K .......... .......... .......... .......... .......... 77% 1.02M 2s
  1700K .......... .......... .......... .......... .......... 79%  670K 2s
  1750K .......... .......... .......... .......... .......... 82% 1001K 1s
  1800K .......... .......... .......... .......... .......... 84% 1.32M 1s
  1850K .......... .......... .......... .......... .......... 86%  665K 1s
  1900K .......... .......... .......... .......... .......... 89% 1.05M 1s
  1950K .......... .......... .......... .......... .......... 91% 1.21M 1s
  2000K .......... .......... .......... .......... .......... 93% 1.14M 0s
  2050K .......... .......... .......... .......... .......... 95%  664K 0s
  2100K .......... .......... .......... .......... .......... 98% 1.39M 0s
  2150K .......... .......... .......... ........             100% 1.24M=7.2s

226 Transfer complete.
2017-06-28 00:01:04 (306 KB/s) - ‘./domain/root.zone’ saved [2241041]

The sizes do not match (local 1052114) -- retrieving.

--2017-06-28 00:01:04--  ftp://ftp.internic.net/domain/root.zone.gz
           => ‘./domain/root.zone.gz’
==> CWD not required.
--> PASV

227 Entering Passive Mode (192,0,32,9,152,169)
--> RETR root.zone.gz

150 Opening BINARY mode data connection for root.zone.gz (1052136 bytes).
Length: 1052136 (1.0M)

     0K .......... .......... .......... .......... ..........  4% 92.1K 11s
    50K .......... .......... .......... .......... ..........  9%  158K 8s
   100K .......... .......... .......... .......... .......... 14% 7.04M 5s
   150K .......... .......... .......... .......... .......... 19%  153K 5s
   200K .......... .......... .......... .......... .......... 24%  173K 5s
   250K .......... .......... .......... .......... .......... 29%  255K 4s
   300K .......... .......... .......... .......... .......... 34% 1.83M 3s
   350K .......... .......... .......... .......... .......... 38% 83.5K 4s
   400K .......... .......... .......... .......... .......... 43% 64.6M 3s
   450K .......... .......... .......... .......... .......... 48% 52.8M 2s
   500K .......... .......... .......... .......... .......... 53%  169K 2s
   550K .......... .......... .......... .......... .......... 58% 4.72M 2s
   600K .......... .......... .......... .......... .......... 63%  162K 2s
   650K .......... .......... .......... .......... .......... 68%  256K 1s
   700K .......... .......... .......... .......... .......... 72% 3.13M 1s
   750K .......... .......... .......... .......... .......... 77%  271K 1s
   800K .......... .......... .......... .......... .......... 82% 1.45M 1s
   850K .......... .......... .......... .......... .......... 87%  304K 0s
   900K .......... .......... .......... .......... .......... 92%  359K 0s
   950K .......... .......... .......... .......... .......... 97% 1.06M 0s
  1000K .......... .......... .......                         100% 1.07M=3.7s

226 Transfer complete.
2017-06-28 00:01:09 (276 KB/s) - ‘./domain/root.zone.gz’ saved [1052136]

Remote file is newer than local file ‘./domain/root.zone.gz.md5’ -- retrieving.

--2017-06-28 00:01:09--  ftp://ftp.internic.net/domain/root.zone.gz.md5
           => ‘./domain/root.zone.gz.md5’
==> CWD not required.
--> PASV

227 Entering Passive Mode (192,0,32,9,114,108)
--> RETR root.zone.gz.md5

150 Opening BINARY mode data connection for root.zone.gz.md5 (33 bytes).
Length: 33

     0K                                                       100% 15.9K=0.002s

226 Transfer complete.
2017-06-28 00:01:10 (15.9 KB/s) - ‘./domain/root.zone.gz.md5’ saved [33]

Remote file is newer than local file ‘./domain/root.zone.gz.sig’ -- retrieving.

--2017-06-28 00:01:10--  ftp://ftp.internic.net/domain/root.zone.gz.sig
           => ‘./domain/root.zone.gz.sig’
==> CWD not required.
--> PASV

227 Entering Passive Mode (192,0,32,9,42,164)
--> RETR root.zone.gz.sig

150 Opening BINARY mode data connection for root.zone.gz.sig (72 bytes).
Length: 72

     0K                                                       100% 1.40M=0s

226 Transfer complete.
2017-06-28 00:01:11 (1.40 MB/s) - ‘./domain/root.zone.gz.sig’ saved [72]

Remote file is newer than local file ‘./domain/root.zone.md5’ -- retrieving.

--2017-06-28 00:01:11--  ftp://ftp.internic.net/domain/root.zone.md5
           => ‘./domain/root.zone.md5’
==> CWD not required.
--> PASV

227 Entering Passive Mode (192,0,32,9,15,107)
--> RETR root.zone.md5

150 Opening BINARY mode data connection for root.zone.md5 (33 bytes).
Length: 33

     0K                                                       100%  716K=0s

226 Transfer complete.
2017-06-28 00:01:12 (716 KB/s) - ‘./domain/root.zone.md5’ saved [33]

Remote file is newer than local file ‘./domain/root.zone.sig’ -- retrieving.

--2017-06-28 00:01:12--  ftp://ftp.internic.net/domain/root.zone.sig
           => ‘./domain/root.zone.sig’
==> CWD not required.
--> PASV

227 Entering Passive Mode (192,0,32,9,41,253)
--> RETR root.zone.sig

150 Opening BINARY mode data connection for root.zone.sig (72 bytes).
Length: 72

     0K                                                       100%  572K=0s

226 Transfer complete.
2017-06-28 00:01:13 (572 KB/s) - ‘./domain/root.zone.sig’ saved [72]

FINISHED --2017-06-28 00:01:13--
Total wall clock time: 1m 11s
Downloaded: 40 files, 3.9M in 20s (197 KB/s)
