--2017-03-04 00:00:04--  ftp://ftp.internic.net/*
           => ‘./.listing’
Resolving ftp.internic.net (ftp.internic.net)... 192.0.32.9, 2620:0:2d0:200::9
Connecting to ftp.internic.net (ftp.internic.net)|192.0.32.9|:21... connected.
Logging in as anonymous ... 
220 Internic FTP Server
--> USER anonymous

331 Please specify the password.
--> PASS Turtle Power!

230 Login successful.
--> SYST

215 UNIX Type: L8
--> PWD

257 "/"
--> TYPE I

200 Switching to Binary mode.
==> CWD not needed.
--> PASV

227 Entering Passive Mode (192,0,32,9,243,113)
--> LIST -a

150 Here comes the directory listing.

     0K                                                        1.13M=0s

226 Directory send OK.
drwxr-xr-x    3 ftp      ftp          4096 Apr 04  2012 .
drwxr-xr-x    3 ftp      ftp          4096 Apr 04  2012 ..
drwxr-xr-x    2 ftp      ftp          4096 Sep 09  2015 domain
2017-03-04 00:00:10 (1.13 MB/s) - ‘./.listing’ saved [183]

--2017-03-04 00:00:10--  ftp://ftp.internic.net/domain/*
           => ‘./domain/.listing’
--> CWD /domain

250 Directory successfully changed.
--> PASV

227 Entering Passive Mode (192,0,32,9,81,62)
--> LIST -a

150 Here comes the directory listing.

     0K ...                                                    20.7M=0s

226 Directory send OK.
drwxr-xr-x    2 ftp      ftp          4096 Sep 09  2015 .
drwxr-xr-x    3 ftp      ftp          4096 Apr 04  2012 ..
-rw-r--r--    1 ftp      ftp          1829 Aug 18  2015 .listing
-rw-r--r--    1 ftp      ftp          1224 Mar 03 13:39 INTERNIC_ROOT_ZONE.signatures
-rw-r--r--    1 ftp      ftp          1469 Mar 03 13:39 INTERNIC_ROOT_ZONE.signatures.asc
-rw-r--r--    1 ftp      ftp         15186 Mar 03 13:39 arpa.zone
-rw-r--r--    1 ftp      ftp          6632 Mar 03 13:39 arpa.zone.gz
-rw-r--r--    1 ftp      ftp            33 Mar 03 13:39 arpa.zone.gz.md5
-rw-r--r--    1 ftp      ftp            72 Mar 03 13:39 arpa.zone.gz.sig
-rw-r--r--    1 ftp      ftp          3291 Oct 20 19:35 db.cache
-rw-r--r--    1 ftp      ftp            33 Oct 20 19:35 db.cache.md5
-rw-r--r--    1 ftp      ftp            72 Oct 20 19:35 db.cache.sig
-rw-r--r--    1 ftp      ftp        228019 Mar 03 15:40 in-addr.arpa
-rw-r--r--    1 ftp      ftp         90371 Mar 03 15:40 in-addr.arpa.gz
-rw-r--r--    1 ftp      ftp            55 Mar 03 15:40 in-addr.arpa.gz.md5
-rw-r--r--    1 ftp      ftp            90 Mar 03 15:40 in-addr.arpa.gz.sha256
-rw-r--r--    1 ftp      ftp            52 Mar 03 15:40 in-addr.arpa.md5
-rw-r--r--    1 ftp      ftp            87 Mar 03 15:40 in-addr.arpa.sha256
-rw-r--r--    1 ftp      ftp        228019 Mar 03 15:40 in-addr.arpa.zone
-rw-r--r--    1 ftp      ftp         90371 Mar 03 15:40 in-addr.arpa.zone.gz
-rw-r--r--    1 ftp      ftp            60 Mar 03 15:40 in-addr.arpa.zone.gz.md5
-rw-r--r--    1 ftp      ftp            95 Mar 03 15:40 in-addr.arpa.zone.gz.sha256
-rw-r--r--    1 ftp      ftp            57 Mar 03 15:40 in-addr.arpa.zone.md5
-rw-r--r--    1 ftp      ftp            92 Mar 03 15:40 in-addr.arpa.zone.sha256
-rw-r--r--    1 ftp      ftp         60746 Mar 03 15:40 ip6.arpa
-rw-r--r--    1 ftp      ftp         24313 Mar 03 15:40 ip6.arpa.gz
-rw-r--r--    1 ftp      ftp            51 Mar 03 15:40 ip6.arpa.gz.md5
-rw-r--r--    1 ftp      ftp            86 Mar 03 15:40 ip6.arpa.gz.sha256
-rw-r--r--    1 ftp      ftp            48 Mar 03 15:40 ip6.arpa.md5
-rw-r--r--    1 ftp      ftp            83 Mar 03 15:40 ip6.arpa.sha256
-rw-r--r--    1 ftp      ftp         60746 Mar 03 15:40 ip6.arpa.zone
-rw-r--r--    1 ftp      ftp         24313 Mar 03 15:40 ip6.arpa.zone.gz
-rw-r--r--    1 ftp      ftp            56 Mar 03 15:40 ip6.arpa.zone.gz.md5
-rw-r--r--    1 ftp      ftp            91 Mar 03 15:40 ip6.arpa.zone.gz.sha256
-rw-r--r--    1 ftp      ftp            53 Mar 03 15:40 ip6.arpa.zone.md5
-rw-r--r--    1 ftp      ftp            88 Mar 03 15:40 ip6.arpa.zone.sha256
-rw-r--r--    1 ftp      ftp            21 Mar 03 15:40 last_update.txt
-rw-r--r--    1 ftp      ftp          3291 Oct 20 19:35 named.cache
-rw-r--r--    1 ftp      ftp            33 Oct 20 19:35 named.cache.md5
-rw-r--r--    1 ftp      ftp            72 Oct 20 19:35 named.cache.sig
-rw-r--r--    1 ftp      ftp          3291 Oct 20 19:35 named.root
-rw-r--r--    1 ftp      ftp            33 Oct 20 19:35 named.root.md5
-rw-r--r--    1 ftp      ftp            72 Oct 20 19:35 named.root.sig
-rw-r--r--    1 ftp      ftp          2110 Oct 20 19:35 root-servers.net.zone
-rw-r--r--    1 ftp      ftp           574 Oct 20 19:35 root-servers.net.zone.gz
-rw-r--r--    1 ftp      ftp            33 Oct 20 19:35 root-servers.net.zone.gz.md5
-rw-r--r--    1 ftp      ftp            72 Oct 20 19:35 root-servers.net.zone.gz.sig
-rw-r--r--    1 ftp      ftp       2230894 Mar 03 05:17 root.zone
-rw-r--r--    1 ftp      ftp       1048047 Mar 03 05:17 root.zone.gz
-rw-r--r--    1 ftp      ftp            33 Mar 03 05:17 root.zone.gz.md5
-rw-r--r--    1 ftp      ftp            72 Mar 03 05:17 root.zone.gz.sig
-rw-r--r--    1 ftp      ftp            33 Mar 03 05:17 root.zone.md5
-rw-r--r--    1 ftp      ftp            72 Mar 03 05:17 root.zone.sig
2017-03-04 00:00:11 (20.7 MB/s) - ‘./domain/.listing’ saved [3930]

The sizes do not match (local 3930) -- retrieving.

--2017-03-04 00:00:11--  ftp://ftp.internic.net/domain/.listing
           => ‘./domain/.listing’
==> CWD not required.
--> PASV

227 Entering Passive Mode (192,0,32,9,144,56)
--> RETR .listing

150 Opening BINARY mode data connection for .listing (1829 bytes).
Length: 1829 (1.8K)

     0K .                                                     100% 2.00M=0.001s

226 Transfer complete.
2017-03-04 00:00:16 (2.00 MB/s) - ‘./domain/.listing’ saved [1829]

Remote file is newer than local file ‘./domain/INTERNIC_ROOT_ZONE.signatures’ -- retrieving.

--2017-03-04 00:00:16--  ftp://ftp.internic.net/domain/INTERNIC_ROOT_ZONE.signatures
           => ‘./domain/INTERNIC_ROOT_ZONE.signatures’
==> CWD not required.
--> PASV

227 Entering Passive Mode (192,0,32,9,91,121)
--> RETR INTERNIC_ROOT_ZONE.signatures

150 Opening BINARY mode data connection for INTERNIC_ROOT_ZONE.signatures (1224 bytes).
Length: 1224 (1.2K)

     0K .                                                     100% 1.29M=0.001s

226 Transfer complete.
2017-03-04 00:00:17 (1.29 MB/s) - ‘./domain/INTERNIC_ROOT_ZONE.signatures’ saved [1224]

Remote file is newer than local file ‘./domain/INTERNIC_ROOT_ZONE.signatures.asc’ -- retrieving.

--2017-03-04 00:00:17--  ftp://ftp.internic.net/domain/INTERNIC_ROOT_ZONE.signatures.asc
           => ‘./domain/INTERNIC_ROOT_ZONE.signatures.asc’
==> CWD not required.
--> PASV

227 Entering Passive Mode (192,0,32,9,211,251)
--> RETR INTERNIC_ROOT_ZONE.signatures.asc

150 Opening BINARY mode data connection for INTERNIC_ROOT_ZONE.signatures.asc (1469 bytes).
Length: 1469 (1.4K)

     0K .                                                     100% 12.2M=0s

226 Transfer complete.
2017-03-04 00:00:18 (12.2 MB/s) - ‘./domain/INTERNIC_ROOT_ZONE.signatures.asc’ saved [1469]

Remote file is newer than local file ‘./domain/arpa.zone’ -- retrieving.

--2017-03-04 00:00:18--  ftp://ftp.internic.net/domain/arpa.zone
           => ‘./domain/arpa.zone’
==> CWD not required.
--> PASV

227 Entering Passive Mode (192,0,32,9,124,196)
--> RETR arpa.zone

150 Opening BINARY mode data connection for arpa.zone (15186 bytes).
Length: 15186 (15K)

     0K .......... ....                                       100% 5.98M=0.002s

226 Transfer complete.
2017-03-04 00:00:20 (5.98 MB/s) - ‘./domain/arpa.zone’ saved [15186]

The sizes do not match (local 6647) -- retrieving.

--2017-03-04 00:00:20--  ftp://ftp.internic.net/domain/arpa.zone.gz
           => ‘./domain/arpa.zone.gz’
==> CWD not required.
--> PASV

227 Entering Passive Mode (192,0,32,9,201,60)
--> RETR arpa.zone.gz

150 Opening BINARY mode data connection for arpa.zone.gz (6632 bytes).
Length: 6632 (6.5K)

     0K ......                                                100% 40.3M=0s

226 Transfer complete.
2017-03-04 00:00:21 (40.3 MB/s) - ‘./domain/arpa.zone.gz’ saved [6632]

Remote file is newer than local file ‘./domain/arpa.zone.gz.md5’ -- retrieving.

--2017-03-04 00:00:21--  ftp://ftp.internic.net/domain/arpa.zone.gz.md5
           => ‘./domain/arpa.zone.gz.md5’
==> CWD not required.
--> PASV

227 Entering Passive Mode (192,0,32,9,109,245)
--> RETR arpa.zone.gz.md5

150 Opening BINARY mode data connection for arpa.zone.gz.md5 (33 bytes).
Length: 33

     0K                                                       100%  208K=0s

226 Transfer complete.
2017-03-04 00:00:22 (208 KB/s) - ‘./domain/arpa.zone.gz.md5’ saved [33]

Remote file is newer than local file ‘./domain/arpa.zone.gz.sig’ -- retrieving.

--2017-03-04 00:00:22--  ftp://ftp.internic.net/domain/arpa.zone.gz.sig
           => ‘./domain/arpa.zone.gz.sig’
==> CWD not required.
--> PASV

227 Entering Passive Mode (192,0,32,9,41,145)
--> RETR arpa.zone.gz.sig

150 Opening BINARY mode data connection for arpa.zone.gz.sig (72 bytes).
Length: 72

     0K                                                       100%  400K=0s

226 Transfer complete.
2017-03-04 00:00:24 (400 KB/s) - ‘./domain/arpa.zone.gz.sig’ saved [72]

Remote file no newer than local file ‘./domain/db.cache’ -- not retrieving.
Remote file no newer than local file ‘./domain/db.cache.md5’ -- not retrieving.
Remote file no newer than local file ‘./domain/db.cache.sig’ -- not retrieving.
Remote file is newer than local file ‘./domain/in-addr.arpa’ -- retrieving.

--2017-03-04 00:00:24--  ftp://ftp.internic.net/domain/in-addr.arpa
           => ‘./domain/in-addr.arpa’
==> CWD not required.
--> PASV

227 Entering Passive Mode (192,0,32,9,42,66)
--> RETR in-addr.arpa

150 Opening BINARY mode data connection for in-addr.arpa (228019 bytes).
Length: 228019 (223K)

     0K .......... .......... .......... .......... .......... 22% 74.6K 2s
    50K .......... .......... .......... .......... .......... 44% 43.9K 2s
   100K .......... .......... .......... .......... .......... 67% 27.7K 2s
   150K .......... .......... .......... .......... .......... 89% 66.1K 0s
   200K .......... .......... ..                              100% 64.0K=4.7s

226 Transfer complete.
2017-03-04 00:00:30 (47.1 KB/s) - ‘./domain/in-addr.arpa’ saved [228019]

Remote file is newer than local file ‘./domain/in-addr.arpa.gz’ -- retrieving.

--2017-03-04 00:00:30--  ftp://ftp.internic.net/domain/in-addr.arpa.gz
           => ‘./domain/in-addr.arpa.gz’
==> CWD not required.
--> PASV

227 Entering Passive Mode (192,0,32,9,135,255)
--> RETR in-addr.arpa.gz

150 Opening BINARY mode data connection for in-addr.arpa.gz (90371 bytes).
Length: 90371 (88K)

     0K .......... .......... .......... .......... .......... 56% 73.8K 1s
    50K .......... .......... .......... ........             100% 79.7K=1.2s

226 Transfer complete.
2017-03-04 00:00:32 (76.3 KB/s) - ‘./domain/in-addr.arpa.gz’ saved [90371]

Remote file is newer than local file ‘./domain/in-addr.arpa.gz.md5’ -- retrieving.

--2017-03-04 00:00:32--  ftp://ftp.internic.net/domain/in-addr.arpa.gz.md5
           => ‘./domain/in-addr.arpa.gz.md5’
==> CWD not required.
--> PASV

227 Entering Passive Mode (192,0,32,9,103,194)
--> RETR in-addr.arpa.gz.md5

150 Opening BINARY mode data connection for in-addr.arpa.gz.md5 (55 bytes).
Length: 55

     0K                                                       100%  347K=0s

226 Transfer complete.
2017-03-04 00:00:34 (347 KB/s) - ‘./domain/in-addr.arpa.gz.md5’ saved [55]

Remote file is newer than local file ‘./domain/in-addr.arpa.gz.sha256’ -- retrieving.

--2017-03-04 00:00:34--  ftp://ftp.internic.net/domain/in-addr.arpa.gz.sha256
           => ‘./domain/in-addr.arpa.gz.sha256’
==> CWD not required.
--> PASV

227 Entering Passive Mode (192,0,32,9,151,223)
--> RETR in-addr.arpa.gz.sha256

150 Opening BINARY mode data connection for in-addr.arpa.gz.sha256 (90 bytes).
Length: 90

     0K                                                       100%  563K=0s

226 Transfer complete.
2017-03-04 00:00:35 (563 KB/s) - ‘./domain/in-addr.arpa.gz.sha256’ saved [90]

Remote file is newer than local file ‘./domain/in-addr.arpa.md5’ -- retrieving.

--2017-03-04 00:00:35--  ftp://ftp.internic.net/domain/in-addr.arpa.md5
           => ‘./domain/in-addr.arpa.md5’
==> CWD not required.
--> PASV

227 Entering Passive Mode (192,0,32,9,41,11)
--> RETR in-addr.arpa.md5

150 Opening BINARY mode data connection for in-addr.arpa.md5 (52 bytes).
Length: 52

     0K                                                       100%  449K=0s

226 Transfer complete.
2017-03-04 00:00:36 (449 KB/s) - ‘./domain/in-addr.arpa.md5’ saved [52]

Remote file is newer than local file ‘./domain/in-addr.arpa.sha256’ -- retrieving.

--2017-03-04 00:00:36--  ftp://ftp.internic.net/domain/in-addr.arpa.sha256
           => ‘./domain/in-addr.arpa.sha256’
==> CWD not required.
--> PASV

227 Entering Passive Mode (192,0,32,9,41,241)
--> RETR in-addr.arpa.sha256

150 Opening BINARY mode data connection for in-addr.arpa.sha256 (87 bytes).
Length: 87

     0K                                                       100%  765K=0s

226 Transfer complete.
2017-03-04 00:00:37 (765 KB/s) - ‘./domain/in-addr.arpa.sha256’ saved [87]

Remote file is newer than local file ‘./domain/in-addr.arpa.zone’ -- retrieving.

--2017-03-04 00:00:37--  ftp://ftp.internic.net/domain/in-addr.arpa.zone
           => ‘./domain/in-addr.arpa.zone’
==> CWD not required.
--> PASV

227 Entering Passive Mode (192,0,32,9,115,22)
--> RETR in-addr.arpa.zone

150 Opening BINARY mode data connection for in-addr.arpa.zone (228019 bytes).
Length: 228019 (223K)

     0K .......... .......... .......... .......... .......... 22% 74.3K 2s
    50K .......... .......... .......... .......... .......... 44% 55.5K 2s
   100K .......... .......... .......... .......... .......... 67% 73.5K 1s
   150K .......... .......... .......... .......... .......... 89% 45.0K 0s
   200K .......... .......... ..                              100% 97.9K=3.6s

226 Transfer complete.
2017-03-04 00:00:41 (61.9 KB/s) - ‘./domain/in-addr.arpa.zone’ saved [228019]

Remote file is newer than local file ‘./domain/in-addr.arpa.zone.gz’ -- retrieving.

--2017-03-04 00:00:41--  ftp://ftp.internic.net/domain/in-addr.arpa.zone.gz
           => ‘./domain/in-addr.arpa.zone.gz’
==> CWD not required.
--> PASV

227 Entering Passive Mode (192,0,32,9,129,14)
--> RETR in-addr.arpa.zone.gz

150 Opening BINARY mode data connection for in-addr.arpa.zone.gz (90371 bytes).
Length: 90371 (88K)

     0K .......... .......... .......... .......... .......... 56% 75.1K 1s
    50K .......... .......... .......... ........             100% 81.2K=1.1s

226 Transfer complete.
2017-03-04 00:00:43 (77.7 KB/s) - ‘./domain/in-addr.arpa.zone.gz’ saved [90371]

Remote file is newer than local file ‘./domain/in-addr.arpa.zone.gz.md5’ -- retrieving.

--2017-03-04 00:00:43--  ftp://ftp.internic.net/domain/in-addr.arpa.zone.gz.md5
           => ‘./domain/in-addr.arpa.zone.gz.md5’
==> CWD not required.
--> PASV

227 Entering Passive Mode (192,0,32,9,181,231)
--> RETR in-addr.arpa.zone.gz.md5

150 Opening BINARY mode data connection for in-addr.arpa.zone.gz.md5 (60 bytes).
Length: 60

     0K                                                       100%  337K=0s

226 Transfer complete.
2017-03-04 00:00:44 (337 KB/s) - ‘./domain/in-addr.arpa.zone.gz.md5’ saved [60]

Remote file is newer than local file ‘./domain/in-addr.arpa.zone.gz.sha256’ -- retrieving.

--2017-03-04 00:00:44--  ftp://ftp.internic.net/domain/in-addr.arpa.zone.gz.sha256
           => ‘./domain/in-addr.arpa.zone.gz.sha256’
==> CWD not required.
--> PASV

227 Entering Passive Mode (192,0,32,9,122,88)
--> RETR in-addr.arpa.zone.gz.sha256

150 Opening BINARY mode data connection for in-addr.arpa.zone.gz.sha256 (95 bytes).
Length: 95

     0K                                                       100%  515K=0s

226 Transfer complete.
2017-03-04 00:00:45 (515 KB/s) - ‘./domain/in-addr.arpa.zone.gz.sha256’ saved [95]

Remote file is newer than local file ‘./domain/in-addr.arpa.zone.md5’ -- retrieving.

--2017-03-04 00:00:45--  ftp://ftp.internic.net/domain/in-addr.arpa.zone.md5
           => ‘./domain/in-addr.arpa.zone.md5’
==> CWD not required.
--> PASV

227 Entering Passive Mode (192,0,32,9,84,171)
--> RETR in-addr.arpa.zone.md5

150 Opening BINARY mode data connection for in-addr.arpa.zone.md5 (57 bytes).
Length: 57

     0K                                                       100%  501K=0s

226 Transfer complete.
2017-03-04 00:00:47 (501 KB/s) - ‘./domain/in-addr.arpa.zone.md5’ saved [57]

Remote file is newer than local file ‘./domain/in-addr.arpa.zone.sha256’ -- retrieving.

--2017-03-04 00:00:47--  ftp://ftp.internic.net/domain/in-addr.arpa.zone.sha256
           => ‘./domain/in-addr.arpa.zone.sha256’
==> CWD not required.
--> PASV

227 Entering Passive Mode (192,0,32,9,144,79)
--> RETR in-addr.arpa.zone.sha256

150 Opening BINARY mode data connection for in-addr.arpa.zone.sha256 (92 bytes).
Length: 92

     0K                                                       100%  438K=0s

226 Transfer complete.
2017-03-04 00:00:48 (438 KB/s) - ‘./domain/in-addr.arpa.zone.sha256’ saved [92]

Remote file is newer than local file ‘./domain/ip6.arpa’ -- retrieving.

--2017-03-04 00:00:48--  ftp://ftp.internic.net/domain/ip6.arpa
           => ‘./domain/ip6.arpa’
==> CWD not required.
--> PASV

227 Entering Passive Mode (192,0,32,9,222,230)
--> RETR ip6.arpa

150 Opening BINARY mode data connection for ip6.arpa (60746 bytes).
Length: 60746 (59K)

     0K .......... .......... .......... .......... .......... 84% 55.8K 0s
    50K .........                                             100%  509K=0.9s

226 Transfer complete.
2017-03-04 00:00:50 (64.9 KB/s) - ‘./domain/ip6.arpa’ saved [60746]

Remote file is newer than local file ‘./domain/ip6.arpa.gz’ -- retrieving.

--2017-03-04 00:00:50--  ftp://ftp.internic.net/domain/ip6.arpa.gz
           => ‘./domain/ip6.arpa.gz’
==> CWD not required.
--> PASV

227 Entering Passive Mode (192,0,32,9,65,115)
--> RETR ip6.arpa.gz

150 Opening BINARY mode data connection for ip6.arpa.gz (24313 bytes).
Length: 24313 (24K)

     0K .......... .......... ...                             100%  104K=0.2s

226 Transfer complete.
2017-03-04 00:00:52 (104 KB/s) - ‘./domain/ip6.arpa.gz’ saved [24313]

Remote file is newer than local file ‘./domain/ip6.arpa.gz.md5’ -- retrieving.

--2017-03-04 00:00:52--  ftp://ftp.internic.net/domain/ip6.arpa.gz.md5
           => ‘./domain/ip6.arpa.gz.md5’
==> CWD not required.
--> PASV

227 Entering Passive Mode (192,0,32,9,78,193)
--> RETR ip6.arpa.gz.md5

150 Opening BINARY mode data connection for ip6.arpa.gz.md5 (51 bytes).
Length: 51

     0K                                                       100% 28.6 =1.8s

226 Transfer complete.
2017-03-04 00:00:55 (28.6 B/s) - ‘./domain/ip6.arpa.gz.md5’ saved [51]

Remote file is newer than local file ‘./domain/ip6.arpa.gz.sha256’ -- retrieving.

--2017-03-04 00:00:55--  ftp://ftp.internic.net/domain/ip6.arpa.gz.sha256
           => ‘./domain/ip6.arpa.gz.sha256’
==> CWD not required.
--> PASV

227 Entering Passive Mode (192,0,32,9,246,153)
--> RETR ip6.arpa.gz.sha256

150 Opening BINARY mode data connection for ip6.arpa.gz.sha256 (86 bytes).
Length: 86

     0K                                                       100%  564K=0s

226 Transfer complete.
2017-03-04 00:00:56 (564 KB/s) - ‘./domain/ip6.arpa.gz.sha256’ saved [86]

Remote file is newer than local file ‘./domain/ip6.arpa.md5’ -- retrieving.

--2017-03-04 00:00:56--  ftp://ftp.internic.net/domain/ip6.arpa.md5
           => ‘./domain/ip6.arpa.md5’
==> CWD not required.
--> PASV

227 Entering Passive Mode (192,0,32,9,177,20)
--> RETR ip6.arpa.md5

150 Opening BINARY mode data connection for ip6.arpa.md5 (48 bytes).
Length: 48

     0K                                                       100%  415K=0s

226 Transfer complete.
2017-03-04 00:00:57 (415 KB/s) - ‘./domain/ip6.arpa.md5’ saved [48]

Remote file is newer than local file ‘./domain/ip6.arpa.sha256’ -- retrieving.

--2017-03-04 00:00:57--  ftp://ftp.internic.net/domain/ip6.arpa.sha256
           => ‘./domain/ip6.arpa.sha256’
==> CWD not required.
--> PASV

227 Entering Passive Mode (192,0,32,9,41,155)
--> RETR ip6.arpa.sha256

150 Opening BINARY mode data connection for ip6.arpa.sha256 (83 bytes).
Length: 83

     0K                                                       100%  411K=0s

226 Transfer complete.
2017-03-04 00:00:58 (411 KB/s) - ‘./domain/ip6.arpa.sha256’ saved [83]

Remote file is newer than local file ‘./domain/ip6.arpa.zone’ -- retrieving.

--2017-03-04 00:00:58--  ftp://ftp.internic.net/domain/ip6.arpa.zone
           => ‘./domain/ip6.arpa.zone’
==> CWD not required.
--> PASV

227 Entering Passive Mode (192,0,32,9,82,183)
--> RETR ip6.arpa.zone

150 Opening BINARY mode data connection for ip6.arpa.zone (60746 bytes).
Length: 60746 (59K)

     0K .......... .......... .......... .......... .......... 84% 32.0K 0s
    50K .........                                             100% 5.44K=3.3s

226 Transfer complete.
2017-03-04 00:01:02 (18.1 KB/s) - ‘./domain/ip6.arpa.zone’ saved [60746]

Remote file is newer than local file ‘./domain/ip6.arpa.zone.gz’ -- retrieving.

--2017-03-04 00:01:02--  ftp://ftp.internic.net/domain/ip6.arpa.zone.gz
           => ‘./domain/ip6.arpa.zone.gz’
==> CWD not required.
--> PASV

227 Entering Passive Mode (192,0,32,9,41,123)
--> RETR ip6.arpa.zone.gz

150 Opening BINARY mode data connection for ip6.arpa.zone.gz (24313 bytes).
Length: 24313 (24K)

     0K .......... .......... ...                             100%  106K=0.2s

226 Transfer complete.
2017-03-04 00:01:04 (106 KB/s) - ‘./domain/ip6.arpa.zone.gz’ saved [24313]

Remote file is newer than local file ‘./domain/ip6.arpa.zone.gz.md5’ -- retrieving.

--2017-03-04 00:01:04--  ftp://ftp.internic.net/domain/ip6.arpa.zone.gz.md5
           => ‘./domain/ip6.arpa.zone.gz.md5’
==> CWD not required.
--> PASV

227 Entering Passive Mode (192,0,32,9,74,21)
--> RETR ip6.arpa.zone.gz.md5

150 Opening BINARY mode data connection for ip6.arpa.zone.gz.md5 (56 bytes).
Length: 56

     0K                                                       100%  493K=0s

226 Transfer complete.
2017-03-04 00:01:05 (493 KB/s) - ‘./domain/ip6.arpa.zone.gz.md5’ saved [56]

Remote file is newer than local file ‘./domain/ip6.arpa.zone.gz.sha256’ -- retrieving.

--2017-03-04 00:01:05--  ftp://ftp.internic.net/domain/ip6.arpa.zone.gz.sha256
           => ‘./domain/ip6.arpa.zone.gz.sha256’
==> CWD not required.
--> PASV

227 Entering Passive Mode (192,0,32,9,207,0)
--> RETR ip6.arpa.zone.gz.sha256

150 Opening BINARY mode data connection for ip6.arpa.zone.gz.sha256 (91 bytes).
Length: 91

     0K                                                       100%  438K=0s

226 Transfer complete.
2017-03-04 00:01:05 (438 KB/s) - ‘./domain/ip6.arpa.zone.gz.sha256’ saved [91]

Remote file is newer than local file ‘./domain/ip6.arpa.zone.md5’ -- retrieving.

--2017-03-04 00:01:05--  ftp://ftp.internic.net/domain/ip6.arpa.zone.md5
           => ‘./domain/ip6.arpa.zone.md5’
==> CWD not required.
--> PASV

227 Entering Passive Mode (192,0,32,9,41,124)
--> RETR ip6.arpa.zone.md5

150 Opening BINARY mode data connection for ip6.arpa.zone.md5 (53 bytes).
Length: 53

     0K                                                       100%  323K=0s

226 Transfer complete.
2017-03-04 00:01:06 (323 KB/s) - ‘./domain/ip6.arpa.zone.md5’ saved [53]

Remote file is newer than local file ‘./domain/ip6.arpa.zone.sha256’ -- retrieving.

--2017-03-04 00:01:06--  ftp://ftp.internic.net/domain/ip6.arpa.zone.sha256
           => ‘./domain/ip6.arpa.zone.sha256’
==> CWD not required.
--> PASV

227 Entering Passive Mode (192,0,32,9,176,24)
--> RETR ip6.arpa.zone.sha256

150 Opening BINARY mode data connection for ip6.arpa.zone.sha256 (88 bytes).
Length: 88

     0K                                                       100% 42.2 =2.1s

226 Transfer complete.
2017-03-04 00:01:10 (42.2 B/s) - ‘./domain/ip6.arpa.zone.sha256’ saved [88]

Remote file is newer than local file ‘./domain/last_update.txt’ -- retrieving.

--2017-03-04 00:01:10--  ftp://ftp.internic.net/domain/last_update.txt
           => ‘./domain/last_update.txt’
==> CWD not required.
--> PASV

227 Entering Passive Mode (192,0,32,9,233,43)
--> RETR last_update.txt

150 Opening BINARY mode data connection for last_update.txt (21 bytes).
Length: 21

     0K                                                       100%  185K=0s

226 Transfer complete.
2017-03-04 00:01:11 (185 KB/s) - ‘./domain/last_update.txt’ saved [21]

Remote file no newer than local file ‘./domain/named.cache’ -- not retrieving.
Remote file no newer than local file ‘./domain/named.cache.md5’ -- not retrieving.
Remote file no newer than local file ‘./domain/named.cache.sig’ -- not retrieving.
Remote file no newer than local file ‘./domain/named.root’ -- not retrieving.
Remote file no newer than local file ‘./domain/named.root.md5’ -- not retrieving.
Remote file no newer than local file ‘./domain/named.root.sig’ -- not retrieving.
Remote file no newer than local file ‘./domain/root-servers.net.zone’ -- not retrieving.
Remote file no newer than local file ‘./domain/root-servers.net.zone.gz’ -- not retrieving.
Remote file no newer than local file ‘./domain/root-servers.net.zone.gz.md5’ -- not retrieving.
Remote file no newer than local file ‘./domain/root-servers.net.zone.gz.sig’ -- not retrieving.
Remote file is newer than local file ‘./domain/root.zone’ -- retrieving.

--2017-03-04 00:01:11--  ftp://ftp.internic.net/domain/root.zone
           => ‘./domain/root.zone’
==> CWD not required.
--> PASV

227 Entering Passive Mode (192,0,32,9,193,169)
--> RETR root.zone

150 Opening BINARY mode data connection for root.zone (2230894 bytes).
Length: 2230894 (2.1M)

     0K .......... .......... .......... .......... ..........  2% 73.5K 29s
    50K .......... .......... .......... .......... ..........  4% 55.7K 33s
   100K .......... .......... .......... .......... ..........  6% 44.0K 37s
   150K .......... .......... .......... .......... ..........  9% 75.0K 33s
   200K .......... .......... .......... .......... .......... 11% 56.2K 33s
   250K .......... .......... .......... .......... .......... 13% 69.2K 31s
   300K .......... .......... .......... .......... .......... 16% 60.1K 30s
   350K .......... .......... .......... .......... .......... 18% 54.9K 30s
   400K .......... .......... .......... .......... .......... 20% 73.9K 28s
   450K .......... .......... .......... .......... .......... 22% 75.0K 27s
   500K .......... .......... .......... .......... .......... 25% 56.4K 27s
   550K .......... .......... .......... .......... .......... 27% 45.2K 26s
   600K .......... .......... .......... .......... .......... 29% 44.9K 26s
   650K .......... .......... .......... .......... .......... 32% 55.6K 26s
   700K .......... .......... .......... .......... .......... 34% 44.7K 25s
   750K .......... .......... .......... .......... .......... 36% 55.7K 24s
   800K .......... .......... .......... .......... .......... 39% 49.5K 24s
   850K .......... .......... .......... .......... .......... 41% 45.2K 23s
   900K .......... .......... .......... .......... .......... 43% 31.1K 23s
   950K .......... .......... .......... .......... .......... 45% 28.3K 23s
  1000K .......... .......... .......... .......... .......... 48% 28.2K 23s
  1050K .......... .......... .......... .......... .......... 50% 45.3K 22s
  1100K .......... .......... .......... .......... .......... 52% 73.1K 21s
  1150K .......... .......... .......... .......... .......... 55%  171K 19s
  1200K .......... .......... .......... .......... .......... 57%  109K 18s
  1250K .......... .......... .......... .......... .......... 59%  127K 16s
  1300K .......... .......... .......... .......... .......... 61%  113K 15s
  1350K .......... .......... .......... .......... .......... 64% 36.1K 15s
  1400K .......... .......... .......... .......... .......... 66% 23.6M 13s
  1450K .......... .......... .......... .......... .......... 68%  113K 12s
  1500K .......... .......... .......... .......... .......... 71%  101K 11s
  1550K .......... .......... .......... .......... .......... 73%  119K 10s
  1600K .......... .......... .......... .......... .......... 75%  113K 9s
  1650K .......... .......... .......... .......... .......... 78% 73.9K 8s
  1700K .......... .......... .......... .......... .......... 80%  221K 7s
  1750K .......... .......... .......... .......... .......... 82%  107K 6s
  1800K .......... .......... .......... .......... .......... 84%  113K 5s
  1850K .......... .......... .......... .......... .......... 87% 75.4K 4s
  1900K .......... .......... .......... .......... .......... 89%  197K 4s
  1950K .......... .......... .......... .......... .......... 91% 74.3K 3s
  2000K .......... .......... .......... .......... .......... 94% 75.4K 2s
  2050K .......... .......... .......... .......... .......... 96% 56.3K 1s
  2100K .......... .......... .......... .......... .......... 98% 33.3K 0s
  2150K .......... .......... ........                        100% 18.6M=34s

226 Transfer complete.
2017-03-04 00:01:47 (63.4 KB/s) - ‘./domain/root.zone’ saved [2230894]

The sizes do not match (local 1048062) -- retrieving.

--2017-03-04 00:01:47--  ftp://ftp.internic.net/domain/root.zone.gz
           => ‘./domain/root.zone.gz’
==> CWD not required.
--> PASV

227 Entering Passive Mode (192,0,32,9,11,132)
--> RETR root.zone.gz

150 Opening BINARY mode data connection for root.zone.gz (1048047 bytes).
Length: 1048047 (1023K)

     0K .......... .......... .......... .......... ..........  4% 25.9K 38s
    50K .......... .......... .......... .......... ..........  9% 44.1K 28s
   100K .......... .......... .......... .......... .......... 14% 31.4K 27s
   150K .......... .......... .......... .......... .......... 19% 21.6K 29s
   200K .......... .......... .......... .......... .......... 24% 19.7K 29s
   250K .......... .......... .......... .......... .......... 29% 35.6K 26s
   300K .......... .......... .......... .......... .......... 34% 46.4K 23s
   350K .......... .......... .......... .......... .......... 39% 44.3K 20s
   400K .......... .......... .......... .......... .......... 43% 35.5K 19s
   450K .......... .......... .......... .......... .......... 48% 37.0K 17s
   500K .......... .......... .......... .......... .......... 53% 36.6K 15s
   550K .......... .......... .......... .......... .......... 58% 44.2K 13s
   600K .......... .......... .......... .......... .......... 63% 54.8K 11s
   650K .......... .......... .......... .......... .......... 68% 55.1K 9s
   700K .......... .......... .......... .......... .......... 73% 44.5K 8s
   750K .......... .......... .......... .......... .......... 78% 36.8K 6s
   800K .......... .......... .......... .......... .......... 83% 44.5K 5s
   850K .......... .......... .......... .......... .......... 87% 44.5K 3s
   900K .......... .......... .......... .......... .......... 92% 32.2K 2s
   950K .......... .......... .......... .......... .......... 97% 30.6K 1s
  1000K .......... .......... ...                             100% 20.6M=28s

226 Transfer complete.
2017-03-04 00:02:16 (36.4 KB/s) - ‘./domain/root.zone.gz’ saved [1048047]

Remote file is newer than local file ‘./domain/root.zone.gz.md5’ -- retrieving.

--2017-03-04 00:02:16--  ftp://ftp.internic.net/domain/root.zone.gz.md5
           => ‘./domain/root.zone.gz.md5’
==> CWD not required.
--> PASV

227 Entering Passive Mode (192,0,32,9,156,73)
--> RETR root.zone.gz.md5

150 Opening BINARY mode data connection for root.zone.gz.md5 (33 bytes).
Length: 33

     0K                                                       100% 16.2 =2.0s

226 Transfer complete.
2017-03-04 00:02:19 (16.2 B/s) - ‘./domain/root.zone.gz.md5’ saved [33]

Remote file is newer than local file ‘./domain/root.zone.gz.sig’ -- retrieving.

--2017-03-04 00:02:19--  ftp://ftp.internic.net/domain/root.zone.gz.sig
           => ‘./domain/root.zone.gz.sig’
==> CWD not required.
--> PASV

227 Entering Passive Mode (192,0,32,9,236,211)
--> RETR root.zone.gz.sig

150 Opening BINARY mode data connection for root.zone.gz.sig (72 bytes).
Length: 72

     0K                                                       100%  478K=0s

226 Transfer complete.
2017-03-04 00:02:20 (478 KB/s) - ‘./domain/root.zone.gz.sig’ saved [72]

Remote file is newer than local file ‘./domain/root.zone.md5’ -- retrieving.

--2017-03-04 00:02:20--  ftp://ftp.internic.net/domain/root.zone.md5
           => ‘./domain/root.zone.md5’
==> CWD not required.
--> PASV

227 Entering Passive Mode (192,0,32,9,198,46)
--> RETR root.zone.md5

150 Opening BINARY mode data connection for root.zone.md5 (33 bytes).
Length: 33

     0K                                                       100%  186K=0s

226 Transfer complete.
2017-03-04 00:02:20 (186 KB/s) - ‘./domain/root.zone.md5’ saved [33]

Remote file is newer than local file ‘./domain/root.zone.sig’ -- retrieving.

--2017-03-04 00:02:20--  ftp://ftp.internic.net/domain/root.zone.sig
           => ‘./domain/root.zone.sig’
==> CWD not required.
--> PASV

227 Entering Passive Mode (192,0,32,9,27,83)
--> RETR root.zone.sig

150 Opening BINARY mode data connection for root.zone.sig (72 bytes).
Length: 72

     0K                                                       100%  332K=0s

226 Transfer complete.
2017-03-04 00:02:21 (332 KB/s) - ‘./domain/root.zone.sig’ saved [72]

FINISHED --2017-03-04 00:02:21--
Total wall clock time: 2m 17s
Downloaded: 40 files, 3.9M in 1m 24s (48.1 KB/s)
