--2017-05-03 00:00:02--  ftp://ftp.internic.net/*
           => ‘./.listing’
Resolving ftp.internic.net (ftp.internic.net)... 192.0.32.9, 2620:0:2d0:200::9
Connecting to ftp.internic.net (ftp.internic.net)|192.0.32.9|:21... connected.
Logging in as anonymous ... 
220 Internic FTP Server
--> USER anonymous

331 Please specify the password.
--> PASS Turtle Power!

230 Login successful.
--> SYST

215 UNIX Type: L8
--> PWD

257 "/"
--> TYPE I

200 Switching to Binary mode.
==> CWD not needed.
--> PASV

227 Entering Passive Mode (192,0,32,9,107,17)
--> LIST -a

150 Here comes the directory listing.

     0K                                                        1.08M=0s

226 Directory send OK.
drwxr-xr-x    3 ftp      ftp          4096 Apr 04  2012 .
drwxr-xr-x    3 ftp      ftp          4096 Apr 04  2012 ..
drwxr-xr-x    2 ftp      ftp          4096 Sep 09  2015 domain
2017-05-03 00:00:25 (1.08 MB/s) - ‘./.listing’ saved [183]

--2017-05-03 00:00:25--  ftp://ftp.internic.net/domain/*
           => ‘./domain/.listing’
--> CWD /domain

250 Directory successfully changed.
--> PASV

227 Entering Passive Mode (192,0,32,9,141,221)
--> LIST -a

150 Here comes the directory listing.

     0K ...                                                     404K=0.01s

226 Directory send OK.
drwxr-xr-x    2 ftp      ftp          4096 Sep 09  2015 .
drwxr-xr-x    3 ftp      ftp          4096 Apr 04  2012 ..
-rw-r--r--    1 ftp      ftp          1829 Aug 18  2015 .listing
-rw-r--r--    1 ftp      ftp          1224 May 02 12:46 INTERNIC_ROOT_ZONE.signatures
-rw-r--r--    1 ftp      ftp          1469 May 02 12:46 INTERNIC_ROOT_ZONE.signatures.asc
-rw-r--r--    1 ftp      ftp         15228 May 02 12:32 arpa.zone
-rw-r--r--    1 ftp      ftp          6643 May 02 12:32 arpa.zone.gz
-rw-r--r--    1 ftp      ftp            33 May 02 12:32 arpa.zone.gz.md5
-rw-r--r--    1 ftp      ftp            72 May 02 12:32 arpa.zone.gz.sig
-rw-r--r--    1 ftp      ftp          3289 Apr 11 15:01 db.cache
-rw-r--r--    1 ftp      ftp            33 Apr 11 15:01 db.cache.md5
-rw-r--r--    1 ftp      ftp            72 Apr 11 15:01 db.cache.sig
-rw-r--r--    1 ftp      ftp        230454 May 02 16:00 in-addr.arpa
-rw-r--r--    1 ftp      ftp         89652 May 02 16:00 in-addr.arpa.gz
-rw-r--r--    1 ftp      ftp            55 May 02 16:00 in-addr.arpa.gz.md5
-rw-r--r--    1 ftp      ftp            90 May 02 16:00 in-addr.arpa.gz.sha256
-rw-r--r--    1 ftp      ftp            52 May 02 16:00 in-addr.arpa.md5
-rw-r--r--    1 ftp      ftp            87 May 02 16:00 in-addr.arpa.sha256
-rw-r--r--    1 ftp      ftp        230454 May 02 16:00 in-addr.arpa.zone
-rw-r--r--    1 ftp      ftp         89652 May 02 16:00 in-addr.arpa.zone.gz
-rw-r--r--    1 ftp      ftp            60 May 02 16:00 in-addr.arpa.zone.gz.md5
-rw-r--r--    1 ftp      ftp            95 May 02 16:00 in-addr.arpa.zone.gz.sha256
-rw-r--r--    1 ftp      ftp            57 May 02 16:00 in-addr.arpa.zone.md5
-rw-r--r--    1 ftp      ftp            92 May 02 16:00 in-addr.arpa.zone.sha256
-rw-r--r--    1 ftp      ftp         62071 May 02 16:00 ip6.arpa
-rw-r--r--    1 ftp      ftp         24199 May 02 16:00 ip6.arpa.gz
-rw-r--r--    1 ftp      ftp            51 May 02 16:00 ip6.arpa.gz.md5
-rw-r--r--    1 ftp      ftp            86 May 02 16:00 ip6.arpa.gz.sha256
-rw-r--r--    1 ftp      ftp            48 May 02 16:00 ip6.arpa.md5
-rw-r--r--    1 ftp      ftp            83 May 02 16:00 ip6.arpa.sha256
-rw-r--r--    1 ftp      ftp         62071 May 02 16:00 ip6.arpa.zone
-rw-r--r--    1 ftp      ftp         24199 May 02 16:00 ip6.arpa.zone.gz
-rw-r--r--    1 ftp      ftp            56 May 02 16:00 ip6.arpa.zone.gz.md5
-rw-r--r--    1 ftp      ftp            91 May 02 16:00 ip6.arpa.zone.gz.sha256
-rw-r--r--    1 ftp      ftp            53 May 02 16:00 ip6.arpa.zone.md5
-rw-r--r--    1 ftp      ftp            88 May 02 16:00 ip6.arpa.zone.sha256
-rw-r--r--    1 ftp      ftp            21 May 02 16:00 last_update.txt
-rw-r--r--    1 ftp      ftp          3289 Apr 11 15:01 named.cache
-rw-r--r--    1 ftp      ftp            33 Apr 11 15:01 named.cache.md5
-rw-r--r--    1 ftp      ftp            72 Apr 11 15:01 named.cache.sig
-rw-r--r--    1 ftp      ftp          3289 Apr 11 15:01 named.root
-rw-r--r--    1 ftp      ftp            33 Apr 11 15:01 named.root.md5
-rw-r--r--    1 ftp      ftp            72 Apr 11 15:01 named.root.sig
-rw-r--r--    1 ftp      ftp          2110 Apr 11 15:01 root-servers.net.zone
-rw-r--r--    1 ftp      ftp           576 Apr 11 15:01 root-servers.net.zone.gz
-rw-r--r--    1 ftp      ftp            33 Apr 11 15:01 root-servers.net.zone.gz.md5
-rw-r--r--    1 ftp      ftp            72 Apr 11 15:01 root-servers.net.zone.gz.sig
-rw-r--r--    1 ftp      ftp       2235393 May 02 12:46 root.zone
-rw-r--r--    1 ftp      ftp       1049914 May 02 12:46 root.zone.gz
-rw-r--r--    1 ftp      ftp            33 May 02 12:46 root.zone.gz.md5
-rw-r--r--    1 ftp      ftp            72 May 02 12:46 root.zone.gz.sig
-rw-r--r--    1 ftp      ftp            33 May 02 12:46 root.zone.md5
-rw-r--r--    1 ftp      ftp            72 May 02 12:46 root.zone.sig
2017-05-03 00:00:27 (404 KB/s) - ‘./domain/.listing’ saved [3930]

The sizes do not match (local 3930) -- retrieving.

--2017-05-03 00:00:27--  ftp://ftp.internic.net/domain/.listing
           => ‘./domain/.listing’
==> CWD not required.
--> PASV

227 Entering Passive Mode (192,0,32,9,41,14)
--> RETR .listing

150 Opening BINARY mode data connection for .listing (1829 bytes).
Length: 1829 (1.8K)

     0K .                                                     100% 15.3M=0s

226 Transfer complete.
2017-05-03 00:00:28 (15.3 MB/s) - ‘./domain/.listing’ saved [1829]

Remote file is newer than local file ‘./domain/INTERNIC_ROOT_ZONE.signatures’ -- retrieving.

--2017-05-03 00:00:28--  ftp://ftp.internic.net/domain/INTERNIC_ROOT_ZONE.signatures
           => ‘./domain/INTERNIC_ROOT_ZONE.signatures’
==> CWD not required.
--> PASV

227 Entering Passive Mode (192,0,32,9,239,239)
--> RETR INTERNIC_ROOT_ZONE.signatures

150 Opening BINARY mode data connection for INTERNIC_ROOT_ZONE.signatures (1224 bytes).
Length: 1224 (1.2K)

     0K .                                                     100% 10.3M=0s

226 Transfer complete.
2017-05-03 00:00:29 (10.3 MB/s) - ‘./domain/INTERNIC_ROOT_ZONE.signatures’ saved [1224]

Remote file is newer than local file ‘./domain/INTERNIC_ROOT_ZONE.signatures.asc’ -- retrieving.

--2017-05-03 00:00:29--  ftp://ftp.internic.net/domain/INTERNIC_ROOT_ZONE.signatures.asc
           => ‘./domain/INTERNIC_ROOT_ZONE.signatures.asc’
==> CWD not required.
--> PASV

227 Entering Passive Mode (192,0,32,9,41,25)
--> RETR INTERNIC_ROOT_ZONE.signatures.asc

150 Opening BINARY mode data connection for INTERNIC_ROOT_ZONE.signatures.asc (1469 bytes).
Length: 1469 (1.4K)

     0K .                                                     100% 11.3M=0s

226 Transfer complete.
2017-05-03 00:00:30 (11.3 MB/s) - ‘./domain/INTERNIC_ROOT_ZONE.signatures.asc’ saved [1469]

Remote file is newer than local file ‘./domain/arpa.zone’ -- retrieving.

--2017-05-03 00:00:30--  ftp://ftp.internic.net/domain/arpa.zone
           => ‘./domain/arpa.zone’
==> CWD not required.
--> PASV

227 Entering Passive Mode (192,0,32,9,41,14)
--> RETR arpa.zone

150 Opening BINARY mode data connection for arpa.zone (15228 bytes).
Length: 15228 (15K)

     0K .......... ....                                       100% 18.6M=0.001s

226 Transfer complete.
2017-05-03 00:00:31 (18.6 MB/s) - ‘./domain/arpa.zone’ saved [15228]

The sizes do not match (local 6647) -- retrieving.

--2017-05-03 00:00:31--  ftp://ftp.internic.net/domain/arpa.zone.gz
           => ‘./domain/arpa.zone.gz’
==> CWD not required.
--> PASV

227 Entering Passive Mode (192,0,32,9,42,39)
--> RETR arpa.zone.gz

150 Opening BINARY mode data connection for arpa.zone.gz (6643 bytes).
Length: 6643 (6.5K)

     0K ......                                                100% 7.65M=0.001s

226 Transfer complete.
2017-05-03 00:00:32 (7.65 MB/s) - ‘./domain/arpa.zone.gz’ saved [6643]

Remote file is newer than local file ‘./domain/arpa.zone.gz.md5’ -- retrieving.

--2017-05-03 00:00:32--  ftp://ftp.internic.net/domain/arpa.zone.gz.md5
           => ‘./domain/arpa.zone.gz.md5’
==> CWD not required.
--> PASV

227 Entering Passive Mode (192,0,32,9,41,78)
--> RETR arpa.zone.gz.md5

150 Opening BINARY mode data connection for arpa.zone.gz.md5 (33 bytes).
Length: 33

     0K                                                       100%  124K=0s

226 Transfer complete.
2017-05-03 00:00:34 (124 KB/s) - ‘./domain/arpa.zone.gz.md5’ saved [33]

Remote file is newer than local file ‘./domain/arpa.zone.gz.sig’ -- retrieving.

--2017-05-03 00:00:34--  ftp://ftp.internic.net/domain/arpa.zone.gz.sig
           => ‘./domain/arpa.zone.gz.sig’
==> CWD not required.
--> PASV

227 Entering Passive Mode (192,0,32,9,146,130)
--> RETR arpa.zone.gz.sig

150 Opening BINARY mode data connection for arpa.zone.gz.sig (72 bytes).
Length: 72

     0K                                                       100%  366K=0s

226 Transfer complete.
2017-05-03 00:00:37 (366 KB/s) - ‘./domain/arpa.zone.gz.sig’ saved [72]

Remote file no newer than local file ‘./domain/db.cache’ -- not retrieving.
Remote file no newer than local file ‘./domain/db.cache.md5’ -- not retrieving.
Remote file no newer than local file ‘./domain/db.cache.sig’ -- not retrieving.
Remote file is newer than local file ‘./domain/in-addr.arpa’ -- retrieving.

--2017-05-03 00:00:37--  ftp://ftp.internic.net/domain/in-addr.arpa
           => ‘./domain/in-addr.arpa’
==> CWD not required.
--> PASV

227 Entering Passive Mode (192,0,32,9,27,86)
--> RETR in-addr.arpa

150 Opening BINARY mode data connection for in-addr.arpa (230454 bytes).
Length: 230454 (225K)

     0K .......... .......... .......... .......... .......... 22% 95.1K 2s
    50K .......... .......... .......... .......... .......... 44% 61.1K 2s
   100K .......... .......... .......... .......... .......... 66% 98.5K 1s
   150K .......... .......... .......... .......... .......... 88% 92.6K 0s
   200K .......... .......... .....                           100% 91.5K=2.7s

226 Transfer complete.
2017-05-03 00:00:41 (84.4 KB/s) - ‘./domain/in-addr.arpa’ saved [230454]

Remote file is newer than local file ‘./domain/in-addr.arpa.gz’ -- retrieving.

--2017-05-03 00:00:41--  ftp://ftp.internic.net/domain/in-addr.arpa.gz
           => ‘./domain/in-addr.arpa.gz’
==> CWD not required.
--> PASV

227 Entering Passive Mode (192,0,32,9,42,64)
--> RETR in-addr.arpa.gz

150 Opening BINARY mode data connection for in-addr.arpa.gz (89652 bytes).
Length: 89652 (88K)

     0K .......... .......... .......... .......... .......... 57% 50.0K 1s
    50K .......... .......... .......... .......              100%  111K=1.3s

226 Transfer complete.
2017-05-03 00:00:43 (65.4 KB/s) - ‘./domain/in-addr.arpa.gz’ saved [89652]

Remote file is newer than local file ‘./domain/in-addr.arpa.gz.md5’ -- retrieving.

--2017-05-03 00:00:43--  ftp://ftp.internic.net/domain/in-addr.arpa.gz.md5
           => ‘./domain/in-addr.arpa.gz.md5’
==> CWD not required.
--> PASV

227 Entering Passive Mode (192,0,32,9,179,20)
--> RETR in-addr.arpa.gz.md5

150 Opening BINARY mode data connection for in-addr.arpa.gz.md5 (55 bytes).
Length: 55

     0K                                                       100% 1.34M=0s

226 Transfer complete.
2017-05-03 00:00:45 (1.34 MB/s) - ‘./domain/in-addr.arpa.gz.md5’ saved [55]

Remote file is newer than local file ‘./domain/in-addr.arpa.gz.sha256’ -- retrieving.

--2017-05-03 00:00:45--  ftp://ftp.internic.net/domain/in-addr.arpa.gz.sha256
           => ‘./domain/in-addr.arpa.gz.sha256’
==> CWD not required.
--> PASV

227 Entering Passive Mode (192,0,32,9,44,27)
--> RETR in-addr.arpa.gz.sha256

150 Opening BINARY mode data connection for in-addr.arpa.gz.sha256 (90 bytes).
Length: 90

     0K                                                       100%  778K=0s

226 Transfer complete.
2017-05-03 00:00:46 (778 KB/s) - ‘./domain/in-addr.arpa.gz.sha256’ saved [90]

Remote file is newer than local file ‘./domain/in-addr.arpa.md5’ -- retrieving.

--2017-05-03 00:00:46--  ftp://ftp.internic.net/domain/in-addr.arpa.md5
           => ‘./domain/in-addr.arpa.md5’
==> CWD not required.
--> PASV

227 Entering Passive Mode (192,0,32,9,42,74)
--> RETR in-addr.arpa.md5

150 Opening BINARY mode data connection for in-addr.arpa.md5 (52 bytes).
Length: 52

     0K                                                       100% 5.50K=0.009s

226 Transfer complete.
2017-05-03 00:00:47 (5.50 KB/s) - ‘./domain/in-addr.arpa.md5’ saved [52]

Remote file is newer than local file ‘./domain/in-addr.arpa.sha256’ -- retrieving.

--2017-05-03 00:00:47--  ftp://ftp.internic.net/domain/in-addr.arpa.sha256
           => ‘./domain/in-addr.arpa.sha256’
==> CWD not required.
--> PASV

227 Entering Passive Mode (192,0,32,9,192,103)
--> RETR in-addr.arpa.sha256

150 Opening BINARY mode data connection for in-addr.arpa.sha256 (87 bytes).
Length: 87

     0K                                                       100%  739K=0s

226 Transfer complete.
2017-05-03 00:00:49 (739 KB/s) - ‘./domain/in-addr.arpa.sha256’ saved [87]

Remote file is newer than local file ‘./domain/in-addr.arpa.zone’ -- retrieving.

--2017-05-03 00:00:49--  ftp://ftp.internic.net/domain/in-addr.arpa.zone
           => ‘./domain/in-addr.arpa.zone’
==> CWD not required.
--> PASV

227 Entering Passive Mode (192,0,32,9,41,51)
--> RETR in-addr.arpa.zone

150 Opening BINARY mode data connection for in-addr.arpa.zone (230454 bytes).
Length: 230454 (225K)

     0K .......... .......... .......... .......... .......... 22% 83.9K 2s
    50K .......... .......... .......... .......... .......... 44% 90.9K 1s
   100K .......... .......... .......... .......... .......... 66% 95.5K 1s
   150K .......... .......... .......... .......... .......... 88% 91.0K 0s
   200K .......... .......... .....                           100% 7.58M=2.2s

226 Transfer complete.
2017-05-03 00:00:52 (101 KB/s) - ‘./domain/in-addr.arpa.zone’ saved [230454]

Remote file is newer than local file ‘./domain/in-addr.arpa.zone.gz’ -- retrieving.

--2017-05-03 00:00:52--  ftp://ftp.internic.net/domain/in-addr.arpa.zone.gz
           => ‘./domain/in-addr.arpa.zone.gz’
==> CWD not required.
--> PASV

227 Entering Passive Mode (192,0,32,9,240,32)
--> RETR in-addr.arpa.zone.gz

150 Opening BINARY mode data connection for in-addr.arpa.zone.gz (89652 bytes).
Length: 89652 (88K)

     0K .......... .......... .......... .......... .......... 57% 93.7K 0s
    50K .......... .......... .......... .......              100% 70.0K=1.1s

226 Transfer complete.
2017-05-03 00:00:54 (81.8 KB/s) - ‘./domain/in-addr.arpa.zone.gz’ saved [89652]

Remote file is newer than local file ‘./domain/in-addr.arpa.zone.gz.md5’ -- retrieving.

--2017-05-03 00:00:54--  ftp://ftp.internic.net/domain/in-addr.arpa.zone.gz.md5
           => ‘./domain/in-addr.arpa.zone.gz.md5’
==> CWD not required.
--> PASV

227 Entering Passive Mode (192,0,32,9,41,67)
--> RETR in-addr.arpa.zone.gz.md5

150 Opening BINARY mode data connection for in-addr.arpa.zone.gz.md5 (60 bytes).
Length: 60

     0K                                                       100%  510K=0s

226 Transfer complete.
2017-05-03 00:00:55 (510 KB/s) - ‘./domain/in-addr.arpa.zone.gz.md5’ saved [60]

Remote file is newer than local file ‘./domain/in-addr.arpa.zone.gz.sha256’ -- retrieving.

--2017-05-03 00:00:55--  ftp://ftp.internic.net/domain/in-addr.arpa.zone.gz.sha256
           => ‘./domain/in-addr.arpa.zone.gz.sha256’
==> CWD not required.
--> PASV

227 Entering Passive Mode (192,0,32,9,41,30)
--> RETR in-addr.arpa.zone.gz.sha256

150 Opening BINARY mode data connection for in-addr.arpa.zone.gz.sha256 (95 bytes).
Length: 95

     0K                                                       100%  800K=0s

226 Transfer complete.
2017-05-03 00:00:56 (800 KB/s) - ‘./domain/in-addr.arpa.zone.gz.sha256’ saved [95]

Remote file is newer than local file ‘./domain/in-addr.arpa.zone.md5’ -- retrieving.

--2017-05-03 00:00:56--  ftp://ftp.internic.net/domain/in-addr.arpa.zone.md5
           => ‘./domain/in-addr.arpa.zone.md5’
==> CWD not required.
--> PASV

227 Entering Passive Mode (192,0,32,9,41,131)
--> RETR in-addr.arpa.zone.md5

150 Opening BINARY mode data connection for in-addr.arpa.zone.md5 (57 bytes).
Length: 57

     0K                                                       100%  476K=0s

226 Transfer complete.
2017-05-03 00:00:57 (476 KB/s) - ‘./domain/in-addr.arpa.zone.md5’ saved [57]

Remote file is newer than local file ‘./domain/in-addr.arpa.zone.sha256’ -- retrieving.

--2017-05-03 00:00:57--  ftp://ftp.internic.net/domain/in-addr.arpa.zone.sha256
           => ‘./domain/in-addr.arpa.zone.sha256’
==> CWD not required.
--> PASV

227 Entering Passive Mode (192,0,32,9,41,19)
--> RETR in-addr.arpa.zone.sha256

150 Opening BINARY mode data connection for in-addr.arpa.zone.sha256 (92 bytes).
Length: 92

     0K                                                       100%  755K=0s

226 Transfer complete.
2017-05-03 00:00:59 (755 KB/s) - ‘./domain/in-addr.arpa.zone.sha256’ saved [92]

Remote file is newer than local file ‘./domain/ip6.arpa’ -- retrieving.

--2017-05-03 00:00:59--  ftp://ftp.internic.net/domain/ip6.arpa
           => ‘./domain/ip6.arpa’
==> CWD not required.
--> PASV

227 Entering Passive Mode (192,0,32,9,42,90)
--> RETR ip6.arpa

150 Opening BINARY mode data connection for ip6.arpa (62071 bytes).
Length: 62071 (61K)

     0K .......... .......... .......... .......... .......... 82% 96.2K 0s
    50K ..........                                            100% 17.2M=0.5s

226 Transfer complete.
2017-05-03 00:01:00 (116 KB/s) - ‘./domain/ip6.arpa’ saved [62071]

Remote file is newer than local file ‘./domain/ip6.arpa.gz’ -- retrieving.

--2017-05-03 00:01:00--  ftp://ftp.internic.net/domain/ip6.arpa.gz
           => ‘./domain/ip6.arpa.gz’
==> CWD not required.
--> PASV

227 Entering Passive Mode (192,0,32,9,245,165)
--> RETR ip6.arpa.gz

150 Opening BINARY mode data connection for ip6.arpa.gz (24199 bytes).
Length: 24199 (24K)

     0K .......... .......... ...                             100% 92.7K=0.3s

226 Transfer complete.
2017-05-03 00:01:01 (92.7 KB/s) - ‘./domain/ip6.arpa.gz’ saved [24199]

Remote file is newer than local file ‘./domain/ip6.arpa.gz.md5’ -- retrieving.

--2017-05-03 00:01:01--  ftp://ftp.internic.net/domain/ip6.arpa.gz.md5
           => ‘./domain/ip6.arpa.gz.md5’
==> CWD not required.
--> PASV

227 Entering Passive Mode (192,0,32,9,168,98)
--> RETR ip6.arpa.gz.md5

150 Opening BINARY mode data connection for ip6.arpa.gz.md5 (51 bytes).
Length: 51

     0K                                                       100% 4.96K=0.01s

226 Transfer complete.
2017-05-03 00:01:03 (4.96 KB/s) - ‘./domain/ip6.arpa.gz.md5’ saved [51]

Remote file is newer than local file ‘./domain/ip6.arpa.gz.sha256’ -- retrieving.

--2017-05-03 00:01:03--  ftp://ftp.internic.net/domain/ip6.arpa.gz.sha256
           => ‘./domain/ip6.arpa.gz.sha256’
==> CWD not required.
--> PASV

227 Entering Passive Mode (192,0,32,9,178,31)
--> RETR ip6.arpa.gz.sha256

150 Opening BINARY mode data connection for ip6.arpa.gz.sha256 (86 bytes).
Length: 86

     0K                                                       100%  400K=0s

226 Transfer complete.
2017-05-03 00:01:04 (400 KB/s) - ‘./domain/ip6.arpa.gz.sha256’ saved [86]

Remote file is newer than local file ‘./domain/ip6.arpa.md5’ -- retrieving.

--2017-05-03 00:01:04--  ftp://ftp.internic.net/domain/ip6.arpa.md5
           => ‘./domain/ip6.arpa.md5’
==> CWD not required.
--> PASV

227 Entering Passive Mode (192,0,32,9,109,80)
--> RETR ip6.arpa.md5

150 Opening BINARY mode data connection for ip6.arpa.md5 (48 bytes).
Length: 48

     0K                                                       100% 16.7K=0.003s

226 Transfer complete.
2017-05-03 00:01:05 (16.7 KB/s) - ‘./domain/ip6.arpa.md5’ saved [48]

Remote file is newer than local file ‘./domain/ip6.arpa.sha256’ -- retrieving.

--2017-05-03 00:01:05--  ftp://ftp.internic.net/domain/ip6.arpa.sha256
           => ‘./domain/ip6.arpa.sha256’
==> CWD not required.
--> PASV

227 Entering Passive Mode (192,0,32,9,33,49)
--> RETR ip6.arpa.sha256

150 Opening BINARY mode data connection for ip6.arpa.sha256 (83 bytes).
Length: 83

     0K                                                       100%  600K=0s

226 Transfer complete.
2017-05-03 00:01:07 (600 KB/s) - ‘./domain/ip6.arpa.sha256’ saved [83]

Remote file is newer than local file ‘./domain/ip6.arpa.zone’ -- retrieving.

--2017-05-03 00:01:07--  ftp://ftp.internic.net/domain/ip6.arpa.zone
           => ‘./domain/ip6.arpa.zone’
==> CWD not required.
--> PASV

227 Entering Passive Mode (192,0,32,9,42,125)
--> RETR ip6.arpa.zone

150 Opening BINARY mode data connection for ip6.arpa.zone (62071 bytes).
Length: 62071 (61K)

     0K .......... .......... .......... .......... .......... 82% 98.2K 0s
    50K ..........                                            100% 64.0M=0.5s

226 Transfer complete.
2017-05-03 00:01:08 (119 KB/s) - ‘./domain/ip6.arpa.zone’ saved [62071]

Remote file is newer than local file ‘./domain/ip6.arpa.zone.gz’ -- retrieving.

--2017-05-03 00:01:08--  ftp://ftp.internic.net/domain/ip6.arpa.zone.gz
           => ‘./domain/ip6.arpa.zone.gz’
==> CWD not required.
--> PASV

227 Entering Passive Mode (192,0,32,9,41,131)
--> RETR ip6.arpa.zone.gz

150 Opening BINARY mode data connection for ip6.arpa.zone.gz (24199 bytes).
Length: 24199 (24K)

     0K .......... .......... ...                             100% 85.7K=0.3s

226 Transfer complete.
2017-05-03 00:01:10 (85.7 KB/s) - ‘./domain/ip6.arpa.zone.gz’ saved [24199]

Remote file is newer than local file ‘./domain/ip6.arpa.zone.gz.md5’ -- retrieving.

--2017-05-03 00:01:10--  ftp://ftp.internic.net/domain/ip6.arpa.zone.gz.md5
           => ‘./domain/ip6.arpa.zone.gz.md5’
==> CWD not required.
--> PASV

227 Entering Passive Mode (192,0,32,9,196,89)
--> RETR ip6.arpa.zone.gz.md5

150 Opening BINARY mode data connection for ip6.arpa.zone.gz.md5 (56 bytes).
Length: 56

     0K                                                       100%  484K=0s

226 Transfer complete.
2017-05-03 00:01:11 (484 KB/s) - ‘./domain/ip6.arpa.zone.gz.md5’ saved [56]

Remote file is newer than local file ‘./domain/ip6.arpa.zone.gz.sha256’ -- retrieving.

--2017-05-03 00:01:11--  ftp://ftp.internic.net/domain/ip6.arpa.zone.gz.sha256
           => ‘./domain/ip6.arpa.zone.gz.sha256’
==> CWD not required.
--> PASV

227 Entering Passive Mode (192,0,32,9,221,192)
--> RETR ip6.arpa.zone.gz.sha256

150 Opening BINARY mode data connection for ip6.arpa.zone.gz.sha256 (91 bytes).
Length: 91

     0K                                                       100% 2.02M=0s

226 Transfer complete.
2017-05-03 00:01:12 (2.02 MB/s) - ‘./domain/ip6.arpa.zone.gz.sha256’ saved [91]

Remote file is newer than local file ‘./domain/ip6.arpa.zone.md5’ -- retrieving.

--2017-05-03 00:01:12--  ftp://ftp.internic.net/domain/ip6.arpa.zone.md5
           => ‘./domain/ip6.arpa.zone.md5’
==> CWD not required.
--> PASV

227 Entering Passive Mode (192,0,32,9,140,60)
--> RETR ip6.arpa.zone.md5

150 Opening BINARY mode data connection for ip6.arpa.zone.md5 (53 bytes).
Length: 53

     0K                                                       100% 8.90K=0.006s

226 Transfer complete.
2017-05-03 00:01:13 (8.90 KB/s) - ‘./domain/ip6.arpa.zone.md5’ saved [53]

Remote file is newer than local file ‘./domain/ip6.arpa.zone.sha256’ -- retrieving.

--2017-05-03 00:01:13--  ftp://ftp.internic.net/domain/ip6.arpa.zone.sha256
           => ‘./domain/ip6.arpa.zone.sha256’
==> CWD not required.
--> PASV

227 Entering Passive Mode (192,0,32,9,41,84)
--> RETR ip6.arpa.zone.sha256

150 Opening BINARY mode data connection for ip6.arpa.zone.sha256 (88 bytes).
Length: 88

     0K                                                       100%  767K=0s

226 Transfer complete.
2017-05-03 00:01:14 (767 KB/s) - ‘./domain/ip6.arpa.zone.sha256’ saved [88]

Remote file is newer than local file ‘./domain/last_update.txt’ -- retrieving.

--2017-05-03 00:01:14--  ftp://ftp.internic.net/domain/last_update.txt
           => ‘./domain/last_update.txt’
==> CWD not required.
--> PASV

227 Entering Passive Mode (192,0,32,9,41,62)
--> RETR last_update.txt

150 Opening BINARY mode data connection for last_update.txt (21 bytes).
Length: 21

     0K                                                       100%  181K=0s

226 Transfer complete.
2017-05-03 00:01:15 (181 KB/s) - ‘./domain/last_update.txt’ saved [21]

Remote file no newer than local file ‘./domain/named.cache’ -- not retrieving.
Remote file no newer than local file ‘./domain/named.cache.md5’ -- not retrieving.
Remote file no newer than local file ‘./domain/named.cache.sig’ -- not retrieving.
Remote file no newer than local file ‘./domain/named.root’ -- not retrieving.
Remote file no newer than local file ‘./domain/named.root.md5’ -- not retrieving.
Remote file no newer than local file ‘./domain/named.root.sig’ -- not retrieving.
Remote file no newer than local file ‘./domain/root-servers.net.zone’ -- not retrieving.
Remote file no newer than local file ‘./domain/root-servers.net.zone.gz’ -- not retrieving.
Remote file no newer than local file ‘./domain/root-servers.net.zone.gz.md5’ -- not retrieving.
Remote file no newer than local file ‘./domain/root-servers.net.zone.gz.sig’ -- not retrieving.
The sizes do not match (local 2235247) -- retrieving.

--2017-05-03 00:01:15--  ftp://ftp.internic.net/domain/root.zone
           => ‘./domain/root.zone’
==> CWD not required.
--> PASV

227 Entering Passive Mode (192,0,32,9,71,234)
--> RETR root.zone

150 Opening BINARY mode data connection for root.zone (2235393 bytes).
Length: 2235393 (2.1M)

     0K .......... .......... .......... .......... ..........  2% 91.4K 23s
    50K .......... .......... .......... .......... ..........  4% 92.1K 23s
   100K .......... .......... .......... .......... ..........  6% 93.7K 22s
   150K .......... .......... .......... .......... ..........  9% 91.0K 22s
   200K .......... .......... .......... .......... .......... 11%  185K 19s
   250K .......... .......... .......... .......... .......... 13% 94.9K 19s
   300K .......... .......... .......... .......... .......... 16%  181K 17s
   350K .......... .......... .......... .......... .......... 18%  184K 16s
   400K .......... .......... .......... .......... .......... 20%  196K 15s
   450K .......... .......... .......... .......... .......... 22%  203K 14s
   500K .......... .......... .......... .......... .......... 25%  192K 13s
   550K .......... .......... .......... .......... .......... 27%  182K 12s
   600K .......... .......... .......... .......... .......... 29%  181K 11s
   650K .......... .......... .......... .......... .......... 32% 31.0M 10s
   700K .......... .......... .......... .......... .......... 34%  183K 10s
   750K .......... .......... .......... .......... .......... 36% 12.0M 9s
   800K .......... .......... .......... .......... .......... 38%  196K 8s
   850K .......... .......... .......... .......... .......... 41% 10.6M 8s
   900K .......... .......... .......... .......... .......... 43%  198K 7s
   950K .......... .......... .......... .......... .......... 45% 10.9M 7s
  1000K .......... .......... .......... .......... .......... 48%  190K 6s
  1050K .......... .......... .......... .......... .......... 50% 10.4M 6s
  1100K .......... .......... .......... .......... .......... 52% 11.1M 5s
  1150K .......... .......... .......... .......... .......... 54%  187K 5s
  1200K .......... .......... .......... .......... .......... 57% 11.3M 5s
  1250K .......... .......... .......... .......... .......... 59% 92.6K 5s
  1300K .......... .......... .......... .......... .......... 61% 5.83M 4s
  1350K .......... .......... .......... .......... .......... 64% 33.1M 4s
  1400K .......... .......... .......... .......... .......... 66% 37.7M 3s
  1450K .......... .......... .......... .......... .......... 68% 32.7M 3s
  1500K .......... .......... .......... .......... .......... 71% 36.3M 3s
  1550K .......... .......... .......... .......... .......... 73%  191K 3s
  1600K .......... .......... .......... .......... .......... 75% 9.56M 2s
  1650K .......... .......... .......... .......... .......... 77%  193K 2s
  1700K .......... .......... .......... .......... .......... 80% 4.88M 2s
  1750K .......... .......... .......... .......... .......... 82%  195K 2s
  1800K .......... .......... .......... .......... .......... 84% 5.08M 1s
  1850K .......... .......... .......... .......... .......... 87% 7.68M 1s
  1900K .......... .......... .......... .......... .......... 89%  192K 1s
  1950K .......... .......... .......... .......... .......... 91% 4.32M 1s
  2000K .......... .......... .......... .......... .......... 93%  581K 1s
  2050K .......... .......... .......... .......... .......... 96%  111K 0s
  2100K .......... .......... .......... .......... .......... 98% 37.8M 0s
  2150K .......... .......... .......... ...                  100% 37.6M=8.3s

226 Transfer complete.
2017-05-03 00:01:24 (262 KB/s) - ‘./domain/root.zone’ saved [2235393]

The sizes do not match (local 1049971) -- retrieving.

--2017-05-03 00:01:24--  ftp://ftp.internic.net/domain/root.zone.gz
           => ‘./domain/root.zone.gz’
==> CWD not required.
--> PASV

227 Entering Passive Mode (192,0,32,9,41,201)
--> RETR root.zone.gz

150 Opening BINARY mode data connection for root.zone.gz (1049914 bytes).
Length: 1049914 (1.0M)

     0K .......... .......... .......... .......... ..........  4% 61.6K 16s
    50K .......... .......... .......... .......... ..........  9%  203K 10s
   100K .......... .......... .......... .......... .......... 14%  202K 8s
   150K .......... .......... .......... .......... .......... 19%  194K 6s
   200K .......... .......... .......... .......... .......... 24%  185K 6s
   250K .......... .......... .......... .......... .......... 29% 91.4K 6s
   300K .......... .......... .......... .......... .......... 34%  190K 5s
   350K .......... .......... .......... .......... .......... 39%  187K 5s
   400K .......... .......... .......... .......... .......... 43%  180K 4s
   450K .......... .......... .......... .......... .......... 48%  181K 4s
   500K .......... .......... .......... .......... .......... 53%  188K 3s
   550K .......... .......... .......... .......... .......... 58%  194K 3s
   600K .......... .......... .......... .......... .......... 63%  193K 2s
   650K .......... .......... .......... .......... .......... 68%  179K 2s
   700K .......... .......... .......... .......... .......... 73%  181K 2s
   750K .......... .......... .......... .......... .......... 78%  182K 1s
   800K .......... .......... .......... .......... .......... 82%  190K 1s
   850K .......... .......... .......... .......... .......... 87%  193K 1s
   900K .......... .......... .......... .......... .......... 92%  185K 0s
   950K .......... .......... .......... .......... .......... 97%  180K 0s
  1000K .......... .......... .....                           100% 34.7M=6.1s

226 Transfer complete.
2017-05-03 00:01:32 (167 KB/s) - ‘./domain/root.zone.gz’ saved [1049914]

Remote file is newer than local file ‘./domain/root.zone.gz.md5’ -- retrieving.

--2017-05-03 00:01:32--  ftp://ftp.internic.net/domain/root.zone.gz.md5
           => ‘./domain/root.zone.gz.md5’
==> CWD not required.
--> PASV

227 Entering Passive Mode (192,0,32,9,205,26)
--> RETR root.zone.gz.md5

150 Opening BINARY mode data connection for root.zone.gz.md5 (33 bytes).
Length: 33

     0K                                                       100%  283K=0s

226 Transfer complete.
2017-05-03 00:01:33 (283 KB/s) - ‘./domain/root.zone.gz.md5’ saved [33]

Remote file is newer than local file ‘./domain/root.zone.gz.sig’ -- retrieving.

--2017-05-03 00:01:33--  ftp://ftp.internic.net/domain/root.zone.gz.sig
           => ‘./domain/root.zone.gz.sig’
==> CWD not required.
--> PASV

227 Entering Passive Mode (192,0,32,9,105,148)
--> RETR root.zone.gz.sig

150 Opening BINARY mode data connection for root.zone.gz.sig (72 bytes).
Length: 72

     0K                                                       100%  622K=0s

226 Transfer complete.
2017-05-03 00:01:34 (622 KB/s) - ‘./domain/root.zone.gz.sig’ saved [72]

Remote file is newer than local file ‘./domain/root.zone.md5’ -- retrieving.

--2017-05-03 00:01:34--  ftp://ftp.internic.net/domain/root.zone.md5
           => ‘./domain/root.zone.md5’
==> CWD not required.
--> PASV

227 Entering Passive Mode (192,0,32,9,49,91)
--> RETR root.zone.md5

150 Opening BINARY mode data connection for root.zone.md5 (33 bytes).
Length: 33

     0K                                                       100%  280K=0s

226 Transfer complete.
2017-05-03 00:01:35 (280 KB/s) - ‘./domain/root.zone.md5’ saved [33]

Remote file is newer than local file ‘./domain/root.zone.sig’ -- retrieving.

--2017-05-03 00:01:35--  ftp://ftp.internic.net/domain/root.zone.sig
           => ‘./domain/root.zone.sig’
==> CWD not required.
--> PASV

227 Entering Passive Mode (192,0,32,9,125,112)
--> RETR root.zone.sig

150 Opening BINARY mode data connection for root.zone.sig (72 bytes).
Length: 72

     0K                                                       100%  622K=0s

226 Transfer complete.
2017-05-03 00:01:36 (622 KB/s) - ‘./domain/root.zone.sig’ saved [72]

FINISHED --2017-05-03 00:01:36--
Total wall clock time: 1m 34s
Downloaded: 40 files, 3.9M in 23s (172 KB/s)
