--2017-05-17 00:00:02--  ftp://ftp.internic.net/*
           => ‘./.listing’
Resolving ftp.internic.net (ftp.internic.net)... 192.0.32.9, 2620:0:2d0:200::9
Connecting to ftp.internic.net (ftp.internic.net)|192.0.32.9|:21... connected.
Logging in as anonymous ... 
220 Internic FTP Server
--> USER anonymous

331 Please specify the password.
--> PASS Turtle Power!

230 Login successful.
--> SYST

215 UNIX Type: L8
--> PWD

257 "/"
--> TYPE I

200 Switching to Binary mode.
==> CWD not needed.
--> PASV

227 Entering Passive Mode (192,0,32,9,232,195)
--> LIST -a

150 Here comes the directory listing.

     0K                                                        2.57M=0s

226 Directory send OK.
drwxr-xr-x    3 ftp      ftp          4096 Apr 04  2012 .
drwxr-xr-x    3 ftp      ftp          4096 Apr 04  2012 ..
drwxr-xr-x    2 ftp      ftp          4096 Sep 09  2015 domain
2017-05-17 00:00:13 (2.57 MB/s) - ‘./.listing’ saved [183]

--2017-05-17 00:00:13--  ftp://ftp.internic.net/domain/*
           => ‘./domain/.listing’
--> CWD /domain

250 Directory successfully changed.
--> PASV

227 Entering Passive Mode (192,0,32,9,106,1)
--> LIST -a

150 Here comes the directory listing.

     0K ...                                                    60.5M=0s

226 Directory send OK.
drwxr-xr-x    2 ftp      ftp          4096 Sep 09  2015 .
drwxr-xr-x    3 ftp      ftp          4096 Apr 04  2012 ..
-rw-r--r--    1 ftp      ftp          1829 Aug 18  2015 .listing
-rw-r--r--    1 ftp      ftp          1224 May 16 12:15 INTERNIC_ROOT_ZONE.signatures
-rw-r--r--    1 ftp      ftp          1469 May 16 12:15 INTERNIC_ROOT_ZONE.signatures.asc
-rw-r--r--    1 ftp      ftp         15228 May 16 12:15 arpa.zone
-rw-r--r--    1 ftp      ftp          6643 May 16 12:15 arpa.zone.gz
-rw-r--r--    1 ftp      ftp            33 May 16 12:15 arpa.zone.gz.md5
-rw-r--r--    1 ftp      ftp            72 May 16 12:15 arpa.zone.gz.sig
-rw-r--r--    1 ftp      ftp          3289 Apr 11 15:01 db.cache
-rw-r--r--    1 ftp      ftp            33 Apr 11 15:01 db.cache.md5
-rw-r--r--    1 ftp      ftp            72 Apr 11 15:01 db.cache.sig
-rw-r--r--    1 ftp      ftp        230891 May 16 16:00 in-addr.arpa
-rw-r--r--    1 ftp      ftp         90365 May 16 16:00 in-addr.arpa.gz
-rw-r--r--    1 ftp      ftp            55 May 16 16:00 in-addr.arpa.gz.md5
-rw-r--r--    1 ftp      ftp            90 May 16 16:00 in-addr.arpa.gz.sha256
-rw-r--r--    1 ftp      ftp            52 May 16 16:00 in-addr.arpa.md5
-rw-r--r--    1 ftp      ftp            87 May 16 16:00 in-addr.arpa.sha256
-rw-r--r--    1 ftp      ftp        230891 May 16 16:00 in-addr.arpa.zone
-rw-r--r--    1 ftp      ftp         90365 May 16 16:00 in-addr.arpa.zone.gz
-rw-r--r--    1 ftp      ftp            60 May 16 16:00 in-addr.arpa.zone.gz.md5
-rw-r--r--    1 ftp      ftp            95 May 16 16:00 in-addr.arpa.zone.gz.sha256
-rw-r--r--    1 ftp      ftp            57 May 16 16:00 in-addr.arpa.zone.md5
-rw-r--r--    1 ftp      ftp            92 May 16 16:00 in-addr.arpa.zone.sha256
-rw-r--r--    1 ftp      ftp         62071 May 16 16:00 ip6.arpa
-rw-r--r--    1 ftp      ftp         24389 May 16 16:00 ip6.arpa.gz
-rw-r--r--    1 ftp      ftp            51 May 16 16:00 ip6.arpa.gz.md5
-rw-r--r--    1 ftp      ftp            86 May 16 16:00 ip6.arpa.gz.sha256
-rw-r--r--    1 ftp      ftp            48 May 16 16:00 ip6.arpa.md5
-rw-r--r--    1 ftp      ftp            83 May 16 16:00 ip6.arpa.sha256
-rw-r--r--    1 ftp      ftp         62071 May 16 16:00 ip6.arpa.zone
-rw-r--r--    1 ftp      ftp         24389 May 16 16:00 ip6.arpa.zone.gz
-rw-r--r--    1 ftp      ftp            56 May 16 16:00 ip6.arpa.zone.gz.md5
-rw-r--r--    1 ftp      ftp            91 May 16 16:00 ip6.arpa.zone.gz.sha256
-rw-r--r--    1 ftp      ftp            53 May 16 16:00 ip6.arpa.zone.md5
-rw-r--r--    1 ftp      ftp            88 May 16 16:00 ip6.arpa.zone.sha256
-rw-r--r--    1 ftp      ftp            21 May 16 16:00 last_update.txt
-rw-r--r--    1 ftp      ftp          3289 Apr 11 15:01 named.cache
-rw-r--r--    1 ftp      ftp            33 Apr 11 15:01 named.cache.md5
-rw-r--r--    1 ftp      ftp            72 Apr 11 15:01 named.cache.sig
-rw-r--r--    1 ftp      ftp          3289 Apr 11 15:01 named.root
-rw-r--r--    1 ftp      ftp            33 Apr 11 15:01 named.root.md5
-rw-r--r--    1 ftp      ftp            72 Apr 11 15:01 named.root.sig
-rw-r--r--    1 ftp      ftp          2110 Apr 11 15:01 root-servers.net.zone
-rw-r--r--    1 ftp      ftp           576 Apr 11 15:01 root-servers.net.zone.gz
-rw-r--r--    1 ftp      ftp            33 Apr 11 15:01 root-servers.net.zone.gz.md5
-rw-r--r--    1 ftp      ftp            72 Apr 11 15:01 root-servers.net.zone.gz.sig
-rw-r--r--    1 ftp      ftp       2235413 May 16 05:17 root.zone
-rw-r--r--    1 ftp      ftp       1049722 May 16 05:17 root.zone.gz
-rw-r--r--    1 ftp      ftp            33 May 16 05:17 root.zone.gz.md5
-rw-r--r--    1 ftp      ftp            72 May 16 05:17 root.zone.gz.sig
-rw-r--r--    1 ftp      ftp            33 May 16 05:17 root.zone.md5
-rw-r--r--    1 ftp      ftp            72 May 16 05:17 root.zone.sig
2017-05-17 00:00:16 (60.5 MB/s) - ‘./domain/.listing’ saved [3930]

The sizes do not match (local 3930) -- retrieving.

--2017-05-17 00:00:16--  ftp://ftp.internic.net/domain/.listing
           => ‘./domain/.listing’
==> CWD not required.
--> PASV

227 Entering Passive Mode (192,0,32,9,113,96)
--> RETR .listing

150 Opening BINARY mode data connection for .listing (1829 bytes).
Length: 1829 (1.8K)

     0K .                                                     100%  260K=0.007s

226 Transfer complete.
2017-05-17 00:00:17 (260 KB/s) - ‘./domain/.listing’ saved [1829]

Remote file is newer than local file ‘./domain/INTERNIC_ROOT_ZONE.signatures’ -- retrieving.

--2017-05-17 00:00:17--  ftp://ftp.internic.net/domain/INTERNIC_ROOT_ZONE.signatures
           => ‘./domain/INTERNIC_ROOT_ZONE.signatures’
==> CWD not required.
--> PASV

227 Entering Passive Mode (192,0,32,9,42,1)
--> RETR INTERNIC_ROOT_ZONE.signatures

150 Opening BINARY mode data connection for INTERNIC_ROOT_ZONE.signatures (1224 bytes).
Length: 1224 (1.2K)

     0K .                                                     100% 12.6M=0s

226 Transfer complete.
2017-05-17 00:00:19 (12.6 MB/s) - ‘./domain/INTERNIC_ROOT_ZONE.signatures’ saved [1224]

Remote file is newer than local file ‘./domain/INTERNIC_ROOT_ZONE.signatures.asc’ -- retrieving.

--2017-05-17 00:00:19--  ftp://ftp.internic.net/domain/INTERNIC_ROOT_ZONE.signatures.asc
           => ‘./domain/INTERNIC_ROOT_ZONE.signatures.asc’
==> CWD not required.
--> PASV

227 Entering Passive Mode (192,0,32,9,41,205)
--> RETR INTERNIC_ROOT_ZONE.signatures.asc

150 Opening BINARY mode data connection for INTERNIC_ROOT_ZONE.signatures.asc (1469 bytes).
Length: 1469 (1.4K)

     0K .                                                     100% 27.5M=0s

226 Transfer complete.
2017-05-17 00:00:21 (27.5 MB/s) - ‘./domain/INTERNIC_ROOT_ZONE.signatures.asc’ saved [1469]

Remote file is newer than local file ‘./domain/arpa.zone’ -- retrieving.

--2017-05-17 00:00:21--  ftp://ftp.internic.net/domain/arpa.zone
           => ‘./domain/arpa.zone’
==> CWD not required.
--> PASV

227 Entering Passive Mode (192,0,32,9,28,200)
--> RETR arpa.zone

150 Opening BINARY mode data connection for arpa.zone (15228 bytes).
Length: 15228 (15K)

     0K .......... ....                                       100% 12.6M=0.001s

226 Transfer complete.
2017-05-17 00:00:22 (12.6 MB/s) - ‘./domain/arpa.zone’ saved [15228]

The sizes do not match (local 6648) -- retrieving.

--2017-05-17 00:00:22--  ftp://ftp.internic.net/domain/arpa.zone.gz
           => ‘./domain/arpa.zone.gz’
==> CWD not required.
--> PASV

227 Entering Passive Mode (192,0,32,9,252,168)
--> RETR arpa.zone.gz

150 Opening BINARY mode data connection for arpa.zone.gz (6643 bytes).
Length: 6643 (6.5K)

     0K ......                                                100% 25.6M=0s

226 Transfer complete.
2017-05-17 00:00:26 (25.6 MB/s) - ‘./domain/arpa.zone.gz’ saved [6643]

Remote file is newer than local file ‘./domain/arpa.zone.gz.md5’ -- retrieving.

--2017-05-17 00:00:26--  ftp://ftp.internic.net/domain/arpa.zone.gz.md5
           => ‘./domain/arpa.zone.gz.md5’
==> CWD not required.
--> PASV

227 Entering Passive Mode (192,0,32,9,42,113)
--> RETR arpa.zone.gz.md5

150 Opening BINARY mode data connection for arpa.zone.gz.md5 (33 bytes).
Length: 33

     0K                                                       100%  716K=0s

226 Transfer complete.
2017-05-17 00:00:28 (716 KB/s) - ‘./domain/arpa.zone.gz.md5’ saved [33]

Remote file is newer than local file ‘./domain/arpa.zone.gz.sig’ -- retrieving.

--2017-05-17 00:00:28--  ftp://ftp.internic.net/domain/arpa.zone.gz.sig
           => ‘./domain/arpa.zone.gz.sig’
==> CWD not required.
--> PASV

227 Entering Passive Mode (192,0,32,9,144,209)
--> RETR arpa.zone.gz.sig

150 Opening BINARY mode data connection for arpa.zone.gz.sig (72 bytes).
Length: 72

     0K                                                       100% 1.60M=0s

226 Transfer complete.
2017-05-17 00:00:30 (1.60 MB/s) - ‘./domain/arpa.zone.gz.sig’ saved [72]

Remote file no newer than local file ‘./domain/db.cache’ -- not retrieving.
Remote file no newer than local file ‘./domain/db.cache.md5’ -- not retrieving.
Remote file no newer than local file ‘./domain/db.cache.sig’ -- not retrieving.
Remote file is newer than local file ‘./domain/in-addr.arpa’ -- retrieving.

--2017-05-17 00:00:30--  ftp://ftp.internic.net/domain/in-addr.arpa
           => ‘./domain/in-addr.arpa’
==> CWD not required.
--> PASV

227 Entering Passive Mode (192,0,32,9,41,231)
--> RETR in-addr.arpa

150 Opening BINARY mode data connection for in-addr.arpa (230891 bytes).
Length: 230891 (225K)

     0K .......... .......... .......... .......... .......... 22% 37.3K 5s
    50K .......... .......... .......... .......... .......... 44% 28.9K 4s
   100K .......... .......... .......... .......... .......... 66% 40.6K 2s
   150K .......... .......... .......... .......... .......... 88% 30.6K 1s
   200K .......... .......... .....                           100% 30.9K=6.8s

226 Transfer complete.
2017-05-17 00:00:39 (33.3 KB/s) - ‘./domain/in-addr.arpa’ saved [230891]

The sizes do not match (local 90369) -- retrieving.

--2017-05-17 00:00:39--  ftp://ftp.internic.net/domain/in-addr.arpa.gz
           => ‘./domain/in-addr.arpa.gz’
==> CWD not required.
--> PASV

227 Entering Passive Mode (192,0,32,9,41,29)
--> RETR in-addr.arpa.gz

150 Opening BINARY mode data connection for in-addr.arpa.gz (90365 bytes).
Length: 90365 (88K)

     0K .......... .......... .......... .......... .......... 56% 38.4K 1s
    50K .......... .......... .......... ........             100% 46.6K=2.1s

226 Transfer complete.
2017-05-17 00:00:44 (41.5 KB/s) - ‘./domain/in-addr.arpa.gz’ saved [90365]

Remote file is newer than local file ‘./domain/in-addr.arpa.gz.md5’ -- retrieving.

--2017-05-17 00:00:45--  ftp://ftp.internic.net/domain/in-addr.arpa.gz.md5
           => ‘./domain/in-addr.arpa.gz.md5’
==> CWD not required.
--> PASV

227 Entering Passive Mode (192,0,32,9,150,88)
--> RETR in-addr.arpa.gz.md5

150 Opening BINARY mode data connection for in-addr.arpa.gz.md5 (55 bytes).
Length: 55

     0K                                                       100% 1.05M=0s

226 Transfer complete.
2017-05-17 00:00:46 (1.05 MB/s) - ‘./domain/in-addr.arpa.gz.md5’ saved [55]

Remote file is newer than local file ‘./domain/in-addr.arpa.gz.sha256’ -- retrieving.

--2017-05-17 00:00:46--  ftp://ftp.internic.net/domain/in-addr.arpa.gz.sha256
           => ‘./domain/in-addr.arpa.gz.sha256’
==> CWD not required.
--> PASV

227 Entering Passive Mode (192,0,32,9,24,57)
--> RETR in-addr.arpa.gz.sha256

150 Opening BINARY mode data connection for in-addr.arpa.gz.sha256 (90 bytes).
Length: 90

     0K                                                       100% 1.07M=0s

226 Transfer complete.
2017-05-17 00:00:48 (1.07 MB/s) - ‘./domain/in-addr.arpa.gz.sha256’ saved [90]

Remote file is newer than local file ‘./domain/in-addr.arpa.md5’ -- retrieving.

--2017-05-17 00:00:48--  ftp://ftp.internic.net/domain/in-addr.arpa.md5
           => ‘./domain/in-addr.arpa.md5’
==> CWD not required.
--> PASV

227 Entering Passive Mode (192,0,32,9,74,164)
--> RETR in-addr.arpa.md5

150 Opening BINARY mode data connection for in-addr.arpa.md5 (52 bytes).
Length: 52

     0K                                                       100% 1.10M=0s

226 Transfer complete.
2017-05-17 00:00:49 (1.10 MB/s) - ‘./domain/in-addr.arpa.md5’ saved [52]

Remote file is newer than local file ‘./domain/in-addr.arpa.sha256’ -- retrieving.

--2017-05-17 00:00:49--  ftp://ftp.internic.net/domain/in-addr.arpa.sha256
           => ‘./domain/in-addr.arpa.sha256’
==> CWD not required.
--> PASV

227 Entering Passive Mode (192,0,32,9,120,153)
--> RETR in-addr.arpa.sha256

150 Opening BINARY mode data connection for in-addr.arpa.sha256 (87 bytes).
Length: 87

     0K                                                       100% 1.69M=0s

226 Transfer complete.
2017-05-17 00:00:51 (1.69 MB/s) - ‘./domain/in-addr.arpa.sha256’ saved [87]

Remote file is newer than local file ‘./domain/in-addr.arpa.zone’ -- retrieving.

--2017-05-17 00:00:51--  ftp://ftp.internic.net/domain/in-addr.arpa.zone
           => ‘./domain/in-addr.arpa.zone’
==> CWD not required.
--> PASV

227 Entering Passive Mode (192,0,32,9,114,137)
--> RETR in-addr.arpa.zone

150 Opening BINARY mode data connection for in-addr.arpa.zone (230891 bytes).
Length: 230891 (225K)

     0K .......... .......... .......... .......... .......... 22% 30.5K 6s
    50K .......... .......... .......... .......... .......... 44% 62.7K 3s
   100K .......... .......... .......... .......... .......... 66% 59.0K 2s
   150K .......... .......... .......... .......... .......... 88% 40.9K 1s
   200K .......... .......... .....                           100%  111M=4.5s

226 Transfer complete.
2017-05-17 00:00:57 (50.1 KB/s) - ‘./domain/in-addr.arpa.zone’ saved [230891]

The sizes do not match (local 90369) -- retrieving.

--2017-05-17 00:00:57--  ftp://ftp.internic.net/domain/in-addr.arpa.zone.gz
           => ‘./domain/in-addr.arpa.zone.gz’
==> CWD not required.
--> PASV

227 Entering Passive Mode (192,0,32,9,13,57)
--> RETR in-addr.arpa.zone.gz

150 Opening BINARY mode data connection for in-addr.arpa.zone.gz (90365 bytes).
Length: 90365 (88K)

     0K .......... .......... .......... .......... .......... 56% 24.3K 2s
    50K .......... .......... .......... ........             100% 29.3K=3.4s

226 Transfer complete.
2017-05-17 00:01:02 (26.2 KB/s) - ‘./domain/in-addr.arpa.zone.gz’ saved [90365]

Remote file is newer than local file ‘./domain/in-addr.arpa.zone.gz.md5’ -- retrieving.

--2017-05-17 00:01:02--  ftp://ftp.internic.net/domain/in-addr.arpa.zone.gz.md5
           => ‘./domain/in-addr.arpa.zone.gz.md5’
==> CWD not required.
--> PASV

227 Entering Passive Mode (192,0,32,9,36,53)
--> RETR in-addr.arpa.zone.gz.md5

150 Opening BINARY mode data connection for in-addr.arpa.zone.gz.md5 (60 bytes).
Length: 60

     0K                                                       100% 1010K=0s

226 Transfer complete.
2017-05-17 00:01:04 (1010 KB/s) - ‘./domain/in-addr.arpa.zone.gz.md5’ saved [60]

Remote file is newer than local file ‘./domain/in-addr.arpa.zone.gz.sha256’ -- retrieving.

--2017-05-17 00:01:04--  ftp://ftp.internic.net/domain/in-addr.arpa.zone.gz.sha256
           => ‘./domain/in-addr.arpa.zone.gz.sha256’
==> CWD not required.
--> PASV

227 Entering Passive Mode (192,0,32,9,102,253)
--> RETR in-addr.arpa.zone.gz.sha256

150 Opening BINARY mode data connection for in-addr.arpa.zone.gz.sha256 (95 bytes).
Length: 95

     0K                                                       100% 2.16M=0s

226 Transfer complete.
2017-05-17 00:01:06 (2.16 MB/s) - ‘./domain/in-addr.arpa.zone.gz.sha256’ saved [95]

Remote file is newer than local file ‘./domain/in-addr.arpa.zone.md5’ -- retrieving.

--2017-05-17 00:01:06--  ftp://ftp.internic.net/domain/in-addr.arpa.zone.md5
           => ‘./domain/in-addr.arpa.zone.md5’
==> CWD not required.
--> PASV

227 Entering Passive Mode (192,0,32,9,80,187)
--> RETR in-addr.arpa.zone.md5

150 Opening BINARY mode data connection for in-addr.arpa.zone.md5 (57 bytes).
Length: 57

     0K                                                       100% 1.16M=0s

226 Transfer complete.
2017-05-17 00:01:08 (1.16 MB/s) - ‘./domain/in-addr.arpa.zone.md5’ saved [57]

Remote file is newer than local file ‘./domain/in-addr.arpa.zone.sha256’ -- retrieving.

--2017-05-17 00:01:08--  ftp://ftp.internic.net/domain/in-addr.arpa.zone.sha256
           => ‘./domain/in-addr.arpa.zone.sha256’
==> CWD not required.
--> PASV

227 Entering Passive Mode (192,0,32,9,103,38)
--> RETR in-addr.arpa.zone.sha256

150 Opening BINARY mode data connection for in-addr.arpa.zone.sha256 (92 bytes).
Length: 92

     0K                                                       100% 1.08M=0s

226 Transfer complete.
2017-05-17 00:01:09 (1.08 MB/s) - ‘./domain/in-addr.arpa.zone.sha256’ saved [92]

Remote file is newer than local file ‘./domain/ip6.arpa’ -- retrieving.

--2017-05-17 00:01:09--  ftp://ftp.internic.net/domain/ip6.arpa
           => ‘./domain/ip6.arpa’
==> CWD not required.
--> PASV

227 Entering Passive Mode (192,0,32,9,42,219)
--> RETR ip6.arpa

150 Opening BINARY mode data connection for ip6.arpa (62071 bytes).
Length: 62071 (61K)

     0K .......... .......... .......... .......... .......... 82% 29.3K 0s
    50K ..........                                            100% 25.1K=2.1s

226 Transfer complete.
2017-05-17 00:01:14 (28.5 KB/s) - ‘./domain/ip6.arpa’ saved [62071]

The sizes do not match (local 24375) -- retrieving.

--2017-05-17 00:01:14--  ftp://ftp.internic.net/domain/ip6.arpa.gz
           => ‘./domain/ip6.arpa.gz’
==> CWD not required.
--> PASV

227 Entering Passive Mode (192,0,32,9,16,244)
--> RETR ip6.arpa.gz

150 Opening BINARY mode data connection for ip6.arpa.gz (24389 bytes).
Length: 24389 (24K)

     0K .......... .......... ...                             100% 51.0K=0.5s

226 Transfer complete.
2017-05-17 00:01:16 (51.0 KB/s) - ‘./domain/ip6.arpa.gz’ saved [24389]

Remote file is newer than local file ‘./domain/ip6.arpa.gz.md5’ -- retrieving.

--2017-05-17 00:01:16--  ftp://ftp.internic.net/domain/ip6.arpa.gz.md5
           => ‘./domain/ip6.arpa.gz.md5’
==> CWD not required.
--> PASV

227 Entering Passive Mode (192,0,32,9,117,97)
--> RETR ip6.arpa.gz.md5

150 Opening BINARY mode data connection for ip6.arpa.gz.md5 (51 bytes).
Length: 51

     0K                                                       100%  419K=0s

226 Transfer complete.
2017-05-17 00:01:18 (419 KB/s) - ‘./domain/ip6.arpa.gz.md5’ saved [51]

Remote file is newer than local file ‘./domain/ip6.arpa.gz.sha256’ -- retrieving.

--2017-05-17 00:01:18--  ftp://ftp.internic.net/domain/ip6.arpa.gz.sha256
           => ‘./domain/ip6.arpa.gz.sha256’
==> CWD not required.
--> PASV

227 Entering Passive Mode (192,0,32,9,69,164)
--> RETR ip6.arpa.gz.sha256

150 Opening BINARY mode data connection for ip6.arpa.gz.sha256 (86 bytes).
Length: 86

     0K                                                       100%  677K=0s

226 Transfer complete.
2017-05-17 00:01:20 (677 KB/s) - ‘./domain/ip6.arpa.gz.sha256’ saved [86]

Remote file is newer than local file ‘./domain/ip6.arpa.md5’ -- retrieving.

--2017-05-17 00:01:20--  ftp://ftp.internic.net/domain/ip6.arpa.md5
           => ‘./domain/ip6.arpa.md5’
==> CWD not required.
--> PASV

227 Entering Passive Mode (192,0,32,9,116,255)
--> RETR ip6.arpa.md5

150 Opening BINARY mode data connection for ip6.arpa.md5 (48 bytes).
Length: 48

     0K                                                       100% 1019K=0s

226 Transfer complete.
2017-05-17 00:01:21 (1019 KB/s) - ‘./domain/ip6.arpa.md5’ saved [48]

Remote file is newer than local file ‘./domain/ip6.arpa.sha256’ -- retrieving.

--2017-05-17 00:01:21--  ftp://ftp.internic.net/domain/ip6.arpa.sha256
           => ‘./domain/ip6.arpa.sha256’
==> CWD not required.
--> PASV

227 Entering Passive Mode (192,0,32,9,41,114)
--> RETR ip6.arpa.sha256

150 Opening BINARY mode data connection for ip6.arpa.sha256 (83 bytes).
Length: 83

     0K                                                       100% 1.65M=0s

226 Transfer complete.
2017-05-17 00:01:23 (1.65 MB/s) - ‘./domain/ip6.arpa.sha256’ saved [83]

Remote file is newer than local file ‘./domain/ip6.arpa.zone’ -- retrieving.

--2017-05-17 00:01:23--  ftp://ftp.internic.net/domain/ip6.arpa.zone
           => ‘./domain/ip6.arpa.zone’
==> CWD not required.
--> PASV

227 Entering Passive Mode (192,0,32,9,41,253)
--> RETR ip6.arpa.zone

150 Opening BINARY mode data connection for ip6.arpa.zone (62071 bytes).
Length: 62071 (61K)

     0K .......... .......... .......... .......... .......... 82% 17.4K 1s
    50K ..........                                            100% 12.9M=2.9s

226 Transfer complete.
2017-05-17 00:01:31 (21.1 KB/s) - ‘./domain/ip6.arpa.zone’ saved [62071]

The sizes do not match (local 24375) -- retrieving.

--2017-05-17 00:01:31--  ftp://ftp.internic.net/domain/ip6.arpa.zone.gz
           => ‘./domain/ip6.arpa.zone.gz’
==> CWD not required.
--> PASV

227 Entering Passive Mode (192,0,32,9,40,60)
--> RETR ip6.arpa.zone.gz

150 Opening BINARY mode data connection for ip6.arpa.zone.gz (24389 bytes).
Length: 24389 (24K)

     0K .......... .......... ...                             100%  203K=0.1s

226 Transfer complete.
2017-05-17 00:01:32 (203 KB/s) - ‘./domain/ip6.arpa.zone.gz’ saved [24389]

Remote file is newer than local file ‘./domain/ip6.arpa.zone.gz.md5’ -- retrieving.

--2017-05-17 00:01:32--  ftp://ftp.internic.net/domain/ip6.arpa.zone.gz.md5
           => ‘./domain/ip6.arpa.zone.gz.md5’
==> CWD not required.
--> PASV

227 Entering Passive Mode (192,0,32,9,211,135)
couldn't connect to 192.0.32.9 port 54151: Resource temporarily unavailable
Retrying.

--2017-05-17 00:01:55--  ftp://ftp.internic.net/domain/ip6.arpa.zone.gz.md5
  (try: 2) => ‘./domain/ip6.arpa.zone.gz.md5’
Connecting to ftp.internic.net (ftp.internic.net)|192.0.32.9|:21... connected.
Logging in as anonymous ... 
220 Internic FTP Server
--> USER anonymous

331 Please specify the password.
--> PASS Turtle Power!

230 Login successful.
--> SYST

215 UNIX Type: L8
--> PWD

257 "/"
--> TYPE I

200 Switching to Binary mode.
--> CWD /domain

250 Directory successfully changed.
--> PASV

227 Entering Passive Mode (192,0,32,9,207,72)
--> RETR ip6.arpa.zone.gz.md5

150 Opening BINARY mode data connection for ip6.arpa.zone.gz.md5 (56 bytes).
Length: 56

     0K                                                       100%  667K=0s

226 Transfer complete.
2017-05-17 00:02:00 (667 KB/s) - ‘./domain/ip6.arpa.zone.gz.md5’ saved [56]

Remote file is newer than local file ‘./domain/ip6.arpa.zone.gz.sha256’ -- retrieving.

--2017-05-17 00:02:00--  ftp://ftp.internic.net/domain/ip6.arpa.zone.gz.sha256
           => ‘./domain/ip6.arpa.zone.gz.sha256’
==> CWD not required.
--> PASV

227 Entering Passive Mode (192,0,32,9,234,205)
--> RETR ip6.arpa.zone.gz.sha256

150 Opening BINARY mode data connection for ip6.arpa.zone.gz.sha256 (91 bytes).
Length: 91

     0K                                                       100% 2.12M=0s

226 Transfer complete.
2017-05-17 00:02:01 (2.12 MB/s) - ‘./domain/ip6.arpa.zone.gz.sha256’ saved [91]

Remote file is newer than local file ‘./domain/ip6.arpa.zone.md5’ -- retrieving.

--2017-05-17 00:02:02--  ftp://ftp.internic.net/domain/ip6.arpa.zone.md5
           => ‘./domain/ip6.arpa.zone.md5’
==> CWD not required.
--> PASV

227 Entering Passive Mode (192,0,32,9,41,180)
--> RETR ip6.arpa.zone.md5

150 Opening BINARY mode data connection for ip6.arpa.zone.md5 (53 bytes).
Length: 53

     0K                                                       100% 1.10M=0s

226 Transfer complete.
2017-05-17 00:02:06 (1.10 MB/s) - ‘./domain/ip6.arpa.zone.md5’ saved [53]

Remote file is newer than local file ‘./domain/ip6.arpa.zone.sha256’ -- retrieving.

--2017-05-17 00:02:06--  ftp://ftp.internic.net/domain/ip6.arpa.zone.sha256
           => ‘./domain/ip6.arpa.zone.sha256’
==> CWD not required.
--> PASV

227 Entering Passive Mode (192,0,32,9,217,78)
--> RETR ip6.arpa.zone.sha256

150 Opening BINARY mode data connection for ip6.arpa.zone.sha256 (88 bytes).
Length: 88

     0K                                                       100% 86.6K=0.001s

226 Transfer complete.
2017-05-17 00:02:10 (86.6 KB/s) - ‘./domain/ip6.arpa.zone.sha256’ saved [88]

Remote file is newer than local file ‘./domain/last_update.txt’ -- retrieving.

--2017-05-17 00:02:10--  ftp://ftp.internic.net/domain/last_update.txt
           => ‘./domain/last_update.txt’
==> CWD not required.
--> PASV

227 Entering Passive Mode (192,0,32,9,89,148)
--> RETR last_update.txt

150 Opening BINARY mode data connection for last_update.txt (21 bytes).
Length: 21

     0K                                                       100%  241K=0s

226 Transfer complete.
2017-05-17 00:02:12 (241 KB/s) - ‘./domain/last_update.txt’ saved [21]

Remote file no newer than local file ‘./domain/named.cache’ -- not retrieving.
Remote file no newer than local file ‘./domain/named.cache.md5’ -- not retrieving.
Remote file no newer than local file ‘./domain/named.cache.sig’ -- not retrieving.
Remote file no newer than local file ‘./domain/named.root’ -- not retrieving.
Remote file no newer than local file ‘./domain/named.root.md5’ -- not retrieving.
Remote file no newer than local file ‘./domain/named.root.sig’ -- not retrieving.
Remote file no newer than local file ‘./domain/root-servers.net.zone’ -- not retrieving.
Remote file no newer than local file ‘./domain/root-servers.net.zone.gz’ -- not retrieving.
Remote file no newer than local file ‘./domain/root-servers.net.zone.gz.md5’ -- not retrieving.
Remote file no newer than local file ‘./domain/root-servers.net.zone.gz.sig’ -- not retrieving.
The sizes do not match (local 2236242) -- retrieving.

--2017-05-17 00:02:12--  ftp://ftp.internic.net/domain/root.zone
           => ‘./domain/root.zone’
==> CWD not required.
--> PASV

227 Entering Passive Mode (192,0,32,9,9,94)
--> RETR root.zone

150 Opening BINARY mode data connection for root.zone (2235413 bytes).
Length: 2235413 (2.1M)

     0K .......... .......... .......... .......... ..........  2% 43.6K 49s
    50K .......... .......... .......... .......... ..........  4% 46.2K 46s
   100K .......... .......... .......... .......... ..........  6% 72.9K 40s
   150K .......... .......... .......... .......... ..........  9% 2.43M 29s
   200K .......... .......... .......... .......... .......... 11%  146K 25s
   250K .......... .......... .......... .......... .......... 13%  146K 23s
   300K .......... .......... .......... .......... .......... 16%  130K 21s
   350K .......... .......... .......... .......... .......... 18%  118K 20s
   400K .......... .......... .......... .......... .......... 20% 4.98M 17s
   450K .......... .......... .......... .......... .......... 22%  125K 16s
   500K .......... .......... .......... .......... .......... 25%  123K 16s
   550K .......... .......... .......... .......... .......... 27% 3.96M 14s
   600K .......... .......... .......... .......... .......... 29%  122K 13s
   650K .......... .......... .......... .......... .......... 32% 99.5K 13s
   700K .......... .......... .......... .......... .......... 34% 2.35M 12s
   750K .......... .......... .......... .......... .......... 36% 82.2K 12s
   800K .......... .......... .......... .......... .......... 38% 4.50M 11s
   850K .......... .......... .......... .......... .......... 41%  124K 10s
   900K .......... .......... .......... .......... .......... 43% 3.40M 9s
   950K .......... .......... .......... .......... .......... 45%  103K 9s
  1000K .......... .......... .......... .......... .......... 48% 5.26M 8s
  1050K .......... .......... .......... .......... .......... 50%  128K 8s
  1100K .......... .......... .......... .......... .......... 52% 2.09M 7s
  1150K .......... .......... .......... .......... .......... 54% 63.9K 7s
  1200K .......... .......... .......... .......... .......... 57% 94.8M 7s
  1250K .......... .......... .......... .......... .......... 59%  106M 6s
  1300K .......... .......... .......... .......... .......... 61% 88.5M 6s
  1350K .......... .......... .......... .......... .......... 64%  109M 5s
  1400K .......... .......... .......... .......... .......... 66% 72.7K 5s
  1450K .......... .......... .......... .......... .......... 68% 3.72M 4s
  1500K .......... .......... .......... .......... .......... 71%  104M 4s
  1550K .......... .......... .......... .......... .......... 73%  111M 4s
  1600K .......... .......... .......... .......... .......... 75% 16.5M 3s
  1650K .......... .......... .......... .......... .......... 77%  157K 3s
  1700K .......... .......... .......... .......... .......... 80% 1.32M 2s
  1750K .......... .......... .......... .......... .......... 82%  124K 2s
  1800K .......... .......... .......... .......... .......... 84%  150K 2s
  1850K .......... .......... .......... .......... .......... 87% 1.24M 2s
  1900K .......... .......... .......... .......... .......... 89% 61.7K 1s
  1950K .......... .......... .......... .......... .......... 91%  108M 1s
  2000K .......... .......... .......... .......... .......... 93% 78.8M 1s
  2050K .......... .......... .......... .......... .......... 96%  159K 0s
  2100K .......... .......... .......... .......... .......... 98%  157K 0s
  2150K .......... .......... .......... ...                  100% 1.67M=12s

226 Transfer complete.
2017-05-17 00:02:27 (179 KB/s) - ‘./domain/root.zone’ saved [2235413]

The sizes do not match (local 1050238) -- retrieving.

--2017-05-17 00:02:27--  ftp://ftp.internic.net/domain/root.zone.gz
           => ‘./domain/root.zone.gz’
==> CWD not required.
--> PASV

227 Entering Passive Mode (192,0,32,9,69,143)
--> RETR root.zone.gz

150 Opening BINARY mode data connection for root.zone.gz (1049722 bytes).
Length: 1049722 (1.0M)

     0K .......... .......... .......... .......... ..........  4% 44.5K 22s
    50K .......... .......... .......... .......... ..........  9% 53.2K 19s
   100K .......... .......... .......... .......... .......... 14%  121K 14s
   150K .......... .......... .......... .......... .......... 19%  124K 12s
   200K .......... .......... .......... .......... .......... 24%  122K 10s
   250K .......... .......... .......... .......... .......... 29%  152K 9s
   300K .......... .......... .......... .......... .......... 34% 1.72M 7s
   350K .......... .......... .......... .......... .......... 39%  108K 6s
   400K .......... .......... .......... .......... .......... 43% 62.0K 6s
   450K .......... .......... .......... .......... .......... 48% 69.2M 5s
   500K .......... .......... .......... .......... .......... 53% 45.9M 4s
   550K .......... .......... .......... .......... .......... 58%  147K 4s
   600K .......... .......... .......... .......... .......... 63%  142K 3s
   650K .......... .......... .......... .......... .......... 68% 91.6K 3s
   700K .......... .......... .......... .......... .......... 73% 4.81M 2s
   750K .......... .......... .......... .......... .......... 78%  122K 2s
   800K .......... .......... .......... .......... .......... 82%  132K 1s
   850K .......... .......... .......... .......... .......... 87% 2.26M 1s
   900K .......... .......... .......... .......... .......... 92%  142K 1s
   950K .......... .......... .......... .......... .......... 97%  124K 0s
  1000K .......... .......... .....                           100% 5.85M=7.7s

226 Transfer complete.
2017-05-17 00:02:47 (133 KB/s) - ‘./domain/root.zone.gz’ saved [1049722]

Remote file is newer than local file ‘./domain/root.zone.gz.md5’ -- retrieving.

--2017-05-17 00:02:47--  ftp://ftp.internic.net/domain/root.zone.gz.md5
           => ‘./domain/root.zone.gz.md5’
==> CWD not required.
--> PASV

227 Entering Passive Mode (192,0,32,9,42,48)
--> RETR root.zone.gz.md5

150 Opening BINARY mode data connection for root.zone.gz.md5 (33 bytes).
Length: 33

     0K                                                       100% 8.10K=0.004s

226 Transfer complete.
2017-05-17 00:02:49 (8.10 KB/s) - ‘./domain/root.zone.gz.md5’ saved [33]

Remote file is newer than local file ‘./domain/root.zone.gz.sig’ -- retrieving.

--2017-05-17 00:02:49--  ftp://ftp.internic.net/domain/root.zone.gz.sig
           => ‘./domain/root.zone.gz.sig’
==> CWD not required.
--> PASV

227 Entering Passive Mode (192,0,32,9,42,231)
--> RETR root.zone.gz.sig

150 Opening BINARY mode data connection for root.zone.gz.sig (72 bytes).
Length: 72

     0K                                                       100% 1.43M=0s

226 Transfer complete.
2017-05-17 00:02:52 (1.43 MB/s) - ‘./domain/root.zone.gz.sig’ saved [72]

Remote file is newer than local file ‘./domain/root.zone.md5’ -- retrieving.

--2017-05-17 00:02:52--  ftp://ftp.internic.net/domain/root.zone.md5
           => ‘./domain/root.zone.md5’
==> CWD not required.
--> PASV

227 Entering Passive Mode (192,0,32,9,41,195)
--> RETR root.zone.md5

150 Opening BINARY mode data connection for root.zone.md5 (33 bytes).
Length: 33

     0K                                                       100%  546K=0s

226 Transfer complete.
2017-05-17 00:02:54 (546 KB/s) - ‘./domain/root.zone.md5’ saved [33]

Remote file is newer than local file ‘./domain/root.zone.sig’ -- retrieving.

--2017-05-17 00:02:54--  ftp://ftp.internic.net/domain/root.zone.sig
           => ‘./domain/root.zone.sig’
==> CWD not required.
--> PASV

227 Entering Passive Mode (192,0,32,9,84,196)
--> RETR root.zone.sig

150 Opening BINARY mode data connection for root.zone.sig (72 bytes).
Length: 72

     0K                                                       100%  977K=0s

226 Transfer complete.
2017-05-17 00:02:56 (977 KB/s) - ‘./domain/root.zone.sig’ saved [72]

FINISHED --2017-05-17 00:02:56--
Total wall clock time: 2m 54s
Downloaded: 40 files, 3.9M in 42s (95.4 KB/s)
