--2017-06-26 00:00:02--  ftp://ftp.internic.net/*
           => ‘./.listing’
Resolving ftp.internic.net (ftp.internic.net)... 192.0.32.9, 2620:0:2d0:200::9
Connecting to ftp.internic.net (ftp.internic.net)|192.0.32.9|:21... connected.
Logging in as anonymous ... 
220 Internic FTP Server
--> USER anonymous

331 Please specify the password.
--> PASS Turtle Power!

230 Login successful.
--> SYST

215 UNIX Type: L8
--> PWD

257 "/"
--> TYPE I

200 Switching to Binary mode.
==> CWD not needed.
--> PASV

227 Entering Passive Mode (192,0,32,9,171,184)
--> LIST -a

150 Here comes the directory listing.

     0K                                                         672K=0s

226 Directory send OK.
drwxr-xr-x    3 ftp      ftp          4096 Apr 04  2012 .
drwxr-xr-x    3 ftp      ftp          4096 Apr 04  2012 ..
drwxr-xr-x    2 ftp      ftp          4096 Sep 09  2015 domain
2017-06-26 00:00:04 (672 KB/s) - ‘./.listing’ saved [183]

--2017-06-26 00:00:05--  ftp://ftp.internic.net/domain/*
           => ‘./domain/.listing’
--> CWD /domain

250 Directory successfully changed.
--> PASV

227 Entering Passive Mode (192,0,32,9,41,239)
--> LIST -a

150 Here comes the directory listing.

     0K ...                                                     353K=0.01s

226 Directory send OK.
drwxr-xr-x    2 ftp      ftp          4096 Sep 09  2015 .
drwxr-xr-x    3 ftp      ftp          4096 Apr 04  2012 ..
-rw-r--r--    1 ftp      ftp          1829 Aug 18  2015 .listing
-rw-r--r--    1 ftp      ftp          1224 Jun 25 12:54 INTERNIC_ROOT_ZONE.signatures
-rw-r--r--    1 ftp      ftp          1469 Jun 25 12:54 INTERNIC_ROOT_ZONE.signatures.asc
-rw-r--r--    1 ftp      ftp         15438 Jun 25 12:54 arpa.zone
-rw-r--r--    1 ftp      ftp          6775 Jun 25 12:54 arpa.zone.gz
-rw-r--r--    1 ftp      ftp            33 Jun 25 12:54 arpa.zone.gz.md5
-rw-r--r--    1 ftp      ftp            72 Jun 25 12:54 arpa.zone.gz.sig
-rw-r--r--    1 ftp      ftp          3289 Jun 01 15:27 db.cache
-rw-r--r--    1 ftp      ftp            33 Jun 01 15:27 db.cache.md5
-rw-r--r--    1 ftp      ftp            72 Jun 01 15:27 db.cache.sig
-rw-r--r--    1 ftp      ftp        228753 Jun 25 15:40 in-addr.arpa
-rw-r--r--    1 ftp      ftp         90687 Jun 25 15:40 in-addr.arpa.gz
-rw-r--r--    1 ftp      ftp            55 Jun 25 15:40 in-addr.arpa.gz.md5
-rw-r--r--    1 ftp      ftp            90 Jun 25 15:40 in-addr.arpa.gz.sha256
-rw-r--r--    1 ftp      ftp            52 Jun 25 15:40 in-addr.arpa.md5
-rw-r--r--    1 ftp      ftp            87 Jun 25 15:40 in-addr.arpa.sha256
-rw-r--r--    1 ftp      ftp        228753 Jun 25 15:40 in-addr.arpa.zone
-rw-r--r--    1 ftp      ftp         90687 Jun 25 15:40 in-addr.arpa.zone.gz
-rw-r--r--    1 ftp      ftp            60 Jun 25 15:40 in-addr.arpa.zone.gz.md5
-rw-r--r--    1 ftp      ftp            95 Jun 25 15:40 in-addr.arpa.zone.gz.sha256
-rw-r--r--    1 ftp      ftp            57 Jun 25 15:40 in-addr.arpa.zone.md5
-rw-r--r--    1 ftp      ftp            92 Jun 25 15:40 in-addr.arpa.zone.sha256
-rw-r--r--    1 ftp      ftp         61264 Jun 25 15:40 ip6.arpa
-rw-r--r--    1 ftp      ftp         24336 Jun 25 15:40 ip6.arpa.gz
-rw-r--r--    1 ftp      ftp            51 Jun 25 15:40 ip6.arpa.gz.md5
-rw-r--r--    1 ftp      ftp            86 Jun 25 15:40 ip6.arpa.gz.sha256
-rw-r--r--    1 ftp      ftp            48 Jun 25 15:40 ip6.arpa.md5
-rw-r--r--    1 ftp      ftp            83 Jun 25 15:40 ip6.arpa.sha256
-rw-r--r--    1 ftp      ftp         61264 Jun 25 15:40 ip6.arpa.zone
-rw-r--r--    1 ftp      ftp         24336 Jun 25 15:40 ip6.arpa.zone.gz
-rw-r--r--    1 ftp      ftp            56 Jun 25 15:40 ip6.arpa.zone.gz.md5
-rw-r--r--    1 ftp      ftp            91 Jun 25 15:40 ip6.arpa.zone.gz.sha256
-rw-r--r--    1 ftp      ftp            53 Jun 25 15:40 ip6.arpa.zone.md5
-rw-r--r--    1 ftp      ftp            88 Jun 25 15:40 ip6.arpa.zone.sha256
-rw-r--r--    1 ftp      ftp            21 Jun 25 15:40 last_update.txt
-rw-r--r--    1 ftp      ftp          3289 Jun 01 15:27 named.cache
-rw-r--r--    1 ftp      ftp            33 Jun 01 15:27 named.cache.md5
-rw-r--r--    1 ftp      ftp            72 Jun 01 15:27 named.cache.sig
-rw-r--r--    1 ftp      ftp          3289 Jun 01 15:27 named.root
-rw-r--r--    1 ftp      ftp            33 Jun 01 15:27 named.root.md5
-rw-r--r--    1 ftp      ftp            72 Jun 01 15:27 named.root.sig
-rw-r--r--    1 ftp      ftp          2111 Jun 01 15:27 root-servers.net.zone
-rw-r--r--    1 ftp      ftp           575 Jun 01 15:27 root-servers.net.zone.gz
-rw-r--r--    1 ftp      ftp            33 Jun 01 15:27 root-servers.net.zone.gz.md5
-rw-r--r--    1 ftp      ftp            72 Jun 01 15:27 root-servers.net.zone.gz.sig
-rw-r--r--    1 ftp      ftp       2241041 Jun 25 05:11 root.zone
-rw-r--r--    1 ftp      ftp       1052107 Jun 25 05:11 root.zone.gz
-rw-r--r--    1 ftp      ftp            33 Jun 25 05:11 root.zone.gz.md5
-rw-r--r--    1 ftp      ftp            72 Jun 25 05:11 root.zone.gz.sig
-rw-r--r--    1 ftp      ftp            33 Jun 25 05:11 root.zone.md5
-rw-r--r--    1 ftp      ftp            72 Jun 25 05:11 root.zone.sig
2017-06-26 00:00:06 (353 KB/s) - ‘./domain/.listing’ saved [3930]

The sizes do not match (local 3930) -- retrieving.

--2017-06-26 00:00:06--  ftp://ftp.internic.net/domain/.listing
           => ‘./domain/.listing’
==> CWD not required.
--> PASV

227 Entering Passive Mode (192,0,32,9,40,171)
--> RETR .listing

150 Opening BINARY mode data connection for .listing (1829 bytes).
Length: 1829 (1.8K)

     0K .                                                     100%  151K=0.01s

226 Transfer complete.
2017-06-26 00:00:06 (151 KB/s) - ‘./domain/.listing’ saved [1829]

Remote file is newer than local file ‘./domain/INTERNIC_ROOT_ZONE.signatures’ -- retrieving.

--2017-06-26 00:00:06--  ftp://ftp.internic.net/domain/INTERNIC_ROOT_ZONE.signatures
           => ‘./domain/INTERNIC_ROOT_ZONE.signatures’
==> CWD not required.
--> PASV

227 Entering Passive Mode (192,0,32,9,140,53)
--> RETR INTERNIC_ROOT_ZONE.signatures

150 Opening BINARY mode data connection for INTERNIC_ROOT_ZONE.signatures (1224 bytes).
Length: 1224 (1.2K)

     0K .                                                     100%  830K=0.001s

226 Transfer complete.
2017-06-26 00:00:07 (830 KB/s) - ‘./domain/INTERNIC_ROOT_ZONE.signatures’ saved [1224]

Remote file is newer than local file ‘./domain/INTERNIC_ROOT_ZONE.signatures.asc’ -- retrieving.

--2017-06-26 00:00:07--  ftp://ftp.internic.net/domain/INTERNIC_ROOT_ZONE.signatures.asc
           => ‘./domain/INTERNIC_ROOT_ZONE.signatures.asc’
==> CWD not required.
--> PASV

227 Entering Passive Mode (192,0,32,9,46,119)
--> RETR INTERNIC_ROOT_ZONE.signatures.asc

150 Opening BINARY mode data connection for INTERNIC_ROOT_ZONE.signatures.asc (1469 bytes).
Length: 1469 (1.4K)

     0K .                                                     100%  349K=0.004s

226 Transfer complete.
2017-06-26 00:00:08 (349 KB/s) - ‘./domain/INTERNIC_ROOT_ZONE.signatures.asc’ saved [1469]

Remote file is newer than local file ‘./domain/arpa.zone’ -- retrieving.

--2017-06-26 00:00:08--  ftp://ftp.internic.net/domain/arpa.zone
           => ‘./domain/arpa.zone’
==> CWD not required.
--> PASV

227 Entering Passive Mode (192,0,32,9,161,247)
--> RETR arpa.zone

150 Opening BINARY mode data connection for arpa.zone (15438 bytes).
Length: 15438 (15K)

     0K .......... .....                                      100% 1.33M=0.01s

226 Transfer complete.
2017-06-26 00:00:09 (1.33 MB/s) - ‘./domain/arpa.zone’ saved [15438]

The sizes do not match (local 6783) -- retrieving.

--2017-06-26 00:00:09--  ftp://ftp.internic.net/domain/arpa.zone.gz
           => ‘./domain/arpa.zone.gz’
==> CWD not required.
--> PASV

227 Entering Passive Mode (192,0,32,9,52,98)
--> RETR arpa.zone.gz

150 Opening BINARY mode data connection for arpa.zone.gz (6775 bytes).
Length: 6775 (6.6K)

     0K ......                                                100% 36.6K=0.2s

226 Transfer complete.
2017-06-26 00:00:10 (36.6 KB/s) - ‘./domain/arpa.zone.gz’ saved [6775]

Remote file is newer than local file ‘./domain/arpa.zone.gz.md5’ -- retrieving.

--2017-06-26 00:00:10--  ftp://ftp.internic.net/domain/arpa.zone.gz.md5
           => ‘./domain/arpa.zone.gz.md5’
==> CWD not required.
--> PASV

227 Entering Passive Mode (192,0,32,9,216,235)
--> RETR arpa.zone.gz.md5

150 Opening BINARY mode data connection for arpa.zone.gz.md5 (33 bytes).
Length: 33

     0K                                                       100%  258K=0s

226 Transfer complete.
2017-06-26 00:00:11 (258 KB/s) - ‘./domain/arpa.zone.gz.md5’ saved [33]

Remote file is newer than local file ‘./domain/arpa.zone.gz.sig’ -- retrieving.

--2017-06-26 00:00:11--  ftp://ftp.internic.net/domain/arpa.zone.gz.sig
           => ‘./domain/arpa.zone.gz.sig’
==> CWD not required.
--> PASV

227 Entering Passive Mode (192,0,32,9,118,154)
--> RETR arpa.zone.gz.sig

150 Opening BINARY mode data connection for arpa.zone.gz.sig (72 bytes).
Length: 72

     0K                                                       100% 60.3K=0.001s

226 Transfer complete.
2017-06-26 00:00:11 (60.3 KB/s) - ‘./domain/arpa.zone.gz.sig’ saved [72]

Remote file no newer than local file ‘./domain/db.cache’ -- not retrieving.
Remote file no newer than local file ‘./domain/db.cache.md5’ -- not retrieving.
Remote file no newer than local file ‘./domain/db.cache.sig’ -- not retrieving.
Remote file is newer than local file ‘./domain/in-addr.arpa’ -- retrieving.

--2017-06-26 00:00:11--  ftp://ftp.internic.net/domain/in-addr.arpa
           => ‘./domain/in-addr.arpa’
==> CWD not required.
--> PASV

227 Entering Passive Mode (192,0,32,9,41,10)
--> RETR in-addr.arpa

150 Opening BINARY mode data connection for in-addr.arpa (228753 bytes).
Length: 228753 (223K)

     0K .......... .......... .......... .......... .......... 22%  117K 1s
    50K .......... .......... .......... .......... .......... 44%  262K 1s
   100K .......... .......... .......... .......... .......... 67% 2.63M 0s
   150K .......... .......... .......... .......... .......... 89%  250K 0s
   200K .......... .......... ...                             100% 25.2M=0.8s

226 Transfer complete.
2017-06-26 00:00:13 (267 KB/s) - ‘./domain/in-addr.arpa’ saved [228753]

The sizes do not match (local 90610) -- retrieving.

--2017-06-26 00:00:13--  ftp://ftp.internic.net/domain/in-addr.arpa.gz
           => ‘./domain/in-addr.arpa.gz’
==> CWD not required.
--> PASV

227 Entering Passive Mode (192,0,32,9,197,153)
--> RETR in-addr.arpa.gz

150 Opening BINARY mode data connection for in-addr.arpa.gz (90687 bytes).
Length: 90687 (89K)

     0K .......... .......... .......... .......... .......... 56%  103K 0s
    50K .......... .......... .......... ........             100% 8.18M=0.5s

226 Transfer complete.
2017-06-26 00:00:14 (181 KB/s) - ‘./domain/in-addr.arpa.gz’ saved [90687]

Remote file is newer than local file ‘./domain/in-addr.arpa.gz.md5’ -- retrieving.

--2017-06-26 00:00:14--  ftp://ftp.internic.net/domain/in-addr.arpa.gz.md5
           => ‘./domain/in-addr.arpa.gz.md5’
==> CWD not required.
--> PASV

227 Entering Passive Mode (192,0,32,9,215,84)
--> RETR in-addr.arpa.gz.md5

150 Opening BINARY mode data connection for in-addr.arpa.gz.md5 (55 bytes).
Length: 55

     0K                                                       100% 1.22M=0s

226 Transfer complete.
2017-06-26 00:00:15 (1.22 MB/s) - ‘./domain/in-addr.arpa.gz.md5’ saved [55]

Remote file is newer than local file ‘./domain/in-addr.arpa.gz.sha256’ -- retrieving.

--2017-06-26 00:00:15--  ftp://ftp.internic.net/domain/in-addr.arpa.gz.sha256
           => ‘./domain/in-addr.arpa.gz.sha256’
==> CWD not required.
--> PASV

227 Entering Passive Mode (192,0,32,9,41,21)
--> RETR in-addr.arpa.gz.sha256

150 Opening BINARY mode data connection for in-addr.arpa.gz.sha256 (90 bytes).
Length: 90

     0K                                                       100%  732K=0s

226 Transfer complete.
2017-06-26 00:00:16 (732 KB/s) - ‘./domain/in-addr.arpa.gz.sha256’ saved [90]

Remote file is newer than local file ‘./domain/in-addr.arpa.md5’ -- retrieving.

--2017-06-26 00:00:16--  ftp://ftp.internic.net/domain/in-addr.arpa.md5
           => ‘./domain/in-addr.arpa.md5’
==> CWD not required.
--> PASV

227 Entering Passive Mode (192,0,32,9,42,67)
--> RETR in-addr.arpa.md5

150 Opening BINARY mode data connection for in-addr.arpa.md5 (52 bytes).
Length: 52

     0K                                                       100%  597K=0s

226 Transfer complete.
2017-06-26 00:00:17 (597 KB/s) - ‘./domain/in-addr.arpa.md5’ saved [52]

Remote file is newer than local file ‘./domain/in-addr.arpa.sha256’ -- retrieving.

--2017-06-26 00:00:17--  ftp://ftp.internic.net/domain/in-addr.arpa.sha256
           => ‘./domain/in-addr.arpa.sha256’
==> CWD not required.
--> PASV

227 Entering Passive Mode (192,0,32,9,4,167)
--> RETR in-addr.arpa.sha256

150 Opening BINARY mode data connection for in-addr.arpa.sha256 (87 bytes).
Length: 87

     0K                                                       100% 1.89M=0s

226 Transfer complete.
2017-06-26 00:00:18 (1.89 MB/s) - ‘./domain/in-addr.arpa.sha256’ saved [87]

Remote file is newer than local file ‘./domain/in-addr.arpa.zone’ -- retrieving.

--2017-06-26 00:00:18--  ftp://ftp.internic.net/domain/in-addr.arpa.zone
           => ‘./domain/in-addr.arpa.zone’
==> CWD not required.
--> PASV

227 Entering Passive Mode (192,0,32,9,49,242)
--> RETR in-addr.arpa.zone

150 Opening BINARY mode data connection for in-addr.arpa.zone (228753 bytes).
Length: 228753 (223K)

     0K .......... .......... .......... .......... .......... 22%  113K 2s
    50K .......... .......... .......... .......... .......... 44%  245K 1s
   100K .......... .......... .......... .......... .......... 67% 2.56M 0s
   150K .......... .......... .......... .......... .......... 89%  260K 0s
   200K .......... .......... ...                             100% 1.24M=0.9s

226 Transfer complete.
2017-06-26 00:00:19 (255 KB/s) - ‘./domain/in-addr.arpa.zone’ saved [228753]

The sizes do not match (local 90610) -- retrieving.

--2017-06-26 00:00:19--  ftp://ftp.internic.net/domain/in-addr.arpa.zone.gz
           => ‘./domain/in-addr.arpa.zone.gz’
==> CWD not required.
--> PASV

227 Entering Passive Mode (192,0,32,9,243,85)
--> RETR in-addr.arpa.zone.gz

150 Opening BINARY mode data connection for in-addr.arpa.zone.gz (90687 bytes).
Length: 90687 (89K)

     0K .......... .......... .......... .......... .......... 56%  106K 0s
    50K .......... .......... .......... ........             100% 5.42M=0.5s

226 Transfer complete.
2017-06-26 00:00:21 (185 KB/s) - ‘./domain/in-addr.arpa.zone.gz’ saved [90687]

Remote file is newer than local file ‘./domain/in-addr.arpa.zone.gz.md5’ -- retrieving.

--2017-06-26 00:00:21--  ftp://ftp.internic.net/domain/in-addr.arpa.zone.gz.md5
           => ‘./domain/in-addr.arpa.zone.gz.md5’
==> CWD not required.
--> PASV

227 Entering Passive Mode (192,0,32,9,52,34)
--> RETR in-addr.arpa.zone.gz.md5

150 Opening BINARY mode data connection for in-addr.arpa.zone.gz.md5 (60 bytes).
Length: 60

     0K                                                       100%  275K=0s

226 Transfer complete.
2017-06-26 00:00:21 (275 KB/s) - ‘./domain/in-addr.arpa.zone.gz.md5’ saved [60]

Remote file is newer than local file ‘./domain/in-addr.arpa.zone.gz.sha256’ -- retrieving.

--2017-06-26 00:00:21--  ftp://ftp.internic.net/domain/in-addr.arpa.zone.gz.sha256
           => ‘./domain/in-addr.arpa.zone.gz.sha256’
==> CWD not required.
--> PASV

227 Entering Passive Mode (192,0,32,9,41,138)
--> RETR in-addr.arpa.zone.gz.sha256

150 Opening BINARY mode data connection for in-addr.arpa.zone.gz.sha256 (95 bytes).
Length: 95

     0K                                                       100%  966K=0s

226 Transfer complete.
2017-06-26 00:00:22 (966 KB/s) - ‘./domain/in-addr.arpa.zone.gz.sha256’ saved [95]

Remote file is newer than local file ‘./domain/in-addr.arpa.zone.md5’ -- retrieving.

--2017-06-26 00:00:22--  ftp://ftp.internic.net/domain/in-addr.arpa.zone.md5
           => ‘./domain/in-addr.arpa.zone.md5’
==> CWD not required.
--> PASV

227 Entering Passive Mode (192,0,32,9,249,48)
--> RETR in-addr.arpa.zone.md5

150 Opening BINARY mode data connection for in-addr.arpa.zone.md5 (57 bytes).
Length: 57

     0K                                                       100%  113K=0s

226 Transfer complete.
2017-06-26 00:00:23 (113 KB/s) - ‘./domain/in-addr.arpa.zone.md5’ saved [57]

Remote file is newer than local file ‘./domain/in-addr.arpa.zone.sha256’ -- retrieving.

--2017-06-26 00:00:23--  ftp://ftp.internic.net/domain/in-addr.arpa.zone.sha256
           => ‘./domain/in-addr.arpa.zone.sha256’
==> CWD not required.
--> PASV

227 Entering Passive Mode (192,0,32,9,16,3)
--> RETR in-addr.arpa.zone.sha256

150 Opening BINARY mode data connection for in-addr.arpa.zone.sha256 (92 bytes).
Length: 92

     0K                                                       100%  730K=0s

226 Transfer complete.
2017-06-26 00:00:24 (730 KB/s) - ‘./domain/in-addr.arpa.zone.sha256’ saved [92]

Remote file is newer than local file ‘./domain/ip6.arpa’ -- retrieving.

--2017-06-26 00:00:24--  ftp://ftp.internic.net/domain/ip6.arpa
           => ‘./domain/ip6.arpa’
==> CWD not required.
--> PASV

227 Entering Passive Mode (192,0,32,9,16,3)
--> RETR ip6.arpa

150 Opening BINARY mode data connection for ip6.arpa (61264 bytes).
Length: 61264 (60K)

     0K .......... .......... .......... .......... .......... 83%  126K 0s
    50K .........                                             100% 23.8M=0.4s

226 Transfer complete.
2017-06-26 00:00:25 (150 KB/s) - ‘./domain/ip6.arpa’ saved [61264]

The sizes do not match (local 24355) -- retrieving.

--2017-06-26 00:00:25--  ftp://ftp.internic.net/domain/ip6.arpa.gz
           => ‘./domain/ip6.arpa.gz’
==> CWD not required.
--> PASV

227 Entering Passive Mode (192,0,32,9,41,10)
--> RETR ip6.arpa.gz

150 Opening BINARY mode data connection for ip6.arpa.gz (24336 bytes).
Length: 24336 (24K)

     0K .......... .......... ...                             100% 99.2K=0.2s

226 Transfer complete.
2017-06-26 00:00:26 (99.2 KB/s) - ‘./domain/ip6.arpa.gz’ saved [24336]

Remote file is newer than local file ‘./domain/ip6.arpa.gz.md5’ -- retrieving.

--2017-06-26 00:00:26--  ftp://ftp.internic.net/domain/ip6.arpa.gz.md5
           => ‘./domain/ip6.arpa.gz.md5’
==> CWD not required.
--> PASV

227 Entering Passive Mode (192,0,32,9,126,13)
--> RETR ip6.arpa.gz.md5

150 Opening BINARY mode data connection for ip6.arpa.gz.md5 (51 bytes).
Length: 51

     0K                                                       100%  682K=0s

226 Transfer complete.
2017-06-26 00:00:27 (682 KB/s) - ‘./domain/ip6.arpa.gz.md5’ saved [51]

Remote file is newer than local file ‘./domain/ip6.arpa.gz.sha256’ -- retrieving.

--2017-06-26 00:00:27--  ftp://ftp.internic.net/domain/ip6.arpa.gz.sha256
           => ‘./domain/ip6.arpa.gz.sha256’
==> CWD not required.
--> PASV

227 Entering Passive Mode (192,0,32,9,227,16)
--> RETR ip6.arpa.gz.sha256

150 Opening BINARY mode data connection for ip6.arpa.gz.sha256 (86 bytes).
Length: 86

     0K                                                       100%  677K=0s

226 Transfer complete.
2017-06-26 00:00:28 (677 KB/s) - ‘./domain/ip6.arpa.gz.sha256’ saved [86]

Remote file is newer than local file ‘./domain/ip6.arpa.md5’ -- retrieving.

--2017-06-26 00:00:28--  ftp://ftp.internic.net/domain/ip6.arpa.md5
           => ‘./domain/ip6.arpa.md5’
==> CWD not required.
--> PASV

227 Entering Passive Mode (192,0,32,9,166,170)
--> RETR ip6.arpa.md5

150 Opening BINARY mode data connection for ip6.arpa.md5 (48 bytes).
Length: 48

     0K                                                       100%  401K=0s

226 Transfer complete.
2017-06-26 00:00:28 (401 KB/s) - ‘./domain/ip6.arpa.md5’ saved [48]

Remote file is newer than local file ‘./domain/ip6.arpa.sha256’ -- retrieving.

--2017-06-26 00:00:29--  ftp://ftp.internic.net/domain/ip6.arpa.sha256
           => ‘./domain/ip6.arpa.sha256’
==> CWD not required.
--> PASV

227 Entering Passive Mode (192,0,32,9,19,138)
--> RETR ip6.arpa.sha256

150 Opening BINARY mode data connection for ip6.arpa.sha256 (83 bytes).
Length: 83

     0K                                                       100% 1.68M=0s

226 Transfer complete.
2017-06-26 00:00:29 (1.68 MB/s) - ‘./domain/ip6.arpa.sha256’ saved [83]

Remote file is newer than local file ‘./domain/ip6.arpa.zone’ -- retrieving.

--2017-06-26 00:00:29--  ftp://ftp.internic.net/domain/ip6.arpa.zone
           => ‘./domain/ip6.arpa.zone’
==> CWD not required.
--> PASV

227 Entering Passive Mode (192,0,32,9,229,41)
--> RETR ip6.arpa.zone

150 Opening BINARY mode data connection for ip6.arpa.zone (61264 bytes).
Length: 61264 (60K)

     0K .......... .......... .......... .......... .......... 83%  126K 0s
    50K .........                                             100% 58.6K=0.6s

226 Transfer complete.
2017-06-26 00:00:31 (106 KB/s) - ‘./domain/ip6.arpa.zone’ saved [61264]

The sizes do not match (local 24355) -- retrieving.

--2017-06-26 00:00:31--  ftp://ftp.internic.net/domain/ip6.arpa.zone.gz
           => ‘./domain/ip6.arpa.zone.gz’
==> CWD not required.
--> PASV

227 Entering Passive Mode (192,0,32,9,166,229)
--> RETR ip6.arpa.zone.gz

150 Opening BINARY mode data connection for ip6.arpa.zone.gz (24336 bytes).
Length: 24336 (24K)

     0K .......... .......... ...                             100%  122K=0.2s

226 Transfer complete.
2017-06-26 00:00:32 (122 KB/s) - ‘./domain/ip6.arpa.zone.gz’ saved [24336]

Remote file is newer than local file ‘./domain/ip6.arpa.zone.gz.md5’ -- retrieving.

--2017-06-26 00:00:32--  ftp://ftp.internic.net/domain/ip6.arpa.zone.gz.md5
           => ‘./domain/ip6.arpa.zone.gz.md5’
==> CWD not required.
--> PASV

227 Entering Passive Mode (192,0,32,9,177,162)
--> RETR ip6.arpa.zone.gz.md5

150 Opening BINARY mode data connection for ip6.arpa.zone.gz.md5 (56 bytes).
Length: 56

     0K                                                       100%  463K=0s

226 Transfer complete.
2017-06-26 00:00:32 (463 KB/s) - ‘./domain/ip6.arpa.zone.gz.md5’ saved [56]

Remote file is newer than local file ‘./domain/ip6.arpa.zone.gz.sha256’ -- retrieving.

--2017-06-26 00:00:32--  ftp://ftp.internic.net/domain/ip6.arpa.zone.gz.sha256
           => ‘./domain/ip6.arpa.zone.gz.sha256’
==> CWD not required.
--> PASV

227 Entering Passive Mode (192,0,32,9,33,87)
--> RETR ip6.arpa.zone.gz.sha256

150 Opening BINARY mode data connection for ip6.arpa.zone.gz.sha256 (91 bytes).
Length: 91

     0K                                                       100%  722K=0s

226 Transfer complete.
2017-06-26 00:00:33 (722 KB/s) - ‘./domain/ip6.arpa.zone.gz.sha256’ saved [91]

Remote file is newer than local file ‘./domain/ip6.arpa.zone.md5’ -- retrieving.

--2017-06-26 00:00:33--  ftp://ftp.internic.net/domain/ip6.arpa.zone.md5
           => ‘./domain/ip6.arpa.zone.md5’
==> CWD not required.
--> PASV

227 Entering Passive Mode (192,0,32,9,41,85)
--> RETR ip6.arpa.zone.md5

150 Opening BINARY mode data connection for ip6.arpa.zone.md5 (53 bytes).
Length: 53

     0K                                                       100%  417K=0s

226 Transfer complete.
2017-06-26 00:00:34 (417 KB/s) - ‘./domain/ip6.arpa.zone.md5’ saved [53]

Remote file is newer than local file ‘./domain/ip6.arpa.zone.sha256’ -- retrieving.

--2017-06-26 00:00:34--  ftp://ftp.internic.net/domain/ip6.arpa.zone.sha256
           => ‘./domain/ip6.arpa.zone.sha256’
==> CWD not required.
--> PASV

227 Entering Passive Mode (192,0,32,9,243,74)
--> RETR ip6.arpa.zone.sha256

150 Opening BINARY mode data connection for ip6.arpa.zone.sha256 (88 bytes).
Length: 88

     0K                                                       100%  693K=0s

226 Transfer complete.
2017-06-26 00:00:35 (693 KB/s) - ‘./domain/ip6.arpa.zone.sha256’ saved [88]

Remote file is newer than local file ‘./domain/last_update.txt’ -- retrieving.

--2017-06-26 00:00:35--  ftp://ftp.internic.net/domain/last_update.txt
           => ‘./domain/last_update.txt’
==> CWD not required.
--> PASV

227 Entering Passive Mode (192,0,32,9,58,137)
--> RETR last_update.txt

150 Opening BINARY mode data connection for last_update.txt (21 bytes).
Length: 21

     0K                                                       100%  174K=0s

226 Transfer complete.
2017-06-26 00:00:36 (174 KB/s) - ‘./domain/last_update.txt’ saved [21]

Remote file no newer than local file ‘./domain/named.cache’ -- not retrieving.
Remote file no newer than local file ‘./domain/named.cache.md5’ -- not retrieving.
Remote file no newer than local file ‘./domain/named.cache.sig’ -- not retrieving.
Remote file no newer than local file ‘./domain/named.root’ -- not retrieving.
Remote file no newer than local file ‘./domain/named.root.md5’ -- not retrieving.
Remote file no newer than local file ‘./domain/named.root.sig’ -- not retrieving.
Remote file no newer than local file ‘./domain/root-servers.net.zone’ -- not retrieving.
Remote file no newer than local file ‘./domain/root-servers.net.zone.gz’ -- not retrieving.
Remote file no newer than local file ‘./domain/root-servers.net.zone.gz.md5’ -- not retrieving.
Remote file no newer than local file ‘./domain/root-servers.net.zone.gz.sig’ -- not retrieving.
The sizes do not match (local 2240631) -- retrieving.

--2017-06-26 00:00:36--  ftp://ftp.internic.net/domain/root.zone
           => ‘./domain/root.zone’
==> CWD not required.
--> PASV

227 Entering Passive Mode (192,0,32,9,41,175)
--> RETR root.zone

150 Opening BINARY mode data connection for root.zone (2241041 bytes).
Length: 2241041 (2.1M)

     0K .......... .......... .......... .......... ..........  2%  120K 18s
    50K .......... .......... .......... .......... ..........  4%  282K 12s
   100K .......... .......... .......... .......... ..........  6% 1.83M 8s
   150K .......... .......... .......... .......... ..........  9%  235K 8s
   200K .......... .......... .......... .......... .......... 11%  280K 8s
   250K .......... .......... .......... .......... .......... 13%  224K 8s
   300K .......... .......... .......... .......... .......... 15% 2.09M 7s
   350K .......... .......... .......... .......... .......... 18%  276K 6s
   400K .......... .......... .......... .......... .......... 20% 2.18M 6s
   450K .......... .......... .......... .......... .......... 22%  281K 6s
   500K .......... .......... .......... .......... .......... 25% 2.88M 5s
   550K .......... .......... .......... .......... .......... 27%  256K 5s
   600K .......... .......... .......... .......... .......... 29% 4.89M 4s
   650K .......... .......... .......... .......... .......... 31%  284K 4s
   700K .......... .......... .......... .......... .......... 34% 1.74M 4s
   750K .......... .......... .......... .......... .......... 36%  334K 4s
   800K .......... .......... .......... .......... .......... 38% 1.43M 4s
   850K .......... .......... .......... .......... .......... 41%  402K 3s
   900K .......... .......... .......... .......... .......... 43% 1.04M 3s
   950K .......... .......... .......... .......... .......... 45% 1.32M 3s
  1000K .......... .......... .......... .......... .......... 47%  471K 3s
  1050K .......... .......... .......... .......... .......... 50% 1.03M 3s
  1100K .......... .......... .......... .......... .......... 52%  498K 2s
  1150K .......... .......... .......... .......... .......... 54% 1.23M 2s
  1200K .......... .......... .......... .......... .......... 57%  712K 2s
  1250K .......... .......... .......... .......... .......... 59%  673K 2s
  1300K .......... .......... .......... .......... .......... 61%  728K 2s
  1350K .......... .......... .......... .......... .......... 63% 1.50M 2s
  1400K .......... .......... .......... .......... .......... 66%  655K 2s
  1450K .......... .......... .......... .......... .......... 68%  755K 1s
  1500K .......... .......... .......... .......... .......... 70% 1.29M 1s
  1550K .......... .......... .......... .......... .......... 73%  736K 1s
  1600K .......... .......... .......... .......... .......... 75%  777K 1s
  1650K .......... .......... .......... .......... .......... 77% 1.20M 1s
  1700K .......... .......... .......... .......... .......... 79%  794K 1s
  1750K .......... .......... .......... .......... .......... 82%  811K 1s
  1800K .......... .......... .......... .......... .......... 84% 1.17M 1s
  1850K .......... .......... .......... .......... .......... 86%  818K 1s
  1900K .......... .......... .......... .......... .......... 89% 1.52M 0s
  1950K .......... .......... .......... .......... .......... 91%  823K 0s
  2000K .......... .......... .......... .......... .......... 93% 1.23M 0s
  2050K .......... .......... .......... .......... .......... 95%  900K 0s
  2100K .......... .......... .......... .......... .......... 98%  867K 0s
  2150K .......... .......... .......... ........             100% 1.42M=3.9s

226 Transfer complete.
2017-06-26 00:00:41 (568 KB/s) - ‘./domain/root.zone’ saved [2241041]

The sizes do not match (local 1052096) -- retrieving.

--2017-06-26 00:00:41--  ftp://ftp.internic.net/domain/root.zone.gz
           => ‘./domain/root.zone.gz’
==> CWD not required.
--> PASV

227 Entering Passive Mode (192,0,32,9,41,229)
--> RETR root.zone.gz

150 Opening BINARY mode data connection for root.zone.gz (1052107 bytes).
Length: 1052107 (1.0M)

     0K .......... .......... .......... .......... ..........  4%  117K 8s
    50K .......... .......... .......... .......... ..........  9%  321K 5s
   100K .......... .......... .......... .......... .......... 14%  877K 4s
   150K .......... .......... .......... .......... .......... 19%  269K 3s
   200K .......... .......... .......... .......... .......... 24%  267K 3s
   250K .......... .......... .......... .......... .......... 29%  312K 3s
   300K .......... .......... .......... .......... .......... 34% 1.40M 2s
   350K .......... .......... .......... .......... .......... 38%  336K 2s
   400K .......... .......... .......... .......... .......... 43% 1.39M 2s
   450K .......... .......... .......... .......... .......... 48%  343K 2s
   500K .......... .......... .......... .......... .......... 53% 1.26M 1s
   550K .......... .......... .......... .......... .......... 58%  302K 1s
   600K .......... .......... .......... .......... .......... 63% 2.59M 1s
   650K .......... .......... .......... .......... .......... 68%  262K 1s
   700K .......... .......... .......... .......... .......... 72% 3.06M 1s
   750K .......... .......... .......... .......... .......... 77%  321K 1s
   800K .......... .......... .......... .......... .......... 82% 1.39M 0s
   850K .......... .......... .......... .......... .......... 87% 1.30M 0s
   900K .......... .......... .......... .......... .......... 92%  399K 0s
   950K .......... .......... .......... .......... .......... 97% 1.27M 0s
  1000K .......... .......... .......                         100% 1.84M=2.4s

226 Transfer complete.
2017-06-26 00:00:44 (433 KB/s) - ‘./domain/root.zone.gz’ saved [1052107]

Remote file is newer than local file ‘./domain/root.zone.gz.md5’ -- retrieving.

--2017-06-26 00:00:44--  ftp://ftp.internic.net/domain/root.zone.gz.md5
           => ‘./domain/root.zone.gz.md5’
==> CWD not required.
--> PASV

227 Entering Passive Mode (192,0,32,9,110,39)
--> RETR root.zone.gz.md5

150 Opening BINARY mode data connection for root.zone.gz.md5 (33 bytes).
Length: 33

     0K                                                       100%  749K=0s

226 Transfer complete.
2017-06-26 00:00:44 (749 KB/s) - ‘./domain/root.zone.gz.md5’ saved [33]

Remote file is newer than local file ‘./domain/root.zone.gz.sig’ -- retrieving.

--2017-06-26 00:00:45--  ftp://ftp.internic.net/domain/root.zone.gz.sig
           => ‘./domain/root.zone.gz.sig’
==> CWD not required.
--> PASV

227 Entering Passive Mode (192,0,32,9,41,223)
--> RETR root.zone.gz.sig

150 Opening BINARY mode data connection for root.zone.gz.sig (72 bytes).
Length: 72

     0K                                                       100%  591K=0s

226 Transfer complete.
2017-06-26 00:00:45 (591 KB/s) - ‘./domain/root.zone.gz.sig’ saved [72]

Remote file is newer than local file ‘./domain/root.zone.md5’ -- retrieving.

--2017-06-26 00:00:45--  ftp://ftp.internic.net/domain/root.zone.md5
           => ‘./domain/root.zone.md5’
==> CWD not required.
--> PASV

227 Entering Passive Mode (192,0,32,9,84,194)
--> RETR root.zone.md5

150 Opening BINARY mode data connection for root.zone.md5 (33 bytes).
Length: 33

     0K                                                       100%  269K=0s

226 Transfer complete.
2017-06-26 00:00:46 (269 KB/s) - ‘./domain/root.zone.md5’ saved [33]

Remote file is newer than local file ‘./domain/root.zone.sig’ -- retrieving.

--2017-06-26 00:00:46--  ftp://ftp.internic.net/domain/root.zone.sig
           => ‘./domain/root.zone.sig’
==> CWD not required.
--> PASV

227 Entering Passive Mode (192,0,32,9,34,206)
--> RETR root.zone.sig

150 Opening BINARY mode data connection for root.zone.sig (72 bytes).
Length: 72

     0K                                                       100%  323K=0s

226 Transfer complete.
2017-06-26 00:00:50 (323 KB/s) - ‘./domain/root.zone.sig’ saved [72]

FINISHED --2017-06-26 00:00:50--
Total wall clock time: 48s
Downloaded: 40 files, 3.9M in 11s (383 KB/s)
