--2017-08-10 00:00:09--  ftp://ftp.internic.net/*
           => ‘./.listing’
Resolving ftp.internic.net (ftp.internic.net)... 192.0.32.9, 2620:0:2d0:200::9
Connecting to ftp.internic.net (ftp.internic.net)|192.0.32.9|:21... connected.
Logging in as anonymous ... 
220 Internic FTP Server
--> USER anonymous

331 Please specify the password.
--> PASS Turtle Power!

230 Login successful.
--> SYST

215 UNIX Type: L8
--> PWD

257 "/"
--> TYPE I

200 Switching to Binary mode.
==> CWD not needed.
--> PASV

227 Entering Passive Mode (192,0,32,9,94,253)
--> LIST -a

150 Here comes the directory listing.

     0K                                                        2.39M=0s

226 Directory send OK.
drwxr-xr-x    3 ftp      ftp          4096 Apr 04  2012 .
drwxr-xr-x    3 ftp      ftp          4096 Apr 04  2012 ..
drwxr-xr-x    2 ftp      ftp          4096 Sep 09  2015 domain
2017-08-10 00:00:14 (2.39 MB/s) - ‘./.listing’ saved [183]

--2017-08-10 00:00:14--  ftp://ftp.internic.net/domain/*
           => ‘./domain/.listing’
--> CWD /domain

250 Directory successfully changed.
--> PASV

227 Entering Passive Mode (192,0,32,9,123,114)
--> LIST -a

150 Here comes the directory listing.

     0K ...                                                    96.4K=0.04s

226 Directory send OK.
drwxr-xr-x    2 ftp      ftp          4096 Sep 09  2015 .
drwxr-xr-x    3 ftp      ftp          4096 Apr 04  2012 ..
-rw-r--r--    1 ftp      ftp          1829 Aug 18  2015 .listing
-rw-r--r--    1 ftp      ftp          1224 Aug 09 12:50 INTERNIC_ROOT_ZONE.signatures
-rw-r--r--    1 ftp      ftp          1469 Aug 09 12:50 INTERNIC_ROOT_ZONE.signatures.asc
-rw-r--r--    1 ftp      ftp         15228 Aug 09 12:50 arpa.zone
-rw-r--r--    1 ftp      ftp          6642 Aug 09 12:50 arpa.zone.gz
-rw-r--r--    1 ftp      ftp            33 Aug 09 12:50 arpa.zone.gz.md5
-rw-r--r--    1 ftp      ftp            72 Aug 09 12:50 arpa.zone.gz.sig
-rw-r--r--    1 ftp      ftp          3314 Jul 26 14:54 db.cache
-rw-r--r--    1 ftp      ftp            33 Jul 26 14:54 db.cache.md5
-rw-r--r--    1 ftp      ftp            72 Jul 26 14:54 db.cache.sig
-rw-r--r--    1 ftp      ftp        228780 Aug 09 15:41 in-addr.arpa
-rw-r--r--    1 ftp      ftp         91049 Aug 09 15:41 in-addr.arpa.gz
-rw-r--r--    1 ftp      ftp            55 Aug 09 15:41 in-addr.arpa.gz.md5
-rw-r--r--    1 ftp      ftp            90 Aug 09 15:41 in-addr.arpa.gz.sha256
-rw-r--r--    1 ftp      ftp            52 Aug 09 15:41 in-addr.arpa.md5
-rw-r--r--    1 ftp      ftp            87 Aug 09 15:41 in-addr.arpa.sha256
-rw-r--r--    1 ftp      ftp        228780 Aug 09 15:41 in-addr.arpa.zone
-rw-r--r--    1 ftp      ftp         91049 Aug 09 15:41 in-addr.arpa.zone.gz
-rw-r--r--    1 ftp      ftp            60 Aug 09 15:41 in-addr.arpa.zone.gz.md5
-rw-r--r--    1 ftp      ftp            95 Aug 09 15:41 in-addr.arpa.zone.gz.sha256
-rw-r--r--    1 ftp      ftp            57 Aug 09 15:41 in-addr.arpa.zone.md5
-rw-r--r--    1 ftp      ftp            92 Aug 09 15:41 in-addr.arpa.zone.sha256
-rw-r--r--    1 ftp      ftp         61406 Aug 09 15:41 ip6.arpa
-rw-r--r--    1 ftp      ftp         24532 Aug 09 15:41 ip6.arpa.gz
-rw-r--r--    1 ftp      ftp            51 Aug 09 15:41 ip6.arpa.gz.md5
-rw-r--r--    1 ftp      ftp            86 Aug 09 15:41 ip6.arpa.gz.sha256
-rw-r--r--    1 ftp      ftp            48 Aug 09 15:41 ip6.arpa.md5
-rw-r--r--    1 ftp      ftp            83 Aug 09 15:41 ip6.arpa.sha256
-rw-r--r--    1 ftp      ftp         61406 Aug 09 15:41 ip6.arpa.zone
-rw-r--r--    1 ftp      ftp         24532 Aug 09 15:41 ip6.arpa.zone.gz
-rw-r--r--    1 ftp      ftp            56 Aug 09 15:41 ip6.arpa.zone.gz.md5
-rw-r--r--    1 ftp      ftp            91 Aug 09 15:41 ip6.arpa.zone.gz.sha256
-rw-r--r--    1 ftp      ftp            53 Aug 09 15:41 ip6.arpa.zone.md5
-rw-r--r--    1 ftp      ftp            88 Aug 09 15:41 ip6.arpa.zone.sha256
-rw-r--r--    1 ftp      ftp            21 Aug 09 15:41 last_update.txt
-rw-r--r--    1 ftp      ftp          3314 Jul 26 14:54 named.cache
-rw-r--r--    1 ftp      ftp            33 Jul 26 14:54 named.cache.md5
-rw-r--r--    1 ftp      ftp            72 Jul 26 14:54 named.cache.sig
-rw-r--r--    1 ftp      ftp          3314 Jul 26 14:54 named.root
-rw-r--r--    1 ftp      ftp            33 Jul 26 14:54 named.root.md5
-rw-r--r--    1 ftp      ftp            72 Jul 26 14:54 named.root.sig
-rw-r--r--    1 ftp      ftp          2111 Jul 26 14:53 root-servers.net.zone
-rw-r--r--    1 ftp      ftp           573 Jul 26 14:53 root-servers.net.zone.gz
-rw-r--r--    1 ftp      ftp            33 Jul 26 14:53 root-servers.net.zone.gz.md5
-rw-r--r--    1 ftp      ftp            72 Jul 26 14:53 root-servers.net.zone.gz.sig
-rw-r--r--    1 ftp      ftp       2263568 Aug 09 05:13 root.zone
-rw-r--r--    1 ftp      ftp       1063083 Aug 09 05:13 root.zone.gz
-rw-r--r--    1 ftp      ftp            33 Aug 09 05:13 root.zone.gz.md5
-rw-r--r--    1 ftp      ftp            72 Aug 09 05:13 root.zone.gz.sig
-rw-r--r--    1 ftp      ftp            33 Aug 09 05:13 root.zone.md5
-rw-r--r--    1 ftp      ftp            72 Aug 09 05:13 root.zone.sig
2017-08-10 00:00:15 (96.4 KB/s) - ‘./domain/.listing’ saved [3930]

The sizes do not match (local 3930) -- retrieving.

--2017-08-10 00:00:15--  ftp://ftp.internic.net/domain/.listing
           => ‘./domain/.listing’
==> CWD not required.
--> PASV

227 Entering Passive Mode (192,0,32,9,42,169)
--> RETR .listing

150 Opening BINARY mode data connection for .listing (1829 bytes).
Length: 1829 (1.8K)

     0K .                                                     100% 22.4M=0s

226 Transfer complete.
2017-08-10 00:00:17 (22.4 MB/s) - ‘./domain/.listing’ saved [1829]

Remote file is newer than local file ‘./domain/INTERNIC_ROOT_ZONE.signatures’ -- retrieving.

--2017-08-10 00:00:17--  ftp://ftp.internic.net/domain/INTERNIC_ROOT_ZONE.signatures
           => ‘./domain/INTERNIC_ROOT_ZONE.signatures’
==> CWD not required.
--> PASV

227 Entering Passive Mode (192,0,32,9,41,16)
--> RETR INTERNIC_ROOT_ZONE.signatures

150 Opening BINARY mode data connection for INTERNIC_ROOT_ZONE.signatures (1224 bytes).
Length: 1224 (1.2K)

     0K .                                                     100%  750K=0.002s

226 Transfer complete.
2017-08-10 00:00:18 (750 KB/s) - ‘./domain/INTERNIC_ROOT_ZONE.signatures’ saved [1224]

Remote file is newer than local file ‘./domain/INTERNIC_ROOT_ZONE.signatures.asc’ -- retrieving.

--2017-08-10 00:00:18--  ftp://ftp.internic.net/domain/INTERNIC_ROOT_ZONE.signatures.asc
           => ‘./domain/INTERNIC_ROOT_ZONE.signatures.asc’
==> CWD not required.
--> PASV

227 Entering Passive Mode (192,0,32,9,42,236)
--> RETR INTERNIC_ROOT_ZONE.signatures.asc

150 Opening BINARY mode data connection for INTERNIC_ROOT_ZONE.signatures.asc (1469 bytes).
Length: 1469 (1.4K)

     0K .                                                     100%  103K=0.01s

226 Transfer complete.
2017-08-10 00:00:19 (103 KB/s) - ‘./domain/INTERNIC_ROOT_ZONE.signatures.asc’ saved [1469]

Remote file is newer than local file ‘./domain/arpa.zone’ -- retrieving.

--2017-08-10 00:00:19--  ftp://ftp.internic.net/domain/arpa.zone
           => ‘./domain/arpa.zone’
==> CWD not required.
--> PASV

227 Entering Passive Mode (192,0,32,9,45,238)
--> RETR arpa.zone

150 Opening BINARY mode data connection for arpa.zone (15228 bytes).
Length: 15228 (15K)

     0K .......... ....                                       100% 27.1M=0.001s

226 Transfer complete.
2017-08-10 00:00:21 (27.1 MB/s) - ‘./domain/arpa.zone’ saved [15228]

The sizes do not match (local 6645) -- retrieving.

--2017-08-10 00:00:21--  ftp://ftp.internic.net/domain/arpa.zone.gz
           => ‘./domain/arpa.zone.gz’
==> CWD not required.
--> PASV

227 Entering Passive Mode (192,0,32,9,134,133)
--> RETR arpa.zone.gz

150 Opening BINARY mode data connection for arpa.zone.gz (6642 bytes).
Length: 6642 (6.5K)

     0K ......                                                100% 1.33M=0.005s

226 Transfer complete.
2017-08-10 00:00:22 (1.33 MB/s) - ‘./domain/arpa.zone.gz’ saved [6642]

Remote file is newer than local file ‘./domain/arpa.zone.gz.md5’ -- retrieving.

--2017-08-10 00:00:22--  ftp://ftp.internic.net/domain/arpa.zone.gz.md5
           => ‘./domain/arpa.zone.gz.md5’
==> CWD not required.
--> PASV

227 Entering Passive Mode (192,0,32,9,39,116)
--> RETR arpa.zone.gz.md5

150 Opening BINARY mode data connection for arpa.zone.gz.md5 (33 bytes).
Length: 33

     0K                                                       100%  435K=0s

226 Transfer complete.
2017-08-10 00:00:23 (435 KB/s) - ‘./domain/arpa.zone.gz.md5’ saved [33]

Remote file is newer than local file ‘./domain/arpa.zone.gz.sig’ -- retrieving.

--2017-08-10 00:00:23--  ftp://ftp.internic.net/domain/arpa.zone.gz.sig
           => ‘./domain/arpa.zone.gz.sig’
==> CWD not required.
--> PASV

227 Entering Passive Mode (192,0,32,9,176,9)
--> RETR arpa.zone.gz.sig

150 Opening BINARY mode data connection for arpa.zone.gz.sig (72 bytes).
Length: 72

     0K                                                       100%  925K=0s

226 Transfer complete.
2017-08-10 00:00:24 (925 KB/s) - ‘./domain/arpa.zone.gz.sig’ saved [72]

Remote file no newer than local file ‘./domain/db.cache’ -- not retrieving.
Remote file no newer than local file ‘./domain/db.cache.md5’ -- not retrieving.
Remote file no newer than local file ‘./domain/db.cache.sig’ -- not retrieving.
Remote file is newer than local file ‘./domain/in-addr.arpa’ -- retrieving.

--2017-08-10 00:00:24--  ftp://ftp.internic.net/domain/in-addr.arpa
           => ‘./domain/in-addr.arpa’
==> CWD not required.
--> PASV

227 Entering Passive Mode (192,0,32,9,126,135)
--> RETR in-addr.arpa

150 Opening BINARY mode data connection for in-addr.arpa (228780 bytes).
Length: 228780 (223K)

     0K .......... .......... .......... .......... .......... 22% 81.1K 2s
    50K .......... .......... .......... .......... .......... 44%  164K 1s
   100K .......... .......... .......... .......... .......... 67%  157K 1s
   150K .......... .......... .......... .......... .......... 89%  182K 0s
   200K .......... .......... ...                             100% 3.77M=1.5s

226 Transfer complete.
2017-08-10 00:00:27 (147 KB/s) - ‘./domain/in-addr.arpa’ saved [228780]

The sizes do not match (local 90990) -- retrieving.

--2017-08-10 00:00:27--  ftp://ftp.internic.net/domain/in-addr.arpa.gz
           => ‘./domain/in-addr.arpa.gz’
==> CWD not required.
--> PASV

227 Entering Passive Mode (192,0,32,9,214,128)
--> RETR in-addr.arpa.gz

150 Opening BINARY mode data connection for in-addr.arpa.gz (91049 bytes).
Length: 91049 (89K)

     0K .......... .......... .......... .......... .......... 56% 82.7K 0s
    50K .......... .......... .......... ........             100% 9.12M=0.6s

226 Transfer complete.
2017-08-10 00:00:29 (146 KB/s) - ‘./domain/in-addr.arpa.gz’ saved [91049]

Remote file is newer than local file ‘./domain/in-addr.arpa.gz.md5’ -- retrieving.

--2017-08-10 00:00:29--  ftp://ftp.internic.net/domain/in-addr.arpa.gz.md5
           => ‘./domain/in-addr.arpa.gz.md5’
==> CWD not required.
--> PASV

227 Entering Passive Mode (192,0,32,9,42,67)
--> RETR in-addr.arpa.gz.md5

150 Opening BINARY mode data connection for in-addr.arpa.gz.md5 (55 bytes).
Length: 55

     0K                                                       100% 1.05M=0s

226 Transfer complete.
2017-08-10 00:00:30 (1.05 MB/s) - ‘./domain/in-addr.arpa.gz.md5’ saved [55]

Remote file is newer than local file ‘./domain/in-addr.arpa.gz.sha256’ -- retrieving.

--2017-08-10 00:00:30--  ftp://ftp.internic.net/domain/in-addr.arpa.gz.sha256
           => ‘./domain/in-addr.arpa.gz.sha256’
==> CWD not required.
--> PASV

227 Entering Passive Mode (192,0,32,9,235,56)
--> RETR in-addr.arpa.gz.sha256

150 Opening BINARY mode data connection for in-addr.arpa.gz.sha256 (90 bytes).
Length: 90

     0K                                                       100%  415K=0s

226 Transfer complete.
2017-08-10 00:00:31 (415 KB/s) - ‘./domain/in-addr.arpa.gz.sha256’ saved [90]

Remote file is newer than local file ‘./domain/in-addr.arpa.md5’ -- retrieving.

--2017-08-10 00:00:31--  ftp://ftp.internic.net/domain/in-addr.arpa.md5
           => ‘./domain/in-addr.arpa.md5’
==> CWD not required.
--> PASV

227 Entering Passive Mode (192,0,32,9,206,248)
--> RETR in-addr.arpa.md5

150 Opening BINARY mode data connection for in-addr.arpa.md5 (52 bytes).
Length: 52

     0K                                                       100%  590K=0s

226 Transfer complete.
2017-08-10 00:00:32 (590 KB/s) - ‘./domain/in-addr.arpa.md5’ saved [52]

Remote file is newer than local file ‘./domain/in-addr.arpa.sha256’ -- retrieving.

--2017-08-10 00:00:32--  ftp://ftp.internic.net/domain/in-addr.arpa.sha256
           => ‘./domain/in-addr.arpa.sha256’
==> CWD not required.
--> PASV

227 Entering Passive Mode (192,0,32,9,40,164)
--> RETR in-addr.arpa.sha256

150 Opening BINARY mode data connection for in-addr.arpa.sha256 (87 bytes).
Length: 87

     0K                                                       100% 1.04M=0s

226 Transfer complete.
2017-08-10 00:00:33 (1.04 MB/s) - ‘./domain/in-addr.arpa.sha256’ saved [87]

Remote file is newer than local file ‘./domain/in-addr.arpa.zone’ -- retrieving.

--2017-08-10 00:00:33--  ftp://ftp.internic.net/domain/in-addr.arpa.zone
           => ‘./domain/in-addr.arpa.zone’
==> CWD not required.
--> PASV

227 Entering Passive Mode (192,0,32,9,28,21)
--> RETR in-addr.arpa.zone

150 Opening BINARY mode data connection for in-addr.arpa.zone (228780 bytes).
Length: 228780 (223K)

     0K .......... .......... .......... .......... .......... 22% 97.2K 2s
    50K .......... .......... .......... .......... .......... 44%  224K 1s
   100K .......... .......... .......... .......... .......... 67%  174K 1s
   150K .......... .......... .......... .......... .......... 89%  160K 0s
   200K .......... .......... ...                             100% 53.4M=1.3s

226 Transfer complete.
2017-08-10 00:00:36 (167 KB/s) - ‘./domain/in-addr.arpa.zone’ saved [228780]

The sizes do not match (local 90990) -- retrieving.

--2017-08-10 00:00:36--  ftp://ftp.internic.net/domain/in-addr.arpa.zone.gz
           => ‘./domain/in-addr.arpa.zone.gz’
==> CWD not required.
--> PASV

227 Entering Passive Mode (192,0,32,9,172,127)
--> RETR in-addr.arpa.zone.gz

150 Opening BINARY mode data connection for in-addr.arpa.zone.gz (91049 bytes).
Length: 91049 (89K)

     0K .......... .......... .......... .......... .......... 56% 80.2K 0s
    50K .......... .......... .......... ........             100% 3.22M=0.6s

226 Transfer complete.
2017-08-10 00:00:38 (140 KB/s) - ‘./domain/in-addr.arpa.zone.gz’ saved [91049]

Remote file is newer than local file ‘./domain/in-addr.arpa.zone.gz.md5’ -- retrieving.

--2017-08-10 00:00:38--  ftp://ftp.internic.net/domain/in-addr.arpa.zone.gz.md5
           => ‘./domain/in-addr.arpa.zone.gz.md5’
==> CWD not required.
--> PASV

227 Entering Passive Mode (192,0,32,9,188,90)
--> RETR in-addr.arpa.zone.gz.md5

150 Opening BINARY mode data connection for in-addr.arpa.zone.gz.md5 (60 bytes).
Length: 60

     0K                                                       100%  140K=0s

226 Transfer complete.
2017-08-10 00:00:39 (140 KB/s) - ‘./domain/in-addr.arpa.zone.gz.md5’ saved [60]

Remote file is newer than local file ‘./domain/in-addr.arpa.zone.gz.sha256’ -- retrieving.

--2017-08-10 00:00:39--  ftp://ftp.internic.net/domain/in-addr.arpa.zone.gz.sha256
           => ‘./domain/in-addr.arpa.zone.gz.sha256’
==> CWD not required.
--> PASV

227 Entering Passive Mode (192,0,32,9,187,61)
--> RETR in-addr.arpa.zone.gz.sha256

150 Opening BINARY mode data connection for in-addr.arpa.zone.gz.sha256 (95 bytes).
Length: 95

     0K                                                       100% 1.74M=0s

226 Transfer complete.
2017-08-10 00:00:40 (1.74 MB/s) - ‘./domain/in-addr.arpa.zone.gz.sha256’ saved [95]

Remote file is newer than local file ‘./domain/in-addr.arpa.zone.md5’ -- retrieving.

--2017-08-10 00:00:40--  ftp://ftp.internic.net/domain/in-addr.arpa.zone.md5
           => ‘./domain/in-addr.arpa.zone.md5’
==> CWD not required.
--> PASV

227 Entering Passive Mode (192,0,32,9,133,214)
--> RETR in-addr.arpa.zone.md5

150 Opening BINARY mode data connection for in-addr.arpa.zone.md5 (57 bytes).
Length: 57

     0K                                                       100% 1.03M=0s

226 Transfer complete.
2017-08-10 00:00:42 (1.03 MB/s) - ‘./domain/in-addr.arpa.zone.md5’ saved [57]

Remote file is newer than local file ‘./domain/in-addr.arpa.zone.sha256’ -- retrieving.

--2017-08-10 00:00:42--  ftp://ftp.internic.net/domain/in-addr.arpa.zone.sha256
           => ‘./domain/in-addr.arpa.zone.sha256’
==> CWD not required.
--> PASV

227 Entering Passive Mode (192,0,32,9,41,101)
--> RETR in-addr.arpa.zone.sha256

150 Opening BINARY mode data connection for in-addr.arpa.zone.sha256 (92 bytes).
Length: 92

     0K                                                       100% 1.35M=0s

226 Transfer complete.
2017-08-10 00:00:43 (1.35 MB/s) - ‘./domain/in-addr.arpa.zone.sha256’ saved [92]

The sizes do not match (local 61449) -- retrieving.

--2017-08-10 00:00:43--  ftp://ftp.internic.net/domain/ip6.arpa
           => ‘./domain/ip6.arpa’
==> CWD not required.
--> PASV

227 Entering Passive Mode (192,0,32,9,32,25)
--> RETR ip6.arpa

150 Opening BINARY mode data connection for ip6.arpa (61406 bytes).
Length: 61406 (60K)

     0K .......... .......... .......... .......... .......... 83% 81.7K 0s
    50K .........                                             100% 46.6M=0.6s

226 Transfer complete.
2017-08-10 00:00:45 (98.0 KB/s) - ‘./domain/ip6.arpa’ saved [61406]

The sizes do not match (local 24518) -- retrieving.

--2017-08-10 00:00:45--  ftp://ftp.internic.net/domain/ip6.arpa.gz
           => ‘./domain/ip6.arpa.gz’
==> CWD not required.
--> PASV

227 Entering Passive Mode (192,0,32,9,209,146)
--> RETR ip6.arpa.gz

150 Opening BINARY mode data connection for ip6.arpa.gz (24532 bytes).
Length: 24532 (24K)

     0K .......... .......... ...                             100% 73.7K=0.3s

226 Transfer complete.
2017-08-10 00:00:46 (73.7 KB/s) - ‘./domain/ip6.arpa.gz’ saved [24532]

Remote file is newer than local file ‘./domain/ip6.arpa.gz.md5’ -- retrieving.

--2017-08-10 00:00:46--  ftp://ftp.internic.net/domain/ip6.arpa.gz.md5
           => ‘./domain/ip6.arpa.gz.md5’
==> CWD not required.
--> PASV

227 Entering Passive Mode (192,0,32,9,228,104)
--> RETR ip6.arpa.gz.md5

150 Opening BINARY mode data connection for ip6.arpa.gz.md5 (51 bytes).
Length: 51

     0K                                                       100% 80.2K=0.001s

226 Transfer complete.
2017-08-10 00:00:47 (80.2 KB/s) - ‘./domain/ip6.arpa.gz.md5’ saved [51]

Remote file is newer than local file ‘./domain/ip6.arpa.gz.sha256’ -- retrieving.

--2017-08-10 00:00:47--  ftp://ftp.internic.net/domain/ip6.arpa.gz.sha256
           => ‘./domain/ip6.arpa.gz.sha256’
==> CWD not required.
--> PASV

227 Entering Passive Mode (192,0,32,9,181,92)
--> RETR ip6.arpa.gz.sha256

150 Opening BINARY mode data connection for ip6.arpa.gz.sha256 (86 bytes).
Length: 86

     0K                                                       100% 1.17M=0s

226 Transfer complete.
2017-08-10 00:00:49 (1.17 MB/s) - ‘./domain/ip6.arpa.gz.sha256’ saved [86]

Remote file is newer than local file ‘./domain/ip6.arpa.md5’ -- retrieving.

--2017-08-10 00:00:49--  ftp://ftp.internic.net/domain/ip6.arpa.md5
           => ‘./domain/ip6.arpa.md5’
==> CWD not required.
--> PASV

227 Entering Passive Mode (192,0,32,9,163,186)
--> RETR ip6.arpa.md5

150 Opening BINARY mode data connection for ip6.arpa.md5 (48 bytes).
Length: 48

     0K                                                       100%  642K=0s

226 Transfer complete.
2017-08-10 00:00:50 (642 KB/s) - ‘./domain/ip6.arpa.md5’ saved [48]

Remote file is newer than local file ‘./domain/ip6.arpa.sha256’ -- retrieving.

--2017-08-10 00:00:50--  ftp://ftp.internic.net/domain/ip6.arpa.sha256
           => ‘./domain/ip6.arpa.sha256’
==> CWD not required.
--> PASV

227 Entering Passive Mode (192,0,32,9,210,113)
--> RETR ip6.arpa.sha256

150 Opening BINARY mode data connection for ip6.arpa.sha256 (83 bytes).
Length: 83

     0K                                                       100% 1.04M=0s

226 Transfer complete.
2017-08-10 00:00:51 (1.04 MB/s) - ‘./domain/ip6.arpa.sha256’ saved [83]

The sizes do not match (local 61449) -- retrieving.

--2017-08-10 00:00:51--  ftp://ftp.internic.net/domain/ip6.arpa.zone
           => ‘./domain/ip6.arpa.zone’
==> CWD not required.
--> PASV

227 Entering Passive Mode (192,0,32,9,101,220)
--> RETR ip6.arpa.zone

150 Opening BINARY mode data connection for ip6.arpa.zone (61406 bytes).
Length: 61406 (60K)

     0K .......... .......... .......... .......... .......... 83% 92.3K 0s
    50K .........                                             100% 1.26M=0.5s

226 Transfer complete.
2017-08-10 00:00:53 (109 KB/s) - ‘./domain/ip6.arpa.zone’ saved [61406]

The sizes do not match (local 24518) -- retrieving.

--2017-08-10 00:00:53--  ftp://ftp.internic.net/domain/ip6.arpa.zone.gz
           => ‘./domain/ip6.arpa.zone.gz’
==> CWD not required.
--> PASV

227 Entering Passive Mode (192,0,32,9,42,140)
--> RETR ip6.arpa.zone.gz

150 Opening BINARY mode data connection for ip6.arpa.zone.gz (24532 bytes).
Length: 24532 (24K)

     0K .......... .......... ...                             100% 77.7K=0.3s

226 Transfer complete.
2017-08-10 00:00:54 (77.7 KB/s) - ‘./domain/ip6.arpa.zone.gz’ saved [24532]

Remote file is newer than local file ‘./domain/ip6.arpa.zone.gz.md5’ -- retrieving.

--2017-08-10 00:00:54--  ftp://ftp.internic.net/domain/ip6.arpa.zone.gz.md5
           => ‘./domain/ip6.arpa.zone.gz.md5’
==> CWD not required.
--> PASV

227 Entering Passive Mode (192,0,32,9,46,82)
--> RETR ip6.arpa.zone.gz.md5

150 Opening BINARY mode data connection for ip6.arpa.zone.gz.md5 (56 bytes).
Length: 56

     0K                                                       100% 75.4K=0.001s

226 Transfer complete.
2017-08-10 00:00:55 (75.4 KB/s) - ‘./domain/ip6.arpa.zone.gz.md5’ saved [56]

Remote file is newer than local file ‘./domain/ip6.arpa.zone.gz.sha256’ -- retrieving.

--2017-08-10 00:00:55--  ftp://ftp.internic.net/domain/ip6.arpa.zone.gz.sha256
           => ‘./domain/ip6.arpa.zone.gz.sha256’
==> CWD not required.
--> PASV

227 Entering Passive Mode (192,0,32,9,41,16)
--> RETR ip6.arpa.zone.gz.sha256

150 Opening BINARY mode data connection for ip6.arpa.zone.gz.sha256 (91 bytes).
Length: 91

     0K                                                       100%  898K=0s

226 Transfer complete.
2017-08-10 00:00:57 (898 KB/s) - ‘./domain/ip6.arpa.zone.gz.sha256’ saved [91]

Remote file is newer than local file ‘./domain/ip6.arpa.zone.md5’ -- retrieving.

--2017-08-10 00:00:57--  ftp://ftp.internic.net/domain/ip6.arpa.zone.md5
           => ‘./domain/ip6.arpa.zone.md5’
==> CWD not required.
--> PASV

227 Entering Passive Mode (192,0,32,9,232,59)
--> RETR ip6.arpa.zone.md5

150 Opening BINARY mode data connection for ip6.arpa.zone.md5 (53 bytes).
Length: 53

     0K                                                       100%  664K=0s

226 Transfer complete.
2017-08-10 00:00:58 (664 KB/s) - ‘./domain/ip6.arpa.zone.md5’ saved [53]

Remote file is newer than local file ‘./domain/ip6.arpa.zone.sha256’ -- retrieving.

--2017-08-10 00:00:58--  ftp://ftp.internic.net/domain/ip6.arpa.zone.sha256
           => ‘./domain/ip6.arpa.zone.sha256’
==> CWD not required.
--> PASV

227 Entering Passive Mode (192,0,32,9,68,253)
--> RETR ip6.arpa.zone.sha256

150 Opening BINARY mode data connection for ip6.arpa.zone.sha256 (88 bytes).
Length: 88

     0K                                                       100% 1.17M=0s

226 Transfer complete.
2017-08-10 00:00:59 (1.17 MB/s) - ‘./domain/ip6.arpa.zone.sha256’ saved [88]

Remote file is newer than local file ‘./domain/last_update.txt’ -- retrieving.

--2017-08-10 00:00:59--  ftp://ftp.internic.net/domain/last_update.txt
           => ‘./domain/last_update.txt’
==> CWD not required.
--> PASV

227 Entering Passive Mode (192,0,32,9,216,36)
--> RETR last_update.txt

150 Opening BINARY mode data connection for last_update.txt (21 bytes).
Length: 21

     0K                                                       100%  211K=0s

226 Transfer complete.
2017-08-10 00:01:00 (211 KB/s) - ‘./domain/last_update.txt’ saved [21]

Remote file no newer than local file ‘./domain/named.cache’ -- not retrieving.
Remote file no newer than local file ‘./domain/named.cache.md5’ -- not retrieving.
Remote file no newer than local file ‘./domain/named.cache.sig’ -- not retrieving.
Remote file no newer than local file ‘./domain/named.root’ -- not retrieving.
Remote file no newer than local file ‘./domain/named.root.md5’ -- not retrieving.
Remote file no newer than local file ‘./domain/named.root.sig’ -- not retrieving.
Remote file no newer than local file ‘./domain/root-servers.net.zone’ -- not retrieving.
Remote file no newer than local file ‘./domain/root-servers.net.zone.gz’ -- not retrieving.
Remote file no newer than local file ‘./domain/root-servers.net.zone.gz.md5’ -- not retrieving.
Remote file no newer than local file ‘./domain/root-servers.net.zone.gz.sig’ -- not retrieving.
The sizes do not match (local 2263661) -- retrieving.

--2017-08-10 00:01:00--  ftp://ftp.internic.net/domain/root.zone
           => ‘./domain/root.zone’
==> CWD not required.
--> PASV

227 Entering Passive Mode (192,0,32,9,230,0)
--> RETR root.zone

150 Opening BINARY mode data connection for root.zone (2263568 bytes).
Length: 2263568 (2.2M)

     0K .......... .......... .......... .......... ..........  2%  122K 18s
    50K .......... .......... .......... .......... ..........  4%  255K 13s
   100K .......... .......... .......... .......... ..........  6%  161K 13s
   150K .......... .......... .......... .......... ..........  9%  238K 11s
   200K .......... .......... .......... .......... .......... 11% 1.44M 9s
   250K .......... .......... .......... .......... .......... 13%  231K 9s
   300K .......... .......... .......... .......... .......... 15%  176K 9s
   350K .......... .......... .......... .......... .......... 18%  256K 8s
   400K .......... .......... .......... .......... .......... 20%  307K 8s
   450K .......... .......... .......... .......... .......... 22%  796K 7s
   500K .......... .......... .......... .......... .......... 24%  283K 7s
   550K .......... .......... .......... .......... .......... 27%  343K 6s
   600K .......... .......... .......... .......... .......... 29%  404K 6s
   650K .......... .......... .......... .......... .......... 31%  540K 6s
   700K .......... .......... .......... .......... .......... 33%  371K 5s
   750K .......... .......... .......... .......... .......... 36%  486K 5s
   800K .......... .......... .......... .......... .......... 38%  427K 5s
   850K .......... .......... .......... .......... .......... 40%  427K 5s
   900K .......... .......... .......... .......... .......... 42%  578K 4s
   950K .......... .......... .......... .......... .......... 45%  389K 4s
  1000K .......... .......... .......... .......... .......... 47%  704K 4s
  1050K .......... .......... .......... .......... .......... 49%  434K 4s
  1100K .......... .......... .......... .......... .......... 52%  487K 3s
  1150K .......... .......... .......... .......... .......... 54%  547K 3s
  1200K .......... .......... .......... .......... .......... 56%  327K 3s
  1250K .......... .......... .......... .......... .......... 58% 2.48M 3s
  1300K .......... .......... .......... .......... .......... 61%  626K 3s
  1350K .......... .......... .......... .......... .......... 63%  826K 2s
  1400K .......... .......... .......... .......... .......... 65%  456K 2s
  1450K .......... .......... .......... .......... .......... 67%  567K 2s
  1500K .......... .......... .......... .......... .......... 70%  560K 2s
  1550K .......... .......... .......... .......... .......... 72%  808K 2s
  1600K .......... .......... .......... .......... .......... 74%  598K 2s
  1650K .......... .......... .......... .......... .......... 76%  631K 1s
  1700K .......... .......... .......... .......... .......... 79%  738K 1s
  1750K .......... .......... .......... .......... .......... 81%  617K 1s
  1800K .......... .......... .......... .......... .......... 83%  817K 1s
  1850K .......... .......... .......... .......... .......... 85%  637K 1s
  1900K .......... .......... .......... .......... .......... 88%  684K 1s
  1950K .......... .......... .......... .......... .......... 90% 1.06M 1s
  2000K .......... .......... .......... .......... .......... 92%  640K 0s
  2050K .......... .......... .......... .......... .......... 95%  654K 0s
  2100K .......... .......... .......... .......... .......... 97% 1.06M 0s
  2150K .......... .......... .......... .......... .......... 99%  740K 0s
  2200K ..........                                            100% 1.34M=5.2s

226 Transfer complete.
2017-08-10 00:01:07 (425 KB/s) - ‘./domain/root.zone’ saved [2263568]

The sizes do not match (local 1063156) -- retrieving.

--2017-08-10 00:01:07--  ftp://ftp.internic.net/domain/root.zone.gz
           => ‘./domain/root.zone.gz’
==> CWD not required.
--> PASV

227 Entering Passive Mode (192,0,32,9,97,120)
--> RETR root.zone.gz

150 Opening BINARY mode data connection for root.zone.gz (1063083 bytes).
Length: 1063083 (1.0M)

     0K .......... .......... .......... .......... ..........  4%  111K 9s
    50K .......... .......... .......... .......... ..........  9%  194K 7s
   100K .......... .......... .......... .......... .......... 14% 1.01M 4s
   150K .......... .......... .......... .......... .......... 19%  182K 4s
   200K .......... .......... .......... .......... .......... 24%  123K 5s
   250K .......... .......... .......... .......... .......... 28%  169K 4s
   300K .......... .......... .......... .......... .......... 33%  161K 4s
   350K .......... .......... .......... .......... .......... 38% 23.9M 3s
   400K .......... .......... .......... .......... .......... 43%  160K 3s
   450K .......... .......... .......... .......... .......... 48%  162K 3s
   500K .......... .......... .......... .......... .......... 52%  166K 3s
   550K .......... .......... .......... .......... .......... 57%  890K 2s
   600K .......... .......... .......... .......... .......... 62%  245K 2s
   650K .......... .......... .......... .......... .......... 67% 1.30M 2s
   700K .......... .......... .......... .......... .......... 72%  227K 1s
   750K .......... .......... .......... .......... .......... 77% 1.64M 1s
   800K .......... .......... .......... .......... .......... 81%  168K 1s
   850K .......... .......... .......... .......... .......... 86% 8.86M 1s
   900K .......... .......... .......... .......... .......... 91%  189K 0s
   950K .......... .......... .......... .......... .......... 96%  226K 0s
  1000K .......... .......... .......... ........             100%  659K=4.4s

226 Transfer complete.
2017-08-10 00:01:12 (238 KB/s) - ‘./domain/root.zone.gz’ saved [1063083]

Remote file is newer than local file ‘./domain/root.zone.gz.md5’ -- retrieving.

--2017-08-10 00:01:12--  ftp://ftp.internic.net/domain/root.zone.gz.md5
           => ‘./domain/root.zone.gz.md5’
==> CWD not required.
--> PASV

227 Entering Passive Mode (192,0,32,9,102,218)
--> RETR root.zone.gz.md5

150 Opening BINARY mode data connection for root.zone.gz.md5 (33 bytes).
Length: 33

     0K                                                       100%  413K=0s

226 Transfer complete.
2017-08-10 00:01:13 (413 KB/s) - ‘./domain/root.zone.gz.md5’ saved [33]

Remote file is newer than local file ‘./domain/root.zone.gz.sig’ -- retrieving.

--2017-08-10 00:01:13--  ftp://ftp.internic.net/domain/root.zone.gz.sig
           => ‘./domain/root.zone.gz.sig’
==> CWD not required.
--> PASV

227 Entering Passive Mode (192,0,32,9,133,12)
--> RETR root.zone.gz.sig

150 Opening BINARY mode data connection for root.zone.gz.sig (72 bytes).
Length: 72

     0K                                                       100% 1.20M=0s

226 Transfer complete.
2017-08-10 00:01:14 (1.20 MB/s) - ‘./domain/root.zone.gz.sig’ saved [72]

Remote file is newer than local file ‘./domain/root.zone.md5’ -- retrieving.

--2017-08-10 00:01:14--  ftp://ftp.internic.net/domain/root.zone.md5
           => ‘./domain/root.zone.md5’
==> CWD not required.
--> PASV

227 Entering Passive Mode (192,0,32,9,139,29)
--> RETR root.zone.md5

150 Opening BINARY mode data connection for root.zone.md5 (33 bytes).
Length: 33

     0K                                                       100%  435K=0s

226 Transfer complete.
2017-08-10 00:01:15 (435 KB/s) - ‘./domain/root.zone.md5’ saved [33]

Remote file is newer than local file ‘./domain/root.zone.sig’ -- retrieving.

--2017-08-10 00:01:15--  ftp://ftp.internic.net/domain/root.zone.sig
           => ‘./domain/root.zone.sig’
==> CWD not required.
--> PASV

227 Entering Passive Mode (192,0,32,9,41,176)
--> RETR root.zone.sig

150 Opening BINARY mode data connection for root.zone.sig (72 bytes).
Length: 72

     0K                                                       100%  950K=0s

226 Transfer complete.
2017-08-10 00:01:16 (950 KB/s) - ‘./domain/root.zone.sig’ saved [72]

FINISHED --2017-08-10 00:01:16--
Total wall clock time: 1m 7s
Downloaded: 40 files, 4.0M in 16s (262 KB/s)
