--2017-07-19 00:00:02--  ftp://ftp.internic.net/*
           => ‘./.listing’
Resolving ftp.internic.net (ftp.internic.net)... 192.0.32.9, 2620:0:2d0:200::9
Connecting to ftp.internic.net (ftp.internic.net)|192.0.32.9|:21... connected.
Logging in as anonymous ... 
220 Internic FTP Server
--> USER anonymous

331 Please specify the password.
--> PASS Turtle Power!

230 Login successful.
--> SYST

215 UNIX Type: L8
--> PWD

257 "/"
--> TYPE I

200 Switching to Binary mode.
==> CWD not needed.
--> PASV

227 Entering Passive Mode (192,0,32,9,127,149)
--> LIST -a

150 Here comes the directory listing.

     0K                                                        2.77M=0s

226 Directory send OK.
drwxr-xr-x    3 ftp      ftp          4096 Apr 04  2012 .
drwxr-xr-x    3 ftp      ftp          4096 Apr 04  2012 ..
drwxr-xr-x    2 ftp      ftp          4096 Sep 09  2015 domain
2017-07-19 00:00:05 (2.77 MB/s) - ‘./.listing’ saved [183]

--2017-07-19 00:00:05--  ftp://ftp.internic.net/domain/*
           => ‘./domain/.listing’
--> CWD /domain

250 Directory successfully changed.
--> PASV

227 Entering Passive Mode (192,0,32,9,41,222)
--> LIST -a

150 Here comes the directory listing.

     0K ...                                                    2.24M=0.002s

226 Directory send OK.
drwxr-xr-x    2 ftp      ftp          4096 Sep 09  2015 .
drwxr-xr-x    3 ftp      ftp          4096 Apr 04  2012 ..
-rw-r--r--    1 ftp      ftp          1829 Aug 18  2015 .listing
-rw-r--r--    1 ftp      ftp          1224 Jul 18 12:53 INTERNIC_ROOT_ZONE.signatures
-rw-r--r--    1 ftp      ftp          1469 Jul 18 12:53 INTERNIC_ROOT_ZONE.signatures.asc
-rw-r--r--    1 ftp      ftp         15228 Jul 18 12:53 arpa.zone
-rw-r--r--    1 ftp      ftp          6638 Jul 18 12:53 arpa.zone.gz
-rw-r--r--    1 ftp      ftp            33 Jul 18 12:53 arpa.zone.gz.md5
-rw-r--r--    1 ftp      ftp            72 Jul 18 12:53 arpa.zone.gz.sig
-rw-r--r--    1 ftp      ftp          3289 Jun 01 15:27 db.cache
-rw-r--r--    1 ftp      ftp            33 Jun 01 15:27 db.cache.md5
-rw-r--r--    1 ftp      ftp            72 Jun 01 15:27 db.cache.sig
-rw-r--r--    1 ftp      ftp        228558 Jul 18 15:40 in-addr.arpa
-rw-r--r--    1 ftp      ftp         90719 Jul 18 15:40 in-addr.arpa.gz
-rw-r--r--    1 ftp      ftp            55 Jul 18 15:40 in-addr.arpa.gz.md5
-rw-r--r--    1 ftp      ftp            90 Jul 18 15:40 in-addr.arpa.gz.sha256
-rw-r--r--    1 ftp      ftp            52 Jul 18 15:40 in-addr.arpa.md5
-rw-r--r--    1 ftp      ftp            87 Jul 18 15:40 in-addr.arpa.sha256
-rw-r--r--    1 ftp      ftp        228558 Jul 18 15:40 in-addr.arpa.zone
-rw-r--r--    1 ftp      ftp         90719 Jul 18 15:40 in-addr.arpa.zone.gz
-rw-r--r--    1 ftp      ftp            60 Jul 18 15:40 in-addr.arpa.zone.gz.md5
-rw-r--r--    1 ftp      ftp            95 Jul 18 15:40 in-addr.arpa.zone.gz.sha256
-rw-r--r--    1 ftp      ftp            57 Jul 18 15:40 in-addr.arpa.zone.md5
-rw-r--r--    1 ftp      ftp            92 Jul 18 15:40 in-addr.arpa.zone.sha256
-rw-r--r--    1 ftp      ftp         61264 Jul 18 15:40 ip6.arpa
-rw-r--r--    1 ftp      ftp         24364 Jul 18 15:40 ip6.arpa.gz
-rw-r--r--    1 ftp      ftp            51 Jul 18 15:40 ip6.arpa.gz.md5
-rw-r--r--    1 ftp      ftp            86 Jul 18 15:40 ip6.arpa.gz.sha256
-rw-r--r--    1 ftp      ftp            48 Jul 18 15:40 ip6.arpa.md5
-rw-r--r--    1 ftp      ftp            83 Jul 18 15:40 ip6.arpa.sha256
-rw-r--r--    1 ftp      ftp         61264 Jul 18 15:40 ip6.arpa.zone
-rw-r--r--    1 ftp      ftp         24364 Jul 18 15:40 ip6.arpa.zone.gz
-rw-r--r--    1 ftp      ftp            56 Jul 18 15:40 ip6.arpa.zone.gz.md5
-rw-r--r--    1 ftp      ftp            91 Jul 18 15:40 ip6.arpa.zone.gz.sha256
-rw-r--r--    1 ftp      ftp            53 Jul 18 15:40 ip6.arpa.zone.md5
-rw-r--r--    1 ftp      ftp            88 Jul 18 15:40 ip6.arpa.zone.sha256
-rw-r--r--    1 ftp      ftp            21 Jul 18 15:40 last_update.txt
-rw-r--r--    1 ftp      ftp          3289 Jun 01 15:27 named.cache
-rw-r--r--    1 ftp      ftp            33 Jun 01 15:27 named.cache.md5
-rw-r--r--    1 ftp      ftp            72 Jun 01 15:27 named.cache.sig
-rw-r--r--    1 ftp      ftp          3289 Jun 01 15:27 named.root
-rw-r--r--    1 ftp      ftp            33 Jun 01 15:27 named.root.md5
-rw-r--r--    1 ftp      ftp            72 Jun 01 15:27 named.root.sig
-rw-r--r--    1 ftp      ftp          2111 Jun 01 15:27 root-servers.net.zone
-rw-r--r--    1 ftp      ftp           575 Jun 01 15:27 root-servers.net.zone.gz
-rw-r--r--    1 ftp      ftp            33 Jun 01 15:27 root-servers.net.zone.gz.md5
-rw-r--r--    1 ftp      ftp            72 Jun 01 15:27 root-servers.net.zone.gz.sig
-rw-r--r--    1 ftp      ftp       2260929 Jul 18 05:13 root.zone
-rw-r--r--    1 ftp      ftp       1061543 Jul 18 05:14 root.zone.gz
-rw-r--r--    1 ftp      ftp            33 Jul 18 05:13 root.zone.gz.md5
-rw-r--r--    1 ftp      ftp            72 Jul 18 05:14 root.zone.gz.sig
-rw-r--r--    1 ftp      ftp            33 Jul 18 05:13 root.zone.md5
-rw-r--r--    1 ftp      ftp            72 Jul 18 05:14 root.zone.sig
2017-07-19 00:00:08 (2.24 MB/s) - ‘./domain/.listing’ saved [3930]

The sizes do not match (local 3930) -- retrieving.

--2017-07-19 00:00:08--  ftp://ftp.internic.net/domain/.listing
           => ‘./domain/.listing’
==> CWD not required.
--> PASV

227 Entering Passive Mode (192,0,32,9,41,206)
--> RETR .listing

150 Opening BINARY mode data connection for .listing (1829 bytes).
Length: 1829 (1.8K)

     0K .                                                     100%  421K=0.004s

226 Transfer complete.
2017-07-19 00:00:10 (421 KB/s) - ‘./domain/.listing’ saved [1829]

Remote file is newer than local file ‘./domain/INTERNIC_ROOT_ZONE.signatures’ -- retrieving.

--2017-07-19 00:00:10--  ftp://ftp.internic.net/domain/INTERNIC_ROOT_ZONE.signatures
           => ‘./domain/INTERNIC_ROOT_ZONE.signatures’
==> CWD not required.
--> PASV

227 Entering Passive Mode (192,0,32,9,186,173)
--> RETR INTERNIC_ROOT_ZONE.signatures

150 Opening BINARY mode data connection for INTERNIC_ROOT_ZONE.signatures (1224 bytes).
Length: 1224 (1.2K)

     0K .                                                     100% 26.5M=0s

226 Transfer complete.
2017-07-19 00:00:12 (26.5 MB/s) - ‘./domain/INTERNIC_ROOT_ZONE.signatures’ saved [1224]

Remote file is newer than local file ‘./domain/INTERNIC_ROOT_ZONE.signatures.asc’ -- retrieving.

--2017-07-19 00:00:12--  ftp://ftp.internic.net/domain/INTERNIC_ROOT_ZONE.signatures.asc
           => ‘./domain/INTERNIC_ROOT_ZONE.signatures.asc’
==> CWD not required.
--> PASV

227 Entering Passive Mode (192,0,32,9,96,13)
--> RETR INTERNIC_ROOT_ZONE.signatures.asc

150 Opening BINARY mode data connection for INTERNIC_ROOT_ZONE.signatures.asc (1469 bytes).
Length: 1469 (1.4K)

     0K .                                                     100% 1.25M=0.001s

226 Transfer complete.
2017-07-19 00:00:15 (1.25 MB/s) - ‘./domain/INTERNIC_ROOT_ZONE.signatures.asc’ saved [1469]

Remote file is newer than local file ‘./domain/arpa.zone’ -- retrieving.

--2017-07-19 00:00:15--  ftp://ftp.internic.net/domain/arpa.zone
           => ‘./domain/arpa.zone’
==> CWD not required.
--> PASV

227 Entering Passive Mode (192,0,32,9,137,57)
--> RETR arpa.zone

150 Opening BINARY mode data connection for arpa.zone (15228 bytes).
Length: 15228 (15K)

     0K .......... ....                                       100% 3.93K=3.8s

226 Transfer complete.
2017-07-19 00:00:20 (3.93 KB/s) - ‘./domain/arpa.zone’ saved [15228]

The sizes do not match (local 6641) -- retrieving.

--2017-07-19 00:00:23--  ftp://ftp.internic.net/domain/arpa.zone.gz
           => ‘./domain/arpa.zone.gz’
==> CWD not required.
--> PASV

227 Entering Passive Mode (192,0,32,9,121,110)
--> RETR arpa.zone.gz

150 Opening BINARY mode data connection for arpa.zone.gz (6638 bytes).
Length: 6638 (6.5K)

     0K ......                                                100%  712K=0.009s

226 Transfer complete.
2017-07-19 00:00:24 (712 KB/s) - ‘./domain/arpa.zone.gz’ saved [6638]

Remote file is newer than local file ‘./domain/arpa.zone.gz.md5’ -- retrieving.

--2017-07-19 00:00:24--  ftp://ftp.internic.net/domain/arpa.zone.gz.md5
           => ‘./domain/arpa.zone.gz.md5’
==> CWD not required.
--> PASV

227 Entering Passive Mode (192,0,32,9,141,10)
--> RETR arpa.zone.gz.md5

150 Opening BINARY mode data connection for arpa.zone.gz.md5 (33 bytes).
Length: 33

     0K                                                       100%  732K=0s

226 Transfer complete.
2017-07-19 00:00:25 (732 KB/s) - ‘./domain/arpa.zone.gz.md5’ saved [33]

Remote file is newer than local file ‘./domain/arpa.zone.gz.sig’ -- retrieving.

--2017-07-19 00:00:25--  ftp://ftp.internic.net/domain/arpa.zone.gz.sig
           => ‘./domain/arpa.zone.gz.sig’
==> CWD not required.
--> PASV

227 Entering Passive Mode (192,0,32,9,41,46)
--> RETR arpa.zone.gz.sig

150 Opening BINARY mode data connection for arpa.zone.gz.sig (72 bytes).
Length: 72

     0K                                                       100% 1019K=0s

226 Transfer complete.
2017-07-19 00:00:26 (1019 KB/s) - ‘./domain/arpa.zone.gz.sig’ saved [72]

Remote file no newer than local file ‘./domain/db.cache’ -- not retrieving.
Remote file no newer than local file ‘./domain/db.cache.md5’ -- not retrieving.
Remote file no newer than local file ‘./domain/db.cache.sig’ -- not retrieving.
Remote file is newer than local file ‘./domain/in-addr.arpa’ -- retrieving.

--2017-07-19 00:00:26--  ftp://ftp.internic.net/domain/in-addr.arpa
           => ‘./domain/in-addr.arpa’
==> CWD not required.
--> PASV

227 Entering Passive Mode (192,0,32,9,19,190)
--> RETR in-addr.arpa

150 Opening BINARY mode data connection for in-addr.arpa (228558 bytes).
Length: 228558 (223K)

     0K .......... .......... .......... .......... .......... 22% 98.8K 2s
    50K .......... .......... .......... .......... .......... 44%  186K 1s
   100K .......... .......... .......... .......... .......... 67% 3.00M 0s
   150K .......... .......... .......... .......... .......... 89%  204K 0s
   200K .......... .......... ...                             100% 1.99M=1.0s

226 Transfer complete.
2017-07-19 00:00:28 (213 KB/s) - ‘./domain/in-addr.arpa’ saved [228558]

Remote file is newer than local file ‘./domain/in-addr.arpa.gz’ -- retrieving.

--2017-07-19 00:00:28--  ftp://ftp.internic.net/domain/in-addr.arpa.gz
           => ‘./domain/in-addr.arpa.gz’
==> CWD not required.
--> PASV

227 Entering Passive Mode (192,0,32,9,42,125)
--> RETR in-addr.arpa.gz

150 Opening BINARY mode data connection for in-addr.arpa.gz (90719 bytes).
Length: 90719 (89K)

     0K .......... .......... .......... .......... .......... 56% 97.7K 0s
    50K .......... .......... .......... ........             100% 1.19M=0.5s

226 Transfer complete.
2017-07-19 00:00:29 (163 KB/s) - ‘./domain/in-addr.arpa.gz’ saved [90719]

Remote file is newer than local file ‘./domain/in-addr.arpa.gz.md5’ -- retrieving.

--2017-07-19 00:00:29--  ftp://ftp.internic.net/domain/in-addr.arpa.gz.md5
           => ‘./domain/in-addr.arpa.gz.md5’
==> CWD not required.
--> PASV

227 Entering Passive Mode (192,0,32,9,172,140)
--> RETR in-addr.arpa.gz.md5

150 Opening BINARY mode data connection for in-addr.arpa.gz.md5 (55 bytes).
Length: 55

     0K                                                       100% 7.02K=0.008s

226 Transfer complete.
2017-07-19 00:00:30 (7.02 KB/s) - ‘./domain/in-addr.arpa.gz.md5’ saved [55]

Remote file is newer than local file ‘./domain/in-addr.arpa.gz.sha256’ -- retrieving.

--2017-07-19 00:00:30--  ftp://ftp.internic.net/domain/in-addr.arpa.gz.sha256
           => ‘./domain/in-addr.arpa.gz.sha256’
==> CWD not required.
--> PASV

227 Entering Passive Mode (192,0,32,9,135,80)
--> RETR in-addr.arpa.gz.sha256

150 Opening BINARY mode data connection for in-addr.arpa.gz.sha256 (90 bytes).
Length: 90

     0K                                                       100% 2.04M=0s

226 Transfer complete.
2017-07-19 00:00:32 (2.04 MB/s) - ‘./domain/in-addr.arpa.gz.sha256’ saved [90]

Remote file is newer than local file ‘./domain/in-addr.arpa.md5’ -- retrieving.

--2017-07-19 00:00:32--  ftp://ftp.internic.net/domain/in-addr.arpa.md5
           => ‘./domain/in-addr.arpa.md5’
==> CWD not required.
--> PASV

227 Entering Passive Mode (192,0,32,9,93,7)
--> RETR in-addr.arpa.md5

150 Opening BINARY mode data connection for in-addr.arpa.md5 (52 bytes).
Length: 52

     0K                                                       100%  996K=0s

226 Transfer complete.
2017-07-19 00:00:33 (996 KB/s) - ‘./domain/in-addr.arpa.md5’ saved [52]

Remote file is newer than local file ‘./domain/in-addr.arpa.sha256’ -- retrieving.

--2017-07-19 00:00:33--  ftp://ftp.internic.net/domain/in-addr.arpa.sha256
           => ‘./domain/in-addr.arpa.sha256’
==> CWD not required.
--> PASV

227 Entering Passive Mode (192,0,32,9,84,190)
--> RETR in-addr.arpa.sha256

150 Opening BINARY mode data connection for in-addr.arpa.sha256 (87 bytes).
Length: 87

     0K                                                       100%  825K=0s

226 Transfer complete.
2017-07-19 00:00:34 (825 KB/s) - ‘./domain/in-addr.arpa.sha256’ saved [87]

Remote file is newer than local file ‘./domain/in-addr.arpa.zone’ -- retrieving.

--2017-07-19 00:00:34--  ftp://ftp.internic.net/domain/in-addr.arpa.zone
           => ‘./domain/in-addr.arpa.zone’
==> CWD not required.
--> PASV

227 Entering Passive Mode (192,0,32,9,237,122)
--> RETR in-addr.arpa.zone

150 Opening BINARY mode data connection for in-addr.arpa.zone (228558 bytes).
Length: 228558 (223K)

     0K .......... .......... .......... .......... .......... 22% 97.9K 2s
    50K .......... .......... .......... .......... .......... 44%  164K 1s
   100K .......... .......... .......... .......... .......... 67% 2.84M 0s
   150K .......... .......... .......... .......... .......... 89%  165K 0s
   200K .......... .......... ...                             100% 77.9M=1.1s

226 Transfer complete.
2017-07-19 00:00:36 (196 KB/s) - ‘./domain/in-addr.arpa.zone’ saved [228558]

Remote file is newer than local file ‘./domain/in-addr.arpa.zone.gz’ -- retrieving.

--2017-07-19 00:00:36--  ftp://ftp.internic.net/domain/in-addr.arpa.zone.gz
           => ‘./domain/in-addr.arpa.zone.gz’
==> CWD not required.
--> PASV

227 Entering Passive Mode (192,0,32,9,163,100)
--> RETR in-addr.arpa.zone.gz

150 Opening BINARY mode data connection for in-addr.arpa.zone.gz (90719 bytes).
Length: 90719 (89K)

     0K .......... .......... .......... .......... .......... 56% 83.6K 0s
    50K .......... .......... .......... ........             100%  128K=0.9s

226 Transfer complete.
2017-07-19 00:00:38 (98.4 KB/s) - ‘./domain/in-addr.arpa.zone.gz’ saved [90719]

Remote file is newer than local file ‘./domain/in-addr.arpa.zone.gz.md5’ -- retrieving.

--2017-07-19 00:00:38--  ftp://ftp.internic.net/domain/in-addr.arpa.zone.gz.md5
           => ‘./domain/in-addr.arpa.zone.gz.md5’
==> CWD not required.
--> PASV

227 Entering Passive Mode (192,0,32,9,89,164)
--> RETR in-addr.arpa.zone.gz.md5

150 Opening BINARY mode data connection for in-addr.arpa.zone.gz.md5 (60 bytes).
Length: 60

     0K                                                       100% 1.36M=0s

226 Transfer complete.
2017-07-19 00:00:39 (1.36 MB/s) - ‘./domain/in-addr.arpa.zone.gz.md5’ saved [60]

Remote file is newer than local file ‘./domain/in-addr.arpa.zone.gz.sha256’ -- retrieving.

--2017-07-19 00:00:39--  ftp://ftp.internic.net/domain/in-addr.arpa.zone.gz.sha256
           => ‘./domain/in-addr.arpa.zone.gz.sha256’
==> CWD not required.
--> PASV

227 Entering Passive Mode (192,0,32,9,133,133)
--> RETR in-addr.arpa.zone.gz.sha256

150 Opening BINARY mode data connection for in-addr.arpa.zone.gz.sha256 (95 bytes).
Length: 95

     0K                                                       100% 1.51M=0s

226 Transfer complete.
2017-07-19 00:00:40 (1.51 MB/s) - ‘./domain/in-addr.arpa.zone.gz.sha256’ saved [95]

Remote file is newer than local file ‘./domain/in-addr.arpa.zone.md5’ -- retrieving.

--2017-07-19 00:00:40--  ftp://ftp.internic.net/domain/in-addr.arpa.zone.md5
           => ‘./domain/in-addr.arpa.zone.md5’
==> CWD not required.
--> PASV

227 Entering Passive Mode (192,0,32,9,42,154)
--> RETR in-addr.arpa.zone.md5

150 Opening BINARY mode data connection for in-addr.arpa.zone.md5 (57 bytes).
Length: 57

     0K                                                       100% 1.09M=0s

226 Transfer complete.
2017-07-19 00:00:42 (1.09 MB/s) - ‘./domain/in-addr.arpa.zone.md5’ saved [57]

Remote file is newer than local file ‘./domain/in-addr.arpa.zone.sha256’ -- retrieving.

--2017-07-19 00:00:42--  ftp://ftp.internic.net/domain/in-addr.arpa.zone.sha256
           => ‘./domain/in-addr.arpa.zone.sha256’
==> CWD not required.
--> PASV

227 Entering Passive Mode (192,0,32,9,42,122)
--> RETR in-addr.arpa.zone.sha256

150 Opening BINARY mode data connection for in-addr.arpa.zone.sha256 (92 bytes).
Length: 92

     0K                                                       100%  123K=0.001s

226 Transfer complete.
2017-07-19 00:00:43 (123 KB/s) - ‘./domain/in-addr.arpa.zone.sha256’ saved [92]

Remote file is newer than local file ‘./domain/ip6.arpa’ -- retrieving.

--2017-07-19 00:00:43--  ftp://ftp.internic.net/domain/ip6.arpa
           => ‘./domain/ip6.arpa’
==> CWD not required.
--> PASV

227 Entering Passive Mode (192,0,32,9,167,141)
--> RETR ip6.arpa

150 Opening BINARY mode data connection for ip6.arpa (61264 bytes).
Length: 61264 (60K)

     0K .......... .......... .......... .......... .......... 83% 93.8K 0s
    50K .........                                             100% 3.45M=0.5s

226 Transfer complete.
2017-07-19 00:00:44 (112 KB/s) - ‘./domain/ip6.arpa’ saved [61264]

Remote file is newer than local file ‘./domain/ip6.arpa.gz’ -- retrieving.

--2017-07-19 00:00:44--  ftp://ftp.internic.net/domain/ip6.arpa.gz
           => ‘./domain/ip6.arpa.gz’
==> CWD not required.
--> PASV

227 Entering Passive Mode (192,0,32,9,41,201)
--> RETR ip6.arpa.gz

150 Opening BINARY mode data connection for ip6.arpa.gz (24364 bytes).
Length: 24364 (24K)

     0K .......... .......... ...                             100%  110K=0.2s

226 Transfer complete.
2017-07-19 00:00:45 (110 KB/s) - ‘./domain/ip6.arpa.gz’ saved [24364]

Remote file is newer than local file ‘./domain/ip6.arpa.gz.md5’ -- retrieving.

--2017-07-19 00:00:45--  ftp://ftp.internic.net/domain/ip6.arpa.gz.md5
           => ‘./domain/ip6.arpa.gz.md5’
==> CWD not required.
--> PASV

227 Entering Passive Mode (192,0,32,9,145,150)
--> RETR ip6.arpa.gz.md5

150 Opening BINARY mode data connection for ip6.arpa.gz.md5 (51 bytes).
Length: 51

     0K                                                       100% 1.11M=0s

226 Transfer complete.
2017-07-19 00:00:47 (1.11 MB/s) - ‘./domain/ip6.arpa.gz.md5’ saved [51]

Remote file is newer than local file ‘./domain/ip6.arpa.gz.sha256’ -- retrieving.

--2017-07-19 00:00:47--  ftp://ftp.internic.net/domain/ip6.arpa.gz.sha256
           => ‘./domain/ip6.arpa.gz.sha256’
==> CWD not required.
--> PASV

227 Entering Passive Mode (192,0,32,9,196,142)
--> RETR ip6.arpa.gz.sha256

150 Opening BINARY mode data connection for ip6.arpa.gz.sha256 (86 bytes).
Length: 86

     0K                                                       100% 1.91M=0s

226 Transfer complete.
2017-07-19 00:00:48 (1.91 MB/s) - ‘./domain/ip6.arpa.gz.sha256’ saved [86]

Remote file is newer than local file ‘./domain/ip6.arpa.md5’ -- retrieving.

--2017-07-19 00:00:48--  ftp://ftp.internic.net/domain/ip6.arpa.md5
           => ‘./domain/ip6.arpa.md5’
==> CWD not required.
--> PASV

227 Entering Passive Mode (192,0,32,9,232,149)
--> RETR ip6.arpa.md5

150 Opening BINARY mode data connection for ip6.arpa.md5 (48 bytes).
Length: 48

     0K                                                       100% 78.0K=0.001s

226 Transfer complete.
2017-07-19 00:00:49 (78.0 KB/s) - ‘./domain/ip6.arpa.md5’ saved [48]

Remote file is newer than local file ‘./domain/ip6.arpa.sha256’ -- retrieving.

--2017-07-19 00:00:49--  ftp://ftp.internic.net/domain/ip6.arpa.sha256
           => ‘./domain/ip6.arpa.sha256’
==> CWD not required.
--> PASV

227 Entering Passive Mode (192,0,32,9,42,48)
--> RETR ip6.arpa.sha256

150 Opening BINARY mode data connection for ip6.arpa.sha256 (83 bytes).
Length: 83

     0K                                                       100% 1.62M=0s

226 Transfer complete.
2017-07-19 00:00:50 (1.62 MB/s) - ‘./domain/ip6.arpa.sha256’ saved [83]

Remote file is newer than local file ‘./domain/ip6.arpa.zone’ -- retrieving.

--2017-07-19 00:00:50--  ftp://ftp.internic.net/domain/ip6.arpa.zone
           => ‘./domain/ip6.arpa.zone’
==> CWD not required.
--> PASV

227 Entering Passive Mode (192,0,32,9,244,25)
--> RETR ip6.arpa.zone

150 Opening BINARY mode data connection for ip6.arpa.zone (61264 bytes).
Length: 61264 (60K)

     0K .......... .......... .......... .......... .......... 83%  102K 0s
    50K .........                                             100% 1.99M=0.5s

226 Transfer complete.
2017-07-19 00:00:51 (121 KB/s) - ‘./domain/ip6.arpa.zone’ saved [61264]

Remote file is newer than local file ‘./domain/ip6.arpa.zone.gz’ -- retrieving.

--2017-07-19 00:00:51--  ftp://ftp.internic.net/domain/ip6.arpa.zone.gz
           => ‘./domain/ip6.arpa.zone.gz’
==> CWD not required.
--> PASV

227 Entering Passive Mode (192,0,32,9,194,168)
--> RETR ip6.arpa.zone.gz

150 Opening BINARY mode data connection for ip6.arpa.zone.gz (24364 bytes).
Length: 24364 (24K)

     0K .......... .......... ...                             100%  105K=0.2s

226 Transfer complete.
2017-07-19 00:00:52 (105 KB/s) - ‘./domain/ip6.arpa.zone.gz’ saved [24364]

Remote file is newer than local file ‘./domain/ip6.arpa.zone.gz.md5’ -- retrieving.

--2017-07-19 00:00:52--  ftp://ftp.internic.net/domain/ip6.arpa.zone.gz.md5
           => ‘./domain/ip6.arpa.zone.gz.md5’
==> CWD not required.
--> PASV

227 Entering Passive Mode (192,0,32,9,8,229)
--> RETR ip6.arpa.zone.gz.md5

150 Opening BINARY mode data connection for ip6.arpa.zone.gz.md5 (56 bytes).
Length: 56

     0K                                                       100% 1.27M=0s

226 Transfer complete.
2017-07-19 00:00:54 (1.27 MB/s) - ‘./domain/ip6.arpa.zone.gz.md5’ saved [56]

Remote file is newer than local file ‘./domain/ip6.arpa.zone.gz.sha256’ -- retrieving.

--2017-07-19 00:00:54--  ftp://ftp.internic.net/domain/ip6.arpa.zone.gz.sha256
           => ‘./domain/ip6.arpa.zone.gz.sha256’
==> CWD not required.
--> PASV

227 Entering Passive Mode (192,0,32,9,170,221)
--> RETR ip6.arpa.zone.gz.sha256

150 Opening BINARY mode data connection for ip6.arpa.zone.gz.sha256 (91 bytes).
Length: 91

     0K                                                       100% 1.77M=0s

226 Transfer complete.
2017-07-19 00:00:55 (1.77 MB/s) - ‘./domain/ip6.arpa.zone.gz.sha256’ saved [91]

Remote file is newer than local file ‘./domain/ip6.arpa.zone.md5’ -- retrieving.

--2017-07-19 00:00:55--  ftp://ftp.internic.net/domain/ip6.arpa.zone.md5
           => ‘./domain/ip6.arpa.zone.md5’
==> CWD not required.
--> PASV

227 Entering Passive Mode (192,0,32,9,42,48)
--> RETR ip6.arpa.zone.md5

150 Opening BINARY mode data connection for ip6.arpa.zone.md5 (53 bytes).
Length: 53

     0K                                                       100% 1.15M=0s

226 Transfer complete.
2017-07-19 00:00:56 (1.15 MB/s) - ‘./domain/ip6.arpa.zone.md5’ saved [53]

Remote file is newer than local file ‘./domain/ip6.arpa.zone.sha256’ -- retrieving.

--2017-07-19 00:00:56--  ftp://ftp.internic.net/domain/ip6.arpa.zone.sha256
           => ‘./domain/ip6.arpa.zone.sha256’
==> CWD not required.
--> PASV

227 Entering Passive Mode (192,0,32,9,23,151)
--> RETR ip6.arpa.zone.sha256

150 Opening BINARY mode data connection for ip6.arpa.zone.sha256 (88 bytes).
Length: 88

     0K                                                       100% 1.58M=0s

226 Transfer complete.
2017-07-19 00:00:57 (1.58 MB/s) - ‘./domain/ip6.arpa.zone.sha256’ saved [88]

Remote file is newer than local file ‘./domain/last_update.txt’ -- retrieving.

--2017-07-19 00:00:57--  ftp://ftp.internic.net/domain/last_update.txt
           => ‘./domain/last_update.txt’
==> CWD not required.
--> PASV

227 Entering Passive Mode (192,0,32,9,133,216)
--> RETR last_update.txt

150 Opening BINARY mode data connection for last_update.txt (21 bytes).
Length: 21

     0K                                                       100%  394K=0s

226 Transfer complete.
2017-07-19 00:00:58 (394 KB/s) - ‘./domain/last_update.txt’ saved [21]

Remote file no newer than local file ‘./domain/named.cache’ -- not retrieving.
Remote file no newer than local file ‘./domain/named.cache.md5’ -- not retrieving.
Remote file no newer than local file ‘./domain/named.cache.sig’ -- not retrieving.
Remote file no newer than local file ‘./domain/named.root’ -- not retrieving.
Remote file no newer than local file ‘./domain/named.root.md5’ -- not retrieving.
Remote file no newer than local file ‘./domain/named.root.sig’ -- not retrieving.
Remote file no newer than local file ‘./domain/root-servers.net.zone’ -- not retrieving.
Remote file no newer than local file ‘./domain/root-servers.net.zone.gz’ -- not retrieving.
Remote file no newer than local file ‘./domain/root-servers.net.zone.gz.md5’ -- not retrieving.
Remote file no newer than local file ‘./domain/root-servers.net.zone.gz.sig’ -- not retrieving.
Remote file is newer than local file ‘./domain/root.zone’ -- retrieving.

--2017-07-19 00:00:58--  ftp://ftp.internic.net/domain/root.zone
           => ‘./domain/root.zone’
==> CWD not required.
--> PASV

227 Entering Passive Mode (192,0,32,9,197,194)
--> RETR root.zone

150 Opening BINARY mode data connection for root.zone (2260929 bytes).
Length: 2260929 (2.2M)

     0K .......... .......... .......... .......... ..........  2%  106K 20s
    50K .......... .......... .......... .......... ..........  4%  149K 17s
   100K .......... .......... .......... .......... ..........  6% 3.32M 11s
   150K .......... .......... .......... .......... ..........  9% 83.9K 14s
   200K .......... .......... .......... .......... .......... 11%  150K 14s
   250K .......... .......... .......... .......... .......... 13%  106K 14s
   300K .......... .......... .......... .......... .......... 15%  210K 13s
   350K .......... .......... .......... .......... .......... 18%  234K 12s
   400K .......... .......... .......... .......... .......... 20% 99.7K 12s
   450K .......... .......... .......... .......... .......... 22% 68.4M 11s
   500K .......... .......... .......... .......... .......... 24%  200K 10s
   550K .......... .......... .......... .......... .......... 27%  226K 10s
   600K .......... .......... .......... .......... .......... 29% 70.6M 9s
   650K .......... .......... .......... .......... .......... 31% 75.7K 9s
   700K .......... .......... .......... .......... .......... 33% 3.88M 8s
   750K .......... .......... .......... .......... .......... 36% 99.1K 8s
   800K .......... .......... .......... .......... .......... 38%  111K 8s
   850K .......... .......... .......... .......... .......... 40% 65.5K 9s
   900K .......... .......... .......... .......... .......... 43%  171K 8s
   950K .......... .......... .......... .......... .......... 45% 81.2K 8s
  1000K .......... .......... .......... .......... .......... 47% 90.2K 8s
  1050K .......... .......... .......... .......... .......... 49% 68.7K 8s
  1100K .......... .......... .......... .......... .......... 52% 57.6K 8s
  1150K .......... .......... .......... .......... .......... 54% 73.2K 8s
  1200K .......... .......... .......... .......... .......... 56% 58.7K 8s
  1250K .......... .......... .......... .......... .......... 58% 67.6K 8s
  1300K .......... .......... .......... .......... .......... 61% 71.6K 8s
  1350K .......... .......... .......... .......... .......... 63%  107K 7s
  1400K .......... .......... .......... .......... .......... 65% 52.0K 7s
  1450K .......... .......... .......... .......... .......... 67% 71.7K 7s
  1500K .......... .......... .......... .......... .......... 70%  121K 6s
  1550K .......... .......... .......... .......... .......... 72%  100K 6s
  1600K .......... .......... .......... .......... .......... 74% 90.2K 5s
  1650K .......... .......... .......... .......... .......... 76%  125K 5s
  1700K .......... .......... .......... .......... .......... 79% 97.3K 4s
  1750K .......... .......... .......... .......... .......... 81%  120K 4s
  1800K .......... .......... .......... .......... .......... 83%  122K 3s
  1850K .......... .......... .......... .......... .......... 86%  121K 3s
  1900K .......... .......... .......... .......... .......... 88%  146K 2s
  1950K .......... .......... .......... .......... .......... 90%  114K 2s
  2000K .......... .......... .......... .......... .......... 92% 98.2K 1s
  2050K .......... .......... .......... .......... .......... 95%  165K 1s
  2100K .......... .......... .......... .......... .......... 97% 82.2K 1s
  2150K .......... .......... .......... .......... .......... 99% 58.5K 0s
  2200K .......                                               100% 2.32M=21s

226 Transfer complete.
2017-07-19 00:01:20 (106 KB/s) - ‘./domain/root.zone’ saved [2260929]

The sizes do not match (local 1061514) -- retrieving.

--2017-07-19 00:01:20--  ftp://ftp.internic.net/domain/root.zone.gz
           => ‘./domain/root.zone.gz’
==> CWD not required.
--> PASV

227 Entering Passive Mode (192,0,32,9,198,33)
--> RETR root.zone.gz

150 Opening BINARY mode data connection for root.zone.gz (1061543 bytes).
Length: 1061543 (1.0M)

     0K .......... .......... .......... .......... ..........  4% 33.0K 30s
    50K .......... .......... .......... .......... ..........  9% 60.8K 22s
   100K .......... .......... .......... .......... .......... 14% 63.5K 18s
   150K .......... .......... .......... .......... .......... 19% 30.0K 20s
   200K .......... .......... .......... .......... .......... 24% 44.3K 19s
   250K .......... .......... .......... .......... .......... 28% 38.3K 18s
   300K .......... .......... .......... .......... .......... 33% 29.2K 18s
   350K .......... .......... .......... .......... .......... 38% 50.6K 16s
   400K .......... .......... .......... .......... .......... 43% 55.1K 14s
   450K .......... .......... .......... .......... .......... 48% 49.5K 13s
   500K .......... .......... .......... .......... .......... 53% 59.9K 11s
   550K .......... .......... .......... .......... .......... 57% 90.1K 10s
   600K .......... .......... .......... .......... .......... 62% 86.6K 8s
   650K .......... .......... .......... .......... .......... 67% 98.2K 7s
   700K .......... .......... .......... .......... .......... 72% 81.5K 6s
   750K .......... .......... .......... .......... .......... 77%  158K 5s
   800K .......... .......... .......... .......... .......... 81% 82.3K 3s
   850K .......... .......... .......... .......... .......... 86%  106K 2s
   900K .......... .......... .......... .......... .......... 91% 86.0K 2s
   950K .......... .......... .......... .......... .......... 96% 98.5K 1s
  1000K .......... .......... .......... ......               100%  132K=18s

226 Transfer complete.
2017-07-19 00:01:39 (58.6 KB/s) - ‘./domain/root.zone.gz’ saved [1061543]

Remote file is newer than local file ‘./domain/root.zone.gz.md5’ -- retrieving.

--2017-07-19 00:01:39--  ftp://ftp.internic.net/domain/root.zone.gz.md5
           => ‘./domain/root.zone.gz.md5’
==> CWD not required.
--> PASV

227 Entering Passive Mode (192,0,32,9,220,49)
--> RETR root.zone.gz.md5

150 Opening BINARY mode data connection for root.zone.gz.md5 (33 bytes).
Length: 33

     0K                                                       100%  658K=0s

226 Transfer complete.
2017-07-19 00:01:40 (658 KB/s) - ‘./domain/root.zone.gz.md5’ saved [33]

Remote file is newer than local file ‘./domain/root.zone.gz.sig’ -- retrieving.

--2017-07-19 00:01:40--  ftp://ftp.internic.net/domain/root.zone.gz.sig
           => ‘./domain/root.zone.gz.sig’
==> CWD not required.
--> PASV

227 Entering Passive Mode (192,0,32,9,42,176)
--> RETR root.zone.gz.sig

150 Opening BINARY mode data connection for root.zone.gz.sig (72 bytes).
Length: 72

     0K                                                       100% 1.60M=0s

226 Transfer complete.
2017-07-19 00:01:41 (1.60 MB/s) - ‘./domain/root.zone.gz.sig’ saved [72]

Remote file is newer than local file ‘./domain/root.zone.md5’ -- retrieving.

--2017-07-19 00:01:44--  ftp://ftp.internic.net/domain/root.zone.md5
           => ‘./domain/root.zone.md5’
==> CWD not required.
--> PASV

227 Entering Passive Mode (192,0,32,9,196,67)
--> RETR root.zone.md5

150 Opening BINARY mode data connection for root.zone.md5 (33 bytes).
Length: 33

     0K                                                       100%  749K=0s

226 Transfer complete.
2017-07-19 00:01:45 (749 KB/s) - ‘./domain/root.zone.md5’ saved [33]

Remote file is newer than local file ‘./domain/root.zone.sig’ -- retrieving.

--2017-07-19 00:01:45--  ftp://ftp.internic.net/domain/root.zone.sig
           => ‘./domain/root.zone.sig’
==> CWD not required.
--> PASV

227 Entering Passive Mode (192,0,32,9,42,128)
--> RETR root.zone.sig

150 Opening BINARY mode data connection for root.zone.sig (72 bytes).
Length: 72

     0K                                                       100%  110K=0.001s

226 Transfer complete.
2017-07-19 00:01:53 (110 KB/s) - ‘./domain/root.zone.sig’ saved [72]

FINISHED --2017-07-19 00:01:53--
Total wall clock time: 1m 51s
Downloaded: 40 files, 4.0M in 47s (85.6 KB/s)
