--2017-03-20 00:00:04--  ftp://ftp.internic.net/*
           => ‘./.listing’
Resolving ftp.internic.net (ftp.internic.net)... 192.0.32.9, 2620:0:2d0:200::9
Connecting to ftp.internic.net (ftp.internic.net)|192.0.32.9|:21... connected.
Logging in as anonymous ... 
220 Internic FTP Server
--> USER anonymous

331 Please specify the password.
--> PASS Turtle Power!

230 Login successful.
--> SYST

215 UNIX Type: L8
--> PWD

257 "/"
--> TYPE I

200 Switching to Binary mode.
==> CWD not needed.
--> PASV

227 Entering Passive Mode (192,0,32,9,42,234)
--> LIST -a

150 Here comes the directory listing.

     0K                                                         751K=0s

226 Directory send OK.
drwxr-xr-x    3 ftp      ftp          4096 Apr 04  2012 .
drwxr-xr-x    3 ftp      ftp          4096 Apr 04  2012 ..
drwxr-xr-x    2 ftp      ftp          4096 Sep 09  2015 domain
2017-03-20 00:00:21 (751 KB/s) - ‘./.listing’ saved [183]

--2017-03-20 00:00:21--  ftp://ftp.internic.net/domain/*
           => ‘./domain/.listing’
--> CWD /domain

250 Directory successfully changed.
--> PASV

227 Entering Passive Mode (192,0,32,9,193,97)
--> LIST -a

150 Here comes the directory listing.

     0K ...                                                     406K=0.009s

226 Directory send OK.
drwxr-xr-x    2 ftp      ftp          4096 Sep 09  2015 .
drwxr-xr-x    3 ftp      ftp          4096 Apr 04  2012 ..
-rw-r--r--    1 ftp      ftp          1829 Aug 18  2015 .listing
-rw-r--r--    1 ftp      ftp          1224 Mar 19 13:10 INTERNIC_ROOT_ZONE.signatures
-rw-r--r--    1 ftp      ftp          1469 Mar 19 13:10 INTERNIC_ROOT_ZONE.signatures.asc
-rw-r--r--    1 ftp      ftp         15228 Mar 19 13:10 arpa.zone
-rw-r--r--    1 ftp      ftp          6643 Mar 19 13:10 arpa.zone.gz
-rw-r--r--    1 ftp      ftp            33 Mar 19 13:10 arpa.zone.gz.md5
-rw-r--r--    1 ftp      ftp            72 Mar 19 13:10 arpa.zone.gz.sig
-rw-r--r--    1 ftp      ftp          3291 Oct 20 19:35 db.cache
-rw-r--r--    1 ftp      ftp            33 Oct 20 19:35 db.cache.md5
-rw-r--r--    1 ftp      ftp            72 Oct 20 19:35 db.cache.sig
-rw-r--r--    1 ftp      ftp        228015 Mar 19 15:40 in-addr.arpa
-rw-r--r--    1 ftp      ftp         90411 Mar 19 15:40 in-addr.arpa.gz
-rw-r--r--    1 ftp      ftp            55 Mar 19 15:40 in-addr.arpa.gz.md5
-rw-r--r--    1 ftp      ftp            90 Mar 19 15:40 in-addr.arpa.gz.sha256
-rw-r--r--    1 ftp      ftp            52 Mar 19 15:40 in-addr.arpa.md5
-rw-r--r--    1 ftp      ftp            87 Mar 19 15:40 in-addr.arpa.sha256
-rw-r--r--    1 ftp      ftp        228015 Mar 19 15:40 in-addr.arpa.zone
-rw-r--r--    1 ftp      ftp         90411 Mar 19 15:40 in-addr.arpa.zone.gz
-rw-r--r--    1 ftp      ftp            60 Mar 19 15:40 in-addr.arpa.zone.gz.md5
-rw-r--r--    1 ftp      ftp            95 Mar 19 15:40 in-addr.arpa.zone.gz.sha256
-rw-r--r--    1 ftp      ftp            57 Mar 19 15:40 in-addr.arpa.zone.md5
-rw-r--r--    1 ftp      ftp            92 Mar 19 15:40 in-addr.arpa.zone.sha256
-rw-r--r--    1 ftp      ftp         60746 Mar 19 15:40 ip6.arpa
-rw-r--r--    1 ftp      ftp         24339 Mar 19 15:40 ip6.arpa.gz
-rw-r--r--    1 ftp      ftp            51 Mar 19 15:40 ip6.arpa.gz.md5
-rw-r--r--    1 ftp      ftp            86 Mar 19 15:40 ip6.arpa.gz.sha256
-rw-r--r--    1 ftp      ftp            48 Mar 19 15:40 ip6.arpa.md5
-rw-r--r--    1 ftp      ftp            83 Mar 19 15:40 ip6.arpa.sha256
-rw-r--r--    1 ftp      ftp         60746 Mar 19 15:40 ip6.arpa.zone
-rw-r--r--    1 ftp      ftp         24339 Mar 19 15:40 ip6.arpa.zone.gz
-rw-r--r--    1 ftp      ftp            56 Mar 19 15:40 ip6.arpa.zone.gz.md5
-rw-r--r--    1 ftp      ftp            91 Mar 19 15:40 ip6.arpa.zone.gz.sha256
-rw-r--r--    1 ftp      ftp            53 Mar 19 15:40 ip6.arpa.zone.md5
-rw-r--r--    1 ftp      ftp            88 Mar 19 15:40 ip6.arpa.zone.sha256
-rw-r--r--    1 ftp      ftp            21 Mar 19 15:40 last_update.txt
-rw-r--r--    1 ftp      ftp          3291 Oct 20 19:35 named.cache
-rw-r--r--    1 ftp      ftp            33 Oct 20 19:35 named.cache.md5
-rw-r--r--    1 ftp      ftp            72 Oct 20 19:35 named.cache.sig
-rw-r--r--    1 ftp      ftp          3291 Oct 20 19:35 named.root
-rw-r--r--    1 ftp      ftp            33 Oct 20 19:35 named.root.md5
-rw-r--r--    1 ftp      ftp            72 Oct 20 19:35 named.root.sig
-rw-r--r--    1 ftp      ftp          2110 Oct 20 19:35 root-servers.net.zone
-rw-r--r--    1 ftp      ftp           574 Oct 20 19:35 root-servers.net.zone.gz
-rw-r--r--    1 ftp      ftp            33 Oct 20 19:35 root-servers.net.zone.gz.md5
-rw-r--r--    1 ftp      ftp            72 Oct 20 19:35 root-servers.net.zone.gz.sig
-rw-r--r--    1 ftp      ftp       2230823 Mar 19 05:10 root.zone
-rw-r--r--    1 ftp      ftp       1047785 Mar 19 05:10 root.zone.gz
-rw-r--r--    1 ftp      ftp            33 Mar 19 05:10 root.zone.gz.md5
-rw-r--r--    1 ftp      ftp            72 Mar 19 05:10 root.zone.gz.sig
-rw-r--r--    1 ftp      ftp            33 Mar 19 05:10 root.zone.md5
-rw-r--r--    1 ftp      ftp            72 Mar 19 05:10 root.zone.sig
2017-03-20 00:00:22 (406 KB/s) - ‘./domain/.listing’ saved [3930]

The sizes do not match (local 3930) -- retrieving.

--2017-03-20 00:00:22--  ftp://ftp.internic.net/domain/.listing
           => ‘./domain/.listing’
==> CWD not required.
--> PASV

227 Entering Passive Mode (192,0,32,9,71,39)
--> RETR .listing

150 Opening BINARY mode data connection for .listing (1829 bytes).
Length: 1829 (1.8K)

     0K .                                                     100% 4.35M=0s

226 Transfer complete.
2017-03-20 00:00:23 (4.35 MB/s) - ‘./domain/.listing’ saved [1829]

Remote file is newer than local file ‘./domain/INTERNIC_ROOT_ZONE.signatures’ -- retrieving.

--2017-03-20 00:00:23--  ftp://ftp.internic.net/domain/INTERNIC_ROOT_ZONE.signatures
           => ‘./domain/INTERNIC_ROOT_ZONE.signatures’
==> CWD not required.
--> PASV

227 Entering Passive Mode (192,0,32,9,110,35)
--> RETR INTERNIC_ROOT_ZONE.signatures

150 Opening BINARY mode data connection for INTERNIC_ROOT_ZONE.signatures (1224 bytes).
Length: 1224 (1.2K)

     0K .                                                     100% 5.38M=0s

226 Transfer complete.
2017-03-20 00:00:24 (5.38 MB/s) - ‘./domain/INTERNIC_ROOT_ZONE.signatures’ saved [1224]

Remote file is newer than local file ‘./domain/INTERNIC_ROOT_ZONE.signatures.asc’ -- retrieving.

--2017-03-20 00:00:24--  ftp://ftp.internic.net/domain/INTERNIC_ROOT_ZONE.signatures.asc
           => ‘./domain/INTERNIC_ROOT_ZONE.signatures.asc’
==> CWD not required.
--> PASV

227 Entering Passive Mode (192,0,32,9,122,74)
--> RETR INTERNIC_ROOT_ZONE.signatures.asc

150 Opening BINARY mode data connection for INTERNIC_ROOT_ZONE.signatures.asc (1469 bytes).
Length: 1469 (1.4K)

     0K .                                                     100% 1.46M=0.001s

226 Transfer complete.
2017-03-20 00:00:24 (1.46 MB/s) - ‘./domain/INTERNIC_ROOT_ZONE.signatures.asc’ saved [1469]

Remote file is newer than local file ‘./domain/arpa.zone’ -- retrieving.

--2017-03-20 00:00:24--  ftp://ftp.internic.net/domain/arpa.zone
           => ‘./domain/arpa.zone’
==> CWD not required.
--> PASV

227 Entering Passive Mode (192,0,32,9,214,108)
--> RETR arpa.zone

150 Opening BINARY mode data connection for arpa.zone (15228 bytes).
Length: 15228 (15K)

     0K .......... ....                                       100% 24.4M=0.001s

226 Transfer complete.
2017-03-20 00:00:25 (24.4 MB/s) - ‘./domain/arpa.zone’ saved [15228]

The sizes do not match (local 6644) -- retrieving.

--2017-03-20 00:00:25--  ftp://ftp.internic.net/domain/arpa.zone.gz
           => ‘./domain/arpa.zone.gz’
==> CWD not required.
--> PASV

227 Entering Passive Mode (192,0,32,9,9,244)
--> RETR arpa.zone.gz

150 Opening BINARY mode data connection for arpa.zone.gz (6643 bytes).
Length: 6643 (6.5K)

     0K ......                                                100% 52.4M=0s

226 Transfer complete.
2017-03-20 00:00:26 (52.4 MB/s) - ‘./domain/arpa.zone.gz’ saved [6643]

Remote file is newer than local file ‘./domain/arpa.zone.gz.md5’ -- retrieving.

--2017-03-20 00:00:26--  ftp://ftp.internic.net/domain/arpa.zone.gz.md5
           => ‘./domain/arpa.zone.gz.md5’
==> CWD not required.
--> PASV

227 Entering Passive Mode (192,0,32,9,21,111)
--> RETR arpa.zone.gz.md5

150 Opening BINARY mode data connection for arpa.zone.gz.md5 (33 bytes).
Length: 33

     0K                                                       100%  150K=0s

226 Transfer complete.
2017-03-20 00:00:28 (150 KB/s) - ‘./domain/arpa.zone.gz.md5’ saved [33]

Remote file is newer than local file ‘./domain/arpa.zone.gz.sig’ -- retrieving.

--2017-03-20 00:00:28--  ftp://ftp.internic.net/domain/arpa.zone.gz.sig
           => ‘./domain/arpa.zone.gz.sig’
==> CWD not required.
--> PASV

227 Entering Passive Mode (192,0,32,9,130,47)
--> RETR arpa.zone.gz.sig

150 Opening BINARY mode data connection for arpa.zone.gz.sig (72 bytes).
Length: 72

     0K                                                       100%  333K=0s

226 Transfer complete.
2017-03-20 00:00:28 (333 KB/s) - ‘./domain/arpa.zone.gz.sig’ saved [72]

Remote file no newer than local file ‘./domain/db.cache’ -- not retrieving.
Remote file no newer than local file ‘./domain/db.cache.md5’ -- not retrieving.
Remote file no newer than local file ‘./domain/db.cache.sig’ -- not retrieving.
Remote file is newer than local file ‘./domain/in-addr.arpa’ -- retrieving.

--2017-03-20 00:00:28--  ftp://ftp.internic.net/domain/in-addr.arpa
           => ‘./domain/in-addr.arpa’
==> CWD not required.
--> PASV

227 Entering Passive Mode (192,0,32,9,41,52)
--> RETR in-addr.arpa

150 Opening BINARY mode data connection for in-addr.arpa (228015 bytes).
Length: 228015 (223K)

     0K .......... .......... .......... .......... .......... 22%  143K 1s
    50K .......... .......... .......... .......... .......... 44%  259K 1s
   100K .......... .......... .......... .......... .......... 67% 7.20M 0s
   150K .......... .......... .......... .......... .......... 89%  243K 0s
   200K .......... .......... ..                              100% 2.35M=0.8s

226 Transfer complete.
2017-03-20 00:00:30 (291 KB/s) - ‘./domain/in-addr.arpa’ saved [228015]

The sizes do not match (local 90406) -- retrieving.

--2017-03-20 00:00:30--  ftp://ftp.internic.net/domain/in-addr.arpa.gz
           => ‘./domain/in-addr.arpa.gz’
==> CWD not required.
--> PASV

227 Entering Passive Mode (192,0,32,9,133,197)
--> RETR in-addr.arpa.gz

150 Opening BINARY mode data connection for in-addr.arpa.gz (90411 bytes).
Length: 90411 (88K)

     0K .......... .......... .......... .......... .......... 56% 93.1K 0s
    50K .......... .......... .......... ........             100% 4.71M=0.5s

226 Transfer complete.
2017-03-20 00:00:32 (162 KB/s) - ‘./domain/in-addr.arpa.gz’ saved [90411]

Remote file is newer than local file ‘./domain/in-addr.arpa.gz.md5’ -- retrieving.

--2017-03-20 00:00:32--  ftp://ftp.internic.net/domain/in-addr.arpa.gz.md5
           => ‘./domain/in-addr.arpa.gz.md5’
==> CWD not required.
--> PASV

227 Entering Passive Mode (192,0,32,9,42,186)
--> RETR in-addr.arpa.gz.md5

150 Opening BINARY mode data connection for in-addr.arpa.gz.md5 (55 bytes).
Length: 55

     0K                                                       100%  368K=0s

226 Transfer complete.
2017-03-20 00:00:33 (368 KB/s) - ‘./domain/in-addr.arpa.gz.md5’ saved [55]

Remote file is newer than local file ‘./domain/in-addr.arpa.gz.sha256’ -- retrieving.

--2017-03-20 00:00:33--  ftp://ftp.internic.net/domain/in-addr.arpa.gz.sha256
           => ‘./domain/in-addr.arpa.gz.sha256’
==> CWD not required.
--> PASV

227 Entering Passive Mode (192,0,32,9,88,191)
--> RETR in-addr.arpa.gz.sha256

150 Opening BINARY mode data connection for in-addr.arpa.gz.sha256 (90 bytes).
Length: 90

     0K                                                       100%  442K=0s

226 Transfer complete.
2017-03-20 00:00:34 (442 KB/s) - ‘./domain/in-addr.arpa.gz.sha256’ saved [90]

Remote file is newer than local file ‘./domain/in-addr.arpa.md5’ -- retrieving.

--2017-03-20 00:00:34--  ftp://ftp.internic.net/domain/in-addr.arpa.md5
           => ‘./domain/in-addr.arpa.md5’
==> CWD not required.
--> PASV

227 Entering Passive Mode (192,0,32,9,196,9)
--> RETR in-addr.arpa.md5

150 Opening BINARY mode data connection for in-addr.arpa.md5 (52 bytes).
Length: 52

     0K                                                       100%  245K=0s

226 Transfer complete.
2017-03-20 00:00:35 (245 KB/s) - ‘./domain/in-addr.arpa.md5’ saved [52]

Remote file is newer than local file ‘./domain/in-addr.arpa.sha256’ -- retrieving.

--2017-03-20 00:00:35--  ftp://ftp.internic.net/domain/in-addr.arpa.sha256
           => ‘./domain/in-addr.arpa.sha256’
==> CWD not required.
--> PASV

227 Entering Passive Mode (192,0,32,9,11,38)
--> RETR in-addr.arpa.sha256

150 Opening BINARY mode data connection for in-addr.arpa.sha256 (87 bytes).
Length: 87

     0K                                                       100%  196K=0s

226 Transfer complete.
2017-03-20 00:00:36 (196 KB/s) - ‘./domain/in-addr.arpa.sha256’ saved [87]

Remote file is newer than local file ‘./domain/in-addr.arpa.zone’ -- retrieving.

--2017-03-20 00:00:36--  ftp://ftp.internic.net/domain/in-addr.arpa.zone
           => ‘./domain/in-addr.arpa.zone’
==> CWD not required.
--> PASV

227 Entering Passive Mode (192,0,32,9,236,33)
--> RETR in-addr.arpa.zone

150 Opening BINARY mode data connection for in-addr.arpa.zone (228015 bytes).
Length: 228015 (223K)

     0K .......... .......... .......... .......... .......... 22%  104K 2s
    50K .......... .......... .......... .......... .......... 44%  218K 1s
   100K .......... .......... .......... .......... .......... 67% 5.13M 0s
   150K .......... .......... .......... .......... .......... 89%  216K 0s
   200K .......... .......... ..                              100%  108K=1.2s

226 Transfer complete.
2017-03-20 00:00:38 (192 KB/s) - ‘./domain/in-addr.arpa.zone’ saved [228015]

The sizes do not match (local 90406) -- retrieving.

--2017-03-20 00:00:38--  ftp://ftp.internic.net/domain/in-addr.arpa.zone.gz
           => ‘./domain/in-addr.arpa.zone.gz’
==> CWD not required.
--> PASV

227 Entering Passive Mode (192,0,32,9,42,247)
--> RETR in-addr.arpa.zone.gz

150 Opening BINARY mode data connection for in-addr.arpa.zone.gz (90411 bytes).
Length: 90411 (88K)

     0K .......... .......... .......... .......... .......... 56%  107K 0s
    50K .......... .......... .......... ........             100% 10.5M=0.5s

226 Transfer complete.
2017-03-20 00:00:39 (188 KB/s) - ‘./domain/in-addr.arpa.zone.gz’ saved [90411]

Remote file is newer than local file ‘./domain/in-addr.arpa.zone.gz.md5’ -- retrieving.

--2017-03-20 00:00:39--  ftp://ftp.internic.net/domain/in-addr.arpa.zone.gz.md5
           => ‘./domain/in-addr.arpa.zone.gz.md5’
==> CWD not required.
--> PASV

227 Entering Passive Mode (192,0,32,9,42,119)
--> RETR in-addr.arpa.zone.gz.md5

150 Opening BINARY mode data connection for in-addr.arpa.zone.gz.md5 (60 bytes).
Length: 60

     0K                                                       100%  268K=0s

226 Transfer complete.
2017-03-20 00:00:41 (268 KB/s) - ‘./domain/in-addr.arpa.zone.gz.md5’ saved [60]

Remote file is newer than local file ‘./domain/in-addr.arpa.zone.gz.sha256’ -- retrieving.

--2017-03-20 00:00:41--  ftp://ftp.internic.net/domain/in-addr.arpa.zone.gz.sha256
           => ‘./domain/in-addr.arpa.zone.gz.sha256’
==> CWD not required.
--> PASV

227 Entering Passive Mode (192,0,32,9,81,150)
--> RETR in-addr.arpa.zone.gz.sha256

150 Opening BINARY mode data connection for in-addr.arpa.zone.gz.sha256 (95 bytes).
Length: 95

     0K                                                       100%  459K=0s

226 Transfer complete.
2017-03-20 00:00:43 (459 KB/s) - ‘./domain/in-addr.arpa.zone.gz.sha256’ saved [95]

Remote file is newer than local file ‘./domain/in-addr.arpa.zone.md5’ -- retrieving.

--2017-03-20 00:00:43--  ftp://ftp.internic.net/domain/in-addr.arpa.zone.md5
           => ‘./domain/in-addr.arpa.zone.md5’
==> CWD not required.
--> PASV

227 Entering Passive Mode (192,0,32,9,42,119)
--> RETR in-addr.arpa.zone.md5

150 Opening BINARY mode data connection for in-addr.arpa.zone.md5 (57 bytes).
Length: 57

     0K                                                       100%  389K=0s

226 Transfer complete.
2017-03-20 00:00:44 (389 KB/s) - ‘./domain/in-addr.arpa.zone.md5’ saved [57]

Remote file is newer than local file ‘./domain/in-addr.arpa.zone.sha256’ -- retrieving.

--2017-03-20 00:00:44--  ftp://ftp.internic.net/domain/in-addr.arpa.zone.sha256
           => ‘./domain/in-addr.arpa.zone.sha256’
==> CWD not required.
--> PASV

227 Entering Passive Mode (192,0,32,9,191,168)
--> RETR in-addr.arpa.zone.sha256

150 Opening BINARY mode data connection for in-addr.arpa.zone.sha256 (92 bytes).
Length: 92

     0K                                                       100%  438K=0s

226 Transfer complete.
2017-03-20 00:00:45 (438 KB/s) - ‘./domain/in-addr.arpa.zone.sha256’ saved [92]

Remote file is newer than local file ‘./domain/ip6.arpa’ -- retrieving.

--2017-03-20 00:00:45--  ftp://ftp.internic.net/domain/ip6.arpa
           => ‘./domain/ip6.arpa’
==> CWD not required.
--> PASV

227 Entering Passive Mode (192,0,32,9,81,140)
--> RETR ip6.arpa

150 Opening BINARY mode data connection for ip6.arpa (60746 bytes).
Length: 60746 (59K)

     0K .......... .......... .......... .......... .......... 84%  132K 0s
    50K .........                                             100% 12.0M=0.4s

226 Transfer complete.
2017-03-20 00:00:47 (157 KB/s) - ‘./domain/ip6.arpa’ saved [60746]

The sizes do not match (local 24337) -- retrieving.

--2017-03-20 00:00:47--  ftp://ftp.internic.net/domain/ip6.arpa.gz
           => ‘./domain/ip6.arpa.gz’
==> CWD not required.
--> PASV

227 Entering Passive Mode (192,0,32,9,74,0)
--> RETR ip6.arpa.gz

150 Opening BINARY mode data connection for ip6.arpa.gz (24339 bytes).
Length: 24339 (24K)

     0K .......... .......... ...                             100%  134K=0.2s

226 Transfer complete.
2017-03-20 00:00:48 (134 KB/s) - ‘./domain/ip6.arpa.gz’ saved [24339]

Remote file is newer than local file ‘./domain/ip6.arpa.gz.md5’ -- retrieving.

--2017-03-20 00:00:48--  ftp://ftp.internic.net/domain/ip6.arpa.gz.md5
           => ‘./domain/ip6.arpa.gz.md5’
==> CWD not required.
--> PASV

227 Entering Passive Mode (192,0,32,9,241,219)
--> RETR ip6.arpa.gz.md5

150 Opening BINARY mode data connection for ip6.arpa.gz.md5 (51 bytes).
Length: 51

     0K                                                       100%  250K=0s

226 Transfer complete.
2017-03-20 00:00:48 (250 KB/s) - ‘./domain/ip6.arpa.gz.md5’ saved [51]

Remote file is newer than local file ‘./domain/ip6.arpa.gz.sha256’ -- retrieving.

--2017-03-20 00:00:48--  ftp://ftp.internic.net/domain/ip6.arpa.gz.sha256
           => ‘./domain/ip6.arpa.gz.sha256’
==> CWD not required.
--> PASV

227 Entering Passive Mode (192,0,32,9,30,89)
--> RETR ip6.arpa.gz.sha256

150 Opening BINARY mode data connection for ip6.arpa.gz.sha256 (86 bytes).
Length: 86

     0K                                                       100%  402K=0s

226 Transfer complete.
2017-03-20 00:00:49 (402 KB/s) - ‘./domain/ip6.arpa.gz.sha256’ saved [86]

Remote file is newer than local file ‘./domain/ip6.arpa.md5’ -- retrieving.

--2017-03-20 00:00:49--  ftp://ftp.internic.net/domain/ip6.arpa.md5
           => ‘./domain/ip6.arpa.md5’
==> CWD not required.
--> PASV

227 Entering Passive Mode (192,0,32,9,133,40)
--> RETR ip6.arpa.md5

150 Opening BINARY mode data connection for ip6.arpa.md5 (48 bytes).
Length: 48

     0K                                                       100%  215K=0s

226 Transfer complete.
2017-03-20 00:00:53 (215 KB/s) - ‘./domain/ip6.arpa.md5’ saved [48]

Remote file is newer than local file ‘./domain/ip6.arpa.sha256’ -- retrieving.

--2017-03-20 00:00:53--  ftp://ftp.internic.net/domain/ip6.arpa.sha256
           => ‘./domain/ip6.arpa.sha256’
==> CWD not required.
--> PASV

227 Entering Passive Mode (192,0,32,9,123,44)
--> RETR ip6.arpa.sha256

150 Opening BINARY mode data connection for ip6.arpa.sha256 (83 bytes).
Length: 83

     0K                                                       100%  433K=0s

226 Transfer complete.
2017-03-20 00:00:54 (433 KB/s) - ‘./domain/ip6.arpa.sha256’ saved [83]

Remote file is newer than local file ‘./domain/ip6.arpa.zone’ -- retrieving.

--2017-03-20 00:00:54--  ftp://ftp.internic.net/domain/ip6.arpa.zone
           => ‘./domain/ip6.arpa.zone’
==> CWD not required.
--> PASV

227 Entering Passive Mode (192,0,32,9,42,93)
--> RETR ip6.arpa.zone

150 Opening BINARY mode data connection for ip6.arpa.zone (60746 bytes).
Length: 60746 (59K)

     0K .......... .......... .......... .......... .......... 84% 32.5K 0s
    50K .........                                             100% 20.5M=1.5s

226 Transfer complete.
2017-03-20 00:01:04 (38.6 KB/s) - ‘./domain/ip6.arpa.zone’ saved [60746]

The sizes do not match (local 24337) -- retrieving.

--2017-03-20 00:01:04--  ftp://ftp.internic.net/domain/ip6.arpa.zone.gz
           => ‘./domain/ip6.arpa.zone.gz’
==> CWD not required.
--> PASV

227 Entering Passive Mode (192,0,32,9,70,17)
--> RETR ip6.arpa.zone.gz

150 Opening BINARY mode data connection for ip6.arpa.zone.gz (24339 bytes).
Length: 24339 (24K)

     0K .......... .......... ...                             100%  127K=0.2s

226 Transfer complete.
2017-03-20 00:01:05 (127 KB/s) - ‘./domain/ip6.arpa.zone.gz’ saved [24339]

Remote file is newer than local file ‘./domain/ip6.arpa.zone.gz.md5’ -- retrieving.

--2017-03-20 00:01:05--  ftp://ftp.internic.net/domain/ip6.arpa.zone.gz.md5
           => ‘./domain/ip6.arpa.zone.gz.md5’
==> CWD not required.
--> PASV

227 Entering Passive Mode (192,0,32,9,34,232)
--> RETR ip6.arpa.zone.gz.md5

150 Opening BINARY mode data connection for ip6.arpa.zone.gz.md5 (56 bytes).
Length: 56

     0K                                                       100%  182K=0s

226 Transfer complete.
2017-03-20 00:01:05 (182 KB/s) - ‘./domain/ip6.arpa.zone.gz.md5’ saved [56]

Remote file is newer than local file ‘./domain/ip6.arpa.zone.gz.sha256’ -- retrieving.

--2017-03-20 00:01:05--  ftp://ftp.internic.net/domain/ip6.arpa.zone.gz.sha256
           => ‘./domain/ip6.arpa.zone.gz.sha256’
==> CWD not required.
--> PASV

227 Entering Passive Mode (192,0,32,9,71,135)
--> RETR ip6.arpa.zone.gz.sha256

150 Opening BINARY mode data connection for ip6.arpa.zone.gz.sha256 (91 bytes).
Length: 91

     0K                                                       100%  427K=0s

226 Transfer complete.
2017-03-20 00:01:06 (427 KB/s) - ‘./domain/ip6.arpa.zone.gz.sha256’ saved [91]

Remote file is newer than local file ‘./domain/ip6.arpa.zone.md5’ -- retrieving.

--2017-03-20 00:01:06--  ftp://ftp.internic.net/domain/ip6.arpa.zone.md5
           => ‘./domain/ip6.arpa.zone.md5’
==> CWD not required.
--> PASV

227 Entering Passive Mode (192,0,32,9,156,230)
--> RETR ip6.arpa.zone.md5

150 Opening BINARY mode data connection for ip6.arpa.zone.md5 (53 bytes).
Length: 53

     0K                                                       100%  263K=0s

226 Transfer complete.
2017-03-20 00:01:07 (263 KB/s) - ‘./domain/ip6.arpa.zone.md5’ saved [53]

Remote file is newer than local file ‘./domain/ip6.arpa.zone.sha256’ -- retrieving.

--2017-03-20 00:01:07--  ftp://ftp.internic.net/domain/ip6.arpa.zone.sha256
           => ‘./domain/ip6.arpa.zone.sha256’
==> CWD not required.
--> PASV

227 Entering Passive Mode (192,0,32,9,137,137)
--> RETR ip6.arpa.zone.sha256

150 Opening BINARY mode data connection for ip6.arpa.zone.sha256 (88 bytes).
Length: 88

     0K                                                       100%  421K=0s

226 Transfer complete.
2017-03-20 00:01:08 (421 KB/s) - ‘./domain/ip6.arpa.zone.sha256’ saved [88]

Remote file is newer than local file ‘./domain/last_update.txt’ -- retrieving.

--2017-03-20 00:01:08--  ftp://ftp.internic.net/domain/last_update.txt
           => ‘./domain/last_update.txt’
==> CWD not required.
--> PASV

227 Entering Passive Mode (192,0,32,9,42,90)
--> RETR last_update.txt

150 Opening BINARY mode data connection for last_update.txt (21 bytes).
Length: 21

     0K                                                       100% 97.2K=0s

226 Transfer complete.
2017-03-20 00:01:09 (97.2 KB/s) - ‘./domain/last_update.txt’ saved [21]

Remote file no newer than local file ‘./domain/named.cache’ -- not retrieving.
Remote file no newer than local file ‘./domain/named.cache.md5’ -- not retrieving.
Remote file no newer than local file ‘./domain/named.cache.sig’ -- not retrieving.
Remote file no newer than local file ‘./domain/named.root’ -- not retrieving.
Remote file no newer than local file ‘./domain/named.root.md5’ -- not retrieving.
Remote file no newer than local file ‘./domain/named.root.sig’ -- not retrieving.
Remote file no newer than local file ‘./domain/root-servers.net.zone’ -- not retrieving.
Remote file no newer than local file ‘./domain/root-servers.net.zone.gz’ -- not retrieving.
Remote file no newer than local file ‘./domain/root-servers.net.zone.gz.md5’ -- not retrieving.
Remote file no newer than local file ‘./domain/root-servers.net.zone.gz.sig’ -- not retrieving.
Remote file is newer than local file ‘./domain/root.zone’ -- retrieving.

--2017-03-20 00:01:10--  ftp://ftp.internic.net/domain/root.zone
           => ‘./domain/root.zone’
==> CWD not required.
--> PASV

227 Entering Passive Mode (192,0,32,9,182,177)
--> RETR root.zone

150 Opening BINARY mode data connection for root.zone (2230823 bytes).
Length: 2230823 (2.1M)

     0K .......... .......... .......... .......... ..........  2%  173K 12s
    50K .......... .......... .......... .......... ..........  4%  271K 10s
   100K .......... .......... .......... .......... ..........  6% 11.0M 6s
   150K .......... .......... .......... .......... ..........  9%  330K 6s
   200K .......... .......... .......... .......... .......... 11% 2.96M 5s
   250K .......... .......... .......... .......... .......... 13%  149K 6s
   300K .......... .......... .......... .......... .......... 16% 20.5M 5s
   350K .......... .......... .......... .......... .......... 18%  313K 5s
   400K .......... .......... .......... .......... .......... 20% 7.69M 4s
   450K .......... .......... .......... .......... .......... 22% 15.0M 4s
   500K .......... .......... .......... .......... .......... 25% 10.4M 3s
   550K .......... .......... .......... .......... .......... 27%  149K 4s
   600K .......... .......... .......... .......... .......... 29% 24.2M 4s
   650K .......... .......... .......... .......... .......... 32% 21.6M 3s
   700K .......... .......... .......... .......... .......... 34%  152K 3s
   750K .......... .......... .......... .......... .......... 36% 17.1M 3s
   800K .......... .......... .......... .......... .......... 39% 15.4M 3s
   850K .......... .......... .......... .......... .......... 41%  337K 3s
   900K .......... .......... .......... .......... .......... 43%  297K 3s
   950K .......... .......... .......... .......... .......... 45% 2.50M 3s
  1000K .......... .......... .......... .......... .......... 48%  324K 2s
  1050K .......... .......... .......... .......... .......... 50%  306K 2s
  1100K .......... .......... .......... .......... .......... 52%  227K 2s
  1150K .......... .......... .......... .......... .......... 55% 13.1M 2s
  1200K .......... .......... .......... .......... .......... 57%  124K 2s
  1250K .......... .......... .......... .......... .......... 59% 16.4M 2s
  1300K .......... .......... .......... .......... .......... 61%  709K 2s
  1350K .......... .......... .......... .......... .......... 64%  146K 2s
  1400K .......... .......... .......... .......... .......... 66%  282K 2s
  1450K .......... .......... .......... .......... .......... 68%  160K 2s
  1500K .......... .......... .......... .......... .......... 71%  179K 2s
  1550K .......... .......... .......... .......... .......... 73%  202K 2s
  1600K .......... .......... .......... .......... .......... 75%  153K 2s
  1650K .......... .......... .......... .......... .......... 78%  200K 1s
  1700K .......... .......... .......... .......... .......... 80%  195K 1s
  1750K .......... .......... .......... .......... .......... 82%  141K 1s
  1800K .......... .......... .......... .......... .......... 84%  123K 1s
  1850K .......... .......... .......... .......... .......... 87%  117K 1s
  1900K .......... .......... .......... .......... .......... 89%  147K 1s
  1950K .......... .......... .......... .......... .......... 91%  119K 1s
  2000K .......... .......... .......... .......... .......... 94%  115K 0s
  2050K .......... .......... .......... .......... .......... 96%  129K 0s
  2100K .......... .......... .......... .......... .......... 98%  147K 0s
  2150K .......... .......... ........                        100%  143K=8.7s

226 Transfer complete.
2017-03-20 00:01:19 (251 KB/s) - ‘./domain/root.zone’ saved [2230823]

The sizes do not match (local 1047562) -- retrieving.

--2017-03-20 00:01:19--  ftp://ftp.internic.net/domain/root.zone.gz
           => ‘./domain/root.zone.gz’
==> CWD not required.
--> PASV

227 Entering Passive Mode (192,0,32,9,87,160)
--> RETR root.zone.gz

150 Opening BINARY mode data connection for root.zone.gz (1047785 bytes).
Length: 1047785 (1023K)

     0K .......... .......... .......... .......... ..........  4%  102K 10s
    50K .......... .......... .......... .......... ..........  9%  145K 8s
   100K .......... .......... .......... .......... .......... 14% 99.0K 8s
   150K .......... .......... .......... .......... .......... 19%  288K 6s
   200K .......... .......... .......... .......... .......... 24%  147K 6s
   250K .......... .......... .......... .......... .......... 29%  141K 5s
   300K .......... .......... .......... .......... .......... 34%  326K 5s
   350K .......... .......... .......... .......... .......... 39%  149K 4s
   400K .......... .......... .......... .......... .......... 43%  288K 4s
   450K .......... .......... .......... .......... .......... 48% 98.6K 4s
   500K .......... .......... .......... .......... .......... 53%  296K 3s
   550K .......... .......... .......... .......... .......... 58%  148K 3s
   600K .......... .......... .......... .......... .......... 63%  291K 2s
   650K .......... .......... .......... .......... .......... 68% 92.7K 2s
   700K .......... .......... .......... .......... .......... 73% 34.9M 2s
   750K .......... .......... .......... .......... .......... 78%  163K 1s
   800K .......... .......... .......... .......... .......... 83%  149K 1s
   850K .......... .......... .......... .......... .......... 87%  216K 1s
   900K .......... .......... .......... .......... .......... 92%  180K 0s
   950K .......... .......... .......... .......... .......... 97%  147K 0s
  1000K .......... .......... ...                             100% 20.2M=6.1s

226 Transfer complete.
2017-03-20 00:01:26 (168 KB/s) - ‘./domain/root.zone.gz’ saved [1047785]

Remote file is newer than local file ‘./domain/root.zone.gz.md5’ -- retrieving.

--2017-03-20 00:01:26--  ftp://ftp.internic.net/domain/root.zone.gz.md5
           => ‘./domain/root.zone.gz.md5’
==> CWD not required.
--> PASV

227 Entering Passive Mode (192,0,32,9,109,189)
--> RETR root.zone.gz.md5

150 Opening BINARY mode data connection for root.zone.gz.md5 (33 bytes).
Length: 33

     0K                                                       100% 6.03K=0.005s

226 Transfer complete.
2017-03-20 00:01:27 (6.03 KB/s) - ‘./domain/root.zone.gz.md5’ saved [33]

Remote file is newer than local file ‘./domain/root.zone.gz.sig’ -- retrieving.

--2017-03-20 00:01:27--  ftp://ftp.internic.net/domain/root.zone.gz.sig
           => ‘./domain/root.zone.gz.sig’
==> CWD not required.
--> PASV

227 Entering Passive Mode (192,0,32,9,205,80)
--> RETR root.zone.gz.sig

150 Opening BINARY mode data connection for root.zone.gz.sig (72 bytes).
Length: 72

     0K                                                       100%  168K=0s

226 Transfer complete.
2017-03-20 00:01:27 (168 KB/s) - ‘./domain/root.zone.gz.sig’ saved [72]

Remote file is newer than local file ‘./domain/root.zone.md5’ -- retrieving.

--2017-03-20 00:01:27--  ftp://ftp.internic.net/domain/root.zone.md5
           => ‘./domain/root.zone.md5’
==> CWD not required.
--> PASV

227 Entering Passive Mode (192,0,32,9,84,196)
--> RETR root.zone.md5

150 Opening BINARY mode data connection for root.zone.md5 (33 bytes).
Length: 33

     0K                                                       100%  221K=0s

226 Transfer complete.
2017-03-20 00:01:28 (221 KB/s) - ‘./domain/root.zone.md5’ saved [33]

Remote file is newer than local file ‘./domain/root.zone.sig’ -- retrieving.

--2017-03-20 00:01:28--  ftp://ftp.internic.net/domain/root.zone.sig
           => ‘./domain/root.zone.sig’
==> CWD not required.
--> PASV

227 Entering Passive Mode (192,0,32,9,73,212)
--> RETR root.zone.sig

150 Opening BINARY mode data connection for root.zone.sig (72 bytes).
Length: 72

     0K                                                       100%  123K=0.001s

226 Transfer complete.
2017-03-20 00:01:29 (123 KB/s) - ‘./domain/root.zone.sig’ saved [72]

FINISHED --2017-03-20 00:01:29--
Total wall clock time: 1m 24s
Downloaded: 40 files, 3.9M in 20s (201 KB/s)
