--2017-03-10 00:00:04--  ftp://ftp.internic.net/*
           => ‘./.listing’
Resolving ftp.internic.net (ftp.internic.net)... 192.0.32.9, 2620:0:2d0:200::9
Connecting to ftp.internic.net (ftp.internic.net)|192.0.32.9|:21... connected.
Logging in as anonymous ... 
220 Internic FTP Server
--> USER anonymous

331 Please specify the password.
--> PASS Turtle Power!

230 Login successful.
--> SYST

215 UNIX Type: L8
--> PWD

257 "/"
--> TYPE I

200 Switching to Binary mode.
==> CWD not needed.
--> PASV

227 Entering Passive Mode (192,0,32,9,230,25)
--> LIST -a

150 Here comes the directory listing.

     0K                                                        1.57M=0s

226 Directory send OK.
drwxr-xr-x    3 ftp      ftp          4096 Apr 04  2012 .
drwxr-xr-x    3 ftp      ftp          4096 Apr 04  2012 ..
drwxr-xr-x    2 ftp      ftp          4096 Sep 09  2015 domain
2017-03-10 00:00:08 (1.57 MB/s) - ‘./.listing’ saved [183]

--2017-03-10 00:00:08--  ftp://ftp.internic.net/domain/*
           => ‘./domain/.listing’
--> CWD /domain

250 Directory successfully changed.
--> PASV

227 Entering Passive Mode (192,0,32,9,237,159)
--> LIST -a

150 Here comes the directory listing.

     0K ...                                                     620K=0.006s

226 Directory send OK.
drwxr-xr-x    2 ftp      ftp          4096 Sep 09  2015 .
drwxr-xr-x    3 ftp      ftp          4096 Apr 04  2012 ..
-rw-r--r--    1 ftp      ftp          1829 Aug 18  2015 .listing
-rw-r--r--    1 ftp      ftp          1224 Mar 09 12:21 INTERNIC_ROOT_ZONE.signatures
-rw-r--r--    1 ftp      ftp          1469 Mar 09 12:21 INTERNIC_ROOT_ZONE.signatures.asc
-rw-r--r--    1 ftp      ftp         15186 Mar 09 12:21 arpa.zone
-rw-r--r--    1 ftp      ftp          6633 Mar 09 12:21 arpa.zone.gz
-rw-r--r--    1 ftp      ftp            33 Mar 09 12:21 arpa.zone.gz.md5
-rw-r--r--    1 ftp      ftp            72 Mar 09 12:21 arpa.zone.gz.sig
-rw-r--r--    1 ftp      ftp          3291 Oct 20 19:35 db.cache
-rw-r--r--    1 ftp      ftp            33 Oct 20 19:35 db.cache.md5
-rw-r--r--    1 ftp      ftp            72 Oct 20 19:35 db.cache.sig
-rw-r--r--    1 ftp      ftp        228015 Mar 09 15:40 in-addr.arpa
-rw-r--r--    1 ftp      ftp         90493 Mar 09 15:40 in-addr.arpa.gz
-rw-r--r--    1 ftp      ftp            55 Mar 09 15:40 in-addr.arpa.gz.md5
-rw-r--r--    1 ftp      ftp            90 Mar 09 15:40 in-addr.arpa.gz.sha256
-rw-r--r--    1 ftp      ftp            52 Mar 09 15:40 in-addr.arpa.md5
-rw-r--r--    1 ftp      ftp            87 Mar 09 15:40 in-addr.arpa.sha256
-rw-r--r--    1 ftp      ftp        228015 Mar 09 15:40 in-addr.arpa.zone
-rw-r--r--    1 ftp      ftp         90493 Mar 09 15:40 in-addr.arpa.zone.gz
-rw-r--r--    1 ftp      ftp            60 Mar 09 15:40 in-addr.arpa.zone.gz.md5
-rw-r--r--    1 ftp      ftp            95 Mar 09 15:40 in-addr.arpa.zone.gz.sha256
-rw-r--r--    1 ftp      ftp            57 Mar 09 15:40 in-addr.arpa.zone.md5
-rw-r--r--    1 ftp      ftp            92 Mar 09 15:40 in-addr.arpa.zone.sha256
-rw-r--r--    1 ftp      ftp         60746 Mar 09 15:40 ip6.arpa
-rw-r--r--    1 ftp      ftp         24350 Mar 09 15:40 ip6.arpa.gz
-rw-r--r--    1 ftp      ftp            51 Mar 09 15:40 ip6.arpa.gz.md5
-rw-r--r--    1 ftp      ftp            86 Mar 09 15:40 ip6.arpa.gz.sha256
-rw-r--r--    1 ftp      ftp            48 Mar 09 15:40 ip6.arpa.md5
-rw-r--r--    1 ftp      ftp            83 Mar 09 15:40 ip6.arpa.sha256
-rw-r--r--    1 ftp      ftp         60746 Mar 09 15:40 ip6.arpa.zone
-rw-r--r--    1 ftp      ftp         24350 Mar 09 15:40 ip6.arpa.zone.gz
-rw-r--r--    1 ftp      ftp            56 Mar 09 15:40 ip6.arpa.zone.gz.md5
-rw-r--r--    1 ftp      ftp            91 Mar 09 15:40 ip6.arpa.zone.gz.sha256
-rw-r--r--    1 ftp      ftp            53 Mar 09 15:40 ip6.arpa.zone.md5
-rw-r--r--    1 ftp      ftp            88 Mar 09 15:40 ip6.arpa.zone.sha256
-rw-r--r--    1 ftp      ftp            21 Mar 09 15:40 last_update.txt
-rw-r--r--    1 ftp      ftp          3291 Oct 20 19:35 named.cache
-rw-r--r--    1 ftp      ftp            33 Oct 20 19:35 named.cache.md5
-rw-r--r--    1 ftp      ftp            72 Oct 20 19:35 named.cache.sig
-rw-r--r--    1 ftp      ftp          3291 Oct 20 19:35 named.root
-rw-r--r--    1 ftp      ftp            33 Oct 20 19:35 named.root.md5
-rw-r--r--    1 ftp      ftp            72 Oct 20 19:35 named.root.sig
-rw-r--r--    1 ftp      ftp          2110 Oct 20 19:35 root-servers.net.zone
-rw-r--r--    1 ftp      ftp           574 Oct 20 19:35 root-servers.net.zone.gz
-rw-r--r--    1 ftp      ftp            33 Oct 20 19:35 root-servers.net.zone.gz.md5
-rw-r--r--    1 ftp      ftp            72 Oct 20 19:35 root-servers.net.zone.gz.sig
-rw-r--r--    1 ftp      ftp       2230910 Mar 09 05:07 root.zone
-rw-r--r--    1 ftp      ftp       1047832 Mar 09 05:07 root.zone.gz
-rw-r--r--    1 ftp      ftp            33 Mar 09 05:07 root.zone.gz.md5
-rw-r--r--    1 ftp      ftp            72 Mar 09 05:07 root.zone.gz.sig
-rw-r--r--    1 ftp      ftp            33 Mar 09 05:07 root.zone.md5
-rw-r--r--    1 ftp      ftp            72 Mar 09 05:07 root.zone.sig
2017-03-10 00:00:09 (620 KB/s) - ‘./domain/.listing’ saved [3930]

The sizes do not match (local 3930) -- retrieving.

--2017-03-10 00:00:09--  ftp://ftp.internic.net/domain/.listing
           => ‘./domain/.listing’
==> CWD not required.
--> PASV

227 Entering Passive Mode (192,0,32,9,42,82)
--> RETR .listing

150 Opening BINARY mode data connection for .listing (1829 bytes).
Length: 1829 (1.8K)

     0K .                                                     100% 2.26M=0.001s

226 Transfer complete.
2017-03-10 00:00:10 (2.26 MB/s) - ‘./domain/.listing’ saved [1829]

Remote file is newer than local file ‘./domain/INTERNIC_ROOT_ZONE.signatures’ -- retrieving.

--2017-03-10 00:00:10--  ftp://ftp.internic.net/domain/INTERNIC_ROOT_ZONE.signatures
           => ‘./domain/INTERNIC_ROOT_ZONE.signatures’
==> CWD not required.
--> PASV

227 Entering Passive Mode (192,0,32,9,159,96)
--> RETR INTERNIC_ROOT_ZONE.signatures

150 Opening BINARY mode data connection for INTERNIC_ROOT_ZONE.signatures (1224 bytes).
Length: 1224 (1.2K)

     0K .                                                     100% 5.78M=0s

226 Transfer complete.
2017-03-10 00:00:11 (5.78 MB/s) - ‘./domain/INTERNIC_ROOT_ZONE.signatures’ saved [1224]

Remote file is newer than local file ‘./domain/INTERNIC_ROOT_ZONE.signatures.asc’ -- retrieving.

--2017-03-10 00:00:11--  ftp://ftp.internic.net/domain/INTERNIC_ROOT_ZONE.signatures.asc
           => ‘./domain/INTERNIC_ROOT_ZONE.signatures.asc’
==> CWD not required.
--> PASV

227 Entering Passive Mode (192,0,32,9,222,129)
--> RETR INTERNIC_ROOT_ZONE.signatures.asc

150 Opening BINARY mode data connection for INTERNIC_ROOT_ZONE.signatures.asc (1469 bytes).
Length: 1469 (1.4K)

     0K .                                                     100% 1.59M=0.001s

226 Transfer complete.
2017-03-10 00:00:12 (1.59 MB/s) - ‘./domain/INTERNIC_ROOT_ZONE.signatures.asc’ saved [1469]

Remote file is newer than local file ‘./domain/arpa.zone’ -- retrieving.

--2017-03-10 00:00:12--  ftp://ftp.internic.net/domain/arpa.zone
           => ‘./domain/arpa.zone’
==> CWD not required.
--> PASV

227 Entering Passive Mode (192,0,32,9,227,155)
--> RETR arpa.zone

150 Opening BINARY mode data connection for arpa.zone (15186 bytes).
Length: 15186 (15K)

     0K .......... ....                                       100% 17.0K=0.9s

226 Transfer complete.
2017-03-10 00:00:14 (17.0 KB/s) - ‘./domain/arpa.zone’ saved [15186]

The sizes do not match (local 6641) -- retrieving.

--2017-03-10 00:00:14--  ftp://ftp.internic.net/domain/arpa.zone.gz
           => ‘./domain/arpa.zone.gz’
==> CWD not required.
--> PASV

227 Entering Passive Mode (192,0,32,9,42,184)
--> RETR arpa.zone.gz

150 Opening BINARY mode data connection for arpa.zone.gz (6633 bytes).
Length: 6633 (6.5K)

     0K ......                                                100% 54.5M=0s

226 Transfer complete.
2017-03-10 00:00:15 (54.5 MB/s) - ‘./domain/arpa.zone.gz’ saved [6633]

Remote file is newer than local file ‘./domain/arpa.zone.gz.md5’ -- retrieving.

--2017-03-10 00:00:15--  ftp://ftp.internic.net/domain/arpa.zone.gz.md5
           => ‘./domain/arpa.zone.gz.md5’
==> CWD not required.
--> PASV

227 Entering Passive Mode (192,0,32,9,42,130)
--> RETR arpa.zone.gz.md5

150 Opening BINARY mode data connection for arpa.zone.gz.md5 (33 bytes).
Length: 33

     0K                                                       100%  283K=0s

226 Transfer complete.
2017-03-10 00:00:15 (283 KB/s) - ‘./domain/arpa.zone.gz.md5’ saved [33]

Remote file is newer than local file ‘./domain/arpa.zone.gz.sig’ -- retrieving.

--2017-03-10 00:00:15--  ftp://ftp.internic.net/domain/arpa.zone.gz.sig
           => ‘./domain/arpa.zone.gz.sig’
==> CWD not required.
--> PASV

227 Entering Passive Mode (192,0,32,9,98,122)
--> RETR arpa.zone.gz.sig

150 Opening BINARY mode data connection for arpa.zone.gz.sig (72 bytes).
Length: 72

     0K                                                       100%  633K=0s

226 Transfer complete.
2017-03-10 00:00:16 (633 KB/s) - ‘./domain/arpa.zone.gz.sig’ saved [72]

Remote file no newer than local file ‘./domain/db.cache’ -- not retrieving.
Remote file no newer than local file ‘./domain/db.cache.md5’ -- not retrieving.
Remote file no newer than local file ‘./domain/db.cache.sig’ -- not retrieving.
Remote file is newer than local file ‘./domain/in-addr.arpa’ -- retrieving.

--2017-03-10 00:00:16--  ftp://ftp.internic.net/domain/in-addr.arpa
           => ‘./domain/in-addr.arpa’
==> CWD not required.
--> PASV

227 Entering Passive Mode (192,0,32,9,253,178)
--> RETR in-addr.arpa

150 Opening BINARY mode data connection for in-addr.arpa (228015 bytes).
Length: 228015 (223K)

     0K .......... .......... .......... .......... .......... 22%  112K 2s
    50K .......... .......... .......... .......... .......... 44%  226K 1s
   100K .......... .......... .......... .......... .......... 67%  216K 0s
   150K .......... .......... .......... .......... .......... 89%  222K 0s
   200K .......... .......... ..                              100% 24.1K=2.1s

226 Transfer complete.
2017-03-10 00:00:19 (108 KB/s) - ‘./domain/in-addr.arpa’ saved [228015]

The sizes do not match (local 90465) -- retrieving.

--2017-03-10 00:00:19--  ftp://ftp.internic.net/domain/in-addr.arpa.gz
           => ‘./domain/in-addr.arpa.gz’
==> CWD not required.
--> PASV

227 Entering Passive Mode (192,0,32,9,42,245)
--> RETR in-addr.arpa.gz

150 Opening BINARY mode data connection for in-addr.arpa.gz (90493 bytes).
Length: 90493 (88K)

     0K .......... .......... .......... .......... .......... 56% 45.8K 1s
    50K .......... .......... .......... ........             100%  174K=1.3s

226 Transfer complete.
2017-03-10 00:00:22 (67.4 KB/s) - ‘./domain/in-addr.arpa.gz’ saved [90493]

Remote file is newer than local file ‘./domain/in-addr.arpa.gz.md5’ -- retrieving.

--2017-03-10 00:00:22--  ftp://ftp.internic.net/domain/in-addr.arpa.gz.md5
           => ‘./domain/in-addr.arpa.gz.md5’
==> CWD not required.
--> PASV

227 Entering Passive Mode (192,0,32,9,37,151)
--> RETR in-addr.arpa.gz.md5

150 Opening BINARY mode data connection for in-addr.arpa.gz.md5 (55 bytes).
Length: 55

     0K                                                       100%  338K=0s

226 Transfer complete.
2017-03-10 00:00:23 (338 KB/s) - ‘./domain/in-addr.arpa.gz.md5’ saved [55]

Remote file is newer than local file ‘./domain/in-addr.arpa.gz.sha256’ -- retrieving.

--2017-03-10 00:00:23--  ftp://ftp.internic.net/domain/in-addr.arpa.gz.sha256
           => ‘./domain/in-addr.arpa.gz.sha256’
==> CWD not required.
--> PASV

227 Entering Passive Mode (192,0,32,9,117,160)
--> RETR in-addr.arpa.gz.sha256

150 Opening BINARY mode data connection for in-addr.arpa.gz.sha256 (90 bytes).
Length: 90

     0K                                                       100%  778K=0s

226 Transfer complete.
2017-03-10 00:00:24 (778 KB/s) - ‘./domain/in-addr.arpa.gz.sha256’ saved [90]

Remote file is newer than local file ‘./domain/in-addr.arpa.md5’ -- retrieving.

--2017-03-10 00:00:24--  ftp://ftp.internic.net/domain/in-addr.arpa.md5
           => ‘./domain/in-addr.arpa.md5’
==> CWD not required.
--> PASV

227 Entering Passive Mode (192,0,32,9,116,177)
--> RETR in-addr.arpa.md5

150 Opening BINARY mode data connection for in-addr.arpa.md5 (52 bytes).
Length: 52

     0K                                                       100%  442K=0s

226 Transfer complete.
2017-03-10 00:00:24 (442 KB/s) - ‘./domain/in-addr.arpa.md5’ saved [52]

Remote file is newer than local file ‘./domain/in-addr.arpa.sha256’ -- retrieving.

--2017-03-10 00:00:24--  ftp://ftp.internic.net/domain/in-addr.arpa.sha256
           => ‘./domain/in-addr.arpa.sha256’
==> CWD not required.
--> PASV

227 Entering Passive Mode (192,0,32,9,228,145)
--> RETR in-addr.arpa.sha256

150 Opening BINARY mode data connection for in-addr.arpa.sha256 (87 bytes).
Length: 87

     0K                                                       100%  425K=0s

226 Transfer complete.
2017-03-10 00:00:25 (425 KB/s) - ‘./domain/in-addr.arpa.sha256’ saved [87]

Remote file is newer than local file ‘./domain/in-addr.arpa.zone’ -- retrieving.

--2017-03-10 00:00:25--  ftp://ftp.internic.net/domain/in-addr.arpa.zone
           => ‘./domain/in-addr.arpa.zone’
==> CWD not required.
--> PASV

227 Entering Passive Mode (192,0,32,9,126,252)
--> RETR in-addr.arpa.zone

150 Opening BINARY mode data connection for in-addr.arpa.zone (228015 bytes).
Length: 228015 (223K)

     0K .......... .......... .......... .......... .......... 22%  113K 2s
    50K .......... .......... .......... .......... .......... 44%  113K 1s
   100K .......... .......... .......... .......... .......... 67%  227K 1s
   150K .......... .......... .......... .......... .......... 89%  228K 0s
   200K .......... .......... ..                              100% 8.17M=1.3s

226 Transfer complete.
2017-03-10 00:00:28 (168 KB/s) - ‘./domain/in-addr.arpa.zone’ saved [228015]

The sizes do not match (local 90500) -- retrieving.

--2017-03-10 00:00:28--  ftp://ftp.internic.net/domain/in-addr.arpa.zone.gz
           => ‘./domain/in-addr.arpa.zone.gz’
==> CWD not required.
--> PASV

227 Entering Passive Mode (192,0,32,9,32,178)
--> RETR in-addr.arpa.zone.gz

150 Opening BINARY mode data connection for in-addr.arpa.zone.gz (90493 bytes).
Length: 90493 (88K)

     0K .......... .......... .......... .......... .......... 56%  111K 0s
    50K .......... .......... .......... ........             100% 12.2M=0.5s

226 Transfer complete.
2017-03-10 00:00:29 (196 KB/s) - ‘./domain/in-addr.arpa.zone.gz’ saved [90493]

Remote file is newer than local file ‘./domain/in-addr.arpa.zone.gz.md5’ -- retrieving.

--2017-03-10 00:00:29--  ftp://ftp.internic.net/domain/in-addr.arpa.zone.gz.md5
           => ‘./domain/in-addr.arpa.zone.gz.md5’
==> CWD not required.
--> PASV

227 Entering Passive Mode (192,0,32,9,141,8)
--> RETR in-addr.arpa.zone.gz.md5

150 Opening BINARY mode data connection for in-addr.arpa.zone.gz.md5 (60 bytes).
Length: 60

     0K                                                       100%  519K=0s

226 Transfer complete.
2017-03-10 00:00:30 (519 KB/s) - ‘./domain/in-addr.arpa.zone.gz.md5’ saved [60]

Remote file is newer than local file ‘./domain/in-addr.arpa.zone.gz.sha256’ -- retrieving.

--2017-03-10 00:00:30--  ftp://ftp.internic.net/domain/in-addr.arpa.zone.gz.sha256
           => ‘./domain/in-addr.arpa.zone.gz.sha256’
==> CWD not required.
--> PASV

227 Entering Passive Mode (192,0,32,9,189,175)
--> RETR in-addr.arpa.zone.gz.sha256

150 Opening BINARY mode data connection for in-addr.arpa.zone.gz.sha256 (95 bytes).
Length: 95

     0K                                                       100%  491K=0s

226 Transfer complete.
2017-03-10 00:00:31 (491 KB/s) - ‘./domain/in-addr.arpa.zone.gz.sha256’ saved [95]

Remote file is newer than local file ‘./domain/in-addr.arpa.zone.md5’ -- retrieving.

--2017-03-10 00:00:31--  ftp://ftp.internic.net/domain/in-addr.arpa.zone.md5
           => ‘./domain/in-addr.arpa.zone.md5’
==> CWD not required.
--> PASV

227 Entering Passive Mode (192,0,32,9,201,145)
--> RETR in-addr.arpa.zone.md5

150 Opening BINARY mode data connection for in-addr.arpa.zone.md5 (57 bytes).
Length: 57

     0K                                                       100%  352K=0s

226 Transfer complete.
2017-03-10 00:00:32 (352 KB/s) - ‘./domain/in-addr.arpa.zone.md5’ saved [57]

Remote file is newer than local file ‘./domain/in-addr.arpa.zone.sha256’ -- retrieving.

--2017-03-10 00:00:32--  ftp://ftp.internic.net/domain/in-addr.arpa.zone.sha256
           => ‘./domain/in-addr.arpa.zone.sha256’
==> CWD not required.
--> PASV

227 Entering Passive Mode (192,0,32,9,42,117)
--> RETR in-addr.arpa.zone.sha256

150 Opening BINARY mode data connection for in-addr.arpa.zone.sha256 (92 bytes).
Length: 92

     0K                                                       100%  146K=0.001s

226 Transfer complete.
2017-03-10 00:00:33 (146 KB/s) - ‘./domain/in-addr.arpa.zone.sha256’ saved [92]

Remote file is newer than local file ‘./domain/ip6.arpa’ -- retrieving.

--2017-03-10 00:00:33--  ftp://ftp.internic.net/domain/ip6.arpa
           => ‘./domain/ip6.arpa’
==> CWD not required.
--> PASV

227 Entering Passive Mode (192,0,32,9,112,197)
--> RETR ip6.arpa

150 Opening BINARY mode data connection for ip6.arpa (60746 bytes).
Length: 60746 (59K)

     0K .......... .......... .......... .......... .......... 84%  111K 0s
    50K .........                                             100% 4.77K=2.4s

226 Transfer complete.
2017-03-10 00:00:37 (24.7 KB/s) - ‘./domain/ip6.arpa’ saved [60746]

The sizes do not match (local 24367) -- retrieving.

--2017-03-10 00:00:37--  ftp://ftp.internic.net/domain/ip6.arpa.gz
           => ‘./domain/ip6.arpa.gz’
==> CWD not required.
--> PASV

227 Entering Passive Mode (192,0,32,9,31,93)
--> RETR ip6.arpa.gz

150 Opening BINARY mode data connection for ip6.arpa.gz (24350 bytes).
Length: 24350 (24K)

     0K .......... .......... ...                             100%  107K=0.2s

226 Transfer complete.
2017-03-10 00:00:38 (107 KB/s) - ‘./domain/ip6.arpa.gz’ saved [24350]

Remote file is newer than local file ‘./domain/ip6.arpa.gz.md5’ -- retrieving.

--2017-03-10 00:00:38--  ftp://ftp.internic.net/domain/ip6.arpa.gz.md5
           => ‘./domain/ip6.arpa.gz.md5’
==> CWD not required.
--> PASV

227 Entering Passive Mode (192,0,32,9,167,18)
--> RETR ip6.arpa.gz.md5

150 Opening BINARY mode data connection for ip6.arpa.gz.md5 (51 bytes).
Length: 51

     0K                                                       100%  437K=0s

226 Transfer complete.
2017-03-10 00:00:39 (437 KB/s) - ‘./domain/ip6.arpa.gz.md5’ saved [51]

Remote file is newer than local file ‘./domain/ip6.arpa.gz.sha256’ -- retrieving.

--2017-03-10 00:00:39--  ftp://ftp.internic.net/domain/ip6.arpa.gz.sha256
           => ‘./domain/ip6.arpa.gz.sha256’
==> CWD not required.
--> PASV

227 Entering Passive Mode (192,0,32,9,42,229)
--> RETR ip6.arpa.gz.sha256

150 Opening BINARY mode data connection for ip6.arpa.gz.sha256 (86 bytes).
Length: 86

     0K                                                       100%  567K=0s

226 Transfer complete.
2017-03-10 00:00:40 (567 KB/s) - ‘./domain/ip6.arpa.gz.sha256’ saved [86]

Remote file is newer than local file ‘./domain/ip6.arpa.md5’ -- retrieving.

--2017-03-10 00:00:40--  ftp://ftp.internic.net/domain/ip6.arpa.md5
           => ‘./domain/ip6.arpa.md5’
==> CWD not required.
--> PASV

227 Entering Passive Mode (192,0,32,9,41,140)
--> RETR ip6.arpa.md5

150 Opening BINARY mode data connection for ip6.arpa.md5 (48 bytes).
Length: 48

     0K                                                       100%  415K=0s

226 Transfer complete.
2017-03-10 00:00:41 (415 KB/s) - ‘./domain/ip6.arpa.md5’ saved [48]

Remote file is newer than local file ‘./domain/ip6.arpa.sha256’ -- retrieving.

--2017-03-10 00:00:41--  ftp://ftp.internic.net/domain/ip6.arpa.sha256
           => ‘./domain/ip6.arpa.sha256’
==> CWD not required.
--> PASV

227 Entering Passive Mode (192,0,32,9,109,66)
--> RETR ip6.arpa.sha256

150 Opening BINARY mode data connection for ip6.arpa.sha256 (83 bytes).
Length: 83

     0K                                                       100%  401K=0s

226 Transfer complete.
2017-03-10 00:00:42 (401 KB/s) - ‘./domain/ip6.arpa.sha256’ saved [83]

Remote file is newer than local file ‘./domain/ip6.arpa.zone’ -- retrieving.

--2017-03-10 00:00:42--  ftp://ftp.internic.net/domain/ip6.arpa.zone
           => ‘./domain/ip6.arpa.zone’
==> CWD not required.
--> PASV

227 Entering Passive Mode (192,0,32,9,41,33)
--> RETR ip6.arpa.zone

150 Opening BINARY mode data connection for ip6.arpa.zone (60746 bytes).
Length: 60746 (59K)

     0K .......... .......... .......... .......... .......... 84%  111K 0s
    50K .........                                             100% 31.5M=0.4s

226 Transfer complete.
2017-03-10 00:00:43 (132 KB/s) - ‘./domain/ip6.arpa.zone’ saved [60746]

The sizes do not match (local 24367) -- retrieving.

--2017-03-10 00:00:43--  ftp://ftp.internic.net/domain/ip6.arpa.zone.gz
           => ‘./domain/ip6.arpa.zone.gz’
==> CWD not required.
--> PASV

227 Entering Passive Mode (192,0,32,9,23,98)
--> RETR ip6.arpa.zone.gz

150 Opening BINARY mode data connection for ip6.arpa.zone.gz (24350 bytes).
Length: 24350 (24K)

     0K .......... .......... ...                             100%  108K=0.2s

226 Transfer complete.
2017-03-10 00:00:44 (108 KB/s) - ‘./domain/ip6.arpa.zone.gz’ saved [24350]

Remote file is newer than local file ‘./domain/ip6.arpa.zone.gz.md5’ -- retrieving.

--2017-03-10 00:00:44--  ftp://ftp.internic.net/domain/ip6.arpa.zone.gz.md5
           => ‘./domain/ip6.arpa.zone.gz.md5’
==> CWD not required.
--> PASV

227 Entering Passive Mode (192,0,32,9,42,18)
--> RETR ip6.arpa.zone.gz.md5

150 Opening BINARY mode data connection for ip6.arpa.zone.gz.md5 (56 bytes).
Length: 56

     0K                                                       100%  396K=0s

226 Transfer complete.
2017-03-10 00:00:45 (396 KB/s) - ‘./domain/ip6.arpa.zone.gz.md5’ saved [56]

Remote file is newer than local file ‘./domain/ip6.arpa.zone.gz.sha256’ -- retrieving.

--2017-03-10 00:00:45--  ftp://ftp.internic.net/domain/ip6.arpa.zone.gz.sha256
           => ‘./domain/ip6.arpa.zone.gz.sha256’
==> CWD not required.
--> PASV

227 Entering Passive Mode (192,0,32,9,231,120)
--> RETR ip6.arpa.zone.gz.sha256

150 Opening BINARY mode data connection for ip6.arpa.zone.gz.sha256 (91 bytes).
Length: 91

     0K                                                       100%  773K=0s

226 Transfer complete.
2017-03-10 00:00:46 (773 KB/s) - ‘./domain/ip6.arpa.zone.gz.sha256’ saved [91]

Remote file is newer than local file ‘./domain/ip6.arpa.zone.md5’ -- retrieving.

--2017-03-10 00:00:46--  ftp://ftp.internic.net/domain/ip6.arpa.zone.md5
           => ‘./domain/ip6.arpa.zone.md5’
==> CWD not required.
--> PASV

227 Entering Passive Mode (192,0,32,9,140,99)
--> RETR ip6.arpa.zone.md5

150 Opening BINARY mode data connection for ip6.arpa.zone.md5 (53 bytes).
Length: 53

     0K                                                       100%  454K=0s

226 Transfer complete.
2017-03-10 00:00:47 (454 KB/s) - ‘./domain/ip6.arpa.zone.md5’ saved [53]

Remote file is newer than local file ‘./domain/ip6.arpa.zone.sha256’ -- retrieving.

--2017-03-10 00:00:47--  ftp://ftp.internic.net/domain/ip6.arpa.zone.sha256
           => ‘./domain/ip6.arpa.zone.sha256’
==> CWD not required.
--> PASV

227 Entering Passive Mode (192,0,32,9,42,56)
--> RETR ip6.arpa.zone.sha256

150 Opening BINARY mode data connection for ip6.arpa.zone.sha256 (88 bytes).
Length: 88

     0K                                                       100%  438K=0s

226 Transfer complete.
2017-03-10 00:00:48 (438 KB/s) - ‘./domain/ip6.arpa.zone.sha256’ saved [88]

Remote file is newer than local file ‘./domain/last_update.txt’ -- retrieving.

--2017-03-10 00:00:48--  ftp://ftp.internic.net/domain/last_update.txt
           => ‘./domain/last_update.txt’
==> CWD not required.
--> PASV

227 Entering Passive Mode (192,0,32,9,147,161)
--> RETR last_update.txt

150 Opening BINARY mode data connection for last_update.txt (21 bytes).
Length: 21

     0K                                                       100%  103K=0s

226 Transfer complete.
2017-03-10 00:00:49 (103 KB/s) - ‘./domain/last_update.txt’ saved [21]

Remote file no newer than local file ‘./domain/named.cache’ -- not retrieving.
Remote file no newer than local file ‘./domain/named.cache.md5’ -- not retrieving.
Remote file no newer than local file ‘./domain/named.cache.sig’ -- not retrieving.
Remote file no newer than local file ‘./domain/named.root’ -- not retrieving.
Remote file no newer than local file ‘./domain/named.root.md5’ -- not retrieving.
Remote file no newer than local file ‘./domain/named.root.sig’ -- not retrieving.
Remote file no newer than local file ‘./domain/root-servers.net.zone’ -- not retrieving.
Remote file no newer than local file ‘./domain/root-servers.net.zone.gz’ -- not retrieving.
Remote file no newer than local file ‘./domain/root-servers.net.zone.gz.md5’ -- not retrieving.
Remote file no newer than local file ‘./domain/root-servers.net.zone.gz.sig’ -- not retrieving.
The sizes do not match (local 2231160) -- retrieving.

--2017-03-10 00:00:49--  ftp://ftp.internic.net/domain/root.zone
           => ‘./domain/root.zone’
==> CWD not required.
--> PASV

227 Entering Passive Mode (192,0,32,9,45,66)
--> RETR root.zone

150 Opening BINARY mode data connection for root.zone (2230910 bytes).
Length: 2230910 (2.1M)

     0K .......... .......... .......... .......... ..........  2%  113K 19s
    50K .......... .......... .......... .......... ..........  4%  227K 14s
   100K .......... .......... .......... .......... ..........  6%  112K 15s
   150K .......... .......... .......... .......... ..........  9%  227K 13s
   200K .......... .......... .......... .......... .......... 11%  189K 12s
   250K .......... .......... .......... .......... .......... 13%  110K 13s
   300K .......... .......... .......... .......... .......... 16% 78.4K 14s
   350K .......... .......... .......... .......... .......... 18% 37.4M 12s
   400K .......... .......... .......... .......... .......... 20%  111K 12s
   450K .......... .......... .......... .......... .......... 22%  155K 12s
   500K .......... .......... .......... .......... .......... 25%  121K 11s
   550K .......... .......... .......... .......... .......... 27%  127K 11s
   600K .......... .......... .......... .......... .......... 29%  114K 11s
   650K .......... .......... .......... .......... .......... 32%  121K 11s
   700K .......... .......... .......... .......... .......... 34%  132K 10s
   750K .......... .......... .......... .......... .......... 36% 85.0K 11s
   800K .......... .......... .......... .......... .......... 39%  169K 10s
   850K .......... .......... .......... .......... .......... 41%  162K 10s
   900K .......... .......... .......... .......... .......... 43% 66.6K 10s
   950K .......... .......... .......... .......... .......... 45%  145K 9s
  1000K .......... .......... .......... .......... .......... 48%  109K 9s
  1050K .......... .......... .......... .......... .......... 50% 49.1K 9s
  1100K .......... .......... .......... .......... .......... 52%  163K 9s
  1150K .......... .......... .......... .......... .......... 55% 63.1K 8s
  1200K .......... .......... .......... .......... .......... 57% 56.0K 8s
  1250K .......... .......... .......... .......... .......... 59% 42.8K 8s
  1300K .......... .......... .......... .......... .......... 61% 72.6K 8s
  1350K .......... .......... .......... .......... .......... 64% 38.8K 8s
  1400K .......... .......... .......... .......... .......... 66% 55.3K 8s
  1450K .......... .......... .......... .......... .......... 68% 46.1K 7s
  1500K .......... .......... .......... .......... .......... 71% 54.9K 7s
  1550K .......... .......... .......... .......... .......... 73% 56.7K 7s
  1600K .......... .......... .......... .......... .......... 75% 75.5K 6s
  1650K .......... .......... .......... .......... .......... 78% 52.9K 6s
  1700K .......... .......... .......... .......... .......... 80% 45.4K 5s
  1750K .......... .......... .......... .......... .......... 82% 36.2K 5s
  1800K .......... .......... .......... .......... .......... 84% 27.4K 4s
  1850K .......... .......... .......... .......... .......... 87% 45.0K 4s
  1900K .......... .......... .......... .......... .......... 89% 45.4K 3s
  1950K .......... .......... .......... .......... .......... 91% 42.8K 2s
  2000K .......... .......... .......... .......... .......... 94% 56.9K 2s
  2050K .......... .......... .......... .......... .......... 96% 70.9K 1s
  2100K .......... .......... .......... .......... .......... 98% 75.9K 0s
  2150K .......... .......... ........                        100%  129K=30s

226 Transfer complete.
2017-03-10 00:01:20 (72.7 KB/s) - ‘./domain/root.zone’ saved [2230910]

The sizes do not match (local 1047907) -- retrieving.

--2017-03-10 00:01:20--  ftp://ftp.internic.net/domain/root.zone.gz
           => ‘./domain/root.zone.gz’
==> CWD not required.
--> PASV

227 Entering Passive Mode (192,0,32,9,40,237)
--> RETR root.zone.gz

150 Opening BINARY mode data connection for root.zone.gz (1047832 bytes).
Length: 1047832 (1023K)

     0K .......... .......... .......... .......... ..........  4% 75.2K 13s
    50K .......... .......... .......... .......... ..........  9% 36.6K 19s
   100K .......... .......... .......... .......... .......... 14%  250K 13s
   150K .......... .......... .......... .......... .......... 19% 75.9K 12s
   200K .......... .......... .......... .......... .......... 24% 54.5K 12s
   250K .......... .......... .......... .......... .......... 29% 57.7K 11s
   300K .......... .......... .......... .......... .......... 34%  108K 10s
   350K .......... .......... .......... .......... .......... 39% 58.5K 9s
   400K .......... .......... .......... .......... .......... 43% 74.3K 8s
   450K .......... .......... .......... .......... .......... 48% 72.9K 8s
   500K .......... .......... .......... .......... .......... 53% 56.8K 7s
   550K .......... .......... .......... .......... .......... 58% 45.3K 7s
   600K .......... .......... .......... .......... .......... 63% 28.1K 6s
   650K .......... .......... .......... .......... .......... 68% 37.3K 6s
   700K .......... .......... .......... .......... .......... 73% 43.9K 5s
   750K .......... .......... .......... .......... .......... 78% 69.1K 4s
   800K .......... .......... .......... .......... .......... 83%  103K 3s
   850K .......... .......... .......... .......... .......... 87% 48.9K 2s
   900K .......... .......... .......... .......... .......... 92% 65.2K 1s
   950K .......... .......... .......... .......... .......... 97% 45.0K 0s
  1000K .......... .......... ...                             100%  106K=18s

226 Transfer complete.
2017-03-10 00:01:39 (57.1 KB/s) - ‘./domain/root.zone.gz’ saved [1047832]

Remote file is newer than local file ‘./domain/root.zone.gz.md5’ -- retrieving.

--2017-03-10 00:01:39--  ftp://ftp.internic.net/domain/root.zone.gz.md5
           => ‘./domain/root.zone.gz.md5’
==> CWD not required.
--> PASV

227 Entering Passive Mode (192,0,32,9,42,21)
--> RETR root.zone.gz.md5

150 Opening BINARY mode data connection for root.zone.gz.md5 (33 bytes).
Length: 33

     0K                                                       100%  288K=0s

226 Transfer complete.
2017-03-10 00:01:39 (288 KB/s) - ‘./domain/root.zone.gz.md5’ saved [33]

Remote file is newer than local file ‘./domain/root.zone.gz.sig’ -- retrieving.

--2017-03-10 00:01:39--  ftp://ftp.internic.net/domain/root.zone.gz.sig
           => ‘./domain/root.zone.gz.sig’
==> CWD not required.
--> PASV

227 Entering Passive Mode (192,0,32,9,40,144)
--> RETR root.zone.gz.sig

150 Opening BINARY mode data connection for root.zone.gz.sig (72 bytes).
Length: 72

     0K                                                       100%  117K=0.001s

226 Transfer complete.
2017-03-10 00:01:40 (117 KB/s) - ‘./domain/root.zone.gz.sig’ saved [72]

Remote file is newer than local file ‘./domain/root.zone.md5’ -- retrieving.

--2017-03-10 00:01:40--  ftp://ftp.internic.net/domain/root.zone.md5
           => ‘./domain/root.zone.md5’
==> CWD not required.
--> PASV

227 Entering Passive Mode (192,0,32,9,42,82)
--> RETR root.zone.md5

150 Opening BINARY mode data connection for root.zone.md5 (33 bytes).
Length: 33

     0K                                                       100% 18.6 =1.8s

226 Transfer complete.
2017-03-10 00:01:43 (18.6 B/s) - ‘./domain/root.zone.md5’ saved [33]

Remote file is newer than local file ‘./domain/root.zone.sig’ -- retrieving.

--2017-03-10 00:01:43--  ftp://ftp.internic.net/domain/root.zone.sig
           => ‘./domain/root.zone.sig’
==> CWD not required.
--> PASV

227 Entering Passive Mode (192,0,32,9,208,175)
--> RETR root.zone.sig

150 Opening BINARY mode data connection for root.zone.sig (72 bytes).
Length: 72

     0K                                                       100%  628K=0s

226 Transfer complete.
2017-03-10 00:01:44 (628 KB/s) - ‘./domain/root.zone.sig’ saved [72]

FINISHED --2017-03-10 00:01:44--
Total wall clock time: 1m 40s
Downloaded: 40 files, 3.9M in 59s (68.2 KB/s)
