--2017-06-14 00:00:04--  ftp://ftp.internic.net/*
           => ‘./.listing’
Resolving ftp.internic.net (ftp.internic.net)... 192.0.32.9, 2620:0:2d0:200::9
Connecting to ftp.internic.net (ftp.internic.net)|192.0.32.9|:21... connected.
Logging in as anonymous ... 
220 Internic FTP Server
--> USER anonymous

331 Please specify the password.
--> PASS Turtle Power!

230 Login successful.
--> SYST

215 UNIX Type: L8
--> PWD

257 "/"
--> TYPE I

200 Switching to Binary mode.
==> CWD not needed.
--> PASV

227 Entering Passive Mode (192,0,32,9,76,93)
--> LIST -a

150 Here comes the directory listing.

     0K                                                        3.71M=0s

226 Directory send OK.
drwxr-xr-x    3 ftp      ftp          4096 Apr 04  2012 .
drwxr-xr-x    3 ftp      ftp          4096 Apr 04  2012 ..
drwxr-xr-x    2 ftp      ftp          4096 Sep 09  2015 domain
2017-06-14 00:00:09 (3.71 MB/s) - ‘./.listing’ saved [183]

--2017-06-14 00:00:09--  ftp://ftp.internic.net/domain/*
           => ‘./domain/.listing’
--> CWD /domain

250 Directory successfully changed.
--> PASV

227 Entering Passive Mode (192,0,32,9,177,255)
--> LIST -a

150 Here comes the directory listing.

     0K ...                                                    19.3M=0s

226 Directory send OK.
drwxr-xr-x    2 ftp      ftp          4096 Sep 09  2015 .
drwxr-xr-x    3 ftp      ftp          4096 Apr 04  2012 ..
-rw-r--r--    1 ftp      ftp          1829 Aug 18  2015 .listing
-rw-r--r--    1 ftp      ftp          1224 Jun 13 12:37 INTERNIC_ROOT_ZONE.signatures
-rw-r--r--    1 ftp      ftp          1469 Jun 13 12:37 INTERNIC_ROOT_ZONE.signatures.asc
-rw-r--r--    1 ftp      ftp         15228 Jun 13 12:37 arpa.zone
-rw-r--r--    1 ftp      ftp          6637 Jun 13 12:37 arpa.zone.gz
-rw-r--r--    1 ftp      ftp            33 Jun 13 12:37 arpa.zone.gz.md5
-rw-r--r--    1 ftp      ftp            72 Jun 13 12:37 arpa.zone.gz.sig
-rw-r--r--    1 ftp      ftp          3289 Jun 01 15:27 db.cache
-rw-r--r--    1 ftp      ftp            33 Jun 01 15:27 db.cache.md5
-rw-r--r--    1 ftp      ftp            72 Jun 01 15:27 db.cache.sig
-rw-r--r--    1 ftp      ftp        228753 Jun 13 15:40 in-addr.arpa
-rw-r--r--    1 ftp      ftp         90507 Jun 13 15:40 in-addr.arpa.gz
-rw-r--r--    1 ftp      ftp            55 Jun 13 15:40 in-addr.arpa.gz.md5
-rw-r--r--    1 ftp      ftp            90 Jun 13 15:40 in-addr.arpa.gz.sha256
-rw-r--r--    1 ftp      ftp            52 Jun 13 15:40 in-addr.arpa.md5
-rw-r--r--    1 ftp      ftp            87 Jun 13 15:40 in-addr.arpa.sha256
-rw-r--r--    1 ftp      ftp        228753 Jun 13 15:40 in-addr.arpa.zone
-rw-r--r--    1 ftp      ftp         90507 Jun 13 15:40 in-addr.arpa.zone.gz
-rw-r--r--    1 ftp      ftp            60 Jun 13 15:40 in-addr.arpa.zone.gz.md5
-rw-r--r--    1 ftp      ftp            95 Jun 13 15:40 in-addr.arpa.zone.gz.sha256
-rw-r--r--    1 ftp      ftp            57 Jun 13 15:40 in-addr.arpa.zone.md5
-rw-r--r--    1 ftp      ftp            92 Jun 13 15:40 in-addr.arpa.zone.sha256
-rw-r--r--    1 ftp      ftp         61264 Jun 13 15:40 ip6.arpa
-rw-r--r--    1 ftp      ftp         24268 Jun 13 15:40 ip6.arpa.gz
-rw-r--r--    1 ftp      ftp            51 Jun 13 15:40 ip6.arpa.gz.md5
-rw-r--r--    1 ftp      ftp            86 Jun 13 15:40 ip6.arpa.gz.sha256
-rw-r--r--    1 ftp      ftp            48 Jun 13 15:40 ip6.arpa.md5
-rw-r--r--    1 ftp      ftp            83 Jun 13 15:40 ip6.arpa.sha256
-rw-r--r--    1 ftp      ftp         61264 Jun 13 15:40 ip6.arpa.zone
-rw-r--r--    1 ftp      ftp         24268 Jun 13 15:40 ip6.arpa.zone.gz
-rw-r--r--    1 ftp      ftp            56 Jun 13 15:40 ip6.arpa.zone.gz.md5
-rw-r--r--    1 ftp      ftp            91 Jun 13 15:40 ip6.arpa.zone.gz.sha256
-rw-r--r--    1 ftp      ftp            53 Jun 13 15:40 ip6.arpa.zone.md5
-rw-r--r--    1 ftp      ftp            88 Jun 13 15:40 ip6.arpa.zone.sha256
-rw-r--r--    1 ftp      ftp            21 Jun 13 15:40 last_update.txt
-rw-r--r--    1 ftp      ftp          3289 Jun 01 15:27 named.cache
-rw-r--r--    1 ftp      ftp            33 Jun 01 15:27 named.cache.md5
-rw-r--r--    1 ftp      ftp            72 Jun 01 15:27 named.cache.sig
-rw-r--r--    1 ftp      ftp          3289 Jun 01 15:27 named.root
-rw-r--r--    1 ftp      ftp            33 Jun 01 15:27 named.root.md5
-rw-r--r--    1 ftp      ftp            72 Jun 01 15:27 named.root.sig
-rw-r--r--    1 ftp      ftp          2111 Jun 01 15:27 root-servers.net.zone
-rw-r--r--    1 ftp      ftp           575 Jun 01 15:27 root-servers.net.zone.gz
-rw-r--r--    1 ftp      ftp            33 Jun 01 15:27 root-servers.net.zone.gz.md5
-rw-r--r--    1 ftp      ftp            72 Jun 01 15:27 root-servers.net.zone.gz.sig
-rw-r--r--    1 ftp      ftp       2238997 Jun 13 05:11 root.zone
-rw-r--r--    1 ftp      ftp       1051334 Jun 13 05:11 root.zone.gz
-rw-r--r--    1 ftp      ftp            33 Jun 13 05:11 root.zone.gz.md5
-rw-r--r--    1 ftp      ftp            72 Jun 13 05:11 root.zone.gz.sig
-rw-r--r--    1 ftp      ftp            33 Jun 13 05:11 root.zone.md5
-rw-r--r--    1 ftp      ftp            72 Jun 13 05:11 root.zone.sig
2017-06-14 00:00:10 (19.3 MB/s) - ‘./domain/.listing’ saved [3930]

The sizes do not match (local 3930) -- retrieving.

--2017-06-14 00:00:10--  ftp://ftp.internic.net/domain/.listing
           => ‘./domain/.listing’
==> CWD not required.
--> PASV

227 Entering Passive Mode (192,0,32,9,22,253)
--> RETR .listing

150 Opening BINARY mode data connection for .listing (1829 bytes).
Length: 1829 (1.8K)

     0K .                                                     100% 1.77M=0.001s

226 Transfer complete.
2017-06-14 00:00:12 (1.77 MB/s) - ‘./domain/.listing’ saved [1829]

Remote file is newer than local file ‘./domain/INTERNIC_ROOT_ZONE.signatures’ -- retrieving.

--2017-06-14 00:00:12--  ftp://ftp.internic.net/domain/INTERNIC_ROOT_ZONE.signatures
           => ‘./domain/INTERNIC_ROOT_ZONE.signatures’
==> CWD not required.
--> PASV

227 Entering Passive Mode (192,0,32,9,60,162)
--> RETR INTERNIC_ROOT_ZONE.signatures

150 Opening BINARY mode data connection for INTERNIC_ROOT_ZONE.signatures (1224 bytes).
Length: 1224 (1.2K)

     0K .                                                     100% 14.6M=0s

226 Transfer complete.
2017-06-14 00:00:13 (14.6 MB/s) - ‘./domain/INTERNIC_ROOT_ZONE.signatures’ saved [1224]

Remote file is newer than local file ‘./domain/INTERNIC_ROOT_ZONE.signatures.asc’ -- retrieving.

--2017-06-14 00:00:13--  ftp://ftp.internic.net/domain/INTERNIC_ROOT_ZONE.signatures.asc
           => ‘./domain/INTERNIC_ROOT_ZONE.signatures.asc’
==> CWD not required.
--> PASV

227 Entering Passive Mode (192,0,32,9,122,180)
--> RETR INTERNIC_ROOT_ZONE.signatures.asc

150 Opening BINARY mode data connection for INTERNIC_ROOT_ZONE.signatures.asc (1469 bytes).
Length: 1469 (1.4K)

     0K .                                                     100%  247K=0.006s

226 Transfer complete.
2017-06-14 00:00:14 (247 KB/s) - ‘./domain/INTERNIC_ROOT_ZONE.signatures.asc’ saved [1469]

Remote file is newer than local file ‘./domain/arpa.zone’ -- retrieving.

--2017-06-14 00:00:14--  ftp://ftp.internic.net/domain/arpa.zone
           => ‘./domain/arpa.zone’
==> CWD not required.
--> PASV

227 Entering Passive Mode (192,0,32,9,41,221)
--> RETR arpa.zone

150 Opening BINARY mode data connection for arpa.zone (15228 bytes).
Length: 15228 (15K)

     0K .......... ....                                       100% 38.9M=0s

226 Transfer complete.
2017-06-14 00:00:16 (38.9 MB/s) - ‘./domain/arpa.zone’ saved [15228]

The sizes do not match (local 6659) -- retrieving.

--2017-06-14 00:00:16--  ftp://ftp.internic.net/domain/arpa.zone.gz
           => ‘./domain/arpa.zone.gz’
==> CWD not required.
--> PASV

227 Entering Passive Mode (192,0,32,9,42,206)
--> RETR arpa.zone.gz

150 Opening BINARY mode data connection for arpa.zone.gz (6637 bytes).
Length: 6637 (6.5K)

     0K ......                                                100%  638K=0.01s

226 Transfer complete.
2017-06-14 00:00:17 (638 KB/s) - ‘./domain/arpa.zone.gz’ saved [6637]

Remote file is newer than local file ‘./domain/arpa.zone.gz.md5’ -- retrieving.

--2017-06-14 00:00:17--  ftp://ftp.internic.net/domain/arpa.zone.gz.md5
           => ‘./domain/arpa.zone.gz.md5’
==> CWD not required.
--> PASV

227 Entering Passive Mode (192,0,32,9,21,145)
--> RETR arpa.zone.gz.md5

150 Opening BINARY mode data connection for arpa.zone.gz.md5 (33 bytes).
Length: 33

     0K                                                       100%  520K=0s

226 Transfer complete.
2017-06-14 00:00:18 (520 KB/s) - ‘./domain/arpa.zone.gz.md5’ saved [33]

Remote file is newer than local file ‘./domain/arpa.zone.gz.sig’ -- retrieving.

--2017-06-14 00:00:18--  ftp://ftp.internic.net/domain/arpa.zone.gz.sig
           => ‘./domain/arpa.zone.gz.sig’
==> CWD not required.
--> PASV

227 Entering Passive Mode (192,0,32,9,109,166)
--> RETR arpa.zone.gz.sig

150 Opening BINARY mode data connection for arpa.zone.gz.sig (72 bytes).
Length: 72

     0K                                                       100%  868K=0s

226 Transfer complete.
2017-06-14 00:00:19 (868 KB/s) - ‘./domain/arpa.zone.gz.sig’ saved [72]

Remote file no newer than local file ‘./domain/db.cache’ -- not retrieving.
Remote file no newer than local file ‘./domain/db.cache.md5’ -- not retrieving.
Remote file no newer than local file ‘./domain/db.cache.sig’ -- not retrieving.
Remote file is newer than local file ‘./domain/in-addr.arpa’ -- retrieving.

--2017-06-14 00:00:19--  ftp://ftp.internic.net/domain/in-addr.arpa
           => ‘./domain/in-addr.arpa’
==> CWD not required.
--> PASV

227 Entering Passive Mode (192,0,32,9,66,108)
--> RETR in-addr.arpa

150 Opening BINARY mode data connection for in-addr.arpa (228753 bytes).
Length: 228753 (223K)

     0K .......... .......... .......... .......... .......... 22% 81.4K 2s
    50K .......... .......... .......... .......... .......... 44%  164K 1s
   100K .......... .......... .......... .......... .......... 67% 2.45M 0s
   150K .......... .......... .......... .......... .......... 89% 83.8K 0s
   200K .......... .......... ...                             100% 49.0M=1.5s

226 Transfer complete.
2017-06-14 00:00:22 (145 KB/s) - ‘./domain/in-addr.arpa’ saved [228753]

Remote file is newer than local file ‘./domain/in-addr.arpa.gz’ -- retrieving.

--2017-06-14 00:00:22--  ftp://ftp.internic.net/domain/in-addr.arpa.gz
           => ‘./domain/in-addr.arpa.gz’
==> CWD not required.
--> PASV

227 Entering Passive Mode (192,0,32,9,41,34)
--> RETR in-addr.arpa.gz

150 Opening BINARY mode data connection for in-addr.arpa.gz (90507 bytes).
Length: 90507 (88K)

     0K .......... .......... .......... .......... .......... 56% 81.4K 0s
    50K .......... .......... .......... ........             100% 16.8M=0.6s

226 Transfer complete.
2017-06-14 00:00:24 (143 KB/s) - ‘./domain/in-addr.arpa.gz’ saved [90507]

Remote file is newer than local file ‘./domain/in-addr.arpa.gz.md5’ -- retrieving.

--2017-06-14 00:00:24--  ftp://ftp.internic.net/domain/in-addr.arpa.gz.md5
           => ‘./domain/in-addr.arpa.gz.md5’
==> CWD not required.
--> PASV

227 Entering Passive Mode (192,0,32,9,111,145)
--> RETR in-addr.arpa.gz.md5

150 Opening BINARY mode data connection for in-addr.arpa.gz.md5 (55 bytes).
Length: 55

     0K                                                       100%  726K=0s

226 Transfer complete.
2017-06-14 00:00:25 (726 KB/s) - ‘./domain/in-addr.arpa.gz.md5’ saved [55]

Remote file is newer than local file ‘./domain/in-addr.arpa.gz.sha256’ -- retrieving.

--2017-06-14 00:00:25--  ftp://ftp.internic.net/domain/in-addr.arpa.gz.sha256
           => ‘./domain/in-addr.arpa.gz.sha256’
==> CWD not required.
--> PASV

227 Entering Passive Mode (192,0,32,9,10,187)
--> RETR in-addr.arpa.gz.sha256

150 Opening BINARY mode data connection for in-addr.arpa.gz.sha256 (90 bytes).
Length: 90

     0K                                                       100%  342K=0s

226 Transfer complete.
2017-06-14 00:00:27 (342 KB/s) - ‘./domain/in-addr.arpa.gz.sha256’ saved [90]

Remote file is newer than local file ‘./domain/in-addr.arpa.md5’ -- retrieving.

--2017-06-14 00:00:27--  ftp://ftp.internic.net/domain/in-addr.arpa.md5
           => ‘./domain/in-addr.arpa.md5’
==> CWD not required.
--> PASV

227 Entering Passive Mode (192,0,32,9,105,87)
--> RETR in-addr.arpa.md5

150 Opening BINARY mode data connection for in-addr.arpa.md5 (52 bytes).
Length: 52

     0K                                                       100% 1.15M=0s

226 Transfer complete.
2017-06-14 00:00:28 (1.15 MB/s) - ‘./domain/in-addr.arpa.md5’ saved [52]

Remote file is newer than local file ‘./domain/in-addr.arpa.sha256’ -- retrieving.

--2017-06-14 00:00:28--  ftp://ftp.internic.net/domain/in-addr.arpa.sha256
           => ‘./domain/in-addr.arpa.sha256’
==> CWD not required.
--> PASV

227 Entering Passive Mode (192,0,32,9,250,20)
--> RETR in-addr.arpa.sha256

150 Opening BINARY mode data connection for in-addr.arpa.sha256 (87 bytes).
Length: 87

     0K                                                       100% 1.30M=0s

226 Transfer complete.
2017-06-14 00:00:29 (1.30 MB/s) - ‘./domain/in-addr.arpa.sha256’ saved [87]

Remote file is newer than local file ‘./domain/in-addr.arpa.zone’ -- retrieving.

--2017-06-14 00:00:29--  ftp://ftp.internic.net/domain/in-addr.arpa.zone
           => ‘./domain/in-addr.arpa.zone’
==> CWD not required.
--> PASV

227 Entering Passive Mode (192,0,32,9,41,7)
--> RETR in-addr.arpa.zone

150 Opening BINARY mode data connection for in-addr.arpa.zone (228753 bytes).
Length: 228753 (223K)

     0K .......... .......... .......... .......... .......... 22% 60.8K 3s
    50K .......... .......... .......... .......... .......... 44%  155K 1s
   100K .......... .......... .......... .......... .......... 67% 66.3K 1s
   150K .......... .......... .......... .......... .......... 89%  117K 0s
   200K .......... .......... ...                             100% 5.00K=7.0s

226 Transfer complete.
2017-06-14 00:00:38 (31.9 KB/s) - ‘./domain/in-addr.arpa.zone’ saved [228753]

Remote file is newer than local file ‘./domain/in-addr.arpa.zone.gz’ -- retrieving.

--2017-06-14 00:00:38--  ftp://ftp.internic.net/domain/in-addr.arpa.zone.gz
           => ‘./domain/in-addr.arpa.zone.gz’
==> CWD not required.
--> PASV

227 Entering Passive Mode (192,0,32,9,31,20)
--> RETR in-addr.arpa.zone.gz

150 Opening BINARY mode data connection for in-addr.arpa.zone.gz (90507 bytes).
Length: 90507 (88K)

     0K .......... .......... .......... .......... .......... 56% 48.8K 1s
    50K .......... .......... .......... ........             100% 14.9M=1.0s

226 Transfer complete.
2017-06-14 00:00:40 (86.0 KB/s) - ‘./domain/in-addr.arpa.zone.gz’ saved [90507]

Remote file is newer than local file ‘./domain/in-addr.arpa.zone.gz.md5’ -- retrieving.

--2017-06-14 00:00:40--  ftp://ftp.internic.net/domain/in-addr.arpa.zone.gz.md5
           => ‘./domain/in-addr.arpa.zone.gz.md5’
==> CWD not required.
--> PASV

227 Entering Passive Mode (192,0,32,9,42,17)
--> RETR in-addr.arpa.zone.gz.md5

150 Opening BINARY mode data connection for in-addr.arpa.zone.gz.md5 (60 bytes).
Length: 60

     0K                                                       100% 1.19M=0s

226 Transfer complete.
2017-06-14 00:00:42 (1.19 MB/s) - ‘./domain/in-addr.arpa.zone.gz.md5’ saved [60]

Remote file is newer than local file ‘./domain/in-addr.arpa.zone.gz.sha256’ -- retrieving.

--2017-06-14 00:00:42--  ftp://ftp.internic.net/domain/in-addr.arpa.zone.gz.sha256
           => ‘./domain/in-addr.arpa.zone.gz.sha256’
==> CWD not required.
--> PASV

227 Entering Passive Mode (192,0,32,9,117,91)
--> RETR in-addr.arpa.zone.gz.sha256

150 Opening BINARY mode data connection for in-addr.arpa.zone.gz.sha256 (95 bytes).
Length: 95

     0K                                                       100%  599K=0s

226 Transfer complete.
2017-06-14 00:00:43 (599 KB/s) - ‘./domain/in-addr.arpa.zone.gz.sha256’ saved [95]

Remote file is newer than local file ‘./domain/in-addr.arpa.zone.md5’ -- retrieving.

--2017-06-14 00:00:43--  ftp://ftp.internic.net/domain/in-addr.arpa.zone.md5
           => ‘./domain/in-addr.arpa.zone.md5’
==> CWD not required.
--> PASV

227 Entering Passive Mode (192,0,32,9,202,36)
--> RETR in-addr.arpa.zone.md5

150 Opening BINARY mode data connection for in-addr.arpa.zone.md5 (57 bytes).
Length: 57

     0K                                                       100%  586K=0s

226 Transfer complete.
2017-06-14 00:00:44 (586 KB/s) - ‘./domain/in-addr.arpa.zone.md5’ saved [57]

Remote file is newer than local file ‘./domain/in-addr.arpa.zone.sha256’ -- retrieving.

--2017-06-14 00:00:44--  ftp://ftp.internic.net/domain/in-addr.arpa.zone.sha256
           => ‘./domain/in-addr.arpa.zone.sha256’
==> CWD not required.
--> PASV

227 Entering Passive Mode (192,0,32,9,227,13)
--> RETR in-addr.arpa.zone.sha256

150 Opening BINARY mode data connection for in-addr.arpa.zone.sha256 (92 bytes).
Length: 92

     0K                                                       100% 1.15M=0s

226 Transfer complete.
2017-06-14 00:00:45 (1.15 MB/s) - ‘./domain/in-addr.arpa.zone.sha256’ saved [92]

Remote file is newer than local file ‘./domain/ip6.arpa’ -- retrieving.

--2017-06-14 00:00:45--  ftp://ftp.internic.net/domain/ip6.arpa
           => ‘./domain/ip6.arpa’
==> CWD not required.
--> PASV

227 Entering Passive Mode (192,0,32,9,41,61)
--> RETR ip6.arpa

150 Opening BINARY mode data connection for ip6.arpa (61264 bytes).
Length: 61264 (60K)

     0K .......... .......... .......... .......... .......... 83% 80.8K 0s
    50K .........                                             100% 80.0M=0.6s

226 Transfer complete.
2017-06-14 00:00:47 (96.7 KB/s) - ‘./domain/ip6.arpa’ saved [61264]

Remote file is newer than local file ‘./domain/ip6.arpa.gz’ -- retrieving.

--2017-06-14 00:00:47--  ftp://ftp.internic.net/domain/ip6.arpa.gz
           => ‘./domain/ip6.arpa.gz’
==> CWD not required.
--> PASV

227 Entering Passive Mode (192,0,32,9,147,13)
--> RETR ip6.arpa.gz

150 Opening BINARY mode data connection for ip6.arpa.gz (24268 bytes).
Length: 24268 (24K)

     0K .......... .......... ...                             100% 7.74K=3.1s

226 Transfer complete.
2017-06-14 00:00:51 (7.74 KB/s) - ‘./domain/ip6.arpa.gz’ saved [24268]

Remote file is newer than local file ‘./domain/ip6.arpa.gz.md5’ -- retrieving.

--2017-06-14 00:00:51--  ftp://ftp.internic.net/domain/ip6.arpa.gz.md5
           => ‘./domain/ip6.arpa.gz.md5’
==> CWD not required.
--> PASV

227 Entering Passive Mode (192,0,32,9,87,99)
--> RETR ip6.arpa.gz.md5

150 Opening BINARY mode data connection for ip6.arpa.gz.md5 (51 bytes).
Length: 51

     0K                                                       100%  566K=0s

226 Transfer complete.
2017-06-14 00:00:53 (566 KB/s) - ‘./domain/ip6.arpa.gz.md5’ saved [51]

Remote file is newer than local file ‘./domain/ip6.arpa.gz.sha256’ -- retrieving.

--2017-06-14 00:00:53--  ftp://ftp.internic.net/domain/ip6.arpa.gz.sha256
           => ‘./domain/ip6.arpa.gz.sha256’
==> CWD not required.
--> PASV

227 Entering Passive Mode (192,0,32,9,37,107)
--> RETR ip6.arpa.gz.sha256

150 Opening BINARY mode data connection for ip6.arpa.gz.sha256 (86 bytes).
Length: 86

     0K                                                       100% 1.52M=0s

226 Transfer complete.
2017-06-14 00:00:54 (1.52 MB/s) - ‘./domain/ip6.arpa.gz.sha256’ saved [86]

Remote file is newer than local file ‘./domain/ip6.arpa.md5’ -- retrieving.

--2017-06-14 00:00:54--  ftp://ftp.internic.net/domain/ip6.arpa.md5
           => ‘./domain/ip6.arpa.md5’
==> CWD not required.
--> PASV

227 Entering Passive Mode (192,0,32,9,46,111)
--> RETR ip6.arpa.md5

150 Opening BINARY mode data connection for ip6.arpa.md5 (48 bytes).
Length: 48

     0K                                                       100% 1.12M=0s

226 Transfer complete.
2017-06-14 00:00:55 (1.12 MB/s) - ‘./domain/ip6.arpa.md5’ saved [48]

Remote file is newer than local file ‘./domain/ip6.arpa.sha256’ -- retrieving.

--2017-06-14 00:00:55--  ftp://ftp.internic.net/domain/ip6.arpa.sha256
           => ‘./domain/ip6.arpa.sha256’
==> CWD not required.
--> PASV

227 Entering Passive Mode (192,0,32,9,11,208)
--> RETR ip6.arpa.sha256

150 Opening BINARY mode data connection for ip6.arpa.sha256 (83 bytes).
Length: 83

     0K                                                       100% 1.26M=0s

226 Transfer complete.
2017-06-14 00:00:56 (1.26 MB/s) - ‘./domain/ip6.arpa.sha256’ saved [83]

Remote file is newer than local file ‘./domain/ip6.arpa.zone’ -- retrieving.

--2017-06-14 00:00:56--  ftp://ftp.internic.net/domain/ip6.arpa.zone
           => ‘./domain/ip6.arpa.zone’
==> CWD not required.
--> PASV

227 Entering Passive Mode (192,0,32,9,132,79)
--> RETR ip6.arpa.zone

150 Opening BINARY mode data connection for ip6.arpa.zone (61264 bytes).
Length: 61264 (60K)

     0K .......... .......... .......... .......... .......... 83% 69.2K 0s
    50K .........                                             100% 5.19M=0.7s

226 Transfer complete.
2017-06-14 00:00:59 (82.6 KB/s) - ‘./domain/ip6.arpa.zone’ saved [61264]

Remote file is newer than local file ‘./domain/ip6.arpa.zone.gz’ -- retrieving.

--2017-06-14 00:00:59--  ftp://ftp.internic.net/domain/ip6.arpa.zone.gz
           => ‘./domain/ip6.arpa.zone.gz’
==> CWD not required.
--> PASV

227 Entering Passive Mode (192,0,32,9,211,18)
--> RETR ip6.arpa.zone.gz

150 Opening BINARY mode data connection for ip6.arpa.zone.gz (24268 bytes).
Length: 24268 (24K)

     0K .......... .......... ...                             100% 8.04K=2.9s

226 Transfer complete.
2017-06-14 00:01:03 (8.04 KB/s) - ‘./domain/ip6.arpa.zone.gz’ saved [24268]

Remote file is newer than local file ‘./domain/ip6.arpa.zone.gz.md5’ -- retrieving.

--2017-06-14 00:01:03--  ftp://ftp.internic.net/domain/ip6.arpa.zone.gz.md5
           => ‘./domain/ip6.arpa.zone.gz.md5’
==> CWD not required.
--> PASV

227 Entering Passive Mode (192,0,32,9,151,217)
--> RETR ip6.arpa.zone.gz.md5

150 Opening BINARY mode data connection for ip6.arpa.zone.gz.md5 (56 bytes).
Length: 56

     0K                                                       100%  701K=0s

226 Transfer complete.
2017-06-14 00:01:05 (701 KB/s) - ‘./domain/ip6.arpa.zone.gz.md5’ saved [56]

Remote file is newer than local file ‘./domain/ip6.arpa.zone.gz.sha256’ -- retrieving.

--2017-06-14 00:01:05--  ftp://ftp.internic.net/domain/ip6.arpa.zone.gz.sha256
           => ‘./domain/ip6.arpa.zone.gz.sha256’
==> CWD not required.
--> PASV

227 Entering Passive Mode (192,0,32,9,42,139)
--> RETR ip6.arpa.zone.gz.sha256

150 Opening BINARY mode data connection for ip6.arpa.zone.gz.sha256 (91 bytes).
Length: 91

     0K                                                       100% 1.89M=0s

226 Transfer complete.
2017-06-14 00:01:06 (1.89 MB/s) - ‘./domain/ip6.arpa.zone.gz.sha256’ saved [91]

Remote file is newer than local file ‘./domain/ip6.arpa.zone.md5’ -- retrieving.

--2017-06-14 00:01:06--  ftp://ftp.internic.net/domain/ip6.arpa.zone.md5
           => ‘./domain/ip6.arpa.zone.md5’
==> CWD not required.
--> PASV

227 Entering Passive Mode (192,0,32,9,159,11)
--> RETR ip6.arpa.zone.md5

150 Opening BINARY mode data connection for ip6.arpa.zone.md5 (53 bytes).
Length: 53

     0K                                                       100% 1.05M=0s

226 Transfer complete.
2017-06-14 00:01:08 (1.05 MB/s) - ‘./domain/ip6.arpa.zone.md5’ saved [53]

Remote file is newer than local file ‘./domain/ip6.arpa.zone.sha256’ -- retrieving.

--2017-06-14 00:01:08--  ftp://ftp.internic.net/domain/ip6.arpa.zone.sha256
           => ‘./domain/ip6.arpa.zone.sha256’
==> CWD not required.
--> PASV

227 Entering Passive Mode (192,0,32,9,172,242)
--> RETR ip6.arpa.zone.sha256

150 Opening BINARY mode data connection for ip6.arpa.zone.sha256 (88 bytes).
Length: 88

     0K                                                       100% 1.95M=0s

226 Transfer complete.
2017-06-14 00:01:09 (1.95 MB/s) - ‘./domain/ip6.arpa.zone.sha256’ saved [88]

Remote file is newer than local file ‘./domain/last_update.txt’ -- retrieving.

--2017-06-14 00:01:09--  ftp://ftp.internic.net/domain/last_update.txt
           => ‘./domain/last_update.txt’
==> CWD not required.
--> PASV

227 Entering Passive Mode (192,0,32,9,41,23)
--> RETR last_update.txt

150 Opening BINARY mode data connection for last_update.txt (21 bytes).
Length: 21

     0K                                                       100%  331K=0s

226 Transfer complete.
2017-06-14 00:01:10 (331 KB/s) - ‘./domain/last_update.txt’ saved [21]

Remote file no newer than local file ‘./domain/named.cache’ -- not retrieving.
Remote file no newer than local file ‘./domain/named.cache.md5’ -- not retrieving.
Remote file no newer than local file ‘./domain/named.cache.sig’ -- not retrieving.
Remote file no newer than local file ‘./domain/named.root’ -- not retrieving.
Remote file no newer than local file ‘./domain/named.root.md5’ -- not retrieving.
Remote file no newer than local file ‘./domain/named.root.sig’ -- not retrieving.
Remote file no newer than local file ‘./domain/root-servers.net.zone’ -- not retrieving.
Remote file no newer than local file ‘./domain/root-servers.net.zone.gz’ -- not retrieving.
Remote file no newer than local file ‘./domain/root-servers.net.zone.gz.md5’ -- not retrieving.
Remote file no newer than local file ‘./domain/root-servers.net.zone.gz.sig’ -- not retrieving.
The sizes do not match (local 2239304) -- retrieving.

--2017-06-14 00:01:10--  ftp://ftp.internic.net/domain/root.zone
           => ‘./domain/root.zone’
==> CWD not required.
--> PASV

227 Entering Passive Mode (192,0,32,9,41,13)
--> RETR root.zone

150 Opening BINARY mode data connection for root.zone (2238997 bytes).
Length: 2238997 (2.1M)

     0K .......... .......... .......... .......... ..........  2% 61.0K 35s
    50K .......... .......... .......... .......... ..........  4%  162K 24s
   100K .......... .......... .......... .......... ..........  6% 1.05M 16s
   150K .......... .......... .......... .......... ..........  9%  172K 15s
   200K .......... .......... .......... .......... .......... 11%  155K 14s
   250K .......... .......... .......... .......... .......... 13% 29.4K 22s
   300K .......... .......... .......... .......... .......... 16% 20.1M 18s
   350K .......... .......... .......... .......... .......... 18% 84.5M 16s
   400K .......... .......... .......... .......... .......... 20% 13.5M 13s
   450K .......... .......... .......... .......... .......... 22% 14.5M 12s
   500K .......... .......... .......... .......... .......... 25%  139K 11s
   550K .......... .......... .......... .......... .......... 27%  177K 11s
   600K .......... .......... .......... .......... .......... 29%  144K 11s
   650K .......... .......... .......... .......... .......... 32% 89.7K 11s
   700K .......... .......... .......... .......... .......... 34%  171K 10s
   750K .......... .......... .......... .......... .......... 36% 70.4K 10s
   800K .......... .......... .......... .......... .......... 38% 92.5M 10s
   850K .......... .......... .......... .......... .......... 41% 44.6K 10s
   900K .......... .......... .......... .......... .......... 43%  105K 10s
   950K .......... .......... .......... .......... .......... 45% 33.2M 9s
  1000K .......... .......... .......... .......... .......... 48% 78.3M 8s
  1050K .......... .......... .......... .......... .......... 50% 90.1K 8s
  1100K .......... .......... .......... .......... .......... 52%  155K 8s
  1150K .......... .......... .......... .......... .......... 54% 55.5K 8s
  1200K .......... .......... .......... .......... .......... 57% 3.49M 7s
  1250K .......... .......... .......... .......... .......... 59% 82.7K 7s
  1300K .......... .......... .......... .......... .......... 61% 82.0K 7s
  1350K .......... .......... .......... .......... .......... 64%  164K 6s
  1400K .......... .......... .......... .......... .......... 66% 80.0K 6s
  1450K .......... .......... .......... .......... .......... 68% 82.8K 6s
  1500K .......... .......... .......... .......... .......... 70% 87.7K 5s
  1550K .......... .......... .......... .......... .......... 73%  141K 5s
  1600K .......... .......... .......... .......... .......... 75% 80.2K 4s
  1650K .......... .......... .......... .......... .......... 77% 54.9K 4s
  1700K .......... .......... .......... .......... .......... 80% 82.1K 4s
  1750K .......... .......... .......... .......... .......... 82% 81.0K 3s
  1800K .......... .......... .......... .......... .......... 84% 54.3K 3s
  1850K .......... .......... .......... .......... .......... 86% 44.5K 3s
  1900K .......... .......... .......... .......... .......... 89% 80.8K 2s
  1950K .......... .......... .......... .......... .......... 91% 44.5K 2s
  2000K .......... .......... .......... .......... .......... 93% 81.2K 1s
  2050K .......... .......... .......... .......... .......... 96% 80.4K 1s
  2100K .......... .......... .......... .......... .......... 98% 82.3K 0s
  2150K .......... .......... .......... ......               100% 59.7K=22s

226 Transfer complete.
2017-06-14 00:01:35 (98.9 KB/s) - ‘./domain/root.zone’ saved [2238997]

The sizes do not match (local 1051551) -- retrieving.

--2017-06-14 00:01:35--  ftp://ftp.internic.net/domain/root.zone.gz
           => ‘./domain/root.zone.gz’
==> CWD not required.
--> PASV

227 Entering Passive Mode (192,0,32,9,158,85)
--> RETR root.zone.gz

150 Opening BINARY mode data connection for root.zone.gz (1051334 bytes).
Length: 1051334 (1.0M)

     0K .......... .......... .......... .......... ..........  4% 54.2K 18s
    50K .......... .......... .......... .......... ..........  9% 81.0K 14s
   100K .......... .......... .......... .......... .......... 14% 53.9K 14s
   150K .......... .......... .......... .......... .......... 19% 82.9K 13s
   200K .......... .......... .......... .......... .......... 24% 81.4K 11s
   250K .......... .......... .......... .......... .......... 29%  155K 10s
   300K .......... .......... .......... .......... .......... 34%  167K 8s
   350K .......... .......... .......... .......... .......... 38% 44.5K 9s
   400K .......... .......... .......... .......... .......... 43%  185K 7s
   450K .......... .......... .......... .......... .......... 48% 77.4K 7s
   500K .......... .......... .......... .......... .......... 53% 81.5K 6s
   550K .......... .......... .......... .......... .......... 58% 56.8K 6s
   600K .......... .......... .......... .......... .......... 63% 42.8K 5s
   650K .......... .......... .......... .......... .......... 68% 54.0K 5s
   700K .......... .......... .......... .......... .......... 73% 32.4K 4s
   750K .......... .......... .......... .......... .......... 77% 40.9K 4s
   800K .......... .......... .......... .......... .......... 82% 40.5K 3s
   850K .......... .......... .......... .......... .......... 87% 12.9K 3s
   900K .......... .......... .......... .......... .......... 92% 32.5K 2s
   950K .......... .......... .......... .......... .......... 97% 40.6K 1s
  1000K .......... .......... ......                          100% 10.9K=23s

226 Transfer complete.
2017-06-14 00:01:59 (44.6 KB/s) - ‘./domain/root.zone.gz’ saved [1051334]

Remote file is newer than local file ‘./domain/root.zone.gz.md5’ -- retrieving.

--2017-06-14 00:01:59--  ftp://ftp.internic.net/domain/root.zone.gz.md5
           => ‘./domain/root.zone.gz.md5’
==> CWD not required.
--> PASV

227 Entering Passive Mode (192,0,32,9,150,93)
--> RETR root.zone.gz.md5

150 Opening BINARY mode data connection for root.zone.gz.md5 (33 bytes).
Length: 33

     0K                                                       100%  474K=0s

226 Transfer complete.
2017-06-14 00:02:01 (474 KB/s) - ‘./domain/root.zone.gz.md5’ saved [33]

Remote file is newer than local file ‘./domain/root.zone.gz.sig’ -- retrieving.

--2017-06-14 00:02:01--  ftp://ftp.internic.net/domain/root.zone.gz.sig
           => ‘./domain/root.zone.gz.sig’
==> CWD not required.
--> PASV

227 Entering Passive Mode (192,0,32,9,41,152)
--> RETR root.zone.gz.sig

150 Opening BINARY mode data connection for root.zone.gz.sig (72 bytes).
Length: 72

     0K                                                       100%  781K=0s

226 Transfer complete.
2017-06-14 00:02:02 (781 KB/s) - ‘./domain/root.zone.gz.sig’ saved [72]

Remote file is newer than local file ‘./domain/root.zone.md5’ -- retrieving.

--2017-06-14 00:02:02--  ftp://ftp.internic.net/domain/root.zone.md5
           => ‘./domain/root.zone.md5’
==> CWD not required.
--> PASV

227 Entering Passive Mode (192,0,32,9,219,0)
--> RETR root.zone.md5

150 Opening BINARY mode data connection for root.zone.md5 (33 bytes).
Length: 33

     0K                                                       100%  221K=0s

226 Transfer complete.
2017-06-14 00:02:04 (221 KB/s) - ‘./domain/root.zone.md5’ saved [33]

Remote file is newer than local file ‘./domain/root.zone.sig’ -- retrieving.

--2017-06-14 00:02:04--  ftp://ftp.internic.net/domain/root.zone.sig
           => ‘./domain/root.zone.sig’
==> CWD not required.
--> PASV

227 Entering Passive Mode (192,0,32,9,41,168)
--> RETR root.zone.sig

150 Opening BINARY mode data connection for root.zone.sig (72 bytes).
Length: 72

     0K                                                       100% 45.5K=0.002s

226 Transfer complete.
2017-06-14 00:02:05 (45.5 KB/s) - ‘./domain/root.zone.sig’ saved [72]

FINISHED --2017-06-14 00:02:05--
Total wall clock time: 2m 1s
Downloaded: 40 files, 3.9M in 1m 3s (64.3 KB/s)
