--2017-02-12 00:00:04--  ftp://ftp.internic.net/*
           => ‘./.listing’
Resolving ftp.internic.net (ftp.internic.net)... 192.0.32.9, 2620:0:2d0:200::9
Connecting to ftp.internic.net (ftp.internic.net)|192.0.32.9|:21... connected.
Logging in as anonymous ... 
220 Internic FTP Server
--> USER anonymous

331 Please specify the password.
--> PASS Turtle Power!

230 Login successful.
--> SYST

215 UNIX Type: L8
--> PWD

257 "/"
--> TYPE I

200 Switching to Binary mode.
==> CWD not needed.
--> PASV

227 Entering Passive Mode (192,0,32,9,41,50)
--> LIST -a

150 Here comes the directory listing.

     0K                                                         760K=0s

226 Directory send OK.
drwxr-xr-x    3 ftp      ftp          4096 Apr 04  2012 .
drwxr-xr-x    3 ftp      ftp          4096 Apr 04  2012 ..
drwxr-xr-x    2 ftp      ftp          4096 Sep 09  2015 domain
2017-02-12 00:00:17 (760 KB/s) - ‘./.listing’ saved [183]

--2017-02-12 00:00:17--  ftp://ftp.internic.net/domain/*
           => ‘./domain/.listing’
--> CWD /domain

250 Directory successfully changed.
--> PASV

227 Entering Passive Mode (192,0,32,9,7,102)
--> LIST -a

150 Here comes the directory listing.

     0K ...                                                     671K=0.006s

226 Directory send OK.
drwxr-xr-x    2 ftp      ftp          4096 Sep 09  2015 .
drwxr-xr-x    3 ftp      ftp          4096 Apr 04  2012 ..
-rw-r--r--    1 ftp      ftp          1829 Aug 18  2015 .listing
-rw-r--r--    1 ftp      ftp          1224 Feb 11 13:01 INTERNIC_ROOT_ZONE.signatures
-rw-r--r--    1 ftp      ftp          1469 Feb 11 13:01 INTERNIC_ROOT_ZONE.signatures.asc
-rw-r--r--    1 ftp      ftp         15186 Feb 11 13:01 arpa.zone
-rw-r--r--    1 ftp      ftp          6640 Feb 11 13:01 arpa.zone.gz
-rw-r--r--    1 ftp      ftp            33 Feb 11 13:01 arpa.zone.gz.md5
-rw-r--r--    1 ftp      ftp            72 Feb 11 13:01 arpa.zone.gz.sig
-rw-r--r--    1 ftp      ftp          3291 Oct 20 19:35 db.cache
-rw-r--r--    1 ftp      ftp            33 Oct 20 19:35 db.cache.md5
-rw-r--r--    1 ftp      ftp            72 Oct 20 19:35 db.cache.sig
-rw-r--r--    1 ftp      ftp        227882 Feb 11 15:40 in-addr.arpa
-rw-r--r--    1 ftp      ftp         90163 Feb 11 15:40 in-addr.arpa.gz
-rw-r--r--    1 ftp      ftp            55 Feb 11 15:40 in-addr.arpa.gz.md5
-rw-r--r--    1 ftp      ftp            90 Feb 11 15:40 in-addr.arpa.gz.sha256
-rw-r--r--    1 ftp      ftp            52 Feb 11 15:40 in-addr.arpa.md5
-rw-r--r--    1 ftp      ftp            87 Feb 11 15:40 in-addr.arpa.sha256
-rw-r--r--    1 ftp      ftp        227882 Feb 11 15:40 in-addr.arpa.zone
-rw-r--r--    1 ftp      ftp         90163 Feb 11 15:40 in-addr.arpa.zone.gz
-rw-r--r--    1 ftp      ftp            60 Feb 11 15:40 in-addr.arpa.zone.gz.md5
-rw-r--r--    1 ftp      ftp            95 Feb 11 15:40 in-addr.arpa.zone.gz.sha256
-rw-r--r--    1 ftp      ftp            57 Feb 11 15:40 in-addr.arpa.zone.md5
-rw-r--r--    1 ftp      ftp            92 Feb 11 15:40 in-addr.arpa.zone.sha256
-rw-r--r--    1 ftp      ftp         60964 Feb 11 15:40 ip6.arpa
-rw-r--r--    1 ftp      ftp         24407 Feb 11 15:40 ip6.arpa.gz
-rw-r--r--    1 ftp      ftp            51 Feb 11 15:40 ip6.arpa.gz.md5
-rw-r--r--    1 ftp      ftp            86 Feb 11 15:40 ip6.arpa.gz.sha256
-rw-r--r--    1 ftp      ftp            48 Feb 11 15:40 ip6.arpa.md5
-rw-r--r--    1 ftp      ftp            83 Feb 11 15:40 ip6.arpa.sha256
-rw-r--r--    1 ftp      ftp         60964 Feb 11 15:40 ip6.arpa.zone
-rw-r--r--    1 ftp      ftp         24407 Feb 11 15:40 ip6.arpa.zone.gz
-rw-r--r--    1 ftp      ftp            56 Feb 11 15:40 ip6.arpa.zone.gz.md5
-rw-r--r--    1 ftp      ftp            91 Feb 11 15:40 ip6.arpa.zone.gz.sha256
-rw-r--r--    1 ftp      ftp            53 Feb 11 15:40 ip6.arpa.zone.md5
-rw-r--r--    1 ftp      ftp            88 Feb 11 15:40 ip6.arpa.zone.sha256
-rw-r--r--    1 ftp      ftp            21 Feb 11 15:40 last_update.txt
-rw-r--r--    1 ftp      ftp          3291 Oct 20 19:35 named.cache
-rw-r--r--    1 ftp      ftp            33 Oct 20 19:35 named.cache.md5
-rw-r--r--    1 ftp      ftp            72 Oct 20 19:35 named.cache.sig
-rw-r--r--    1 ftp      ftp          3291 Oct 20 19:35 named.root
-rw-r--r--    1 ftp      ftp            33 Oct 20 19:35 named.root.md5
-rw-r--r--    1 ftp      ftp            72 Oct 20 19:35 named.root.sig
-rw-r--r--    1 ftp      ftp          2110 Oct 20 19:35 root-servers.net.zone
-rw-r--r--    1 ftp      ftp           574 Oct 20 19:35 root-servers.net.zone.gz
-rw-r--r--    1 ftp      ftp            33 Oct 20 19:35 root-servers.net.zone.gz.md5
-rw-r--r--    1 ftp      ftp            72 Oct 20 19:35 root-servers.net.zone.gz.sig
-rw-r--r--    1 ftp      ftp       2227204 Feb 11 05:08 root.zone
-rw-r--r--    1 ftp      ftp       1046211 Feb 11 05:08 root.zone.gz
-rw-r--r--    1 ftp      ftp            33 Feb 11 05:08 root.zone.gz.md5
-rw-r--r--    1 ftp      ftp            72 Feb 11 05:08 root.zone.gz.sig
-rw-r--r--    1 ftp      ftp            33 Feb 11 05:08 root.zone.md5
-rw-r--r--    1 ftp      ftp            72 Feb 11 05:08 root.zone.sig
2017-02-12 00:00:18 (671 KB/s) - ‘./domain/.listing’ saved [3930]

The sizes do not match (local 3930) -- retrieving.

--2017-02-12 00:00:18--  ftp://ftp.internic.net/domain/.listing
           => ‘./domain/.listing’
==> CWD not required.
--> PASV

227 Entering Passive Mode (192,0,32,9,216,28)
--> RETR .listing

150 Opening BINARY mode data connection for .listing (1829 bytes).
Length: 1829 (1.8K)

     0K .                                                     100% 15.7M=0s

226 Transfer complete.
2017-02-12 00:00:19 (15.7 MB/s) - ‘./domain/.listing’ saved [1829]

Remote file is newer than local file ‘./domain/INTERNIC_ROOT_ZONE.signatures’ -- retrieving.

--2017-02-12 00:00:19--  ftp://ftp.internic.net/domain/INTERNIC_ROOT_ZONE.signatures
           => ‘./domain/INTERNIC_ROOT_ZONE.signatures’
==> CWD not required.
--> PASV

227 Entering Passive Mode (192,0,32,9,197,123)
--> RETR INTERNIC_ROOT_ZONE.signatures

150 Opening BINARY mode data connection for INTERNIC_ROOT_ZONE.signatures (1224 bytes).
Length: 1224 (1.2K)

     0K .                                                     100% 5.67M=0s

226 Transfer complete.
2017-02-12 00:00:20 (5.67 MB/s) - ‘./domain/INTERNIC_ROOT_ZONE.signatures’ saved [1224]

Remote file is newer than local file ‘./domain/INTERNIC_ROOT_ZONE.signatures.asc’ -- retrieving.

--2017-02-12 00:00:20--  ftp://ftp.internic.net/domain/INTERNIC_ROOT_ZONE.signatures.asc
           => ‘./domain/INTERNIC_ROOT_ZONE.signatures.asc’
==> CWD not required.
--> PASV

227 Entering Passive Mode (192,0,32,9,38,40)
--> RETR INTERNIC_ROOT_ZONE.signatures.asc

150 Opening BINARY mode data connection for INTERNIC_ROOT_ZONE.signatures.asc (1469 bytes).
Length: 1469 (1.4K)

     0K .                                                     100% 2.45M=0.001s

226 Transfer complete.
2017-02-12 00:00:21 (2.45 MB/s) - ‘./domain/INTERNIC_ROOT_ZONE.signatures.asc’ saved [1469]

Remote file is newer than local file ‘./domain/arpa.zone’ -- retrieving.

--2017-02-12 00:00:21--  ftp://ftp.internic.net/domain/arpa.zone
           => ‘./domain/arpa.zone’
==> CWD not required.
--> PASV

227 Entering Passive Mode (192,0,32,9,41,200)
--> RETR arpa.zone

150 Opening BINARY mode data connection for arpa.zone (15186 bytes).
Length: 15186 (15K)

     0K .......... ....                                       100% 28.1M=0.001s

226 Transfer complete.
2017-02-12 00:00:21 (28.1 MB/s) - ‘./domain/arpa.zone’ saved [15186]

The sizes do not match (local 6637) -- retrieving.

--2017-02-12 00:00:21--  ftp://ftp.internic.net/domain/arpa.zone.gz
           => ‘./domain/arpa.zone.gz’
==> CWD not required.
--> PASV

227 Entering Passive Mode (192,0,32,9,42,49)
--> RETR arpa.zone.gz

150 Opening BINARY mode data connection for arpa.zone.gz (6640 bytes).
Length: 6640 (6.5K)

     0K ......                                                100% 11.2M=0.001s

226 Transfer complete.
2017-02-12 00:00:23 (11.2 MB/s) - ‘./domain/arpa.zone.gz’ saved [6640]

Remote file is newer than local file ‘./domain/arpa.zone.gz.md5’ -- retrieving.

--2017-02-12 00:00:23--  ftp://ftp.internic.net/domain/arpa.zone.gz.md5
           => ‘./domain/arpa.zone.gz.md5’
==> CWD not required.
--> PASV

227 Entering Passive Mode (192,0,32,9,41,104)
--> RETR arpa.zone.gz.md5

150 Opening BINARY mode data connection for arpa.zone.gz.md5 (33 bytes).
Length: 33

     0K                                                       100%  187K=0s

226 Transfer complete.
2017-02-12 00:00:24 (187 KB/s) - ‘./domain/arpa.zone.gz.md5’ saved [33]

Remote file is newer than local file ‘./domain/arpa.zone.gz.sig’ -- retrieving.

--2017-02-12 00:00:24--  ftp://ftp.internic.net/domain/arpa.zone.gz.sig
           => ‘./domain/arpa.zone.gz.sig’
==> CWD not required.
--> PASV

227 Entering Passive Mode (192,0,32,9,29,198)
--> RETR arpa.zone.gz.sig

150 Opening BINARY mode data connection for arpa.zone.gz.sig (72 bytes).
Length: 72

     0K                                                       100%  639K=0s

226 Transfer complete.
2017-02-12 00:00:24 (639 KB/s) - ‘./domain/arpa.zone.gz.sig’ saved [72]

Remote file no newer than local file ‘./domain/db.cache’ -- not retrieving.
Remote file no newer than local file ‘./domain/db.cache.md5’ -- not retrieving.
Remote file no newer than local file ‘./domain/db.cache.sig’ -- not retrieving.
Remote file is newer than local file ‘./domain/in-addr.arpa’ -- retrieving.

--2017-02-12 00:00:24--  ftp://ftp.internic.net/domain/in-addr.arpa
           => ‘./domain/in-addr.arpa’
==> CWD not required.
--> PASV

227 Entering Passive Mode (192,0,32,9,73,119)
--> RETR in-addr.arpa

150 Opening BINARY mode data connection for in-addr.arpa (227882 bytes).
Length: 227882 (223K)

     0K .......... .......... .......... .......... .......... 22%  143K 1s
    50K .......... .......... .......... .......... .......... 44%  275K 1s
   100K .......... .......... .......... .......... .......... 67% 17.7M 0s
   150K .......... .......... .......... .......... .......... 89%  286K 0s
   200K .......... .......... ..                              100%  132K=0.9s

226 Transfer complete.
2017-02-12 00:00:26 (253 KB/s) - ‘./domain/in-addr.arpa’ saved [227882]

Remote file is newer than local file ‘./domain/in-addr.arpa.gz’ -- retrieving.

--2017-02-12 00:00:26--  ftp://ftp.internic.net/domain/in-addr.arpa.gz
           => ‘./domain/in-addr.arpa.gz’
==> CWD not required.
--> PASV

227 Entering Passive Mode (192,0,32,9,41,104)
--> RETR in-addr.arpa.gz

150 Opening BINARY mode data connection for in-addr.arpa.gz (90163 bytes).
Length: 90163 (88K)

     0K .......... .......... .......... .......... .......... 56%  145K 0s
    50K .......... .......... .......... ........             100% 11.0M=0.3s

226 Transfer complete.
2017-02-12 00:00:27 (253 KB/s) - ‘./domain/in-addr.arpa.gz’ saved [90163]

Remote file is newer than local file ‘./domain/in-addr.arpa.gz.md5’ -- retrieving.

--2017-02-12 00:00:27--  ftp://ftp.internic.net/domain/in-addr.arpa.gz.md5
           => ‘./domain/in-addr.arpa.gz.md5’
==> CWD not required.
--> PASV

227 Entering Passive Mode (192,0,32,9,42,94)
--> RETR in-addr.arpa.gz.md5

150 Opening BINARY mode data connection for in-addr.arpa.gz.md5 (55 bytes).
Length: 55

     0K                                                       100%  300K=0s

226 Transfer complete.
2017-02-12 00:02:28 (300 KB/s) - ‘./domain/in-addr.arpa.gz.md5’ saved [55]

Remote file is newer than local file ‘./domain/in-addr.arpa.gz.sha256’ -- retrieving.

--2017-02-12 00:02:28--  ftp://ftp.internic.net/domain/in-addr.arpa.gz.sha256
           => ‘./domain/in-addr.arpa.gz.sha256’
==> CWD not required.
--> PASV

227 Entering Passive Mode (192,0,32,9,217,184)
--> RETR in-addr.arpa.gz.sha256

150 Opening BINARY mode data connection for in-addr.arpa.gz.sha256 (90 bytes).
Length: 90

     0K                                                       100%  806K=0s

226 Transfer complete.
2017-02-12 00:02:28 (806 KB/s) - ‘./domain/in-addr.arpa.gz.sha256’ saved [90]

Remote file is newer than local file ‘./domain/in-addr.arpa.md5’ -- retrieving.

--2017-02-12 00:02:28--  ftp://ftp.internic.net/domain/in-addr.arpa.md5
           => ‘./domain/in-addr.arpa.md5’
==> CWD not required.
--> PASV

227 Entering Passive Mode (192,0,32,9,166,184)
--> RETR in-addr.arpa.md5

150 Opening BINARY mode data connection for in-addr.arpa.md5 (52 bytes).
Length: 52

     0K                                                       100%  462K=0s

226 Transfer complete.
2017-02-12 00:02:29 (462 KB/s) - ‘./domain/in-addr.arpa.md5’ saved [52]

Remote file is newer than local file ‘./domain/in-addr.arpa.sha256’ -- retrieving.

--2017-02-12 00:02:29--  ftp://ftp.internic.net/domain/in-addr.arpa.sha256
           => ‘./domain/in-addr.arpa.sha256’
==> CWD not required.
--> PASV

227 Entering Passive Mode (192,0,32,9,237,169)
--> RETR in-addr.arpa.sha256

150 Opening BINARY mode data connection for in-addr.arpa.sha256 (87 bytes).
Length: 87

     0K                                                       100%  196K=0s

226 Transfer complete.
2017-02-12 00:02:30 (196 KB/s) - ‘./domain/in-addr.arpa.sha256’ saved [87]

Remote file is newer than local file ‘./domain/in-addr.arpa.zone’ -- retrieving.

--2017-02-12 00:02:30--  ftp://ftp.internic.net/domain/in-addr.arpa.zone
           => ‘./domain/in-addr.arpa.zone’
==> CWD not required.
--> PASV

227 Entering Passive Mode (192,0,32,9,234,187)
--> RETR in-addr.arpa.zone

150 Opening BINARY mode data connection for in-addr.arpa.zone (227882 bytes).
Length: 227882 (223K)

     0K .......... .......... .......... .......... .......... 22% 56.1K 3s
    50K .......... .......... .......... .......... .......... 44%  282K 1s
   100K .......... .......... .......... .......... .......... 67%  284K 1s
   150K .......... .......... .......... .......... .......... 89% 10.2M 0s
   200K .......... .......... ..                              100%  130K=1.4s

226 Transfer complete.
2017-02-12 00:02:36 (156 KB/s) - ‘./domain/in-addr.arpa.zone’ saved [227882]

Remote file is newer than local file ‘./domain/in-addr.arpa.zone.gz’ -- retrieving.

--2017-02-12 00:02:36--  ftp://ftp.internic.net/domain/in-addr.arpa.zone.gz
           => ‘./domain/in-addr.arpa.zone.gz’
==> CWD not required.
--> PASV

227 Entering Passive Mode (192,0,32,9,162,19)
--> RETR in-addr.arpa.zone.gz

150 Opening BINARY mode data connection for in-addr.arpa.zone.gz (90163 bytes).
Length: 90163 (88K)

     0K .......... .......... .......... .......... .......... 56%  144K 0s
    50K .......... .......... .......... ........             100% 26.0M=0.3s

226 Transfer complete.
2017-02-12 00:02:37 (252 KB/s) - ‘./domain/in-addr.arpa.zone.gz’ saved [90163]

Remote file is newer than local file ‘./domain/in-addr.arpa.zone.gz.md5’ -- retrieving.

--2017-02-12 00:02:37--  ftp://ftp.internic.net/domain/in-addr.arpa.zone.gz.md5
           => ‘./domain/in-addr.arpa.zone.gz.md5’
==> CWD not required.
--> PASV

227 Entering Passive Mode (192,0,32,9,42,139)
--> RETR in-addr.arpa.zone.gz.md5

150 Opening BINARY mode data connection for in-addr.arpa.zone.gz.md5 (60 bytes).
Length: 60

     0K                                                       100%  538K=0s

226 Transfer complete.
2017-02-12 00:02:37 (538 KB/s) - ‘./domain/in-addr.arpa.zone.gz.md5’ saved [60]

Remote file is newer than local file ‘./domain/in-addr.arpa.zone.gz.sha256’ -- retrieving.

--2017-02-12 00:02:37--  ftp://ftp.internic.net/domain/in-addr.arpa.zone.gz.sha256
           => ‘./domain/in-addr.arpa.zone.gz.sha256’
==> CWD not required.
--> PASV

227 Entering Passive Mode (192,0,32,9,206,223)
--> RETR in-addr.arpa.zone.gz.sha256

150 Opening BINARY mode data connection for in-addr.arpa.zone.gz.sha256 (95 bytes).
Length: 95

     0K                                                       100%  698K=0s

226 Transfer complete.
2017-02-12 00:02:38 (698 KB/s) - ‘./domain/in-addr.arpa.zone.gz.sha256’ saved [95]

Remote file is newer than local file ‘./domain/in-addr.arpa.zone.md5’ -- retrieving.

--2017-02-12 00:02:38--  ftp://ftp.internic.net/domain/in-addr.arpa.zone.md5
           => ‘./domain/in-addr.arpa.zone.md5’
==> CWD not required.
--> PASV

227 Entering Passive Mode (192,0,32,9,200,243)
--> RETR in-addr.arpa.zone.md5

150 Opening BINARY mode data connection for in-addr.arpa.zone.md5 (57 bytes).
Length: 57

     0K                                                       100%  428K=0s

226 Transfer complete.
2017-02-12 00:02:39 (428 KB/s) - ‘./domain/in-addr.arpa.zone.md5’ saved [57]

Remote file is newer than local file ‘./domain/in-addr.arpa.zone.sha256’ -- retrieving.

--2017-02-12 00:02:39--  ftp://ftp.internic.net/domain/in-addr.arpa.zone.sha256
           => ‘./domain/in-addr.arpa.zone.sha256’
==> CWD not required.
--> PASV

227 Entering Passive Mode (192,0,32,9,8,150)
--> RETR in-addr.arpa.zone.sha256

150 Opening BINARY mode data connection for in-addr.arpa.zone.sha256 (92 bytes).
Length: 92

     0K                                                       100%  761K=0s

226 Transfer complete.
2017-02-12 00:02:40 (761 KB/s) - ‘./domain/in-addr.arpa.zone.sha256’ saved [92]

Remote file is newer than local file ‘./domain/ip6.arpa’ -- retrieving.

--2017-02-12 00:02:40--  ftp://ftp.internic.net/domain/ip6.arpa
           => ‘./domain/ip6.arpa’
==> CWD not required.
--> PASV

227 Entering Passive Mode (192,0,32,9,8,99)
--> RETR ip6.arpa

150 Opening BINARY mode data connection for ip6.arpa (60964 bytes).
Length: 60964 (60K)

     0K .......... .......... .......... .......... .......... 83%  145K 0s
    50K .........                                             100% 16.0M=0.3s

226 Transfer complete.
2017-02-12 00:02:42 (173 KB/s) - ‘./domain/ip6.arpa’ saved [60964]

Remote file is newer than local file ‘./domain/ip6.arpa.gz’ -- retrieving.

--2017-02-12 00:02:42--  ftp://ftp.internic.net/domain/ip6.arpa.gz
           => ‘./domain/ip6.arpa.gz’
==> CWD not required.
--> PASV

227 Entering Passive Mode (192,0,32,9,164,202)
--> RETR ip6.arpa.gz

150 Opening BINARY mode data connection for ip6.arpa.gz (24407 bytes).
Length: 24407 (24K)

     0K .......... .......... ...                             100%  134K=0.2s

226 Transfer complete.
2017-02-12 00:02:43 (134 KB/s) - ‘./domain/ip6.arpa.gz’ saved [24407]

Remote file is newer than local file ‘./domain/ip6.arpa.gz.md5’ -- retrieving.

--2017-02-12 00:02:43--  ftp://ftp.internic.net/domain/ip6.arpa.gz.md5
           => ‘./domain/ip6.arpa.gz.md5’
==> CWD not required.
--> PASV

227 Entering Passive Mode (192,0,32,9,89,45)
--> RETR ip6.arpa.gz.md5

150 Opening BINARY mode data connection for ip6.arpa.gz.md5 (51 bytes).
Length: 51

     0K                                                       100%  356K=0s

226 Transfer complete.
2017-02-12 00:02:43 (356 KB/s) - ‘./domain/ip6.arpa.gz.md5’ saved [51]

Remote file is newer than local file ‘./domain/ip6.arpa.gz.sha256’ -- retrieving.

--2017-02-12 00:02:43--  ftp://ftp.internic.net/domain/ip6.arpa.gz.sha256
           => ‘./domain/ip6.arpa.gz.sha256’
==> CWD not required.
--> PASV

227 Entering Passive Mode (192,0,32,9,41,13)
--> RETR ip6.arpa.gz.sha256

150 Opening BINARY mode data connection for ip6.arpa.gz.sha256 (86 bytes).
Length: 86

     0K                                                       100%  600K=0s

226 Transfer complete.
2017-02-12 00:02:44 (600 KB/s) - ‘./domain/ip6.arpa.gz.sha256’ saved [86]

Remote file is newer than local file ‘./domain/ip6.arpa.md5’ -- retrieving.

--2017-02-12 00:02:44--  ftp://ftp.internic.net/domain/ip6.arpa.md5
           => ‘./domain/ip6.arpa.md5’
==> CWD not required.
--> PASV

227 Entering Passive Mode (192,0,32,9,41,199)
--> RETR ip6.arpa.md5

150 Opening BINARY mode data connection for ip6.arpa.md5 (48 bytes).
Length: 48

     0K                                                       100%  426K=0s

226 Transfer complete.
2017-02-12 00:02:45 (426 KB/s) - ‘./domain/ip6.arpa.md5’ saved [48]

Remote file is newer than local file ‘./domain/ip6.arpa.sha256’ -- retrieving.

--2017-02-12 00:02:45--  ftp://ftp.internic.net/domain/ip6.arpa.sha256
           => ‘./domain/ip6.arpa.sha256’
==> CWD not required.
--> PASV

227 Entering Passive Mode (192,0,32,9,41,13)
--> RETR ip6.arpa.sha256

150 Opening BINARY mode data connection for ip6.arpa.sha256 (83 bytes).
Length: 83

     0K                                                       100%  730K=0s

226 Transfer complete.
2017-02-12 00:02:45 (730 KB/s) - ‘./domain/ip6.arpa.sha256’ saved [83]

Remote file is newer than local file ‘./domain/ip6.arpa.zone’ -- retrieving.

--2017-02-12 00:02:45--  ftp://ftp.internic.net/domain/ip6.arpa.zone
           => ‘./domain/ip6.arpa.zone’
==> CWD not required.
--> PASV

227 Entering Passive Mode (192,0,32,9,41,18)
--> RETR ip6.arpa.zone

150 Opening BINARY mode data connection for ip6.arpa.zone (60964 bytes).
Length: 60964 (60K)

     0K .......... .......... .......... .......... .......... 83%  143K 0s
    50K .........                                             100% 10.9M=0.4s

226 Transfer complete.
2017-02-12 00:02:46 (170 KB/s) - ‘./domain/ip6.arpa.zone’ saved [60964]

Remote file is newer than local file ‘./domain/ip6.arpa.zone.gz’ -- retrieving.

--2017-02-12 00:02:46--  ftp://ftp.internic.net/domain/ip6.arpa.zone.gz
           => ‘./domain/ip6.arpa.zone.gz’
==> CWD not required.
--> PASV

227 Entering Passive Mode (192,0,32,9,86,88)
--> RETR ip6.arpa.zone.gz

150 Opening BINARY mode data connection for ip6.arpa.zone.gz (24407 bytes).
Length: 24407 (24K)

     0K .......... .......... ...                             100%  139K=0.2s

226 Transfer complete.
2017-02-12 00:02:47 (139 KB/s) - ‘./domain/ip6.arpa.zone.gz’ saved [24407]

Remote file is newer than local file ‘./domain/ip6.arpa.zone.gz.md5’ -- retrieving.

--2017-02-12 00:02:47--  ftp://ftp.internic.net/domain/ip6.arpa.zone.gz.md5
           => ‘./domain/ip6.arpa.zone.gz.md5’
==> CWD not required.
--> PASV

227 Entering Passive Mode (192,0,32,9,173,108)
--> RETR ip6.arpa.zone.gz.md5

150 Opening BINARY mode data connection for ip6.arpa.zone.gz.md5 (56 bytes).
Length: 56

     0K                                                       100%  262K=0s

226 Transfer complete.
2017-02-12 00:02:48 (262 KB/s) - ‘./domain/ip6.arpa.zone.gz.md5’ saved [56]

Remote file is newer than local file ‘./domain/ip6.arpa.zone.gz.sha256’ -- retrieving.

--2017-02-12 00:02:48--  ftp://ftp.internic.net/domain/ip6.arpa.zone.gz.sha256
           => ‘./domain/ip6.arpa.zone.gz.sha256’
==> CWD not required.
--> PASV

227 Entering Passive Mode (192,0,32,9,19,253)
--> RETR ip6.arpa.zone.gz.sha256

150 Opening BINARY mode data connection for ip6.arpa.zone.gz.sha256 (91 bytes).
Length: 91

     0K                                                       100%  649K=0s

226 Transfer complete.
2017-02-12 00:02:50 (649 KB/s) - ‘./domain/ip6.arpa.zone.gz.sha256’ saved [91]

Remote file is newer than local file ‘./domain/ip6.arpa.zone.md5’ -- retrieving.

--2017-02-12 00:02:50--  ftp://ftp.internic.net/domain/ip6.arpa.zone.md5
           => ‘./domain/ip6.arpa.zone.md5’
==> CWD not required.
--> PASV

227 Entering Passive Mode (192,0,32,9,55,230)
--> RETR ip6.arpa.zone.md5

150 Opening BINARY mode data connection for ip6.arpa.zone.md5 (53 bytes).
Length: 53

     0K                                                       100%  462K=0s

226 Transfer complete.
2017-02-12 00:02:51 (462 KB/s) - ‘./domain/ip6.arpa.zone.md5’ saved [53]

Remote file is newer than local file ‘./domain/ip6.arpa.zone.sha256’ -- retrieving.

--2017-02-12 00:02:51--  ftp://ftp.internic.net/domain/ip6.arpa.zone.sha256
           => ‘./domain/ip6.arpa.zone.sha256’
==> CWD not required.
--> PASV

227 Entering Passive Mode (192,0,32,9,42,180)
--> RETR ip6.arpa.zone.sha256

150 Opening BINARY mode data connection for ip6.arpa.zone.sha256 (88 bytes).
Length: 88

     0K                                                       100%  788K=0s

226 Transfer complete.
2017-02-12 00:02:51 (788 KB/s) - ‘./domain/ip6.arpa.zone.sha256’ saved [88]

Remote file is newer than local file ‘./domain/last_update.txt’ -- retrieving.

--2017-02-12 00:02:51--  ftp://ftp.internic.net/domain/last_update.txt
           => ‘./domain/last_update.txt’
==> CWD not required.
--> PASV

227 Entering Passive Mode (192,0,32,9,31,196)
--> RETR last_update.txt

150 Opening BINARY mode data connection for last_update.txt (21 bytes).
Length: 21

     0K                                                       100%  188K=0s

226 Transfer complete.
2017-02-12 00:02:52 (188 KB/s) - ‘./domain/last_update.txt’ saved [21]

Remote file no newer than local file ‘./domain/named.cache’ -- not retrieving.
Remote file no newer than local file ‘./domain/named.cache.md5’ -- not retrieving.
Remote file no newer than local file ‘./domain/named.cache.sig’ -- not retrieving.
Remote file no newer than local file ‘./domain/named.root’ -- not retrieving.
Remote file no newer than local file ‘./domain/named.root.md5’ -- not retrieving.
Remote file no newer than local file ‘./domain/named.root.sig’ -- not retrieving.
Remote file no newer than local file ‘./domain/root-servers.net.zone’ -- not retrieving.
Remote file no newer than local file ‘./domain/root-servers.net.zone.gz’ -- not retrieving.
Remote file no newer than local file ‘./domain/root-servers.net.zone.gz.md5’ -- not retrieving.
Remote file no newer than local file ‘./domain/root-servers.net.zone.gz.sig’ -- not retrieving.
The sizes do not match (local 2226708) -- retrieving.

--2017-02-12 00:02:52--  ftp://ftp.internic.net/domain/root.zone
           => ‘./domain/root.zone’
==> CWD not required.
--> PASV

227 Entering Passive Mode (192,0,32,9,41,152)
--> RETR root.zone

150 Opening BINARY mode data connection for root.zone (2227204 bytes).
Length: 2227204 (2.1M)

     0K .......... .......... .......... .......... ..........  2%  138K 15s
    50K .......... .......... .......... .......... ..........  4%  289K 11s
   100K .......... .......... .......... .......... ..........  6% 10.1M 7s
   150K .......... .......... .......... .......... ..........  9%  289K 7s
   200K .......... .......... .......... .......... .......... 11%  289K 7s
   250K .......... .......... .......... .......... .......... 13%  144K 8s
   300K .......... .......... .......... .......... .......... 16% 11.7M 6s
   350K .......... .......... .......... .......... .......... 18% 14.4M 6s
   400K .......... .......... .......... .......... .......... 20% 35.0M 5s
   450K .......... .......... .......... .......... .......... 22% 31.2M 4s
   500K .......... .......... .......... .......... .......... 25% 36.6M 4s
   550K .......... .......... .......... .......... .......... 27%  304K 4s
   600K .......... .......... .......... .......... .......... 29% 2.39M 3s
   650K .......... .......... .......... .......... .......... 32% 20.2M 3s
   700K .......... .......... .......... .......... .......... 34%  330K 3s
   750K .......... .......... .......... .......... .......... 36% 1.93M 3s
   800K .......... .......... .......... .......... .......... 39% 20.8M 3s
   850K .......... .......... .......... .......... .......... 41%  342K 2s
   900K .......... .......... .......... .......... .......... 43% 1.90M 2s
   950K .......... .......... .......... .......... .......... 45% 10.4M 2s
  1000K .......... .......... .......... .......... .......... 48%  349K 2s
  1050K .......... .......... .......... .......... .......... 50% 1.69M 2s
  1100K .......... .......... .......... .......... .......... 52% 10.5M 2s
  1150K .......... .......... .......... .......... .......... 55%  357K 2s
  1200K .......... .......... .......... .......... .......... 57% 2.54M 2s
  1250K .......... .......... .......... .......... .......... 59% 1.75M 1s
  1300K .......... .......... .......... .......... .......... 62%  369K 1s
  1350K .......... .......... .......... .......... .......... 64% 17.6M 1s
  1400K .......... .......... .......... .......... .......... 66% 1.09M 1s
  1450K .......... .......... .......... .......... .......... 68% 15.7M 1s
  1500K .......... .......... .......... .......... .......... 71%  397K 1s
  1550K .......... .......... .......... .......... .......... 73% 3.60M 1s
  1600K .......... .......... .......... .......... .......... 75% 1.45M 1s
  1650K .......... .......... .......... .......... .......... 78%  401K 1s
  1700K .......... .......... .......... .......... .......... 80% 11.8M 1s
  1750K .......... .......... .......... .......... .......... 82% 1.15M 1s
  1800K .......... .......... .......... .......... .......... 85% 10.9M 0s
  1850K .......... .......... .......... .......... .......... 87%  401K 0s
  1900K .......... .......... .......... .......... .......... 89% 7.09M 0s
  1950K .......... .......... .......... .......... .......... 91% 1.23M 0s
  2000K .......... .......... .......... .......... .......... 94%  734K 0s
  2050K .......... .......... .......... .......... .......... 96%  827K 0s
  2100K .......... .......... .......... .......... .......... 98% 1.16M 0s
  2150K .......... .......... .....                           100% 17.7M=3.0s

226 Transfer complete.
2017-02-12 00:02:56 (718 KB/s) - ‘./domain/root.zone’ saved [2227204]

The sizes do not match (local 1045904) -- retrieving.

--2017-02-12 00:02:56--  ftp://ftp.internic.net/domain/root.zone.gz
           => ‘./domain/root.zone.gz’
==> CWD not required.
--> PASV

227 Entering Passive Mode (192,0,32,9,41,200)
--> RETR root.zone.gz

150 Opening BINARY mode data connection for root.zone.gz (1046211 bytes).
Length: 1046211 (1022K)

     0K .......... .......... .......... .......... ..........  4%  137K 7s
    50K .......... .......... .......... .......... ..........  9%  282K 5s
   100K .......... .......... .......... .......... .......... 14% 9.89M 3s
   150K .......... .......... .......... .......... .......... 19%  285K 3s
   200K .......... .......... .......... .......... .......... 24%  142K 3s
   250K .......... .......... .......... .......... .......... 29% 5.89M 3s
   300K .......... .......... .......... .......... .......... 34% 39.6M 2s
   350K .......... .......... .......... .......... .......... 39% 33.9M 2s
   400K .......... .......... .......... .......... .......... 44%  299K 2s
   450K .......... .......... .......... .......... .......... 48% 8.03M 1s
   500K .......... .......... .......... .......... .......... 53%  279K 1s
   550K .......... .......... .......... .......... .......... 58%  532K 1s
   600K .......... .......... .......... .......... .......... 63% 1.17M 1s
   650K .......... .......... .......... .......... .......... 68%  419K 1s
   700K .......... .......... .......... .......... .......... 73% 1012K 1s
   750K .......... .......... .......... .......... .......... 78%  756K 1s
   800K .......... .......... .......... .......... .......... 83%  534K 0s
   850K .......... .......... .......... .......... .......... 88%  749K 0s
   900K .......... .......... .......... .......... .......... 92%  625K 0s
   950K .......... .......... .......... .......... .......... 97% 1.02M 0s
  1000K .......... .......... .                               100% 2.22M=2.1s

226 Transfer complete.
2017-02-12 00:02:59 (484 KB/s) - ‘./domain/root.zone.gz’ saved [1046211]

Remote file is newer than local file ‘./domain/root.zone.gz.md5’ -- retrieving.

--2017-02-12 00:02:59--  ftp://ftp.internic.net/domain/root.zone.gz.md5
           => ‘./domain/root.zone.gz.md5’
==> CWD not required.
--> PASV

227 Entering Passive Mode (192,0,32,9,178,25)
--> RETR root.zone.gz.md5

150 Opening BINARY mode data connection for root.zone.gz.md5 (33 bytes).
Length: 33

     0K                                                       100%  293K=0s

226 Transfer complete.
2017-02-12 00:02:59 (293 KB/s) - ‘./domain/root.zone.gz.md5’ saved [33]

Remote file is newer than local file ‘./domain/root.zone.gz.sig’ -- retrieving.

--2017-02-12 00:02:59--  ftp://ftp.internic.net/domain/root.zone.gz.sig
           => ‘./domain/root.zone.gz.sig’
==> CWD not required.
--> PASV

227 Entering Passive Mode (192,0,32,9,185,77)
--> RETR root.zone.gz.sig

150 Opening BINARY mode data connection for root.zone.gz.sig (72 bytes).
Length: 72

     0K                                                       100%  517K=0s

226 Transfer complete.
2017-02-12 00:03:00 (517 KB/s) - ‘./domain/root.zone.gz.sig’ saved [72]

Remote file is newer than local file ‘./domain/root.zone.md5’ -- retrieving.

--2017-02-12 00:03:00--  ftp://ftp.internic.net/domain/root.zone.md5
           => ‘./domain/root.zone.md5’
==> CWD not required.
--> PASV

227 Entering Passive Mode (192,0,32,9,24,233)
--> RETR root.zone.md5

150 Opening BINARY mode data connection for root.zone.md5 (33 bytes).
Length: 33

     0K                                                       100%  293K=0s

226 Transfer complete.
2017-02-12 00:03:01 (293 KB/s) - ‘./domain/root.zone.md5’ saved [33]

Remote file is newer than local file ‘./domain/root.zone.sig’ -- retrieving.

--2017-02-12 00:03:01--  ftp://ftp.internic.net/domain/root.zone.sig
           => ‘./domain/root.zone.sig’
==> CWD not required.
--> PASV

227 Entering Passive Mode (192,0,32,9,236,120)
--> RETR root.zone.sig

150 Opening BINARY mode data connection for root.zone.sig (72 bytes).
Length: 72

     0K                                                       100%  628K=0s

226 Transfer complete.
2017-02-12 00:03:02 (628 KB/s) - ‘./domain/root.zone.sig’ saved [72]

FINISHED --2017-02-12 00:03:02--
Total wall clock time: 2m 58s
Downloaded: 40 files, 3.9M in 9.2s (437 KB/s)
