--2017-06-25 00:00:03--  ftp://ftp.internic.net/*
           => ‘./.listing’
Resolving ftp.internic.net (ftp.internic.net)... 192.0.32.9, 2620:0:2d0:200::9
Connecting to ftp.internic.net (ftp.internic.net)|192.0.32.9|:21... connected.
Logging in as anonymous ... 
220 Internic FTP Server
--> USER anonymous

331 Please specify the password.
--> PASS Turtle Power!

230 Login successful.
--> SYST

215 UNIX Type: L8
--> PWD

257 "/"
--> TYPE I

200 Switching to Binary mode.
==> CWD not needed.
--> PASV

227 Entering Passive Mode (192,0,32,9,42,41)
--> LIST -a

150 Here comes the directory listing.

     0K                                                         610K=0s

226 Directory send OK.
drwxr-xr-x    3 ftp      ftp          4096 Apr 04  2012 .
drwxr-xr-x    3 ftp      ftp          4096 Apr 04  2012 ..
drwxr-xr-x    2 ftp      ftp          4096 Sep 09  2015 domain
2017-06-25 00:00:08 (610 KB/s) - ‘./.listing’ saved [183]

--2017-06-25 00:00:08--  ftp://ftp.internic.net/domain/*
           => ‘./domain/.listing’
--> CWD /domain

250 Directory successfully changed.
--> PASV

227 Entering Passive Mode (192,0,32,9,251,242)
--> LIST -a

150 Here comes the directory listing.

     0K ...                                                     638K=0.006s

226 Directory send OK.
drwxr-xr-x    2 ftp      ftp          4096 Sep 09  2015 .
drwxr-xr-x    3 ftp      ftp          4096 Apr 04  2012 ..
-rw-r--r--    1 ftp      ftp          1829 Aug 18  2015 .listing
-rw-r--r--    1 ftp      ftp          1224 Jun 24 12:19 INTERNIC_ROOT_ZONE.signatures
-rw-r--r--    1 ftp      ftp          1469 Jun 24 12:19 INTERNIC_ROOT_ZONE.signatures.asc
-rw-r--r--    1 ftp      ftp         15438 Jun 24 12:19 arpa.zone
-rw-r--r--    1 ftp      ftp          6783 Jun 24 12:19 arpa.zone.gz
-rw-r--r--    1 ftp      ftp            33 Jun 24 12:19 arpa.zone.gz.md5
-rw-r--r--    1 ftp      ftp            72 Jun 24 12:19 arpa.zone.gz.sig
-rw-r--r--    1 ftp      ftp          3289 Jun 01 15:27 db.cache
-rw-r--r--    1 ftp      ftp            33 Jun 01 15:27 db.cache.md5
-rw-r--r--    1 ftp      ftp            72 Jun 01 15:27 db.cache.sig
-rw-r--r--    1 ftp      ftp        228753 Jun 24 15:40 in-addr.arpa
-rw-r--r--    1 ftp      ftp         90610 Jun 24 15:40 in-addr.arpa.gz
-rw-r--r--    1 ftp      ftp            55 Jun 24 15:40 in-addr.arpa.gz.md5
-rw-r--r--    1 ftp      ftp            90 Jun 24 15:40 in-addr.arpa.gz.sha256
-rw-r--r--    1 ftp      ftp            52 Jun 24 15:40 in-addr.arpa.md5
-rw-r--r--    1 ftp      ftp            87 Jun 24 15:40 in-addr.arpa.sha256
-rw-r--r--    1 ftp      ftp        228753 Jun 24 15:40 in-addr.arpa.zone
-rw-r--r--    1 ftp      ftp         90610 Jun 24 15:40 in-addr.arpa.zone.gz
-rw-r--r--    1 ftp      ftp            60 Jun 24 15:40 in-addr.arpa.zone.gz.md5
-rw-r--r--    1 ftp      ftp            95 Jun 24 15:40 in-addr.arpa.zone.gz.sha256
-rw-r--r--    1 ftp      ftp            57 Jun 24 15:40 in-addr.arpa.zone.md5
-rw-r--r--    1 ftp      ftp            92 Jun 24 15:40 in-addr.arpa.zone.sha256
-rw-r--r--    1 ftp      ftp         61264 Jun 24 15:40 ip6.arpa
-rw-r--r--    1 ftp      ftp         24355 Jun 24 15:40 ip6.arpa.gz
-rw-r--r--    1 ftp      ftp            51 Jun 24 15:40 ip6.arpa.gz.md5
-rw-r--r--    1 ftp      ftp            86 Jun 24 15:40 ip6.arpa.gz.sha256
-rw-r--r--    1 ftp      ftp            48 Jun 24 15:40 ip6.arpa.md5
-rw-r--r--    1 ftp      ftp            83 Jun 24 15:40 ip6.arpa.sha256
-rw-r--r--    1 ftp      ftp         61264 Jun 24 15:40 ip6.arpa.zone
-rw-r--r--    1 ftp      ftp         24355 Jun 24 15:40 ip6.arpa.zone.gz
-rw-r--r--    1 ftp      ftp            56 Jun 24 15:40 ip6.arpa.zone.gz.md5
-rw-r--r--    1 ftp      ftp            91 Jun 24 15:40 ip6.arpa.zone.gz.sha256
-rw-r--r--    1 ftp      ftp            53 Jun 24 15:40 ip6.arpa.zone.md5
-rw-r--r--    1 ftp      ftp            88 Jun 24 15:40 ip6.arpa.zone.sha256
-rw-r--r--    1 ftp      ftp            21 Jun 24 15:40 last_update.txt
-rw-r--r--    1 ftp      ftp          3289 Jun 01 15:27 named.cache
-rw-r--r--    1 ftp      ftp            33 Jun 01 15:27 named.cache.md5
-rw-r--r--    1 ftp      ftp            72 Jun 01 15:27 named.cache.sig
-rw-r--r--    1 ftp      ftp          3289 Jun 01 15:27 named.root
-rw-r--r--    1 ftp      ftp            33 Jun 01 15:27 named.root.md5
-rw-r--r--    1 ftp      ftp            72 Jun 01 15:27 named.root.sig
-rw-r--r--    1 ftp      ftp          2111 Jun 01 15:27 root-servers.net.zone
-rw-r--r--    1 ftp      ftp           575 Jun 01 15:27 root-servers.net.zone.gz
-rw-r--r--    1 ftp      ftp            33 Jun 01 15:27 root-servers.net.zone.gz.md5
-rw-r--r--    1 ftp      ftp            72 Jun 01 15:27 root-servers.net.zone.gz.sig
-rw-r--r--    1 ftp      ftp       2240631 Jun 24 05:10 root.zone
-rw-r--r--    1 ftp      ftp       1052096 Jun 24 05:10 root.zone.gz
-rw-r--r--    1 ftp      ftp            33 Jun 24 05:10 root.zone.gz.md5
-rw-r--r--    1 ftp      ftp            72 Jun 24 05:10 root.zone.gz.sig
-rw-r--r--    1 ftp      ftp            33 Jun 24 05:10 root.zone.md5
-rw-r--r--    1 ftp      ftp            72 Jun 24 05:10 root.zone.sig
2017-06-25 00:00:09 (638 KB/s) - ‘./domain/.listing’ saved [3930]

The sizes do not match (local 3930) -- retrieving.

--2017-06-25 00:00:09--  ftp://ftp.internic.net/domain/.listing
           => ‘./domain/.listing’
==> CWD not required.
--> PASV

227 Entering Passive Mode (192,0,32,9,242,116)
--> RETR .listing

150 Opening BINARY mode data connection for .listing (1829 bytes).
Length: 1829 (1.8K)

     0K .                                                     100% 15.9M=0s

226 Transfer complete.
2017-06-25 00:00:10 (15.9 MB/s) - ‘./domain/.listing’ saved [1829]

Remote file is newer than local file ‘./domain/INTERNIC_ROOT_ZONE.signatures’ -- retrieving.

--2017-06-25 00:00:10--  ftp://ftp.internic.net/domain/INTERNIC_ROOT_ZONE.signatures
           => ‘./domain/INTERNIC_ROOT_ZONE.signatures’
==> CWD not required.
--> PASV

227 Entering Passive Mode (192,0,32,9,11,55)
--> RETR INTERNIC_ROOT_ZONE.signatures

150 Opening BINARY mode data connection for INTERNIC_ROOT_ZONE.signatures (1224 bytes).
Length: 1224 (1.2K)

     0K .                                                     100% 10.4M=0s

226 Transfer complete.
2017-06-25 00:00:11 (10.4 MB/s) - ‘./domain/INTERNIC_ROOT_ZONE.signatures’ saved [1224]

Remote file is newer than local file ‘./domain/INTERNIC_ROOT_ZONE.signatures.asc’ -- retrieving.

--2017-06-25 00:00:11--  ftp://ftp.internic.net/domain/INTERNIC_ROOT_ZONE.signatures.asc
           => ‘./domain/INTERNIC_ROOT_ZONE.signatures.asc’
==> CWD not required.
--> PASV

227 Entering Passive Mode (192,0,32,9,42,54)
--> RETR INTERNIC_ROOT_ZONE.signatures.asc

150 Opening BINARY mode data connection for INTERNIC_ROOT_ZONE.signatures.asc (1469 bytes).
Length: 1469 (1.4K)

     0K .                                                     100% 12.6M=0s

226 Transfer complete.
2017-06-25 00:00:11 (12.6 MB/s) - ‘./domain/INTERNIC_ROOT_ZONE.signatures.asc’ saved [1469]

Remote file is newer than local file ‘./domain/arpa.zone’ -- retrieving.

--2017-06-25 00:00:11--  ftp://ftp.internic.net/domain/arpa.zone
           => ‘./domain/arpa.zone’
==> CWD not required.
--> PASV

227 Entering Passive Mode (192,0,32,9,150,223)
--> RETR arpa.zone

150 Opening BINARY mode data connection for arpa.zone (15438 bytes).
Length: 15438 (15K)

     0K .......... .....                                      100% 12.9M=0.001s

226 Transfer complete.
2017-06-25 00:00:12 (12.9 MB/s) - ‘./domain/arpa.zone’ saved [15438]

The sizes do not match (local 6781) -- retrieving.

--2017-06-25 00:00:12--  ftp://ftp.internic.net/domain/arpa.zone.gz
           => ‘./domain/arpa.zone.gz’
==> CWD not required.
--> PASV

227 Entering Passive Mode (192,0,32,9,168,132)
--> RETR arpa.zone.gz

150 Opening BINARY mode data connection for arpa.zone.gz (6783 bytes).
Length: 6783 (6.6K)

     0K ......                                                100% 56.3M=0s

226 Transfer complete.
2017-06-25 00:00:13 (56.3 MB/s) - ‘./domain/arpa.zone.gz’ saved [6783]

Remote file is newer than local file ‘./domain/arpa.zone.gz.md5’ -- retrieving.

--2017-06-25 00:00:13--  ftp://ftp.internic.net/domain/arpa.zone.gz.md5
           => ‘./domain/arpa.zone.gz.md5’
==> CWD not required.
--> PASV

227 Entering Passive Mode (192,0,32,9,43,173)
--> RETR arpa.zone.gz.md5

150 Opening BINARY mode data connection for arpa.zone.gz.md5 (33 bytes).
Length: 33

     0K                                                       100%  155K=0s

226 Transfer complete.
2017-06-25 00:00:14 (155 KB/s) - ‘./domain/arpa.zone.gz.md5’ saved [33]

Remote file is newer than local file ‘./domain/arpa.zone.gz.sig’ -- retrieving.

--2017-06-25 00:00:14--  ftp://ftp.internic.net/domain/arpa.zone.gz.sig
           => ‘./domain/arpa.zone.gz.sig’
==> CWD not required.
--> PASV

227 Entering Passive Mode (192,0,32,9,95,118)
--> RETR arpa.zone.gz.sig

150 Opening BINARY mode data connection for arpa.zone.gz.sig (72 bytes).
Length: 72

     0K                                                       100%  562K=0s

226 Transfer complete.
2017-06-25 00:00:15 (562 KB/s) - ‘./domain/arpa.zone.gz.sig’ saved [72]

Remote file no newer than local file ‘./domain/db.cache’ -- not retrieving.
Remote file no newer than local file ‘./domain/db.cache.md5’ -- not retrieving.
Remote file no newer than local file ‘./domain/db.cache.sig’ -- not retrieving.
Remote file is newer than local file ‘./domain/in-addr.arpa’ -- retrieving.

--2017-06-25 00:00:15--  ftp://ftp.internic.net/domain/in-addr.arpa
           => ‘./domain/in-addr.arpa’
==> CWD not required.
--> PASV

227 Entering Passive Mode (192,0,32,9,15,105)
--> RETR in-addr.arpa

150 Opening BINARY mode data connection for in-addr.arpa (228753 bytes).
Length: 228753 (223K)

     0K .......... .......... .......... .......... .......... 22%  118K 1s
    50K .......... .......... .......... .......... .......... 44%  239K 1s
   100K .......... .......... .......... .......... .......... 67% 5.03M 0s
   150K .......... .......... .......... .......... .......... 89%  239K 0s
   200K .......... .......... ...                             100%  114K=1.1s

226 Transfer complete.
2017-06-25 00:00:17 (212 KB/s) - ‘./domain/in-addr.arpa’ saved [228753]

The sizes do not match (local 90612) -- retrieving.

--2017-06-25 00:00:17--  ftp://ftp.internic.net/domain/in-addr.arpa.gz
           => ‘./domain/in-addr.arpa.gz’
==> CWD not required.
--> PASV

227 Entering Passive Mode (192,0,32,9,5,243)
--> RETR in-addr.arpa.gz

150 Opening BINARY mode data connection for in-addr.arpa.gz (90610 bytes).
Length: 90610 (88K)

     0K .......... .......... .......... .......... .......... 56%  118K 0s
    50K .......... .......... .......... ........             100% 12.0M=0.4s

226 Transfer complete.
2017-06-25 00:00:18 (208 KB/s) - ‘./domain/in-addr.arpa.gz’ saved [90610]

Remote file is newer than local file ‘./domain/in-addr.arpa.gz.md5’ -- retrieving.

--2017-06-25 00:00:18--  ftp://ftp.internic.net/domain/in-addr.arpa.gz.md5
           => ‘./domain/in-addr.arpa.gz.md5’
==> CWD not required.
--> PASV

227 Entering Passive Mode (192,0,32,9,42,230)
--> RETR in-addr.arpa.gz.md5

150 Opening BINARY mode data connection for in-addr.arpa.gz.md5 (55 bytes).
Length: 55

     0K                                                       100%  493K=0s

226 Transfer complete.
2017-06-25 00:00:19 (493 KB/s) - ‘./domain/in-addr.arpa.gz.md5’ saved [55]

Remote file is newer than local file ‘./domain/in-addr.arpa.gz.sha256’ -- retrieving.

--2017-06-25 00:00:19--  ftp://ftp.internic.net/domain/in-addr.arpa.gz.sha256
           => ‘./domain/in-addr.arpa.gz.sha256’
==> CWD not required.
--> PASV

227 Entering Passive Mode (192,0,32,9,41,255)
--> RETR in-addr.arpa.gz.sha256

150 Opening BINARY mode data connection for in-addr.arpa.gz.sha256 (90 bytes).
Length: 90

     0K                                                       100%  792K=0s

226 Transfer complete.
2017-06-25 00:00:20 (792 KB/s) - ‘./domain/in-addr.arpa.gz.sha256’ saved [90]

Remote file is newer than local file ‘./domain/in-addr.arpa.md5’ -- retrieving.

--2017-06-25 00:00:20--  ftp://ftp.internic.net/domain/in-addr.arpa.md5
           => ‘./domain/in-addr.arpa.md5’
==> CWD not required.
--> PASV

227 Entering Passive Mode (192,0,32,9,42,57)
--> RETR in-addr.arpa.md5

150 Opening BINARY mode data connection for in-addr.arpa.md5 (52 bytes).
Length: 52

     0K                                                       100%  457K=0s

226 Transfer complete.
2017-06-25 00:00:21 (457 KB/s) - ‘./domain/in-addr.arpa.md5’ saved [52]

Remote file is newer than local file ‘./domain/in-addr.arpa.sha256’ -- retrieving.

--2017-06-25 00:00:21--  ftp://ftp.internic.net/domain/in-addr.arpa.sha256
           => ‘./domain/in-addr.arpa.sha256’
==> CWD not required.
--> PASV

227 Entering Passive Mode (192,0,32,9,187,103)
--> RETR in-addr.arpa.sha256

150 Opening BINARY mode data connection for in-addr.arpa.sha256 (87 bytes).
Length: 87

     0K                                                       100%  772K=0s

226 Transfer complete.
2017-06-25 00:00:22 (772 KB/s) - ‘./domain/in-addr.arpa.sha256’ saved [87]

Remote file is newer than local file ‘./domain/in-addr.arpa.zone’ -- retrieving.

--2017-06-25 00:00:22--  ftp://ftp.internic.net/domain/in-addr.arpa.zone
           => ‘./domain/in-addr.arpa.zone’
==> CWD not required.
--> PASV

227 Entering Passive Mode (192,0,32,9,144,163)
--> RETR in-addr.arpa.zone

150 Opening BINARY mode data connection for in-addr.arpa.zone (228753 bytes).
Length: 228753 (223K)

     0K .......... .......... .......... .......... .......... 22%  119K 1s
    50K .......... .......... .......... .......... .......... 44%  239K 1s
   100K .......... .......... .......... .......... .......... 67% 10.0M 0s
   150K .......... .......... .......... .......... .......... 89%  237K 0s
   200K .......... .......... ...                             100%  112K=1.1s

226 Transfer complete.
2017-06-25 00:00:24 (212 KB/s) - ‘./domain/in-addr.arpa.zone’ saved [228753]

The sizes do not match (local 90612) -- retrieving.

--2017-06-25 00:00:24--  ftp://ftp.internic.net/domain/in-addr.arpa.zone.gz
           => ‘./domain/in-addr.arpa.zone.gz’
==> CWD not required.
--> PASV

227 Entering Passive Mode (192,0,32,9,41,95)
--> RETR in-addr.arpa.zone.gz

150 Opening BINARY mode data connection for in-addr.arpa.zone.gz (90610 bytes).
Length: 90610 (88K)

     0K .......... .......... .......... .......... .......... 56%  114K 0s
    50K .......... .......... .......... ........             100% 12.2M=0.4s

226 Transfer complete.
2017-06-25 00:00:25 (200 KB/s) - ‘./domain/in-addr.arpa.zone.gz’ saved [90610]

Remote file is newer than local file ‘./domain/in-addr.arpa.zone.gz.md5’ -- retrieving.

--2017-06-25 00:00:25--  ftp://ftp.internic.net/domain/in-addr.arpa.zone.gz.md5
           => ‘./domain/in-addr.arpa.zone.gz.md5’
==> CWD not required.
--> PASV

227 Entering Passive Mode (192,0,32,9,133,230)
--> RETR in-addr.arpa.zone.gz.md5

150 Opening BINARY mode data connection for in-addr.arpa.zone.gz.md5 (60 bytes).
Length: 60

     0K                                                       100%  837K=0s

226 Transfer complete.
2017-06-25 00:00:26 (837 KB/s) - ‘./domain/in-addr.arpa.zone.gz.md5’ saved [60]

Remote file is newer than local file ‘./domain/in-addr.arpa.zone.gz.sha256’ -- retrieving.

--2017-06-25 00:00:26--  ftp://ftp.internic.net/domain/in-addr.arpa.zone.gz.sha256
           => ‘./domain/in-addr.arpa.zone.gz.sha256’
==> CWD not required.
--> PASV

227 Entering Passive Mode (192,0,32,9,152,244)
--> RETR in-addr.arpa.zone.gz.sha256

150 Opening BINARY mode data connection for in-addr.arpa.zone.gz.sha256 (95 bytes).
Length: 95

     0K                                                       100%  836K=0s

226 Transfer complete.
2017-06-25 00:00:27 (836 KB/s) - ‘./domain/in-addr.arpa.zone.gz.sha256’ saved [95]

Remote file is newer than local file ‘./domain/in-addr.arpa.zone.md5’ -- retrieving.

--2017-06-25 00:00:27--  ftp://ftp.internic.net/domain/in-addr.arpa.zone.md5
           => ‘./domain/in-addr.arpa.zone.md5’
==> CWD not required.
--> PASV

227 Entering Passive Mode (192,0,32,9,41,197)
--> RETR in-addr.arpa.zone.md5

150 Opening BINARY mode data connection for in-addr.arpa.zone.md5 (57 bytes).
Length: 57

     0K                                                       100%  497K=0s

226 Transfer complete.
2017-06-25 00:00:28 (497 KB/s) - ‘./domain/in-addr.arpa.zone.md5’ saved [57]

Remote file is newer than local file ‘./domain/in-addr.arpa.zone.sha256’ -- retrieving.

--2017-06-25 00:00:28--  ftp://ftp.internic.net/domain/in-addr.arpa.zone.sha256
           => ‘./domain/in-addr.arpa.zone.sha256’
==> CWD not required.
--> PASV

227 Entering Passive Mode (192,0,32,9,41,64)
--> RETR in-addr.arpa.zone.sha256

150 Opening BINARY mode data connection for in-addr.arpa.zone.sha256 (92 bytes).
Length: 92

     0K                                                       100%  809K=0s

226 Transfer complete.
2017-06-25 00:00:29 (809 KB/s) - ‘./domain/in-addr.arpa.zone.sha256’ saved [92]

Remote file is newer than local file ‘./domain/ip6.arpa’ -- retrieving.

--2017-06-25 00:00:29--  ftp://ftp.internic.net/domain/ip6.arpa
           => ‘./domain/ip6.arpa’
==> CWD not required.
--> PASV

227 Entering Passive Mode (192,0,32,9,58,227)
--> RETR ip6.arpa

150 Opening BINARY mode data connection for ip6.arpa (61264 bytes).
Length: 61264 (60K)

     0K .......... .......... .......... .......... .......... 83%  115K 0s
    50K .........                                             100% 17.5M=0.4s

226 Transfer complete.
2017-06-25 00:00:30 (138 KB/s) - ‘./domain/ip6.arpa’ saved [61264]

The sizes do not match (local 24296) -- retrieving.

--2017-06-25 00:00:30--  ftp://ftp.internic.net/domain/ip6.arpa.gz
           => ‘./domain/ip6.arpa.gz’
==> CWD not required.
--> PASV

227 Entering Passive Mode (192,0,32,9,25,223)
--> RETR ip6.arpa.gz

150 Opening BINARY mode data connection for ip6.arpa.gz (24355 bytes).
Length: 24355 (24K)

     0K .......... .......... ...                             100%  110K=0.2s

226 Transfer complete.
2017-06-25 00:00:31 (110 KB/s) - ‘./domain/ip6.arpa.gz’ saved [24355]

Remote file is newer than local file ‘./domain/ip6.arpa.gz.md5’ -- retrieving.

--2017-06-25 00:00:31--  ftp://ftp.internic.net/domain/ip6.arpa.gz.md5
           => ‘./domain/ip6.arpa.gz.md5’
==> CWD not required.
--> PASV

227 Entering Passive Mode (192,0,32,9,41,192)
--> RETR ip6.arpa.gz.md5

150 Opening BINARY mode data connection for ip6.arpa.gz.md5 (51 bytes).
Length: 51

     0K                                                       100%  415K=0s

226 Transfer complete.
2017-06-25 00:00:32 (415 KB/s) - ‘./domain/ip6.arpa.gz.md5’ saved [51]

Remote file is newer than local file ‘./domain/ip6.arpa.gz.sha256’ -- retrieving.

--2017-06-25 00:00:32--  ftp://ftp.internic.net/domain/ip6.arpa.gz.sha256
           => ‘./domain/ip6.arpa.gz.sha256’
==> CWD not required.
--> PASV

227 Entering Passive Mode (192,0,32,9,238,98)
--> RETR ip6.arpa.gz.sha256

150 Opening BINARY mode data connection for ip6.arpa.gz.sha256 (86 bytes).
Length: 86

     0K                                                       100% 1.22M=0s

226 Transfer complete.
2017-06-25 00:00:33 (1.22 MB/s) - ‘./domain/ip6.arpa.gz.sha256’ saved [86]

Remote file is newer than local file ‘./domain/ip6.arpa.md5’ -- retrieving.

--2017-06-25 00:00:33--  ftp://ftp.internic.net/domain/ip6.arpa.md5
           => ‘./domain/ip6.arpa.md5’
==> CWD not required.
--> PASV

227 Entering Passive Mode (192,0,32,9,206,205)
--> RETR ip6.arpa.md5

150 Opening BINARY mode data connection for ip6.arpa.md5 (48 bytes).
Length: 48

     0K                                                       100%  408K=0s

226 Transfer complete.
2017-06-25 00:00:34 (408 KB/s) - ‘./domain/ip6.arpa.md5’ saved [48]

Remote file is newer than local file ‘./domain/ip6.arpa.sha256’ -- retrieving.

--2017-06-25 00:00:34--  ftp://ftp.internic.net/domain/ip6.arpa.sha256
           => ‘./domain/ip6.arpa.sha256’
==> CWD not required.
--> PASV

227 Entering Passive Mode (192,0,32,9,178,212)
--> RETR ip6.arpa.sha256

150 Opening BINARY mode data connection for ip6.arpa.sha256 (83 bytes).
Length: 83

     0K                                                       100%  730K=0s

226 Transfer complete.
2017-06-25 00:00:35 (730 KB/s) - ‘./domain/ip6.arpa.sha256’ saved [83]

Remote file is newer than local file ‘./domain/ip6.arpa.zone’ -- retrieving.

--2017-06-25 00:00:35--  ftp://ftp.internic.net/domain/ip6.arpa.zone
           => ‘./domain/ip6.arpa.zone’
==> CWD not required.
--> PASV

227 Entering Passive Mode (192,0,32,9,42,70)
--> RETR ip6.arpa.zone

150 Opening BINARY mode data connection for ip6.arpa.zone (61264 bytes).
Length: 61264 (60K)

     0K .......... .......... .......... .......... .......... 83%  116K 0s
    50K .........                                             100% 14.1M=0.4s

226 Transfer complete.
2017-06-25 00:00:36 (138 KB/s) - ‘./domain/ip6.arpa.zone’ saved [61264]

The sizes do not match (local 24296) -- retrieving.

--2017-06-25 00:00:36--  ftp://ftp.internic.net/domain/ip6.arpa.zone.gz
           => ‘./domain/ip6.arpa.zone.gz’
==> CWD not required.
--> PASV

227 Entering Passive Mode (192,0,32,9,241,205)
--> RETR ip6.arpa.zone.gz

150 Opening BINARY mode data connection for ip6.arpa.zone.gz (24355 bytes).
Length: 24355 (24K)

     0K .......... .......... ...                             100%  113K=0.2s

226 Transfer complete.
2017-06-25 00:00:37 (113 KB/s) - ‘./domain/ip6.arpa.zone.gz’ saved [24355]

Remote file is newer than local file ‘./domain/ip6.arpa.zone.gz.md5’ -- retrieving.

--2017-06-25 00:00:37--  ftp://ftp.internic.net/domain/ip6.arpa.zone.gz.md5
           => ‘./domain/ip6.arpa.zone.gz.md5’
==> CWD not required.
--> PASV

227 Entering Passive Mode (192,0,32,9,41,58)
--> RETR ip6.arpa.zone.gz.md5

150 Opening BINARY mode data connection for ip6.arpa.zone.gz.md5 (56 bytes).
Length: 56

     0K                                                       100%  476K=0s

226 Transfer complete.
2017-06-25 00:00:38 (476 KB/s) - ‘./domain/ip6.arpa.zone.gz.md5’ saved [56]

Remote file is newer than local file ‘./domain/ip6.arpa.zone.gz.sha256’ -- retrieving.

--2017-06-25 00:00:38--  ftp://ftp.internic.net/domain/ip6.arpa.zone.gz.sha256
           => ‘./domain/ip6.arpa.zone.gz.sha256’
==> CWD not required.
--> PASV

227 Entering Passive Mode (192,0,32,9,12,218)
--> RETR ip6.arpa.zone.gz.sha256

150 Opening BINARY mode data connection for ip6.arpa.zone.gz.sha256 (91 bytes).
Length: 91

     0K                                                       100%  801K=0s

226 Transfer complete.
2017-06-25 00:00:39 (801 KB/s) - ‘./domain/ip6.arpa.zone.gz.sha256’ saved [91]

Remote file is newer than local file ‘./domain/ip6.arpa.zone.md5’ -- retrieving.

--2017-06-25 00:00:39--  ftp://ftp.internic.net/domain/ip6.arpa.zone.md5
           => ‘./domain/ip6.arpa.zone.md5’
==> CWD not required.
--> PASV

227 Entering Passive Mode (192,0,32,9,135,132)
--> RETR ip6.arpa.zone.md5

150 Opening BINARY mode data connection for ip6.arpa.zone.md5 (53 bytes).
Length: 53

     0K                                                       100% 1.01M=0s

226 Transfer complete.
2017-06-25 00:00:40 (1.01 MB/s) - ‘./domain/ip6.arpa.zone.md5’ saved [53]

Remote file is newer than local file ‘./domain/ip6.arpa.zone.sha256’ -- retrieving.

--2017-06-25 00:00:40--  ftp://ftp.internic.net/domain/ip6.arpa.zone.sha256
           => ‘./domain/ip6.arpa.zone.sha256’
==> CWD not required.
--> PASV

227 Entering Passive Mode (192,0,32,9,103,212)
--> RETR ip6.arpa.zone.sha256

150 Opening BINARY mode data connection for ip6.arpa.zone.sha256 (88 bytes).
Length: 88

     0K                                                       100%  781K=0s

226 Transfer complete.
2017-06-25 00:00:40 (781 KB/s) - ‘./domain/ip6.arpa.zone.sha256’ saved [88]

Remote file is newer than local file ‘./domain/last_update.txt’ -- retrieving.

--2017-06-25 00:00:40--  ftp://ftp.internic.net/domain/last_update.txt
           => ‘./domain/last_update.txt’
==> CWD not required.
--> PASV

227 Entering Passive Mode (192,0,32,9,180,152)
--> RETR last_update.txt

150 Opening BINARY mode data connection for last_update.txt (21 bytes).
Length: 21

     0K                                                       100%  185K=0s

226 Transfer complete.
2017-06-25 00:00:41 (185 KB/s) - ‘./domain/last_update.txt’ saved [21]

Remote file no newer than local file ‘./domain/named.cache’ -- not retrieving.
Remote file no newer than local file ‘./domain/named.cache.md5’ -- not retrieving.
Remote file no newer than local file ‘./domain/named.cache.sig’ -- not retrieving.
Remote file no newer than local file ‘./domain/named.root’ -- not retrieving.
Remote file no newer than local file ‘./domain/named.root.md5’ -- not retrieving.
Remote file no newer than local file ‘./domain/named.root.sig’ -- not retrieving.
Remote file no newer than local file ‘./domain/root-servers.net.zone’ -- not retrieving.
Remote file no newer than local file ‘./domain/root-servers.net.zone.gz’ -- not retrieving.
Remote file no newer than local file ‘./domain/root-servers.net.zone.gz.md5’ -- not retrieving.
Remote file no newer than local file ‘./domain/root-servers.net.zone.gz.sig’ -- not retrieving.
The sizes do not match (local 2239471) -- retrieving.

--2017-06-25 00:00:41--  ftp://ftp.internic.net/domain/root.zone
           => ‘./domain/root.zone’
==> CWD not required.
--> PASV

227 Entering Passive Mode (192,0,32,9,41,101)
--> RETR root.zone

150 Opening BINARY mode data connection for root.zone (2240631 bytes).
Length: 2240631 (2.1M)

     0K .......... .......... .......... .......... ..........  2%  113K 19s
    50K .......... .......... .......... .......... ..........  4%  231K 14s
   100K .......... .......... .......... .......... ..........  6% 9.67M 9s
   150K .......... .......... .......... .......... ..........  9%  232K 9s
   200K .......... .......... .......... .......... .......... 11%  231K 8s
   250K .......... .......... .......... .......... .......... 13%  233K 8s
   300K .......... .......... .......... .......... .......... 15% 11.1M 7s
   350K .......... .......... .......... .......... .......... 18%  232K 7s
   400K .......... .......... .......... .......... .......... 20%  234K 7s
   450K .......... .......... .......... .......... .......... 22% 10.2M 6s
   500K .......... .......... .......... .......... .......... 25%  236K 6s
   550K .......... .......... .......... .......... .......... 27% 11.8M 5s
   600K .......... .......... .......... .......... .......... 29%  237K 5s
   650K .......... .......... .......... .......... .......... 31%  238K 5s
   700K .......... .......... .......... .......... .......... 34% 8.76M 5s
   750K .......... .......... .......... .......... .......... 36%  239K 5s
   800K .......... .......... .......... .......... .......... 38% 9.80M 4s
   850K .......... .......... .......... .......... .......... 41%  241K 4s
   900K .......... .......... .......... .......... .......... 43% 11.2M 4s
   950K .......... .......... .......... .......... .......... 45%  234K 4s
  1000K .......... .......... .......... .......... .......... 47% 24.9M 3s
  1050K .......... .......... .......... .......... .......... 50% 1.20M 3s
  1100K .......... .......... .......... .......... .......... 52%  294K 3s
  1150K .......... .......... .......... .......... .......... 54% 8.35M 3s
  1200K .......... .......... .......... .......... .......... 57%  242K 3s
  1250K .......... .......... .......... .......... .......... 59% 9.20M 2s
  1300K .......... .......... .......... .......... .......... 61%  241K 2s
  1350K .......... .......... .......... .......... .......... 63% 6.62M 2s
  1400K .......... .......... .......... .......... .......... 66% 9.56M 2s
  1450K .......... .......... .......... .......... .......... 68%  239K 2s
  1500K .......... .......... .......... .......... .......... 70% 8.14M 2s
  1550K .......... .......... .......... .......... .......... 73%  234K 2s
  1600K .......... .......... .......... .......... .......... 75% 9.35M 1s
  1650K .......... .......... .......... .......... .......... 77% 10.5M 1s
  1700K .......... .......... .......... .......... .......... 79%  233K 1s
  1750K .......... .......... .......... .......... .......... 82% 8.61M 1s
  1800K .......... .......... .......... .......... .......... 84% 11.2M 1s
  1850K .......... .......... .......... .......... .......... 86%  234K 1s
  1900K .......... .......... .......... .......... .......... 89% 10.0M 1s
  1950K .......... .......... .......... .......... .......... 91% 9.32M 0s
  2000K .......... .......... .......... .......... .......... 93%  233K 0s
  2050K .......... .......... .......... .......... .......... 95% 9.73M 0s
  2100K .......... .......... .......... .......... .......... 98% 10.4M 0s
  2150K .......... .......... .......... ........             100% 12.4M=4.8s

226 Transfer complete.
2017-06-25 00:00:47 (456 KB/s) - ‘./domain/root.zone’ saved [2240631]

The sizes do not match (local 1051622) -- retrieving.

--2017-06-25 00:00:47--  ftp://ftp.internic.net/domain/root.zone.gz
           => ‘./domain/root.zone.gz’
==> CWD not required.
--> PASV

227 Entering Passive Mode (192,0,32,9,47,99)
--> RETR root.zone.gz

150 Opening BINARY mode data connection for root.zone.gz (1052096 bytes).
Length: 1052096 (1.0M)

     0K .......... .......... .......... .......... ..........  4%  118K 8s
    50K .......... .......... .......... .......... ..........  9%  237K 6s
   100K .......... .......... .......... .......... .......... 14% 12.3M 4s
   150K .......... .......... .......... .......... .......... 19%  235K 4s
   200K .......... .......... .......... .......... .......... 24%  234K 3s
   250K .......... .......... .......... .......... .......... 29%  234K 3s
   300K .......... .......... .......... .......... .......... 34%  232K 3s
   350K .......... .......... .......... .......... .......... 38% 12.1M 2s
   400K .......... .......... .......... .......... .......... 43%  232K 2s
   450K .......... .......... .......... .......... .......... 48%  216K 2s
   500K .......... .......... .......... .......... .......... 53% 21.0M 2s
   550K .......... .......... .......... .......... .......... 58% 19.4M 1s
   600K .......... .......... .......... .......... .......... 63%  116K 1s
   650K .......... .......... .......... .......... .......... 68% 90.4M 1s
   700K .......... .......... .......... .......... .......... 72%  243K 1s
   750K .......... .......... .......... .......... .......... 77%  229K 1s
   800K .......... .......... .......... .......... .......... 82%  228K 1s
   850K .......... .......... .......... .......... .......... 87%  226K 0s
   900K .......... .......... .......... .......... .......... 92%  227K 0s
   950K .......... .......... .......... .......... .......... 97%  232K 0s
  1000K .......... .......... .......                         100% 11.3M=3.7s

226 Transfer complete.
2017-06-25 00:00:52 (279 KB/s) - ‘./domain/root.zone.gz’ saved [1052096]

Remote file is newer than local file ‘./domain/root.zone.gz.md5’ -- retrieving.

--2017-06-25 00:00:52--  ftp://ftp.internic.net/domain/root.zone.gz.md5
           => ‘./domain/root.zone.gz.md5’
==> CWD not required.
--> PASV

227 Entering Passive Mode (192,0,32,9,115,48)
--> RETR root.zone.gz.md5

150 Opening BINARY mode data connection for root.zone.gz.md5 (33 bytes).
Length: 33

     0K                                                       100%  293K=0s

226 Transfer complete.
2017-06-25 00:00:52 (293 KB/s) - ‘./domain/root.zone.gz.md5’ saved [33]

Remote file is newer than local file ‘./domain/root.zone.gz.sig’ -- retrieving.

--2017-06-25 00:00:53--  ftp://ftp.internic.net/domain/root.zone.gz.sig
           => ‘./domain/root.zone.gz.sig’
==> CWD not required.
--> PASV

227 Entering Passive Mode (192,0,32,9,248,164)
--> RETR root.zone.gz.sig

150 Opening BINARY mode data connection for root.zone.gz.sig (72 bytes).
Length: 72

     0K                                                       100% 1.76M=0s

226 Transfer complete.
2017-06-25 00:00:53 (1.76 MB/s) - ‘./domain/root.zone.gz.sig’ saved [72]

Remote file is newer than local file ‘./domain/root.zone.md5’ -- retrieving.

--2017-06-25 00:00:53--  ftp://ftp.internic.net/domain/root.zone.md5
           => ‘./domain/root.zone.md5’
==> CWD not required.
--> PASV

227 Entering Passive Mode (192,0,32,9,19,96)
--> RETR root.zone.md5

150 Opening BINARY mode data connection for root.zone.md5 (33 bytes).
Length: 33

     0K                                                       100%  160K=0s

226 Transfer complete.
2017-06-25 00:00:54 (160 KB/s) - ‘./domain/root.zone.md5’ saved [33]

Remote file is newer than local file ‘./domain/root.zone.sig’ -- retrieving.

--2017-06-25 00:00:54--  ftp://ftp.internic.net/domain/root.zone.sig
           => ‘./domain/root.zone.sig’
==> CWD not required.
--> PASV

227 Entering Passive Mode (192,0,32,9,238,50)
--> RETR root.zone.sig

150 Opening BINARY mode data connection for root.zone.sig (72 bytes).
Length: 72

     0K                                                       100%  639K=0s

226 Transfer complete.
2017-06-25 00:00:55 (639 KB/s) - ‘./domain/root.zone.sig’ saved [72]

FINISHED --2017-06-25 00:00:55--
Total wall clock time: 53s
Downloaded: 40 files, 3.9M in 13s (316 KB/s)
