--2017-04-06 00:00:02--  ftp://ftp.internic.net/*
           => ‘./.listing’
Resolving ftp.internic.net (ftp.internic.net)... 192.0.32.9, 2620:0:2d0:200::9
Connecting to ftp.internic.net (ftp.internic.net)|192.0.32.9|:21... connected.
Logging in as anonymous ... 
220 Internic FTP Server
--> USER anonymous

331 Please specify the password.
--> PASS Turtle Power!

230 Login successful.
--> SYST

215 UNIX Type: L8
--> PWD

257 "/"
--> TYPE I

200 Switching to Binary mode.
==> CWD not needed.
--> PASV

227 Entering Passive Mode (192,0,32,9,29,132)
--> LIST -a

150 Here comes the directory listing.

     0K                                                         231K=0.001s

226 Directory send OK.
drwxr-xr-x    3 ftp      ftp          4096 Apr 04  2012 .
drwxr-xr-x    3 ftp      ftp          4096 Apr 04  2012 ..
drwxr-xr-x    2 ftp      ftp          4096 Sep 09  2015 domain
2017-04-06 00:00:20 (231 KB/s) - ‘./.listing’ saved [183]

--2017-04-06 00:00:20--  ftp://ftp.internic.net/domain/*
           => ‘./domain/.listing’
--> CWD /domain

250 Directory successfully changed.
--> PASV

227 Entering Passive Mode (192,0,32,9,18,110)
--> LIST -a

150 Here comes the directory listing.

     0K ...                                                     617K=0.006s

226 Directory send OK.
drwxr-xr-x    2 ftp      ftp          4096 Sep 09  2015 .
drwxr-xr-x    3 ftp      ftp          4096 Apr 04  2012 ..
-rw-r--r--    1 ftp      ftp          1829 Aug 18  2015 .listing
-rw-r--r--    1 ftp      ftp          1224 Apr 05 12:23 INTERNIC_ROOT_ZONE.signatures
-rw-r--r--    1 ftp      ftp          1469 Apr 05 12:23 INTERNIC_ROOT_ZONE.signatures.asc
-rw-r--r--    1 ftp      ftp         15438 Apr 05 12:23 arpa.zone
-rw-r--r--    1 ftp      ftp          6781 Apr 05 12:23 arpa.zone.gz
-rw-r--r--    1 ftp      ftp            33 Apr 05 12:23 arpa.zone.gz.md5
-rw-r--r--    1 ftp      ftp            72 Apr 05 12:23 arpa.zone.gz.sig
-rw-r--r--    1 ftp      ftp          3291 Oct 20 19:35 db.cache
-rw-r--r--    1 ftp      ftp            33 Oct 20 19:35 db.cache.md5
-rw-r--r--    1 ftp      ftp            72 Oct 20 19:35 db.cache.sig
-rw-r--r--    1 ftp      ftp        229871 Apr 05 15:40 in-addr.arpa
-rw-r--r--    1 ftp      ftp         90574 Apr 05 15:40 in-addr.arpa.gz
-rw-r--r--    1 ftp      ftp            55 Apr 05 15:40 in-addr.arpa.gz.md5
-rw-r--r--    1 ftp      ftp            90 Apr 05 15:40 in-addr.arpa.gz.sha256
-rw-r--r--    1 ftp      ftp            52 Apr 05 15:40 in-addr.arpa.md5
-rw-r--r--    1 ftp      ftp            87 Apr 05 15:40 in-addr.arpa.sha256
-rw-r--r--    1 ftp      ftp        229871 Apr 05 15:40 in-addr.arpa.zone
-rw-r--r--    1 ftp      ftp         90574 Apr 05 15:40 in-addr.arpa.zone.gz
-rw-r--r--    1 ftp      ftp            60 Apr 05 15:40 in-addr.arpa.zone.gz.md5
-rw-r--r--    1 ftp      ftp            95 Apr 05 15:40 in-addr.arpa.zone.gz.sha256
-rw-r--r--    1 ftp      ftp            57 Apr 05 15:40 in-addr.arpa.zone.md5
-rw-r--r--    1 ftp      ftp            92 Apr 05 15:40 in-addr.arpa.zone.sha256
-rw-r--r--    1 ftp      ftp         61853 Apr 05 15:40 ip6.arpa
-rw-r--r--    1 ftp      ftp         24419 Apr 05 15:40 ip6.arpa.gz
-rw-r--r--    1 ftp      ftp            51 Apr 05 15:40 ip6.arpa.gz.md5
-rw-r--r--    1 ftp      ftp            86 Apr 05 15:40 ip6.arpa.gz.sha256
-rw-r--r--    1 ftp      ftp            48 Apr 05 15:40 ip6.arpa.md5
-rw-r--r--    1 ftp      ftp            83 Apr 05 15:40 ip6.arpa.sha256
-rw-r--r--    1 ftp      ftp         61853 Apr 05 15:40 ip6.arpa.zone
-rw-r--r--    1 ftp      ftp         24419 Apr 05 15:40 ip6.arpa.zone.gz
-rw-r--r--    1 ftp      ftp            56 Apr 05 15:40 ip6.arpa.zone.gz.md5
-rw-r--r--    1 ftp      ftp            91 Apr 05 15:40 ip6.arpa.zone.gz.sha256
-rw-r--r--    1 ftp      ftp            53 Apr 05 15:40 ip6.arpa.zone.md5
-rw-r--r--    1 ftp      ftp            88 Apr 05 15:40 ip6.arpa.zone.sha256
-rw-r--r--    1 ftp      ftp            21 Apr 05 15:40 last_update.txt
-rw-r--r--    1 ftp      ftp          3291 Oct 20 19:35 named.cache
-rw-r--r--    1 ftp      ftp            33 Oct 20 19:35 named.cache.md5
-rw-r--r--    1 ftp      ftp            72 Oct 20 19:35 named.cache.sig
-rw-r--r--    1 ftp      ftp          3291 Oct 20 19:35 named.root
-rw-r--r--    1 ftp      ftp            33 Oct 20 19:35 named.root.md5
-rw-r--r--    1 ftp      ftp            72 Oct 20 19:35 named.root.sig
-rw-r--r--    1 ftp      ftp          2110 Oct 20 19:35 root-servers.net.zone
-rw-r--r--    1 ftp      ftp           574 Oct 20 19:35 root-servers.net.zone.gz
-rw-r--r--    1 ftp      ftp            33 Oct 20 19:35 root-servers.net.zone.gz.md5
-rw-r--r--    1 ftp      ftp            72 Oct 20 19:35 root-servers.net.zone.gz.sig
-rw-r--r--    1 ftp      ftp       2232361 Apr 05 05:15 root.zone
-rw-r--r--    1 ftp      ftp       1048434 Apr 05 05:15 root.zone.gz
-rw-r--r--    1 ftp      ftp            33 Apr 05 05:15 root.zone.gz.md5
-rw-r--r--    1 ftp      ftp            72 Apr 05 05:15 root.zone.gz.sig
-rw-r--r--    1 ftp      ftp            33 Apr 05 05:15 root.zone.md5
-rw-r--r--    1 ftp      ftp            72 Apr 05 05:15 root.zone.sig
2017-04-06 00:00:21 (617 KB/s) - ‘./domain/.listing’ saved [3930]

The sizes do not match (local 3930) -- retrieving.

--2017-04-06 00:00:21--  ftp://ftp.internic.net/domain/.listing
           => ‘./domain/.listing’
==> CWD not required.
--> PASV

227 Entering Passive Mode (192,0,32,9,79,102)
--> RETR .listing

150 Opening BINARY mode data connection for .listing (1829 bytes).
Length: 1829 (1.8K)

     0K .                                                     100%  472K=0.004s

226 Transfer complete.
2017-04-06 00:00:22 (472 KB/s) - ‘./domain/.listing’ saved [1829]

Remote file is newer than local file ‘./domain/INTERNIC_ROOT_ZONE.signatures’ -- retrieving.

--2017-04-06 00:00:22--  ftp://ftp.internic.net/domain/INTERNIC_ROOT_ZONE.signatures
           => ‘./domain/INTERNIC_ROOT_ZONE.signatures’
==> CWD not required.
--> PASV

227 Entering Passive Mode (192,0,32,9,42,67)
--> RETR INTERNIC_ROOT_ZONE.signatures

150 Opening BINARY mode data connection for INTERNIC_ROOT_ZONE.signatures (1224 bytes).
Length: 1224 (1.2K)

     0K .                                                     100%  553K=0.002s

226 Transfer complete.
2017-04-06 00:00:23 (553 KB/s) - ‘./domain/INTERNIC_ROOT_ZONE.signatures’ saved [1224]

Remote file is newer than local file ‘./domain/INTERNIC_ROOT_ZONE.signatures.asc’ -- retrieving.

--2017-04-06 00:00:23--  ftp://ftp.internic.net/domain/INTERNIC_ROOT_ZONE.signatures.asc
           => ‘./domain/INTERNIC_ROOT_ZONE.signatures.asc’
==> CWD not required.
--> PASV

227 Entering Passive Mode (192,0,32,9,42,73)
--> RETR INTERNIC_ROOT_ZONE.signatures.asc

150 Opening BINARY mode data connection for INTERNIC_ROOT_ZONE.signatures.asc (1469 bytes).
Length: 1469 (1.4K)

     0K .                                                     100%  347K=0.004s

226 Transfer complete.
2017-04-06 00:00:24 (347 KB/s) - ‘./domain/INTERNIC_ROOT_ZONE.signatures.asc’ saved [1469]

Remote file is newer than local file ‘./domain/arpa.zone’ -- retrieving.

--2017-04-06 00:00:24--  ftp://ftp.internic.net/domain/arpa.zone
           => ‘./domain/arpa.zone’
==> CWD not required.
--> PASV

227 Entering Passive Mode (192,0,32,9,41,112)
--> RETR arpa.zone

150 Opening BINARY mode data connection for arpa.zone (15438 bytes).
Length: 15438 (15K)

     0K .......... .....                                      100% 1.81M=0.008s

226 Transfer complete.
2017-04-06 00:00:25 (1.81 MB/s) - ‘./domain/arpa.zone’ saved [15438]

Remote file is newer than local file ‘./domain/arpa.zone.gz’ -- retrieving.

--2017-04-06 00:00:25--  ftp://ftp.internic.net/domain/arpa.zone.gz
           => ‘./domain/arpa.zone.gz’
==> CWD not required.
--> PASV

227 Entering Passive Mode (192,0,32,9,247,235)
--> RETR arpa.zone.gz

150 Opening BINARY mode data connection for arpa.zone.gz (6781 bytes).
Length: 6781 (6.6K)

     0K ......                                                100% 2.41M=0.003s

226 Transfer complete.
2017-04-06 00:00:26 (2.41 MB/s) - ‘./domain/arpa.zone.gz’ saved [6781]

Remote file is newer than local file ‘./domain/arpa.zone.gz.md5’ -- retrieving.

--2017-04-06 00:00:26--  ftp://ftp.internic.net/domain/arpa.zone.gz.md5
           => ‘./domain/arpa.zone.gz.md5’
==> CWD not required.
--> PASV

227 Entering Passive Mode (192,0,32,9,41,165)
--> RETR arpa.zone.gz.md5

150 Opening BINARY mode data connection for arpa.zone.gz.md5 (33 bytes).
Length: 33

     0K                                                       100% 60.3K=0.001s

226 Transfer complete.
2017-04-06 00:00:27 (60.3 KB/s) - ‘./domain/arpa.zone.gz.md5’ saved [33]

Remote file is newer than local file ‘./domain/arpa.zone.gz.sig’ -- retrieving.

--2017-04-06 00:00:27--  ftp://ftp.internic.net/domain/arpa.zone.gz.sig
           => ‘./domain/arpa.zone.gz.sig’
==> CWD not required.
--> PASV

227 Entering Passive Mode (192,0,32,9,42,28)
--> RETR arpa.zone.gz.sig

150 Opening BINARY mode data connection for arpa.zone.gz.sig (72 bytes).
Length: 72

     0K                                                       100% 83.8K=0.001s

226 Transfer complete.
2017-04-06 00:00:28 (83.8 KB/s) - ‘./domain/arpa.zone.gz.sig’ saved [72]

Remote file no newer than local file ‘./domain/db.cache’ -- not retrieving.
Remote file no newer than local file ‘./domain/db.cache.md5’ -- not retrieving.
Remote file no newer than local file ‘./domain/db.cache.sig’ -- not retrieving.
Remote file is newer than local file ‘./domain/in-addr.arpa’ -- retrieving.

--2017-04-06 00:00:28--  ftp://ftp.internic.net/domain/in-addr.arpa
           => ‘./domain/in-addr.arpa’
==> CWD not required.
--> PASV

227 Entering Passive Mode (192,0,32,9,235,210)
--> RETR in-addr.arpa

150 Opening BINARY mode data connection for in-addr.arpa (229871 bytes).
Length: 229871 (224K)

     0K .......... .......... .......... .......... .......... 22%  104K 2s
    50K .......... .......... .......... .......... .......... 44%  236K 1s
   100K .......... .......... .......... .......... .......... 66% 9.52M 0s
   150K .......... .......... .......... .......... .......... 89%  117K 0s
   200K .......... .......... ....                            100% 52.1M=1.1s

226 Transfer complete.
2017-04-06 00:00:30 (199 KB/s) - ‘./domain/in-addr.arpa’ saved [229871]

The sizes do not match (local 90553) -- retrieving.

--2017-04-06 00:00:30--  ftp://ftp.internic.net/domain/in-addr.arpa.gz
           => ‘./domain/in-addr.arpa.gz’
==> CWD not required.
--> PASV

227 Entering Passive Mode (192,0,32,9,41,138)
--> RETR in-addr.arpa.gz

150 Opening BINARY mode data connection for in-addr.arpa.gz (90574 bytes).
Length: 90574 (88K)

     0K .......... .......... .......... .......... .......... 56% 71.0K 1s
    50K .......... .......... .......... ........             100% 73.5K=1.2s

226 Transfer complete.
2017-04-06 00:00:32 (72.0 KB/s) - ‘./domain/in-addr.arpa.gz’ saved [90574]

Remote file is newer than local file ‘./domain/in-addr.arpa.gz.md5’ -- retrieving.

--2017-04-06 00:00:32--  ftp://ftp.internic.net/domain/in-addr.arpa.gz.md5
           => ‘./domain/in-addr.arpa.gz.md5’
==> CWD not required.
--> PASV

227 Entering Passive Mode (192,0,32,9,109,123)
--> RETR in-addr.arpa.gz.md5

150 Opening BINARY mode data connection for in-addr.arpa.gz.md5 (55 bytes).
Length: 55

     0K                                                       100%  137K=0s

226 Transfer complete.
2017-04-06 00:00:33 (137 KB/s) - ‘./domain/in-addr.arpa.gz.md5’ saved [55]

Remote file is newer than local file ‘./domain/in-addr.arpa.gz.sha256’ -- retrieving.

--2017-04-06 00:00:33--  ftp://ftp.internic.net/domain/in-addr.arpa.gz.sha256
           => ‘./domain/in-addr.arpa.gz.sha256’
==> CWD not required.
--> PASV

227 Entering Passive Mode (192,0,32,9,42,67)
--> RETR in-addr.arpa.gz.sha256

150 Opening BINARY mode data connection for in-addr.arpa.gz.sha256 (90 bytes).
Length: 90

     0K                                                       100%  166K=0.001s

226 Transfer complete.
2017-04-06 00:00:34 (166 KB/s) - ‘./domain/in-addr.arpa.gz.sha256’ saved [90]

Remote file is newer than local file ‘./domain/in-addr.arpa.md5’ -- retrieving.

--2017-04-06 00:00:34--  ftp://ftp.internic.net/domain/in-addr.arpa.md5
           => ‘./domain/in-addr.arpa.md5’
==> CWD not required.
--> PASV

227 Entering Passive Mode (192,0,32,9,216,142)
--> RETR in-addr.arpa.md5

150 Opening BINARY mode data connection for in-addr.arpa.md5 (52 bytes).
Length: 52

     0K                                                       100%  430K=0s

226 Transfer complete.
2017-04-06 00:00:35 (430 KB/s) - ‘./domain/in-addr.arpa.md5’ saved [52]

Remote file is newer than local file ‘./domain/in-addr.arpa.sha256’ -- retrieving.

--2017-04-06 00:00:35--  ftp://ftp.internic.net/domain/in-addr.arpa.sha256
           => ‘./domain/in-addr.arpa.sha256’
==> CWD not required.
--> PASV

227 Entering Passive Mode (192,0,32,9,227,202)
--> RETR in-addr.arpa.sha256

150 Opening BINARY mode data connection for in-addr.arpa.sha256 (87 bytes).
Length: 87

     0K                                                       100%  752K=0s

226 Transfer complete.
2017-04-06 00:00:36 (752 KB/s) - ‘./domain/in-addr.arpa.sha256’ saved [87]

Remote file is newer than local file ‘./domain/in-addr.arpa.zone’ -- retrieving.

--2017-04-06 00:00:36--  ftp://ftp.internic.net/domain/in-addr.arpa.zone
           => ‘./domain/in-addr.arpa.zone’
==> CWD not required.
--> PASV

227 Entering Passive Mode (192,0,32,9,32,3)
--> RETR in-addr.arpa.zone

150 Opening BINARY mode data connection for in-addr.arpa.zone (229871 bytes).
Length: 229871 (224K)

     0K .......... .......... .......... .......... .......... 22% 74.0K 2s
    50K .......... .......... .......... .......... .......... 44%  226K 1s
   100K .......... .......... .......... .......... .......... 66%  226K 1s
   150K .......... .......... .......... .......... .......... 89%  114K 0s
   200K .......... .......... ....                            100% 12.1M=1.6s

226 Transfer complete.
2017-04-06 00:00:38 (144 KB/s) - ‘./domain/in-addr.arpa.zone’ saved [229871]

The sizes do not match (local 90553) -- retrieving.

--2017-04-06 00:00:38--  ftp://ftp.internic.net/domain/in-addr.arpa.zone.gz
           => ‘./domain/in-addr.arpa.zone.gz’
==> CWD not required.
--> PASV

227 Entering Passive Mode (192,0,32,9,239,70)
--> RETR in-addr.arpa.zone.gz

150 Opening BINARY mode data connection for in-addr.arpa.zone.gz (90574 bytes).
Length: 90574 (88K)

     0K .......... .......... .......... .......... .......... 56%  116K 0s
    50K .......... .......... .......... ........             100%  181K=0.6s

226 Transfer complete.
2017-04-06 00:00:40 (137 KB/s) - ‘./domain/in-addr.arpa.zone.gz’ saved [90574]

Remote file is newer than local file ‘./domain/in-addr.arpa.zone.gz.md5’ -- retrieving.

--2017-04-06 00:00:40--  ftp://ftp.internic.net/domain/in-addr.arpa.zone.gz.md5
           => ‘./domain/in-addr.arpa.zone.gz.md5’
==> CWD not required.
--> PASV

227 Entering Passive Mode (192,0,32,9,52,200)
--> RETR in-addr.arpa.zone.gz.md5

150 Opening BINARY mode data connection for in-addr.arpa.zone.gz.md5 (60 bytes).
Length: 60

     0K                                                       100% 1010K=0s

226 Transfer complete.
2017-04-06 00:00:41 (1010 KB/s) - ‘./domain/in-addr.arpa.zone.gz.md5’ saved [60]

Remote file is newer than local file ‘./domain/in-addr.arpa.zone.gz.sha256’ -- retrieving.

--2017-04-06 00:00:41--  ftp://ftp.internic.net/domain/in-addr.arpa.zone.gz.sha256
           => ‘./domain/in-addr.arpa.zone.gz.sha256’
==> CWD not required.
--> PASV

227 Entering Passive Mode (192,0,32,9,217,64)
--> RETR in-addr.arpa.zone.gz.sha256

150 Opening BINARY mode data connection for in-addr.arpa.zone.gz.sha256 (95 bytes).
Length: 95

     0K                                                       100% 11.2K=0.008s

226 Transfer complete.
2017-04-06 00:00:41 (11.2 KB/s) - ‘./domain/in-addr.arpa.zone.gz.sha256’ saved [95]

Remote file is newer than local file ‘./domain/in-addr.arpa.zone.md5’ -- retrieving.

--2017-04-06 00:00:41--  ftp://ftp.internic.net/domain/in-addr.arpa.zone.md5
           => ‘./domain/in-addr.arpa.zone.md5’
==> CWD not required.
--> PASV

227 Entering Passive Mode (192,0,32,9,188,64)
--> RETR in-addr.arpa.zone.md5

150 Opening BINARY mode data connection for in-addr.arpa.zone.md5 (57 bytes).
Length: 57

     0K                                                       100% 41.2K=0.001s

226 Transfer complete.
2017-04-06 00:00:42 (41.2 KB/s) - ‘./domain/in-addr.arpa.zone.md5’ saved [57]

Remote file is newer than local file ‘./domain/in-addr.arpa.zone.sha256’ -- retrieving.

--2017-04-06 00:00:42--  ftp://ftp.internic.net/domain/in-addr.arpa.zone.sha256
           => ‘./domain/in-addr.arpa.zone.sha256’
==> CWD not required.
--> PASV

227 Entering Passive Mode (192,0,32,9,242,4)
--> RETR in-addr.arpa.zone.sha256

150 Opening BINARY mode data connection for in-addr.arpa.zone.sha256 (92 bytes).
Length: 92

     0K                                                       100% 27.5K=0.003s

226 Transfer complete.
2017-04-06 00:00:43 (27.5 KB/s) - ‘./domain/in-addr.arpa.zone.sha256’ saved [92]

Remote file is newer than local file ‘./domain/ip6.arpa’ -- retrieving.

--2017-04-06 00:00:43--  ftp://ftp.internic.net/domain/ip6.arpa
           => ‘./domain/ip6.arpa’
==> CWD not required.
--> PASV

227 Entering Passive Mode (192,0,32,9,41,240)
--> RETR ip6.arpa

150 Opening BINARY mode data connection for ip6.arpa (61853 bytes).
Length: 61853 (60K)

     0K .......... .......... .......... .......... .......... 82%  109K 0s
    50K ..........                                            100% 23.3M=0.5s

226 Transfer complete.
2017-04-06 00:00:45 (132 KB/s) - ‘./domain/ip6.arpa’ saved [61853]

The sizes do not match (local 24396) -- retrieving.

--2017-04-06 00:00:45--  ftp://ftp.internic.net/domain/ip6.arpa.gz
           => ‘./domain/ip6.arpa.gz’
==> CWD not required.
--> PASV

227 Entering Passive Mode (192,0,32,9,121,202)
--> RETR ip6.arpa.gz

150 Opening BINARY mode data connection for ip6.arpa.gz (24419 bytes).
Length: 24419 (24K)

     0K .......... .......... ...                             100%  109K=0.2s

226 Transfer complete.
2017-04-06 00:00:46 (109 KB/s) - ‘./domain/ip6.arpa.gz’ saved [24419]

Remote file is newer than local file ‘./domain/ip6.arpa.gz.md5’ -- retrieving.

--2017-04-06 00:00:46--  ftp://ftp.internic.net/domain/ip6.arpa.gz.md5
           => ‘./domain/ip6.arpa.gz.md5’
==> CWD not required.
--> PASV

227 Entering Passive Mode (192,0,32,9,72,132)
--> RETR ip6.arpa.gz.md5

150 Opening BINARY mode data connection for ip6.arpa.gz.md5 (51 bytes).
Length: 51

     0K                                                       100% 77.2K=0.001s

226 Transfer complete.
2017-04-06 00:00:47 (77.2 KB/s) - ‘./domain/ip6.arpa.gz.md5’ saved [51]

Remote file is newer than local file ‘./domain/ip6.arpa.gz.sha256’ -- retrieving.

--2017-04-06 00:00:47--  ftp://ftp.internic.net/domain/ip6.arpa.gz.sha256
           => ‘./domain/ip6.arpa.gz.sha256’
==> CWD not required.
--> PASV

227 Entering Passive Mode (192,0,32,9,18,180)
--> RETR ip6.arpa.gz.sha256

150 Opening BINARY mode data connection for ip6.arpa.gz.sha256 (86 bytes).
Length: 86

     0K                                                       100%  604K=0s

226 Transfer complete.
2017-04-06 00:00:48 (604 KB/s) - ‘./domain/ip6.arpa.gz.sha256’ saved [86]

Remote file is newer than local file ‘./domain/ip6.arpa.md5’ -- retrieving.

--2017-04-06 00:00:48--  ftp://ftp.internic.net/domain/ip6.arpa.md5
           => ‘./domain/ip6.arpa.md5’
==> CWD not required.
--> PASV

227 Entering Passive Mode (192,0,32,9,41,111)
--> RETR ip6.arpa.md5

150 Opening BINARY mode data connection for ip6.arpa.md5 (48 bytes).
Length: 48

     0K                                                       100%  493K=0s

226 Transfer complete.
2017-04-06 00:00:49 (493 KB/s) - ‘./domain/ip6.arpa.md5’ saved [48]

Remote file is newer than local file ‘./domain/ip6.arpa.sha256’ -- retrieving.

--2017-04-06 00:00:49--  ftp://ftp.internic.net/domain/ip6.arpa.sha256
           => ‘./domain/ip6.arpa.sha256’
==> CWD not required.
--> PASV

227 Entering Passive Mode (192,0,32,9,183,244)
--> RETR ip6.arpa.sha256

150 Opening BINARY mode data connection for ip6.arpa.sha256 (83 bytes).
Length: 83

     0K                                                       100%  687K=0s

226 Transfer complete.
2017-04-06 00:00:50 (687 KB/s) - ‘./domain/ip6.arpa.sha256’ saved [83]

Remote file is newer than local file ‘./domain/ip6.arpa.zone’ -- retrieving.

--2017-04-06 00:00:50--  ftp://ftp.internic.net/domain/ip6.arpa.zone
           => ‘./domain/ip6.arpa.zone’
==> CWD not required.
--> PASV

227 Entering Passive Mode (192,0,32,9,50,251)
--> RETR ip6.arpa.zone

150 Opening BINARY mode data connection for ip6.arpa.zone (61853 bytes).
Length: 61853 (60K)

     0K .......... .......... .......... .......... .......... 82%  106K 0s
    50K ..........                                            100% 14.0M=0.5s

226 Transfer complete.
2017-04-06 00:00:51 (128 KB/s) - ‘./domain/ip6.arpa.zone’ saved [61853]

The sizes do not match (local 24396) -- retrieving.

--2017-04-06 00:00:51--  ftp://ftp.internic.net/domain/ip6.arpa.zone.gz
           => ‘./domain/ip6.arpa.zone.gz’
==> CWD not required.
--> PASV

227 Entering Passive Mode (192,0,32,9,42,201)
--> RETR ip6.arpa.zone.gz

150 Opening BINARY mode data connection for ip6.arpa.zone.gz (24423 bytes).
Length: 24419 (24K)

     0K .......... .......... ...                             100%  103K=0.2s

226 Transfer complete.
2017-04-06 00:00:52 (103 KB/s) - ‘./domain/ip6.arpa.zone.gz’ saved [24423]

Remote file is newer than local file ‘./domain/ip6.arpa.zone.gz.md5’ -- retrieving.

--2017-04-06 00:00:52--  ftp://ftp.internic.net/domain/ip6.arpa.zone.gz.md5
           => ‘./domain/ip6.arpa.zone.gz.md5’
==> CWD not required.
--> PASV

227 Entering Passive Mode (192,0,32,9,147,181)
--> RETR ip6.arpa.zone.gz.md5

150 Opening BINARY mode data connection for ip6.arpa.zone.gz.md5 (56 bytes).
Length: 56

     0K                                                       100%  841K=0s

226 Transfer complete.
2017-04-06 00:00:53 (841 KB/s) - ‘./domain/ip6.arpa.zone.gz.md5’ saved [56]

Remote file is newer than local file ‘./domain/ip6.arpa.zone.gz.sha256’ -- retrieving.

--2017-04-06 00:00:53--  ftp://ftp.internic.net/domain/ip6.arpa.zone.gz.sha256
           => ‘./domain/ip6.arpa.zone.gz.sha256’
==> CWD not required.
--> PASV

227 Entering Passive Mode (192,0,32,9,190,125)
--> RETR ip6.arpa.zone.gz.sha256

150 Opening BINARY mode data connection for ip6.arpa.zone.gz.sha256 (91 bytes).
Length: 91

     0K                                                       100% 2.07M=0s

226 Transfer complete.
2017-04-06 00:00:54 (2.07 MB/s) - ‘./domain/ip6.arpa.zone.gz.sha256’ saved [91]

Remote file is newer than local file ‘./domain/ip6.arpa.zone.md5’ -- retrieving.

--2017-04-06 00:00:54--  ftp://ftp.internic.net/domain/ip6.arpa.zone.md5
           => ‘./domain/ip6.arpa.zone.md5’
==> CWD not required.
--> PASV

227 Entering Passive Mode (192,0,32,9,94,93)
--> RETR ip6.arpa.zone.md5

150 Opening BINARY mode data connection for ip6.arpa.zone.md5 (53 bytes).
Length: 53

     0K                                                       100%  446K=0s

226 Transfer complete.
2017-04-06 00:00:55 (446 KB/s) - ‘./domain/ip6.arpa.zone.md5’ saved [53]

Remote file is newer than local file ‘./domain/ip6.arpa.zone.sha256’ -- retrieving.

--2017-04-06 00:00:55--  ftp://ftp.internic.net/domain/ip6.arpa.zone.sha256
           => ‘./domain/ip6.arpa.zone.sha256’
==> CWD not required.
--> PASV

227 Entering Passive Mode (192,0,32,9,158,146)
--> RETR ip6.arpa.zone.sha256

150 Opening BINARY mode data connection for ip6.arpa.zone.sha256 (88 bytes).
Length: 88

     0K                                                       100% 1.91M=0s

226 Transfer complete.
2017-04-06 00:00:56 (1.91 MB/s) - ‘./domain/ip6.arpa.zone.sha256’ saved [88]

Remote file is newer than local file ‘./domain/last_update.txt’ -- retrieving.

--2017-04-06 00:00:56--  ftp://ftp.internic.net/domain/last_update.txt
           => ‘./domain/last_update.txt’
==> CWD not required.
--> PASV

227 Entering Passive Mode (192,0,32,9,41,176)
--> RETR last_update.txt

150 Opening BINARY mode data connection for last_update.txt (21 bytes).
Length: 21

     0K                                                       100%  167K=0s

226 Transfer complete.
2017-04-06 00:00:57 (167 KB/s) - ‘./domain/last_update.txt’ saved [21]

Remote file no newer than local file ‘./domain/named.cache’ -- not retrieving.
Remote file no newer than local file ‘./domain/named.cache.md5’ -- not retrieving.
Remote file no newer than local file ‘./domain/named.cache.sig’ -- not retrieving.
Remote file no newer than local file ‘./domain/named.root’ -- not retrieving.
Remote file no newer than local file ‘./domain/named.root.md5’ -- not retrieving.
Remote file no newer than local file ‘./domain/named.root.sig’ -- not retrieving.
Remote file no newer than local file ‘./domain/root-servers.net.zone’ -- not retrieving.
Remote file no newer than local file ‘./domain/root-servers.net.zone.gz’ -- not retrieving.
Remote file no newer than local file ‘./domain/root-servers.net.zone.gz.md5’ -- not retrieving.
Remote file no newer than local file ‘./domain/root-servers.net.zone.gz.sig’ -- not retrieving.
Remote file is newer than local file ‘./domain/root.zone’ -- retrieving.

--2017-04-06 00:00:57--  ftp://ftp.internic.net/domain/root.zone
           => ‘./domain/root.zone’
==> CWD not required.
--> PASV

227 Entering Passive Mode (192,0,32,9,41,160)
--> RETR root.zone

150 Opening BINARY mode data connection for root.zone (2232361 bytes).
Length: 2232361 (2.1M)

     0K .......... .......... .......... .......... ..........  2%  107K 20s
    50K .......... .......... .......... .......... ..........  4%  215K 15s
   100K .......... .......... .......... .......... ..........  6%  109K 16s
   150K .......... .......... .......... .......... ..........  9% 72.4K 18s
   200K .......... .......... .......... .......... .......... 11% 36.4M 14s
   250K .......... .......... .......... .......... .......... 13%  108K 14s
   300K .......... .......... .......... .......... .......... 16%  210K 13s
   350K .......... .......... .......... .......... .......... 18%  108K 13s
   400K .......... .......... .......... .......... .......... 20%  215K 12s
   450K .......... .......... .......... .......... .......... 22%  217K 12s
   500K .......... .......... .......... .......... .......... 25% 55.7K 13s
   550K .......... .......... .......... .......... .......... 27% 1.52M 12s
   600K .......... .......... .......... .......... .......... 29%  106K 11s
   650K .......... .......... .......... .......... .......... 32% 13.9M 10s
   700K .......... .......... .......... .......... .......... 34% 72.8K 11s
   750K .......... .......... .......... .......... .......... 36%  177K 10s
   800K .......... .......... .......... .......... .......... 38%  107K 10s
   850K .......... .......... .......... .......... .......... 41% 72.6K 10s
   900K .......... .......... .......... .......... .......... 43%  124K 10s
   950K .......... .......... .......... .......... .......... 45%  107K 9s
  1000K .......... .......... .......... .......... .......... 48% 72.6K 9s
  1050K .......... .......... .......... .......... .......... 50%  110K 9s
  1100K .......... .......... .......... .......... .......... 52% 71.4K 9s
  1150K .......... .......... .......... .......... .......... 55%  109K 8s
  1200K .......... .......... .......... .......... .......... 57% 97.4K 8s
  1250K .......... .......... .......... .......... .......... 59% 97.6K 8s
  1300K .......... .......... .......... .......... .......... 61% 82.4K 7s
  1350K .......... .......... .......... .......... .......... 64%  108K 7s
  1400K .......... .......... .......... .......... .......... 66%  106K 6s
  1450K .......... .......... .......... .......... .......... 68%  107K 6s
  1500K .......... .......... .......... .......... .......... 71% 71.4K 6s
  1550K .......... .......... .......... .......... .......... 73%  211K 5s
  1600K .......... .......... .......... .......... .......... 75% 71.6K 5s
  1650K .......... .......... .......... .......... .......... 77% 96.4K 4s
  1700K .......... .......... .......... .......... .......... 80%  122K 4s
  1750K .......... .......... .......... .......... .......... 82% 72.0K 3s
  1800K .......... .......... .......... .......... .......... 84% 54.1K 3s
  1850K .......... .......... .......... .......... .......... 87% 53.6K 3s
  1900K .......... .......... .......... .......... .......... 89% 50.9K 2s
  1950K .......... .......... .......... .......... .......... 91% 57.5K 2s
  2000K .......... .......... .......... .......... .......... 94% 62.3K 1s
  2050K .......... .......... .......... .......... .......... 96% 56.9K 1s
  2100K .......... .......... .......... .......... .......... 98% 43.2K 0s
  2150K .......... .......... ..........                      100% 53.2K=24s

226 Transfer complete.
2017-04-06 00:01:22 (92.4 KB/s) - ‘./domain/root.zone’ saved [2232361]

The sizes do not match (local 1048537) -- retrieving.

--2017-04-06 00:01:22--  ftp://ftp.internic.net/domain/root.zone.gz
           => ‘./domain/root.zone.gz’
==> CWD not required.
--> PASV

227 Entering Passive Mode (192,0,32,9,41,229)
--> RETR root.zone.gz

150 Opening BINARY mode data connection for root.zone.gz (1048434 bytes).
Length: 1048434 (1024K)

     0K .......... .......... .......... .......... ..........  4%  108K 9s
    50K .......... .......... .......... .......... ..........  9%  212K 6s
   100K .......... .......... .......... .......... .......... 14%  106K 7s
   150K .......... .......... .......... .......... .......... 19%  109K 7s
   200K .......... .......... .......... .......... .......... 24% 70.6K 7s
   250K .......... .......... .......... .......... .......... 29%  216K 6s
   300K .......... .......... .......... .......... .......... 34%  108K 6s
   350K .......... .......... .......... .......... .......... 39%  208K 5s
   400K .......... .......... .......... .......... .......... 43%  106K 5s
   450K .......... .......... .......... .......... .......... 48%  108K 4s
   500K .......... .......... .......... .......... .......... 53%  108K 4s
   550K .......... .......... .......... .......... .......... 58%  106K 4s
   600K .......... .......... .......... .......... .......... 63%  108K 3s
   650K .......... .......... .......... .......... .......... 68%  107K 3s
   700K .......... .......... .......... .......... .......... 73%  106K 2s
   750K .......... .......... .......... .......... .......... 78% 71.3K 2s
   800K .......... .......... .......... .......... .......... 83%  106K 2s
   850K .......... .......... .......... .......... .......... 87%  106K 1s
   900K .......... .......... .......... .......... .......... 92% 71.0K 1s
   950K .......... .......... .......... .......... .......... 97%  108K 0s
  1000K .......... .......... ...                             100%  102K=9.6s

226 Transfer complete.
2017-04-06 00:01:33 (107 KB/s) - ‘./domain/root.zone.gz’ saved [1048434]

Remote file is newer than local file ‘./domain/root.zone.gz.md5’ -- retrieving.

--2017-04-06 00:01:33--  ftp://ftp.internic.net/domain/root.zone.gz.md5
           => ‘./domain/root.zone.gz.md5’
==> CWD not required.
--> PASV

227 Entering Passive Mode (192,0,32,9,42,83)
--> RETR root.zone.gz.md5

150 Opening BINARY mode data connection for root.zone.gz.md5 (33 bytes).
Length: 33

     0K                                                       100%  246K=0s

226 Transfer complete.
2017-04-06 00:01:34 (246 KB/s) - ‘./domain/root.zone.gz.md5’ saved [33]

Remote file is newer than local file ‘./domain/root.zone.gz.sig’ -- retrieving.

--2017-04-06 00:01:34--  ftp://ftp.internic.net/domain/root.zone.gz.sig
           => ‘./domain/root.zone.gz.sig’
==> CWD not required.
--> PASV

227 Entering Passive Mode (192,0,32,9,41,37)
--> RETR root.zone.gz.sig

150 Opening BINARY mode data connection for root.zone.gz.sig (72 bytes).
Length: 72

     0K                                                       100%  171K=0s

226 Transfer complete.
2017-04-06 00:01:35 (171 KB/s) - ‘./domain/root.zone.gz.sig’ saved [72]

Remote file is newer than local file ‘./domain/root.zone.md5’ -- retrieving.

--2017-04-06 00:01:35--  ftp://ftp.internic.net/domain/root.zone.md5
           => ‘./domain/root.zone.md5’
==> CWD not required.
--> PASV

227 Entering Passive Mode (192,0,32,9,30,72)
--> RETR root.zone.md5

150 Opening BINARY mode data connection for root.zone.md5 (33 bytes).
Length: 33

     0K                                                       100%  336K=0s

226 Transfer complete.
2017-04-06 00:01:36 (336 KB/s) - ‘./domain/root.zone.md5’ saved [33]

Remote file is newer than local file ‘./domain/root.zone.sig’ -- retrieving.

--2017-04-06 00:01:36--  ftp://ftp.internic.net/domain/root.zone.sig
           => ‘./domain/root.zone.sig’
==> CWD not required.
--> PASV

227 Entering Passive Mode (192,0,32,9,31,70)
--> RETR root.zone.sig

150 Opening BINARY mode data connection for root.zone.sig (72 bytes).
Length: 72

     0K                                                       100% 1.40M=0s

226 Transfer complete.
2017-04-06 00:01:37 (1.40 MB/s) - ‘./domain/root.zone.sig’ saved [72]

FINISHED --2017-04-06 00:01:37--
Total wall clock time: 1m 34s
Downloaded: 40 files, 3.9M in 39s (103 KB/s)
