--2017-08-25 00:00:02--  ftp://ftp.internic.net/*
           => ‘./.listing’
Resolving ftp.internic.net (ftp.internic.net)... 192.0.32.9, 2620:0:2d0:200::9
Connecting to ftp.internic.net (ftp.internic.net)|192.0.32.9|:21... connected.
Logging in as anonymous ... 
220 Internic FTP Server
--> USER anonymous

331 Please specify the password.
--> PASS Turtle Power!

230 Login successful.
--> SYST

215 UNIX Type: L8
--> PWD

257 "/"
--> TYPE I

200 Switching to Binary mode.
==> CWD not needed.
--> PASV

227 Entering Passive Mode (192,0,32,9,36,127)
--> LIST -a

150 Here comes the directory listing.

     0K                                                        3.29M=0s

226 Directory send OK.
drwxr-xr-x    3 ftp      ftp          4096 Apr 04  2012 .
drwxr-xr-x    3 ftp      ftp          4096 Apr 04  2012 ..
drwxr-xr-x    2 ftp      ftp          4096 Sep 09  2015 domain
2017-08-25 00:00:07 (3.29 MB/s) - ‘./.listing’ saved [183]

--2017-08-25 00:00:07--  ftp://ftp.internic.net/domain/*
           => ‘./domain/.listing’
--> CWD /domain

250 Directory successfully changed.
--> PASV

227 Entering Passive Mode (192,0,32,9,200,121)
--> LIST -a

150 Here comes the directory listing.

     0K ...                                                    33.5M=0s

226 Directory send OK.
drwxr-xr-x    2 ftp      ftp          4096 Sep 09  2015 .
drwxr-xr-x    3 ftp      ftp          4096 Apr 04  2012 ..
-rw-r--r--    1 ftp      ftp          1829 Aug 18  2015 .listing
-rw-r--r--    1 ftp      ftp          1224 Aug 24 13:29 INTERNIC_ROOT_ZONE.signatures
-rw-r--r--    1 ftp      ftp          1469 Aug 24 13:29 INTERNIC_ROOT_ZONE.signatures.asc
-rw-r--r--    1 ftp      ftp         15228 Aug 24 13:19 arpa.zone
-rw-r--r--    1 ftp      ftp          6633 Aug 24 13:19 arpa.zone.gz
-rw-r--r--    1 ftp      ftp            33 Aug 24 13:19 arpa.zone.gz.md5
-rw-r--r--    1 ftp      ftp            72 Aug 24 13:19 arpa.zone.gz.sig
-rw-r--r--    1 ftp      ftp          3314 Jul 26 14:54 db.cache
-rw-r--r--    1 ftp      ftp            33 Jul 26 14:54 db.cache.md5
-rw-r--r--    1 ftp      ftp            72 Jul 26 14:54 db.cache.sig
-rw-r--r--    1 ftp      ftp        228558 Aug 24 15:40 in-addr.arpa
-rw-r--r--    1 ftp      ftp         90893 Aug 24 15:40 in-addr.arpa.gz
-rw-r--r--    1 ftp      ftp            55 Aug 24 15:40 in-addr.arpa.gz.md5
-rw-r--r--    1 ftp      ftp            90 Aug 24 15:40 in-addr.arpa.gz.sha256
-rw-r--r--    1 ftp      ftp            52 Aug 24 15:40 in-addr.arpa.md5
-rw-r--r--    1 ftp      ftp            87 Aug 24 15:40 in-addr.arpa.sha256
-rw-r--r--    1 ftp      ftp        228558 Aug 24 15:40 in-addr.arpa.zone
-rw-r--r--    1 ftp      ftp         90893 Aug 24 15:40 in-addr.arpa.zone.gz
-rw-r--r--    1 ftp      ftp            60 Aug 24 15:40 in-addr.arpa.zone.gz.md5
-rw-r--r--    1 ftp      ftp            95 Aug 24 15:40 in-addr.arpa.zone.gz.sha256
-rw-r--r--    1 ftp      ftp            57 Aug 24 15:40 in-addr.arpa.zone.md5
-rw-r--r--    1 ftp      ftp            92 Aug 24 15:40 in-addr.arpa.zone.sha256
-rw-r--r--    1 ftp      ftp         61151 Aug 24 15:40 ip6.arpa
-rw-r--r--    1 ftp      ftp         24370 Aug 24 15:40 ip6.arpa.gz
-rw-r--r--    1 ftp      ftp            51 Aug 24 15:40 ip6.arpa.gz.md5
-rw-r--r--    1 ftp      ftp            86 Aug 24 15:40 ip6.arpa.gz.sha256
-rw-r--r--    1 ftp      ftp            48 Aug 24 15:40 ip6.arpa.md5
-rw-r--r--    1 ftp      ftp            83 Aug 24 15:40 ip6.arpa.sha256
-rw-r--r--    1 ftp      ftp         61151 Aug 24 15:40 ip6.arpa.zone
-rw-r--r--    1 ftp      ftp         24370 Aug 24 15:40 ip6.arpa.zone.gz
-rw-r--r--    1 ftp      ftp            56 Aug 24 15:40 ip6.arpa.zone.gz.md5
-rw-r--r--    1 ftp      ftp            91 Aug 24 15:40 ip6.arpa.zone.gz.sha256
-rw-r--r--    1 ftp      ftp            53 Aug 24 15:40 ip6.arpa.zone.md5
-rw-r--r--    1 ftp      ftp            88 Aug 24 15:40 ip6.arpa.zone.sha256
-rw-r--r--    1 ftp      ftp            21 Aug 24 15:40 last_update.txt
-rw-r--r--    1 ftp      ftp          3314 Jul 26 14:54 named.cache
-rw-r--r--    1 ftp      ftp            33 Jul 26 14:54 named.cache.md5
-rw-r--r--    1 ftp      ftp            72 Jul 26 14:54 named.cache.sig
-rw-r--r--    1 ftp      ftp          3314 Jul 26 14:54 named.root
-rw-r--r--    1 ftp      ftp            33 Jul 26 14:54 named.root.md5
-rw-r--r--    1 ftp      ftp            72 Jul 26 14:54 named.root.sig
-rw-r--r--    1 ftp      ftp          2111 Jul 26 14:53 root-servers.net.zone
-rw-r--r--    1 ftp      ftp           573 Jul 26 14:53 root-servers.net.zone.gz
-rw-r--r--    1 ftp      ftp            33 Jul 26 14:53 root-servers.net.zone.gz.md5
-rw-r--r--    1 ftp      ftp            72 Jul 26 14:53 root-servers.net.zone.gz.sig
-rw-r--r--    1 ftp      ftp       2263495 Aug 24 13:29 root.zone
-rw-r--r--    1 ftp      ftp       1063009 Aug 24 13:30 root.zone.gz
-rw-r--r--    1 ftp      ftp            33 Aug 24 13:29 root.zone.gz.md5
-rw-r--r--    1 ftp      ftp            72 Aug 24 13:30 root.zone.gz.sig
-rw-r--r--    1 ftp      ftp            33 Aug 24 13:30 root.zone.md5
-rw-r--r--    1 ftp      ftp            72 Aug 24 13:30 root.zone.sig
2017-08-25 00:00:08 (33.5 MB/s) - ‘./domain/.listing’ saved [3930]

The sizes do not match (local 3930) -- retrieving.

--2017-08-25 00:00:08--  ftp://ftp.internic.net/domain/.listing
           => ‘./domain/.listing’
==> CWD not required.
--> PASV

227 Entering Passive Mode (192,0,32,9,89,39)
--> RETR .listing

150 Opening BINARY mode data connection for .listing (1829 bytes).
Length: 1829 (1.8K)

     0K .                                                     100% 43.6M=0s

226 Transfer complete.
2017-08-25 00:00:09 (43.6 MB/s) - ‘./domain/.listing’ saved [1829]

Remote file is newer than local file ‘./domain/INTERNIC_ROOT_ZONE.signatures’ -- retrieving.

--2017-08-25 00:00:09--  ftp://ftp.internic.net/domain/INTERNIC_ROOT_ZONE.signatures
           => ‘./domain/INTERNIC_ROOT_ZONE.signatures’
==> CWD not required.
--> PASV

227 Entering Passive Mode (192,0,32,9,102,194)
--> RETR INTERNIC_ROOT_ZONE.signatures

150 Opening BINARY mode data connection for INTERNIC_ROOT_ZONE.signatures (1224 bytes).
Length: 1224 (1.2K)

     0K .                                                     100% 11.6M=0s

226 Transfer complete.
2017-08-25 00:00:11 (11.6 MB/s) - ‘./domain/INTERNIC_ROOT_ZONE.signatures’ saved [1224]

Remote file is newer than local file ‘./domain/INTERNIC_ROOT_ZONE.signatures.asc’ -- retrieving.

--2017-08-25 00:00:11--  ftp://ftp.internic.net/domain/INTERNIC_ROOT_ZONE.signatures.asc
           => ‘./domain/INTERNIC_ROOT_ZONE.signatures.asc’
==> CWD not required.
--> PASV

227 Entering Passive Mode (192,0,32,9,254,223)
--> RETR INTERNIC_ROOT_ZONE.signatures.asc

150 Opening BINARY mode data connection for INTERNIC_ROOT_ZONE.signatures.asc (1469 bytes).
Length: 1469 (1.4K)

     0K .                                                     100% 15.1M=0s

226 Transfer complete.
2017-08-25 00:00:12 (15.1 MB/s) - ‘./domain/INTERNIC_ROOT_ZONE.signatures.asc’ saved [1469]

Remote file is newer than local file ‘./domain/arpa.zone’ -- retrieving.

--2017-08-25 00:00:12--  ftp://ftp.internic.net/domain/arpa.zone
           => ‘./domain/arpa.zone’
==> CWD not required.
--> PASV

227 Entering Passive Mode (192,0,32,9,51,66)
--> RETR arpa.zone

150 Opening BINARY mode data connection for arpa.zone (15228 bytes).
Length: 15228 (15K)

     0K .......... ....                                       100% 9.23M=0.002s

226 Transfer complete.
2017-08-25 00:00:13 (9.23 MB/s) - ‘./domain/arpa.zone’ saved [15228]

The sizes do not match (local 6649) -- retrieving.

--2017-08-25 00:00:13--  ftp://ftp.internic.net/domain/arpa.zone.gz
           => ‘./domain/arpa.zone.gz’
==> CWD not required.
--> PASV

227 Entering Passive Mode (192,0,32,9,211,152)
--> RETR arpa.zone.gz

150 Opening BINARY mode data connection for arpa.zone.gz (6633 bytes).
Length: 6633 (6.5K)

     0K ......                                                100% 60.8M=0s

226 Transfer complete.
2017-08-25 00:00:14 (60.8 MB/s) - ‘./domain/arpa.zone.gz’ saved [6633]

Remote file is newer than local file ‘./domain/arpa.zone.gz.md5’ -- retrieving.

--2017-08-25 00:00:14--  ftp://ftp.internic.net/domain/arpa.zone.gz.md5
           => ‘./domain/arpa.zone.gz.md5’
==> CWD not required.
--> PASV

227 Entering Passive Mode (192,0,32,9,6,253)
--> RETR arpa.zone.gz.md5

150 Opening BINARY mode data connection for arpa.zone.gz.md5 (33 bytes).
Length: 33

     0K                                                       100%  716K=0s

226 Transfer complete.
2017-08-25 00:00:15 (716 KB/s) - ‘./domain/arpa.zone.gz.md5’ saved [33]

Remote file is newer than local file ‘./domain/arpa.zone.gz.sig’ -- retrieving.

--2017-08-25 00:00:15--  ftp://ftp.internic.net/domain/arpa.zone.gz.sig
           => ‘./domain/arpa.zone.gz.sig’
==> CWD not required.
--> PASV

227 Entering Passive Mode (192,0,32,9,16,139)
--> RETR arpa.zone.gz.sig

150 Opening BINARY mode data connection for arpa.zone.gz.sig (72 bytes).
Length: 72

     0K                                                       100% 1.20M=0s

226 Transfer complete.
2017-08-25 00:00:17 (1.20 MB/s) - ‘./domain/arpa.zone.gz.sig’ saved [72]

Remote file no newer than local file ‘./domain/db.cache’ -- not retrieving.
Remote file no newer than local file ‘./domain/db.cache.md5’ -- not retrieving.
Remote file no newer than local file ‘./domain/db.cache.sig’ -- not retrieving.
Remote file is newer than local file ‘./domain/in-addr.arpa’ -- retrieving.

--2017-08-25 00:00:17--  ftp://ftp.internic.net/domain/in-addr.arpa
           => ‘./domain/in-addr.arpa’
==> CWD not required.
--> PASV

227 Entering Passive Mode (192,0,32,9,190,144)
--> RETR in-addr.arpa

150 Opening BINARY mode data connection for in-addr.arpa (228558 bytes).
Length: 228558 (223K)

     0K .......... .......... .......... .......... .......... 22% 83.7K 2s
    50K .......... .......... .......... .......... .......... 44%  160K 1s
   100K .......... .......... .......... .......... .......... 67% 14.3M 0s
   150K .......... .......... .......... .......... .......... 89%  164K 0s
   200K .......... .......... ...                             100% 96.0M=1.2s

226 Transfer complete.
2017-08-25 00:00:19 (183 KB/s) - ‘./domain/in-addr.arpa’ saved [228558]

The sizes do not match (local 90805) -- retrieving.

--2017-08-25 00:00:19--  ftp://ftp.internic.net/domain/in-addr.arpa.gz
           => ‘./domain/in-addr.arpa.gz’
==> CWD not required.
--> PASV

227 Entering Passive Mode (192,0,32,9,134,87)
--> RETR in-addr.arpa.gz

150 Opening BINARY mode data connection for in-addr.arpa.gz (90893 bytes).
Length: 90893 (89K)

     0K .......... .......... .......... .......... .......... 56% 86.7K 0s
    50K .......... .......... .......... ........             100% 8.79M=0.6s

226 Transfer complete.
2017-08-25 00:00:21 (153 KB/s) - ‘./domain/in-addr.arpa.gz’ saved [90893]

Remote file is newer than local file ‘./domain/in-addr.arpa.gz.md5’ -- retrieving.

--2017-08-25 00:00:21--  ftp://ftp.internic.net/domain/in-addr.arpa.gz.md5
           => ‘./domain/in-addr.arpa.gz.md5’
==> CWD not required.
--> PASV

227 Entering Passive Mode (192,0,32,9,41,103)
--> RETR in-addr.arpa.gz.md5

150 Opening BINARY mode data connection for in-addr.arpa.gz.md5 (55 bytes).
Length: 55

     0K                                                       100%  312K=0s

226 Transfer complete.
2017-08-25 00:00:22 (312 KB/s) - ‘./domain/in-addr.arpa.gz.md5’ saved [55]

Remote file is newer than local file ‘./domain/in-addr.arpa.gz.sha256’ -- retrieving.

--2017-08-25 00:00:22--  ftp://ftp.internic.net/domain/in-addr.arpa.gz.sha256
           => ‘./domain/in-addr.arpa.gz.sha256’
==> CWD not required.
--> PASV

227 Entering Passive Mode (192,0,32,9,42,52)
--> RETR in-addr.arpa.gz.sha256

150 Opening BINARY mode data connection for in-addr.arpa.gz.sha256 (90 bytes).
Length: 90

     0K                                                       100%  814K=0s

226 Transfer complete.
2017-08-25 00:00:23 (814 KB/s) - ‘./domain/in-addr.arpa.gz.sha256’ saved [90]

Remote file is newer than local file ‘./domain/in-addr.arpa.md5’ -- retrieving.

--2017-08-25 00:00:23--  ftp://ftp.internic.net/domain/in-addr.arpa.md5
           => ‘./domain/in-addr.arpa.md5’
==> CWD not required.
--> PASV

227 Entering Passive Mode (192,0,32,9,42,148)
--> RETR in-addr.arpa.md5

150 Opening BINARY mode data connection for in-addr.arpa.md5 (52 bytes).
Length: 52

     0K                                                       100%  297K=0s

226 Transfer complete.
2017-08-25 00:00:24 (297 KB/s) - ‘./domain/in-addr.arpa.md5’ saved [52]

Remote file is newer than local file ‘./domain/in-addr.arpa.sha256’ -- retrieving.

--2017-08-25 00:00:24--  ftp://ftp.internic.net/domain/in-addr.arpa.sha256
           => ‘./domain/in-addr.arpa.sha256’
==> CWD not required.
--> PASV

227 Entering Passive Mode (192,0,32,9,41,135)
--> RETR in-addr.arpa.sha256

150 Opening BINARY mode data connection for in-addr.arpa.sha256 (87 bytes).
Length: 87

     0K                                                       100% 1.01M=0s

226 Transfer complete.
2017-08-25 00:00:25 (1.01 MB/s) - ‘./domain/in-addr.arpa.sha256’ saved [87]

Remote file is newer than local file ‘./domain/in-addr.arpa.zone’ -- retrieving.

--2017-08-25 00:00:25--  ftp://ftp.internic.net/domain/in-addr.arpa.zone
           => ‘./domain/in-addr.arpa.zone’
==> CWD not required.
--> PASV

227 Entering Passive Mode (192,0,32,9,182,253)
--> RETR in-addr.arpa.zone

150 Opening BINARY mode data connection for in-addr.arpa.zone (228558 bytes).
Length: 228558 (223K)

     0K .......... .......... .......... .......... .......... 22%  141K 1s
    50K .......... .......... .......... .......... .......... 44%  314K 1s
   100K .......... .......... .......... .......... .......... 67% 1.11M 0s
   150K .......... .......... .......... .......... .......... 89%  288K 0s
   200K .......... .......... ...                             100%  571K=0.8s

226 Transfer complete.
2017-08-25 00:00:28 (289 KB/s) - ‘./domain/in-addr.arpa.zone’ saved [228558]

The sizes do not match (local 90805) -- retrieving.

--2017-08-25 00:00:28--  ftp://ftp.internic.net/domain/in-addr.arpa.zone.gz
           => ‘./domain/in-addr.arpa.zone.gz’
==> CWD not required.
--> PASV

227 Entering Passive Mode (192,0,32,9,29,150)
--> RETR in-addr.arpa.zone.gz

150 Opening BINARY mode data connection for in-addr.arpa.zone.gz (90893 bytes).
Length: 90893 (89K)

     0K .......... .......... .......... .......... .......... 56%  137K 0s
    50K .......... .......... .......... ........             100%  591K=0.4s

226 Transfer complete.
2017-08-25 00:00:29 (206 KB/s) - ‘./domain/in-addr.arpa.zone.gz’ saved [90893]

Remote file is newer than local file ‘./domain/in-addr.arpa.zone.gz.md5’ -- retrieving.

--2017-08-25 00:00:29--  ftp://ftp.internic.net/domain/in-addr.arpa.zone.gz.md5
           => ‘./domain/in-addr.arpa.zone.gz.md5’
==> CWD not required.
--> PASV

227 Entering Passive Mode (192,0,32,9,178,217)
--> RETR in-addr.arpa.zone.gz.md5

150 Opening BINARY mode data connection for in-addr.arpa.zone.gz.md5 (60 bytes).
Length: 60

     0K                                                       100% 9.56K=0.006s

226 Transfer complete.
2017-08-25 00:00:31 (9.56 KB/s) - ‘./domain/in-addr.arpa.zone.gz.md5’ saved [60]

Remote file is newer than local file ‘./domain/in-addr.arpa.zone.gz.sha256’ -- retrieving.

--2017-08-25 00:00:31--  ftp://ftp.internic.net/domain/in-addr.arpa.zone.gz.sha256
           => ‘./domain/in-addr.arpa.zone.gz.sha256’
==> CWD not required.
--> PASV

227 Entering Passive Mode (192,0,32,9,173,115)
--> RETR in-addr.arpa.zone.gz.sha256

150 Opening BINARY mode data connection for in-addr.arpa.zone.gz.sha256 (95 bytes).
Length: 95

     0K                                                       100% 1.81M=0s

226 Transfer complete.
2017-08-25 00:00:32 (1.81 MB/s) - ‘./domain/in-addr.arpa.zone.gz.sha256’ saved [95]

Remote file is newer than local file ‘./domain/in-addr.arpa.zone.md5’ -- retrieving.

--2017-08-25 00:00:32--  ftp://ftp.internic.net/domain/in-addr.arpa.zone.md5
           => ‘./domain/in-addr.arpa.zone.md5’
==> CWD not required.
--> PASV

227 Entering Passive Mode (192,0,32,9,6,168)
--> RETR in-addr.arpa.zone.md5

150 Opening BINARY mode data connection for in-addr.arpa.zone.md5 (57 bytes).
Length: 57

     0K                                                       100% 1012K=0s

226 Transfer complete.
2017-08-25 00:00:33 (1012 KB/s) - ‘./domain/in-addr.arpa.zone.md5’ saved [57]

Remote file is newer than local file ‘./domain/in-addr.arpa.zone.sha256’ -- retrieving.

--2017-08-25 00:00:33--  ftp://ftp.internic.net/domain/in-addr.arpa.zone.sha256
           => ‘./domain/in-addr.arpa.zone.sha256’
==> CWD not required.
--> PASV

227 Entering Passive Mode (192,0,32,9,105,7)
--> RETR in-addr.arpa.zone.sha256

150 Opening BINARY mode data connection for in-addr.arpa.zone.sha256 (92 bytes).
Length: 92

     0K                                                       100%  848K=0s

226 Transfer complete.
2017-08-25 00:00:34 (848 KB/s) - ‘./domain/in-addr.arpa.zone.sha256’ saved [92]

Remote file is newer than local file ‘./domain/ip6.arpa’ -- retrieving.

--2017-08-25 00:00:34--  ftp://ftp.internic.net/domain/ip6.arpa
           => ‘./domain/ip6.arpa’
==> CWD not required.
--> PASV

227 Entering Passive Mode (192,0,32,9,38,215)
--> RETR ip6.arpa

150 Opening BINARY mode data connection for ip6.arpa (61151 bytes).
Length: 61151 (60K)

     0K .......... .......... .......... .......... .......... 83% 81.5K 0s
    50K .........                                             100% 33.0M=0.6s

226 Transfer complete.
2017-08-25 00:00:36 (97.3 KB/s) - ‘./domain/ip6.arpa’ saved [61151]

The sizes do not match (local 24395) -- retrieving.

--2017-08-25 00:00:36--  ftp://ftp.internic.net/domain/ip6.arpa.gz
           => ‘./domain/ip6.arpa.gz’
==> CWD not required.
--> PASV

227 Entering Passive Mode (192,0,32,9,72,217)
--> RETR ip6.arpa.gz

150 Opening BINARY mode data connection for ip6.arpa.gz (24370 bytes).
Length: 24370 (24K)

     0K .......... .......... ...                             100% 77.9K=0.3s

226 Transfer complete.
2017-08-25 00:00:38 (77.9 KB/s) - ‘./domain/ip6.arpa.gz’ saved [24370]

Remote file is newer than local file ‘./domain/ip6.arpa.gz.md5’ -- retrieving.

--2017-08-25 00:00:38--  ftp://ftp.internic.net/domain/ip6.arpa.gz.md5
           => ‘./domain/ip6.arpa.gz.md5’
==> CWD not required.
--> PASV

227 Entering Passive Mode (192,0,32,9,42,206)
--> RETR ip6.arpa.gz.md5

150 Opening BINARY mode data connection for ip6.arpa.gz.md5 (51 bytes).
Length: 51

     0K                                                       100% 1.08M=0s

226 Transfer complete.
2017-08-25 00:00:39 (1.08 MB/s) - ‘./domain/ip6.arpa.gz.md5’ saved [51]

Remote file is newer than local file ‘./domain/ip6.arpa.gz.sha256’ -- retrieving.

--2017-08-25 00:00:39--  ftp://ftp.internic.net/domain/ip6.arpa.gz.sha256
           => ‘./domain/ip6.arpa.gz.sha256’
==> CWD not required.
--> PASV

227 Entering Passive Mode (192,0,32,9,42,238)
--> RETR ip6.arpa.gz.sha256

150 Opening BINARY mode data connection for ip6.arpa.gz.sha256 (86 bytes).
Length: 86

     0K                                                       100% 1012K=0s

226 Transfer complete.
2017-08-25 00:00:40 (1012 KB/s) - ‘./domain/ip6.arpa.gz.sha256’ saved [86]

Remote file is newer than local file ‘./domain/ip6.arpa.md5’ -- retrieving.

--2017-08-25 00:00:40--  ftp://ftp.internic.net/domain/ip6.arpa.md5
           => ‘./domain/ip6.arpa.md5’
==> CWD not required.
--> PASV

227 Entering Passive Mode (192,0,32,9,86,8)
--> RETR ip6.arpa.md5

150 Opening BINARY mode data connection for ip6.arpa.md5 (48 bytes).
Length: 48

     0K                                                       100%  216K=0s

226 Transfer complete.
2017-08-25 00:00:41 (216 KB/s) - ‘./domain/ip6.arpa.md5’ saved [48]

Remote file is newer than local file ‘./domain/ip6.arpa.sha256’ -- retrieving.

--2017-08-25 00:00:41--  ftp://ftp.internic.net/domain/ip6.arpa.sha256
           => ‘./domain/ip6.arpa.sha256’
==> CWD not required.
--> PASV

227 Entering Passive Mode (192,0,32,9,115,125)
--> RETR ip6.arpa.sha256

150 Opening BINARY mode data connection for ip6.arpa.sha256 (83 bytes).
Length: 83

     0K                                                       100%  881K=0s

226 Transfer complete.
2017-08-25 00:00:42 (881 KB/s) - ‘./domain/ip6.arpa.sha256’ saved [83]

Remote file is newer than local file ‘./domain/ip6.arpa.zone’ -- retrieving.

--2017-08-25 00:00:42--  ftp://ftp.internic.net/domain/ip6.arpa.zone
           => ‘./domain/ip6.arpa.zone’
==> CWD not required.
--> PASV

227 Entering Passive Mode (192,0,32,9,151,220)
--> RETR ip6.arpa.zone

150 Opening BINARY mode data connection for ip6.arpa.zone (61151 bytes).
Length: 61151 (60K)

     0K .......... .......... .......... .......... .......... 83% 80.8K 0s
    50K .........                                             100% 2.33M=0.6s

226 Transfer complete.
2017-08-25 00:00:44 (95.9 KB/s) - ‘./domain/ip6.arpa.zone’ saved [61151]

The sizes do not match (local 24395) -- retrieving.

--2017-08-25 00:00:44--  ftp://ftp.internic.net/domain/ip6.arpa.zone.gz
           => ‘./domain/ip6.arpa.zone.gz’
==> CWD not required.
--> PASV

227 Entering Passive Mode (192,0,32,9,230,130)
--> RETR ip6.arpa.zone.gz

150 Opening BINARY mode data connection for ip6.arpa.zone.gz (24370 bytes).
Length: 24370 (24K)

     0K .......... .......... ...                             100% 79.0K=0.3s

226 Transfer complete.
2017-08-25 00:00:46 (79.0 KB/s) - ‘./domain/ip6.arpa.zone.gz’ saved [24370]

Remote file is newer than local file ‘./domain/ip6.arpa.zone.gz.md5’ -- retrieving.

--2017-08-25 00:00:46--  ftp://ftp.internic.net/domain/ip6.arpa.zone.gz.md5
           => ‘./domain/ip6.arpa.zone.gz.md5’
==> CWD not required.
--> PASV

227 Entering Passive Mode (192,0,32,9,143,100)
--> RETR ip6.arpa.zone.gz.md5

150 Opening BINARY mode data connection for ip6.arpa.zone.gz.md5 (56 bytes).
Length: 56

     0K                                                       100%  463K=0s

226 Transfer complete.
2017-08-25 00:00:47 (463 KB/s) - ‘./domain/ip6.arpa.zone.gz.md5’ saved [56]

Remote file is newer than local file ‘./domain/ip6.arpa.zone.gz.sha256’ -- retrieving.

--2017-08-25 00:00:47--  ftp://ftp.internic.net/domain/ip6.arpa.zone.gz.sha256
           => ‘./domain/ip6.arpa.zone.gz.sha256’
==> CWD not required.
--> PASV

227 Entering Passive Mode (192,0,32,9,33,10)
--> RETR ip6.arpa.zone.gz.sha256

150 Opening BINARY mode data connection for ip6.arpa.zone.gz.sha256 (91 bytes).
Length: 91

     0K                                                       100% 1.21M=0s

226 Transfer complete.
2017-08-25 00:00:48 (1.21 MB/s) - ‘./domain/ip6.arpa.zone.gz.sha256’ saved [91]

Remote file is newer than local file ‘./domain/ip6.arpa.zone.md5’ -- retrieving.

--2017-08-25 00:00:48--  ftp://ftp.internic.net/domain/ip6.arpa.zone.md5
           => ‘./domain/ip6.arpa.zone.md5’
==> CWD not required.
--> PASV

227 Entering Passive Mode (192,0,32,9,138,196)
--> RETR ip6.arpa.zone.md5

150 Opening BINARY mode data connection for ip6.arpa.zone.md5 (53 bytes).
Length: 53

     0K                                                       100% 5.48K=0.009s

226 Transfer complete.
2017-08-25 00:00:49 (5.48 KB/s) - ‘./domain/ip6.arpa.zone.md5’ saved [53]

Remote file is newer than local file ‘./domain/ip6.arpa.zone.sha256’ -- retrieving.

--2017-08-25 00:00:49--  ftp://ftp.internic.net/domain/ip6.arpa.zone.sha256
           => ‘./domain/ip6.arpa.zone.sha256’
==> CWD not required.
--> PASV

227 Entering Passive Mode (192,0,32,9,42,161)
--> RETR ip6.arpa.zone.sha256

150 Opening BINARY mode data connection for ip6.arpa.zone.sha256 (88 bytes).
Length: 88

     0K                                                       100% 58.7K=0.001s

226 Transfer complete.
2017-08-25 00:00:50 (58.7 KB/s) - ‘./domain/ip6.arpa.zone.sha256’ saved [88]

Remote file is newer than local file ‘./domain/last_update.txt’ -- retrieving.

--2017-08-25 00:00:50--  ftp://ftp.internic.net/domain/last_update.txt
           => ‘./domain/last_update.txt’
==> CWD not required.
--> PASV

227 Entering Passive Mode (192,0,32,9,254,191)
--> RETR last_update.txt

150 Opening BINARY mode data connection for last_update.txt (21 bytes).
Length: 21

     0K                                                       100%  131K=0s

226 Transfer complete.
2017-08-25 00:00:52 (131 KB/s) - ‘./domain/last_update.txt’ saved [21]

Remote file no newer than local file ‘./domain/named.cache’ -- not retrieving.
Remote file no newer than local file ‘./domain/named.cache.md5’ -- not retrieving.
Remote file no newer than local file ‘./domain/named.cache.sig’ -- not retrieving.
Remote file no newer than local file ‘./domain/named.root’ -- not retrieving.
Remote file no newer than local file ‘./domain/named.root.md5’ -- not retrieving.
Remote file no newer than local file ‘./domain/named.root.sig’ -- not retrieving.
Remote file no newer than local file ‘./domain/root-servers.net.zone’ -- not retrieving.
Remote file no newer than local file ‘./domain/root-servers.net.zone.gz’ -- not retrieving.
Remote file no newer than local file ‘./domain/root-servers.net.zone.gz.md5’ -- not retrieving.
Remote file no newer than local file ‘./domain/root-servers.net.zone.gz.sig’ -- not retrieving.
Remote file is newer than local file ‘./domain/root.zone’ -- retrieving.

--2017-08-25 00:00:52--  ftp://ftp.internic.net/domain/root.zone
           => ‘./domain/root.zone’
==> CWD not required.
--> PASV

227 Entering Passive Mode (192,0,32,9,68,80)
--> RETR root.zone

150 Opening BINARY mode data connection for root.zone (2263495 bytes).
Length: 2263495 (2.2M)

     0K .......... .......... .......... .......... ..........  2% 78.0K 28s
    50K .......... .......... .......... .......... ..........  4%  162K 20s
   100K .......... .......... .......... .......... ..........  6% 6.07M 13s
   150K .......... .......... .......... .......... ..........  9%  161K 13s
   200K .......... .......... .......... .......... .......... 11%  122K 13s
   250K .......... .......... .......... .......... .......... 13%  166K 13s
   300K .......... .......... .......... .......... .......... 15%  163K 12s
   350K .......... .......... .......... .......... .......... 18% 15.0M 10s
   400K .......... .......... .......... .......... .......... 20%  249K 10s
   450K .......... .......... .......... .......... .......... 22%  155K 10s
   500K .......... .......... .......... .......... .......... 24% 17.6M 9s
   550K .......... .......... .......... .......... .......... 27%  169K 8s
   600K .......... .......... .......... .......... .......... 29% 83.0K 9s
   650K .......... .......... .......... .......... .......... 31%  105M 8s
   700K .......... .......... .......... .......... .......... 33%  124M 7s
   750K .......... .......... .......... .......... .......... 36% 3.46M 7s
   800K .......... .......... .......... .......... .......... 38%  222K 6s
   850K .......... .......... .......... .......... .......... 40%  129K 6s
   900K .......... .......... .......... .......... .......... 42% 19.8M 6s
   950K .......... .......... .......... .......... .......... 45%  167K 6s
  1000K .......... .......... .......... .......... .......... 47%  163K 5s
  1050K .......... .......... .......... .......... .......... 49% 6.98M 5s
  1100K .......... .......... .......... .......... .......... 52%  277K 5s
  1150K .......... .......... .......... .......... .......... 54%  716K 4s
  1200K .......... .......... .......... .......... .......... 56%  352K 4s
  1250K .......... .......... .......... .......... .......... 58%  437K 4s
  1300K .......... .......... .......... .......... .......... 61%  755K 4s
  1350K .......... .......... .......... .......... .......... 63%  431K 3s
  1400K .......... .......... .......... .......... .......... 65%  710K 3s
  1450K .......... .......... .......... .......... .......... 67%  453K 3s
  1500K .......... .......... .......... .......... .......... 70%  723K 3s
  1550K .......... .......... .......... .......... .......... 72%  432K 2s
  1600K .......... .......... .......... .......... .......... 74%  819K 2s
  1650K .......... .......... .......... .......... .......... 76%  438K 2s
  1700K .......... .......... .......... .......... .......... 79%  708K 2s
  1750K .......... .......... .......... .......... .......... 81%  480K 1s
  1800K .......... .......... .......... .......... .......... 83%  701K 1s
  1850K .......... .......... .......... .......... .......... 85%  418K 1s
  1900K .......... .......... .......... .......... .......... 88%  692K 1s
  1950K .......... .......... .......... .......... .......... 90%  481K 1s
  2000K .......... .......... .......... .......... .......... 92%  481K 1s
  2050K .......... .......... .......... .......... .......... 95%  652K 0s
  2100K .......... .......... .......... .......... .......... 97%  492K 0s
  2150K .......... .......... .......... .......... .......... 99%  547K 0s
  2200K ..........                                            100% 1.62M=7.1s

226 Transfer complete.
2017-08-25 00:01:00 (311 KB/s) - ‘./domain/root.zone’ saved [2263495]

The sizes do not match (local 1062997) -- retrieving.

--2017-08-25 00:01:00--  ftp://ftp.internic.net/domain/root.zone.gz
           => ‘./domain/root.zone.gz’
==> CWD not required.
--> PASV

227 Entering Passive Mode (192,0,32,9,41,39)
--> RETR root.zone.gz

150 Opening BINARY mode data connection for root.zone.gz (1063009 bytes).
Length: 1063009 (1.0M)

     0K .......... .......... .......... .......... ..........  4% 87.4K 11s
    50K .......... .......... .......... .......... ..........  9%  227K 7s
   100K .......... .......... .......... .......... .......... 14%  963K 5s
   150K .......... .......... .......... .......... .......... 19%  173K 5s
   200K .......... .......... .......... .......... .......... 24%  216K 4s
   250K .......... .......... .......... .......... .......... 28%  334K 4s
   300K .......... .......... .......... .......... .......... 33%  546K 3s
   350K .......... .......... .......... .......... .......... 38%  315K 3s
   400K .......... .......... .......... .......... .......... 43%  438K 2s
   450K .......... .......... .......... .......... .......... 48%  458K 2s
   500K .......... .......... .......... .......... .......... 52%  409K 2s
   550K .......... .......... .......... .......... .......... 57%  457K 2s
   600K .......... .......... .......... .......... .......... 62%  430K 1s
   650K .......... .......... .......... .......... .......... 67%  515K 1s
   700K .......... .......... .......... .......... .......... 72%  470K 1s
   750K .......... .......... .......... .......... .......... 77%  559K 1s
   800K .......... .......... .......... .......... .......... 81%  470K 1s
   850K .......... .......... .......... .......... .......... 86%  551K 0s
   900K .......... .......... .......... .......... .......... 91%  447K 0s
   950K .......... .......... .......... .......... .......... 96%  512K 0s
  1000K .......... .......... .......... ........             100%  571K=3.1s

226 Transfer complete.
2017-08-25 00:01:04 (335 KB/s) - ‘./domain/root.zone.gz’ saved [1063009]

Remote file is newer than local file ‘./domain/root.zone.gz.md5’ -- retrieving.

--2017-08-25 00:01:04--  ftp://ftp.internic.net/domain/root.zone.gz.md5
           => ‘./domain/root.zone.gz.md5’
==> CWD not required.
--> PASV

227 Entering Passive Mode (192,0,32,9,41,103)
--> RETR root.zone.gz.md5

150 Opening BINARY mode data connection for root.zone.gz.md5 (33 bytes).
Length: 33

     0K                                                       100%  716K=0s

226 Transfer complete.
2017-08-25 00:01:05 (716 KB/s) - ‘./domain/root.zone.gz.md5’ saved [33]

Remote file is newer than local file ‘./domain/root.zone.gz.sig’ -- retrieving.

--2017-08-25 00:01:05--  ftp://ftp.internic.net/domain/root.zone.gz.sig
           => ‘./domain/root.zone.gz.sig’
==> CWD not required.
--> PASV

227 Entering Passive Mode (192,0,32,9,74,174)
--> RETR root.zone.gz.sig

150 Opening BINARY mode data connection for root.zone.gz.sig (72 bytes).
Length: 72

     0K                                                       100% 1.56M=0s

226 Transfer complete.
2017-08-25 00:01:06 (1.56 MB/s) - ‘./domain/root.zone.gz.sig’ saved [72]

Remote file is newer than local file ‘./domain/root.zone.md5’ -- retrieving.

--2017-08-25 00:01:06--  ftp://ftp.internic.net/domain/root.zone.md5
           => ‘./domain/root.zone.md5’
==> CWD not required.
--> PASV

227 Entering Passive Mode (192,0,32,9,174,37)
--> RETR root.zone.md5

150 Opening BINARY mode data connection for root.zone.md5 (33 bytes).
Length: 33

     0K                                                       100%  285K=0s

226 Transfer complete.
2017-08-25 00:01:08 (285 KB/s) - ‘./domain/root.zone.md5’ saved [33]

Remote file is newer than local file ‘./domain/root.zone.sig’ -- retrieving.

--2017-08-25 00:01:08--  ftp://ftp.internic.net/domain/root.zone.sig
           => ‘./domain/root.zone.sig’
==> CWD not required.
--> PASV

227 Entering Passive Mode (192,0,32,9,42,235)
--> RETR root.zone.sig

150 Opening BINARY mode data connection for root.zone.sig (72 bytes).
Length: 72

     0K                                                       100%  773K=0s

226 Transfer complete.
2017-08-25 00:01:09 (773 KB/s) - ‘./domain/root.zone.sig’ saved [72]

FINISHED --2017-08-25 00:01:09--
Total wall clock time: 1m 7s
Downloaded: 40 files, 4.0M in 15s (270 KB/s)
