--2017-06-06 00:00:03--  ftp://ftp.internic.net/*
           => ‘./.listing’
Resolving ftp.internic.net (ftp.internic.net)... 192.0.32.9, 2620:0:2d0:200::9
Connecting to ftp.internic.net (ftp.internic.net)|192.0.32.9|:21... connected.
Logging in as anonymous ... 
220 Internic FTP Server
--> USER anonymous

331 Please specify the password.
--> PASS Turtle Power!

230 Login successful.
--> SYST

215 UNIX Type: L8
--> PWD

257 "/"
--> TYPE I

200 Switching to Binary mode.
==> CWD not needed.
--> PASV

227 Entering Passive Mode (192,0,32,9,79,68)
--> LIST -a

150 Here comes the directory listing.

     0K                                                         851K=0s

226 Directory send OK.
drwxr-xr-x    3 ftp      ftp          4096 Apr 04  2012 .
drwxr-xr-x    3 ftp      ftp          4096 Apr 04  2012 ..
drwxr-xr-x    2 ftp      ftp          4096 Sep 09  2015 domain
2017-06-06 00:00:08 (851 KB/s) - ‘./.listing’ saved [183]

--2017-06-06 00:00:08--  ftp://ftp.internic.net/domain/*
           => ‘./domain/.listing’
--> CWD /domain

250 Directory successfully changed.
--> PASV

227 Entering Passive Mode (192,0,32,9,73,157)
--> LIST -a

150 Here comes the directory listing.

     0K ...                                                    45.2M=0s

226 Directory send OK.
drwxr-xr-x    2 ftp      ftp          4096 Sep 09  2015 .
drwxr-xr-x    3 ftp      ftp          4096 Apr 04  2012 ..
-rw-r--r--    1 ftp      ftp          1829 Aug 18  2015 .listing
-rw-r--r--    1 ftp      ftp          1224 Jun 05 12:43 INTERNIC_ROOT_ZONE.signatures
-rw-r--r--    1 ftp      ftp          1469 Jun 05 12:43 INTERNIC_ROOT_ZONE.signatures.asc
-rw-r--r--    1 ftp      ftp         15228 Jun 05 12:43 arpa.zone
-rw-r--r--    1 ftp      ftp          6643 Jun 05 12:43 arpa.zone.gz
-rw-r--r--    1 ftp      ftp            33 Jun 05 12:43 arpa.zone.gz.md5
-rw-r--r--    1 ftp      ftp            72 Jun 05 12:43 arpa.zone.gz.sig
-rw-r--r--    1 ftp      ftp          3289 Jun 01 15:27 db.cache
-rw-r--r--    1 ftp      ftp            33 Jun 01 15:27 db.cache.md5
-rw-r--r--    1 ftp      ftp            72 Jun 01 15:27 db.cache.sig
-rw-r--r--    1 ftp      ftp        228369 Jun 05 15:40 in-addr.arpa
-rw-r--r--    1 ftp      ftp         90200 Jun 05 15:40 in-addr.arpa.gz
-rw-r--r--    1 ftp      ftp            55 Jun 05 15:40 in-addr.arpa.gz.md5
-rw-r--r--    1 ftp      ftp            90 Jun 05 15:40 in-addr.arpa.gz.sha256
-rw-r--r--    1 ftp      ftp            52 Jun 05 15:40 in-addr.arpa.md5
-rw-r--r--    1 ftp      ftp            87 Jun 05 15:40 in-addr.arpa.sha256
-rw-r--r--    1 ftp      ftp        228369 Jun 05 15:40 in-addr.arpa.zone
-rw-r--r--    1 ftp      ftp         90200 Jun 05 15:40 in-addr.arpa.zone.gz
-rw-r--r--    1 ftp      ftp            60 Jun 05 15:40 in-addr.arpa.zone.gz.md5
-rw-r--r--    1 ftp      ftp            95 Jun 05 15:40 in-addr.arpa.zone.gz.sha256
-rw-r--r--    1 ftp      ftp            57 Jun 05 15:40 in-addr.arpa.zone.md5
-rw-r--r--    1 ftp      ftp            92 Jun 05 15:40 in-addr.arpa.zone.sha256
-rw-r--r--    1 ftp      ftp         61264 Jun 05 15:40 ip6.arpa
-rw-r--r--    1 ftp      ftp         24255 Jun 05 15:40 ip6.arpa.gz
-rw-r--r--    1 ftp      ftp            51 Jun 05 15:40 ip6.arpa.gz.md5
-rw-r--r--    1 ftp      ftp            86 Jun 05 15:40 ip6.arpa.gz.sha256
-rw-r--r--    1 ftp      ftp            48 Jun 05 15:40 ip6.arpa.md5
-rw-r--r--    1 ftp      ftp            83 Jun 05 15:40 ip6.arpa.sha256
-rw-r--r--    1 ftp      ftp         61264 Jun 05 15:40 ip6.arpa.zone
-rw-r--r--    1 ftp      ftp         24255 Jun 05 15:40 ip6.arpa.zone.gz
-rw-r--r--    1 ftp      ftp            56 Jun 05 15:40 ip6.arpa.zone.gz.md5
-rw-r--r--    1 ftp      ftp            91 Jun 05 15:40 ip6.arpa.zone.gz.sha256
-rw-r--r--    1 ftp      ftp            53 Jun 05 15:40 ip6.arpa.zone.md5
-rw-r--r--    1 ftp      ftp            88 Jun 05 15:40 ip6.arpa.zone.sha256
-rw-r--r--    1 ftp      ftp            21 Jun 05 15:40 last_update.txt
-rw-r--r--    1 ftp      ftp          3289 Jun 01 15:27 named.cache
-rw-r--r--    1 ftp      ftp            33 Jun 01 15:27 named.cache.md5
-rw-r--r--    1 ftp      ftp            72 Jun 01 15:27 named.cache.sig
-rw-r--r--    1 ftp      ftp          3289 Jun 01 15:27 named.root
-rw-r--r--    1 ftp      ftp            33 Jun 01 15:27 named.root.md5
-rw-r--r--    1 ftp      ftp            72 Jun 01 15:27 named.root.sig
-rw-r--r--    1 ftp      ftp          2111 Jun 01 15:27 root-servers.net.zone
-rw-r--r--    1 ftp      ftp           575 Jun 01 15:27 root-servers.net.zone.gz
-rw-r--r--    1 ftp      ftp            33 Jun 01 15:27 root-servers.net.zone.gz.md5
-rw-r--r--    1 ftp      ftp            72 Jun 01 15:27 root-servers.net.zone.gz.sig
-rw-r--r--    1 ftp      ftp       2237298 Jun 05 05:09 root.zone
-rw-r--r--    1 ftp      ftp       1050558 Jun 05 05:09 root.zone.gz
-rw-r--r--    1 ftp      ftp            33 Jun 05 05:09 root.zone.gz.md5
-rw-r--r--    1 ftp      ftp            72 Jun 05 05:09 root.zone.gz.sig
-rw-r--r--    1 ftp      ftp            33 Jun 05 05:09 root.zone.md5
-rw-r--r--    1 ftp      ftp            72 Jun 05 05:09 root.zone.sig
2017-06-06 00:00:10 (45.2 MB/s) - ‘./domain/.listing’ saved [3930]

The sizes do not match (local 3930) -- retrieving.

--2017-06-06 00:00:10--  ftp://ftp.internic.net/domain/.listing
           => ‘./domain/.listing’
==> CWD not required.
--> PASV

227 Entering Passive Mode (192,0,32,9,117,161)
--> RETR .listing

150 Opening BINARY mode data connection for .listing (1829 bytes).
Length: 1829 (1.8K)

     0K .                                                     100% 1008K=0.002s

226 Transfer complete.
2017-06-06 00:00:12 (1008 KB/s) - ‘./domain/.listing’ saved [1829]

Remote file is newer than local file ‘./domain/INTERNIC_ROOT_ZONE.signatures’ -- retrieving.

--2017-06-06 00:00:12--  ftp://ftp.internic.net/domain/INTERNIC_ROOT_ZONE.signatures
           => ‘./domain/INTERNIC_ROOT_ZONE.signatures’
==> CWD not required.
--> PASV

227 Entering Passive Mode (192,0,32,9,129,48)
--> RETR INTERNIC_ROOT_ZONE.signatures

150 Opening BINARY mode data connection for INTERNIC_ROOT_ZONE.signatures (1224 bytes).
Length: 1224 (1.2K)

     0K .                                                     100%  394K=0.003s

226 Transfer complete.
2017-06-06 00:00:14 (394 KB/s) - ‘./domain/INTERNIC_ROOT_ZONE.signatures’ saved [1224]

Remote file is newer than local file ‘./domain/INTERNIC_ROOT_ZONE.signatures.asc’ -- retrieving.

--2017-06-06 00:00:14--  ftp://ftp.internic.net/domain/INTERNIC_ROOT_ZONE.signatures.asc
           => ‘./domain/INTERNIC_ROOT_ZONE.signatures.asc’
==> CWD not required.
--> PASV

227 Entering Passive Mode (192,0,32,9,42,145)
--> RETR INTERNIC_ROOT_ZONE.signatures.asc

150 Opening BINARY mode data connection for INTERNIC_ROOT_ZONE.signatures.asc (1469 bytes).
Length: 1469 (1.4K)

     0K .                                                     100%  515K=0.003s

226 Transfer complete.
2017-06-06 00:00:15 (515 KB/s) - ‘./domain/INTERNIC_ROOT_ZONE.signatures.asc’ saved [1469]

Remote file is newer than local file ‘./domain/arpa.zone’ -- retrieving.

--2017-06-06 00:00:15--  ftp://ftp.internic.net/domain/arpa.zone
           => ‘./domain/arpa.zone’
==> CWD not required.
--> PASV

227 Entering Passive Mode (192,0,32,9,105,253)
--> RETR arpa.zone

150 Opening BINARY mode data connection for arpa.zone (15228 bytes).
Length: 15228 (15K)

     0K .......... ....                                       100%  967K=0.02s

226 Transfer complete.
2017-06-06 00:00:16 (967 KB/s) - ‘./domain/arpa.zone’ saved [15228]

The sizes do not match (local 6666) -- retrieving.

--2017-06-06 00:00:17--  ftp://ftp.internic.net/domain/arpa.zone.gz
           => ‘./domain/arpa.zone.gz’
==> CWD not required.
--> PASV

227 Entering Passive Mode (192,0,32,9,113,21)
--> RETR arpa.zone.gz

150 Opening BINARY mode data connection for arpa.zone.gz (6643 bytes).
Length: 6643 (6.5K)

     0K ......                                                100%  828K=0.008s

226 Transfer complete.
2017-06-06 00:00:18 (828 KB/s) - ‘./domain/arpa.zone.gz’ saved [6643]

Remote file is newer than local file ‘./domain/arpa.zone.gz.md5’ -- retrieving.

--2017-06-06 00:00:18--  ftp://ftp.internic.net/domain/arpa.zone.gz.md5
           => ‘./domain/arpa.zone.gz.md5’
==> CWD not required.
--> PASV

227 Entering Passive Mode (192,0,32,9,73,7)
--> RETR arpa.zone.gz.md5

150 Opening BINARY mode data connection for arpa.zone.gz.md5 (33 bytes).
Length: 33

     0K                                                       100%  149K=0s

226 Transfer complete.
2017-06-06 00:00:20 (149 KB/s) - ‘./domain/arpa.zone.gz.md5’ saved [33]

Remote file is newer than local file ‘./domain/arpa.zone.gz.sig’ -- retrieving.

--2017-06-06 00:00:20--  ftp://ftp.internic.net/domain/arpa.zone.gz.sig
           => ‘./domain/arpa.zone.gz.sig’
==> CWD not required.
--> PASV

227 Entering Passive Mode (192,0,32,9,231,3)
--> RETR arpa.zone.gz.sig

150 Opening BINARY mode data connection for arpa.zone.gz.sig (72 bytes).
Length: 72

     0K                                                       100% 1.56M=0s

226 Transfer complete.
2017-06-06 00:00:21 (1.56 MB/s) - ‘./domain/arpa.zone.gz.sig’ saved [72]

Remote file no newer than local file ‘./domain/db.cache’ -- not retrieving.
Remote file no newer than local file ‘./domain/db.cache.md5’ -- not retrieving.
Remote file no newer than local file ‘./domain/db.cache.sig’ -- not retrieving.
Remote file is newer than local file ‘./domain/in-addr.arpa’ -- retrieving.

--2017-06-06 00:00:21--  ftp://ftp.internic.net/domain/in-addr.arpa
           => ‘./domain/in-addr.arpa’
==> CWD not required.
--> PASV

227 Entering Passive Mode (192,0,32,9,154,59)
--> RETR in-addr.arpa

150 Opening BINARY mode data connection for in-addr.arpa (228369 bytes).
Length: 228369 (223K)

     0K .......... .......... .......... .......... .......... 22% 54.6K 3s
    50K .......... .......... .......... .......... .......... 44% 73.4K 2s
   100K .......... .......... .......... .......... .......... 67%  198K 1s
   150K .......... .......... .......... .......... .......... 89% 71.2K 0s
   200K .......... .......... ...                             100% 23.4M=2.6s

226 Transfer complete.
2017-06-06 00:00:25 (87.4 KB/s) - ‘./domain/in-addr.arpa’ saved [228369]

Remote file is newer than local file ‘./domain/in-addr.arpa.gz’ -- retrieving.

--2017-06-06 00:00:25--  ftp://ftp.internic.net/domain/in-addr.arpa.gz
           => ‘./domain/in-addr.arpa.gz’
==> CWD not required.
--> PASV

227 Entering Passive Mode (192,0,32,9,41,221)
--> RETR in-addr.arpa.gz

150 Opening BINARY mode data connection for in-addr.arpa.gz (90200 bytes).
Length: 90200 (88K)

     0K .......... .......... .......... .......... .......... 56% 48.6K 1s
    50K .......... .......... .......... ........             100% 46.3K=1.9s

226 Transfer complete.
2017-06-06 00:00:29 (47.6 KB/s) - ‘./domain/in-addr.arpa.gz’ saved [90200]

Remote file is newer than local file ‘./domain/in-addr.arpa.gz.md5’ -- retrieving.

--2017-06-06 00:00:29--  ftp://ftp.internic.net/domain/in-addr.arpa.gz.md5
           => ‘./domain/in-addr.arpa.gz.md5’
==> CWD not required.
--> PASV

227 Entering Passive Mode (192,0,32,9,217,151)
--> RETR in-addr.arpa.gz.md5

150 Opening BINARY mode data connection for in-addr.arpa.gz.md5 (55 bytes).
Length: 55

     0K                                                       100%  617K=0s

226 Transfer complete.
2017-06-06 00:00:30 (617 KB/s) - ‘./domain/in-addr.arpa.gz.md5’ saved [55]

Remote file is newer than local file ‘./domain/in-addr.arpa.gz.sha256’ -- retrieving.

--2017-06-06 00:00:30--  ftp://ftp.internic.net/domain/in-addr.arpa.gz.sha256
           => ‘./domain/in-addr.arpa.gz.sha256’
==> CWD not required.
--> PASV

227 Entering Passive Mode (192,0,32,9,42,4)
--> RETR in-addr.arpa.gz.sha256

150 Opening BINARY mode data connection for in-addr.arpa.gz.sha256 (90 bytes).
Length: 90

     0K                                                       100%  598K=0s

226 Transfer complete.
2017-06-06 00:00:34 (598 KB/s) - ‘./domain/in-addr.arpa.gz.sha256’ saved [90]

Remote file is newer than local file ‘./domain/in-addr.arpa.md5’ -- retrieving.

--2017-06-06 00:00:34--  ftp://ftp.internic.net/domain/in-addr.arpa.md5
           => ‘./domain/in-addr.arpa.md5’
==> CWD not required.
--> PASV

227 Entering Passive Mode (192,0,32,9,102,157)
--> RETR in-addr.arpa.md5

150 Opening BINARY mode data connection for in-addr.arpa.md5 (52 bytes).
Length: 52

     0K                                                       100%  793K=0s

226 Transfer complete.
2017-06-06 00:00:35 (793 KB/s) - ‘./domain/in-addr.arpa.md5’ saved [52]

Remote file is newer than local file ‘./domain/in-addr.arpa.sha256’ -- retrieving.

--2017-06-06 00:00:35--  ftp://ftp.internic.net/domain/in-addr.arpa.sha256
           => ‘./domain/in-addr.arpa.sha256’
==> CWD not required.
--> PASV

227 Entering Passive Mode (192,0,32,9,48,20)
--> RETR in-addr.arpa.sha256

150 Opening BINARY mode data connection for in-addr.arpa.sha256 (87 bytes).
Length: 87

     0K                                                       100%  965K=0s

226 Transfer complete.
2017-06-06 00:00:37 (965 KB/s) - ‘./domain/in-addr.arpa.sha256’ saved [87]

Remote file is newer than local file ‘./domain/in-addr.arpa.zone’ -- retrieving.

--2017-06-06 00:00:37--  ftp://ftp.internic.net/domain/in-addr.arpa.zone
           => ‘./domain/in-addr.arpa.zone’
==> CWD not required.
--> PASV

227 Entering Passive Mode (192,0,32,9,84,170)
--> RETR in-addr.arpa.zone

150 Opening BINARY mode data connection for in-addr.arpa.zone (228369 bytes).
Length: 228369 (223K)

     0K .......... .......... .......... .......... .......... 22% 60.8K 3s
    50K .......... .......... .......... .......... .......... 44%  181K 1s
   100K .......... .......... .......... .......... .......... 67% 1.54M 1s
   150K .......... .......... .......... .......... .......... 89%  191K 0s
   200K .......... .......... ...                             100% 1.14M=1.4s

226 Transfer complete.
2017-06-06 00:00:39 (158 KB/s) - ‘./domain/in-addr.arpa.zone’ saved [228369]

Remote file is newer than local file ‘./domain/in-addr.arpa.zone.gz’ -- retrieving.

--2017-06-06 00:00:39--  ftp://ftp.internic.net/domain/in-addr.arpa.zone.gz
           => ‘./domain/in-addr.arpa.zone.gz’
==> CWD not required.
--> PASV

227 Entering Passive Mode (192,0,32,9,52,58)
--> RETR in-addr.arpa.zone.gz

150 Opening BINARY mode data connection for in-addr.arpa.zone.gz (90200 bytes).
Length: 90200 (88K)

     0K .......... .......... .......... .......... .......... 56% 66.9K 1s
    50K .......... .......... .......... ........             100%  147K=1.0s

226 Transfer complete.
2017-06-06 00:00:41 (87.6 KB/s) - ‘./domain/in-addr.arpa.zone.gz’ saved [90200]

Remote file is newer than local file ‘./domain/in-addr.arpa.zone.gz.md5’ -- retrieving.

--2017-06-06 00:00:41--  ftp://ftp.internic.net/domain/in-addr.arpa.zone.gz.md5
           => ‘./domain/in-addr.arpa.zone.gz.md5’
==> CWD not required.
--> PASV

227 Entering Passive Mode (192,0,32,9,10,235)
--> RETR in-addr.arpa.zone.gz.md5

150 Opening BINARY mode data connection for in-addr.arpa.zone.gz.md5 (60 bytes).
Length: 60

     0K                                                       100%  256K=0s

226 Transfer complete.
2017-06-06 00:00:44 (256 KB/s) - ‘./domain/in-addr.arpa.zone.gz.md5’ saved [60]

Remote file is newer than local file ‘./domain/in-addr.arpa.zone.gz.sha256’ -- retrieving.

--2017-06-06 00:00:44--  ftp://ftp.internic.net/domain/in-addr.arpa.zone.gz.sha256
           => ‘./domain/in-addr.arpa.zone.gz.sha256’
==> CWD not required.
--> PASV

227 Entering Passive Mode (192,0,32,9,68,16)
--> RETR in-addr.arpa.zone.gz.sha256

150 Opening BINARY mode data connection for in-addr.arpa.zone.gz.sha256 (95 bytes).
Length: 95

     0K                                                       100% 1.31M=0s

226 Transfer complete.
2017-06-06 00:00:54 (1.31 MB/s) - ‘./domain/in-addr.arpa.zone.gz.sha256’ saved [95]

Remote file is newer than local file ‘./domain/in-addr.arpa.zone.md5’ -- retrieving.

--2017-06-06 00:00:54--  ftp://ftp.internic.net/domain/in-addr.arpa.zone.md5
           => ‘./domain/in-addr.arpa.zone.md5’
==> CWD not required.
--> PASV

227 Entering Passive Mode (192,0,32,9,93,153)
--> RETR in-addr.arpa.zone.md5

150 Opening BINARY mode data connection for in-addr.arpa.zone.md5 (57 bytes).
Length: 57

     0K                                                       100% 1.33M=0s

226 Transfer complete.
2017-06-06 00:00:56 (1.33 MB/s) - ‘./domain/in-addr.arpa.zone.md5’ saved [57]

Remote file is newer than local file ‘./domain/in-addr.arpa.zone.sha256’ -- retrieving.

--2017-06-06 00:00:56--  ftp://ftp.internic.net/domain/in-addr.arpa.zone.sha256
           => ‘./domain/in-addr.arpa.zone.sha256’
==> CWD not required.
--> PASV

227 Entering Passive Mode (192,0,32,9,41,146)
--> RETR in-addr.arpa.zone.sha256

150 Opening BINARY mode data connection for in-addr.arpa.zone.sha256 (92 bytes).
Length: 92

     0K                                                       100%  449K=0s

226 Transfer complete.
2017-06-06 00:01:00 (449 KB/s) - ‘./domain/in-addr.arpa.zone.sha256’ saved [92]

Remote file is newer than local file ‘./domain/ip6.arpa’ -- retrieving.

--2017-06-06 00:01:00--  ftp://ftp.internic.net/domain/ip6.arpa
           => ‘./domain/ip6.arpa’
==> CWD not required.
--> PASV

227 Entering Passive Mode (192,0,32,9,215,198)
--> RETR ip6.arpa

150 Opening BINARY mode data connection for ip6.arpa (61264 bytes).
Length: 61264 (60K)

     0K .......... .......... .......... .......... .......... 83% 56.7K 0s
    50K .........                                             100% 35.5K=1.2s

226 Transfer complete.
2017-06-06 00:01:02 (51.7 KB/s) - ‘./domain/ip6.arpa’ saved [61264]

Remote file is newer than local file ‘./domain/ip6.arpa.gz’ -- retrieving.

--2017-06-06 00:01:02--  ftp://ftp.internic.net/domain/ip6.arpa.gz
           => ‘./domain/ip6.arpa.gz’
==> CWD not required.
--> PASV

227 Entering Passive Mode (192,0,32,9,82,195)
--> RETR ip6.arpa.gz

150 Opening BINARY mode data connection for ip6.arpa.gz (24255 bytes).
Length: 24255 (24K)

     0K .......... .......... ...                             100% 76.3K=0.3s

226 Transfer complete.
2017-06-06 00:01:04 (76.3 KB/s) - ‘./domain/ip6.arpa.gz’ saved [24255]

Remote file is newer than local file ‘./domain/ip6.arpa.gz.md5’ -- retrieving.

--2017-06-06 00:01:04--  ftp://ftp.internic.net/domain/ip6.arpa.gz.md5
           => ‘./domain/ip6.arpa.gz.md5’
==> CWD not required.
--> PASV

227 Entering Passive Mode (192,0,32,9,41,72)
--> RETR ip6.arpa.gz.md5

150 Opening BINARY mode data connection for ip6.arpa.gz.md5 (51 bytes).
Length: 51

     0K                                                       100%  607K=0s

226 Transfer complete.
2017-06-06 00:01:05 (607 KB/s) - ‘./domain/ip6.arpa.gz.md5’ saved [51]

Remote file is newer than local file ‘./domain/ip6.arpa.gz.sha256’ -- retrieving.

--2017-06-06 00:01:05--  ftp://ftp.internic.net/domain/ip6.arpa.gz.sha256
           => ‘./domain/ip6.arpa.gz.sha256’
==> CWD not required.
--> PASV

227 Entering Passive Mode (192,0,32,9,6,93)
--> RETR ip6.arpa.gz.sha256

150 Opening BINARY mode data connection for ip6.arpa.gz.sha256 (86 bytes).
Length: 86

     0K                                                       100%  311K=0s

226 Transfer complete.
2017-06-06 00:01:07 (311 KB/s) - ‘./domain/ip6.arpa.gz.sha256’ saved [86]

Remote file is newer than local file ‘./domain/ip6.arpa.md5’ -- retrieving.

--2017-06-06 00:01:07--  ftp://ftp.internic.net/domain/ip6.arpa.md5
           => ‘./domain/ip6.arpa.md5’
==> CWD not required.
--> PASV

227 Entering Passive Mode (192,0,32,9,233,194)
--> RETR ip6.arpa.md5

150 Opening BINARY mode data connection for ip6.arpa.md5 (48 bytes).
Length: 48

     0K                                                       100%  315K=0s

226 Transfer complete.
2017-06-06 00:01:09 (315 KB/s) - ‘./domain/ip6.arpa.md5’ saved [48]

Remote file is newer than local file ‘./domain/ip6.arpa.sha256’ -- retrieving.

--2017-06-06 00:01:09--  ftp://ftp.internic.net/domain/ip6.arpa.sha256
           => ‘./domain/ip6.arpa.sha256’
==> CWD not required.
--> PASV

227 Entering Passive Mode (192,0,32,9,122,187)
--> RETR ip6.arpa.sha256

150 Opening BINARY mode data connection for ip6.arpa.sha256 (83 bytes).
Length: 83

     0K                                                       100%  648K=0s

226 Transfer complete.
2017-06-06 00:01:11 (648 KB/s) - ‘./domain/ip6.arpa.sha256’ saved [83]

Remote file is newer than local file ‘./domain/ip6.arpa.zone’ -- retrieving.

--2017-06-06 00:01:11--  ftp://ftp.internic.net/domain/ip6.arpa.zone
           => ‘./domain/ip6.arpa.zone’
==> CWD not required.
--> PASV

227 Entering Passive Mode (192,0,32,9,146,195)
--> RETR ip6.arpa.zone

150 Opening BINARY mode data connection for ip6.arpa.zone (61264 bytes).
Length: 61264 (60K)

     0K .......... .......... .......... .......... .......... 83% 45.3K 0s
    50K .........                                             100% 34.7K=1.4s

226 Transfer complete.
2017-06-06 00:01:14 (43.1 KB/s) - ‘./domain/ip6.arpa.zone’ saved [61264]

Remote file is newer than local file ‘./domain/ip6.arpa.zone.gz’ -- retrieving.

--2017-06-06 00:01:14--  ftp://ftp.internic.net/domain/ip6.arpa.zone.gz
           => ‘./domain/ip6.arpa.zone.gz’
==> CWD not required.
--> PASV

227 Entering Passive Mode (192,0,32,9,42,84)
--> RETR ip6.arpa.zone.gz

150 Opening BINARY mode data connection for ip6.arpa.zone.gz (24255 bytes).
Length: 24255 (24K)

     0K .......... .......... ...                             100% 58.2K=0.4s

226 Transfer complete.
2017-06-06 00:01:16 (58.2 KB/s) - ‘./domain/ip6.arpa.zone.gz’ saved [24255]

Remote file is newer than local file ‘./domain/ip6.arpa.zone.gz.md5’ -- retrieving.

--2017-06-06 00:01:16--  ftp://ftp.internic.net/domain/ip6.arpa.zone.gz.md5
           => ‘./domain/ip6.arpa.zone.gz.md5’
==> CWD not required.
--> PASV

227 Entering Passive Mode (192,0,32,9,144,49)
--> RETR ip6.arpa.zone.gz.md5

150 Opening BINARY mode data connection for ip6.arpa.zone.gz.md5 (56 bytes).
Length: 56

     0K                                                       100% 1.09M=0s

226 Transfer complete.
2017-06-06 00:01:18 (1.09 MB/s) - ‘./domain/ip6.arpa.zone.gz.md5’ saved [56]

Remote file is newer than local file ‘./domain/ip6.arpa.zone.gz.sha256’ -- retrieving.

--2017-06-06 00:01:18--  ftp://ftp.internic.net/domain/ip6.arpa.zone.gz.sha256
           => ‘./domain/ip6.arpa.zone.gz.sha256’
==> CWD not required.
--> PASV

227 Entering Passive Mode (192,0,32,9,81,197)
--> RETR ip6.arpa.zone.gz.sha256

150 Opening BINARY mode data connection for ip6.arpa.zone.gz.sha256 (91 bytes).
Length: 91

     0K                                                       100% 1.42M=0s

226 Transfer complete.
2017-06-06 00:01:20 (1.42 MB/s) - ‘./domain/ip6.arpa.zone.gz.sha256’ saved [91]

Remote file is newer than local file ‘./domain/ip6.arpa.zone.md5’ -- retrieving.

--2017-06-06 00:01:20--  ftp://ftp.internic.net/domain/ip6.arpa.zone.md5
           => ‘./domain/ip6.arpa.zone.md5’
==> CWD not required.
--> PASV

227 Entering Passive Mode (192,0,32,9,252,210)
--> RETR ip6.arpa.zone.md5

150 Opening BINARY mode data connection for ip6.arpa.zone.md5 (53 bytes).
Length: 53

     0K                                                       100% 5.16K=0.01s

226 Transfer complete.
2017-06-06 00:01:22 (5.16 KB/s) - ‘./domain/ip6.arpa.zone.md5’ saved [53]

Remote file is newer than local file ‘./domain/ip6.arpa.zone.sha256’ -- retrieving.

--2017-06-06 00:01:22--  ftp://ftp.internic.net/domain/ip6.arpa.zone.sha256
           => ‘./domain/ip6.arpa.zone.sha256’
==> CWD not required.
--> PASV

227 Entering Passive Mode (192,0,32,9,53,113)
--> RETR ip6.arpa.zone.sha256

150 Opening BINARY mode data connection for ip6.arpa.zone.sha256 (88 bytes).
Length: 88

     0K                                                       100% 37.6K=0.002s

226 Transfer complete.
2017-06-06 00:01:24 (37.6 KB/s) - ‘./domain/ip6.arpa.zone.sha256’ saved [88]

Remote file is newer than local file ‘./domain/last_update.txt’ -- retrieving.

--2017-06-06 00:01:24--  ftp://ftp.internic.net/domain/last_update.txt
           => ‘./domain/last_update.txt’
==> CWD not required.
--> PASV

227 Entering Passive Mode (192,0,32,9,120,51)
--> RETR last_update.txt

150 Opening BINARY mode data connection for last_update.txt (21 bytes).
Length: 21

     0K                                                       100%  427K=0s

226 Transfer complete.
2017-06-06 00:01:25 (427 KB/s) - ‘./domain/last_update.txt’ saved [21]

Remote file no newer than local file ‘./domain/named.cache’ -- not retrieving.
Remote file no newer than local file ‘./domain/named.cache.md5’ -- not retrieving.
Remote file no newer than local file ‘./domain/named.cache.sig’ -- not retrieving.
Remote file no newer than local file ‘./domain/named.root’ -- not retrieving.
Remote file no newer than local file ‘./domain/named.root.md5’ -- not retrieving.
Remote file no newer than local file ‘./domain/named.root.sig’ -- not retrieving.
Remote file no newer than local file ‘./domain/root-servers.net.zone’ -- not retrieving.
Remote file no newer than local file ‘./domain/root-servers.net.zone.gz’ -- not retrieving.
Remote file no newer than local file ‘./domain/root-servers.net.zone.gz.md5’ -- not retrieving.
Remote file no newer than local file ‘./domain/root-servers.net.zone.gz.sig’ -- not retrieving.
Remote file is newer than local file ‘./domain/root.zone’ -- retrieving.

--2017-06-06 00:01:25--  ftp://ftp.internic.net/domain/root.zone
           => ‘./domain/root.zone’
==> CWD not required.
--> PASV

227 Entering Passive Mode (192,0,32,9,102,56)
--> RETR root.zone

150 Opening BINARY mode data connection for root.zone (2237298 bytes).
Length: 2237298 (2.1M)

     0K .......... .......... .......... .......... ..........  2% 40.5K 53s
    50K .......... .......... .......... .......... ..........  4% 40.7K 51s
   100K .......... .......... .......... .......... ..........  6% 40.6K 50s
   150K .......... .......... .......... .......... ..........  9% 40.7K 49s
   200K .......... .......... .......... .......... .......... 11% 40.7K 48s
   250K .......... .......... .......... .......... .......... 13% 40.7K 46s
   300K .......... .......... .......... .......... .......... 16% 40.8K 45s
   350K .......... .......... .......... .......... .......... 18% 40.6K 44s
   400K .......... .......... .......... .......... .......... 20% 40.7K 43s
   450K .......... .......... .......... .......... .......... 22% 40.7K 41s
   500K .......... .......... .......... .......... .......... 25% 30.5K 41s
   550K .......... .......... .......... .......... .......... 27% 37.3K 40s
   600K .......... .......... .......... .......... .......... 29%  100K 37s
   650K .......... .......... .......... .......... .......... 32%  122K 34s
   700K .......... .......... .......... .......... .......... 34%  158K 32s
   750K .......... .......... .......... .......... .......... 36% 1.47M 29s
   800K .......... .......... .......... .......... .......... 38%  105K 27s
   850K .......... .......... .......... .......... .......... 41% 4.85M 24s
   900K .......... .......... .......... .......... .......... 43% 6.23M 22s
   950K .......... .......... .......... .......... .......... 45%  125K 21s
  1000K .......... .......... .......... .......... .......... 48% 2.81M 19s
  1050K .......... .......... .......... .......... .......... 50% 16.4M 17s
  1100K .......... .......... .......... .......... .......... 52%  133K 16s
  1150K .......... .......... .......... .......... .......... 54% 4.90M 15s
  1200K .......... .......... .......... .......... .......... 57% 6.62M 13s
  1250K .......... .......... .......... .......... .......... 59% 6.38M 12s
  1300K .......... .......... .......... .......... .......... 61% 6.55M 11s
  1350K .......... .......... .......... .......... .......... 64% 3.32M 10s
  1400K .......... .......... .......... .......... .......... 66%  180K 9s
  1450K .......... .......... .......... .......... .......... 68% 2.00M 8s
  1500K .......... .......... .......... .......... .......... 70% 1.99M 7s
  1550K .......... .......... .......... .......... .......... 73% 1.37M 7s
  1600K .......... .......... .......... .......... .......... 75% 1.99M 6s
  1650K .......... .......... .......... .......... .......... 77% 1.82M 5s
  1700K .......... .......... .......... .......... .......... 80% 1.48M 5s
  1750K .......... .......... .......... .......... .......... 82% 1.46M 4s
  1800K .......... .......... .......... .......... .......... 84%  564K 3s
  1850K .......... .......... .......... .......... .......... 86% 1.13M 3s
  1900K .......... .......... .......... .......... .......... 89% 1.47M 2s
  1950K .......... .......... .......... .......... .......... 91% 1.79M 2s
  2000K .......... .......... .......... .......... .......... 93% 2.62M 1s
  2050K .......... .......... .......... .......... .......... 96% 1.82M 1s
  2100K .......... .......... .......... .......... .......... 98% 1.72M 0s
  2150K .......... .......... .......... ....                 100% 2.04M=19s

226 Transfer complete.
2017-06-06 00:01:46 (117 KB/s) - ‘./domain/root.zone’ saved [2237298]

The sizes do not match (local 1050470) -- retrieving.

--2017-06-06 00:01:46--  ftp://ftp.internic.net/domain/root.zone.gz
           => ‘./domain/root.zone.gz’
==> CWD not required.
--> PASV

227 Entering Passive Mode (192,0,32,9,114,172)
--> RETR root.zone.gz

150 Opening BINARY mode data connection for root.zone.gz (1050558 bytes).
Length: 1050558 (1.0M)

     0K .......... .......... .......... .......... ..........  4% 44.6K 22s
    50K .......... .......... .......... .......... ..........  9% 60.9K 18s
   100K .......... .......... .......... .......... .......... 14%  118K 14s
   150K .......... .......... .......... .......... .......... 19% 73.0K 13s
   200K .......... .......... .......... .......... .......... 24% 4.31M 10s
   250K .......... .......... .......... .......... .......... 29%  156K 8s
   300K .......... .......... .......... .......... .......... 34% 82.6M 7s
   350K .......... .......... .......... .......... .......... 38%  147K 6s
   400K .......... .......... .......... .......... .......... 43% 40.3M 5s
   450K .......... .......... .......... .......... .......... 48% 62.7M 4s
   500K .......... .......... .......... .......... .......... 53%  175K 3s
   550K .......... .......... .......... .......... .......... 58%  124K 3s
   600K .......... .......... .......... .......... .......... 63%  126K 3s
   650K .......... .......... .......... .......... .......... 68% 5.48M 2s
   700K .......... .......... .......... .......... .......... 73%  161K 2s
   750K .......... .......... .......... .......... .......... 77%  172K 2s
   800K .......... .......... .......... .......... .......... 82% 2.37M 1s
   850K .......... .......... .......... .......... .......... 87%  170K 1s
   900K .......... .......... .......... .......... .......... 92%  166K 0s
   950K .......... .......... .......... .......... .......... 97% 3.47M 0s
  1000K .......... .......... .....                           100% 89.2K=6.3s

226 Transfer complete.
2017-06-06 00:01:54 (162 KB/s) - ‘./domain/root.zone.gz’ saved [1050558]

Remote file is newer than local file ‘./domain/root.zone.gz.md5’ -- retrieving.

--2017-06-06 00:01:54--  ftp://ftp.internic.net/domain/root.zone.gz.md5
           => ‘./domain/root.zone.gz.md5’
==> CWD not required.
--> PASV

227 Entering Passive Mode (192,0,32,9,31,84)
--> RETR root.zone.gz.md5

150 Opening BINARY mode data connection for root.zone.gz.md5 (33 bytes).
Length: 33

     0K                                                       100%  375K=0s

226 Transfer complete.
2017-06-06 00:01:55 (375 KB/s) - ‘./domain/root.zone.gz.md5’ saved [33]

Remote file is newer than local file ‘./domain/root.zone.gz.sig’ -- retrieving.

--2017-06-06 00:01:55--  ftp://ftp.internic.net/domain/root.zone.gz.sig
           => ‘./domain/root.zone.gz.sig’
==> CWD not required.
--> PASV

227 Entering Passive Mode (192,0,32,9,229,27)
--> RETR root.zone.gz.sig

150 Opening BINARY mode data connection for root.zone.gz.sig (72 bytes).
Length: 72

     0K                                                       100%  732K=0s

226 Transfer complete.
2017-06-06 00:01:56 (732 KB/s) - ‘./domain/root.zone.gz.sig’ saved [72]

Remote file is newer than local file ‘./domain/root.zone.md5’ -- retrieving.

--2017-06-06 00:01:56--  ftp://ftp.internic.net/domain/root.zone.md5
           => ‘./domain/root.zone.md5’
==> CWD not required.
--> PASV

227 Entering Passive Mode (192,0,32,9,205,198)
--> RETR root.zone.md5

150 Opening BINARY mode data connection for root.zone.md5 (33 bytes).
Length: 33

     0K                                                       100%  354K=0s

226 Transfer complete.
2017-06-06 00:01:58 (354 KB/s) - ‘./domain/root.zone.md5’ saved [33]

Remote file is newer than local file ‘./domain/root.zone.sig’ -- retrieving.

--2017-06-06 00:01:58--  ftp://ftp.internic.net/domain/root.zone.sig
           => ‘./domain/root.zone.sig’
==> CWD not required.
--> PASV

227 Entering Passive Mode (192,0,32,9,249,125)
--> RETR root.zone.sig

150 Opening BINARY mode data connection for root.zone.sig (72 bytes).
Length: 72

     0K                                                       100%  717K=0s

226 Transfer complete.
2017-06-06 00:01:59 (717 KB/s) - ‘./domain/root.zone.sig’ saved [72]

FINISHED --2017-06-06 00:01:59--
Total wall clock time: 1m 57s
Downloaded: 40 files, 3.9M in 35s (115 KB/s)
