--2017-07-06 00:00:03--  ftp://ftp.internic.net/*
           => ‘./.listing’
Resolving ftp.internic.net (ftp.internic.net)... 192.0.32.9, 2620:0:2d0:200::9
Connecting to ftp.internic.net (ftp.internic.net)|192.0.32.9|:21... connected.
Logging in as anonymous ... 
220 Internic FTP Server
--> USER anonymous

331 Please specify the password.
--> PASS Turtle Power!

230 Login successful.
--> SYST

215 UNIX Type: L8
--> PWD

257 "/"
--> TYPE I

200 Switching to Binary mode.
==> CWD not needed.
--> PASV

227 Entering Passive Mode (192,0,32,9,70,216)
--> LIST -a

150 Here comes the directory listing.

     0K                                                         418K=0s

226 Directory send OK.
drwxr-xr-x    3 ftp      ftp          4096 Apr 04  2012 .
drwxr-xr-x    3 ftp      ftp          4096 Apr 04  2012 ..
drwxr-xr-x    2 ftp      ftp          4096 Sep 09  2015 domain
2017-07-06 00:00:06 (418 KB/s) - ‘./.listing’ saved [183]

--2017-07-06 00:00:06--  ftp://ftp.internic.net/domain/*
           => ‘./domain/.listing’
--> CWD /domain

250 Directory successfully changed.
--> PASV

227 Entering Passive Mode (192,0,32,9,42,49)
--> LIST -a

150 Here comes the directory listing.

     0K ...                                                    83.3M=0s

226 Directory send OK.
drwxr-xr-x    2 ftp      ftp          4096 Sep 09  2015 .
drwxr-xr-x    3 ftp      ftp          4096 Apr 04  2012 ..
-rw-r--r--    1 ftp      ftp          1829 Aug 18  2015 .listing
-rw-r--r--    1 ftp      ftp          1224 Jul 05 13:06 INTERNIC_ROOT_ZONE.signatures
-rw-r--r--    1 ftp      ftp          1469 Jul 05 13:06 INTERNIC_ROOT_ZONE.signatures.asc
-rw-r--r--    1 ftp      ftp         15438 Jul 05 13:06 arpa.zone
-rw-r--r--    1 ftp      ftp          6779 Jul 05 13:06 arpa.zone.gz
-rw-r--r--    1 ftp      ftp            33 Jul 05 13:06 arpa.zone.gz.md5
-rw-r--r--    1 ftp      ftp            72 Jul 05 13:06 arpa.zone.gz.sig
-rw-r--r--    1 ftp      ftp          3289 Jun 01 15:27 db.cache
-rw-r--r--    1 ftp      ftp            33 Jun 01 15:27 db.cache.md5
-rw-r--r--    1 ftp      ftp            72 Jun 01 15:27 db.cache.sig
-rw-r--r--    1 ftp      ftp        228753 Jul 05 15:40 in-addr.arpa
-rw-r--r--    1 ftp      ftp         90617 Jul 05 15:40 in-addr.arpa.gz
-rw-r--r--    1 ftp      ftp            55 Jul 05 15:40 in-addr.arpa.gz.md5
-rw-r--r--    1 ftp      ftp            90 Jul 05 15:40 in-addr.arpa.gz.sha256
-rw-r--r--    1 ftp      ftp            52 Jul 05 15:40 in-addr.arpa.md5
-rw-r--r--    1 ftp      ftp            87 Jul 05 15:40 in-addr.arpa.sha256
-rw-r--r--    1 ftp      ftp        228753 Jul 05 15:40 in-addr.arpa.zone
-rw-r--r--    1 ftp      ftp         90617 Jul 05 15:40 in-addr.arpa.zone.gz
-rw-r--r--    1 ftp      ftp            60 Jul 05 15:40 in-addr.arpa.zone.gz.md5
-rw-r--r--    1 ftp      ftp            95 Jul 05 15:40 in-addr.arpa.zone.gz.sha256
-rw-r--r--    1 ftp      ftp            57 Jul 05 15:40 in-addr.arpa.zone.md5
-rw-r--r--    1 ftp      ftp            92 Jul 05 15:40 in-addr.arpa.zone.sha256
-rw-r--r--    1 ftp      ftp         61264 Jul 05 15:40 ip6.arpa
-rw-r--r--    1 ftp      ftp         24325 Jul 05 15:40 ip6.arpa.gz
-rw-r--r--    1 ftp      ftp            51 Jul 05 15:40 ip6.arpa.gz.md5
-rw-r--r--    1 ftp      ftp            86 Jul 05 15:40 ip6.arpa.gz.sha256
-rw-r--r--    1 ftp      ftp            48 Jul 05 15:40 ip6.arpa.md5
-rw-r--r--    1 ftp      ftp            83 Jul 05 15:40 ip6.arpa.sha256
-rw-r--r--    1 ftp      ftp         61264 Jul 05 15:40 ip6.arpa.zone
-rw-r--r--    1 ftp      ftp         24325 Jul 05 15:40 ip6.arpa.zone.gz
-rw-r--r--    1 ftp      ftp            56 Jul 05 15:40 ip6.arpa.zone.gz.md5
-rw-r--r--    1 ftp      ftp            91 Jul 05 15:40 ip6.arpa.zone.gz.sha256
-rw-r--r--    1 ftp      ftp            53 Jul 05 15:40 ip6.arpa.zone.md5
-rw-r--r--    1 ftp      ftp            88 Jul 05 15:40 ip6.arpa.zone.sha256
-rw-r--r--    1 ftp      ftp            21 Jul 05 15:40 last_update.txt
-rw-r--r--    1 ftp      ftp          3289 Jun 01 15:27 named.cache
-rw-r--r--    1 ftp      ftp            33 Jun 01 15:27 named.cache.md5
-rw-r--r--    1 ftp      ftp            72 Jun 01 15:27 named.cache.sig
-rw-r--r--    1 ftp      ftp          3289 Jun 01 15:27 named.root
-rw-r--r--    1 ftp      ftp            33 Jun 01 15:27 named.root.md5
-rw-r--r--    1 ftp      ftp            72 Jun 01 15:27 named.root.sig
-rw-r--r--    1 ftp      ftp          2111 Jun 01 15:27 root-servers.net.zone
-rw-r--r--    1 ftp      ftp           575 Jun 01 15:27 root-servers.net.zone.gz
-rw-r--r--    1 ftp      ftp            33 Jun 01 15:27 root-servers.net.zone.gz.md5
-rw-r--r--    1 ftp      ftp            72 Jun 01 15:27 root-servers.net.zone.gz.sig
-rw-r--r--    1 ftp      ftp       2258848 Jul 05 05:23 root.zone
-rw-r--r--    1 ftp      ftp       1060407 Jul 05 05:23 root.zone.gz
-rw-r--r--    1 ftp      ftp            33 Jul 05 05:23 root.zone.gz.md5
-rw-r--r--    1 ftp      ftp            72 Jul 05 05:23 root.zone.gz.sig
-rw-r--r--    1 ftp      ftp            33 Jul 05 05:23 root.zone.md5
-rw-r--r--    1 ftp      ftp            72 Jul 05 05:23 root.zone.sig
2017-07-06 00:00:08 (83.3 MB/s) - ‘./domain/.listing’ saved [3930]

The sizes do not match (local 3930) -- retrieving.

--2017-07-06 00:00:08--  ftp://ftp.internic.net/domain/.listing
           => ‘./domain/.listing’
==> CWD not required.
--> PASV

227 Entering Passive Mode (192,0,32,9,92,183)
--> RETR .listing

150 Opening BINARY mode data connection for .listing (1829 bytes).
Length: 1829 (1.8K)

     0K .                                                     100% 1010K=0.002s

226 Transfer complete.
2017-07-06 00:00:09 (1010 KB/s) - ‘./domain/.listing’ saved [1829]

Remote file is newer than local file ‘./domain/INTERNIC_ROOT_ZONE.signatures’ -- retrieving.

--2017-07-06 00:00:09--  ftp://ftp.internic.net/domain/INTERNIC_ROOT_ZONE.signatures
           => ‘./domain/INTERNIC_ROOT_ZONE.signatures’
==> CWD not required.
--> PASV

227 Entering Passive Mode (192,0,32,9,70,18)
--> RETR INTERNIC_ROOT_ZONE.signatures

150 Opening BINARY mode data connection for INTERNIC_ROOT_ZONE.signatures (1224 bytes).
Length: 1224 (1.2K)

     0K .                                                     100% 27.1M=0s

226 Transfer complete.
2017-07-06 00:00:10 (27.1 MB/s) - ‘./domain/INTERNIC_ROOT_ZONE.signatures’ saved [1224]

Remote file is newer than local file ‘./domain/INTERNIC_ROOT_ZONE.signatures.asc’ -- retrieving.

--2017-07-06 00:00:10--  ftp://ftp.internic.net/domain/INTERNIC_ROOT_ZONE.signatures.asc
           => ‘./domain/INTERNIC_ROOT_ZONE.signatures.asc’
==> CWD not required.
--> PASV

227 Entering Passive Mode (192,0,32,9,198,210)
--> RETR INTERNIC_ROOT_ZONE.signatures.asc

150 Opening BINARY mode data connection for INTERNIC_ROOT_ZONE.signatures.asc (1469 bytes).
Length: 1469 (1.4K)

     0K .                                                     100% 10.1M=0s

226 Transfer complete.
2017-07-06 00:00:11 (10.1 MB/s) - ‘./domain/INTERNIC_ROOT_ZONE.signatures.asc’ saved [1469]

Remote file is newer than local file ‘./domain/arpa.zone’ -- retrieving.

--2017-07-06 00:00:11--  ftp://ftp.internic.net/domain/arpa.zone
           => ‘./domain/arpa.zone’
==> CWD not required.
--> PASV

227 Entering Passive Mode (192,0,32,9,163,13)
--> RETR arpa.zone

150 Opening BINARY mode data connection for arpa.zone (15438 bytes).
Length: 15438 (15K)

     0K .......... .....                                      100% 1.68M=0.009s

226 Transfer complete.
2017-07-06 00:00:12 (1.68 MB/s) - ‘./domain/arpa.zone’ saved [15438]

The sizes do not match (local 6775) -- retrieving.

--2017-07-06 00:00:12--  ftp://ftp.internic.net/domain/arpa.zone.gz
           => ‘./domain/arpa.zone.gz’
==> CWD not required.
--> PASV

227 Entering Passive Mode (192,0,32,9,42,49)
--> RETR arpa.zone.gz

150 Opening BINARY mode data connection for arpa.zone.gz (6779 bytes).
Length: 6779 (6.6K)

     0K ......                                                100% 1.83M=0.004s

226 Transfer complete.
2017-07-06 00:00:13 (1.83 MB/s) - ‘./domain/arpa.zone.gz’ saved [6779]

Remote file is newer than local file ‘./domain/arpa.zone.gz.md5’ -- retrieving.

--2017-07-06 00:00:13--  ftp://ftp.internic.net/domain/arpa.zone.gz.md5
           => ‘./domain/arpa.zone.gz.md5’
==> CWD not required.
--> PASV

227 Entering Passive Mode (192,0,32,9,19,200)
--> RETR arpa.zone.gz.md5

150 Opening BINARY mode data connection for arpa.zone.gz.md5 (33 bytes).
Length: 33

     0K                                                       100%  749K=0s

226 Transfer complete.
2017-07-06 00:00:14 (749 KB/s) - ‘./domain/arpa.zone.gz.md5’ saved [33]

Remote file is newer than local file ‘./domain/arpa.zone.gz.sig’ -- retrieving.

--2017-07-06 00:00:14--  ftp://ftp.internic.net/domain/arpa.zone.gz.sig
           => ‘./domain/arpa.zone.gz.sig’
==> CWD not required.
--> PASV

227 Entering Passive Mode (192,0,32,9,103,217)
--> RETR arpa.zone.gz.sig

150 Opening BINARY mode data connection for arpa.zone.gz.sig (72 bytes).
Length: 72

     0K                                                       100% 1.56M=0s

226 Transfer complete.
2017-07-06 00:00:15 (1.56 MB/s) - ‘./domain/arpa.zone.gz.sig’ saved [72]

Remote file no newer than local file ‘./domain/db.cache’ -- not retrieving.
Remote file no newer than local file ‘./domain/db.cache.md5’ -- not retrieving.
Remote file no newer than local file ‘./domain/db.cache.sig’ -- not retrieving.
Remote file is newer than local file ‘./domain/in-addr.arpa’ -- retrieving.

--2017-07-06 00:00:15--  ftp://ftp.internic.net/domain/in-addr.arpa
           => ‘./domain/in-addr.arpa’
==> CWD not required.
--> PASV

227 Entering Passive Mode (192,0,32,9,241,160)
--> RETR in-addr.arpa

150 Opening BINARY mode data connection for in-addr.arpa (228753 bytes).
Length: 228753 (223K)

     0K .......... .......... .......... .......... .......... 22% 80.4K 2s
    50K .......... .......... .......... .......... .......... 44%  166K 1s
   100K .......... .......... .......... .......... .......... 67% 14.5M 0s
   150K .......... .......... .......... .......... .......... 89%  162K 0s
   200K .......... .......... ...                             100% 36.5M=1.2s

226 Transfer complete.
2017-07-06 00:00:18 (181 KB/s) - ‘./domain/in-addr.arpa’ saved [228753]

Remote file is newer than local file ‘./domain/in-addr.arpa.gz’ -- retrieving.

--2017-07-06 00:00:18--  ftp://ftp.internic.net/domain/in-addr.arpa.gz
           => ‘./domain/in-addr.arpa.gz’
==> CWD not required.
--> PASV

227 Entering Passive Mode (192,0,32,9,233,13)
--> RETR in-addr.arpa.gz

150 Opening BINARY mode data connection for in-addr.arpa.gz (90617 bytes).
Length: 90617 (88K)

     0K .......... .......... .......... .......... .......... 56% 81.5K 0s
    50K .......... .......... .......... ........             100% 28.7M=0.6s

226 Transfer complete.
2017-07-06 00:00:19 (144 KB/s) - ‘./domain/in-addr.arpa.gz’ saved [90617]

Remote file is newer than local file ‘./domain/in-addr.arpa.gz.md5’ -- retrieving.

--2017-07-06 00:00:19--  ftp://ftp.internic.net/domain/in-addr.arpa.gz.md5
           => ‘./domain/in-addr.arpa.gz.md5’
==> CWD not required.
--> PASV

227 Entering Passive Mode (192,0,32,9,10,4)
--> RETR in-addr.arpa.gz.md5

150 Opening BINARY mode data connection for in-addr.arpa.gz.md5 (55 bytes).
Length: 55

     0K                                                       100%  451K=0s

226 Transfer complete.
2017-07-06 00:00:21 (451 KB/s) - ‘./domain/in-addr.arpa.gz.md5’ saved [55]

Remote file is newer than local file ‘./domain/in-addr.arpa.gz.sha256’ -- retrieving.

--2017-07-06 00:00:21--  ftp://ftp.internic.net/domain/in-addr.arpa.gz.sha256
           => ‘./domain/in-addr.arpa.gz.sha256’
==> CWD not required.
--> PASV

227 Entering Passive Mode (192,0,32,9,42,161)
--> RETR in-addr.arpa.gz.sha256

150 Opening BINARY mode data connection for in-addr.arpa.gz.sha256 (90 bytes).
Length: 90

     0K                                                       100% 1.13M=0s

226 Transfer complete.
2017-07-06 00:00:22 (1.13 MB/s) - ‘./domain/in-addr.arpa.gz.sha256’ saved [90]

Remote file is newer than local file ‘./domain/in-addr.arpa.md5’ -- retrieving.

--2017-07-06 00:00:22--  ftp://ftp.internic.net/domain/in-addr.arpa.md5
           => ‘./domain/in-addr.arpa.md5’
==> CWD not required.
--> PASV

227 Entering Passive Mode (192,0,32,9,48,46)
--> RETR in-addr.arpa.md5

150 Opening BINARY mode data connection for in-addr.arpa.md5 (52 bytes).
Length: 52

     0K                                                       100%  434K=0s

226 Transfer complete.
2017-07-06 00:00:23 (434 KB/s) - ‘./domain/in-addr.arpa.md5’ saved [52]

Remote file is newer than local file ‘./domain/in-addr.arpa.sha256’ -- retrieving.

--2017-07-06 00:00:23--  ftp://ftp.internic.net/domain/in-addr.arpa.sha256
           => ‘./domain/in-addr.arpa.sha256’
==> CWD not required.
--> PASV

227 Entering Passive Mode (192,0,32,9,19,136)
--> RETR in-addr.arpa.sha256

150 Opening BINARY mode data connection for in-addr.arpa.sha256 (87 bytes).
Length: 87

     0K                                                       100%  410K=0s

226 Transfer complete.
2017-07-06 00:00:24 (410 KB/s) - ‘./domain/in-addr.arpa.sha256’ saved [87]

Remote file is newer than local file ‘./domain/in-addr.arpa.zone’ -- retrieving.

--2017-07-06 00:00:25--  ftp://ftp.internic.net/domain/in-addr.arpa.zone
           => ‘./domain/in-addr.arpa.zone’
==> CWD not required.
--> PASV

227 Entering Passive Mode (192,0,32,9,139,80)
--> RETR in-addr.arpa.zone

150 Opening BINARY mode data connection for in-addr.arpa.zone (228753 bytes).
Length: 228753 (223K)

     0K .......... .......... .......... .......... .......... 22% 80.4K 2s
    50K .......... .......... .......... .......... .......... 44%  166K 1s
   100K .......... .......... .......... .......... .......... 67% 3.94M 0s
   150K .......... .......... .......... .......... .......... 89%  162K 0s
   200K .......... .......... ...                             100% 51.3M=1.2s

226 Transfer complete.
2017-07-06 00:00:28 (180 KB/s) - ‘./domain/in-addr.arpa.zone’ saved [228753]

Remote file is newer than local file ‘./domain/in-addr.arpa.zone.gz’ -- retrieving.

--2017-07-06 00:00:28--  ftp://ftp.internic.net/domain/in-addr.arpa.zone.gz
           => ‘./domain/in-addr.arpa.zone.gz’
==> CWD not required.
--> PASV

227 Entering Passive Mode (192,0,32,9,179,231)
--> RETR in-addr.arpa.zone.gz

150 Opening BINARY mode data connection for in-addr.arpa.zone.gz (90617 bytes).
Length: 90617 (88K)

     0K .......... .......... .......... .......... .......... 56% 94.8K 0s
    50K .......... .......... .......... ........             100% 1.30M=0.6s

226 Transfer complete.
2017-07-06 00:00:29 (159 KB/s) - ‘./domain/in-addr.arpa.zone.gz’ saved [90617]

Remote file is newer than local file ‘./domain/in-addr.arpa.zone.gz.md5’ -- retrieving.

--2017-07-06 00:00:29--  ftp://ftp.internic.net/domain/in-addr.arpa.zone.gz.md5
           => ‘./domain/in-addr.arpa.zone.gz.md5’
==> CWD not required.
--> PASV

227 Entering Passive Mode (192,0,32,9,41,232)
--> RETR in-addr.arpa.zone.gz.md5

150 Opening BINARY mode data connection for in-addr.arpa.zone.gz.md5 (60 bytes).
Length: 60

     0K                                                       100% 70.0K=0.001s

226 Transfer complete.
2017-07-06 00:00:30 (70.0 KB/s) - ‘./domain/in-addr.arpa.zone.gz.md5’ saved [60]

Remote file is newer than local file ‘./domain/in-addr.arpa.zone.gz.sha256’ -- retrieving.

--2017-07-06 00:00:30--  ftp://ftp.internic.net/domain/in-addr.arpa.zone.gz.sha256
           => ‘./domain/in-addr.arpa.zone.gz.sha256’
==> CWD not required.
--> PASV

227 Entering Passive Mode (192,0,32,9,146,249)
--> RETR in-addr.arpa.zone.gz.sha256

150 Opening BINARY mode data connection for in-addr.arpa.zone.gz.sha256 (95 bytes).
Length: 95

     0K                                                       100%  347K=0s

226 Transfer complete.
2017-07-06 00:00:31 (347 KB/s) - ‘./domain/in-addr.arpa.zone.gz.sha256’ saved [95]

Remote file is newer than local file ‘./domain/in-addr.arpa.zone.md5’ -- retrieving.

--2017-07-06 00:00:31--  ftp://ftp.internic.net/domain/in-addr.arpa.zone.md5
           => ‘./domain/in-addr.arpa.zone.md5’
==> CWD not required.
--> PASV

227 Entering Passive Mode (192,0,32,9,184,214)
--> RETR in-addr.arpa.zone.md5

150 Opening BINARY mode data connection for in-addr.arpa.zone.md5 (57 bytes).
Length: 57

     0K                                                       100%  266K=0s

226 Transfer complete.
2017-07-06 00:00:32 (266 KB/s) - ‘./domain/in-addr.arpa.zone.md5’ saved [57]

Remote file is newer than local file ‘./domain/in-addr.arpa.zone.sha256’ -- retrieving.

--2017-07-06 00:00:32--  ftp://ftp.internic.net/domain/in-addr.arpa.zone.sha256
           => ‘./domain/in-addr.arpa.zone.sha256’
==> CWD not required.
--> PASV

227 Entering Passive Mode (192,0,32,9,200,60)
--> RETR in-addr.arpa.zone.sha256

150 Opening BINARY mode data connection for in-addr.arpa.zone.sha256 (92 bytes).
Length: 92

     0K                                                       100% 2.04M=0s

226 Transfer complete.
2017-07-06 00:00:33 (2.04 MB/s) - ‘./domain/in-addr.arpa.zone.sha256’ saved [92]

Remote file is newer than local file ‘./domain/ip6.arpa’ -- retrieving.

--2017-07-06 00:00:33--  ftp://ftp.internic.net/domain/ip6.arpa
           => ‘./domain/ip6.arpa’
==> CWD not required.
--> PASV

227 Entering Passive Mode (192,0,32,9,152,57)
--> RETR ip6.arpa

150 Opening BINARY mode data connection for ip6.arpa (61264 bytes).
Length: 61264 (60K)

     0K .......... .......... .......... .......... .......... 83% 81.5K 0s
    50K .........                                             100% 88.9M=0.6s

226 Transfer complete.
2017-07-06 00:00:35 (97.5 KB/s) - ‘./domain/ip6.arpa’ saved [61264]

Remote file is newer than local file ‘./domain/ip6.arpa.gz’ -- retrieving.

--2017-07-06 00:00:35--  ftp://ftp.internic.net/domain/ip6.arpa.gz
           => ‘./domain/ip6.arpa.gz’
==> CWD not required.
--> PASV

227 Entering Passive Mode (192,0,32,9,243,136)
--> RETR ip6.arpa.gz

150 Opening BINARY mode data connection for ip6.arpa.gz (24325 bytes).
Length: 24325 (24K)

     0K .......... .......... ...                             100%  107K=0.2s

226 Transfer complete.
2017-07-06 00:00:36 (107 KB/s) - ‘./domain/ip6.arpa.gz’ saved [24325]

Remote file is newer than local file ‘./domain/ip6.arpa.gz.md5’ -- retrieving.

--2017-07-06 00:00:36--  ftp://ftp.internic.net/domain/ip6.arpa.gz.md5
           => ‘./domain/ip6.arpa.gz.md5’
==> CWD not required.
--> PASV

227 Entering Passive Mode (192,0,32,9,173,217)
--> RETR ip6.arpa.gz.md5

150 Opening BINARY mode data connection for ip6.arpa.gz.md5 (51 bytes).
Length: 51

     0K                                                       100% 1.13M=0s

226 Transfer complete.
2017-07-06 00:00:37 (1.13 MB/s) - ‘./domain/ip6.arpa.gz.md5’ saved [51]

Remote file is newer than local file ‘./domain/ip6.arpa.gz.sha256’ -- retrieving.

--2017-07-06 00:00:37--  ftp://ftp.internic.net/domain/ip6.arpa.gz.sha256
           => ‘./domain/ip6.arpa.gz.sha256’
==> CWD not required.
--> PASV

227 Entering Passive Mode (192,0,32,9,42,164)
--> RETR ip6.arpa.gz.sha256

150 Opening BINARY mode data connection for ip6.arpa.gz.sha256 (86 bytes).
Length: 86

     0K                                                       100% 1.91M=0s

226 Transfer complete.
2017-07-06 00:00:38 (1.91 MB/s) - ‘./domain/ip6.arpa.gz.sha256’ saved [86]

Remote file is newer than local file ‘./domain/ip6.arpa.md5’ -- retrieving.

--2017-07-06 00:00:38--  ftp://ftp.internic.net/domain/ip6.arpa.md5
           => ‘./domain/ip6.arpa.md5’
==> CWD not required.
--> PASV

227 Entering Passive Mode (192,0,32,9,32,49)
--> RETR ip6.arpa.md5

150 Opening BINARY mode data connection for ip6.arpa.md5 (48 bytes).
Length: 48

     0K                                                       100% 1.06M=0s

226 Transfer complete.
2017-07-06 00:00:39 (1.06 MB/s) - ‘./domain/ip6.arpa.md5’ saved [48]

Remote file is newer than local file ‘./domain/ip6.arpa.sha256’ -- retrieving.

--2017-07-06 00:00:39--  ftp://ftp.internic.net/domain/ip6.arpa.sha256
           => ‘./domain/ip6.arpa.sha256’
==> CWD not required.
--> PASV

227 Entering Passive Mode (192,0,32,9,204,248)
--> RETR ip6.arpa.sha256

150 Opening BINARY mode data connection for ip6.arpa.sha256 (83 bytes).
Length: 83

     0K                                                       100% 1.88M=0s

226 Transfer complete.
2017-07-06 00:00:41 (1.88 MB/s) - ‘./domain/ip6.arpa.sha256’ saved [83]

Remote file is newer than local file ‘./domain/ip6.arpa.zone’ -- retrieving.

--2017-07-06 00:00:41--  ftp://ftp.internic.net/domain/ip6.arpa.zone
           => ‘./domain/ip6.arpa.zone’
==> CWD not required.
--> PASV

227 Entering Passive Mode (192,0,32,9,228,176)
--> RETR ip6.arpa.zone

150 Opening BINARY mode data connection for ip6.arpa.zone (61264 bytes).
Length: 61264 (60K)

     0K .......... .......... .......... .......... .......... 83% 97.0K 0s
    50K .........                                             100% 66.7M=0.5s

226 Transfer complete.
2017-07-06 00:00:42 (116 KB/s) - ‘./domain/ip6.arpa.zone’ saved [61264]

Remote file is newer than local file ‘./domain/ip6.arpa.zone.gz’ -- retrieving.

--2017-07-06 00:00:42--  ftp://ftp.internic.net/domain/ip6.arpa.zone.gz
           => ‘./domain/ip6.arpa.zone.gz’
==> CWD not required.
--> PASV

227 Entering Passive Mode (192,0,32,9,42,164)
--> RETR ip6.arpa.zone.gz

150 Opening BINARY mode data connection for ip6.arpa.zone.gz (24325 bytes).
Length: 24325 (24K)

     0K .......... .......... ...                             100% 77.5K=0.3s

226 Transfer complete.
2017-07-06 00:00:44 (77.5 KB/s) - ‘./domain/ip6.arpa.zone.gz’ saved [24325]

Remote file is newer than local file ‘./domain/ip6.arpa.zone.gz.md5’ -- retrieving.

--2017-07-06 00:00:44--  ftp://ftp.internic.net/domain/ip6.arpa.zone.gz.md5
           => ‘./domain/ip6.arpa.zone.gz.md5’
==> CWD not required.
--> PASV

227 Entering Passive Mode (192,0,32,9,18,137)
--> RETR ip6.arpa.zone.gz.md5

150 Opening BINARY mode data connection for ip6.arpa.zone.gz.md5 (56 bytes).
Length: 56

     0K                                                       100%  749K=0s

226 Transfer complete.
2017-07-06 00:00:45 (749 KB/s) - ‘./domain/ip6.arpa.zone.gz.md5’ saved [56]

Remote file is newer than local file ‘./domain/ip6.arpa.zone.gz.sha256’ -- retrieving.

--2017-07-06 00:00:45--  ftp://ftp.internic.net/domain/ip6.arpa.zone.gz.sha256
           => ‘./domain/ip6.arpa.zone.gz.sha256’
==> CWD not required.
--> PASV

227 Entering Passive Mode (192,0,32,9,140,151)
--> RETR ip6.arpa.zone.gz.sha256

150 Opening BINARY mode data connection for ip6.arpa.zone.gz.sha256 (91 bytes).
Length: 91

     0K                                                       100%  966K=0s

226 Transfer complete.
2017-07-06 00:00:46 (966 KB/s) - ‘./domain/ip6.arpa.zone.gz.sha256’ saved [91]

Remote file is newer than local file ‘./domain/ip6.arpa.zone.md5’ -- retrieving.

--2017-07-06 00:00:46--  ftp://ftp.internic.net/domain/ip6.arpa.zone.md5
           => ‘./domain/ip6.arpa.zone.md5’
==> CWD not required.
--> PASV

227 Entering Passive Mode (192,0,32,9,41,103)
--> RETR ip6.arpa.zone.md5

150 Opening BINARY mode data connection for ip6.arpa.zone.md5 (53 bytes).
Length: 53

     0K                                                       100%  323K=0s

226 Transfer complete.
2017-07-06 00:00:47 (323 KB/s) - ‘./domain/ip6.arpa.zone.md5’ saved [53]

Remote file is newer than local file ‘./domain/ip6.arpa.zone.sha256’ -- retrieving.

--2017-07-06 00:00:47--  ftp://ftp.internic.net/domain/ip6.arpa.zone.sha256
           => ‘./domain/ip6.arpa.zone.sha256’
==> CWD not required.
--> PASV

227 Entering Passive Mode (192,0,32,9,73,13)
--> RETR ip6.arpa.zone.sha256

150 Opening BINARY mode data connection for ip6.arpa.zone.sha256 (88 bytes).
Length: 88

     0K                                                       100% 1.01M=0s

226 Transfer complete.
2017-07-06 00:00:48 (1.01 MB/s) - ‘./domain/ip6.arpa.zone.sha256’ saved [88]

Remote file is newer than local file ‘./domain/last_update.txt’ -- retrieving.

--2017-07-06 00:00:48--  ftp://ftp.internic.net/domain/last_update.txt
           => ‘./domain/last_update.txt’
==> CWD not required.
--> PASV

227 Entering Passive Mode (192,0,32,9,51,151)
--> RETR last_update.txt

150 Opening BINARY mode data connection for last_update.txt (21 bytes).
Length: 21

     0K                                                       100%  186K=0s

226 Transfer complete.
2017-07-06 00:00:50 (186 KB/s) - ‘./domain/last_update.txt’ saved [21]

Remote file no newer than local file ‘./domain/named.cache’ -- not retrieving.
Remote file no newer than local file ‘./domain/named.cache.md5’ -- not retrieving.
Remote file no newer than local file ‘./domain/named.cache.sig’ -- not retrieving.
Remote file no newer than local file ‘./domain/named.root’ -- not retrieving.
Remote file no newer than local file ‘./domain/named.root.md5’ -- not retrieving.
Remote file no newer than local file ‘./domain/named.root.sig’ -- not retrieving.
Remote file no newer than local file ‘./domain/root-servers.net.zone’ -- not retrieving.
Remote file no newer than local file ‘./domain/root-servers.net.zone.gz’ -- not retrieving.
Remote file no newer than local file ‘./domain/root-servers.net.zone.gz.md5’ -- not retrieving.
Remote file no newer than local file ‘./domain/root-servers.net.zone.gz.sig’ -- not retrieving.
Remote file is newer than local file ‘./domain/root.zone’ -- retrieving.

--2017-07-06 00:00:50--  ftp://ftp.internic.net/domain/root.zone
           => ‘./domain/root.zone’
==> CWD not required.
--> PASV

227 Entering Passive Mode (192,0,32,9,165,196)
--> RETR root.zone

150 Opening BINARY mode data connection for root.zone (2258848 bytes).
Length: 2258848 (2.2M)

     0K .......... .......... .......... .......... ..........  2% 78.4K 28s
    50K .......... .......... .......... .......... ..........  4%  230K 18s
   100K .......... .......... .......... .......... ..........  6% 1.95M 12s
   150K .......... .......... .......... .......... ..........  9%  193K 11s
   200K .......... .......... .......... .......... .......... 11%  230K 11s
   250K .......... .......... .......... .......... .......... 13%  171K 10s
   300K .......... .......... .......... .......... .......... 15% 16.8M 9s
   350K .......... .......... .......... .......... .......... 18% 81.8K 10s
   400K .......... .......... .......... .......... .......... 20% 69.3M 9s
   450K .......... .......... .......... .......... .......... 22% 69.4M 8s
   500K .......... .......... .......... .......... .......... 24%  166K 8s
   550K .......... .......... .......... .......... .......... 27% 8.84M 7s
   600K .......... .......... .......... .......... .......... 29%  184K 7s
   650K .......... .......... .......... .......... .......... 31%  206K 7s
   700K .......... .......... .......... .......... .......... 33% 5.50M 6s
   750K .......... .......... .......... .......... .......... 36%  170K 6s
   800K .......... .......... .......... .......... .......... 38%  166K 6s
   850K .......... .......... .......... .......... .......... 40% 6.84M 5s
   900K .......... .......... .......... .......... .......... 43%  165K 5s
   950K .......... .......... .......... .......... .......... 45% 2.84M 5s
  1000K .......... .......... .......... .......... .......... 47%  240K 5s
  1050K .......... .......... .......... .......... .......... 49% 1.42M 4s
  1100K .......... .......... .......... .......... .......... 52% 88.4K 4s
  1150K .......... .......... .......... .......... .......... 54% 89.9M 4s
  1200K .......... .......... .......... .......... .......... 56% 56.7M 4s
  1250K .......... .......... .......... .......... .......... 58%  170K 4s
  1300K .......... .......... .......... .......... .......... 61%  235K 3s
  1350K .......... .......... .......... .......... .......... 63% 1.38M 3s
  1400K .......... .......... .......... .......... .......... 65%  189K 3s
  1450K .......... .......... .......... .......... .......... 67%  160K 3s
  1500K .......... .......... .......... .......... .......... 70% 21.0M 3s
  1550K .......... .......... .......... .......... .......... 72%  160K 2s
  1600K .......... .......... .......... .......... .......... 74%  161K 2s
  1650K .......... .......... .......... .......... .......... 77% 37.7M 2s
  1700K .......... .......... .......... .......... .......... 79%  172K 2s
  1750K .......... .......... .......... .......... .......... 81%  161K 2s
  1800K .......... .......... .......... .......... .......... 83% 2.37M 1s
  1850K .......... .......... .......... .......... .......... 86%  170K 1s
  1900K .......... .......... .......... .......... .......... 88% 37.2M 1s
  1950K .......... .......... .......... .......... .......... 90% 59.1K 1s
  2000K .......... .......... .......... .......... .......... 92% 58.2M 1s
  2050K .......... .......... .......... .......... .......... 95% 89.1M 0s
  2100K .......... .......... .......... .......... .......... 97%  183K 0s
  2150K .......... .......... .......... .......... .......... 99%  143K 0s
  2200K .....                                                 100% 22.5G=9.0s

226 Transfer complete.
2017-07-06 00:01:00 (246 KB/s) - ‘./domain/root.zone’ saved [2258848]

The sizes do not match (local 1060549) -- retrieving.

--2017-07-06 00:01:00--  ftp://ftp.internic.net/domain/root.zone.gz
           => ‘./domain/root.zone.gz’
==> CWD not required.
--> PASV

227 Entering Passive Mode (192,0,32,9,42,222)
--> RETR root.zone.gz

150 Opening BINARY mode data connection for root.zone.gz (1060407 bytes).
Length: 1060407 (1.0M)

     0K .......... .......... .......... .......... ..........  4% 91.6K 11s
    50K .......... .......... .......... .......... ..........  9%  188K 8s
   100K .......... .......... .......... .......... .......... 14% 3.44M 5s
   150K .......... .......... .......... .......... .......... 19%  224K 4s
   200K .......... .......... .......... .......... .......... 24%  172K 4s
   250K .......... .......... .......... .......... .......... 28% 29.8M 3s
   300K .......... .......... .......... .......... .......... 33% 98.7K 4s
   350K .......... .......... .......... .......... .......... 38% 66.3M 3s
   400K .......... .......... .......... .......... .......... 43% 5.65M 2s
   450K .......... .......... .......... .......... .......... 48%  166K 2s
   500K .......... .......... .......... .......... .......... 53%  171K 2s
   550K .......... .......... .......... .......... .......... 57% 6.38M 2s
   600K .......... .......... .......... .......... .......... 62%  150K 2s
   650K .......... .......... .......... .......... .......... 67%  184K 1s
   700K .......... .......... .......... .......... .......... 72% 3.11M 1s
   750K .......... .......... .......... .......... .......... 77%  238K 1s
   800K .......... .......... .......... .......... .......... 82% 1.52M 1s
   850K .......... .......... .......... .......... .......... 86%  194K 1s
   900K .......... .......... .......... .......... .......... 91% 4.34M 0s
   950K .......... .......... .......... .......... .......... 96%  164K 0s
  1000K .......... .......... .......... .....                100% 52.8M=3.9s

226 Transfer complete.
2017-07-06 00:01:05 (266 KB/s) - ‘./domain/root.zone.gz’ saved [1060407]

Remote file is newer than local file ‘./domain/root.zone.gz.md5’ -- retrieving.

--2017-07-06 00:01:05--  ftp://ftp.internic.net/domain/root.zone.gz.md5
           => ‘./domain/root.zone.gz.md5’
==> CWD not required.
--> PASV

227 Entering Passive Mode (192,0,32,9,27,165)
--> RETR root.zone.gz.md5

150 Opening BINARY mode data connection for root.zone.gz.md5 (33 bytes).
Length: 33

     0K                                                       100%  430K=0s

226 Transfer complete.
2017-07-06 00:01:06 (430 KB/s) - ‘./domain/root.zone.gz.md5’ saved [33]

Remote file is newer than local file ‘./domain/root.zone.gz.sig’ -- retrieving.

--2017-07-06 00:01:06--  ftp://ftp.internic.net/domain/root.zone.gz.sig
           => ‘./domain/root.zone.gz.sig’
==> CWD not required.
--> PASV

227 Entering Passive Mode (192,0,32,9,76,146)
--> RETR root.zone.gz.sig

150 Opening BINARY mode data connection for root.zone.gz.sig (72 bytes).
Length: 72

     0K                                                       100%  890K=0s

226 Transfer complete.
2017-07-06 00:01:07 (890 KB/s) - ‘./domain/root.zone.gz.sig’ saved [72]

Remote file is newer than local file ‘./domain/root.zone.md5’ -- retrieving.

--2017-07-06 00:01:07--  ftp://ftp.internic.net/domain/root.zone.md5
           => ‘./domain/root.zone.md5’
==> CWD not required.
--> PASV

227 Entering Passive Mode (192,0,32,9,176,139)
--> RETR root.zone.md5

150 Opening BINARY mode data connection for root.zone.md5 (33 bytes).
Length: 33

     0K                                                       100%  474K=0s

226 Transfer complete.
2017-07-06 00:01:09 (474 KB/s) - ‘./domain/root.zone.md5’ saved [33]

Remote file is newer than local file ‘./domain/root.zone.sig’ -- retrieving.

--2017-07-06 00:01:09--  ftp://ftp.internic.net/domain/root.zone.sig
           => ‘./domain/root.zone.sig’
==> CWD not required.
--> PASV

227 Entering Passive Mode (192,0,32,9,42,62)
--> RETR root.zone.sig

150 Opening BINARY mode data connection for root.zone.sig (72 bytes).
Length: 72

     0K                                                       100%  162K=0s

226 Transfer complete.
2017-07-06 00:01:10 (162 KB/s) - ‘./domain/root.zone.sig’ saved [72]

FINISHED --2017-07-06 00:01:10--
Total wall clock time: 1m 7s
Downloaded: 40 files, 4.0M in 18s (224 KB/s)
