--2017-07-07 00:00:03--  ftp://ftp.internic.net/*
           => ‘./.listing’
Resolving ftp.internic.net (ftp.internic.net)... 192.0.32.9, 2620:0:2d0:200::9
Connecting to ftp.internic.net (ftp.internic.net)|192.0.32.9|:21... connected.
Logging in as anonymous ... 
220 Internic FTP Server
--> USER anonymous

331 Please specify the password.
--> PASS Turtle Power!

230 Login successful.
--> SYST

215 UNIX Type: L8
--> PWD

257 "/"
--> TYPE I

200 Switching to Binary mode.
==> CWD not needed.
--> PASV

227 Entering Passive Mode (192,0,32,9,13,40)
--> LIST -a

150 Here comes the directory listing.

     0K                                                         894K=0s

226 Directory send OK.
drwxr-xr-x    3 ftp      ftp          4096 Apr 04  2012 .
drwxr-xr-x    3 ftp      ftp          4096 Apr 04  2012 ..
drwxr-xr-x    2 ftp      ftp          4096 Sep 09  2015 domain
2017-07-07 00:00:07 (894 KB/s) - ‘./.listing’ saved [183]

--2017-07-07 00:00:07--  ftp://ftp.internic.net/domain/*
           => ‘./domain/.listing’
--> CWD /domain

250 Directory successfully changed.
--> PASV

227 Entering Passive Mode (192,0,32,9,41,44)
--> LIST -a

150 Here comes the directory listing.

     0K ...                                                     356K=0.01s

226 Directory send OK.
drwxr-xr-x    2 ftp      ftp          4096 Sep 09  2015 .
drwxr-xr-x    3 ftp      ftp          4096 Apr 04  2012 ..
-rw-r--r--    1 ftp      ftp          1829 Aug 18  2015 .listing
-rw-r--r--    1 ftp      ftp          1224 Jul 06 12:29 INTERNIC_ROOT_ZONE.signatures
-rw-r--r--    1 ftp      ftp          1469 Jul 06 12:29 INTERNIC_ROOT_ZONE.signatures.asc
-rw-r--r--    1 ftp      ftp         15438 Jul 06 12:29 arpa.zone
-rw-r--r--    1 ftp      ftp          6768 Jul 06 12:29 arpa.zone.gz
-rw-r--r--    1 ftp      ftp            33 Jul 06 12:29 arpa.zone.gz.md5
-rw-r--r--    1 ftp      ftp            72 Jul 06 12:29 arpa.zone.gz.sig
-rw-r--r--    1 ftp      ftp          3289 Jun 01 15:27 db.cache
-rw-r--r--    1 ftp      ftp            33 Jun 01 15:27 db.cache.md5
-rw-r--r--    1 ftp      ftp            72 Jun 01 15:27 db.cache.sig
-rw-r--r--    1 ftp      ftp        228753 Jul 06 15:40 in-addr.arpa
-rw-r--r--    1 ftp      ftp         90617 Jul 06 15:40 in-addr.arpa.gz
-rw-r--r--    1 ftp      ftp            55 Jul 06 15:40 in-addr.arpa.gz.md5
-rw-r--r--    1 ftp      ftp            90 Jul 06 15:40 in-addr.arpa.gz.sha256
-rw-r--r--    1 ftp      ftp            52 Jul 06 15:40 in-addr.arpa.md5
-rw-r--r--    1 ftp      ftp            87 Jul 06 15:40 in-addr.arpa.sha256
-rw-r--r--    1 ftp      ftp        228753 Jul 06 15:40 in-addr.arpa.zone
-rw-r--r--    1 ftp      ftp         90617 Jul 06 15:40 in-addr.arpa.zone.gz
-rw-r--r--    1 ftp      ftp            60 Jul 06 15:40 in-addr.arpa.zone.gz.md5
-rw-r--r--    1 ftp      ftp            95 Jul 06 15:40 in-addr.arpa.zone.gz.sha256
-rw-r--r--    1 ftp      ftp            57 Jul 06 15:40 in-addr.arpa.zone.md5
-rw-r--r--    1 ftp      ftp            92 Jul 06 15:40 in-addr.arpa.zone.sha256
-rw-r--r--    1 ftp      ftp         61264 Jul 06 15:40 ip6.arpa
-rw-r--r--    1 ftp      ftp         24321 Jul 06 15:40 ip6.arpa.gz
-rw-r--r--    1 ftp      ftp            51 Jul 06 15:40 ip6.arpa.gz.md5
-rw-r--r--    1 ftp      ftp            86 Jul 06 15:40 ip6.arpa.gz.sha256
-rw-r--r--    1 ftp      ftp            48 Jul 06 15:40 ip6.arpa.md5
-rw-r--r--    1 ftp      ftp            83 Jul 06 15:40 ip6.arpa.sha256
-rw-r--r--    1 ftp      ftp         61264 Jul 06 15:40 ip6.arpa.zone
-rw-r--r--    1 ftp      ftp         24321 Jul 06 15:40 ip6.arpa.zone.gz
-rw-r--r--    1 ftp      ftp            56 Jul 06 15:40 ip6.arpa.zone.gz.md5
-rw-r--r--    1 ftp      ftp            91 Jul 06 15:40 ip6.arpa.zone.gz.sha256
-rw-r--r--    1 ftp      ftp            53 Jul 06 15:40 ip6.arpa.zone.md5
-rw-r--r--    1 ftp      ftp            88 Jul 06 15:40 ip6.arpa.zone.sha256
-rw-r--r--    1 ftp      ftp            21 Jul 06 15:40 last_update.txt
-rw-r--r--    1 ftp      ftp          3289 Jun 01 15:27 named.cache
-rw-r--r--    1 ftp      ftp            33 Jun 01 15:27 named.cache.md5
-rw-r--r--    1 ftp      ftp            72 Jun 01 15:27 named.cache.sig
-rw-r--r--    1 ftp      ftp          3289 Jun 01 15:27 named.root
-rw-r--r--    1 ftp      ftp            33 Jun 01 15:27 named.root.md5
-rw-r--r--    1 ftp      ftp            72 Jun 01 15:27 named.root.sig
-rw-r--r--    1 ftp      ftp          2111 Jun 01 15:27 root-servers.net.zone
-rw-r--r--    1 ftp      ftp           575 Jun 01 15:27 root-servers.net.zone.gz
-rw-r--r--    1 ftp      ftp            33 Jun 01 15:27 root-servers.net.zone.gz.md5
-rw-r--r--    1 ftp      ftp            72 Jun 01 15:27 root-servers.net.zone.gz.sig
-rw-r--r--    1 ftp      ftp       2259006 Jul 06 05:33 root.zone
-rw-r--r--    1 ftp      ftp       1060666 Jul 06 05:34 root.zone.gz
-rw-r--r--    1 ftp      ftp            33 Jul 06 05:33 root.zone.gz.md5
-rw-r--r--    1 ftp      ftp            72 Jul 06 05:34 root.zone.gz.sig
-rw-r--r--    1 ftp      ftp            33 Jul 06 05:33 root.zone.md5
-rw-r--r--    1 ftp      ftp            72 Jul 06 05:34 root.zone.sig
2017-07-07 00:00:09 (356 KB/s) - ‘./domain/.listing’ saved [3930]

The sizes do not match (local 3930) -- retrieving.

--2017-07-07 00:00:09--  ftp://ftp.internic.net/domain/.listing
           => ‘./domain/.listing’
==> CWD not required.
--> PASV

227 Entering Passive Mode (192,0,32,9,41,156)
--> RETR .listing

150 Opening BINARY mode data connection for .listing (1829 bytes).
Length: 1829 (1.8K)

     0K .                                                     100% 26.4M=0s

226 Transfer complete.
2017-07-07 00:00:10 (26.4 MB/s) - ‘./domain/.listing’ saved [1829]

Remote file is newer than local file ‘./domain/INTERNIC_ROOT_ZONE.signatures’ -- retrieving.

--2017-07-07 00:00:10--  ftp://ftp.internic.net/domain/INTERNIC_ROOT_ZONE.signatures
           => ‘./domain/INTERNIC_ROOT_ZONE.signatures’
==> CWD not required.
--> PASV

227 Entering Passive Mode (192,0,32,9,153,235)
--> RETR INTERNIC_ROOT_ZONE.signatures

150 Opening BINARY mode data connection for INTERNIC_ROOT_ZONE.signatures (1224 bytes).
Length: 1224 (1.2K)

     0K .                                                     100% 25.9M=0s

226 Transfer complete.
2017-07-07 00:00:11 (25.9 MB/s) - ‘./domain/INTERNIC_ROOT_ZONE.signatures’ saved [1224]

Remote file is newer than local file ‘./domain/INTERNIC_ROOT_ZONE.signatures.asc’ -- retrieving.

--2017-07-07 00:00:11--  ftp://ftp.internic.net/domain/INTERNIC_ROOT_ZONE.signatures.asc
           => ‘./domain/INTERNIC_ROOT_ZONE.signatures.asc’
==> CWD not required.
--> PASV

227 Entering Passive Mode (192,0,32,9,87,66)
--> RETR INTERNIC_ROOT_ZONE.signatures.asc

150 Opening BINARY mode data connection for INTERNIC_ROOT_ZONE.signatures.asc (1469 bytes).
Length: 1469 (1.4K)

     0K .                                                     100% 28.0M=0s

226 Transfer complete.
2017-07-07 00:00:12 (28.0 MB/s) - ‘./domain/INTERNIC_ROOT_ZONE.signatures.asc’ saved [1469]

Remote file is newer than local file ‘./domain/arpa.zone’ -- retrieving.

--2017-07-07 00:00:12--  ftp://ftp.internic.net/domain/arpa.zone
           => ‘./domain/arpa.zone’
==> CWD not required.
--> PASV

227 Entering Passive Mode (192,0,32,9,41,123)
--> RETR arpa.zone

150 Opening BINARY mode data connection for arpa.zone (15438 bytes).
Length: 15438 (15K)

     0K .......... .....                                      100% 42.2M=0s

226 Transfer complete.
2017-07-07 00:00:13 (42.2 MB/s) - ‘./domain/arpa.zone’ saved [15438]

The sizes do not match (local 6779) -- retrieving.

--2017-07-07 00:00:13--  ftp://ftp.internic.net/domain/arpa.zone.gz
           => ‘./domain/arpa.zone.gz’
==> CWD not required.
--> PASV

227 Entering Passive Mode (192,0,32,9,41,230)
--> RETR arpa.zone.gz

150 Opening BINARY mode data connection for arpa.zone.gz (6768 bytes).
Length: 6768 (6.6K)

     0K ......                                                100%  143M=0s

226 Transfer complete.
2017-07-07 00:00:15 (143 MB/s) - ‘./domain/arpa.zone.gz’ saved [6768]

Remote file is newer than local file ‘./domain/arpa.zone.gz.md5’ -- retrieving.

--2017-07-07 00:00:15--  ftp://ftp.internic.net/domain/arpa.zone.gz.md5
           => ‘./domain/arpa.zone.gz.md5’
==> CWD not required.
--> PASV

227 Entering Passive Mode (192,0,32,9,83,225)
--> RETR arpa.zone.gz.md5

150 Opening BINARY mode data connection for arpa.zone.gz.md5 (33 bytes).
Length: 33

     0K                                                       100%  362K=0s

226 Transfer complete.
2017-07-07 00:00:16 (362 KB/s) - ‘./domain/arpa.zone.gz.md5’ saved [33]

Remote file is newer than local file ‘./domain/arpa.zone.gz.sig’ -- retrieving.

--2017-07-07 00:00:16--  ftp://ftp.internic.net/domain/arpa.zone.gz.sig
           => ‘./domain/arpa.zone.gz.sig’
==> CWD not required.
--> PASV

227 Entering Passive Mode (192,0,32,9,167,2)
--> RETR arpa.zone.gz.sig

150 Opening BINARY mode data connection for arpa.zone.gz.sig (72 bytes).
Length: 72

     0K                                                       100% 1.60M=0s

226 Transfer complete.
2017-07-07 00:00:17 (1.60 MB/s) - ‘./domain/arpa.zone.gz.sig’ saved [72]

Remote file no newer than local file ‘./domain/db.cache’ -- not retrieving.
Remote file no newer than local file ‘./domain/db.cache.md5’ -- not retrieving.
Remote file no newer than local file ‘./domain/db.cache.sig’ -- not retrieving.
Remote file is newer than local file ‘./domain/in-addr.arpa’ -- retrieving.

--2017-07-07 00:00:17--  ftp://ftp.internic.net/domain/in-addr.arpa
           => ‘./domain/in-addr.arpa’
==> CWD not required.
--> PASV

227 Entering Passive Mode (192,0,32,9,41,123)
--> RETR in-addr.arpa

150 Opening BINARY mode data connection for in-addr.arpa (228753 bytes).
Length: 228753 (223K)

     0K .......... .......... .......... .......... .......... 22% 54.4K 3s
    50K .......... .......... .......... .......... .......... 44% 61.1K 2s
   100K .......... .......... .......... .......... .......... 67% 81.0K 1s
   150K .......... .......... .......... .......... .......... 89% 79.6K 0s
   200K .......... .......... ...                             100% 78.4K=3.3s

226 Transfer complete.
2017-07-07 00:00:22 (68.1 KB/s) - ‘./domain/in-addr.arpa’ saved [228753]

Remote file is newer than local file ‘./domain/in-addr.arpa.gz’ -- retrieving.

--2017-07-07 00:00:22--  ftp://ftp.internic.net/domain/in-addr.arpa.gz
           => ‘./domain/in-addr.arpa.gz’
==> CWD not required.
--> PASV

227 Entering Passive Mode (192,0,32,9,44,180)
--> RETR in-addr.arpa.gz

150 Opening BINARY mode data connection for in-addr.arpa.gz (90617 bytes).
Length: 90617 (88K)

     0K .......... .......... .......... .......... .......... 56% 59.4K 1s
    50K .......... .......... .......... ........             100% 78.9K=1.3s

226 Transfer complete.
2017-07-07 00:00:24 (66.5 KB/s) - ‘./domain/in-addr.arpa.gz’ saved [90617]

Remote file is newer than local file ‘./domain/in-addr.arpa.gz.md5’ -- retrieving.

--2017-07-07 00:00:24--  ftp://ftp.internic.net/domain/in-addr.arpa.gz.md5
           => ‘./domain/in-addr.arpa.gz.md5’
==> CWD not required.
--> PASV

227 Entering Passive Mode (192,0,32,9,151,18)
--> RETR in-addr.arpa.gz.md5

150 Opening BINARY mode data connection for in-addr.arpa.gz.md5 (55 bytes).
Length: 55

     0K                                                       100% 1.17M=0s

226 Transfer complete.
2017-07-07 00:00:25 (1.17 MB/s) - ‘./domain/in-addr.arpa.gz.md5’ saved [55]

Remote file is newer than local file ‘./domain/in-addr.arpa.gz.sha256’ -- retrieving.

--2017-07-07 00:00:25--  ftp://ftp.internic.net/domain/in-addr.arpa.gz.sha256
           => ‘./domain/in-addr.arpa.gz.sha256’
==> CWD not required.
--> PASV

227 Entering Passive Mode (192,0,32,9,41,204)
--> RETR in-addr.arpa.gz.sha256

150 Opening BINARY mode data connection for in-addr.arpa.gz.sha256 (90 bytes).
Length: 90

     0K                                                       100% 2.20M=0s

226 Transfer complete.
2017-07-07 00:00:27 (2.20 MB/s) - ‘./domain/in-addr.arpa.gz.sha256’ saved [90]

Remote file is newer than local file ‘./domain/in-addr.arpa.md5’ -- retrieving.

--2017-07-07 00:00:27--  ftp://ftp.internic.net/domain/in-addr.arpa.md5
           => ‘./domain/in-addr.arpa.md5’
==> CWD not required.
--> PASV

227 Entering Passive Mode (192,0,32,9,145,115)
--> RETR in-addr.arpa.md5

150 Opening BINARY mode data connection for in-addr.arpa.md5 (52 bytes).
Length: 52

     0K                                                       100%  552K=0s

226 Transfer complete.
2017-07-07 00:00:28 (552 KB/s) - ‘./domain/in-addr.arpa.md5’ saved [52]

Remote file is newer than local file ‘./domain/in-addr.arpa.sha256’ -- retrieving.

--2017-07-07 00:00:28--  ftp://ftp.internic.net/domain/in-addr.arpa.sha256
           => ‘./domain/in-addr.arpa.sha256’
==> CWD not required.
--> PASV

227 Entering Passive Mode (192,0,32,9,42,104)
--> RETR in-addr.arpa.sha256

150 Opening BINARY mode data connection for in-addr.arpa.sha256 (87 bytes).
Length: 87

     0K                                                       100% 1.77M=0s

226 Transfer complete.
2017-07-07 00:00:29 (1.77 MB/s) - ‘./domain/in-addr.arpa.sha256’ saved [87]

Remote file is newer than local file ‘./domain/in-addr.arpa.zone’ -- retrieving.

--2017-07-07 00:00:29--  ftp://ftp.internic.net/domain/in-addr.arpa.zone
           => ‘./domain/in-addr.arpa.zone’
==> CWD not required.
--> PASV

227 Entering Passive Mode (192,0,32,9,216,240)
--> RETR in-addr.arpa.zone

150 Opening BINARY mode data connection for in-addr.arpa.zone (228753 bytes).
Length: 228753 (223K)

     0K .......... .......... .......... .......... .......... 22% 61.6K 3s
    50K .......... .......... .......... .......... .......... 44% 60.6K 2s
   100K .......... .......... .......... .......... .......... 67% 85.4K 1s
   150K .......... .......... .......... .......... .......... 89% 69.8K 0s
   200K .......... .......... ...                             100% 99.3K=3.2s

226 Transfer complete.
2017-07-07 00:00:33 (70.4 KB/s) - ‘./domain/in-addr.arpa.zone’ saved [228753]

Remote file is newer than local file ‘./domain/in-addr.arpa.zone.gz’ -- retrieving.

--2017-07-07 00:00:33--  ftp://ftp.internic.net/domain/in-addr.arpa.zone.gz
           => ‘./domain/in-addr.arpa.zone.gz’
==> CWD not required.
--> PASV

227 Entering Passive Mode (192,0,32,9,48,31)
--> RETR in-addr.arpa.zone.gz

150 Opening BINARY mode data connection for in-addr.arpa.zone.gz (90617 bytes).
Length: 90617 (88K)

     0K .......... .......... .......... .......... .......... 56% 54.3K 1s
    50K .......... .......... .......... ........             100% 62.6K=1.5s

226 Transfer complete.
2017-07-07 00:00:36 (57.6 KB/s) - ‘./domain/in-addr.arpa.zone.gz’ saved [90617]

Remote file is newer than local file ‘./domain/in-addr.arpa.zone.gz.md5’ -- retrieving.

--2017-07-07 00:00:36--  ftp://ftp.internic.net/domain/in-addr.arpa.zone.gz.md5
           => ‘./domain/in-addr.arpa.zone.gz.md5’
==> CWD not required.
--> PASV

227 Entering Passive Mode (192,0,32,9,141,207)
--> RETR in-addr.arpa.zone.gz.md5

150 Opening BINARY mode data connection for in-addr.arpa.zone.gz.md5 (60 bytes).
Length: 60

     0K                                                       100%  519K=0s

226 Transfer complete.
2017-07-07 00:00:37 (519 KB/s) - ‘./domain/in-addr.arpa.zone.gz.md5’ saved [60]

Remote file is newer than local file ‘./domain/in-addr.arpa.zone.gz.sha256’ -- retrieving.

--2017-07-07 00:00:37--  ftp://ftp.internic.net/domain/in-addr.arpa.zone.gz.sha256
           => ‘./domain/in-addr.arpa.zone.gz.sha256’
==> CWD not required.
--> PASV

227 Entering Passive Mode (192,0,32,9,46,139)
--> RETR in-addr.arpa.zone.gz.sha256

150 Opening BINARY mode data connection for in-addr.arpa.zone.gz.sha256 (95 bytes).
Length: 95

     0K                                                       100%  892K=0s

226 Transfer complete.
2017-07-07 00:00:38 (892 KB/s) - ‘./domain/in-addr.arpa.zone.gz.sha256’ saved [95]

Remote file is newer than local file ‘./domain/in-addr.arpa.zone.md5’ -- retrieving.

--2017-07-07 00:00:38--  ftp://ftp.internic.net/domain/in-addr.arpa.zone.md5
           => ‘./domain/in-addr.arpa.zone.md5’
==> CWD not required.
--> PASV

227 Entering Passive Mode (192,0,32,9,212,124)
--> RETR in-addr.arpa.zone.md5

150 Opening BINARY mode data connection for in-addr.arpa.zone.md5 (57 bytes).
Length: 57

     0K                                                       100%  464K=0s

226 Transfer complete.
2017-07-07 00:00:39 (464 KB/s) - ‘./domain/in-addr.arpa.zone.md5’ saved [57]

Remote file is newer than local file ‘./domain/in-addr.arpa.zone.sha256’ -- retrieving.

--2017-07-07 00:00:39--  ftp://ftp.internic.net/domain/in-addr.arpa.zone.sha256
           => ‘./domain/in-addr.arpa.zone.sha256’
==> CWD not required.
--> PASV

227 Entering Passive Mode (192,0,32,9,41,225)
--> RETR in-addr.arpa.zone.sha256

150 Opening BINARY mode data connection for in-addr.arpa.zone.sha256 (92 bytes).
Length: 92

     0K                                                       100%  749K=0s

226 Transfer complete.
2017-07-07 00:00:40 (749 KB/s) - ‘./domain/in-addr.arpa.zone.sha256’ saved [92]

Remote file is newer than local file ‘./domain/ip6.arpa’ -- retrieving.

--2017-07-07 00:00:40--  ftp://ftp.internic.net/domain/ip6.arpa
           => ‘./domain/ip6.arpa’
==> CWD not required.
--> PASV

227 Entering Passive Mode (192,0,32,9,41,27)
--> RETR ip6.arpa

150 Opening BINARY mode data connection for ip6.arpa (61264 bytes).
Length: 61264 (60K)

     0K .......... .......... .......... .......... .......... 83% 62.1K 0s
    50K .........                                             100% 53.6M=0.8s

226 Transfer complete.
2017-07-07 00:00:42 (74.3 KB/s) - ‘./domain/ip6.arpa’ saved [61264]

The sizes do not match (local 24325) -- retrieving.

--2017-07-07 00:00:42--  ftp://ftp.internic.net/domain/ip6.arpa.gz
           => ‘./domain/ip6.arpa.gz’
==> CWD not required.
--> PASV

227 Entering Passive Mode (192,0,32,9,23,255)
--> RETR ip6.arpa.gz

150 Opening BINARY mode data connection for ip6.arpa.gz (24321 bytes).
Length: 24321 (24K)

     0K .......... .......... ...                             100% 78.2K=0.3s

226 Transfer complete.
2017-07-07 00:00:43 (78.2 KB/s) - ‘./domain/ip6.arpa.gz’ saved [24321]

Remote file is newer than local file ‘./domain/ip6.arpa.gz.md5’ -- retrieving.

--2017-07-07 00:00:43--  ftp://ftp.internic.net/domain/ip6.arpa.gz.md5
           => ‘./domain/ip6.arpa.gz.md5’
==> CWD not required.
--> PASV

227 Entering Passive Mode (192,0,32,9,179,70)
--> RETR ip6.arpa.gz.md5

150 Opening BINARY mode data connection for ip6.arpa.gz.md5 (51 bytes).
Length: 51

     0K                                                       100% 1.06M=0s

226 Transfer complete.
2017-07-07 00:00:45 (1.06 MB/s) - ‘./domain/ip6.arpa.gz.md5’ saved [51]

Remote file is newer than local file ‘./domain/ip6.arpa.gz.sha256’ -- retrieving.

--2017-07-07 00:00:45--  ftp://ftp.internic.net/domain/ip6.arpa.gz.sha256
           => ‘./domain/ip6.arpa.gz.sha256’
==> CWD not required.
--> PASV

227 Entering Passive Mode (192,0,32,9,182,148)
--> RETR ip6.arpa.gz.sha256

150 Opening BINARY mode data connection for ip6.arpa.gz.sha256 (86 bytes).
Length: 86

     0K                                                       100% 1.58M=0s

226 Transfer complete.
2017-07-07 00:00:46 (1.58 MB/s) - ‘./domain/ip6.arpa.gz.sha256’ saved [86]

Remote file is newer than local file ‘./domain/ip6.arpa.md5’ -- retrieving.

--2017-07-07 00:00:46--  ftp://ftp.internic.net/domain/ip6.arpa.md5
           => ‘./domain/ip6.arpa.md5’
==> CWD not required.
--> PASV

227 Entering Passive Mode (192,0,32,9,50,119)
--> RETR ip6.arpa.md5

150 Opening BINARY mode data connection for ip6.arpa.md5 (48 bytes).
Length: 48

     0K                                                       100% 1.04M=0s

226 Transfer complete.
2017-07-07 00:00:47 (1.04 MB/s) - ‘./domain/ip6.arpa.md5’ saved [48]

Remote file is newer than local file ‘./domain/ip6.arpa.sha256’ -- retrieving.

--2017-07-07 00:00:47--  ftp://ftp.internic.net/domain/ip6.arpa.sha256
           => ‘./domain/ip6.arpa.sha256’
==> CWD not required.
--> PASV

227 Entering Passive Mode (192,0,32,9,155,57)
--> RETR ip6.arpa.sha256

150 Opening BINARY mode data connection for ip6.arpa.sha256 (83 bytes).
Length: 83

     0K                                                       100% 1.76M=0s

226 Transfer complete.
2017-07-07 00:00:48 (1.76 MB/s) - ‘./domain/ip6.arpa.sha256’ saved [83]

Remote file is newer than local file ‘./domain/ip6.arpa.zone’ -- retrieving.

--2017-07-07 00:00:48--  ftp://ftp.internic.net/domain/ip6.arpa.zone
           => ‘./domain/ip6.arpa.zone’
==> CWD not required.
--> PASV

227 Entering Passive Mode (192,0,32,9,127,167)
--> RETR ip6.arpa.zone

150 Opening BINARY mode data connection for ip6.arpa.zone (61264 bytes).
Length: 61264 (60K)

     0K .......... .......... .......... .......... .......... 83% 54.0K 0s
    50K .........                                             100% 41.9M=0.9s

226 Transfer complete.
2017-07-07 00:00:50 (64.6 KB/s) - ‘./domain/ip6.arpa.zone’ saved [61264]

The sizes do not match (local 24325) -- retrieving.

--2017-07-07 00:00:50--  ftp://ftp.internic.net/domain/ip6.arpa.zone.gz
           => ‘./domain/ip6.arpa.zone.gz’
==> CWD not required.
--> PASV

227 Entering Passive Mode (192,0,32,9,91,68)
--> RETR ip6.arpa.zone.gz

150 Opening BINARY mode data connection for ip6.arpa.zone.gz (24321 bytes).
Length: 24321 (24K)

     0K .......... .......... ...                             100% 77.4K=0.3s

226 Transfer complete.
2017-07-07 00:00:52 (77.4 KB/s) - ‘./domain/ip6.arpa.zone.gz’ saved [24321]

Remote file is newer than local file ‘./domain/ip6.arpa.zone.gz.md5’ -- retrieving.

--2017-07-07 00:00:52--  ftp://ftp.internic.net/domain/ip6.arpa.zone.gz.md5
           => ‘./domain/ip6.arpa.zone.gz.md5’
==> CWD not required.
--> PASV

227 Entering Passive Mode (192,0,32,9,42,18)
--> RETR ip6.arpa.zone.gz.md5

150 Opening BINARY mode data connection for ip6.arpa.zone.gz.md5 (56 bytes).
Length: 56

     0K                                                       100% 1.21M=0s

226 Transfer complete.
2017-07-07 00:00:53 (1.21 MB/s) - ‘./domain/ip6.arpa.zone.gz.md5’ saved [56]

Remote file is newer than local file ‘./domain/ip6.arpa.zone.gz.sha256’ -- retrieving.

--2017-07-07 00:00:53--  ftp://ftp.internic.net/domain/ip6.arpa.zone.gz.sha256
           => ‘./domain/ip6.arpa.zone.gz.sha256’
==> CWD not required.
--> PASV

227 Entering Passive Mode (192,0,32,9,70,163)
--> RETR ip6.arpa.zone.gz.sha256

150 Opening BINARY mode data connection for ip6.arpa.zone.gz.sha256 (91 bytes).
Length: 91

     0K                                                       100% 1.97M=0s

226 Transfer complete.
2017-07-07 00:00:54 (1.97 MB/s) - ‘./domain/ip6.arpa.zone.gz.sha256’ saved [91]

Remote file is newer than local file ‘./domain/ip6.arpa.zone.md5’ -- retrieving.

--2017-07-07 00:00:54--  ftp://ftp.internic.net/domain/ip6.arpa.zone.md5
           => ‘./domain/ip6.arpa.zone.md5’
==> CWD not required.
--> PASV

227 Entering Passive Mode (192,0,32,9,208,168)
--> RETR ip6.arpa.zone.md5

150 Opening BINARY mode data connection for ip6.arpa.zone.md5 (53 bytes).
Length: 53

     0K                                                       100%  493K=0s

226 Transfer complete.
2017-07-07 00:00:55 (493 KB/s) - ‘./domain/ip6.arpa.zone.md5’ saved [53]

Remote file is newer than local file ‘./domain/ip6.arpa.zone.sha256’ -- retrieving.

--2017-07-07 00:00:55--  ftp://ftp.internic.net/domain/ip6.arpa.zone.sha256
           => ‘./domain/ip6.arpa.zone.sha256’
==> CWD not required.
--> PASV

227 Entering Passive Mode (192,0,32,9,14,118)
--> RETR ip6.arpa.zone.sha256

150 Opening BINARY mode data connection for ip6.arpa.zone.sha256 (88 bytes).
Length: 88

     0K                                                       100% 1.82M=0s

226 Transfer complete.
2017-07-07 00:00:57 (1.82 MB/s) - ‘./domain/ip6.arpa.zone.sha256’ saved [88]

Remote file is newer than local file ‘./domain/last_update.txt’ -- retrieving.

--2017-07-07 00:00:57--  ftp://ftp.internic.net/domain/last_update.txt
           => ‘./domain/last_update.txt’
==> CWD not required.
--> PASV

227 Entering Passive Mode (192,0,32,9,221,88)
--> RETR last_update.txt

150 Opening BINARY mode data connection for last_update.txt (21 bytes).
Length: 21

     0K                                                       100%  394K=0s

226 Transfer complete.
2017-07-07 00:00:58 (394 KB/s) - ‘./domain/last_update.txt’ saved [21]

Remote file no newer than local file ‘./domain/named.cache’ -- not retrieving.
Remote file no newer than local file ‘./domain/named.cache.md5’ -- not retrieving.
Remote file no newer than local file ‘./domain/named.cache.sig’ -- not retrieving.
Remote file no newer than local file ‘./domain/named.root’ -- not retrieving.
Remote file no newer than local file ‘./domain/named.root.md5’ -- not retrieving.
Remote file no newer than local file ‘./domain/named.root.sig’ -- not retrieving.
Remote file no newer than local file ‘./domain/root-servers.net.zone’ -- not retrieving.
Remote file no newer than local file ‘./domain/root-servers.net.zone.gz’ -- not retrieving.
Remote file no newer than local file ‘./domain/root-servers.net.zone.gz.md5’ -- not retrieving.
Remote file no newer than local file ‘./domain/root-servers.net.zone.gz.sig’ -- not retrieving.
The sizes do not match (local 2258848) -- retrieving.

--2017-07-07 00:00:58--  ftp://ftp.internic.net/domain/root.zone
           => ‘./domain/root.zone’
==> CWD not required.
--> PASV

227 Entering Passive Mode (192,0,32,9,96,18)
--> RETR root.zone

150 Opening BINARY mode data connection for root.zone (2259006 bytes).
Length: 2259006 (2.2M)

     0K .......... .......... .......... .......... ..........  2% 55.2K 39s
    50K .......... .......... .......... .......... ..........  4% 53.8K 39s
   100K .......... .......... .......... .......... ..........  6% 97.7K 32s
   150K .......... .......... .......... .......... ..........  9% 97.7K 29s
   200K .......... .......... .......... .......... .......... 11% 92.1K 27s
   250K .......... .......... .......... .......... .......... 13%  111K 24s
   300K .......... .......... .......... .......... .......... 15% 92.9K 23s
   350K .......... .......... .......... .......... .......... 18%  192K 21s
   400K .......... .......... .......... .......... .......... 20%  184K 19s
   450K .......... .......... .......... .......... .......... 22%  169K 18s
   500K .......... .......... .......... .......... .......... 24%  187K 17s
   550K .......... .......... .......... .......... .......... 27%  207K 15s
   600K .......... .......... .......... .......... .......... 29%  216K 14s
   650K .......... .......... .......... .......... .......... 31%  716K 13s
   700K .......... .......... .......... .......... .......... 33%  232K 12s
   750K .......... .......... .......... .......... .......... 36%  166K 12s
   800K .......... .......... .......... .......... .......... 38% 20.3M 10s
   850K .......... .......... .......... .......... .......... 40%  165K 10s
   900K .......... .......... .......... .......... .......... 43% 7.51M 9s
   950K .......... .......... .......... .......... .......... 45% 1.03M 8s
  1000K .......... .......... .......... .......... .......... 47%  169K 8s
  1050K .......... .......... .......... .......... .......... 49% 63.0M 7s
  1100K .......... .......... .......... .......... .......... 52%  942K 7s
  1150K .......... .......... .......... .......... .......... 54%  233K 6s
  1200K .......... .......... .......... .......... .......... 56% 1.27M 6s
  1250K .......... .......... .......... .......... .......... 58%  682K 5s
  1300K .......... .......... .......... .......... .......... 61%  347K 5s
  1350K .......... .......... .......... .......... .......... 63%  640K 4s
  1400K .......... .......... .......... .......... .......... 65%  715K 4s
  1450K .......... .......... .......... .......... .......... 67%  752K 4s
  1500K .......... .......... .......... .......... .......... 70%  657K 3s
  1550K .......... .......... .......... .......... .......... 72%  700K 3s
  1600K .......... .......... .......... .......... .......... 74%  656K 3s
  1650K .......... .......... .......... .......... .......... 77%  625K 2s
  1700K .......... .......... .......... .......... .......... 79%  711K 2s
  1750K .......... .......... .......... .......... .......... 81%  674K 2s
  1800K .......... .......... .......... .......... .......... 83%  699K 2s
  1850K .......... .......... .......... .......... .......... 86%  638K 1s
  1900K .......... .......... .......... .......... .......... 88%  699K 1s
  1950K .......... .......... .......... .......... .......... 90%  633K 1s
  2000K .......... .......... .......... .......... .......... 92%  665K 1s
  2050K .......... .......... .......... .......... .......... 95%  744K 0s
  2100K .......... .......... .......... .......... .......... 97%  689K 0s
  2150K .......... .......... .......... .......... .......... 99%  739K 0s
  2200K ......                                                100% 1.18M=9.0s

226 Transfer complete.
2017-07-07 00:01:08 (246 KB/s) - ‘./domain/root.zone’ saved [2259006]

The sizes do not match (local 1060407) -- retrieving.

--2017-07-07 00:01:08--  ftp://ftp.internic.net/domain/root.zone.gz
           => ‘./domain/root.zone.gz’
==> CWD not required.
--> PASV

227 Entering Passive Mode (192,0,32,9,42,37)
--> RETR root.zone.gz

150 Opening BINARY mode data connection for root.zone.gz (1060666 bytes).
Length: 1060666 (1.0M)

     0K .......... .......... .......... .......... ..........  4%  110K 9s
    50K .......... .......... .......... .......... ..........  9%  224K 6s
   100K .......... .......... .......... .......... .......... 14%  669K 4s
   150K .......... .......... .......... .......... .......... 19%  190K 4s
   200K .......... .......... .......... .......... .......... 24%  159K 4s
   250K .......... .......... .......... .......... .......... 28%  167K 4s
   300K .......... .......... .......... .......... .......... 33% 6.80M 3s
   350K .......... .......... .......... .......... .......... 38%  637K 3s
   400K .......... .......... .......... .......... .......... 43%  306K 2s
   450K .......... .......... .......... .......... .......... 48%  783K 2s
   500K .......... .......... .......... .......... .......... 53%  755K 2s
   550K .......... .......... .......... .......... .......... 57%  671K 2s
   600K .......... .......... .......... .......... .......... 62%  649K 1s
   650K .......... .......... .......... .......... .......... 67%  599K 1s
   700K .......... .......... .......... .......... .......... 72%  580K 1s
   750K .......... .......... .......... .......... .......... 77%  639K 1s
   800K .......... .......... .......... .......... .......... 82%  664K 1s
   850K .......... .......... .......... .......... .......... 86%  728K 0s
   900K .......... .......... .......... .......... .......... 91%  670K 0s
   950K .......... .......... .......... .......... .......... 96%  709K 0s
  1000K .......... .......... .......... .....                100%  747K=2.7s

226 Transfer complete.
2017-07-07 00:01:12 (377 KB/s) - ‘./domain/root.zone.gz’ saved [1060666]

Remote file is newer than local file ‘./domain/root.zone.gz.md5’ -- retrieving.

--2017-07-07 00:01:12--  ftp://ftp.internic.net/domain/root.zone.gz.md5
           => ‘./domain/root.zone.gz.md5’
==> CWD not required.
--> PASV

227 Entering Passive Mode (192,0,32,9,41,204)
--> RETR root.zone.gz.md5

150 Opening BINARY mode data connection for root.zone.gz.md5 (33 bytes).
Length: 33

     0K                                                       100%  262K=0s

226 Transfer complete.
2017-07-07 00:01:13 (262 KB/s) - ‘./domain/root.zone.gz.md5’ saved [33]

Remote file is newer than local file ‘./domain/root.zone.gz.sig’ -- retrieving.

--2017-07-07 00:01:13--  ftp://ftp.internic.net/domain/root.zone.gz.sig
           => ‘./domain/root.zone.gz.sig’
==> CWD not required.
--> PASV

227 Entering Passive Mode (192,0,32,9,184,218)
--> RETR root.zone.gz.sig

150 Opening BINARY mode data connection for root.zone.gz.sig (72 bytes).
Length: 72

     0K                                                       100%  740K=0s

226 Transfer complete.
2017-07-07 00:01:14 (740 KB/s) - ‘./domain/root.zone.gz.sig’ saved [72]

Remote file is newer than local file ‘./domain/root.zone.md5’ -- retrieving.

--2017-07-07 00:01:14--  ftp://ftp.internic.net/domain/root.zone.md5
           => ‘./domain/root.zone.md5’
==> CWD not required.
--> PASV

227 Entering Passive Mode (192,0,32,9,163,134)
--> RETR root.zone.md5

150 Opening BINARY mode data connection for root.zone.md5 (33 bytes).
Length: 33

     0K                                                       100%  269K=0s

226 Transfer complete.
2017-07-07 00:01:15 (269 KB/s) - ‘./domain/root.zone.md5’ saved [33]

Remote file is newer than local file ‘./domain/root.zone.sig’ -- retrieving.

--2017-07-07 00:01:15--  ftp://ftp.internic.net/domain/root.zone.sig
           => ‘./domain/root.zone.sig’
==> CWD not required.
--> PASV

227 Entering Passive Mode (192,0,32,9,20,113)
--> RETR root.zone.sig

150 Opening BINARY mode data connection for root.zone.sig (72 bytes).
Length: 72

     0K                                                       100% 1.46M=0s

226 Transfer complete.
2017-07-07 00:01:16 (1.46 MB/s) - ‘./domain/root.zone.sig’ saved [72]

FINISHED --2017-07-07 00:01:16--
Total wall clock time: 1m 14s
Downloaded: 40 files, 4.0M in 23s (174 KB/s)
