--2017-06-08 00:00:03--  ftp://ftp.internic.net/*
           => ‘./.listing’
Resolving ftp.internic.net (ftp.internic.net)... 192.0.32.9, 2620:0:2d0:200::9
Connecting to ftp.internic.net (ftp.internic.net)|192.0.32.9|:21... connected.
Logging in as anonymous ... 
220 Internic FTP Server
--> USER anonymous

331 Please specify the password.
--> PASS Turtle Power!

230 Login successful.
--> SYST

215 UNIX Type: L8
--> PWD

257 "/"
--> TYPE I

200 Switching to Binary mode.
==> CWD not needed.
--> PASV

227 Entering Passive Mode (192,0,32,9,142,135)
--> LIST -a

150 Here comes the directory listing.

     0K                                                        1.01M=0s

226 Directory send OK.
drwxr-xr-x    3 ftp      ftp          4096 Apr 04  2012 .
drwxr-xr-x    3 ftp      ftp          4096 Apr 04  2012 ..
drwxr-xr-x    2 ftp      ftp          4096 Sep 09  2015 domain
2017-06-08 00:00:10 (1.01 MB/s) - ‘./.listing’ saved [183]

--2017-06-08 00:00:10--  ftp://ftp.internic.net/domain/*
           => ‘./domain/.listing’
--> CWD /domain

250 Directory successfully changed.
--> PASV

227 Entering Passive Mode (192,0,32,9,67,64)
--> LIST -a

150 Here comes the directory listing.

     0K ...                                                    1.03M=0.004s

226 Directory send OK.
drwxr-xr-x    2 ftp      ftp          4096 Sep 09  2015 .
drwxr-xr-x    3 ftp      ftp          4096 Apr 04  2012 ..
-rw-r--r--    1 ftp      ftp          1829 Aug 18  2015 .listing
-rw-r--r--    1 ftp      ftp          1224 Jun 07 12:40 INTERNIC_ROOT_ZONE.signatures
-rw-r--r--    1 ftp      ftp          1469 Jun 07 12:40 INTERNIC_ROOT_ZONE.signatures.asc
-rw-r--r--    1 ftp      ftp         15228 Jun 07 12:40 arpa.zone
-rw-r--r--    1 ftp      ftp          6646 Jun 07 12:40 arpa.zone.gz
-rw-r--r--    1 ftp      ftp            33 Jun 07 12:40 arpa.zone.gz.md5
-rw-r--r--    1 ftp      ftp            72 Jun 07 12:40 arpa.zone.gz.sig
-rw-r--r--    1 ftp      ftp          3289 Jun 01 15:27 db.cache
-rw-r--r--    1 ftp      ftp            33 Jun 01 15:27 db.cache.md5
-rw-r--r--    1 ftp      ftp            72 Jun 01 15:27 db.cache.sig
-rw-r--r--    1 ftp      ftp        228369 Jun 07 15:40 in-addr.arpa
-rw-r--r--    1 ftp      ftp         90191 Jun 07 15:40 in-addr.arpa.gz
-rw-r--r--    1 ftp      ftp            55 Jun 07 15:40 in-addr.arpa.gz.md5
-rw-r--r--    1 ftp      ftp            90 Jun 07 15:40 in-addr.arpa.gz.sha256
-rw-r--r--    1 ftp      ftp            52 Jun 07 15:40 in-addr.arpa.md5
-rw-r--r--    1 ftp      ftp            87 Jun 07 15:40 in-addr.arpa.sha256
-rw-r--r--    1 ftp      ftp        228369 Jun 07 15:40 in-addr.arpa.zone
-rw-r--r--    1 ftp      ftp         90191 Jun 07 15:40 in-addr.arpa.zone.gz
-rw-r--r--    1 ftp      ftp            60 Jun 07 15:40 in-addr.arpa.zone.gz.md5
-rw-r--r--    1 ftp      ftp            95 Jun 07 15:40 in-addr.arpa.zone.gz.sha256
-rw-r--r--    1 ftp      ftp            57 Jun 07 15:40 in-addr.arpa.zone.md5
-rw-r--r--    1 ftp      ftp            92 Jun 07 15:40 in-addr.arpa.zone.sha256
-rw-r--r--    1 ftp      ftp         61264 Jun 07 15:40 ip6.arpa
-rw-r--r--    1 ftp      ftp         24257 Jun 07 15:40 ip6.arpa.gz
-rw-r--r--    1 ftp      ftp            51 Jun 07 15:40 ip6.arpa.gz.md5
-rw-r--r--    1 ftp      ftp            86 Jun 07 15:40 ip6.arpa.gz.sha256
-rw-r--r--    1 ftp      ftp            48 Jun 07 15:40 ip6.arpa.md5
-rw-r--r--    1 ftp      ftp            83 Jun 07 15:40 ip6.arpa.sha256
-rw-r--r--    1 ftp      ftp         61264 Jun 07 15:40 ip6.arpa.zone
-rw-r--r--    1 ftp      ftp         24257 Jun 07 15:40 ip6.arpa.zone.gz
-rw-r--r--    1 ftp      ftp            56 Jun 07 15:40 ip6.arpa.zone.gz.md5
-rw-r--r--    1 ftp      ftp            91 Jun 07 15:40 ip6.arpa.zone.gz.sha256
-rw-r--r--    1 ftp      ftp            53 Jun 07 15:40 ip6.arpa.zone.md5
-rw-r--r--    1 ftp      ftp            88 Jun 07 15:40 ip6.arpa.zone.sha256
-rw-r--r--    1 ftp      ftp            21 Jun 07 15:40 last_update.txt
-rw-r--r--    1 ftp      ftp          3289 Jun 01 15:27 named.cache
-rw-r--r--    1 ftp      ftp            33 Jun 01 15:27 named.cache.md5
-rw-r--r--    1 ftp      ftp            72 Jun 01 15:27 named.cache.sig
-rw-r--r--    1 ftp      ftp          3289 Jun 01 15:27 named.root
-rw-r--r--    1 ftp      ftp            33 Jun 01 15:27 named.root.md5
-rw-r--r--    1 ftp      ftp            72 Jun 01 15:27 named.root.sig
-rw-r--r--    1 ftp      ftp          2111 Jun 01 15:27 root-servers.net.zone
-rw-r--r--    1 ftp      ftp           575 Jun 01 15:27 root-servers.net.zone.gz
-rw-r--r--    1 ftp      ftp            33 Jun 01 15:27 root-servers.net.zone.gz.md5
-rw-r--r--    1 ftp      ftp            72 Jun 01 15:27 root-servers.net.zone.gz.sig
-rw-r--r--    1 ftp      ftp       2237460 Jun 07 05:58 root.zone
-rw-r--r--    1 ftp      ftp       1050621 Jun 07 05:58 root.zone.gz
-rw-r--r--    1 ftp      ftp            33 Jun 07 05:58 root.zone.gz.md5
-rw-r--r--    1 ftp      ftp            72 Jun 07 05:58 root.zone.gz.sig
-rw-r--r--    1 ftp      ftp            33 Jun 07 05:58 root.zone.md5
-rw-r--r--    1 ftp      ftp            72 Jun 07 05:58 root.zone.sig
2017-06-08 00:00:12 (1.03 MB/s) - ‘./domain/.listing’ saved [3930]

The sizes do not match (local 3930) -- retrieving.

--2017-06-08 00:00:12--  ftp://ftp.internic.net/domain/.listing
           => ‘./domain/.listing’
==> CWD not required.
--> PASV

227 Entering Passive Mode (192,0,32,9,41,229)
--> RETR .listing

150 Opening BINARY mode data connection for .listing (1829 bytes).
Length: 1829 (1.8K)

     0K .                                                     100% 36.3M=0s

226 Transfer complete.
2017-06-08 00:00:14 (36.3 MB/s) - ‘./domain/.listing’ saved [1829]

Remote file is newer than local file ‘./domain/INTERNIC_ROOT_ZONE.signatures’ -- retrieving.

--2017-06-08 00:00:14--  ftp://ftp.internic.net/domain/INTERNIC_ROOT_ZONE.signatures
           => ‘./domain/INTERNIC_ROOT_ZONE.signatures’
==> CWD not required.
--> PASV

227 Entering Passive Mode (192,0,32,9,42,233)
--> RETR INTERNIC_ROOT_ZONE.signatures

150 Opening BINARY mode data connection for INTERNIC_ROOT_ZONE.signatures (1224 bytes).
Length: 1224 (1.2K)

     0K .                                                     100% 9.34M=0s

226 Transfer complete.
2017-06-08 00:00:16 (9.34 MB/s) - ‘./domain/INTERNIC_ROOT_ZONE.signatures’ saved [1224]

Remote file is newer than local file ‘./domain/INTERNIC_ROOT_ZONE.signatures.asc’ -- retrieving.

--2017-06-08 00:00:16--  ftp://ftp.internic.net/domain/INTERNIC_ROOT_ZONE.signatures.asc
           => ‘./domain/INTERNIC_ROOT_ZONE.signatures.asc’
==> CWD not required.
--> PASV

227 Entering Passive Mode (192,0,32,9,42,198)
--> RETR INTERNIC_ROOT_ZONE.signatures.asc

150 Opening BINARY mode data connection for INTERNIC_ROOT_ZONE.signatures.asc (1469 bytes).
Length: 1469 (1.4K)

     0K .                                                     100% 12.6M=0s

226 Transfer complete.
2017-06-08 00:00:18 (12.6 MB/s) - ‘./domain/INTERNIC_ROOT_ZONE.signatures.asc’ saved [1469]

Remote file is newer than local file ‘./domain/arpa.zone’ -- retrieving.

--2017-06-08 00:00:18--  ftp://ftp.internic.net/domain/arpa.zone
           => ‘./domain/arpa.zone’
==> CWD not required.
--> PASV

227 Entering Passive Mode (192,0,32,9,171,242)
--> RETR arpa.zone

150 Opening BINARY mode data connection for arpa.zone (15228 bytes).
Length: 15228 (15K)

     0K .......... ....                                       100% 36.6M=0s

226 Transfer complete.
2017-06-08 00:00:19 (36.6 MB/s) - ‘./domain/arpa.zone’ saved [15228]

The sizes do not match (local 6651) -- retrieving.

--2017-06-08 00:00:19--  ftp://ftp.internic.net/domain/arpa.zone.gz
           => ‘./domain/arpa.zone.gz’
==> CWD not required.
--> PASV

227 Entering Passive Mode (192,0,32,9,165,172)
--> RETR arpa.zone.gz

150 Opening BINARY mode data connection for arpa.zone.gz (6646 bytes).
Length: 6646 (6.5K)

     0K ......                                                100% 66.7M=0s

226 Transfer complete.
2017-06-08 00:00:21 (66.7 MB/s) - ‘./domain/arpa.zone.gz’ saved [6646]

Remote file is newer than local file ‘./domain/arpa.zone.gz.md5’ -- retrieving.

--2017-06-08 00:00:21--  ftp://ftp.internic.net/domain/arpa.zone.gz.md5
           => ‘./domain/arpa.zone.gz.md5’
==> CWD not required.
--> PASV

227 Entering Passive Mode (192,0,32,9,182,26)
--> RETR arpa.zone.gz.md5

150 Opening BINARY mode data connection for arpa.zone.gz.md5 (33 bytes).
Length: 33

     0K                                                       100%  393K=0s

226 Transfer complete.
2017-06-08 00:00:22 (393 KB/s) - ‘./domain/arpa.zone.gz.md5’ saved [33]

Remote file is newer than local file ‘./domain/arpa.zone.gz.sig’ -- retrieving.

--2017-06-08 00:00:22--  ftp://ftp.internic.net/domain/arpa.zone.gz.sig
           => ‘./domain/arpa.zone.gz.sig’
==> CWD not required.
--> PASV

227 Entering Passive Mode (192,0,32,9,41,21)
--> RETR arpa.zone.gz.sig

150 Opening BINARY mode data connection for arpa.zone.gz.sig (72 bytes).
Length: 72

     0K                                                       100% 1019K=0s

226 Transfer complete.
2017-06-08 00:00:24 (1019 KB/s) - ‘./domain/arpa.zone.gz.sig’ saved [72]

Remote file no newer than local file ‘./domain/db.cache’ -- not retrieving.
Remote file no newer than local file ‘./domain/db.cache.md5’ -- not retrieving.
Remote file no newer than local file ‘./domain/db.cache.sig’ -- not retrieving.
Remote file is newer than local file ‘./domain/in-addr.arpa’ -- retrieving.

--2017-06-08 00:00:24--  ftp://ftp.internic.net/domain/in-addr.arpa
           => ‘./domain/in-addr.arpa’
==> CWD not required.
--> PASV

227 Entering Passive Mode (192,0,32,9,80,3)
--> RETR in-addr.arpa

150 Opening BINARY mode data connection for in-addr.arpa (228369 bytes).
Length: 228369 (223K)

     0K .......... .......... .......... .......... .......... 22% 40.7K 4s
    50K .......... .......... .......... .......... .......... 44% 40.7K 3s
   100K .......... .......... .......... .......... .......... 67%  121K 1s
   150K .......... .......... .......... .......... .......... 89%  121K 0s
   200K .......... .......... ...                             100% 25.3K=4.2s

226 Transfer complete.
2017-06-08 00:00:31 (53.2 KB/s) - ‘./domain/in-addr.arpa’ saved [228369]

The sizes do not match (local 90200) -- retrieving.

--2017-06-08 00:00:31--  ftp://ftp.internic.net/domain/in-addr.arpa.gz
           => ‘./domain/in-addr.arpa.gz’
==> CWD not required.
--> PASV

227 Entering Passive Mode (192,0,32,9,42,60)
--> RETR in-addr.arpa.gz

150 Opening BINARY mode data connection for in-addr.arpa.gz (90191 bytes).
Length: 90191 (88K)

     0K .......... .......... .......... .......... .......... 56% 48.7K 1s
    50K .......... .......... .......... ........             100% 46.6K=1.8s

226 Transfer complete.
2017-06-08 00:00:34 (47.7 KB/s) - ‘./domain/in-addr.arpa.gz’ saved [90191]

Remote file is newer than local file ‘./domain/in-addr.arpa.gz.md5’ -- retrieving.

--2017-06-08 00:00:34--  ftp://ftp.internic.net/domain/in-addr.arpa.gz.md5
           => ‘./domain/in-addr.arpa.gz.md5’
==> CWD not required.
--> PASV

227 Entering Passive Mode (192,0,32,9,15,108)
--> RETR in-addr.arpa.gz.md5

150 Opening BINARY mode data connection for in-addr.arpa.gz.md5 (55 bytes).
Length: 55

     0K                                                       100%  647K=0s

226 Transfer complete.
2017-06-08 00:00:36 (647 KB/s) - ‘./domain/in-addr.arpa.gz.md5’ saved [55]

Remote file is newer than local file ‘./domain/in-addr.arpa.gz.sha256’ -- retrieving.

--2017-06-08 00:00:37--  ftp://ftp.internic.net/domain/in-addr.arpa.gz.sha256
           => ‘./domain/in-addr.arpa.gz.sha256’
==> CWD not required.
--> PASV

227 Entering Passive Mode (192,0,32,9,103,20)
--> RETR in-addr.arpa.gz.sha256

150 Opening BINARY mode data connection for in-addr.arpa.gz.sha256 (90 bytes).
Length: 90

     0K                                                       100% 1.32M=0s

226 Transfer complete.
2017-06-08 00:00:38 (1.32 MB/s) - ‘./domain/in-addr.arpa.gz.sha256’ saved [90]

Remote file is newer than local file ‘./domain/in-addr.arpa.md5’ -- retrieving.

--2017-06-08 00:00:38--  ftp://ftp.internic.net/domain/in-addr.arpa.md5
           => ‘./domain/in-addr.arpa.md5’
==> CWD not required.
--> PASV

227 Entering Passive Mode (192,0,32,9,6,175)
--> RETR in-addr.arpa.md5

150 Opening BINARY mode data connection for in-addr.arpa.md5 (52 bytes).
Length: 52

     0K                                                       100%  635K=0s

226 Transfer complete.
2017-06-08 00:00:40 (635 KB/s) - ‘./domain/in-addr.arpa.md5’ saved [52]

Remote file is newer than local file ‘./domain/in-addr.arpa.sha256’ -- retrieving.

--2017-06-08 00:00:40--  ftp://ftp.internic.net/domain/in-addr.arpa.sha256
           => ‘./domain/in-addr.arpa.sha256’
==> CWD not required.
--> PASV

227 Entering Passive Mode (192,0,32,9,210,84)
--> RETR in-addr.arpa.sha256

150 Opening BINARY mode data connection for in-addr.arpa.sha256 (87 bytes).
Length: 87

     0K                                                       100%  265K=0s

226 Transfer complete.
2017-06-08 00:00:42 (265 KB/s) - ‘./domain/in-addr.arpa.sha256’ saved [87]

Remote file is newer than local file ‘./domain/in-addr.arpa.zone’ -- retrieving.

--2017-06-08 00:00:42--  ftp://ftp.internic.net/domain/in-addr.arpa.zone
           => ‘./domain/in-addr.arpa.zone’
==> CWD not required.
--> PASV

227 Entering Passive Mode (192,0,32,9,41,112)
--> RETR in-addr.arpa.zone

150 Opening BINARY mode data connection for in-addr.arpa.zone (228369 bytes).
Length: 228369 (223K)

     0K .......... .......... .......... .......... .......... 22% 42.0K 4s
    50K .......... .......... .......... .......... .......... 44% 47.2K 3s
   100K .......... .......... .......... .......... .......... 67% 35.0K 2s
   150K .......... .......... .......... .......... .......... 89% 40.5K 1s
   200K .......... .......... ...                             100% 5.91K=8.8s

226 Transfer complete.
2017-06-08 00:00:55 (25.3 KB/s) - ‘./domain/in-addr.arpa.zone’ saved [228369]

The sizes do not match (local 90200) -- retrieving.

--2017-06-08 00:00:55--  ftp://ftp.internic.net/domain/in-addr.arpa.zone.gz
           => ‘./domain/in-addr.arpa.zone.gz’
==> CWD not required.
--> PASV

227 Entering Passive Mode (192,0,32,9,232,225)
--> RETR in-addr.arpa.zone.gz

150 Opening BINARY mode data connection for in-addr.arpa.zone.gz (90191 bytes).
Length: 90191 (88K)

     0K .......... .......... .......... .......... .......... 56% 41.4K 1s
    50K .......... .......... .......... ........             100% 46.2K=2.0s

226 Transfer complete.
2017-06-08 00:00:59 (43.3 KB/s) - ‘./domain/in-addr.arpa.zone.gz’ saved [90191]

Remote file is newer than local file ‘./domain/in-addr.arpa.zone.gz.md5’ -- retrieving.

--2017-06-08 00:00:59--  ftp://ftp.internic.net/domain/in-addr.arpa.zone.gz.md5
           => ‘./domain/in-addr.arpa.zone.gz.md5’
==> CWD not required.
--> PASV

227 Entering Passive Mode (192,0,32,9,193,141)
--> RETR in-addr.arpa.zone.gz.md5

150 Opening BINARY mode data connection for in-addr.arpa.zone.gz.md5 (60 bytes).
Length: 60

     0K                                                       100%  269K=0s

226 Transfer complete.
2017-06-08 00:01:01 (269 KB/s) - ‘./domain/in-addr.arpa.zone.gz.md5’ saved [60]

Remote file is newer than local file ‘./domain/in-addr.arpa.zone.gz.sha256’ -- retrieving.

--2017-06-08 00:01:01--  ftp://ftp.internic.net/domain/in-addr.arpa.zone.gz.sha256
           => ‘./domain/in-addr.arpa.zone.gz.sha256’
==> CWD not required.
--> PASV

227 Entering Passive Mode (192,0,32,9,35,191)
--> RETR in-addr.arpa.zone.gz.sha256

150 Opening BINARY mode data connection for in-addr.arpa.zone.gz.sha256 (95 bytes).
Length: 95

     0K                                                       100% 76.9K=0.001s

226 Transfer complete.
2017-06-08 00:01:02 (76.9 KB/s) - ‘./domain/in-addr.arpa.zone.gz.sha256’ saved [95]

Remote file is newer than local file ‘./domain/in-addr.arpa.zone.md5’ -- retrieving.

--2017-06-08 00:01:03--  ftp://ftp.internic.net/domain/in-addr.arpa.zone.md5
           => ‘./domain/in-addr.arpa.zone.md5’
==> CWD not required.
--> PASV

227 Entering Passive Mode (192,0,32,9,19,32)
--> RETR in-addr.arpa.zone.md5

150 Opening BINARY mode data connection for in-addr.arpa.zone.md5 (57 bytes).
Length: 57

     0K                                                       100%  618K=0s

226 Transfer complete.
2017-06-08 00:01:06 (618 KB/s) - ‘./domain/in-addr.arpa.zone.md5’ saved [57]

Remote file is newer than local file ‘./domain/in-addr.arpa.zone.sha256’ -- retrieving.

--2017-06-08 00:01:06--  ftp://ftp.internic.net/domain/in-addr.arpa.zone.sha256
           => ‘./domain/in-addr.arpa.zone.sha256’
==> CWD not required.
--> PASV

227 Entering Passive Mode (192,0,32,9,167,75)
--> RETR in-addr.arpa.zone.sha256

150 Opening BINARY mode data connection for in-addr.arpa.zone.sha256 (92 bytes).
Length: 92

     0K                                                       100% 1.19M=0s

226 Transfer complete.
2017-06-08 00:01:07 (1.19 MB/s) - ‘./domain/in-addr.arpa.zone.sha256’ saved [92]

Remote file is newer than local file ‘./domain/ip6.arpa’ -- retrieving.

--2017-06-08 00:01:07--  ftp://ftp.internic.net/domain/ip6.arpa
           => ‘./domain/ip6.arpa’
==> CWD not required.
--> PASV

227 Entering Passive Mode (192,0,32,9,196,104)
--> RETR ip6.arpa

150 Opening BINARY mode data connection for ip6.arpa (61264 bytes).
Length: 61264 (60K)

     0K .......... .......... .......... .......... .......... 83% 40.8K 0s
    50K .........                                             100% 26.1K=1.6s

226 Transfer complete.
2017-06-08 00:01:10 (37.3 KB/s) - ‘./domain/ip6.arpa’ saved [61264]

Remote file is newer than local file ‘./domain/ip6.arpa.gz’ -- retrieving.

--2017-06-08 00:01:10--  ftp://ftp.internic.net/domain/ip6.arpa.gz
           => ‘./domain/ip6.arpa.gz’
==> CWD not required.
--> PASV

227 Entering Passive Mode (192,0,32,9,16,99)
--> RETR ip6.arpa.gz

150 Opening BINARY mode data connection for ip6.arpa.gz (24257 bytes).
Length: 24257 (24K)

     0K .......... .......... ...                             100% 59.0K=0.4s

226 Transfer complete.
2017-06-08 00:01:12 (59.0 KB/s) - ‘./domain/ip6.arpa.gz’ saved [24257]

Remote file is newer than local file ‘./domain/ip6.arpa.gz.md5’ -- retrieving.

--2017-06-08 00:01:13--  ftp://ftp.internic.net/domain/ip6.arpa.gz.md5
           => ‘./domain/ip6.arpa.gz.md5’
==> CWD not required.
--> PASV

227 Entering Passive Mode (192,0,32,9,173,107)
--> RETR ip6.arpa.gz.md5

150 Opening BINARY mode data connection for ip6.arpa.gz.md5 (51 bytes).
Length: 51

     0K                                                       100%  361K=0s

226 Transfer complete.
2017-06-08 00:01:14 (361 KB/s) - ‘./domain/ip6.arpa.gz.md5’ saved [51]

Remote file is newer than local file ‘./domain/ip6.arpa.gz.sha256’ -- retrieving.

--2017-06-08 00:01:14--  ftp://ftp.internic.net/domain/ip6.arpa.gz.sha256
           => ‘./domain/ip6.arpa.gz.sha256’
==> CWD not required.
--> PASV

227 Entering Passive Mode (192,0,32,9,41,154)
--> RETR ip6.arpa.gz.sha256

150 Opening BINARY mode data connection for ip6.arpa.gz.sha256 (86 bytes).
Length: 86

     0K                                                       100% 1.55M=0s

226 Transfer complete.
2017-06-08 00:01:16 (1.55 MB/s) - ‘./domain/ip6.arpa.gz.sha256’ saved [86]

Remote file is newer than local file ‘./domain/ip6.arpa.md5’ -- retrieving.

--2017-06-08 00:01:16--  ftp://ftp.internic.net/domain/ip6.arpa.md5
           => ‘./domain/ip6.arpa.md5’
==> CWD not required.
--> PASV

227 Entering Passive Mode (192,0,32,9,241,151)
--> RETR ip6.arpa.md5

150 Opening BINARY mode data connection for ip6.arpa.md5 (48 bytes).
Length: 48

     0K                                                       100%  168K=0s

226 Transfer complete.
2017-06-08 00:01:18 (168 KB/s) - ‘./domain/ip6.arpa.md5’ saved [48]

Remote file is newer than local file ‘./domain/ip6.arpa.sha256’ -- retrieving.

--2017-06-08 00:01:18--  ftp://ftp.internic.net/domain/ip6.arpa.sha256
           => ‘./domain/ip6.arpa.sha256’
==> CWD not required.
--> PASV

227 Entering Passive Mode (192,0,32,9,132,18)
--> RETR ip6.arpa.sha256

150 Opening BINARY mode data connection for ip6.arpa.sha256 (83 bytes).
Length: 83

     0K                                                       100%  659K=0s

226 Transfer complete.
2017-06-08 00:01:19 (659 KB/s) - ‘./domain/ip6.arpa.sha256’ saved [83]

Remote file is newer than local file ‘./domain/ip6.arpa.zone’ -- retrieving.

--2017-06-08 00:01:19--  ftp://ftp.internic.net/domain/ip6.arpa.zone
           => ‘./domain/ip6.arpa.zone’
==> CWD not required.
--> PASV

227 Entering Passive Mode (192,0,32,9,236,176)
--> RETR ip6.arpa.zone

150 Opening BINARY mode data connection for ip6.arpa.zone (61264 bytes).
Length: 61264 (60K)

     0K .......... .......... .......... .......... .......... 83% 54.7K 0s
    50K .........                                             100% 4.38M=0.9s

226 Transfer complete.
2017-06-08 00:01:23 (65.3 KB/s) - ‘./domain/ip6.arpa.zone’ saved [61264]

Remote file is newer than local file ‘./domain/ip6.arpa.zone.gz’ -- retrieving.

--2017-06-08 00:01:23--  ftp://ftp.internic.net/domain/ip6.arpa.zone.gz
           => ‘./domain/ip6.arpa.zone.gz’
==> CWD not required.
--> PASV

227 Entering Passive Mode (192,0,32,9,38,26)
--> RETR ip6.arpa.zone.gz

150 Opening BINARY mode data connection for ip6.arpa.zone.gz (24257 bytes).
Length: 24257 (24K)

     0K .......... .......... ...                             100% 71.0K=0.3s

226 Transfer complete.
2017-06-08 00:01:25 (71.0 KB/s) - ‘./domain/ip6.arpa.zone.gz’ saved [24257]

Remote file is newer than local file ‘./domain/ip6.arpa.zone.gz.md5’ -- retrieving.

--2017-06-08 00:01:25--  ftp://ftp.internic.net/domain/ip6.arpa.zone.gz.md5
           => ‘./domain/ip6.arpa.zone.gz.md5’
==> CWD not required.
--> PASV

227 Entering Passive Mode (192,0,32,9,102,15)
--> RETR ip6.arpa.zone.gz.md5

150 Opening BINARY mode data connection for ip6.arpa.zone.gz.md5 (56 bytes).
Length: 56

     0K                                                       100% 1.21M=0s

226 Transfer complete.
2017-06-08 00:01:26 (1.21 MB/s) - ‘./domain/ip6.arpa.zone.gz.md5’ saved [56]

Remote file is newer than local file ‘./domain/ip6.arpa.zone.gz.sha256’ -- retrieving.

--2017-06-08 00:01:26--  ftp://ftp.internic.net/domain/ip6.arpa.zone.gz.sha256
           => ‘./domain/ip6.arpa.zone.gz.sha256’
==> CWD not required.
--> PASV

227 Entering Passive Mode (192,0,32,9,41,191)
--> RETR ip6.arpa.zone.gz.sha256

150 Opening BINARY mode data connection for ip6.arpa.zone.gz.sha256 (91 bytes).
Length: 91

     0K                                                       100% 1.93M=0s

226 Transfer complete.
2017-06-08 00:01:28 (1.93 MB/s) - ‘./domain/ip6.arpa.zone.gz.sha256’ saved [91]

Remote file is newer than local file ‘./domain/ip6.arpa.zone.md5’ -- retrieving.

--2017-06-08 00:01:28--  ftp://ftp.internic.net/domain/ip6.arpa.zone.md5
           => ‘./domain/ip6.arpa.zone.md5’
==> CWD not required.
--> PASV

227 Entering Passive Mode (192,0,32,9,62,50)
--> RETR ip6.arpa.zone.md5

150 Opening BINARY mode data connection for ip6.arpa.zone.md5 (53 bytes).
Length: 53

     0K                                                       100%  908K=0s

226 Transfer complete.
2017-06-08 00:01:29 (908 KB/s) - ‘./domain/ip6.arpa.zone.md5’ saved [53]

Remote file is newer than local file ‘./domain/ip6.arpa.zone.sha256’ -- retrieving.

--2017-06-08 00:01:29--  ftp://ftp.internic.net/domain/ip6.arpa.zone.sha256
           => ‘./domain/ip6.arpa.zone.sha256’
==> CWD not required.
--> PASV

227 Entering Passive Mode (192,0,32,9,235,61)
--> RETR ip6.arpa.zone.sha256

150 Opening BINARY mode data connection for ip6.arpa.zone.sha256 (88 bytes).
Length: 88

     0K                                                       100% 2.19K=0.04s

226 Transfer complete.
2017-06-08 00:01:31 (2.19 KB/s) - ‘./domain/ip6.arpa.zone.sha256’ saved [88]

Remote file is newer than local file ‘./domain/last_update.txt’ -- retrieving.

--2017-06-08 00:01:31--  ftp://ftp.internic.net/domain/last_update.txt
           => ‘./domain/last_update.txt’
==> CWD not required.
--> PASV

227 Entering Passive Mode (192,0,32,9,41,90)
--> RETR last_update.txt

150 Opening BINARY mode data connection for last_update.txt (21 bytes).
Length: 21

     0K                                                       100%  456K=0s

226 Transfer complete.
2017-06-08 00:01:32 (456 KB/s) - ‘./domain/last_update.txt’ saved [21]

Remote file no newer than local file ‘./domain/named.cache’ -- not retrieving.
Remote file no newer than local file ‘./domain/named.cache.md5’ -- not retrieving.
Remote file no newer than local file ‘./domain/named.cache.sig’ -- not retrieving.
Remote file no newer than local file ‘./domain/named.root’ -- not retrieving.
Remote file no newer than local file ‘./domain/named.root.md5’ -- not retrieving.
Remote file no newer than local file ‘./domain/named.root.sig’ -- not retrieving.
Remote file no newer than local file ‘./domain/root-servers.net.zone’ -- not retrieving.
Remote file no newer than local file ‘./domain/root-servers.net.zone.gz’ -- not retrieving.
Remote file no newer than local file ‘./domain/root-servers.net.zone.gz.md5’ -- not retrieving.
Remote file no newer than local file ‘./domain/root-servers.net.zone.gz.sig’ -- not retrieving.
The sizes do not match (local 2237298) -- retrieving.

--2017-06-08 00:01:32--  ftp://ftp.internic.net/domain/root.zone
           => ‘./domain/root.zone’
==> CWD not required.
--> PASV

227 Entering Passive Mode (192,0,32,9,206,141)
--> RETR root.zone

150 Opening BINARY mode data connection for root.zone (2237460 bytes).
Length: 2237460 (2.1M)

     0K .......... .......... .......... .......... ..........  2% 40.4K 53s
    50K .......... .......... .......... .......... ..........  4% 40.9K 51s
   100K .......... .......... .......... .......... ..........  6% 48.8K 47s
   150K .......... .......... .......... .......... ..........  9% 16.3K 65s
   200K .......... .......... .......... .......... .......... 11% 32.5K 63s
   250K .......... .......... .......... .......... .......... 13% 44.5K 58s
   300K .......... .......... .......... .......... .......... 16% 60.5K 53s
   350K .......... .......... .......... .......... .......... 18% 61.2K 48s
   400K .......... .......... .......... .......... .......... 20% 15.3K 54s
   450K .......... .......... .......... .......... .......... 22% 20.3K 56s
   500K .......... .......... .......... .......... .......... 25% 7.29K 70s
   550K .......... .......... .......... .......... .......... 27% 10.3K 75s
   600K .......... .......... .......... .......... .......... 29% 27.9K 71s
   650K .......... .......... .......... .......... .......... 32% 24.4K 68s
   700K .......... .......... .......... .......... .......... 34% 10.2K 71s
   750K .......... .......... .......... .......... .......... 36% 5.81K 79s
   800K .......... .......... .......... .......... .......... 38% 9.76K 80s
   850K .......... .......... .......... .......... .......... 41% 11.1K 79s
   900K .......... .......... .......... .......... .......... 43% 20.4K 75s
   950K .......... .......... .......... .......... .......... 45% 46.4K 70s
  1000K .......... .......... .......... .......... .......... 48% 65.2K 64s
  1050K .......... .......... .......... .......... .......... 50% 60.8K 60s
  1100K .......... .......... .......... .......... .......... 52% 61.2K 55s
  1150K .......... .......... .......... .......... .......... 54% 40.6K 51s
  1200K .......... .......... .......... .......... .......... 57% 81.9K 47s
  1250K .......... .......... .......... .......... .......... 59% 61.1K 44s
  1300K .......... .......... .......... .......... .......... 61% 40.6K 40s
  1350K .......... .......... .......... .......... .......... 64% 61.1K 37s
  1400K .......... .......... .......... .......... .......... 66% 60.6K 34s
  1450K .......... .......... .......... .......... .......... 68% 35.1K 31s
  1500K .......... .......... .......... .......... .......... 70% 17.4K 29s
  1550K .......... .......... .......... .......... .......... 73% 60.9K 26s
  1600K .......... .......... .......... .......... .......... 75% 45.4K 24s
  1650K .......... .......... .......... .......... .......... 77% 68.0K 21s
  1700K .......... .......... .......... .......... .......... 80%  120K 18s
  1750K .......... .......... .......... .......... .......... 82% 60.8K 16s
  1800K .......... .......... .......... .......... .......... 84% 44.7K 14s
  1850K .......... .......... .......... .......... .......... 86% 30.7K 12s
  1900K .......... .......... .......... .......... .......... 89% 12.5K 10s
  1950K .......... .......... .......... .......... .......... 91% 34.9K 8s
  2000K .......... .......... .......... .......... .......... 93% 33.7K 6s
  2050K .......... .......... .......... .......... .......... 96% 26.3K 4s
  2100K .......... .......... .......... .......... .......... 98% 32.1K 1s
  2150K .......... .......... .......... .....                100% 7.17K=93s

226 Transfer complete.
2017-06-08 00:03:06 (23.5 KB/s) - ‘./domain/root.zone’ saved [2237460]

The sizes do not match (local 1050443) -- retrieving.

--2017-06-08 00:03:07--  ftp://ftp.internic.net/domain/root.zone.gz
           => ‘./domain/root.zone.gz’
==> CWD not required.
--> PASV

227 Entering Passive Mode (192,0,32,9,42,99)
--> RETR root.zone.gz

150 Opening BINARY mode data connection for root.zone.gz (1050621 bytes).
Length: 1050621 (1.0M)

     0K .......... .......... .......... .......... ..........  4% 44.1K 22s
    50K .......... .......... .......... .......... ..........  9% 41.0K 22s
   100K .......... .......... .......... .......... .......... 14% 60.8K 19s
   150K .......... .......... .......... .......... .......... 19% 61.4K 16s
   200K .......... .......... .......... .......... .......... 24% 97.4K 14s
   250K .......... .......... .......... .......... .......... 29% 4.71M 11s
   300K .......... .......... .......... .......... .......... 34%  160K 9s
   350K .......... .......... .......... .......... .......... 38% 60.7K 9s
   400K .......... .......... .......... .......... .......... 43% 44.3M 7s
   450K .......... .......... .......... .......... .......... 48% 46.9M 6s
   500K .......... .......... .......... .......... .......... 53%  127K 5s
   550K .......... .......... .......... .......... .......... 58%  121K 5s
   600K .......... .......... .......... .......... .......... 63% 40.9K 4s
   650K .......... .......... .......... .......... .......... 68% 97.5M 4s
   700K .......... .......... .......... .......... .......... 73% 33.7M 3s
   750K .......... .......... .......... .......... .......... 77% 53.0K 2s
   800K .......... .......... .......... .......... .......... 82% 2.83M 2s
   850K .......... .......... .......... .......... .......... 87% 90.1M 1s
   900K .......... .......... .......... .......... .......... 92% 42.7K 1s
   950K .......... .......... .......... .......... .......... 97% 14.1M 0s
  1000K .......... .......... .....                           100% 80.9K=10s

226 Transfer complete.
2017-06-08 00:03:18 (101 KB/s) - ‘./domain/root.zone.gz’ saved [1050621]

Remote file is newer than local file ‘./domain/root.zone.gz.md5’ -- retrieving.

--2017-06-08 00:03:18--  ftp://ftp.internic.net/domain/root.zone.gz.md5
           => ‘./domain/root.zone.gz.md5’
==> CWD not required.
--> PASV

227 Entering Passive Mode (192,0,32,9,239,227)
--> RETR root.zone.gz.md5

150 Opening BINARY mode data connection for root.zone.gz.md5 (33 bytes).
Length: 33

     0K                                                       100%  481K=0s

226 Transfer complete.
2017-06-08 00:03:20 (481 KB/s) - ‘./domain/root.zone.gz.md5’ saved [33]

Remote file is newer than local file ‘./domain/root.zone.gz.sig’ -- retrieving.

--2017-06-08 00:03:20--  ftp://ftp.internic.net/domain/root.zone.gz.sig
           => ‘./domain/root.zone.gz.sig’
==> CWD not required.
--> PASV

227 Entering Passive Mode (192,0,32,9,220,250)
--> RETR root.zone.gz.sig

150 Opening BINARY mode data connection for root.zone.gz.sig (72 bytes).
Length: 72

     0K                                                       100%  963K=0s

226 Transfer complete.
2017-06-08 00:03:22 (963 KB/s) - ‘./domain/root.zone.gz.sig’ saved [72]

Remote file is newer than local file ‘./domain/root.zone.md5’ -- retrieving.

--2017-06-08 00:03:22--  ftp://ftp.internic.net/domain/root.zone.md5
           => ‘./domain/root.zone.md5’
==> CWD not required.
--> PASV

227 Entering Passive Mode (192,0,32,9,231,59)
--> RETR root.zone.md5

150 Opening BINARY mode data connection for root.zone.md5 (33 bytes).
Length: 33

     0K                                                       100%  358K=0s

226 Transfer complete.
2017-06-08 00:03:24 (358 KB/s) - ‘./domain/root.zone.md5’ saved [33]

Remote file is newer than local file ‘./domain/root.zone.sig’ -- retrieving.

--2017-06-08 00:03:24--  ftp://ftp.internic.net/domain/root.zone.sig
           => ‘./domain/root.zone.sig’
==> CWD not required.
--> PASV

227 Entering Passive Mode (192,0,32,9,48,150)
--> RETR root.zone.sig

150 Opening BINARY mode data connection for root.zone.sig (72 bytes).
Length: 72

     0K                                                       100% 1004K=0s

226 Transfer complete.
2017-06-08 00:03:26 (1004 KB/s) - ‘./domain/root.zone.sig’ saved [72]

FINISHED --2017-06-08 00:03:26--
Total wall clock time: 3m 23s
Downloaded: 40 files, 3.9M in 2m 3s (32.7 KB/s)
