--2017-05-09 00:00:03--  ftp://ftp.internic.net/*
           => ‘./.listing’
Resolving ftp.internic.net (ftp.internic.net)... 192.0.32.9, 2620:0:2d0:200::9
Connecting to ftp.internic.net (ftp.internic.net)|192.0.32.9|:21... connected.
Logging in as anonymous ... 
220 Internic FTP Server
--> USER anonymous

331 Please specify the password.
--> PASS Turtle Power!

230 Login successful.
--> SYST

215 UNIX Type: L8
--> PWD

257 "/"
--> TYPE I

200 Switching to Binary mode.
==> CWD not needed.
--> PASV

227 Entering Passive Mode (192,0,32,9,196,120)
--> LIST -a

150 Here comes the directory listing.

     0K                                                         524K=0s

226 Directory send OK.
drwxr-xr-x    3 ftp      ftp          4096 Apr 04  2012 .
drwxr-xr-x    3 ftp      ftp          4096 Apr 04  2012 ..
drwxr-xr-x    2 ftp      ftp          4096 Sep 09  2015 domain
2017-05-09 00:00:21 (524 KB/s) - ‘./.listing’ saved [183]

--2017-05-09 00:00:21--  ftp://ftp.internic.net/domain/*
           => ‘./domain/.listing’
--> CWD /domain

250 Directory successfully changed.
--> PASV

227 Entering Passive Mode (192,0,32,9,129,71)
--> LIST -a

150 Here comes the directory listing.

     0K ...                                                     164K=0.02s

226 Directory send OK.
drwxr-xr-x    2 ftp      ftp          4096 Sep 09  2015 .
drwxr-xr-x    3 ftp      ftp          4096 Apr 04  2012 ..
-rw-r--r--    1 ftp      ftp          1829 Aug 18  2015 .listing
-rw-r--r--    1 ftp      ftp          1224 May 08 12:16 INTERNIC_ROOT_ZONE.signatures
-rw-r--r--    1 ftp      ftp          1469 May 08 12:16 INTERNIC_ROOT_ZONE.signatures.asc
-rw-r--r--    1 ftp      ftp         15228 May 08 12:16 arpa.zone
-rw-r--r--    1 ftp      ftp          6652 May 08 12:16 arpa.zone.gz
-rw-r--r--    1 ftp      ftp            33 May 08 12:16 arpa.zone.gz.md5
-rw-r--r--    1 ftp      ftp            72 May 08 12:16 arpa.zone.gz.sig
-rw-r--r--    1 ftp      ftp          3289 Apr 11 15:01 db.cache
-rw-r--r--    1 ftp      ftp            33 Apr 11 15:01 db.cache.md5
-rw-r--r--    1 ftp      ftp            72 Apr 11 15:01 db.cache.sig
-rw-r--r--    1 ftp      ftp        230454 May 08 15:40 in-addr.arpa
-rw-r--r--    1 ftp      ftp         89652 May 08 15:40 in-addr.arpa.gz
-rw-r--r--    1 ftp      ftp            55 May 08 15:40 in-addr.arpa.gz.md5
-rw-r--r--    1 ftp      ftp            90 May 08 15:40 in-addr.arpa.gz.sha256
-rw-r--r--    1 ftp      ftp            52 May 08 15:40 in-addr.arpa.md5
-rw-r--r--    1 ftp      ftp            87 May 08 15:40 in-addr.arpa.sha256
-rw-r--r--    1 ftp      ftp        230454 May 08 15:40 in-addr.arpa.zone
-rw-r--r--    1 ftp      ftp         89652 May 08 15:40 in-addr.arpa.zone.gz
-rw-r--r--    1 ftp      ftp            60 May 08 15:40 in-addr.arpa.zone.gz.md5
-rw-r--r--    1 ftp      ftp            95 May 08 15:40 in-addr.arpa.zone.gz.sha256
-rw-r--r--    1 ftp      ftp            57 May 08 15:40 in-addr.arpa.zone.md5
-rw-r--r--    1 ftp      ftp            92 May 08 15:40 in-addr.arpa.zone.sha256
-rw-r--r--    1 ftp      ftp         62071 May 08 15:40 ip6.arpa
-rw-r--r--    1 ftp      ftp         24199 May 08 15:40 ip6.arpa.gz
-rw-r--r--    1 ftp      ftp            51 May 08 15:40 ip6.arpa.gz.md5
-rw-r--r--    1 ftp      ftp            86 May 08 15:40 ip6.arpa.gz.sha256
-rw-r--r--    1 ftp      ftp            48 May 08 15:40 ip6.arpa.md5
-rw-r--r--    1 ftp      ftp            83 May 08 15:40 ip6.arpa.sha256
-rw-r--r--    1 ftp      ftp         62071 May 08 15:40 ip6.arpa.zone
-rw-r--r--    1 ftp      ftp         24199 May 08 15:40 ip6.arpa.zone.gz
-rw-r--r--    1 ftp      ftp            56 May 08 15:40 ip6.arpa.zone.gz.md5
-rw-r--r--    1 ftp      ftp            91 May 08 15:40 ip6.arpa.zone.gz.sha256
-rw-r--r--    1 ftp      ftp            53 May 08 15:40 ip6.arpa.zone.md5
-rw-r--r--    1 ftp      ftp            88 May 08 15:40 ip6.arpa.zone.sha256
-rw-r--r--    1 ftp      ftp            21 May 08 15:40 last_update.txt
-rw-r--r--    1 ftp      ftp          3289 Apr 11 15:01 named.cache
-rw-r--r--    1 ftp      ftp            33 Apr 11 15:01 named.cache.md5
-rw-r--r--    1 ftp      ftp            72 Apr 11 15:01 named.cache.sig
-rw-r--r--    1 ftp      ftp          3289 Apr 11 15:01 named.root
-rw-r--r--    1 ftp      ftp            33 Apr 11 15:01 named.root.md5
-rw-r--r--    1 ftp      ftp            72 Apr 11 15:01 named.root.sig
-rw-r--r--    1 ftp      ftp          2110 Apr 11 15:01 root-servers.net.zone
-rw-r--r--    1 ftp      ftp           576 Apr 11 15:01 root-servers.net.zone.gz
-rw-r--r--    1 ftp      ftp            33 Apr 11 15:01 root-servers.net.zone.gz.md5
-rw-r--r--    1 ftp      ftp            72 Apr 11 15:01 root-servers.net.zone.gz.sig
-rw-r--r--    1 ftp      ftp       2235683 May 08 05:06 root.zone
-rw-r--r--    1 ftp      ftp       1050029 May 08 05:07 root.zone.gz
-rw-r--r--    1 ftp      ftp            33 May 08 05:07 root.zone.gz.md5
-rw-r--r--    1 ftp      ftp            72 May 08 05:07 root.zone.gz.sig
-rw-r--r--    1 ftp      ftp            33 May 08 05:07 root.zone.md5
-rw-r--r--    1 ftp      ftp            72 May 08 05:07 root.zone.sig
2017-05-09 00:00:23 (164 KB/s) - ‘./domain/.listing’ saved [3930]

The sizes do not match (local 3930) -- retrieving.

--2017-05-09 00:00:23--  ftp://ftp.internic.net/domain/.listing
           => ‘./domain/.listing’
==> CWD not required.
--> PASV

227 Entering Passive Mode (192,0,32,9,37,204)
--> RETR .listing

150 Opening BINARY mode data connection for .listing (1829 bytes).
Length: 1829 (1.8K)

     0K .                                                     100% 12.6M=0s

226 Transfer complete.
2017-05-09 00:00:24 (12.6 MB/s) - ‘./domain/.listing’ saved [1829]

Remote file is newer than local file ‘./domain/INTERNIC_ROOT_ZONE.signatures’ -- retrieving.

--2017-05-09 00:00:24--  ftp://ftp.internic.net/domain/INTERNIC_ROOT_ZONE.signatures
           => ‘./domain/INTERNIC_ROOT_ZONE.signatures’
==> CWD not required.
--> PASV

227 Entering Passive Mode (192,0,32,9,73,229)
--> RETR INTERNIC_ROOT_ZONE.signatures

150 Opening BINARY mode data connection for INTERNIC_ROOT_ZONE.signatures (1224 bytes).
Length: 1224 (1.2K)

     0K .                                                     100%  643K=0.002s

226 Transfer complete.
2017-05-09 00:00:25 (643 KB/s) - ‘./domain/INTERNIC_ROOT_ZONE.signatures’ saved [1224]

Remote file is newer than local file ‘./domain/INTERNIC_ROOT_ZONE.signatures.asc’ -- retrieving.

--2017-05-09 00:00:25--  ftp://ftp.internic.net/domain/INTERNIC_ROOT_ZONE.signatures.asc
           => ‘./domain/INTERNIC_ROOT_ZONE.signatures.asc’
==> CWD not required.
--> PASV

227 Entering Passive Mode (192,0,32,9,205,123)
--> RETR INTERNIC_ROOT_ZONE.signatures.asc

150 Opening BINARY mode data connection for INTERNIC_ROOT_ZONE.signatures.asc (1469 bytes).
Length: 1469 (1.4K)

     0K .                                                     100%  131K=0.01s

226 Transfer complete.
2017-05-09 00:00:26 (131 KB/s) - ‘./domain/INTERNIC_ROOT_ZONE.signatures.asc’ saved [1469]

Remote file is newer than local file ‘./domain/arpa.zone’ -- retrieving.

--2017-05-09 00:00:26--  ftp://ftp.internic.net/domain/arpa.zone
           => ‘./domain/arpa.zone’
==> CWD not required.
--> PASV

227 Entering Passive Mode (192,0,32,9,42,38)
--> RETR arpa.zone

150 Opening BINARY mode data connection for arpa.zone (15228 bytes).
Length: 15228 (15K)

     0K .......... ....                                       100% 11.2M=0.001s

226 Transfer complete.
2017-05-09 00:00:28 (11.2 MB/s) - ‘./domain/arpa.zone’ saved [15228]

The sizes do not match (local 6651) -- retrieving.

--2017-05-09 00:00:28--  ftp://ftp.internic.net/domain/arpa.zone.gz
           => ‘./domain/arpa.zone.gz’
==> CWD not required.
--> PASV

227 Entering Passive Mode (192,0,32,9,41,159)
--> RETR arpa.zone.gz

150 Opening BINARY mode data connection for arpa.zone.gz (6652 bytes).
Length: 6652 (6.5K)

     0K ......                                                100% 52.0M=0s

226 Transfer complete.
2017-05-09 00:00:29 (52.0 MB/s) - ‘./domain/arpa.zone.gz’ saved [6652]

Remote file is newer than local file ‘./domain/arpa.zone.gz.md5’ -- retrieving.

--2017-05-09 00:00:29--  ftp://ftp.internic.net/domain/arpa.zone.gz.md5
           => ‘./domain/arpa.zone.gz.md5’
==> CWD not required.
--> PASV

227 Entering Passive Mode (192,0,32,9,58,195)
--> RETR arpa.zone.gz.md5

150 Opening BINARY mode data connection for arpa.zone.gz.md5 (33 bytes).
Length: 33

     0K                                                       100% 8.38K=0.004s

226 Transfer complete.
2017-05-09 00:00:30 (8.38 KB/s) - ‘./domain/arpa.zone.gz.md5’ saved [33]

Remote file is newer than local file ‘./domain/arpa.zone.gz.sig’ -- retrieving.

--2017-05-09 00:00:30--  ftp://ftp.internic.net/domain/arpa.zone.gz.sig
           => ‘./domain/arpa.zone.gz.sig’
==> CWD not required.
--> PASV

227 Entering Passive Mode (192,0,32,9,41,117)
--> RETR arpa.zone.gz.sig

150 Opening BINARY mode data connection for arpa.zone.gz.sig (72 bytes).
Length: 72

     0K                                                       100%  596K=0s

226 Transfer complete.
2017-05-09 00:00:31 (596 KB/s) - ‘./domain/arpa.zone.gz.sig’ saved [72]

Remote file no newer than local file ‘./domain/db.cache’ -- not retrieving.
Remote file no newer than local file ‘./domain/db.cache.md5’ -- not retrieving.
Remote file no newer than local file ‘./domain/db.cache.sig’ -- not retrieving.
Remote file is newer than local file ‘./domain/in-addr.arpa’ -- retrieving.

--2017-05-09 00:00:31--  ftp://ftp.internic.net/domain/in-addr.arpa
           => ‘./domain/in-addr.arpa’
==> CWD not required.
--> PASV

227 Entering Passive Mode (192,0,32,9,127,153)
--> RETR in-addr.arpa

150 Opening BINARY mode data connection for in-addr.arpa (230454 bytes).
Length: 230454 (225K)

     0K .......... .......... .......... .......... .......... 22% 64.4K 3s
    50K .......... .......... .......... .......... .......... 44% 66.6K 2s
   100K .......... .......... .......... .......... .......... 66% 64.2K 1s
   150K .......... .......... .......... .......... .......... 88% 98.1K 0s
   200K .......... .......... .....                           100%  102K=3.1s

226 Transfer complete.
2017-05-09 00:00:35 (73.5 KB/s) - ‘./domain/in-addr.arpa’ saved [230454]

Remote file is newer than local file ‘./domain/in-addr.arpa.gz’ -- retrieving.

--2017-05-09 00:00:35--  ftp://ftp.internic.net/domain/in-addr.arpa.gz
           => ‘./domain/in-addr.arpa.gz’
==> CWD not required.
--> PASV

227 Entering Passive Mode (192,0,32,9,41,143)
--> RETR in-addr.arpa.gz

150 Opening BINARY mode data connection for in-addr.arpa.gz (89652 bytes).
Length: 89652 (88K)

     0K .......... .......... .......... .......... .......... 57% 36.3M 0s
    50K .......... .......... .......... .......              100%  131K=0.3s

226 Transfer complete.
2017-05-09 00:00:37 (304 KB/s) - ‘./domain/in-addr.arpa.gz’ saved [89652]

Remote file is newer than local file ‘./domain/in-addr.arpa.gz.md5’ -- retrieving.

--2017-05-09 00:00:38--  ftp://ftp.internic.net/domain/in-addr.arpa.gz.md5
           => ‘./domain/in-addr.arpa.gz.md5’
==> CWD not required.
--> PASV

227 Entering Passive Mode (192,0,32,9,42,121)
--> RETR in-addr.arpa.gz.md5

150 Opening BINARY mode data connection for in-addr.arpa.gz.md5 (55 bytes).
Length: 55

     0K                                                       100%  590K=0s

226 Transfer complete.
2017-05-09 00:00:39 (590 KB/s) - ‘./domain/in-addr.arpa.gz.md5’ saved [55]

Remote file is newer than local file ‘./domain/in-addr.arpa.gz.sha256’ -- retrieving.

--2017-05-09 00:00:39--  ftp://ftp.internic.net/domain/in-addr.arpa.gz.sha256
           => ‘./domain/in-addr.arpa.gz.sha256’
==> CWD not required.
--> PASV

227 Entering Passive Mode (192,0,32,9,42,230)
--> RETR in-addr.arpa.gz.sha256

150 Opening BINARY mode data connection for in-addr.arpa.gz.sha256 (90 bytes).
Length: 90

     0K                                                       100%  771K=0s

226 Transfer complete.
2017-05-09 00:00:40 (771 KB/s) - ‘./domain/in-addr.arpa.gz.sha256’ saved [90]

Remote file is newer than local file ‘./domain/in-addr.arpa.md5’ -- retrieving.

--2017-05-09 00:00:40--  ftp://ftp.internic.net/domain/in-addr.arpa.md5
           => ‘./domain/in-addr.arpa.md5’
==> CWD not required.
--> PASV

227 Entering Passive Mode (192,0,32,9,180,109)
--> RETR in-addr.arpa.md5

150 Opening BINARY mode data connection for in-addr.arpa.md5 (52 bytes).
Length: 52

     0K                                                       100%  715K=0s

226 Transfer complete.
2017-05-09 00:00:41 (715 KB/s) - ‘./domain/in-addr.arpa.md5’ saved [52]

Remote file is newer than local file ‘./domain/in-addr.arpa.sha256’ -- retrieving.

--2017-05-09 00:00:41--  ftp://ftp.internic.net/domain/in-addr.arpa.sha256
           => ‘./domain/in-addr.arpa.sha256’
==> CWD not required.
--> PASV

227 Entering Passive Mode (192,0,32,9,41,144)
--> RETR in-addr.arpa.sha256

150 Opening BINARY mode data connection for in-addr.arpa.sha256 (87 bytes).
Length: 87

     0K                                                       100%  674K=0s

226 Transfer complete.
2017-05-09 00:00:42 (674 KB/s) - ‘./domain/in-addr.arpa.sha256’ saved [87]

Remote file is newer than local file ‘./domain/in-addr.arpa.zone’ -- retrieving.

--2017-05-09 00:00:42--  ftp://ftp.internic.net/domain/in-addr.arpa.zone
           => ‘./domain/in-addr.arpa.zone’
==> CWD not required.
--> PASV

227 Entering Passive Mode (192,0,32,9,42,131)
--> RETR in-addr.arpa.zone

150 Opening BINARY mode data connection for in-addr.arpa.zone (230454 bytes).
Length: 230454 (225K)

     0K .......... .......... .......... .......... .......... 22% 64.3K 3s
    50K .......... .......... .......... .......... .......... 44% 32.5K 3s
   100K .......... .......... .......... .......... .......... 66% 95.8K 1s
   150K .......... .......... .......... .......... .......... 88% 87.2K 0s
   200K .......... .......... .....                           100% 94.9K=3.7s

226 Transfer complete.
2017-05-09 00:00:46 (61.2 KB/s) - ‘./domain/in-addr.arpa.zone’ saved [230454]

Remote file is newer than local file ‘./domain/in-addr.arpa.zone.gz’ -- retrieving.

--2017-05-09 00:00:46--  ftp://ftp.internic.net/domain/in-addr.arpa.zone.gz
           => ‘./domain/in-addr.arpa.zone.gz’
==> CWD not required.
--> PASV

227 Entering Passive Mode (192,0,32,9,7,27)
--> RETR in-addr.arpa.zone.gz

150 Opening BINARY mode data connection for in-addr.arpa.zone.gz (89652 bytes).
Length: 89652 (88K)

     0K .......... .......... .......... .......... .......... 57% 64.7K 1s
    50K .......... .......... .......... .......              100% 15.2K=3.2s

226 Transfer complete.
2017-05-09 00:00:51 (27.0 KB/s) - ‘./domain/in-addr.arpa.zone.gz’ saved [89652]

Remote file is newer than local file ‘./domain/in-addr.arpa.zone.gz.md5’ -- retrieving.

--2017-05-09 00:00:51--  ftp://ftp.internic.net/domain/in-addr.arpa.zone.gz.md5
           => ‘./domain/in-addr.arpa.zone.gz.md5’
==> CWD not required.
--> PASV

227 Entering Passive Mode (192,0,32,9,42,182)
--> RETR in-addr.arpa.zone.gz.md5

150 Opening BINARY mode data connection for in-addr.arpa.zone.gz.md5 (60 bytes).
Length: 60

     0K                                                       100%  501K=0s

226 Transfer complete.
2017-05-09 00:00:52 (501 KB/s) - ‘./domain/in-addr.arpa.zone.gz.md5’ saved [60]

Remote file is newer than local file ‘./domain/in-addr.arpa.zone.gz.sha256’ -- retrieving.

--2017-05-09 00:00:52--  ftp://ftp.internic.net/domain/in-addr.arpa.zone.gz.sha256
           => ‘./domain/in-addr.arpa.zone.gz.sha256’
==> CWD not required.
--> PASV

227 Entering Passive Mode (192,0,32,9,242,219)
--> RETR in-addr.arpa.zone.gz.sha256

150 Opening BINARY mode data connection for in-addr.arpa.zone.gz.sha256 (95 bytes).
Length: 95

     0K                                                       100% 1.21M=0s

226 Transfer complete.
2017-05-09 00:00:53 (1.21 MB/s) - ‘./domain/in-addr.arpa.zone.gz.sha256’ saved [95]

Remote file is newer than local file ‘./domain/in-addr.arpa.zone.md5’ -- retrieving.

--2017-05-09 00:00:53--  ftp://ftp.internic.net/domain/in-addr.arpa.zone.md5
           => ‘./domain/in-addr.arpa.zone.md5’
==> CWD not required.
--> PASV

227 Entering Passive Mode (192,0,32,9,148,2)
--> RETR in-addr.arpa.zone.md5

150 Opening BINARY mode data connection for in-addr.arpa.zone.md5 (57 bytes).
Length: 57

     0K                                                       100%  484K=0s

226 Transfer complete.
2017-05-09 00:00:54 (484 KB/s) - ‘./domain/in-addr.arpa.zone.md5’ saved [57]

Remote file is newer than local file ‘./domain/in-addr.arpa.zone.sha256’ -- retrieving.

--2017-05-09 00:00:54--  ftp://ftp.internic.net/domain/in-addr.arpa.zone.sha256
           => ‘./domain/in-addr.arpa.zone.sha256’
==> CWD not required.
--> PASV

227 Entering Passive Mode (192,0,32,9,15,54)
--> RETR in-addr.arpa.zone.sha256

150 Opening BINARY mode data connection for in-addr.arpa.zone.sha256 (92 bytes).
Length: 92

     0K                                                       100%  184K=0s

226 Transfer complete.
2017-05-09 00:00:55 (184 KB/s) - ‘./domain/in-addr.arpa.zone.sha256’ saved [92]

Remote file is newer than local file ‘./domain/ip6.arpa’ -- retrieving.

--2017-05-09 00:00:55--  ftp://ftp.internic.net/domain/ip6.arpa
           => ‘./domain/ip6.arpa’
==> CWD not required.
--> PASV

227 Entering Passive Mode (192,0,32,9,133,19)
--> RETR ip6.arpa

150 Opening BINARY mode data connection for ip6.arpa (62071 bytes).
Length: 62071 (61K)

     0K .......... .......... .......... .......... .......... 82% 64.1K 0s
    50K ..........                                            100%  261K=0.8s

226 Transfer complete.
2017-05-09 00:00:57 (73.9 KB/s) - ‘./domain/ip6.arpa’ saved [62071]

Remote file is newer than local file ‘./domain/ip6.arpa.gz’ -- retrieving.

--2017-05-09 00:00:57--  ftp://ftp.internic.net/domain/ip6.arpa.gz
           => ‘./domain/ip6.arpa.gz’
==> CWD not required.
--> PASV

227 Entering Passive Mode (192,0,32,9,48,115)
--> RETR ip6.arpa.gz

150 Opening BINARY mode data connection for ip6.arpa.gz (24199 bytes).
Length: 24199 (24K)

     0K .......... .......... ...                             100% 86.3K=0.3s

226 Transfer complete.
2017-05-09 00:00:58 (86.3 KB/s) - ‘./domain/ip6.arpa.gz’ saved [24199]

Remote file is newer than local file ‘./domain/ip6.arpa.gz.md5’ -- retrieving.

--2017-05-09 00:00:58--  ftp://ftp.internic.net/domain/ip6.arpa.gz.md5
           => ‘./domain/ip6.arpa.gz.md5’
==> CWD not required.
--> PASV

227 Entering Passive Mode (192,0,32,9,221,100)
--> RETR ip6.arpa.gz.md5

150 Opening BINARY mode data connection for ip6.arpa.gz.md5 (51 bytes).
Length: 51

     0K                                                       100% 1.08M=0s

226 Transfer complete.
2017-05-09 00:00:59 (1.08 MB/s) - ‘./domain/ip6.arpa.gz.md5’ saved [51]

Remote file is newer than local file ‘./domain/ip6.arpa.gz.sha256’ -- retrieving.

--2017-05-09 00:00:59--  ftp://ftp.internic.net/domain/ip6.arpa.gz.sha256
           => ‘./domain/ip6.arpa.gz.sha256’
==> CWD not required.
--> PASV

227 Entering Passive Mode (192,0,32,9,184,33)
--> RETR ip6.arpa.gz.sha256

150 Opening BINARY mode data connection for ip6.arpa.gz.sha256 (86 bytes).
Length: 86

     0K                                                       100%  144K=0.001s

226 Transfer complete.
2017-05-09 00:01:00 (144 KB/s) - ‘./domain/ip6.arpa.gz.sha256’ saved [86]

Remote file is newer than local file ‘./domain/ip6.arpa.md5’ -- retrieving.

--2017-05-09 00:01:00--  ftp://ftp.internic.net/domain/ip6.arpa.md5
           => ‘./domain/ip6.arpa.md5’
==> CWD not required.
--> PASV

227 Entering Passive Mode (192,0,32,9,213,220)
--> RETR ip6.arpa.md5

150 Opening BINARY mode data connection for ip6.arpa.md5 (48 bytes).
Length: 48

     0K                                                       100%  617K=0s

226 Transfer complete.
2017-05-09 00:01:02 (617 KB/s) - ‘./domain/ip6.arpa.md5’ saved [48]

Remote file is newer than local file ‘./domain/ip6.arpa.sha256’ -- retrieving.

--2017-05-09 00:01:02--  ftp://ftp.internic.net/domain/ip6.arpa.sha256
           => ‘./domain/ip6.arpa.sha256’
==> CWD not required.
--> PASV

227 Entering Passive Mode (192,0,32,9,239,115)
--> RETR ip6.arpa.sha256

150 Opening BINARY mode data connection for ip6.arpa.sha256 (83 bytes).
Length: 83

     0K                                                       100%  370K=0s

226 Transfer complete.
2017-05-09 00:01:03 (370 KB/s) - ‘./domain/ip6.arpa.sha256’ saved [83]

Remote file is newer than local file ‘./domain/ip6.arpa.zone’ -- retrieving.

--2017-05-09 00:01:03--  ftp://ftp.internic.net/domain/ip6.arpa.zone
           => ‘./domain/ip6.arpa.zone’
==> CWD not required.
--> PASV

227 Entering Passive Mode (192,0,32,9,10,22)
--> RETR ip6.arpa.zone

150 Opening BINARY mode data connection for ip6.arpa.zone (62071 bytes).
Length: 62071 (61K)

     0K .......... .......... .......... .......... .......... 82% 32.1K 0s
    50K ..........                                            100% 42.7K=1.8s

226 Transfer complete.
2017-05-09 00:01:06 (33.6 KB/s) - ‘./domain/ip6.arpa.zone’ saved [62071]

Remote file is newer than local file ‘./domain/ip6.arpa.zone.gz’ -- retrieving.

--2017-05-09 00:01:06--  ftp://ftp.internic.net/domain/ip6.arpa.zone.gz
           => ‘./domain/ip6.arpa.zone.gz’
==> CWD not required.
--> PASV

227 Entering Passive Mode (192,0,32,9,41,63)
--> RETR ip6.arpa.zone.gz

150 Opening BINARY mode data connection for ip6.arpa.zone.gz (24199 bytes).
Length: 24199 (24K)

     0K .......... .......... ...                             100% 95.3K=0.2s

226 Transfer complete.
2017-05-09 00:01:08 (95.3 KB/s) - ‘./domain/ip6.arpa.zone.gz’ saved [24199]

Remote file is newer than local file ‘./domain/ip6.arpa.zone.gz.md5’ -- retrieving.

--2017-05-09 00:01:08--  ftp://ftp.internic.net/domain/ip6.arpa.zone.gz.md5
           => ‘./domain/ip6.arpa.zone.gz.md5’
==> CWD not required.
--> PASV

227 Entering Passive Mode (192,0,32,9,42,243)
--> RETR ip6.arpa.zone.gz.md5

150 Opening BINARY mode data connection for ip6.arpa.zone.gz.md5 (56 bytes).
Length: 56

     0K                                                       100%  118K=0s

226 Transfer complete.
2017-05-09 00:01:09 (118 KB/s) - ‘./domain/ip6.arpa.zone.gz.md5’ saved [56]

Remote file is newer than local file ‘./domain/ip6.arpa.zone.gz.sha256’ -- retrieving.

--2017-05-09 00:01:09--  ftp://ftp.internic.net/domain/ip6.arpa.zone.gz.sha256
           => ‘./domain/ip6.arpa.zone.gz.sha256’
==> CWD not required.
--> PASV

227 Entering Passive Mode (192,0,32,9,204,229)
--> RETR ip6.arpa.zone.gz.sha256

150 Opening BINARY mode data connection for ip6.arpa.zone.gz.sha256 (91 bytes).
Length: 91

     0K                                                       100% 1.24M=0s

226 Transfer complete.
2017-05-09 00:01:10 (1.24 MB/s) - ‘./domain/ip6.arpa.zone.gz.sha256’ saved [91]

Remote file is newer than local file ‘./domain/ip6.arpa.zone.md5’ -- retrieving.

--2017-05-09 00:01:10--  ftp://ftp.internic.net/domain/ip6.arpa.zone.md5
           => ‘./domain/ip6.arpa.zone.md5’
==> CWD not required.
--> PASV

227 Entering Passive Mode (192,0,32,9,103,235)
--> RETR ip6.arpa.zone.md5

150 Opening BINARY mode data connection for ip6.arpa.zone.md5 (53 bytes).
Length: 53

     0K                                                       100% 5.73K=0.009s

226 Transfer complete.
2017-05-09 00:01:11 (5.73 KB/s) - ‘./domain/ip6.arpa.zone.md5’ saved [53]

Remote file is newer than local file ‘./domain/ip6.arpa.zone.sha256’ -- retrieving.

--2017-05-09 00:01:11--  ftp://ftp.internic.net/domain/ip6.arpa.zone.sha256
           => ‘./domain/ip6.arpa.zone.sha256’
==> CWD not required.
--> PASV

227 Entering Passive Mode (192,0,32,9,73,176)
--> RETR ip6.arpa.zone.sha256

150 Opening BINARY mode data connection for ip6.arpa.zone.sha256 (88 bytes).
Length: 88

     0K                                                       100% 2.00M=0s

226 Transfer complete.
2017-05-09 00:01:12 (2.00 MB/s) - ‘./domain/ip6.arpa.zone.sha256’ saved [88]

Remote file is newer than local file ‘./domain/last_update.txt’ -- retrieving.

--2017-05-09 00:01:12--  ftp://ftp.internic.net/domain/last_update.txt
           => ‘./domain/last_update.txt’
==> CWD not required.
--> PASV

227 Entering Passive Mode (192,0,32,9,41,170)
--> RETR last_update.txt

150 Opening BINARY mode data connection for last_update.txt (21 bytes).
Length: 21

     0K                                                       100% 65.3K=0s

226 Transfer complete.
2017-05-09 00:01:13 (65.3 KB/s) - ‘./domain/last_update.txt’ saved [21]

Remote file no newer than local file ‘./domain/named.cache’ -- not retrieving.
Remote file no newer than local file ‘./domain/named.cache.md5’ -- not retrieving.
Remote file no newer than local file ‘./domain/named.cache.sig’ -- not retrieving.
Remote file no newer than local file ‘./domain/named.root’ -- not retrieving.
Remote file no newer than local file ‘./domain/named.root.md5’ -- not retrieving.
Remote file no newer than local file ‘./domain/named.root.sig’ -- not retrieving.
Remote file no newer than local file ‘./domain/root-servers.net.zone’ -- not retrieving.
Remote file no newer than local file ‘./domain/root-servers.net.zone.gz’ -- not retrieving.
Remote file no newer than local file ‘./domain/root-servers.net.zone.gz.md5’ -- not retrieving.
Remote file no newer than local file ‘./domain/root-servers.net.zone.gz.sig’ -- not retrieving.
Remote file is newer than local file ‘./domain/root.zone’ -- retrieving.

--2017-05-09 00:01:13--  ftp://ftp.internic.net/domain/root.zone
           => ‘./domain/root.zone’
==> CWD not required.
--> PASV

227 Entering Passive Mode (192,0,32,9,86,240)
--> RETR root.zone

150 Opening BINARY mode data connection for root.zone (2235683 bytes).
Length: 2235683 (2.1M)

     0K .......... .......... .......... .......... ..........  2% 62.4K 34s
    50K .......... .......... .......... .......... ..........  4% 62.3K 33s
   100K .......... .......... .......... .......... ..........  6% 63.1K 32s
   150K .......... .......... .......... .......... ..........  9% 94.0K 29s
   200K .......... .......... .......... .......... .......... 11% 91.5K 27s
   250K .......... .......... .......... .......... .......... 13%  189K 23s
   300K .......... .......... .......... .......... .......... 16%  189K 21s
   350K .......... .......... .......... .......... .......... 18%  162K 19s
   400K .......... .......... .......... .......... .......... 20% 48.3K 21s
   450K .......... .......... .......... .......... .......... 22%  105M 18s
   500K .......... .......... .......... .......... .......... 25% 89.6M 16s
   550K .......... .......... .......... .......... .......... 27% 11.8M 14s
   600K .......... .......... .......... .......... .......... 29%  183K 13s
   650K .......... .......... .......... .......... .......... 32% 91.9K 13s
   700K .......... .......... .......... .......... .......... 34% 1.30M 12s
   750K .......... .......... .......... .......... .......... 36%  103K 12s
   800K .......... .......... .......... .......... .......... 38%  179K 11s
   850K .......... .......... .......... .......... .......... 41% 91.6K 11s
   900K .......... .......... .......... .......... .......... 43%  692K 10s
   950K .......... .......... .......... .......... .......... 45%  107K 10s
  1000K .......... .......... .......... .......... .......... 48%  127K 9s
  1050K .......... .......... .......... .......... .......... 50% 87.5K 9s
  1100K .......... .......... .......... .......... .......... 52%  134K 8s
  1150K .......... .......... .......... .......... .......... 54% 80.7K 8s
  1200K .......... .......... .......... .......... .......... 57%  113K 8s
  1250K .......... .......... .......... .......... .......... 59% 91.7K 7s
  1300K .......... .......... .......... .......... .......... 61% 96.8K 7s
  1350K .......... .......... .......... .......... .......... 64%  110K 7s
  1400K .......... .......... .......... .......... .......... 66%  132K 6s
  1450K .......... .......... .......... .......... .......... 68%  100K 6s
  1500K .......... .......... .......... .......... .......... 70%  113K 5s
  1550K .......... .......... .......... .......... .......... 73%  124K 5s
  1600K .......... .......... .......... .......... .......... 75%  107K 5s
  1650K .......... .......... .......... .......... .......... 77%  106K 4s
  1700K .......... .......... .......... .......... .......... 80% 84.4K 4s
  1750K .......... .......... .......... .......... .......... 82% 90.9K 3s
  1800K .......... .......... .......... .......... .......... 84% 77.1K 3s
  1850K .......... .......... .......... .......... .......... 87% 61.5K 3s
  1900K .......... .......... .......... .......... .......... 89%  111K 2s
  1950K .......... .......... .......... .......... .......... 91% 70.9K 2s
  2000K .......... .......... .......... .......... .......... 93% 95.6K 1s
  2050K .......... .......... .......... .......... .......... 96% 93.1K 1s
  2100K .......... .......... .......... .......... .......... 98% 76.6K 0s
  2150K .......... .......... .......... ...                  100%  100K=20s

226 Transfer complete.
2017-05-09 00:01:35 (107 KB/s) - ‘./domain/root.zone’ saved [2235683]

The sizes do not match (local 1050051) -- retrieving.

--2017-05-09 00:01:35--  ftp://ftp.internic.net/domain/root.zone.gz
           => ‘./domain/root.zone.gz’
==> CWD not required.
--> PASV

227 Entering Passive Mode (192,0,32,9,46,168)
--> RETR root.zone.gz

150 Opening BINARY mode data connection for root.zone.gz (1050029 bytes).
Length: 1050029 (1.0M)

     0K .......... .......... .......... .......... ..........  4% 62.2K 16s
    50K .......... .......... .......... .......... ..........  9% 96.7K 12s
   100K .......... .......... .......... .......... .......... 14% 61.2K 12s
   150K .......... .......... .......... .......... .......... 19% 93.8K 11s
   200K .......... .......... .......... .......... .......... 24%  180K 9s
   250K .......... .......... .......... .......... .......... 29% 92.1K 8s
   300K .......... .......... .......... .......... .......... 34%  187K 7s
   350K .......... .......... .......... .......... .......... 39%  183K 6s
   400K .......... .......... .......... .......... .......... 43%  181K 6s
   450K .......... .......... .......... .......... .......... 48% 92.6K 5s
   500K .......... .......... .......... .......... .......... 53%  188K 4s
   550K .......... .......... .......... .......... .......... 58%  181K 4s
   600K .......... .......... .......... .......... .......... 63%  182K 3s
   650K .......... .......... .......... .......... .......... 68%  185K 3s
   700K .......... .......... .......... .......... .......... 73%  190K 2s
   750K .......... .......... .......... .......... .......... 78%  192K 2s
   800K .......... .......... .......... .......... .......... 82%  186K 1s
   850K .......... .......... .......... .......... .......... 87% 6.21M 1s
   900K .......... .......... .......... .......... .......... 92%  184K 1s
   950K .......... .......... .......... .......... .......... 97% 91.6K 0s
  1000K .......... .......... .....                           100% 27.5M=7.6s

226 Transfer complete.
2017-05-09 00:01:44 (136 KB/s) - ‘./domain/root.zone.gz’ saved [1050029]

Remote file is newer than local file ‘./domain/root.zone.gz.md5’ -- retrieving.

--2017-05-09 00:01:44--  ftp://ftp.internic.net/domain/root.zone.gz.md5
           => ‘./domain/root.zone.gz.md5’
==> CWD not required.
--> PASV

227 Entering Passive Mode (192,0,32,9,227,186)
--> RETR root.zone.gz.md5

150 Opening BINARY mode data connection for root.zone.gz.md5 (33 bytes).
Length: 33

     0K                                                       100%  155K=0s

226 Transfer complete.
2017-05-09 00:01:45 (155 KB/s) - ‘./domain/root.zone.gz.md5’ saved [33]

Remote file is newer than local file ‘./domain/root.zone.gz.sig’ -- retrieving.

--2017-05-09 00:01:45--  ftp://ftp.internic.net/domain/root.zone.gz.sig
           => ‘./domain/root.zone.gz.sig’
==> CWD not required.
--> PASV

227 Entering Passive Mode (192,0,32,9,42,211)
--> RETR root.zone.gz.sig

150 Opening BINARY mode data connection for root.zone.gz.sig (72 bytes).
Length: 72

     0K                                                       100% 8.23K=0.009s

226 Transfer complete.
2017-05-09 00:01:46 (8.23 KB/s) - ‘./domain/root.zone.gz.sig’ saved [72]

Remote file is newer than local file ‘./domain/root.zone.md5’ -- retrieving.

--2017-05-09 00:01:46--  ftp://ftp.internic.net/domain/root.zone.md5
           => ‘./domain/root.zone.md5’
==> CWD not required.
--> PASV

227 Entering Passive Mode (192,0,32,9,144,182)
--> RETR root.zone.md5

150 Opening BINARY mode data connection for root.zone.md5 (33 bytes).
Length: 33

     0K                                                       100%  250K=0s

226 Transfer complete.
2017-05-09 00:01:47 (250 KB/s) - ‘./domain/root.zone.md5’ saved [33]

Remote file is newer than local file ‘./domain/root.zone.sig’ -- retrieving.

--2017-05-09 00:01:47--  ftp://ftp.internic.net/domain/root.zone.sig
           => ‘./domain/root.zone.sig’
==> CWD not required.
--> PASV

227 Entering Passive Mode (192,0,32,9,41,53)
--> RETR root.zone.sig

150 Opening BINARY mode data connection for root.zone.sig (72 bytes).
Length: 72

     0K                                                       100% 50.4 =1.4s

226 Transfer complete.
2017-05-09 00:01:51 (50.4 B/s) - ‘./domain/root.zone.sig’ saved [72]

FINISHED --2017-05-09 00:01:51--
Total wall clock time: 1m 48s
Downloaded: 40 files, 3.9M in 43s (94.0 KB/s)
