--2017-06-04 00:00:03--  ftp://ftp.internic.net/*
           => ‘./.listing’
Resolving ftp.internic.net (ftp.internic.net)... 192.0.32.9, 2620:0:2d0:200::9
Connecting to ftp.internic.net (ftp.internic.net)|192.0.32.9|:21... connected.
Logging in as anonymous ... 
220 Internic FTP Server
--> USER anonymous

331 Please specify the password.
--> PASS Turtle Power!

230 Login successful.
--> SYST

215 UNIX Type: L8
--> PWD

257 "/"
--> TYPE I

200 Switching to Binary mode.
==> CWD not needed.
--> PASV

227 Entering Passive Mode (192,0,32,9,179,50)
--> LIST -a

150 Here comes the directory listing.

     0K                                                        3.56M=0s

226 Directory send OK.
drwxr-xr-x    3 ftp      ftp          4096 Apr 04  2012 .
drwxr-xr-x    3 ftp      ftp          4096 Apr 04  2012 ..
drwxr-xr-x    2 ftp      ftp          4096 Sep 09  2015 domain
2017-06-04 00:00:11 (3.56 MB/s) - ‘./.listing’ saved [183]

--2017-06-04 00:00:11--  ftp://ftp.internic.net/domain/*
           => ‘./domain/.listing’
--> CWD /domain

250 Directory successfully changed.
--> PASV

227 Entering Passive Mode (192,0,32,9,41,88)
--> LIST -a

150 Here comes the directory listing.

     0K ...                                                     365K=0.01s

226 Directory send OK.
drwxr-xr-x    2 ftp      ftp          4096 Sep 09  2015 .
drwxr-xr-x    3 ftp      ftp          4096 Apr 04  2012 ..
-rw-r--r--    1 ftp      ftp          1829 Aug 18  2015 .listing
-rw-r--r--    1 ftp      ftp          1224 Jun 03 12:18 INTERNIC_ROOT_ZONE.signatures
-rw-r--r--    1 ftp      ftp          1469 Jun 03 12:18 INTERNIC_ROOT_ZONE.signatures.asc
-rw-r--r--    1 ftp      ftp         15228 Jun 03 12:18 arpa.zone
-rw-r--r--    1 ftp      ftp          6648 Jun 03 12:18 arpa.zone.gz
-rw-r--r--    1 ftp      ftp            33 Jun 03 12:18 arpa.zone.gz.md5
-rw-r--r--    1 ftp      ftp            72 Jun 03 12:18 arpa.zone.gz.sig
-rw-r--r--    1 ftp      ftp          3289 Jun 01 15:27 db.cache
-rw-r--r--    1 ftp      ftp            33 Jun 01 15:27 db.cache.md5
-rw-r--r--    1 ftp      ftp            72 Jun 01 15:27 db.cache.sig
-rw-r--r--    1 ftp      ftp        228369 Jun 03 15:40 in-addr.arpa
-rw-r--r--    1 ftp      ftp         90200 Jun 03 15:40 in-addr.arpa.gz
-rw-r--r--    1 ftp      ftp            55 Jun 03 15:40 in-addr.arpa.gz.md5
-rw-r--r--    1 ftp      ftp            90 Jun 03 15:40 in-addr.arpa.gz.sha256
-rw-r--r--    1 ftp      ftp            52 Jun 03 15:40 in-addr.arpa.md5
-rw-r--r--    1 ftp      ftp            87 Jun 03 15:40 in-addr.arpa.sha256
-rw-r--r--    1 ftp      ftp        228369 Jun 03 15:40 in-addr.arpa.zone
-rw-r--r--    1 ftp      ftp         90200 Jun 03 15:40 in-addr.arpa.zone.gz
-rw-r--r--    1 ftp      ftp            60 Jun 03 15:40 in-addr.arpa.zone.gz.md5
-rw-r--r--    1 ftp      ftp            95 Jun 03 15:40 in-addr.arpa.zone.gz.sha256
-rw-r--r--    1 ftp      ftp            57 Jun 03 15:40 in-addr.arpa.zone.md5
-rw-r--r--    1 ftp      ftp            92 Jun 03 15:40 in-addr.arpa.zone.sha256
-rw-r--r--    1 ftp      ftp         61264 Jun 03 15:40 ip6.arpa
-rw-r--r--    1 ftp      ftp         24255 Jun 03 15:40 ip6.arpa.gz
-rw-r--r--    1 ftp      ftp            51 Jun 03 15:40 ip6.arpa.gz.md5
-rw-r--r--    1 ftp      ftp            86 Jun 03 15:40 ip6.arpa.gz.sha256
-rw-r--r--    1 ftp      ftp            48 Jun 03 15:40 ip6.arpa.md5
-rw-r--r--    1 ftp      ftp            83 Jun 03 15:40 ip6.arpa.sha256
-rw-r--r--    1 ftp      ftp         61264 Jun 03 15:40 ip6.arpa.zone
-rw-r--r--    1 ftp      ftp         24255 Jun 03 15:40 ip6.arpa.zone.gz
-rw-r--r--    1 ftp      ftp            56 Jun 03 15:40 ip6.arpa.zone.gz.md5
-rw-r--r--    1 ftp      ftp            91 Jun 03 15:40 ip6.arpa.zone.gz.sha256
-rw-r--r--    1 ftp      ftp            53 Jun 03 15:40 ip6.arpa.zone.md5
-rw-r--r--    1 ftp      ftp            88 Jun 03 15:40 ip6.arpa.zone.sha256
-rw-r--r--    1 ftp      ftp            21 Jun 03 15:40 last_update.txt
-rw-r--r--    1 ftp      ftp          3289 Jun 01 15:27 named.cache
-rw-r--r--    1 ftp      ftp            33 Jun 01 15:27 named.cache.md5
-rw-r--r--    1 ftp      ftp            72 Jun 01 15:27 named.cache.sig
-rw-r--r--    1 ftp      ftp          3289 Jun 01 15:27 named.root
-rw-r--r--    1 ftp      ftp            33 Jun 01 15:27 named.root.md5
-rw-r--r--    1 ftp      ftp            72 Jun 01 15:27 named.root.sig
-rw-r--r--    1 ftp      ftp          2111 Jun 01 15:27 root-servers.net.zone
-rw-r--r--    1 ftp      ftp           575 Jun 01 15:27 root-servers.net.zone.gz
-rw-r--r--    1 ftp      ftp            33 Jun 01 15:27 root-servers.net.zone.gz.md5
-rw-r--r--    1 ftp      ftp            72 Jun 01 15:27 root-servers.net.zone.gz.sig
-rw-r--r--    1 ftp      ftp       2237298 Jun 03 05:13 root.zone
-rw-r--r--    1 ftp      ftp       1050551 Jun 03 05:13 root.zone.gz
-rw-r--r--    1 ftp      ftp            33 Jun 03 05:13 root.zone.gz.md5
-rw-r--r--    1 ftp      ftp            72 Jun 03 05:13 root.zone.gz.sig
-rw-r--r--    1 ftp      ftp            33 Jun 03 05:13 root.zone.md5
-rw-r--r--    1 ftp      ftp            72 Jun 03 05:13 root.zone.sig
2017-06-04 00:00:13 (365 KB/s) - ‘./domain/.listing’ saved [3930]

The sizes do not match (local 3930) -- retrieving.

--2017-06-04 00:00:13--  ftp://ftp.internic.net/domain/.listing
           => ‘./domain/.listing’
==> CWD not required.
--> PASV

227 Entering Passive Mode (192,0,32,9,41,253)
--> RETR .listing

150 Opening BINARY mode data connection for .listing (1829 bytes).
Length: 1829 (1.8K)

     0K .                                                     100% 2.08M=0.001s

226 Transfer complete.
2017-06-04 00:00:15 (2.08 MB/s) - ‘./domain/.listing’ saved [1829]

Remote file is newer than local file ‘./domain/INTERNIC_ROOT_ZONE.signatures’ -- retrieving.

--2017-06-04 00:00:15--  ftp://ftp.internic.net/domain/INTERNIC_ROOT_ZONE.signatures
           => ‘./domain/INTERNIC_ROOT_ZONE.signatures’
==> CWD not required.
--> PASV

227 Entering Passive Mode (192,0,32,9,42,203)
--> RETR INTERNIC_ROOT_ZONE.signatures

150 Opening BINARY mode data connection for INTERNIC_ROOT_ZONE.signatures (1224 bytes).
Length: 1224 (1.2K)

     0K .                                                     100% 4.12M=0s

226 Transfer complete.
2017-06-04 00:00:17 (4.12 MB/s) - ‘./domain/INTERNIC_ROOT_ZONE.signatures’ saved [1224]

Remote file is newer than local file ‘./domain/INTERNIC_ROOT_ZONE.signatures.asc’ -- retrieving.

--2017-06-04 00:00:17--  ftp://ftp.internic.net/domain/INTERNIC_ROOT_ZONE.signatures.asc
           => ‘./domain/INTERNIC_ROOT_ZONE.signatures.asc’
==> CWD not required.
--> PASV

227 Entering Passive Mode (192,0,32,9,165,225)
--> RETR INTERNIC_ROOT_ZONE.signatures.asc

150 Opening BINARY mode data connection for INTERNIC_ROOT_ZONE.signatures.asc (1469 bytes).
Length: 1469 (1.4K)

     0K .                                                     100%  356K=0.004s

226 Transfer complete.
2017-06-04 00:00:18 (356 KB/s) - ‘./domain/INTERNIC_ROOT_ZONE.signatures.asc’ saved [1469]

Remote file is newer than local file ‘./domain/arpa.zone’ -- retrieving.

--2017-06-04 00:00:18--  ftp://ftp.internic.net/domain/arpa.zone
           => ‘./domain/arpa.zone’
==> CWD not required.
--> PASV

227 Entering Passive Mode (192,0,32,9,15,132)
--> RETR arpa.zone

150 Opening BINARY mode data connection for arpa.zone (15228 bytes).
Length: 15228 (15K)

     0K .......... ....                                       100% 1.98M=0.007s

226 Transfer complete.
2017-06-04 00:00:22 (1.98 MB/s) - ‘./domain/arpa.zone’ saved [15228]

The sizes do not match (local 6646) -- retrieving.

--2017-06-04 00:00:22--  ftp://ftp.internic.net/domain/arpa.zone.gz
           => ‘./domain/arpa.zone.gz’
==> CWD not required.
--> PASV

227 Entering Passive Mode (192,0,32,9,41,135)
--> RETR arpa.zone.gz

150 Opening BINARY mode data connection for arpa.zone.gz (6648 bytes).
Length: 6648 (6.5K)

     0K ......                                                100% 5.42M=0.001s

226 Transfer complete.
2017-06-04 00:00:23 (5.42 MB/s) - ‘./domain/arpa.zone.gz’ saved [6648]

Remote file is newer than local file ‘./domain/arpa.zone.gz.md5’ -- retrieving.

--2017-06-04 00:00:23--  ftp://ftp.internic.net/domain/arpa.zone.gz.md5
           => ‘./domain/arpa.zone.gz.md5’
==> CWD not required.
--> PASV

227 Entering Passive Mode (192,0,32,9,42,187)
--> RETR arpa.zone.gz.md5

150 Opening BINARY mode data connection for arpa.zone.gz.md5 (33 bytes).
Length: 33

     0K                                                       100%  205K=0s

226 Transfer complete.
2017-06-04 00:00:25 (205 KB/s) - ‘./domain/arpa.zone.gz.md5’ saved [33]

Remote file is newer than local file ‘./domain/arpa.zone.gz.sig’ -- retrieving.

--2017-06-04 00:00:25--  ftp://ftp.internic.net/domain/arpa.zone.gz.sig
           => ‘./domain/arpa.zone.gz.sig’
==> CWD not required.
--> PASV

227 Entering Passive Mode (192,0,32,9,42,27)
--> RETR arpa.zone.gz.sig

150 Opening BINARY mode data connection for arpa.zone.gz.sig (72 bytes).
Length: 72

     0K                                                       100%  353K=0s

226 Transfer complete.
2017-06-04 00:00:27 (353 KB/s) - ‘./domain/arpa.zone.gz.sig’ saved [72]

Remote file no newer than local file ‘./domain/db.cache’ -- not retrieving.
Remote file no newer than local file ‘./domain/db.cache.md5’ -- not retrieving.
Remote file no newer than local file ‘./domain/db.cache.sig’ -- not retrieving.
Remote file is newer than local file ‘./domain/in-addr.arpa’ -- retrieving.

--2017-06-04 00:00:27--  ftp://ftp.internic.net/domain/in-addr.arpa
           => ‘./domain/in-addr.arpa’
==> CWD not required.
--> PASV

227 Entering Passive Mode (192,0,32,9,196,16)
--> RETR in-addr.arpa

150 Opening BINARY mode data connection for in-addr.arpa (228369 bytes).
Length: 228369 (223K)

     0K .......... .......... .......... .......... .......... 22% 34.7K 5s
    50K .......... .......... .......... .......... .......... 44% 60.9K 3s
   100K .......... .......... .......... .......... .......... 67%  123K 1s
   150K .......... .......... .......... .......... .......... 89% 2.61M 0s
   200K .......... .......... ...                             100% 2.34M=2.7s

226 Transfer complete.
2017-06-04 00:00:31 (82.7 KB/s) - ‘./domain/in-addr.arpa’ saved [228369]

Remote file is newer than local file ‘./domain/in-addr.arpa.gz’ -- retrieving.

--2017-06-04 00:00:31--  ftp://ftp.internic.net/domain/in-addr.arpa.gz
           => ‘./domain/in-addr.arpa.gz’
==> CWD not required.
--> PASV

227 Entering Passive Mode (192,0,32,9,75,213)
--> RETR in-addr.arpa.gz

150 Opening BINARY mode data connection for in-addr.arpa.gz (90200 bytes).
Length: 90200 (88K)

     0K .......... .......... .......... .......... .......... 56% 21.1K 2s
    50K .......... .......... .......... ........             100% 31.1K=3.6s

226 Transfer complete.
2017-06-04 00:00:40 (24.5 KB/s) - ‘./domain/in-addr.arpa.gz’ saved [90200]

Remote file is newer than local file ‘./domain/in-addr.arpa.gz.md5’ -- retrieving.

--2017-06-04 00:00:40--  ftp://ftp.internic.net/domain/in-addr.arpa.gz.md5
           => ‘./domain/in-addr.arpa.gz.md5’
==> CWD not required.
--> PASV

227 Entering Passive Mode (192,0,32,9,186,241)
--> RETR in-addr.arpa.gz.md5

150 Opening BINARY mode data connection for in-addr.arpa.gz.md5 (55 bytes).
Length: 55

     0K                                                       100% 1.17M=0s

226 Transfer complete.
2017-06-04 00:00:42 (1.17 MB/s) - ‘./domain/in-addr.arpa.gz.md5’ saved [55]

Remote file is newer than local file ‘./domain/in-addr.arpa.gz.sha256’ -- retrieving.

--2017-06-04 00:00:42--  ftp://ftp.internic.net/domain/in-addr.arpa.gz.sha256
           => ‘./domain/in-addr.arpa.gz.sha256’
==> CWD not required.
--> PASV

227 Entering Passive Mode (192,0,32,9,189,211)
--> RETR in-addr.arpa.gz.sha256

150 Opening BINARY mode data connection for in-addr.arpa.gz.sha256 (90 bytes).
Length: 90

     0K                                                       100% 1.19M=0s

226 Transfer complete.
2017-06-04 00:00:44 (1.19 MB/s) - ‘./domain/in-addr.arpa.gz.sha256’ saved [90]

Remote file is newer than local file ‘./domain/in-addr.arpa.md5’ -- retrieving.

--2017-06-04 00:00:44--  ftp://ftp.internic.net/domain/in-addr.arpa.md5
           => ‘./domain/in-addr.arpa.md5’
==> CWD not required.
--> PASV

227 Entering Passive Mode (192,0,32,9,42,17)
--> RETR in-addr.arpa.md5

150 Opening BINARY mode data connection for in-addr.arpa.md5 (52 bytes).
Length: 52

     0K                                                       100% 4.73K=0.01s

226 Transfer complete.
2017-06-04 00:00:46 (4.73 KB/s) - ‘./domain/in-addr.arpa.md5’ saved [52]

Remote file is newer than local file ‘./domain/in-addr.arpa.sha256’ -- retrieving.

--2017-06-04 00:00:46--  ftp://ftp.internic.net/domain/in-addr.arpa.sha256
           => ‘./domain/in-addr.arpa.sha256’
==> CWD not required.
--> PASV

227 Entering Passive Mode (192,0,32,9,41,103)
--> RETR in-addr.arpa.sha256

150 Opening BINARY mode data connection for in-addr.arpa.sha256 (87 bytes).
Length: 87

     0K                                                       100% 3.14K=0.03s

226 Transfer complete.
2017-06-04 00:00:48 (3.14 KB/s) - ‘./domain/in-addr.arpa.sha256’ saved [87]

Remote file is newer than local file ‘./domain/in-addr.arpa.zone’ -- retrieving.

--2017-06-04 00:00:48--  ftp://ftp.internic.net/domain/in-addr.arpa.zone
           => ‘./domain/in-addr.arpa.zone’
==> CWD not required.
--> PASV

227 Entering Passive Mode (192,0,32,9,104,156)
--> RETR in-addr.arpa.zone

150 Opening BINARY mode data connection for in-addr.arpa.zone (228369 bytes).
Length: 228369 (223K)

     0K .......... .......... .......... .......... .......... 22% 40.8K 4s
    50K .......... .......... .......... .......... .......... 44%  118K 2s
   100K .......... .......... .......... .......... .......... 67% 9.92M 1s
   150K .......... .......... .......... .......... .......... 89%  120K 0s
   200K .......... .......... ...                             100% 33.3M=2.1s

226 Transfer complete.
2017-06-04 00:00:52 (108 KB/s) - ‘./domain/in-addr.arpa.zone’ saved [228369]

Remote file is newer than local file ‘./domain/in-addr.arpa.zone.gz’ -- retrieving.

--2017-06-04 00:00:52--  ftp://ftp.internic.net/domain/in-addr.arpa.zone.gz
           => ‘./domain/in-addr.arpa.zone.gz’
==> CWD not required.
--> PASV

227 Entering Passive Mode (192,0,32,9,107,218)
--> RETR in-addr.arpa.zone.gz

150 Opening BINARY mode data connection for in-addr.arpa.zone.gz (90200 bytes).
Length: 90200 (88K)

     0K .......... .......... .......... .......... .......... 56% 48.4K 1s
    50K .......... .......... .......... ........             100%  116K=1.4s

226 Transfer complete.
2017-06-04 00:01:04 (64.7 KB/s) - ‘./domain/in-addr.arpa.zone.gz’ saved [90200]

Remote file is newer than local file ‘./domain/in-addr.arpa.zone.gz.md5’ -- retrieving.

--2017-06-04 00:01:04--  ftp://ftp.internic.net/domain/in-addr.arpa.zone.gz.md5
           => ‘./domain/in-addr.arpa.zone.gz.md5’
==> CWD not required.
--> PASV

227 Entering Passive Mode (192,0,32,9,42,190)
--> RETR in-addr.arpa.zone.gz.md5

150 Opening BINARY mode data connection for in-addr.arpa.zone.gz.md5 (60 bytes).
Length: 60

     0K                                                       100%  388K=0s

226 Transfer complete.
2017-06-04 00:01:06 (388 KB/s) - ‘./domain/in-addr.arpa.zone.gz.md5’ saved [60]

Remote file is newer than local file ‘./domain/in-addr.arpa.zone.gz.sha256’ -- retrieving.

--2017-06-04 00:01:06--  ftp://ftp.internic.net/domain/in-addr.arpa.zone.gz.sha256
           => ‘./domain/in-addr.arpa.zone.gz.sha256’
==> CWD not required.
--> PASV

227 Entering Passive Mode (192,0,32,9,141,249)
--> RETR in-addr.arpa.zone.gz.sha256

150 Opening BINARY mode data connection for in-addr.arpa.zone.gz.sha256 (95 bytes).
Length: 95

     0K                                                       100%  867K=0s

226 Transfer complete.
2017-06-04 00:01:07 (867 KB/s) - ‘./domain/in-addr.arpa.zone.gz.sha256’ saved [95]

Remote file is newer than local file ‘./domain/in-addr.arpa.zone.md5’ -- retrieving.

--2017-06-04 00:01:07--  ftp://ftp.internic.net/domain/in-addr.arpa.zone.md5
           => ‘./domain/in-addr.arpa.zone.md5’
==> CWD not required.
--> PASV

227 Entering Passive Mode (192,0,32,9,231,115)
--> RETR in-addr.arpa.zone.md5

150 Opening BINARY mode data connection for in-addr.arpa.zone.md5 (57 bytes).
Length: 57

     0K                                                       100%  460K=0s

226 Transfer complete.
2017-06-04 00:01:18 (460 KB/s) - ‘./domain/in-addr.arpa.zone.md5’ saved [57]

Remote file is newer than local file ‘./domain/in-addr.arpa.zone.sha256’ -- retrieving.

--2017-06-04 00:01:18--  ftp://ftp.internic.net/domain/in-addr.arpa.zone.sha256
           => ‘./domain/in-addr.arpa.zone.sha256’
==> CWD not required.
--> PASV

227 Entering Passive Mode (192,0,32,9,42,174)
--> RETR in-addr.arpa.zone.sha256

150 Opening BINARY mode data connection for in-addr.arpa.zone.sha256 (92 bytes).
Length: 92

     0K                                                       100% 1.01M=0s

226 Transfer complete.
2017-06-04 00:01:22 (1.01 MB/s) - ‘./domain/in-addr.arpa.zone.sha256’ saved [92]

Remote file is newer than local file ‘./domain/ip6.arpa’ -- retrieving.

--2017-06-04 00:01:22--  ftp://ftp.internic.net/domain/ip6.arpa
           => ‘./domain/ip6.arpa’
==> CWD not required.
--> PASV

227 Entering Passive Mode (192,0,32,9,103,99)
--> RETR ip6.arpa

150 Opening BINARY mode data connection for ip6.arpa (61264 bytes).
Length: 61264 (60K)

     0K .......... .......... .......... .......... .......... 83% 37.4K 0s
    50K .........                                             100% 3.65M=1.3s

226 Transfer complete.
2017-06-04 00:01:26 (44.7 KB/s) - ‘./domain/ip6.arpa’ saved [61264]

Remote file is newer than local file ‘./domain/ip6.arpa.gz’ -- retrieving.

--2017-06-04 00:01:26--  ftp://ftp.internic.net/domain/ip6.arpa.gz
           => ‘./domain/ip6.arpa.gz’
==> CWD not required.
--> PASV

227 Entering Passive Mode (192,0,32,9,66,54)
--> RETR ip6.arpa.gz

150 Opening BINARY mode data connection for ip6.arpa.gz (24255 bytes).
Length: 24255 (24K)

     0K .......... .......... ...                             100% 56.3K=0.4s

226 Transfer complete.
2017-06-04 00:01:28 (56.3 KB/s) - ‘./domain/ip6.arpa.gz’ saved [24255]

Remote file is newer than local file ‘./domain/ip6.arpa.gz.md5’ -- retrieving.

--2017-06-04 00:01:28--  ftp://ftp.internic.net/domain/ip6.arpa.gz.md5
           => ‘./domain/ip6.arpa.gz.md5’
==> CWD not required.
--> PASV

227 Entering Passive Mode (192,0,32,9,5,126)
--> RETR ip6.arpa.gz.md5

150 Opening BINARY mode data connection for ip6.arpa.gz.md5 (51 bytes).
Length: 51

     0K                                                       100%  422K=0s

226 Transfer complete.
2017-06-04 00:01:30 (422 KB/s) - ‘./domain/ip6.arpa.gz.md5’ saved [51]

Remote file is newer than local file ‘./domain/ip6.arpa.gz.sha256’ -- retrieving.

--2017-06-04 00:01:30--  ftp://ftp.internic.net/domain/ip6.arpa.gz.sha256
           => ‘./domain/ip6.arpa.gz.sha256’
==> CWD not required.
--> PASV

227 Entering Passive Mode (192,0,32,9,207,142)
--> RETR ip6.arpa.gz.sha256

150 Opening BINARY mode data connection for ip6.arpa.gz.sha256 (86 bytes).
Length: 86

     0K                                                       100%  613K=0s

226 Transfer complete.
2017-06-04 00:01:32 (613 KB/s) - ‘./domain/ip6.arpa.gz.sha256’ saved [86]

Remote file is newer than local file ‘./domain/ip6.arpa.md5’ -- retrieving.

--2017-06-04 00:01:32--  ftp://ftp.internic.net/domain/ip6.arpa.md5
           => ‘./domain/ip6.arpa.md5’
==> CWD not required.
--> PASV

227 Entering Passive Mode (192,0,32,9,200,6)
--> RETR ip6.arpa.md5

150 Opening BINARY mode data connection for ip6.arpa.md5 (48 bytes).
Length: 48

     0K                                                       100%  478K=0s

226 Transfer complete.
2017-06-04 00:01:33 (478 KB/s) - ‘./domain/ip6.arpa.md5’ saved [48]

Remote file is newer than local file ‘./domain/ip6.arpa.sha256’ -- retrieving.

--2017-06-04 00:01:33--  ftp://ftp.internic.net/domain/ip6.arpa.sha256
           => ‘./domain/ip6.arpa.sha256’
==> CWD not required.
--> PASV

227 Entering Passive Mode (192,0,32,9,19,24)
--> RETR ip6.arpa.sha256

150 Opening BINARY mode data connection for ip6.arpa.sha256 (83 bytes).
Length: 83

     0K                                                       100% 4.71K=0.02s

226 Transfer complete.
2017-06-04 00:01:36 (4.71 KB/s) - ‘./domain/ip6.arpa.sha256’ saved [83]

Remote file is newer than local file ‘./domain/ip6.arpa.zone’ -- retrieving.

--2017-06-04 00:01:36--  ftp://ftp.internic.net/domain/ip6.arpa.zone
           => ‘./domain/ip6.arpa.zone’
==> CWD not required.
--> PASV

227 Entering Passive Mode (192,0,32,9,212,111)
--> RETR ip6.arpa.zone

150 Opening BINARY mode data connection for ip6.arpa.zone (61264 bytes).
Length: 61264 (60K)

     0K .......... .......... .......... .......... .......... 83% 41.4K 0s
    50K .........                                             100% 1.69M=1.2s

226 Transfer complete.
2017-06-04 00:01:39 (49.4 KB/s) - ‘./domain/ip6.arpa.zone’ saved [61264]

Remote file is newer than local file ‘./domain/ip6.arpa.zone.gz’ -- retrieving.

--2017-06-04 00:01:39--  ftp://ftp.internic.net/domain/ip6.arpa.zone.gz
           => ‘./domain/ip6.arpa.zone.gz’
==> CWD not required.
--> PASV

227 Entering Passive Mode (192,0,32,9,193,0)
--> RETR ip6.arpa.zone.gz

150 Opening BINARY mode data connection for ip6.arpa.zone.gz (24255 bytes).
Length: 24255 (24K)

     0K .......... .......... ...                             100% 58.1K=0.4s

226 Transfer complete.
2017-06-04 00:01:42 (58.1 KB/s) - ‘./domain/ip6.arpa.zone.gz’ saved [24255]

Remote file is newer than local file ‘./domain/ip6.arpa.zone.gz.md5’ -- retrieving.

--2017-06-04 00:01:42--  ftp://ftp.internic.net/domain/ip6.arpa.zone.gz.md5
           => ‘./domain/ip6.arpa.zone.gz.md5’
==> CWD not required.
--> PASV

227 Entering Passive Mode (192,0,32,9,41,205)
--> RETR ip6.arpa.zone.gz.md5

150 Opening BINARY mode data connection for ip6.arpa.zone.gz.md5 (56 bytes).
Length: 56

     0K                                                       100%  445K=0s

226 Transfer complete.
2017-06-04 00:01:47 (445 KB/s) - ‘./domain/ip6.arpa.zone.gz.md5’ saved [56]

Remote file is newer than local file ‘./domain/ip6.arpa.zone.gz.sha256’ -- retrieving.

--2017-06-04 00:01:47--  ftp://ftp.internic.net/domain/ip6.arpa.zone.gz.sha256
           => ‘./domain/ip6.arpa.zone.gz.sha256’
==> CWD not required.
--> PASV

227 Entering Passive Mode (192,0,32,9,41,231)
--> RETR ip6.arpa.zone.gz.sha256

150 Opening BINARY mode data connection for ip6.arpa.zone.gz.sha256 (91 bytes).
Length: 91

     0K                                                       100%  760K=0s

226 Transfer complete.
2017-06-04 00:01:48 (760 KB/s) - ‘./domain/ip6.arpa.zone.gz.sha256’ saved [91]

Remote file is newer than local file ‘./domain/ip6.arpa.zone.md5’ -- retrieving.

--2017-06-04 00:01:49--  ftp://ftp.internic.net/domain/ip6.arpa.zone.md5
           => ‘./domain/ip6.arpa.zone.md5’
==> CWD not required.
--> PASV

227 Entering Passive Mode (192,0,32,9,41,205)
--> RETR ip6.arpa.zone.md5

150 Opening BINARY mode data connection for ip6.arpa.zone.md5 (53 bytes).
Length: 53

     0K                                                       100%  595K=0s

226 Transfer complete.
2017-06-04 00:01:51 (595 KB/s) - ‘./domain/ip6.arpa.zone.md5’ saved [53]

Remote file is newer than local file ‘./domain/ip6.arpa.zone.sha256’ -- retrieving.

--2017-06-04 00:01:51--  ftp://ftp.internic.net/domain/ip6.arpa.zone.sha256
           => ‘./domain/ip6.arpa.zone.sha256’
==> CWD not required.
--> PASV

227 Entering Passive Mode (192,0,32,9,136,105)
--> RETR ip6.arpa.zone.sha256

150 Opening BINARY mode data connection for ip6.arpa.zone.sha256 (88 bytes).
Length: 88

     0K                                                       100%  944K=0s

226 Transfer complete.
2017-06-04 00:01:52 (944 KB/s) - ‘./domain/ip6.arpa.zone.sha256’ saved [88]

Remote file is newer than local file ‘./domain/last_update.txt’ -- retrieving.

--2017-06-04 00:01:52--  ftp://ftp.internic.net/domain/last_update.txt
           => ‘./domain/last_update.txt’
==> CWD not required.
--> PASV

227 Entering Passive Mode (192,0,32,9,41,135)
--> RETR last_update.txt

150 Opening BINARY mode data connection for last_update.txt (21 bytes).
Length: 21

     0K                                                       100%  466K=0s

226 Transfer complete.
2017-06-04 00:01:54 (466 KB/s) - ‘./domain/last_update.txt’ saved [21]

Remote file no newer than local file ‘./domain/named.cache’ -- not retrieving.
Remote file no newer than local file ‘./domain/named.cache.md5’ -- not retrieving.
Remote file no newer than local file ‘./domain/named.cache.sig’ -- not retrieving.
Remote file no newer than local file ‘./domain/named.root’ -- not retrieving.
Remote file no newer than local file ‘./domain/named.root.md5’ -- not retrieving.
Remote file no newer than local file ‘./domain/named.root.sig’ -- not retrieving.
Remote file no newer than local file ‘./domain/root-servers.net.zone’ -- not retrieving.
Remote file no newer than local file ‘./domain/root-servers.net.zone.gz’ -- not retrieving.
Remote file no newer than local file ‘./domain/root-servers.net.zone.gz.md5’ -- not retrieving.
Remote file no newer than local file ‘./domain/root-servers.net.zone.gz.sig’ -- not retrieving.
The sizes do not match (local 2237478) -- retrieving.

--2017-06-04 00:01:54--  ftp://ftp.internic.net/domain/root.zone
           => ‘./domain/root.zone’
==> CWD not required.
--> PASV

227 Entering Passive Mode (192,0,32,9,112,177)
--> RETR root.zone

150 Opening BINARY mode data connection for root.zone (2237298 bytes).
Length: 2237298 (2.1M)

     0K .......... .......... .......... .......... ..........  2% 40.7K 53s
    50K .......... .......... .......... .......... ..........  4%  120K 34s
   100K .......... .......... .......... .......... ..........  6%  147K 27s
   150K .......... .......... .......... .......... ..........  9%  134K 23s
   200K .......... .......... .......... .......... .......... 11% 5.67M 18s
   250K .......... .......... .......... .......... .......... 13% 5.86M 15s
   300K .......... .......... .......... .......... .......... 16%  130K 14s
   350K .......... .......... .......... .......... .......... 18% 3.52M 12s
   400K .......... .......... .......... .......... .......... 20% 6.92M 11s
   450K .......... .......... .......... .......... .......... 22% 7.59M 9s
   500K .......... .......... .......... .......... .......... 25% 3.54M 8s
   550K .......... .......... .......... .......... .......... 27%  104K 9s
   600K .......... .......... .......... .......... .......... 29% 2.51M 8s
   650K .......... .......... .......... .......... .......... 32% 3.98M 7s
   700K .......... .......... .......... .......... .......... 34% 3.98M 6s
   750K .......... .......... .......... .......... .......... 36%  138K 6s
   800K .......... .......... .......... .......... .......... 38% 3.64M 6s
   850K .......... .......... .......... .......... .......... 41% 4.18M 5s
   900K .......... .......... .......... .......... .......... 43% 8.71M 5s
   950K .......... .......... .......... .......... .......... 45% 3.37M 4s
  1000K .......... .......... .......... .......... .......... 48%  136K 4s
  1050K .......... .......... .......... .......... .......... 50% 5.84M 4s
  1100K .......... .......... .......... .......... .......... 52% 5.76M 4s
  1150K .......... .......... .......... .......... .......... 54% 4.98M 3s
  1200K .......... .......... .......... .......... .......... 57% 2.72M 3s
  1250K .......... .......... .......... .......... .......... 59%  139K 3s
  1300K .......... .......... .......... .......... .......... 61% 4.02M 3s
  1350K .......... .......... .......... .......... .......... 64% 5.08M 3s
  1400K .......... .......... .......... .......... .......... 66% 3.62M 2s
  1450K .......... .......... .......... .......... .......... 68% 3.83M 2s
  1500K .......... .......... .......... .......... .......... 70%  139K 2s
  1550K .......... .......... .......... .......... .......... 73% 1.79M 2s
  1600K .......... .......... .......... .......... .......... 75% 15.5M 2s
  1650K .......... .......... .......... .......... .......... 77% 3.43M 1s
  1700K .......... .......... .......... .......... .......... 80% 13.6M 1s
  1750K .......... .......... .......... .......... .......... 82% 1.67M 1s
  1800K .......... .......... .......... .......... .......... 84%  142K 1s
  1850K .......... .......... .......... .......... .......... 86% 9.87M 1s
  1900K .......... .......... .......... .......... .......... 89% 6.18M 1s
  1950K .......... .......... .......... .......... .......... 91% 4.95M 0s
  2000K .......... .......... .......... .......... .......... 93% 2.57M 0s
  2050K .......... .......... .......... .......... .......... 96% 4.54M 0s
  2100K .......... .......... .......... .......... .......... 98%  146K 0s
  2150K .......... .......... .......... ....                 100% 7.31M=5.7s

226 Transfer complete.
2017-06-04 00:02:01 (380 KB/s) - ‘./domain/root.zone’ saved [2237298]

The sizes do not match (local 1050644) -- retrieving.

--2017-06-04 00:02:02--  ftp://ftp.internic.net/domain/root.zone.gz
           => ‘./domain/root.zone.gz’
==> CWD not required.
--> PASV

227 Entering Passive Mode (192,0,32,9,206,74)
--> RETR root.zone.gz

150 Opening BINARY mode data connection for root.zone.gz (1050551 bytes).
Length: 1050551 (1.0M)

     0K .......... .......... .......... .......... ..........  4% 40.9K 24s
    50K .......... .......... .......... .......... ..........  9%  119K 15s
   100K .......... .......... .......... .......... .......... 14%  123K 12s
   150K .......... .......... .......... .......... .......... 19% 6.27M 8s
   200K .......... .......... .......... .......... .......... 24%  123K 8s
   250K .......... .......... .......... .......... .......... 29% 4.86M 6s
   300K .......... .......... .......... .......... .......... 34% 4.31M 5s
   350K .......... .......... .......... .......... .......... 38%  133K 4s
   400K .......... .......... .......... .......... .......... 43% 5.62M 4s
   450K .......... .......... .......... .......... .......... 48% 2.87M 3s
   500K .......... .......... .......... .......... .......... 53% 47.5M 3s
   550K .......... .......... .......... .......... .......... 58% 5.12M 2s
   600K .......... .......... .......... .......... .......... 63%  131K 2s
   650K .......... .......... .......... .......... .......... 68% 5.17M 2s
   700K .......... .......... .......... .......... .......... 73% 3.38M 1s
   750K .......... .......... .......... .......... .......... 77% 3.56M 1s
   800K .......... .......... .......... .......... .......... 82%  134K 1s
   850K .......... .......... .......... .......... .......... 87% 5.63M 1s
   900K .......... .......... .......... .......... .......... 92% 1.60M 0s
   950K .......... .......... .......... .......... .......... 97% 14.0M 0s
  1000K .......... .......... .....                           100% 4.89M=3.7s

226 Transfer complete.
2017-06-04 00:02:11 (274 KB/s) - ‘./domain/root.zone.gz’ saved [1050551]

Remote file is newer than local file ‘./domain/root.zone.gz.md5’ -- retrieving.

--2017-06-04 00:02:11--  ftp://ftp.internic.net/domain/root.zone.gz.md5
           => ‘./domain/root.zone.gz.md5’
==> CWD not required.
--> PASV

227 Entering Passive Mode (192,0,32,9,10,180)
--> RETR root.zone.gz.md5

150 Opening BINARY mode data connection for root.zone.gz.md5 (33 bytes).
Length: 33

     0K                                                       100% 94.5K=0s

226 Transfer complete.
2017-06-04 00:02:17 (94.5 KB/s) - ‘./domain/root.zone.gz.md5’ saved [33]

Remote file is newer than local file ‘./domain/root.zone.gz.sig’ -- retrieving.

--2017-06-04 00:02:17--  ftp://ftp.internic.net/domain/root.zone.gz.sig
           => ‘./domain/root.zone.gz.sig’
==> CWD not required.
--> PASV

227 Entering Passive Mode (192,0,32,9,132,224)
--> RETR root.zone.gz.sig

150 Opening BINARY mode data connection for root.zone.gz.sig (72 bytes).
Length: 72

     0K                                                       100%  576K=0s

226 Transfer complete.
2017-06-04 00:02:20 (576 KB/s) - ‘./domain/root.zone.gz.sig’ saved [72]

Remote file is newer than local file ‘./domain/root.zone.md5’ -- retrieving.

--2017-06-04 00:02:20--  ftp://ftp.internic.net/domain/root.zone.md5
           => ‘./domain/root.zone.md5’
==> CWD not required.
--> PASV

227 Entering Passive Mode (192,0,32,9,212,191)
--> RETR root.zone.md5

150 Opening BINARY mode data connection for root.zone.md5 (33 bytes).
Length: 33

     0K                                                       100% 55.3K=0.001s

226 Transfer complete.
2017-06-04 00:02:21 (55.3 KB/s) - ‘./domain/root.zone.md5’ saved [33]

Remote file is newer than local file ‘./domain/root.zone.sig’ -- retrieving.

--2017-06-04 00:02:21--  ftp://ftp.internic.net/domain/root.zone.sig
           => ‘./domain/root.zone.sig’
==> CWD not required.
--> PASV

227 Entering Passive Mode (192,0,32,9,42,30)
--> RETR root.zone.sig

150 Opening BINARY mode data connection for root.zone.sig (72 bytes).
Length: 72

     0K                                                       100% 1.60M=0s

226 Transfer complete.
2017-06-04 00:02:24 (1.60 MB/s) - ‘./domain/root.zone.sig’ saved [72]

FINISHED --2017-06-04 00:02:24--
Total wall clock time: 2m 21s
Downloaded: 40 files, 3.9M in 23s (178 KB/s)
