--2017-05-25 00:00:02--  ftp://ftp.internic.net/*
           => ‘./.listing’
Resolving ftp.internic.net (ftp.internic.net)... 192.0.32.9, 2620:0:2d0:200::9
Connecting to ftp.internic.net (ftp.internic.net)|192.0.32.9|:21... connected.
Logging in as anonymous ... 
220 Internic FTP Server
--> USER anonymous

331 Please specify the password.
--> PASS Turtle Power!

230 Login successful.
--> SYST

215 UNIX Type: L8
--> PWD

257 "/"
--> TYPE I

200 Switching to Binary mode.
==> CWD not needed.
--> PASV

227 Entering Passive Mode (192,0,32,9,41,181)
--> LIST -a

150 Here comes the directory listing.

     0K                                                         757K=0s

226 Directory send OK.
drwxr-xr-x    3 ftp      ftp          4096 Apr 04  2012 .
drwxr-xr-x    3 ftp      ftp          4096 Apr 04  2012 ..
drwxr-xr-x    2 ftp      ftp          4096 Sep 09  2015 domain
2017-05-25 00:00:07 (757 KB/s) - ‘./.listing’ saved [183]

--2017-05-25 00:00:07--  ftp://ftp.internic.net/domain/*
           => ‘./domain/.listing’
--> CWD /domain

250 Directory successfully changed.
--> PASV

227 Entering Passive Mode (192,0,32,9,85,92)
--> LIST -a

150 Here comes the directory listing.

     0K ...                                                    1.40M=0.003s

226 Directory send OK.
drwxr-xr-x    2 ftp      ftp          4096 Sep 09  2015 .
drwxr-xr-x    3 ftp      ftp          4096 Apr 04  2012 ..
-rw-r--r--    1 ftp      ftp          1829 Aug 18  2015 .listing
-rw-r--r--    1 ftp      ftp          1224 May 24 12:16 INTERNIC_ROOT_ZONE.signatures
-rw-r--r--    1 ftp      ftp          1469 May 24 12:16 INTERNIC_ROOT_ZONE.signatures.asc
-rw-r--r--    1 ftp      ftp         15228 May 24 12:16 arpa.zone
-rw-r--r--    1 ftp      ftp          6636 May 24 12:16 arpa.zone.gz
-rw-r--r--    1 ftp      ftp            33 May 24 12:16 arpa.zone.gz.md5
-rw-r--r--    1 ftp      ftp            72 May 24 12:16 arpa.zone.gz.sig
-rw-r--r--    1 ftp      ftp          3289 Apr 11 15:01 db.cache
-rw-r--r--    1 ftp      ftp            33 Apr 11 15:01 db.cache.md5
-rw-r--r--    1 ftp      ftp            72 Apr 11 15:01 db.cache.sig
-rw-r--r--    1 ftp      ftp        230669 May 24 15:40 in-addr.arpa
-rw-r--r--    1 ftp      ftp         90222 May 24 15:40 in-addr.arpa.gz
-rw-r--r--    1 ftp      ftp            55 May 24 15:40 in-addr.arpa.gz.md5
-rw-r--r--    1 ftp      ftp            90 May 24 15:40 in-addr.arpa.gz.sha256
-rw-r--r--    1 ftp      ftp            52 May 24 15:40 in-addr.arpa.md5
-rw-r--r--    1 ftp      ftp            87 May 24 15:40 in-addr.arpa.sha256
-rw-r--r--    1 ftp      ftp        230669 May 24 15:40 in-addr.arpa.zone
-rw-r--r--    1 ftp      ftp         90222 May 24 15:40 in-addr.arpa.zone.gz
-rw-r--r--    1 ftp      ftp            60 May 24 15:40 in-addr.arpa.zone.gz.md5
-rw-r--r--    1 ftp      ftp            95 May 24 15:40 in-addr.arpa.zone.gz.sha256
-rw-r--r--    1 ftp      ftp            57 May 24 15:40 in-addr.arpa.zone.md5
-rw-r--r--    1 ftp      ftp            92 May 24 15:40 in-addr.arpa.zone.sha256
-rw-r--r--    1 ftp      ftp         61853 May 24 15:40 ip6.arpa
-rw-r--r--    1 ftp      ftp         24245 May 24 15:40 ip6.arpa.gz
-rw-r--r--    1 ftp      ftp            51 May 24 15:40 ip6.arpa.gz.md5
-rw-r--r--    1 ftp      ftp            86 May 24 15:40 ip6.arpa.gz.sha256
-rw-r--r--    1 ftp      ftp            48 May 24 15:40 ip6.arpa.md5
-rw-r--r--    1 ftp      ftp            83 May 24 15:40 ip6.arpa.sha256
-rw-r--r--    1 ftp      ftp         61853 May 24 15:40 ip6.arpa.zone
-rw-r--r--    1 ftp      ftp         24245 May 24 15:40 ip6.arpa.zone.gz
-rw-r--r--    1 ftp      ftp            56 May 24 15:40 ip6.arpa.zone.gz.md5
-rw-r--r--    1 ftp      ftp            91 May 24 15:40 ip6.arpa.zone.gz.sha256
-rw-r--r--    1 ftp      ftp            53 May 24 15:40 ip6.arpa.zone.md5
-rw-r--r--    1 ftp      ftp            88 May 24 15:40 ip6.arpa.zone.sha256
-rw-r--r--    1 ftp      ftp            21 May 24 15:40 last_update.txt
-rw-r--r--    1 ftp      ftp          3289 Apr 11 15:01 named.cache
-rw-r--r--    1 ftp      ftp            33 Apr 11 15:01 named.cache.md5
-rw-r--r--    1 ftp      ftp            72 Apr 11 15:01 named.cache.sig
-rw-r--r--    1 ftp      ftp          3289 Apr 11 15:01 named.root
-rw-r--r--    1 ftp      ftp            33 Apr 11 15:01 named.root.md5
-rw-r--r--    1 ftp      ftp            72 Apr 11 15:01 named.root.sig
-rw-r--r--    1 ftp      ftp          2110 Apr 11 15:01 root-servers.net.zone
-rw-r--r--    1 ftp      ftp           576 Apr 11 15:01 root-servers.net.zone.gz
-rw-r--r--    1 ftp      ftp            33 Apr 11 15:01 root-servers.net.zone.gz.md5
-rw-r--r--    1 ftp      ftp            72 Apr 11 15:01 root-servers.net.zone.gz.sig
-rw-r--r--    1 ftp      ftp       2237858 May 24 05:32 root.zone
-rw-r--r--    1 ftp      ftp       1051112 May 24 05:32 root.zone.gz
-rw-r--r--    1 ftp      ftp            33 May 24 05:32 root.zone.gz.md5
-rw-r--r--    1 ftp      ftp            72 May 24 05:32 root.zone.gz.sig
-rw-r--r--    1 ftp      ftp            33 May 24 05:32 root.zone.md5
-rw-r--r--    1 ftp      ftp            72 May 24 05:32 root.zone.sig
2017-05-25 00:00:10 (1.40 MB/s) - ‘./domain/.listing’ saved [3930]

The sizes do not match (local 3930) -- retrieving.

--2017-05-25 00:00:10--  ftp://ftp.internic.net/domain/.listing
           => ‘./domain/.listing’
==> CWD not required.
--> PASV

227 Entering Passive Mode (192,0,32,9,42,51)
--> RETR .listing

150 Opening BINARY mode data connection for .listing (1829 bytes).
Length: 1829 (1.8K)

     0K .                                                     100% 25.3M=0s

226 Transfer complete.
2017-05-25 00:00:15 (25.3 MB/s) - ‘./domain/.listing’ saved [1829]

Remote file is newer than local file ‘./domain/INTERNIC_ROOT_ZONE.signatures’ -- retrieving.

--2017-05-25 00:00:15--  ftp://ftp.internic.net/domain/INTERNIC_ROOT_ZONE.signatures
           => ‘./domain/INTERNIC_ROOT_ZONE.signatures’
==> CWD not required.
--> PASV

227 Entering Passive Mode (192,0,32,9,219,168)
--> RETR INTERNIC_ROOT_ZONE.signatures

150 Opening BINARY mode data connection for INTERNIC_ROOT_ZONE.signatures (1224 bytes).
Length: 1224 (1.2K)

     0K .                                                     100% 24.8M=0s

226 Transfer complete.
2017-05-25 00:00:17 (24.8 MB/s) - ‘./domain/INTERNIC_ROOT_ZONE.signatures’ saved [1224]

Remote file is newer than local file ‘./domain/INTERNIC_ROOT_ZONE.signatures.asc’ -- retrieving.

--2017-05-25 00:00:17--  ftp://ftp.internic.net/domain/INTERNIC_ROOT_ZONE.signatures.asc
           => ‘./domain/INTERNIC_ROOT_ZONE.signatures.asc’
==> CWD not required.
--> PASV

227 Entering Passive Mode (192,0,32,9,251,205)
--> RETR INTERNIC_ROOT_ZONE.signatures.asc

150 Opening BINARY mode data connection for INTERNIC_ROOT_ZONE.signatures.asc (1469 bytes).
Length: 1469 (1.4K)

     0K .                                                     100% 26.9M=0s

226 Transfer complete.
2017-05-25 00:00:23 (26.9 MB/s) - ‘./domain/INTERNIC_ROOT_ZONE.signatures.asc’ saved [1469]

Remote file is newer than local file ‘./domain/arpa.zone’ -- retrieving.

--2017-05-25 00:00:23--  ftp://ftp.internic.net/domain/arpa.zone
           => ‘./domain/arpa.zone’
==> CWD not required.
--> PASV

227 Entering Passive Mode (192,0,32,9,211,240)
--> RETR arpa.zone

150 Opening BINARY mode data connection for arpa.zone (15228 bytes).
Length: 15228 (15K)

     0K .......... ....                                       100% 3.18M=0.005s

226 Transfer complete.
2017-05-25 00:00:25 (3.18 MB/s) - ‘./domain/arpa.zone’ saved [15228]

The sizes do not match (local 6644) -- retrieving.

--2017-05-25 00:00:25--  ftp://ftp.internic.net/domain/arpa.zone.gz
           => ‘./domain/arpa.zone.gz’
==> CWD not required.
--> PASV

227 Entering Passive Mode (192,0,32,9,41,175)
--> RETR arpa.zone.gz

150 Opening BINARY mode data connection for arpa.zone.gz (6636 bytes).
Length: 6636 (6.5K)

     0K ......                                                100% 8.21M=0.001s

226 Transfer complete.
2017-05-25 00:00:27 (8.21 MB/s) - ‘./domain/arpa.zone.gz’ saved [6636]

Remote file is newer than local file ‘./domain/arpa.zone.gz.md5’ -- retrieving.

--2017-05-25 00:00:27--  ftp://ftp.internic.net/domain/arpa.zone.gz.md5
           => ‘./domain/arpa.zone.gz.md5’
==> CWD not required.
--> PASV

227 Entering Passive Mode (192,0,32,9,107,103)
--> RETR arpa.zone.gz.md5

150 Opening BINARY mode data connection for arpa.zone.gz.md5 (33 bytes).
Length: 33

     0K                                                       100%  264K=0s

226 Transfer complete.
2017-05-25 00:00:29 (264 KB/s) - ‘./domain/arpa.zone.gz.md5’ saved [33]

Remote file is newer than local file ‘./domain/arpa.zone.gz.sig’ -- retrieving.

--2017-05-25 00:00:29--  ftp://ftp.internic.net/domain/arpa.zone.gz.sig
           => ‘./domain/arpa.zone.gz.sig’
==> CWD not required.
--> PASV

227 Entering Passive Mode (192,0,32,9,41,143)
--> RETR arpa.zone.gz.sig

150 Opening BINARY mode data connection for arpa.zone.gz.sig (72 bytes).
Length: 72

     0K                                                       100%  567K=0s

226 Transfer complete.
2017-05-25 00:00:34 (567 KB/s) - ‘./domain/arpa.zone.gz.sig’ saved [72]

Remote file no newer than local file ‘./domain/db.cache’ -- not retrieving.
Remote file no newer than local file ‘./domain/db.cache.md5’ -- not retrieving.
Remote file no newer than local file ‘./domain/db.cache.sig’ -- not retrieving.
Remote file is newer than local file ‘./domain/in-addr.arpa’ -- retrieving.

--2017-05-25 00:00:34--  ftp://ftp.internic.net/domain/in-addr.arpa
           => ‘./domain/in-addr.arpa’
==> CWD not required.
--> PASV

227 Entering Passive Mode (192,0,32,9,92,223)
--> RETR in-addr.arpa

150 Opening BINARY mode data connection for in-addr.arpa (230669 bytes).
Length: 230669 (225K)

     0K .......... .......... .......... .......... .......... 22% 40.7K 4s
    50K .......... .......... .......... .......... .......... 44% 60.7K 3s
   100K .......... .......... .......... .......... .......... 66% 61.4K 1s
   150K .......... .......... .......... .......... .......... 88%  121K 0s
   200K .......... .......... .....                           100% 85.4K=3.6s

226 Transfer complete.
2017-05-25 00:00:39 (63.0 KB/s) - ‘./domain/in-addr.arpa’ saved [230669]

Remote file is newer than local file ‘./domain/in-addr.arpa.gz’ -- retrieving.

--2017-05-25 00:00:39--  ftp://ftp.internic.net/domain/in-addr.arpa.gz
           => ‘./domain/in-addr.arpa.gz’
==> CWD not required.
--> PASV

227 Entering Passive Mode (192,0,32,9,42,179)
--> RETR in-addr.arpa.gz

150 Opening BINARY mode data connection for in-addr.arpa.gz (90222 bytes).
Length: 90222 (88K)

     0K .......... .......... .......... .......... .......... 56% 40.9K 1s
    50K .......... .......... .......... ........             100% 92.1K=1.6s

226 Transfer complete.
2017-05-25 00:00:42 (53.8 KB/s) - ‘./domain/in-addr.arpa.gz’ saved [90222]

Remote file is newer than local file ‘./domain/in-addr.arpa.gz.md5’ -- retrieving.

--2017-05-25 00:00:42--  ftp://ftp.internic.net/domain/in-addr.arpa.gz.md5
           => ‘./domain/in-addr.arpa.gz.md5’
==> CWD not required.
--> PASV

227 Entering Passive Mode (192,0,32,9,43,152)
--> RETR in-addr.arpa.gz.md5

150 Opening BINARY mode data connection for in-addr.arpa.gz.md5 (55 bytes).
Length: 55

     0K                                                       100%  726K=0s

226 Transfer complete.
2017-05-25 00:00:44 (726 KB/s) - ‘./domain/in-addr.arpa.gz.md5’ saved [55]

Remote file is newer than local file ‘./domain/in-addr.arpa.gz.sha256’ -- retrieving.

--2017-05-25 00:00:44--  ftp://ftp.internic.net/domain/in-addr.arpa.gz.sha256
           => ‘./domain/in-addr.arpa.gz.sha256’
==> CWD not required.
--> PASV

227 Entering Passive Mode (192,0,32,9,127,51)
--> RETR in-addr.arpa.gz.sha256

150 Opening BINARY mode data connection for in-addr.arpa.gz.sha256 (90 bytes).
Length: 90

     0K                                                       100%  732K=0s

226 Transfer complete.
2017-05-25 00:00:46 (732 KB/s) - ‘./domain/in-addr.arpa.gz.sha256’ saved [90]

Remote file is newer than local file ‘./domain/in-addr.arpa.md5’ -- retrieving.

--2017-05-25 00:00:46--  ftp://ftp.internic.net/domain/in-addr.arpa.md5
           => ‘./domain/in-addr.arpa.md5’
==> CWD not required.
--> PASV

227 Entering Passive Mode (192,0,32,9,174,45)
--> RETR in-addr.arpa.md5

150 Opening BINARY mode data connection for in-addr.arpa.md5 (52 bytes).
Length: 52

     0K                                                       100%  233K=0s

226 Transfer complete.
2017-05-25 00:00:48 (233 KB/s) - ‘./domain/in-addr.arpa.md5’ saved [52]

Remote file is newer than local file ‘./domain/in-addr.arpa.sha256’ -- retrieving.

--2017-05-25 00:00:48--  ftp://ftp.internic.net/domain/in-addr.arpa.sha256
           => ‘./domain/in-addr.arpa.sha256’
==> CWD not required.
--> PASV

227 Entering Passive Mode (192,0,32,9,136,81)
--> RETR in-addr.arpa.sha256

150 Opening BINARY mode data connection for in-addr.arpa.sha256 (87 bytes).
Length: 87

     0K                                                       100% 1.17M=0s

226 Transfer complete.
2017-05-25 00:00:50 (1.17 MB/s) - ‘./domain/in-addr.arpa.sha256’ saved [87]

Remote file is newer than local file ‘./domain/in-addr.arpa.zone’ -- retrieving.

--2017-05-25 00:00:50--  ftp://ftp.internic.net/domain/in-addr.arpa.zone
           => ‘./domain/in-addr.arpa.zone’
==> CWD not required.
--> PASV

227 Entering Passive Mode (192,0,32,9,127,198)
--> RETR in-addr.arpa.zone

150 Opening BINARY mode data connection for in-addr.arpa.zone (230669 bytes).
Length: 230669 (225K)

     0K .......... .......... .......... .......... .......... 22% 27.2K 6s
    50K .......... .......... .......... .......... .......... 44% 80.7K 3s
   100K .......... .......... .......... .......... .......... 66%  123K 1s
   150K .......... .......... .......... .......... .......... 88% 2.01M 0s
   200K .......... .......... .....                           100% 66.4K=3.3s

226 Transfer complete.
2017-05-25 00:00:55 (68.9 KB/s) - ‘./domain/in-addr.arpa.zone’ saved [230669]

Remote file is newer than local file ‘./domain/in-addr.arpa.zone.gz’ -- retrieving.

--2017-05-25 00:00:55--  ftp://ftp.internic.net/domain/in-addr.arpa.zone.gz
           => ‘./domain/in-addr.arpa.zone.gz’
==> CWD not required.
--> PASV

227 Entering Passive Mode (192,0,32,9,232,241)
--> RETR in-addr.arpa.zone.gz

150 Opening BINARY mode data connection for in-addr.arpa.zone.gz (90222 bytes).
Length: 90222 (88K)

     0K .......... .......... .......... .......... .......... 56% 40.3K 1s
    50K .......... .......... .......... ........             100% 89.3K=1.7s

226 Transfer complete.
2017-05-25 00:00:59 (52.8 KB/s) - ‘./domain/in-addr.arpa.zone.gz’ saved [90222]

Remote file is newer than local file ‘./domain/in-addr.arpa.zone.gz.md5’ -- retrieving.

--2017-05-25 00:00:59--  ftp://ftp.internic.net/domain/in-addr.arpa.zone.gz.md5
           => ‘./domain/in-addr.arpa.zone.gz.md5’
==> CWD not required.
--> PASV

227 Entering Passive Mode (192,0,32,9,42,195)
--> RETR in-addr.arpa.zone.gz.md5

150 Opening BINARY mode data connection for in-addr.arpa.zone.gz.md5 (60 bytes).
Length: 60

     0K                                                       100%  803K=0s

226 Transfer complete.
2017-05-25 00:01:04 (803 KB/s) - ‘./domain/in-addr.arpa.zone.gz.md5’ saved [60]

Remote file is newer than local file ‘./domain/in-addr.arpa.zone.gz.sha256’ -- retrieving.

--2017-05-25 00:01:04--  ftp://ftp.internic.net/domain/in-addr.arpa.zone.gz.sha256
           => ‘./domain/in-addr.arpa.zone.gz.sha256’
==> CWD not required.
--> PASV

227 Entering Passive Mode (192,0,32,9,133,243)
--> RETR in-addr.arpa.zone.gz.sha256

150 Opening BINARY mode data connection for in-addr.arpa.zone.gz.sha256 (95 bytes).
Length: 95

     0K                                                       100% 1.31M=0s

226 Transfer complete.
2017-05-25 00:01:05 (1.31 MB/s) - ‘./domain/in-addr.arpa.zone.gz.sha256’ saved [95]

Remote file is newer than local file ‘./domain/in-addr.arpa.zone.md5’ -- retrieving.

--2017-05-25 00:01:05--  ftp://ftp.internic.net/domain/in-addr.arpa.zone.md5
           => ‘./domain/in-addr.arpa.zone.md5’
==> CWD not required.
--> PASV

227 Entering Passive Mode (192,0,32,9,170,185)
--> RETR in-addr.arpa.zone.md5

150 Opening BINARY mode data connection for in-addr.arpa.zone.md5 (57 bytes).
Length: 57

     0K                                                       100%  460K=0s

226 Transfer complete.
2017-05-25 00:01:09 (460 KB/s) - ‘./domain/in-addr.arpa.zone.md5’ saved [57]

Remote file is newer than local file ‘./domain/in-addr.arpa.zone.sha256’ -- retrieving.

--2017-05-25 00:01:09--  ftp://ftp.internic.net/domain/in-addr.arpa.zone.sha256
           => ‘./domain/in-addr.arpa.zone.sha256’
==> CWD not required.
--> PASV

227 Entering Passive Mode (192,0,32,9,36,87)
--> RETR in-addr.arpa.zone.sha256

150 Opening BINARY mode data connection for in-addr.arpa.zone.sha256 (92 bytes).
Length: 92

     0K                                                       100%  336K=0s

226 Transfer complete.
2017-05-25 00:01:10 (336 KB/s) - ‘./domain/in-addr.arpa.zone.sha256’ saved [92]

Remote file is newer than local file ‘./domain/ip6.arpa’ -- retrieving.

--2017-05-25 00:01:10--  ftp://ftp.internic.net/domain/ip6.arpa
           => ‘./domain/ip6.arpa’
==> CWD not required.
--> PASV

227 Entering Passive Mode (192,0,32,9,119,30)
--> RETR ip6.arpa

150 Opening BINARY mode data connection for ip6.arpa (61853 bytes).
Length: 61853 (60K)

     0K .......... .......... .......... .......... .......... 82% 40.5K 0s
    50K ..........                                            100% 3.21M=1.2s

226 Transfer complete.
2017-05-25 00:01:17 (48.8 KB/s) - ‘./domain/ip6.arpa’ saved [61853]

Remote file is newer than local file ‘./domain/ip6.arpa.gz’ -- retrieving.

--2017-05-25 00:01:17--  ftp://ftp.internic.net/domain/ip6.arpa.gz
           => ‘./domain/ip6.arpa.gz’
==> CWD not required.
--> PASV

227 Entering Passive Mode (192,0,32,9,42,51)
--> RETR ip6.arpa.gz

150 Opening BINARY mode data connection for ip6.arpa.gz (24245 bytes).
Length: 24245 (24K)

     0K .......... .......... ...                             100% 57.7K=0.4s

226 Transfer complete.
2017-05-25 00:01:20 (57.7 KB/s) - ‘./domain/ip6.arpa.gz’ saved [24245]

Remote file is newer than local file ‘./domain/ip6.arpa.gz.md5’ -- retrieving.

--2017-05-25 00:01:20--  ftp://ftp.internic.net/domain/ip6.arpa.gz.md5
           => ‘./domain/ip6.arpa.gz.md5’
==> CWD not required.
--> PASV

227 Entering Passive Mode (192,0,32,9,42,44)
--> RETR ip6.arpa.gz.md5

150 Opening BINARY mode data connection for ip6.arpa.gz.md5 (51 bytes).
Length: 51

     0K                                                       100%  536K=0s

226 Transfer complete.
2017-05-25 00:01:23 (536 KB/s) - ‘./domain/ip6.arpa.gz.md5’ saved [51]

Remote file is newer than local file ‘./domain/ip6.arpa.gz.sha256’ -- retrieving.

--2017-05-25 00:01:23--  ftp://ftp.internic.net/domain/ip6.arpa.gz.sha256
           => ‘./domain/ip6.arpa.gz.sha256’
==> CWD not required.
--> PASV

227 Entering Passive Mode (192,0,32,9,42,67)
--> RETR ip6.arpa.gz.sha256

150 Opening BINARY mode data connection for ip6.arpa.gz.sha256 (86 bytes).
Length: 86

     0K                                                       100%  402K=0s

226 Transfer complete.
2017-05-25 00:01:25 (402 KB/s) - ‘./domain/ip6.arpa.gz.sha256’ saved [86]

Remote file is newer than local file ‘./domain/ip6.arpa.md5’ -- retrieving.

--2017-05-25 00:01:25--  ftp://ftp.internic.net/domain/ip6.arpa.md5
           => ‘./domain/ip6.arpa.md5’
==> CWD not required.
--> PASV

227 Entering Passive Mode (192,0,32,9,42,108)
--> RETR ip6.arpa.md5

150 Opening BINARY mode data connection for ip6.arpa.md5 (48 bytes).
Length: 48

     0K                                                       100%  442K=0s

226 Transfer complete.
2017-05-25 00:01:26 (442 KB/s) - ‘./domain/ip6.arpa.md5’ saved [48]

Remote file is newer than local file ‘./domain/ip6.arpa.sha256’ -- retrieving.

--2017-05-25 00:01:26--  ftp://ftp.internic.net/domain/ip6.arpa.sha256
           => ‘./domain/ip6.arpa.sha256’
==> CWD not required.
--> PASV

227 Entering Passive Mode (192,0,32,9,190,98)
--> RETR ip6.arpa.sha256

150 Opening BINARY mode data connection for ip6.arpa.sha256 (83 bytes).
Length: 83

     0K                                                       100%  327K=0s

226 Transfer complete.
2017-05-25 00:01:28 (327 KB/s) - ‘./domain/ip6.arpa.sha256’ saved [83]

Remote file is newer than local file ‘./domain/ip6.arpa.zone’ -- retrieving.

--2017-05-25 00:01:28--  ftp://ftp.internic.net/domain/ip6.arpa.zone
           => ‘./domain/ip6.arpa.zone’
==> CWD not required.
--> PASV

227 Entering Passive Mode (192,0,32,9,99,143)
--> RETR ip6.arpa.zone

150 Opening BINARY mode data connection for ip6.arpa.zone (61853 bytes).
Length: 61853 (60K)

     0K .......... .......... .......... .......... .......... 82% 44.6K 0s
    50K ..........                                            100% 1.16M=1.1s

226 Transfer complete.
2017-05-25 00:01:32 (53.5 KB/s) - ‘./domain/ip6.arpa.zone’ saved [61853]

Remote file is newer than local file ‘./domain/ip6.arpa.zone.gz’ -- retrieving.

--2017-05-25 00:01:32--  ftp://ftp.internic.net/domain/ip6.arpa.zone.gz
           => ‘./domain/ip6.arpa.zone.gz’
==> CWD not required.
--> PASV

227 Entering Passive Mode (192,0,32,9,4,216)
--> RETR ip6.arpa.zone.gz

150 Opening BINARY mode data connection for ip6.arpa.zone.gz (24245 bytes).
Length: 24245 (24K)

     0K .......... .......... ...                             100% 59.7K=0.4s

226 Transfer complete.
2017-05-25 00:01:34 (59.7 KB/s) - ‘./domain/ip6.arpa.zone.gz’ saved [24245]

Remote file is newer than local file ‘./domain/ip6.arpa.zone.gz.md5’ -- retrieving.

--2017-05-25 00:01:34--  ftp://ftp.internic.net/domain/ip6.arpa.zone.gz.md5
           => ‘./domain/ip6.arpa.zone.gz.md5’
==> CWD not required.
--> PASV

227 Entering Passive Mode (192,0,32,9,19,224)
--> RETR ip6.arpa.zone.gz.md5

150 Opening BINARY mode data connection for ip6.arpa.zone.gz.md5 (56 bytes).
Length: 56

     0K                                                       100% 15.5K=0.004s

226 Transfer complete.
2017-05-25 00:01:40 (15.5 KB/s) - ‘./domain/ip6.arpa.zone.gz.md5’ saved [56]

Remote file is newer than local file ‘./domain/ip6.arpa.zone.gz.sha256’ -- retrieving.

--2017-05-25 00:01:40--  ftp://ftp.internic.net/domain/ip6.arpa.zone.gz.sha256
           => ‘./domain/ip6.arpa.zone.gz.sha256’
==> CWD not required.
--> PASV

227 Entering Passive Mode (192,0,32,9,204,96)
--> RETR ip6.arpa.zone.gz.sha256

150 Opening BINARY mode data connection for ip6.arpa.zone.gz.sha256 (91 bytes).
Length: 91

     0K                                                       100% 22.5K=0.004s

226 Transfer complete.
2017-05-25 00:01:42 (22.5 KB/s) - ‘./domain/ip6.arpa.zone.gz.sha256’ saved [91]

Remote file is newer than local file ‘./domain/ip6.arpa.zone.md5’ -- retrieving.

--2017-05-25 00:01:42--  ftp://ftp.internic.net/domain/ip6.arpa.zone.md5
           => ‘./domain/ip6.arpa.zone.md5’
==> CWD not required.
--> PASV

227 Entering Passive Mode (192,0,32,9,248,180)
--> RETR ip6.arpa.zone.md5

150 Opening BINARY mode data connection for ip6.arpa.zone.md5 (53 bytes).
Length: 53

     0K                                                       100% 26.6K=0.002s

226 Transfer complete.
2017-05-25 00:01:44 (26.6 KB/s) - ‘./domain/ip6.arpa.zone.md5’ saved [53]

Remote file is newer than local file ‘./domain/ip6.arpa.zone.sha256’ -- retrieving.

--2017-05-25 00:01:44--  ftp://ftp.internic.net/domain/ip6.arpa.zone.sha256
           => ‘./domain/ip6.arpa.zone.sha256’
==> CWD not required.
--> PASV

227 Entering Passive Mode (192,0,32,9,218,60)
--> RETR ip6.arpa.zone.sha256

150 Opening BINARY mode data connection for ip6.arpa.zone.sha256 (88 bytes).
Length: 88

     0K                                                       100% 60.5K=0.001s

226 Transfer complete.
2017-05-25 00:01:46 (60.5 KB/s) - ‘./domain/ip6.arpa.zone.sha256’ saved [88]

Remote file is newer than local file ‘./domain/last_update.txt’ -- retrieving.

--2017-05-25 00:01:46--  ftp://ftp.internic.net/domain/last_update.txt
           => ‘./domain/last_update.txt’
==> CWD not required.
--> PASV

227 Entering Passive Mode (192,0,32,9,212,237)
--> RETR last_update.txt

150 Opening BINARY mode data connection for last_update.txt (21 bytes).
Length: 21

     0K                                                       100% 15.6K=0.001s

226 Transfer complete.
2017-05-25 00:01:47 (15.6 KB/s) - ‘./domain/last_update.txt’ saved [21]

Remote file no newer than local file ‘./domain/named.cache’ -- not retrieving.
Remote file no newer than local file ‘./domain/named.cache.md5’ -- not retrieving.
Remote file no newer than local file ‘./domain/named.cache.sig’ -- not retrieving.
Remote file no newer than local file ‘./domain/named.root’ -- not retrieving.
Remote file no newer than local file ‘./domain/named.root.md5’ -- not retrieving.
Remote file no newer than local file ‘./domain/named.root.sig’ -- not retrieving.
Remote file no newer than local file ‘./domain/root-servers.net.zone’ -- not retrieving.
Remote file no newer than local file ‘./domain/root-servers.net.zone.gz’ -- not retrieving.
Remote file no newer than local file ‘./domain/root-servers.net.zone.gz.md5’ -- not retrieving.
Remote file no newer than local file ‘./domain/root-servers.net.zone.gz.sig’ -- not retrieving.
The sizes do not match (local 2235341) -- retrieving.

--2017-05-25 00:01:47--  ftp://ftp.internic.net/domain/root.zone
           => ‘./domain/root.zone’
==> CWD not required.
--> PASV

227 Entering Passive Mode (192,0,32,9,121,234)
--> RETR root.zone

150 Opening BINARY mode data connection for root.zone (2237858 bytes).
Length: 2237858 (2.1M)

     0K .......... .......... .......... .......... ..........  2% 41.0K 52s
    50K .......... .......... .......... .......... ..........  4%  120K 34s
   100K .......... .......... .......... .......... ..........  6% 5.30M 22s
   150K .......... .......... .......... .......... ..........  9%  125K 20s
   200K .......... .......... .......... .......... .......... 11% 4.57M 16s
   250K .......... .......... .......... .......... .......... 13%  128K 15s
   300K .......... .......... .......... .......... .......... 16% 3.94M 13s
   350K .......... .......... .......... .......... .......... 18% 5.16M 11s
   400K .......... .......... .......... .......... .......... 20%  127K 11s
   450K .......... .......... .......... .......... .......... 22% 7.28M 10s
   500K .......... .......... .......... .......... .......... 25% 5.61M 9s
   550K .......... .......... .......... .......... .......... 27%  125K 9s
   600K .......... .......... .......... .......... .......... 29% 8.35M 8s
   650K .......... .......... .......... .......... .......... 32% 5.21M 7s
   700K .......... .......... .......... .......... .......... 34%  127K 7s
   750K .......... .......... .......... .......... .......... 36% 3.60M 6s
   800K .......... .......... .......... .......... .......... 38% 4.33M 6s
   850K .......... .......... .......... .......... .......... 41%  130K 6s
   900K .......... .......... .......... .......... .......... 43% 10.7M 5s
   950K .......... .......... .......... .......... .......... 45% 4.61M 5s
  1000K .......... .......... .......... .......... .......... 48%  146K 5s
  1050K .......... .......... .......... .......... .......... 50% 2.50M 4s
  1100K .......... .......... .......... .......... .......... 52% 2.36M 4s
  1150K .......... .......... .......... .......... .......... 54%  120K 4s
  1200K .......... .......... .......... .......... .......... 57% 4.18M 4s
  1250K .......... .......... .......... .......... .......... 59% 2.62M 3s
  1300K .......... .......... .......... .......... .......... 61% 5.72M 3s
  1350K .......... .......... .......... .......... .......... 64% 86.5K 3s
  1400K .......... .......... .......... .......... .......... 66% 7.03M 3s
  1450K .......... .......... .......... .......... .......... 68% 4.88M 3s
  1500K .......... .......... .......... .......... .......... 70%  128K 2s
  1550K .......... .......... .......... .......... .......... 73% 6.33M 2s
  1600K .......... .......... .......... .......... .......... 75% 8.23M 2s
  1650K .......... .......... .......... .......... .......... 77% 7.22M 2s
  1700K .......... .......... .......... .......... .......... 80%  128K 2s
  1750K .......... .......... .......... .......... .......... 82% 6.19M 1s
  1800K .......... .......... .......... .......... .......... 84% 5.65M 1s
  1850K .......... .......... .......... .......... .......... 86% 7.73M 1s
  1900K .......... .......... .......... .......... .......... 89%  129K 1s
  1950K .......... .......... .......... .......... .......... 91% 9.82M 1s
  2000K .......... .......... .......... .......... .......... 93% 5.71M 0s
  2050K .......... .......... .......... .......... .......... 96% 4.56M 0s
  2100K .......... .......... .......... .......... .......... 98%  133K 0s
  2150K .......... .......... .......... .....                100% 4.77M=7.2s

226 Transfer complete.
2017-05-25 00:01:56 (305 KB/s) - ‘./domain/root.zone’ saved [2237858]

The sizes do not match (local 1049860) -- retrieving.

--2017-05-25 00:01:56--  ftp://ftp.internic.net/domain/root.zone.gz
           => ‘./domain/root.zone.gz’
==> CWD not required.
--> PASV

227 Entering Passive Mode (192,0,32,9,216,123)
--> RETR root.zone.gz

150 Opening BINARY mode data connection for root.zone.gz (1051112 bytes).
Length: 1051112 (1.0M)

     0K .......... .......... .......... .......... ..........  4% 40.6K 24s
    50K .......... .......... .......... .......... ..........  9% 61.0K 19s
   100K .......... .......... .......... .......... .......... 14% 6.29M 12s
   150K .......... .......... .......... .......... .......... 19%  124K 10s
   200K .......... .......... .......... .......... .......... 24% 6.18M 8s
   250K .......... .......... .......... .......... .......... 29%  124K 7s
   300K .......... .......... .......... .......... .......... 34% 5.69M 6s
   350K .......... .......... .......... .......... .......... 38%  124K 5s
   400K .......... .......... .......... .......... .......... 43% 4.78M 4s
   450K .......... .......... .......... .......... .......... 48%  127K 4s
   500K .......... .......... .......... .......... .......... 53% 4.25M 3s
   550K .......... .......... .......... .......... .......... 58% 7.60M 3s
   600K .......... .......... .......... .......... .......... 63%  124K 2s
   650K .......... .......... .......... .......... .......... 68% 5.49M 2s
   700K .......... .......... .......... .......... .......... 73%  127K 2s
   750K .......... .......... .......... .......... .......... 77% 1.79M 1s
   800K .......... .......... .......... .......... .......... 82% 36.1M 1s
   850K .......... .......... .......... .......... .......... 87%  131K 1s
   900K .......... .......... .......... .......... .......... 92% 4.98M 0s
   950K .......... .......... .......... .......... .......... 97% 8.12M 0s
  1000K .......... .......... ......                          100% 66.8K=5.3s

226 Transfer complete.
2017-05-25 00:02:03 (192 KB/s) - ‘./domain/root.zone.gz’ saved [1051112]

Remote file is newer than local file ‘./domain/root.zone.gz.md5’ -- retrieving.

--2017-05-25 00:02:03--  ftp://ftp.internic.net/domain/root.zone.gz.md5
           => ‘./domain/root.zone.gz.md5’
==> CWD not required.
--> PASV

227 Entering Passive Mode (192,0,32,9,151,91)
--> RETR root.zone.gz.md5

150 Opening BINARY mode data connection for root.zone.gz.md5 (33 bytes).
Length: 33

     0K                                                       100%  271K=0s

226 Transfer complete.
2017-05-25 00:02:06 (271 KB/s) - ‘./domain/root.zone.gz.md5’ saved [33]

The sizes do not match (local 71) -- retrieving.

--2017-05-25 00:02:06--  ftp://ftp.internic.net/domain/root.zone.gz.sig
           => ‘./domain/root.zone.gz.sig’
==> CWD not required.
--> PASV

227 Entering Passive Mode (192,0,32,9,209,215)
--> RETR root.zone.gz.sig

150 Opening BINARY mode data connection for root.zone.gz.sig (72 bytes).
Length: 72

     0K                                                       100% 1.16M=0s

226 Transfer complete.
2017-05-25 00:02:07 (1.16 MB/s) - ‘./domain/root.zone.gz.sig’ saved [72]

Remote file is newer than local file ‘./domain/root.zone.md5’ -- retrieving.

--2017-05-25 00:02:07--  ftp://ftp.internic.net/domain/root.zone.md5
           => ‘./domain/root.zone.md5’
==> CWD not required.
--> PASV

227 Entering Passive Mode (192,0,32,9,156,32)
--> RETR root.zone.md5

150 Opening BINARY mode data connection for root.zone.md5 (33 bytes).
Length: 33

     0K                                                       100%  454K=0s

226 Transfer complete.
2017-05-25 00:02:09 (454 KB/s) - ‘./domain/root.zone.md5’ saved [33]

Remote file is newer than local file ‘./domain/root.zone.sig’ -- retrieving.

--2017-05-25 00:02:09--  ftp://ftp.internic.net/domain/root.zone.sig
           => ‘./domain/root.zone.sig’
==> CWD not required.
--> PASV

227 Entering Passive Mode (192,0,32,9,216,14)
--> RETR root.zone.sig

150 Opening BINARY mode data connection for root.zone.sig (72 bytes).
Length: 72

     0K                                                       100%  374K=0s

226 Transfer complete.
2017-05-25 00:02:12 (374 KB/s) - ‘./domain/root.zone.sig’ saved [72]

FINISHED --2017-05-25 00:02:12--
Total wall clock time: 2m 11s
Downloaded: 40 files, 3.9M in 26s (156 KB/s)
