--2017-03-16 00:00:03--  ftp://ftp.internic.net/*
           => ‘./.listing’
Resolving ftp.internic.net (ftp.internic.net)... 192.0.32.9, 2620:0:2d0:200::9
Connecting to ftp.internic.net (ftp.internic.net)|192.0.32.9|:21... connected.
Logging in as anonymous ... 
220 Internic FTP Server
--> USER anonymous

331 Please specify the password.
--> PASS Turtle Power!

230 Login successful.
--> SYST

215 UNIX Type: L8
--> PWD

257 "/"
--> TYPE I

200 Switching to Binary mode.
==> CWD not needed.
--> PASV

227 Entering Passive Mode (192,0,32,9,145,99)
--> LIST -a

150 Here comes the directory listing.

     0K                                                        1.59M=0s

226 Directory send OK.
drwxr-xr-x    3 ftp      ftp          4096 Apr 04  2012 .
drwxr-xr-x    3 ftp      ftp          4096 Apr 04  2012 ..
drwxr-xr-x    2 ftp      ftp          4096 Sep 09  2015 domain
2017-03-16 00:00:09 (1.59 MB/s) - ‘./.listing’ saved [183]

--2017-03-16 00:00:09--  ftp://ftp.internic.net/domain/*
           => ‘./domain/.listing’
--> CWD /domain

250 Directory successfully changed.
--> PASV

227 Entering Passive Mode (192,0,32,9,30,1)
--> LIST -a

150 Here comes the directory listing.

     0K ...                                                     674K=0.006s

226 Directory send OK.
drwxr-xr-x    2 ftp      ftp          4096 Sep 09  2015 .
drwxr-xr-x    3 ftp      ftp          4096 Apr 04  2012 ..
-rw-r--r--    1 ftp      ftp          1829 Aug 18  2015 .listing
-rw-r--r--    1 ftp      ftp          1224 Mar 15 12:42 INTERNIC_ROOT_ZONE.signatures
-rw-r--r--    1 ftp      ftp          1469 Mar 15 12:42 INTERNIC_ROOT_ZONE.signatures.asc
-rw-r--r--    1 ftp      ftp         15186 Mar 15 12:42 arpa.zone
-rw-r--r--    1 ftp      ftp          6639 Mar 15 12:42 arpa.zone.gz
-rw-r--r--    1 ftp      ftp            33 Mar 15 12:42 arpa.zone.gz.md5
-rw-r--r--    1 ftp      ftp            72 Mar 15 12:42 arpa.zone.gz.sig
-rw-r--r--    1 ftp      ftp          3291 Oct 20 19:35 db.cache
-rw-r--r--    1 ftp      ftp            33 Oct 20 19:35 db.cache.md5
-rw-r--r--    1 ftp      ftp            72 Oct 20 19:35 db.cache.sig
-rw-r--r--    1 ftp      ftp        228015 Mar 15 15:41 in-addr.arpa
-rw-r--r--    1 ftp      ftp         90406 Mar 15 15:41 in-addr.arpa.gz
-rw-r--r--    1 ftp      ftp            55 Mar 15 15:41 in-addr.arpa.gz.md5
-rw-r--r--    1 ftp      ftp            90 Mar 15 15:41 in-addr.arpa.gz.sha256
-rw-r--r--    1 ftp      ftp            52 Mar 15 15:41 in-addr.arpa.md5
-rw-r--r--    1 ftp      ftp            87 Mar 15 15:41 in-addr.arpa.sha256
-rw-r--r--    1 ftp      ftp        228015 Mar 15 15:41 in-addr.arpa.zone
-rw-r--r--    1 ftp      ftp         90406 Mar 15 15:41 in-addr.arpa.zone.gz
-rw-r--r--    1 ftp      ftp            60 Mar 15 15:41 in-addr.arpa.zone.gz.md5
-rw-r--r--    1 ftp      ftp            95 Mar 15 15:41 in-addr.arpa.zone.gz.sha256
-rw-r--r--    1 ftp      ftp            57 Mar 15 15:41 in-addr.arpa.zone.md5
-rw-r--r--    1 ftp      ftp            92 Mar 15 15:41 in-addr.arpa.zone.sha256
-rw-r--r--    1 ftp      ftp         60746 Mar 15 15:41 ip6.arpa
-rw-r--r--    1 ftp      ftp         24337 Mar 15 15:41 ip6.arpa.gz
-rw-r--r--    1 ftp      ftp            51 Mar 15 15:41 ip6.arpa.gz.md5
-rw-r--r--    1 ftp      ftp            86 Mar 15 15:41 ip6.arpa.gz.sha256
-rw-r--r--    1 ftp      ftp            48 Mar 15 15:41 ip6.arpa.md5
-rw-r--r--    1 ftp      ftp            83 Mar 15 15:41 ip6.arpa.sha256
-rw-r--r--    1 ftp      ftp         60746 Mar 15 15:41 ip6.arpa.zone
-rw-r--r--    1 ftp      ftp         24337 Mar 15 15:41 ip6.arpa.zone.gz
-rw-r--r--    1 ftp      ftp            56 Mar 15 15:41 ip6.arpa.zone.gz.md5
-rw-r--r--    1 ftp      ftp            91 Mar 15 15:41 ip6.arpa.zone.gz.sha256
-rw-r--r--    1 ftp      ftp            53 Mar 15 15:41 ip6.arpa.zone.md5
-rw-r--r--    1 ftp      ftp            88 Mar 15 15:41 ip6.arpa.zone.sha256
-rw-r--r--    1 ftp      ftp            21 Mar 15 15:41 last_update.txt
-rw-r--r--    1 ftp      ftp          3291 Oct 20 19:35 named.cache
-rw-r--r--    1 ftp      ftp            33 Oct 20 19:35 named.cache.md5
-rw-r--r--    1 ftp      ftp            72 Oct 20 19:35 named.cache.sig
-rw-r--r--    1 ftp      ftp          3291 Oct 20 19:35 named.root
-rw-r--r--    1 ftp      ftp            33 Oct 20 19:35 named.root.md5
-rw-r--r--    1 ftp      ftp            72 Oct 20 19:35 named.root.sig
-rw-r--r--    1 ftp      ftp          2110 Oct 20 19:35 root-servers.net.zone
-rw-r--r--    1 ftp      ftp           574 Oct 20 19:35 root-servers.net.zone.gz
-rw-r--r--    1 ftp      ftp            33 Oct 20 19:35 root-servers.net.zone.gz.md5
-rw-r--r--    1 ftp      ftp            72 Oct 20 19:35 root-servers.net.zone.gz.sig
-rw-r--r--    1 ftp      ftp       2230823 Mar 15 05:33 root.zone
-rw-r--r--    1 ftp      ftp       1047730 Mar 15 05:33 root.zone.gz
-rw-r--r--    1 ftp      ftp            33 Mar 15 05:33 root.zone.gz.md5
-rw-r--r--    1 ftp      ftp            72 Mar 15 05:33 root.zone.gz.sig
-rw-r--r--    1 ftp      ftp            33 Mar 15 05:33 root.zone.md5
-rw-r--r--    1 ftp      ftp            72 Mar 15 05:33 root.zone.sig
2017-03-16 00:00:10 (674 KB/s) - ‘./domain/.listing’ saved [3930]

The sizes do not match (local 3930) -- retrieving.

--2017-03-16 00:00:10--  ftp://ftp.internic.net/domain/.listing
           => ‘./domain/.listing’
==> CWD not required.
--> PASV

227 Entering Passive Mode (192,0,32,9,234,255)
--> RETR .listing

150 Opening BINARY mode data connection for .listing (1829 bytes).
Length: 1829 (1.8K)

     0K .                                                     100% 15.2M=0s

226 Transfer complete.
2017-03-16 00:00:11 (15.2 MB/s) - ‘./domain/.listing’ saved [1829]

Remote file is newer than local file ‘./domain/INTERNIC_ROOT_ZONE.signatures’ -- retrieving.

--2017-03-16 00:00:11--  ftp://ftp.internic.net/domain/INTERNIC_ROOT_ZONE.signatures
           => ‘./domain/INTERNIC_ROOT_ZONE.signatures’
==> CWD not required.
--> PASV

227 Entering Passive Mode (192,0,32,9,33,100)
--> RETR INTERNIC_ROOT_ZONE.signatures

150 Opening BINARY mode data connection for INTERNIC_ROOT_ZONE.signatures (1224 bytes).
Length: 1224 (1.2K)

     0K .                                                     100%  417K=0.003s

226 Transfer complete.
2017-03-16 00:00:12 (417 KB/s) - ‘./domain/INTERNIC_ROOT_ZONE.signatures’ saved [1224]

Remote file is newer than local file ‘./domain/INTERNIC_ROOT_ZONE.signatures.asc’ -- retrieving.

--2017-03-16 00:00:12--  ftp://ftp.internic.net/domain/INTERNIC_ROOT_ZONE.signatures.asc
           => ‘./domain/INTERNIC_ROOT_ZONE.signatures.asc’
==> CWD not required.
--> PASV

227 Entering Passive Mode (192,0,32,9,108,52)
--> RETR INTERNIC_ROOT_ZONE.signatures.asc

150 Opening BINARY mode data connection for INTERNIC_ROOT_ZONE.signatures.asc (1469 bytes).
Length: 1469 (1.4K)

     0K .                                                     100% 1.18M=0.001s

226 Transfer complete.
2017-03-16 00:00:14 (1.18 MB/s) - ‘./domain/INTERNIC_ROOT_ZONE.signatures.asc’ saved [1469]

Remote file is newer than local file ‘./domain/arpa.zone’ -- retrieving.

--2017-03-16 00:00:14--  ftp://ftp.internic.net/domain/arpa.zone
           => ‘./domain/arpa.zone’
==> CWD not required.
--> PASV

227 Entering Passive Mode (192,0,32,9,170,242)
--> RETR arpa.zone

150 Opening BINARY mode data connection for arpa.zone (15186 bytes).
Length: 15186 (15K)

     0K .......... ....                                       100% 16.7K=0.9s

226 Transfer complete.
2017-03-16 00:00:15 (16.7 KB/s) - ‘./domain/arpa.zone’ saved [15186]

The sizes do not match (local 6638) -- retrieving.

--2017-03-16 00:00:15--  ftp://ftp.internic.net/domain/arpa.zone.gz
           => ‘./domain/arpa.zone.gz’
==> CWD not required.
--> PASV

227 Entering Passive Mode (192,0,32,9,41,12)
--> RETR arpa.zone.gz

150 Opening BINARY mode data connection for arpa.zone.gz (6639 bytes).
Length: 6639 (6.5K)

     0K ......                                                100%  515K=0.01s

226 Transfer complete.
2017-03-16 00:00:16 (515 KB/s) - ‘./domain/arpa.zone.gz’ saved [6639]

Remote file is newer than local file ‘./domain/arpa.zone.gz.md5’ -- retrieving.

--2017-03-16 00:00:16--  ftp://ftp.internic.net/domain/arpa.zone.gz.md5
           => ‘./domain/arpa.zone.gz.md5’
==> CWD not required.
--> PASV

227 Entering Passive Mode (192,0,32,9,230,211)
--> RETR arpa.zone.gz.md5

150 Opening BINARY mode data connection for arpa.zone.gz.md5 (33 bytes).
Length: 33

     0K                                                       100%  288K=0s

226 Transfer complete.
2017-03-16 00:00:17 (288 KB/s) - ‘./domain/arpa.zone.gz.md5’ saved [33]

Remote file is newer than local file ‘./domain/arpa.zone.gz.sig’ -- retrieving.

--2017-03-16 00:00:17--  ftp://ftp.internic.net/domain/arpa.zone.gz.sig
           => ‘./domain/arpa.zone.gz.sig’
==> CWD not required.
--> PASV

227 Entering Passive Mode (192,0,32,9,28,254)
--> RETR arpa.zone.gz.sig

150 Opening BINARY mode data connection for arpa.zone.gz.sig (72 bytes).
Length: 72

     0K                                                       100%  633K=0s

226 Transfer complete.
2017-03-16 00:00:18 (633 KB/s) - ‘./domain/arpa.zone.gz.sig’ saved [72]

Remote file no newer than local file ‘./domain/db.cache’ -- not retrieving.
Remote file no newer than local file ‘./domain/db.cache.md5’ -- not retrieving.
Remote file no newer than local file ‘./domain/db.cache.sig’ -- not retrieving.
Remote file is newer than local file ‘./domain/in-addr.arpa’ -- retrieving.

--2017-03-16 00:00:18--  ftp://ftp.internic.net/domain/in-addr.arpa
           => ‘./domain/in-addr.arpa’
==> CWD not required.
--> PASV

227 Entering Passive Mode (192,0,32,9,42,66)
--> RETR in-addr.arpa

150 Opening BINARY mode data connection for in-addr.arpa (228015 bytes).
Length: 228015 (223K)

     0K .......... .......... .......... .......... .......... 22% 74.3K 2s
    50K .......... .......... .......... .......... .......... 44% 35.8M 1s
   100K .......... .......... .......... .......... .......... 67% 75.1K 1s
   150K .......... .......... .......... .......... .......... 89% 75.2K 0s
   200K .......... .......... ..                              100% 43.1M=2.0s

226 Transfer complete.
2017-03-16 00:00:22 (111 KB/s) - ‘./domain/in-addr.arpa’ saved [228015]

Remote file is newer than local file ‘./domain/in-addr.arpa.gz’ -- retrieving.

--2017-03-16 00:00:22--  ftp://ftp.internic.net/domain/in-addr.arpa.gz
           => ‘./domain/in-addr.arpa.gz’
==> CWD not required.
--> PASV

227 Entering Passive Mode (192,0,32,9,42,159)
--> RETR in-addr.arpa.gz

150 Opening BINARY mode data connection for in-addr.arpa.gz (90406 bytes).
Length: 90406 (88K)

     0K .......... .......... .......... .......... .......... 56%  112K 0s
    50K .......... .......... .......... ........             100% 86.9K=0.9s

226 Transfer complete.
2017-03-16 00:00:24 (99.3 KB/s) - ‘./domain/in-addr.arpa.gz’ saved [90406]

Remote file is newer than local file ‘./domain/in-addr.arpa.gz.md5’ -- retrieving.

--2017-03-16 00:00:24--  ftp://ftp.internic.net/domain/in-addr.arpa.gz.md5
           => ‘./domain/in-addr.arpa.gz.md5’
==> CWD not required.
--> PASV

227 Entering Passive Mode (192,0,32,9,140,142)
--> RETR in-addr.arpa.gz.md5

150 Opening BINARY mode data connection for in-addr.arpa.gz.md5 (55 bytes).
Length: 55

     0K                                                       100%  475K=0s

226 Transfer complete.
2017-03-16 00:00:25 (475 KB/s) - ‘./domain/in-addr.arpa.gz.md5’ saved [55]

Remote file is newer than local file ‘./domain/in-addr.arpa.gz.sha256’ -- retrieving.

--2017-03-16 00:00:25--  ftp://ftp.internic.net/domain/in-addr.arpa.gz.sha256
           => ‘./domain/in-addr.arpa.gz.sha256’
==> CWD not required.
--> PASV

227 Entering Passive Mode (192,0,32,9,187,249)
--> RETR in-addr.arpa.gz.sha256

150 Opening BINARY mode data connection for in-addr.arpa.gz.sha256 (90 bytes).
Length: 90

     0K                                                       100%  792K=0s

226 Transfer complete.
2017-03-16 00:00:26 (792 KB/s) - ‘./domain/in-addr.arpa.gz.sha256’ saved [90]

Remote file is newer than local file ‘./domain/in-addr.arpa.md5’ -- retrieving.

--2017-03-16 00:00:26--  ftp://ftp.internic.net/domain/in-addr.arpa.md5
           => ‘./domain/in-addr.arpa.md5’
==> CWD not required.
--> PASV

227 Entering Passive Mode (192,0,32,9,101,58)
--> RETR in-addr.arpa.md5

150 Opening BINARY mode data connection for in-addr.arpa.md5 (52 bytes).
Length: 52

     0K                                                       100%  462K=0s

226 Transfer complete.
2017-03-16 00:00:26 (462 KB/s) - ‘./domain/in-addr.arpa.md5’ saved [52]

Remote file is newer than local file ‘./domain/in-addr.arpa.sha256’ -- retrieving.

--2017-03-16 00:00:26--  ftp://ftp.internic.net/domain/in-addr.arpa.sha256
           => ‘./domain/in-addr.arpa.sha256’
==> CWD not required.
--> PASV

227 Entering Passive Mode (192,0,32,9,41,134)
--> RETR in-addr.arpa.sha256

150 Opening BINARY mode data connection for in-addr.arpa.sha256 (87 bytes).
Length: 87

     0K                                                       100%  765K=0s

226 Transfer complete.
2017-03-16 00:00:27 (765 KB/s) - ‘./domain/in-addr.arpa.sha256’ saved [87]

Remote file is newer than local file ‘./domain/in-addr.arpa.zone’ -- retrieving.

--2017-03-16 00:00:27--  ftp://ftp.internic.net/domain/in-addr.arpa.zone
           => ‘./domain/in-addr.arpa.zone’
==> CWD not required.
--> PASV

227 Entering Passive Mode (192,0,32,9,184,234)
--> RETR in-addr.arpa.zone

150 Opening BINARY mode data connection for in-addr.arpa.zone (228015 bytes).
Length: 228015 (223K)

     0K .......... .......... .......... .......... .......... 22% 75.4K 2s
    50K .......... .......... .......... .......... .......... 44%  113K 1s
   100K .......... .......... .......... .......... .......... 67% 56.2K 1s
   150K .......... .......... .......... .......... .......... 89% 75.3K 0s
   200K .......... .......... ..                              100% 50.9K=3.1s

226 Transfer complete.
2017-03-16 00:00:31 (71.7 KB/s) - ‘./domain/in-addr.arpa.zone’ saved [228015]

Remote file is newer than local file ‘./domain/in-addr.arpa.zone.gz’ -- retrieving.

--2017-03-16 00:00:31--  ftp://ftp.internic.net/domain/in-addr.arpa.zone.gz
           => ‘./domain/in-addr.arpa.zone.gz’
==> CWD not required.
--> PASV

227 Entering Passive Mode (192,0,32,9,42,50)
--> RETR in-addr.arpa.zone.gz

150 Opening BINARY mode data connection for in-addr.arpa.zone.gz (90406 bytes).
Length: 90406 (88K)

     0K .......... .......... .......... .......... .......... 56% 77.5K 0s
    50K .......... .......... .......... ........             100% 87.7K=1.1s

226 Transfer complete.
2017-03-16 00:00:33 (81.6 KB/s) - ‘./domain/in-addr.arpa.zone.gz’ saved [90406]

Remote file is newer than local file ‘./domain/in-addr.arpa.zone.gz.md5’ -- retrieving.

--2017-03-16 00:00:33--  ftp://ftp.internic.net/domain/in-addr.arpa.zone.gz.md5
           => ‘./domain/in-addr.arpa.zone.gz.md5’
==> CWD not required.
--> PASV

227 Entering Passive Mode (192,0,32,9,21,215)
--> RETR in-addr.arpa.zone.gz.md5

150 Opening BINARY mode data connection for in-addr.arpa.zone.gz.md5 (60 bytes).
Length: 60

     0K                                                       100%  380K=0s

226 Transfer complete.
2017-03-16 00:00:34 (380 KB/s) - ‘./domain/in-addr.arpa.zone.gz.md5’ saved [60]

Remote file is newer than local file ‘./domain/in-addr.arpa.zone.gz.sha256’ -- retrieving.

--2017-03-16 00:00:34--  ftp://ftp.internic.net/domain/in-addr.arpa.zone.gz.sha256
           => ‘./domain/in-addr.arpa.zone.gz.sha256’
==> CWD not required.
--> PASV

227 Entering Passive Mode (192,0,32,9,37,112)
--> RETR in-addr.arpa.zone.gz.sha256

150 Opening BINARY mode data connection for in-addr.arpa.zone.gz.sha256 (95 bytes).
Length: 95

     0K                                                       100%  663K=0s

226 Transfer complete.
2017-03-16 00:00:35 (663 KB/s) - ‘./domain/in-addr.arpa.zone.gz.sha256’ saved [95]

Remote file is newer than local file ‘./domain/in-addr.arpa.zone.md5’ -- retrieving.

--2017-03-16 00:00:35--  ftp://ftp.internic.net/domain/in-addr.arpa.zone.md5
           => ‘./domain/in-addr.arpa.zone.md5’
==> CWD not required.
--> PASV

227 Entering Passive Mode (192,0,32,9,76,30)
--> RETR in-addr.arpa.zone.md5

150 Opening BINARY mode data connection for in-addr.arpa.zone.md5 (57 bytes).
Length: 57

     0K                                                       100%  369K=0s

226 Transfer complete.
2017-03-16 00:00:36 (369 KB/s) - ‘./domain/in-addr.arpa.zone.md5’ saved [57]

Remote file is newer than local file ‘./domain/in-addr.arpa.zone.sha256’ -- retrieving.

--2017-03-16 00:00:36--  ftp://ftp.internic.net/domain/in-addr.arpa.zone.sha256
           => ‘./domain/in-addr.arpa.zone.sha256’
==> CWD not required.
--> PASV

227 Entering Passive Mode (192,0,32,9,44,89)
--> RETR in-addr.arpa.zone.sha256

150 Opening BINARY mode data connection for in-addr.arpa.zone.sha256 (92 bytes).
Length: 92

     0K                                                       100%  809K=0s

226 Transfer complete.
2017-03-16 00:00:38 (809 KB/s) - ‘./domain/in-addr.arpa.zone.sha256’ saved [92]

Remote file is newer than local file ‘./domain/ip6.arpa’ -- retrieving.

--2017-03-16 00:00:38--  ftp://ftp.internic.net/domain/ip6.arpa
           => ‘./domain/ip6.arpa’
==> CWD not required.
--> PASV

227 Entering Passive Mode (192,0,32,9,41,204)
--> RETR ip6.arpa

150 Opening BINARY mode data connection for ip6.arpa (60746 bytes).
Length: 60746 (59K)

     0K .......... .......... .......... .......... .......... 84% 41.1K 0s
    50K .........                                             100% 30.5M=1.2s

226 Transfer complete.
2017-03-16 00:00:40 (48.7 KB/s) - ‘./domain/ip6.arpa’ saved [60746]

Remote file is newer than local file ‘./domain/ip6.arpa.gz’ -- retrieving.

--2017-03-16 00:00:40--  ftp://ftp.internic.net/domain/ip6.arpa.gz
           => ‘./domain/ip6.arpa.gz’
==> CWD not required.
--> PASV

227 Entering Passive Mode (192,0,32,9,8,231)
--> RETR ip6.arpa.gz

150 Opening BINARY mode data connection for ip6.arpa.gz (24337 bytes).
Length: 24337 (24K)

     0K .......... .......... ...                             100%  107K=0.2s

226 Transfer complete.
2017-03-16 00:00:41 (107 KB/s) - ‘./domain/ip6.arpa.gz’ saved [24337]

Remote file is newer than local file ‘./domain/ip6.arpa.gz.md5’ -- retrieving.

--2017-03-16 00:00:41--  ftp://ftp.internic.net/domain/ip6.arpa.gz.md5
           => ‘./domain/ip6.arpa.gz.md5’
==> CWD not required.
--> PASV

227 Entering Passive Mode (192,0,32,9,141,47)
--> RETR ip6.arpa.gz.md5

150 Opening BINARY mode data connection for ip6.arpa.gz.md5 (51 bytes).
Length: 51

     0K                                                       100%  449K=0s

226 Transfer complete.
2017-03-16 00:00:43 (449 KB/s) - ‘./domain/ip6.arpa.gz.md5’ saved [51]

Remote file is newer than local file ‘./domain/ip6.arpa.gz.sha256’ -- retrieving.

--2017-03-16 00:00:43--  ftp://ftp.internic.net/domain/ip6.arpa.gz.sha256
           => ‘./domain/ip6.arpa.gz.sha256’
==> CWD not required.
--> PASV

227 Entering Passive Mode (192,0,32,9,247,98)
--> RETR ip6.arpa.gz.sha256

150 Opening BINARY mode data connection for ip6.arpa.gz.sha256 (86 bytes).
Length: 86

     0K                                                       100%  542K=0s

226 Transfer complete.
2017-03-16 00:00:44 (542 KB/s) - ‘./domain/ip6.arpa.gz.sha256’ saved [86]

Remote file is newer than local file ‘./domain/ip6.arpa.md5’ -- retrieving.

--2017-03-16 00:00:44--  ftp://ftp.internic.net/domain/ip6.arpa.md5
           => ‘./domain/ip6.arpa.md5’
==> CWD not required.
--> PASV

227 Entering Passive Mode (192,0,32,9,70,3)
--> RETR ip6.arpa.md5

150 Opening BINARY mode data connection for ip6.arpa.md5 (48 bytes).
Length: 48

     0K                                                       100%  422K=0s

226 Transfer complete.
2017-03-16 00:00:45 (422 KB/s) - ‘./domain/ip6.arpa.md5’ saved [48]

Remote file is newer than local file ‘./domain/ip6.arpa.sha256’ -- retrieving.

--2017-03-16 00:00:45--  ftp://ftp.internic.net/domain/ip6.arpa.sha256
           => ‘./domain/ip6.arpa.sha256’
==> CWD not required.
--> PASV

227 Entering Passive Mode (192,0,32,9,122,168)
--> RETR ip6.arpa.sha256

150 Opening BINARY mode data connection for ip6.arpa.sha256 (83 bytes).
Length: 83

     0K                                                       100%  730K=0s

226 Transfer complete.
2017-03-16 00:00:45 (730 KB/s) - ‘./domain/ip6.arpa.sha256’ saved [83]

Remote file is newer than local file ‘./domain/ip6.arpa.zone’ -- retrieving.

--2017-03-16 00:00:45--  ftp://ftp.internic.net/domain/ip6.arpa.zone
           => ‘./domain/ip6.arpa.zone’
==> CWD not required.
--> PASV

227 Entering Passive Mode (192,0,32,9,132,220)
--> RETR ip6.arpa.zone

150 Opening BINARY mode data connection for ip6.arpa.zone (60746 bytes).
Length: 60746 (59K)

     0K .......... .......... .......... .......... .......... 84% 77.1K 0s
    50K .........                                             100% 19.2M=0.6s

226 Transfer complete.
2017-03-16 00:00:47 (91.4 KB/s) - ‘./domain/ip6.arpa.zone’ saved [60746]

Remote file is newer than local file ‘./domain/ip6.arpa.zone.gz’ -- retrieving.

--2017-03-16 00:00:47--  ftp://ftp.internic.net/domain/ip6.arpa.zone.gz
           => ‘./domain/ip6.arpa.zone.gz’
==> CWD not required.
--> PASV

227 Entering Passive Mode (192,0,32,9,196,86)
--> RETR ip6.arpa.zone.gz

150 Opening BINARY mode data connection for ip6.arpa.zone.gz (24337 bytes).
Length: 24337 (24K)

     0K .......... .......... ...                             100%  110K=0.2s

226 Transfer complete.
2017-03-16 00:00:48 (110 KB/s) - ‘./domain/ip6.arpa.zone.gz’ saved [24337]

Remote file is newer than local file ‘./domain/ip6.arpa.zone.gz.md5’ -- retrieving.

--2017-03-16 00:00:48--  ftp://ftp.internic.net/domain/ip6.arpa.zone.gz.md5
           => ‘./domain/ip6.arpa.zone.gz.md5’
==> CWD not required.
--> PASV

227 Entering Passive Mode (192,0,32,9,111,167)
--> RETR ip6.arpa.zone.gz.md5

150 Opening BINARY mode data connection for ip6.arpa.zone.gz.md5 (56 bytes).
Length: 56

     0K                                                       100%  372K=0s

226 Transfer complete.
2017-03-16 00:00:49 (372 KB/s) - ‘./domain/ip6.arpa.zone.gz.md5’ saved [56]

Remote file is newer than local file ‘./domain/ip6.arpa.zone.gz.sha256’ -- retrieving.

--2017-03-16 00:00:49--  ftp://ftp.internic.net/domain/ip6.arpa.zone.gz.sha256
           => ‘./domain/ip6.arpa.zone.gz.sha256’
==> CWD not required.
--> PASV

227 Entering Passive Mode (192,0,32,9,187,105)
--> RETR ip6.arpa.zone.gz.sha256

150 Opening BINARY mode data connection for ip6.arpa.zone.gz.sha256 (91 bytes).
Length: 91

     0K                                                       100%  581K=0s

226 Transfer complete.
2017-03-16 00:00:50 (581 KB/s) - ‘./domain/ip6.arpa.zone.gz.sha256’ saved [91]

Remote file is newer than local file ‘./domain/ip6.arpa.zone.md5’ -- retrieving.

--2017-03-16 00:00:50--  ftp://ftp.internic.net/domain/ip6.arpa.zone.md5
           => ‘./domain/ip6.arpa.zone.md5’
==> CWD not required.
--> PASV

227 Entering Passive Mode (192,0,32,9,40,186)
--> RETR ip6.arpa.zone.md5

150 Opening BINARY mode data connection for ip6.arpa.zone.md5 (53 bytes).
Length: 53

     0K                                                       100%  462K=0s

226 Transfer complete.
2017-03-16 00:00:51 (462 KB/s) - ‘./domain/ip6.arpa.zone.md5’ saved [53]

Remote file is newer than local file ‘./domain/ip6.arpa.zone.sha256’ -- retrieving.

--2017-03-16 00:00:51--  ftp://ftp.internic.net/domain/ip6.arpa.zone.sha256
           => ‘./domain/ip6.arpa.zone.sha256’
==> CWD not required.
--> PASV

227 Entering Passive Mode (192,0,32,9,159,58)
--> RETR ip6.arpa.zone.sha256

150 Opening BINARY mode data connection for ip6.arpa.zone.sha256 (88 bytes).
Length: 88

     0K                                                       100%  774K=0s

226 Transfer complete.
2017-03-16 00:00:52 (774 KB/s) - ‘./domain/ip6.arpa.zone.sha256’ saved [88]

Remote file is newer than local file ‘./domain/last_update.txt’ -- retrieving.

--2017-03-16 00:00:52--  ftp://ftp.internic.net/domain/last_update.txt
           => ‘./domain/last_update.txt’
==> CWD not required.
--> PASV

227 Entering Passive Mode (192,0,32,9,92,233)
--> RETR last_update.txt

150 Opening BINARY mode data connection for last_update.txt (21 bytes).
Length: 21

     0K                                                       100%  134K=0s

226 Transfer complete.
2017-03-16 00:00:53 (134 KB/s) - ‘./domain/last_update.txt’ saved [21]

Remote file no newer than local file ‘./domain/named.cache’ -- not retrieving.
Remote file no newer than local file ‘./domain/named.cache.md5’ -- not retrieving.
Remote file no newer than local file ‘./domain/named.cache.sig’ -- not retrieving.
Remote file no newer than local file ‘./domain/named.root’ -- not retrieving.
Remote file no newer than local file ‘./domain/named.root.md5’ -- not retrieving.
Remote file no newer than local file ‘./domain/named.root.sig’ -- not retrieving.
Remote file no newer than local file ‘./domain/root-servers.net.zone’ -- not retrieving.
Remote file no newer than local file ‘./domain/root-servers.net.zone.gz’ -- not retrieving.
Remote file no newer than local file ‘./domain/root-servers.net.zone.gz.md5’ -- not retrieving.
Remote file no newer than local file ‘./domain/root-servers.net.zone.gz.sig’ -- not retrieving.
Remote file is newer than local file ‘./domain/root.zone’ -- retrieving.

--2017-03-16 00:00:53--  ftp://ftp.internic.net/domain/root.zone
           => ‘./domain/root.zone’
==> CWD not required.
--> PASV

227 Entering Passive Mode (192,0,32,9,109,152)
--> RETR root.zone

150 Opening BINARY mode data connection for root.zone (2230823 bytes).
Length: 2230823 (2.1M)

     0K .......... .......... .......... .......... ..........  2% 76.1K 28s
    50K .......... .......... .......... .......... ..........  4% 57.4K 32s
   100K .......... .......... .......... .......... ..........  6% 76.5K 30s
   150K .......... .......... .......... .......... ..........  9% 32.8K 37s
   200K .......... .......... .......... .......... .......... 11% 76.2K 34s
   250K .......... .......... .......... .......... .......... 13% 76.4K 31s
   300K .......... .......... .......... .......... .......... 16% 76.1K 30s
   350K .......... .......... .......... .......... .......... 18% 76.1K 28s
   400K .......... .......... .......... .......... .......... 20% 57.3K 28s
   450K .......... .......... .......... .......... .......... 22% 76.4K 26s
   500K .......... .......... .......... .......... .......... 25% 76.3K 25s
   550K .......... .......... .......... .......... .......... 27% 46.0K 25s
   600K .......... .......... .......... .......... .......... 29%  115K 24s
   650K .......... .......... .......... .......... .......... 32% 76.6K 23s
   700K .......... .......... .......... .......... .......... 34% 45.9K 22s
   750K .......... .......... .......... .......... .......... 36% 57.6K 22s
   800K .......... .......... .......... .......... .......... 39% 45.8K 21s
   850K .......... .......... .......... .......... .......... 41% 48.8K 21s
   900K .......... .......... .......... .......... .......... 43% 53.2K 20s
   950K .......... .......... .......... .......... .......... 45% 45.8K 20s
  1000K .......... .......... .......... .......... .......... 48% 58.2K 19s
  1050K .......... .......... .......... .......... .......... 50% 57.3K 18s
  1100K .......... .......... .......... .......... .......... 52% 57.4K 17s
  1150K .......... .......... .......... .......... .......... 55% 45.9K 17s
  1200K .......... .......... .......... .......... .......... 57% 38.2K 16s
  1250K .......... .......... .......... .......... .......... 59% 26.0K 16s
  1300K .......... .......... .......... .......... .......... 61% 32.0K 16s
  1350K .......... .......... .......... .......... .......... 64% 32.9K 15s
  1400K .......... .......... .......... .......... .......... 66% 38.1K 14s
  1450K .......... .......... .......... .......... .......... 68% 32.8K 13s
  1500K .......... .......... .......... .......... .......... 71% 46.2K 12s
  1550K .......... .......... .......... .......... .......... 73% 38.2K 12s
  1600K .......... .......... .......... .......... .......... 75% 57.2K 11s
  1650K .......... .......... .......... .......... .......... 78% 33.1K 10s
  1700K .......... .......... .......... .......... .......... 80% 56.4K 9s
  1750K .......... .......... .......... .......... .......... 82% 33.0K 8s
  1800K .......... .......... .......... .......... .......... 84% 33.0K 7s
  1850K .......... .......... .......... .......... .......... 87% 45.9K 6s
  1900K .......... .......... .......... .......... .......... 89% 45.9K 5s
  1950K .......... .......... .......... .......... .......... 91% 45.9K 4s
  2000K .......... .......... .......... .......... .......... 94% 45.9K 3s
  2050K .......... .......... .......... .......... .......... 96% 32.7K 2s
  2100K .......... .......... .......... .......... .......... 98% 41.9K 1s
  2150K .......... .......... ........                        100% 11.3K=48s

226 Transfer complete.
2017-03-16 00:01:41 (45.4 KB/s) - ‘./domain/root.zone’ saved [2230823]

The sizes do not match (local 1047782) -- retrieving.

--2017-03-16 00:01:41--  ftp://ftp.internic.net/domain/root.zone.gz
           => ‘./domain/root.zone.gz’
==> CWD not required.
--> PASV

227 Entering Passive Mode (192,0,32,9,41,118)
--> RETR root.zone.gz

150 Opening BINARY mode data connection for root.zone.gz (1047730 bytes).
Length: 1047730 (1023K)

     0K .......... .......... .......... .......... ..........  4% 76.2K 13s
    50K .......... .......... .......... .......... ..........  9% 38.3K 18s
   100K .......... .......... .......... .......... .......... 14% 45.8K 18s
   150K .......... .......... .......... .......... .......... 19% 45.8K 17s
   200K .......... .......... .......... .......... .......... 24% 36.5K 17s
   250K .......... .......... .......... .......... .......... 29% 34.3K 17s
   300K .......... .......... .......... .......... .......... 34% 28.7K 17s
   350K .......... .......... .......... .......... .......... 39% 35.2K 16s
   400K .......... .......... .......... .......... .......... 43% 41.9K 14s
   450K .......... .......... .......... .......... .......... 48% 91.0K 12s
   500K .......... .......... .......... .......... .......... 53% 92.2K 11s
   550K .......... .......... .......... .......... .......... 58%  151K 9s
   600K .......... .......... .......... .......... .......... 63%  153K 8s
   650K .......... .......... .......... .......... .......... 68%  150K 6s
   700K .......... .......... .......... .......... .......... 73%  115K 5s
   750K .......... .......... .......... .......... .......... 78%  226K 4s
   800K .......... .......... .......... .......... .......... 83%  156K 3s
   850K .......... .......... .......... .......... .......... 87% 90.6K 2s
   900K .......... .......... .......... .......... .......... 92% 92.8K 1s
   950K .......... .......... .......... .......... .......... 97% 89.7K 0s
  1000K .......... .......... ...                             100% 14.8K=18s

226 Transfer complete.
2017-03-16 00:02:00 (58.1 KB/s) - ‘./domain/root.zone.gz’ saved [1047730]

Remote file is newer than local file ‘./domain/root.zone.gz.md5’ -- retrieving.

--2017-03-16 00:02:00--  ftp://ftp.internic.net/domain/root.zone.gz.md5
           => ‘./domain/root.zone.gz.md5’
==> CWD not required.
--> PASV

227 Entering Passive Mode (192,0,32,9,233,65)
--> RETR root.zone.gz.md5

150 Opening BINARY mode data connection for root.zone.gz.md5 (33 bytes).
Length: 33

     0K                                                       100%  290K=0s

226 Transfer complete.
2017-03-16 00:02:01 (290 KB/s) - ‘./domain/root.zone.gz.md5’ saved [33]

Remote file is newer than local file ‘./domain/root.zone.gz.sig’ -- retrieving.

--2017-03-16 00:02:01--  ftp://ftp.internic.net/domain/root.zone.gz.sig
           => ‘./domain/root.zone.gz.sig’
==> CWD not required.
--> PASV

227 Entering Passive Mode (192,0,32,9,41,118)
--> RETR root.zone.gz.sig

150 Opening BINARY mode data connection for root.zone.gz.sig (72 bytes).
Length: 72

     0K                                                       100%  633K=0s

226 Transfer complete.
2017-03-16 00:02:02 (633 KB/s) - ‘./domain/root.zone.gz.sig’ saved [72]

Remote file is newer than local file ‘./domain/root.zone.md5’ -- retrieving.

--2017-03-16 00:02:02--  ftp://ftp.internic.net/domain/root.zone.md5
           => ‘./domain/root.zone.md5’
==> CWD not required.
--> PASV

227 Entering Passive Mode (192,0,32,9,41,76)
--> RETR root.zone.md5

150 Opening BINARY mode data connection for root.zone.md5 (33 bytes).
Length: 33

     0K                                                       100%  216K=0s

226 Transfer complete.
2017-03-16 00:02:03 (216 KB/s) - ‘./domain/root.zone.md5’ saved [33]

Remote file is newer than local file ‘./domain/root.zone.sig’ -- retrieving.

--2017-03-16 00:02:03--  ftp://ftp.internic.net/domain/root.zone.sig
           => ‘./domain/root.zone.sig’
==> CWD not required.
--> PASV

227 Entering Passive Mode (192,0,32,9,41,70)
--> RETR root.zone.sig

150 Opening BINARY mode data connection for root.zone.sig (72 bytes).
Length: 72

     0K                                                       100%  364K=0s

226 Transfer complete.
2017-03-16 00:02:03 (364 KB/s) - ‘./domain/root.zone.sig’ saved [72]

FINISHED --2017-03-16 00:02:03--
Total wall clock time: 2m 0s
Downloaded: 40 files, 3.9M in 1m 16s (53.0 KB/s)
